[rosmaster.main][INFO] 2012-12-14 21:12:26,309: initialization complete, waiting for shutdown
[rosmaster.main][INFO] 2012-12-14 21:12:26,310: Starting ROS Master Node
[xmlrpc][INFO] 2012-12-14 21:12:26,311: XML-RPC server binding to 0.0.0.0
[xmlrpc][INFO] 2012-12-14 21:12:26,312: Started XML-RPC server [http://pc:11311/]
[rosmaster.master][INFO] 2012-12-14 21:12:26,313: Master initialized: port[11311], uri[http://pc:11311/]
[xmlrpc][INFO] 2012-12-14 21:12:26,313: xml rpc node: starting XML-RPC server
[rosmaster.master][INFO] 2012-12-14 21:12:26,341: +PARAM [/run_id] by /roslaunch
[rosmaster.master][INFO] 2012-12-14 21:12:26,345: +PARAM [/roslaunch/uris/host_pc__36885] by /roslaunch
[rosmaster.master][INFO] 2012-12-14 21:12:26,374: +PARAM [/rosdistro] by /roslaunch
[rosmaster.master][INFO] 2012-12-14 21:12:26,374: +PARAM [/camera/driver/rgb_frame_id] by /roslaunch
[rosmaster.master][INFO] 2012-12-14 21:12:26,374: +PARAM [/camera/disparity_depth_registered/min_range] by /roslaunch
[rosmaster.master][INFO] 2012-12-14 21:12:26,374: +PARAM [/camera/driver/rgb_camera_info_url] by /roslaunch
[rosmaster.master][INFO] 2012-12-14 21:12:26,374: +PARAM [/camera/depth_registered/rectify_depth/interpolation] by /roslaunch
[rosmaster.master][INFO] 2012-12-14 21:12:26,375: +PARAM [/camera/driver/depth_frame_id] by /roslaunch
[rosmaster.master][INFO] 2012-12-14 21:12:26,375: +PARAM [/camera/depth/rectify_depth/interpolation] by /roslaunch
[rosmaster.master][INFO] 2012-12-14 21:12:26,375: +PARAM [/camera/disparity_depth/max_range] by /roslaunch
[rosmaster.master][INFO] 2012-12-14 21:12:26,375: +PARAM [/rosversion] by /roslaunch
[rosmaster.master][INFO] 2012-12-14 21:12:26,375: +PARAM [/camera/driver/device_id] by /roslaunch
[rosmaster.master][INFO] 2012-12-14 21:12:26,375: +PARAM [/camera/driver/depth_camera_info_url] by /roslaunch
[rosmaster.master][INFO] 2012-12-14 21:12:26,375: +PARAM [/camera/disparity_depth/min_range] by /roslaunch
[rosmaster.master][INFO] 2012-12-14 21:12:26,375: +PARAM [/camera/disparity_depth_registered/max_range] by /roslaunch
[rosmaster.master][INFO] 2012-12-14 21:12:26,382: +SERVICE [/rosout/get_loggers] /rosout http://pc:45153/
[rosmaster.master][INFO] 2012-12-14 21:12:26,384: +SERVICE [/rosout/set_logger_level] /rosout http://pc:45153/
[rosmaster.master][INFO] 2012-12-14 21:12:26,389: +PUB [/rosout_agg] /rosout http://pc:45153/
[rosmaster.master][INFO] 2012-12-14 21:12:26,390: +SUB [/rosout] /rosout http://pc:45153/
[rosmaster.master][INFO] 2012-12-14 21:12:26,419: +PUB [/rosout] /camera/driver http://pc:49984/
[rosmaster.master][INFO] 2012-12-14 21:12:26,421: +SERVICE [/camera/driver/get_loggers] /camera/driver http://pc:49984/
[rosmaster.master][INFO] 2012-12-14 21:12:26,423: +PUB [/rosout] /camera/rgb/debayer http://pc:42101/
[rosmaster.master][INFO] 2012-12-14 21:12:26,423: +SERVICE [/camera/driver/set_logger_level] /camera/driver http://pc:49984/
[rosmaster.master][INFO] 2012-12-14 21:12:26,425: +SERVICE [/camera/rgb/debayer/get_loggers] /camera/rgb/debayer http://pc:42101/
[rosmaster.master][INFO] 2012-12-14 21:12:26,431: +SERVICE [/camera/rgb/debayer/set_logger_level] /camera/rgb/debayer http://pc:42101/
[rosmaster.master][INFO] 2012-12-14 21:12:26,435: +PARAM [/camera/driver] by /camera/driver
[rosmaster.master][INFO] 2012-12-14 21:12:26,436: +PUB [/rosout] /camera/rgb/rectify_mono http://pc:50115/
[rosmaster.master][INFO] 2012-12-14 21:12:26,446: +SERVICE [/camera/rgb/rectify_mono/get_loggers] /camera/rgb/rectify_mono http://pc:50115/
[rosmaster.master][INFO] 2012-12-14 21:12:26,459: +PUB [/rosout] /camera/rgb/rectify_color http://pc:54069/
[rosmaster.master][INFO] 2012-12-14 21:12:26,462: +SERVICE [/camera/rgb/rectify_mono/set_logger_level] /camera/rgb/rectify_mono http://pc:50115/
[rosmaster.master][INFO] 2012-12-14 21:12:26,465: +PUB [/rosout] /camera/ir/rectify_ir http://pc:43538/
[rosmaster.master][INFO] 2012-12-14 21:12:26,466: +SERVICE [/camera/rgb/rectify_color/get_loggers] /camera/rgb/rectify_color http://pc:54069/
[rosmaster.master][INFO] 2012-12-14 21:12:26,472: +SERVICE [/camera/ir/rectify_ir/get_loggers] /camera/ir/rectify_ir http://pc:43538/
[rosmaster.master][INFO] 2012-12-14 21:12:26,475: +SERVICE [/camera/rgb/rectify_color/set_logger_level] /camera/rgb/rectify_color http://pc:54069/
[rosmaster.master][INFO] 2012-12-14 21:12:26,478: +PUB [/rosout] /camera/depth/rectify_depth http://pc:34563/
[rosmaster.master][INFO] 2012-12-14 21:12:26,480: +SERVICE [/camera/ir/rectify_ir/set_logger_level] /camera/ir/rectify_ir http://pc:43538/
[rosmaster.master][INFO] 2012-12-14 21:12:26,485: +SERVICE [/camera/depth/rectify_depth/get_loggers] /camera/depth/rectify_depth http://pc:34563/
[rosmaster.master][INFO] 2012-12-14 21:12:26,493: +SERVICE [/camera/depth/rectify_depth/set_logger_level] /camera/depth/rectify_depth http://pc:34563/
[rosmaster.master][INFO] 2012-12-14 21:12:26,499: +PUB [/rosout] /camera/depth/metric_rect http://pc:59214/
[rosmaster.master][INFO] 2012-12-14 21:12:26,511: publisherUpdate[/rosout] -> http://pc:45153/
[rosmaster.master][INFO] 2012-12-14 21:12:26,515: publisherUpdate[/rosout] -> http://pc:45153/
[rosmaster.master][INFO] 2012-12-14 21:12:26,516: publisherUpdate[/rosout] -> http://pc:45153/
[rosmaster.master][INFO] 2012-12-14 21:12:26,517: publisherUpdate[/rosout] -> http://pc:45153/
[rosmaster.master][INFO] 2012-12-14 21:12:26,519: publisherUpdate[/rosout] -> http://pc:45153/
[rosmaster.master][INFO] 2012-12-14 21:12:26,520: publisherUpdate[/rosout] -> http://pc:45153/
[rosmaster.master][INFO] 2012-12-14 21:12:26,521: publisherUpdate[/rosout] -> http://pc:45153/
[rosmaster.master][INFO] 2012-12-14 21:12:26,524: +SERVICE [/camera/depth/metric_rect/get_loggers] /camera/depth/metric_rect http://pc:59214/
[rosmaster.master][INFO] 2012-12-14 21:12:26,525: +PUB [/rosout] /camera/depth/metric http://pc:49844/
[rosmaster.master][INFO] 2012-12-14 21:12:26,534: +SERVICE [/camera/depth/metric_rect/set_logger_level] /camera/depth/metric_rect http://pc:59214/
[rosmaster.master][INFO] 2012-12-14 21:12:26,536: +PARAM [/camera/depth/rectify_depth] by /camera/depth/rectify_depth
[rosmaster.master][INFO] 2012-12-14 21:12:26,538: +PUB [/rosout] /camera/depth/points http://pc:57814/
[rosmaster.master][INFO] 2012-12-14 21:12:26,550: +SERVICE [/camera/depth/points/get_loggers] /camera/depth/points http://pc:57814/
[rosmaster.master][INFO] 2012-12-14 21:12:26,557: +SERVICE [/camera/depth/points/set_logger_level] /camera/depth/points http://pc:57814/
[rosmaster.master][INFO] 2012-12-14 21:12:26,563: +PUB [/rosout] /camera/depth_registered/rectify_depth http://pc:33483/
[rosmaster.master][INFO] 2012-12-14 21:12:26,564: +PUB [/rosout] /camera/depth_registered/metric_rect http://pc:41610/
[rosmaster.master][INFO] 2012-12-14 21:12:26,576: +SERVICE [/camera/depth_registered/rectify_depth/get_loggers] /camera/depth_registered/rectify_depth http://pc:33483/
[rosmaster.master][INFO] 2012-12-14 21:12:26,579: +SERVICE [/camera/depth_registered/metric_rect/get_loggers] /camera/depth_registered/metric_rect http://pc:41610/
[rosmaster.master][INFO] 2012-12-14 21:12:26,586: +SERVICE [/camera/depth_registered/rectify_depth/set_logger_level] /camera/depth_registered/rectify_depth http://pc:33483/
[rosmaster.master][INFO] 2012-12-14 21:12:26,587: +SERVICE [/camera/depth_registered/metric_rect/set_logger_level] /camera/depth_registered/metric_rect http://pc:41610/
[rosmaster.master][INFO] 2012-12-14 21:12:26,590: +PUB [/rosout] /camera/points_xyzrgb_depth_rgb http://pc:36305/
[rosmaster.master][INFO] 2012-12-14 21:12:26,597: +SERVICE [/camera/points_xyzrgb_depth_rgb/get_loggers] /camera/points_xyzrgb_depth_rgb http://pc:36305/
[rosmaster.master][INFO] 2012-12-14 21:12:26,606: +SERVICE [/camera/points_xyzrgb_depth_rgb/set_logger_level] /camera/points_xyzrgb_depth_rgb http://pc:36305/
[rosmaster.master][INFO] 2012-12-14 21:12:26,607: +PUB [/rosout] /camera/disparity_depth_registered http://pc:56415/
[rosmaster.master][INFO] 2012-12-14 21:12:26,611: +PUB [/rosout] /camera/disparity_depth http://pc:34128/
[rosmaster.master][INFO] 2012-12-14 21:12:26,614: publisherUpdate[/rosout] -> http://pc:45153/
[rosmaster.master][INFO] 2012-12-14 21:12:26,616: publisherUpdate[/rosout] -> http://pc:45153/
[rosmaster.master][INFO] 2012-12-14 21:12:26,617: publisherUpdate[/rosout] -> http://pc:45153/
[rosmaster.master][INFO] 2012-12-14 21:12:26,618: publisherUpdate[/rosout] -> http://pc:45153/
[rosmaster.master][INFO] 2012-12-14 21:12:26,620: publisherUpdate[/rosout] -> http://pc:45153/
[rosmaster.master][INFO] 2012-12-14 21:12:26,621: publisherUpdate[/rosout] -> http://pc:45153/
[rosmaster.master][INFO] 2012-12-14 21:12:26,626: publisherUpdate[/rosout] -> http://pc:45153/
[rosmaster.master][INFO] 2012-12-14 21:12:26,630: +SERVICE [/camera/disparity_depth/get_loggers] /camera/disparity_depth http://pc:34128/
[rosmaster.master][INFO] 2012-12-14 21:12:26,637: +PUB [/rosout] /camera_base_link http://pc:50238/
[rosmaster.master][INFO] 2012-12-14 21:12:26,645: +SERVICE [/camera/disparity_depth/set_logger_level] /camera/disparity_depth http://pc:34128/
[rosmaster.master][INFO] 2012-12-14 21:12:26,649: +SERVICE [/camera_base_link/get_loggers] /camera_base_link http://pc:50238/
[rosmaster.master][INFO] 2012-12-14 21:12:26,657: +PUB [/rosout] /camera_base_link2 http://pc:49675/
[rosmaster.master][INFO] 2012-12-14 21:12:26,662: +SERVICE [/camera_base_link/set_logger_level] /camera_base_link http://pc:50238/
[rosmaster.master][INFO] 2012-12-14 21:12:26,663: +PUB [/rosout] /camera_base_link3 http://pc:52690/
[rosmaster.master][INFO] 2012-12-14 21:12:26,666: +SERVICE [/camera_base_link2/get_loggers] /camera_base_link2 http://pc:49675/
[rosmaster.master][INFO] 2012-12-14 21:12:26,678: +SERVICE [/camera_base_link3/get_loggers] /camera_base_link3 http://pc:52690/
[rosmaster.master][INFO] 2012-12-14 21:12:26,682: +PARAM [/camera/disparity_depth] by /camera/disparity_depth
[rosmaster.master][INFO] 2012-12-14 21:12:26,683: +SERVICE [/camera_base_link2/set_logger_level] /camera_base_link2 http://pc:49675/
[rosmaster.master][INFO] 2012-12-14 21:12:26,685: +PUB [/tf] /camera_base_link http://pc:50238/
[rosmaster.master][INFO] 2012-12-14 21:12:26,686: +SERVICE [/camera_base_link3/set_logger_level] /camera_base_link3 http://pc:52690/
[rosmaster.master][INFO] 2012-12-14 21:12:26,703: +PUB [/tf] /camera_base_link2 http://pc:49675/
[rosmaster.master][INFO] 2012-12-14 21:12:26,705: +PUB [/tf] /camera_base_link3 http://pc:52690/
[rosmaster.master][INFO] 2012-12-14 21:12:26,715: publisherUpdate[/rosout] -> http://pc:45153/
[rosmaster.master][INFO] 2012-12-14 21:12:26,720: publisherUpdate[/rosout] -> http://pc:45153/
[rosmaster.master][INFO] 2012-12-14 21:12:26,722: +PUB [/rosout] /camera_nodelet_manager http://pc:51220/
[rosmaster.master][INFO] 2012-12-14 21:12:26,724: +SERVICE [/camera_nodelet_manager/get_loggers] /camera_nodelet_manager http://pc:51220/
[rosmaster.master][INFO] 2012-12-14 21:12:26,725: +SERVICE [/camera_nodelet_manager/set_logger_level] /camera_nodelet_manager http://pc:51220/
[rosmaster.master][INFO] 2012-12-14 21:12:26,731: +SERVICE [/camera_nodelet_manager/load_nodelet] /camera_nodelet_manager http://pc:51220/
[rosmaster.master][INFO] 2012-12-14 21:12:26,732: publisherUpdate[/rosout] -> http://pc:45153/
[rosmaster.master][INFO] 2012-12-14 21:12:26,734: publisherUpdate[/rosout] -> http://pc:45153/
[rosmaster.master][INFO] 2012-12-14 21:12:26,738: +SERVICE [/camera_nodelet_manager/unload_nodelet] /camera_nodelet_manager http://pc:51220/
[rosmaster.master][INFO] 2012-12-14 21:12:26,746: +SERVICE [/camera_nodelet_manager/list] /camera_nodelet_manager http://pc:51220/
[rosmaster.master][INFO] 2012-12-14 21:12:26,748: +SERVICE [/camera/depth/metric/get_loggers] /camera/depth/metric http://pc:49844/
[rosmaster.master][INFO] 2012-12-14 21:12:26,753: +SERVICE [/camera/depth/metric/set_logger_level] /camera/depth/metric http://pc:49844/
[rosmaster.master][INFO] 2012-12-14 21:12:26,763: +PUB [/rosout] /camera/register_depth_rgb http://pc:46220/
[rosmaster.master][INFO] 2012-12-14 21:12:26,767: +SERVICE [/camera/register_depth_rgb/get_loggers] /camera/register_depth_rgb http://pc:46220/
[rosmaster.master][INFO] 2012-12-14 21:12:26,779: +SERVICE [/camera/register_depth_rgb/set_logger_level] /camera/register_depth_rgb http://pc:46220/
[rosmaster.master][INFO] 2012-12-14 21:12:26,824: publisherUpdate[/rosout] -> http://pc:45153/
[rosmaster.master][INFO] 2012-12-14 21:12:27,028: +SERVICE [/camera/rgb/rectify_color/set_parameters] /camera_nodelet_manager http://pc:51220/
[rosmaster.master][INFO] 2012-12-14 21:12:27,030: +PUB [/camera/rgb/rectify_color/parameter_descriptions] /camera_nodelet_manager http://pc:51220/
[rosmaster.master][INFO] 2012-12-14 21:12:27,031: +PUB [/camera/rgb/rectify_color/parameter_updates] /camera_nodelet_manager http://pc:51220/
[rosmaster.master][INFO] 2012-12-14 21:12:27,033: +PARAM [/camera/rgb/rectify_color/interpolation] by /camera_nodelet_manager
[rosmaster.master][INFO] 2012-12-14 21:12:27,037: +PUB [/camera/rgb/image_rect_color/compressed] /camera_nodelet_manager http://pc:51220/
[rosmaster.master][INFO] 2012-12-14 21:12:27,038: +SERVICE [/camera/rgb/image_rect_color/compressed/set_parameters] /camera_nodelet_manager http://pc:51220/
[rosmaster.master][INFO] 2012-12-14 21:12:27,039: +PUB [/camera/rgb/image_rect_color/compressed/parameter_descriptions] /camera_nodelet_manager http://pc:51220/
[rosmaster.master][INFO] 2012-12-14 21:12:27,040: +PUB [/camera/rgb/image_rect_color/compressed/parameter_updates] /camera_nodelet_manager http://pc:51220/
[rosmaster.master][INFO] 2012-12-14 21:12:27,043: +PARAM [/camera/rgb/image_rect_color/compressed/format] by /camera_nodelet_manager
[rosmaster.master][INFO] 2012-12-14 21:12:27,044: +PARAM [/camera/rgb/image_rect_color/compressed/jpeg_quality] by /camera_nodelet_manager
[rosmaster.master][INFO] 2012-12-14 21:12:27,046: +PARAM [/camera/rgb/image_rect_color/compressed/png_level] by /camera_nodelet_manager
[rosmaster.master][INFO] 2012-12-14 21:12:27,047: +PUB [/camera/rgb/image_rect_color] /camera_nodelet_manager http://pc:51220/
[rosmaster.master][INFO] 2012-12-14 21:12:27,050: +PUB [/camera/rgb/image_rect_color/theora] /camera_nodelet_manager http://pc:51220/
[rosmaster.master][INFO] 2012-12-14 21:12:27,051: +SERVICE [/camera/rgb/image_rect_color/theora/set_parameters] /camera_nodelet_manager http://pc:51220/
[rosmaster.master][INFO] 2012-12-14 21:12:27,052: +PUB [/camera/rgb/image_rect_color/theora/parameter_descriptions] /camera_nodelet_manager http://pc:51220/
[rosmaster.master][INFO] 2012-12-14 21:12:27,053: +PUB [/camera/rgb/image_rect_color/theora/parameter_updates] /camera_nodelet_manager http://pc:51220/
[rosmaster.master][INFO] 2012-12-14 21:12:27,058: +PARAM [/camera/rgb/image_rect_color/theora/optimize_for] by /camera_nodelet_manager
[rosmaster.master][INFO] 2012-12-14 21:12:27,059: +PARAM [/camera/rgb/image_rect_color/theora/target_bitrate] by /camera_nodelet_manager
[rosmaster.master][INFO] 2012-12-14 21:12:27,060: +PARAM [/camera/rgb/image_rect_color/theora/quality] by /camera_nodelet_manager
[rosmaster.master][INFO] 2012-12-14 21:12:27,061: +PARAM [/camera/rgb/image_rect_color/theora/keyframe_frequency] by /camera_nodelet_manager
[rosmaster.master][INFO] 2012-12-14 21:12:27,071: +PUB [/rosout] /set_dr http://pc:36388/
[rosmaster.master][INFO] 2012-12-14 21:12:27,126: publisherUpdate[/rosout] -> http://pc:45153/
[rosmaster.master][INFO] 2012-12-14 21:12:27,287: +SERVICE [/camera/ir/rectify_ir/set_parameters] /camera_nodelet_manager http://pc:51220/
[rosmaster.master][INFO] 2012-12-14 21:12:27,288: +PUB [/camera/ir/rectify_ir/parameter_descriptions] /camera_nodelet_manager http://pc:51220/
[rosmaster.master][INFO] 2012-12-14 21:12:27,289: +PUB [/camera/ir/rectify_ir/parameter_updates] /camera_nodelet_manager http://pc:51220/
[rosmaster.master][INFO] 2012-12-14 21:12:27,291: +PARAM [/camera/ir/rectify_ir/interpolation] by /camera_nodelet_manager
[rosmaster.master][INFO] 2012-12-14 21:12:27,292: +PUB [/camera/ir/image_rect/compressed] /camera_nodelet_manager http://pc:51220/
[rosmaster.master][INFO] 2012-12-14 21:12:27,293: +SERVICE [/camera/ir/image_rect/compressed/set_parameters] /camera_nodelet_manager http://pc:51220/
[rosmaster.master][INFO] 2012-12-14 21:12:27,294: +PUB [/camera/ir/image_rect/compressed/parameter_descriptions] /camera_nodelet_manager http://pc:51220/
[rosmaster.master][INFO] 2012-12-14 21:12:27,295: +PUB [/camera/ir/image_rect/compressed/parameter_updates] /camera_nodelet_manager http://pc:51220/
[rosmaster.master][INFO] 2012-12-14 21:12:27,298: +PARAM [/camera/ir/image_rect/compressed/format] by /camera_nodelet_manager
[rosmaster.master][INFO] 2012-12-14 21:12:27,299: +PARAM [/camera/ir/image_rect/compressed/jpeg_quality] by /camera_nodelet_manager
[rosmaster.master][INFO] 2012-12-14 21:12:27,299: +PARAM [/camera/ir/image_rect/compressed/png_level] by /camera_nodelet_manager
[rosmaster.master][INFO] 2012-12-14 21:12:27,301: +PUB [/camera/ir/image_rect] /camera_nodelet_manager http://pc:51220/
[rosmaster.master][INFO] 2012-12-14 21:12:27,302: +PUB [/camera/ir/image_rect/theora] /camera_nodelet_manager http://pc:51220/
[rosmaster.master][INFO] 2012-12-14 21:12:27,303: +SERVICE [/camera/ir/image_rect/theora/set_parameters] /camera_nodelet_manager http://pc:51220/
[rosmaster.master][INFO] 2012-12-14 21:12:27,303: +PUB [/camera/ir/image_rect/theora/parameter_descriptions] /camera_nodelet_manager http://pc:51220/
[rosmaster.master][INFO] 2012-12-14 21:12:27,304: +PUB [/camera/ir/image_rect/theora/parameter_updates] /camera_nodelet_manager http://pc:51220/
[rosmaster.master][INFO] 2012-12-14 21:12:27,309: +PARAM [/camera/ir/image_rect/theora/optimize_for] by /camera_nodelet_manager
[rosmaster.master][INFO] 2012-12-14 21:12:27,309: +PARAM [/camera/ir/image_rect/theora/target_bitrate] by /camera_nodelet_manager
[rosmaster.master][INFO] 2012-12-14 21:12:27,310: +PARAM [/camera/ir/image_rect/theora/quality] by /camera_nodelet_manager
[rosmaster.master][INFO] 2012-12-14 21:12:27,311: +PARAM [/camera/ir/image_rect/theora/keyframe_frequency] by /camera_nodelet_manager
[rosmaster.master][INFO] 2012-12-14 21:12:27,481: +PUB [/rosout] /depth_detection http://pc:59115/
[rosmaster.master][INFO] 2012-12-14 21:12:27,510: +SUB [/camera/depth_registered/image_rect] /depth_detection http://pc:59115/
[rosmaster.master][INFO] 2012-12-14 21:12:27,512: +SUB [/camera/rgb/image_rect_color] /depth_detection http://pc:59115/
[rosmaster.master][INFO] 2012-12-14 21:12:27,526: +SUB [/camera/rgb/image_color] /camera_nodelet_manager http://pc:51220/
[rosmaster.master][INFO] 2012-12-14 21:12:27,528: +SUB [/camera/rgb/camera_info] /camera_nodelet_manager http://pc:51220/
[rosmaster.master][INFO] 2012-12-14 21:12:27,529: publisherUpdate[/rosout] -> http://pc:45153/
[rosmaster.master][INFO] 2012-12-14 21:12:27,573: +PUB [/camera/depth/disparity] /camera_nodelet_manager http://pc:51220/
[rosmaster.master][INFO] 2012-12-14 21:12:28,116: +PUB [/camera/depth_registered/points] /camera_nodelet_manager http://pc:51220/
[rosmaster.master][INFO] 2012-12-14 21:12:28,375: +PUB [/camera/depth/image/compressed] /camera_nodelet_manager http://pc:51220/
[rosmaster.master][INFO] 2012-12-14 21:12:28,378: +SERVICE [/camera/depth/image/compressed/set_parameters] /camera_nodelet_manager http://pc:51220/
[rosmaster.master][INFO] 2012-12-14 21:12:28,380: +PUB [/camera/depth/image/compressed/parameter_descriptions] /camera_nodelet_manager http://pc:51220/
[rosmaster.master][INFO] 2012-12-14 21:12:28,382: +PUB [/camera/depth/image/compressed/parameter_updates] /camera_nodelet_manager http://pc:51220/
[rosmaster.master][INFO] 2012-12-14 21:12:28,389: +PARAM [/camera/depth/image/compressed/format] by /camera_nodelet_manager
[rosmaster.master][INFO] 2012-12-14 21:12:28,391: +PARAM [/camera/depth/image/compressed/jpeg_quality] by /camera_nodelet_manager
[rosmaster.master][INFO] 2012-12-14 21:12:28,394: +PARAM [/camera/depth/image/compressed/png_level] by /camera_nodelet_manager
[rosmaster.master][INFO] 2012-12-14 21:12:28,396: +PUB [/camera/depth/image] /camera_nodelet_manager http://pc:51220/
[rosmaster.master][INFO] 2012-12-14 21:12:28,399: +PUB [/camera/depth/image/theora] /camera_nodelet_manager http://pc:51220/
[rosmaster.master][INFO] 2012-12-14 21:12:28,402: +SERVICE [/camera/depth/image/theora/set_parameters] /camera_nodelet_manager http://pc:51220/
[rosmaster.master][INFO] 2012-12-14 21:12:28,404: +PUB [/camera/depth/image/theora/parameter_descriptions] /camera_nodelet_manager http://pc:51220/
[rosmaster.master][INFO] 2012-12-14 21:12:28,406: +PUB [/camera/depth/image/theora/parameter_updates] /camera_nodelet_manager http://pc:51220/
[rosmaster.master][INFO] 2012-12-14 21:12:28,416: +PARAM [/camera/depth/image/theora/optimize_for] by /camera_nodelet_manager
[rosmaster.master][INFO] 2012-12-14 21:12:28,418: +PARAM [/camera/depth/image/theora/target_bitrate] by /camera_nodelet_manager
[rosmaster.master][INFO] 2012-12-14 21:12:28,420: +PARAM [/camera/depth/image/theora/quality] by /camera_nodelet_manager
[rosmaster.master][INFO] 2012-12-14 21:12:28,422: +PARAM [/camera/depth/image/theora/keyframe_frequency] by /camera_nodelet_manager
[rosmaster.master][INFO] 2012-12-14 21:12:28,692: +PUB [/camera/depth/image_rect/compressed] /camera_nodelet_manager http://pc:51220/
[rosmaster.master][INFO] 2012-12-14 21:12:28,694: +SERVICE [/camera/depth/image_rect/compressed/set_parameters] /camera_nodelet_manager http://pc:51220/
[rosmaster.master][INFO] 2012-12-14 21:12:28,696: +PUB [/camera/depth/image_rect/compressed/parameter_descriptions] /camera_nodelet_manager http://pc:51220/
[rosmaster.master][INFO] 2012-12-14 21:12:28,698: +PUB [/camera/depth/image_rect/compressed/parameter_updates] /camera_nodelet_manager http://pc:51220/
[rosmaster.master][INFO] 2012-12-14 21:12:28,706: +PARAM [/camera/depth/image_rect/compressed/format] by /camera_nodelet_manager
[rosmaster.master][INFO] 2012-12-14 21:12:28,708: +PARAM [/camera/depth/image_rect/compressed/jpeg_quality] by /camera_nodelet_manager
[rosmaster.master][INFO] 2012-12-14 21:12:28,710: +PARAM [/camera/depth/image_rect/compressed/png_level] by /camera_nodelet_manager
[rosmaster.master][INFO] 2012-12-14 21:12:28,713: +PUB [/camera/depth/image_rect] /camera_nodelet_manager http://pc:51220/
[rosmaster.master][INFO] 2012-12-14 21:12:28,715: +PUB [/camera/depth/image_rect/theora] /camera_nodelet_manager http://pc:51220/
[rosmaster.master][INFO] 2012-12-14 21:12:28,718: +SERVICE [/camera/depth/image_rect/theora/set_parameters] /camera_nodelet_manager http://pc:51220/
[rosmaster.master][INFO] 2012-12-14 21:12:28,720: +PUB [/camera/depth/image_rect/theora/parameter_descriptions] /camera_nodelet_manager http://pc:51220/
[rosmaster.master][INFO] 2012-12-14 21:12:28,722: +PUB [/camera/depth/image_rect/theora/parameter_updates] /camera_nodelet_manager http://pc:51220/
[rosmaster.master][INFO] 2012-12-14 21:12:28,732: +PARAM [/camera/depth/image_rect/theora/optimize_for] by /camera_nodelet_manager
[rosmaster.master][INFO] 2012-12-14 21:12:28,734: +PARAM [/camera/depth/image_rect/theora/target_bitrate] by /camera_nodelet_manager
[rosmaster.master][INFO] 2012-12-14 21:12:28,737: +PARAM [/camera/depth/image_rect/theora/quality] by /camera_nodelet_manager
[rosmaster.master][INFO] 2012-12-14 21:12:28,739: +PARAM [/camera/depth/image_rect/theora/keyframe_frequency] by /camera_nodelet_manager
[rosmaster.master][INFO] 2012-12-14 21:12:29,002: +SERVICE [/camera/depth/rectify_depth/set_parameters] /camera_nodelet_manager http://pc:51220/
[rosmaster.master][INFO] 2012-12-14 21:12:29,005: +PUB [/camera/depth/rectify_depth/parameter_descriptions] /camera_nodelet_manager http://pc:51220/
[rosmaster.master][INFO] 2012-12-14 21:12:29,007: +PUB [/camera/depth/rectify_depth/parameter_updates] /camera_nodelet_manager http://pc:51220/
[rosmaster.master][INFO] 2012-12-14 21:12:29,012: +PARAM [/camera/depth/rectify_depth/interpolation] by /camera_nodelet_manager
[rosmaster.master][INFO] 2012-12-14 21:12:29,014: +PUB [/camera/depth/image_rect_raw/compressed] /camera_nodelet_manager http://pc:51220/
[rosmaster.master][INFO] 2012-12-14 21:12:29,017: +SERVICE [/camera/depth/image_rect_raw/compressed/set_parameters] /camera_nodelet_manager http://pc:51220/
[rosmaster.master][INFO] 2012-12-14 21:12:29,019: +PUB [/camera/depth/image_rect_raw/compressed/parameter_descriptions] /camera_nodelet_manager http://pc:51220/
[rosmaster.master][INFO] 2012-12-14 21:12:29,022: +PUB [/camera/depth/image_rect_raw/compressed/parameter_updates] /camera_nodelet_manager http://pc:51220/
[rosmaster.master][INFO] 2012-12-14 21:12:29,029: +PARAM [/camera/depth/image_rect_raw/compressed/format] by /camera_nodelet_manager
[rosmaster.master][INFO] 2012-12-14 21:12:29,032: +PARAM [/camera/depth/image_rect_raw/compressed/jpeg_quality] by /camera_nodelet_manager
[rosmaster.master][INFO] 2012-12-14 21:12:29,034: +PARAM [/camera/depth/image_rect_raw/compressed/png_level] by /camera_nodelet_manager
[rosmaster.master][INFO] 2012-12-14 21:12:29,037: +PUB [/camera/depth/image_rect_raw] /camera_nodelet_manager http://pc:51220/
[rosmaster.master][INFO] 2012-12-14 21:12:29,040: +PUB [/camera/depth/image_rect_raw/theora] /camera_nodelet_manager http://pc:51220/
[rosmaster.master][INFO] 2012-12-14 21:12:29,042: +SERVICE [/camera/depth/image_rect_raw/theora/set_parameters] /camera_nodelet_manager http://pc:51220/
[rosmaster.master][INFO] 2012-12-14 21:12:29,044: +PUB [/camera/depth/image_rect_raw/theora/parameter_descriptions] /camera_nodelet_manager http://pc:51220/
[rosmaster.master][INFO] 2012-12-14 21:12:29,047: +PUB [/camera/depth/image_rect_raw/theora/parameter_updates] /camera_nodelet_manager http://pc:51220/
[rosmaster.master][INFO] 2012-12-14 21:12:29,056: +PARAM [/camera/depth/image_rect_raw/theora/optimize_for] by /camera_nodelet_manager
[rosmaster.master][INFO] 2012-12-14 21:12:29,058: +PARAM [/camera/depth/image_rect_raw/theora/target_bitrate] by /camera_nodelet_manager
[rosmaster.master][INFO] 2012-12-14 21:12:29,061: +PARAM [/camera/depth/image_rect_raw/theora/quality] by /camera_nodelet_manager
[rosmaster.master][INFO] 2012-12-14 21:12:29,063: +PARAM [/camera/depth/image_rect_raw/theora/keyframe_frequency] by /camera_nodelet_manager
[rosmaster.master][INFO] 2012-12-14 21:12:29,324: +SUB [/tf] /camera_nodelet_manager http://pc:51220/
[rosmaster.master][INFO] 2012-12-14 21:12:29,328: +SERVICE [/camera_nodelet_manager/tf_frames] /camera_nodelet_manager http://pc:51220/
[rosmaster.master][INFO] 2012-12-14 21:12:29,562: +PUB [/rosout] /camera/depth_registered/metric http://pc:40505/
[rosmaster.master][INFO] 2012-12-14 21:12:29,564: +SERVICE [/camera/depth_registered/metric/get_loggers] /camera/depth_registered/metric http://pc:40505/
[rosmaster.master][INFO] 2012-12-14 21:12:29,567: +SERVICE [/camera/depth_registered/metric/set_logger_level] /camera/depth_registered/metric http://pc:40505/
[rosmaster.master][INFO] 2012-12-14 21:12:29,590: +PUB [/camera/depth_registered/image_rect_raw/compressed] /camera_nodelet_manager http://pc:51220/
[rosmaster.master][INFO] 2012-12-14 21:12:29,592: +SERVICE [/camera/depth_registered/image_rect_raw/compressed/set_parameters] /camera_nodelet_manager http://pc:51220/
[rosmaster.master][INFO] 2012-12-14 21:12:29,594: +PUB [/camera/depth_registered/image_rect_raw/compressed/parameter_descriptions] /camera_nodelet_manager http://pc:51220/
[rosmaster.master][INFO] 2012-12-14 21:12:29,596: +PUB [/camera/depth_registered/image_rect_raw/compressed/parameter_updates] /camera_nodelet_manager http://pc:51220/
[rosmaster.master][INFO] 2012-12-14 21:12:29,603: +PARAM [/camera/depth_registered/image_rect_raw/compressed/format] by /camera_nodelet_manager
[rosmaster.master][INFO] 2012-12-14 21:12:29,605: +PARAM [/camera/depth_registered/image_rect_raw/compressed/jpeg_quality] by /camera_nodelet_manager
[rosmaster.master][INFO] 2012-12-14 21:12:29,608: +PARAM [/camera/depth_registered/rectify_depth] by /camera/depth_registered/rectify_depth
[rosmaster.master][INFO] 2012-12-14 21:12:29,610: +PARAM [/camera/depth_registered/image_rect_raw/compressed/png_level] by /camera_nodelet_manager
[rosmaster.master][INFO] 2012-12-14 21:12:29,614: +PUB [/camera/depth_registered/image_rect_raw] /camera_nodelet_manager http://pc:51220/
[rosmaster.master][INFO] 2012-12-14 21:12:29,619: +SERVICE [/camera/disparity_depth_registered/get_loggers] /camera/disparity_depth_registered http://pc:56415/
[rosmaster.master][INFO] 2012-12-14 21:12:29,621: +PUB [/camera/depth_registered/image_rect_raw/theora] /camera_nodelet_manager http://pc:51220/
[rosmaster.master][INFO] 2012-12-14 21:12:29,623: +SERVICE [/camera/disparity_depth_registered/set_logger_level] /camera/disparity_depth_registered http://pc:56415/
[rosmaster.master][INFO] 2012-12-14 21:12:29,625: +SERVICE [/camera/depth_registered/image_rect_raw/theora/set_parameters] /camera_nodelet_manager http://pc:51220/
[rosmaster.master][INFO] 2012-12-14 21:12:29,630: +PUB [/camera/depth_registered/image_rect_raw/theora/parameter_descriptions] /camera_nodelet_manager http://pc:51220/
[rosmaster.master][INFO] 2012-12-14 21:12:29,634: publisherUpdate[/rosout] -> http://pc:45153/
[rosmaster.master][INFO] 2012-12-14 21:12:29,637: +PUB [/camera/depth_registered/image_rect_raw/theora/parameter_updates] /camera_nodelet_manager http://pc:51220/
[rosmaster.master][INFO] 2012-12-14 21:12:29,640: +PARAM [/camera/disparity_depth_registered] by /camera/disparity_depth_registered
[rosmaster.master][INFO] 2012-12-14 21:12:29,644: +PUB [/rosout] /camera_base_link1 http://pc:45245/
[rosmaster.master][INFO] 2012-12-14 21:12:29,651: +SERVICE [/camera_base_link1/get_loggers] /camera_base_link1 http://pc:45245/
[rosmaster.master][INFO] 2012-12-14 21:12:29,657: +SERVICE [/camera_base_link1/set_logger_level] /camera_base_link1 http://pc:45245/
[rosmaster.master][INFO] 2012-12-14 21:12:29,667: +PUB [/tf] /camera_base_link1 http://pc:45245/
[rosmaster.master][INFO] 2012-12-14 21:12:29,668: +PARAM [/camera/depth_registered/image_rect_raw/theora/optimize_for] by /camera_nodelet_manager
[rosmaster.master][INFO] 2012-12-14 21:12:29,675: +PARAM [/camera/depth_registered/image_rect_raw/theora/target_bitrate] by /camera_nodelet_manager
[rosmaster.master][INFO] 2012-12-14 21:12:29,677: +PARAM [/camera/depth_registered/image_rect_raw/theora/quality] by /camera_nodelet_manager
[rosmaster.master][INFO] 2012-12-14 21:12:29,679: +PARAM [/camera/depth_registered/image_rect_raw/theora/keyframe_frequency] by /camera_nodelet_manager
[rosmaster.master][INFO] 2012-12-14 21:12:29,682: +PUB [/camera/depth_registered/camera_info] /camera_nodelet_manager http://pc:51220/
[rosmaster.master][INFO] 2012-12-14 21:12:29,739: publisherUpdate[/rosout] -> http://pc:45153/
[rosmaster.master][INFO] 2012-12-14 21:12:29,740: publisherUpdate[/tf] -> http://pc:51220/
[rosmaster.master][INFO] 2012-12-14 21:12:30,356: +PUB [/camera/depth_registered/image/compressed] /camera_nodelet_manager http://pc:51220/
[rosmaster.master][INFO] 2012-12-14 21:12:30,358: +SERVICE [/camera/depth_registered/image/compressed/set_parameters] /camera_nodelet_manager http://pc:51220/
[rosmaster.master][INFO] 2012-12-14 21:12:30,360: +PUB [/camera/depth_registered/image/compressed/parameter_descriptions] /camera_nodelet_manager http://pc:51220/
[rosmaster.master][INFO] 2012-12-14 21:12:30,362: +PUB [/camera/depth_registered/image/compressed/parameter_updates] /camera_nodelet_manager http://pc:51220/
[rosmaster.master][INFO] 2012-12-14 21:12:30,368: +PARAM [/camera/depth_registered/image/compressed/format] by /camera_nodelet_manager
[rosmaster.master][INFO] 2012-12-14 21:12:30,369: +PARAM [/camera/depth_registered/image/compressed/jpeg_quality] by /camera_nodelet_manager
[rosmaster.master][INFO] 2012-12-14 21:12:30,369: +PARAM [/camera/depth_registered/image/compressed/png_level] by /camera_nodelet_manager
[rosmaster.master][INFO] 2012-12-14 21:12:30,371: +PUB [/camera/depth_registered/image] /camera_nodelet_manager http://pc:51220/
[rosmaster.master][INFO] 2012-12-14 21:12:30,372: +PUB [/camera/depth_registered/image/theora] /camera_nodelet_manager http://pc:51220/
[rosmaster.master][INFO] 2012-12-14 21:12:30,372: +SERVICE [/camera/depth_registered/image/theora/set_parameters] /camera_nodelet_manager http://pc:51220/
[rosmaster.master][INFO] 2012-12-14 21:12:30,373: +PUB [/camera/depth_registered/image/theora/parameter_descriptions] /camera_nodelet_manager http://pc:51220/
[rosmaster.master][INFO] 2012-12-14 21:12:30,374: +PUB [/camera/depth_registered/image/theora/parameter_updates] /camera_nodelet_manager http://pc:51220/
[rosmaster.master][INFO] 2012-12-14 21:12:30,378: +PARAM [/camera/depth_registered/image/theora/optimize_for] by /camera_nodelet_manager
[rosmaster.master][INFO] 2012-12-14 21:12:30,379: +PARAM [/camera/depth_registered/image/theora/target_bitrate] by /camera_nodelet_manager
[rosmaster.master][INFO] 2012-12-14 21:12:30,380: +PARAM [/camera/depth_registered/image/theora/quality] by /camera_nodelet_manager
[rosmaster.master][INFO] 2012-12-14 21:12:30,381: +PARAM [/camera/depth_registered/image/theora/keyframe_frequency] by /camera_nodelet_manager
[rosmaster.master][INFO] 2012-12-14 21:12:31,093: +SERVICE [/camera/rgb/rectify_mono/set_parameters] /camera_nodelet_manager http://pc:51220/
[rosmaster.master][INFO] 2012-12-14 21:12:31,096: +PUB [/camera/rgb/rectify_mono/parameter_descriptions] /camera_nodelet_manager http://pc:51220/
[rosmaster.master][INFO] 2012-12-14 21:12:31,098: +PUB [/camera/rgb/rectify_mono/parameter_updates] /camera_nodelet_manager http://pc:51220/
[rosmaster.master][INFO] 2012-12-14 21:12:31,100: +PARAM [/camera/rgb/rectify_mono/interpolation] by /camera_nodelet_manager
[rosmaster.master][INFO] 2012-12-14 21:12:31,101: +PUB [/camera/rgb/image_rect/compressed] /camera_nodelet_manager http://pc:51220/
[rosmaster.master][INFO] 2012-12-14 21:12:31,102: +SERVICE [/camera/rgb/image_rect/compressed/set_parameters] /camera_nodelet_manager http://pc:51220/
[rosmaster.master][INFO] 2012-12-14 21:12:31,103: +PUB [/camera/rgb/image_rect/compressed/parameter_descriptions] /camera_nodelet_manager http://pc:51220/
[rosmaster.master][INFO] 2012-12-14 21:12:31,104: +PUB [/camera/rgb/image_rect/compressed/parameter_updates] /camera_nodelet_manager http://pc:51220/
[rosmaster.master][INFO] 2012-12-14 21:12:31,107: +PARAM [/camera/rgb/image_rect/compressed/format] by /camera_nodelet_manager
[rosmaster.master][INFO] 2012-12-14 21:12:31,108: +PARAM [/camera/rgb/image_rect/compressed/jpeg_quality] by /camera_nodelet_manager
[rosmaster.master][INFO] 2012-12-14 21:12:31,109: +PARAM [/camera/rgb/image_rect/compressed/png_level] by /camera_nodelet_manager
[rosmaster.master][INFO] 2012-12-14 21:12:31,110: +PUB [/camera/rgb/image_rect] /camera_nodelet_manager http://pc:51220/
[rosmaster.master][INFO] 2012-12-14 21:12:31,111: +PUB [/camera/rgb/image_rect/theora] /camera_nodelet_manager http://pc:51220/
[rosmaster.master][INFO] 2012-12-14 21:12:31,112: +SERVICE [/camera/rgb/image_rect/theora/set_parameters] /camera_nodelet_manager http://pc:51220/
[rosmaster.master][INFO] 2012-12-14 21:12:31,113: +PUB [/camera/rgb/image_rect/theora/parameter_descriptions] /camera_nodelet_manager http://pc:51220/
[rosmaster.master][INFO] 2012-12-14 21:12:31,114: +PUB [/camera/rgb/image_rect/theora/parameter_updates] /camera_nodelet_manager http://pc:51220/
[rosmaster.master][INFO] 2012-12-14 21:12:31,118: +PARAM [/camera/rgb/image_rect/theora/optimize_for] by /camera_nodelet_manager
[rosmaster.master][INFO] 2012-12-14 21:12:31,119: +PARAM [/camera/rgb/image_rect/theora/target_bitrate] by /camera_nodelet_manager
[rosmaster.master][INFO] 2012-12-14 21:12:31,120: +PARAM [/camera/rgb/image_rect/theora/quality] by /camera_nodelet_manager
[rosmaster.master][INFO] 2012-12-14 21:12:31,121: +PARAM [/camera/rgb/image_rect/theora/keyframe_frequency] by /camera_nodelet_manager
[rosmaster.master][INFO] 2012-12-14 21:12:31,753: +PUB [/camera/depth/points] /camera_nodelet_manager http://pc:51220/
[rosmaster.master][INFO] 2012-12-14 21:12:32,397: +SERVICE [/camera/depth_registered/rectify_depth/set_parameters] /camera_nodelet_manager http://pc:51220/
[rosmaster.master][INFO] 2012-12-14 21:12:32,400: +PUB [/camera/depth_registered/rectify_depth/parameter_descriptions] /camera_nodelet_manager http://pc:51220/
[rosmaster.master][INFO] 2012-12-14 21:12:32,403: +PUB [/camera/depth_registered/rectify_depth/parameter_updates] /camera_nodelet_manager http://pc:51220/
[rosmaster.master][INFO] 2012-12-14 21:12:32,406: +PARAM [/camera/depth_registered/rectify_depth/interpolation] by /camera_nodelet_manager
[rosmaster.master][INFO] 2012-12-14 21:12:32,411: +PARAM [/camera/depth_registered/image_rect_raw/compressed/format] by /camera_nodelet_manager
[rosmaster.master][INFO] 2012-12-14 21:12:32,412: +PARAM [/camera/depth_registered/image_rect_raw/compressed/jpeg_quality] by /camera_nodelet_manager
[rosmaster.master][INFO] 2012-12-14 21:12:32,413: +PARAM [/camera/depth_registered/image_rect_raw/compressed/png_level] by /camera_nodelet_manager
[rosmaster.master][INFO] 2012-12-14 21:12:32,418: +PARAM [/camera/depth_registered/image_rect_raw/theora/optimize_for] by /camera_nodelet_manager
[rosmaster.master][INFO] 2012-12-14 21:12:32,419: +PARAM [/camera/depth_registered/image_rect_raw/theora/target_bitrate] by /camera_nodelet_manager
[rosmaster.master][INFO] 2012-12-14 21:12:32,420: +PARAM [/camera/depth_registered/image_rect_raw/theora/quality] by /camera_nodelet_manager
[rosmaster.master][INFO] 2012-12-14 21:12:32,421: +PARAM [/camera/depth_registered/image_rect_raw/theora/keyframe_frequency] by /camera_nodelet_manager
[rosmaster.master][INFO] 2012-12-14 21:12:32,858: +PUB [/camera/depth_registered/image_rect/compressed] /camera_nodelet_manager http://pc:51220/
[rosmaster.master][INFO] 2012-12-14 21:12:32,861: +SERVICE [/camera/depth_registered/image_rect/compressed/set_parameters] /camera_nodelet_manager http://pc:51220/
[rosmaster.master][INFO] 2012-12-14 21:12:32,863: +PUB [/camera/depth_registered/image_rect/compressed/parameter_descriptions] /camera_nodelet_manager http://pc:51220/
[rosmaster.master][INFO] 2012-12-14 21:12:32,865: +PUB [/camera/depth_registered/image_rect/compressed/parameter_updates] /camera_nodelet_manager http://pc:51220/
[rosmaster.master][INFO] 2012-12-14 21:12:32,873: +PARAM [/camera/depth_registered/image_rect/compressed/format] by /camera_nodelet_manager
[rosmaster.master][INFO] 2012-12-14 21:12:32,875: +PARAM [/camera/depth_registered/image_rect/compressed/jpeg_quality] by /camera_nodelet_manager
[rosmaster.master][INFO] 2012-12-14 21:12:32,877: +PARAM [/camera/depth_registered/image_rect/compressed/png_level] by /camera_nodelet_manager
[rosmaster.master][INFO] 2012-12-14 21:12:32,879: +PUB [/camera/depth_registered/image_rect] /camera_nodelet_manager http://pc:51220/
[rosmaster.master][INFO] 2012-12-14 21:12:32,882: +PUB [/camera/depth_registered/image_rect/theora] /camera_nodelet_manager http://pc:51220/
[rosmaster.master][INFO] 2012-12-14 21:12:32,884: +SERVICE [/camera/depth_registered/image_rect/theora/set_parameters] /camera_nodelet_manager http://pc:51220/
[rosmaster.master][INFO] 2012-12-14 21:12:32,886: +PUB [/camera/depth_registered/image_rect/theora/parameter_descriptions] /camera_nodelet_manager http://pc:51220/
[rosmaster.master][INFO] 2012-12-14 21:12:32,889: +PUB [/camera/depth_registered/image_rect/theora/parameter_updates] /camera_nodelet_manager http://pc:51220/
[rosmaster.master][INFO] 2012-12-14 21:12:32,898: +PARAM [/camera/depth_registered/image_rect/theora/optimize_for] by /camera_nodelet_manager
[rosmaster.master][INFO] 2012-12-14 21:12:32,900: +PARAM [/camera/depth_registered/image_rect/theora/target_bitrate] by /camera_nodelet_manager
[rosmaster.master][INFO] 2012-12-14 21:12:32,903: +PARAM [/camera/depth_registered/image_rect/theora/quality] by /camera_nodelet_manager
[rosmaster.master][INFO] 2012-12-14 21:12:32,905: +PARAM [/camera/depth_registered/image_rect/theora/keyframe_frequency] by /camera_nodelet_manager
[rosmaster.master][INFO] 2012-12-14 21:12:32,947: publisherUpdate[/camera/depth_registered/image_rect] -> http://pc:59115/
[rosmaster.master][INFO] 2012-12-14 21:12:32,989: +SUB [/camera/depth_registered/image_rect_raw] /camera_nodelet_manager http://pc:51220/
[rosmaster.master][INFO] 2012-12-14 21:12:32,992: +SUB [/camera/depth_registered/image_raw] /camera_nodelet_manager http://pc:51220/
[rosmaster.master][INFO] 2012-12-14 21:12:32,993: +SUB [/camera/depth_registered/camera_info] /camera_nodelet_manager http://pc:51220/
[rosmaster.master][INFO] 2012-12-14 21:12:32,994: +SUB [/camera/depth/image_rect_raw] /camera_nodelet_manager http://pc:51220/
[rosmaster.master][INFO] 2012-12-14 21:12:32,996: +SUB [/camera/depth/camera_info] /camera_nodelet_manager http://pc:51220/
[rosmaster.master][INFO] 2012-12-14 21:12:32,997: +SUB [/camera/depth/image_raw] /camera_nodelet_manager http://pc:51220/
[rosmaster.master][INFO] 2012-12-14 21:12:33,177: +PUB [/camera/depth_registered/disparity] /camera_nodelet_manager http://pc:51220/
[rosmaster.master][INFO] 2012-12-14 21:12:33,449: +SERVICE [/camera/rgb/debayer/set_parameters] /camera_nodelet_manager http://pc:51220/
[rosmaster.master][INFO] 2012-12-14 21:12:33,451: +PUB [/camera/rgb/debayer/parameter_descriptions] /camera_nodelet_manager http://pc:51220/
[rosmaster.master][INFO] 2012-12-14 21:12:33,453: +PUB [/camera/rgb/debayer/parameter_updates] /camera_nodelet_manager http://pc:51220/
[rosmaster.master][INFO] 2012-12-14 21:12:33,457: +PARAM [/camera/rgb/debayer/debayer] by /camera_nodelet_manager
[rosmaster.master][INFO] 2012-12-14 21:12:33,460: +PUB [/camera/rgb/image_mono/compressed] /camera_nodelet_manager http://pc:51220/
[rosmaster.master][INFO] 2012-12-14 21:12:33,463: +SERVICE [/camera/rgb/image_mono/compressed/set_parameters] /camera_nodelet_manager http://pc:51220/
[rosmaster.master][INFO] 2012-12-14 21:12:33,465: +PUB [/camera/rgb/image_mono/compressed/parameter_descriptions] /camera_nodelet_manager http://pc:51220/
[rosmaster.master][INFO] 2012-12-14 21:12:33,468: +PUB [/camera/rgb/image_mono/compressed/parameter_updates] /camera_nodelet_manager http://pc:51220/
[rosmaster.master][INFO] 2012-12-14 21:12:33,477: +PARAM [/camera/rgb/image_mono/compressed/format] by /camera_nodelet_manager
[rosmaster.master][INFO] 2012-12-14 21:12:33,479: +PARAM [/camera/rgb/image_mono/compressed/jpeg_quality] by /camera_nodelet_manager
[rosmaster.master][INFO] 2012-12-14 21:12:33,481: +PARAM [/camera/rgb/image_mono/compressed/png_level] by /camera_nodelet_manager
[rosmaster.master][INFO] 2012-12-14 21:12:33,484: +PUB [/camera/rgb/image_mono] /camera_nodelet_manager http://pc:51220/
[rosmaster.master][INFO] 2012-12-14 21:12:33,487: +PUB [/camera/rgb/image_mono/theora] /camera_nodelet_manager http://pc:51220/
[rosmaster.master][INFO] 2012-12-14 21:12:33,489: +SERVICE [/camera/rgb/image_mono/theora/set_parameters] /camera_nodelet_manager http://pc:51220/
[rosmaster.master][INFO] 2012-12-14 21:12:33,492: +PUB [/camera/rgb/image_mono/theora/parameter_descriptions] /camera_nodelet_manager http://pc:51220/
[rosmaster.master][INFO] 2012-12-14 21:12:33,494: +PUB [/camera/rgb/image_mono/theora/parameter_updates] /camera_nodelet_manager http://pc:51220/
[rosmaster.master][INFO] 2012-12-14 21:12:33,504: +PARAM [/camera/rgb/image_mono/theora/optimize_for] by /camera_nodelet_manager
[rosmaster.master][INFO] 2012-12-14 21:12:33,506: +PARAM [/camera/rgb/image_mono/theora/target_bitrate] by /camera_nodelet_manager
[rosmaster.master][INFO] 2012-12-14 21:12:33,508: +PARAM [/camera/rgb/image_mono/theora/quality] by /camera_nodelet_manager
[rosmaster.master][INFO] 2012-12-14 21:12:33,510: +PARAM [/camera/rgb/image_mono/theora/keyframe_frequency] by /camera_nodelet_manager
[rosmaster.master][INFO] 2012-12-14 21:12:33,513: +PUB [/camera/rgb/image_color/compressed] /camera_nodelet_manager http://pc:51220/
[rosmaster.master][INFO] 2012-12-14 21:12:33,515: +SERVICE [/camera/rgb/image_color/compressed/set_parameters] /camera_nodelet_manager http://pc:51220/
[rosmaster.master][INFO] 2012-12-14 21:12:33,518: +PUB [/camera/rgb/image_color/compressed/parameter_descriptions] /camera_nodelet_manager http://pc:51220/
[rosmaster.master][INFO] 2012-12-14 21:12:33,520: +PUB [/camera/rgb/image_color/compressed/parameter_updates] /camera_nodelet_manager http://pc:51220/
[rosmaster.master][INFO] 2012-12-14 21:12:33,528: +PARAM [/camera/rgb/image_color/compressed/format] by /camera_nodelet_manager
[rosmaster.master][INFO] 2012-12-14 21:12:33,531: +PARAM [/camera/rgb/image_color/compressed/jpeg_quality] by /camera_nodelet_manager
[rosmaster.master][INFO] 2012-12-14 21:12:33,533: +PARAM [/camera/rgb/image_color/compressed/png_level] by /camera_nodelet_manager
[rosmaster.master][INFO] 2012-12-14 21:12:33,535: +PUB [/camera/rgb/image_color] /camera_nodelet_manager http://pc:51220/
[rosmaster.master][INFO] 2012-12-14 21:12:33,538: +PUB [/camera/rgb/image_color/theora] /camera_nodelet_manager http://pc:51220/
[rosmaster.master][INFO] 2012-12-14 21:12:33,540: +SERVICE [/camera/rgb/image_color/theora/set_parameters] /camera_nodelet_manager http://pc:51220/
[rosmaster.master][INFO] 2012-12-14 21:12:33,542: +PUB [/camera/rgb/image_color/theora/parameter_descriptions] /camera_nodelet_manager http://pc:51220/
[rosmaster.master][INFO] 2012-12-14 21:12:33,545: +PUB [/camera/rgb/image_color/theora/parameter_updates] /camera_nodelet_manager http://pc:51220/
[rosmaster.master][INFO] 2012-12-14 21:12:33,548: publisherUpdate[/camera/rgb/image_color] -> http://pc:51220/
[rosmaster.master][INFO] 2012-12-14 21:12:33,556: +PARAM [/camera/rgb/image_color/theora/optimize_for] by /camera_nodelet_manager
[rosmaster.master][INFO] 2012-12-14 21:12:33,559: +PARAM [/camera/rgb/image_color/theora/target_bitrate] by /camera_nodelet_manager
[rosmaster.master][INFO] 2012-12-14 21:12:33,561: +PARAM [/camera/rgb/image_color/theora/quality] by /camera_nodelet_manager
[rosmaster.master][INFO] 2012-12-14 21:12:33,563: +PARAM [/camera/rgb/image_color/theora/keyframe_frequency] by /camera_nodelet_manager
[rosmaster.master][INFO] 2012-12-14 21:12:33,568: +SUB [/camera/rgb/image_raw] /camera_nodelet_manager http://pc:51220/
[rosmaster.master][INFO] 2012-12-14 21:12:34,493: +SERVICE [/camera/driver/set_parameters] /camera_nodelet_manager http://pc:51220/
[rosmaster.master][INFO] 2012-12-14 21:12:34,495: +PUB [/camera/driver/parameter_descriptions] /camera_nodelet_manager http://pc:51220/
[rosmaster.master][INFO] 2012-12-14 21:12:34,498: +PUB [/camera/driver/parameter_updates] /camera_nodelet_manager http://pc:51220/
[rosmaster.master][INFO] 2012-12-14 21:12:34,520: +PARAM [/camera/driver/image_mode] by /camera_nodelet_manager
[rosmaster.master][INFO] 2012-12-14 21:12:34,523: +PARAM [/camera/driver/depth_mode] by /camera_nodelet_manager
[rosmaster.master][INFO] 2012-12-14 21:12:34,525: +PARAM [/camera/driver/depth_registration] by /camera_nodelet_manager
[rosmaster.master][INFO] 2012-12-14 21:12:34,528: +PARAM [/camera/driver/data_skip] by /camera_nodelet_manager
[rosmaster.master][INFO] 2012-12-14 21:12:34,530: +PARAM [/camera/driver/depth_time_offset] by /camera_nodelet_manager
[rosmaster.master][INFO] 2012-12-14 21:12:34,532: +PARAM [/camera/driver/image_time_offset] by /camera_nodelet_manager
[rosmaster.master][INFO] 2012-12-14 21:12:34,535: +PARAM [/camera/driver/depth_ir_offset_x] by /camera_nodelet_manager
[rosmaster.master][INFO] 2012-12-14 21:12:34,537: +PARAM [/camera/driver/depth_ir_offset_y] by /camera_nodelet_manager
[rosmaster.master][INFO] 2012-12-14 21:12:34,539: +PARAM [/camera/driver/z_offset_mm] by /camera_nodelet_manager
[rosmaster.master][INFO] 2012-12-14 21:12:34,560: +SERVICE [/camera/rgb/set_camera_info] /camera_nodelet_manager http://pc:51220/
[rosmaster.master][INFO] 2012-12-14 21:12:34,563: +SERVICE [/camera/ir/set_camera_info] /camera_nodelet_manager http://pc:51220/
[rosmaster.master][INFO] 2012-12-14 21:12:34,567: +PUB [/camera/rgb/image_raw/compressed] /camera_nodelet_manager http://pc:51220/
[rosmaster.master][INFO] 2012-12-14 21:12:34,570: +SERVICE [/camera/rgb/image_raw/compressed/set_parameters] /camera_nodelet_manager http://pc:51220/
[rosmaster.master][INFO] 2012-12-14 21:12:34,572: +PUB [/camera/rgb/image_raw/compressed/parameter_descriptions] /camera_nodelet_manager http://pc:51220/
[rosmaster.master][INFO] 2012-12-14 21:12:34,575: +PUB [/camera/rgb/image_raw/compressed/parameter_updates] /camera_nodelet_manager http://pc:51220/
[rosmaster.master][INFO] 2012-12-14 21:12:34,583: +PARAM [/camera/rgb/image_raw/compressed/format] by /camera_nodelet_manager
[rosmaster.master][INFO] 2012-12-14 21:12:34,585: +PARAM [/camera/rgb/image_raw/compressed/jpeg_quality] by /camera_nodelet_manager
[rosmaster.master][INFO] 2012-12-14 21:12:34,588: +PARAM [/camera/rgb/image_raw/compressed/png_level] by /camera_nodelet_manager
[rosmaster.master][INFO] 2012-12-14 21:12:34,591: +PUB [/camera/rgb/image_raw] /camera_nodelet_manager http://pc:51220/
[rosmaster.master][INFO] 2012-12-14 21:12:34,593: +PUB [/camera/rgb/image_raw/theora] /camera_nodelet_manager http://pc:51220/
[rosmaster.master][INFO] 2012-12-14 21:12:34,596: +SERVICE [/camera/rgb/image_raw/theora/set_parameters] /camera_nodelet_manager http://pc:51220/
[rosmaster.master][INFO] 2012-12-14 21:12:34,598: +PUB [/camera/rgb/image_raw/theora/parameter_descriptions] /camera_nodelet_manager http://pc:51220/
[rosmaster.master][INFO] 2012-12-14 21:12:34,601: +PUB [/camera/rgb/image_raw/theora/parameter_updates] /camera_nodelet_manager http://pc:51220/
[rosmaster.master][INFO] 2012-12-14 21:12:34,611: +PARAM [/camera/rgb/image_raw/theora/optimize_for] by /camera_nodelet_manager
[rosmaster.master][INFO] 2012-12-14 21:12:34,613: +PARAM [/camera/rgb/image_raw/theora/target_bitrate] by /camera_nodelet_manager
[rosmaster.master][INFO] 2012-12-14 21:12:34,615: +PARAM [/camera/rgb/image_raw/theora/quality] by /camera_nodelet_manager
[rosmaster.master][INFO] 2012-12-14 21:12:34,618: +PARAM [/camera/rgb/image_raw/theora/keyframe_frequency] by /camera_nodelet_manager
[rosmaster.master][INFO] 2012-12-14 21:12:34,620: +PUB [/camera/rgb/camera_info] /camera_nodelet_manager http://pc:51220/
[rosmaster.master][INFO] 2012-12-14 21:12:34,623: +PUB [/camera/ir/image_raw/compressed] /camera_nodelet_manager http://pc:51220/
[rosmaster.master][INFO] 2012-12-14 21:12:34,626: +SERVICE [/camera/ir/image_raw/compressed/set_parameters] /camera_nodelet_manager http://pc:51220/
[rosmaster.master][INFO] 2012-12-14 21:12:34,628: +PUB [/camera/ir/image_raw/compressed/parameter_descriptions] /camera_nodelet_manager http://pc:51220/
[rosmaster.master][INFO] 2012-12-14 21:12:34,631: +PUB [/camera/ir/image_raw/compressed/parameter_updates] /camera_nodelet_manager http://pc:51220/
[rosmaster.master][INFO] 2012-12-14 21:12:34,639: +PARAM [/camera/ir/image_raw/compressed/format] by /camera_nodelet_manager
[rosmaster.master][INFO] 2012-12-14 21:12:34,643: +PARAM [/camera/ir/image_raw/compressed/jpeg_quality] by /camera_nodelet_manager
[rosmaster.master][INFO] 2012-12-14 21:12:34,645: +SUB [/camera/driver/parameter_updates] /set_dr http://pc:36388/
[rosmaster.master][INFO] 2012-12-14 21:12:34,647: +PARAM [/camera/ir/image_raw/compressed/png_level] by /camera_nodelet_manager
[rosmaster.master][INFO] 2012-12-14 21:12:34,650: +SUB [/camera/driver/parameter_descriptions] /set_dr http://pc:36388/
[rosmaster.master][INFO] 2012-12-14 21:12:34,650: publisherUpdate[/camera/rgb/image_raw] -> http://pc:51220/
[rosmaster.master][INFO] 2012-12-14 21:12:34,653: +PUB [/camera/ir/image_raw] /camera_nodelet_manager http://pc:51220/
[rosmaster.master][INFO] 2012-12-14 21:12:34,655: publisherUpdate[/camera/rgb/camera_info] -> http://pc:51220/
[rosmaster.master][INFO] 2012-12-14 21:12:34,658: +PUB [/camera/ir/image_raw/theora] /camera_nodelet_manager http://pc:51220/
[rosmaster.master][INFO] 2012-12-14 21:12:34,660: +SERVICE [/camera/ir/image_raw/theora/set_parameters] /camera_nodelet_manager http://pc:51220/
[rosmaster.master][INFO] 2012-12-14 21:12:34,662: +PUB [/camera/ir/image_raw/theora/parameter_descriptions] /camera_nodelet_manager http://pc:51220/
[rosmaster.master][INFO] 2012-12-14 21:12:34,665: +PUB [/camera/ir/image_raw/theora/parameter_updates] /camera_nodelet_manager http://pc:51220/
[rosmaster.master][INFO] 2012-12-14 21:12:34,674: +PARAM [/camera/ir/image_raw/theora/optimize_for] by /camera_nodelet_manager
[rosmaster.master][INFO] 2012-12-14 21:12:34,676: +PARAM [/camera/ir/image_raw/theora/target_bitrate] by /camera_nodelet_manager
[rosmaster.master][INFO] 2012-12-14 21:12:34,678: +PARAM [/camera/ir/image_raw/theora/quality] by /camera_nodelet_manager
[rosmaster.master][INFO] 2012-12-14 21:12:34,680: +PARAM [/camera/ir/image_raw/theora/keyframe_frequency] by /camera_nodelet_manager
[rosmaster.master][INFO] 2012-12-14 21:12:34,683: +PUB [/camera/ir/camera_info] /camera_nodelet_manager http://pc:51220/
[rosmaster.master][INFO] 2012-12-14 21:12:34,686: +PUB [/camera/depth/image_raw/compressed] /camera_nodelet_manager http://pc:51220/
[rosmaster.master][INFO] 2012-12-14 21:12:34,690: +SERVICE [/camera/depth/image_raw/compressed/set_parameters] /camera_nodelet_manager http://pc:51220/
[rosmaster.master][INFO] 2012-12-14 21:12:34,693: +PUB [/camera/depth/image_raw/compressed/parameter_descriptions] /camera_nodelet_manager http://pc:51220/
[rosmaster.master][INFO] 2012-12-14 21:12:34,697: +PUB [/camera/depth/image_raw/compressed/parameter_updates] /camera_nodelet_manager http://pc:51220/
[rosmaster.master][INFO] 2012-12-14 21:12:34,709: +PARAM [/camera/depth/image_raw/compressed/format] by /camera_nodelet_manager
[rosmaster.master][INFO] 2012-12-14 21:12:34,711: +PARAM [/camera/depth/image_raw/compressed/jpeg_quality] by /camera_nodelet_manager
[rosmaster.master][INFO] 2012-12-14 21:12:34,713: +PARAM [/camera/depth/image_raw/compressed/png_level] by /camera_nodelet_manager
[rosmaster.master][INFO] 2012-12-14 21:12:34,716: +PUB [/camera/depth/image_raw] /camera_nodelet_manager http://pc:51220/
[rosmaster.master][INFO] 2012-12-14 21:12:34,719: +PUB [/camera/depth/image_raw/theora] /camera_nodelet_manager http://pc:51220/
[rosmaster.master][INFO] 2012-12-14 21:12:34,721: +SERVICE [/camera/depth/image_raw/theora/set_parameters] /camera_nodelet_manager http://pc:51220/
[rosmaster.master][INFO] 2012-12-14 21:12:34,723: +PUB [/camera/depth/image_raw/theora/parameter_descriptions] /camera_nodelet_manager http://pc:51220/
[rosmaster.master][INFO] 2012-12-14 21:12:34,726: +PUB [/camera/depth/image_raw/theora/parameter_updates] /camera_nodelet_manager http://pc:51220/
[rosmaster.master][INFO] 2012-12-14 21:12:34,735: +PARAM [/camera/depth/image_raw/theora/optimize_for] by /camera_nodelet_manager
[rosmaster.master][INFO] 2012-12-14 21:12:34,737: +PARAM [/camera/depth/image_raw/theora/target_bitrate] by /camera_nodelet_manager
[rosmaster.master][INFO] 2012-12-14 21:12:34,740: +PARAM [/camera/depth/image_raw/theora/quality] by /camera_nodelet_manager
[rosmaster.master][INFO] 2012-12-14 21:12:34,742: +PARAM [/camera/depth/image_raw/theora/keyframe_frequency] by /camera_nodelet_manager
[rosmaster.master][INFO] 2012-12-14 21:12:34,744: +PUB [/camera/depth/camera_info] /camera_nodelet_manager http://pc:51220/
[rosmaster.master][INFO] 2012-12-14 21:12:34,747: +PUB [/camera/projector/camera_info] /camera_nodelet_manager http://pc:51220/
[rosmaster.master][INFO] 2012-12-14 21:12:34,749: +PUB [/camera/depth_registered/image_raw/compressed] /camera_nodelet_manager http://pc:51220/
[rosmaster.master][INFO] 2012-12-14 21:12:34,752: +SERVICE [/camera/depth_registered/image_raw/compressed/set_parameters] /camera_nodelet_manager http://pc:51220/
[rosmaster.master][INFO] 2012-12-14 21:12:34,753: publisherUpdate[/camera/depth/image_raw] -> http://pc:51220/
[rosmaster.master][INFO] 2012-12-14 21:12:34,755: +PUB [/camera/depth_registered/image_raw/compressed/parameter_descriptions] /camera_nodelet_manager http://pc:51220/
[rosmaster.master][INFO] 2012-12-14 21:12:34,757: publisherUpdate[/camera/depth/camera_info] -> http://pc:51220/
[rosmaster.master][INFO] 2012-12-14 21:12:34,761: +PUB [/camera/depth_registered/image_raw/compressed/parameter_updates] /camera_nodelet_manager http://pc:51220/
[rosmaster.master][INFO] 2012-12-14 21:12:34,769: +PARAM [/camera/depth_registered/image_raw/compressed/format] by /camera_nodelet_manager
[rosmaster.master][INFO] 2012-12-14 21:12:34,771: +PARAM [/camera/depth_registered/image_raw/compressed/jpeg_quality] by /camera_nodelet_manager
[rosmaster.master][INFO] 2012-12-14 21:12:34,773: +PARAM [/camera/depth_registered/image_raw/compressed/png_level] by /camera_nodelet_manager
[rosmaster.master][INFO] 2012-12-14 21:12:34,776: +PUB [/camera/depth_registered/image_raw] /camera_nodelet_manager http://pc:51220/
[rosmaster.master][INFO] 2012-12-14 21:12:34,778: +PUB [/camera/depth_registered/image_raw/theora] /camera_nodelet_manager http://pc:51220/
[rosmaster.master][INFO] 2012-12-14 21:12:34,780: +SERVICE [/camera/depth_registered/image_raw/theora/set_parameters] /camera_nodelet_manager http://pc:51220/
[rosmaster.master][INFO] 2012-12-14 21:12:34,783: +PUB [/camera/depth_registered/image_raw/theora/parameter_descriptions] /camera_nodelet_manager http://pc:51220/
[rosmaster.master][INFO] 2012-12-14 21:12:34,785: +PUB [/camera/depth_registered/image_raw/theora/parameter_updates] /camera_nodelet_manager http://pc:51220/
[rosmaster.master][INFO] 2012-12-14 21:12:34,795: +PARAM [/camera/depth_registered/image_raw/theora/optimize_for] by /camera_nodelet_manager
[rosmaster.master][INFO] 2012-12-14 21:12:34,797: +PARAM [/camera/depth_registered/image_raw/theora/target_bitrate] by /camera_nodelet_manager
[rosmaster.master][INFO] 2012-12-14 21:12:34,800: +PARAM [/camera/depth_registered/image_raw/theora/quality] by /camera_nodelet_manager
[rosmaster.master][INFO] 2012-12-14 21:12:34,802: +PARAM [/camera/depth_registered/image_raw/theora/keyframe_frequency] by /camera_nodelet_manager
[rosmaster.master][INFO] 2012-12-14 21:12:34,855: publisherUpdate[/camera/depth_registered/image_raw] -> http://pc:51220/
[rosmaster.master][INFO] 2012-12-14 21:12:37,966: +PARAM [/camera/driver/image_mode] by /camera_nodelet_manager
[rosmaster.master][INFO] 2012-12-14 21:12:37,968: +PARAM [/camera/driver/depth_mode] by /camera_nodelet_manager
[rosmaster.master][INFO] 2012-12-14 21:12:37,970: +PARAM [/camera/driver/depth_registration] by /camera_nodelet_manager
[rosmaster.master][INFO] 2012-12-14 21:12:37,972: +PARAM [/camera/driver/data_skip] by /camera_nodelet_manager
[rosmaster.master][INFO] 2012-12-14 21:12:37,975: +PARAM [/camera/driver/depth_time_offset] by /camera_nodelet_manager
[rosmaster.master][INFO] 2012-12-14 21:12:37,977: +PARAM [/camera/driver/image_time_offset] by /camera_nodelet_manager
[rosmaster.master][INFO] 2012-12-14 21:12:37,979: +PARAM [/camera/driver/depth_ir_offset_x] by /camera_nodelet_manager
[rosmaster.master][INFO] 2012-12-14 21:12:37,981: +PARAM [/camera/driver/depth_ir_offset_y] by /camera_nodelet_manager
[rosmaster.master][INFO] 2012-12-14 21:12:37,983: +PARAM [/camera/driver/z_offset_mm] by /camera_nodelet_manager
[rosmaster.master][INFO] 2012-12-14 21:12:37,990: -SUB [/camera/driver/parameter_updates] /set_dr http://pc:36388/
[rosmaster.master][INFO] 2012-12-14 21:12:37,991: -SUB [/camera/driver/parameter_descriptions] /set_dr http://pc:36388/
[rosmaster.master][INFO] 2012-12-14 21:12:37,992: -PUB [/rosout] /set_dr http://pc:36388/
[rosmaster.master][INFO] 2012-12-14 21:12:38,063: publisherUpdate[/rosout] -> http://pc:45153/
[rosmaster.master][INFO] 2012-12-14 21:12:41,458: -SUB [/camera/depth_registered/image_rect] /depth_detection http://pc:59115/
[rosmaster.master][INFO] 2012-12-14 21:12:41,458: -SUB [/camera/rgb/image_rect_color] /depth_detection http://pc:59115/
[rosmaster.master][INFO] 2012-12-14 21:12:41,458: -PUB [/rosout] /depth_detection http://pc:59115/
[rosmaster.master][INFO] 2012-12-14 21:12:41,465: -SUB [/camera/rgb/image_color] /camera_nodelet_manager http://pc:51220/
[rosmaster.master][INFO] 2012-12-14 21:12:41,469: publisherUpdate[/rosout] -> http://pc:45153/
[rosmaster.master][INFO] 2012-12-14 21:12:41,471: -PUB [/camera/depth_registered/disparity] /camera_nodelet_manager http://pc:51220/
[rosmaster.master][INFO] 2012-12-14 21:12:41,472: -SUB [/camera/rgb/image_raw] /camera_nodelet_manager http://pc:51220/
[rosmaster.master][INFO] 2012-12-14 21:12:41,478: -PUB [/camera/depth/disparity] /camera_nodelet_manager http://pc:51220/
[rosmaster.master][INFO] 2012-12-14 21:12:41,479: -SUB [/camera/depth_registered/image_rect_raw] /camera_nodelet_manager http://pc:51220/
[rosmaster.master][INFO] 2012-12-14 21:12:41,481: -SUB [/camera/depth_registered/image_raw] /camera_nodelet_manager http://pc:51220/
[rosmaster.master][INFO] 2012-12-14 21:12:41,482: -PUB [/camera/depth_registered/points] /camera_nodelet_manager http://pc:51220/
[rosmaster.master][INFO] 2012-12-14 21:12:41,483: -SUB [/camera/depth_registered/camera_info] /camera_nodelet_manager http://pc:51220/
[rosmaster.master][INFO] 2012-12-14 21:12:41,485: -SUB [/camera/depth/image_rect_raw] /camera_nodelet_manager http://pc:51220/
[rosmaster.master][INFO] 2012-12-14 21:12:41,486: -SUB [/camera/rgb/camera_info] /camera_nodelet_manager http://pc:51220/
[rosmaster.master][INFO] 2012-12-14 21:12:41,487: -SUB [/camera/depth/image_raw] /camera_nodelet_manager http://pc:51220/
[rosmaster.master][INFO] 2012-12-14 21:12:41,488: -SUB [/camera/depth/camera_info] /camera_nodelet_manager http://pc:51220/
[rosmaster.master][INFO] 2012-12-14 21:12:41,549: -PUB [/rosout] /camera/points_xyzrgb_depth_rgb http://pc:36305/
[rosmaster.master][INFO] 2012-12-14 21:12:41,553: -PUB [/rosout] /camera/disparity_depth_registered http://pc:56415/
[rosmaster.master][INFO] 2012-12-14 21:12:41,557: -PUB [/rosout] /camera/depth_registered/metric_rect http://pc:41610/
[rosmaster.master][INFO] 2012-12-14 21:12:41,559: -SERVICE [/camera/points_xyzrgb_depth_rgb/get_loggers] /camera/points_xyzrgb_depth_rgb rosrpc://pc:43197
[rosmaster.master][INFO] 2012-12-14 21:12:41,560: -SERVICE [/camera/disparity_depth_registered/get_loggers] /camera/disparity_depth_registered rosrpc://pc:58044
[rosmaster.master][INFO] 2012-12-14 21:12:41,562: -SERVICE [/camera/depth_registered/metric_rect/get_loggers] /camera/depth_registered/metric_rect rosrpc://pc:39967
[rosmaster.master][INFO] 2012-12-14 21:12:41,565: -SERVICE [/camera/points_xyzrgb_depth_rgb/set_logger_level] /camera/points_xyzrgb_depth_rgb rosrpc://pc:43197
[rosmaster.master][INFO] 2012-12-14 21:12:41,567: -SERVICE [/camera/disparity_depth_registered/set_logger_level] /camera/disparity_depth_registered rosrpc://pc:58044
[rosmaster.master][INFO] 2012-12-14 21:12:41,569: -SERVICE [/camera/depth_registered/metric_rect/set_logger_level] /camera/depth_registered/metric_rect rosrpc://pc:39967
[rosmaster.master][INFO] 2012-12-14 21:12:41,572: publisherUpdate[/rosout] -> http://pc:45153/
[rosmaster.master][INFO] 2012-12-14 21:12:41,576: publisherUpdate[/rosout] -> http://pc:45153/
[rosmaster.master][INFO] 2012-12-14 21:12:41,579: publisherUpdate[/rosout] -> http://pc:45153/
[rosmaster.master][INFO] 2012-12-14 21:12:41,645: -PUB [/rosout] /camera_base_link http://pc:50238/
[rosmaster.master][INFO] 2012-12-14 21:12:41,648: -PUB [/rosout] /camera_base_link3 http://pc:52690/
[rosmaster.master][INFO] 2012-12-14 21:12:41,653: -PUB [/rosout] /camera_base_link2 http://pc:49675/
[rosmaster.master][INFO] 2012-12-14 21:12:41,655: -PUB [/rosout] /camera/disparity_depth http://pc:34128/
[rosmaster.master][INFO] 2012-12-14 21:12:41,657: -PUB [/tf] /camera_base_link http://pc:50238/
[rosmaster.master][INFO] 2012-12-14 21:12:41,661: -PUB [/tf] /camera_base_link3 http://pc:52690/
[rosmaster.master][INFO] 2012-12-14 21:12:41,662: -SERVICE [/camera/disparity_depth/get_loggers] /camera/disparity_depth rosrpc://pc:48790
[rosmaster.master][INFO] 2012-12-14 21:12:41,663: -PUB [/rosout] /camera/depth_registered/metric http://pc:40505/
[rosmaster.master][INFO] 2012-12-14 21:12:41,664: -PUB [/tf] /camera_base_link2 http://pc:49675/
[rosmaster.master][INFO] 2012-12-14 21:12:41,665: -PUB [/rosout] /camera_base_link1 http://pc:45245/
[rosmaster.master][INFO] 2012-12-14 21:12:41,666: -SERVICE [/camera_base_link3/get_loggers] /camera_base_link3 rosrpc://pc:39319
[rosmaster.master][INFO] 2012-12-14 21:12:41,666: -SERVICE [/camera_base_link/get_loggers] /camera_base_link rosrpc://pc:49296
[rosmaster.master][INFO] 2012-12-14 21:12:41,667: -SERVICE [/camera/disparity_depth/set_logger_level] /camera/disparity_depth rosrpc://pc:48790
[rosmaster.master][INFO] 2012-12-14 21:12:41,668: -SERVICE [/camera/depth_registered/metric/get_loggers] /camera/depth_registered/metric rosrpc://pc:58763
[rosmaster.master][INFO] 2012-12-14 21:12:41,670: -PUB [/tf] /camera_base_link1 http://pc:45245/
[rosmaster.master][INFO] 2012-12-14 21:12:41,671: -SERVICE [/camera_base_link/set_logger_level] /camera_base_link rosrpc://pc:49296
[rosmaster.master][INFO] 2012-12-14 21:12:41,672: publisherUpdate[/rosout] -> http://pc:45153/
[rosmaster.master][INFO] 2012-12-14 21:12:41,672: -SERVICE [/camera_base_link2/get_loggers] /camera_base_link2 rosrpc://pc:59353
[rosmaster.master][INFO] 2012-12-14 21:12:41,673: publisherUpdate[/tf] -> http://pc:51220/
[rosmaster.master][INFO] 2012-12-14 21:12:41,674: -SERVICE [/camera_base_link3/set_logger_level] /camera_base_link3 rosrpc://pc:39319
[rosmaster.master][INFO] 2012-12-14 21:12:41,675: publisherUpdate[/rosout] -> http://pc:45153/
[rosmaster.master][INFO] 2012-12-14 21:12:41,677: publisherUpdate[/tf] -> http://pc:51220/
[rosmaster.master][INFO] 2012-12-14 21:12:41,680: -SERVICE [/camera/depth_registered/metric/set_logger_level] /camera/depth_registered/metric rosrpc://pc:58763
[rosmaster.master][INFO] 2012-12-14 21:12:41,681: publisherUpdate[/rosout] -> http://pc:45153/
[rosmaster.master][INFO] 2012-12-14 21:12:41,683: publisherUpdate[/rosout] -> http://pc:45153/
[rosmaster.master][INFO] 2012-12-14 21:12:41,684: -SERVICE [/camera_base_link1/get_loggers] /camera_base_link1 rosrpc://pc:33794
[rosmaster.master][INFO] 2012-12-14 21:12:41,686: publisherUpdate[/tf] -> http://pc:51220/
[rosmaster.master][INFO] 2012-12-14 21:12:41,686: publisherUpdate[/rosout] -> http://pc:45153/
[rosmaster.master][INFO] 2012-12-14 21:12:41,687: publisherUpdate[/tf] -> http://pc:51220/
[rosmaster.master][INFO] 2012-12-14 21:12:41,689: publisherUpdate[/rosout] -> http://pc:45153/
[rosmaster.master][INFO] 2012-12-14 21:12:41,690: -SERVICE [/camera_base_link2/set_logger_level] /camera_base_link2 rosrpc://pc:59353
[rosmaster.master][INFO] 2012-12-14 21:12:41,696: -PUB [/camera/depth_registered/rectify_depth/parameter_descriptions] /camera_nodelet_manager http://pc:51220/
[rosmaster.master][INFO] 2012-12-14 21:12:41,696: -SERVICE [/camera_base_link1/set_logger_level] /camera_base_link1 rosrpc://pc:33794
[rosmaster.master][INFO] 2012-12-14 21:12:41,697: -PUB [/camera/depth_registered/rectify_depth/parameter_updates] /camera_nodelet_manager http://pc:51220/
[rosmaster.master][INFO] 2012-12-14 21:12:41,699: -SERVICE [/camera/depth_registered/rectify_depth/set_parameters] /camera_nodelet_manager rosrpc://pc:41008
[rosmaster.master][INFO] 2012-12-14 21:12:41,700: -SERVICE [/camera/depth_registered/image_rect_raw/compressed/set_parameters] /camera_nodelet_manager rosrpc://pc:41008
[rosmaster.master][INFO] 2012-12-14 21:12:41,703: -SERVICE [/camera/depth_registered/image_rect_raw/theora/set_parameters] /camera_nodelet_manager rosrpc://pc:41008
[rosmaster.master][INFO] 2012-12-14 21:12:41,708: -SUB [/tf] /camera_nodelet_manager http://pc:51220/
[rosmaster.master][INFO] 2012-12-14 21:12:41,710: -SERVICE [/camera_nodelet_manager/tf_frames] /camera_nodelet_manager rosrpc://pc:41008
[rosmaster.master][INFO] 2012-12-14 21:12:41,750: -PUB [/rosout] /camera/depth_registered/rectify_depth http://pc:33483/
[rosmaster.master][INFO] 2012-12-14 21:12:41,754: -SERVICE [/camera/depth_registered/rectify_depth/get_loggers] /camera/depth_registered/rectify_depth rosrpc://pc:43719
[rosmaster.master][INFO] 2012-12-14 21:12:41,757: -SERVICE [/camera/depth_registered/rectify_depth/set_logger_level] /camera/depth_registered/rectify_depth rosrpc://pc:43719
[rosmaster.master][INFO] 2012-12-14 21:12:41,760: -PUB [/camera/depth/points] /camera_nodelet_manager http://pc:51220/
[rosmaster.master][INFO] 2012-12-14 21:12:41,785: publisherUpdate[/rosout] -> http://pc:45153/
[rosmaster.master][INFO] 2012-12-14 21:12:41,849: -PUB [/rosout] /camera/depth/points http://pc:57814/
[rosmaster.master][INFO] 2012-12-14 21:12:41,853: -PUB [/rosout] /camera/register_depth_rgb http://pc:46220/
[rosmaster.master][INFO] 2012-12-14 21:12:41,855: -SERVICE [/camera/depth/points/get_loggers] /camera/depth/points rosrpc://pc:50440
[rosmaster.master][INFO] 2012-12-14 21:12:41,859: -SERVICE [/camera/register_depth_rgb/get_loggers] /camera/register_depth_rgb rosrpc://pc:40791
[rosmaster.master][INFO] 2012-12-14 21:12:41,862: -SERVICE [/camera/depth/points/set_logger_level] /camera/depth/points rosrpc://pc:50440
[rosmaster.master][INFO] 2012-12-14 21:12:41,868: -SERVICE [/camera/register_depth_rgb/set_logger_level] /camera/register_depth_rgb rosrpc://pc:40791
[rosmaster.master][INFO] 2012-12-14 21:12:41,886: -PUB [/camera/depth/rectify_depth/parameter_descriptions] /camera_nodelet_manager http://pc:51220/
[rosmaster.master][INFO] 2012-12-14 21:12:41,887: publisherUpdate[/rosout] -> http://pc:45153/
[rosmaster.master][INFO] 2012-12-14 21:12:41,891: publisherUpdate[/rosout] -> http://pc:45153/
[rosmaster.master][INFO] 2012-12-14 21:12:41,900: -PUB [/camera/depth/rectify_depth/parameter_updates] /camera_nodelet_manager http://pc:51220/
[rosmaster.master][INFO] 2012-12-14 21:12:41,903: -SERVICE [/camera/depth/rectify_depth/set_parameters] /camera_nodelet_manager rosrpc://pc:41008
[rosmaster.master][INFO] 2012-12-14 21:12:41,907: -PUB [/camera/ir/rectify_ir/parameter_descriptions] /camera_nodelet_manager http://pc:51220/
[rosmaster.master][INFO] 2012-12-14 21:12:41,910: -PUB [/camera/ir/rectify_ir/parameter_updates] /camera_nodelet_manager http://pc:51220/
[rosmaster.master][INFO] 2012-12-14 21:12:41,913: -SERVICE [/camera/ir/rectify_ir/set_parameters] /camera_nodelet_manager rosrpc://pc:41008
[rosmaster.master][INFO] 2012-12-14 21:12:41,915: -PUB [/camera/rgb/rectify_color/parameter_descriptions] /camera_nodelet_manager http://pc:51220/
[rosmaster.master][INFO] 2012-12-14 21:12:41,917: -PUB [/camera/rgb/rectify_color/parameter_updates] /camera_nodelet_manager http://pc:51220/
[rosmaster.master][INFO] 2012-12-14 21:12:41,920: -SERVICE [/camera/rgb/rectify_color/set_parameters] /camera_nodelet_manager rosrpc://pc:41008
[rosmaster.master][INFO] 2012-12-14 21:12:41,922: -PUB [/camera/rgb/rectify_mono/parameter_descriptions] /camera_nodelet_manager http://pc:51220/
[rosmaster.master][INFO] 2012-12-14 21:12:41,925: -PUB [/camera/rgb/rectify_mono/parameter_updates] /camera_nodelet_manager http://pc:51220/
[rosmaster.master][INFO] 2012-12-14 21:12:41,928: -SERVICE [/camera/rgb/rectify_mono/set_parameters] /camera_nodelet_manager rosrpc://pc:41008
[rosmaster.master][INFO] 2012-12-14 21:12:41,931: -PUB [/camera/rgb/debayer/parameter_descriptions] /camera_nodelet_manager http://pc:51220/
[rosmaster.master][INFO] 2012-12-14 21:12:41,933: -PUB [/camera/rgb/debayer/parameter_updates] /camera_nodelet_manager http://pc:51220/
[rosmaster.master][INFO] 2012-12-14 21:12:41,935: -SERVICE [/camera/rgb/debayer/set_parameters] /camera_nodelet_manager rosrpc://pc:41008
[rosmaster.master][INFO] 2012-12-14 21:12:41,953: -PUB [/rosout] /camera/depth/rectify_depth http://pc:34563/
[rosmaster.master][INFO] 2012-12-14 21:12:41,956: -PUB [/rosout] /camera/depth/metric_rect http://pc:59214/
[rosmaster.master][INFO] 2012-12-14 21:12:41,959: -PUB [/rosout] /camera/depth/metric http://pc:49844/
[rosmaster.master][INFO] 2012-12-14 21:12:41,962: -SERVICE [/camera/depth/rectify_depth/get_loggers] /camera/depth/rectify_depth rosrpc://pc:51770
[rosmaster.master][INFO] 2012-12-14 21:12:41,965: -SERVICE [/camera/depth/metric_rect/get_loggers] /camera/depth/metric_rect rosrpc://pc:39213
[rosmaster.master][INFO] 2012-12-14 21:12:41,968: -SERVICE [/camera/depth/metric/get_loggers] /camera/depth/metric rosrpc://pc:53885
[rosmaster.master][INFO] 2012-12-14 21:12:41,970: -SERVICE [/camera/depth/rectify_depth/set_logger_level] /camera/depth/rectify_depth rosrpc://pc:51770
[rosmaster.master][INFO] 2012-12-14 21:12:41,975: -SERVICE [/camera/depth/metric_rect/set_logger_level] /camera/depth/metric_rect rosrpc://pc:39213
[rosmaster.master][INFO] 2012-12-14 21:12:41,977: -SERVICE [/camera/depth/metric/set_logger_level] /camera/depth/metric rosrpc://pc:53885
[rosmaster.master][INFO] 2012-12-14 21:12:41,990: publisherUpdate[/rosout] -> http://pc:45153/
[rosmaster.master][INFO] 2012-12-14 21:12:41,992: publisherUpdate[/rosout] -> http://pc:45153/
[rosmaster.master][INFO] 2012-12-14 21:12:41,994: publisherUpdate[/rosout] -> http://pc:45153/
[rosmaster.master][INFO] 2012-12-14 21:12:42,052: -PUB [/rosout] /camera/ir/rectify_ir http://pc:43538/
[rosmaster.master][INFO] 2012-12-14 21:12:42,054: -PUB [/rosout] /camera/rgb/debayer http://pc:42101/
[rosmaster.master][INFO] 2012-12-14 21:12:42,055: -PUB [/rosout] /camera/rgb/rectify_color http://pc:54069/
[rosmaster.master][INFO] 2012-12-14 21:12:42,056: -PUB [/rosout] /camera/rgb/rectify_mono http://pc:50115/
[rosmaster.master][INFO] 2012-12-14 21:12:42,058: -SERVICE [/camera/rgb/debayer/get_loggers] /camera/rgb/debayer rosrpc://pc:35111
[rosmaster.master][INFO] 2012-12-14 21:12:42,058: -SERVICE [/camera/ir/rectify_ir/get_loggers] /camera/ir/rectify_ir rosrpc://pc:59290
[rosmaster.master][INFO] 2012-12-14 21:12:42,059: -SERVICE [/camera/rgb/rectify_color/get_loggers] /camera/rgb/rectify_color rosrpc://pc:50630
[rosmaster.master][INFO] 2012-12-14 21:12:42,060: -SERVICE [/camera/rgb/rectify_mono/get_loggers] /camera/rgb/rectify_mono rosrpc://pc:37903
[rosmaster.master][INFO] 2012-12-14 21:12:42,063: -SERVICE [/camera/ir/rectify_ir/set_logger_level] /camera/ir/rectify_ir rosrpc://pc:59290
[rosmaster.master][INFO] 2012-12-14 21:12:42,064: -SERVICE [/camera/rgb/rectify_color/set_logger_level] /camera/rgb/rectify_color rosrpc://pc:50630
[rosmaster.master][INFO] 2012-12-14 21:12:42,064: -SERVICE [/camera/rgb/rectify_mono/set_logger_level] /camera/rgb/rectify_mono rosrpc://pc:37903
[rosmaster.master][INFO] 2012-12-14 21:12:42,066: -SERVICE [/camera/rgb/debayer/set_logger_level] /camera/rgb/debayer rosrpc://pc:35111
[rosmaster.master][INFO] 2012-12-14 21:12:42,089: -PUB [/rosout] /camera_nodelet_manager http://pc:51220/
[rosmaster.master][INFO] 2012-12-14 21:12:42,090: -PUB [/camera/rgb/image_rect_color/compressed] /camera_nodelet_manager http://pc:51220/
[rosmaster.master][INFO] 2012-12-14 21:12:42,091: -PUB [/camera/rgb/image_rect_color/compressed/parameter_descriptions] /camera_nodelet_manager http://pc:51220/
[rosmaster.master][INFO] 2012-12-14 21:12:42,092: -PUB [/camera/rgb/image_rect_color/compressed/parameter_updates] /camera_nodelet_manager http://pc:51220/
[rosmaster.master][INFO] 2012-12-14 21:12:42,092: publisherUpdate[/rosout] -> http://pc:45153/
[rosmaster.master][INFO] 2012-12-14 21:12:42,093: -PUB [/camera/rgb/image_rect_color] /camera_nodelet_manager http://pc:51220/
[rosmaster.master][INFO] 2012-12-14 21:12:42,094: publisherUpdate[/rosout] -> http://pc:45153/
[rosmaster.master][INFO] 2012-12-14 21:12:42,095: -PUB [/camera/rgb/image_rect_color/theora] /camera_nodelet_manager http://pc:51220/
[rosmaster.master][INFO] 2012-12-14 21:12:42,096: publisherUpdate[/rosout] -> http://pc:45153/
[rosmaster.master][INFO] 2012-12-14 21:12:42,097: -PUB [/camera/rgb/image_rect_color/theora/parameter_descriptions] /camera_nodelet_manager http://pc:51220/
[rosmaster.master][INFO] 2012-12-14 21:12:42,097: publisherUpdate[/rosout] -> http://pc:45153/
[rosmaster.master][INFO] 2012-12-14 21:12:42,098: publisherUpdate[/rosout] -> http://pc:45153/
[rosmaster.master][INFO] 2012-12-14 21:12:42,099: -PUB [/camera/rgb/image_rect_color/theora/parameter_updates] /camera_nodelet_manager http://pc:51220/
[rosmaster.master][INFO] 2012-12-14 21:12:42,100: -PUB [/camera/ir/image_rect/compressed] /camera_nodelet_manager http://pc:51220/
[rosmaster.master][INFO] 2012-12-14 21:12:42,101: -PUB [/camera/ir/image_rect/compressed/parameter_descriptions] /camera_nodelet_manager http://pc:51220/
[rosmaster.master][INFO] 2012-12-14 21:12:42,102: -PUB [/camera/ir/image_rect/compressed/parameter_updates] /camera_nodelet_manager http://pc:51220/
[rosmaster.master][INFO] 2012-12-14 21:12:42,103: -PUB [/camera/ir/image_rect] /camera_nodelet_manager http://pc:51220/
[rosmaster.master][INFO] 2012-12-14 21:12:42,104: -PUB [/camera/ir/image_rect/theora] /camera_nodelet_manager http://pc:51220/
[rosmaster.master][INFO] 2012-12-14 21:12:42,104: -PUB [/camera/ir/image_rect/theora/parameter_descriptions] /camera_nodelet_manager http://pc:51220/
[rosmaster.master][INFO] 2012-12-14 21:12:42,105: -PUB [/camera/ir/image_rect/theora/parameter_updates] /camera_nodelet_manager http://pc:51220/
[rosmaster.master][INFO] 2012-12-14 21:12:42,106: -PUB [/camera/depth/image/compressed] /camera_nodelet_manager http://pc:51220/
[rosmaster.master][INFO] 2012-12-14 21:12:42,107: -PUB [/camera/depth/image/compressed/parameter_descriptions] /camera_nodelet_manager http://pc:51220/
[rosmaster.master][INFO] 2012-12-14 21:12:42,108: -PUB [/camera/depth/image/compressed/parameter_updates] /camera_nodelet_manager http://pc:51220/
[rosmaster.master][INFO] 2012-12-14 21:12:42,109: -PUB [/camera/depth/image] /camera_nodelet_manager http://pc:51220/
[rosmaster.master][INFO] 2012-12-14 21:12:42,110: -PUB [/camera/depth/image/theora] /camera_nodelet_manager http://pc:51220/
[rosmaster.master][INFO] 2012-12-14 21:12:42,111: -PUB [/camera/depth/image/theora/parameter_descriptions] /camera_nodelet_manager http://pc:51220/
[rosmaster.master][INFO] 2012-12-14 21:12:42,112: -PUB [/camera/depth/image/theora/parameter_updates] /camera_nodelet_manager http://pc:51220/
[rosmaster.master][INFO] 2012-12-14 21:12:42,113: -PUB [/camera/depth/image_rect/compressed] /camera_nodelet_manager http://pc:51220/
[rosmaster.master][INFO] 2012-12-14 21:12:42,113: -PUB [/camera/depth/image_rect/compressed/parameter_descriptions] /camera_nodelet_manager http://pc:51220/
[rosmaster.master][INFO] 2012-12-14 21:12:42,114: -PUB [/camera/depth/image_rect/compressed/parameter_updates] /camera_nodelet_manager http://pc:51220/
[rosmaster.master][INFO] 2012-12-14 21:12:42,115: -PUB [/camera/depth/image_rect] /camera_nodelet_manager http://pc:51220/
[rosmaster.master][INFO] 2012-12-14 21:12:42,116: -PUB [/camera/depth/image_rect/theora] /camera_nodelet_manager http://pc:51220/
[rosmaster.master][INFO] 2012-12-14 21:12:42,117: -PUB [/camera/depth/image_rect/theora/parameter_descriptions] /camera_nodelet_manager http://pc:51220/
[rosmaster.master][INFO] 2012-12-14 21:12:42,118: -PUB [/camera/depth/image_rect/theora/parameter_updates] /camera_nodelet_manager http://pc:51220/
[rosmaster.master][INFO] 2012-12-14 21:12:42,119: -PUB [/camera/depth/image_rect_raw/compressed] /camera_nodelet_manager http://pc:51220/
[rosmaster.master][INFO] 2012-12-14 21:12:42,120: -PUB [/camera/depth/image_rect_raw/compressed/parameter_descriptions] /camera_nodelet_manager http://pc:51220/
[rosmaster.master][INFO] 2012-12-14 21:12:42,120: -PUB [/camera/depth/image_rect_raw/compressed/parameter_updates] /camera_nodelet_manager http://pc:51220/
[rosmaster.master][INFO] 2012-12-14 21:12:42,121: -PUB [/camera/depth/image_rect_raw] /camera_nodelet_manager http://pc:51220/
[rosmaster.master][INFO] 2012-12-14 21:12:42,122: -PUB [/camera/depth/image_rect_raw/theora] /camera_nodelet_manager http://pc:51220/
[rosmaster.master][INFO] 2012-12-14 21:12:42,123: -PUB [/camera/depth/image_rect_raw/theora/parameter_descriptions] /camera_nodelet_manager http://pc:51220/
[rosmaster.master][INFO] 2012-12-14 21:12:42,124: -PUB [/camera/depth/image_rect_raw/theora/parameter_updates] /camera_nodelet_manager http://pc:51220/
[rosmaster.master][INFO] 2012-12-14 21:12:42,125: -PUB [/camera/depth_registered/image_rect_raw/compressed] /camera_nodelet_manager http://pc:51220/
[rosmaster.master][INFO] 2012-12-14 21:12:42,125: -PUB [/camera/depth_registered/image_rect_raw/compressed/parameter_descriptions] /camera_nodelet_manager http://pc:51220/
[rosmaster.master][INFO] 2012-12-14 21:12:42,126: -PUB [/camera/depth_registered/image_rect_raw/compressed/parameter_updates] /camera_nodelet_manager http://pc:51220/
[rosmaster.master][INFO] 2012-12-14 21:12:42,127: -PUB [/camera/depth_registered/image_rect_raw] /camera_nodelet_manager http://pc:51220/
[rosmaster.master][INFO] 2012-12-14 21:12:42,128: -PUB [/camera/depth_registered/image_rect_raw/theora] /camera_nodelet_manager http://pc:51220/
[rosmaster.master][INFO] 2012-12-14 21:12:42,129: -PUB [/camera/depth_registered/image_rect_raw/theora/parameter_descriptions] /camera_nodelet_manager http://pc:51220/
[rosmaster.master][INFO] 2012-12-14 21:12:42,130: -PUB [/camera/depth_registered/image_rect_raw/theora/parameter_updates] /camera_nodelet_manager http://pc:51220/
[rosmaster.master][INFO] 2012-12-14 21:12:42,131: -PUB [/camera/depth_registered/camera_info] /camera_nodelet_manager http://pc:51220/
[rosmaster.master][INFO] 2012-12-14 21:12:42,131: -PUB [/camera/depth_registered/image/compressed] /camera_nodelet_manager http://pc:51220/
[rosmaster.master][INFO] 2012-12-14 21:12:42,132: -PUB [/camera/depth_registered/image/compressed/parameter_descriptions] /camera_nodelet_manager http://pc:51220/
[rosmaster.master][INFO] 2012-12-14 21:12:42,133: -PUB [/camera/depth_registered/image/compressed/parameter_updates] /camera_nodelet_manager http://pc:51220/
[rosmaster.master][INFO] 2012-12-14 21:12:42,134: -PUB [/camera/depth_registered/image] /camera_nodelet_manager http://pc:51220/
[rosmaster.master][INFO] 2012-12-14 21:12:42,135: -PUB [/camera/depth_registered/image/theora] /camera_nodelet_manager http://pc:51220/
[rosmaster.master][INFO] 2012-12-14 21:12:42,136: -PUB [/camera/depth_registered/image/theora/parameter_descriptions] /camera_nodelet_manager http://pc:51220/
[rosmaster.master][INFO] 2012-12-14 21:12:42,137: -PUB [/camera/depth_registered/image/theora/parameter_updates] /camera_nodelet_manager http://pc:51220/
[rosmaster.master][INFO] 2012-12-14 21:12:42,138: -PUB [/camera/rgb/image_rect/compressed] /camera_nodelet_manager http://pc:51220/
[rosmaster.master][INFO] 2012-12-14 21:12:42,139: -PUB [/camera/rgb/image_rect/compressed/parameter_descriptions] /camera_nodelet_manager http://pc:51220/
[rosmaster.master][INFO] 2012-12-14 21:12:42,140: -PUB [/camera/rgb/image_rect/compressed/parameter_updates] /camera_nodelet_manager http://pc:51220/
[rosmaster.master][INFO] 2012-12-14 21:12:42,141: -PUB [/camera/rgb/image_rect] /camera_nodelet_manager http://pc:51220/
[rosmaster.master][INFO] 2012-12-14 21:12:42,141: -PUB [/camera/rgb/image_rect/theora] /camera_nodelet_manager http://pc:51220/
[rosmaster.master][INFO] 2012-12-14 21:12:42,142: -PUB [/camera/rgb/image_rect/theora/parameter_descriptions] /camera_nodelet_manager http://pc:51220/
[rosmaster.master][INFO] 2012-12-14 21:12:42,143: -PUB [/camera/rgb/image_rect/theora/parameter_updates] /camera_nodelet_manager http://pc:51220/
[rosmaster.master][INFO] 2012-12-14 21:12:42,144: -PUB [/camera/depth_registered/image_rect/compressed] /camera_nodelet_manager http://pc:51220/
[rosmaster.master][INFO] 2012-12-14 21:12:42,145: -PUB [/camera/depth_registered/image_rect/compressed/parameter_descriptions] /camera_nodelet_manager http://pc:51220/
[rosmaster.master][INFO] 2012-12-14 21:12:42,145: -PUB [/camera/depth_registered/image_rect/compressed/parameter_updates] /camera_nodelet_manager http://pc:51220/
[rosmaster.master][INFO] 2012-12-14 21:12:42,146: -PUB [/camera/depth_registered/image_rect] /camera_nodelet_manager http://pc:51220/
[rosmaster.master][INFO] 2012-12-14 21:12:42,147: -PUB [/camera/depth_registered/image_rect/theora] /camera_nodelet_manager http://pc:51220/
[rosmaster.master][INFO] 2012-12-14 21:12:42,148: -PUB [/camera/depth_registered/image_rect/theora/parameter_descriptions] /camera_nodelet_manager http://pc:51220/
[rosmaster.master][INFO] 2012-12-14 21:12:42,149: -PUB [/camera/depth_registered/image_rect/theora/parameter_updates] /camera_nodelet_manager http://pc:51220/
[rosmaster.master][INFO] 2012-12-14 21:12:42,150: -PUB [/camera/rgb/image_mono/compressed] /camera_nodelet_manager http://pc:51220/
[rosmaster.master][INFO] 2012-12-14 21:12:42,151: -PUB [/camera/rgb/image_mono/compressed/parameter_descriptions] /camera_nodelet_manager http://pc:51220/
[rosmaster.master][INFO] 2012-12-14 21:12:42,152: -PUB [/camera/rgb/image_mono/compressed/parameter_updates] /camera_nodelet_manager http://pc:51220/
[rosmaster.master][INFO] 2012-12-14 21:12:42,152: -PUB [/camera/rgb/image_mono] /camera_nodelet_manager http://pc:51220/
[rosmaster.master][INFO] 2012-12-14 21:12:42,153: -PUB [/camera/rgb/image_mono/theora] /camera_nodelet_manager http://pc:51220/
[rosmaster.master][INFO] 2012-12-14 21:12:42,154: -PUB [/camera/rgb/image_mono/theora/parameter_descriptions] /camera_nodelet_manager http://pc:51220/
[rosmaster.master][INFO] 2012-12-14 21:12:42,155: -PUB [/camera/rgb/image_mono/theora/parameter_updates] /camera_nodelet_manager http://pc:51220/
[rosmaster.master][INFO] 2012-12-14 21:12:42,156: -PUB [/camera/rgb/image_color/compressed] /camera_nodelet_manager http://pc:51220/
[rosmaster.master][INFO] 2012-12-14 21:12:42,157: -PUB [/camera/rgb/image_color/compressed/parameter_descriptions] /camera_nodelet_manager http://pc:51220/
[rosmaster.master][INFO] 2012-12-14 21:12:42,158: -PUB [/camera/rgb/image_color/compressed/parameter_updates] /camera_nodelet_manager http://pc:51220/
[rosmaster.master][INFO] 2012-12-14 21:12:42,159: -PUB [/camera/rgb/image_color] /camera_nodelet_manager http://pc:51220/
[rosmaster.master][INFO] 2012-12-14 21:12:42,160: -PUB [/camera/rgb/image_color/theora] /camera_nodelet_manager http://pc:51220/
[rosmaster.master][INFO] 2012-12-14 21:12:42,161: -PUB [/camera/rgb/image_color/theora/parameter_descriptions] /camera_nodelet_manager http://pc:51220/
[rosmaster.master][INFO] 2012-12-14 21:12:42,162: -PUB [/camera/rgb/image_color/theora/parameter_updates] /camera_nodelet_manager http://pc:51220/
[rosmaster.master][INFO] 2012-12-14 21:12:42,164: -PUB [/camera/driver/parameter_descriptions] /camera_nodelet_manager http://pc:51220/
[rosmaster.master][INFO] 2012-12-14 21:12:42,165: -PUB [/camera/driver/parameter_updates] /camera_nodelet_manager http://pc:51220/
[rosmaster.master][INFO] 2012-12-14 21:12:42,166: -PUB [/camera/rgb/image_raw/compressed] /camera_nodelet_manager http://pc:51220/
[rosmaster.master][INFO] 2012-12-14 21:12:42,167: -PUB [/camera/rgb/image_raw/compressed/parameter_descriptions] /camera_nodelet_manager http://pc:51220/
[rosmaster.master][INFO] 2012-12-14 21:12:42,168: -PUB [/camera/rgb/image_raw/compressed/parameter_updates] /camera_nodelet_manager http://pc:51220/
[rosmaster.master][INFO] 2012-12-14 21:12:42,169: -PUB [/camera/rgb/image_raw] /camera_nodelet_manager http://pc:51220/
[rosmaster.master][INFO] 2012-12-14 21:12:42,170: -PUB [/camera/rgb/image_raw/theora] /camera_nodelet_manager http://pc:51220/
[rosmaster.master][INFO] 2012-12-14 21:12:42,171: -PUB [/camera/rgb/image_raw/theora/parameter_descriptions] /camera_nodelet_manager http://pc:51220/
[rosmaster.master][INFO] 2012-12-14 21:12:42,171: -PUB [/camera/rgb/image_raw/theora/parameter_updates] /camera_nodelet_manager http://pc:51220/
[rosmaster.master][INFO] 2012-12-14 21:12:42,172: -PUB [/camera/rgb/camera_info] /camera_nodelet_manager http://pc:51220/
[rosmaster.master][INFO] 2012-12-14 21:12:42,173: -PUB [/camera/ir/image_raw/compressed] /camera_nodelet_manager http://pc:51220/
[rosmaster.master][INFO] 2012-12-14 21:12:42,174: -PUB [/camera/ir/image_raw/compressed/parameter_descriptions] /camera_nodelet_manager http://pc:51220/
[rosmaster.master][INFO] 2012-12-14 21:12:42,175: -PUB [/camera/ir/image_raw/compressed/parameter_updates] /camera_nodelet_manager http://pc:51220/
[rosmaster.master][INFO] 2012-12-14 21:12:42,176: -PUB [/camera/ir/image_raw] /camera_nodelet_manager http://pc:51220/
[rosmaster.master][INFO] 2012-12-14 21:12:42,176: -PUB [/camera/ir/image_raw/theora] /camera_nodelet_manager http://pc:51220/
[rosmaster.master][INFO] 2012-12-14 21:12:42,177: -PUB [/camera/ir/image_raw/theora/parameter_descriptions] /camera_nodelet_manager http://pc:51220/
[rosmaster.master][INFO] 2012-12-14 21:12:42,178: -PUB [/camera/ir/image_raw/theora/parameter_updates] /camera_nodelet_manager http://pc:51220/
[rosmaster.master][INFO] 2012-12-14 21:12:42,179: -PUB [/camera/ir/camera_info] /camera_nodelet_manager http://pc:51220/
[rosmaster.master][INFO] 2012-12-14 21:12:42,180: -PUB [/camera/depth/image_raw/compressed] /camera_nodelet_manager http://pc:51220/
[rosmaster.master][INFO] 2012-12-14 21:12:42,181: -PUB [/camera/depth/image_raw/compressed/parameter_descriptions] /camera_nodelet_manager http://pc:51220/
[rosmaster.master][INFO] 2012-12-14 21:12:42,182: -PUB [/camera/depth/image_raw/compressed/parameter_updates] /camera_nodelet_manager http://pc:51220/
[rosmaster.master][INFO] 2012-12-14 21:12:42,183: -PUB [/camera/depth/image_raw] /camera_nodelet_manager http://pc:51220/
[rosmaster.master][INFO] 2012-12-14 21:12:42,184: -PUB [/camera/depth/image_raw/theora] /camera_nodelet_manager http://pc:51220/
[rosmaster.master][INFO] 2012-12-14 21:12:42,184: -PUB [/camera/depth/image_raw/theora/parameter_descriptions] /camera_nodelet_manager http://pc:51220/
[rosmaster.master][INFO] 2012-12-14 21:12:42,185: -PUB [/camera/depth/image_raw/theora/parameter_updates] /camera_nodelet_manager http://pc:51220/
[rosmaster.master][INFO] 2012-12-14 21:12:42,186: -PUB [/camera/depth/camera_info] /camera_nodelet_manager http://pc:51220/
[rosmaster.master][INFO] 2012-12-14 21:12:42,187: -PUB [/camera/projector/camera_info] /camera_nodelet_manager http://pc:51220/
[rosmaster.master][INFO] 2012-12-14 21:12:42,188: -PUB [/camera/depth_registered/image_raw/compressed] /camera_nodelet_manager http://pc:51220/
[rosmaster.master][INFO] 2012-12-14 21:12:42,189: -PUB [/camera/depth_registered/image_raw/compressed/parameter_descriptions] /camera_nodelet_manager http://pc:51220/
[rosmaster.master][INFO] 2012-12-14 21:12:42,189: -PUB [/camera/depth_registered/image_raw/compressed/parameter_updates] /camera_nodelet_manager http://pc:51220/
[rosmaster.master][INFO] 2012-12-14 21:12:42,190: -PUB [/camera/depth_registered/image_raw] /camera_nodelet_manager http://pc:51220/
[rosmaster.master][INFO] 2012-12-14 21:12:42,191: -PUB [/camera/depth_registered/image_raw/theora] /camera_nodelet_manager http://pc:51220/
[rosmaster.master][INFO] 2012-12-14 21:12:42,192: -PUB [/camera/depth_registered/image_raw/theora/parameter_descriptions] /camera_nodelet_manager http://pc:51220/
[rosmaster.master][INFO] 2012-12-14 21:12:42,193: -PUB [/camera/depth_registered/image_raw/theora/parameter_updates] /camera_nodelet_manager http://pc:51220/
[rosmaster.master][INFO] 2012-12-14 21:12:42,194: -SERVICE [/camera_nodelet_manager/get_loggers] /camera_nodelet_manager rosrpc://pc:41008
[rosmaster.master][INFO] 2012-12-14 21:12:42,195: -SERVICE [/camera_nodelet_manager/set_logger_level] /camera_nodelet_manager rosrpc://pc:41008
[rosmaster.master][INFO] 2012-12-14 21:12:42,196: -SERVICE [/camera_nodelet_manager/load_nodelet] /camera_nodelet_manager rosrpc://pc:41008
[rosmaster.master][INFO] 2012-12-14 21:12:42,197: -SERVICE [/camera_nodelet_manager/unload_nodelet] /camera_nodelet_manager rosrpc://pc:41008
[rosmaster.master][INFO] 2012-12-14 21:12:42,198: -SERVICE [/camera_nodelet_manager/list] /camera_nodelet_manager rosrpc://pc:41008
[rosmaster.master][INFO] 2012-12-14 21:12:42,199: -SERVICE [/camera/rgb/image_rect_color/compressed/set_parameters] /camera_nodelet_manager rosrpc://pc:41008
[rosmaster.master][INFO] 2012-12-14 21:12:42,200: -SERVICE [/camera/rgb/image_rect_color/theora/set_parameters] /camera_nodelet_manager rosrpc://pc:41008
[rosmaster.master][INFO] 2012-12-14 21:12:42,201: -SERVICE [/camera/ir/image_rect/compressed/set_parameters] /camera_nodelet_manager rosrpc://pc:41008
[rosmaster.master][INFO] 2012-12-14 21:12:42,201: -SERVICE [/camera/ir/image_rect/theora/set_parameters] /camera_nodelet_manager rosrpc://pc:41008
[rosmaster.master][INFO] 2012-12-14 21:12:42,202: -SERVICE [/camera/depth/image/compressed/set_parameters] /camera_nodelet_manager rosrpc://pc:41008
[rosmaster.master][INFO] 2012-12-14 21:12:42,203: -SERVICE [/camera/depth/image/theora/set_parameters] /camera_nodelet_manager rosrpc://pc:41008
[rosmaster.master][INFO] 2012-12-14 21:12:42,204: -SERVICE [/camera/depth/image_rect/compressed/set_parameters] /camera_nodelet_manager rosrpc://pc:41008
[rosmaster.master][INFO] 2012-12-14 21:12:42,205: -SERVICE [/camera/depth/image_rect/theora/set_parameters] /camera_nodelet_manager rosrpc://pc:41008
[rosmaster.master][INFO] 2012-12-14 21:12:42,206: -SERVICE [/camera/depth/image_rect_raw/compressed/set_parameters] /camera_nodelet_manager rosrpc://pc:41008
[rosmaster.master][INFO] 2012-12-14 21:12:42,207: -SERVICE [/camera/depth/image_rect_raw/theora/set_parameters] /camera_nodelet_manager rosrpc://pc:41008
[rosmaster.master][INFO] 2012-12-14 21:12:42,208: -SERVICE [/camera/depth_registered/image/compressed/set_parameters] /camera_nodelet_manager rosrpc://pc:41008
[rosmaster.master][INFO] 2012-12-14 21:12:42,208: -SERVICE [/camera/depth_registered/image/theora/set_parameters] /camera_nodelet_manager rosrpc://pc:41008
[rosmaster.master][INFO] 2012-12-14 21:12:42,209: -SERVICE [/camera/rgb/image_rect/compressed/set_parameters] /camera_nodelet_manager rosrpc://pc:41008
[rosmaster.master][INFO] 2012-12-14 21:12:42,210: -SERVICE [/camera/rgb/image_rect/theora/set_parameters] /camera_nodelet_manager rosrpc://pc:41008
[rosmaster.master][INFO] 2012-12-14 21:12:42,211: -SERVICE [/camera/depth_registered/image_rect/compressed/set_parameters] /camera_nodelet_manager rosrpc://pc:41008
[rosmaster.master][INFO] 2012-12-14 21:12:42,212: -SERVICE [/camera/depth_registered/image_rect/theora/set_parameters] /camera_nodelet_manager rosrpc://pc:41008
[rosmaster.master][INFO] 2012-12-14 21:12:42,213: -SERVICE [/camera/rgb/image_mono/compressed/set_parameters] /camera_nodelet_manager rosrpc://pc:41008
[rosmaster.master][INFO] 2012-12-14 21:12:42,214: -SERVICE [/camera/rgb/image_mono/theora/set_parameters] /camera_nodelet_manager rosrpc://pc:41008
[rosmaster.master][INFO] 2012-12-14 21:12:42,215: -SERVICE [/camera/rgb/image_color/compressed/set_parameters] /camera_nodelet_manager rosrpc://pc:41008
[rosmaster.master][INFO] 2012-12-14 21:12:42,216: -SERVICE [/camera/rgb/image_color/theora/set_parameters] /camera_nodelet_manager rosrpc://pc:41008
[rosmaster.master][INFO] 2012-12-14 21:12:42,217: -SERVICE [/camera/driver/set_parameters] /camera_nodelet_manager rosrpc://pc:41008
[rosmaster.master][INFO] 2012-12-14 21:12:42,217: -SERVICE [/camera/rgb/set_camera_info] /camera_nodelet_manager rosrpc://pc:41008
[rosmaster.master][INFO] 2012-12-14 21:12:42,218: -SERVICE [/camera/ir/set_camera_info] /camera_nodelet_manager rosrpc://pc:41008
[rosmaster.master][INFO] 2012-12-14 21:12:42,219: -SERVICE [/camera/rgb/image_raw/compressed/set_parameters] /camera_nodelet_manager rosrpc://pc:41008
[rosmaster.master][INFO] 2012-12-14 21:12:42,220: -SERVICE [/camera/rgb/image_raw/theora/set_parameters] /camera_nodelet_manager rosrpc://pc:41008
[rosmaster.master][INFO] 2012-12-14 21:12:42,221: -SERVICE [/camera/ir/image_raw/compressed/set_parameters] /camera_nodelet_manager rosrpc://pc:41008
[rosmaster.master][INFO] 2012-12-14 21:12:42,222: -SERVICE [/camera/ir/image_raw/theora/set_parameters] /camera_nodelet_manager rosrpc://pc:41008
[rosmaster.master][INFO] 2012-12-14 21:12:42,222: -SERVICE [/camera/depth/image_raw/compressed/set_parameters] /camera_nodelet_manager rosrpc://pc:41008
[rosmaster.master][INFO] 2012-12-14 21:12:42,223: -SERVICE [/camera/depth/image_raw/theora/set_parameters] /camera_nodelet_manager rosrpc://pc:41008
[rosmaster.master][INFO] 2012-12-14 21:12:42,224: -SERVICE [/camera/depth_registered/image_raw/compressed/set_parameters] /camera_nodelet_manager rosrpc://pc:41008
[rosmaster.master][INFO] 2012-12-14 21:12:42,225: -SERVICE [/camera/depth_registered/image_raw/theora/set_parameters] /camera_nodelet_manager rosrpc://pc:41008
[rosmaster.master][INFO] 2012-12-14 21:12:42,254: -PUB [/rosout] /camera/driver http://pc:49984/
[rosmaster.master][INFO] 2012-12-14 21:12:42,255: -SERVICE [/camera/driver/get_loggers] /camera/driver rosrpc://pc:43246
[rosmaster.master][INFO] 2012-12-14 21:12:42,256: -SERVICE [/camera/driver/set_logger_level] /camera/driver rosrpc://pc:43246
[rosmaster.master][INFO] 2012-12-14 21:12:42,297: publisherUpdate[/rosout] -> http://pc:45153/
[rosmaster.master][INFO] 2012-12-14 21:12:42,899: -PUB [/rosout_agg] /rosout http://pc:45153/
[rosmaster.master][INFO] 2012-12-14 21:12:42,900: -SUB [/rosout] /rosout http://pc:45153/
[rosmaster.master][INFO] 2012-12-14 21:12:42,901: -SERVICE [/rosout/get_loggers] /rosout rosrpc://pc:33787
[rosmaster.master][INFO] 2012-12-14 21:12:42,902: -SERVICE [/rosout/set_logger_level] /rosout rosrpc://pc:33787
[rosmaster.main][INFO] 2012-12-14 21:12:42,983: keyboard interrupt, will exit
[rosmaster.main][INFO] 2012-12-14 21:12:42,983: stopping master...
