[rosmaster.main][INFO] 2012-12-15 18:04:29,824: initialization complete, waiting for shutdown
[rosmaster.main][INFO] 2012-12-15 18:04:29,824: Starting ROS Master Node
[xmlrpc][INFO] 2012-12-15 18:04:29,825: XML-RPC server binding to 0.0.0.0
[xmlrpc][INFO] 2012-12-15 18:04:29,826: Started XML-RPC server [http://pc:11311/]
[rosmaster.master][INFO] 2012-12-15 18:04:29,827: Master initialized: port[11311], uri[http://pc:11311/]
[xmlrpc][INFO] 2012-12-15 18:04:29,827: xml rpc node: starting XML-RPC server
[rosmaster.master][INFO] 2012-12-15 18:04:29,839: +PARAM [/run_id] by /roslaunch
[rosmaster.master][INFO] 2012-12-15 18:04:29,842: +PARAM [/roslaunch/uris/host_pc__36414] by /roslaunch
[rosmaster.master][INFO] 2012-12-15 18:04:29,866: +PARAM [/rosdistro] by /roslaunch
[rosmaster.master][INFO] 2012-12-15 18:04:29,866: +PARAM [/camera/driver/rgb_frame_id] by /roslaunch
[rosmaster.master][INFO] 2012-12-15 18:04:29,867: +PARAM [/camera/disparity_depth_registered/min_range] by /roslaunch
[rosmaster.master][INFO] 2012-12-15 18:04:29,868: +PARAM [/camera/driver/rgb_camera_info_url] by /roslaunch
[rosmaster.master][INFO] 2012-12-15 18:04:29,868: +PARAM [/camera/depth_registered/rectify_depth/interpolation] by /roslaunch
[rosmaster.master][INFO] 2012-12-15 18:04:29,868: +PARAM [/camera/driver/depth_frame_id] by /roslaunch
[rosmaster.master][INFO] 2012-12-15 18:04:29,868: +PARAM [/camera/depth/rectify_depth/interpolation] by /roslaunch
[rosmaster.master][INFO] 2012-12-15 18:04:29,868: +PARAM [/camera/disparity_depth/max_range] by /roslaunch
[rosmaster.master][INFO] 2012-12-15 18:04:29,868: +PARAM [/rosversion] by /roslaunch
[rosmaster.master][INFO] 2012-12-15 18:04:29,868: +PARAM [/camera/driver/device_id] by /roslaunch
[rosmaster.master][INFO] 2012-12-15 18:04:29,868: +PARAM [/camera/driver/depth_camera_info_url] by /roslaunch
[rosmaster.master][INFO] 2012-12-15 18:04:29,869: +PARAM [/camera/disparity_depth/min_range] by /roslaunch
[rosmaster.master][INFO] 2012-12-15 18:04:29,869: +PARAM [/camera/disparity_depth_registered/max_range] by /roslaunch
[rosmaster.master][INFO] 2012-12-15 18:04:29,872: +SERVICE [/rosout/get_loggers] /rosout http://pc:56782/
[rosmaster.master][INFO] 2012-12-15 18:04:29,874: +SERVICE [/rosout/set_logger_level] /rosout http://pc:56782/
[rosmaster.master][INFO] 2012-12-15 18:04:29,877: +PUB [/rosout_agg] /rosout http://pc:56782/
[rosmaster.master][INFO] 2012-12-15 18:04:29,885: +SUB [/rosout] /rosout http://pc:56782/
[rosmaster.master][INFO] 2012-12-15 18:04:29,910: +PUB [/rosout] /camera/driver http://pc:37395/
[rosmaster.master][INFO] 2012-12-15 18:04:29,916: +SERVICE [/camera/driver/get_loggers] /camera/driver http://pc:37395/
[rosmaster.master][INFO] 2012-12-15 18:04:29,918: +PUB [/rosout] /camera/rgb/debayer http://pc:35800/
[rosmaster.master][INFO] 2012-12-15 18:04:29,920: +SERVICE [/camera/driver/set_logger_level] /camera/driver http://pc:37395/
[rosmaster.master][INFO] 2012-12-15 18:04:29,921: +SERVICE [/camera/rgb/debayer/get_loggers] /camera/rgb/debayer http://pc:35800/
[rosmaster.master][INFO] 2012-12-15 18:04:29,925: publisherUpdate[/rosout] -> http://pc:56782/
[rosmaster.master][INFO] 2012-12-15 18:04:29,936: +PUB [/rosout] /camera/rgb/rectify_mono http://pc:56192/
[rosmaster.master][INFO] 2012-12-15 18:04:29,939: publisherUpdate[/rosout] -> http://pc:56782/
[rosmaster.master][INFO] 2012-12-15 18:04:29,941: +SERVICE [/camera/rgb/debayer/set_logger_level] /camera/rgb/debayer http://pc:35800/
[rosmaster.master][INFO] 2012-12-15 18:04:29,945: +PARAM [/camera/driver] by /camera/driver
[rosmaster.master][INFO] 2012-12-15 18:04:29,947: +SERVICE [/camera/rgb/rectify_mono/get_loggers] /camera/rgb/rectify_mono http://pc:56192/
[rosmaster.master][INFO] 2012-12-15 18:04:29,949: publisherUpdate[/rosout] -> http://pc:56782/
[rosmaster.master][INFO] 2012-12-15 18:04:29,952: +PUB [/rosout] /camera/rgb/rectify_color http://pc:33075/
[rosmaster.master][INFO] 2012-12-15 18:04:29,954: +SERVICE [/camera/rgb/rectify_mono/set_logger_level] /camera/rgb/rectify_mono http://pc:56192/
[rosmaster.master][INFO] 2012-12-15 18:04:29,956: +SERVICE [/camera/rgb/rectify_color/get_loggers] /camera/rgb/rectify_color http://pc:33075/
[rosmaster.master][INFO] 2012-12-15 18:04:29,961: +PUB [/rosout] /camera/ir/rectify_ir http://pc:47295/
[rosmaster.master][INFO] 2012-12-15 18:04:29,982: +SERVICE [/camera/rgb/rectify_color/set_logger_level] /camera/rgb/rectify_color http://pc:33075/
[rosmaster.master][INFO] 2012-12-15 18:04:29,983: +PUB [/rosout] /camera/depth/rectify_depth http://pc:47485/
[rosmaster.master][INFO] 2012-12-15 18:04:29,988: +SERVICE [/camera/ir/rectify_ir/get_loggers] /camera/ir/rectify_ir http://pc:47295/
[rosmaster.master][INFO] 2012-12-15 18:04:29,996: +SERVICE [/camera/ir/rectify_ir/set_logger_level] /camera/ir/rectify_ir http://pc:47295/
[rosmaster.master][INFO] 2012-12-15 18:04:30,000: +PUB [/rosout] /camera/depth/metric_rect http://pc:36448/
[rosmaster.master][INFO] 2012-12-15 18:04:30,011: +SERVICE [/camera/depth/rectify_depth/get_loggers] /camera/depth/rectify_depth http://pc:47485/
[rosmaster.master][INFO] 2012-12-15 18:04:30,015: +PUB [/rosout] /camera/depth/points http://pc:60887/
[rosmaster.master][INFO] 2012-12-15 18:04:30,016: +PUB [/rosout] /camera/depth/metric http://pc:49626/
[rosmaster.master][INFO] 2012-12-15 18:04:30,024: +SERVICE [/camera/depth/metric_rect/get_loggers] /camera/depth/metric_rect http://pc:36448/
[rosmaster.master][INFO] 2012-12-15 18:04:30,027: publisherUpdate[/rosout] -> http://pc:56782/
[rosmaster.master][INFO] 2012-12-15 18:04:30,029: publisherUpdate[/rosout] -> http://pc:56782/
[rosmaster.master][INFO] 2012-12-15 18:04:30,030: publisherUpdate[/rosout] -> http://pc:56782/
[rosmaster.master][INFO] 2012-12-15 18:04:30,031: publisherUpdate[/rosout] -> http://pc:56782/
[rosmaster.master][INFO] 2012-12-15 18:04:30,032: publisherUpdate[/rosout] -> http://pc:56782/
[rosmaster.master][INFO] 2012-12-15 18:04:30,034: publisherUpdate[/rosout] -> http://pc:56782/
[rosmaster.master][INFO] 2012-12-15 18:04:30,042: +SERVICE [/camera/depth/points/get_loggers] /camera/depth/points http://pc:60887/
[rosmaster.master][INFO] 2012-12-15 18:04:30,043: +SERVICE [/camera/depth/metric/get_loggers] /camera/depth/metric http://pc:49626/
[rosmaster.master][INFO] 2012-12-15 18:04:30,045: +SERVICE [/camera/depth/metric_rect/set_logger_level] /camera/depth/metric_rect http://pc:36448/
[rosmaster.master][INFO] 2012-12-15 18:04:30,053: +SERVICE [/camera/depth/points/set_logger_level] /camera/depth/points http://pc:60887/
[rosmaster.master][INFO] 2012-12-15 18:04:30,054: +SERVICE [/camera/depth/metric/set_logger_level] /camera/depth/metric http://pc:49626/
[rosmaster.master][INFO] 2012-12-15 18:04:30,060: +PUB [/rosout] /camera/register_depth_rgb http://pc:57402/
[rosmaster.master][INFO] 2012-12-15 18:04:30,061: +PUB [/rosout] /camera/depth_registered/rectify_depth http://pc:33549/
[rosmaster.master][INFO] 2012-12-15 18:04:30,063: +PUB [/rosout] /camera/depth_registered/metric_rect http://pc:39827/
[rosmaster.master][INFO] 2012-12-15 18:04:30,083: +SERVICE [/camera/register_depth_rgb/get_loggers] /camera/register_depth_rgb http://pc:57402/
[rosmaster.master][INFO] 2012-12-15 18:04:30,084: +SERVICE [/camera/depth_registered/metric_rect/get_loggers] /camera/depth_registered/metric_rect http://pc:39827/
[rosmaster.master][INFO] 2012-12-15 18:04:30,096: +SERVICE [/camera/depth_registered/metric_rect/set_logger_level] /camera/depth_registered/metric_rect http://pc:39827/
[rosmaster.master][INFO] 2012-12-15 18:04:30,098: +SERVICE [/camera/register_depth_rgb/set_logger_level] /camera/register_depth_rgb http://pc:57402/
[rosmaster.master][INFO] 2012-12-15 18:04:30,118: +PUB [/rosout] /camera/disparity_depth http://pc:38349/
[rosmaster.master][INFO] 2012-12-15 18:04:30,128: publisherUpdate[/rosout] -> http://pc:56782/
[rosmaster.master][INFO] 2012-12-15 18:04:30,134: publisherUpdate[/rosout] -> http://pc:56782/
[rosmaster.master][INFO] 2012-12-15 18:04:30,138: publisherUpdate[/rosout] -> http://pc:56782/
[rosmaster.master][INFO] 2012-12-15 18:04:30,140: publisherUpdate[/rosout] -> http://pc:56782/
[rosmaster.master][INFO] 2012-12-15 18:04:30,144: +SERVICE [/camera/disparity_depth/get_loggers] /camera/disparity_depth http://pc:38349/
[rosmaster.master][INFO] 2012-12-15 18:04:30,157: +SERVICE [/camera/disparity_depth/set_logger_level] /camera/disparity_depth http://pc:38349/
[rosmaster.master][INFO] 2012-12-15 18:04:30,159: +PUB [/rosout] /camera_base_link2 http://pc:42276/
[rosmaster.master][INFO] 2012-12-15 18:04:30,162: +PUB [/rosout] /camera_base_link3 http://pc:32968/
[rosmaster.master][INFO] 2012-12-15 18:04:30,169: +PARAM [/camera/disparity_depth] by /camera/disparity_depth
[rosmaster.master][INFO] 2012-12-15 18:04:30,173: +PUB [/rosout] /camera_base_link http://pc:45300/
[rosmaster.master][INFO] 2012-12-15 18:04:30,174: +SERVICE [/camera_base_link2/get_loggers] /camera_base_link2 http://pc:42276/
[rosmaster.master][INFO] 2012-12-15 18:04:30,175: +SERVICE [/camera_base_link3/get_loggers] /camera_base_link3 http://pc:32968/
[rosmaster.master][INFO] 2012-12-15 18:04:30,179: +SERVICE [/camera_base_link2/set_logger_level] /camera_base_link2 http://pc:42276/
[rosmaster.master][INFO] 2012-12-15 18:04:30,180: +SERVICE [/camera_base_link3/set_logger_level] /camera_base_link3 http://pc:32968/
[rosmaster.master][INFO] 2012-12-15 18:04:30,183: +SERVICE [/camera_base_link/get_loggers] /camera_base_link http://pc:45300/
[rosmaster.master][INFO] 2012-12-15 18:04:30,194: +SERVICE [/camera_base_link/set_logger_level] /camera_base_link http://pc:45300/
[rosmaster.master][INFO] 2012-12-15 18:04:30,200: +PUB [/tf] /camera_base_link3 http://pc:32968/
[rosmaster.master][INFO] 2012-12-15 18:04:30,203: +PUB [/tf] /camera_base_link2 http://pc:42276/
[rosmaster.master][INFO] 2012-12-15 18:04:30,216: +PUB [/tf] /camera_base_link http://pc:45300/
[rosmaster.master][INFO] 2012-12-15 18:04:30,230: +SERVICE [/camera/depth/rectify_depth/set_logger_level] /camera/depth/rectify_depth http://pc:47485/
[rosmaster.master][INFO] 2012-12-15 18:04:30,238: publisherUpdate[/rosout] -> http://pc:56782/
[rosmaster.master][INFO] 2012-12-15 18:04:30,241: publisherUpdate[/rosout] -> http://pc:56782/
[rosmaster.master][INFO] 2012-12-15 18:04:30,249: +PARAM [/camera/depth/rectify_depth] by /camera/depth/rectify_depth
[rosmaster.master][INFO] 2012-12-15 18:04:30,257: publisherUpdate[/rosout] -> http://pc:56782/
[rosmaster.master][INFO] 2012-12-15 18:04:30,309: +PUB [/rosout] /camera_nodelet_manager http://pc:39941/
[rosmaster.master][INFO] 2012-12-15 18:04:30,312: +SERVICE [/camera_nodelet_manager/get_loggers] /camera_nodelet_manager http://pc:39941/
[rosmaster.master][INFO] 2012-12-15 18:04:30,314: +SERVICE [/camera_nodelet_manager/set_logger_level] /camera_nodelet_manager http://pc:39941/
[rosmaster.master][INFO] 2012-12-15 18:04:30,317: +SERVICE [/camera_nodelet_manager/load_nodelet] /camera_nodelet_manager http://pc:39941/
[rosmaster.master][INFO] 2012-12-15 18:04:30,318: +SERVICE [/camera_nodelet_manager/unload_nodelet] /camera_nodelet_manager http://pc:39941/
[rosmaster.master][INFO] 2012-12-15 18:04:30,321: +SERVICE [/camera_nodelet_manager/list] /camera_nodelet_manager http://pc:39941/
[rosmaster.master][INFO] 2012-12-15 18:04:30,343: publisherUpdate[/rosout] -> http://pc:56782/
[rosmaster.master][INFO] 2012-12-15 18:04:30,597: +PUB [/rosout] /set_dr http://pc:42825/
[rosmaster.master][INFO] 2012-12-15 18:04:30,646: publisherUpdate[/rosout] -> http://pc:56782/
[rosmaster.master][INFO] 2012-12-15 18:04:30,714: +SERVICE [/camera/depth/rectify_depth/set_parameters] /camera_nodelet_manager http://pc:39941/
[rosmaster.master][INFO] 2012-12-15 18:04:30,715: +PUB [/camera/depth/rectify_depth/parameter_descriptions] /camera_nodelet_manager http://pc:39941/
[rosmaster.master][INFO] 2012-12-15 18:04:30,717: +PUB [/camera/depth/rectify_depth/parameter_updates] /camera_nodelet_manager http://pc:39941/
[rosmaster.master][INFO] 2012-12-15 18:04:30,719: +PARAM [/camera/depth/rectify_depth/interpolation] by /camera_nodelet_manager
[rosmaster.master][INFO] 2012-12-15 18:04:30,722: +PUB [/camera/depth/image_rect_raw/compressed] /camera_nodelet_manager http://pc:39941/
[rosmaster.master][INFO] 2012-12-15 18:04:30,723: +SERVICE [/camera/depth/image_rect_raw/compressed/set_parameters] /camera_nodelet_manager http://pc:39941/
[rosmaster.master][INFO] 2012-12-15 18:04:30,724: +PUB [/camera/depth/image_rect_raw/compressed/parameter_descriptions] /camera_nodelet_manager http://pc:39941/
[rosmaster.master][INFO] 2012-12-15 18:04:30,725: +PUB [/camera/depth/image_rect_raw/compressed/parameter_updates] /camera_nodelet_manager http://pc:39941/
[rosmaster.master][INFO] 2012-12-15 18:04:30,729: +PARAM [/camera/depth/image_rect_raw/compressed/format] by /camera_nodelet_manager
[rosmaster.master][INFO] 2012-12-15 18:04:30,730: +PARAM [/camera/depth/image_rect_raw/compressed/jpeg_quality] by /camera_nodelet_manager
[rosmaster.master][INFO] 2012-12-15 18:04:30,731: +PARAM [/camera/depth/image_rect_raw/compressed/png_level] by /camera_nodelet_manager
[rosmaster.master][INFO] 2012-12-15 18:04:30,732: +PUB [/camera/depth/image_rect_raw] /camera_nodelet_manager http://pc:39941/
[rosmaster.master][INFO] 2012-12-15 18:04:30,735: +PUB [/camera/depth/image_rect_raw/theora] /camera_nodelet_manager http://pc:39941/
[rosmaster.master][INFO] 2012-12-15 18:04:30,736: +SERVICE [/camera/depth/image_rect_raw/theora/set_parameters] /camera_nodelet_manager http://pc:39941/
[rosmaster.master][INFO] 2012-12-15 18:04:30,737: +PUB [/camera/depth/image_rect_raw/theora/parameter_descriptions] /camera_nodelet_manager http://pc:39941/
[rosmaster.master][INFO] 2012-12-15 18:04:30,738: +PUB [/camera/depth/image_rect_raw/theora/parameter_updates] /camera_nodelet_manager http://pc:39941/
[rosmaster.master][INFO] 2012-12-15 18:04:30,745: +PARAM [/camera/depth/image_rect_raw/theora/optimize_for] by /camera_nodelet_manager
[rosmaster.master][INFO] 2012-12-15 18:04:30,746: +PARAM [/camera/depth/image_rect_raw/theora/target_bitrate] by /camera_nodelet_manager
[rosmaster.master][INFO] 2012-12-15 18:04:30,748: +PARAM [/camera/depth/image_rect_raw/theora/quality] by /camera_nodelet_manager
[rosmaster.master][INFO] 2012-12-15 18:04:30,749: +PARAM [/camera/depth/image_rect_raw/theora/keyframe_frequency] by /camera_nodelet_manager
[rosmaster.master][INFO] 2012-12-15 18:04:31,006: +SERVICE [/camera/rgb/rectify_color/set_parameters] /camera_nodelet_manager http://pc:39941/
[rosmaster.master][INFO] 2012-12-15 18:04:31,008: +PUB [/camera/rgb/rectify_color/parameter_descriptions] /camera_nodelet_manager http://pc:39941/
[rosmaster.master][INFO] 2012-12-15 18:04:31,010: +PUB [/camera/rgb/rectify_color/parameter_updates] /camera_nodelet_manager http://pc:39941/
[rosmaster.master][INFO] 2012-12-15 18:04:31,014: +PARAM [/camera/rgb/rectify_color/interpolation] by /camera_nodelet_manager
[rosmaster.master][INFO] 2012-12-15 18:04:31,018: +PUB [/camera/rgb/image_rect_color/compressed] /camera_nodelet_manager http://pc:39941/
[rosmaster.master][INFO] 2012-12-15 18:04:31,020: +SERVICE [/camera/rgb/image_rect_color/compressed/set_parameters] /camera_nodelet_manager http://pc:39941/
[rosmaster.master][INFO] 2012-12-15 18:04:31,023: +PUB [/camera/rgb/image_rect_color/compressed/parameter_descriptions] /camera_nodelet_manager http://pc:39941/
[rosmaster.master][INFO] 2012-12-15 18:04:31,027: +PUB [/camera/rgb/image_rect_color/compressed/parameter_updates] /camera_nodelet_manager http://pc:39941/
[rosmaster.master][INFO] 2012-12-15 18:04:31,041: +PARAM [/camera/rgb/image_rect_color/compressed/format] by /camera_nodelet_manager
[rosmaster.master][INFO] 2012-12-15 18:04:31,043: +PARAM [/camera/rgb/image_rect_color/compressed/jpeg_quality] by /camera_nodelet_manager
[rosmaster.master][INFO] 2012-12-15 18:04:31,044: +PARAM [/camera/rgb/image_rect_color/compressed/png_level] by /camera_nodelet_manager
[rosmaster.master][INFO] 2012-12-15 18:04:31,045: +PUB [/camera/rgb/image_rect_color] /camera_nodelet_manager http://pc:39941/
[rosmaster.master][INFO] 2012-12-15 18:04:31,046: +PUB [/camera/rgb/image_rect_color/theora] /camera_nodelet_manager http://pc:39941/
[rosmaster.master][INFO] 2012-12-15 18:04:31,047: +SERVICE [/camera/rgb/image_rect_color/theora/set_parameters] /camera_nodelet_manager http://pc:39941/
[rosmaster.master][INFO] 2012-12-15 18:04:31,048: +PUB [/camera/rgb/image_rect_color/theora/parameter_descriptions] /camera_nodelet_manager http://pc:39941/
[rosmaster.master][INFO] 2012-12-15 18:04:31,049: +PUB [/camera/rgb/image_rect_color/theora/parameter_updates] /camera_nodelet_manager http://pc:39941/
[rosmaster.master][INFO] 2012-12-15 18:04:31,053: +PARAM [/camera/rgb/image_rect_color/theora/optimize_for] by /camera_nodelet_manager
[rosmaster.master][INFO] 2012-12-15 18:04:31,054: +PARAM [/camera/rgb/image_rect_color/theora/target_bitrate] by /camera_nodelet_manager
[rosmaster.master][INFO] 2012-12-15 18:04:31,055: +PARAM [/camera/rgb/image_rect_color/theora/quality] by /camera_nodelet_manager
[rosmaster.master][INFO] 2012-12-15 18:04:31,056: +PARAM [/camera/rgb/image_rect_color/theora/keyframe_frequency] by /camera_nodelet_manager
[rosmaster.master][INFO] 2012-12-15 18:04:31,069: +PUB [/rosout] /depth_detection http://pc:40030/
[rosmaster.master][INFO] 2012-12-15 18:04:31,115: +SUB [/camera/depth_registered/image_rect] /depth_detection http://pc:40030/
[rosmaster.master][INFO] 2012-12-15 18:04:31,117: +SUB [/camera/rgb/image_rect_color] /depth_detection http://pc:40030/
[rosmaster.master][INFO] 2012-12-15 18:04:31,150: publisherUpdate[/rosout] -> http://pc:56782/
[rosmaster.master][INFO] 2012-12-15 18:04:31,173: +SUB [/camera/rgb/image_color] /camera_nodelet_manager http://pc:39941/
[rosmaster.master][INFO] 2012-12-15 18:04:31,175: +SUB [/camera/rgb/camera_info] /camera_nodelet_manager http://pc:39941/
[rosmaster.master][INFO] 2012-12-15 18:04:31,342: +SUB [/tf] /camera_nodelet_manager http://pc:39941/
[rosmaster.master][INFO] 2012-12-15 18:04:31,346: +SERVICE [/camera_nodelet_manager/tf_frames] /camera_nodelet_manager http://pc:39941/
[rosmaster.master][INFO] 2012-12-15 18:04:31,608: +PUB [/camera/depth_registered/image_rect_raw/compressed] /camera_nodelet_manager http://pc:39941/
[rosmaster.master][INFO] 2012-12-15 18:04:31,610: +SERVICE [/camera/depth_registered/image_rect_raw/compressed/set_parameters] /camera_nodelet_manager http://pc:39941/
[rosmaster.master][INFO] 2012-12-15 18:04:31,612: +PUB [/camera/depth_registered/image_rect_raw/compressed/parameter_descriptions] /camera_nodelet_manager http://pc:39941/
[rosmaster.master][INFO] 2012-12-15 18:04:31,614: +PUB [/camera/depth_registered/image_rect_raw/compressed/parameter_updates] /camera_nodelet_manager http://pc:39941/
[rosmaster.master][INFO] 2012-12-15 18:04:31,619: +PARAM [/camera/depth_registered/image_rect_raw/compressed/format] by /camera_nodelet_manager
[rosmaster.master][INFO] 2012-12-15 18:04:31,621: +PARAM [/camera/depth_registered/image_rect_raw/compressed/jpeg_quality] by /camera_nodelet_manager
[rosmaster.master][INFO] 2012-12-15 18:04:31,624: +PARAM [/camera/depth_registered/image_rect_raw/compressed/png_level] by /camera_nodelet_manager
[rosmaster.master][INFO] 2012-12-15 18:04:31,627: +PUB [/camera/depth_registered/image_rect_raw] /camera_nodelet_manager http://pc:39941/
[rosmaster.master][INFO] 2012-12-15 18:04:31,629: +PUB [/camera/depth_registered/image_rect_raw/theora] /camera_nodelet_manager http://pc:39941/
[rosmaster.master][INFO] 2012-12-15 18:04:31,632: +SERVICE [/camera/depth_registered/image_rect_raw/theora/set_parameters] /camera_nodelet_manager http://pc:39941/
[rosmaster.master][INFO] 2012-12-15 18:04:31,635: +PUB [/camera/depth_registered/image_rect_raw/theora/parameter_descriptions] /camera_nodelet_manager http://pc:39941/
[rosmaster.master][INFO] 2012-12-15 18:04:31,636: +PUB [/camera/depth_registered/image_rect_raw/theora/parameter_updates] /camera_nodelet_manager http://pc:39941/
[rosmaster.master][INFO] 2012-12-15 18:04:31,643: +PARAM [/camera/depth_registered/image_rect_raw/theora/optimize_for] by /camera_nodelet_manager
[rosmaster.master][INFO] 2012-12-15 18:04:31,645: +PARAM [/camera/depth_registered/image_rect_raw/theora/target_bitrate] by /camera_nodelet_manager
[rosmaster.master][INFO] 2012-12-15 18:04:31,648: +PARAM [/camera/depth_registered/image_rect_raw/theora/quality] by /camera_nodelet_manager
[rosmaster.master][INFO] 2012-12-15 18:04:31,653: +PARAM [/camera/depth_registered/image_rect_raw/theora/keyframe_frequency] by /camera_nodelet_manager
[rosmaster.master][INFO] 2012-12-15 18:04:31,656: +PUB [/camera/depth_registered/camera_info] /camera_nodelet_manager http://pc:39941/
[rosmaster.master][INFO] 2012-12-15 18:04:31,941: +SERVICE [/camera/ir/rectify_ir/set_parameters] /camera_nodelet_manager http://pc:39941/
[rosmaster.master][INFO] 2012-12-15 18:04:31,942: +PUB [/camera/ir/rectify_ir/parameter_descriptions] /camera_nodelet_manager http://pc:39941/
[rosmaster.master][INFO] 2012-12-15 18:04:31,943: +PUB [/camera/ir/rectify_ir/parameter_updates] /camera_nodelet_manager http://pc:39941/
[rosmaster.master][INFO] 2012-12-15 18:04:31,946: +PARAM [/camera/ir/rectify_ir/interpolation] by /camera_nodelet_manager
[rosmaster.master][INFO] 2012-12-15 18:04:31,949: +PUB [/camera/ir/image_rect/compressed] /camera_nodelet_manager http://pc:39941/
[rosmaster.master][INFO] 2012-12-15 18:04:31,950: +SERVICE [/camera/ir/image_rect/compressed/set_parameters] /camera_nodelet_manager http://pc:39941/
[rosmaster.master][INFO] 2012-12-15 18:04:31,952: +PUB [/camera/ir/image_rect/compressed/parameter_descriptions] /camera_nodelet_manager http://pc:39941/
[rosmaster.master][INFO] 2012-12-15 18:04:31,954: +PUB [/camera/ir/image_rect/compressed/parameter_updates] /camera_nodelet_manager http://pc:39941/
[rosmaster.master][INFO] 2012-12-15 18:04:31,960: +PARAM [/camera/ir/image_rect/compressed/format] by /camera_nodelet_manager
[rosmaster.master][INFO] 2012-12-15 18:04:31,962: +PARAM [/camera/ir/image_rect/compressed/jpeg_quality] by /camera_nodelet_manager
[rosmaster.master][INFO] 2012-12-15 18:04:31,963: +PARAM [/camera/ir/image_rect/compressed/png_level] by /camera_nodelet_manager
[rosmaster.master][INFO] 2012-12-15 18:04:31,964: +PUB [/camera/ir/image_rect] /camera_nodelet_manager http://pc:39941/
[rosmaster.master][INFO] 2012-12-15 18:04:31,966: +PUB [/camera/ir/image_rect/theora] /camera_nodelet_manager http://pc:39941/
[rosmaster.master][INFO] 2012-12-15 18:04:31,969: +SERVICE [/camera/ir/image_rect/theora/set_parameters] /camera_nodelet_manager http://pc:39941/
[rosmaster.master][INFO] 2012-12-15 18:04:31,972: +PUB [/camera/ir/image_rect/theora/parameter_descriptions] /camera_nodelet_manager http://pc:39941/
[rosmaster.master][INFO] 2012-12-15 18:04:31,975: +PUB [/camera/ir/image_rect/theora/parameter_updates] /camera_nodelet_manager http://pc:39941/
[rosmaster.master][INFO] 2012-12-15 18:04:31,989: +PARAM [/camera/ir/image_rect/theora/optimize_for] by /camera_nodelet_manager
[rosmaster.master][INFO] 2012-12-15 18:04:31,993: +PARAM [/camera/ir/image_rect/theora/target_bitrate] by /camera_nodelet_manager
[rosmaster.master][INFO] 2012-12-15 18:04:31,995: +PARAM [/camera/ir/image_rect/theora/quality] by /camera_nodelet_manager
[rosmaster.master][INFO] 2012-12-15 18:04:31,998: +PARAM [/camera/ir/image_rect/theora/keyframe_frequency] by /camera_nodelet_manager
[rosmaster.master][INFO] 2012-12-15 18:04:32,256: +PUB [/camera/depth/points] /camera_nodelet_manager http://pc:39941/
[rosmaster.master][INFO] 2012-12-15 18:04:32,522: +PUB [/camera/depth/image_rect/compressed] /camera_nodelet_manager http://pc:39941/
[rosmaster.master][INFO] 2012-12-15 18:04:32,524: +SERVICE [/camera/depth/image_rect/compressed/set_parameters] /camera_nodelet_manager http://pc:39941/
[rosmaster.master][INFO] 2012-12-15 18:04:32,526: +PUB [/camera/depth/image_rect/compressed/parameter_descriptions] /camera_nodelet_manager http://pc:39941/
[rosmaster.master][INFO] 2012-12-15 18:04:32,529: +PUB [/camera/depth/image_rect/compressed/parameter_updates] /camera_nodelet_manager http://pc:39941/
[rosmaster.master][INFO] 2012-12-15 18:04:32,536: +PARAM [/camera/depth/image_rect/compressed/format] by /camera_nodelet_manager
[rosmaster.master][INFO] 2012-12-15 18:04:32,539: +PARAM [/camera/depth/image_rect/compressed/jpeg_quality] by /camera_nodelet_manager
[rosmaster.master][INFO] 2012-12-15 18:04:32,542: +PARAM [/camera/depth/image_rect/compressed/png_level] by /camera_nodelet_manager
[rosmaster.master][INFO] 2012-12-15 18:04:32,545: +PUB [/camera/depth/image_rect] /camera_nodelet_manager http://pc:39941/
[rosmaster.master][INFO] 2012-12-15 18:04:32,547: +PUB [/camera/depth/image_rect/theora] /camera_nodelet_manager http://pc:39941/
[rosmaster.master][INFO] 2012-12-15 18:04:32,549: +SERVICE [/camera/depth/image_rect/theora/set_parameters] /camera_nodelet_manager http://pc:39941/
[rosmaster.master][INFO] 2012-12-15 18:04:32,551: +PUB [/camera/depth/image_rect/theora/parameter_descriptions] /camera_nodelet_manager http://pc:39941/
[rosmaster.master][INFO] 2012-12-15 18:04:32,553: +PUB [/camera/depth/image_rect/theora/parameter_updates] /camera_nodelet_manager http://pc:39941/
[rosmaster.master][INFO] 2012-12-15 18:04:32,564: +PARAM [/camera/depth/image_rect/theora/optimize_for] by /camera_nodelet_manager
[rosmaster.master][INFO] 2012-12-15 18:04:32,566: +PARAM [/camera/depth/image_rect/theora/target_bitrate] by /camera_nodelet_manager
[rosmaster.master][INFO] 2012-12-15 18:04:32,568: +PARAM [/camera/depth/image_rect/theora/quality] by /camera_nodelet_manager
[rosmaster.master][INFO] 2012-12-15 18:04:32,570: +PARAM [/camera/depth/image_rect/theora/keyframe_frequency] by /camera_nodelet_manager
[rosmaster.master][INFO] 2012-12-15 18:04:33,065: +PUB [/rosout] /camera/depth_registered/metric http://pc:38325/
[rosmaster.master][INFO] 2012-12-15 18:04:33,067: +SERVICE [/camera/depth_registered/metric/get_loggers] /camera/depth_registered/metric http://pc:38325/
[rosmaster.master][INFO] 2012-12-15 18:04:33,067: publisherUpdate[/rosout] -> http://pc:56782/
[rosmaster.master][INFO] 2012-12-15 18:04:33,068: +SERVICE [/camera/depth_registered/metric/set_logger_level] /camera/depth_registered/metric http://pc:38325/
[rosmaster.master][INFO] 2012-12-15 18:04:33,071: +SERVICE [/camera/depth_registered/rectify_depth/get_loggers] /camera/depth_registered/rectify_depth http://pc:33549/
[rosmaster.master][INFO] 2012-12-15 18:04:33,073: +SERVICE [/camera/depth_registered/rectify_depth/set_logger_level] /camera/depth_registered/rectify_depth http://pc:33549/
[rosmaster.master][INFO] 2012-12-15 18:04:33,077: +PARAM [/camera/depth_registered/rectify_depth] by /camera/depth_registered/rectify_depth
[rosmaster.master][INFO] 2012-12-15 18:04:33,080: +PUB [/rosout] /camera/points_xyzrgb_depth_rgb http://pc:50704/
[rosmaster.master][INFO] 2012-12-15 18:04:33,082: +SERVICE [/camera/points_xyzrgb_depth_rgb/get_loggers] /camera/points_xyzrgb_depth_rgb http://pc:50704/
[rosmaster.master][INFO] 2012-12-15 18:04:33,083: +SERVICE [/camera/points_xyzrgb_depth_rgb/set_logger_level] /camera/points_xyzrgb_depth_rgb http://pc:50704/
[rosmaster.master][INFO] 2012-12-15 18:04:33,121: +PUB [/rosout] /camera/disparity_depth_registered http://pc:55380/
[rosmaster.master][INFO] 2012-12-15 18:04:33,123: +SERVICE [/camera/disparity_depth_registered/get_loggers] /camera/disparity_depth_registered http://pc:55380/
[rosmaster.master][INFO] 2012-12-15 18:04:33,124: +SERVICE [/camera/disparity_depth_registered/set_logger_level] /camera/disparity_depth_registered http://pc:55380/
[rosmaster.master][INFO] 2012-12-15 18:04:33,127: +PARAM [/camera/disparity_depth_registered] by /camera/disparity_depth_registered
[rosmaster.master][INFO] 2012-12-15 18:04:33,152: +PUB [/rosout] /camera_base_link1 http://pc:49104/
[rosmaster.master][INFO] 2012-12-15 18:04:33,155: +SERVICE [/camera_base_link1/get_loggers] /camera_base_link1 http://pc:49104/
[rosmaster.master][INFO] 2012-12-15 18:04:33,158: publisherUpdate[/rosout] -> http://pc:56782/
[rosmaster.master][INFO] 2012-12-15 18:04:33,162: publisherUpdate[/rosout] -> http://pc:56782/
[rosmaster.master][INFO] 2012-12-15 18:04:33,165: +SERVICE [/camera_base_link1/set_logger_level] /camera_base_link1 http://pc:49104/
[rosmaster.master][INFO] 2012-12-15 18:04:33,166: publisherUpdate[/rosout] -> http://pc:56782/
[rosmaster.master][INFO] 2012-12-15 18:04:33,171: +PUB [/tf] /camera_base_link1 http://pc:49104/
[rosmaster.master][INFO] 2012-12-15 18:04:33,171: publisherUpdate[/tf] -> http://pc:39941/
[rosmaster.master][INFO] 2012-12-15 18:04:33,334: +SERVICE [/camera/rgb/rectify_mono/set_parameters] /camera_nodelet_manager http://pc:39941/
[rosmaster.master][INFO] 2012-12-15 18:04:33,337: +PUB [/camera/rgb/rectify_mono/parameter_descriptions] /camera_nodelet_manager http://pc:39941/
[rosmaster.master][INFO] 2012-12-15 18:04:33,339: +PUB [/camera/rgb/rectify_mono/parameter_updates] /camera_nodelet_manager http://pc:39941/
[rosmaster.master][INFO] 2012-12-15 18:04:33,346: +PARAM [/camera/rgb/rectify_mono/interpolation] by /camera_nodelet_manager
[rosmaster.master][INFO] 2012-12-15 18:04:33,348: +PUB [/camera/rgb/image_rect/compressed] /camera_nodelet_manager http://pc:39941/
[rosmaster.master][INFO] 2012-12-15 18:04:33,350: +SERVICE [/camera/rgb/image_rect/compressed/set_parameters] /camera_nodelet_manager http://pc:39941/
[rosmaster.master][INFO] 2012-12-15 18:04:33,352: +PUB [/camera/rgb/image_rect/compressed/parameter_descriptions] /camera_nodelet_manager http://pc:39941/
[rosmaster.master][INFO] 2012-12-15 18:04:33,354: +PUB [/camera/rgb/image_rect/compressed/parameter_updates] /camera_nodelet_manager http://pc:39941/
[rosmaster.master][INFO] 2012-12-15 18:04:33,362: +PARAM [/camera/rgb/image_rect/compressed/format] by /camera_nodelet_manager
[rosmaster.master][INFO] 2012-12-15 18:04:33,364: +PARAM [/camera/rgb/image_rect/compressed/jpeg_quality] by /camera_nodelet_manager
[rosmaster.master][INFO] 2012-12-15 18:04:33,366: +PARAM [/camera/rgb/image_rect/compressed/png_level] by /camera_nodelet_manager
[rosmaster.master][INFO] 2012-12-15 18:04:33,369: +PUB [/camera/rgb/image_rect] /camera_nodelet_manager http://pc:39941/
[rosmaster.master][INFO] 2012-12-15 18:04:33,371: +PUB [/camera/rgb/image_rect/theora] /camera_nodelet_manager http://pc:39941/
[rosmaster.master][INFO] 2012-12-15 18:04:33,373: +SERVICE [/camera/rgb/image_rect/theora/set_parameters] /camera_nodelet_manager http://pc:39941/
[rosmaster.master][INFO] 2012-12-15 18:04:33,376: +PUB [/camera/rgb/image_rect/theora/parameter_descriptions] /camera_nodelet_manager http://pc:39941/
[rosmaster.master][INFO] 2012-12-15 18:04:33,378: +PUB [/camera/rgb/image_rect/theora/parameter_updates] /camera_nodelet_manager http://pc:39941/
[rosmaster.master][INFO] 2012-12-15 18:04:33,386: +PARAM [/camera/rgb/image_rect/theora/optimize_for] by /camera_nodelet_manager
[rosmaster.master][INFO] 2012-12-15 18:04:33,388: +PARAM [/camera/rgb/image_rect/theora/target_bitrate] by /camera_nodelet_manager
[rosmaster.master][INFO] 2012-12-15 18:04:33,389: +PARAM [/camera/rgb/image_rect/theora/quality] by /camera_nodelet_manager
[rosmaster.master][INFO] 2012-12-15 18:04:33,391: +PARAM [/camera/rgb/image_rect/theora/keyframe_frequency] by /camera_nodelet_manager
[rosmaster.master][INFO] 2012-12-15 18:04:33,654: +PUB [/camera/depth_registered/image/compressed] /camera_nodelet_manager http://pc:39941/
[rosmaster.master][INFO] 2012-12-15 18:04:33,656: +SERVICE [/camera/depth_registered/image/compressed/set_parameters] /camera_nodelet_manager http://pc:39941/
[rosmaster.master][INFO] 2012-12-15 18:04:33,657: +PUB [/camera/depth_registered/image/compressed/parameter_descriptions] /camera_nodelet_manager http://pc:39941/
[rosmaster.master][INFO] 2012-12-15 18:04:33,659: +PUB [/camera/depth_registered/image/compressed/parameter_updates] /camera_nodelet_manager http://pc:39941/
[rosmaster.master][INFO] 2012-12-15 18:04:33,665: +PARAM [/camera/depth_registered/image/compressed/format] by /camera_nodelet_manager
[rosmaster.master][INFO] 2012-12-15 18:04:33,667: +PARAM [/camera/depth_registered/image/compressed/jpeg_quality] by /camera_nodelet_manager
[rosmaster.master][INFO] 2012-12-15 18:04:33,668: +PARAM [/camera/depth_registered/image/compressed/png_level] by /camera_nodelet_manager
[rosmaster.master][INFO] 2012-12-15 18:04:33,670: +PUB [/camera/depth_registered/image] /camera_nodelet_manager http://pc:39941/
[rosmaster.master][INFO] 2012-12-15 18:04:33,672: +PUB [/camera/depth_registered/image/theora] /camera_nodelet_manager http://pc:39941/
[rosmaster.master][INFO] 2012-12-15 18:04:33,674: +SERVICE [/camera/depth_registered/image/theora/set_parameters] /camera_nodelet_manager http://pc:39941/
[rosmaster.master][INFO] 2012-12-15 18:04:33,676: +PUB [/camera/depth_registered/image/theora/parameter_descriptions] /camera_nodelet_manager http://pc:39941/
[rosmaster.master][INFO] 2012-12-15 18:04:33,678: +PUB [/camera/depth_registered/image/theora/parameter_updates] /camera_nodelet_manager http://pc:39941/
[rosmaster.master][INFO] 2012-12-15 18:04:33,687: +PARAM [/camera/depth_registered/image/theora/optimize_for] by /camera_nodelet_manager
[rosmaster.master][INFO] 2012-12-15 18:04:33,689: +PARAM [/camera/depth_registered/image/theora/target_bitrate] by /camera_nodelet_manager
[rosmaster.master][INFO] 2012-12-15 18:04:33,691: +PARAM [/camera/depth_registered/image/theora/quality] by /camera_nodelet_manager
[rosmaster.master][INFO] 2012-12-15 18:04:33,693: +PARAM [/camera/depth_registered/image/theora/keyframe_frequency] by /camera_nodelet_manager
[rosmaster.master][INFO] 2012-12-15 18:04:33,967: +SERVICE [/camera/depth_registered/rectify_depth/set_parameters] /camera_nodelet_manager http://pc:39941/
[rosmaster.master][INFO] 2012-12-15 18:04:33,969: +PUB [/camera/depth_registered/rectify_depth/parameter_descriptions] /camera_nodelet_manager http://pc:39941/
[rosmaster.master][INFO] 2012-12-15 18:04:33,972: +PUB [/camera/depth_registered/rectify_depth/parameter_updates] /camera_nodelet_manager http://pc:39941/
[rosmaster.master][INFO] 2012-12-15 18:04:33,976: +PARAM [/camera/depth_registered/rectify_depth/interpolation] by /camera_nodelet_manager
[rosmaster.master][INFO] 2012-12-15 18:04:33,985: +PARAM [/camera/depth_registered/image_rect_raw/compressed/format] by /camera_nodelet_manager
[rosmaster.master][INFO] 2012-12-15 18:04:33,986: +PARAM [/camera/depth_registered/image_rect_raw/compressed/jpeg_quality] by /camera_nodelet_manager
[rosmaster.master][INFO] 2012-12-15 18:04:33,987: +PARAM [/camera/depth_registered/image_rect_raw/compressed/png_level] by /camera_nodelet_manager
[rosmaster.master][INFO] 2012-12-15 18:04:33,996: +PARAM [/camera/depth_registered/image_rect_raw/theora/optimize_for] by /camera_nodelet_manager
[rosmaster.master][INFO] 2012-12-15 18:04:33,998: +PARAM [/camera/depth_registered/image_rect_raw/theora/target_bitrate] by /camera_nodelet_manager
[rosmaster.master][INFO] 2012-12-15 18:04:34,000: +PARAM [/camera/depth_registered/image_rect_raw/theora/quality] by /camera_nodelet_manager
[rosmaster.master][INFO] 2012-12-15 18:04:34,002: +PARAM [/camera/depth_registered/image_rect_raw/theora/keyframe_frequency] by /camera_nodelet_manager
[rosmaster.master][INFO] 2012-12-15 18:04:34,556: +PUB [/camera/depth_registered/points] /camera_nodelet_manager http://pc:39941/
[rosmaster.master][INFO] 2012-12-15 18:04:34,817: +SERVICE [/camera/rgb/debayer/set_parameters] /camera_nodelet_manager http://pc:39941/
[rosmaster.master][INFO] 2012-12-15 18:04:34,820: +PUB [/camera/rgb/debayer/parameter_descriptions] /camera_nodelet_manager http://pc:39941/
[rosmaster.master][INFO] 2012-12-15 18:04:34,823: +PUB [/camera/rgb/debayer/parameter_updates] /camera_nodelet_manager http://pc:39941/
[rosmaster.master][INFO] 2012-12-15 18:04:34,829: +PARAM [/camera/rgb/debayer/debayer] by /camera_nodelet_manager
[rosmaster.master][INFO] 2012-12-15 18:04:34,832: +PUB [/camera/rgb/image_mono/compressed] /camera_nodelet_manager http://pc:39941/
[rosmaster.master][INFO] 2012-12-15 18:04:34,834: +SERVICE [/camera/rgb/image_mono/compressed/set_parameters] /camera_nodelet_manager http://pc:39941/
[rosmaster.master][INFO] 2012-12-15 18:04:34,836: +PUB [/camera/rgb/image_mono/compressed/parameter_descriptions] /camera_nodelet_manager http://pc:39941/
[rosmaster.master][INFO] 2012-12-15 18:04:34,838: +PUB [/camera/rgb/image_mono/compressed/parameter_updates] /camera_nodelet_manager http://pc:39941/
[rosmaster.master][INFO] 2012-12-15 18:04:34,848: +PARAM [/camera/rgb/image_mono/compressed/format] by /camera_nodelet_manager
[rosmaster.master][INFO] 2012-12-15 18:04:34,851: +PARAM [/camera/rgb/image_mono/compressed/jpeg_quality] by /camera_nodelet_manager
[rosmaster.master][INFO] 2012-12-15 18:04:34,853: +PARAM [/camera/rgb/image_mono/compressed/png_level] by /camera_nodelet_manager
[rosmaster.master][INFO] 2012-12-15 18:04:34,855: +PUB [/camera/rgb/image_mono] /camera_nodelet_manager http://pc:39941/
[rosmaster.master][INFO] 2012-12-15 18:04:34,858: +PUB [/camera/rgb/image_mono/theora] /camera_nodelet_manager http://pc:39941/
[rosmaster.master][INFO] 2012-12-15 18:04:34,860: +SERVICE [/camera/rgb/image_mono/theora/set_parameters] /camera_nodelet_manager http://pc:39941/
[rosmaster.master][INFO] 2012-12-15 18:04:34,863: +PUB [/camera/rgb/image_mono/theora/parameter_descriptions] /camera_nodelet_manager http://pc:39941/
[rosmaster.master][INFO] 2012-12-15 18:04:34,867: +PUB [/camera/rgb/image_mono/theora/parameter_updates] /camera_nodelet_manager http://pc:39941/
[rosmaster.master][INFO] 2012-12-15 18:04:34,878: +PARAM [/camera/rgb/image_mono/theora/optimize_for] by /camera_nodelet_manager
[rosmaster.master][INFO] 2012-12-15 18:04:34,881: +PARAM [/camera/rgb/image_mono/theora/target_bitrate] by /camera_nodelet_manager
[rosmaster.master][INFO] 2012-12-15 18:04:34,883: +PARAM [/camera/rgb/image_mono/theora/quality] by /camera_nodelet_manager
[rosmaster.master][INFO] 2012-12-15 18:04:34,885: +PARAM [/camera/rgb/image_mono/theora/keyframe_frequency] by /camera_nodelet_manager
[rosmaster.master][INFO] 2012-12-15 18:04:34,888: +PUB [/camera/rgb/image_color/compressed] /camera_nodelet_manager http://pc:39941/
[rosmaster.master][INFO] 2012-12-15 18:04:34,890: +SERVICE [/camera/rgb/image_color/compressed/set_parameters] /camera_nodelet_manager http://pc:39941/
[rosmaster.master][INFO] 2012-12-15 18:04:34,892: +PUB [/camera/rgb/image_color/compressed/parameter_descriptions] /camera_nodelet_manager http://pc:39941/
[rosmaster.master][INFO] 2012-12-15 18:04:34,895: +PUB [/camera/rgb/image_color/compressed/parameter_updates] /camera_nodelet_manager http://pc:39941/
[rosmaster.master][INFO] 2012-12-15 18:04:34,903: +PARAM [/camera/rgb/image_color/compressed/format] by /camera_nodelet_manager
[rosmaster.master][INFO] 2012-12-15 18:04:34,906: +PARAM [/camera/rgb/image_color/compressed/jpeg_quality] by /camera_nodelet_manager
[rosmaster.master][INFO] 2012-12-15 18:04:34,909: +PARAM [/camera/rgb/image_color/compressed/png_level] by /camera_nodelet_manager
[rosmaster.master][INFO] 2012-12-15 18:04:34,912: +PUB [/camera/rgb/image_color] /camera_nodelet_manager http://pc:39941/
[rosmaster.master][INFO] 2012-12-15 18:04:34,915: +PUB [/camera/rgb/image_color/theora] /camera_nodelet_manager http://pc:39941/
[rosmaster.master][INFO] 2012-12-15 18:04:34,917: +SERVICE [/camera/rgb/image_color/theora/set_parameters] /camera_nodelet_manager http://pc:39941/
[rosmaster.master][INFO] 2012-12-15 18:04:34,921: +PUB [/camera/rgb/image_color/theora/parameter_descriptions] /camera_nodelet_manager http://pc:39941/
[rosmaster.master][INFO] 2012-12-15 18:04:34,923: +PUB [/camera/rgb/image_color/theora/parameter_updates] /camera_nodelet_manager http://pc:39941/
[rosmaster.master][INFO] 2012-12-15 18:04:34,933: +PARAM [/camera/rgb/image_color/theora/optimize_for] by /camera_nodelet_manager
[rosmaster.master][INFO] 2012-12-15 18:04:34,936: +PARAM [/camera/rgb/image_color/theora/target_bitrate] by /camera_nodelet_manager
[rosmaster.master][INFO] 2012-12-15 18:04:34,940: +PARAM [/camera/rgb/image_color/theora/quality] by /camera_nodelet_manager
[rosmaster.master][INFO] 2012-12-15 18:04:34,943: +PARAM [/camera/rgb/image_color/theora/keyframe_frequency] by /camera_nodelet_manager
[rosmaster.master][INFO] 2012-12-15 18:04:34,948: +SUB [/camera/rgb/image_raw] /camera_nodelet_manager http://pc:39941/
[rosmaster.master][INFO] 2012-12-15 18:04:34,969: publisherUpdate[/camera/rgb/image_color] -> http://pc:39941/
[rosmaster.master][INFO] 2012-12-15 18:04:35,224: +PUB [/camera/depth_registered/disparity] /camera_nodelet_manager http://pc:39941/
[rosmaster.master][INFO] 2012-12-15 18:04:35,485: +PUB [/camera/depth_registered/image_rect/compressed] /camera_nodelet_manager http://pc:39941/
[rosmaster.master][INFO] 2012-12-15 18:04:35,487: +SERVICE [/camera/depth_registered/image_rect/compressed/set_parameters] /camera_nodelet_manager http://pc:39941/
[rosmaster.master][INFO] 2012-12-15 18:04:35,489: +PUB [/camera/depth_registered/image_rect/compressed/parameter_descriptions] /camera_nodelet_manager http://pc:39941/
[rosmaster.master][INFO] 2012-12-15 18:04:35,491: +PUB [/camera/depth_registered/image_rect/compressed/parameter_updates] /camera_nodelet_manager http://pc:39941/
[rosmaster.master][INFO] 2012-12-15 18:04:35,499: +PARAM [/camera/depth_registered/image_rect/compressed/format] by /camera_nodelet_manager
[rosmaster.master][INFO] 2012-12-15 18:04:35,503: +PARAM [/camera/depth_registered/image_rect/compressed/jpeg_quality] by /camera_nodelet_manager
[rosmaster.master][INFO] 2012-12-15 18:04:35,506: +PARAM [/camera/depth_registered/image_rect/compressed/png_level] by /camera_nodelet_manager
[rosmaster.master][INFO] 2012-12-15 18:04:35,509: +PUB [/camera/depth_registered/image_rect] /camera_nodelet_manager http://pc:39941/
[rosmaster.master][INFO] 2012-12-15 18:04:35,513: +PUB [/camera/depth_registered/image_rect/theora] /camera_nodelet_manager http://pc:39941/
[rosmaster.master][INFO] 2012-12-15 18:04:35,515: +SERVICE [/camera/depth_registered/image_rect/theora/set_parameters] /camera_nodelet_manager http://pc:39941/
[rosmaster.master][INFO] 2012-12-15 18:04:35,518: +PUB [/camera/depth_registered/image_rect/theora/parameter_descriptions] /camera_nodelet_manager http://pc:39941/
[rosmaster.master][INFO] 2012-12-15 18:04:35,520: +PUB [/camera/depth_registered/image_rect/theora/parameter_updates] /camera_nodelet_manager http://pc:39941/
[rosmaster.master][INFO] 2012-12-15 18:04:35,530: +PARAM [/camera/depth_registered/image_rect/theora/optimize_for] by /camera_nodelet_manager
[rosmaster.master][INFO] 2012-12-15 18:04:35,532: +PARAM [/camera/depth_registered/image_rect/theora/target_bitrate] by /camera_nodelet_manager
[rosmaster.master][INFO] 2012-12-15 18:04:35,535: +PARAM [/camera/depth_registered/image_rect/theora/quality] by /camera_nodelet_manager
[rosmaster.master][INFO] 2012-12-15 18:04:35,537: +PARAM [/camera/depth_registered/image_rect/theora/keyframe_frequency] by /camera_nodelet_manager
[rosmaster.master][INFO] 2012-12-15 18:04:35,571: publisherUpdate[/camera/depth_registered/image_rect] -> http://pc:40030/
[rosmaster.master][INFO] 2012-12-15 18:04:35,585: +SUB [/camera/depth_registered/image_rect_raw] /camera_nodelet_manager http://pc:39941/
[rosmaster.master][INFO] 2012-12-15 18:04:35,588: +SUB [/camera/depth/image_rect_raw] /camera_nodelet_manager http://pc:39941/
[rosmaster.master][INFO] 2012-12-15 18:04:35,590: +SUB [/camera/depth_registered/image_raw] /camera_nodelet_manager http://pc:39941/
[rosmaster.master][INFO] 2012-12-15 18:04:35,591: +SUB [/camera/depth/camera_info] /camera_nodelet_manager http://pc:39941/
[rosmaster.master][INFO] 2012-12-15 18:04:35,593: +SUB [/camera/depth/image_raw] /camera_nodelet_manager http://pc:39941/
[rosmaster.master][INFO] 2012-12-15 18:04:35,594: +SUB [/camera/depth_registered/camera_info] /camera_nodelet_manager http://pc:39941/
[rosmaster.master][INFO] 2012-12-15 18:04:35,814: +PUB [/camera/depth/image/compressed] /camera_nodelet_manager http://pc:39941/
[rosmaster.master][INFO] 2012-12-15 18:04:35,816: +SERVICE [/camera/depth/image/compressed/set_parameters] /camera_nodelet_manager http://pc:39941/
[rosmaster.master][INFO] 2012-12-15 18:04:35,819: +PUB [/camera/depth/image/compressed/parameter_descriptions] /camera_nodelet_manager http://pc:39941/
[rosmaster.master][INFO] 2012-12-15 18:04:35,822: +PUB [/camera/depth/image/compressed/parameter_updates] /camera_nodelet_manager http://pc:39941/
[rosmaster.master][INFO] 2012-12-15 18:04:35,830: +PARAM [/camera/depth/image/compressed/format] by /camera_nodelet_manager
[rosmaster.master][INFO] 2012-12-15 18:04:35,832: +PARAM [/camera/depth/image/compressed/jpeg_quality] by /camera_nodelet_manager
[rosmaster.master][INFO] 2012-12-15 18:04:35,836: +PARAM [/camera/depth/image/compressed/png_level] by /camera_nodelet_manager
[rosmaster.master][INFO] 2012-12-15 18:04:35,838: +PUB [/camera/depth/image] /camera_nodelet_manager http://pc:39941/
[rosmaster.master][INFO] 2012-12-15 18:04:35,841: +PUB [/camera/depth/image/theora] /camera_nodelet_manager http://pc:39941/
[rosmaster.master][INFO] 2012-12-15 18:04:35,844: +SERVICE [/camera/depth/image/theora/set_parameters] /camera_nodelet_manager http://pc:39941/
[rosmaster.master][INFO] 2012-12-15 18:04:35,846: +PUB [/camera/depth/image/theora/parameter_descriptions] /camera_nodelet_manager http://pc:39941/
[rosmaster.master][INFO] 2012-12-15 18:04:35,849: +PUB [/camera/depth/image/theora/parameter_updates] /camera_nodelet_manager http://pc:39941/
[rosmaster.master][INFO] 2012-12-15 18:04:35,860: +PARAM [/camera/depth/image/theora/optimize_for] by /camera_nodelet_manager
[rosmaster.master][INFO] 2012-12-15 18:04:35,864: +PARAM [/camera/depth/image/theora/target_bitrate] by /camera_nodelet_manager
[rosmaster.master][INFO] 2012-12-15 18:04:35,868: +PARAM [/camera/depth/image/theora/quality] by /camera_nodelet_manager
[rosmaster.master][INFO] 2012-12-15 18:04:35,870: +PARAM [/camera/depth/image/theora/keyframe_frequency] by /camera_nodelet_manager
[rosmaster.master][INFO] 2012-12-15 18:04:36,544: +PUB [/camera/depth/disparity] /camera_nodelet_manager http://pc:39941/
[rosmaster.master][INFO] 2012-12-15 18:04:39,393: +SERVICE [/camera/driver/set_parameters] /camera_nodelet_manager http://pc:39941/
[rosmaster.master][INFO] 2012-12-15 18:04:39,396: +PUB [/camera/driver/parameter_descriptions] /camera_nodelet_manager http://pc:39941/
[rosmaster.master][INFO] 2012-12-15 18:04:39,400: +PUB [/camera/driver/parameter_updates] /camera_nodelet_manager http://pc:39941/
[rosmaster.master][INFO] 2012-12-15 18:04:39,404: +SUB [/camera/driver/parameter_updates] /set_dr http://pc:42825/
[rosmaster.master][INFO] 2012-12-15 18:04:39,410: +SUB [/camera/driver/parameter_descriptions] /set_dr http://pc:42825/
[rosmaster.master][INFO] 2012-12-15 18:04:39,440: +PARAM [/camera/driver/image_mode] by /camera_nodelet_manager
[rosmaster.master][INFO] 2012-12-15 18:04:39,443: +PARAM [/camera/driver/depth_mode] by /camera_nodelet_manager
[rosmaster.master][INFO] 2012-12-15 18:04:39,445: +PARAM [/camera/driver/depth_registration] by /camera_nodelet_manager
[rosmaster.master][INFO] 2012-12-15 18:04:39,447: +PARAM [/camera/driver/data_skip] by /camera_nodelet_manager
[rosmaster.master][INFO] 2012-12-15 18:04:39,450: +PARAM [/camera/driver/depth_time_offset] by /camera_nodelet_manager
[rosmaster.master][INFO] 2012-12-15 18:04:39,452: +PARAM [/camera/driver/image_time_offset] by /camera_nodelet_manager
[rosmaster.master][INFO] 2012-12-15 18:04:39,454: +PARAM [/camera/driver/depth_ir_offset_x] by /camera_nodelet_manager
[rosmaster.master][INFO] 2012-12-15 18:04:39,457: +PARAM [/camera/driver/depth_ir_offset_y] by /camera_nodelet_manager
[rosmaster.master][INFO] 2012-12-15 18:04:39,460: +PARAM [/camera/driver/z_offset_mm] by /camera_nodelet_manager
[rosmaster.master][INFO] 2012-12-15 18:04:39,463: +PARAM [/camera/driver/image_mode] by /camera_nodelet_manager
[rosmaster.master][INFO] 2012-12-15 18:04:39,465: +PARAM [/camera/driver/depth_mode] by /camera_nodelet_manager
[rosmaster.master][INFO] 2012-12-15 18:04:39,468: +PARAM [/camera/driver/depth_registration] by /camera_nodelet_manager
[rosmaster.master][INFO] 2012-12-15 18:04:39,470: +PARAM [/camera/driver/data_skip] by /camera_nodelet_manager
[rosmaster.master][INFO] 2012-12-15 18:04:39,472: +PARAM [/camera/driver/depth_time_offset] by /camera_nodelet_manager
[rosmaster.master][INFO] 2012-12-15 18:04:39,475: +PARAM [/camera/driver/image_time_offset] by /camera_nodelet_manager
[rosmaster.master][INFO] 2012-12-15 18:04:39,478: +PARAM [/camera/driver/depth_ir_offset_x] by /camera_nodelet_manager
[rosmaster.master][INFO] 2012-12-15 18:04:39,480: +PARAM [/camera/driver/depth_ir_offset_y] by /camera_nodelet_manager
[rosmaster.master][INFO] 2012-12-15 18:04:39,483: +PARAM [/camera/driver/z_offset_mm] by /camera_nodelet_manager
[rosmaster.master][INFO] 2012-12-15 18:04:39,491: -SUB [/camera/driver/parameter_updates] /set_dr http://pc:42825/
[rosmaster.master][INFO] 2012-12-15 18:04:39,491: -SUB [/camera/driver/parameter_descriptions] /set_dr http://pc:42825/
[rosmaster.master][INFO] 2012-12-15 18:04:39,492: -PUB [/rosout] /set_dr http://pc:42825/
[rosmaster.master][INFO] 2012-12-15 18:04:39,549: +SERVICE [/camera/rgb/set_camera_info] /camera_nodelet_manager http://pc:39941/
[rosmaster.master][INFO] 2012-12-15 18:04:39,552: +SERVICE [/camera/ir/set_camera_info] /camera_nodelet_manager http://pc:39941/
[rosmaster.master][INFO] 2012-12-15 18:04:39,555: +PUB [/camera/rgb/image_raw/compressed] /camera_nodelet_manager http://pc:39941/
[rosmaster.master][INFO] 2012-12-15 18:04:39,557: +SERVICE [/camera/rgb/image_raw/compressed/set_parameters] /camera_nodelet_manager http://pc:39941/
[rosmaster.master][INFO] 2012-12-15 18:04:39,559: +PUB [/camera/rgb/image_raw/compressed/parameter_descriptions] /camera_nodelet_manager http://pc:39941/
[rosmaster.master][INFO] 2012-12-15 18:04:39,562: +PUB [/camera/rgb/image_raw/compressed/parameter_updates] /camera_nodelet_manager http://pc:39941/
[rosmaster.master][INFO] 2012-12-15 18:04:39,571: +PARAM [/camera/rgb/image_raw/compressed/format] by /camera_nodelet_manager
[rosmaster.master][INFO] 2012-12-15 18:04:39,573: +PARAM [/camera/rgb/image_raw/compressed/jpeg_quality] by /camera_nodelet_manager
[rosmaster.master][INFO] 2012-12-15 18:04:39,576: +PARAM [/camera/rgb/image_raw/compressed/png_level] by /camera_nodelet_manager
[rosmaster.master][INFO] 2012-12-15 18:04:39,581: +PUB [/camera/rgb/image_raw] /camera_nodelet_manager http://pc:39941/
[rosmaster.master][INFO] 2012-12-15 18:04:39,581: publisherUpdate[/rosout] -> http://pc:56782/
[rosmaster.master][INFO] 2012-12-15 18:04:39,581: publisherUpdate[/camera/rgb/image_raw] -> http://pc:39941/
[rosmaster.master][INFO] 2012-12-15 18:04:39,588: +PUB [/camera/rgb/image_raw/theora] /camera_nodelet_manager http://pc:39941/
[rosmaster.master][INFO] 2012-12-15 18:04:39,591: +SERVICE [/camera/rgb/image_raw/theora/set_parameters] /camera_nodelet_manager http://pc:39941/
[rosmaster.master][INFO] 2012-12-15 18:04:39,593: +PUB [/camera/rgb/image_raw/theora/parameter_descriptions] /camera_nodelet_manager http://pc:39941/
[rosmaster.master][INFO] 2012-12-15 18:04:39,595: +PUB [/camera/rgb/image_raw/theora/parameter_updates] /camera_nodelet_manager http://pc:39941/
[rosmaster.master][INFO] 2012-12-15 18:04:39,606: +PARAM [/camera/rgb/image_raw/theora/optimize_for] by /camera_nodelet_manager
[rosmaster.master][INFO] 2012-12-15 18:04:39,608: +PARAM [/camera/rgb/image_raw/theora/target_bitrate] by /camera_nodelet_manager
[rosmaster.master][INFO] 2012-12-15 18:04:39,610: +PARAM [/camera/rgb/image_raw/theora/quality] by /camera_nodelet_manager
[rosmaster.master][INFO] 2012-12-15 18:04:39,613: +PARAM [/camera/rgb/image_raw/theora/keyframe_frequency] by /camera_nodelet_manager
[rosmaster.master][INFO] 2012-12-15 18:04:39,615: +PUB [/camera/rgb/camera_info] /camera_nodelet_manager http://pc:39941/
[rosmaster.master][INFO] 2012-12-15 18:04:39,618: +PUB [/camera/ir/image_raw/compressed] /camera_nodelet_manager http://pc:39941/
[rosmaster.master][INFO] 2012-12-15 18:04:39,621: +SERVICE [/camera/ir/image_raw/compressed/set_parameters] /camera_nodelet_manager http://pc:39941/
[rosmaster.master][INFO] 2012-12-15 18:04:39,625: +PUB [/camera/ir/image_raw/compressed/parameter_descriptions] /camera_nodelet_manager http://pc:39941/
[rosmaster.master][INFO] 2012-12-15 18:04:39,627: +PUB [/camera/ir/image_raw/compressed/parameter_updates] /camera_nodelet_manager http://pc:39941/
[rosmaster.master][INFO] 2012-12-15 18:04:39,635: +PARAM [/camera/ir/image_raw/compressed/format] by /camera_nodelet_manager
[rosmaster.master][INFO] 2012-12-15 18:04:39,637: +PARAM [/camera/ir/image_raw/compressed/jpeg_quality] by /camera_nodelet_manager
[rosmaster.master][INFO] 2012-12-15 18:04:39,639: +PARAM [/camera/ir/image_raw/compressed/png_level] by /camera_nodelet_manager
[rosmaster.master][INFO] 2012-12-15 18:04:39,642: +PUB [/camera/ir/image_raw] /camera_nodelet_manager http://pc:39941/
[rosmaster.master][INFO] 2012-12-15 18:04:39,645: +PUB [/camera/ir/image_raw/theora] /camera_nodelet_manager http://pc:39941/
[rosmaster.master][INFO] 2012-12-15 18:04:39,648: +SERVICE [/camera/ir/image_raw/theora/set_parameters] /camera_nodelet_manager http://pc:39941/
[rosmaster.master][INFO] 2012-12-15 18:04:39,650: +PUB [/camera/ir/image_raw/theora/parameter_descriptions] /camera_nodelet_manager http://pc:39941/
[rosmaster.master][INFO] 2012-12-15 18:04:39,653: +PUB [/camera/ir/image_raw/theora/parameter_updates] /camera_nodelet_manager http://pc:39941/
[rosmaster.master][INFO] 2012-12-15 18:04:39,669: +PARAM [/camera/ir/image_raw/theora/optimize_for] by /camera_nodelet_manager
[rosmaster.master][INFO] 2012-12-15 18:04:39,671: +PARAM [/camera/ir/image_raw/theora/target_bitrate] by /camera_nodelet_manager
[rosmaster.master][INFO] 2012-12-15 18:04:39,672: +PARAM [/camera/ir/image_raw/theora/quality] by /camera_nodelet_manager
[rosmaster.master][INFO] 2012-12-15 18:04:39,673: +PARAM [/camera/ir/image_raw/theora/keyframe_frequency] by /camera_nodelet_manager
[rosmaster.master][INFO] 2012-12-15 18:04:39,674: +PUB [/camera/ir/camera_info] /camera_nodelet_manager http://pc:39941/
[rosmaster.master][INFO] 2012-12-15 18:04:39,676: +PUB [/camera/depth/image_raw/compressed] /camera_nodelet_manager http://pc:39941/
[rosmaster.master][INFO] 2012-12-15 18:04:39,677: +SERVICE [/camera/depth/image_raw/compressed/set_parameters] /camera_nodelet_manager http://pc:39941/
[rosmaster.master][INFO] 2012-12-15 18:04:39,678: +PUB [/camera/depth/image_raw/compressed/parameter_descriptions] /camera_nodelet_manager http://pc:39941/
[rosmaster.master][INFO] 2012-12-15 18:04:39,680: +PUB [/camera/depth/image_raw/compressed/parameter_updates] /camera_nodelet_manager http://pc:39941/
[rosmaster.master][INFO] 2012-12-15 18:04:39,686: publisherUpdate[/camera/rgb/camera_info] -> http://pc:39941/
[rosmaster.master][INFO] 2012-12-15 18:04:39,688: +PARAM [/camera/depth/image_raw/compressed/format] by /camera_nodelet_manager
[rosmaster.master][INFO] 2012-12-15 18:04:39,689: +PARAM [/camera/depth/image_raw/compressed/jpeg_quality] by /camera_nodelet_manager
[rosmaster.master][INFO] 2012-12-15 18:04:39,690: +PARAM [/camera/depth/image_raw/compressed/png_level] by /camera_nodelet_manager
[rosmaster.master][INFO] 2012-12-15 18:04:39,692: +PUB [/camera/depth/image_raw] /camera_nodelet_manager http://pc:39941/
[rosmaster.master][INFO] 2012-12-15 18:04:39,693: +PUB [/camera/depth/image_raw/theora] /camera_nodelet_manager http://pc:39941/
[rosmaster.master][INFO] 2012-12-15 18:04:39,695: +SERVICE [/camera/depth/image_raw/theora/set_parameters] /camera_nodelet_manager http://pc:39941/
[rosmaster.master][INFO] 2012-12-15 18:04:39,697: +PUB [/camera/depth/image_raw/theora/parameter_descriptions] /camera_nodelet_manager http://pc:39941/
[rosmaster.master][INFO] 2012-12-15 18:04:39,700: +PUB [/camera/depth/image_raw/theora/parameter_updates] /camera_nodelet_manager http://pc:39941/
[rosmaster.master][INFO] 2012-12-15 18:04:39,712: +PARAM [/camera/depth/image_raw/theora/optimize_for] by /camera_nodelet_manager
[rosmaster.master][INFO] 2012-12-15 18:04:39,714: +PARAM [/camera/depth/image_raw/theora/target_bitrate] by /camera_nodelet_manager
[rosmaster.master][INFO] 2012-12-15 18:04:39,716: +PARAM [/camera/depth/image_raw/theora/quality] by /camera_nodelet_manager
[rosmaster.master][INFO] 2012-12-15 18:04:39,719: +PARAM [/camera/depth/image_raw/theora/keyframe_frequency] by /camera_nodelet_manager
[rosmaster.master][INFO] 2012-12-15 18:04:39,721: +PUB [/camera/depth/camera_info] /camera_nodelet_manager http://pc:39941/
[rosmaster.master][INFO] 2012-12-15 18:04:39,723: +PUB [/camera/projector/camera_info] /camera_nodelet_manager http://pc:39941/
[rosmaster.master][INFO] 2012-12-15 18:04:39,726: +PUB [/camera/depth_registered/image_raw/compressed] /camera_nodelet_manager http://pc:39941/
[rosmaster.master][INFO] 2012-12-15 18:04:39,729: +SERVICE [/camera/depth_registered/image_raw/compressed/set_parameters] /camera_nodelet_manager http://pc:39941/
[rosmaster.master][INFO] 2012-12-15 18:04:39,731: +PUB [/camera/depth_registered/image_raw/compressed/parameter_descriptions] /camera_nodelet_manager http://pc:39941/
[rosmaster.master][INFO] 2012-12-15 18:04:39,734: +PUB [/camera/depth_registered/image_raw/compressed/parameter_updates] /camera_nodelet_manager http://pc:39941/
[rosmaster.master][INFO] 2012-12-15 18:04:39,742: +PARAM [/camera/depth_registered/image_raw/compressed/format] by /camera_nodelet_manager
[rosmaster.master][INFO] 2012-12-15 18:04:39,745: +PARAM [/camera/depth_registered/image_raw/compressed/jpeg_quality] by /camera_nodelet_manager
[rosmaster.master][INFO] 2012-12-15 18:04:39,748: +PARAM [/camera/depth_registered/image_raw/compressed/png_level] by /camera_nodelet_manager
[rosmaster.master][INFO] 2012-12-15 18:04:39,751: +PUB [/camera/depth_registered/image_raw] /camera_nodelet_manager http://pc:39941/
[rosmaster.master][INFO] 2012-12-15 18:04:39,755: +PUB [/camera/depth_registered/image_raw/theora] /camera_nodelet_manager http://pc:39941/
[rosmaster.master][INFO] 2012-12-15 18:04:39,758: +SERVICE [/camera/depth_registered/image_raw/theora/set_parameters] /camera_nodelet_manager http://pc:39941/
[rosmaster.master][INFO] 2012-12-15 18:04:39,760: +PUB [/camera/depth_registered/image_raw/theora/parameter_descriptions] /camera_nodelet_manager http://pc:39941/
[rosmaster.master][INFO] 2012-12-15 18:04:39,763: +PUB [/camera/depth_registered/image_raw/theora/parameter_updates] /camera_nodelet_manager http://pc:39941/
[rosmaster.master][INFO] 2012-12-15 18:04:39,775: +PARAM [/camera/depth_registered/image_raw/theora/optimize_for] by /camera_nodelet_manager
[rosmaster.master][INFO] 2012-12-15 18:04:39,778: +PARAM [/camera/depth_registered/image_raw/theora/target_bitrate] by /camera_nodelet_manager
[rosmaster.master][INFO] 2012-12-15 18:04:39,781: +PARAM [/camera/depth_registered/image_raw/theora/quality] by /camera_nodelet_manager
[rosmaster.master][INFO] 2012-12-15 18:04:39,784: +PARAM [/camera/depth_registered/image_raw/theora/keyframe_frequency] by /camera_nodelet_manager
[rosmaster.master][INFO] 2012-12-15 18:04:39,788: publisherUpdate[/camera/depth/image_raw] -> http://pc:39941/
[rosmaster.master][INFO] 2012-12-15 18:04:39,790: publisherUpdate[/camera/depth/camera_info] -> http://pc:39941/
[rosmaster.master][INFO] 2012-12-15 18:04:39,792: publisherUpdate[/camera/depth_registered/image_raw] -> http://pc:39941/
[rosmaster.master][INFO] 2012-12-15 18:04:50,300: -SUB [/camera/depth_registered/image_rect] /depth_detection http://pc:40030/
[rosmaster.master][INFO] 2012-12-15 18:04:50,300: -SUB [/camera/rgb/image_rect_color] /depth_detection http://pc:40030/
[rosmaster.master][INFO] 2012-12-15 18:04:50,301: -PUB [/rosout] /depth_detection http://pc:40030/
[rosmaster.master][INFO] 2012-12-15 18:04:50,304: -SUB [/camera/depth_registered/image_rect_raw] /camera_nodelet_manager http://pc:39941/
[rosmaster.master][INFO] 2012-12-15 18:04:50,306: publisherUpdate[/rosout] -> http://pc:56782/
[rosmaster.master][INFO] 2012-12-15 18:04:50,307: -SUB [/camera/depth_registered/image_raw] /camera_nodelet_manager http://pc:39941/
[rosmaster.master][INFO] 2012-12-15 18:04:50,314: -SUB [/camera/depth_registered/camera_info] /camera_nodelet_manager http://pc:39941/
[rosmaster.master][INFO] 2012-12-15 18:04:50,319: -SUB [/camera/rgb/image_color] /camera_nodelet_manager http://pc:39941/
[rosmaster.master][INFO] 2012-12-15 18:04:50,320: -PUB [/camera/depth/disparity] /camera_nodelet_manager http://pc:39941/
[rosmaster.master][INFO] 2012-12-15 18:04:50,321: -SUB [/camera/depth/image_rect_raw] /camera_nodelet_manager http://pc:39941/
[rosmaster.master][INFO] 2012-12-15 18:04:50,323: -PUB [/camera/depth_registered/points] /camera_nodelet_manager http://pc:39941/
[rosmaster.master][INFO] 2012-12-15 18:04:50,324: -SUB [/camera/rgb/camera_info] /camera_nodelet_manager http://pc:39941/
[rosmaster.master][INFO] 2012-12-15 18:04:50,325: -PUB [/camera/depth_registered/disparity] /camera_nodelet_manager http://pc:39941/
[rosmaster.master][INFO] 2012-12-15 18:04:50,326: -SUB [/camera/rgb/image_raw] /camera_nodelet_manager http://pc:39941/
[rosmaster.master][INFO] 2012-12-15 18:04:50,327: -SUB [/camera/depth/image_raw] /camera_nodelet_manager http://pc:39941/
[rosmaster.master][INFO] 2012-12-15 18:04:50,328: -SUB [/camera/depth/camera_info] /camera_nodelet_manager http://pc:39941/
[rosmaster.master][INFO] 2012-12-15 18:04:50,372: -PUB [/rosout] /camera/depth_registered/metric_rect http://pc:39827/
[rosmaster.master][INFO] 2012-12-15 18:04:50,376: -SERVICE [/camera/depth_registered/metric_rect/get_loggers] /camera/depth_registered/metric_rect rosrpc://pc:38767
[rosmaster.master][INFO] 2012-12-15 18:04:50,378: -SERVICE [/camera/depth_registered/metric_rect/set_logger_level] /camera/depth_registered/metric_rect rosrpc://pc:38767
[rosmaster.master][INFO] 2012-12-15 18:04:50,398: -PUB [/rosout] /camera/disparity_depth_registered http://pc:55380/
[rosmaster.master][INFO] 2012-12-15 18:04:50,399: -PUB [/rosout] /camera/depth_registered/metric http://pc:38325/
[rosmaster.master][INFO] 2012-12-15 18:04:50,403: -SERVICE [/camera/depth_registered/metric/get_loggers] /camera/depth_registered/metric rosrpc://pc:48902
[rosmaster.master][INFO] 2012-12-15 18:04:50,405: -SERVICE [/camera/disparity_depth_registered/get_loggers] /camera/disparity_depth_registered rosrpc://pc:40107
[rosmaster.master][INFO] 2012-12-15 18:04:50,408: publisherUpdate[/rosout] -> http://pc:56782/
[rosmaster.master][INFO] 2012-12-15 18:04:50,412: -SERVICE [/camera/depth_registered/metric/set_logger_level] /camera/depth_registered/metric rosrpc://pc:48902
[rosmaster.master][INFO] 2012-12-15 18:04:50,416: publisherUpdate[/rosout] -> http://pc:56782/
[rosmaster.master][INFO] 2012-12-15 18:04:50,415: -SERVICE [/camera/disparity_depth_registered/set_logger_level] /camera/disparity_depth_registered rosrpc://pc:40107
[rosmaster.master][INFO] 2012-12-15 18:04:50,422: publisherUpdate[/rosout] -> http://pc:56782/
[rosmaster.master][INFO] 2012-12-15 18:04:50,472: -PUB [/rosout] /camera/disparity_depth http://pc:38349/
[rosmaster.master][INFO] 2012-12-15 18:04:50,474: -SERVICE [/camera/disparity_depth/get_loggers] /camera/disparity_depth rosrpc://pc:50807
[rosmaster.master][INFO] 2012-12-15 18:04:50,477: -SERVICE [/camera/disparity_depth/set_logger_level] /camera/disparity_depth rosrpc://pc:50807
[rosmaster.master][INFO] 2012-12-15 18:04:50,496: -PUB [/rosout] /camera_base_link2 http://pc:42276/
[rosmaster.master][INFO] 2012-12-15 18:04:50,500: -PUB [/rosout] /camera_base_link3 http://pc:32968/
[rosmaster.master][INFO] 2012-12-15 18:04:50,501: -PUB [/rosout] /camera_base_link http://pc:45300/
[rosmaster.master][INFO] 2012-12-15 18:04:50,502: -PUB [/rosout] /camera/points_xyzrgb_depth_rgb http://pc:50704/
[rosmaster.master][INFO] 2012-12-15 18:04:50,504: -PUB [/tf] /camera_base_link3 http://pc:32968/
[rosmaster.master][INFO] 2012-12-15 18:04:50,505: -PUB [/rosout] /camera_base_link1 http://pc:49104/
[rosmaster.master][INFO] 2012-12-15 18:04:50,507: -PUB [/tf] /camera_base_link2 http://pc:42276/
[rosmaster.master][INFO] 2012-12-15 18:04:50,509: -PUB [/tf] /camera_base_link http://pc:45300/
[rosmaster.master][INFO] 2012-12-15 18:04:50,509: publisherUpdate[/rosout] -> http://pc:56782/
[rosmaster.master][INFO] 2012-12-15 18:04:50,510: publisherUpdate[/tf] -> http://pc:39941/
[rosmaster.master][INFO] 2012-12-15 18:04:50,511: publisherUpdate[/tf] -> http://pc:39941/
[rosmaster.master][INFO] 2012-12-15 18:04:50,513: publisherUpdate[/tf] -> http://pc:39941/
[rosmaster.master][INFO] 2012-12-15 18:04:50,513: publisherUpdate[/rosout] -> http://pc:56782/
[rosmaster.master][INFO] 2012-12-15 18:04:50,514: -SERVICE [/camera/points_xyzrgb_depth_rgb/get_loggers] /camera/points_xyzrgb_depth_rgb rosrpc://pc:60204
[rosmaster.master][INFO] 2012-12-15 18:04:50,516: publisherUpdate[/rosout] -> http://pc:56782/
[rosmaster.master][INFO] 2012-12-15 18:04:50,517: -PUB [/tf] /camera_base_link1 http://pc:49104/
[rosmaster.master][INFO] 2012-12-15 18:04:50,518: publisherUpdate[/rosout] -> http://pc:56782/
[rosmaster.master][INFO] 2012-12-15 18:04:50,520: publisherUpdate[/rosout] -> http://pc:56782/
[rosmaster.master][INFO] 2012-12-15 18:04:50,521: -SERVICE [/camera_base_link3/get_loggers] /camera_base_link3 rosrpc://pc:38180
[rosmaster.master][INFO] 2012-12-15 18:04:50,521: publisherUpdate[/rosout] -> http://pc:56782/
[rosmaster.master][INFO] 2012-12-15 18:04:50,523: publisherUpdate[/tf] -> http://pc:39941/
[rosmaster.master][INFO] 2012-12-15 18:04:50,525: -SERVICE [/camera_base_link2/get_loggers] /camera_base_link2 rosrpc://pc:60129
[rosmaster.master][INFO] 2012-12-15 18:04:50,528: -SERVICE [/camera_base_link/get_loggers] /camera_base_link rosrpc://pc:54823
[rosmaster.master][INFO] 2012-12-15 18:04:50,529: -PUB [/camera/depth_registered/rectify_depth/parameter_descriptions] /camera_nodelet_manager http://pc:39941/
[rosmaster.master][INFO] 2012-12-15 18:04:50,530: -SERVICE [/camera_base_link3/set_logger_level] /camera_base_link3 rosrpc://pc:38180
[rosmaster.master][INFO] 2012-12-15 18:04:50,531: -SERVICE [/camera/points_xyzrgb_depth_rgb/set_logger_level] /camera/points_xyzrgb_depth_rgb rosrpc://pc:60204
[rosmaster.master][INFO] 2012-12-15 18:04:50,533: -SERVICE [/camera_base_link2/set_logger_level] /camera_base_link2 rosrpc://pc:60129
[rosmaster.master][INFO] 2012-12-15 18:04:50,535: -SERVICE [/camera_base_link/set_logger_level] /camera_base_link rosrpc://pc:54823
[rosmaster.master][INFO] 2012-12-15 18:04:50,536: -PUB [/camera/depth_registered/rectify_depth/parameter_updates] /camera_nodelet_manager http://pc:39941/
[rosmaster.master][INFO] 2012-12-15 18:04:50,537: -SERVICE [/camera/depth_registered/rectify_depth/set_parameters] /camera_nodelet_manager rosrpc://pc:45662
[rosmaster.master][INFO] 2012-12-15 18:04:50,539: -SERVICE [/camera/depth_registered/image_rect_raw/compressed/set_parameters] /camera_nodelet_manager rosrpc://pc:45662
[rosmaster.master][INFO] 2012-12-15 18:04:50,542: -SERVICE [/camera/depth_registered/image_rect_raw/theora/set_parameters] /camera_nodelet_manager rosrpc://pc:45662
[rosmaster.master][INFO] 2012-12-15 18:04:50,552: -SUB [/tf] /camera_nodelet_manager http://pc:39941/
[rosmaster.master][INFO] 2012-12-15 18:04:50,554: -SERVICE [/camera_nodelet_manager/tf_frames] /camera_nodelet_manager rosrpc://pc:45662
[rosmaster.master][INFO] 2012-12-15 18:04:50,616: -PUB [/camera/depth/rectify_depth/parameter_descriptions] /camera_nodelet_manager http://pc:39941/
[rosmaster.master][INFO] 2012-12-15 18:04:50,618: -PUB [/camera/depth/rectify_depth/parameter_updates] /camera_nodelet_manager http://pc:39941/
[rosmaster.master][INFO] 2012-12-15 18:04:50,620: -SERVICE [/camera/depth/rectify_depth/set_parameters] /camera_nodelet_manager rosrpc://pc:45662
[rosmaster.master][INFO] 2012-12-15 18:04:50,673: -PUB [/rosout] /camera/depth_registered/rectify_depth http://pc:33549/
[rosmaster.master][INFO] 2012-12-15 18:04:50,676: -SERVICE [/camera/depth_registered/rectify_depth/get_loggers] /camera/depth_registered/rectify_depth rosrpc://pc:55309
[rosmaster.master][INFO] 2012-12-15 18:04:50,678: -SERVICE [/camera/depth_registered/rectify_depth/set_logger_level] /camera/depth_registered/rectify_depth rosrpc://pc:55309
[rosmaster.master][INFO] 2012-12-15 18:04:50,683: -PUB [/rosout] /camera/register_depth_rgb http://pc:57402/
[rosmaster.master][INFO] 2012-12-15 18:04:50,686: -SERVICE [/camera/register_depth_rgb/get_loggers] /camera/register_depth_rgb rosrpc://pc:53301
[rosmaster.master][INFO] 2012-12-15 18:04:50,689: -PUB [/rosout] /camera/depth/rectify_depth http://pc:47485/
[rosmaster.master][INFO] 2012-12-15 18:04:50,692: -PUB [/rosout] /camera/depth/metric_rect http://pc:36448/
[rosmaster.master][INFO] 2012-12-15 18:04:50,696: -PUB [/rosout] /camera/depth/metric http://pc:49626/
[rosmaster.master][INFO] 2012-12-15 18:04:50,698: -SERVICE [/camera/register_depth_rgb/set_logger_level] /camera/register_depth_rgb rosrpc://pc:53301
[rosmaster.master][INFO] 2012-12-15 18:04:50,703: -SERVICE [/camera/depth/rectify_depth/get_loggers] /camera/depth/rectify_depth rosrpc://pc:60912
[rosmaster.master][INFO] 2012-12-15 18:04:50,706: -SERVICE [/camera/depth/metric_rect/get_loggers] /camera/depth/metric_rect rosrpc://pc:59109
[rosmaster.master][INFO] 2012-12-15 18:04:50,709: -SERVICE [/camera/depth/metric/get_loggers] /camera/depth/metric rosrpc://pc:50340
[rosmaster.master][INFO] 2012-12-15 18:04:50,711: -SERVICE [/camera/depth/rectify_depth/set_logger_level] /camera/depth/rectify_depth rosrpc://pc:60912
[rosmaster.master][INFO] 2012-12-15 18:04:50,712: -SERVICE [/camera/depth/metric_rect/set_logger_level] /camera/depth/metric_rect rosrpc://pc:59109
[rosmaster.master][INFO] 2012-12-15 18:04:50,713: -SERVICE [/camera/depth/metric/set_logger_level] /camera/depth/metric rosrpc://pc:50340
[rosmaster.master][INFO] 2012-12-15 18:04:50,716: publisherUpdate[/rosout] -> http://pc:56782/
[rosmaster.master][INFO] 2012-12-15 18:04:50,719: publisherUpdate[/rosout] -> http://pc:56782/
[rosmaster.master][INFO] 2012-12-15 18:04:50,722: publisherUpdate[/rosout] -> http://pc:56782/
[rosmaster.master][INFO] 2012-12-15 18:04:50,724: publisherUpdate[/rosout] -> http://pc:56782/
[rosmaster.master][INFO] 2012-12-15 18:04:50,726: publisherUpdate[/rosout] -> http://pc:56782/
[rosmaster.master][INFO] 2012-12-15 18:04:50,727: -PUB [/camera/rgb/rectify_color/parameter_descriptions] /camera_nodelet_manager http://pc:39941/
[rosmaster.master][INFO] 2012-12-15 18:04:50,730: -PUB [/camera/rgb/rectify_color/parameter_updates] /camera_nodelet_manager http://pc:39941/
[rosmaster.master][INFO] 2012-12-15 18:04:50,731: -SERVICE [/camera/rgb/rectify_color/set_parameters] /camera_nodelet_manager rosrpc://pc:45662
[rosmaster.master][INFO] 2012-12-15 18:04:50,733: -PUB [/camera/rgb/rectify_mono/parameter_descriptions] /camera_nodelet_manager http://pc:39941/
[rosmaster.master][INFO] 2012-12-15 18:04:50,734: -PUB [/camera/rgb/rectify_mono/parameter_updates] /camera_nodelet_manager http://pc:39941/
[rosmaster.master][INFO] 2012-12-15 18:04:50,736: -SERVICE [/camera/rgb/rectify_mono/set_parameters] /camera_nodelet_manager rosrpc://pc:45662
[rosmaster.master][INFO] 2012-12-15 18:04:50,739: -PUB [/camera/ir/rectify_ir/parameter_descriptions] /camera_nodelet_manager http://pc:39941/
[rosmaster.master][INFO] 2012-12-15 18:04:50,742: -PUB [/camera/ir/rectify_ir/parameter_updates] /camera_nodelet_manager http://pc:39941/
[rosmaster.master][INFO] 2012-12-15 18:04:50,744: -SERVICE [/camera/ir/rectify_ir/set_parameters] /camera_nodelet_manager rosrpc://pc:45662
[rosmaster.master][INFO] 2012-12-15 18:04:50,755: -SERVICE [/camera_base_link1/get_loggers] /camera_base_link1 rosrpc://pc:40604
[rosmaster.master][INFO] 2012-12-15 18:04:50,757: -SERVICE [/camera_base_link1/set_logger_level] /camera_base_link1 rosrpc://pc:40604
[rosmaster.master][INFO] 2012-12-15 18:04:50,787: -PUB [/rosout] /camera/ir/rectify_ir http://pc:47295/
[rosmaster.master][INFO] 2012-12-15 18:04:50,791: -SERVICE [/camera/ir/rectify_ir/get_loggers] /camera/ir/rectify_ir rosrpc://pc:42614
[rosmaster.master][INFO] 2012-12-15 18:04:50,795: -SERVICE [/camera/ir/rectify_ir/set_logger_level] /camera/ir/rectify_ir rosrpc://pc:42614
[rosmaster.master][INFO] 2012-12-15 18:04:50,808: -PUB [/camera/rgb/debayer/parameter_descriptions] /camera_nodelet_manager http://pc:39941/
[rosmaster.master][INFO] 2012-12-15 18:04:50,811: -PUB [/camera/rgb/debayer/parameter_updates] /camera_nodelet_manager http://pc:39941/
[rosmaster.master][INFO] 2012-12-15 18:04:50,814: -SERVICE [/camera/rgb/debayer/set_parameters] /camera_nodelet_manager rosrpc://pc:45662
[rosmaster.master][INFO] 2012-12-15 18:04:50,825: publisherUpdate[/rosout] -> http://pc:56782/
[rosmaster.master][INFO] 2012-12-15 18:04:50,862: -PUB [/rosout] /camera/rgb/rectify_mono http://pc:56192/
[rosmaster.master][INFO] 2012-12-15 18:04:50,863: -SERVICE [/camera/rgb/rectify_mono/get_loggers] /camera/rgb/rectify_mono rosrpc://pc:34335
[rosmaster.master][INFO] 2012-12-15 18:04:50,864: -PUB [/rosout] /camera/rgb/rectify_color http://pc:33075/
[rosmaster.master][INFO] 2012-12-15 18:04:50,865: -SERVICE [/camera/rgb/rectify_mono/set_logger_level] /camera/rgb/rectify_mono rosrpc://pc:34335
[rosmaster.master][INFO] 2012-12-15 18:04:50,866: -SERVICE [/camera/rgb/rectify_color/get_loggers] /camera/rgb/rectify_color rosrpc://pc:33245
[rosmaster.master][INFO] 2012-12-15 18:04:50,867: -SERVICE [/camera/rgb/rectify_color/set_logger_level] /camera/rgb/rectify_color rosrpc://pc:33245
[rosmaster.master][INFO] 2012-12-15 18:04:50,926: publisherUpdate[/rosout] -> http://pc:56782/
[rosmaster.master][INFO] 2012-12-15 18:04:50,927: -PUB [/rosout] /camera_nodelet_manager http://pc:39941/
[rosmaster.master][INFO] 2012-12-15 18:04:50,928: publisherUpdate[/rosout] -> http://pc:56782/
[rosmaster.master][INFO] 2012-12-15 18:04:50,928: publisherUpdate[/rosout] -> http://pc:56782/
[rosmaster.master][INFO] 2012-12-15 18:04:50,930: -PUB [/camera/depth/image_rect_raw/compressed] /camera_nodelet_manager http://pc:39941/
[rosmaster.master][INFO] 2012-12-15 18:04:50,930: -PUB [/camera/depth/image_rect_raw/compressed/parameter_descriptions] /camera_nodelet_manager http://pc:39941/
[rosmaster.master][INFO] 2012-12-15 18:04:50,931: -PUB [/camera/depth/image_rect_raw/compressed/parameter_updates] /camera_nodelet_manager http://pc:39941/
[rosmaster.master][INFO] 2012-12-15 18:04:50,932: -PUB [/camera/depth/image_rect_raw] /camera_nodelet_manager http://pc:39941/
[rosmaster.master][INFO] 2012-12-15 18:04:50,933: -PUB [/camera/depth/image_rect_raw/theora] /camera_nodelet_manager http://pc:39941/
[rosmaster.master][INFO] 2012-12-15 18:04:50,934: -PUB [/camera/depth/image_rect_raw/theora/parameter_descriptions] /camera_nodelet_manager http://pc:39941/
[rosmaster.master][INFO] 2012-12-15 18:04:50,936: -PUB [/camera/depth/image_rect_raw/theora/parameter_updates] /camera_nodelet_manager http://pc:39941/
[rosmaster.master][INFO] 2012-12-15 18:04:50,938: -PUB [/camera/rgb/image_rect_color/compressed] /camera_nodelet_manager http://pc:39941/
[rosmaster.master][INFO] 2012-12-15 18:04:50,939: -PUB [/camera/rgb/image_rect_color/compressed/parameter_descriptions] /camera_nodelet_manager http://pc:39941/
[rosmaster.master][INFO] 2012-12-15 18:04:50,940: -PUB [/camera/rgb/image_rect_color/compressed/parameter_updates] /camera_nodelet_manager http://pc:39941/
[rosmaster.master][INFO] 2012-12-15 18:04:50,941: -PUB [/camera/rgb/image_rect_color] /camera_nodelet_manager http://pc:39941/
[rosmaster.master][INFO] 2012-12-15 18:04:50,942: -PUB [/camera/rgb/image_rect_color/theora] /camera_nodelet_manager http://pc:39941/
[rosmaster.master][INFO] 2012-12-15 18:04:50,943: -PUB [/camera/rgb/image_rect_color/theora/parameter_descriptions] /camera_nodelet_manager http://pc:39941/
[rosmaster.master][INFO] 2012-12-15 18:04:50,944: -PUB [/camera/rgb/image_rect_color/theora/parameter_updates] /camera_nodelet_manager http://pc:39941/
[rosmaster.master][INFO] 2012-12-15 18:04:50,945: -PUB [/camera/depth_registered/image_rect_raw/compressed] /camera_nodelet_manager http://pc:39941/
[rosmaster.master][INFO] 2012-12-15 18:04:50,946: -PUB [/camera/depth_registered/image_rect_raw/compressed/parameter_descriptions] /camera_nodelet_manager http://pc:39941/
[rosmaster.master][INFO] 2012-12-15 18:04:50,946: -PUB [/camera/depth_registered/image_rect_raw/compressed/parameter_updates] /camera_nodelet_manager http://pc:39941/
[rosmaster.master][INFO] 2012-12-15 18:04:50,947: -PUB [/camera/depth_registered/image_rect_raw] /camera_nodelet_manager http://pc:39941/
[rosmaster.master][INFO] 2012-12-15 18:04:50,948: -PUB [/camera/depth_registered/image_rect_raw/theora] /camera_nodelet_manager http://pc:39941/
[rosmaster.master][INFO] 2012-12-15 18:04:50,949: -PUB [/camera/depth_registered/image_rect_raw/theora/parameter_descriptions] /camera_nodelet_manager http://pc:39941/
[rosmaster.master][INFO] 2012-12-15 18:04:50,950: -PUB [/camera/depth_registered/image_rect_raw/theora/parameter_updates] /camera_nodelet_manager http://pc:39941/
[rosmaster.master][INFO] 2012-12-15 18:04:50,951: -PUB [/camera/depth_registered/camera_info] /camera_nodelet_manager http://pc:39941/
[rosmaster.master][INFO] 2012-12-15 18:04:50,952: -PUB [/camera/ir/image_rect/compressed] /camera_nodelet_manager http://pc:39941/
[rosmaster.master][INFO] 2012-12-15 18:04:50,953: -PUB [/camera/ir/image_rect/compressed/parameter_descriptions] /camera_nodelet_manager http://pc:39941/
[rosmaster.master][INFO] 2012-12-15 18:04:50,954: -PUB [/camera/ir/image_rect/compressed/parameter_updates] /camera_nodelet_manager http://pc:39941/
[rosmaster.master][INFO] 2012-12-15 18:04:50,955: -PUB [/camera/ir/image_rect] /camera_nodelet_manager http://pc:39941/
[rosmaster.master][INFO] 2012-12-15 18:04:50,956: -PUB [/camera/ir/image_rect/theora] /camera_nodelet_manager http://pc:39941/
[rosmaster.master][INFO] 2012-12-15 18:04:50,957: -PUB [/camera/ir/image_rect/theora/parameter_descriptions] /camera_nodelet_manager http://pc:39941/
[rosmaster.master][INFO] 2012-12-15 18:04:50,958: -PUB [/camera/ir/image_rect/theora/parameter_updates] /camera_nodelet_manager http://pc:39941/
[rosmaster.master][INFO] 2012-12-15 18:04:50,959: -PUB [/camera/depth/points] /camera_nodelet_manager http://pc:39941/
[rosmaster.master][INFO] 2012-12-15 18:04:50,959: -PUB [/camera/depth/image_rect/compressed] /camera_nodelet_manager http://pc:39941/
[rosmaster.master][INFO] 2012-12-15 18:04:50,960: -PUB [/camera/depth/image_rect/compressed/parameter_descriptions] /camera_nodelet_manager http://pc:39941/
[rosmaster.master][INFO] 2012-12-15 18:04:50,961: -PUB [/camera/depth/image_rect/compressed/parameter_updates] /camera_nodelet_manager http://pc:39941/
[rosmaster.master][INFO] 2012-12-15 18:04:50,962: -PUB [/camera/depth/image_rect] /camera_nodelet_manager http://pc:39941/
[rosmaster.master][INFO] 2012-12-15 18:04:50,963: -PUB [/camera/depth/image_rect/theora] /camera_nodelet_manager http://pc:39941/
[rosmaster.master][INFO] 2012-12-15 18:04:50,964: -PUB [/camera/depth/image_rect/theora/parameter_descriptions] /camera_nodelet_manager http://pc:39941/
[rosmaster.master][INFO] 2012-12-15 18:04:50,964: -PUB [/camera/depth/image_rect/theora/parameter_updates] /camera_nodelet_manager http://pc:39941/
[rosmaster.master][INFO] 2012-12-15 18:04:50,966: -PUB [/rosout] /camera/rgb/debayer http://pc:35800/
[rosmaster.master][INFO] 2012-12-15 18:04:50,966: -PUB [/camera/rgb/image_rect/compressed] /camera_nodelet_manager http://pc:39941/
[rosmaster.master][INFO] 2012-12-15 18:04:50,967: -SERVICE [/camera/rgb/debayer/get_loggers] /camera/rgb/debayer rosrpc://pc:32830
[rosmaster.master][INFO] 2012-12-15 18:04:50,969: -SERVICE [/camera/rgb/debayer/set_logger_level] /camera/rgb/debayer rosrpc://pc:32830
[rosmaster.master][INFO] 2012-12-15 18:04:50,970: -PUB [/camera/rgb/image_rect/compressed/parameter_descriptions] /camera_nodelet_manager http://pc:39941/
[rosmaster.master][INFO] 2012-12-15 18:04:50,971: -PUB [/camera/rgb/image_rect/compressed/parameter_updates] /camera_nodelet_manager http://pc:39941/
[rosmaster.master][INFO] 2012-12-15 18:04:50,973: -PUB [/camera/rgb/image_rect] /camera_nodelet_manager http://pc:39941/
[rosmaster.master][INFO] 2012-12-15 18:04:50,974: -PUB [/camera/rgb/image_rect/theora] /camera_nodelet_manager http://pc:39941/
[rosmaster.master][INFO] 2012-12-15 18:04:50,976: -PUB [/camera/rgb/image_rect/theora/parameter_descriptions] /camera_nodelet_manager http://pc:39941/
[rosmaster.master][INFO] 2012-12-15 18:04:50,977: -PUB [/camera/rgb/image_rect/theora/parameter_updates] /camera_nodelet_manager http://pc:39941/
[rosmaster.master][INFO] 2012-12-15 18:04:50,978: -PUB [/camera/depth_registered/image/compressed] /camera_nodelet_manager http://pc:39941/
[rosmaster.master][INFO] 2012-12-15 18:04:50,979: -PUB [/camera/depth_registered/image/compressed/parameter_descriptions] /camera_nodelet_manager http://pc:39941/
[rosmaster.master][INFO] 2012-12-15 18:04:50,979: -PUB [/camera/depth_registered/image/compressed/parameter_updates] /camera_nodelet_manager http://pc:39941/
[rosmaster.master][INFO] 2012-12-15 18:04:50,980: -PUB [/camera/depth_registered/image] /camera_nodelet_manager http://pc:39941/
[rosmaster.master][INFO] 2012-12-15 18:04:50,981: -PUB [/camera/depth_registered/image/theora] /camera_nodelet_manager http://pc:39941/
[rosmaster.master][INFO] 2012-12-15 18:04:50,982: -PUB [/camera/depth_registered/image/theora/parameter_descriptions] /camera_nodelet_manager http://pc:39941/
[rosmaster.master][INFO] 2012-12-15 18:04:50,986: -PUB [/camera/depth_registered/image/theora/parameter_updates] /camera_nodelet_manager http://pc:39941/
[rosmaster.master][INFO] 2012-12-15 18:04:50,988: -PUB [/camera/rgb/image_mono/compressed] /camera_nodelet_manager http://pc:39941/
[rosmaster.master][INFO] 2012-12-15 18:04:50,989: -PUB [/camera/rgb/image_mono/compressed/parameter_descriptions] /camera_nodelet_manager http://pc:39941/
[rosmaster.master][INFO] 2012-12-15 18:04:50,990: -PUB [/camera/rgb/image_mono/compressed/parameter_updates] /camera_nodelet_manager http://pc:39941/
[rosmaster.master][INFO] 2012-12-15 18:04:50,991: -PUB [/camera/rgb/image_mono] /camera_nodelet_manager http://pc:39941/
[rosmaster.master][INFO] 2012-12-15 18:04:50,992: -PUB [/camera/rgb/image_mono/theora] /camera_nodelet_manager http://pc:39941/
[rosmaster.master][INFO] 2012-12-15 18:04:50,992: -PUB [/camera/rgb/image_mono/theora/parameter_descriptions] /camera_nodelet_manager http://pc:39941/
[rosmaster.master][INFO] 2012-12-15 18:04:50,993: -PUB [/camera/rgb/image_mono/theora/parameter_updates] /camera_nodelet_manager http://pc:39941/
[rosmaster.master][INFO] 2012-12-15 18:04:50,995: -PUB [/camera/rgb/image_color/compressed] /camera_nodelet_manager http://pc:39941/
[rosmaster.master][INFO] 2012-12-15 18:04:50,996: -PUB [/camera/rgb/image_color/compressed/parameter_descriptions] /camera_nodelet_manager http://pc:39941/
[rosmaster.master][INFO] 2012-12-15 18:04:50,997: -PUB [/camera/rgb/image_color/compressed/parameter_updates] /camera_nodelet_manager http://pc:39941/
[rosmaster.master][INFO] 2012-12-15 18:04:50,998: -PUB [/camera/rgb/image_color] /camera_nodelet_manager http://pc:39941/
[rosmaster.master][INFO] 2012-12-15 18:04:51,000: -PUB [/camera/rgb/image_color/theora] /camera_nodelet_manager http://pc:39941/
[rosmaster.master][INFO] 2012-12-15 18:04:51,002: -PUB [/camera/rgb/image_color/theora/parameter_descriptions] /camera_nodelet_manager http://pc:39941/
[rosmaster.master][INFO] 2012-12-15 18:04:51,003: -PUB [/camera/rgb/image_color/theora/parameter_updates] /camera_nodelet_manager http://pc:39941/
[rosmaster.master][INFO] 2012-12-15 18:04:51,003: -PUB [/camera/depth_registered/image_rect/compressed] /camera_nodelet_manager http://pc:39941/
[rosmaster.master][INFO] 2012-12-15 18:04:51,004: -PUB [/camera/depth_registered/image_rect/compressed/parameter_descriptions] /camera_nodelet_manager http://pc:39941/
[rosmaster.master][INFO] 2012-12-15 18:04:51,005: -PUB [/camera/depth_registered/image_rect/compressed/parameter_updates] /camera_nodelet_manager http://pc:39941/
[rosmaster.master][INFO] 2012-12-15 18:04:51,006: -PUB [/camera/depth_registered/image_rect] /camera_nodelet_manager http://pc:39941/
[rosmaster.master][INFO] 2012-12-15 18:04:51,007: -PUB [/camera/depth_registered/image_rect/theora] /camera_nodelet_manager http://pc:39941/
[rosmaster.master][INFO] 2012-12-15 18:04:51,008: -PUB [/camera/depth_registered/image_rect/theora/parameter_descriptions] /camera_nodelet_manager http://pc:39941/
[rosmaster.master][INFO] 2012-12-15 18:04:51,009: -PUB [/camera/depth_registered/image_rect/theora/parameter_updates] /camera_nodelet_manager http://pc:39941/
[rosmaster.master][INFO] 2012-12-15 18:04:51,009: -PUB [/camera/depth/image/compressed] /camera_nodelet_manager http://pc:39941/
[rosmaster.master][INFO] 2012-12-15 18:04:51,010: -PUB [/camera/depth/image/compressed/parameter_descriptions] /camera_nodelet_manager http://pc:39941/
[rosmaster.master][INFO] 2012-12-15 18:04:51,011: -PUB [/camera/depth/image/compressed/parameter_updates] /camera_nodelet_manager http://pc:39941/
[rosmaster.master][INFO] 2012-12-15 18:04:51,012: -PUB [/camera/depth/image] /camera_nodelet_manager http://pc:39941/
[rosmaster.master][INFO] 2012-12-15 18:04:51,013: -PUB [/camera/depth/image/theora] /camera_nodelet_manager http://pc:39941/
[rosmaster.master][INFO] 2012-12-15 18:04:51,015: -PUB [/camera/depth/image/theora/parameter_descriptions] /camera_nodelet_manager http://pc:39941/
[rosmaster.master][INFO] 2012-12-15 18:04:51,016: -PUB [/camera/depth/image/theora/parameter_updates] /camera_nodelet_manager http://pc:39941/
[rosmaster.master][INFO] 2012-12-15 18:04:51,017: -PUB [/camera/driver/parameter_descriptions] /camera_nodelet_manager http://pc:39941/
[rosmaster.master][INFO] 2012-12-15 18:04:51,019: -PUB [/camera/driver/parameter_updates] /camera_nodelet_manager http://pc:39941/
[rosmaster.master][INFO] 2012-12-15 18:04:51,020: -PUB [/camera/rgb/image_raw/compressed] /camera_nodelet_manager http://pc:39941/
[rosmaster.master][INFO] 2012-12-15 18:04:51,020: -PUB [/camera/rgb/image_raw/compressed/parameter_descriptions] /camera_nodelet_manager http://pc:39941/
[rosmaster.master][INFO] 2012-12-15 18:04:51,021: -PUB [/camera/rgb/image_raw/compressed/parameter_updates] /camera_nodelet_manager http://pc:39941/
[rosmaster.master][INFO] 2012-12-15 18:04:51,022: -PUB [/camera/rgb/image_raw] /camera_nodelet_manager http://pc:39941/
[rosmaster.master][INFO] 2012-12-15 18:04:51,023: -PUB [/camera/rgb/image_raw/theora] /camera_nodelet_manager http://pc:39941/
[rosmaster.master][INFO] 2012-12-15 18:04:51,026: -PUB [/camera/rgb/image_raw/theora/parameter_descriptions] /camera_nodelet_manager http://pc:39941/
[rosmaster.master][INFO] 2012-12-15 18:04:51,028: -PUB [/camera/rgb/image_raw/theora/parameter_updates] /camera_nodelet_manager http://pc:39941/
[rosmaster.master][INFO] 2012-12-15 18:04:51,029: -PUB [/camera/rgb/camera_info] /camera_nodelet_manager http://pc:39941/
[rosmaster.master][INFO] 2012-12-15 18:04:51,029: publisherUpdate[/rosout] -> http://pc:56782/
[rosmaster.master][INFO] 2012-12-15 18:04:51,031: -PUB [/camera/ir/image_raw/compressed] /camera_nodelet_manager http://pc:39941/
[rosmaster.master][INFO] 2012-12-15 18:04:51,032: -PUB [/camera/ir/image_raw/compressed/parameter_descriptions] /camera_nodelet_manager http://pc:39941/
[rosmaster.master][INFO] 2012-12-15 18:04:51,033: -PUB [/camera/ir/image_raw/compressed/parameter_updates] /camera_nodelet_manager http://pc:39941/
[rosmaster.master][INFO] 2012-12-15 18:04:51,034: -PUB [/camera/ir/image_raw] /camera_nodelet_manager http://pc:39941/
[rosmaster.master][INFO] 2012-12-15 18:04:51,035: -PUB [/camera/ir/image_raw/theora] /camera_nodelet_manager http://pc:39941/
[rosmaster.master][INFO] 2012-12-15 18:04:51,036: -PUB [/camera/ir/image_raw/theora/parameter_descriptions] /camera_nodelet_manager http://pc:39941/
[rosmaster.master][INFO] 2012-12-15 18:04:51,037: -PUB [/camera/ir/image_raw/theora/parameter_updates] /camera_nodelet_manager http://pc:39941/
[rosmaster.master][INFO] 2012-12-15 18:04:51,038: -PUB [/camera/ir/camera_info] /camera_nodelet_manager http://pc:39941/
[rosmaster.master][INFO] 2012-12-15 18:04:51,038: -PUB [/camera/depth/image_raw/compressed] /camera_nodelet_manager http://pc:39941/
[rosmaster.master][INFO] 2012-12-15 18:04:51,039: -PUB [/camera/depth/image_raw/compressed/parameter_descriptions] /camera_nodelet_manager http://pc:39941/
[rosmaster.master][INFO] 2012-12-15 18:04:51,040: -PUB [/camera/depth/image_raw/compressed/parameter_updates] /camera_nodelet_manager http://pc:39941/
[rosmaster.master][INFO] 2012-12-15 18:04:51,041: -PUB [/camera/depth/image_raw] /camera_nodelet_manager http://pc:39941/
[rosmaster.master][INFO] 2012-12-15 18:04:51,042: -PUB [/camera/depth/image_raw/theora] /camera_nodelet_manager http://pc:39941/
[rosmaster.master][INFO] 2012-12-15 18:04:51,043: -PUB [/camera/depth/image_raw/theora/parameter_descriptions] /camera_nodelet_manager http://pc:39941/
[rosmaster.master][INFO] 2012-12-15 18:04:51,043: -PUB [/camera/depth/image_raw/theora/parameter_updates] /camera_nodelet_manager http://pc:39941/
[rosmaster.master][INFO] 2012-12-15 18:04:51,044: -PUB [/camera/depth/camera_info] /camera_nodelet_manager http://pc:39941/
[rosmaster.master][INFO] 2012-12-15 18:04:51,045: -PUB [/camera/projector/camera_info] /camera_nodelet_manager http://pc:39941/
[rosmaster.master][INFO] 2012-12-15 18:04:51,046: -PUB [/camera/depth_registered/image_raw/compressed] /camera_nodelet_manager http://pc:39941/
[rosmaster.master][INFO] 2012-12-15 18:04:51,047: -PUB [/camera/depth_registered/image_raw/compressed/parameter_descriptions] /camera_nodelet_manager http://pc:39941/
[rosmaster.master][INFO] 2012-12-15 18:04:51,049: -PUB [/camera/depth_registered/image_raw/compressed/parameter_updates] /camera_nodelet_manager http://pc:39941/
[rosmaster.master][INFO] 2012-12-15 18:04:51,050: -PUB [/camera/depth_registered/image_raw] /camera_nodelet_manager http://pc:39941/
[rosmaster.master][INFO] 2012-12-15 18:04:51,051: -PUB [/camera/depth_registered/image_raw/theora] /camera_nodelet_manager http://pc:39941/
[rosmaster.master][INFO] 2012-12-15 18:04:51,052: -PUB [/camera/depth_registered/image_raw/theora/parameter_descriptions] /camera_nodelet_manager http://pc:39941/
[rosmaster.master][INFO] 2012-12-15 18:04:51,052: -PUB [/camera/depth_registered/image_raw/theora/parameter_updates] /camera_nodelet_manager http://pc:39941/
[rosmaster.master][INFO] 2012-12-15 18:04:51,054: -SERVICE [/camera_nodelet_manager/get_loggers] /camera_nodelet_manager rosrpc://pc:45662
[rosmaster.master][INFO] 2012-12-15 18:04:51,056: -SERVICE [/camera_nodelet_manager/set_logger_level] /camera_nodelet_manager rosrpc://pc:45662
[rosmaster.master][INFO] 2012-12-15 18:04:51,058: -SERVICE [/camera_nodelet_manager/load_nodelet] /camera_nodelet_manager rosrpc://pc:45662
[rosmaster.master][INFO] 2012-12-15 18:04:51,059: -SERVICE [/camera_nodelet_manager/unload_nodelet] /camera_nodelet_manager rosrpc://pc:45662
[rosmaster.master][INFO] 2012-12-15 18:04:51,060: -SERVICE [/camera_nodelet_manager/list] /camera_nodelet_manager rosrpc://pc:45662
[rosmaster.master][INFO] 2012-12-15 18:04:51,061: -SERVICE [/camera/depth/image_rect_raw/compressed/set_parameters] /camera_nodelet_manager rosrpc://pc:45662
[rosmaster.master][INFO] 2012-12-15 18:04:51,062: -SERVICE [/camera/depth/image_rect_raw/theora/set_parameters] /camera_nodelet_manager rosrpc://pc:45662
[rosmaster.master][INFO] 2012-12-15 18:04:51,064: -SERVICE [/camera/rgb/image_rect_color/compressed/set_parameters] /camera_nodelet_manager rosrpc://pc:45662
[rosmaster.master][INFO] 2012-12-15 18:04:51,065: -SERVICE [/camera/rgb/image_rect_color/theora/set_parameters] /camera_nodelet_manager rosrpc://pc:45662
[rosmaster.master][INFO] 2012-12-15 18:04:51,066: -SERVICE [/camera/ir/image_rect/compressed/set_parameters] /camera_nodelet_manager rosrpc://pc:45662
[rosmaster.master][INFO] 2012-12-15 18:04:51,067: -SERVICE [/camera/ir/image_rect/theora/set_parameters] /camera_nodelet_manager rosrpc://pc:45662
[rosmaster.master][INFO] 2012-12-15 18:04:51,068: -SERVICE [/camera/depth/image_rect/compressed/set_parameters] /camera_nodelet_manager rosrpc://pc:45662
[rosmaster.master][INFO] 2012-12-15 18:04:51,069: -SERVICE [/camera/depth/image_rect/theora/set_parameters] /camera_nodelet_manager rosrpc://pc:45662
[rosmaster.master][INFO] 2012-12-15 18:04:51,069: -SERVICE [/camera/rgb/image_rect/compressed/set_parameters] /camera_nodelet_manager rosrpc://pc:45662
[rosmaster.master][INFO] 2012-12-15 18:04:51,070: -SERVICE [/camera/rgb/image_rect/theora/set_parameters] /camera_nodelet_manager rosrpc://pc:45662
[rosmaster.master][INFO] 2012-12-15 18:04:51,071: -SERVICE [/camera/depth_registered/image/compressed/set_parameters] /camera_nodelet_manager rosrpc://pc:45662
[rosmaster.master][INFO] 2012-12-15 18:04:51,072: -SERVICE [/camera/depth_registered/image/theora/set_parameters] /camera_nodelet_manager rosrpc://pc:45662
[rosmaster.master][INFO] 2012-12-15 18:04:51,073: -SERVICE [/camera/rgb/image_mono/compressed/set_parameters] /camera_nodelet_manager rosrpc://pc:45662
[rosmaster.master][INFO] 2012-12-15 18:04:51,073: -SERVICE [/camera/rgb/image_mono/theora/set_parameters] /camera_nodelet_manager rosrpc://pc:45662
[rosmaster.master][INFO] 2012-12-15 18:04:51,074: -SERVICE [/camera/rgb/image_color/compressed/set_parameters] /camera_nodelet_manager rosrpc://pc:45662
[rosmaster.master][INFO] 2012-12-15 18:04:51,075: -SERVICE [/camera/rgb/image_color/theora/set_parameters] /camera_nodelet_manager rosrpc://pc:45662
[rosmaster.master][INFO] 2012-12-15 18:04:51,076: -SERVICE [/camera/depth_registered/image_rect/compressed/set_parameters] /camera_nodelet_manager rosrpc://pc:45662
[rosmaster.master][INFO] 2012-12-15 18:04:51,077: -SERVICE [/camera/depth_registered/image_rect/theora/set_parameters] /camera_nodelet_manager rosrpc://pc:45662
[rosmaster.master][INFO] 2012-12-15 18:04:51,078: -SERVICE [/camera/depth/image/compressed/set_parameters] /camera_nodelet_manager rosrpc://pc:45662
[rosmaster.master][INFO] 2012-12-15 18:04:51,079: -SERVICE [/camera/depth/image/theora/set_parameters] /camera_nodelet_manager rosrpc://pc:45662
[rosmaster.master][INFO] 2012-12-15 18:04:51,080: -SERVICE [/camera/driver/set_parameters] /camera_nodelet_manager rosrpc://pc:45662
[rosmaster.master][INFO] 2012-12-15 18:04:51,081: -SERVICE [/camera/rgb/set_camera_info] /camera_nodelet_manager rosrpc://pc:45662
[rosmaster.master][INFO] 2012-12-15 18:04:51,082: -SERVICE [/camera/ir/set_camera_info] /camera_nodelet_manager rosrpc://pc:45662
[rosmaster.master][INFO] 2012-12-15 18:04:51,083: -SERVICE [/camera/rgb/image_raw/compressed/set_parameters] /camera_nodelet_manager rosrpc://pc:45662
[rosmaster.master][INFO] 2012-12-15 18:04:51,084: -SERVICE [/camera/rgb/image_raw/theora/set_parameters] /camera_nodelet_manager rosrpc://pc:45662
[rosmaster.master][INFO] 2012-12-15 18:04:51,085: -SERVICE [/camera/ir/image_raw/compressed/set_parameters] /camera_nodelet_manager rosrpc://pc:45662
[rosmaster.master][INFO] 2012-12-15 18:04:51,085: -SERVICE [/camera/ir/image_raw/theora/set_parameters] /camera_nodelet_manager rosrpc://pc:45662
[rosmaster.master][INFO] 2012-12-15 18:04:51,086: -SERVICE [/camera/depth/image_raw/compressed/set_parameters] /camera_nodelet_manager rosrpc://pc:45662
[rosmaster.master][INFO] 2012-12-15 18:04:51,087: -SERVICE [/camera/depth/image_raw/theora/set_parameters] /camera_nodelet_manager rosrpc://pc:45662
[rosmaster.master][INFO] 2012-12-15 18:04:51,088: -SERVICE [/camera/depth_registered/image_raw/compressed/set_parameters] /camera_nodelet_manager rosrpc://pc:45662
[rosmaster.master][INFO] 2012-12-15 18:04:51,089: -SERVICE [/camera/depth_registered/image_raw/theora/set_parameters] /camera_nodelet_manager rosrpc://pc:45662
[rosmaster.master][INFO] 2012-12-15 18:04:51,164: -PUB [/rosout] /camera/driver http://pc:37395/
[rosmaster.master][INFO] 2012-12-15 18:04:51,167: -SERVICE [/camera/driver/get_loggers] /camera/driver rosrpc://pc:47931
[rosmaster.master][INFO] 2012-12-15 18:04:51,169: -SERVICE [/camera/driver/set_logger_level] /camera/driver rosrpc://pc:47931
[rosmaster.master][INFO] 2012-12-15 18:04:51,230: publisherUpdate[/rosout] -> http://pc:56782/
[rosmaster.master][INFO] 2012-12-15 18:04:51,288: -PUB [/rosout] /camera/depth/points http://pc:60887/
[rosmaster.master][INFO] 2012-12-15 18:04:51,291: -SERVICE [/camera/depth/points/get_loggers] /camera/depth/points rosrpc://pc:57979
[rosmaster.master][INFO] 2012-12-15 18:04:51,294: -SERVICE [/camera/depth/points/set_logger_level] /camera/depth/points rosrpc://pc:57979
[rosmaster.master][INFO] 2012-12-15 18:04:51,330: publisherUpdate[/rosout] -> http://pc:56782/
[rosmaster.master][INFO] 2012-12-15 18:04:51,533: -PUB [/rosout_agg] /rosout http://pc:56782/
[rosmaster.master][INFO] 2012-12-15 18:04:51,534: -SUB [/rosout] /rosout http://pc:56782/
[rosmaster.master][INFO] 2012-12-15 18:04:51,535: -SERVICE [/rosout/get_loggers] /rosout rosrpc://pc:55492
[rosmaster.master][INFO] 2012-12-15 18:04:51,536: -SERVICE [/rosout/set_logger_level] /rosout rosrpc://pc:55492
[rosmaster.main][INFO] 2012-12-15 18:04:51,624: keyboard interrupt, will exit
[rosmaster.main][INFO] 2012-12-15 18:04:51,624: stopping master...
