[rosmaster.main][INFO] 2012-12-15 17:16:49,818: initialization complete, waiting for shutdown
[rosmaster.main][INFO] 2012-12-15 17:16:49,818: Starting ROS Master Node
[xmlrpc][INFO] 2012-12-15 17:16:49,820: XML-RPC server binding to 0.0.0.0
[xmlrpc][INFO] 2012-12-15 17:16:49,821: Started XML-RPC server [http://pc:11311/]
[rosmaster.master][INFO] 2012-12-15 17:16:49,821: Master initialized: port[11311], uri[http://pc:11311/]
[xmlrpc][INFO] 2012-12-15 17:16:49,821: xml rpc node: starting XML-RPC server
[rosmaster.master][INFO] 2012-12-15 17:16:49,839: +PARAM [/run_id] by /roslaunch
[rosmaster.master][INFO] 2012-12-15 17:16:49,843: +PARAM [/roslaunch/uris/host_pc__56447] by /roslaunch
[rosmaster.master][INFO] 2012-12-15 17:16:49,868: +PARAM [/rosdistro] by /roslaunch
[rosmaster.master][INFO] 2012-12-15 17:16:49,868: +PARAM [/camera/driver/rgb_frame_id] by /roslaunch
[rosmaster.master][INFO] 2012-12-15 17:16:49,868: +PARAM [/camera/disparity_depth_registered/min_range] by /roslaunch
[rosmaster.master][INFO] 2012-12-15 17:16:49,868: +PARAM [/camera/driver/rgb_camera_info_url] by /roslaunch
[rosmaster.master][INFO] 2012-12-15 17:16:49,868: +PARAM [/camera/depth_registered/rectify_depth/interpolation] by /roslaunch
[rosmaster.master][INFO] 2012-12-15 17:16:49,869: +PARAM [/camera/driver/depth_frame_id] by /roslaunch
[rosmaster.master][INFO] 2012-12-15 17:16:49,869: +PARAM [/camera/depth/rectify_depth/interpolation] by /roslaunch
[rosmaster.master][INFO] 2012-12-15 17:16:49,869: +PARAM [/camera/disparity_depth/max_range] by /roslaunch
[rosmaster.master][INFO] 2012-12-15 17:16:49,869: +PARAM [/rosversion] by /roslaunch
[rosmaster.master][INFO] 2012-12-15 17:16:49,869: +PARAM [/camera/driver/device_id] by /roslaunch
[rosmaster.master][INFO] 2012-12-15 17:16:49,869: +PARAM [/camera/driver/depth_camera_info_url] by /roslaunch
[rosmaster.master][INFO] 2012-12-15 17:16:49,869: +PARAM [/camera/disparity_depth/min_range] by /roslaunch
[rosmaster.master][INFO] 2012-12-15 17:16:49,869: +PARAM [/camera/disparity_depth_registered/max_range] by /roslaunch
[rosmaster.master][INFO] 2012-12-15 17:16:49,875: +SERVICE [/rosout/get_loggers] /rosout http://pc:37561/
[rosmaster.master][INFO] 2012-12-15 17:16:49,876: +SERVICE [/rosout/set_logger_level] /rosout http://pc:37561/
[rosmaster.master][INFO] 2012-12-15 17:16:49,879: +PUB [/rosout_agg] /rosout http://pc:37561/
[rosmaster.master][INFO] 2012-12-15 17:16:49,880: +SUB [/rosout] /rosout http://pc:37561/
[rosmaster.master][INFO] 2012-12-15 17:16:49,904: +PUB [/rosout] /camera/driver http://pc:59063/
[rosmaster.master][INFO] 2012-12-15 17:16:49,906: +SERVICE [/camera/driver/get_loggers] /camera/driver http://pc:59063/
[rosmaster.master][INFO] 2012-12-15 17:16:49,908: +SERVICE [/camera/driver/set_logger_level] /camera/driver http://pc:59063/
[rosmaster.master][INFO] 2012-12-15 17:16:49,917: +PARAM [/camera/driver] by /camera/driver
[rosmaster.master][INFO] 2012-12-15 17:16:49,922: publisherUpdate[/rosout] -> http://pc:37561/
[rosmaster.master][INFO] 2012-12-15 17:16:49,925: +PUB [/rosout] /camera/rgb/debayer http://pc:47712/
[rosmaster.master][INFO] 2012-12-15 17:16:49,926: publisherUpdate[/rosout] -> http://pc:37561/
[rosmaster.master][INFO] 2012-12-15 17:16:49,929: +SERVICE [/camera/rgb/debayer/get_loggers] /camera/rgb/debayer http://pc:47712/
[rosmaster.master][INFO] 2012-12-15 17:16:49,931: +SERVICE [/camera/rgb/debayer/set_logger_level] /camera/rgb/debayer http://pc:47712/
[rosmaster.master][INFO] 2012-12-15 17:16:49,936: +PUB [/rosout] /camera/rgb/rectify_mono http://pc:52036/
[rosmaster.master][INFO] 2012-12-15 17:16:49,938: +SERVICE [/camera/rgb/rectify_mono/get_loggers] /camera/rgb/rectify_mono http://pc:52036/
[rosmaster.master][INFO] 2012-12-15 17:16:49,943: +SERVICE [/camera/rgb/rectify_mono/set_logger_level] /camera/rgb/rectify_mono http://pc:52036/
[rosmaster.master][INFO] 2012-12-15 17:16:49,944: +PUB [/rosout] /camera/rgb/rectify_color http://pc:39566/
[rosmaster.master][INFO] 2012-12-15 17:16:49,955: +SERVICE [/camera/rgb/rectify_color/get_loggers] /camera/rgb/rectify_color http://pc:39566/
[rosmaster.master][INFO] 2012-12-15 17:16:49,973: +SERVICE [/camera/rgb/rectify_color/set_logger_level] /camera/rgb/rectify_color http://pc:39566/
[rosmaster.master][INFO] 2012-12-15 17:16:49,977: +PUB [/rosout] /camera/ir/rectify_ir http://pc:42156/
[rosmaster.master][INFO] 2012-12-15 17:16:49,996: +SERVICE [/camera/ir/rectify_ir/get_loggers] /camera/ir/rectify_ir http://pc:42156/
[rosmaster.master][INFO] 2012-12-15 17:16:50,002: +SERVICE [/camera/ir/rectify_ir/set_logger_level] /camera/ir/rectify_ir http://pc:42156/
[rosmaster.master][INFO] 2012-12-15 17:16:50,003: +PUB [/rosout] /camera/depth/rectify_depth http://pc:35702/
[rosmaster.master][INFO] 2012-12-15 17:16:50,005: +PUB [/rosout] /camera/depth/points http://pc:34166/
[rosmaster.master][INFO] 2012-12-15 17:16:50,007: +PUB [/rosout] /camera/depth/metric http://pc:34196/
[rosmaster.master][INFO] 2012-12-15 17:16:50,012: +SERVICE [/camera/depth/rectify_depth/get_loggers] /camera/depth/rectify_depth http://pc:35702/
[rosmaster.master][INFO] 2012-12-15 17:16:50,024: publisherUpdate[/rosout] -> http://pc:37561/
[rosmaster.master][INFO] 2012-12-15 17:16:50,028: +SERVICE [/camera/depth/metric/get_loggers] /camera/depth/metric http://pc:34196/
[rosmaster.master][INFO] 2012-12-15 17:16:50,029: publisherUpdate[/rosout] -> http://pc:37561/
[rosmaster.master][INFO] 2012-12-15 17:16:50,037: publisherUpdate[/rosout] -> http://pc:37561/
[rosmaster.master][INFO] 2012-12-15 17:16:50,038: publisherUpdate[/rosout] -> http://pc:37561/
[rosmaster.master][INFO] 2012-12-15 17:16:50,039: publisherUpdate[/rosout] -> http://pc:37561/
[rosmaster.master][INFO] 2012-12-15 17:16:50,041: publisherUpdate[/rosout] -> http://pc:37561/
[rosmaster.master][INFO] 2012-12-15 17:16:50,041: +SERVICE [/camera/depth/points/get_loggers] /camera/depth/points http://pc:34166/
[rosmaster.master][INFO] 2012-12-15 17:16:50,042: +SERVICE [/camera/depth/rectify_depth/set_logger_level] /camera/depth/rectify_depth http://pc:35702/
[rosmaster.master][INFO] 2012-12-15 17:16:50,043: +PUB [/rosout] /camera/register_depth_rgb http://pc:60744/
[rosmaster.master][INFO] 2012-12-15 17:16:50,047: +PUB [/rosout] /camera/depth_registered/rectify_depth http://pc:43095/
[rosmaster.master][INFO] 2012-12-15 17:16:50,049: +SERVICE [/camera/depth/metric/set_logger_level] /camera/depth/metric http://pc:34196/
[rosmaster.master][INFO] 2012-12-15 17:16:50,050: +SERVICE [/camera/depth/points/set_logger_level] /camera/depth/points http://pc:34166/
[rosmaster.master][INFO] 2012-12-15 17:16:50,052: +SERVICE [/camera/register_depth_rgb/get_loggers] /camera/register_depth_rgb http://pc:60744/
[rosmaster.master][INFO] 2012-12-15 17:16:50,065: +PUB [/rosout] /camera/depth_registered/metric_rect http://pc:34775/
[rosmaster.master][INFO] 2012-12-15 17:16:50,072: +SERVICE [/camera/register_depth_rgb/set_logger_level] /camera/register_depth_rgb http://pc:60744/
[rosmaster.master][INFO] 2012-12-15 17:16:50,075: +SERVICE [/camera/depth_registered/metric_rect/get_loggers] /camera/depth_registered/metric_rect http://pc:34775/
[rosmaster.master][INFO] 2012-12-15 17:16:50,081: +PARAM [/camera/depth/rectify_depth] by /camera/depth/rectify_depth
[rosmaster.master][INFO] 2012-12-15 17:16:50,082: +SERVICE [/camera/depth_registered/metric_rect/set_logger_level] /camera/depth_registered/metric_rect http://pc:34775/
[rosmaster.master][INFO] 2012-12-15 17:16:50,100: +PUB [/rosout] /camera/disparity_depth http://pc:47995/
[rosmaster.master][INFO] 2012-12-15 17:16:50,102: +PUB [/rosout] /camera/disparity_depth_registered http://pc:44923/
[rosmaster.master][INFO] 2012-12-15 17:16:50,105: +SERVICE [/camera/disparity_depth/get_loggers] /camera/disparity_depth http://pc:47995/
[rosmaster.master][INFO] 2012-12-15 17:16:50,115: +SERVICE [/camera/disparity_depth_registered/get_loggers] /camera/disparity_depth_registered http://pc:44923/
[rosmaster.master][INFO] 2012-12-15 17:16:50,123: +SERVICE [/camera/disparity_depth_registered/set_logger_level] /camera/disparity_depth_registered http://pc:44923/
[rosmaster.master][INFO] 2012-12-15 17:16:50,125: publisherUpdate[/rosout] -> http://pc:37561/
[rosmaster.master][INFO] 2012-12-15 17:16:50,126: +SERVICE [/camera/disparity_depth/set_logger_level] /camera/disparity_depth http://pc:47995/
[rosmaster.master][INFO] 2012-12-15 17:16:50,126: publisherUpdate[/rosout] -> http://pc:37561/
[rosmaster.master][INFO] 2012-12-15 17:16:50,131: +PUB [/rosout] /camera_base_link1 http://pc:44740/
[rosmaster.master][INFO] 2012-12-15 17:16:50,140: publisherUpdate[/rosout] -> http://pc:37561/
[rosmaster.master][INFO] 2012-12-15 17:16:50,144: publisherUpdate[/rosout] -> http://pc:37561/
[rosmaster.master][INFO] 2012-12-15 17:16:50,145: publisherUpdate[/rosout] -> http://pc:37561/
[rosmaster.master][INFO] 2012-12-15 17:16:50,147: publisherUpdate[/rosout] -> http://pc:37561/
[rosmaster.master][INFO] 2012-12-15 17:16:50,152: +PUB [/rosout] /camera_base_link2 http://pc:53530/
[rosmaster.master][INFO] 2012-12-15 17:16:50,153: +SERVICE [/camera_base_link1/get_loggers] /camera_base_link1 http://pc:44740/
[rosmaster.master][INFO] 2012-12-15 17:16:50,163: +SERVICE [/camera_base_link2/get_loggers] /camera_base_link2 http://pc:53530/
[rosmaster.master][INFO] 2012-12-15 17:16:50,165: +SERVICE [/camera_base_link1/set_logger_level] /camera_base_link1 http://pc:44740/
[rosmaster.master][INFO] 2012-12-15 17:16:50,166: +PUB [/rosout] /camera_base_link3 http://pc:44773/
[rosmaster.master][INFO] 2012-12-15 17:16:50,169: +PARAM [/camera/disparity_depth] by /camera/disparity_depth
[rosmaster.master][INFO] 2012-12-15 17:16:50,170: +SERVICE [/camera_base_link2/set_logger_level] /camera_base_link2 http://pc:53530/
[rosmaster.master][INFO] 2012-12-15 17:16:50,173: +SERVICE [/camera_base_link3/get_loggers] /camera_base_link3 http://pc:44773/
[rosmaster.master][INFO] 2012-12-15 17:16:50,182: +SERVICE [/camera_base_link3/set_logger_level] /camera_base_link3 http://pc:44773/
[rosmaster.master][INFO] 2012-12-15 17:16:50,185: +PUB [/tf] /camera_base_link2 http://pc:53530/
[rosmaster.master][INFO] 2012-12-15 17:16:50,189: +PUB [/tf] /camera_base_link1 http://pc:44740/
[rosmaster.master][INFO] 2012-12-15 17:16:50,190: +PUB [/tf] /camera_base_link3 http://pc:44773/
[rosmaster.master][INFO] 2012-12-15 17:16:50,214: +PUB [/rosout] /camera/depth/metric_rect http://pc:46287/
[rosmaster.master][INFO] 2012-12-15 17:16:50,216: +SERVICE [/camera/depth/metric_rect/get_loggers] /camera/depth/metric_rect http://pc:46287/
[rosmaster.master][INFO] 2012-12-15 17:16:50,218: +SERVICE [/camera/depth/metric_rect/set_logger_level] /camera/depth/metric_rect http://pc:46287/
[rosmaster.master][INFO] 2012-12-15 17:16:50,233: publisherUpdate[/rosout] -> http://pc:37561/
[rosmaster.master][INFO] 2012-12-15 17:16:50,235: publisherUpdate[/rosout] -> http://pc:37561/
[rosmaster.master][INFO] 2012-12-15 17:16:50,238: +PUB [/rosout] /camera_nodelet_manager http://pc:54408/
[rosmaster.master][INFO] 2012-12-15 17:16:50,240: publisherUpdate[/rosout] -> http://pc:37561/
[rosmaster.master][INFO] 2012-12-15 17:16:50,243: publisherUpdate[/rosout] -> http://pc:37561/
[rosmaster.master][INFO] 2012-12-15 17:16:50,242: +SERVICE [/camera_nodelet_manager/get_loggers] /camera_nodelet_manager http://pc:54408/
[rosmaster.master][INFO] 2012-12-15 17:16:50,247: +SERVICE [/camera_nodelet_manager/set_logger_level] /camera_nodelet_manager http://pc:54408/
[rosmaster.master][INFO] 2012-12-15 17:16:50,252: +SERVICE [/camera_nodelet_manager/load_nodelet] /camera_nodelet_manager http://pc:54408/
[rosmaster.master][INFO] 2012-12-15 17:16:50,253: +SERVICE [/camera_nodelet_manager/unload_nodelet] /camera_nodelet_manager http://pc:54408/
[rosmaster.master][INFO] 2012-12-15 17:16:50,255: +SERVICE [/camera_nodelet_manager/list] /camera_nodelet_manager http://pc:54408/
[rosmaster.master][INFO] 2012-12-15 17:16:50,545: +SERVICE [/camera/rgb/debayer/set_parameters] /camera_nodelet_manager http://pc:54408/
[rosmaster.master][INFO] 2012-12-15 17:16:50,546: +PUB [/camera/rgb/debayer/parameter_descriptions] /camera_nodelet_manager http://pc:54408/
[rosmaster.master][INFO] 2012-12-15 17:16:50,547: +PUB [/camera/rgb/debayer/parameter_updates] /camera_nodelet_manager http://pc:54408/
[rosmaster.master][INFO] 2012-12-15 17:16:50,549: +PARAM [/camera/rgb/debayer/debayer] by /camera_nodelet_manager
[rosmaster.master][INFO] 2012-12-15 17:16:50,553: +PUB [/camera/rgb/image_mono/compressed] /camera_nodelet_manager http://pc:54408/
[rosmaster.master][INFO] 2012-12-15 17:16:50,554: +SERVICE [/camera/rgb/image_mono/compressed/set_parameters] /camera_nodelet_manager http://pc:54408/
[rosmaster.master][INFO] 2012-12-15 17:16:50,555: +PUB [/camera/rgb/image_mono/compressed/parameter_descriptions] /camera_nodelet_manager http://pc:54408/
[rosmaster.master][INFO] 2012-12-15 17:16:50,556: +PUB [/camera/rgb/image_mono/compressed/parameter_updates] /camera_nodelet_manager http://pc:54408/
[rosmaster.master][INFO] 2012-12-15 17:16:50,559: +PUB [/rosout] /set_dr http://pc:38800/
[rosmaster.master][INFO] 2012-12-15 17:16:50,563: +PARAM [/camera/rgb/image_mono/compressed/format] by /camera_nodelet_manager
[rosmaster.master][INFO] 2012-12-15 17:16:50,564: +PARAM [/camera/rgb/image_mono/compressed/jpeg_quality] by /camera_nodelet_manager
[rosmaster.master][INFO] 2012-12-15 17:16:50,565: +PARAM [/camera/rgb/image_mono/compressed/png_level] by /camera_nodelet_manager
[rosmaster.master][INFO] 2012-12-15 17:16:50,566: +PUB [/camera/rgb/image_mono] /camera_nodelet_manager http://pc:54408/
[rosmaster.master][INFO] 2012-12-15 17:16:50,570: +PUB [/camera/rgb/image_mono/theora] /camera_nodelet_manager http://pc:54408/
[rosmaster.master][INFO] 2012-12-15 17:16:50,571: +SERVICE [/camera/rgb/image_mono/theora/set_parameters] /camera_nodelet_manager http://pc:54408/
[rosmaster.master][INFO] 2012-12-15 17:16:50,572: +PUB [/camera/rgb/image_mono/theora/parameter_descriptions] /camera_nodelet_manager http://pc:54408/
[rosmaster.master][INFO] 2012-12-15 17:16:50,573: +PUB [/camera/rgb/image_mono/theora/parameter_updates] /camera_nodelet_manager http://pc:54408/
[rosmaster.master][INFO] 2012-12-15 17:16:50,577: +PARAM [/camera/rgb/image_mono/theora/optimize_for] by /camera_nodelet_manager
[rosmaster.master][INFO] 2012-12-15 17:16:50,578: +PARAM [/camera/rgb/image_mono/theora/target_bitrate] by /camera_nodelet_manager
[rosmaster.master][INFO] 2012-12-15 17:16:50,579: +PARAM [/camera/rgb/image_mono/theora/quality] by /camera_nodelet_manager
[rosmaster.master][INFO] 2012-12-15 17:16:50,580: +PARAM [/camera/rgb/image_mono/theora/keyframe_frequency] by /camera_nodelet_manager
[rosmaster.master][INFO] 2012-12-15 17:16:50,581: +PUB [/camera/rgb/image_color/compressed] /camera_nodelet_manager http://pc:54408/
[rosmaster.master][INFO] 2012-12-15 17:16:50,582: +SERVICE [/camera/rgb/image_color/compressed/set_parameters] /camera_nodelet_manager http://pc:54408/
[rosmaster.master][INFO] 2012-12-15 17:16:50,583: +PUB [/camera/rgb/image_color/compressed/parameter_descriptions] /camera_nodelet_manager http://pc:54408/
[rosmaster.master][INFO] 2012-12-15 17:16:50,584: +PUB [/camera/rgb/image_color/compressed/parameter_updates] /camera_nodelet_manager http://pc:54408/
[rosmaster.master][INFO] 2012-12-15 17:16:50,587: +PARAM [/camera/rgb/image_color/compressed/format] by /camera_nodelet_manager
[rosmaster.master][INFO] 2012-12-15 17:16:50,588: +PARAM [/camera/rgb/image_color/compressed/jpeg_quality] by /camera_nodelet_manager
[rosmaster.master][INFO] 2012-12-15 17:16:50,588: +PARAM [/camera/rgb/image_color/compressed/png_level] by /camera_nodelet_manager
[rosmaster.master][INFO] 2012-12-15 17:16:50,590: +PUB [/camera/rgb/image_color] /camera_nodelet_manager http://pc:54408/
[rosmaster.master][INFO] 2012-12-15 17:16:50,591: +PUB [/camera/rgb/image_color/theora] /camera_nodelet_manager http://pc:54408/
[rosmaster.master][INFO] 2012-12-15 17:16:50,592: +SERVICE [/camera/rgb/image_color/theora/set_parameters] /camera_nodelet_manager http://pc:54408/
[rosmaster.master][INFO] 2012-12-15 17:16:50,593: +PUB [/camera/rgb/image_color/theora/parameter_descriptions] /camera_nodelet_manager http://pc:54408/
[rosmaster.master][INFO] 2012-12-15 17:16:50,594: +PUB [/camera/rgb/image_color/theora/parameter_updates] /camera_nodelet_manager http://pc:54408/
[rosmaster.master][INFO] 2012-12-15 17:16:50,597: +PARAM [/camera/rgb/image_color/theora/optimize_for] by /camera_nodelet_manager
[rosmaster.master][INFO] 2012-12-15 17:16:50,598: +PARAM [/camera/rgb/image_color/theora/target_bitrate] by /camera_nodelet_manager
[rosmaster.master][INFO] 2012-12-15 17:16:50,599: +PARAM [/camera/rgb/image_color/theora/quality] by /camera_nodelet_manager
[rosmaster.master][INFO] 2012-12-15 17:16:50,600: +PARAM [/camera/rgb/image_color/theora/keyframe_frequency] by /camera_nodelet_manager
[rosmaster.master][INFO] 2012-12-15 17:16:50,643: publisherUpdate[/rosout] -> http://pc:37561/
[rosmaster.master][INFO] 2012-12-15 17:16:50,837: +PUB [/camera/depth/points] /camera_nodelet_manager http://pc:54408/
[rosmaster.master][INFO] 2012-12-15 17:16:50,957: +PUB [/rosout] /depth_detection http://pc:53312/
[rosmaster.master][INFO] 2012-12-15 17:16:51,046: publisherUpdate[/rosout] -> http://pc:37561/
[rosmaster.master][INFO] 2012-12-15 17:16:51,066: +SUB [/camera/depth_registered/image_rect] /depth_detection http://pc:53312/
[rosmaster.master][INFO] 2012-12-15 17:16:51,068: +SUB [/camera/rgb/image_rect_color] /depth_detection http://pc:53312/
[rosmaster.master][INFO] 2012-12-15 17:16:51,444: +SERVICE [/camera/rgb/rectify_color/set_parameters] /camera_nodelet_manager http://pc:54408/
[rosmaster.master][INFO] 2012-12-15 17:16:51,446: +PUB [/camera/rgb/rectify_color/parameter_descriptions] /camera_nodelet_manager http://pc:54408/
[rosmaster.master][INFO] 2012-12-15 17:16:51,449: +PUB [/camera/rgb/rectify_color/parameter_updates] /camera_nodelet_manager http://pc:54408/
[rosmaster.master][INFO] 2012-12-15 17:16:51,455: +PARAM [/camera/rgb/rectify_color/interpolation] by /camera_nodelet_manager
[rosmaster.master][INFO] 2012-12-15 17:16:51,457: +PUB [/camera/rgb/image_rect_color/compressed] /camera_nodelet_manager http://pc:54408/
[rosmaster.master][INFO] 2012-12-15 17:16:51,458: +SERVICE [/camera/rgb/image_rect_color/compressed/set_parameters] /camera_nodelet_manager http://pc:54408/
[rosmaster.master][INFO] 2012-12-15 17:16:51,459: +PUB [/camera/rgb/image_rect_color/compressed/parameter_descriptions] /camera_nodelet_manager http://pc:54408/
[rosmaster.master][INFO] 2012-12-15 17:16:51,460: +PUB [/camera/rgb/image_rect_color/compressed/parameter_updates] /camera_nodelet_manager http://pc:54408/
[rosmaster.master][INFO] 2012-12-15 17:16:51,463: +PARAM [/camera/rgb/image_rect_color/compressed/format] by /camera_nodelet_manager
[rosmaster.master][INFO] 2012-12-15 17:16:51,464: +PARAM [/camera/rgb/image_rect_color/compressed/jpeg_quality] by /camera_nodelet_manager
[rosmaster.master][INFO] 2012-12-15 17:16:51,465: +PARAM [/camera/rgb/image_rect_color/compressed/png_level] by /camera_nodelet_manager
[rosmaster.master][INFO] 2012-12-15 17:16:51,466: +PUB [/camera/rgb/image_rect_color] /camera_nodelet_manager http://pc:54408/
[rosmaster.master][INFO] 2012-12-15 17:16:51,468: +PUB [/camera/rgb/image_rect_color/theora] /camera_nodelet_manager http://pc:54408/
[rosmaster.master][INFO] 2012-12-15 17:16:51,470: +SERVICE [/camera/rgb/image_rect_color/theora/set_parameters] /camera_nodelet_manager http://pc:54408/
[rosmaster.master][INFO] 2012-12-15 17:16:51,471: +PUB [/camera/rgb/image_rect_color/theora/parameter_descriptions] /camera_nodelet_manager http://pc:54408/
[rosmaster.master][INFO] 2012-12-15 17:16:51,472: +PUB [/camera/rgb/image_rect_color/theora/parameter_updates] /camera_nodelet_manager http://pc:54408/
[rosmaster.master][INFO] 2012-12-15 17:16:51,477: +PARAM [/camera/rgb/image_rect_color/theora/optimize_for] by /camera_nodelet_manager
[rosmaster.master][INFO] 2012-12-15 17:16:51,478: +PARAM [/camera/rgb/image_rect_color/theora/target_bitrate] by /camera_nodelet_manager
[rosmaster.master][INFO] 2012-12-15 17:16:51,479: +PARAM [/camera/rgb/image_rect_color/theora/quality] by /camera_nodelet_manager
[rosmaster.master][INFO] 2012-12-15 17:16:51,480: +PARAM [/camera/rgb/image_rect_color/theora/keyframe_frequency] by /camera_nodelet_manager
[rosmaster.master][INFO] 2012-12-15 17:16:51,548: publisherUpdate[/camera/rgb/image_rect_color] -> http://pc:53312/
[rosmaster.master][INFO] 2012-12-15 17:16:51,587: +SUB [/camera/rgb/image_color] /camera_nodelet_manager http://pc:54408/
[rosmaster.master][INFO] 2012-12-15 17:16:51,589: +SUB [/camera/rgb/camera_info] /camera_nodelet_manager http://pc:54408/
[rosmaster.master][INFO] 2012-12-15 17:16:51,591: +SUB [/camera/rgb/image_raw] /camera_nodelet_manager http://pc:54408/
[rosmaster.master][INFO] 2012-12-15 17:16:52,092: +PUB [/camera/depth/disparity] /camera_nodelet_manager http://pc:54408/
[rosmaster.master][INFO] 2012-12-15 17:16:52,830: +SERVICE [/camera/ir/rectify_ir/set_parameters] /camera_nodelet_manager http://pc:54408/
[rosmaster.master][INFO] 2012-12-15 17:16:52,833: +PUB [/camera/ir/rectify_ir/parameter_descriptions] /camera_nodelet_manager http://pc:54408/
[rosmaster.master][INFO] 2012-12-15 17:16:52,836: +PUB [/camera/ir/rectify_ir/parameter_updates] /camera_nodelet_manager http://pc:54408/
[rosmaster.master][INFO] 2012-12-15 17:16:52,841: +PARAM [/camera/ir/rectify_ir/interpolation] by /camera_nodelet_manager
[rosmaster.master][INFO] 2012-12-15 17:16:52,845: +PUB [/camera/ir/image_rect/compressed] /camera_nodelet_manager http://pc:54408/
[rosmaster.master][INFO] 2012-12-15 17:16:52,846: +SERVICE [/camera/ir/image_rect/compressed/set_parameters] /camera_nodelet_manager http://pc:54408/
[rosmaster.master][INFO] 2012-12-15 17:16:52,847: +PUB [/camera/ir/image_rect/compressed/parameter_descriptions] /camera_nodelet_manager http://pc:54408/
[rosmaster.master][INFO] 2012-12-15 17:16:52,848: +PUB [/camera/ir/image_rect/compressed/parameter_updates] /camera_nodelet_manager http://pc:54408/
[rosmaster.master][INFO] 2012-12-15 17:16:52,852: +PARAM [/camera/ir/image_rect/compressed/format] by /camera_nodelet_manager
[rosmaster.master][INFO] 2012-12-15 17:16:52,853: +PARAM [/camera/ir/image_rect/compressed/jpeg_quality] by /camera_nodelet_manager
[rosmaster.master][INFO] 2012-12-15 17:16:52,853: +PARAM [/camera/ir/image_rect/compressed/png_level] by /camera_nodelet_manager
[rosmaster.master][INFO] 2012-12-15 17:16:52,855: +PUB [/camera/ir/image_rect] /camera_nodelet_manager http://pc:54408/
[rosmaster.master][INFO] 2012-12-15 17:16:52,856: +PUB [/camera/ir/image_rect/theora] /camera_nodelet_manager http://pc:54408/
[rosmaster.master][INFO] 2012-12-15 17:16:52,857: +SERVICE [/camera/ir/image_rect/theora/set_parameters] /camera_nodelet_manager http://pc:54408/
[rosmaster.master][INFO] 2012-12-15 17:16:52,857: +PUB [/camera/ir/image_rect/theora/parameter_descriptions] /camera_nodelet_manager http://pc:54408/
[rosmaster.master][INFO] 2012-12-15 17:16:52,858: +PUB [/camera/ir/image_rect/theora/parameter_updates] /camera_nodelet_manager http://pc:54408/
[rosmaster.master][INFO] 2012-12-15 17:16:52,862: +PARAM [/camera/ir/image_rect/theora/optimize_for] by /camera_nodelet_manager
[rosmaster.master][INFO] 2012-12-15 17:16:52,864: +PARAM [/camera/ir/image_rect/theora/target_bitrate] by /camera_nodelet_manager
[rosmaster.master][INFO] 2012-12-15 17:16:52,865: +PARAM [/camera/ir/image_rect/theora/quality] by /camera_nodelet_manager
[rosmaster.master][INFO] 2012-12-15 17:16:52,866: +PARAM [/camera/ir/image_rect/theora/keyframe_frequency] by /camera_nodelet_manager
[rosmaster.master][INFO] 2012-12-15 17:16:53,055: +SERVICE [/camera/depth_registered/rectify_depth/get_loggers] /camera/depth_registered/rectify_depth http://pc:43095/
[rosmaster.master][INFO] 2012-12-15 17:16:53,056: +SERVICE [/camera/depth_registered/rectify_depth/set_logger_level] /camera/depth_registered/rectify_depth http://pc:43095/
[rosmaster.master][INFO] 2012-12-15 17:16:53,060: +PARAM [/camera/depth_registered/rectify_depth] by /camera/depth_registered/rectify_depth
[rosmaster.master][INFO] 2012-12-15 17:16:53,072: +PUB [/rosout] /camera/points_xyzrgb_depth_rgb http://pc:38932/
[rosmaster.master][INFO] 2012-12-15 17:16:53,074: +SERVICE [/camera/points_xyzrgb_depth_rgb/get_loggers] /camera/points_xyzrgb_depth_rgb http://pc:38932/
[rosmaster.master][INFO] 2012-12-15 17:16:53,075: +PUB [/rosout] /camera/depth_registered/metric http://pc:36417/
[rosmaster.master][INFO] 2012-12-15 17:16:53,078: +SERVICE [/camera/points_xyzrgb_depth_rgb/set_logger_level] /camera/points_xyzrgb_depth_rgb http://pc:38932/
[rosmaster.master][INFO] 2012-12-15 17:16:53,080: +SERVICE [/camera/depth_registered/metric/get_loggers] /camera/depth_registered/metric http://pc:36417/
[rosmaster.master][INFO] 2012-12-15 17:16:53,085: +SERVICE [/camera/depth_registered/metric/set_logger_level] /camera/depth_registered/metric http://pc:36417/
[rosmaster.master][INFO] 2012-12-15 17:16:53,103: +PUB [/rosout] /camera_base_link http://pc:41759/
[rosmaster.master][INFO] 2012-12-15 17:16:53,106: +SERVICE [/camera_base_link/get_loggers] /camera_base_link http://pc:41759/
[rosmaster.master][INFO] 2012-12-15 17:16:53,108: +SERVICE [/camera_base_link/set_logger_level] /camera_base_link http://pc:41759/
[rosmaster.master][INFO] 2012-12-15 17:16:53,110: +PUB [/tf] /camera_base_link http://pc:41759/
[rosmaster.master][INFO] 2012-12-15 17:16:53,153: publisherUpdate[/rosout] -> http://pc:37561/
[rosmaster.master][INFO] 2012-12-15 17:16:53,157: publisherUpdate[/rosout] -> http://pc:37561/
[rosmaster.master][INFO] 2012-12-15 17:16:53,158: +PARAM [/camera/disparity_depth_registered] by /camera/disparity_depth_registered
[rosmaster.master][INFO] 2012-12-15 17:16:53,160: publisherUpdate[/rosout] -> http://pc:37561/
[rosmaster.master][INFO] 2012-12-15 17:16:53,447: +PUB [/camera/depth/image_rect/compressed] /camera_nodelet_manager http://pc:54408/
[rosmaster.master][INFO] 2012-12-15 17:16:53,450: +SERVICE [/camera/depth/image_rect/compressed/set_parameters] /camera_nodelet_manager http://pc:54408/
[rosmaster.master][INFO] 2012-12-15 17:16:53,452: +PUB [/camera/depth/image_rect/compressed/parameter_descriptions] /camera_nodelet_manager http://pc:54408/
[rosmaster.master][INFO] 2012-12-15 17:16:53,455: +PUB [/camera/depth/image_rect/compressed/parameter_updates] /camera_nodelet_manager http://pc:54408/
[rosmaster.master][INFO] 2012-12-15 17:16:53,461: +PARAM [/camera/depth/image_rect/compressed/format] by /camera_nodelet_manager
[rosmaster.master][INFO] 2012-12-15 17:16:53,462: +PARAM [/camera/depth/image_rect/compressed/jpeg_quality] by /camera_nodelet_manager
[rosmaster.master][INFO] 2012-12-15 17:16:53,463: +PARAM [/camera/depth/image_rect/compressed/png_level] by /camera_nodelet_manager
[rosmaster.master][INFO] 2012-12-15 17:16:53,464: +PUB [/camera/depth/image_rect] /camera_nodelet_manager http://pc:54408/
[rosmaster.master][INFO] 2012-12-15 17:16:53,465: +PUB [/camera/depth/image_rect/theora] /camera_nodelet_manager http://pc:54408/
[rosmaster.master][INFO] 2012-12-15 17:16:53,466: +SERVICE [/camera/depth/image_rect/theora/set_parameters] /camera_nodelet_manager http://pc:54408/
[rosmaster.master][INFO] 2012-12-15 17:16:53,467: +PUB [/camera/depth/image_rect/theora/parameter_descriptions] /camera_nodelet_manager http://pc:54408/
[rosmaster.master][INFO] 2012-12-15 17:16:53,469: +PUB [/camera/depth/image_rect/theora/parameter_updates] /camera_nodelet_manager http://pc:54408/
[rosmaster.master][INFO] 2012-12-15 17:16:53,473: +PARAM [/camera/depth/image_rect/theora/optimize_for] by /camera_nodelet_manager
[rosmaster.master][INFO] 2012-12-15 17:16:53,474: +PARAM [/camera/depth/image_rect/theora/target_bitrate] by /camera_nodelet_manager
[rosmaster.master][INFO] 2012-12-15 17:16:53,475: +PARAM [/camera/depth/image_rect/theora/quality] by /camera_nodelet_manager
[rosmaster.master][INFO] 2012-12-15 17:16:53,476: +PARAM [/camera/depth/image_rect/theora/keyframe_frequency] by /camera_nodelet_manager
[rosmaster.master][INFO] 2012-12-15 17:16:53,903: +SERVICE [/camera/rgb/rectify_mono/set_parameters] /camera_nodelet_manager http://pc:54408/
[rosmaster.master][INFO] 2012-12-15 17:16:53,906: +PUB [/camera/rgb/rectify_mono/parameter_descriptions] /camera_nodelet_manager http://pc:54408/
[rosmaster.master][INFO] 2012-12-15 17:16:53,908: +PUB [/camera/rgb/rectify_mono/parameter_updates] /camera_nodelet_manager http://pc:54408/
[rosmaster.master][INFO] 2012-12-15 17:16:53,912: +PARAM [/camera/rgb/rectify_mono/interpolation] by /camera_nodelet_manager
[rosmaster.master][INFO] 2012-12-15 17:16:53,914: +PUB [/camera/rgb/image_rect/compressed] /camera_nodelet_manager http://pc:54408/
[rosmaster.master][INFO] 2012-12-15 17:16:53,917: +SERVICE [/camera/rgb/image_rect/compressed/set_parameters] /camera_nodelet_manager http://pc:54408/
[rosmaster.master][INFO] 2012-12-15 17:16:53,919: +PUB [/camera/rgb/image_rect/compressed/parameter_descriptions] /camera_nodelet_manager http://pc:54408/
[rosmaster.master][INFO] 2012-12-15 17:16:53,922: +PUB [/camera/rgb/image_rect/compressed/parameter_updates] /camera_nodelet_manager http://pc:54408/
[rosmaster.master][INFO] 2012-12-15 17:16:53,929: +PARAM [/camera/rgb/image_rect/compressed/format] by /camera_nodelet_manager
[rosmaster.master][INFO] 2012-12-15 17:16:53,931: +PARAM [/camera/rgb/image_rect/compressed/jpeg_quality] by /camera_nodelet_manager
[rosmaster.master][INFO] 2012-12-15 17:16:53,934: +PARAM [/camera/rgb/image_rect/compressed/png_level] by /camera_nodelet_manager
[rosmaster.master][INFO] 2012-12-15 17:16:53,936: +PUB [/camera/rgb/image_rect] /camera_nodelet_manager http://pc:54408/
[rosmaster.master][INFO] 2012-12-15 17:16:53,939: +PUB [/camera/rgb/image_rect/theora] /camera_nodelet_manager http://pc:54408/
[rosmaster.master][INFO] 2012-12-15 17:16:53,941: +SERVICE [/camera/rgb/image_rect/theora/set_parameters] /camera_nodelet_manager http://pc:54408/
[rosmaster.master][INFO] 2012-12-15 17:16:53,943: +PUB [/camera/rgb/image_rect/theora/parameter_descriptions] /camera_nodelet_manager http://pc:54408/
[rosmaster.master][INFO] 2012-12-15 17:16:53,946: +PUB [/camera/rgb/image_rect/theora/parameter_updates] /camera_nodelet_manager http://pc:54408/
[rosmaster.master][INFO] 2012-12-15 17:16:53,954: +PARAM [/camera/rgb/image_rect/theora/optimize_for] by /camera_nodelet_manager
[rosmaster.master][INFO] 2012-12-15 17:16:53,957: +PARAM [/camera/rgb/image_rect/theora/target_bitrate] by /camera_nodelet_manager
[rosmaster.master][INFO] 2012-12-15 17:16:53,959: +PARAM [/camera/rgb/image_rect/theora/quality] by /camera_nodelet_manager
[rosmaster.master][INFO] 2012-12-15 17:16:53,961: +PARAM [/camera/rgb/image_rect/theora/keyframe_frequency] by /camera_nodelet_manager
[rosmaster.master][INFO] 2012-12-15 17:16:54,232: +SERVICE [/camera/depth_registered/rectify_depth/set_parameters] /camera_nodelet_manager http://pc:54408/
[rosmaster.master][INFO] 2012-12-15 17:16:54,235: +PUB [/camera/depth_registered/rectify_depth/parameter_descriptions] /camera_nodelet_manager http://pc:54408/
[rosmaster.master][INFO] 2012-12-15 17:16:54,238: +PUB [/camera/depth_registered/rectify_depth/parameter_updates] /camera_nodelet_manager http://pc:54408/
[rosmaster.master][INFO] 2012-12-15 17:16:54,243: +PARAM [/camera/depth_registered/rectify_depth/interpolation] by /camera_nodelet_manager
[rosmaster.master][INFO] 2012-12-15 17:16:54,246: +PUB [/camera/depth_registered/image_rect_raw/compressed] /camera_nodelet_manager http://pc:54408/
[rosmaster.master][INFO] 2012-12-15 17:16:54,248: +SERVICE [/camera/depth_registered/image_rect_raw/compressed/set_parameters] /camera_nodelet_manager http://pc:54408/
[rosmaster.master][INFO] 2012-12-15 17:16:54,251: +PUB [/camera/depth_registered/image_rect_raw/compressed/parameter_descriptions] /camera_nodelet_manager http://pc:54408/
[rosmaster.master][INFO] 2012-12-15 17:16:54,253: +PUB [/camera/depth_registered/image_rect_raw/compressed/parameter_updates] /camera_nodelet_manager http://pc:54408/
[rosmaster.master][INFO] 2012-12-15 17:16:54,261: +PARAM [/camera/depth_registered/image_rect_raw/compressed/format] by /camera_nodelet_manager
[rosmaster.master][INFO] 2012-12-15 17:16:54,263: +PARAM [/camera/depth_registered/image_rect_raw/compressed/jpeg_quality] by /camera_nodelet_manager
[rosmaster.master][INFO] 2012-12-15 17:16:54,266: +PARAM [/camera/depth_registered/image_rect_raw/compressed/png_level] by /camera_nodelet_manager
[rosmaster.master][INFO] 2012-12-15 17:16:54,268: +PUB [/camera/depth_registered/image_rect_raw] /camera_nodelet_manager http://pc:54408/
[rosmaster.master][INFO] 2012-12-15 17:16:54,271: +PUB [/camera/depth_registered/image_rect_raw/theora] /camera_nodelet_manager http://pc:54408/
[rosmaster.master][INFO] 2012-12-15 17:16:54,274: +SERVICE [/camera/depth_registered/image_rect_raw/theora/set_parameters] /camera_nodelet_manager http://pc:54408/
[rosmaster.master][INFO] 2012-12-15 17:16:54,276: +PUB [/camera/depth_registered/image_rect_raw/theora/parameter_descriptions] /camera_nodelet_manager http://pc:54408/
[rosmaster.master][INFO] 2012-12-15 17:16:54,279: +PUB [/camera/depth_registered/image_rect_raw/theora/parameter_updates] /camera_nodelet_manager http://pc:54408/
[rosmaster.master][INFO] 2012-12-15 17:16:54,288: +PARAM [/camera/depth_registered/image_rect_raw/theora/optimize_for] by /camera_nodelet_manager
[rosmaster.master][INFO] 2012-12-15 17:16:54,291: +PARAM [/camera/depth_registered/image_rect_raw/theora/target_bitrate] by /camera_nodelet_manager
[rosmaster.master][INFO] 2012-12-15 17:16:54,294: +PARAM [/camera/depth_registered/image_rect_raw/theora/quality] by /camera_nodelet_manager
[rosmaster.master][INFO] 2012-12-15 17:16:54,296: +PARAM [/camera/depth_registered/image_rect_raw/theora/keyframe_frequency] by /camera_nodelet_manager
[rosmaster.master][INFO] 2012-12-15 17:16:54,834: +PUB [/camera/depth_registered/points] /camera_nodelet_manager http://pc:54408/
[rosmaster.master][INFO] 2012-12-15 17:16:55,110: +SUB [/tf] /camera_nodelet_manager http://pc:54408/
[rosmaster.master][INFO] 2012-12-15 17:16:55,117: +SERVICE [/camera_nodelet_manager/tf_frames] /camera_nodelet_manager http://pc:54408/
[rosmaster.master][INFO] 2012-12-15 17:16:55,414: +PARAM [/camera/depth_registered/image_rect_raw/compressed/format] by /camera_nodelet_manager
[rosmaster.master][INFO] 2012-12-15 17:16:55,416: +PARAM [/camera/depth_registered/image_rect_raw/compressed/jpeg_quality] by /camera_nodelet_manager
[rosmaster.master][INFO] 2012-12-15 17:16:55,418: +PARAM [/camera/depth_registered/image_rect_raw/compressed/png_level] by /camera_nodelet_manager
[rosmaster.master][INFO] 2012-12-15 17:16:55,427: +PARAM [/camera/depth_registered/image_rect_raw/theora/optimize_for] by /camera_nodelet_manager
[rosmaster.master][INFO] 2012-12-15 17:16:55,429: +PARAM [/camera/depth_registered/image_rect_raw/theora/target_bitrate] by /camera_nodelet_manager
[rosmaster.master][INFO] 2012-12-15 17:16:55,431: +PARAM [/camera/depth_registered/image_rect_raw/theora/quality] by /camera_nodelet_manager
[rosmaster.master][INFO] 2012-12-15 17:16:55,433: +PARAM [/camera/depth_registered/image_rect_raw/theora/keyframe_frequency] by /camera_nodelet_manager
[rosmaster.master][INFO] 2012-12-15 17:16:55,434: +PUB [/camera/depth_registered/camera_info] /camera_nodelet_manager http://pc:54408/
[rosmaster.master][INFO] 2012-12-15 17:16:55,509: +SERVICE [/camera/driver/set_parameters] /camera_nodelet_manager http://pc:54408/
[rosmaster.master][INFO] 2012-12-15 17:16:55,510: +PUB [/camera/driver/parameter_descriptions] /camera_nodelet_manager http://pc:54408/
[rosmaster.master][INFO] 2012-12-15 17:16:55,511: +PUB [/camera/driver/parameter_updates] /camera_nodelet_manager http://pc:54408/
[rosmaster.master][INFO] 2012-12-15 17:16:55,519: +PARAM [/camera/driver/image_mode] by /camera_nodelet_manager
[rosmaster.master][INFO] 2012-12-15 17:16:55,521: +PARAM [/camera/driver/depth_mode] by /camera_nodelet_manager
[rosmaster.master][INFO] 2012-12-15 17:16:55,522: +PARAM [/camera/driver/depth_registration] by /camera_nodelet_manager
[rosmaster.master][INFO] 2012-12-15 17:16:55,523: +PARAM [/camera/driver/data_skip] by /camera_nodelet_manager
[rosmaster.master][INFO] 2012-12-15 17:16:55,524: +PARAM [/camera/driver/depth_time_offset] by /camera_nodelet_manager
[rosmaster.master][INFO] 2012-12-15 17:16:55,525: +PARAM [/camera/driver/image_time_offset] by /camera_nodelet_manager
[rosmaster.master][INFO] 2012-12-15 17:16:55,526: +PARAM [/camera/driver/depth_ir_offset_x] by /camera_nodelet_manager
[rosmaster.master][INFO] 2012-12-15 17:16:55,527: +PARAM [/camera/driver/depth_ir_offset_y] by /camera_nodelet_manager
[rosmaster.master][INFO] 2012-12-15 17:16:55,528: +PARAM [/camera/driver/z_offset_mm] by /camera_nodelet_manager
[rosmaster.master][INFO] 2012-12-15 17:16:55,538: +SERVICE [/camera/rgb/set_camera_info] /camera_nodelet_manager http://pc:54408/
[rosmaster.master][INFO] 2012-12-15 17:16:55,543: +SERVICE [/camera/ir/set_camera_info] /camera_nodelet_manager http://pc:54408/
[rosmaster.master][INFO] 2012-12-15 17:16:55,546: +PUB [/camera/rgb/image_raw/compressed] /camera_nodelet_manager http://pc:54408/
[rosmaster.master][INFO] 2012-12-15 17:16:55,548: +SERVICE [/camera/rgb/image_raw/compressed/set_parameters] /camera_nodelet_manager http://pc:54408/
[rosmaster.master][INFO] 2012-12-15 17:16:55,550: +PUB [/camera/rgb/image_raw/compressed/parameter_descriptions] /camera_nodelet_manager http://pc:54408/
[rosmaster.master][INFO] 2012-12-15 17:16:55,552: +PUB [/camera/rgb/image_raw/compressed/parameter_updates] /camera_nodelet_manager http://pc:54408/
[rosmaster.master][INFO] 2012-12-15 17:16:55,557: +PARAM [/camera/rgb/image_raw/compressed/format] by /camera_nodelet_manager
[rosmaster.master][INFO] 2012-12-15 17:16:55,559: +PARAM [/camera/rgb/image_raw/compressed/jpeg_quality] by /camera_nodelet_manager
[rosmaster.master][INFO] 2012-12-15 17:16:55,561: +PARAM [/camera/rgb/image_raw/compressed/png_level] by /camera_nodelet_manager
[rosmaster.master][INFO] 2012-12-15 17:16:55,564: +PUB [/camera/rgb/image_raw] /camera_nodelet_manager http://pc:54408/
[rosmaster.master][INFO] 2012-12-15 17:16:55,566: +PUB [/camera/rgb/image_raw/theora] /camera_nodelet_manager http://pc:54408/
[rosmaster.master][INFO] 2012-12-15 17:16:55,567: publisherUpdate[/camera/rgb/image_raw] -> http://pc:54408/
[rosmaster.master][INFO] 2012-12-15 17:16:55,570: +SERVICE [/camera/rgb/image_raw/theora/set_parameters] /camera_nodelet_manager http://pc:54408/
[rosmaster.master][INFO] 2012-12-15 17:16:55,571: +PUB [/camera/rgb/image_raw/theora/parameter_descriptions] /camera_nodelet_manager http://pc:54408/
[rosmaster.master][INFO] 2012-12-15 17:16:55,572: +PUB [/camera/rgb/image_raw/theora/parameter_updates] /camera_nodelet_manager http://pc:54408/
[rosmaster.master][INFO] 2012-12-15 17:16:55,577: +PARAM [/camera/rgb/image_raw/theora/optimize_for] by /camera_nodelet_manager
[rosmaster.master][INFO] 2012-12-15 17:16:55,577: +PARAM [/camera/rgb/image_raw/theora/target_bitrate] by /camera_nodelet_manager
[rosmaster.master][INFO] 2012-12-15 17:16:55,578: +PARAM [/camera/rgb/image_raw/theora/quality] by /camera_nodelet_manager
[rosmaster.master][INFO] 2012-12-15 17:16:55,579: +PARAM [/camera/rgb/image_raw/theora/keyframe_frequency] by /camera_nodelet_manager
[rosmaster.master][INFO] 2012-12-15 17:16:55,580: +PUB [/camera/rgb/camera_info] /camera_nodelet_manager http://pc:54408/
[rosmaster.master][INFO] 2012-12-15 17:16:55,581: +PUB [/camera/ir/image_raw/compressed] /camera_nodelet_manager http://pc:54408/
[rosmaster.master][INFO] 2012-12-15 17:16:55,583: +SERVICE [/camera/ir/image_raw/compressed/set_parameters] /camera_nodelet_manager http://pc:54408/
[rosmaster.master][INFO] 2012-12-15 17:16:55,584: +PUB [/camera/ir/image_raw/compressed/parameter_descriptions] /camera_nodelet_manager http://pc:54408/
[rosmaster.master][INFO] 2012-12-15 17:16:55,585: +PUB [/camera/ir/image_raw/compressed/parameter_updates] /camera_nodelet_manager http://pc:54408/
[rosmaster.master][INFO] 2012-12-15 17:16:55,588: +PARAM [/camera/ir/image_raw/compressed/format] by /camera_nodelet_manager
[rosmaster.master][INFO] 2012-12-15 17:16:55,589: +PARAM [/camera/ir/image_raw/compressed/jpeg_quality] by /camera_nodelet_manager
[rosmaster.master][INFO] 2012-12-15 17:16:55,590: +PARAM [/camera/ir/image_raw/compressed/png_level] by /camera_nodelet_manager
[rosmaster.master][INFO] 2012-12-15 17:16:55,591: +PUB [/camera/ir/image_raw] /camera_nodelet_manager http://pc:54408/
[rosmaster.master][INFO] 2012-12-15 17:16:55,592: +PUB [/camera/ir/image_raw/theora] /camera_nodelet_manager http://pc:54408/
[rosmaster.master][INFO] 2012-12-15 17:16:55,593: +SERVICE [/camera/ir/image_raw/theora/set_parameters] /camera_nodelet_manager http://pc:54408/
[rosmaster.master][INFO] 2012-12-15 17:16:55,594: +PUB [/camera/ir/image_raw/theora/parameter_descriptions] /camera_nodelet_manager http://pc:54408/
[rosmaster.master][INFO] 2012-12-15 17:16:55,595: +PUB [/camera/ir/image_raw/theora/parameter_updates] /camera_nodelet_manager http://pc:54408/
[rosmaster.master][INFO] 2012-12-15 17:16:55,598: +PARAM [/camera/ir/image_raw/theora/optimize_for] by /camera_nodelet_manager
[rosmaster.master][INFO] 2012-12-15 17:16:55,599: +PARAM [/camera/ir/image_raw/theora/target_bitrate] by /camera_nodelet_manager
[rosmaster.master][INFO] 2012-12-15 17:16:55,600: +PARAM [/camera/ir/image_raw/theora/quality] by /camera_nodelet_manager
[rosmaster.master][INFO] 2012-12-15 17:16:55,601: +PARAM [/camera/ir/image_raw/theora/keyframe_frequency] by /camera_nodelet_manager
[rosmaster.master][INFO] 2012-12-15 17:16:55,602: +PUB [/camera/ir/camera_info] /camera_nodelet_manager http://pc:54408/
[rosmaster.master][INFO] 2012-12-15 17:16:55,603: +PUB [/camera/depth/image_raw/compressed] /camera_nodelet_manager http://pc:54408/
[rosmaster.master][INFO] 2012-12-15 17:16:55,604: +SERVICE [/camera/depth/image_raw/compressed/set_parameters] /camera_nodelet_manager http://pc:54408/
[rosmaster.master][INFO] 2012-12-15 17:16:55,605: +PUB [/camera/depth/image_raw/compressed/parameter_descriptions] /camera_nodelet_manager http://pc:54408/
[rosmaster.master][INFO] 2012-12-15 17:16:55,606: +PUB [/camera/depth/image_raw/compressed/parameter_updates] /camera_nodelet_manager http://pc:54408/
[rosmaster.master][INFO] 2012-12-15 17:16:55,609: +PARAM [/camera/depth/image_raw/compressed/format] by /camera_nodelet_manager
[rosmaster.master][INFO] 2012-12-15 17:16:55,610: +PARAM [/camera/depth/image_raw/compressed/jpeg_quality] by /camera_nodelet_manager
[rosmaster.master][INFO] 2012-12-15 17:16:55,611: +PARAM [/camera/depth/image_raw/compressed/png_level] by /camera_nodelet_manager
[rosmaster.master][INFO] 2012-12-15 17:16:55,612: +PUB [/camera/depth/image_raw] /camera_nodelet_manager http://pc:54408/
[rosmaster.master][INFO] 2012-12-15 17:16:55,613: +PUB [/camera/depth/image_raw/theora] /camera_nodelet_manager http://pc:54408/
[rosmaster.master][INFO] 2012-12-15 17:16:55,614: +SERVICE [/camera/depth/image_raw/theora/set_parameters] /camera_nodelet_manager http://pc:54408/
[rosmaster.master][INFO] 2012-12-15 17:16:55,615: +PUB [/camera/depth/image_raw/theora/parameter_descriptions] /camera_nodelet_manager http://pc:54408/
[rosmaster.master][INFO] 2012-12-15 17:16:55,616: +PUB [/camera/depth/image_raw/theora/parameter_updates] /camera_nodelet_manager http://pc:54408/
[rosmaster.master][INFO] 2012-12-15 17:16:55,620: +PARAM [/camera/depth/image_raw/theora/optimize_for] by /camera_nodelet_manager
[rosmaster.master][INFO] 2012-12-15 17:16:55,621: +PARAM [/camera/depth/image_raw/theora/target_bitrate] by /camera_nodelet_manager
[rosmaster.master][INFO] 2012-12-15 17:16:55,622: +PARAM [/camera/depth/image_raw/theora/quality] by /camera_nodelet_manager
[rosmaster.master][INFO] 2012-12-15 17:16:55,623: +PARAM [/camera/depth/image_raw/theora/keyframe_frequency] by /camera_nodelet_manager
[rosmaster.master][INFO] 2012-12-15 17:16:55,624: +PUB [/camera/depth/camera_info] /camera_nodelet_manager http://pc:54408/
[rosmaster.master][INFO] 2012-12-15 17:16:55,625: +PUB [/camera/projector/camera_info] /camera_nodelet_manager http://pc:54408/
[rosmaster.master][INFO] 2012-12-15 17:16:55,626: +PUB [/camera/depth_registered/image_raw/compressed] /camera_nodelet_manager http://pc:54408/
[rosmaster.master][INFO] 2012-12-15 17:16:55,627: +SERVICE [/camera/depth_registered/image_raw/compressed/set_parameters] /camera_nodelet_manager http://pc:54408/
[rosmaster.master][INFO] 2012-12-15 17:16:55,628: +PUB [/camera/depth_registered/image_raw/compressed/parameter_descriptions] /camera_nodelet_manager http://pc:54408/
[rosmaster.master][INFO] 2012-12-15 17:16:55,629: +PUB [/camera/depth_registered/image_raw/compressed/parameter_updates] /camera_nodelet_manager http://pc:54408/
[rosmaster.master][INFO] 2012-12-15 17:16:55,633: +PARAM [/camera/depth_registered/image_raw/compressed/format] by /camera_nodelet_manager
[rosmaster.master][INFO] 2012-12-15 17:16:55,634: +PARAM [/camera/depth_registered/image_raw/compressed/jpeg_quality] by /camera_nodelet_manager
[rosmaster.master][INFO] 2012-12-15 17:16:55,634: +PARAM [/camera/depth_registered/image_raw/compressed/png_level] by /camera_nodelet_manager
[rosmaster.master][INFO] 2012-12-15 17:16:55,636: +PUB [/camera/depth_registered/image_raw] /camera_nodelet_manager http://pc:54408/
[rosmaster.master][INFO] 2012-12-15 17:16:55,637: +PUB [/camera/depth_registered/image_raw/theora] /camera_nodelet_manager http://pc:54408/
[rosmaster.master][INFO] 2012-12-15 17:16:55,638: +SERVICE [/camera/depth_registered/image_raw/theora/set_parameters] /camera_nodelet_manager http://pc:54408/
[rosmaster.master][INFO] 2012-12-15 17:16:55,639: +PUB [/camera/depth_registered/image_raw/theora/parameter_descriptions] /camera_nodelet_manager http://pc:54408/
[rosmaster.master][INFO] 2012-12-15 17:16:55,640: +PUB [/camera/depth_registered/image_raw/theora/parameter_updates] /camera_nodelet_manager http://pc:54408/
[rosmaster.master][INFO] 2012-12-15 17:16:55,644: +PARAM [/camera/depth_registered/image_raw/theora/optimize_for] by /camera_nodelet_manager
[rosmaster.master][INFO] 2012-12-15 17:16:55,644: +PARAM [/camera/depth_registered/image_raw/theora/target_bitrate] by /camera_nodelet_manager
[rosmaster.master][INFO] 2012-12-15 17:16:55,645: +PARAM [/camera/depth_registered/image_raw/theora/quality] by /camera_nodelet_manager
[rosmaster.master][INFO] 2012-12-15 17:16:55,646: +PARAM [/camera/depth_registered/image_raw/theora/keyframe_frequency] by /camera_nodelet_manager
[rosmaster.master][INFO] 2012-12-15 17:16:55,658: publisherUpdate[/camera/rgb/camera_info] -> http://pc:54408/
[rosmaster.master][INFO] 2012-12-15 17:16:55,720: +PUB [/camera/depth_registered/image/compressed] /camera_nodelet_manager http://pc:54408/
[rosmaster.master][INFO] 2012-12-15 17:16:55,722: +SERVICE [/camera/depth_registered/image/compressed/set_parameters] /camera_nodelet_manager http://pc:54408/
[rosmaster.master][INFO] 2012-12-15 17:16:55,726: +PUB [/camera/depth_registered/image/compressed/parameter_descriptions] /camera_nodelet_manager http://pc:54408/
[rosmaster.master][INFO] 2012-12-15 17:16:55,728: +SUB [/camera/driver/parameter_updates] /set_dr http://pc:38800/
[rosmaster.master][INFO] 2012-12-15 17:16:55,731: +PUB [/camera/depth_registered/image/compressed/parameter_updates] /camera_nodelet_manager http://pc:54408/
[rosmaster.master][INFO] 2012-12-15 17:16:55,733: +SUB [/camera/driver/parameter_descriptions] /set_dr http://pc:38800/
[rosmaster.master][INFO] 2012-12-15 17:16:55,740: +PARAM [/camera/depth_registered/image/compressed/format] by /camera_nodelet_manager
[rosmaster.master][INFO] 2012-12-15 17:16:55,743: +PARAM [/camera/depth_registered/image/compressed/jpeg_quality] by /camera_nodelet_manager
[rosmaster.master][INFO] 2012-12-15 17:16:55,745: +PARAM [/camera/depth_registered/image/compressed/png_level] by /camera_nodelet_manager
[rosmaster.master][INFO] 2012-12-15 17:16:55,748: +PUB [/camera/depth_registered/image] /camera_nodelet_manager http://pc:54408/
[rosmaster.master][INFO] 2012-12-15 17:16:55,750: +PUB [/camera/depth_registered/image/theora] /camera_nodelet_manager http://pc:54408/
[rosmaster.master][INFO] 2012-12-15 17:16:55,753: +SERVICE [/camera/depth_registered/image/theora/set_parameters] /camera_nodelet_manager http://pc:54408/
[rosmaster.master][INFO] 2012-12-15 17:16:55,755: +PUB [/camera/depth_registered/image/theora/parameter_descriptions] /camera_nodelet_manager http://pc:54408/
[rosmaster.master][INFO] 2012-12-15 17:16:55,758: +PUB [/camera/depth_registered/image/theora/parameter_updates] /camera_nodelet_manager http://pc:54408/
[rosmaster.master][INFO] 2012-12-15 17:16:55,768: +PARAM [/camera/depth_registered/image/theora/optimize_for] by /camera_nodelet_manager
[rosmaster.master][INFO] 2012-12-15 17:16:55,770: +PARAM [/camera/depth_registered/image/theora/target_bitrate] by /camera_nodelet_manager
[rosmaster.master][INFO] 2012-12-15 17:16:55,773: +PARAM [/camera/depth_registered/image/theora/quality] by /camera_nodelet_manager
[rosmaster.master][INFO] 2012-12-15 17:16:55,775: +PARAM [/camera/depth_registered/image/theora/keyframe_frequency] by /camera_nodelet_manager
[rosmaster.master][INFO] 2012-12-15 17:16:56,059: +PUB [/camera/depth_registered/image_rect/compressed] /camera_nodelet_manager http://pc:54408/
[rosmaster.master][INFO] 2012-12-15 17:16:56,061: +SERVICE [/camera/depth_registered/image_rect/compressed/set_parameters] /camera_nodelet_manager http://pc:54408/
[rosmaster.master][INFO] 2012-12-15 17:16:56,063: +PUB [/camera/depth_registered/image_rect/compressed/parameter_descriptions] /camera_nodelet_manager http://pc:54408/
[rosmaster.master][INFO] 2012-12-15 17:16:56,066: +PUB [/camera/depth_registered/image_rect/compressed/parameter_updates] /camera_nodelet_manager http://pc:54408/
[rosmaster.master][INFO] 2012-12-15 17:16:56,073: +PARAM [/camera/depth_registered/image_rect/compressed/format] by /camera_nodelet_manager
[rosmaster.master][INFO] 2012-12-15 17:16:56,075: +PARAM [/camera/depth_registered/image_rect/compressed/jpeg_quality] by /camera_nodelet_manager
[rosmaster.master][INFO] 2012-12-15 17:16:56,078: +PARAM [/camera/depth_registered/image_rect/compressed/png_level] by /camera_nodelet_manager
[rosmaster.master][INFO] 2012-12-15 17:16:56,081: +PUB [/camera/depth_registered/image_rect] /camera_nodelet_manager http://pc:54408/
[rosmaster.master][INFO] 2012-12-15 17:16:56,083: +PUB [/camera/depth_registered/image_rect/theora] /camera_nodelet_manager http://pc:54408/
[rosmaster.master][INFO] 2012-12-15 17:16:56,086: +SERVICE [/camera/depth_registered/image_rect/theora/set_parameters] /camera_nodelet_manager http://pc:54408/
[rosmaster.master][INFO] 2012-12-15 17:16:56,089: +PUB [/camera/depth_registered/image_rect/theora/parameter_descriptions] /camera_nodelet_manager http://pc:54408/
[rosmaster.master][INFO] 2012-12-15 17:16:56,091: +PUB [/camera/depth_registered/image_rect/theora/parameter_updates] /camera_nodelet_manager http://pc:54408/
[rosmaster.master][INFO] 2012-12-15 17:16:56,101: +PARAM [/camera/depth_registered/image_rect/theora/optimize_for] by /camera_nodelet_manager
[rosmaster.master][INFO] 2012-12-15 17:16:56,103: +PARAM [/camera/depth_registered/image_rect/theora/target_bitrate] by /camera_nodelet_manager
[rosmaster.master][INFO] 2012-12-15 17:16:56,106: +PARAM [/camera/depth_registered/image_rect/theora/quality] by /camera_nodelet_manager
[rosmaster.master][INFO] 2012-12-15 17:16:56,108: +PARAM [/camera/depth_registered/image_rect/theora/keyframe_frequency] by /camera_nodelet_manager
[rosmaster.master][INFO] 2012-12-15 17:16:56,160: publisherUpdate[/camera/depth_registered/image_rect] -> http://pc:53312/
[rosmaster.master][INFO] 2012-12-15 17:16:56,197: +SUB [/camera/depth_registered/image_rect_raw] /camera_nodelet_manager http://pc:54408/
[rosmaster.master][INFO] 2012-12-15 17:16:56,202: +SUB [/camera/depth_registered/image_raw] /camera_nodelet_manager http://pc:54408/
[rosmaster.master][INFO] 2012-12-15 17:16:56,205: +SUB [/camera/depth/image_rect_raw] /camera_nodelet_manager http://pc:54408/
[rosmaster.master][INFO] 2012-12-15 17:16:56,208: +SUB [/camera/depth_registered/camera_info] /camera_nodelet_manager http://pc:54408/
[rosmaster.master][INFO] 2012-12-15 17:16:56,210: +SUB [/camera/depth/camera_info] /camera_nodelet_manager http://pc:54408/
[rosmaster.master][INFO] 2012-12-15 17:16:56,372: +PUB [/camera/depth/image/compressed] /camera_nodelet_manager http://pc:54408/
[rosmaster.master][INFO] 2012-12-15 17:16:56,375: +SERVICE [/camera/depth/image/compressed/set_parameters] /camera_nodelet_manager http://pc:54408/
[rosmaster.master][INFO] 2012-12-15 17:16:56,378: +PUB [/camera/depth/image/compressed/parameter_descriptions] /camera_nodelet_manager http://pc:54408/
[rosmaster.master][INFO] 2012-12-15 17:16:56,380: +PUB [/camera/depth/image/compressed/parameter_updates] /camera_nodelet_manager http://pc:54408/
[rosmaster.master][INFO] 2012-12-15 17:16:56,388: +PARAM [/camera/depth/image/compressed/format] by /camera_nodelet_manager
[rosmaster.master][INFO] 2012-12-15 17:16:56,391: +PARAM [/camera/depth/image/compressed/jpeg_quality] by /camera_nodelet_manager
[rosmaster.master][INFO] 2012-12-15 17:16:56,393: +PARAM [/camera/depth/image/compressed/png_level] by /camera_nodelet_manager
[rosmaster.master][INFO] 2012-12-15 17:16:56,396: +PUB [/camera/depth/image] /camera_nodelet_manager http://pc:54408/
[rosmaster.master][INFO] 2012-12-15 17:16:56,399: +PUB [/camera/depth/image/theora] /camera_nodelet_manager http://pc:54408/
[rosmaster.master][INFO] 2012-12-15 17:16:56,402: +SERVICE [/camera/depth/image/theora/set_parameters] /camera_nodelet_manager http://pc:54408/
[rosmaster.master][INFO] 2012-12-15 17:16:56,404: +PUB [/camera/depth/image/theora/parameter_descriptions] /camera_nodelet_manager http://pc:54408/
[rosmaster.master][INFO] 2012-12-15 17:16:56,407: +PUB [/camera/depth/image/theora/parameter_updates] /camera_nodelet_manager http://pc:54408/
[rosmaster.master][INFO] 2012-12-15 17:16:56,416: +PARAM [/camera/depth/image/theora/optimize_for] by /camera_nodelet_manager
[rosmaster.master][INFO] 2012-12-15 17:16:56,419: +PARAM [/camera/depth/image/theora/target_bitrate] by /camera_nodelet_manager
[rosmaster.master][INFO] 2012-12-15 17:16:56,421: +PARAM [/camera/depth/image/theora/quality] by /camera_nodelet_manager
[rosmaster.master][INFO] 2012-12-15 17:16:56,423: +PARAM [/camera/depth/image/theora/keyframe_frequency] by /camera_nodelet_manager
[rosmaster.master][INFO] 2012-12-15 17:16:56,706: +SERVICE [/camera/depth/rectify_depth/set_parameters] /camera_nodelet_manager http://pc:54408/
[rosmaster.master][INFO] 2012-12-15 17:16:56,709: +PUB [/camera/depth/rectify_depth/parameter_descriptions] /camera_nodelet_manager http://pc:54408/
[rosmaster.master][INFO] 2012-12-15 17:16:56,712: +PUB [/camera/depth/rectify_depth/parameter_updates] /camera_nodelet_manager http://pc:54408/
[rosmaster.master][INFO] 2012-12-15 17:16:56,717: +PARAM [/camera/depth/rectify_depth/interpolation] by /camera_nodelet_manager
[rosmaster.master][INFO] 2012-12-15 17:16:56,720: +PUB [/camera/depth/image_rect_raw/compressed] /camera_nodelet_manager http://pc:54408/
[rosmaster.master][INFO] 2012-12-15 17:16:56,723: +SERVICE [/camera/depth/image_rect_raw/compressed/set_parameters] /camera_nodelet_manager http://pc:54408/
[rosmaster.master][INFO] 2012-12-15 17:16:56,726: +PUB [/camera/depth/image_rect_raw/compressed/parameter_descriptions] /camera_nodelet_manager http://pc:54408/
[rosmaster.master][INFO] 2012-12-15 17:16:56,728: +PUB [/camera/depth/image_rect_raw/compressed/parameter_updates] /camera_nodelet_manager http://pc:54408/
[rosmaster.master][INFO] 2012-12-15 17:16:56,737: +PARAM [/camera/depth/image_rect_raw/compressed/format] by /camera_nodelet_manager
[rosmaster.master][INFO] 2012-12-15 17:16:56,739: +PARAM [/camera/depth/image_rect_raw/compressed/jpeg_quality] by /camera_nodelet_manager
[rosmaster.master][INFO] 2012-12-15 17:16:56,742: +PARAM [/camera/depth/image_rect_raw/compressed/png_level] by /camera_nodelet_manager
[rosmaster.master][INFO] 2012-12-15 17:16:56,745: +PUB [/camera/depth/image_rect_raw] /camera_nodelet_manager http://pc:54408/
[rosmaster.master][INFO] 2012-12-15 17:16:56,749: +PUB [/camera/depth/image_rect_raw/theora] /camera_nodelet_manager http://pc:54408/
[rosmaster.master][INFO] 2012-12-15 17:16:56,751: +SERVICE [/camera/depth/image_rect_raw/theora/set_parameters] /camera_nodelet_manager http://pc:54408/
[rosmaster.master][INFO] 2012-12-15 17:16:56,754: +PUB [/camera/depth/image_rect_raw/theora/parameter_descriptions] /camera_nodelet_manager http://pc:54408/
[rosmaster.master][INFO] 2012-12-15 17:16:56,756: +PUB [/camera/depth/image_rect_raw/theora/parameter_updates] /camera_nodelet_manager http://pc:54408/
[rosmaster.master][INFO] 2012-12-15 17:16:56,763: publisherUpdate[/camera/depth/image_rect_raw] -> http://pc:54408/
[rosmaster.master][INFO] 2012-12-15 17:16:56,769: +PARAM [/camera/depth/image_rect_raw/theora/optimize_for] by /camera_nodelet_manager
[rosmaster.master][INFO] 2012-12-15 17:16:56,771: +PARAM [/camera/depth/image_rect_raw/theora/target_bitrate] by /camera_nodelet_manager
[rosmaster.master][INFO] 2012-12-15 17:16:56,773: +PARAM [/camera/depth/image_rect_raw/theora/quality] by /camera_nodelet_manager
[rosmaster.master][INFO] 2012-12-15 17:16:56,776: +PARAM [/camera/depth/image_rect_raw/theora/keyframe_frequency] by /camera_nodelet_manager
[rosmaster.master][INFO] 2012-12-15 17:16:56,781: +SUB [/camera/depth/image_raw] /camera_nodelet_manager http://pc:54408/
[rosmaster.master][INFO] 2012-12-15 17:16:57,065: +PUB [/camera/depth_registered/disparity] /camera_nodelet_manager http://pc:54408/
[rosmaster.master][INFO] 2012-12-15 17:16:58,804: +PARAM [/camera/driver/image_mode] by /camera_nodelet_manager
[rosmaster.master][INFO] 2012-12-15 17:16:58,806: +PARAM [/camera/driver/depth_mode] by /camera_nodelet_manager
[rosmaster.master][INFO] 2012-12-15 17:16:58,808: +PARAM [/camera/driver/depth_registration] by /camera_nodelet_manager
[rosmaster.master][INFO] 2012-12-15 17:16:58,810: +PARAM [/camera/driver/data_skip] by /camera_nodelet_manager
[rosmaster.master][INFO] 2012-12-15 17:16:58,812: +PARAM [/camera/driver/depth_time_offset] by /camera_nodelet_manager
[rosmaster.master][INFO] 2012-12-15 17:16:58,814: +PARAM [/camera/driver/image_time_offset] by /camera_nodelet_manager
[rosmaster.master][INFO] 2012-12-15 17:16:58,815: +PARAM [/camera/driver/depth_ir_offset_x] by /camera_nodelet_manager
[rosmaster.master][INFO] 2012-12-15 17:16:58,816: +PARAM [/camera/driver/depth_ir_offset_y] by /camera_nodelet_manager
[rosmaster.master][INFO] 2012-12-15 17:16:58,818: +PARAM [/camera/driver/z_offset_mm] by /camera_nodelet_manager
[rosmaster.master][INFO] 2012-12-15 17:16:58,822: -SUB [/camera/driver/parameter_updates] /set_dr http://pc:38800/
[rosmaster.master][INFO] 2012-12-15 17:16:58,822: -SUB [/camera/driver/parameter_descriptions] /set_dr http://pc:38800/
[rosmaster.master][INFO] 2012-12-15 17:16:58,822: -PUB [/rosout] /set_dr http://pc:38800/
[rosmaster.master][INFO] 2012-12-15 17:16:58,869: publisherUpdate[/rosout] -> http://pc:37561/
[rosmaster.master][INFO] 2012-12-15 17:17:04,863: -SUB [/camera/depth_registered/image_rect] /depth_detection http://pc:53312/
[rosmaster.master][INFO] 2012-12-15 17:17:04,863: -SUB [/camera/rgb/image_rect_color] /depth_detection http://pc:53312/
[rosmaster.master][INFO] 2012-12-15 17:17:04,864: -PUB [/rosout] /depth_detection http://pc:53312/
[rosmaster.master][INFO] 2012-12-15 17:17:04,868: -SUB [/camera/depth_registered/image_rect_raw] /camera_nodelet_manager http://pc:54408/
[rosmaster.master][INFO] 2012-12-15 17:17:04,871: -PUB [/camera/depth_registered/disparity] /camera_nodelet_manager http://pc:54408/
[rosmaster.master][INFO] 2012-12-15 17:17:04,878: -SUB [/camera/depth_registered/image_raw] /camera_nodelet_manager http://pc:54408/
[rosmaster.master][INFO] 2012-12-15 17:17:04,879: publisherUpdate[/rosout] -> http://pc:37561/
[rosmaster.master][INFO] 2012-12-15 17:17:04,881: -SUB [/camera/depth_registered/camera_info] /camera_nodelet_manager http://pc:54408/
[rosmaster.master][INFO] 2012-12-15 17:17:04,883: -SUB [/camera/depth/image_rect_raw] /camera_nodelet_manager http://pc:54408/
[rosmaster.master][INFO] 2012-12-15 17:17:04,886: -SUB [/camera/depth/image_raw] /camera_nodelet_manager http://pc:54408/
[rosmaster.master][INFO] 2012-12-15 17:17:04,887: -PUB [/camera/depth_registered/points] /camera_nodelet_manager http://pc:54408/
[rosmaster.master][INFO] 2012-12-15 17:17:04,890: -SUB [/camera/depth/camera_info] /camera_nodelet_manager http://pc:54408/
[rosmaster.master][INFO] 2012-12-15 17:17:04,891: -PUB [/camera/depth/disparity] /camera_nodelet_manager http://pc:54408/
[rosmaster.master][INFO] 2012-12-15 17:17:04,892: -SUB [/camera/rgb/image_color] /camera_nodelet_manager http://pc:54408/
[rosmaster.master][INFO] 2012-12-15 17:17:04,894: -SUB [/camera/rgb/camera_info] /camera_nodelet_manager http://pc:54408/
[rosmaster.master][INFO] 2012-12-15 17:17:04,896: -SUB [/camera/rgb/image_raw] /camera_nodelet_manager http://pc:54408/
[rosmaster.master][INFO] 2012-12-15 17:17:04,965: -PUB [/rosout] /camera/depth_registered/metric_rect http://pc:34775/
[rosmaster.master][INFO] 2012-12-15 17:17:04,967: -SERVICE [/camera/depth_registered/metric_rect/get_loggers] /camera/depth_registered/metric_rect rosrpc://pc:42466
[rosmaster.master][INFO] 2012-12-15 17:17:04,968: -PUB [/rosout] /camera/disparity_depth_registered http://pc:44923/
[rosmaster.master][INFO] 2012-12-15 17:17:04,969: -SERVICE [/camera/disparity_depth_registered/get_loggers] /camera/disparity_depth_registered rosrpc://pc:48551
[rosmaster.master][INFO] 2012-12-15 17:17:04,970: -SERVICE [/camera/depth_registered/metric_rect/set_logger_level] /camera/depth_registered/metric_rect rosrpc://pc:42466
[rosmaster.master][INFO] 2012-12-15 17:17:04,970: -SERVICE [/camera/disparity_depth_registered/set_logger_level] /camera/disparity_depth_registered rosrpc://pc:48551
[rosmaster.master][INFO] 2012-12-15 17:17:04,982: publisherUpdate[/rosout] -> http://pc:37561/
[rosmaster.master][INFO] 2012-12-15 17:17:04,985: publisherUpdate[/rosout] -> http://pc:37561/
[rosmaster.master][INFO] 2012-12-15 17:17:04,987: -PUB [/rosout] /camera/depth_registered/metric http://pc:36417/
[rosmaster.master][INFO] 2012-12-15 17:17:04,989: -PUB [/rosout] /camera/points_xyzrgb_depth_rgb http://pc:38932/
[rosmaster.master][INFO] 2012-12-15 17:17:04,991: -SERVICE [/camera/depth_registered/metric/get_loggers] /camera/depth_registered/metric rosrpc://pc:34631
[rosmaster.master][INFO] 2012-12-15 17:17:04,992: -SERVICE [/camera/points_xyzrgb_depth_rgb/get_loggers] /camera/points_xyzrgb_depth_rgb rosrpc://pc:38383
[rosmaster.master][INFO] 2012-12-15 17:17:04,993: -SERVICE [/camera/depth_registered/metric/set_logger_level] /camera/depth_registered/metric rosrpc://pc:34631
[rosmaster.master][INFO] 2012-12-15 17:17:04,994: -SERVICE [/camera/points_xyzrgb_depth_rgb/set_logger_level] /camera/points_xyzrgb_depth_rgb rosrpc://pc:38383
[rosmaster.master][INFO] 2012-12-15 17:17:05,000: -PUB [/rosout] /camera_base_link2 http://pc:53530/
[rosmaster.master][INFO] 2012-12-15 17:17:05,001: -PUB [/rosout] /camera_base_link1 http://pc:44740/
[rosmaster.master][INFO] 2012-12-15 17:17:05,002: -PUB [/tf] /camera_base_link2 http://pc:53530/
[rosmaster.master][INFO] 2012-12-15 17:17:05,003: -PUB [/tf] /camera_base_link1 http://pc:44740/
[rosmaster.master][INFO] 2012-12-15 17:17:05,004: -SERVICE [/camera_base_link2/get_loggers] /camera_base_link2 rosrpc://pc:43688
[rosmaster.master][INFO] 2012-12-15 17:17:05,005: -SERVICE [/camera_base_link1/get_loggers] /camera_base_link1 rosrpc://pc:35139
[rosmaster.master][INFO] 2012-12-15 17:17:05,006: -SERVICE [/camera_base_link2/set_logger_level] /camera_base_link2 rosrpc://pc:43688
[rosmaster.master][INFO] 2012-12-15 17:17:05,007: -SERVICE [/camera_base_link1/set_logger_level] /camera_base_link1 rosrpc://pc:35139
[rosmaster.master][INFO] 2012-12-15 17:17:05,066: -PUB [/rosout] /camera/disparity_depth http://pc:47995/
[rosmaster.master][INFO] 2012-12-15 17:17:05,068: -SERVICE [/camera/disparity_depth/get_loggers] /camera/disparity_depth rosrpc://pc:33257
[rosmaster.master][INFO] 2012-12-15 17:17:05,070: -SERVICE [/camera/disparity_depth/set_logger_level] /camera/disparity_depth rosrpc://pc:33257
[rosmaster.master][INFO] 2012-12-15 17:17:05,071: -PUB [/camera/depth_registered/rectify_depth/parameter_descriptions] /camera_nodelet_manager http://pc:54408/
[rosmaster.master][INFO] 2012-12-15 17:17:05,074: -PUB [/camera/depth_registered/rectify_depth/parameter_updates] /camera_nodelet_manager http://pc:54408/
[rosmaster.master][INFO] 2012-12-15 17:17:05,076: -SERVICE [/camera/depth_registered/rectify_depth/set_parameters] /camera_nodelet_manager rosrpc://pc:57461
[rosmaster.master][INFO] 2012-12-15 17:17:05,083: publisherUpdate[/rosout] -> http://pc:37561/
[rosmaster.master][INFO] 2012-12-15 17:17:05,085: publisherUpdate[/rosout] -> http://pc:37561/
[rosmaster.master][INFO] 2012-12-15 17:17:05,085: publisherUpdate[/tf] -> http://pc:54408/
[rosmaster.master][INFO] 2012-12-15 17:17:05,087: publisherUpdate[/rosout] -> http://pc:37561/
[rosmaster.master][INFO] 2012-12-15 17:17:05,089: publisherUpdate[/tf] -> http://pc:54408/
[rosmaster.master][INFO] 2012-12-15 17:17:05,091: publisherUpdate[/rosout] -> http://pc:37561/
[rosmaster.master][INFO] 2012-12-15 17:17:05,095: publisherUpdate[/rosout] -> http://pc:37561/
[rosmaster.master][INFO] 2012-12-15 17:17:05,100: -PUB [/rosout] /camera_base_link3 http://pc:44773/
[rosmaster.master][INFO] 2012-12-15 17:17:05,101: -PUB [/rosout] /camera_base_link http://pc:41759/
[rosmaster.master][INFO] 2012-12-15 17:17:05,102: -PUB [/tf] /camera_base_link3 http://pc:44773/
[rosmaster.master][INFO] 2012-12-15 17:17:05,103: -PUB [/tf] /camera_base_link http://pc:41759/
[rosmaster.master][INFO] 2012-12-15 17:17:05,104: -SERVICE [/camera_base_link3/get_loggers] /camera_base_link3 rosrpc://pc:58246
[rosmaster.master][INFO] 2012-12-15 17:17:05,105: -SERVICE [/camera_base_link/get_loggers] /camera_base_link rosrpc://pc:47886
[rosmaster.master][INFO] 2012-12-15 17:17:05,106: -SERVICE [/camera_base_link3/set_logger_level] /camera_base_link3 rosrpc://pc:58246
[rosmaster.master][INFO] 2012-12-15 17:17:05,107: -SERVICE [/camera_base_link/set_logger_level] /camera_base_link rosrpc://pc:47886
[rosmaster.master][INFO] 2012-12-15 17:17:05,111: -SUB [/tf] /camera_nodelet_manager http://pc:54408/
[rosmaster.master][INFO] 2012-12-15 17:17:05,112: -SERVICE [/camera_nodelet_manager/tf_frames] /camera_nodelet_manager rosrpc://pc:57461
[rosmaster.master][INFO] 2012-12-15 17:17:05,189: publisherUpdate[/rosout] -> http://pc:37561/
[rosmaster.master][INFO] 2012-12-15 17:17:05,191: publisherUpdate[/tf] -> http://pc:54408/
[rosmaster.master][INFO] 2012-12-15 17:17:05,196: publisherUpdate[/rosout] -> http://pc:37561/
[rosmaster.master][INFO] 2012-12-15 17:17:05,198: publisherUpdate[/tf] -> http://pc:54408/
[rosmaster.master][INFO] 2012-12-15 17:17:05,202: -PUB [/camera/depth/points] /camera_nodelet_manager http://pc:54408/
[rosmaster.master][INFO] 2012-12-15 17:17:05,210: -PUB [/camera/depth/rectify_depth/parameter_descriptions] /camera_nodelet_manager http://pc:54408/
[rosmaster.master][INFO] 2012-12-15 17:17:05,212: -PUB [/camera/depth/rectify_depth/parameter_updates] /camera_nodelet_manager http://pc:54408/
[rosmaster.master][INFO] 2012-12-15 17:17:05,214: -SERVICE [/camera/depth/rectify_depth/set_parameters] /camera_nodelet_manager rosrpc://pc:57461
[rosmaster.master][INFO] 2012-12-15 17:17:05,216: -PUB [/camera/rgb/rectify_color/parameter_descriptions] /camera_nodelet_manager http://pc:54408/
[rosmaster.master][INFO] 2012-12-15 17:17:05,217: -PUB [/camera/rgb/rectify_color/parameter_updates] /camera_nodelet_manager http://pc:54408/
[rosmaster.master][INFO] 2012-12-15 17:17:05,219: -SERVICE [/camera/rgb/rectify_color/set_parameters] /camera_nodelet_manager rosrpc://pc:57461
[rosmaster.master][INFO] 2012-12-15 17:17:05,220: -PUB [/camera/ir/rectify_ir/parameter_descriptions] /camera_nodelet_manager http://pc:54408/
[rosmaster.master][INFO] 2012-12-15 17:17:05,221: -PUB [/camera/ir/rectify_ir/parameter_updates] /camera_nodelet_manager http://pc:54408/
[rosmaster.master][INFO] 2012-12-15 17:17:05,222: -SERVICE [/camera/ir/rectify_ir/set_parameters] /camera_nodelet_manager rosrpc://pc:57461
[rosmaster.master][INFO] 2012-12-15 17:17:05,223: -PUB [/camera/rgb/rectify_mono/parameter_descriptions] /camera_nodelet_manager http://pc:54408/
[rosmaster.master][INFO] 2012-12-15 17:17:05,224: -PUB [/camera/rgb/rectify_mono/parameter_updates] /camera_nodelet_manager http://pc:54408/
[rosmaster.master][INFO] 2012-12-15 17:17:05,225: -SERVICE [/camera/rgb/rectify_mono/set_parameters] /camera_nodelet_manager rosrpc://pc:57461
[rosmaster.master][INFO] 2012-12-15 17:17:05,262: -PUB [/rosout] /camera/ir/rectify_ir http://pc:42156/
[rosmaster.master][INFO] 2012-12-15 17:17:05,264: -PUB [/rosout] /camera/register_depth_rgb http://pc:60744/
[rosmaster.master][INFO] 2012-12-15 17:17:05,266: -SERVICE [/camera/register_depth_rgb/get_loggers] /camera/register_depth_rgb rosrpc://pc:33816
[rosmaster.master][INFO] 2012-12-15 17:17:05,270: -SERVICE [/camera/ir/rectify_ir/get_loggers] /camera/ir/rectify_ir rosrpc://pc:60614
[rosmaster.master][INFO] 2012-12-15 17:17:05,274: -PUB [/rosout] /camera/depth/metric_rect http://pc:46287/
[rosmaster.master][INFO] 2012-12-15 17:17:05,277: -PUB [/rosout] /camera/depth_registered/rectify_depth http://pc:43095/
[rosmaster.master][INFO] 2012-12-15 17:17:05,279: -SERVICE [/camera/register_depth_rgb/set_logger_level] /camera/register_depth_rgb rosrpc://pc:33816
[rosmaster.master][INFO] 2012-12-15 17:17:05,281: -SERVICE [/camera/ir/rectify_ir/set_logger_level] /camera/ir/rectify_ir rosrpc://pc:60614
[rosmaster.master][INFO] 2012-12-15 17:17:05,282: -SERVICE [/camera/depth/metric_rect/get_loggers] /camera/depth/metric_rect rosrpc://pc:46659
[rosmaster.master][INFO] 2012-12-15 17:17:05,283: -SERVICE [/camera/depth_registered/rectify_depth/get_loggers] /camera/depth_registered/rectify_depth rosrpc://pc:51258
[rosmaster.master][INFO] 2012-12-15 17:17:05,284: -SERVICE [/camera/depth/metric_rect/set_logger_level] /camera/depth/metric_rect rosrpc://pc:46659
[rosmaster.master][INFO] 2012-12-15 17:17:05,285: -SERVICE [/camera/depth_registered/rectify_depth/set_logger_level] /camera/depth_registered/rectify_depth rosrpc://pc:51258
[rosmaster.master][INFO] 2012-12-15 17:17:05,299: publisherUpdate[/rosout] -> http://pc:37561/
[rosmaster.master][INFO] 2012-12-15 17:17:05,300: publisherUpdate[/rosout] -> http://pc:37561/
[rosmaster.master][INFO] 2012-12-15 17:17:05,301: publisherUpdate[/rosout] -> http://pc:37561/
[rosmaster.master][INFO] 2012-12-15 17:17:05,302: publisherUpdate[/rosout] -> http://pc:37561/
[rosmaster.master][INFO] 2012-12-15 17:17:05,354: -PUB [/rosout] /camera/rgb/rectify_mono http://pc:52036/
[rosmaster.master][INFO] 2012-12-15 17:17:05,356: -SERVICE [/camera/rgb/rectify_mono/get_loggers] /camera/rgb/rectify_mono rosrpc://pc:47557
[rosmaster.master][INFO] 2012-12-15 17:17:05,358: -SERVICE [/camera/rgb/rectify_mono/set_logger_level] /camera/rgb/rectify_mono rosrpc://pc:47557
[rosmaster.master][INFO] 2012-12-15 17:17:05,360: -PUB [/rosout] /camera/depth/metric http://pc:34196/
[rosmaster.master][INFO] 2012-12-15 17:17:05,361: -PUB [/rosout] /camera/depth/points http://pc:34166/
[rosmaster.master][INFO] 2012-12-15 17:17:05,362: -PUB [/rosout] /camera/rgb/rectify_color http://pc:39566/
[rosmaster.master][INFO] 2012-12-15 17:17:05,363: -PUB [/rosout] /camera/depth/rectify_depth http://pc:35702/
[rosmaster.master][INFO] 2012-12-15 17:17:05,364: -SERVICE [/camera/depth/metric/get_loggers] /camera/depth/metric rosrpc://pc:52759
[rosmaster.master][INFO] 2012-12-15 17:17:05,367: -SERVICE [/camera/rgb/rectify_color/get_loggers] /camera/rgb/rectify_color rosrpc://pc:54550
[rosmaster.master][INFO] 2012-12-15 17:17:05,368: -SERVICE [/camera/depth/points/get_loggers] /camera/depth/points rosrpc://pc:53735
[rosmaster.master][INFO] 2012-12-15 17:17:05,368: -SERVICE [/camera/depth/metric/set_logger_level] /camera/depth/metric rosrpc://pc:52759
[rosmaster.master][INFO] 2012-12-15 17:17:05,369: -SERVICE [/camera/depth/rectify_depth/get_loggers] /camera/depth/rectify_depth rosrpc://pc:32927
[rosmaster.master][INFO] 2012-12-15 17:17:05,371: -SERVICE [/camera/rgb/rectify_color/set_logger_level] /camera/rgb/rectify_color rosrpc://pc:54550
[rosmaster.master][INFO] 2012-12-15 17:17:05,372: -SERVICE [/camera/depth/points/set_logger_level] /camera/depth/points rosrpc://pc:53735
[rosmaster.master][INFO] 2012-12-15 17:17:05,373: -SERVICE [/camera/depth/rectify_depth/set_logger_level] /camera/depth/rectify_depth rosrpc://pc:32927
[rosmaster.master][INFO] 2012-12-15 17:17:05,403: publisherUpdate[/rosout] -> http://pc:37561/
[rosmaster.master][INFO] 2012-12-15 17:17:05,405: -PUB [/camera/rgb/debayer/parameter_descriptions] /camera_nodelet_manager http://pc:54408/
[rosmaster.master][INFO] 2012-12-15 17:17:05,407: publisherUpdate[/rosout] -> http://pc:37561/
[rosmaster.master][INFO] 2012-12-15 17:17:05,412: -PUB [/camera/rgb/debayer/parameter_updates] /camera_nodelet_manager http://pc:54408/
[rosmaster.master][INFO] 2012-12-15 17:17:05,413: publisherUpdate[/rosout] -> http://pc:37561/
[rosmaster.master][INFO] 2012-12-15 17:17:05,416: publisherUpdate[/rosout] -> http://pc:37561/
[rosmaster.master][INFO] 2012-12-15 17:17:05,419: publisherUpdate[/rosout] -> http://pc:37561/
[rosmaster.master][INFO] 2012-12-15 17:17:05,420: -SERVICE [/camera/rgb/debayer/set_parameters] /camera_nodelet_manager rosrpc://pc:57461
[rosmaster.master][INFO] 2012-12-15 17:17:05,456: -PUB [/rosout] /camera/driver http://pc:59063/
[rosmaster.master][INFO] 2012-12-15 17:17:05,459: -PUB [/rosout] /camera/rgb/debayer http://pc:47712/
[rosmaster.master][INFO] 2012-12-15 17:17:05,461: -SERVICE [/camera/driver/get_loggers] /camera/driver rosrpc://pc:55948
[rosmaster.master][INFO] 2012-12-15 17:17:05,467: -SERVICE [/camera/driver/set_logger_level] /camera/driver rosrpc://pc:55948
[rosmaster.master][INFO] 2012-12-15 17:17:05,469: -SERVICE [/camera/rgb/debayer/get_loggers] /camera/rgb/debayer rosrpc://pc:51297
[rosmaster.master][INFO] 2012-12-15 17:17:05,473: -SERVICE [/camera/ir/set_camera_info] /camera_nodelet_manager rosrpc://pc:57461
[rosmaster.master][INFO] 2012-12-15 17:17:05,475: -SERVICE [/camera/rgb/debayer/set_logger_level] /camera/rgb/debayer rosrpc://pc:51297
[rosmaster.master][INFO] 2012-12-15 17:17:05,478: -SERVICE [/camera/rgb/set_camera_info] /camera_nodelet_manager rosrpc://pc:57461
[rosmaster.master][INFO] 2012-12-15 17:17:05,480: -PUB [/camera/driver/parameter_descriptions] /camera_nodelet_manager http://pc:54408/
[rosmaster.master][INFO] 2012-12-15 17:17:05,483: -PUB [/camera/driver/parameter_updates] /camera_nodelet_manager http://pc:54408/
[rosmaster.master][INFO] 2012-12-15 17:17:05,487: -SERVICE [/camera/driver/set_parameters] /camera_nodelet_manager rosrpc://pc:57461
[rosmaster.master][INFO] 2012-12-15 17:17:05,505: publisherUpdate[/rosout] -> http://pc:37561/
[rosmaster.master][INFO] 2012-12-15 17:17:05,506: publisherUpdate[/rosout] -> http://pc:37561/
[rosmaster.master][INFO] 2012-12-15 17:17:05,700: -PUB [/rosout] /camera_nodelet_manager http://pc:54408/
[rosmaster.master][INFO] 2012-12-15 17:17:05,701: -PUB [/camera/rgb/image_mono/compressed] /camera_nodelet_manager http://pc:54408/
[rosmaster.master][INFO] 2012-12-15 17:17:05,702: -PUB [/camera/rgb/image_mono/compressed/parameter_descriptions] /camera_nodelet_manager http://pc:54408/
[rosmaster.master][INFO] 2012-12-15 17:17:05,703: -PUB [/camera/rgb/image_mono/compressed/parameter_updates] /camera_nodelet_manager http://pc:54408/
[rosmaster.master][INFO] 2012-12-15 17:17:05,704: -PUB [/camera/rgb/image_mono] /camera_nodelet_manager http://pc:54408/
[rosmaster.master][INFO] 2012-12-15 17:17:05,705: -PUB [/camera/rgb/image_mono/theora] /camera_nodelet_manager http://pc:54408/
[rosmaster.master][INFO] 2012-12-15 17:17:05,706: -PUB [/camera/rgb/image_mono/theora/parameter_descriptions] /camera_nodelet_manager http://pc:54408/
[rosmaster.master][INFO] 2012-12-15 17:17:05,706: publisherUpdate[/rosout] -> http://pc:37561/
[rosmaster.master][INFO] 2012-12-15 17:17:05,707: -PUB [/camera/rgb/image_mono/theora/parameter_updates] /camera_nodelet_manager http://pc:54408/
[rosmaster.master][INFO] 2012-12-15 17:17:05,708: -PUB [/camera/rgb/image_color/compressed] /camera_nodelet_manager http://pc:54408/
[rosmaster.master][INFO] 2012-12-15 17:17:05,709: -PUB [/camera/rgb/image_color/compressed/parameter_descriptions] /camera_nodelet_manager http://pc:54408/
[rosmaster.master][INFO] 2012-12-15 17:17:05,710: -PUB [/camera/rgb/image_color/compressed/parameter_updates] /camera_nodelet_manager http://pc:54408/
[rosmaster.master][INFO] 2012-12-15 17:17:05,711: -PUB [/camera/rgb/image_color] /camera_nodelet_manager http://pc:54408/
[rosmaster.master][INFO] 2012-12-15 17:17:05,712: -PUB [/camera/rgb/image_color/theora] /camera_nodelet_manager http://pc:54408/
[rosmaster.master][INFO] 2012-12-15 17:17:05,713: -PUB [/camera/rgb/image_color/theora/parameter_descriptions] /camera_nodelet_manager http://pc:54408/
[rosmaster.master][INFO] 2012-12-15 17:17:05,713: -PUB [/camera/rgb/image_color/theora/parameter_updates] /camera_nodelet_manager http://pc:54408/
[rosmaster.master][INFO] 2012-12-15 17:17:05,714: -PUB [/camera/rgb/image_rect_color/compressed] /camera_nodelet_manager http://pc:54408/
[rosmaster.master][INFO] 2012-12-15 17:17:05,715: -PUB [/camera/rgb/image_rect_color/compressed/parameter_descriptions] /camera_nodelet_manager http://pc:54408/
[rosmaster.master][INFO] 2012-12-15 17:17:05,716: -PUB [/camera/rgb/image_rect_color/compressed/parameter_updates] /camera_nodelet_manager http://pc:54408/
[rosmaster.master][INFO] 2012-12-15 17:17:05,717: -PUB [/camera/rgb/image_rect_color] /camera_nodelet_manager http://pc:54408/
[rosmaster.master][INFO] 2012-12-15 17:17:05,718: -PUB [/camera/rgb/image_rect_color/theora] /camera_nodelet_manager http://pc:54408/
[rosmaster.master][INFO] 2012-12-15 17:17:05,719: -PUB [/camera/rgb/image_rect_color/theora/parameter_descriptions] /camera_nodelet_manager http://pc:54408/
[rosmaster.master][INFO] 2012-12-15 17:17:05,720: -PUB [/camera/rgb/image_rect_color/theora/parameter_updates] /camera_nodelet_manager http://pc:54408/
[rosmaster.master][INFO] 2012-12-15 17:17:05,720: -PUB [/camera/ir/image_rect/compressed] /camera_nodelet_manager http://pc:54408/
[rosmaster.master][INFO] 2012-12-15 17:17:05,721: -PUB [/camera/ir/image_rect/compressed/parameter_descriptions] /camera_nodelet_manager http://pc:54408/
[rosmaster.master][INFO] 2012-12-15 17:17:05,722: -PUB [/camera/ir/image_rect/compressed/parameter_updates] /camera_nodelet_manager http://pc:54408/
[rosmaster.master][INFO] 2012-12-15 17:17:05,723: -PUB [/camera/ir/image_rect] /camera_nodelet_manager http://pc:54408/
[rosmaster.master][INFO] 2012-12-15 17:17:05,724: -PUB [/camera/ir/image_rect/theora] /camera_nodelet_manager http://pc:54408/
[rosmaster.master][INFO] 2012-12-15 17:17:05,725: -PUB [/camera/ir/image_rect/theora/parameter_descriptions] /camera_nodelet_manager http://pc:54408/
[rosmaster.master][INFO] 2012-12-15 17:17:05,726: -PUB [/camera/ir/image_rect/theora/parameter_updates] /camera_nodelet_manager http://pc:54408/
[rosmaster.master][INFO] 2012-12-15 17:17:05,727: -PUB [/camera/depth/image_rect/compressed] /camera_nodelet_manager http://pc:54408/
[rosmaster.master][INFO] 2012-12-15 17:17:05,728: -PUB [/camera/depth/image_rect/compressed/parameter_descriptions] /camera_nodelet_manager http://pc:54408/
[rosmaster.master][INFO] 2012-12-15 17:17:05,729: -PUB [/camera/depth/image_rect/compressed/parameter_updates] /camera_nodelet_manager http://pc:54408/
[rosmaster.master][INFO] 2012-12-15 17:17:05,729: -PUB [/camera/depth/image_rect] /camera_nodelet_manager http://pc:54408/
[rosmaster.master][INFO] 2012-12-15 17:17:05,730: -PUB [/camera/depth/image_rect/theora] /camera_nodelet_manager http://pc:54408/
[rosmaster.master][INFO] 2012-12-15 17:17:05,731: -PUB [/camera/depth/image_rect/theora/parameter_descriptions] /camera_nodelet_manager http://pc:54408/
[rosmaster.master][INFO] 2012-12-15 17:17:05,732: -PUB [/camera/depth/image_rect/theora/parameter_updates] /camera_nodelet_manager http://pc:54408/
[rosmaster.master][INFO] 2012-12-15 17:17:05,733: -PUB [/camera/rgb/image_rect/compressed] /camera_nodelet_manager http://pc:54408/
[rosmaster.master][INFO] 2012-12-15 17:17:05,734: -PUB [/camera/rgb/image_rect/compressed/parameter_descriptions] /camera_nodelet_manager http://pc:54408/
[rosmaster.master][INFO] 2012-12-15 17:17:05,735: -PUB [/camera/rgb/image_rect/compressed/parameter_updates] /camera_nodelet_manager http://pc:54408/
[rosmaster.master][INFO] 2012-12-15 17:17:05,736: -PUB [/camera/rgb/image_rect] /camera_nodelet_manager http://pc:54408/
[rosmaster.master][INFO] 2012-12-15 17:17:05,737: -PUB [/camera/rgb/image_rect/theora] /camera_nodelet_manager http://pc:54408/
[rosmaster.master][INFO] 2012-12-15 17:17:05,737: -PUB [/camera/rgb/image_rect/theora/parameter_descriptions] /camera_nodelet_manager http://pc:54408/
[rosmaster.master][INFO] 2012-12-15 17:17:05,738: -PUB [/camera/rgb/image_rect/theora/parameter_updates] /camera_nodelet_manager http://pc:54408/
[rosmaster.master][INFO] 2012-12-15 17:17:05,739: -PUB [/camera/depth_registered/image_rect_raw/compressed] /camera_nodelet_manager http://pc:54408/
[rosmaster.master][INFO] 2012-12-15 17:17:05,740: -PUB [/camera/depth_registered/image_rect_raw/compressed/parameter_descriptions] /camera_nodelet_manager http://pc:54408/
[rosmaster.master][INFO] 2012-12-15 17:17:05,741: -PUB [/camera/depth_registered/image_rect_raw/compressed/parameter_updates] /camera_nodelet_manager http://pc:54408/
[rosmaster.master][INFO] 2012-12-15 17:17:05,742: -PUB [/camera/depth_registered/image_rect_raw] /camera_nodelet_manager http://pc:54408/
[rosmaster.master][INFO] 2012-12-15 17:17:05,743: -PUB [/camera/depth_registered/image_rect_raw/theora] /camera_nodelet_manager http://pc:54408/
[rosmaster.master][INFO] 2012-12-15 17:17:05,744: -PUB [/camera/depth_registered/image_rect_raw/theora/parameter_descriptions] /camera_nodelet_manager http://pc:54408/
[rosmaster.master][INFO] 2012-12-15 17:17:05,745: -PUB [/camera/depth_registered/image_rect_raw/theora/parameter_updates] /camera_nodelet_manager http://pc:54408/
[rosmaster.master][INFO] 2012-12-15 17:17:05,746: -PUB [/camera/depth_registered/camera_info] /camera_nodelet_manager http://pc:54408/
[rosmaster.master][INFO] 2012-12-15 17:17:05,747: -PUB [/camera/rgb/image_raw/compressed] /camera_nodelet_manager http://pc:54408/
[rosmaster.master][INFO] 2012-12-15 17:17:05,748: -PUB [/camera/rgb/image_raw/compressed/parameter_descriptions] /camera_nodelet_manager http://pc:54408/
[rosmaster.master][INFO] 2012-12-15 17:17:05,749: -PUB [/camera/rgb/image_raw/compressed/parameter_updates] /camera_nodelet_manager http://pc:54408/
[rosmaster.master][INFO] 2012-12-15 17:17:05,749: -PUB [/camera/rgb/image_raw] /camera_nodelet_manager http://pc:54408/
[rosmaster.master][INFO] 2012-12-15 17:17:05,750: -PUB [/camera/rgb/image_raw/theora] /camera_nodelet_manager http://pc:54408/
[rosmaster.master][INFO] 2012-12-15 17:17:05,751: -PUB [/camera/rgb/image_raw/theora/parameter_descriptions] /camera_nodelet_manager http://pc:54408/
[rosmaster.master][INFO] 2012-12-15 17:17:05,752: -PUB [/camera/rgb/image_raw/theora/parameter_updates] /camera_nodelet_manager http://pc:54408/
[rosmaster.master][INFO] 2012-12-15 17:17:05,753: -PUB [/camera/rgb/camera_info] /camera_nodelet_manager http://pc:54408/
[rosmaster.master][INFO] 2012-12-15 17:17:05,754: -PUB [/camera/ir/image_raw/compressed] /camera_nodelet_manager http://pc:54408/
[rosmaster.master][INFO] 2012-12-15 17:17:05,755: -PUB [/camera/ir/image_raw/compressed/parameter_descriptions] /camera_nodelet_manager http://pc:54408/
[rosmaster.master][INFO] 2012-12-15 17:17:05,755: -PUB [/camera/ir/image_raw/compressed/parameter_updates] /camera_nodelet_manager http://pc:54408/
[rosmaster.master][INFO] 2012-12-15 17:17:05,756: -PUB [/camera/ir/image_raw] /camera_nodelet_manager http://pc:54408/
[rosmaster.master][INFO] 2012-12-15 17:17:05,757: -PUB [/camera/ir/image_raw/theora] /camera_nodelet_manager http://pc:54408/
[rosmaster.master][INFO] 2012-12-15 17:17:05,758: -PUB [/camera/ir/image_raw/theora/parameter_descriptions] /camera_nodelet_manager http://pc:54408/
[rosmaster.master][INFO] 2012-12-15 17:17:05,759: -PUB [/camera/ir/image_raw/theora/parameter_updates] /camera_nodelet_manager http://pc:54408/
[rosmaster.master][INFO] 2012-12-15 17:17:05,760: -PUB [/camera/ir/camera_info] /camera_nodelet_manager http://pc:54408/
[rosmaster.master][INFO] 2012-12-15 17:17:05,761: -PUB [/camera/depth/image_raw/compressed] /camera_nodelet_manager http://pc:54408/
[rosmaster.master][INFO] 2012-12-15 17:17:05,762: -PUB [/camera/depth/image_raw/compressed/parameter_descriptions] /camera_nodelet_manager http://pc:54408/
[rosmaster.master][INFO] 2012-12-15 17:17:05,763: -PUB [/camera/depth/image_raw/compressed/parameter_updates] /camera_nodelet_manager http://pc:54408/
[rosmaster.master][INFO] 2012-12-15 17:17:05,763: -PUB [/camera/depth/image_raw] /camera_nodelet_manager http://pc:54408/
[rosmaster.master][INFO] 2012-12-15 17:17:05,764: -PUB [/camera/depth/image_raw/theora] /camera_nodelet_manager http://pc:54408/
[rosmaster.master][INFO] 2012-12-15 17:17:05,765: -PUB [/camera/depth/image_raw/theora/parameter_descriptions] /camera_nodelet_manager http://pc:54408/
[rosmaster.master][INFO] 2012-12-15 17:17:05,766: -PUB [/camera/depth/image_raw/theora/parameter_updates] /camera_nodelet_manager http://pc:54408/
[rosmaster.master][INFO] 2012-12-15 17:17:05,767: -PUB [/camera/depth/camera_info] /camera_nodelet_manager http://pc:54408/
[rosmaster.master][INFO] 2012-12-15 17:17:05,768: -PUB [/camera/projector/camera_info] /camera_nodelet_manager http://pc:54408/
[rosmaster.master][INFO] 2012-12-15 17:17:05,768: -PUB [/camera/depth_registered/image_raw/compressed] /camera_nodelet_manager http://pc:54408/
[rosmaster.master][INFO] 2012-12-15 17:17:05,769: -PUB [/camera/depth_registered/image_raw/compressed/parameter_descriptions] /camera_nodelet_manager http://pc:54408/
[rosmaster.master][INFO] 2012-12-15 17:17:05,770: -PUB [/camera/depth_registered/image_raw/compressed/parameter_updates] /camera_nodelet_manager http://pc:54408/
[rosmaster.master][INFO] 2012-12-15 17:17:05,771: -PUB [/camera/depth_registered/image_raw] /camera_nodelet_manager http://pc:54408/
[rosmaster.master][INFO] 2012-12-15 17:17:05,772: -PUB [/camera/depth_registered/image_raw/theora] /camera_nodelet_manager http://pc:54408/
[rosmaster.master][INFO] 2012-12-15 17:17:05,773: -PUB [/camera/depth_registered/image_raw/theora/parameter_descriptions] /camera_nodelet_manager http://pc:54408/
[rosmaster.master][INFO] 2012-12-15 17:17:05,774: -PUB [/camera/depth_registered/image_raw/theora/parameter_updates] /camera_nodelet_manager http://pc:54408/
[rosmaster.master][INFO] 2012-12-15 17:17:05,774: -PUB [/camera/depth_registered/image/compressed] /camera_nodelet_manager http://pc:54408/
[rosmaster.master][INFO] 2012-12-15 17:17:05,775: -PUB [/camera/depth_registered/image/compressed/parameter_descriptions] /camera_nodelet_manager http://pc:54408/
[rosmaster.master][INFO] 2012-12-15 17:17:05,776: -PUB [/camera/depth_registered/image/compressed/parameter_updates] /camera_nodelet_manager http://pc:54408/
[rosmaster.master][INFO] 2012-12-15 17:17:05,777: -PUB [/camera/depth_registered/image] /camera_nodelet_manager http://pc:54408/
[rosmaster.master][INFO] 2012-12-15 17:17:05,778: -PUB [/camera/depth_registered/image/theora] /camera_nodelet_manager http://pc:54408/
[rosmaster.master][INFO] 2012-12-15 17:17:05,779: -PUB [/camera/depth_registered/image/theora/parameter_descriptions] /camera_nodelet_manager http://pc:54408/
[rosmaster.master][INFO] 2012-12-15 17:17:05,780: -PUB [/camera/depth_registered/image/theora/parameter_updates] /camera_nodelet_manager http://pc:54408/
[rosmaster.master][INFO] 2012-12-15 17:17:05,781: -PUB [/camera/depth_registered/image_rect/compressed] /camera_nodelet_manager http://pc:54408/
[rosmaster.master][INFO] 2012-12-15 17:17:05,782: -PUB [/camera/depth_registered/image_rect/compressed/parameter_descriptions] /camera_nodelet_manager http://pc:54408/
[rosmaster.master][INFO] 2012-12-15 17:17:05,783: -PUB [/camera/depth_registered/image_rect/compressed/parameter_updates] /camera_nodelet_manager http://pc:54408/
[rosmaster.master][INFO] 2012-12-15 17:17:05,783: -PUB [/camera/depth_registered/image_rect] /camera_nodelet_manager http://pc:54408/
[rosmaster.master][INFO] 2012-12-15 17:17:05,784: -PUB [/camera/depth_registered/image_rect/theora] /camera_nodelet_manager http://pc:54408/
[rosmaster.master][INFO] 2012-12-15 17:17:05,785: -PUB [/camera/depth_registered/image_rect/theora/parameter_descriptions] /camera_nodelet_manager http://pc:54408/
[rosmaster.master][INFO] 2012-12-15 17:17:05,786: -PUB [/camera/depth_registered/image_rect/theora/parameter_updates] /camera_nodelet_manager http://pc:54408/
[rosmaster.master][INFO] 2012-12-15 17:17:05,787: -PUB [/camera/depth/image/compressed] /camera_nodelet_manager http://pc:54408/
[rosmaster.master][INFO] 2012-12-15 17:17:05,788: -PUB [/camera/depth/image/compressed/parameter_descriptions] /camera_nodelet_manager http://pc:54408/
[rosmaster.master][INFO] 2012-12-15 17:17:05,789: -PUB [/camera/depth/image/compressed/parameter_updates] /camera_nodelet_manager http://pc:54408/
[rosmaster.master][INFO] 2012-12-15 17:17:05,789: -PUB [/camera/depth/image] /camera_nodelet_manager http://pc:54408/
[rosmaster.master][INFO] 2012-12-15 17:17:05,790: -PUB [/camera/depth/image/theora] /camera_nodelet_manager http://pc:54408/
[rosmaster.master][INFO] 2012-12-15 17:17:05,791: -PUB [/camera/depth/image/theora/parameter_descriptions] /camera_nodelet_manager http://pc:54408/
[rosmaster.master][INFO] 2012-12-15 17:17:05,792: -PUB [/camera/depth/image/theora/parameter_updates] /camera_nodelet_manager http://pc:54408/
[rosmaster.master][INFO] 2012-12-15 17:17:05,793: -PUB [/camera/depth/image_rect_raw/compressed] /camera_nodelet_manager http://pc:54408/
[rosmaster.master][INFO] 2012-12-15 17:17:05,794: -PUB [/camera/depth/image_rect_raw/compressed/parameter_descriptions] /camera_nodelet_manager http://pc:54408/
[rosmaster.master][INFO] 2012-12-15 17:17:05,795: -PUB [/camera/depth/image_rect_raw/compressed/parameter_updates] /camera_nodelet_manager http://pc:54408/
[rosmaster.master][INFO] 2012-12-15 17:17:05,796: -PUB [/camera/depth/image_rect_raw] /camera_nodelet_manager http://pc:54408/
[rosmaster.master][INFO] 2012-12-15 17:17:05,796: -PUB [/camera/depth/image_rect_raw/theora] /camera_nodelet_manager http://pc:54408/
[rosmaster.master][INFO] 2012-12-15 17:17:05,797: -PUB [/camera/depth/image_rect_raw/theora/parameter_descriptions] /camera_nodelet_manager http://pc:54408/
[rosmaster.master][INFO] 2012-12-15 17:17:05,798: -PUB [/camera/depth/image_rect_raw/theora/parameter_updates] /camera_nodelet_manager http://pc:54408/
[rosmaster.master][INFO] 2012-12-15 17:17:05,799: -SERVICE [/camera_nodelet_manager/get_loggers] /camera_nodelet_manager rosrpc://pc:57461
[rosmaster.master][INFO] 2012-12-15 17:17:05,800: -SERVICE [/camera_nodelet_manager/set_logger_level] /camera_nodelet_manager rosrpc://pc:57461
[rosmaster.master][INFO] 2012-12-15 17:17:05,801: -SERVICE [/camera_nodelet_manager/load_nodelet] /camera_nodelet_manager rosrpc://pc:57461
[rosmaster.master][INFO] 2012-12-15 17:17:05,802: -SERVICE [/camera_nodelet_manager/unload_nodelet] /camera_nodelet_manager rosrpc://pc:57461
[rosmaster.master][INFO] 2012-12-15 17:17:05,803: -SERVICE [/camera_nodelet_manager/list] /camera_nodelet_manager rosrpc://pc:57461
[rosmaster.master][INFO] 2012-12-15 17:17:05,803: -SERVICE [/camera/rgb/image_mono/compressed/set_parameters] /camera_nodelet_manager rosrpc://pc:57461
[rosmaster.master][INFO] 2012-12-15 17:17:05,804: -SERVICE [/camera/rgb/image_mono/theora/set_parameters] /camera_nodelet_manager rosrpc://pc:57461
[rosmaster.master][INFO] 2012-12-15 17:17:05,805: -SERVICE [/camera/rgb/image_color/compressed/set_parameters] /camera_nodelet_manager rosrpc://pc:57461
[rosmaster.master][INFO] 2012-12-15 17:17:05,806: -SERVICE [/camera/rgb/image_color/theora/set_parameters] /camera_nodelet_manager rosrpc://pc:57461
[rosmaster.master][INFO] 2012-12-15 17:17:05,807: -SERVICE [/camera/rgb/image_rect_color/compressed/set_parameters] /camera_nodelet_manager rosrpc://pc:57461
[rosmaster.master][INFO] 2012-12-15 17:17:05,808: -SERVICE [/camera/rgb/image_rect_color/theora/set_parameters] /camera_nodelet_manager rosrpc://pc:57461
[rosmaster.master][INFO] 2012-12-15 17:17:05,809: -SERVICE [/camera/ir/image_rect/compressed/set_parameters] /camera_nodelet_manager rosrpc://pc:57461
[rosmaster.master][INFO] 2012-12-15 17:17:05,810: -SERVICE [/camera/ir/image_rect/theora/set_parameters] /camera_nodelet_manager rosrpc://pc:57461
[rosmaster.master][INFO] 2012-12-15 17:17:05,811: -SERVICE [/camera/depth/image_rect/compressed/set_parameters] /camera_nodelet_manager rosrpc://pc:57461
[rosmaster.master][INFO] 2012-12-15 17:17:05,812: -SERVICE [/camera/depth/image_rect/theora/set_parameters] /camera_nodelet_manager rosrpc://pc:57461
[rosmaster.master][INFO] 2012-12-15 17:17:05,813: -SERVICE [/camera/rgb/image_rect/compressed/set_parameters] /camera_nodelet_manager rosrpc://pc:57461
[rosmaster.master][INFO] 2012-12-15 17:17:05,814: -SERVICE [/camera/rgb/image_rect/theora/set_parameters] /camera_nodelet_manager rosrpc://pc:57461
[rosmaster.master][INFO] 2012-12-15 17:17:05,815: -SERVICE [/camera/depth_registered/image_rect_raw/compressed/set_parameters] /camera_nodelet_manager rosrpc://pc:57461
[rosmaster.master][INFO] 2012-12-15 17:17:05,815: -SERVICE [/camera/depth_registered/image_rect_raw/theora/set_parameters] /camera_nodelet_manager rosrpc://pc:57461
[rosmaster.master][INFO] 2012-12-15 17:17:05,816: -SERVICE [/camera/rgb/image_raw/compressed/set_parameters] /camera_nodelet_manager rosrpc://pc:57461
[rosmaster.master][INFO] 2012-12-15 17:17:05,817: -SERVICE [/camera/rgb/image_raw/theora/set_parameters] /camera_nodelet_manager rosrpc://pc:57461
[rosmaster.master][INFO] 2012-12-15 17:17:05,818: -SERVICE [/camera/ir/image_raw/compressed/set_parameters] /camera_nodelet_manager rosrpc://pc:57461
[rosmaster.master][INFO] 2012-12-15 17:17:05,819: -SERVICE [/camera/ir/image_raw/theora/set_parameters] /camera_nodelet_manager rosrpc://pc:57461
[rosmaster.master][INFO] 2012-12-15 17:17:05,820: -SERVICE [/camera/depth/image_raw/compressed/set_parameters] /camera_nodelet_manager rosrpc://pc:57461
[rosmaster.master][INFO] 2012-12-15 17:17:05,821: -SERVICE [/camera/depth/image_raw/theora/set_parameters] /camera_nodelet_manager rosrpc://pc:57461
[rosmaster.master][INFO] 2012-12-15 17:17:05,821: -SERVICE [/camera/depth_registered/image_raw/compressed/set_parameters] /camera_nodelet_manager rosrpc://pc:57461
[rosmaster.master][INFO] 2012-12-15 17:17:05,822: -SERVICE [/camera/depth_registered/image_raw/theora/set_parameters] /camera_nodelet_manager rosrpc://pc:57461
[rosmaster.master][INFO] 2012-12-15 17:17:05,823: -SERVICE [/camera/depth_registered/image/compressed/set_parameters] /camera_nodelet_manager rosrpc://pc:57461
[rosmaster.master][INFO] 2012-12-15 17:17:05,824: -SERVICE [/camera/depth_registered/image/theora/set_parameters] /camera_nodelet_manager rosrpc://pc:57461
[rosmaster.master][INFO] 2012-12-15 17:17:05,825: -SERVICE [/camera/depth_registered/image_rect/compressed/set_parameters] /camera_nodelet_manager rosrpc://pc:57461
[rosmaster.master][INFO] 2012-12-15 17:17:05,826: -SERVICE [/camera/depth_registered/image_rect/theora/set_parameters] /camera_nodelet_manager rosrpc://pc:57461
[rosmaster.master][INFO] 2012-12-15 17:17:05,827: -SERVICE [/camera/depth/image/compressed/set_parameters] /camera_nodelet_manager rosrpc://pc:57461
[rosmaster.master][INFO] 2012-12-15 17:17:05,828: -SERVICE [/camera/depth/image/theora/set_parameters] /camera_nodelet_manager rosrpc://pc:57461
[rosmaster.master][INFO] 2012-12-15 17:17:05,829: -SERVICE [/camera/depth/image_rect_raw/compressed/set_parameters] /camera_nodelet_manager rosrpc://pc:57461
[rosmaster.master][INFO] 2012-12-15 17:17:05,829: -SERVICE [/camera/depth/image_rect_raw/theora/set_parameters] /camera_nodelet_manager rosrpc://pc:57461
[rosmaster.master][INFO] 2012-12-15 17:17:06,108: -PUB [/rosout_agg] /rosout http://pc:37561/
[rosmaster.master][INFO] 2012-12-15 17:17:06,109: -SUB [/rosout] /rosout http://pc:37561/
[rosmaster.master][INFO] 2012-12-15 17:17:06,110: -SERVICE [/rosout/get_loggers] /rosout rosrpc://pc:49474
[rosmaster.master][INFO] 2012-12-15 17:17:06,112: -SERVICE [/rosout/set_logger_level] /rosout rosrpc://pc:49474
[rosmaster.main][INFO] 2012-12-15 17:17:06,193: keyboard interrupt, will exit
[rosmaster.main][INFO] 2012-12-15 17:17:06,193: stopping master...
