[rosmaster.main][INFO] 2012-12-14 17:40:18,840: initialization complete, waiting for shutdown
[rosmaster.main][INFO] 2012-12-14 17:40:18,840: Starting ROS Master Node
[xmlrpc][INFO] 2012-12-14 17:40:18,842: XML-RPC server binding to 0.0.0.0
[xmlrpc][INFO] 2012-12-14 17:40:18,843: Started XML-RPC server [http://pc:11311/]
[rosmaster.master][INFO] 2012-12-14 17:40:18,843: Master initialized: port[11311], uri[http://pc:11311/]
[xmlrpc][INFO] 2012-12-14 17:40:18,843: xml rpc node: starting XML-RPC server
[rosmaster.master][INFO] 2012-12-14 17:40:18,862: +PARAM [/run_id] by /roslaunch
[rosmaster.master][INFO] 2012-12-14 17:40:18,866: +PARAM [/roslaunch/uris/host_pc__47135] by /roslaunch
[rosmaster.master][INFO] 2012-12-14 17:40:18,899: +PARAM [/rosdistro] by /roslaunch
[rosmaster.master][INFO] 2012-12-14 17:40:18,900: +PARAM [/camera/driver/rgb_frame_id] by /roslaunch
[rosmaster.master][INFO] 2012-12-14 17:40:18,900: +PARAM [/camera/disparity_depth_registered/min_range] by /roslaunch
[rosmaster.master][INFO] 2012-12-14 17:40:18,900: +PARAM [/camera/driver/rgb_camera_info_url] by /roslaunch
[rosmaster.master][INFO] 2012-12-14 17:40:18,900: +PARAM [/camera/depth_registered/rectify_depth/interpolation] by /roslaunch
[rosmaster.master][INFO] 2012-12-14 17:40:18,900: +PARAM [/camera/driver/depth_frame_id] by /roslaunch
[rosmaster.master][INFO] 2012-12-14 17:40:18,900: +PARAM [/camera/depth/rectify_depth/interpolation] by /roslaunch
[rosmaster.master][INFO] 2012-12-14 17:40:18,900: +PARAM [/camera/disparity_depth/max_range] by /roslaunch
[rosmaster.master][INFO] 2012-12-14 17:40:18,900: +PARAM [/rosversion] by /roslaunch
[rosmaster.master][INFO] 2012-12-14 17:40:18,900: +PARAM [/camera/driver/device_id] by /roslaunch
[rosmaster.master][INFO] 2012-12-14 17:40:18,901: +PARAM [/camera/driver/depth_camera_info_url] by /roslaunch
[rosmaster.master][INFO] 2012-12-14 17:40:18,901: +PARAM [/camera/disparity_depth/min_range] by /roslaunch
[rosmaster.master][INFO] 2012-12-14 17:40:18,901: +PARAM [/camera/disparity_depth_registered/max_range] by /roslaunch
[rosmaster.master][INFO] 2012-12-14 17:40:18,913: +SERVICE [/rosout/get_loggers] /rosout http://pc:59763/
[rosmaster.master][INFO] 2012-12-14 17:40:18,915: +SERVICE [/rosout/set_logger_level] /rosout http://pc:59763/
[rosmaster.master][INFO] 2012-12-14 17:40:18,923: +PUB [/rosout_agg] /rosout http://pc:59763/
[rosmaster.master][INFO] 2012-12-14 17:40:18,925: +SUB [/rosout] /rosout http://pc:59763/
[rosmaster.master][INFO] 2012-12-14 17:40:18,937: +PUB [/rosout] /camera/driver http://pc:32945/
[rosmaster.master][INFO] 2012-12-14 17:40:18,939: +SERVICE [/camera/driver/get_loggers] /camera/driver http://pc:32945/
[rosmaster.master][INFO] 2012-12-14 17:40:18,940: +SERVICE [/camera/driver/set_logger_level] /camera/driver http://pc:32945/
[rosmaster.master][INFO] 2012-12-14 17:40:18,941: publisherUpdate[/rosout] -> http://pc:59763/
[rosmaster.master][INFO] 2012-12-14 17:40:18,948: +PARAM [/camera/driver] by /camera/driver
[rosmaster.master][INFO] 2012-12-14 17:40:18,956: +PUB [/rosout] /camera/rgb/debayer http://pc:35868/
[rosmaster.master][INFO] 2012-12-14 17:40:18,964: +SERVICE [/camera/rgb/debayer/get_loggers] /camera/rgb/debayer http://pc:35868/
[rosmaster.master][INFO] 2012-12-14 17:40:18,968: +SERVICE [/camera/rgb/debayer/set_logger_level] /camera/rgb/debayer http://pc:35868/
[rosmaster.master][INFO] 2012-12-14 17:40:18,971: +PUB [/rosout] /camera/rgb/rectify_mono http://pc:33521/
[rosmaster.master][INFO] 2012-12-14 17:40:18,975: +SERVICE [/camera/rgb/rectify_mono/get_loggers] /camera/rgb/rectify_mono http://pc:33521/
[rosmaster.master][INFO] 2012-12-14 17:40:18,982: +PUB [/rosout] /camera/rgb/rectify_color http://pc:58840/
[rosmaster.master][INFO] 2012-12-14 17:40:18,985: +SERVICE [/camera/rgb/rectify_color/get_loggers] /camera/rgb/rectify_color http://pc:58840/
[rosmaster.master][INFO] 2012-12-14 17:40:18,986: +SERVICE [/camera/rgb/rectify_mono/set_logger_level] /camera/rgb/rectify_mono http://pc:33521/
[rosmaster.master][INFO] 2012-12-14 17:40:18,994: +SERVICE [/camera/rgb/rectify_color/set_logger_level] /camera/rgb/rectify_color http://pc:58840/
[rosmaster.master][INFO] 2012-12-14 17:40:19,010: +PUB [/rosout] /camera/ir/rectify_ir http://pc:49959/
[rosmaster.master][INFO] 2012-12-14 17:40:19,016: +SERVICE [/camera/ir/rectify_ir/get_loggers] /camera/ir/rectify_ir http://pc:49959/
[rosmaster.master][INFO] 2012-12-14 17:40:19,027: +SERVICE [/camera/ir/rectify_ir/set_logger_level] /camera/ir/rectify_ir http://pc:49959/
[rosmaster.master][INFO] 2012-12-14 17:40:19,033: +PUB [/rosout] /camera/depth/metric_rect http://pc:47798/
[rosmaster.master][INFO] 2012-12-14 17:40:19,050: publisherUpdate[/rosout] -> http://pc:59763/
[rosmaster.master][INFO] 2012-12-14 17:40:19,052: publisherUpdate[/rosout] -> http://pc:59763/
[rosmaster.master][INFO] 2012-12-14 17:40:19,055: publisherUpdate[/rosout] -> http://pc:59763/
[rosmaster.master][INFO] 2012-12-14 17:40:19,057: publisherUpdate[/rosout] -> http://pc:59763/
[rosmaster.master][INFO] 2012-12-14 17:40:19,061: publisherUpdate[/rosout] -> http://pc:59763/
[rosmaster.master][INFO] 2012-12-14 17:40:19,068: +PUB [/rosout] /camera/depth/rectify_depth http://pc:49682/
[rosmaster.master][INFO] 2012-12-14 17:40:19,070: publisherUpdate[/rosout] -> http://pc:59763/
[rosmaster.master][INFO] 2012-12-14 17:40:19,071: +SERVICE [/camera/depth/metric_rect/get_loggers] /camera/depth/metric_rect http://pc:47798/
[rosmaster.master][INFO] 2012-12-14 17:40:19,073: +PUB [/rosout] /camera/depth/metric http://pc:41748/
[rosmaster.master][INFO] 2012-12-14 17:40:19,076: +SERVICE [/camera/depth/rectify_depth/get_loggers] /camera/depth/rectify_depth http://pc:49682/
[rosmaster.master][INFO] 2012-12-14 17:40:19,077: +PUB [/rosout] /camera/depth/points http://pc:34447/
[rosmaster.master][INFO] 2012-12-14 17:40:19,078: +SERVICE [/camera/depth/metric_rect/set_logger_level] /camera/depth/metric_rect http://pc:47798/
[rosmaster.master][INFO] 2012-12-14 17:40:19,079: +SERVICE [/camera/depth/metric/get_loggers] /camera/depth/metric http://pc:41748/
[rosmaster.master][INFO] 2012-12-14 17:40:19,081: +SERVICE [/camera/depth/rectify_depth/set_logger_level] /camera/depth/rectify_depth http://pc:49682/
[rosmaster.master][INFO] 2012-12-14 17:40:19,083: +SERVICE [/camera/depth/points/get_loggers] /camera/depth/points http://pc:34447/
[rosmaster.master][INFO] 2012-12-14 17:40:19,087: +SERVICE [/camera/depth/metric/set_logger_level] /camera/depth/metric http://pc:41748/
[rosmaster.master][INFO] 2012-12-14 17:40:19,095: +SERVICE [/camera/depth/points/set_logger_level] /camera/depth/points http://pc:34447/
[rosmaster.master][INFO] 2012-12-14 17:40:19,099: +PUB [/rosout] /camera/depth_registered/metric http://pc:34436/
[rosmaster.master][INFO] 2012-12-14 17:40:19,108: +SERVICE [/camera/depth_registered/metric/get_loggers] /camera/depth_registered/metric http://pc:34436/
[rosmaster.master][INFO] 2012-12-14 17:40:19,109: +PUB [/rosout] /camera/points_xyzrgb_depth_rgb http://pc:33924/
[rosmaster.master][INFO] 2012-12-14 17:40:19,115: +PARAM [/camera/depth/rectify_depth] by /camera/depth/rectify_depth
[rosmaster.master][INFO] 2012-12-14 17:40:19,118: +SERVICE [/camera/depth_registered/metric/set_logger_level] /camera/depth_registered/metric http://pc:34436/
[rosmaster.master][INFO] 2012-12-14 17:40:19,120: +SERVICE [/camera/points_xyzrgb_depth_rgb/get_loggers] /camera/points_xyzrgb_depth_rgb http://pc:33924/
[rosmaster.master][INFO] 2012-12-14 17:40:19,132: +SERVICE [/camera/points_xyzrgb_depth_rgb/set_logger_level] /camera/points_xyzrgb_depth_rgb http://pc:33924/
[rosmaster.master][INFO] 2012-12-14 17:40:19,138: +PUB [/rosout] /camera/disparity_depth_registered http://pc:51027/
[rosmaster.master][INFO] 2012-12-14 17:40:19,145: +SERVICE [/camera/disparity_depth_registered/get_loggers] /camera/disparity_depth_registered http://pc:51027/
[rosmaster.master][INFO] 2012-12-14 17:40:19,149: +SERVICE [/camera/disparity_depth_registered/set_logger_level] /camera/disparity_depth_registered http://pc:51027/
[rosmaster.master][INFO] 2012-12-14 17:40:19,150: publisherUpdate[/rosout] -> http://pc:59763/
[rosmaster.master][INFO] 2012-12-14 17:40:19,152: +PUB [/rosout] /camera_base_link1 http://pc:35604/
[rosmaster.master][INFO] 2012-12-14 17:40:19,152: publisherUpdate[/rosout] -> http://pc:59763/
[rosmaster.master][INFO] 2012-12-14 17:40:19,154: publisherUpdate[/rosout] -> http://pc:59763/
[rosmaster.master][INFO] 2012-12-14 17:40:19,156: publisherUpdate[/rosout] -> http://pc:59763/
[rosmaster.master][INFO] 2012-12-14 17:40:19,157: publisherUpdate[/rosout] -> http://pc:59763/
[rosmaster.master][INFO] 2012-12-14 17:40:19,160: publisherUpdate[/rosout] -> http://pc:59763/
[rosmaster.master][INFO] 2012-12-14 17:40:19,163: +SERVICE [/camera_base_link1/get_loggers] /camera_base_link1 http://pc:35604/
[rosmaster.master][INFO] 2012-12-14 17:40:19,180: +PARAM [/camera/disparity_depth_registered] by /camera/disparity_depth_registered
[rosmaster.master][INFO] 2012-12-14 17:40:19,182: +PUB [/rosout] /camera_base_link3 http://pc:38707/
[rosmaster.master][INFO] 2012-12-14 17:40:19,192: +SERVICE [/camera_base_link3/get_loggers] /camera_base_link3 http://pc:38707/
[rosmaster.master][INFO] 2012-12-14 17:40:19,199: +SERVICE [/camera_base_link3/set_logger_level] /camera_base_link3 http://pc:38707/
[rosmaster.master][INFO] 2012-12-14 17:40:19,204: +PUB [/tf] /camera_base_link3 http://pc:38707/
[rosmaster.master][INFO] 2012-12-14 17:40:19,251: publisherUpdate[/rosout] -> http://pc:59763/
[rosmaster.master][INFO] 2012-12-14 17:40:19,261: +PUB [/rosout] /camera_nodelet_manager http://pc:57994/
[rosmaster.master][INFO] 2012-12-14 17:40:19,262: publisherUpdate[/rosout] -> http://pc:59763/
[rosmaster.master][INFO] 2012-12-14 17:40:19,265: +SERVICE [/camera_nodelet_manager/get_loggers] /camera_nodelet_manager http://pc:57994/
[rosmaster.master][INFO] 2012-12-14 17:40:19,269: +PUB [/rosout] /camera/register_depth_rgb http://pc:41807/
[rosmaster.master][INFO] 2012-12-14 17:40:19,270: +SERVICE [/camera_nodelet_manager/set_logger_level] /camera_nodelet_manager http://pc:57994/
[rosmaster.master][INFO] 2012-12-14 17:40:19,273: +SERVICE [/camera/register_depth_rgb/get_loggers] /camera/register_depth_rgb http://pc:41807/
[rosmaster.master][INFO] 2012-12-14 17:40:19,274: publisherUpdate[/rosout] -> http://pc:59763/
[rosmaster.master][INFO] 2012-12-14 17:40:19,278: +SERVICE [/camera/register_depth_rgb/set_logger_level] /camera/register_depth_rgb http://pc:41807/
[rosmaster.master][INFO] 2012-12-14 17:40:19,279: +SERVICE [/camera_nodelet_manager/load_nodelet] /camera_nodelet_manager http://pc:57994/
[rosmaster.master][INFO] 2012-12-14 17:40:19,283: +SERVICE [/camera_nodelet_manager/unload_nodelet] /camera_nodelet_manager http://pc:57994/
[rosmaster.master][INFO] 2012-12-14 17:40:19,287: +SERVICE [/camera_nodelet_manager/list] /camera_nodelet_manager http://pc:57994/
[rosmaster.master][INFO] 2012-12-14 17:40:19,543: +PUB [/rosout] /set_dr http://pc:39106/
[rosmaster.master][INFO] 2012-12-14 17:40:19,560: publisherUpdate[/rosout] -> http://pc:59763/
[rosmaster.master][INFO] 2012-12-14 17:40:19,602: +SERVICE [/camera/rgb/rectify_mono/set_parameters] /camera_nodelet_manager http://pc:57994/
[rosmaster.master][INFO] 2012-12-14 17:40:19,604: +PUB [/camera/rgb/rectify_mono/parameter_descriptions] /camera_nodelet_manager http://pc:57994/
[rosmaster.master][INFO] 2012-12-14 17:40:19,605: +PUB [/camera/rgb/rectify_mono/parameter_updates] /camera_nodelet_manager http://pc:57994/
[rosmaster.master][INFO] 2012-12-14 17:40:19,606: +PARAM [/camera/rgb/rectify_mono/interpolation] by /camera_nodelet_manager
[rosmaster.master][INFO] 2012-12-14 17:40:19,609: +PUB [/camera/rgb/image_rect/compressed] /camera_nodelet_manager http://pc:57994/
[rosmaster.master][INFO] 2012-12-14 17:40:19,610: +SERVICE [/camera/rgb/image_rect/compressed/set_parameters] /camera_nodelet_manager http://pc:57994/
[rosmaster.master][INFO] 2012-12-14 17:40:19,611: +PUB [/camera/rgb/image_rect/compressed/parameter_descriptions] /camera_nodelet_manager http://pc:57994/
[rosmaster.master][INFO] 2012-12-14 17:40:19,613: +PUB [/camera/rgb/image_rect/compressed/parameter_updates] /camera_nodelet_manager http://pc:57994/
[rosmaster.master][INFO] 2012-12-14 17:40:19,616: +PARAM [/camera/rgb/image_rect/compressed/format] by /camera_nodelet_manager
[rosmaster.master][INFO] 2012-12-14 17:40:19,617: +PARAM [/camera/rgb/image_rect/compressed/jpeg_quality] by /camera_nodelet_manager
[rosmaster.master][INFO] 2012-12-14 17:40:19,618: +PARAM [/camera/rgb/image_rect/compressed/png_level] by /camera_nodelet_manager
[rosmaster.master][INFO] 2012-12-14 17:40:19,619: +PUB [/camera/rgb/image_rect] /camera_nodelet_manager http://pc:57994/
[rosmaster.master][INFO] 2012-12-14 17:40:19,622: +PUB [/camera/rgb/image_rect/theora] /camera_nodelet_manager http://pc:57994/
[rosmaster.master][INFO] 2012-12-14 17:40:19,623: +SERVICE [/camera/rgb/image_rect/theora/set_parameters] /camera_nodelet_manager http://pc:57994/
[rosmaster.master][INFO] 2012-12-14 17:40:19,624: +PUB [/camera/rgb/image_rect/theora/parameter_descriptions] /camera_nodelet_manager http://pc:57994/
[rosmaster.master][INFO] 2012-12-14 17:40:19,625: +PUB [/camera/rgb/image_rect/theora/parameter_updates] /camera_nodelet_manager http://pc:57994/
[rosmaster.master][INFO] 2012-12-14 17:40:19,628: +PARAM [/camera/rgb/image_rect/theora/optimize_for] by /camera_nodelet_manager
[rosmaster.master][INFO] 2012-12-14 17:40:19,629: +PARAM [/camera/rgb/image_rect/theora/target_bitrate] by /camera_nodelet_manager
[rosmaster.master][INFO] 2012-12-14 17:40:19,630: +PARAM [/camera/rgb/image_rect/theora/quality] by /camera_nodelet_manager
[rosmaster.master][INFO] 2012-12-14 17:40:19,631: +PARAM [/camera/rgb/image_rect/theora/keyframe_frequency] by /camera_nodelet_manager
[rosmaster.master][INFO] 2012-12-14 17:40:19,877: +PUB [/camera/depth_registered/disparity] /camera_nodelet_manager http://pc:57994/
[rosmaster.master][INFO] 2012-12-14 17:40:19,982: +PUB [/rosout] /depth_detection http://pc:44920/
[rosmaster.master][INFO] 2012-12-14 17:40:20,044: +SUB [/camera/depth_registered/image_rect] /depth_detection http://pc:44920/
[rosmaster.master][INFO] 2012-12-14 17:40:20,048: +SUB [/camera/rgb/image_rect_color] /depth_detection http://pc:44920/
[rosmaster.master][INFO] 2012-12-14 17:40:20,063: publisherUpdate[/rosout] -> http://pc:59763/
[rosmaster.master][INFO] 2012-12-14 17:40:20,161: +PUB [/camera/depth/image/compressed] /camera_nodelet_manager http://pc:57994/
[rosmaster.master][INFO] 2012-12-14 17:40:20,163: +SERVICE [/camera/depth/image/compressed/set_parameters] /camera_nodelet_manager http://pc:57994/
[rosmaster.master][INFO] 2012-12-14 17:40:20,164: +PUB [/camera/depth/image/compressed/parameter_descriptions] /camera_nodelet_manager http://pc:57994/
[rosmaster.master][INFO] 2012-12-14 17:40:20,165: +PUB [/camera/depth/image/compressed/parameter_updates] /camera_nodelet_manager http://pc:57994/
[rosmaster.master][INFO] 2012-12-14 17:40:20,169: +PARAM [/camera/depth/image/compressed/format] by /camera_nodelet_manager
[rosmaster.master][INFO] 2012-12-14 17:40:20,170: +PARAM [/camera/depth/image/compressed/jpeg_quality] by /camera_nodelet_manager
[rosmaster.master][INFO] 2012-12-14 17:40:20,171: +PARAM [/camera/depth/image/compressed/png_level] by /camera_nodelet_manager
[rosmaster.master][INFO] 2012-12-14 17:40:20,172: +PUB [/camera/depth/image] /camera_nodelet_manager http://pc:57994/
[rosmaster.master][INFO] 2012-12-14 17:40:20,173: +PUB [/camera/depth/image/theora] /camera_nodelet_manager http://pc:57994/
[rosmaster.master][INFO] 2012-12-14 17:40:20,174: +SERVICE [/camera/depth/image/theora/set_parameters] /camera_nodelet_manager http://pc:57994/
[rosmaster.master][INFO] 2012-12-14 17:40:20,175: +PUB [/camera/depth/image/theora/parameter_descriptions] /camera_nodelet_manager http://pc:57994/
[rosmaster.master][INFO] 2012-12-14 17:40:20,176: +PUB [/camera/depth/image/theora/parameter_updates] /camera_nodelet_manager http://pc:57994/
[rosmaster.master][INFO] 2012-12-14 17:40:20,180: +PARAM [/camera/depth/image/theora/optimize_for] by /camera_nodelet_manager
[rosmaster.master][INFO] 2012-12-14 17:40:20,181: +PARAM [/camera/depth/image/theora/target_bitrate] by /camera_nodelet_manager
[rosmaster.master][INFO] 2012-12-14 17:40:20,182: +PARAM [/camera/depth/image/theora/quality] by /camera_nodelet_manager
[rosmaster.master][INFO] 2012-12-14 17:40:20,183: +PARAM [/camera/depth/image/theora/keyframe_frequency] by /camera_nodelet_manager
[rosmaster.master][INFO] 2012-12-14 17:40:20,425: +SERVICE [/camera/depth/rectify_depth/set_parameters] /camera_nodelet_manager http://pc:57994/
[rosmaster.master][INFO] 2012-12-14 17:40:20,427: +PUB [/camera/depth/rectify_depth/parameter_descriptions] /camera_nodelet_manager http://pc:57994/
[rosmaster.master][INFO] 2012-12-14 17:40:20,429: +PUB [/camera/depth/rectify_depth/parameter_updates] /camera_nodelet_manager http://pc:57994/
[rosmaster.master][INFO] 2012-12-14 17:40:20,433: +PARAM [/camera/depth/rectify_depth/interpolation] by /camera_nodelet_manager
[rosmaster.master][INFO] 2012-12-14 17:40:20,435: +PUB [/camera/depth/image_rect_raw/compressed] /camera_nodelet_manager http://pc:57994/
[rosmaster.master][INFO] 2012-12-14 17:40:20,437: +SERVICE [/camera/depth/image_rect_raw/compressed/set_parameters] /camera_nodelet_manager http://pc:57994/
[rosmaster.master][INFO] 2012-12-14 17:40:20,440: +PUB [/camera/depth/image_rect_raw/compressed/parameter_descriptions] /camera_nodelet_manager http://pc:57994/
[rosmaster.master][INFO] 2012-12-14 17:40:20,442: +PUB [/camera/depth/image_rect_raw/compressed/parameter_updates] /camera_nodelet_manager http://pc:57994/
[rosmaster.master][INFO] 2012-12-14 17:40:20,451: +PARAM [/camera/depth/image_rect_raw/compressed/format] by /camera_nodelet_manager
[rosmaster.master][INFO] 2012-12-14 17:40:20,453: +PARAM [/camera/depth/image_rect_raw/compressed/jpeg_quality] by /camera_nodelet_manager
[rosmaster.master][INFO] 2012-12-14 17:40:20,457: +PARAM [/camera/depth/image_rect_raw/compressed/png_level] by /camera_nodelet_manager
[rosmaster.master][INFO] 2012-12-14 17:40:20,461: +PUB [/camera/depth/image_rect_raw] /camera_nodelet_manager http://pc:57994/
[rosmaster.master][INFO] 2012-12-14 17:40:20,464: +PUB [/camera/depth/image_rect_raw/theora] /camera_nodelet_manager http://pc:57994/
[rosmaster.master][INFO] 2012-12-14 17:40:20,466: +SERVICE [/camera/depth/image_rect_raw/theora/set_parameters] /camera_nodelet_manager http://pc:57994/
[rosmaster.master][INFO] 2012-12-14 17:40:20,469: +PUB [/camera/depth/image_rect_raw/theora/parameter_descriptions] /camera_nodelet_manager http://pc:57994/
[rosmaster.master][INFO] 2012-12-14 17:40:20,472: +PUB [/camera/depth/image_rect_raw/theora/parameter_updates] /camera_nodelet_manager http://pc:57994/
[rosmaster.master][INFO] 2012-12-14 17:40:20,481: +PARAM [/camera/depth/image_rect_raw/theora/optimize_for] by /camera_nodelet_manager
[rosmaster.master][INFO] 2012-12-14 17:40:20,484: +PARAM [/camera/depth/image_rect_raw/theora/target_bitrate] by /camera_nodelet_manager
[rosmaster.master][INFO] 2012-12-14 17:40:20,486: +PARAM [/camera/depth/image_rect_raw/theora/quality] by /camera_nodelet_manager
[rosmaster.master][INFO] 2012-12-14 17:40:20,488: +PARAM [/camera/depth/image_rect_raw/theora/keyframe_frequency] by /camera_nodelet_manager
[rosmaster.master][INFO] 2012-12-14 17:40:20,765: +PUB [/camera/depth/points] /camera_nodelet_manager http://pc:57994/
[rosmaster.master][INFO] 2012-12-14 17:40:21,420: +SUB [/tf] /camera_nodelet_manager http://pc:57994/
[rosmaster.master][INFO] 2012-12-14 17:40:21,424: +SERVICE [/camera_nodelet_manager/tf_frames] /camera_nodelet_manager http://pc:57994/
[rosmaster.master][INFO] 2012-12-14 17:40:22,045: +PUB [/camera/depth_registered/image_rect_raw/compressed] /camera_nodelet_manager http://pc:57994/
[rosmaster.master][INFO] 2012-12-14 17:40:22,047: +SERVICE [/camera/depth_registered/image_rect_raw/compressed/set_parameters] /camera_nodelet_manager http://pc:57994/
[rosmaster.master][INFO] 2012-12-14 17:40:22,049: +PUB [/camera/depth_registered/image_rect_raw/compressed/parameter_descriptions] /camera_nodelet_manager http://pc:57994/
[rosmaster.master][INFO] 2012-12-14 17:40:22,051: +PUB [/camera/depth_registered/image_rect_raw/compressed/parameter_updates] /camera_nodelet_manager http://pc:57994/
[rosmaster.master][INFO] 2012-12-14 17:40:22,056: +PARAM [/camera/depth_registered/image_rect_raw/compressed/format] by /camera_nodelet_manager
[rosmaster.master][INFO] 2012-12-14 17:40:22,056: +PARAM [/camera/depth_registered/image_rect_raw/compressed/jpeg_quality] by /camera_nodelet_manager
[rosmaster.master][INFO] 2012-12-14 17:40:22,057: +PARAM [/camera/depth_registered/image_rect_raw/compressed/png_level] by /camera_nodelet_manager
[rosmaster.master][INFO] 2012-12-14 17:40:22,058: +PUB [/camera/depth_registered/image_rect_raw] /camera_nodelet_manager http://pc:57994/
[rosmaster.master][INFO] 2012-12-14 17:40:22,060: +PUB [/camera/depth_registered/image_rect_raw/theora] /camera_nodelet_manager http://pc:57994/
[rosmaster.master][INFO] 2012-12-14 17:40:22,060: +SERVICE [/camera/depth_registered/image_rect_raw/theora/set_parameters] /camera_nodelet_manager http://pc:57994/
[rosmaster.master][INFO] 2012-12-14 17:40:22,061: +PUB [/camera/depth_registered/image_rect_raw/theora/parameter_descriptions] /camera_nodelet_manager http://pc:57994/
[rosmaster.master][INFO] 2012-12-14 17:40:22,064: +PUB [/camera/depth_registered/image_rect_raw/theora/parameter_updates] /camera_nodelet_manager http://pc:57994/
[rosmaster.master][INFO] 2012-12-14 17:40:22,064: +PUB [/rosout] /camera/depth_registered/rectify_depth http://pc:33710/
[rosmaster.master][INFO] 2012-12-14 17:40:22,067: +SERVICE [/camera/depth_registered/rectify_depth/get_loggers] /camera/depth_registered/rectify_depth http://pc:33710/
[rosmaster.master][INFO] 2012-12-14 17:40:22,069: +SERVICE [/camera/depth_registered/rectify_depth/set_logger_level] /camera/depth_registered/rectify_depth http://pc:33710/
[rosmaster.master][INFO] 2012-12-14 17:40:22,069: publisherUpdate[/rosout] -> http://pc:59763/
[rosmaster.master][INFO] 2012-12-14 17:40:22,074: +PARAM [/camera/depth_registered/image_rect_raw/theora/optimize_for] by /camera_nodelet_manager
[rosmaster.master][INFO] 2012-12-14 17:40:22,075: +PUB [/rosout] /camera/depth_registered/metric_rect http://pc:45860/
[rosmaster.master][INFO] 2012-12-14 17:40:22,076: +PARAM [/camera/depth_registered/image_rect_raw/theora/target_bitrate] by /camera_nodelet_manager
[rosmaster.master][INFO] 2012-12-14 17:40:22,077: +SERVICE [/camera/depth_registered/metric_rect/get_loggers] /camera/depth_registered/metric_rect http://pc:45860/
[rosmaster.master][INFO] 2012-12-14 17:40:22,079: +PARAM [/camera/depth_registered/rectify_depth] by /camera/depth_registered/rectify_depth
[rosmaster.master][INFO] 2012-12-14 17:40:22,079: +PARAM [/camera/depth_registered/image_rect_raw/theora/quality] by /camera_nodelet_manager
[rosmaster.master][INFO] 2012-12-14 17:40:22,080: +SERVICE [/camera/depth_registered/metric_rect/set_logger_level] /camera/depth_registered/metric_rect http://pc:45860/
[rosmaster.master][INFO] 2012-12-14 17:40:22,082: +PARAM [/camera/depth_registered/image_rect_raw/theora/keyframe_frequency] by /camera_nodelet_manager
[rosmaster.master][INFO] 2012-12-14 17:40:22,082: publisherUpdate[/rosout] -> http://pc:59763/
[rosmaster.master][INFO] 2012-12-14 17:40:22,085: +PUB [/camera/depth_registered/camera_info] /camera_nodelet_manager http://pc:57994/
[rosmaster.master][INFO] 2012-12-14 17:40:22,119: +PUB [/rosout] /camera/disparity_depth http://pc:33106/
[rosmaster.master][INFO] 2012-12-14 17:40:22,120: +SERVICE [/camera/disparity_depth/get_loggers] /camera/disparity_depth http://pc:33106/
[rosmaster.master][INFO] 2012-12-14 17:40:22,121: +SERVICE [/camera/disparity_depth/set_logger_level] /camera/disparity_depth http://pc:33106/
[rosmaster.master][INFO] 2012-12-14 17:40:22,124: +PARAM [/camera/disparity_depth] by /camera/disparity_depth
[rosmaster.master][INFO] 2012-12-14 17:40:22,128: +PUB [/rosout] /camera_base_link http://pc:32792/
[rosmaster.master][INFO] 2012-12-14 17:40:22,129: +SERVICE [/camera_base_link/get_loggers] /camera_base_link http://pc:32792/
[rosmaster.master][INFO] 2012-12-14 17:40:22,130: +SERVICE [/camera_base_link/set_logger_level] /camera_base_link http://pc:32792/
[rosmaster.master][INFO] 2012-12-14 17:40:22,132: +PUB [/tf] /camera_base_link http://pc:32792/
[rosmaster.master][INFO] 2012-12-14 17:40:22,168: +PUB [/rosout] /camera_base_link2 http://pc:53231/
[rosmaster.master][INFO] 2012-12-14 17:40:22,170: publisherUpdate[/rosout] -> http://pc:59763/
[rosmaster.master][INFO] 2012-12-14 17:40:22,171: +SERVICE [/camera_base_link1/set_logger_level] /camera_base_link1 http://pc:35604/
[rosmaster.master][INFO] 2012-12-14 17:40:22,173: publisherUpdate[/tf] -> http://pc:57994/
[rosmaster.master][INFO] 2012-12-14 17:40:22,175: publisherUpdate[/rosout] -> http://pc:59763/
[rosmaster.master][INFO] 2012-12-14 17:40:22,178: publisherUpdate[/rosout] -> http://pc:59763/
[rosmaster.master][INFO] 2012-12-14 17:40:22,179: +SERVICE [/camera_base_link2/get_loggers] /camera_base_link2 http://pc:53231/
[rosmaster.master][INFO] 2012-12-14 17:40:22,182: +PUB [/tf] /camera_base_link1 http://pc:35604/
[rosmaster.master][INFO] 2012-12-14 17:40:22,183: +SERVICE [/camera_base_link2/set_logger_level] /camera_base_link2 http://pc:53231/
[rosmaster.master][INFO] 2012-12-14 17:40:22,185: publisherUpdate[/tf] -> http://pc:57994/
[rosmaster.master][INFO] 2012-12-14 17:40:22,186: +PUB [/tf] /camera_base_link2 http://pc:53231/
[rosmaster.master][INFO] 2012-12-14 17:40:22,190: publisherUpdate[/tf] -> http://pc:57994/
[rosmaster.master][INFO] 2012-12-14 17:40:23,346: +PUB [/camera/depth_registered/points] /camera_nodelet_manager http://pc:57994/
[rosmaster.master][INFO] 2012-12-14 17:40:23,991: +SERVICE [/camera/rgb/rectify_color/set_parameters] /camera_nodelet_manager http://pc:57994/
[rosmaster.master][INFO] 2012-12-14 17:40:23,992: +PUB [/camera/rgb/rectify_color/parameter_descriptions] /camera_nodelet_manager http://pc:57994/
[rosmaster.master][INFO] 2012-12-14 17:40:23,993: +PUB [/camera/rgb/rectify_color/parameter_updates] /camera_nodelet_manager http://pc:57994/
[rosmaster.master][INFO] 2012-12-14 17:40:23,995: +PARAM [/camera/rgb/rectify_color/interpolation] by /camera_nodelet_manager
[rosmaster.master][INFO] 2012-12-14 17:40:23,996: +PUB [/camera/rgb/image_rect_color/compressed] /camera_nodelet_manager http://pc:57994/
[rosmaster.master][INFO] 2012-12-14 17:40:23,997: +SERVICE [/camera/rgb/image_rect_color/compressed/set_parameters] /camera_nodelet_manager http://pc:57994/
[rosmaster.master][INFO] 2012-12-14 17:40:23,998: +PUB [/camera/rgb/image_rect_color/compressed/parameter_descriptions] /camera_nodelet_manager http://pc:57994/
[rosmaster.master][INFO] 2012-12-14 17:40:23,999: +PUB [/camera/rgb/image_rect_color/compressed/parameter_updates] /camera_nodelet_manager http://pc:57994/
[rosmaster.master][INFO] 2012-12-14 17:40:24,003: +PARAM [/camera/rgb/image_rect_color/compressed/format] by /camera_nodelet_manager
[rosmaster.master][INFO] 2012-12-14 17:40:24,004: +PARAM [/camera/rgb/image_rect_color/compressed/jpeg_quality] by /camera_nodelet_manager
[rosmaster.master][INFO] 2012-12-14 17:40:24,005: +PARAM [/camera/rgb/image_rect_color/compressed/png_level] by /camera_nodelet_manager
[rosmaster.master][INFO] 2012-12-14 17:40:24,006: +PUB [/camera/rgb/image_rect_color] /camera_nodelet_manager http://pc:57994/
[rosmaster.master][INFO] 2012-12-14 17:40:24,007: +PUB [/camera/rgb/image_rect_color/theora] /camera_nodelet_manager http://pc:57994/
[rosmaster.master][INFO] 2012-12-14 17:40:24,008: +SERVICE [/camera/rgb/image_rect_color/theora/set_parameters] /camera_nodelet_manager http://pc:57994/
[rosmaster.master][INFO] 2012-12-14 17:40:24,009: +PUB [/camera/rgb/image_rect_color/theora/parameter_descriptions] /camera_nodelet_manager http://pc:57994/
[rosmaster.master][INFO] 2012-12-14 17:40:24,010: +PUB [/camera/rgb/image_rect_color/theora/parameter_updates] /camera_nodelet_manager http://pc:57994/
[rosmaster.master][INFO] 2012-12-14 17:40:24,014: +PARAM [/camera/rgb/image_rect_color/theora/optimize_for] by /camera_nodelet_manager
[rosmaster.master][INFO] 2012-12-14 17:40:24,015: +PARAM [/camera/rgb/image_rect_color/theora/target_bitrate] by /camera_nodelet_manager
[rosmaster.master][INFO] 2012-12-14 17:40:24,017: +PARAM [/camera/rgb/image_rect_color/theora/quality] by /camera_nodelet_manager
[rosmaster.master][INFO] 2012-12-14 17:40:24,018: +PARAM [/camera/rgb/image_rect_color/theora/keyframe_frequency] by /camera_nodelet_manager
[rosmaster.master][INFO] 2012-12-14 17:40:24,079: publisherUpdate[/camera/rgb/image_rect_color] -> http://pc:44920/
[rosmaster.master][INFO] 2012-12-14 17:40:24,100: +SUB [/camera/rgb/image_color] /camera_nodelet_manager http://pc:57994/
[rosmaster.master][INFO] 2012-12-14 17:40:24,101: +SUB [/camera/rgb/camera_info] /camera_nodelet_manager http://pc:57994/
[rosmaster.master][INFO] 2012-12-14 17:40:24,291: +SERVICE [/camera/ir/rectify_ir/set_parameters] /camera_nodelet_manager http://pc:57994/
[rosmaster.master][INFO] 2012-12-14 17:40:24,293: +PUB [/camera/ir/rectify_ir/parameter_descriptions] /camera_nodelet_manager http://pc:57994/
[rosmaster.master][INFO] 2012-12-14 17:40:24,296: +PUB [/camera/ir/rectify_ir/parameter_updates] /camera_nodelet_manager http://pc:57994/
[rosmaster.master][INFO] 2012-12-14 17:40:24,300: +PARAM [/camera/ir/rectify_ir/interpolation] by /camera_nodelet_manager
[rosmaster.master][INFO] 2012-12-14 17:40:24,304: +PUB [/camera/ir/image_rect/compressed] /camera_nodelet_manager http://pc:57994/
[rosmaster.master][INFO] 2012-12-14 17:40:24,306: +SERVICE [/camera/ir/image_rect/compressed/set_parameters] /camera_nodelet_manager http://pc:57994/
[rosmaster.master][INFO] 2012-12-14 17:40:24,309: +PUB [/camera/ir/image_rect/compressed/parameter_descriptions] /camera_nodelet_manager http://pc:57994/
[rosmaster.master][INFO] 2012-12-14 17:40:24,311: +PUB [/camera/ir/image_rect/compressed/parameter_updates] /camera_nodelet_manager http://pc:57994/
[rosmaster.master][INFO] 2012-12-14 17:40:24,319: +PARAM [/camera/ir/image_rect/compressed/format] by /camera_nodelet_manager
[rosmaster.master][INFO] 2012-12-14 17:40:24,321: +PARAM [/camera/ir/image_rect/compressed/jpeg_quality] by /camera_nodelet_manager
[rosmaster.master][INFO] 2012-12-14 17:40:24,324: +PARAM [/camera/ir/image_rect/compressed/png_level] by /camera_nodelet_manager
[rosmaster.master][INFO] 2012-12-14 17:40:24,326: +PUB [/camera/ir/image_rect] /camera_nodelet_manager http://pc:57994/
[rosmaster.master][INFO] 2012-12-14 17:40:24,328: +PUB [/camera/ir/image_rect/theora] /camera_nodelet_manager http://pc:57994/
[rosmaster.master][INFO] 2012-12-14 17:40:24,331: +SERVICE [/camera/ir/image_rect/theora/set_parameters] /camera_nodelet_manager http://pc:57994/
[rosmaster.master][INFO] 2012-12-14 17:40:24,333: +PUB [/camera/ir/image_rect/theora/parameter_descriptions] /camera_nodelet_manager http://pc:57994/
[rosmaster.master][INFO] 2012-12-14 17:40:24,335: +PUB [/camera/ir/image_rect/theora/parameter_updates] /camera_nodelet_manager http://pc:57994/
[rosmaster.master][INFO] 2012-12-14 17:40:24,347: +PARAM [/camera/ir/image_rect/theora/optimize_for] by /camera_nodelet_manager
[rosmaster.master][INFO] 2012-12-14 17:40:24,349: +PARAM [/camera/ir/image_rect/theora/target_bitrate] by /camera_nodelet_manager
[rosmaster.master][INFO] 2012-12-14 17:40:24,351: +PARAM [/camera/ir/image_rect/theora/quality] by /camera_nodelet_manager
[rosmaster.master][INFO] 2012-12-14 17:40:24,353: +PARAM [/camera/ir/image_rect/theora/keyframe_frequency] by /camera_nodelet_manager
[rosmaster.master][INFO] 2012-12-14 17:40:24,629: +SERVICE [/camera/depth_registered/rectify_depth/set_parameters] /camera_nodelet_manager http://pc:57994/
[rosmaster.master][INFO] 2012-12-14 17:40:24,631: +PUB [/camera/depth_registered/rectify_depth/parameter_descriptions] /camera_nodelet_manager http://pc:57994/
[rosmaster.master][INFO] 2012-12-14 17:40:24,634: +PUB [/camera/depth_registered/rectify_depth/parameter_updates] /camera_nodelet_manager http://pc:57994/
[rosmaster.master][INFO] 2012-12-14 17:40:24,639: +PARAM [/camera/depth_registered/rectify_depth/interpolation] by /camera_nodelet_manager
[rosmaster.master][INFO] 2012-12-14 17:40:24,649: +PARAM [/camera/depth_registered/image_rect_raw/compressed/format] by /camera_nodelet_manager
[rosmaster.master][INFO] 2012-12-14 17:40:24,652: +PARAM [/camera/depth_registered/image_rect_raw/compressed/jpeg_quality] by /camera_nodelet_manager
[rosmaster.master][INFO] 2012-12-14 17:40:24,654: +PARAM [/camera/depth_registered/image_rect_raw/compressed/png_level] by /camera_nodelet_manager
[rosmaster.master][INFO] 2012-12-14 17:40:24,666: +PARAM [/camera/depth_registered/image_rect_raw/theora/optimize_for] by /camera_nodelet_manager
[rosmaster.master][INFO] 2012-12-14 17:40:24,669: +PARAM [/camera/depth_registered/image_rect_raw/theora/target_bitrate] by /camera_nodelet_manager
[rosmaster.master][INFO] 2012-12-14 17:40:24,672: +PARAM [/camera/depth_registered/image_rect_raw/theora/quality] by /camera_nodelet_manager
[rosmaster.master][INFO] 2012-12-14 17:40:24,675: +PARAM [/camera/depth_registered/image_rect_raw/theora/keyframe_frequency] by /camera_nodelet_manager
[rosmaster.master][INFO] 2012-12-14 17:40:24,953: +PUB [/camera/depth_registered/image_rect/compressed] /camera_nodelet_manager http://pc:57994/
[rosmaster.master][INFO] 2012-12-14 17:40:24,956: +SERVICE [/camera/depth_registered/image_rect/compressed/set_parameters] /camera_nodelet_manager http://pc:57994/
[rosmaster.master][INFO] 2012-12-14 17:40:24,958: +PUB [/camera/depth_registered/image_rect/compressed/parameter_descriptions] /camera_nodelet_manager http://pc:57994/
[rosmaster.master][INFO] 2012-12-14 17:40:24,960: +PUB [/camera/depth_registered/image_rect/compressed/parameter_updates] /camera_nodelet_manager http://pc:57994/
[rosmaster.master][INFO] 2012-12-14 17:40:24,968: +PARAM [/camera/depth_registered/image_rect/compressed/format] by /camera_nodelet_manager
[rosmaster.master][INFO] 2012-12-14 17:40:24,971: +PARAM [/camera/depth_registered/image_rect/compressed/jpeg_quality] by /camera_nodelet_manager
[rosmaster.master][INFO] 2012-12-14 17:40:24,973: +PARAM [/camera/depth_registered/image_rect/compressed/png_level] by /camera_nodelet_manager
[rosmaster.master][INFO] 2012-12-14 17:40:24,976: +PUB [/camera/depth_registered/image_rect] /camera_nodelet_manager http://pc:57994/
[rosmaster.master][INFO] 2012-12-14 17:40:24,978: +PUB [/camera/depth_registered/image_rect/theora] /camera_nodelet_manager http://pc:57994/
[rosmaster.master][INFO] 2012-12-14 17:40:24,981: +SERVICE [/camera/depth_registered/image_rect/theora/set_parameters] /camera_nodelet_manager http://pc:57994/
[rosmaster.master][INFO] 2012-12-14 17:40:24,983: publisherUpdate[/camera/depth_registered/image_rect] -> http://pc:44920/
[rosmaster.master][INFO] 2012-12-14 17:40:24,984: +PUB [/camera/depth_registered/image_rect/theora/parameter_descriptions] /camera_nodelet_manager http://pc:57994/
[rosmaster.master][INFO] 2012-12-14 17:40:24,987: +PUB [/camera/depth_registered/image_rect/theora/parameter_updates] /camera_nodelet_manager http://pc:57994/
[rosmaster.master][INFO] 2012-12-14 17:40:24,998: +PARAM [/camera/depth_registered/image_rect/theora/optimize_for] by /camera_nodelet_manager
[rosmaster.master][INFO] 2012-12-14 17:40:25,000: +PARAM [/camera/depth_registered/image_rect/theora/target_bitrate] by /camera_nodelet_manager
[rosmaster.master][INFO] 2012-12-14 17:40:25,003: +PARAM [/camera/depth_registered/image_rect/theora/quality] by /camera_nodelet_manager
[rosmaster.master][INFO] 2012-12-14 17:40:25,007: +PARAM [/camera/depth_registered/image_rect/theora/keyframe_frequency] by /camera_nodelet_manager
[rosmaster.master][INFO] 2012-12-14 17:40:25,017: +SUB [/camera/depth_registered/image_rect_raw] /camera_nodelet_manager http://pc:57994/
[rosmaster.master][INFO] 2012-12-14 17:40:25,025: +SUB [/camera/depth/image_rect_raw] /camera_nodelet_manager http://pc:57994/
[rosmaster.master][INFO] 2012-12-14 17:40:25,028: +SUB [/camera/depth_registered/image_raw] /camera_nodelet_manager http://pc:57994/
[rosmaster.master][INFO] 2012-12-14 17:40:25,031: +SUB [/camera/depth_registered/camera_info] /camera_nodelet_manager http://pc:57994/
[rosmaster.master][INFO] 2012-12-14 17:40:25,032: +SUB [/camera/depth/camera_info] /camera_nodelet_manager http://pc:57994/
[rosmaster.master][INFO] 2012-12-14 17:40:25,033: +SUB [/camera/depth/image_raw] /camera_nodelet_manager http://pc:57994/
[rosmaster.master][INFO] 2012-12-14 17:40:25,288: +PUB [/camera/depth/image_rect/compressed] /camera_nodelet_manager http://pc:57994/
[rosmaster.master][INFO] 2012-12-14 17:40:25,291: +SERVICE [/camera/depth/image_rect/compressed/set_parameters] /camera_nodelet_manager http://pc:57994/
[rosmaster.master][INFO] 2012-12-14 17:40:25,293: +PUB [/camera/depth/image_rect/compressed/parameter_descriptions] /camera_nodelet_manager http://pc:57994/
[rosmaster.master][INFO] 2012-12-14 17:40:25,296: +PUB [/camera/depth/image_rect/compressed/parameter_updates] /camera_nodelet_manager http://pc:57994/
[rosmaster.master][INFO] 2012-12-14 17:40:25,302: +PARAM [/camera/depth/image_rect/compressed/format] by /camera_nodelet_manager
[rosmaster.master][INFO] 2012-12-14 17:40:25,305: +PARAM [/camera/depth/image_rect/compressed/jpeg_quality] by /camera_nodelet_manager
[rosmaster.master][INFO] 2012-12-14 17:40:25,307: +PARAM [/camera/depth/image_rect/compressed/png_level] by /camera_nodelet_manager
[rosmaster.master][INFO] 2012-12-14 17:40:25,310: +PUB [/camera/depth/image_rect] /camera_nodelet_manager http://pc:57994/
[rosmaster.master][INFO] 2012-12-14 17:40:25,312: +PUB [/camera/depth/image_rect/theora] /camera_nodelet_manager http://pc:57994/
[rosmaster.master][INFO] 2012-12-14 17:40:25,314: +SERVICE [/camera/depth/image_rect/theora/set_parameters] /camera_nodelet_manager http://pc:57994/
[rosmaster.master][INFO] 2012-12-14 17:40:25,316: +PUB [/camera/depth/image_rect/theora/parameter_descriptions] /camera_nodelet_manager http://pc:57994/
[rosmaster.master][INFO] 2012-12-14 17:40:25,318: +PUB [/camera/depth/image_rect/theora/parameter_updates] /camera_nodelet_manager http://pc:57994/
[rosmaster.master][INFO] 2012-12-14 17:40:25,327: +PARAM [/camera/depth/image_rect/theora/optimize_for] by /camera_nodelet_manager
[rosmaster.master][INFO] 2012-12-14 17:40:25,330: +PARAM [/camera/depth/image_rect/theora/target_bitrate] by /camera_nodelet_manager
[rosmaster.master][INFO] 2012-12-14 17:40:25,332: +PARAM [/camera/depth/image_rect/theora/quality] by /camera_nodelet_manager
[rosmaster.master][INFO] 2012-12-14 17:40:25,334: +PARAM [/camera/depth/image_rect/theora/keyframe_frequency] by /camera_nodelet_manager
[rosmaster.master][INFO] 2012-12-14 17:40:25,621: +PUB [/camera/depth/disparity] /camera_nodelet_manager http://pc:57994/
[rosmaster.master][INFO] 2012-12-14 17:40:25,649: +SERVICE [/camera/driver/set_parameters] /camera_nodelet_manager http://pc:57994/
[rosmaster.master][INFO] 2012-12-14 17:40:25,650: +PUB [/camera/driver/parameter_descriptions] /camera_nodelet_manager http://pc:57994/
[rosmaster.master][INFO] 2012-12-14 17:40:25,652: +PUB [/camera/driver/parameter_updates] /camera_nodelet_manager http://pc:57994/
[rosmaster.master][INFO] 2012-12-14 17:40:25,662: +PARAM [/camera/driver/image_mode] by /camera_nodelet_manager
[rosmaster.master][INFO] 2012-12-14 17:40:25,663: +PARAM [/camera/driver/depth_mode] by /camera_nodelet_manager
[rosmaster.master][INFO] 2012-12-14 17:40:25,665: +PARAM [/camera/driver/depth_registration] by /camera_nodelet_manager
[rosmaster.master][INFO] 2012-12-14 17:40:25,666: +PARAM [/camera/driver/data_skip] by /camera_nodelet_manager
[rosmaster.master][INFO] 2012-12-14 17:40:25,667: +PARAM [/camera/driver/depth_time_offset] by /camera_nodelet_manager
[rosmaster.master][INFO] 2012-12-14 17:40:25,668: +PARAM [/camera/driver/image_time_offset] by /camera_nodelet_manager
[rosmaster.master][INFO] 2012-12-14 17:40:25,669: +PARAM [/camera/driver/depth_ir_offset_x] by /camera_nodelet_manager
[rosmaster.master][INFO] 2012-12-14 17:40:25,670: +PARAM [/camera/driver/depth_ir_offset_y] by /camera_nodelet_manager
[rosmaster.master][INFO] 2012-12-14 17:40:25,671: +PARAM [/camera/driver/z_offset_mm] by /camera_nodelet_manager
[rosmaster.master][INFO] 2012-12-14 17:40:25,680: +SERVICE [/camera/rgb/set_camera_info] /camera_nodelet_manager http://pc:57994/
[rosmaster.master][INFO] 2012-12-14 17:40:25,681: +SERVICE [/camera/ir/set_camera_info] /camera_nodelet_manager http://pc:57994/
[rosmaster.master][INFO] 2012-12-14 17:40:25,683: +PUB [/camera/rgb/image_raw/compressed] /camera_nodelet_manager http://pc:57994/
[rosmaster.master][INFO] 2012-12-14 17:40:25,684: +SERVICE [/camera/rgb/image_raw/compressed/set_parameters] /camera_nodelet_manager http://pc:57994/
[rosmaster.master][INFO] 2012-12-14 17:40:25,685: +PUB [/camera/rgb/image_raw/compressed/parameter_descriptions] /camera_nodelet_manager http://pc:57994/
[rosmaster.master][INFO] 2012-12-14 17:40:25,686: +PUB [/camera/rgb/image_raw/compressed/parameter_updates] /camera_nodelet_manager http://pc:57994/
[rosmaster.master][INFO] 2012-12-14 17:40:25,689: +PARAM [/camera/rgb/image_raw/compressed/format] by /camera_nodelet_manager
[rosmaster.master][INFO] 2012-12-14 17:40:25,690: +PARAM [/camera/rgb/image_raw/compressed/jpeg_quality] by /camera_nodelet_manager
[rosmaster.master][INFO] 2012-12-14 17:40:25,692: +PARAM [/camera/rgb/image_raw/compressed/png_level] by /camera_nodelet_manager
[rosmaster.master][INFO] 2012-12-14 17:40:25,694: +PUB [/camera/rgb/image_raw] /camera_nodelet_manager http://pc:57994/
[rosmaster.master][INFO] 2012-12-14 17:40:25,695: +PUB [/camera/rgb/image_raw/theora] /camera_nodelet_manager http://pc:57994/
[rosmaster.master][INFO] 2012-12-14 17:40:25,696: +SERVICE [/camera/rgb/image_raw/theora/set_parameters] /camera_nodelet_manager http://pc:57994/
[rosmaster.master][INFO] 2012-12-14 17:40:25,698: +PUB [/camera/rgb/image_raw/theora/parameter_descriptions] /camera_nodelet_manager http://pc:57994/
[rosmaster.master][INFO] 2012-12-14 17:40:25,699: +PUB [/camera/rgb/image_raw/theora/parameter_updates] /camera_nodelet_manager http://pc:57994/
[rosmaster.master][INFO] 2012-12-14 17:40:25,703: +PARAM [/camera/rgb/image_raw/theora/optimize_for] by /camera_nodelet_manager
[rosmaster.master][INFO] 2012-12-14 17:40:25,704: +PARAM [/camera/rgb/image_raw/theora/target_bitrate] by /camera_nodelet_manager
[rosmaster.master][INFO] 2012-12-14 17:40:25,705: +PARAM [/camera/rgb/image_raw/theora/quality] by /camera_nodelet_manager
[rosmaster.master][INFO] 2012-12-14 17:40:25,705: +PARAM [/camera/rgb/image_raw/theora/keyframe_frequency] by /camera_nodelet_manager
[rosmaster.master][INFO] 2012-12-14 17:40:25,706: +PUB [/camera/rgb/camera_info] /camera_nodelet_manager http://pc:57994/
[rosmaster.master][INFO] 2012-12-14 17:40:25,708: +PUB [/camera/ir/image_raw/compressed] /camera_nodelet_manager http://pc:57994/
[rosmaster.master][INFO] 2012-12-14 17:40:25,708: +SERVICE [/camera/ir/image_raw/compressed/set_parameters] /camera_nodelet_manager http://pc:57994/
[rosmaster.master][INFO] 2012-12-14 17:40:25,709: +PUB [/camera/ir/image_raw/compressed/parameter_descriptions] /camera_nodelet_manager http://pc:57994/
[rosmaster.master][INFO] 2012-12-14 17:40:25,710: +PUB [/camera/ir/image_raw/compressed/parameter_updates] /camera_nodelet_manager http://pc:57994/
[rosmaster.master][INFO] 2012-12-14 17:40:25,714: +PARAM [/camera/ir/image_raw/compressed/format] by /camera_nodelet_manager
[rosmaster.master][INFO] 2012-12-14 17:40:25,714: +PARAM [/camera/ir/image_raw/compressed/jpeg_quality] by /camera_nodelet_manager
[rosmaster.master][INFO] 2012-12-14 17:40:25,715: +PARAM [/camera/ir/image_raw/compressed/png_level] by /camera_nodelet_manager
[rosmaster.master][INFO] 2012-12-14 17:40:25,716: +PUB [/camera/ir/image_raw] /camera_nodelet_manager http://pc:57994/
[rosmaster.master][INFO] 2012-12-14 17:40:25,717: +PUB [/camera/ir/image_raw/theora] /camera_nodelet_manager http://pc:57994/
[rosmaster.master][INFO] 2012-12-14 17:40:25,718: +SERVICE [/camera/ir/image_raw/theora/set_parameters] /camera_nodelet_manager http://pc:57994/
[rosmaster.master][INFO] 2012-12-14 17:40:25,719: +PUB [/camera/ir/image_raw/theora/parameter_descriptions] /camera_nodelet_manager http://pc:57994/
[rosmaster.master][INFO] 2012-12-14 17:40:25,720: +PUB [/camera/ir/image_raw/theora/parameter_updates] /camera_nodelet_manager http://pc:57994/
[rosmaster.master][INFO] 2012-12-14 17:40:25,725: +PARAM [/camera/ir/image_raw/theora/optimize_for] by /camera_nodelet_manager
[rosmaster.master][INFO] 2012-12-14 17:40:25,725: +PARAM [/camera/ir/image_raw/theora/target_bitrate] by /camera_nodelet_manager
[rosmaster.master][INFO] 2012-12-14 17:40:25,728: +PARAM [/camera/ir/image_raw/theora/quality] by /camera_nodelet_manager
[rosmaster.master][INFO] 2012-12-14 17:40:25,729: +PARAM [/camera/ir/image_raw/theora/keyframe_frequency] by /camera_nodelet_manager
[rosmaster.master][INFO] 2012-12-14 17:40:25,732: +PUB [/camera/ir/camera_info] /camera_nodelet_manager http://pc:57994/
[rosmaster.master][INFO] 2012-12-14 17:40:25,734: +PUB [/camera/depth/image_raw/compressed] /camera_nodelet_manager http://pc:57994/
[rosmaster.master][INFO] 2012-12-14 17:40:25,735: +SERVICE [/camera/depth/image_raw/compressed/set_parameters] /camera_nodelet_manager http://pc:57994/
[rosmaster.master][INFO] 2012-12-14 17:40:25,737: +PUB [/camera/depth/image_raw/compressed/parameter_descriptions] /camera_nodelet_manager http://pc:57994/
[rosmaster.master][INFO] 2012-12-14 17:40:25,741: +PUB [/camera/depth/image_raw/compressed/parameter_updates] /camera_nodelet_manager http://pc:57994/
[rosmaster.master][INFO] 2012-12-14 17:40:25,746: +PARAM [/camera/depth/image_raw/compressed/format] by /camera_nodelet_manager
[rosmaster.master][INFO] 2012-12-14 17:40:25,749: +PARAM [/camera/depth/image_raw/compressed/jpeg_quality] by /camera_nodelet_manager
[rosmaster.master][INFO] 2012-12-14 17:40:25,752: +PARAM [/camera/depth/image_raw/compressed/png_level] by /camera_nodelet_manager
[rosmaster.master][INFO] 2012-12-14 17:40:25,756: +PUB [/camera/depth/image_raw] /camera_nodelet_manager http://pc:57994/
[rosmaster.master][INFO] 2012-12-14 17:40:25,758: +PUB [/camera/depth/image_raw/theora] /camera_nodelet_manager http://pc:57994/
[rosmaster.master][INFO] 2012-12-14 17:40:25,760: +SERVICE [/camera/depth/image_raw/theora/set_parameters] /camera_nodelet_manager http://pc:57994/
[rosmaster.master][INFO] 2012-12-14 17:40:25,761: +PUB [/camera/depth/image_raw/theora/parameter_descriptions] /camera_nodelet_manager http://pc:57994/
[rosmaster.master][INFO] 2012-12-14 17:40:25,763: +PUB [/camera/depth/image_raw/theora/parameter_updates] /camera_nodelet_manager http://pc:57994/
[rosmaster.master][INFO] 2012-12-14 17:40:25,767: +PARAM [/camera/depth/image_raw/theora/optimize_for] by /camera_nodelet_manager
[rosmaster.master][INFO] 2012-12-14 17:40:25,768: +PARAM [/camera/depth/image_raw/theora/target_bitrate] by /camera_nodelet_manager
[rosmaster.master][INFO] 2012-12-14 17:40:25,769: +PARAM [/camera/depth/image_raw/theora/quality] by /camera_nodelet_manager
[rosmaster.master][INFO] 2012-12-14 17:40:25,770: +PARAM [/camera/depth/image_raw/theora/keyframe_frequency] by /camera_nodelet_manager
[rosmaster.master][INFO] 2012-12-14 17:40:25,771: +PUB [/camera/depth/camera_info] /camera_nodelet_manager http://pc:57994/
[rosmaster.master][INFO] 2012-12-14 17:40:25,772: +PUB [/camera/projector/camera_info] /camera_nodelet_manager http://pc:57994/
[rosmaster.master][INFO] 2012-12-14 17:40:25,774: +PUB [/camera/depth_registered/image_raw/compressed] /camera_nodelet_manager http://pc:57994/
[rosmaster.master][INFO] 2012-12-14 17:40:25,775: +SERVICE [/camera/depth_registered/image_raw/compressed/set_parameters] /camera_nodelet_manager http://pc:57994/
[rosmaster.master][INFO] 2012-12-14 17:40:25,776: +PUB [/camera/depth_registered/image_raw/compressed/parameter_descriptions] /camera_nodelet_manager http://pc:57994/
[rosmaster.master][INFO] 2012-12-14 17:40:25,777: +PUB [/camera/depth_registered/image_raw/compressed/parameter_updates] /camera_nodelet_manager http://pc:57994/
[rosmaster.master][INFO] 2012-12-14 17:40:25,780: +PARAM [/camera/depth_registered/image_raw/compressed/format] by /camera_nodelet_manager
[rosmaster.master][INFO] 2012-12-14 17:40:25,781: +PARAM [/camera/depth_registered/image_raw/compressed/jpeg_quality] by /camera_nodelet_manager
[rosmaster.master][INFO] 2012-12-14 17:40:25,781: +PARAM [/camera/depth_registered/image_raw/compressed/png_level] by /camera_nodelet_manager
[rosmaster.master][INFO] 2012-12-14 17:40:25,783: +PUB [/camera/depth_registered/image_raw] /camera_nodelet_manager http://pc:57994/
[rosmaster.master][INFO] 2012-12-14 17:40:25,784: +PUB [/camera/depth_registered/image_raw/theora] /camera_nodelet_manager http://pc:57994/
[rosmaster.master][INFO] 2012-12-14 17:40:25,785: +SERVICE [/camera/depth_registered/image_raw/theora/set_parameters] /camera_nodelet_manager http://pc:57994/
[rosmaster.master][INFO] 2012-12-14 17:40:25,786: +PUB [/camera/depth_registered/image_raw/theora/parameter_descriptions] /camera_nodelet_manager http://pc:57994/
[rosmaster.master][INFO] 2012-12-14 17:40:25,786: publisherUpdate[/camera/rgb/camera_info] -> http://pc:57994/
[rosmaster.master][INFO] 2012-12-14 17:40:25,787: publisherUpdate[/camera/depth/image_raw] -> http://pc:57994/
[rosmaster.master][INFO] 2012-12-14 17:40:25,787: +PUB [/camera/depth_registered/image_raw/theora/parameter_updates] /camera_nodelet_manager http://pc:57994/
[rosmaster.master][INFO] 2012-12-14 17:40:25,788: publisherUpdate[/camera/depth/camera_info] -> http://pc:57994/
[rosmaster.master][INFO] 2012-12-14 17:40:25,789: publisherUpdate[/camera/depth_registered/image_raw] -> http://pc:57994/
[rosmaster.master][INFO] 2012-12-14 17:40:25,793: +PARAM [/camera/depth_registered/image_raw/theora/optimize_for] by /camera_nodelet_manager
[rosmaster.master][INFO] 2012-12-14 17:40:25,794: +PARAM [/camera/depth_registered/image_raw/theora/target_bitrate] by /camera_nodelet_manager
[rosmaster.master][INFO] 2012-12-14 17:40:25,795: +PARAM [/camera/depth_registered/image_raw/theora/quality] by /camera_nodelet_manager
[rosmaster.master][INFO] 2012-12-14 17:40:25,796: +PARAM [/camera/depth_registered/image_raw/theora/keyframe_frequency] by /camera_nodelet_manager
[rosmaster.master][INFO] 2012-12-14 17:40:25,912: +PUB [/camera/depth_registered/image/compressed] /camera_nodelet_manager http://pc:57994/
[rosmaster.master][INFO] 2012-12-14 17:40:25,915: +SERVICE [/camera/depth_registered/image/compressed/set_parameters] /camera_nodelet_manager http://pc:57994/
[rosmaster.master][INFO] 2012-12-14 17:40:25,917: +SUB [/camera/driver/parameter_updates] /set_dr http://pc:39106/
[rosmaster.master][INFO] 2012-12-14 17:40:25,918: +PUB [/camera/depth_registered/image/compressed/parameter_descriptions] /camera_nodelet_manager http://pc:57994/
[rosmaster.master][INFO] 2012-12-14 17:40:25,920: +SUB [/camera/driver/parameter_descriptions] /set_dr http://pc:39106/
[rosmaster.master][INFO] 2012-12-14 17:40:25,922: +PUB [/camera/depth_registered/image/compressed/parameter_updates] /camera_nodelet_manager http://pc:57994/
[rosmaster.master][INFO] 2012-12-14 17:40:25,929: +PARAM [/camera/depth_registered/image/compressed/format] by /camera_nodelet_manager
[rosmaster.master][INFO] 2012-12-14 17:40:25,932: +PARAM [/camera/depth_registered/image/compressed/jpeg_quality] by /camera_nodelet_manager
[rosmaster.master][INFO] 2012-12-14 17:40:25,934: +PARAM [/camera/depth_registered/image/compressed/png_level] by /camera_nodelet_manager
[rosmaster.master][INFO] 2012-12-14 17:40:25,936: +PUB [/camera/depth_registered/image] /camera_nodelet_manager http://pc:57994/
[rosmaster.master][INFO] 2012-12-14 17:40:25,940: +PUB [/camera/depth_registered/image/theora] /camera_nodelet_manager http://pc:57994/
[rosmaster.master][INFO] 2012-12-14 17:40:25,942: +SERVICE [/camera/depth_registered/image/theora/set_parameters] /camera_nodelet_manager http://pc:57994/
[rosmaster.master][INFO] 2012-12-14 17:40:25,946: +PUB [/camera/depth_registered/image/theora/parameter_descriptions] /camera_nodelet_manager http://pc:57994/
[rosmaster.master][INFO] 2012-12-14 17:40:25,949: +PUB [/camera/depth_registered/image/theora/parameter_updates] /camera_nodelet_manager http://pc:57994/
[rosmaster.master][INFO] 2012-12-14 17:40:25,965: +PARAM [/camera/depth_registered/image/theora/optimize_for] by /camera_nodelet_manager
[rosmaster.master][INFO] 2012-12-14 17:40:25,968: +PARAM [/camera/depth_registered/image/theora/target_bitrate] by /camera_nodelet_manager
[rosmaster.master][INFO] 2012-12-14 17:40:25,970: +PARAM [/camera/depth_registered/image/theora/quality] by /camera_nodelet_manager
[rosmaster.master][INFO] 2012-12-14 17:40:25,972: +PARAM [/camera/depth_registered/image/theora/keyframe_frequency] by /camera_nodelet_manager
[rosmaster.master][INFO] 2012-12-14 17:40:26,245: +SERVICE [/camera/rgb/debayer/set_parameters] /camera_nodelet_manager http://pc:57994/
[rosmaster.master][INFO] 2012-12-14 17:40:26,246: +PUB [/camera/rgb/debayer/parameter_descriptions] /camera_nodelet_manager http://pc:57994/
[rosmaster.master][INFO] 2012-12-14 17:40:26,248: +PUB [/camera/rgb/debayer/parameter_updates] /camera_nodelet_manager http://pc:57994/
[rosmaster.master][INFO] 2012-12-14 17:40:26,252: +PARAM [/camera/rgb/debayer/debayer] by /camera_nodelet_manager
[rosmaster.master][INFO] 2012-12-14 17:40:26,254: +PUB [/camera/rgb/image_mono/compressed] /camera_nodelet_manager http://pc:57994/
[rosmaster.master][INFO] 2012-12-14 17:40:26,257: +SERVICE [/camera/rgb/image_mono/compressed/set_parameters] /camera_nodelet_manager http://pc:57994/
[rosmaster.master][INFO] 2012-12-14 17:40:26,259: +PUB [/camera/rgb/image_mono/compressed/parameter_descriptions] /camera_nodelet_manager http://pc:57994/
[rosmaster.master][INFO] 2012-12-14 17:40:26,262: +PUB [/camera/rgb/image_mono/compressed/parameter_updates] /camera_nodelet_manager http://pc:57994/
[rosmaster.master][INFO] 2012-12-14 17:40:26,270: +PARAM [/camera/rgb/image_mono/compressed/format] by /camera_nodelet_manager
[rosmaster.master][INFO] 2012-12-14 17:40:26,272: +PARAM [/camera/rgb/image_mono/compressed/jpeg_quality] by /camera_nodelet_manager
[rosmaster.master][INFO] 2012-12-14 17:40:26,274: +PARAM [/camera/rgb/image_mono/compressed/png_level] by /camera_nodelet_manager
[rosmaster.master][INFO] 2012-12-14 17:40:26,277: +PUB [/camera/rgb/image_mono] /camera_nodelet_manager http://pc:57994/
[rosmaster.master][INFO] 2012-12-14 17:40:26,280: +PUB [/camera/rgb/image_mono/theora] /camera_nodelet_manager http://pc:57994/
[rosmaster.master][INFO] 2012-12-14 17:40:26,282: +SERVICE [/camera/rgb/image_mono/theora/set_parameters] /camera_nodelet_manager http://pc:57994/
[rosmaster.master][INFO] 2012-12-14 17:40:26,284: +PUB [/camera/rgb/image_mono/theora/parameter_descriptions] /camera_nodelet_manager http://pc:57994/
[rosmaster.master][INFO] 2012-12-14 17:40:26,286: +PUB [/camera/rgb/image_mono/theora/parameter_updates] /camera_nodelet_manager http://pc:57994/
[rosmaster.master][INFO] 2012-12-14 17:40:26,297: +PARAM [/camera/rgb/image_mono/theora/optimize_for] by /camera_nodelet_manager
[rosmaster.master][INFO] 2012-12-14 17:40:26,299: +PARAM [/camera/rgb/image_mono/theora/target_bitrate] by /camera_nodelet_manager
[rosmaster.master][INFO] 2012-12-14 17:40:26,301: +PARAM [/camera/rgb/image_mono/theora/quality] by /camera_nodelet_manager
[rosmaster.master][INFO] 2012-12-14 17:40:26,303: +PARAM [/camera/rgb/image_mono/theora/keyframe_frequency] by /camera_nodelet_manager
[rosmaster.master][INFO] 2012-12-14 17:40:26,311: +PUB [/camera/rgb/image_color/compressed] /camera_nodelet_manager http://pc:57994/
[rosmaster.master][INFO] 2012-12-14 17:40:26,313: +SERVICE [/camera/rgb/image_color/compressed/set_parameters] /camera_nodelet_manager http://pc:57994/
[rosmaster.master][INFO] 2012-12-14 17:40:26,315: +PUB [/camera/rgb/image_color/compressed/parameter_descriptions] /camera_nodelet_manager http://pc:57994/
[rosmaster.master][INFO] 2012-12-14 17:40:26,318: +PUB [/camera/rgb/image_color/compressed/parameter_updates] /camera_nodelet_manager http://pc:57994/
[rosmaster.master][INFO] 2012-12-14 17:40:26,326: +PARAM [/camera/rgb/image_color/compressed/format] by /camera_nodelet_manager
[rosmaster.master][INFO] 2012-12-14 17:40:26,328: +PARAM [/camera/rgb/image_color/compressed/jpeg_quality] by /camera_nodelet_manager
[rosmaster.master][INFO] 2012-12-14 17:40:26,330: +PARAM [/camera/rgb/image_color/compressed/png_level] by /camera_nodelet_manager
[rosmaster.master][INFO] 2012-12-14 17:40:26,333: +PUB [/camera/rgb/image_color] /camera_nodelet_manager http://pc:57994/
[rosmaster.master][INFO] 2012-12-14 17:40:26,335: +PUB [/camera/rgb/image_color/theora] /camera_nodelet_manager http://pc:57994/
[rosmaster.master][INFO] 2012-12-14 17:40:26,338: +SERVICE [/camera/rgb/image_color/theora/set_parameters] /camera_nodelet_manager http://pc:57994/
[rosmaster.master][INFO] 2012-12-14 17:40:26,341: +PUB [/camera/rgb/image_color/theora/parameter_descriptions] /camera_nodelet_manager http://pc:57994/
[rosmaster.master][INFO] 2012-12-14 17:40:26,344: +PUB [/camera/rgb/image_color/theora/parameter_updates] /camera_nodelet_manager http://pc:57994/
[rosmaster.master][INFO] 2012-12-14 17:40:26,353: +PARAM [/camera/rgb/image_color/theora/optimize_for] by /camera_nodelet_manager
[rosmaster.master][INFO] 2012-12-14 17:40:26,356: +PARAM [/camera/rgb/image_color/theora/target_bitrate] by /camera_nodelet_manager
[rosmaster.master][INFO] 2012-12-14 17:40:26,358: +PARAM [/camera/rgb/image_color/theora/quality] by /camera_nodelet_manager
[rosmaster.master][INFO] 2012-12-14 17:40:26,360: +PARAM [/camera/rgb/image_color/theora/keyframe_frequency] by /camera_nodelet_manager
[rosmaster.master][INFO] 2012-12-14 17:40:26,366: +SUB [/camera/rgb/image_raw] /camera_nodelet_manager http://pc:57994/
[rosmaster.master][INFO] 2012-12-14 17:40:26,392: publisherUpdate[/camera/rgb/image_color] -> http://pc:57994/
[rosmaster.master][INFO] 2012-12-14 17:40:29,644: +PARAM [/camera/driver/image_mode] by /camera_nodelet_manager
[rosmaster.master][INFO] 2012-12-14 17:40:29,647: +PARAM [/camera/driver/depth_mode] by /camera_nodelet_manager
[rosmaster.master][INFO] 2012-12-14 17:40:29,649: +PARAM [/camera/driver/depth_registration] by /camera_nodelet_manager
[rosmaster.master][INFO] 2012-12-14 17:40:29,653: +PARAM [/camera/driver/data_skip] by /camera_nodelet_manager
[rosmaster.master][INFO] 2012-12-14 17:40:29,659: +PARAM [/camera/driver/depth_time_offset] by /camera_nodelet_manager
[rosmaster.master][INFO] 2012-12-14 17:40:29,662: +PARAM [/camera/driver/image_time_offset] by /camera_nodelet_manager
[rosmaster.master][INFO] 2012-12-14 17:40:29,665: +PARAM [/camera/driver/depth_ir_offset_x] by /camera_nodelet_manager
[rosmaster.master][INFO] 2012-12-14 17:40:29,666: +PARAM [/camera/driver/depth_ir_offset_y] by /camera_nodelet_manager
[rosmaster.master][INFO] 2012-12-14 17:40:29,668: +PARAM [/camera/driver/z_offset_mm] by /camera_nodelet_manager
[rosmaster.master][INFO] 2012-12-14 17:40:29,675: -SUB [/camera/driver/parameter_updates] /set_dr http://pc:39106/
[rosmaster.master][INFO] 2012-12-14 17:40:29,675: -SUB [/camera/driver/parameter_descriptions] /set_dr http://pc:39106/
[rosmaster.master][INFO] 2012-12-14 17:40:29,676: -PUB [/rosout] /set_dr http://pc:39106/
[rosmaster.master][INFO] 2012-12-14 17:40:29,698: publisherUpdate[/rosout] -> http://pc:59763/
[rosmaster.master][INFO] 2012-12-14 17:41:21,925: -PUB [/camera/depth/disparity] /camera_nodelet_manager http://pc:57994/
[rosmaster.master][INFO] 2012-12-14 17:41:21,930: -PUB [/camera/depth_registered/disparity] /camera_nodelet_manager http://pc:57994/
[rosmaster.master][INFO] 2012-12-14 17:41:21,933: -SUB [/camera/depth_registered/image_rect] /depth_detection http://pc:44920/
[rosmaster.master][INFO] 2012-12-14 17:41:21,933: -SUB [/camera/rgb/image_rect_color] /depth_detection http://pc:44920/
[rosmaster.master][INFO] 2012-12-14 17:41:21,934: -PUB [/camera/depth_registered/points] /camera_nodelet_manager http://pc:57994/
[rosmaster.master][INFO] 2012-12-14 17:41:21,934: -PUB [/rosout] /depth_detection http://pc:44920/
[rosmaster.master][INFO] 2012-12-14 17:41:21,938: -SUB [/camera/depth_registered/image_rect_raw] /camera_nodelet_manager http://pc:57994/
[rosmaster.master][INFO] 2012-12-14 17:41:21,941: -SUB [/camera/depth_registered/image_raw] /camera_nodelet_manager http://pc:57994/
[rosmaster.master][INFO] 2012-12-14 17:41:21,968: publisherUpdate[/rosout] -> http://pc:59763/
[rosmaster.master][INFO] 2012-12-14 17:41:22,057: -PUB [/rosout] /camera/points_xyzrgb_depth_rgb http://pc:33924/
[rosmaster.master][INFO] 2012-12-14 17:41:22,059: -PUB [/rosout] /camera/depth_registered/metric_rect http://pc:45860/
[rosmaster.master][INFO] 2012-12-14 17:41:22,060: -PUB [/rosout] /camera/disparity_depth http://pc:33106/
[rosmaster.master][INFO] 2012-12-14 17:41:22,061: -PUB [/rosout] /camera/disparity_depth_registered http://pc:51027/
[rosmaster.master][INFO] 2012-12-14 17:41:22,063: -PUB [/rosout] /camera_base_link3 http://pc:38707/
[rosmaster.master][INFO] 2012-12-14 17:41:22,063: -PUB [/rosout] /camera/depth_registered/metric http://pc:34436/
[rosmaster.master][INFO] 2012-12-14 17:41:22,064: -SERVICE [/camera/points_xyzrgb_depth_rgb/get_loggers] /camera/points_xyzrgb_depth_rgb rosrpc://pc:52013
[rosmaster.master][INFO] 2012-12-14 17:41:22,065: -PUB [/rosout] /camera_base_link2 http://pc:53231/
[rosmaster.master][INFO] 2012-12-14 17:41:22,066: -SERVICE [/camera/disparity_depth/get_loggers] /camera/disparity_depth rosrpc://pc:46930
[rosmaster.master][INFO] 2012-12-14 17:41:22,068: -SERVICE [/camera/depth_registered/metric_rect/get_loggers] /camera/depth_registered/metric_rect rosrpc://pc:46172
[rosmaster.master][INFO] 2012-12-14 17:41:22,068: -SERVICE [/camera/disparity_depth_registered/get_loggers] /camera/disparity_depth_registered rosrpc://pc:51671
[rosmaster.master][INFO] 2012-12-14 17:41:22,069: publisherUpdate[/rosout] -> http://pc:59763/
[rosmaster.master][INFO] 2012-12-14 17:41:22,070: -PUB [/tf] /camera_base_link3 http://pc:38707/
[rosmaster.master][INFO] 2012-12-14 17:41:22,070: publisherUpdate[/tf] -> http://pc:57994/
[rosmaster.master][INFO] 2012-12-14 17:41:22,072: -SERVICE [/camera/depth_registered/metric/get_loggers] /camera/depth_registered/metric rosrpc://pc:49827
[rosmaster.master][INFO] 2012-12-14 17:41:22,073: publisherUpdate[/rosout] -> http://pc:59763/
[rosmaster.master][INFO] 2012-12-14 17:41:22,074: -PUB [/rosout] /camera_base_link1 http://pc:35604/
[rosmaster.master][INFO] 2012-12-14 17:41:22,074: -PUB [/tf] /camera_base_link2 http://pc:53231/
[rosmaster.master][INFO] 2012-12-14 17:41:22,075: -SERVICE [/camera/disparity_depth/set_logger_level] /camera/disparity_depth rosrpc://pc:46930
[rosmaster.master][INFO] 2012-12-14 17:41:22,076: publisherUpdate[/rosout] -> http://pc:59763/
[rosmaster.master][INFO] 2012-12-14 17:41:22,076: -SERVICE [/camera/depth_registered/metric_rect/set_logger_level] /camera/depth_registered/metric_rect rosrpc://pc:46172
[rosmaster.master][INFO] 2012-12-14 17:41:22,078: publisherUpdate[/rosout] -> http://pc:59763/
[rosmaster.master][INFO] 2012-12-14 17:41:22,079: -SERVICE [/camera/disparity_depth_registered/set_logger_level] /camera/disparity_depth_registered rosrpc://pc:51671
[rosmaster.master][INFO] 2012-12-14 17:41:22,081: -SERVICE [/camera_base_link3/get_loggers] /camera_base_link3 rosrpc://pc:46554
[rosmaster.master][INFO] 2012-12-14 17:41:22,081: publisherUpdate[/rosout] -> http://pc:59763/
[rosmaster.master][INFO] 2012-12-14 17:41:22,083: -PUB [/tf] /camera_base_link1 http://pc:35604/
[rosmaster.master][INFO] 2012-12-14 17:41:22,083: publisherUpdate[/rosout] -> http://pc:59763/
[rosmaster.master][INFO] 2012-12-14 17:41:22,085: -SERVICE [/camera/depth_registered/metric/set_logger_level] /camera/depth_registered/metric rosrpc://pc:49827
[rosmaster.master][INFO] 2012-12-14 17:41:22,085: publisherUpdate[/rosout] -> http://pc:59763/
[rosmaster.master][INFO] 2012-12-14 17:41:22,086: -SERVICE [/camera_base_link2/get_loggers] /camera_base_link2 rosrpc://pc:33871
[rosmaster.master][INFO] 2012-12-14 17:41:22,087: publisherUpdate[/rosout] -> http://pc:59763/
[rosmaster.master][INFO] 2012-12-14 17:41:22,089: -SERVICE [/camera_base_link3/set_logger_level] /camera_base_link3 rosrpc://pc:46554
[rosmaster.master][INFO] 2012-12-14 17:41:22,089: -SERVICE [/camera_base_link1/get_loggers] /camera_base_link1 rosrpc://pc:40184
[rosmaster.master][INFO] 2012-12-14 17:41:22,090: -SERVICE [/camera_base_link2/set_logger_level] /camera_base_link2 rosrpc://pc:33871
[rosmaster.master][INFO] 2012-12-14 17:41:22,091: -SERVICE [/camera_base_link1/set_logger_level] /camera_base_link1 rosrpc://pc:40184
[rosmaster.master][INFO] 2012-12-14 17:41:22,157: -PUB [/rosout] /camera_base_link http://pc:32792/
[rosmaster.master][INFO] 2012-12-14 17:41:22,158: -PUB [/tf] /camera_base_link http://pc:32792/
[rosmaster.master][INFO] 2012-12-14 17:41:22,159: -SERVICE [/camera_base_link/get_loggers] /camera_base_link rosrpc://pc:54961
[rosmaster.master][INFO] 2012-12-14 17:41:22,160: -SERVICE [/camera_base_link/set_logger_level] /camera_base_link rosrpc://pc:54961
[rosmaster.master][INFO] 2012-12-14 17:41:22,171: publisherUpdate[/rosout] -> http://pc:59763/
[rosmaster.master][INFO] 2012-12-14 17:41:22,699: -SERVICE [/camera/points_xyzrgb_depth_rgb/set_logger_level] /camera/points_xyzrgb_depth_rgb rosrpc://pc:52013
[rosmaster.master][INFO] 2012-12-14 17:41:34,476: -PUB [/rosout] /camera/depth/points http://pc:34447/
[rosmaster.master][INFO] 2012-12-14 17:41:34,479: -SERVICE [/camera/depth/points/get_loggers] /camera/depth/points rosrpc://pc:58950
[rosmaster.master][INFO] 2012-12-14 17:41:34,481: -SERVICE [/camera/depth/points/set_logger_level] /camera/depth/points rosrpc://pc:58950
[rosmaster.master][INFO] 2012-12-14 17:41:34,493: publisherUpdate[/tf] -> http://pc:57994/
[rosmaster.master][INFO] 2012-12-14 17:41:34,510: publisherUpdate[/tf] -> http://pc:57994/
[rosmaster.master][INFO] 2012-12-14 17:41:34,550: -PUB [/rosout] /camera/ir/rectify_ir http://pc:49959/
[rosmaster.master][INFO] 2012-12-14 17:41:34,552: -SERVICE [/camera/ir/rectify_ir/get_loggers] /camera/ir/rectify_ir rosrpc://pc:52443
[rosmaster.master][INFO] 2012-12-14 17:41:34,554: -SERVICE [/camera/ir/rectify_ir/set_logger_level] /camera/ir/rectify_ir rosrpc://pc:52443
[rosmaster.master][INFO] 2012-12-14 17:41:34,555: -PUB [/rosout] /camera/rgb/rectify_color http://pc:58840/
[rosmaster.master][INFO] 2012-12-14 17:41:34,557: -SERVICE [/camera/rgb/rectify_color/get_loggers] /camera/rgb/rectify_color rosrpc://pc:57573
[rosmaster.master][INFO] 2012-12-14 17:41:34,558: -SERVICE [/camera/rgb/rectify_color/set_logger_level] /camera/rgb/rectify_color rosrpc://pc:57573
[rosmaster.master][INFO] 2012-12-14 17:41:34,576: -PUB [/rosout] /camera/register_depth_rgb http://pc:41807/
[rosmaster.master][INFO] 2012-12-14 17:41:34,578: -PUB [/rosout] /camera/depth_registered/rectify_depth http://pc:33710/
[rosmaster.master][INFO] 2012-12-14 17:41:34,579: -SERVICE [/camera/register_depth_rgb/get_loggers] /camera/register_depth_rgb rosrpc://pc:50987
[rosmaster.master][INFO] 2012-12-14 17:41:34,581: -SERVICE [/camera/depth_registered/rectify_depth/get_loggers] /camera/depth_registered/rectify_depth rosrpc://pc:59966
[rosmaster.master][INFO] 2012-12-14 17:41:34,583: -SERVICE [/camera/register_depth_rgb/set_logger_level] /camera/register_depth_rgb rosrpc://pc:50987
[rosmaster.master][INFO] 2012-12-14 17:41:34,584: -SERVICE [/camera/depth_registered/rectify_depth/set_logger_level] /camera/depth_registered/rectify_depth rosrpc://pc:59966
[rosmaster.threadpool][ERROR] 2012-12-14 17:41:34,588: Traceback (most recent call last):
  File "/opt/ros/electric/stacks/ros_comm/tools/rosmaster/src/rosmaster/threadpool.py", line 218, in run
    result = cmd(*args)
  File "/opt/ros/electric/stacks/ros_comm/tools/rosmaster/src/rosmaster/master_api.py", line 189, in publisher_update_task
    xmlrpcapi(api).publisherUpdate('/master', topic, pub_uris)
  File "/usr/lib/python2.7/xmlrpclib.py", line 1224, in __call__
    return self.__send(self.__name, args)
  File "/usr/lib/python2.7/xmlrpclib.py", line 1575, in __request
    verbose=self.__verbose
  File "/usr/lib/python2.7/xmlrpclib.py", line 1264, in request
    return self.single_request(host, handler, request_body, verbose)
  File "/usr/lib/python2.7/xmlrpclib.py", line 1292, in single_request
    self.send_content(h, request_body)
  File "/usr/lib/python2.7/xmlrpclib.py", line 1439, in send_content
    connection.endheaders(request_body)
  File "/usr/lib/python2.7/httplib.py", line 951, in endheaders
    self._send_output(message_body)
  File "/usr/lib/python2.7/httplib.py", line 811, in _send_output
    self.send(msg)
  File "/usr/lib/python2.7/httplib.py", line 773, in send
    self.connect()
  File "/usr/lib/python2.7/httplib.py", line 754, in connect
    self.timeout, self.source_address)
  File "/usr/lib/python2.7/socket.py", line 571, in create_connection
    raise err
error: [Errno 111] Connection refused

[rosmaster.threadpool][ERROR] 2012-12-14 17:41:34,588: Traceback (most recent call last):
  File "/opt/ros/electric/stacks/ros_comm/tools/rosmaster/src/rosmaster/threadpool.py", line 218, in run
    result = cmd(*args)
  File "/opt/ros/electric/stacks/ros_comm/tools/rosmaster/src/rosmaster/master_api.py", line 189, in publisher_update_task
    xmlrpcapi(api).publisherUpdate('/master', topic, pub_uris)
  File "/usr/lib/python2.7/xmlrpclib.py", line 1224, in __call__
    return self.__send(self.__name, args)
  File "/usr/lib/python2.7/xmlrpclib.py", line 1575, in __request
    verbose=self.__verbose
  File "/usr/lib/python2.7/xmlrpclib.py", line 1264, in request
    return self.single_request(host, handler, request_body, verbose)
  File "/usr/lib/python2.7/xmlrpclib.py", line 1292, in single_request
    self.send_content(h, request_body)
  File "/usr/lib/python2.7/xmlrpclib.py", line 1439, in send_content
    connection.endheaders(request_body)
  File "/usr/lib/python2.7/httplib.py", line 951, in endheaders
    self._send_output(message_body)
  File "/usr/lib/python2.7/httplib.py", line 811, in _send_output
    self.send(msg)
  File "/usr/lib/python2.7/httplib.py", line 773, in send
    self.connect()
  File "/usr/lib/python2.7/httplib.py", line 754, in connect
    self.timeout, self.source_address)
  File "/usr/lib/python2.7/socket.py", line 571, in create_connection
    raise err
error: [Errno 111] Connection refused

[rosmaster.threadpool][ERROR] 2012-12-14 17:41:34,589: Traceback (most recent call last):
  File "/opt/ros/electric/stacks/ros_comm/tools/rosmaster/src/rosmaster/threadpool.py", line 218, in run
    result = cmd(*args)
  File "/opt/ros/electric/stacks/ros_comm/tools/rosmaster/src/rosmaster/master_api.py", line 189, in publisher_update_task
    xmlrpcapi(api).publisherUpdate('/master', topic, pub_uris)
  File "/usr/lib/python2.7/xmlrpclib.py", line 1224, in __call__
    return self.__send(self.__name, args)
  File "/usr/lib/python2.7/xmlrpclib.py", line 1575, in __request
    verbose=self.__verbose
  File "/usr/lib/python2.7/xmlrpclib.py", line 1264, in request
    return self.single_request(host, handler, request_body, verbose)
  File "/usr/lib/python2.7/xmlrpclib.py", line 1292, in single_request
    self.send_content(h, request_body)
  File "/usr/lib/python2.7/xmlrpclib.py", line 1439, in send_content
    connection.endheaders(request_body)
  File "/usr/lib/python2.7/httplib.py", line 951, in endheaders
    self._send_output(message_body)
  File "/usr/lib/python2.7/httplib.py", line 811, in _send_output
    self.send(msg)
  File "/usr/lib/python2.7/httplib.py", line 773, in send
    self.connect()
  File "/usr/lib/python2.7/httplib.py", line 754, in connect
    self.timeout, self.source_address)
  File "/usr/lib/python2.7/socket.py", line 571, in create_connection
    raise err
error: [Errno 111] Connection refused

[rosmaster.master][INFO] 2012-12-14 17:41:34,589: publisherUpdate[/tf] -> http://pc:57994/
[rosmaster.master][INFO] 2012-12-14 17:41:34,589: publisherUpdate[/rosout] -> http://pc:59763/
[rosmaster.master][INFO] 2012-12-14 17:41:34,591: publisherUpdate[/rosout] -> http://pc:59763/
[rosmaster.master][INFO] 2012-12-14 17:41:34,593: publisherUpdate[/rosout] -> http://pc:59763/
[rosmaster.threadpool][ERROR] 2012-12-14 17:41:34,593: Traceback (most recent call last):
  File "/opt/ros/electric/stacks/ros_comm/tools/rosmaster/src/rosmaster/threadpool.py", line 218, in run
    result = cmd(*args)
  File "/opt/ros/electric/stacks/ros_comm/tools/rosmaster/src/rosmaster/master_api.py", line 189, in publisher_update_task
    xmlrpcapi(api).publisherUpdate('/master', topic, pub_uris)
  File "/usr/lib/python2.7/xmlrpclib.py", line 1224, in __call__
    return self.__send(self.__name, args)
  File "/usr/lib/python2.7/xmlrpclib.py", line 1575, in __request
    verbose=self.__verbose
  File "/usr/lib/python2.7/xmlrpclib.py", line 1264, in request
    return self.single_request(host, handler, request_body, verbose)
  File "/usr/lib/python2.7/xmlrpclib.py", line 1292, in single_request
    self.send_content(h, request_body)
  File "/usr/lib/python2.7/xmlrpclib.py", line 1439, in send_content
    connection.endheaders(request_body)
  File "/usr/lib/python2.7/httplib.py", line 951, in endheaders
    self._send_output(message_body)
  File "/usr/lib/python2.7/httplib.py", line 811, in _send_output
    self.send(msg)
  File "/usr/lib/python2.7/httplib.py", line 773, in send
    self.connect()
  File "/usr/lib/python2.7/httplib.py", line 754, in connect
    self.timeout, self.source_address)
  File "/usr/lib/python2.7/socket.py", line 571, in create_connection
    raise err
error: [Errno 111] Connection refused

[rosmaster.master][INFO] 2012-12-14 17:41:34,594: publisherUpdate[/rosout] -> http://pc:59763/
[rosmaster.master][INFO] 2012-12-14 17:41:34,595: publisherUpdate[/rosout] -> http://pc:59763/
[rosmaster.master][INFO] 2012-12-14 17:41:34,651: -PUB [/rosout] /camera/rgb/rectify_mono http://pc:33521/
[rosmaster.master][INFO] 2012-12-14 17:41:34,654: -PUB [/rosout] /camera/depth/metric http://pc:41748/
[rosmaster.master][INFO] 2012-12-14 17:41:34,656: -SERVICE [/camera/rgb/rectify_mono/get_loggers] /camera/rgb/rectify_mono rosrpc://pc:57345
[rosmaster.master][INFO] 2012-12-14 17:41:34,658: -SERVICE [/camera/depth/metric/get_loggers] /camera/depth/metric rosrpc://pc:52966
[rosmaster.master][INFO] 2012-12-14 17:41:34,661: -SERVICE [/camera/rgb/rectify_mono/set_logger_level] /camera/rgb/rectify_mono rosrpc://pc:57345
[rosmaster.master][INFO] 2012-12-14 17:41:34,663: -SERVICE [/camera/depth/metric/set_logger_level] /camera/depth/metric rosrpc://pc:52966
[rosmaster.master][INFO] 2012-12-14 17:41:34,690: publisherUpdate[/rosout] -> http://pc:59763/
[rosmaster.master][INFO] 2012-12-14 17:41:34,692: publisherUpdate[/rosout] -> http://pc:59763/
[rosmaster.master][INFO] 2012-12-14 17:41:34,843: -PUB [/rosout] /camera/driver http://pc:32945/
[rosmaster.master][INFO] 2012-12-14 17:41:34,845: -SERVICE [/camera/driver/get_loggers] /camera/driver rosrpc://pc:39913
[rosmaster.master][INFO] 2012-12-14 17:41:34,848: -SERVICE [/camera/driver/set_logger_level] /camera/driver rosrpc://pc:39913
[rosmaster.master][INFO] 2012-12-14 17:41:34,894: publisherUpdate[/rosout] -> http://pc:59763/
[rosmaster.master][INFO] 2012-12-14 17:41:36,654: -PUB [/rosout] /camera/depth/metric_rect http://pc:47798/
[rosmaster.master][INFO] 2012-12-14 17:41:36,657: -SERVICE [/camera/depth/metric_rect/get_loggers] /camera/depth/metric_rect rosrpc://pc:57236
[rosmaster.master][INFO] 2012-12-14 17:41:36,659: -PUB [/rosout] /camera/rgb/debayer http://pc:35868/
[rosmaster.master][INFO] 2012-12-14 17:41:36,662: -SERVICE [/camera/depth/metric_rect/set_logger_level] /camera/depth/metric_rect rosrpc://pc:57236
[rosmaster.master][INFO] 2012-12-14 17:41:36,664: -SERVICE [/camera/rgb/debayer/get_loggers] /camera/rgb/debayer rosrpc://pc:40282
[rosmaster.master][INFO] 2012-12-14 17:41:36,667: -SERVICE [/camera/rgb/debayer/set_logger_level] /camera/rgb/debayer rosrpc://pc:40282
[rosmaster.master][INFO] 2012-12-14 17:41:36,697: publisherUpdate[/rosout] -> http://pc:59763/
[rosmaster.master][INFO] 2012-12-14 17:41:36,699: publisherUpdate[/rosout] -> http://pc:59763/
[rosmaster.master][INFO] 2012-12-14 17:41:37,602: -PUB [/rosout_agg] /rosout http://pc:59763/
[rosmaster.master][INFO] 2012-12-14 17:41:37,604: -SUB [/rosout] /rosout http://pc:59763/
[rosmaster.master][INFO] 2012-12-14 17:41:37,605: -SERVICE [/rosout/get_loggers] /rosout rosrpc://pc:50357
[rosmaster.master][INFO] 2012-12-14 17:41:37,605: -SERVICE [/rosout/set_logger_level] /rosout rosrpc://pc:50357
[rosmaster.main][INFO] 2012-12-14 17:41:37,660: keyboard interrupt, will exit
[rosmaster.main][INFO] 2012-12-14 17:41:37,660: stopping master...
