[rosmaster.main][INFO] 2012-12-15 18:54:13,226: initialization complete, waiting for shutdown
[rosmaster.main][INFO] 2012-12-15 18:54:13,226: Starting ROS Master Node
[xmlrpc][INFO] 2012-12-15 18:54:13,227: XML-RPC server binding to 0.0.0.0
[xmlrpc][INFO] 2012-12-15 18:54:13,228: Started XML-RPC server [http://pc:11311/]
[rosmaster.master][INFO] 2012-12-15 18:54:13,229: Master initialized: port[11311], uri[http://pc:11311/]
[xmlrpc][INFO] 2012-12-15 18:54:13,229: xml rpc node: starting XML-RPC server
[rosmaster.master][INFO] 2012-12-15 18:54:13,339: +PARAM [/run_id] by /roslaunch
[rosmaster.master][INFO] 2012-12-15 18:54:13,343: +PARAM [/roslaunch/uris/host_pc__36328] by /roslaunch
[rosmaster.master][INFO] 2012-12-15 18:54:13,373: +PARAM [/rosdistro] by /roslaunch
[rosmaster.master][INFO] 2012-12-15 18:54:13,373: +PARAM [/camera/driver/rgb_frame_id] by /roslaunch
[rosmaster.master][INFO] 2012-12-15 18:54:13,373: +PARAM [/camera/disparity_depth_registered/min_range] by /roslaunch
[rosmaster.master][INFO] 2012-12-15 18:54:13,373: +PARAM [/camera/driver/rgb_camera_info_url] by /roslaunch
[rosmaster.master][INFO] 2012-12-15 18:54:13,374: +PARAM [/camera/depth_registered/rectify_depth/interpolation] by /roslaunch
[rosmaster.master][INFO] 2012-12-15 18:54:13,374: +PARAM [/camera/driver/depth_frame_id] by /roslaunch
[rosmaster.master][INFO] 2012-12-15 18:54:13,374: +PARAM [/camera/depth/rectify_depth/interpolation] by /roslaunch
[rosmaster.master][INFO] 2012-12-15 18:54:13,374: +PARAM [/camera/disparity_depth/max_range] by /roslaunch
[rosmaster.master][INFO] 2012-12-15 18:54:13,374: +PARAM [/rosversion] by /roslaunch
[rosmaster.master][INFO] 2012-12-15 18:54:13,375: +PARAM [/camera/driver/device_id] by /roslaunch
[rosmaster.master][INFO] 2012-12-15 18:54:13,375: +PARAM [/camera/driver/depth_camera_info_url] by /roslaunch
[rosmaster.master][INFO] 2012-12-15 18:54:13,375: +PARAM [/camera/disparity_depth/min_range] by /roslaunch
[rosmaster.master][INFO] 2012-12-15 18:54:13,375: +PARAM [/camera/disparity_depth_registered/max_range] by /roslaunch
[rosmaster.master][INFO] 2012-12-15 18:54:13,379: +SERVICE [/rosout/get_loggers] /rosout http://pc:37346/
[rosmaster.master][INFO] 2012-12-15 18:54:13,380: +SERVICE [/rosout/set_logger_level] /rosout http://pc:37346/
[rosmaster.master][INFO] 2012-12-15 18:54:13,385: +PUB [/rosout_agg] /rosout http://pc:37346/
[rosmaster.master][INFO] 2012-12-15 18:54:13,387: +SUB [/rosout] /rosout http://pc:37346/
[rosmaster.master][INFO] 2012-12-15 18:54:13,410: +PUB [/rosout] /camera/driver http://pc:43706/
[rosmaster.master][INFO] 2012-12-15 18:54:13,411: +SERVICE [/camera/driver/get_loggers] /camera/driver http://pc:43706/
[rosmaster.master][INFO] 2012-12-15 18:54:13,414: +SERVICE [/camera/driver/set_logger_level] /camera/driver http://pc:43706/
[rosmaster.master][INFO] 2012-12-15 18:54:13,421: +PARAM [/camera/driver] by /camera/driver
[rosmaster.master][INFO] 2012-12-15 18:54:13,425: +PUB [/rosout] /camera/rgb/debayer http://pc:55978/
[rosmaster.master][INFO] 2012-12-15 18:54:13,427: +SERVICE [/camera/rgb/debayer/get_loggers] /camera/rgb/debayer http://pc:55978/
[rosmaster.master][INFO] 2012-12-15 18:54:13,427: publisherUpdate[/rosout] -> http://pc:37346/
[rosmaster.master][INFO] 2012-12-15 18:54:13,435: publisherUpdate[/rosout] -> http://pc:37346/
[rosmaster.master][INFO] 2012-12-15 18:54:13,438: +SERVICE [/camera/rgb/debayer/set_logger_level] /camera/rgb/debayer http://pc:55978/
[rosmaster.master][INFO] 2012-12-15 18:54:13,460: +PUB [/rosout] /camera/rgb/rectify_mono http://pc:34010/
[rosmaster.master][INFO] 2012-12-15 18:54:13,463: +SERVICE [/camera/rgb/rectify_mono/get_loggers] /camera/rgb/rectify_mono http://pc:34010/
[rosmaster.master][INFO] 2012-12-15 18:54:13,466: +PUB [/rosout] /camera/rgb/rectify_color http://pc:51640/
[rosmaster.master][INFO] 2012-12-15 18:54:13,469: +SERVICE [/camera/rgb/rectify_mono/set_logger_level] /camera/rgb/rectify_mono http://pc:34010/
[rosmaster.master][INFO] 2012-12-15 18:54:13,474: +SERVICE [/camera/rgb/rectify_color/get_loggers] /camera/rgb/rectify_color http://pc:51640/
[rosmaster.master][INFO] 2012-12-15 18:54:13,488: +PUB [/rosout] /camera/ir/rectify_ir http://pc:60178/
[rosmaster.master][INFO] 2012-12-15 18:54:13,490: +SERVICE [/camera/rgb/rectify_color/set_logger_level] /camera/rgb/rectify_color http://pc:51640/
[rosmaster.master][INFO] 2012-12-15 18:54:13,491: +PUB [/rosout] /camera/depth/rectify_depth http://pc:47534/
[rosmaster.master][INFO] 2012-12-15 18:54:13,499: +SERVICE [/camera/depth/rectify_depth/get_loggers] /camera/depth/rectify_depth http://pc:47534/
[rosmaster.master][INFO] 2012-12-15 18:54:13,501: +SERVICE [/camera/ir/rectify_ir/get_loggers] /camera/ir/rectify_ir http://pc:60178/
[rosmaster.master][INFO] 2012-12-15 18:54:13,506: +PUB [/rosout] /camera/depth/metric_rect http://pc:54388/
[rosmaster.master][INFO] 2012-12-15 18:54:13,509: +SERVICE [/camera/depth/rectify_depth/set_logger_level] /camera/depth/rectify_depth http://pc:47534/
[rosmaster.master][INFO] 2012-12-15 18:54:13,511: +SERVICE [/camera/ir/rectify_ir/set_logger_level] /camera/ir/rectify_ir http://pc:60178/
[rosmaster.master][INFO] 2012-12-15 18:54:13,518: +SERVICE [/camera/depth/metric_rect/get_loggers] /camera/depth/metric_rect http://pc:54388/
[rosmaster.master][INFO] 2012-12-15 18:54:13,531: publisherUpdate[/rosout] -> http://pc:37346/
[rosmaster.master][INFO] 2012-12-15 18:54:13,538: publisherUpdate[/rosout] -> http://pc:37346/
[rosmaster.master][INFO] 2012-12-15 18:54:13,541: publisherUpdate[/rosout] -> http://pc:37346/
[rosmaster.master][INFO] 2012-12-15 18:54:13,542: publisherUpdate[/rosout] -> http://pc:37346/
[rosmaster.master][INFO] 2012-12-15 18:54:13,544: publisherUpdate[/rosout] -> http://pc:37346/
[rosmaster.master][INFO] 2012-12-15 18:54:13,546: +SERVICE [/camera/depth/metric_rect/set_logger_level] /camera/depth/metric_rect http://pc:54388/
[rosmaster.master][INFO] 2012-12-15 18:54:13,550: +PUB [/rosout] /camera/depth/points http://pc:56956/
[rosmaster.master][INFO] 2012-12-15 18:54:13,561: +SERVICE [/camera/depth/points/get_loggers] /camera/depth/points http://pc:56956/
[rosmaster.master][INFO] 2012-12-15 18:54:13,564: +PUB [/rosout] /camera/register_depth_rgb http://pc:52677/
[rosmaster.master][INFO] 2012-12-15 18:54:13,567: +PARAM [/camera/depth/rectify_depth] by /camera/depth/rectify_depth
[rosmaster.master][INFO] 2012-12-15 18:54:13,569: +PUB [/rosout] /camera/depth_registered/metric_rect http://pc:55524/
[rosmaster.master][INFO] 2012-12-15 18:54:13,575: +SERVICE [/camera/register_depth_rgb/get_loggers] /camera/register_depth_rgb http://pc:52677/
[rosmaster.master][INFO] 2012-12-15 18:54:13,577: +SERVICE [/camera/depth_registered/metric_rect/get_loggers] /camera/depth_registered/metric_rect http://pc:55524/
[rosmaster.master][INFO] 2012-12-15 18:54:13,580: +SERVICE [/camera/register_depth_rgb/set_logger_level] /camera/register_depth_rgb http://pc:52677/
[rosmaster.master][INFO] 2012-12-15 18:54:13,584: +SERVICE [/camera/depth_registered/metric_rect/set_logger_level] /camera/depth_registered/metric_rect http://pc:55524/
[rosmaster.master][INFO] 2012-12-15 18:54:13,590: +PUB [/rosout] /camera/points_xyzrgb_depth_rgb http://pc:55030/
[rosmaster.master][INFO] 2012-12-15 18:54:13,611: +PUB [/rosout] /camera/disparity_depth http://pc:55152/
[rosmaster.master][INFO] 2012-12-15 18:54:13,621: +SERVICE [/camera/disparity_depth/get_loggers] /camera/disparity_depth http://pc:55152/
[rosmaster.master][INFO] 2012-12-15 18:54:13,622: +SERVICE [/camera/points_xyzrgb_depth_rgb/get_loggers] /camera/points_xyzrgb_depth_rgb http://pc:55030/
[rosmaster.master][INFO] 2012-12-15 18:54:13,626: +PUB [/rosout] /camera/disparity_depth_registered http://pc:36455/
[rosmaster.master][INFO] 2012-12-15 18:54:13,633: +SERVICE [/camera/disparity_depth/set_logger_level] /camera/disparity_depth http://pc:55152/
[rosmaster.master][INFO] 2012-12-15 18:54:13,634: publisherUpdate[/rosout] -> http://pc:37346/
[rosmaster.master][INFO] 2012-12-15 18:54:13,636: publisherUpdate[/rosout] -> http://pc:37346/
[rosmaster.master][INFO] 2012-12-15 18:54:13,638: +SERVICE [/camera/points_xyzrgb_depth_rgb/set_logger_level] /camera/points_xyzrgb_depth_rgb http://pc:55030/
[rosmaster.master][INFO] 2012-12-15 18:54:13,640: +PUB [/rosout] /camera_base_link http://pc:38912/
[rosmaster.master][INFO] 2012-12-15 18:54:13,646: publisherUpdate[/rosout] -> http://pc:37346/
[rosmaster.master][INFO] 2012-12-15 18:54:13,649: publisherUpdate[/rosout] -> http://pc:37346/
[rosmaster.master][INFO] 2012-12-15 18:54:13,650: publisherUpdate[/rosout] -> http://pc:37346/
[rosmaster.master][INFO] 2012-12-15 18:54:13,652: publisherUpdate[/rosout] -> http://pc:37346/
[rosmaster.master][INFO] 2012-12-15 18:54:13,653: publisherUpdate[/rosout] -> http://pc:37346/
[rosmaster.master][INFO] 2012-12-15 18:54:13,655: +SERVICE [/camera/disparity_depth_registered/get_loggers] /camera/disparity_depth_registered http://pc:36455/
[rosmaster.master][INFO] 2012-12-15 18:54:13,663: +SERVICE [/camera/disparity_depth_registered/set_logger_level] /camera/disparity_depth_registered http://pc:36455/
[rosmaster.master][INFO] 2012-12-15 18:54:13,679: +PUB [/rosout] /camera_base_link3 http://pc:59869/
[rosmaster.master][INFO] 2012-12-15 18:54:13,685: +SERVICE [/camera_base_link3/get_loggers] /camera_base_link3 http://pc:59869/
[rosmaster.master][INFO] 2012-12-15 18:54:13,699: +SERVICE [/camera_base_link3/set_logger_level] /camera_base_link3 http://pc:59869/
[rosmaster.master][INFO] 2012-12-15 18:54:13,700: +PARAM [/camera/disparity_depth_registered] by /camera/disparity_depth_registered
[rosmaster.master][INFO] 2012-12-15 18:54:13,704: +PUB [/tf] /camera_base_link3 http://pc:59869/
[rosmaster.master][INFO] 2012-12-15 18:54:13,723: +PUB [/rosout] /camera/depth/metric http://pc:49078/
[rosmaster.master][INFO] 2012-12-15 18:54:13,724: +SERVICE [/camera/depth/metric/get_loggers] /camera/depth/metric http://pc:49078/
[rosmaster.master][INFO] 2012-12-15 18:54:13,728: +SERVICE [/camera/depth/metric/set_logger_level] /camera/depth/metric http://pc:49078/
[rosmaster.master][INFO] 2012-12-15 18:54:13,747: publisherUpdate[/rosout] -> http://pc:37346/
[rosmaster.master][INFO] 2012-12-15 18:54:13,750: publisherUpdate[/rosout] -> http://pc:37346/
[rosmaster.master][INFO] 2012-12-15 18:54:13,768: +PUB [/rosout] /camera_nodelet_manager http://pc:49419/
[rosmaster.master][INFO] 2012-12-15 18:54:13,769: +SERVICE [/camera_nodelet_manager/get_loggers] /camera_nodelet_manager http://pc:49419/
[rosmaster.master][INFO] 2012-12-15 18:54:13,774: +SERVICE [/camera_nodelet_manager/set_logger_level] /camera_nodelet_manager http://pc:49419/
[rosmaster.master][INFO] 2012-12-15 18:54:13,779: +SERVICE [/camera_nodelet_manager/load_nodelet] /camera_nodelet_manager http://pc:49419/
[rosmaster.master][INFO] 2012-12-15 18:54:13,783: +SERVICE [/camera_nodelet_manager/unload_nodelet] /camera_nodelet_manager http://pc:49419/
[rosmaster.master][INFO] 2012-12-15 18:54:13,789: +SERVICE [/camera_nodelet_manager/list] /camera_nodelet_manager http://pc:49419/
[rosmaster.master][INFO] 2012-12-15 18:54:13,848: publisherUpdate[/rosout] -> http://pc:37346/
[rosmaster.master][INFO] 2012-12-15 18:54:14,093: +PUB [/rosout] /set_dr http://pc:35093/
[rosmaster.master][INFO] 2012-12-15 18:54:14,096: +PUB [/camera/depth/image/compressed] /camera_nodelet_manager http://pc:49419/
[rosmaster.master][INFO] 2012-12-15 18:54:14,098: +SERVICE [/camera/depth/image/compressed/set_parameters] /camera_nodelet_manager http://pc:49419/
[rosmaster.master][INFO] 2012-12-15 18:54:14,100: +PUB [/camera/depth/image/compressed/parameter_descriptions] /camera_nodelet_manager http://pc:49419/
[rosmaster.master][INFO] 2012-12-15 18:54:14,101: +PUB [/camera/depth/image/compressed/parameter_updates] /camera_nodelet_manager http://pc:49419/
[rosmaster.master][INFO] 2012-12-15 18:54:14,104: +PARAM [/camera/depth/image/compressed/format] by /camera_nodelet_manager
[rosmaster.master][INFO] 2012-12-15 18:54:14,105: +PARAM [/camera/depth/image/compressed/jpeg_quality] by /camera_nodelet_manager
[rosmaster.master][INFO] 2012-12-15 18:54:14,106: +PARAM [/camera/depth/image/compressed/png_level] by /camera_nodelet_manager
[rosmaster.master][INFO] 2012-12-15 18:54:14,108: +PUB [/camera/depth/image] /camera_nodelet_manager http://pc:49419/
[rosmaster.master][INFO] 2012-12-15 18:54:14,111: +PUB [/camera/depth/image/theora] /camera_nodelet_manager http://pc:49419/
[rosmaster.master][INFO] 2012-12-15 18:54:14,112: +SERVICE [/camera/depth/image/theora/set_parameters] /camera_nodelet_manager http://pc:49419/
[rosmaster.master][INFO] 2012-12-15 18:54:14,113: +PUB [/camera/depth/image/theora/parameter_descriptions] /camera_nodelet_manager http://pc:49419/
[rosmaster.master][INFO] 2012-12-15 18:54:14,114: +PUB [/camera/depth/image/theora/parameter_updates] /camera_nodelet_manager http://pc:49419/
[rosmaster.master][INFO] 2012-12-15 18:54:14,118: +PARAM [/camera/depth/image/theora/optimize_for] by /camera_nodelet_manager
[rosmaster.master][INFO] 2012-12-15 18:54:14,119: +PARAM [/camera/depth/image/theora/target_bitrate] by /camera_nodelet_manager
[rosmaster.master][INFO] 2012-12-15 18:54:14,120: +PARAM [/camera/depth/image/theora/quality] by /camera_nodelet_manager
[rosmaster.master][INFO] 2012-12-15 18:54:14,121: +PARAM [/camera/depth/image/theora/keyframe_frequency] by /camera_nodelet_manager
[rosmaster.master][INFO] 2012-12-15 18:54:14,152: publisherUpdate[/rosout] -> http://pc:37346/
[rosmaster.master][INFO] 2012-12-15 18:54:14,525: +PUB [/rosout] /depth_detection http://pc:43113/
[rosmaster.master][INFO] 2012-12-15 18:54:14,555: publisherUpdate[/rosout] -> http://pc:37346/
[rosmaster.master][INFO] 2012-12-15 18:54:14,592: +SUB [/camera/depth_registered/image_rect] /depth_detection http://pc:43113/
[rosmaster.master][INFO] 2012-12-15 18:54:14,596: +SUB [/camera/rgb/image_rect_color] /depth_detection http://pc:43113/
[rosmaster.master][INFO] 2012-12-15 18:54:14,685: +SERVICE [/camera/rgb/rectify_mono/set_parameters] /camera_nodelet_manager http://pc:49419/
[rosmaster.master][INFO] 2012-12-15 18:54:14,687: +PUB [/camera/rgb/rectify_mono/parameter_descriptions] /camera_nodelet_manager http://pc:49419/
[rosmaster.master][INFO] 2012-12-15 18:54:14,688: +PUB [/camera/rgb/rectify_mono/parameter_updates] /camera_nodelet_manager http://pc:49419/
[rosmaster.master][INFO] 2012-12-15 18:54:14,696: +PARAM [/camera/rgb/rectify_mono/interpolation] by /camera_nodelet_manager
[rosmaster.master][INFO] 2012-12-15 18:54:14,698: +PUB [/camera/rgb/image_rect/compressed] /camera_nodelet_manager http://pc:49419/
[rosmaster.master][INFO] 2012-12-15 18:54:14,702: +SERVICE [/camera/rgb/image_rect/compressed/set_parameters] /camera_nodelet_manager http://pc:49419/
[rosmaster.master][INFO] 2012-12-15 18:54:14,706: +PUB [/camera/rgb/image_rect/compressed/parameter_descriptions] /camera_nodelet_manager http://pc:49419/
[rosmaster.master][INFO] 2012-12-15 18:54:14,708: +PUB [/camera/rgb/image_rect/compressed/parameter_updates] /camera_nodelet_manager http://pc:49419/
[rosmaster.master][INFO] 2012-12-15 18:54:14,717: +PARAM [/camera/rgb/image_rect/compressed/format] by /camera_nodelet_manager
[rosmaster.master][INFO] 2012-12-15 18:54:14,722: +PARAM [/camera/rgb/image_rect/compressed/jpeg_quality] by /camera_nodelet_manager
[rosmaster.master][INFO] 2012-12-15 18:54:14,725: +PARAM [/camera/rgb/image_rect/compressed/png_level] by /camera_nodelet_manager
[rosmaster.master][INFO] 2012-12-15 18:54:14,726: +PUB [/camera/rgb/image_rect] /camera_nodelet_manager http://pc:49419/
[rosmaster.master][INFO] 2012-12-15 18:54:14,728: +PUB [/camera/rgb/image_rect/theora] /camera_nodelet_manager http://pc:49419/
[rosmaster.master][INFO] 2012-12-15 18:54:14,729: +SERVICE [/camera/rgb/image_rect/theora/set_parameters] /camera_nodelet_manager http://pc:49419/
[rosmaster.master][INFO] 2012-12-15 18:54:14,730: +PUB [/camera/rgb/image_rect/theora/parameter_descriptions] /camera_nodelet_manager http://pc:49419/
[rosmaster.master][INFO] 2012-12-15 18:54:14,731: +PUB [/camera/rgb/image_rect/theora/parameter_updates] /camera_nodelet_manager http://pc:49419/
[rosmaster.master][INFO] 2012-12-15 18:54:14,736: +PARAM [/camera/rgb/image_rect/theora/optimize_for] by /camera_nodelet_manager
[rosmaster.master][INFO] 2012-12-15 18:54:14,737: +PARAM [/camera/rgb/image_rect/theora/target_bitrate] by /camera_nodelet_manager
[rosmaster.master][INFO] 2012-12-15 18:54:14,738: +PARAM [/camera/rgb/image_rect/theora/quality] by /camera_nodelet_manager
[rosmaster.master][INFO] 2012-12-15 18:54:14,739: +PARAM [/camera/rgb/image_rect/theora/keyframe_frequency] by /camera_nodelet_manager
[rosmaster.master][INFO] 2012-12-15 18:54:15,339: +SERVICE [/camera/rgb/debayer/set_parameters] /camera_nodelet_manager http://pc:49419/
[rosmaster.master][INFO] 2012-12-15 18:54:15,340: +PUB [/camera/rgb/debayer/parameter_descriptions] /camera_nodelet_manager http://pc:49419/
[rosmaster.master][INFO] 2012-12-15 18:54:15,342: +PUB [/camera/rgb/debayer/parameter_updates] /camera_nodelet_manager http://pc:49419/
[rosmaster.master][INFO] 2012-12-15 18:54:15,344: +PARAM [/camera/rgb/debayer/debayer] by /camera_nodelet_manager
[rosmaster.master][INFO] 2012-12-15 18:54:15,345: +PUB [/camera/rgb/image_mono/compressed] /camera_nodelet_manager http://pc:49419/
[rosmaster.master][INFO] 2012-12-15 18:54:15,346: +SERVICE [/camera/rgb/image_mono/compressed/set_parameters] /camera_nodelet_manager http://pc:49419/
[rosmaster.master][INFO] 2012-12-15 18:54:15,347: +PUB [/camera/rgb/image_mono/compressed/parameter_descriptions] /camera_nodelet_manager http://pc:49419/
[rosmaster.master][INFO] 2012-12-15 18:54:15,348: +PUB [/camera/rgb/image_mono/compressed/parameter_updates] /camera_nodelet_manager http://pc:49419/
[rosmaster.master][INFO] 2012-12-15 18:54:15,352: +PARAM [/camera/rgb/image_mono/compressed/format] by /camera_nodelet_manager
[rosmaster.master][INFO] 2012-12-15 18:54:15,353: +PARAM [/camera/rgb/image_mono/compressed/jpeg_quality] by /camera_nodelet_manager
[rosmaster.master][INFO] 2012-12-15 18:54:15,354: +PARAM [/camera/rgb/image_mono/compressed/png_level] by /camera_nodelet_manager
[rosmaster.master][INFO] 2012-12-15 18:54:15,356: +PUB [/camera/rgb/image_mono] /camera_nodelet_manager http://pc:49419/
[rosmaster.master][INFO] 2012-12-15 18:54:15,357: +PUB [/camera/rgb/image_mono/theora] /camera_nodelet_manager http://pc:49419/
[rosmaster.master][INFO] 2012-12-15 18:54:15,359: +SERVICE [/camera/rgb/image_mono/theora/set_parameters] /camera_nodelet_manager http://pc:49419/
[rosmaster.master][INFO] 2012-12-15 18:54:15,360: +PUB [/camera/rgb/image_mono/theora/parameter_descriptions] /camera_nodelet_manager http://pc:49419/
[rosmaster.master][INFO] 2012-12-15 18:54:15,361: +PUB [/camera/rgb/image_mono/theora/parameter_updates] /camera_nodelet_manager http://pc:49419/
[rosmaster.master][INFO] 2012-12-15 18:54:15,368: +PARAM [/camera/rgb/image_mono/theora/optimize_for] by /camera_nodelet_manager
[rosmaster.master][INFO] 2012-12-15 18:54:15,369: +PARAM [/camera/rgb/image_mono/theora/target_bitrate] by /camera_nodelet_manager
[rosmaster.master][INFO] 2012-12-15 18:54:15,371: +PARAM [/camera/rgb/image_mono/theora/quality] by /camera_nodelet_manager
[rosmaster.master][INFO] 2012-12-15 18:54:15,371: +PARAM [/camera/rgb/image_mono/theora/keyframe_frequency] by /camera_nodelet_manager
[rosmaster.master][INFO] 2012-12-15 18:54:15,373: +PUB [/camera/rgb/image_color/compressed] /camera_nodelet_manager http://pc:49419/
[rosmaster.master][INFO] 2012-12-15 18:54:15,374: +SERVICE [/camera/rgb/image_color/compressed/set_parameters] /camera_nodelet_manager http://pc:49419/
[rosmaster.master][INFO] 2012-12-15 18:54:15,376: +PUB [/camera/rgb/image_color/compressed/parameter_descriptions] /camera_nodelet_manager http://pc:49419/
[rosmaster.master][INFO] 2012-12-15 18:54:15,377: +PUB [/camera/rgb/image_color/compressed/parameter_updates] /camera_nodelet_manager http://pc:49419/
[rosmaster.master][INFO] 2012-12-15 18:54:15,380: +PARAM [/camera/rgb/image_color/compressed/format] by /camera_nodelet_manager
[rosmaster.master][INFO] 2012-12-15 18:54:15,381: +PARAM [/camera/rgb/image_color/compressed/jpeg_quality] by /camera_nodelet_manager
[rosmaster.master][INFO] 2012-12-15 18:54:15,382: +PARAM [/camera/rgb/image_color/compressed/png_level] by /camera_nodelet_manager
[rosmaster.master][INFO] 2012-12-15 18:54:15,383: +PUB [/camera/rgb/image_color] /camera_nodelet_manager http://pc:49419/
[rosmaster.master][INFO] 2012-12-15 18:54:15,384: +PUB [/camera/rgb/image_color/theora] /camera_nodelet_manager http://pc:49419/
[rosmaster.master][INFO] 2012-12-15 18:54:15,385: +SERVICE [/camera/rgb/image_color/theora/set_parameters] /camera_nodelet_manager http://pc:49419/
[rosmaster.master][INFO] 2012-12-15 18:54:15,386: +PUB [/camera/rgb/image_color/theora/parameter_descriptions] /camera_nodelet_manager http://pc:49419/
[rosmaster.master][INFO] 2012-12-15 18:54:15,387: +PUB [/camera/rgb/image_color/theora/parameter_updates] /camera_nodelet_manager http://pc:49419/
[rosmaster.master][INFO] 2012-12-15 18:54:15,393: +PARAM [/camera/rgb/image_color/theora/optimize_for] by /camera_nodelet_manager
[rosmaster.master][INFO] 2012-12-15 18:54:15,394: +PARAM [/camera/rgb/image_color/theora/target_bitrate] by /camera_nodelet_manager
[rosmaster.master][INFO] 2012-12-15 18:54:15,395: +PARAM [/camera/rgb/image_color/theora/quality] by /camera_nodelet_manager
[rosmaster.master][INFO] 2012-12-15 18:54:15,399: +PARAM [/camera/rgb/image_color/theora/keyframe_frequency] by /camera_nodelet_manager
[rosmaster.master][INFO] 2012-12-15 18:54:16,095: +SERVICE [/camera/ir/rectify_ir/set_parameters] /camera_nodelet_manager http://pc:49419/
[rosmaster.master][INFO] 2012-12-15 18:54:16,099: +PUB [/camera/ir/rectify_ir/parameter_descriptions] /camera_nodelet_manager http://pc:49419/
[rosmaster.master][INFO] 2012-12-15 18:54:16,102: +PUB [/camera/ir/rectify_ir/parameter_updates] /camera_nodelet_manager http://pc:49419/
[rosmaster.master][INFO] 2012-12-15 18:54:16,105: +PARAM [/camera/ir/rectify_ir/interpolation] by /camera_nodelet_manager
[rosmaster.master][INFO] 2012-12-15 18:54:16,106: +PUB [/camera/ir/image_rect/compressed] /camera_nodelet_manager http://pc:49419/
[rosmaster.master][INFO] 2012-12-15 18:54:16,107: +SERVICE [/camera/ir/image_rect/compressed/set_parameters] /camera_nodelet_manager http://pc:49419/
[rosmaster.master][INFO] 2012-12-15 18:54:16,108: +PUB [/camera/ir/image_rect/compressed/parameter_descriptions] /camera_nodelet_manager http://pc:49419/
[rosmaster.master][INFO] 2012-12-15 18:54:16,109: +PUB [/camera/ir/image_rect/compressed/parameter_updates] /camera_nodelet_manager http://pc:49419/
[rosmaster.master][INFO] 2012-12-15 18:54:16,112: +PARAM [/camera/ir/image_rect/compressed/format] by /camera_nodelet_manager
[rosmaster.master][INFO] 2012-12-15 18:54:16,113: +PARAM [/camera/ir/image_rect/compressed/jpeg_quality] by /camera_nodelet_manager
[rosmaster.master][INFO] 2012-12-15 18:54:16,114: +PARAM [/camera/ir/image_rect/compressed/png_level] by /camera_nodelet_manager
[rosmaster.master][INFO] 2012-12-15 18:54:16,115: +PUB [/camera/ir/image_rect] /camera_nodelet_manager http://pc:49419/
[rosmaster.master][INFO] 2012-12-15 18:54:16,116: +PUB [/camera/ir/image_rect/theora] /camera_nodelet_manager http://pc:49419/
[rosmaster.master][INFO] 2012-12-15 18:54:16,117: +SERVICE [/camera/ir/image_rect/theora/set_parameters] /camera_nodelet_manager http://pc:49419/
[rosmaster.master][INFO] 2012-12-15 18:54:16,119: +PUB [/camera/ir/image_rect/theora/parameter_descriptions] /camera_nodelet_manager http://pc:49419/
[rosmaster.master][INFO] 2012-12-15 18:54:16,121: +PUB [/camera/ir/image_rect/theora/parameter_updates] /camera_nodelet_manager http://pc:49419/
[rosmaster.master][INFO] 2012-12-15 18:54:16,125: +PARAM [/camera/ir/image_rect/theora/optimize_for] by /camera_nodelet_manager
[rosmaster.master][INFO] 2012-12-15 18:54:16,126: +PARAM [/camera/ir/image_rect/theora/target_bitrate] by /camera_nodelet_manager
[rosmaster.master][INFO] 2012-12-15 18:54:16,127: +PARAM [/camera/ir/image_rect/theora/quality] by /camera_nodelet_manager
[rosmaster.master][INFO] 2012-12-15 18:54:16,128: +PARAM [/camera/ir/image_rect/theora/keyframe_frequency] by /camera_nodelet_manager
[rosmaster.master][INFO] 2012-12-15 18:54:16,544: +PUB [/rosout] /camera/depth_registered/rectify_depth http://pc:48200/
[rosmaster.master][INFO] 2012-12-15 18:54:16,546: +SERVICE [/camera/depth_registered/rectify_depth/get_loggers] /camera/depth_registered/rectify_depth http://pc:48200/
[rosmaster.master][INFO] 2012-12-15 18:54:16,547: +SERVICE [/camera/depth_registered/rectify_depth/set_logger_level] /camera/depth_registered/rectify_depth http://pc:48200/
[rosmaster.master][INFO] 2012-12-15 18:54:16,551: +PARAM [/camera/depth_registered/rectify_depth] by /camera/depth_registered/rectify_depth
[rosmaster.master][INFO] 2012-12-15 18:54:16,560: +PUB [/rosout] /camera/depth_registered/metric http://pc:56684/
[rosmaster.master][INFO] 2012-12-15 18:54:16,561: publisherUpdate[/rosout] -> http://pc:37346/
[rosmaster.master][INFO] 2012-12-15 18:54:16,562: +SERVICE [/camera/depth_registered/metric/get_loggers] /camera/depth_registered/metric http://pc:56684/
[rosmaster.master][INFO] 2012-12-15 18:54:16,563: publisherUpdate[/rosout] -> http://pc:37346/
[rosmaster.master][INFO] 2012-12-15 18:54:16,565: +SERVICE [/camera/depth_registered/metric/set_logger_level] /camera/depth_registered/metric http://pc:56684/
[rosmaster.master][INFO] 2012-12-15 18:54:16,569: +SERVICE [/camera/depth/points/set_logger_level] /camera/depth/points http://pc:56956/
[rosmaster.master][INFO] 2012-12-15 18:54:16,649: +PARAM [/camera/disparity_depth] by /camera/disparity_depth
[rosmaster.master][INFO] 2012-12-15 18:54:16,651: +SERVICE [/camera_base_link/get_loggers] /camera_base_link http://pc:38912/
[rosmaster.master][INFO] 2012-12-15 18:54:16,655: +SERVICE [/camera_base_link/set_logger_level] /camera_base_link http://pc:38912/
[rosmaster.master][INFO] 2012-12-15 18:54:16,663: +PUB [/rosout] /camera_base_link2 http://pc:50689/
[rosmaster.master][INFO] 2012-12-15 18:54:16,665: +PUB [/rosout] /camera_base_link1 http://pc:35224/
[rosmaster.master][INFO] 2012-12-15 18:54:16,666: publisherUpdate[/rosout] -> http://pc:37346/
[rosmaster.master][INFO] 2012-12-15 18:54:16,669: publisherUpdate[/rosout] -> http://pc:37346/
[rosmaster.master][INFO] 2012-12-15 18:54:16,671: +SERVICE [/camera_base_link2/get_loggers] /camera_base_link2 http://pc:50689/
[rosmaster.master][INFO] 2012-12-15 18:54:16,672: +PUB [/tf] /camera_base_link http://pc:38912/
[rosmaster.master][INFO] 2012-12-15 18:54:16,674: +SERVICE [/camera_base_link1/get_loggers] /camera_base_link1 http://pc:35224/
[rosmaster.master][INFO] 2012-12-15 18:54:16,675: +SERVICE [/camera_base_link2/set_logger_level] /camera_base_link2 http://pc:50689/
[rosmaster.master][INFO] 2012-12-15 18:54:16,676: +SERVICE [/camera_base_link1/set_logger_level] /camera_base_link1 http://pc:35224/
[rosmaster.master][INFO] 2012-12-15 18:54:16,679: +PUB [/tf] /camera_base_link2 http://pc:50689/
[rosmaster.master][INFO] 2012-12-15 18:54:16,680: +PUB [/tf] /camera_base_link1 http://pc:35224/
[rosmaster.master][INFO] 2012-12-15 18:54:16,823: +PUB [/camera/depth/image_rect/compressed] /camera_nodelet_manager http://pc:49419/
[rosmaster.master][INFO] 2012-12-15 18:54:16,825: +SERVICE [/camera/depth/image_rect/compressed/set_parameters] /camera_nodelet_manager http://pc:49419/
[rosmaster.master][INFO] 2012-12-15 18:54:16,827: +PUB [/camera/depth/image_rect/compressed/parameter_descriptions] /camera_nodelet_manager http://pc:49419/
[rosmaster.master][INFO] 2012-12-15 18:54:16,830: +PUB [/camera/depth/image_rect/compressed/parameter_updates] /camera_nodelet_manager http://pc:49419/
[rosmaster.master][INFO] 2012-12-15 18:54:16,834: +PARAM [/camera/depth/image_rect/compressed/format] by /camera_nodelet_manager
[rosmaster.master][INFO] 2012-12-15 18:54:16,835: +PARAM [/camera/depth/image_rect/compressed/jpeg_quality] by /camera_nodelet_manager
[rosmaster.master][INFO] 2012-12-15 18:54:16,836: +PARAM [/camera/depth/image_rect/compressed/png_level] by /camera_nodelet_manager
[rosmaster.master][INFO] 2012-12-15 18:54:16,837: +PUB [/camera/depth/image_rect] /camera_nodelet_manager http://pc:49419/
[rosmaster.master][INFO] 2012-12-15 18:54:16,838: +PUB [/camera/depth/image_rect/theora] /camera_nodelet_manager http://pc:49419/
[rosmaster.master][INFO] 2012-12-15 18:54:16,840: +SERVICE [/camera/depth/image_rect/theora/set_parameters] /camera_nodelet_manager http://pc:49419/
[rosmaster.master][INFO] 2012-12-15 18:54:16,842: +PUB [/camera/depth/image_rect/theora/parameter_descriptions] /camera_nodelet_manager http://pc:49419/
[rosmaster.master][INFO] 2012-12-15 18:54:16,843: +PUB [/camera/depth/image_rect/theora/parameter_updates] /camera_nodelet_manager http://pc:49419/
[rosmaster.master][INFO] 2012-12-15 18:54:16,847: +PARAM [/camera/depth/image_rect/theora/optimize_for] by /camera_nodelet_manager
[rosmaster.master][INFO] 2012-12-15 18:54:16,848: +PARAM [/camera/depth/image_rect/theora/target_bitrate] by /camera_nodelet_manager
[rosmaster.master][INFO] 2012-12-15 18:54:16,849: +PARAM [/camera/depth/image_rect/theora/quality] by /camera_nodelet_manager
[rosmaster.master][INFO] 2012-12-15 18:54:16,850: +PARAM [/camera/depth/image_rect/theora/keyframe_frequency] by /camera_nodelet_manager
[rosmaster.master][INFO] 2012-12-15 18:54:17,381: +PUB [/camera/depth_registered/points] /camera_nodelet_manager http://pc:49419/
[rosmaster.master][INFO] 2012-12-15 18:54:17,663: +PUB [/camera/depth_registered/disparity] /camera_nodelet_manager http://pc:49419/
[rosmaster.master][INFO] 2012-12-15 18:54:17,930: +SUB [/tf] /camera_nodelet_manager http://pc:49419/
[rosmaster.master][INFO] 2012-12-15 18:54:17,934: +SERVICE [/camera_nodelet_manager/tf_frames] /camera_nodelet_manager http://pc:49419/
[rosmaster.master][INFO] 2012-12-15 18:54:18,213: +PUB [/camera/depth_registered/image_rect_raw/compressed] /camera_nodelet_manager http://pc:49419/
[rosmaster.master][INFO] 2012-12-15 18:54:18,215: +SERVICE [/camera/depth_registered/image_rect_raw/compressed/set_parameters] /camera_nodelet_manager http://pc:49419/
[rosmaster.master][INFO] 2012-12-15 18:54:18,217: +PUB [/camera/depth_registered/image_rect_raw/compressed/parameter_descriptions] /camera_nodelet_manager http://pc:49419/
[rosmaster.master][INFO] 2012-12-15 18:54:18,219: +PUB [/camera/depth_registered/image_rect_raw/compressed/parameter_updates] /camera_nodelet_manager http://pc:49419/
[rosmaster.master][INFO] 2012-12-15 18:54:18,225: +PARAM [/camera/depth_registered/image_rect_raw/compressed/format] by /camera_nodelet_manager
[rosmaster.master][INFO] 2012-12-15 18:54:18,228: +PARAM [/camera/depth_registered/image_rect_raw/compressed/jpeg_quality] by /camera_nodelet_manager
[rosmaster.master][INFO] 2012-12-15 18:54:18,230: +PARAM [/camera/depth_registered/image_rect_raw/compressed/png_level] by /camera_nodelet_manager
[rosmaster.master][INFO] 2012-12-15 18:54:18,232: +PUB [/camera/depth_registered/image_rect_raw] /camera_nodelet_manager http://pc:49419/
[rosmaster.master][INFO] 2012-12-15 18:54:18,236: +PUB [/camera/depth_registered/image_rect_raw/theora] /camera_nodelet_manager http://pc:49419/
[rosmaster.master][INFO] 2012-12-15 18:54:18,238: +SERVICE [/camera/depth_registered/image_rect_raw/theora/set_parameters] /camera_nodelet_manager http://pc:49419/
[rosmaster.master][INFO] 2012-12-15 18:54:18,241: +PUB [/camera/depth_registered/image_rect_raw/theora/parameter_descriptions] /camera_nodelet_manager http://pc:49419/
[rosmaster.master][INFO] 2012-12-15 18:54:18,245: +PUB [/camera/depth_registered/image_rect_raw/theora/parameter_updates] /camera_nodelet_manager http://pc:49419/
[rosmaster.master][INFO] 2012-12-15 18:54:18,258: +PARAM [/camera/depth_registered/image_rect_raw/theora/optimize_for] by /camera_nodelet_manager
[rosmaster.master][INFO] 2012-12-15 18:54:18,261: +PARAM [/camera/depth_registered/image_rect_raw/theora/target_bitrate] by /camera_nodelet_manager
[rosmaster.master][INFO] 2012-12-15 18:54:18,263: +PARAM [/camera/depth_registered/image_rect_raw/theora/quality] by /camera_nodelet_manager
[rosmaster.master][INFO] 2012-12-15 18:54:18,265: +PARAM [/camera/depth_registered/image_rect_raw/theora/keyframe_frequency] by /camera_nodelet_manager
[rosmaster.master][INFO] 2012-12-15 18:54:18,268: +PUB [/camera/depth_registered/camera_info] /camera_nodelet_manager http://pc:49419/
[rosmaster.master][INFO] 2012-12-15 18:54:18,431: +SERVICE [/camera/driver/set_parameters] /camera_nodelet_manager http://pc:49419/
[rosmaster.master][INFO] 2012-12-15 18:54:18,432: +PUB [/camera/driver/parameter_descriptions] /camera_nodelet_manager http://pc:49419/
[rosmaster.master][INFO] 2012-12-15 18:54:18,434: +PUB [/camera/driver/parameter_updates] /camera_nodelet_manager http://pc:49419/
[rosmaster.master][INFO] 2012-12-15 18:54:18,444: +PARAM [/camera/driver/image_mode] by /camera_nodelet_manager
[rosmaster.master][INFO] 2012-12-15 18:54:18,446: +PARAM [/camera/driver/depth_mode] by /camera_nodelet_manager
[rosmaster.master][INFO] 2012-12-15 18:54:18,448: +PARAM [/camera/driver/depth_registration] by /camera_nodelet_manager
[rosmaster.master][INFO] 2012-12-15 18:54:18,449: +PARAM [/camera/driver/data_skip] by /camera_nodelet_manager
[rosmaster.master][INFO] 2012-12-15 18:54:18,451: +PARAM [/camera/driver/depth_time_offset] by /camera_nodelet_manager
[rosmaster.master][INFO] 2012-12-15 18:54:18,452: +PARAM [/camera/driver/image_time_offset] by /camera_nodelet_manager
[rosmaster.master][INFO] 2012-12-15 18:54:18,454: +PARAM [/camera/driver/depth_ir_offset_x] by /camera_nodelet_manager
[rosmaster.master][INFO] 2012-12-15 18:54:18,455: +PARAM [/camera/driver/depth_ir_offset_y] by /camera_nodelet_manager
[rosmaster.master][INFO] 2012-12-15 18:54:18,456: +PARAM [/camera/driver/z_offset_mm] by /camera_nodelet_manager
[rosmaster.master][INFO] 2012-12-15 18:54:18,465: +SERVICE [/camera/rgb/set_camera_info] /camera_nodelet_manager http://pc:49419/
[rosmaster.master][INFO] 2012-12-15 18:54:18,466: +SERVICE [/camera/ir/set_camera_info] /camera_nodelet_manager http://pc:49419/
[rosmaster.master][INFO] 2012-12-15 18:54:18,468: +PUB [/camera/rgb/image_raw/compressed] /camera_nodelet_manager http://pc:49419/
[rosmaster.master][INFO] 2012-12-15 18:54:18,469: +SERVICE [/camera/rgb/image_raw/compressed/set_parameters] /camera_nodelet_manager http://pc:49419/
[rosmaster.master][INFO] 2012-12-15 18:54:18,470: +PUB [/camera/rgb/image_raw/compressed/parameter_descriptions] /camera_nodelet_manager http://pc:49419/
[rosmaster.master][INFO] 2012-12-15 18:54:18,471: +PUB [/camera/rgb/image_raw/compressed/parameter_updates] /camera_nodelet_manager http://pc:49419/
[rosmaster.master][INFO] 2012-12-15 18:54:18,475: +PARAM [/camera/rgb/image_raw/compressed/format] by /camera_nodelet_manager
[rosmaster.master][INFO] 2012-12-15 18:54:18,475: +PARAM [/camera/rgb/image_raw/compressed/jpeg_quality] by /camera_nodelet_manager
[rosmaster.master][INFO] 2012-12-15 18:54:18,476: +PARAM [/camera/rgb/image_raw/compressed/png_level] by /camera_nodelet_manager
[rosmaster.master][INFO] 2012-12-15 18:54:18,478: +PUB [/camera/rgb/image_raw] /camera_nodelet_manager http://pc:49419/
[rosmaster.master][INFO] 2012-12-15 18:54:18,480: +PUB [/camera/rgb/image_raw/theora] /camera_nodelet_manager http://pc:49419/
[rosmaster.master][INFO] 2012-12-15 18:54:18,481: +SERVICE [/camera/rgb/image_raw/theora/set_parameters] /camera_nodelet_manager http://pc:49419/
[rosmaster.master][INFO] 2012-12-15 18:54:18,482: +PUB [/camera/rgb/image_raw/theora/parameter_descriptions] /camera_nodelet_manager http://pc:49419/
[rosmaster.master][INFO] 2012-12-15 18:54:18,484: +PUB [/camera/rgb/image_raw/theora/parameter_updates] /camera_nodelet_manager http://pc:49419/
[rosmaster.master][INFO] 2012-12-15 18:54:18,490: +PARAM [/camera/rgb/image_raw/theora/optimize_for] by /camera_nodelet_manager
[rosmaster.master][INFO] 2012-12-15 18:54:18,491: +PARAM [/camera/rgb/image_raw/theora/target_bitrate] by /camera_nodelet_manager
[rosmaster.master][INFO] 2012-12-15 18:54:18,492: +PARAM [/camera/rgb/image_raw/theora/quality] by /camera_nodelet_manager
[rosmaster.master][INFO] 2012-12-15 18:54:18,493: +PARAM [/camera/rgb/image_raw/theora/keyframe_frequency] by /camera_nodelet_manager
[rosmaster.master][INFO] 2012-12-15 18:54:18,494: +PUB [/camera/rgb/camera_info] /camera_nodelet_manager http://pc:49419/
[rosmaster.master][INFO] 2012-12-15 18:54:18,495: +PUB [/camera/ir/image_raw/compressed] /camera_nodelet_manager http://pc:49419/
[rosmaster.master][INFO] 2012-12-15 18:54:18,496: +SERVICE [/camera/ir/image_raw/compressed/set_parameters] /camera_nodelet_manager http://pc:49419/
[rosmaster.master][INFO] 2012-12-15 18:54:18,497: +PUB [/camera/ir/image_raw/compressed/parameter_descriptions] /camera_nodelet_manager http://pc:49419/
[rosmaster.master][INFO] 2012-12-15 18:54:18,498: +PUB [/camera/ir/image_raw/compressed/parameter_updates] /camera_nodelet_manager http://pc:49419/
[rosmaster.master][INFO] 2012-12-15 18:54:18,501: +PARAM [/camera/ir/image_raw/compressed/format] by /camera_nodelet_manager
[rosmaster.master][INFO] 2012-12-15 18:54:18,502: +PARAM [/camera/ir/image_raw/compressed/jpeg_quality] by /camera_nodelet_manager
[rosmaster.master][INFO] 2012-12-15 18:54:18,504: +PARAM [/camera/ir/image_raw/compressed/png_level] by /camera_nodelet_manager
[rosmaster.master][INFO] 2012-12-15 18:54:18,505: +PUB [/camera/ir/image_raw] /camera_nodelet_manager http://pc:49419/
[rosmaster.master][INFO] 2012-12-15 18:54:18,506: +PUB [/camera/ir/image_raw/theora] /camera_nodelet_manager http://pc:49419/
[rosmaster.master][INFO] 2012-12-15 18:54:18,507: +SERVICE [/camera/ir/image_raw/theora/set_parameters] /camera_nodelet_manager http://pc:49419/
[rosmaster.master][INFO] 2012-12-15 18:54:18,508: +PUB [/camera/ir/image_raw/theora/parameter_descriptions] /camera_nodelet_manager http://pc:49419/
[rosmaster.master][INFO] 2012-12-15 18:54:18,509: +PUB [/camera/ir/image_raw/theora/parameter_updates] /camera_nodelet_manager http://pc:49419/
[rosmaster.master][INFO] 2012-12-15 18:54:18,513: +PARAM [/camera/ir/image_raw/theora/optimize_for] by /camera_nodelet_manager
[rosmaster.master][INFO] 2012-12-15 18:54:18,514: +PARAM [/camera/ir/image_raw/theora/target_bitrate] by /camera_nodelet_manager
[rosmaster.master][INFO] 2012-12-15 18:54:18,515: +PARAM [/camera/ir/image_raw/theora/quality] by /camera_nodelet_manager
[rosmaster.master][INFO] 2012-12-15 18:54:18,517: +PARAM [/camera/ir/image_raw/theora/keyframe_frequency] by /camera_nodelet_manager
[rosmaster.master][INFO] 2012-12-15 18:54:18,518: +PUB [/camera/ir/camera_info] /camera_nodelet_manager http://pc:49419/
[rosmaster.master][INFO] 2012-12-15 18:54:18,519: +PUB [/camera/depth/image_raw/compressed] /camera_nodelet_manager http://pc:49419/
[rosmaster.master][INFO] 2012-12-15 18:54:18,520: +SERVICE [/camera/depth/image_raw/compressed/set_parameters] /camera_nodelet_manager http://pc:49419/
[rosmaster.master][INFO] 2012-12-15 18:54:18,521: +PUB [/camera/depth/image_raw/compressed/parameter_descriptions] /camera_nodelet_manager http://pc:49419/
[rosmaster.master][INFO] 2012-12-15 18:54:18,522: +PUB [/camera/depth/image_raw/compressed/parameter_updates] /camera_nodelet_manager http://pc:49419/
[rosmaster.master][INFO] 2012-12-15 18:54:18,527: +PARAM [/camera/depth/image_raw/compressed/format] by /camera_nodelet_manager
[rosmaster.master][INFO] 2012-12-15 18:54:18,529: +PARAM [/camera/depth/image_raw/compressed/jpeg_quality] by /camera_nodelet_manager
[rosmaster.master][INFO] 2012-12-15 18:54:18,530: +PARAM [/camera/depth/image_raw/compressed/png_level] by /camera_nodelet_manager
[rosmaster.master][INFO] 2012-12-15 18:54:18,531: +PUB [/camera/depth/image_raw] /camera_nodelet_manager http://pc:49419/
[rosmaster.master][INFO] 2012-12-15 18:54:18,532: +PUB [/camera/depth/image_raw/theora] /camera_nodelet_manager http://pc:49419/
[rosmaster.master][INFO] 2012-12-15 18:54:18,533: +SERVICE [/camera/depth/image_raw/theora/set_parameters] /camera_nodelet_manager http://pc:49419/
[rosmaster.master][INFO] 2012-12-15 18:54:18,535: +PUB [/camera/depth/image_raw/theora/parameter_descriptions] /camera_nodelet_manager http://pc:49419/
[rosmaster.master][INFO] 2012-12-15 18:54:18,536: +PUB [/camera/depth/image_raw/theora/parameter_updates] /camera_nodelet_manager http://pc:49419/
[rosmaster.master][INFO] 2012-12-15 18:54:18,540: +PARAM [/camera/depth/image_raw/theora/optimize_for] by /camera_nodelet_manager
[rosmaster.master][INFO] 2012-12-15 18:54:18,541: +PARAM [/camera/depth/image_raw/theora/target_bitrate] by /camera_nodelet_manager
[rosmaster.master][INFO] 2012-12-15 18:54:18,543: +PARAM [/camera/depth/image_raw/theora/quality] by /camera_nodelet_manager
[rosmaster.master][INFO] 2012-12-15 18:54:18,544: +PARAM [/camera/depth/image_raw/theora/keyframe_frequency] by /camera_nodelet_manager
[rosmaster.master][INFO] 2012-12-15 18:54:18,547: +PUB [/camera/depth/camera_info] /camera_nodelet_manager http://pc:49419/
[rosmaster.master][INFO] 2012-12-15 18:54:18,548: +PUB [/camera/projector/camera_info] /camera_nodelet_manager http://pc:49419/
[rosmaster.master][INFO] 2012-12-15 18:54:18,549: +PUB [/camera/depth_registered/image_raw/compressed] /camera_nodelet_manager http://pc:49419/
[rosmaster.master][INFO] 2012-12-15 18:54:18,551: +SERVICE [/camera/depth_registered/image_raw/compressed/set_parameters] /camera_nodelet_manager http://pc:49419/
[rosmaster.master][INFO] 2012-12-15 18:54:18,553: +PUB [/camera/depth_registered/image_raw/compressed/parameter_descriptions] /camera_nodelet_manager http://pc:49419/
[rosmaster.master][INFO] 2012-12-15 18:54:18,555: +PUB [/camera/depth_registered/image_raw/compressed/parameter_updates] /camera_nodelet_manager http://pc:49419/
[rosmaster.master][INFO] 2012-12-15 18:54:18,562: +PARAM [/camera/depth_registered/image_raw/compressed/format] by /camera_nodelet_manager
[rosmaster.master][INFO] 2012-12-15 18:54:18,563: +PARAM [/camera/depth_registered/image_raw/compressed/jpeg_quality] by /camera_nodelet_manager
[rosmaster.master][INFO] 2012-12-15 18:54:18,564: +PARAM [/camera/depth_registered/image_raw/compressed/png_level] by /camera_nodelet_manager
[rosmaster.master][INFO] 2012-12-15 18:54:18,565: +PUB [/camera/depth_registered/image_raw] /camera_nodelet_manager http://pc:49419/
[rosmaster.master][INFO] 2012-12-15 18:54:18,567: +PUB [/camera/depth_registered/image_raw/theora] /camera_nodelet_manager http://pc:49419/
[rosmaster.master][INFO] 2012-12-15 18:54:18,568: +SERVICE [/camera/depth_registered/image_raw/theora/set_parameters] /camera_nodelet_manager http://pc:49419/
[rosmaster.master][INFO] 2012-12-15 18:54:18,569: +PUB [/camera/depth_registered/image_raw/theora/parameter_descriptions] /camera_nodelet_manager http://pc:49419/
[rosmaster.master][INFO] 2012-12-15 18:54:18,570: +PUB [/camera/depth_registered/image_raw/theora/parameter_updates] /camera_nodelet_manager http://pc:49419/
[rosmaster.master][INFO] 2012-12-15 18:54:18,574: +PARAM [/camera/depth_registered/image_raw/theora/optimize_for] by /camera_nodelet_manager
[rosmaster.master][INFO] 2012-12-15 18:54:18,575: +PARAM [/camera/depth_registered/image_raw/theora/target_bitrate] by /camera_nodelet_manager
[rosmaster.master][INFO] 2012-12-15 18:54:18,576: +PARAM [/camera/depth_registered/image_raw/theora/quality] by /camera_nodelet_manager
[rosmaster.master][INFO] 2012-12-15 18:54:18,577: +PARAM [/camera/depth_registered/image_raw/theora/keyframe_frequency] by /camera_nodelet_manager
[rosmaster.master][INFO] 2012-12-15 18:54:18,584: +SERVICE [/camera/depth_registered/rectify_depth/set_parameters] /camera_nodelet_manager http://pc:49419/
[rosmaster.master][INFO] 2012-12-15 18:54:18,586: +PUB [/camera/depth_registered/rectify_depth/parameter_descriptions] /camera_nodelet_manager http://pc:49419/
[rosmaster.master][INFO] 2012-12-15 18:54:18,588: +PUB [/camera/depth_registered/rectify_depth/parameter_updates] /camera_nodelet_manager http://pc:49419/
[rosmaster.master][INFO] 2012-12-15 18:54:18,592: +PARAM [/camera/depth_registered/rectify_depth/interpolation] by /camera_nodelet_manager
[rosmaster.master][INFO] 2012-12-15 18:54:18,599: +PARAM [/camera/depth_registered/image_rect_raw/compressed/format] by /camera_nodelet_manager
[rosmaster.master][INFO] 2012-12-15 18:54:18,602: +PARAM [/camera/depth_registered/image_rect_raw/compressed/jpeg_quality] by /camera_nodelet_manager
[rosmaster.master][INFO] 2012-12-15 18:54:18,605: +PARAM [/camera/depth_registered/image_rect_raw/compressed/png_level] by /camera_nodelet_manager
[rosmaster.master][INFO] 2012-12-15 18:54:18,620: +PARAM [/camera/depth_registered/image_rect_raw/theora/optimize_for] by /camera_nodelet_manager
[rosmaster.master][INFO] 2012-12-15 18:54:18,622: +PARAM [/camera/depth_registered/image_rect_raw/theora/target_bitrate] by /camera_nodelet_manager
[rosmaster.master][INFO] 2012-12-15 18:54:18,625: +PARAM [/camera/depth_registered/image_rect_raw/theora/quality] by /camera_nodelet_manager
[rosmaster.master][INFO] 2012-12-15 18:54:18,629: +PARAM [/camera/depth_registered/image_rect_raw/theora/keyframe_frequency] by /camera_nodelet_manager
[rosmaster.master][INFO] 2012-12-15 18:54:18,648: +SUB [/camera/driver/parameter_updates] /set_dr http://pc:35093/
[rosmaster.master][INFO] 2012-12-15 18:54:18,650: +SUB [/camera/driver/parameter_descriptions] /set_dr http://pc:35093/
[rosmaster.master][INFO] 2012-12-15 18:54:18,699: +PARAM [/camera/driver/image_mode] by /camera_nodelet_manager
[rosmaster.master][INFO] 2012-12-15 18:54:18,700: +PARAM [/camera/driver/depth_mode] by /camera_nodelet_manager
[rosmaster.master][INFO] 2012-12-15 18:54:18,701: +PARAM [/camera/driver/depth_registration] by /camera_nodelet_manager
[rosmaster.master][INFO] 2012-12-15 18:54:18,702: +PARAM [/camera/driver/data_skip] by /camera_nodelet_manager
[rosmaster.master][INFO] 2012-12-15 18:54:18,703: +PARAM [/camera/driver/depth_time_offset] by /camera_nodelet_manager
[rosmaster.master][INFO] 2012-12-15 18:54:18,704: +PARAM [/camera/driver/image_time_offset] by /camera_nodelet_manager
[rosmaster.master][INFO] 2012-12-15 18:54:18,705: +PARAM [/camera/driver/depth_ir_offset_x] by /camera_nodelet_manager
[rosmaster.master][INFO] 2012-12-15 18:54:18,706: +PARAM [/camera/driver/depth_ir_offset_y] by /camera_nodelet_manager
[rosmaster.master][INFO] 2012-12-15 18:54:18,707: +PARAM [/camera/driver/z_offset_mm] by /camera_nodelet_manager
[rosmaster.master][INFO] 2012-12-15 18:54:18,710: -SUB [/camera/driver/parameter_updates] /set_dr http://pc:35093/
[rosmaster.master][INFO] 2012-12-15 18:54:18,710: -SUB [/camera/driver/parameter_descriptions] /set_dr http://pc:35093/
[rosmaster.master][INFO] 2012-12-15 18:54:18,710: -PUB [/rosout] /set_dr http://pc:35093/
[rosmaster.master][INFO] 2012-12-15 18:54:18,766: publisherUpdate[/rosout] -> http://pc:37346/
[rosmaster.master][INFO] 2012-12-15 18:54:18,909: +PUB [/camera/depth/points] /camera_nodelet_manager http://pc:49419/
[rosmaster.master][INFO] 2012-12-15 18:54:19,197: +PUB [/camera/depth_registered/image/compressed] /camera_nodelet_manager http://pc:49419/
[rosmaster.master][INFO] 2012-12-15 18:54:19,199: +SERVICE [/camera/depth_registered/image/compressed/set_parameters] /camera_nodelet_manager http://pc:49419/
[rosmaster.master][INFO] 2012-12-15 18:54:19,201: +PUB [/camera/depth_registered/image/compressed/parameter_descriptions] /camera_nodelet_manager http://pc:49419/
[rosmaster.master][INFO] 2012-12-15 18:54:19,205: +PUB [/camera/depth_registered/image/compressed/parameter_updates] /camera_nodelet_manager http://pc:49419/
[rosmaster.master][INFO] 2012-12-15 18:54:19,211: +PARAM [/camera/depth_registered/image/compressed/format] by /camera_nodelet_manager
[rosmaster.master][INFO] 2012-12-15 18:54:19,213: +PARAM [/camera/depth_registered/image/compressed/jpeg_quality] by /camera_nodelet_manager
[rosmaster.master][INFO] 2012-12-15 18:54:19,214: +PARAM [/camera/depth_registered/image/compressed/png_level] by /camera_nodelet_manager
[rosmaster.master][INFO] 2012-12-15 18:54:19,215: +PUB [/camera/depth_registered/image] /camera_nodelet_manager http://pc:49419/
[rosmaster.master][INFO] 2012-12-15 18:54:19,216: +PUB [/camera/depth_registered/image/theora] /camera_nodelet_manager http://pc:49419/
[rosmaster.master][INFO] 2012-12-15 18:54:19,217: +SERVICE [/camera/depth_registered/image/theora/set_parameters] /camera_nodelet_manager http://pc:49419/
[rosmaster.master][INFO] 2012-12-15 18:54:19,218: +PUB [/camera/depth_registered/image/theora/parameter_descriptions] /camera_nodelet_manager http://pc:49419/
[rosmaster.master][INFO] 2012-12-15 18:54:19,220: +PUB [/camera/depth_registered/image/theora/parameter_updates] /camera_nodelet_manager http://pc:49419/
[rosmaster.master][INFO] 2012-12-15 18:54:19,228: +PARAM [/camera/depth_registered/image/theora/optimize_for] by /camera_nodelet_manager
[rosmaster.master][INFO] 2012-12-15 18:54:19,230: +PARAM [/camera/depth_registered/image/theora/target_bitrate] by /camera_nodelet_manager
[rosmaster.master][INFO] 2012-12-15 18:54:19,232: +PARAM [/camera/depth_registered/image/theora/quality] by /camera_nodelet_manager
[rosmaster.master][INFO] 2012-12-15 18:54:19,235: +PARAM [/camera/depth_registered/image/theora/keyframe_frequency] by /camera_nodelet_manager
[rosmaster.master][INFO] 2012-12-15 18:54:19,521: +SERVICE [/camera/depth/rectify_depth/set_parameters] /camera_nodelet_manager http://pc:49419/
[rosmaster.master][INFO] 2012-12-15 18:54:19,524: +PUB [/camera/depth/rectify_depth/parameter_descriptions] /camera_nodelet_manager http://pc:49419/
[rosmaster.master][INFO] 2012-12-15 18:54:19,526: +PUB [/camera/depth/rectify_depth/parameter_updates] /camera_nodelet_manager http://pc:49419/
[rosmaster.master][INFO] 2012-12-15 18:54:19,530: +PARAM [/camera/depth/rectify_depth/interpolation] by /camera_nodelet_manager
[rosmaster.master][INFO] 2012-12-15 18:54:19,533: +PUB [/camera/depth/image_rect_raw/compressed] /camera_nodelet_manager http://pc:49419/
[rosmaster.master][INFO] 2012-12-15 18:54:19,535: +SERVICE [/camera/depth/image_rect_raw/compressed/set_parameters] /camera_nodelet_manager http://pc:49419/
[rosmaster.master][INFO] 2012-12-15 18:54:19,537: +PUB [/camera/depth/image_rect_raw/compressed/parameter_descriptions] /camera_nodelet_manager http://pc:49419/
[rosmaster.master][INFO] 2012-12-15 18:54:19,540: +PUB [/camera/depth/image_rect_raw/compressed/parameter_updates] /camera_nodelet_manager http://pc:49419/
[rosmaster.master][INFO] 2012-12-15 18:54:19,549: +PARAM [/camera/depth/image_rect_raw/compressed/format] by /camera_nodelet_manager
[rosmaster.master][INFO] 2012-12-15 18:54:19,552: +PARAM [/camera/depth/image_rect_raw/compressed/jpeg_quality] by /camera_nodelet_manager
[rosmaster.master][INFO] 2012-12-15 18:54:19,554: +PARAM [/camera/depth/image_rect_raw/compressed/png_level] by /camera_nodelet_manager
[rosmaster.master][INFO] 2012-12-15 18:54:19,557: +PUB [/camera/depth/image_rect_raw] /camera_nodelet_manager http://pc:49419/
[rosmaster.master][INFO] 2012-12-15 18:54:19,560: +PUB [/camera/depth/image_rect_raw/theora] /camera_nodelet_manager http://pc:49419/
[rosmaster.master][INFO] 2012-12-15 18:54:19,562: +SERVICE [/camera/depth/image_rect_raw/theora/set_parameters] /camera_nodelet_manager http://pc:49419/
[rosmaster.master][INFO] 2012-12-15 18:54:19,567: +PUB [/camera/depth/image_rect_raw/theora/parameter_descriptions] /camera_nodelet_manager http://pc:49419/
[rosmaster.master][INFO] 2012-12-15 18:54:19,571: +PUB [/camera/depth/image_rect_raw/theora/parameter_updates] /camera_nodelet_manager http://pc:49419/
[rosmaster.master][INFO] 2012-12-15 18:54:19,581: +PARAM [/camera/depth/image_rect_raw/theora/optimize_for] by /camera_nodelet_manager
[rosmaster.master][INFO] 2012-12-15 18:54:19,583: +PARAM [/camera/depth/image_rect_raw/theora/target_bitrate] by /camera_nodelet_manager
[rosmaster.master][INFO] 2012-12-15 18:54:19,586: +PARAM [/camera/depth/image_rect_raw/theora/quality] by /camera_nodelet_manager
[rosmaster.master][INFO] 2012-12-15 18:54:19,588: +PARAM [/camera/depth/image_rect_raw/theora/keyframe_frequency] by /camera_nodelet_manager
[rosmaster.master][INFO] 2012-12-15 18:54:19,872: +SERVICE [/camera/rgb/rectify_color/set_parameters] /camera_nodelet_manager http://pc:49419/
[rosmaster.master][INFO] 2012-12-15 18:54:19,875: +PUB [/camera/rgb/rectify_color/parameter_descriptions] /camera_nodelet_manager http://pc:49419/
[rosmaster.master][INFO] 2012-12-15 18:54:19,878: +PUB [/camera/rgb/rectify_color/parameter_updates] /camera_nodelet_manager http://pc:49419/
[rosmaster.master][INFO] 2012-12-15 18:54:19,885: +PARAM [/camera/rgb/rectify_color/interpolation] by /camera_nodelet_manager
[rosmaster.master][INFO] 2012-12-15 18:54:19,890: +PUB [/camera/rgb/image_rect_color/compressed] /camera_nodelet_manager http://pc:49419/
[rosmaster.master][INFO] 2012-12-15 18:54:19,894: +SERVICE [/camera/rgb/image_rect_color/compressed/set_parameters] /camera_nodelet_manager http://pc:49419/
[rosmaster.master][INFO] 2012-12-15 18:54:19,897: +PUB [/camera/rgb/image_rect_color/compressed/parameter_descriptions] /camera_nodelet_manager http://pc:49419/
[rosmaster.master][INFO] 2012-12-15 18:54:19,899: +PUB [/camera/rgb/image_rect_color/compressed/parameter_updates] /camera_nodelet_manager http://pc:49419/
[rosmaster.master][INFO] 2012-12-15 18:54:19,908: +PARAM [/camera/rgb/image_rect_color/compressed/format] by /camera_nodelet_manager
[rosmaster.master][INFO] 2012-12-15 18:54:19,910: +PARAM [/camera/rgb/image_rect_color/compressed/jpeg_quality] by /camera_nodelet_manager
[rosmaster.master][INFO] 2012-12-15 18:54:19,912: +PARAM [/camera/rgb/image_rect_color/compressed/png_level] by /camera_nodelet_manager
[rosmaster.master][INFO] 2012-12-15 18:54:19,915: +PUB [/camera/rgb/image_rect_color] /camera_nodelet_manager http://pc:49419/
[rosmaster.master][INFO] 2012-12-15 18:54:19,918: +PUB [/camera/rgb/image_rect_color/theora] /camera_nodelet_manager http://pc:49419/
[rosmaster.master][INFO] 2012-12-15 18:54:19,920: +SERVICE [/camera/rgb/image_rect_color/theora/set_parameters] /camera_nodelet_manager http://pc:49419/
[rosmaster.master][INFO] 2012-12-15 18:54:19,923: +PUB [/camera/rgb/image_rect_color/theora/parameter_descriptions] /camera_nodelet_manager http://pc:49419/
[rosmaster.master][INFO] 2012-12-15 18:54:19,925: +PUB [/camera/rgb/image_rect_color/theora/parameter_updates] /camera_nodelet_manager http://pc:49419/
[rosmaster.master][INFO] 2012-12-15 18:54:19,939: +PARAM [/camera/rgb/image_rect_color/theora/optimize_for] by /camera_nodelet_manager
[rosmaster.master][INFO] 2012-12-15 18:54:19,941: +PARAM [/camera/rgb/image_rect_color/theora/target_bitrate] by /camera_nodelet_manager
[rosmaster.master][INFO] 2012-12-15 18:54:19,944: +PARAM [/camera/rgb/image_rect_color/theora/quality] by /camera_nodelet_manager
[rosmaster.master][INFO] 2012-12-15 18:54:19,946: +PARAM [/camera/rgb/image_rect_color/theora/keyframe_frequency] by /camera_nodelet_manager
[rosmaster.master][INFO] 2012-12-15 18:54:19,972: publisherUpdate[/camera/rgb/image_rect_color] -> http://pc:43113/
[rosmaster.master][INFO] 2012-12-15 18:54:20,019: +SUB [/camera/rgb/image_color] /camera_nodelet_manager http://pc:49419/
[rosmaster.master][INFO] 2012-12-15 18:54:20,021: +SUB [/camera/rgb/camera_info] /camera_nodelet_manager http://pc:49419/
[rosmaster.master][INFO] 2012-12-15 18:54:20,023: +SUB [/camera/rgb/image_raw] /camera_nodelet_manager http://pc:49419/
[rosmaster.master][INFO] 2012-12-15 18:54:20,249: +PUB [/camera/depth/disparity] /camera_nodelet_manager http://pc:49419/
[rosmaster.master][INFO] 2012-12-15 18:54:20,539: +PUB [/camera/depth_registered/image_rect/compressed] /camera_nodelet_manager http://pc:49419/
[rosmaster.master][INFO] 2012-12-15 18:54:20,541: +SERVICE [/camera/depth_registered/image_rect/compressed/set_parameters] /camera_nodelet_manager http://pc:49419/
[rosmaster.master][INFO] 2012-12-15 18:54:20,543: +PUB [/camera/depth_registered/image_rect/compressed/parameter_descriptions] /camera_nodelet_manager http://pc:49419/
[rosmaster.master][INFO] 2012-12-15 18:54:20,546: +PUB [/camera/depth_registered/image_rect/compressed/parameter_updates] /camera_nodelet_manager http://pc:49419/
[rosmaster.master][INFO] 2012-12-15 18:54:20,553: +PARAM [/camera/depth_registered/image_rect/compressed/format] by /camera_nodelet_manager
[rosmaster.master][INFO] 2012-12-15 18:54:20,556: +PARAM [/camera/depth_registered/image_rect/compressed/jpeg_quality] by /camera_nodelet_manager
[rosmaster.master][INFO] 2012-12-15 18:54:20,559: +PARAM [/camera/depth_registered/image_rect/compressed/png_level] by /camera_nodelet_manager
[rosmaster.master][INFO] 2012-12-15 18:54:20,562: +PUB [/camera/depth_registered/image_rect] /camera_nodelet_manager http://pc:49419/
[rosmaster.master][INFO] 2012-12-15 18:54:20,564: +PUB [/camera/depth_registered/image_rect/theora] /camera_nodelet_manager http://pc:49419/
[rosmaster.master][INFO] 2012-12-15 18:54:20,570: +SERVICE [/camera/depth_registered/image_rect/theora/set_parameters] /camera_nodelet_manager http://pc:49419/
[rosmaster.master][INFO] 2012-12-15 18:54:20,574: +PUB [/camera/depth_registered/image_rect/theora/parameter_descriptions] /camera_nodelet_manager http://pc:49419/
[rosmaster.master][INFO] 2012-12-15 18:54:20,575: publisherUpdate[/camera/depth_registered/image_rect] -> http://pc:43113/
[rosmaster.master][INFO] 2012-12-15 18:54:20,580: +PUB [/camera/depth_registered/image_rect/theora/parameter_updates] /camera_nodelet_manager http://pc:49419/
[rosmaster.master][INFO] 2012-12-15 18:54:20,589: +PARAM [/camera/depth_registered/image_rect/theora/optimize_for] by /camera_nodelet_manager
[rosmaster.master][INFO] 2012-12-15 18:54:20,591: +PARAM [/camera/depth_registered/image_rect/theora/target_bitrate] by /camera_nodelet_manager
[rosmaster.master][INFO] 2012-12-15 18:54:20,594: +PARAM [/camera/depth_registered/image_rect/theora/quality] by /camera_nodelet_manager
[rosmaster.master][INFO] 2012-12-15 18:54:20,596: +PARAM [/camera/depth_registered/image_rect/theora/keyframe_frequency] by /camera_nodelet_manager
[rosmaster.master][INFO] 2012-12-15 18:54:20,631: +SUB [/camera/depth_registered/image_rect_raw] /camera_nodelet_manager http://pc:49419/
[rosmaster.master][INFO] 2012-12-15 18:54:20,639: +SUB [/camera/depth/image_rect_raw] /camera_nodelet_manager http://pc:49419/
[rosmaster.master][INFO] 2012-12-15 18:54:20,645: +SUB [/camera/depth_registered/image_raw] /camera_nodelet_manager http://pc:49419/
[rosmaster.master][INFO] 2012-12-15 18:54:20,649: +SUB [/camera/depth_registered/camera_info] /camera_nodelet_manager http://pc:49419/
[rosmaster.master][INFO] 2012-12-15 18:54:20,652: +SUB [/camera/depth/camera_info] /camera_nodelet_manager http://pc:49419/
[rosmaster.master][INFO] 2012-12-15 18:54:20,655: +SUB [/camera/depth/image_raw] /camera_nodelet_manager http://pc:49419/
[rosmaster.master][INFO] 2012-12-15 18:54:24,655: -SUB [/camera/depth_registered/image_rect] /depth_detection http://pc:43113/
[rosmaster.master][INFO] 2012-12-15 18:54:24,656: -SUB [/camera/rgb/image_rect_color] /depth_detection http://pc:43113/
[rosmaster.master][INFO] 2012-12-15 18:54:24,656: -PUB [/rosout] /depth_detection http://pc:43113/
[rosmaster.master][INFO] 2012-12-15 18:54:24,658: -PUB [/camera/depth_registered/disparity] /camera_nodelet_manager http://pc:49419/
[rosmaster.master][INFO] 2012-12-15 18:54:24,663: -SUB [/camera/depth_registered/image_rect_raw] /camera_nodelet_manager http://pc:49419/
[rosmaster.master][INFO] 2012-12-15 18:54:24,664: -PUB [/camera/depth/disparity] /camera_nodelet_manager http://pc:49419/
[rosmaster.master][INFO] 2012-12-15 18:54:24,667: -SUB [/camera/depth_registered/image_raw] /camera_nodelet_manager http://pc:49419/
[rosmaster.master][INFO] 2012-12-15 18:54:24,668: -PUB [/camera/depth_registered/points] /camera_nodelet_manager http://pc:49419/
[rosmaster.master][INFO] 2012-12-15 18:54:24,670: -SUB [/camera/depth_registered/camera_info] /camera_nodelet_manager http://pc:49419/
[rosmaster.master][INFO] 2012-12-15 18:54:24,671: -SUB [/camera/depth/image_rect_raw] /camera_nodelet_manager http://pc:49419/
[rosmaster.master][INFO] 2012-12-15 18:54:24,673: -SUB [/camera/depth/image_raw] /camera_nodelet_manager http://pc:49419/
[rosmaster.master][INFO] 2012-12-15 18:54:24,676: -SUB [/camera/depth/camera_info] /camera_nodelet_manager http://pc:49419/
[rosmaster.master][INFO] 2012-12-15 18:54:24,684: publisherUpdate[/rosout] -> http://pc:37346/
[rosmaster.master][INFO] 2012-12-15 18:54:24,685: -PUB [/rosout] /camera/depth_registered/metric http://pc:56684/
[rosmaster.master][INFO] 2012-12-15 18:54:24,686: publisherUpdate[/rosout] -> http://pc:37346/
[rosmaster.master][INFO] 2012-12-15 18:54:24,687: -SERVICE [/camera/depth_registered/metric/get_loggers] /camera/depth_registered/metric rosrpc://pc:56656
[rosmaster.master][INFO] 2012-12-15 18:54:24,688: -SERVICE [/camera/depth_registered/metric/set_logger_level] /camera/depth_registered/metric rosrpc://pc:56656
[rosmaster.master][INFO] 2012-12-15 18:54:24,769: -PUB [/rosout] /camera/disparity_depth_registered http://pc:36455/
[rosmaster.master][INFO] 2012-12-15 18:54:24,778: -PUB [/rosout] /camera/depth_registered/metric_rect http://pc:55524/
[rosmaster.master][INFO] 2012-12-15 18:54:24,779: -PUB [/rosout] /camera/points_xyzrgb_depth_rgb http://pc:55030/
[rosmaster.master][INFO] 2012-12-15 18:54:24,780: -PUB [/rosout] /camera/disparity_depth http://pc:55152/
[rosmaster.master][INFO] 2012-12-15 18:54:24,781: -SERVICE [/camera/disparity_depth_registered/get_loggers] /camera/disparity_depth_registered rosrpc://pc:39512
[rosmaster.master][INFO] 2012-12-15 18:54:24,785: -SERVICE [/camera/disparity_depth/get_loggers] /camera/disparity_depth rosrpc://pc:51218
[rosmaster.master][INFO] 2012-12-15 18:54:24,787: publisherUpdate[/rosout] -> http://pc:37346/
[rosmaster.master][INFO] 2012-12-15 18:54:24,792: -SERVICE [/camera/disparity_depth_registered/set_logger_level] /camera/disparity_depth_registered rosrpc://pc:39512
[rosmaster.master][INFO] 2012-12-15 18:54:24,794: publisherUpdate[/rosout] -> http://pc:37346/
[rosmaster.master][INFO] 2012-12-15 18:54:24,799: publisherUpdate[/rosout] -> http://pc:37346/
[rosmaster.master][INFO] 2012-12-15 18:54:24,793: -SERVICE [/camera/depth_registered/metric_rect/get_loggers] /camera/depth_registered/metric_rect rosrpc://pc:54714
[rosmaster.master][INFO] 2012-12-15 18:54:24,801: -SERVICE [/camera/disparity_depth/set_logger_level] /camera/disparity_depth rosrpc://pc:51218
[rosmaster.master][INFO] 2012-12-15 18:54:24,803: -SERVICE [/camera/points_xyzrgb_depth_rgb/get_loggers] /camera/points_xyzrgb_depth_rgb rosrpc://pc:52125
[rosmaster.master][INFO] 2012-12-15 18:54:24,804: publisherUpdate[/rosout] -> http://pc:37346/
[rosmaster.master][INFO] 2012-12-15 18:54:24,808: -SERVICE [/camera/depth_registered/metric_rect/set_logger_level] /camera/depth_registered/metric_rect rosrpc://pc:54714
[rosmaster.master][INFO] 2012-12-15 18:54:24,811: -SERVICE [/camera/points_xyzrgb_depth_rgb/set_logger_level] /camera/points_xyzrgb_depth_rgb rosrpc://pc:52125
[rosmaster.master][INFO] 2012-12-15 18:54:24,865: -PUB [/camera/depth_registered/rectify_depth/parameter_descriptions] /camera_nodelet_manager http://pc:49419/
[rosmaster.master][INFO] 2012-12-15 18:54:24,868: -PUB [/camera/depth_registered/rectify_depth/parameter_updates] /camera_nodelet_manager http://pc:49419/
[rosmaster.master][INFO] 2012-12-15 18:54:24,871: -SERVICE [/camera/depth_registered/rectify_depth/set_parameters] /camera_nodelet_manager rosrpc://pc:47390
[rosmaster.master][INFO] 2012-12-15 18:54:24,877: -PUB [/rosout] /camera_base_link2 http://pc:50689/
[rosmaster.master][INFO] 2012-12-15 18:54:24,879: -PUB [/rosout] /camera_base_link http://pc:38912/
[rosmaster.master][INFO] 2012-12-15 18:54:24,884: -PUB [/rosout] /camera_base_link3 http://pc:59869/
[rosmaster.master][INFO] 2012-12-15 18:54:24,887: -PUB [/rosout] /camera_base_link1 http://pc:35224/
[rosmaster.master][INFO] 2012-12-15 18:54:24,888: -PUB [/tf] /camera_base_link http://pc:38912/
[rosmaster.master][INFO] 2012-12-15 18:54:24,889: publisherUpdate[/rosout] -> http://pc:37346/
[rosmaster.master][INFO] 2012-12-15 18:54:24,889: -PUB [/tf] /camera_base_link2 http://pc:50689/
[rosmaster.master][INFO] 2012-12-15 18:54:24,889: publisherUpdate[/tf] -> http://pc:49419/
[rosmaster.master][INFO] 2012-12-15 18:54:24,891: publisherUpdate[/rosout] -> http://pc:37346/
[rosmaster.master][INFO] 2012-12-15 18:54:24,892: -PUB [/tf] /camera_base_link3 http://pc:59869/
[rosmaster.master][INFO] 2012-12-15 18:54:24,893: -PUB [/tf] /camera_base_link1 http://pc:35224/
[rosmaster.master][INFO] 2012-12-15 18:54:24,894: publisherUpdate[/rosout] -> http://pc:37346/
[rosmaster.master][INFO] 2012-12-15 18:54:24,896: publisherUpdate[/tf] -> http://pc:49419/
[rosmaster.master][INFO] 2012-12-15 18:54:24,899: -SERVICE [/camera_base_link/get_loggers] /camera_base_link rosrpc://pc:34794
[rosmaster.master][INFO] 2012-12-15 18:54:24,901: publisherUpdate[/rosout] -> http://pc:37346/
[rosmaster.master][INFO] 2012-12-15 18:54:24,902: publisherUpdate[/tf] -> http://pc:49419/
[rosmaster.master][INFO] 2012-12-15 18:54:24,902: -SERVICE [/camera_base_link2/get_loggers] /camera_base_link2 rosrpc://pc:47741
[rosmaster.master][INFO] 2012-12-15 18:54:24,905: publisherUpdate[/tf] -> http://pc:49419/
[rosmaster.master][INFO] 2012-12-15 18:54:24,908: -SERVICE [/camera_base_link1/get_loggers] /camera_base_link1 rosrpc://pc:53924
[rosmaster.master][INFO] 2012-12-15 18:54:24,910: -SERVICE [/camera_base_link3/get_loggers] /camera_base_link3 rosrpc://pc:37607
[rosmaster.master][INFO] 2012-12-15 18:54:24,911: -SERVICE [/camera_base_link/set_logger_level] /camera_base_link rosrpc://pc:34794
[rosmaster.master][INFO] 2012-12-15 18:54:24,915: -SERVICE [/camera_base_link2/set_logger_level] /camera_base_link2 rosrpc://pc:47741
[rosmaster.master][INFO] 2012-12-15 18:54:24,916: -SERVICE [/camera_base_link1/set_logger_level] /camera_base_link1 rosrpc://pc:53924
[rosmaster.master][INFO] 2012-12-15 18:54:24,917: -SERVICE [/camera_base_link3/set_logger_level] /camera_base_link3 rosrpc://pc:37607
[rosmaster.master][INFO] 2012-12-15 18:54:24,960: -SERVICE [/camera/depth_registered/image_rect_raw/compressed/set_parameters] /camera_nodelet_manager rosrpc://pc:47390
[rosmaster.master][INFO] 2012-12-15 18:54:24,963: -SERVICE [/camera/depth_registered/image_rect_raw/theora/set_parameters] /camera_nodelet_manager rosrpc://pc:47390
[rosmaster.master][INFO] 2012-12-15 18:54:24,970: -SUB [/tf] /camera_nodelet_manager http://pc:49419/
[rosmaster.master][INFO] 2012-12-15 18:54:24,973: -SERVICE [/camera_nodelet_manager/tf_frames] /camera_nodelet_manager rosrpc://pc:47390
[rosmaster.master][INFO] 2012-12-15 18:54:24,987: -PUB [/rosout] /camera/depth_registered/rectify_depth http://pc:48200/
[rosmaster.master][INFO] 2012-12-15 18:54:24,991: -SERVICE [/camera/depth_registered/rectify_depth/get_loggers] /camera/depth_registered/rectify_depth rosrpc://pc:54182
[rosmaster.master][INFO] 2012-12-15 18:54:24,994: -SERVICE [/camera/depth_registered/rectify_depth/set_logger_level] /camera/depth_registered/rectify_depth rosrpc://pc:54182
[rosmaster.master][INFO] 2012-12-15 18:54:25,005: publisherUpdate[/rosout] -> http://pc:37346/
[rosmaster.master][INFO] 2012-12-15 18:54:25,071: -PUB [/rosout] /camera/register_depth_rgb http://pc:52677/
[rosmaster.master][INFO] 2012-12-15 18:54:25,084: -SUB [/camera/rgb/image_color] /camera_nodelet_manager http://pc:49419/
[rosmaster.master][INFO] 2012-12-15 18:54:25,088: -SERVICE [/camera/register_depth_rgb/get_loggers] /camera/register_depth_rgb rosrpc://pc:57764
[rosmaster.master][INFO] 2012-12-15 18:54:25,093: -PUB [/camera/depth/points] /camera_nodelet_manager http://pc:49419/
[rosmaster.master][INFO] 2012-12-15 18:54:25,095: -SUB [/camera/rgb/camera_info] /camera_nodelet_manager http://pc:49419/
[rosmaster.master][INFO] 2012-12-15 18:54:25,098: -SERVICE [/camera/register_depth_rgb/set_logger_level] /camera/register_depth_rgb rosrpc://pc:57764
[rosmaster.master][INFO] 2012-12-15 18:54:25,101: -SUB [/camera/rgb/image_raw] /camera_nodelet_manager http://pc:49419/
[rosmaster.master][INFO] 2012-12-15 18:54:25,103: -PUB [/camera/depth/rectify_depth/parameter_descriptions] /camera_nodelet_manager http://pc:49419/
[rosmaster.master][INFO] 2012-12-15 18:54:25,105: -PUB [/camera/depth/rectify_depth/parameter_updates] /camera_nodelet_manager http://pc:49419/
[rosmaster.master][INFO] 2012-12-15 18:54:25,107: -SERVICE [/camera/depth/rectify_depth/set_parameters] /camera_nodelet_manager rosrpc://pc:47390
[rosmaster.master][INFO] 2012-12-15 18:54:25,108: publisherUpdate[/rosout] -> http://pc:37346/
[rosmaster.master][INFO] 2012-12-15 18:54:25,110: -PUB [/camera/rgb/rectify_color/parameter_descriptions] /camera_nodelet_manager http://pc:49419/
[rosmaster.master][INFO] 2012-12-15 18:54:25,114: -PUB [/camera/rgb/rectify_color/parameter_updates] /camera_nodelet_manager http://pc:49419/
[rosmaster.master][INFO] 2012-12-15 18:54:25,120: -SERVICE [/camera/rgb/rectify_color/set_parameters] /camera_nodelet_manager rosrpc://pc:47390
[rosmaster.master][INFO] 2012-12-15 18:54:25,124: -PUB [/camera/rgb/rectify_mono/parameter_descriptions] /camera_nodelet_manager http://pc:49419/
[rosmaster.master][INFO] 2012-12-15 18:54:25,127: -PUB [/camera/rgb/rectify_mono/parameter_updates] /camera_nodelet_manager http://pc:49419/
[rosmaster.master][INFO] 2012-12-15 18:54:25,128: -SERVICE [/camera/rgb/rectify_mono/set_parameters] /camera_nodelet_manager rosrpc://pc:47390
[rosmaster.master][INFO] 2012-12-15 18:54:25,169: -PUB [/rosout] /camera/depth/metric http://pc:49078/
[rosmaster.master][INFO] 2012-12-15 18:54:25,174: -SERVICE [/camera/depth/metric/get_loggers] /camera/depth/metric rosrpc://pc:39836
[rosmaster.master][INFO] 2012-12-15 18:54:25,177: -PUB [/camera/rgb/debayer/parameter_descriptions] /camera_nodelet_manager http://pc:49419/
[rosmaster.master][INFO] 2012-12-15 18:54:25,180: -PUB [/rosout] /camera/depth/metric_rect http://pc:54388/
[rosmaster.master][INFO] 2012-12-15 18:54:25,184: -SERVICE [/camera/depth/metric/set_logger_level] /camera/depth/metric rosrpc://pc:39836
[rosmaster.master][INFO] 2012-12-15 18:54:25,186: -PUB [/rosout] /camera/depth/rectify_depth http://pc:47534/
[rosmaster.master][INFO] 2012-12-15 18:54:25,188: -PUB [/camera/rgb/debayer/parameter_updates] /camera_nodelet_manager http://pc:49419/
[rosmaster.master][INFO] 2012-12-15 18:54:25,191: -SERVICE [/camera/depth/metric_rect/get_loggers] /camera/depth/metric_rect rosrpc://pc:37242
[rosmaster.master][INFO] 2012-12-15 18:54:25,196: -SERVICE [/camera/depth/rectify_depth/get_loggers] /camera/depth/rectify_depth rosrpc://pc:52598
[rosmaster.master][INFO] 2012-12-15 18:54:25,198: -SERVICE [/camera/rgb/debayer/set_parameters] /camera_nodelet_manager rosrpc://pc:47390
[rosmaster.master][INFO] 2012-12-15 18:54:25,204: -SERVICE [/camera/depth/metric_rect/set_logger_level] /camera/depth/metric_rect rosrpc://pc:37242
[rosmaster.master][INFO] 2012-12-15 18:54:25,206: -SERVICE [/camera/depth/rectify_depth/set_logger_level] /camera/depth/rectify_depth rosrpc://pc:52598
[rosmaster.master][INFO] 2012-12-15 18:54:25,211: publisherUpdate[/rosout] -> http://pc:37346/
[rosmaster.master][INFO] 2012-12-15 18:54:25,213: publisherUpdate[/rosout] -> http://pc:37346/
[rosmaster.master][INFO] 2012-12-15 18:54:25,215: publisherUpdate[/rosout] -> http://pc:37346/
[rosmaster.master][INFO] 2012-12-15 18:54:25,257: -PUB [/rosout] /camera/rgb/rectify_mono http://pc:34010/
[rosmaster.master][INFO] 2012-12-15 18:54:25,262: -SERVICE [/camera/rgb/rectify_mono/get_loggers] /camera/rgb/rectify_mono rosrpc://pc:51136
[rosmaster.master][INFO] 2012-12-15 18:54:25,266: -SERVICE [/camera/rgb/rectify_mono/set_logger_level] /camera/rgb/rectify_mono rosrpc://pc:51136
[rosmaster.master][INFO] 2012-12-15 18:54:25,274: -PUB [/rosout] /camera/depth/points http://pc:56956/
[rosmaster.master][INFO] 2012-12-15 18:54:25,280: -SERVICE [/camera/depth/points/get_loggers] /camera/depth/points rosrpc://pc:40770
[rosmaster.master][INFO] 2012-12-15 18:54:25,283: -PUB [/rosout] /camera/rgb/rectify_color http://pc:51640/
[rosmaster.master][INFO] 2012-12-15 18:54:25,287: -SERVICE [/camera/depth/points/set_logger_level] /camera/depth/points rosrpc://pc:40770
[rosmaster.master][INFO] 2012-12-15 18:54:25,291: -SERVICE [/camera/rgb/rectify_color/get_loggers] /camera/rgb/rectify_color rosrpc://pc:37269
[rosmaster.master][INFO] 2012-12-15 18:54:25,295: -SERVICE [/camera/rgb/rectify_color/set_logger_level] /camera/rgb/rectify_color rosrpc://pc:37269
[rosmaster.master][INFO] 2012-12-15 18:54:25,297: -SERVICE [/camera/ir/set_camera_info] /camera_nodelet_manager rosrpc://pc:47390
[rosmaster.master][INFO] 2012-12-15 18:54:25,299: -SERVICE [/camera/rgb/set_camera_info] /camera_nodelet_manager rosrpc://pc:47390
[rosmaster.master][INFO] 2012-12-15 18:54:25,300: -PUB [/camera/driver/parameter_descriptions] /camera_nodelet_manager http://pc:49419/
[rosmaster.master][INFO] 2012-12-15 18:54:25,301: -PUB [/camera/driver/parameter_updates] /camera_nodelet_manager http://pc:49419/
[rosmaster.master][INFO] 2012-12-15 18:54:25,302: -SERVICE [/camera/driver/set_parameters] /camera_nodelet_manager rosrpc://pc:47390
[rosmaster.master][INFO] 2012-12-15 18:54:25,308: -PUB [/camera/ir/rectify_ir/parameter_descriptions] /camera_nodelet_manager http://pc:49419/
[rosmaster.master][INFO] 2012-12-15 18:54:25,309: -PUB [/camera/ir/rectify_ir/parameter_updates] /camera_nodelet_manager http://pc:49419/
[rosmaster.master][INFO] 2012-12-15 18:54:25,310: -SERVICE [/camera/ir/rectify_ir/set_parameters] /camera_nodelet_manager rosrpc://pc:47390
[rosmaster.master][INFO] 2012-12-15 18:54:25,312: publisherUpdate[/rosout] -> http://pc:37346/
[rosmaster.master][INFO] 2012-12-15 18:54:25,313: publisherUpdate[/rosout] -> http://pc:37346/
[rosmaster.master][INFO] 2012-12-15 18:54:25,314: publisherUpdate[/rosout] -> http://pc:37346/
[rosmaster.master][INFO] 2012-12-15 18:54:25,359: -PUB [/rosout] /camera/rgb/debayer http://pc:55978/
[rosmaster.master][INFO] 2012-12-15 18:54:25,362: -PUB [/rosout] /camera/driver http://pc:43706/
[rosmaster.master][INFO] 2012-12-15 18:54:25,365: -SERVICE [/camera/rgb/debayer/get_loggers] /camera/rgb/debayer rosrpc://pc:39215
[rosmaster.master][INFO] 2012-12-15 18:54:25,366: -SERVICE [/camera/driver/get_loggers] /camera/driver rosrpc://pc:47290
[rosmaster.master][INFO] 2012-12-15 18:54:25,368: -SERVICE [/camera/rgb/debayer/set_logger_level] /camera/rgb/debayer rosrpc://pc:39215
[rosmaster.master][INFO] 2012-12-15 18:54:25,369: -SERVICE [/camera/driver/set_logger_level] /camera/driver rosrpc://pc:47290
[rosmaster.master][INFO] 2012-12-15 18:54:25,378: -PUB [/rosout] /camera/ir/rectify_ir http://pc:60178/
[rosmaster.master][INFO] 2012-12-15 18:54:25,380: -SERVICE [/camera/ir/rectify_ir/get_loggers] /camera/ir/rectify_ir rosrpc://pc:36584
[rosmaster.master][INFO] 2012-12-15 18:54:25,381: -SERVICE [/camera/ir/rectify_ir/set_logger_level] /camera/ir/rectify_ir rosrpc://pc:36584
[rosmaster.master][INFO] 2012-12-15 18:54:25,414: publisherUpdate[/rosout] -> http://pc:37346/
[rosmaster.master][INFO] 2012-12-15 18:54:25,415: publisherUpdate[/rosout] -> http://pc:37346/
[rosmaster.master][INFO] 2012-12-15 18:54:25,415: publisherUpdate[/rosout] -> http://pc:37346/
[rosmaster.master][INFO] 2012-12-15 18:54:25,508: -PUB [/rosout] /camera_nodelet_manager http://pc:49419/
[rosmaster.master][INFO] 2012-12-15 18:54:25,509: -PUB [/camera/depth/image/compressed] /camera_nodelet_manager http://pc:49419/
[rosmaster.master][INFO] 2012-12-15 18:54:25,510: -PUB [/camera/depth/image/compressed/parameter_descriptions] /camera_nodelet_manager http://pc:49419/
[rosmaster.master][INFO] 2012-12-15 18:54:25,511: -PUB [/camera/depth/image/compressed/parameter_updates] /camera_nodelet_manager http://pc:49419/
[rosmaster.master][INFO] 2012-12-15 18:54:25,512: -PUB [/camera/depth/image] /camera_nodelet_manager http://pc:49419/
[rosmaster.master][INFO] 2012-12-15 18:54:25,513: -PUB [/camera/depth/image/theora] /camera_nodelet_manager http://pc:49419/
[rosmaster.master][INFO] 2012-12-15 18:54:25,514: -PUB [/camera/depth/image/theora/parameter_descriptions] /camera_nodelet_manager http://pc:49419/
[rosmaster.master][INFO] 2012-12-15 18:54:25,515: -PUB [/camera/depth/image/theora/parameter_updates] /camera_nodelet_manager http://pc:49419/
[rosmaster.master][INFO] 2012-12-15 18:54:25,515: publisherUpdate[/rosout] -> http://pc:37346/
[rosmaster.master][INFO] 2012-12-15 18:54:25,516: -PUB [/camera/rgb/image_rect/compressed] /camera_nodelet_manager http://pc:49419/
[rosmaster.master][INFO] 2012-12-15 18:54:25,517: -PUB [/camera/rgb/image_rect/compressed/parameter_descriptions] /camera_nodelet_manager http://pc:49419/
[rosmaster.master][INFO] 2012-12-15 18:54:25,518: -PUB [/camera/rgb/image_rect/compressed/parameter_updates] /camera_nodelet_manager http://pc:49419/
[rosmaster.master][INFO] 2012-12-15 18:54:25,519: -PUB [/camera/rgb/image_rect] /camera_nodelet_manager http://pc:49419/
[rosmaster.master][INFO] 2012-12-15 18:54:25,520: -PUB [/camera/rgb/image_rect/theora] /camera_nodelet_manager http://pc:49419/
[rosmaster.master][INFO] 2012-12-15 18:54:25,521: -PUB [/camera/rgb/image_rect/theora/parameter_descriptions] /camera_nodelet_manager http://pc:49419/
[rosmaster.master][INFO] 2012-12-15 18:54:25,522: -PUB [/camera/rgb/image_rect/theora/parameter_updates] /camera_nodelet_manager http://pc:49419/
[rosmaster.master][INFO] 2012-12-15 18:54:25,523: -PUB [/camera/rgb/image_mono/compressed] /camera_nodelet_manager http://pc:49419/
[rosmaster.master][INFO] 2012-12-15 18:54:25,524: -PUB [/camera/rgb/image_mono/compressed/parameter_descriptions] /camera_nodelet_manager http://pc:49419/
[rosmaster.master][INFO] 2012-12-15 18:54:25,526: -PUB [/camera/rgb/image_mono/compressed/parameter_updates] /camera_nodelet_manager http://pc:49419/
[rosmaster.master][INFO] 2012-12-15 18:54:25,527: -PUB [/camera/rgb/image_mono] /camera_nodelet_manager http://pc:49419/
[rosmaster.master][INFO] 2012-12-15 18:54:25,528: -PUB [/camera/rgb/image_mono/theora] /camera_nodelet_manager http://pc:49419/
[rosmaster.master][INFO] 2012-12-15 18:54:25,529: -PUB [/camera/rgb/image_mono/theora/parameter_descriptions] /camera_nodelet_manager http://pc:49419/
[rosmaster.master][INFO] 2012-12-15 18:54:25,530: -PUB [/camera/rgb/image_mono/theora/parameter_updates] /camera_nodelet_manager http://pc:49419/
[rosmaster.master][INFO] 2012-12-15 18:54:25,531: -PUB [/camera/rgb/image_color/compressed] /camera_nodelet_manager http://pc:49419/
[rosmaster.master][INFO] 2012-12-15 18:54:25,531: -PUB [/camera/rgb/image_color/compressed/parameter_descriptions] /camera_nodelet_manager http://pc:49419/
[rosmaster.master][INFO] 2012-12-15 18:54:25,532: -PUB [/camera/rgb/image_color/compressed/parameter_updates] /camera_nodelet_manager http://pc:49419/
[rosmaster.master][INFO] 2012-12-15 18:54:25,533: -PUB [/camera/rgb/image_color] /camera_nodelet_manager http://pc:49419/
[rosmaster.master][INFO] 2012-12-15 18:54:25,535: -PUB [/camera/rgb/image_color/theora] /camera_nodelet_manager http://pc:49419/
[rosmaster.master][INFO] 2012-12-15 18:54:25,536: -PUB [/camera/rgb/image_color/theora/parameter_descriptions] /camera_nodelet_manager http://pc:49419/
[rosmaster.master][INFO] 2012-12-15 18:54:25,538: -PUB [/camera/rgb/image_color/theora/parameter_updates] /camera_nodelet_manager http://pc:49419/
[rosmaster.master][INFO] 2012-12-15 18:54:25,539: -PUB [/camera/ir/image_rect/compressed] /camera_nodelet_manager http://pc:49419/
[rosmaster.master][INFO] 2012-12-15 18:54:25,540: -PUB [/camera/ir/image_rect/compressed/parameter_descriptions] /camera_nodelet_manager http://pc:49419/
[rosmaster.master][INFO] 2012-12-15 18:54:25,541: -PUB [/camera/ir/image_rect/compressed/parameter_updates] /camera_nodelet_manager http://pc:49419/
[rosmaster.master][INFO] 2012-12-15 18:54:25,542: -PUB [/camera/ir/image_rect] /camera_nodelet_manager http://pc:49419/
[rosmaster.master][INFO] 2012-12-15 18:54:25,543: -PUB [/camera/ir/image_rect/theora] /camera_nodelet_manager http://pc:49419/
[rosmaster.master][INFO] 2012-12-15 18:54:25,543: -PUB [/camera/ir/image_rect/theora/parameter_descriptions] /camera_nodelet_manager http://pc:49419/
[rosmaster.master][INFO] 2012-12-15 18:54:25,544: -PUB [/camera/ir/image_rect/theora/parameter_updates] /camera_nodelet_manager http://pc:49419/
[rosmaster.master][INFO] 2012-12-15 18:54:25,545: -PUB [/camera/depth/image_rect/compressed] /camera_nodelet_manager http://pc:49419/
[rosmaster.master][INFO] 2012-12-15 18:54:25,546: -PUB [/camera/depth/image_rect/compressed/parameter_descriptions] /camera_nodelet_manager http://pc:49419/
[rosmaster.master][INFO] 2012-12-15 18:54:25,547: -PUB [/camera/depth/image_rect/compressed/parameter_updates] /camera_nodelet_manager http://pc:49419/
[rosmaster.master][INFO] 2012-12-15 18:54:25,548: -PUB [/camera/depth/image_rect] /camera_nodelet_manager http://pc:49419/
[rosmaster.master][INFO] 2012-12-15 18:54:25,548: -PUB [/camera/depth/image_rect/theora] /camera_nodelet_manager http://pc:49419/
[rosmaster.master][INFO] 2012-12-15 18:54:25,549: -PUB [/camera/depth/image_rect/theora/parameter_descriptions] /camera_nodelet_manager http://pc:49419/
[rosmaster.master][INFO] 2012-12-15 18:54:25,550: -PUB [/camera/depth/image_rect/theora/parameter_updates] /camera_nodelet_manager http://pc:49419/
[rosmaster.master][INFO] 2012-12-15 18:54:25,552: -PUB [/camera/depth_registered/image_rect_raw/compressed] /camera_nodelet_manager http://pc:49419/
[rosmaster.master][INFO] 2012-12-15 18:54:25,553: -PUB [/camera/depth_registered/image_rect_raw/compressed/parameter_descriptions] /camera_nodelet_manager http://pc:49419/
[rosmaster.master][INFO] 2012-12-15 18:54:25,554: -PUB [/camera/depth_registered/image_rect_raw/compressed/parameter_updates] /camera_nodelet_manager http://pc:49419/
[rosmaster.master][INFO] 2012-12-15 18:54:25,556: -PUB [/camera/depth_registered/image_rect_raw] /camera_nodelet_manager http://pc:49419/
[rosmaster.master][INFO] 2012-12-15 18:54:25,558: -PUB [/camera/depth_registered/image_rect_raw/theora] /camera_nodelet_manager http://pc:49419/
[rosmaster.master][INFO] 2012-12-15 18:54:25,559: -PUB [/camera/depth_registered/image_rect_raw/theora/parameter_descriptions] /camera_nodelet_manager http://pc:49419/
[rosmaster.master][INFO] 2012-12-15 18:54:25,560: -PUB [/camera/depth_registered/image_rect_raw/theora/parameter_updates] /camera_nodelet_manager http://pc:49419/
[rosmaster.master][INFO] 2012-12-15 18:54:25,561: -PUB [/camera/depth_registered/camera_info] /camera_nodelet_manager http://pc:49419/
[rosmaster.master][INFO] 2012-12-15 18:54:25,562: -PUB [/camera/rgb/image_raw/compressed] /camera_nodelet_manager http://pc:49419/
[rosmaster.master][INFO] 2012-12-15 18:54:25,562: -PUB [/camera/rgb/image_raw/compressed/parameter_descriptions] /camera_nodelet_manager http://pc:49419/
[rosmaster.master][INFO] 2012-12-15 18:54:25,563: -PUB [/camera/rgb/image_raw/compressed/parameter_updates] /camera_nodelet_manager http://pc:49419/
[rosmaster.master][INFO] 2012-12-15 18:54:25,564: -PUB [/camera/rgb/image_raw] /camera_nodelet_manager http://pc:49419/
[rosmaster.master][INFO] 2012-12-15 18:54:25,566: -PUB [/camera/rgb/image_raw/theora] /camera_nodelet_manager http://pc:49419/
[rosmaster.master][INFO] 2012-12-15 18:54:25,567: -PUB [/camera/rgb/image_raw/theora/parameter_descriptions] /camera_nodelet_manager http://pc:49419/
[rosmaster.master][INFO] 2012-12-15 18:54:25,568: -PUB [/camera/rgb/image_raw/theora/parameter_updates] /camera_nodelet_manager http://pc:49419/
[rosmaster.master][INFO] 2012-12-15 18:54:25,569: -PUB [/camera/rgb/camera_info] /camera_nodelet_manager http://pc:49419/
[rosmaster.master][INFO] 2012-12-15 18:54:25,570: -PUB [/camera/ir/image_raw/compressed] /camera_nodelet_manager http://pc:49419/
[rosmaster.master][INFO] 2012-12-15 18:54:25,571: -PUB [/camera/ir/image_raw/compressed/parameter_descriptions] /camera_nodelet_manager http://pc:49419/
[rosmaster.master][INFO] 2012-12-15 18:54:25,572: -PUB [/camera/ir/image_raw/compressed/parameter_updates] /camera_nodelet_manager http://pc:49419/
[rosmaster.master][INFO] 2012-12-15 18:54:25,572: -PUB [/camera/ir/image_raw] /camera_nodelet_manager http://pc:49419/
[rosmaster.master][INFO] 2012-12-15 18:54:25,573: -PUB [/camera/ir/image_raw/theora] /camera_nodelet_manager http://pc:49419/
[rosmaster.master][INFO] 2012-12-15 18:54:25,574: -PUB [/camera/ir/image_raw/theora/parameter_descriptions] /camera_nodelet_manager http://pc:49419/
[rosmaster.master][INFO] 2012-12-15 18:54:25,575: -PUB [/camera/ir/image_raw/theora/parameter_updates] /camera_nodelet_manager http://pc:49419/
[rosmaster.master][INFO] 2012-12-15 18:54:25,576: -PUB [/camera/ir/camera_info] /camera_nodelet_manager http://pc:49419/
[rosmaster.master][INFO] 2012-12-15 18:54:25,577: -PUB [/camera/depth/image_raw/compressed] /camera_nodelet_manager http://pc:49419/
[rosmaster.master][INFO] 2012-12-15 18:54:25,578: -PUB [/camera/depth/image_raw/compressed/parameter_descriptions] /camera_nodelet_manager http://pc:49419/
[rosmaster.master][INFO] 2012-12-15 18:54:25,578: -PUB [/camera/depth/image_raw/compressed/parameter_updates] /camera_nodelet_manager http://pc:49419/
[rosmaster.master][INFO] 2012-12-15 18:54:25,579: -PUB [/camera/depth/image_raw] /camera_nodelet_manager http://pc:49419/
[rosmaster.master][INFO] 2012-12-15 18:54:25,580: -PUB [/camera/depth/image_raw/theora] /camera_nodelet_manager http://pc:49419/
[rosmaster.master][INFO] 2012-12-15 18:54:25,581: -PUB [/camera/depth/image_raw/theora/parameter_descriptions] /camera_nodelet_manager http://pc:49419/
[rosmaster.master][INFO] 2012-12-15 18:54:25,582: -PUB [/camera/depth/image_raw/theora/parameter_updates] /camera_nodelet_manager http://pc:49419/
[rosmaster.master][INFO] 2012-12-15 18:54:25,583: -PUB [/camera/depth/camera_info] /camera_nodelet_manager http://pc:49419/
[rosmaster.master][INFO] 2012-12-15 18:54:25,584: -PUB [/camera/projector/camera_info] /camera_nodelet_manager http://pc:49419/
[rosmaster.master][INFO] 2012-12-15 18:54:25,584: -PUB [/camera/depth_registered/image_raw/compressed] /camera_nodelet_manager http://pc:49419/
[rosmaster.master][INFO] 2012-12-15 18:54:25,585: -PUB [/camera/depth_registered/image_raw/compressed/parameter_descriptions] /camera_nodelet_manager http://pc:49419/
[rosmaster.master][INFO] 2012-12-15 18:54:25,586: -PUB [/camera/depth_registered/image_raw/compressed/parameter_updates] /camera_nodelet_manager http://pc:49419/
[rosmaster.master][INFO] 2012-12-15 18:54:25,587: -PUB [/camera/depth_registered/image_raw] /camera_nodelet_manager http://pc:49419/
[rosmaster.master][INFO] 2012-12-15 18:54:25,588: -PUB [/camera/depth_registered/image_raw/theora] /camera_nodelet_manager http://pc:49419/
[rosmaster.master][INFO] 2012-12-15 18:54:25,589: -PUB [/camera/depth_registered/image_raw/theora/parameter_descriptions] /camera_nodelet_manager http://pc:49419/
[rosmaster.master][INFO] 2012-12-15 18:54:25,590: -PUB [/camera/depth_registered/image_raw/theora/parameter_updates] /camera_nodelet_manager http://pc:49419/
[rosmaster.master][INFO] 2012-12-15 18:54:25,590: -PUB [/camera/depth_registered/image/compressed] /camera_nodelet_manager http://pc:49419/
[rosmaster.master][INFO] 2012-12-15 18:54:25,591: -PUB [/camera/depth_registered/image/compressed/parameter_descriptions] /camera_nodelet_manager http://pc:49419/
[rosmaster.master][INFO] 2012-12-15 18:54:25,592: -PUB [/camera/depth_registered/image/compressed/parameter_updates] /camera_nodelet_manager http://pc:49419/
[rosmaster.master][INFO] 2012-12-15 18:54:25,593: -PUB [/camera/depth_registered/image] /camera_nodelet_manager http://pc:49419/
[rosmaster.master][INFO] 2012-12-15 18:54:25,594: -PUB [/camera/depth_registered/image/theora] /camera_nodelet_manager http://pc:49419/
[rosmaster.master][INFO] 2012-12-15 18:54:25,595: -PUB [/camera/depth_registered/image/theora/parameter_descriptions] /camera_nodelet_manager http://pc:49419/
[rosmaster.master][INFO] 2012-12-15 18:54:25,596: -PUB [/camera/depth_registered/image/theora/parameter_updates] /camera_nodelet_manager http://pc:49419/
[rosmaster.master][INFO] 2012-12-15 18:54:25,597: -PUB [/camera/depth/image_rect_raw/compressed] /camera_nodelet_manager http://pc:49419/
[rosmaster.master][INFO] 2012-12-15 18:54:25,598: -PUB [/camera/depth/image_rect_raw/compressed/parameter_descriptions] /camera_nodelet_manager http://pc:49419/
[rosmaster.master][INFO] 2012-12-15 18:54:25,600: -PUB [/camera/depth/image_rect_raw/compressed/parameter_updates] /camera_nodelet_manager http://pc:49419/
[rosmaster.master][INFO] 2012-12-15 18:54:25,601: -PUB [/camera/depth/image_rect_raw] /camera_nodelet_manager http://pc:49419/
[rosmaster.master][INFO] 2012-12-15 18:54:25,602: -PUB [/camera/depth/image_rect_raw/theora] /camera_nodelet_manager http://pc:49419/
[rosmaster.master][INFO] 2012-12-15 18:54:25,603: -PUB [/camera/depth/image_rect_raw/theora/parameter_descriptions] /camera_nodelet_manager http://pc:49419/
[rosmaster.master][INFO] 2012-12-15 18:54:25,604: -PUB [/camera/depth/image_rect_raw/theora/parameter_updates] /camera_nodelet_manager http://pc:49419/
[rosmaster.master][INFO] 2012-12-15 18:54:25,604: -PUB [/camera/rgb/image_rect_color/compressed] /camera_nodelet_manager http://pc:49419/
[rosmaster.master][INFO] 2012-12-15 18:54:25,605: -PUB [/camera/rgb/image_rect_color/compressed/parameter_descriptions] /camera_nodelet_manager http://pc:49419/
[rosmaster.master][INFO] 2012-12-15 18:54:25,606: -PUB [/camera/rgb/image_rect_color/compressed/parameter_updates] /camera_nodelet_manager http://pc:49419/
[rosmaster.master][INFO] 2012-12-15 18:54:25,607: -PUB [/camera/rgb/image_rect_color] /camera_nodelet_manager http://pc:49419/
[rosmaster.master][INFO] 2012-12-15 18:54:25,608: -PUB [/camera/rgb/image_rect_color/theora] /camera_nodelet_manager http://pc:49419/
[rosmaster.master][INFO] 2012-12-15 18:54:25,609: -PUB [/camera/rgb/image_rect_color/theora/parameter_descriptions] /camera_nodelet_manager http://pc:49419/
[rosmaster.master][INFO] 2012-12-15 18:54:25,610: -PUB [/camera/rgb/image_rect_color/theora/parameter_updates] /camera_nodelet_manager http://pc:49419/
[rosmaster.master][INFO] 2012-12-15 18:54:25,610: -PUB [/camera/depth_registered/image_rect/compressed] /camera_nodelet_manager http://pc:49419/
[rosmaster.master][INFO] 2012-12-15 18:54:25,611: -PUB [/camera/depth_registered/image_rect/compressed/parameter_descriptions] /camera_nodelet_manager http://pc:49419/
[rosmaster.master][INFO] 2012-12-15 18:54:25,612: -PUB [/camera/depth_registered/image_rect/compressed/parameter_updates] /camera_nodelet_manager http://pc:49419/
[rosmaster.master][INFO] 2012-12-15 18:54:25,613: -PUB [/camera/depth_registered/image_rect] /camera_nodelet_manager http://pc:49419/
[rosmaster.master][INFO] 2012-12-15 18:54:25,614: -PUB [/camera/depth_registered/image_rect/theora] /camera_nodelet_manager http://pc:49419/
[rosmaster.master][INFO] 2012-12-15 18:54:25,615: -PUB [/camera/depth_registered/image_rect/theora/parameter_descriptions] /camera_nodelet_manager http://pc:49419/
[rosmaster.master][INFO] 2012-12-15 18:54:25,616: -PUB [/camera/depth_registered/image_rect/theora/parameter_updates] /camera_nodelet_manager http://pc:49419/
[rosmaster.master][INFO] 2012-12-15 18:54:25,617: -SERVICE [/camera_nodelet_manager/get_loggers] /camera_nodelet_manager rosrpc://pc:47390
[rosmaster.master][INFO] 2012-12-15 18:54:25,618: -SERVICE [/camera_nodelet_manager/set_logger_level] /camera_nodelet_manager rosrpc://pc:47390
[rosmaster.master][INFO] 2012-12-15 18:54:25,619: -SERVICE [/camera_nodelet_manager/load_nodelet] /camera_nodelet_manager rosrpc://pc:47390
[rosmaster.master][INFO] 2012-12-15 18:54:25,620: -SERVICE [/camera_nodelet_manager/unload_nodelet] /camera_nodelet_manager rosrpc://pc:47390
[rosmaster.master][INFO] 2012-12-15 18:54:25,620: -SERVICE [/camera_nodelet_manager/list] /camera_nodelet_manager rosrpc://pc:47390
[rosmaster.master][INFO] 2012-12-15 18:54:25,621: -SERVICE [/camera/depth/image/compressed/set_parameters] /camera_nodelet_manager rosrpc://pc:47390
[rosmaster.master][INFO] 2012-12-15 18:54:25,622: -SERVICE [/camera/depth/image/theora/set_parameters] /camera_nodelet_manager rosrpc://pc:47390
[rosmaster.master][INFO] 2012-12-15 18:54:25,623: -SERVICE [/camera/rgb/image_rect/compressed/set_parameters] /camera_nodelet_manager rosrpc://pc:47390
[rosmaster.master][INFO] 2012-12-15 18:54:25,624: -SERVICE [/camera/rgb/image_rect/theora/set_parameters] /camera_nodelet_manager rosrpc://pc:47390
[rosmaster.master][INFO] 2012-12-15 18:54:25,625: -SERVICE [/camera/rgb/image_mono/compressed/set_parameters] /camera_nodelet_manager rosrpc://pc:47390
[rosmaster.master][INFO] 2012-12-15 18:54:25,626: -SERVICE [/camera/rgb/image_mono/theora/set_parameters] /camera_nodelet_manager rosrpc://pc:47390
[rosmaster.master][INFO] 2012-12-15 18:54:25,626: -SERVICE [/camera/rgb/image_color/compressed/set_parameters] /camera_nodelet_manager rosrpc://pc:47390
[rosmaster.master][INFO] 2012-12-15 18:54:25,627: -SERVICE [/camera/rgb/image_color/theora/set_parameters] /camera_nodelet_manager rosrpc://pc:47390
[rosmaster.master][INFO] 2012-12-15 18:54:25,628: -SERVICE [/camera/ir/image_rect/compressed/set_parameters] /camera_nodelet_manager rosrpc://pc:47390
[rosmaster.master][INFO] 2012-12-15 18:54:25,629: -SERVICE [/camera/ir/image_rect/theora/set_parameters] /camera_nodelet_manager rosrpc://pc:47390
[rosmaster.master][INFO] 2012-12-15 18:54:25,630: -SERVICE [/camera/depth/image_rect/compressed/set_parameters] /camera_nodelet_manager rosrpc://pc:47390
[rosmaster.master][INFO] 2012-12-15 18:54:25,631: -SERVICE [/camera/depth/image_rect/theora/set_parameters] /camera_nodelet_manager rosrpc://pc:47390
[rosmaster.master][INFO] 2012-12-15 18:54:25,632: -SERVICE [/camera/rgb/image_raw/compressed/set_parameters] /camera_nodelet_manager rosrpc://pc:47390
[rosmaster.master][INFO] 2012-12-15 18:54:25,633: -SERVICE [/camera/rgb/image_raw/theora/set_parameters] /camera_nodelet_manager rosrpc://pc:47390
[rosmaster.master][INFO] 2012-12-15 18:54:25,634: -SERVICE [/camera/ir/image_raw/compressed/set_parameters] /camera_nodelet_manager rosrpc://pc:47390
[rosmaster.master][INFO] 2012-12-15 18:54:25,634: -SERVICE [/camera/ir/image_raw/theora/set_parameters] /camera_nodelet_manager rosrpc://pc:47390
[rosmaster.master][INFO] 2012-12-15 18:54:25,635: -SERVICE [/camera/depth/image_raw/compressed/set_parameters] /camera_nodelet_manager rosrpc://pc:47390
[rosmaster.master][INFO] 2012-12-15 18:54:25,636: -SERVICE [/camera/depth/image_raw/theora/set_parameters] /camera_nodelet_manager rosrpc://pc:47390
[rosmaster.master][INFO] 2012-12-15 18:54:25,637: -SERVICE [/camera/depth_registered/image_raw/compressed/set_parameters] /camera_nodelet_manager rosrpc://pc:47390
[rosmaster.master][INFO] 2012-12-15 18:54:25,638: -SERVICE [/camera/depth_registered/image_raw/theora/set_parameters] /camera_nodelet_manager rosrpc://pc:47390
[rosmaster.master][INFO] 2012-12-15 18:54:25,639: -SERVICE [/camera/depth_registered/image/compressed/set_parameters] /camera_nodelet_manager rosrpc://pc:47390
[rosmaster.master][INFO] 2012-12-15 18:54:25,640: -SERVICE [/camera/depth_registered/image/theora/set_parameters] /camera_nodelet_manager rosrpc://pc:47390
[rosmaster.master][INFO] 2012-12-15 18:54:25,641: -SERVICE [/camera/depth/image_rect_raw/compressed/set_parameters] /camera_nodelet_manager rosrpc://pc:47390
[rosmaster.master][INFO] 2012-12-15 18:54:25,642: -SERVICE [/camera/depth/image_rect_raw/theora/set_parameters] /camera_nodelet_manager rosrpc://pc:47390
[rosmaster.master][INFO] 2012-12-15 18:54:25,643: -SERVICE [/camera/rgb/image_rect_color/compressed/set_parameters] /camera_nodelet_manager rosrpc://pc:47390
[rosmaster.master][INFO] 2012-12-15 18:54:25,644: -SERVICE [/camera/rgb/image_rect_color/theora/set_parameters] /camera_nodelet_manager rosrpc://pc:47390
[rosmaster.master][INFO] 2012-12-15 18:54:25,645: -SERVICE [/camera/depth_registered/image_rect/compressed/set_parameters] /camera_nodelet_manager rosrpc://pc:47390
[rosmaster.master][INFO] 2012-12-15 18:54:25,646: -SERVICE [/camera/depth_registered/image_rect/theora/set_parameters] /camera_nodelet_manager rosrpc://pc:47390
[rosmaster.master][INFO] 2012-12-15 18:54:26,018: -PUB [/rosout_agg] /rosout http://pc:37346/
[rosmaster.master][INFO] 2012-12-15 18:54:26,019: -SUB [/rosout] /rosout http://pc:37346/
[rosmaster.master][INFO] 2012-12-15 18:54:26,020: -SERVICE [/rosout/get_loggers] /rosout rosrpc://pc:52204
[rosmaster.master][INFO] 2012-12-15 18:54:26,021: -SERVICE [/rosout/set_logger_level] /rosout rosrpc://pc:52204
[rosmaster.main][INFO] 2012-12-15 18:54:26,084: keyboard interrupt, will exit
[rosmaster.main][INFO] 2012-12-15 18:54:26,085: stopping master...
