[rosmaster.main][INFO] 2012-12-15 15:30:08,602: initialization complete, waiting for shutdown
[rosmaster.main][INFO] 2012-12-15 15:30:08,602: Starting ROS Master Node
[xmlrpc][INFO] 2012-12-15 15:30:08,603: XML-RPC server binding to 0.0.0.0
[xmlrpc][INFO] 2012-12-15 15:30:08,604: Started XML-RPC server [http://pc:11311/]
[rosmaster.master][INFO] 2012-12-15 15:30:08,605: Master initialized: port[11311], uri[http://pc:11311/]
[xmlrpc][INFO] 2012-12-15 15:30:08,605: xml rpc node: starting XML-RPC server
[rosmaster.master][INFO] 2012-12-15 15:30:08,624: +PARAM [/run_id] by /roslaunch
[rosmaster.master][INFO] 2012-12-15 15:30:08,628: +PARAM [/roslaunch/uris/host_pc__34675] by /roslaunch
[rosmaster.master][INFO] 2012-12-15 15:30:08,655: +PARAM [/rosdistro] by /roslaunch
[rosmaster.master][INFO] 2012-12-15 15:30:08,656: +PARAM [/camera/driver/rgb_frame_id] by /roslaunch
[rosmaster.master][INFO] 2012-12-15 15:30:08,656: +PARAM [/camera/disparity_depth_registered/min_range] by /roslaunch
[rosmaster.master][INFO] 2012-12-15 15:30:08,656: +PARAM [/camera/driver/rgb_camera_info_url] by /roslaunch
[rosmaster.master][INFO] 2012-12-15 15:30:08,656: +PARAM [/camera/depth_registered/rectify_depth/interpolation] by /roslaunch
[rosmaster.master][INFO] 2012-12-15 15:30:08,656: +PARAM [/camera/driver/depth_frame_id] by /roslaunch
[rosmaster.master][INFO] 2012-12-15 15:30:08,656: +PARAM [/camera/depth/rectify_depth/interpolation] by /roslaunch
[rosmaster.master][INFO] 2012-12-15 15:30:08,656: +PARAM [/camera/disparity_depth/max_range] by /roslaunch
[rosmaster.master][INFO] 2012-12-15 15:30:08,656: +PARAM [/rosversion] by /roslaunch
[rosmaster.master][INFO] 2012-12-15 15:30:08,657: +PARAM [/camera/driver/device_id] by /roslaunch
[rosmaster.master][INFO] 2012-12-15 15:30:08,657: +PARAM [/camera/driver/depth_camera_info_url] by /roslaunch
[rosmaster.master][INFO] 2012-12-15 15:30:08,657: +PARAM [/camera/disparity_depth/min_range] by /roslaunch
[rosmaster.master][INFO] 2012-12-15 15:30:08,657: +PARAM [/camera/disparity_depth_registered/max_range] by /roslaunch
[rosmaster.master][INFO] 2012-12-15 15:30:08,664: +SERVICE [/rosout/get_loggers] /rosout http://pc:33261/
[rosmaster.master][INFO] 2012-12-15 15:30:08,665: +SERVICE [/rosout/set_logger_level] /rosout http://pc:33261/
[rosmaster.master][INFO] 2012-12-15 15:30:08,668: +PUB [/rosout_agg] /rosout http://pc:33261/
[rosmaster.master][INFO] 2012-12-15 15:30:08,671: +SUB [/rosout] /rosout http://pc:33261/
[rosmaster.master][INFO] 2012-12-15 15:30:08,696: +PUB [/rosout] /camera/driver http://pc:49751/
[rosmaster.master][INFO] 2012-12-15 15:30:08,698: +SERVICE [/camera/driver/get_loggers] /camera/driver http://pc:49751/
[rosmaster.master][INFO] 2012-12-15 15:30:08,699: +SERVICE [/camera/driver/set_logger_level] /camera/driver http://pc:49751/
[rosmaster.master][INFO] 2012-12-15 15:30:08,704: publisherUpdate[/rosout] -> http://pc:33261/
[rosmaster.master][INFO] 2012-12-15 15:30:08,713: +PUB [/rosout] /camera/rgb/debayer http://pc:40593/
[rosmaster.master][INFO] 2012-12-15 15:30:08,725: +SERVICE [/camera/rgb/debayer/get_loggers] /camera/rgb/debayer http://pc:40593/
[rosmaster.master][INFO] 2012-12-15 15:30:08,731: +PUB [/rosout] /camera/rgb/rectify_mono http://pc:33455/
[rosmaster.master][INFO] 2012-12-15 15:30:08,735: +PUB [/rosout] /camera/rgb/rectify_color http://pc:53969/
[rosmaster.master][INFO] 2012-12-15 15:30:08,737: +PARAM [/camera/driver] by /camera/driver
[rosmaster.master][INFO] 2012-12-15 15:30:08,740: +SERVICE [/camera/rgb/debayer/set_logger_level] /camera/rgb/debayer http://pc:40593/
[rosmaster.master][INFO] 2012-12-15 15:30:08,743: +SERVICE [/camera/rgb/rectify_mono/get_loggers] /camera/rgb/rectify_mono http://pc:33455/
[rosmaster.master][INFO] 2012-12-15 15:30:08,745: +SERVICE [/camera/rgb/rectify_color/get_loggers] /camera/rgb/rectify_color http://pc:53969/
[rosmaster.master][INFO] 2012-12-15 15:30:08,748: +PUB [/rosout] /camera/ir/rectify_ir http://pc:52746/
[rosmaster.master][INFO] 2012-12-15 15:30:08,751: +SERVICE [/camera/rgb/rectify_color/set_logger_level] /camera/rgb/rectify_color http://pc:53969/
[rosmaster.master][INFO] 2012-12-15 15:30:08,753: +SERVICE [/camera/rgb/rectify_mono/set_logger_level] /camera/rgb/rectify_mono http://pc:33455/
[rosmaster.master][INFO] 2012-12-15 15:30:08,755: +SERVICE [/camera/ir/rectify_ir/get_loggers] /camera/ir/rectify_ir http://pc:52746/
[rosmaster.master][INFO] 2012-12-15 15:30:08,777: +SERVICE [/camera/ir/rectify_ir/set_logger_level] /camera/ir/rectify_ir http://pc:52746/
[rosmaster.master][INFO] 2012-12-15 15:30:08,781: +PUB [/rosout] /camera/depth/rectify_depth http://pc:58104/
[rosmaster.master][INFO] 2012-12-15 15:30:08,785: +PUB [/rosout] /camera/depth/metric_rect http://pc:44449/
[rosmaster.master][INFO] 2012-12-15 15:30:08,786: +PUB [/rosout] /camera/depth/metric http://pc:48405/
[rosmaster.master][INFO] 2012-12-15 15:30:08,793: +SERVICE [/camera/depth/rectify_depth/get_loggers] /camera/depth/rectify_depth http://pc:58104/
[rosmaster.master][INFO] 2012-12-15 15:30:08,806: publisherUpdate[/rosout] -> http://pc:33261/
[rosmaster.master][INFO] 2012-12-15 15:30:08,810: publisherUpdate[/rosout] -> http://pc:33261/
[rosmaster.master][INFO] 2012-12-15 15:30:08,811: publisherUpdate[/rosout] -> http://pc:33261/
[rosmaster.master][INFO] 2012-12-15 15:30:08,812: +PUB [/rosout] /camera/depth/points http://pc:52847/
[rosmaster.master][INFO] 2012-12-15 15:30:08,814: publisherUpdate[/rosout] -> http://pc:33261/
[rosmaster.master][INFO] 2012-12-15 15:30:08,815: +SERVICE [/camera/depth/metric_rect/get_loggers] /camera/depth/metric_rect http://pc:44449/
[rosmaster.master][INFO] 2012-12-15 15:30:08,815: publisherUpdate[/rosout] -> http://pc:33261/
[rosmaster.master][INFO] 2012-12-15 15:30:08,823: publisherUpdate[/rosout] -> http://pc:33261/
[rosmaster.master][INFO] 2012-12-15 15:30:08,823: +SERVICE [/camera/depth/metric/get_loggers] /camera/depth/metric http://pc:48405/
[rosmaster.master][INFO] 2012-12-15 15:30:08,827: +SERVICE [/camera/depth/rectify_depth/set_logger_level] /camera/depth/rectify_depth http://pc:58104/
[rosmaster.master][INFO] 2012-12-15 15:30:08,828: publisherUpdate[/rosout] -> http://pc:33261/
[rosmaster.master][INFO] 2012-12-15 15:30:08,829: +PUB [/rosout] /camera/register_depth_rgb http://pc:51670/
[rosmaster.master][INFO] 2012-12-15 15:30:08,833: publisherUpdate[/rosout] -> http://pc:33261/
[rosmaster.master][INFO] 2012-12-15 15:30:08,835: publisherUpdate[/rosout] -> http://pc:33261/
[rosmaster.master][INFO] 2012-12-15 15:30:08,837: +PUB [/rosout] /camera/depth_registered/metric_rect http://pc:40223/
[rosmaster.master][INFO] 2012-12-15 15:30:08,838: +SERVICE [/camera/depth/metric_rect/set_logger_level] /camera/depth/metric_rect http://pc:44449/
[rosmaster.master][INFO] 2012-12-15 15:30:08,840: +PUB [/rosout] /camera/depth_registered/metric http://pc:44817/
[rosmaster.master][INFO] 2012-12-15 15:30:08,846: +PUB [/rosout] /camera/depth_registered/rectify_depth http://pc:60924/
[rosmaster.master][INFO] 2012-12-15 15:30:08,848: +SERVICE [/camera/depth/metric/set_logger_level] /camera/depth/metric http://pc:48405/
[rosmaster.master][INFO] 2012-12-15 15:30:08,851: +SERVICE [/camera/register_depth_rgb/get_loggers] /camera/register_depth_rgb http://pc:51670/
[rosmaster.master][INFO] 2012-12-15 15:30:08,855: +SERVICE [/camera/depth_registered/metric_rect/get_loggers] /camera/depth_registered/metric_rect http://pc:40223/
[rosmaster.master][INFO] 2012-12-15 15:30:08,856: +SERVICE [/camera/depth_registered/rectify_depth/get_loggers] /camera/depth_registered/rectify_depth http://pc:60924/
[rosmaster.master][INFO] 2012-12-15 15:30:08,858: +SERVICE [/camera/depth_registered/metric/get_loggers] /camera/depth_registered/metric http://pc:44817/
[rosmaster.master][INFO] 2012-12-15 15:30:08,860: +SERVICE [/camera/register_depth_rgb/set_logger_level] /camera/register_depth_rgb http://pc:51670/
[rosmaster.master][INFO] 2012-12-15 15:30:08,861: +PUB [/rosout] /camera/points_xyzrgb_depth_rgb http://pc:51844/
[rosmaster.master][INFO] 2012-12-15 15:30:08,869: +SERVICE [/camera/depth_registered/rectify_depth/set_logger_level] /camera/depth_registered/rectify_depth http://pc:60924/
[rosmaster.master][INFO] 2012-12-15 15:30:08,874: +SERVICE [/camera/depth_registered/metric/set_logger_level] /camera/depth_registered/metric http://pc:44817/
[rosmaster.master][INFO] 2012-12-15 15:30:08,878: +SERVICE [/camera/points_xyzrgb_depth_rgb/get_loggers] /camera/points_xyzrgb_depth_rgb http://pc:51844/
[rosmaster.master][INFO] 2012-12-15 15:30:08,878: +PARAM [/camera/depth/rectify_depth] by /camera/depth/rectify_depth
[rosmaster.master][INFO] 2012-12-15 15:30:08,886: +SERVICE [/camera/points_xyzrgb_depth_rgb/set_logger_level] /camera/points_xyzrgb_depth_rgb http://pc:51844/
[rosmaster.master][INFO] 2012-12-15 15:30:08,907: +PARAM [/camera/depth_registered/rectify_depth] by /camera/depth_registered/rectify_depth
[rosmaster.master][INFO] 2012-12-15 15:30:08,907: publisherUpdate[/rosout] -> http://pc:33261/
[rosmaster.master][INFO] 2012-12-15 15:30:08,908: +PUB [/rosout] /camera_base_link1 http://pc:60193/
[rosmaster.master][INFO] 2012-12-15 15:30:08,920: +PUB [/rosout] /camera_base_link2 http://pc:51567/
[rosmaster.master][INFO] 2012-12-15 15:30:08,926: publisherUpdate[/rosout] -> http://pc:33261/
[rosmaster.master][INFO] 2012-12-15 15:30:08,928: +PUB [/rosout] /camera_base_link3 http://pc:53528/
[rosmaster.master][INFO] 2012-12-15 15:30:08,930: publisherUpdate[/rosout] -> http://pc:33261/
[rosmaster.master][INFO] 2012-12-15 15:30:08,932: +SERVICE [/camera_base_link2/get_loggers] /camera_base_link2 http://pc:51567/
[rosmaster.master][INFO] 2012-12-15 15:30:08,935: publisherUpdate[/rosout] -> http://pc:33261/
[rosmaster.master][INFO] 2012-12-15 15:30:08,940: publisherUpdate[/rosout] -> http://pc:33261/
[rosmaster.master][INFO] 2012-12-15 15:30:08,942: publisherUpdate[/rosout] -> http://pc:33261/
[rosmaster.master][INFO] 2012-12-15 15:30:08,944: publisherUpdate[/rosout] -> http://pc:33261/
[rosmaster.master][INFO] 2012-12-15 15:30:08,947: +SERVICE [/camera_base_link1/get_loggers] /camera_base_link1 http://pc:60193/
[rosmaster.master][INFO] 2012-12-15 15:30:08,954: +SERVICE [/camera_base_link3/get_loggers] /camera_base_link3 http://pc:53528/
[rosmaster.master][INFO] 2012-12-15 15:30:08,956: +SERVICE [/camera_base_link2/set_logger_level] /camera_base_link2 http://pc:51567/
[rosmaster.master][INFO] 2012-12-15 15:30:08,958: +SERVICE [/camera_base_link1/set_logger_level] /camera_base_link1 http://pc:60193/
[rosmaster.master][INFO] 2012-12-15 15:30:08,960: +SERVICE [/camera_base_link3/set_logger_level] /camera_base_link3 http://pc:53528/
[rosmaster.master][INFO] 2012-12-15 15:30:08,968: +PUB [/tf] /camera_base_link1 http://pc:60193/
[rosmaster.master][INFO] 2012-12-15 15:30:08,969: +PUB [/tf] /camera_base_link3 http://pc:53528/
[rosmaster.master][INFO] 2012-12-15 15:30:08,975: +PUB [/tf] /camera_base_link2 http://pc:51567/
[rosmaster.master][INFO] 2012-12-15 15:30:09,093: +PUB [/rosout] /camera_nodelet_manager http://pc:41055/
[rosmaster.master][INFO] 2012-12-15 15:30:09,094: +SERVICE [/camera_nodelet_manager/get_loggers] /camera_nodelet_manager http://pc:41055/
[rosmaster.master][INFO] 2012-12-15 15:30:09,096: +SERVICE [/camera_nodelet_manager/set_logger_level] /camera_nodelet_manager http://pc:41055/
[rosmaster.master][INFO] 2012-12-15 15:30:09,099: +SERVICE [/camera_nodelet_manager/load_nodelet] /camera_nodelet_manager http://pc:41055/
[rosmaster.master][INFO] 2012-12-15 15:30:09,101: +SERVICE [/camera_nodelet_manager/unload_nodelet] /camera_nodelet_manager http://pc:41055/
[rosmaster.master][INFO] 2012-12-15 15:30:09,106: +SERVICE [/camera_nodelet_manager/list] /camera_nodelet_manager http://pc:41055/
[rosmaster.master][INFO] 2012-12-15 15:30:09,114: publisherUpdate[/rosout] -> http://pc:33261/
[rosmaster.master][INFO] 2012-12-15 15:30:09,298: +PUB [/rosout] /set_dr http://pc:38089/
[rosmaster.master][INFO] 2012-12-15 15:30:09,316: publisherUpdate[/rosout] -> http://pc:33261/
[rosmaster.master][INFO] 2012-12-15 15:30:09,607: +SERVICE [/camera/rgb/debayer/set_parameters] /camera_nodelet_manager http://pc:41055/
[rosmaster.master][INFO] 2012-12-15 15:30:09,609: +PUB [/camera/rgb/debayer/parameter_descriptions] /camera_nodelet_manager http://pc:41055/
[rosmaster.master][INFO] 2012-12-15 15:30:09,613: +PUB [/camera/rgb/debayer/parameter_updates] /camera_nodelet_manager http://pc:41055/
[rosmaster.master][INFO] 2012-12-15 15:30:09,616: +PARAM [/camera/rgb/debayer/debayer] by /camera_nodelet_manager
[rosmaster.master][INFO] 2012-12-15 15:30:09,622: +PUB [/camera/rgb/image_mono/compressed] /camera_nodelet_manager http://pc:41055/
[rosmaster.master][INFO] 2012-12-15 15:30:09,624: +SERVICE [/camera/rgb/image_mono/compressed/set_parameters] /camera_nodelet_manager http://pc:41055/
[rosmaster.master][INFO] 2012-12-15 15:30:09,627: +PUB [/camera/rgb/image_mono/compressed/parameter_descriptions] /camera_nodelet_manager http://pc:41055/
[rosmaster.master][INFO] 2012-12-15 15:30:09,629: +PUB [/camera/rgb/image_mono/compressed/parameter_updates] /camera_nodelet_manager http://pc:41055/
[rosmaster.master][INFO] 2012-12-15 15:30:09,636: +PARAM [/camera/rgb/image_mono/compressed/format] by /camera_nodelet_manager
[rosmaster.master][INFO] 2012-12-15 15:30:09,638: +PARAM [/camera/rgb/image_mono/compressed/jpeg_quality] by /camera_nodelet_manager
[rosmaster.master][INFO] 2012-12-15 15:30:09,641: +PARAM [/camera/rgb/image_mono/compressed/png_level] by /camera_nodelet_manager
[rosmaster.master][INFO] 2012-12-15 15:30:09,644: +PUB [/camera/rgb/image_mono] /camera_nodelet_manager http://pc:41055/
[rosmaster.master][INFO] 2012-12-15 15:30:09,651: +PUB [/camera/rgb/image_mono/theora] /camera_nodelet_manager http://pc:41055/
[rosmaster.master][INFO] 2012-12-15 15:30:09,654: +SERVICE [/camera/rgb/image_mono/theora/set_parameters] /camera_nodelet_manager http://pc:41055/
[rosmaster.master][INFO] 2012-12-15 15:30:09,656: +PUB [/camera/rgb/image_mono/theora/parameter_descriptions] /camera_nodelet_manager http://pc:41055/
[rosmaster.master][INFO] 2012-12-15 15:30:09,659: +PUB [/camera/rgb/image_mono/theora/parameter_updates] /camera_nodelet_manager http://pc:41055/
[rosmaster.master][INFO] 2012-12-15 15:30:09,672: +PARAM [/camera/rgb/image_mono/theora/optimize_for] by /camera_nodelet_manager
[rosmaster.master][INFO] 2012-12-15 15:30:09,675: +PARAM [/camera/rgb/image_mono/theora/target_bitrate] by /camera_nodelet_manager
[rosmaster.master][INFO] 2012-12-15 15:30:09,677: +PARAM [/camera/rgb/image_mono/theora/quality] by /camera_nodelet_manager
[rosmaster.master][INFO] 2012-12-15 15:30:09,679: +PARAM [/camera/rgb/image_mono/theora/keyframe_frequency] by /camera_nodelet_manager
[rosmaster.master][INFO] 2012-12-15 15:30:09,682: +PUB [/camera/rgb/image_color/compressed] /camera_nodelet_manager http://pc:41055/
[rosmaster.master][INFO] 2012-12-15 15:30:09,685: +SERVICE [/camera/rgb/image_color/compressed/set_parameters] /camera_nodelet_manager http://pc:41055/
[rosmaster.master][INFO] 2012-12-15 15:30:09,687: +PUB [/camera/rgb/image_color/compressed/parameter_descriptions] /camera_nodelet_manager http://pc:41055/
[rosmaster.master][INFO] 2012-12-15 15:30:09,690: +PUB [/camera/rgb/image_color/compressed/parameter_updates] /camera_nodelet_manager http://pc:41055/
[rosmaster.master][INFO] 2012-12-15 15:30:09,698: +PARAM [/camera/rgb/image_color/compressed/format] by /camera_nodelet_manager
[rosmaster.master][INFO] 2012-12-15 15:30:09,701: +PARAM [/camera/rgb/image_color/compressed/jpeg_quality] by /camera_nodelet_manager
[rosmaster.master][INFO] 2012-12-15 15:30:09,703: +PARAM [/camera/rgb/image_color/compressed/png_level] by /camera_nodelet_manager
[rosmaster.master][INFO] 2012-12-15 15:30:09,706: +PUB [/camera/rgb/image_color] /camera_nodelet_manager http://pc:41055/
[rosmaster.master][INFO] 2012-12-15 15:30:09,708: +PUB [/camera/rgb/image_color/theora] /camera_nodelet_manager http://pc:41055/
[rosmaster.master][INFO] 2012-12-15 15:30:09,711: +SERVICE [/camera/rgb/image_color/theora/set_parameters] /camera_nodelet_manager http://pc:41055/
[rosmaster.master][INFO] 2012-12-15 15:30:09,713: +PUB [/camera/rgb/image_color/theora/parameter_descriptions] /camera_nodelet_manager http://pc:41055/
[rosmaster.master][INFO] 2012-12-15 15:30:09,716: +PUB [/camera/rgb/image_color/theora/parameter_updates] /camera_nodelet_manager http://pc:41055/
[rosmaster.master][INFO] 2012-12-15 15:30:09,726: +PARAM [/camera/rgb/image_color/theora/optimize_for] by /camera_nodelet_manager
[rosmaster.master][INFO] 2012-12-15 15:30:09,728: +PARAM [/camera/rgb/image_color/theora/target_bitrate] by /camera_nodelet_manager
[rosmaster.master][INFO] 2012-12-15 15:30:09,730: +PARAM [/camera/rgb/image_color/theora/quality] by /camera_nodelet_manager
[rosmaster.master][INFO] 2012-12-15 15:30:09,732: +PARAM [/camera/rgb/image_color/theora/keyframe_frequency] by /camera_nodelet_manager
[rosmaster.master][INFO] 2012-12-15 15:30:10,010: +SERVICE [/camera/rgb/rectify_mono/set_parameters] /camera_nodelet_manager http://pc:41055/
[rosmaster.master][INFO] 2012-12-15 15:30:10,012: +PUB [/camera/rgb/rectify_mono/parameter_descriptions] /camera_nodelet_manager http://pc:41055/
[rosmaster.master][INFO] 2012-12-15 15:30:10,015: +PUB [/camera/rgb/rectify_mono/parameter_updates] /camera_nodelet_manager http://pc:41055/
[rosmaster.master][INFO] 2012-12-15 15:30:10,019: +PARAM [/camera/rgb/rectify_mono/interpolation] by /camera_nodelet_manager
[rosmaster.master][INFO] 2012-12-15 15:30:10,022: +PUB [/camera/rgb/image_rect/compressed] /camera_nodelet_manager http://pc:41055/
[rosmaster.master][INFO] 2012-12-15 15:30:10,025: +SERVICE [/camera/rgb/image_rect/compressed/set_parameters] /camera_nodelet_manager http://pc:41055/
[rosmaster.master][INFO] 2012-12-15 15:30:10,027: +PUB [/camera/rgb/image_rect/compressed/parameter_descriptions] /camera_nodelet_manager http://pc:41055/
[rosmaster.master][INFO] 2012-12-15 15:30:10,030: +PUB [/camera/rgb/image_rect/compressed/parameter_updates] /camera_nodelet_manager http://pc:41055/
[rosmaster.master][INFO] 2012-12-15 15:30:10,037: +PARAM [/camera/rgb/image_rect/compressed/format] by /camera_nodelet_manager
[rosmaster.master][INFO] 2012-12-15 15:30:10,039: +PARAM [/camera/rgb/image_rect/compressed/jpeg_quality] by /camera_nodelet_manager
[rosmaster.master][INFO] 2012-12-15 15:30:10,042: +PARAM [/camera/rgb/image_rect/compressed/png_level] by /camera_nodelet_manager
[rosmaster.master][INFO] 2012-12-15 15:30:10,045: +PUB [/camera/rgb/image_rect] /camera_nodelet_manager http://pc:41055/
[rosmaster.master][INFO] 2012-12-15 15:30:10,047: +PUB [/camera/rgb/image_rect/theora] /camera_nodelet_manager http://pc:41055/
[rosmaster.master][INFO] 2012-12-15 15:30:10,049: +SERVICE [/camera/rgb/image_rect/theora/set_parameters] /camera_nodelet_manager http://pc:41055/
[rosmaster.master][INFO] 2012-12-15 15:30:10,052: +PUB [/camera/rgb/image_rect/theora/parameter_descriptions] /camera_nodelet_manager http://pc:41055/
[rosmaster.master][INFO] 2012-12-15 15:30:10,054: +PUB [/camera/rgb/image_rect/theora/parameter_updates] /camera_nodelet_manager http://pc:41055/
[rosmaster.master][INFO] 2012-12-15 15:30:10,065: +PARAM [/camera/rgb/image_rect/theora/optimize_for] by /camera_nodelet_manager
[rosmaster.master][INFO] 2012-12-15 15:30:10,068: +PARAM [/camera/rgb/image_rect/theora/target_bitrate] by /camera_nodelet_manager
[rosmaster.master][INFO] 2012-12-15 15:30:10,074: +PARAM [/camera/rgb/image_rect/theora/quality] by /camera_nodelet_manager
[rosmaster.master][INFO] 2012-12-15 15:30:10,077: +PARAM [/camera/rgb/image_rect/theora/keyframe_frequency] by /camera_nodelet_manager
[rosmaster.master][INFO] 2012-12-15 15:30:10,845: +SUB [/tf] /camera_nodelet_manager http://pc:41055/
[rosmaster.master][INFO] 2012-12-15 15:30:10,850: +SERVICE [/camera_nodelet_manager/tf_frames] /camera_nodelet_manager http://pc:41055/
[rosmaster.master][INFO] 2012-12-15 15:30:11,512: +PUB [/camera/depth_registered/image_rect_raw/compressed] /camera_nodelet_manager http://pc:41055/
[rosmaster.master][INFO] 2012-12-15 15:30:11,516: +SERVICE [/camera/depth_registered/image_rect_raw/compressed/set_parameters] /camera_nodelet_manager http://pc:41055/
[rosmaster.master][INFO] 2012-12-15 15:30:11,519: +PUB [/camera/depth_registered/image_rect_raw/compressed/parameter_descriptions] /camera_nodelet_manager http://pc:41055/
[rosmaster.master][INFO] 2012-12-15 15:30:11,522: +PUB [/camera/depth_registered/image_rect_raw/compressed/parameter_updates] /camera_nodelet_manager http://pc:41055/
[rosmaster.master][INFO] 2012-12-15 15:30:11,531: +PARAM [/camera/depth_registered/image_rect_raw/compressed/format] by /camera_nodelet_manager
[rosmaster.master][INFO] 2012-12-15 15:30:11,533: +PARAM [/camera/depth_registered/image_rect_raw/compressed/jpeg_quality] by /camera_nodelet_manager
[rosmaster.master][INFO] 2012-12-15 15:30:11,534: +PARAM [/camera/depth_registered/image_rect_raw/compressed/png_level] by /camera_nodelet_manager
[rosmaster.master][INFO] 2012-12-15 15:30:11,536: +PUB [/camera/depth_registered/image_rect_raw] /camera_nodelet_manager http://pc:41055/
[rosmaster.master][INFO] 2012-12-15 15:30:11,537: +PUB [/camera/depth_registered/image_rect_raw/theora] /camera_nodelet_manager http://pc:41055/
[rosmaster.master][INFO] 2012-12-15 15:30:11,538: +SERVICE [/camera/depth_registered/image_rect_raw/theora/set_parameters] /camera_nodelet_manager http://pc:41055/
[rosmaster.master][INFO] 2012-12-15 15:30:11,539: +PUB [/camera/depth_registered/image_rect_raw/theora/parameter_descriptions] /camera_nodelet_manager http://pc:41055/
[rosmaster.master][INFO] 2012-12-15 15:30:11,540: +PUB [/camera/depth_registered/image_rect_raw/theora/parameter_updates] /camera_nodelet_manager http://pc:41055/
[rosmaster.master][INFO] 2012-12-15 15:30:11,544: +PARAM [/camera/depth_registered/image_rect_raw/theora/optimize_for] by /camera_nodelet_manager
[rosmaster.master][INFO] 2012-12-15 15:30:11,545: +PARAM [/camera/depth_registered/image_rect_raw/theora/target_bitrate] by /camera_nodelet_manager
[rosmaster.master][INFO] 2012-12-15 15:30:11,546: +PARAM [/camera/depth_registered/image_rect_raw/theora/quality] by /camera_nodelet_manager
[rosmaster.master][INFO] 2012-12-15 15:30:11,547: +PARAM [/camera/depth_registered/image_rect_raw/theora/keyframe_frequency] by /camera_nodelet_manager
[rosmaster.master][INFO] 2012-12-15 15:30:11,548: +PUB [/camera/depth_registered/camera_info] /camera_nodelet_manager http://pc:41055/
[rosmaster.master][INFO] 2012-12-15 15:30:11,815: +SERVICE [/camera/depth/points/get_loggers] /camera/depth/points http://pc:52847/
[rosmaster.master][INFO] 2012-12-15 15:30:11,817: +SERVICE [/camera/depth/points/set_logger_level] /camera/depth/points http://pc:52847/
[rosmaster.master][INFO] 2012-12-15 15:30:11,848: +PUB [/rosout] /camera/disparity_depth http://pc:59018/
[rosmaster.master][INFO] 2012-12-15 15:30:11,849: +SERVICE [/camera/disparity_depth/get_loggers] /camera/disparity_depth http://pc:59018/
[rosmaster.master][INFO] 2012-12-15 15:30:11,850: +SERVICE [/camera/disparity_depth/set_logger_level] /camera/disparity_depth http://pc:59018/
[rosmaster.master][INFO] 2012-12-15 15:30:11,853: +PARAM [/camera/disparity_depth] by /camera/disparity_depth
[rosmaster.master][INFO] 2012-12-15 15:30:11,856: publisherUpdate[/rosout] -> http://pc:33261/
[rosmaster.master][INFO] 2012-12-15 15:30:11,865: +SERVICE [/camera/depth_registered/metric_rect/set_logger_level] /camera/depth_registered/metric_rect http://pc:40223/
[rosmaster.master][INFO] 2012-12-15 15:30:11,874: +PUB [/rosout] /camera/disparity_depth_registered http://pc:51795/
[rosmaster.master][INFO] 2012-12-15 15:30:11,878: +PUB [/rosout] /camera_base_link http://pc:42294/
[rosmaster.master][INFO] 2012-12-15 15:30:11,879: +SERVICE [/camera/disparity_depth_registered/get_loggers] /camera/disparity_depth_registered http://pc:51795/
[rosmaster.master][INFO] 2012-12-15 15:30:11,880: +SERVICE [/camera_base_link/get_loggers] /camera_base_link http://pc:42294/
[rosmaster.master][INFO] 2012-12-15 15:30:11,881: +SERVICE [/camera/disparity_depth_registered/set_logger_level] /camera/disparity_depth_registered http://pc:51795/
[rosmaster.master][INFO] 2012-12-15 15:30:11,882: +SERVICE [/camera_base_link/set_logger_level] /camera_base_link http://pc:42294/
[rosmaster.master][INFO] 2012-12-15 15:30:11,886: +PUB [/tf] /camera_base_link http://pc:42294/
[rosmaster.master][INFO] 2012-12-15 15:30:11,886: +PARAM [/camera/disparity_depth_registered] by /camera/disparity_depth_registered
[rosmaster.master][INFO] 2012-12-15 15:30:11,924: publisherUpdate[/rosout] -> http://pc:33261/
[rosmaster.master][INFO] 2012-12-15 15:30:11,927: publisherUpdate[/rosout] -> http://pc:33261/
[rosmaster.master][INFO] 2012-12-15 15:30:11,930: publisherUpdate[/tf] -> http://pc:41055/
[rosmaster.master][INFO] 2012-12-15 15:30:12,148: +SERVICE [/camera/depth_registered/rectify_depth/set_parameters] /camera_nodelet_manager http://pc:41055/
[rosmaster.master][INFO] 2012-12-15 15:30:12,150: +PUB [/camera/depth_registered/rectify_depth/parameter_descriptions] /camera_nodelet_manager http://pc:41055/
[rosmaster.master][INFO] 2012-12-15 15:30:12,151: +PUB [/camera/depth_registered/rectify_depth/parameter_updates] /camera_nodelet_manager http://pc:41055/
[rosmaster.master][INFO] 2012-12-15 15:30:12,154: +PARAM [/camera/depth_registered/rectify_depth/interpolation] by /camera_nodelet_manager
[rosmaster.master][INFO] 2012-12-15 15:30:12,157: +PARAM [/camera/depth_registered/image_rect_raw/compressed/format] by /camera_nodelet_manager
[rosmaster.master][INFO] 2012-12-15 15:30:12,159: +PARAM [/camera/depth_registered/image_rect_raw/compressed/jpeg_quality] by /camera_nodelet_manager
[rosmaster.master][INFO] 2012-12-15 15:30:12,160: +PARAM [/camera/depth_registered/image_rect_raw/compressed/png_level] by /camera_nodelet_manager
[rosmaster.master][INFO] 2012-12-15 15:30:12,164: +PARAM [/camera/depth_registered/image_rect_raw/theora/optimize_for] by /camera_nodelet_manager
[rosmaster.master][INFO] 2012-12-15 15:30:12,167: +PARAM [/camera/depth_registered/image_rect_raw/theora/target_bitrate] by /camera_nodelet_manager
[rosmaster.master][INFO] 2012-12-15 15:30:12,167: +PARAM [/camera/depth_registered/image_rect_raw/theora/quality] by /camera_nodelet_manager
[rosmaster.master][INFO] 2012-12-15 15:30:12,168: +PARAM [/camera/depth_registered/image_rect_raw/theora/keyframe_frequency] by /camera_nodelet_manager
[rosmaster.master][INFO] 2012-12-15 15:30:12,813: +SERVICE [/camera/depth/rectify_depth/set_parameters] /camera_nodelet_manager http://pc:41055/
[rosmaster.master][INFO] 2012-12-15 15:30:12,814: +PUB [/camera/depth/rectify_depth/parameter_descriptions] /camera_nodelet_manager http://pc:41055/
[rosmaster.master][INFO] 2012-12-15 15:30:12,815: +PUB [/camera/depth/rectify_depth/parameter_updates] /camera_nodelet_manager http://pc:41055/
[rosmaster.master][INFO] 2012-12-15 15:30:12,818: +PARAM [/camera/depth/rectify_depth/interpolation] by /camera_nodelet_manager
[rosmaster.master][INFO] 2012-12-15 15:30:12,820: +PUB [/camera/depth/image_rect_raw/compressed] /camera_nodelet_manager http://pc:41055/
[rosmaster.master][INFO] 2012-12-15 15:30:12,822: +SERVICE [/camera/depth/image_rect_raw/compressed/set_parameters] /camera_nodelet_manager http://pc:41055/
[rosmaster.master][INFO] 2012-12-15 15:30:12,823: +PUB [/camera/depth/image_rect_raw/compressed/parameter_descriptions] /camera_nodelet_manager http://pc:41055/
[rosmaster.master][INFO] 2012-12-15 15:30:12,825: +PUB [/camera/depth/image_rect_raw/compressed/parameter_updates] /camera_nodelet_manager http://pc:41055/
[rosmaster.master][INFO] 2012-12-15 15:30:12,830: +PARAM [/camera/depth/image_rect_raw/compressed/format] by /camera_nodelet_manager
[rosmaster.master][INFO] 2012-12-15 15:30:12,831: +PARAM [/camera/depth/image_rect_raw/compressed/jpeg_quality] by /camera_nodelet_manager
[rosmaster.master][INFO] 2012-12-15 15:30:12,832: +PARAM [/camera/depth/image_rect_raw/compressed/png_level] by /camera_nodelet_manager
[rosmaster.master][INFO] 2012-12-15 15:30:12,833: +PUB [/camera/depth/image_rect_raw] /camera_nodelet_manager http://pc:41055/
[rosmaster.master][INFO] 2012-12-15 15:30:12,834: +PUB [/camera/depth/image_rect_raw/theora] /camera_nodelet_manager http://pc:41055/
[rosmaster.master][INFO] 2012-12-15 15:30:12,835: +SERVICE [/camera/depth/image_rect_raw/theora/set_parameters] /camera_nodelet_manager http://pc:41055/
[rosmaster.master][INFO] 2012-12-15 15:30:12,836: +PUB [/camera/depth/image_rect_raw/theora/parameter_descriptions] /camera_nodelet_manager http://pc:41055/
[rosmaster.master][INFO] 2012-12-15 15:30:12,837: +PUB [/camera/depth/image_rect_raw/theora/parameter_updates] /camera_nodelet_manager http://pc:41055/
[rosmaster.master][INFO] 2012-12-15 15:30:12,841: +PARAM [/camera/depth/image_rect_raw/theora/optimize_for] by /camera_nodelet_manager
[rosmaster.master][INFO] 2012-12-15 15:30:12,842: +PARAM [/camera/depth/image_rect_raw/theora/target_bitrate] by /camera_nodelet_manager
[rosmaster.master][INFO] 2012-12-15 15:30:12,843: +PARAM [/camera/depth/image_rect_raw/theora/quality] by /camera_nodelet_manager
[rosmaster.master][INFO] 2012-12-15 15:30:12,844: +PARAM [/camera/depth/image_rect_raw/theora/keyframe_frequency] by /camera_nodelet_manager
[rosmaster.master][INFO] 2012-12-15 15:30:13,272: +PUB [/camera/depth/image_rect/compressed] /camera_nodelet_manager http://pc:41055/
[rosmaster.master][INFO] 2012-12-15 15:30:13,274: +SERVICE [/camera/depth/image_rect/compressed/set_parameters] /camera_nodelet_manager http://pc:41055/
[rosmaster.master][INFO] 2012-12-15 15:30:13,276: +PUB [/camera/depth/image_rect/compressed/parameter_descriptions] /camera_nodelet_manager http://pc:41055/
[rosmaster.master][INFO] 2012-12-15 15:30:13,277: +PUB [/camera/depth/image_rect/compressed/parameter_updates] /camera_nodelet_manager http://pc:41055/
[rosmaster.master][INFO] 2012-12-15 15:30:13,282: +PARAM [/camera/depth/image_rect/compressed/format] by /camera_nodelet_manager
[rosmaster.master][INFO] 2012-12-15 15:30:13,283: +PARAM [/camera/depth/image_rect/compressed/jpeg_quality] by /camera_nodelet_manager
[rosmaster.master][INFO] 2012-12-15 15:30:13,284: +PARAM [/camera/depth/image_rect/compressed/png_level] by /camera_nodelet_manager
[rosmaster.master][INFO] 2012-12-15 15:30:13,285: +PUB [/camera/depth/image_rect] /camera_nodelet_manager http://pc:41055/
[rosmaster.master][INFO] 2012-12-15 15:30:13,287: +PUB [/camera/depth/image_rect/theora] /camera_nodelet_manager http://pc:41055/
[rosmaster.master][INFO] 2012-12-15 15:30:13,288: +SERVICE [/camera/depth/image_rect/theora/set_parameters] /camera_nodelet_manager http://pc:41055/
[rosmaster.master][INFO] 2012-12-15 15:30:13,289: +PUB [/camera/depth/image_rect/theora/parameter_descriptions] /camera_nodelet_manager http://pc:41055/
[rosmaster.master][INFO] 2012-12-15 15:30:13,290: +PUB [/camera/depth/image_rect/theora/parameter_updates] /camera_nodelet_manager http://pc:41055/
[rosmaster.master][INFO] 2012-12-15 15:30:13,296: +PARAM [/camera/depth/image_rect/theora/optimize_for] by /camera_nodelet_manager
[rosmaster.master][INFO] 2012-12-15 15:30:13,298: +PARAM [/camera/depth/image_rect/theora/target_bitrate] by /camera_nodelet_manager
[rosmaster.master][INFO] 2012-12-15 15:30:13,300: +PARAM [/camera/depth/image_rect/theora/quality] by /camera_nodelet_manager
[rosmaster.master][INFO] 2012-12-15 15:30:13,302: +PARAM [/camera/depth/image_rect/theora/keyframe_frequency] by /camera_nodelet_manager
[rosmaster.master][INFO] 2012-12-15 15:30:13,439: +SERVICE [/camera/driver/set_parameters] /camera_nodelet_manager http://pc:41055/
[rosmaster.master][INFO] 2012-12-15 15:30:13,440: +PUB [/camera/driver/parameter_descriptions] /camera_nodelet_manager http://pc:41055/
[rosmaster.master][INFO] 2012-12-15 15:30:13,442: +PUB [/camera/driver/parameter_updates] /camera_nodelet_manager http://pc:41055/
[rosmaster.master][INFO] 2012-12-15 15:30:13,450: +PARAM [/camera/driver/image_mode] by /camera_nodelet_manager
[rosmaster.master][INFO] 2012-12-15 15:30:13,451: +PARAM [/camera/driver/depth_mode] by /camera_nodelet_manager
[rosmaster.master][INFO] 2012-12-15 15:30:13,452: +PARAM [/camera/driver/depth_registration] by /camera_nodelet_manager
[rosmaster.master][INFO] 2012-12-15 15:30:13,453: +PARAM [/camera/driver/data_skip] by /camera_nodelet_manager
[rosmaster.master][INFO] 2012-12-15 15:30:13,454: +PARAM [/camera/driver/depth_time_offset] by /camera_nodelet_manager
[rosmaster.master][INFO] 2012-12-15 15:30:13,455: +PARAM [/camera/driver/image_time_offset] by /camera_nodelet_manager
[rosmaster.master][INFO] 2012-12-15 15:30:13,455: +PARAM [/camera/driver/depth_ir_offset_x] by /camera_nodelet_manager
[rosmaster.master][INFO] 2012-12-15 15:30:13,458: +PARAM [/camera/driver/depth_ir_offset_y] by /camera_nodelet_manager
[rosmaster.master][INFO] 2012-12-15 15:30:13,459: +PARAM [/camera/driver/z_offset_mm] by /camera_nodelet_manager
[rosmaster.master][INFO] 2012-12-15 15:30:13,472: +SERVICE [/camera/rgb/set_camera_info] /camera_nodelet_manager http://pc:41055/
[rosmaster.master][INFO] 2012-12-15 15:30:13,473: +SERVICE [/camera/ir/set_camera_info] /camera_nodelet_manager http://pc:41055/
[rosmaster.master][INFO] 2012-12-15 15:30:13,475: +PUB [/camera/rgb/image_raw/compressed] /camera_nodelet_manager http://pc:41055/
[rosmaster.master][INFO] 2012-12-15 15:30:13,476: +SERVICE [/camera/rgb/image_raw/compressed/set_parameters] /camera_nodelet_manager http://pc:41055/
[rosmaster.master][INFO] 2012-12-15 15:30:13,478: +PUB [/camera/rgb/image_raw/compressed/parameter_descriptions] /camera_nodelet_manager http://pc:41055/
[rosmaster.master][INFO] 2012-12-15 15:30:13,479: +PUB [/camera/rgb/image_raw/compressed/parameter_updates] /camera_nodelet_manager http://pc:41055/
[rosmaster.master][INFO] 2012-12-15 15:30:13,482: +PARAM [/camera/rgb/image_raw/compressed/format] by /camera_nodelet_manager
[rosmaster.master][INFO] 2012-12-15 15:30:13,483: +PARAM [/camera/rgb/image_raw/compressed/jpeg_quality] by /camera_nodelet_manager
[rosmaster.master][INFO] 2012-12-15 15:30:13,484: +PARAM [/camera/rgb/image_raw/compressed/png_level] by /camera_nodelet_manager
[rosmaster.master][INFO] 2012-12-15 15:30:13,485: +PUB [/camera/rgb/image_raw] /camera_nodelet_manager http://pc:41055/
[rosmaster.master][INFO] 2012-12-15 15:30:13,486: +PUB [/camera/rgb/image_raw/theora] /camera_nodelet_manager http://pc:41055/
[rosmaster.master][INFO] 2012-12-15 15:30:13,488: +SERVICE [/camera/rgb/image_raw/theora/set_parameters] /camera_nodelet_manager http://pc:41055/
[rosmaster.master][INFO] 2012-12-15 15:30:13,489: +PUB [/camera/rgb/image_raw/theora/parameter_descriptions] /camera_nodelet_manager http://pc:41055/
[rosmaster.master][INFO] 2012-12-15 15:30:13,491: +PUB [/camera/rgb/image_raw/theora/parameter_updates] /camera_nodelet_manager http://pc:41055/
[rosmaster.master][INFO] 2012-12-15 15:30:13,499: +PARAM [/camera/rgb/image_raw/theora/optimize_for] by /camera_nodelet_manager
[rosmaster.master][INFO] 2012-12-15 15:30:13,501: +PARAM [/camera/rgb/image_raw/theora/target_bitrate] by /camera_nodelet_manager
[rosmaster.master][INFO] 2012-12-15 15:30:13,502: +PARAM [/camera/rgb/image_raw/theora/quality] by /camera_nodelet_manager
[rosmaster.master][INFO] 2012-12-15 15:30:13,503: +PARAM [/camera/rgb/image_raw/theora/keyframe_frequency] by /camera_nodelet_manager
[rosmaster.master][INFO] 2012-12-15 15:30:13,504: +PUB [/camera/rgb/camera_info] /camera_nodelet_manager http://pc:41055/
[rosmaster.master][INFO] 2012-12-15 15:30:13,505: +PUB [/camera/ir/image_raw/compressed] /camera_nodelet_manager http://pc:41055/
[rosmaster.master][INFO] 2012-12-15 15:30:13,506: +SERVICE [/camera/ir/image_raw/compressed/set_parameters] /camera_nodelet_manager http://pc:41055/
[rosmaster.master][INFO] 2012-12-15 15:30:13,507: +PUB [/camera/ir/image_raw/compressed/parameter_descriptions] /camera_nodelet_manager http://pc:41055/
[rosmaster.master][INFO] 2012-12-15 15:30:13,508: +PUB [/camera/ir/image_raw/compressed/parameter_updates] /camera_nodelet_manager http://pc:41055/
[rosmaster.master][INFO] 2012-12-15 15:30:13,511: +PARAM [/camera/ir/image_raw/compressed/format] by /camera_nodelet_manager
[rosmaster.master][INFO] 2012-12-15 15:30:13,512: +PARAM [/camera/ir/image_raw/compressed/jpeg_quality] by /camera_nodelet_manager
[rosmaster.master][INFO] 2012-12-15 15:30:13,513: +PARAM [/camera/ir/image_raw/compressed/png_level] by /camera_nodelet_manager
[rosmaster.master][INFO] 2012-12-15 15:30:13,514: +PUB [/camera/ir/image_raw] /camera_nodelet_manager http://pc:41055/
[rosmaster.master][INFO] 2012-12-15 15:30:13,515: +PUB [/camera/ir/image_raw/theora] /camera_nodelet_manager http://pc:41055/
[rosmaster.master][INFO] 2012-12-15 15:30:13,516: +SERVICE [/camera/ir/image_raw/theora/set_parameters] /camera_nodelet_manager http://pc:41055/
[rosmaster.master][INFO] 2012-12-15 15:30:13,517: +PUB [/camera/ir/image_raw/theora/parameter_descriptions] /camera_nodelet_manager http://pc:41055/
[rosmaster.master][INFO] 2012-12-15 15:30:13,518: +PUB [/camera/ir/image_raw/theora/parameter_updates] /camera_nodelet_manager http://pc:41055/
[rosmaster.master][INFO] 2012-12-15 15:30:13,522: +PARAM [/camera/ir/image_raw/theora/optimize_for] by /camera_nodelet_manager
[rosmaster.master][INFO] 2012-12-15 15:30:13,523: +PARAM [/camera/ir/image_raw/theora/target_bitrate] by /camera_nodelet_manager
[rosmaster.master][INFO] 2012-12-15 15:30:13,524: +PARAM [/camera/ir/image_raw/theora/quality] by /camera_nodelet_manager
[rosmaster.master][INFO] 2012-12-15 15:30:13,525: +PARAM [/camera/ir/image_raw/theora/keyframe_frequency] by /camera_nodelet_manager
[rosmaster.master][INFO] 2012-12-15 15:30:13,526: +PUB [/camera/ir/camera_info] /camera_nodelet_manager http://pc:41055/
[rosmaster.master][INFO] 2012-12-15 15:30:13,528: +PUB [/camera/depth/image_raw/compressed] /camera_nodelet_manager http://pc:41055/
[rosmaster.master][INFO] 2012-12-15 15:30:13,529: +SERVICE [/camera/depth/image_raw/compressed/set_parameters] /camera_nodelet_manager http://pc:41055/
[rosmaster.master][INFO] 2012-12-15 15:30:13,529: +PUB [/camera/depth/image_raw/compressed/parameter_descriptions] /camera_nodelet_manager http://pc:41055/
[rosmaster.master][INFO] 2012-12-15 15:30:13,530: +PUB [/camera/depth/image_raw/compressed/parameter_updates] /camera_nodelet_manager http://pc:41055/
[rosmaster.master][INFO] 2012-12-15 15:30:13,535: +PARAM [/camera/depth/image_raw/compressed/format] by /camera_nodelet_manager
[rosmaster.master][INFO] 2012-12-15 15:30:13,538: +PARAM [/camera/depth/image_raw/compressed/jpeg_quality] by /camera_nodelet_manager
[rosmaster.master][INFO] 2012-12-15 15:30:13,540: +PARAM [/camera/depth/image_raw/compressed/png_level] by /camera_nodelet_manager
[rosmaster.master][INFO] 2012-12-15 15:30:13,543: +PUB [/camera/depth/image_raw] /camera_nodelet_manager http://pc:41055/
[rosmaster.master][INFO] 2012-12-15 15:30:13,546: +PUB [/camera/depth/image_raw/theora] /camera_nodelet_manager http://pc:41055/
[rosmaster.master][INFO] 2012-12-15 15:30:13,548: +SERVICE [/camera/depth/image_raw/theora/set_parameters] /camera_nodelet_manager http://pc:41055/
[rosmaster.master][INFO] 2012-12-15 15:30:13,549: +SUB [/camera/driver/parameter_updates] /set_dr http://pc:38089/
[rosmaster.master][INFO] 2012-12-15 15:30:13,550: +PUB [/camera/depth/image_raw/theora/parameter_descriptions] /camera_nodelet_manager http://pc:41055/
[rosmaster.master][INFO] 2012-12-15 15:30:13,552: +SUB [/camera/driver/parameter_descriptions] /set_dr http://pc:38089/
[rosmaster.master][INFO] 2012-12-15 15:30:13,553: +PUB [/camera/depth/image_raw/theora/parameter_updates] /camera_nodelet_manager http://pc:41055/
[rosmaster.master][INFO] 2012-12-15 15:30:13,558: +PARAM [/camera/depth/image_raw/theora/optimize_for] by /camera_nodelet_manager
[rosmaster.master][INFO] 2012-12-15 15:30:13,559: +PARAM [/camera/depth/image_raw/theora/target_bitrate] by /camera_nodelet_manager
[rosmaster.master][INFO] 2012-12-15 15:30:13,561: +PARAM [/camera/depth/image_raw/theora/quality] by /camera_nodelet_manager
[rosmaster.master][INFO] 2012-12-15 15:30:13,563: +PARAM [/camera/depth/image_raw/theora/keyframe_frequency] by /camera_nodelet_manager
[rosmaster.master][INFO] 2012-12-15 15:30:13,564: +PUB [/camera/depth/camera_info] /camera_nodelet_manager http://pc:41055/
[rosmaster.master][INFO] 2012-12-15 15:30:13,565: +PUB [/camera/projector/camera_info] /camera_nodelet_manager http://pc:41055/
[rosmaster.master][INFO] 2012-12-15 15:30:13,568: +PUB [/camera/depth_registered/image_raw/compressed] /camera_nodelet_manager http://pc:41055/
[rosmaster.master][INFO] 2012-12-15 15:30:13,571: +SERVICE [/camera/depth_registered/image_raw/compressed/set_parameters] /camera_nodelet_manager http://pc:41055/
[rosmaster.master][INFO] 2012-12-15 15:30:13,572: +PUB [/camera/depth_registered/image_raw/compressed/parameter_descriptions] /camera_nodelet_manager http://pc:41055/
[rosmaster.master][INFO] 2012-12-15 15:30:13,574: +PUB [/camera/depth_registered/image_raw/compressed/parameter_updates] /camera_nodelet_manager http://pc:41055/
[rosmaster.master][INFO] 2012-12-15 15:30:13,577: +PARAM [/camera/depth_registered/image_raw/compressed/format] by /camera_nodelet_manager
[rosmaster.master][INFO] 2012-12-15 15:30:13,578: +PARAM [/camera/depth_registered/image_raw/compressed/jpeg_quality] by /camera_nodelet_manager
[rosmaster.master][INFO] 2012-12-15 15:30:13,579: +PARAM [/camera/depth_registered/image_raw/compressed/png_level] by /camera_nodelet_manager
[rosmaster.master][INFO] 2012-12-15 15:30:13,580: +PUB [/camera/depth_registered/image_raw] /camera_nodelet_manager http://pc:41055/
[rosmaster.master][INFO] 2012-12-15 15:30:13,582: +SERVICE [/camera/ir/rectify_ir/set_parameters] /camera_nodelet_manager http://pc:41055/
[rosmaster.master][INFO] 2012-12-15 15:30:13,583: +PUB [/camera/depth_registered/image_raw/theora] /camera_nodelet_manager http://pc:41055/
[rosmaster.master][INFO] 2012-12-15 15:30:13,584: +PUB [/camera/ir/rectify_ir/parameter_descriptions] /camera_nodelet_manager http://pc:41055/
[rosmaster.master][INFO] 2012-12-15 15:30:13,585: +SERVICE [/camera/depth_registered/image_raw/theora/set_parameters] /camera_nodelet_manager http://pc:41055/
[rosmaster.master][INFO] 2012-12-15 15:30:13,587: +PUB [/camera/ir/rectify_ir/parameter_updates] /camera_nodelet_manager http://pc:41055/
[rosmaster.master][INFO] 2012-12-15 15:30:13,588: +PUB [/camera/depth_registered/image_raw/theora/parameter_descriptions] /camera_nodelet_manager http://pc:41055/
[rosmaster.master][INFO] 2012-12-15 15:30:13,591: +PARAM [/camera/ir/rectify_ir/interpolation] by /camera_nodelet_manager
[rosmaster.master][INFO] 2012-12-15 15:30:13,593: +PUB [/camera/depth_registered/image_raw/theora/parameter_updates] /camera_nodelet_manager http://pc:41055/
[rosmaster.master][INFO] 2012-12-15 15:30:13,595: +PUB [/camera/ir/image_rect/compressed] /camera_nodelet_manager http://pc:41055/
[rosmaster.master][INFO] 2012-12-15 15:30:13,600: +SERVICE [/camera/ir/image_rect/compressed/set_parameters] /camera_nodelet_manager http://pc:41055/
[rosmaster.master][INFO] 2012-12-15 15:30:13,608: +PUB [/camera/ir/image_rect/compressed/parameter_descriptions] /camera_nodelet_manager http://pc:41055/
[rosmaster.master][INFO] 2012-12-15 15:30:13,613: +PARAM [/camera/depth_registered/image_raw/theora/optimize_for] by /camera_nodelet_manager
[rosmaster.master][INFO] 2012-12-15 15:30:13,615: +PUB [/camera/ir/image_rect/compressed/parameter_updates] /camera_nodelet_manager http://pc:41055/
[rosmaster.master][INFO] 2012-12-15 15:30:13,618: +PARAM [/camera/depth_registered/image_raw/theora/target_bitrate] by /camera_nodelet_manager
[rosmaster.master][INFO] 2012-12-15 15:30:13,622: +PARAM [/camera/depth_registered/image_raw/theora/quality] by /camera_nodelet_manager
[rosmaster.master][INFO] 2012-12-15 15:30:13,627: +PARAM [/camera/driver/image_mode] by /camera_nodelet_manager
[rosmaster.master][INFO] 2012-12-15 15:30:13,629: +PARAM [/camera/depth_registered/image_raw/theora/keyframe_frequency] by /camera_nodelet_manager
[rosmaster.master][INFO] 2012-12-15 15:30:13,632: +PARAM [/camera/ir/image_rect/compressed/format] by /camera_nodelet_manager
[rosmaster.master][INFO] 2012-12-15 15:30:13,636: +PARAM [/camera/ir/image_rect/compressed/jpeg_quality] by /camera_nodelet_manager
[rosmaster.master][INFO] 2012-12-15 15:30:13,638: +PARAM [/camera/driver/depth_mode] by /camera_nodelet_manager
[rosmaster.master][INFO] 2012-12-15 15:30:13,640: +PARAM [/camera/ir/image_rect/compressed/png_level] by /camera_nodelet_manager
[rosmaster.master][INFO] 2012-12-15 15:30:13,643: +PARAM [/camera/driver/depth_registration] by /camera_nodelet_manager
[rosmaster.master][INFO] 2012-12-15 15:30:13,645: +PUB [/camera/ir/image_rect] /camera_nodelet_manager http://pc:41055/
[rosmaster.master][INFO] 2012-12-15 15:30:13,649: +PARAM [/camera/driver/data_skip] by /camera_nodelet_manager
[rosmaster.master][INFO] 2012-12-15 15:30:13,650: +PUB [/camera/ir/image_rect/theora] /camera_nodelet_manager http://pc:41055/
[rosmaster.master][INFO] 2012-12-15 15:30:13,653: +PARAM [/camera/driver/depth_time_offset] by /camera_nodelet_manager
[rosmaster.master][INFO] 2012-12-15 15:30:13,656: +SERVICE [/camera/ir/image_rect/theora/set_parameters] /camera_nodelet_manager http://pc:41055/
[rosmaster.master][INFO] 2012-12-15 15:30:13,657: +PARAM [/camera/driver/image_time_offset] by /camera_nodelet_manager
[rosmaster.master][INFO] 2012-12-15 15:30:13,660: +PUB [/camera/ir/image_rect/theora/parameter_descriptions] /camera_nodelet_manager http://pc:41055/
[rosmaster.master][INFO] 2012-12-15 15:30:13,662: +PARAM [/camera/driver/depth_ir_offset_x] by /camera_nodelet_manager
[rosmaster.master][INFO] 2012-12-15 15:30:13,666: +PUB [/camera/ir/image_rect/theora/parameter_updates] /camera_nodelet_manager http://pc:41055/
[rosmaster.master][INFO] 2012-12-15 15:30:13,668: +PARAM [/camera/driver/depth_ir_offset_y] by /camera_nodelet_manager
[rosmaster.master][INFO] 2012-12-15 15:30:13,673: +PARAM [/camera/driver/z_offset_mm] by /camera_nodelet_manager
[rosmaster.master][INFO] 2012-12-15 15:30:13,685: -SUB [/camera/driver/parameter_updates] /set_dr http://pc:38089/
[rosmaster.master][INFO] 2012-12-15 15:30:13,686: +PARAM [/camera/ir/image_rect/theora/optimize_for] by /camera_nodelet_manager
[rosmaster.master][INFO] 2012-12-15 15:30:13,687: -SUB [/camera/driver/parameter_descriptions] /set_dr http://pc:38089/
[rosmaster.master][INFO] 2012-12-15 15:30:13,688: -PUB [/rosout] /set_dr http://pc:38089/
[rosmaster.master][INFO] 2012-12-15 15:30:13,691: +PARAM [/camera/ir/image_rect/theora/target_bitrate] by /camera_nodelet_manager
[rosmaster.master][INFO] 2012-12-15 15:30:13,693: +PARAM [/camera/ir/image_rect/theora/quality] by /camera_nodelet_manager
[rosmaster.master][INFO] 2012-12-15 15:30:13,695: +PARAM [/camera/ir/image_rect/theora/keyframe_frequency] by /camera_nodelet_manager
[rosmaster.master][INFO] 2012-12-15 15:30:13,736: publisherUpdate[/rosout] -> http://pc:33261/
[rosmaster.master][INFO] 2012-12-15 15:30:13,978: +PUB [/camera/depth/points] /camera_nodelet_manager http://pc:41055/
[rosmaster.master][INFO] 2012-12-15 15:30:14,247: +SERVICE [/camera/rgb/rectify_color/set_parameters] /camera_nodelet_manager http://pc:41055/
[rosmaster.master][INFO] 2012-12-15 15:30:14,249: +PUB [/camera/rgb/rectify_color/parameter_descriptions] /camera_nodelet_manager http://pc:41055/
[rosmaster.master][INFO] 2012-12-15 15:30:14,251: +PUB [/camera/rgb/rectify_color/parameter_updates] /camera_nodelet_manager http://pc:41055/
[rosmaster.master][INFO] 2012-12-15 15:30:14,255: +PARAM [/camera/rgb/rectify_color/interpolation] by /camera_nodelet_manager
[rosmaster.master][INFO] 2012-12-15 15:30:14,258: +PUB [/camera/rgb/image_rect_color/compressed] /camera_nodelet_manager http://pc:41055/
[rosmaster.master][INFO] 2012-12-15 15:30:14,261: +SERVICE [/camera/rgb/image_rect_color/compressed/set_parameters] /camera_nodelet_manager http://pc:41055/
[rosmaster.master][INFO] 2012-12-15 15:30:14,264: +PUB [/camera/rgb/image_rect_color/compressed/parameter_descriptions] /camera_nodelet_manager http://pc:41055/
[rosmaster.master][INFO] 2012-12-15 15:30:14,267: +PUB [/camera/rgb/image_rect_color/compressed/parameter_updates] /camera_nodelet_manager http://pc:41055/
[rosmaster.master][INFO] 2012-12-15 15:30:14,279: +PARAM [/camera/rgb/image_rect_color/compressed/format] by /camera_nodelet_manager
[rosmaster.master][INFO] 2012-12-15 15:30:14,282: +PARAM [/camera/rgb/image_rect_color/compressed/jpeg_quality] by /camera_nodelet_manager
[rosmaster.master][INFO] 2012-12-15 15:30:14,284: +PARAM [/camera/rgb/image_rect_color/compressed/png_level] by /camera_nodelet_manager
[rosmaster.master][INFO] 2012-12-15 15:30:14,287: +PUB [/camera/rgb/image_rect_color] /camera_nodelet_manager http://pc:41055/
[rosmaster.master][INFO] 2012-12-15 15:30:14,290: +PUB [/camera/rgb/image_rect_color/theora] /camera_nodelet_manager http://pc:41055/
[rosmaster.master][INFO] 2012-12-15 15:30:14,293: +SERVICE [/camera/rgb/image_rect_color/theora/set_parameters] /camera_nodelet_manager http://pc:41055/
[rosmaster.master][INFO] 2012-12-15 15:30:14,295: +PUB [/camera/rgb/image_rect_color/theora/parameter_descriptions] /camera_nodelet_manager http://pc:41055/
[rosmaster.master][INFO] 2012-12-15 15:30:14,298: +PUB [/camera/rgb/image_rect_color/theora/parameter_updates] /camera_nodelet_manager http://pc:41055/
[rosmaster.master][INFO] 2012-12-15 15:30:14,308: +PARAM [/camera/rgb/image_rect_color/theora/optimize_for] by /camera_nodelet_manager
[rosmaster.master][INFO] 2012-12-15 15:30:14,311: +PARAM [/camera/rgb/image_rect_color/theora/target_bitrate] by /camera_nodelet_manager
[rosmaster.master][INFO] 2012-12-15 15:30:14,313: +PARAM [/camera/rgb/image_rect_color/theora/quality] by /camera_nodelet_manager
[rosmaster.master][INFO] 2012-12-15 15:30:14,315: +PARAM [/camera/rgb/image_rect_color/theora/keyframe_frequency] by /camera_nodelet_manager
[rosmaster.master][INFO] 2012-12-15 15:30:14,619: +PUB [/camera/depth/disparity] /camera_nodelet_manager http://pc:41055/
[rosmaster.master][INFO] 2012-12-15 15:30:14,909: +PUB [/camera/depth/image/compressed] /camera_nodelet_manager http://pc:41055/
[rosmaster.master][INFO] 2012-12-15 15:30:14,911: +SERVICE [/camera/depth/image/compressed/set_parameters] /camera_nodelet_manager http://pc:41055/
[rosmaster.master][INFO] 2012-12-15 15:30:14,914: +PUB [/camera/depth/image/compressed/parameter_descriptions] /camera_nodelet_manager http://pc:41055/
[rosmaster.master][INFO] 2012-12-15 15:30:14,916: +PUB [/camera/depth/image/compressed/parameter_updates] /camera_nodelet_manager http://pc:41055/
[rosmaster.master][INFO] 2012-12-15 15:30:14,925: +PARAM [/camera/depth/image/compressed/format] by /camera_nodelet_manager
[rosmaster.master][INFO] 2012-12-15 15:30:14,927: +PARAM [/camera/depth/image/compressed/jpeg_quality] by /camera_nodelet_manager
[rosmaster.master][INFO] 2012-12-15 15:30:14,930: +PARAM [/camera/depth/image/compressed/png_level] by /camera_nodelet_manager
[rosmaster.master][INFO] 2012-12-15 15:30:14,932: +PUB [/camera/depth/image] /camera_nodelet_manager http://pc:41055/
[rosmaster.master][INFO] 2012-12-15 15:30:14,935: +PUB [/camera/depth/image/theora] /camera_nodelet_manager http://pc:41055/
[rosmaster.master][INFO] 2012-12-15 15:30:14,937: +SERVICE [/camera/depth/image/theora/set_parameters] /camera_nodelet_manager http://pc:41055/
[rosmaster.master][INFO] 2012-12-15 15:30:14,943: +PUB [/camera/depth/image/theora/parameter_descriptions] /camera_nodelet_manager http://pc:41055/
[rosmaster.master][INFO] 2012-12-15 15:30:14,947: +PUB [/camera/depth/image/theora/parameter_updates] /camera_nodelet_manager http://pc:41055/
[rosmaster.master][INFO] 2012-12-15 15:30:14,958: +PARAM [/camera/depth/image/theora/optimize_for] by /camera_nodelet_manager
[rosmaster.master][INFO] 2012-12-15 15:30:14,960: +PARAM [/camera/depth/image/theora/target_bitrate] by /camera_nodelet_manager
[rosmaster.master][INFO] 2012-12-15 15:30:14,963: +PARAM [/camera/depth/image/theora/quality] by /camera_nodelet_manager
[rosmaster.master][INFO] 2012-12-15 15:30:14,965: +PARAM [/camera/depth/image/theora/keyframe_frequency] by /camera_nodelet_manager
[rosmaster.master][INFO] 2012-12-15 15:30:15,240: +PUB [/camera/depth_registered/image_rect/compressed] /camera_nodelet_manager http://pc:41055/
[rosmaster.master][INFO] 2012-12-15 15:30:15,242: +SERVICE [/camera/depth_registered/image_rect/compressed/set_parameters] /camera_nodelet_manager http://pc:41055/
[rosmaster.master][INFO] 2012-12-15 15:30:15,244: +PUB [/camera/depth_registered/image_rect/compressed/parameter_descriptions] /camera_nodelet_manager http://pc:41055/
[rosmaster.master][INFO] 2012-12-15 15:30:15,247: +PUB [/camera/depth_registered/image_rect/compressed/parameter_updates] /camera_nodelet_manager http://pc:41055/
[rosmaster.master][INFO] 2012-12-15 15:30:15,255: +PARAM [/camera/depth_registered/image_rect/compressed/format] by /camera_nodelet_manager
[rosmaster.master][INFO] 2012-12-15 15:30:15,258: +PARAM [/camera/depth_registered/image_rect/compressed/jpeg_quality] by /camera_nodelet_manager
[rosmaster.master][INFO] 2012-12-15 15:30:15,260: +PARAM [/camera/depth_registered/image_rect/compressed/png_level] by /camera_nodelet_manager
[rosmaster.master][INFO] 2012-12-15 15:30:15,263: +PUB [/camera/depth_registered/image_rect] /camera_nodelet_manager http://pc:41055/
[rosmaster.master][INFO] 2012-12-15 15:30:15,267: +PUB [/camera/depth_registered/image_rect/theora] /camera_nodelet_manager http://pc:41055/
[rosmaster.master][INFO] 2012-12-15 15:30:15,271: +SERVICE [/camera/depth_registered/image_rect/theora/set_parameters] /camera_nodelet_manager http://pc:41055/
[rosmaster.master][INFO] 2012-12-15 15:30:15,274: +PUB [/camera/depth_registered/image_rect/theora/parameter_descriptions] /camera_nodelet_manager http://pc:41055/
[rosmaster.master][INFO] 2012-12-15 15:30:15,277: +PUB [/camera/depth_registered/image_rect/theora/parameter_updates] /camera_nodelet_manager http://pc:41055/
[rosmaster.master][INFO] 2012-12-15 15:30:15,287: +PARAM [/camera/depth_registered/image_rect/theora/optimize_for] by /camera_nodelet_manager
[rosmaster.master][INFO] 2012-12-15 15:30:15,290: +PARAM [/camera/depth_registered/image_rect/theora/target_bitrate] by /camera_nodelet_manager
[rosmaster.master][INFO] 2012-12-15 15:30:15,292: +PARAM [/camera/depth_registered/image_rect/theora/quality] by /camera_nodelet_manager
[rosmaster.master][INFO] 2012-12-15 15:30:15,294: +PARAM [/camera/depth_registered/image_rect/theora/keyframe_frequency] by /camera_nodelet_manager
[rosmaster.master][INFO] 2012-12-15 15:30:15,589: +PUB [/camera/depth_registered/disparity] /camera_nodelet_manager http://pc:41055/
[rosmaster.master][INFO] 2012-12-15 15:30:16,157: +PUB [/camera/depth_registered/points] /camera_nodelet_manager http://pc:41055/
[rosmaster.master][INFO] 2012-12-15 15:30:16,455: +PUB [/camera/depth_registered/image/compressed] /camera_nodelet_manager http://pc:41055/
[rosmaster.master][INFO] 2012-12-15 15:30:16,457: +SERVICE [/camera/depth_registered/image/compressed/set_parameters] /camera_nodelet_manager http://pc:41055/
[rosmaster.master][INFO] 2012-12-15 15:30:16,459: +PUB [/camera/depth_registered/image/compressed/parameter_descriptions] /camera_nodelet_manager http://pc:41055/
[rosmaster.master][INFO] 2012-12-15 15:30:16,461: +PUB [/camera/depth_registered/image/compressed/parameter_updates] /camera_nodelet_manager http://pc:41055/
[rosmaster.master][INFO] 2012-12-15 15:30:16,473: +PARAM [/camera/depth_registered/image/compressed/format] by /camera_nodelet_manager
[rosmaster.master][INFO] 2012-12-15 15:30:16,475: +PARAM [/camera/depth_registered/image/compressed/jpeg_quality] by /camera_nodelet_manager
[rosmaster.master][INFO] 2012-12-15 15:30:16,477: +PARAM [/camera/depth_registered/image/compressed/png_level] by /camera_nodelet_manager
[rosmaster.master][INFO] 2012-12-15 15:30:16,480: +PUB [/camera/depth_registered/image] /camera_nodelet_manager http://pc:41055/
[rosmaster.master][INFO] 2012-12-15 15:30:16,482: +PUB [/camera/depth_registered/image/theora] /camera_nodelet_manager http://pc:41055/
[rosmaster.master][INFO] 2012-12-15 15:30:16,484: +SERVICE [/camera/depth_registered/image/theora/set_parameters] /camera_nodelet_manager http://pc:41055/
[rosmaster.master][INFO] 2012-12-15 15:30:16,486: +PUB [/camera/depth_registered/image/theora/parameter_descriptions] /camera_nodelet_manager http://pc:41055/
[rosmaster.master][INFO] 2012-12-15 15:30:16,489: +PUB [/camera/depth_registered/image/theora/parameter_updates] /camera_nodelet_manager http://pc:41055/
[rosmaster.master][INFO] 2012-12-15 15:30:16,499: +PARAM [/camera/depth_registered/image/theora/optimize_for] by /camera_nodelet_manager
[rosmaster.master][INFO] 2012-12-15 15:30:16,501: +PARAM [/camera/depth_registered/image/theora/target_bitrate] by /camera_nodelet_manager
[rosmaster.master][INFO] 2012-12-15 15:30:16,504: +PARAM [/camera/depth_registered/image/theora/quality] by /camera_nodelet_manager
[rosmaster.master][INFO] 2012-12-15 15:30:16,506: +PARAM [/camera/depth_registered/image/theora/keyframe_frequency] by /camera_nodelet_manager
[rosmaster.master][INFO] 2012-12-15 15:38:28,562: -PUB [/camera/depth_registered/disparity] /camera_nodelet_manager http://pc:41055/
[rosmaster.master][INFO] 2012-12-15 15:38:28,566: -PUB [/camera/depth_registered/rectify_depth/parameter_descriptions] /camera_nodelet_manager http://pc:41055/
[rosmaster.master][INFO] 2012-12-15 15:38:28,567: -PUB [/camera/depth_registered/rectify_depth/parameter_updates] /camera_nodelet_manager http://pc:41055/
[rosmaster.master][INFO] 2012-12-15 15:38:28,568: -SERVICE [/camera/depth_registered/rectify_depth/set_parameters] /camera_nodelet_manager rosrpc://pc:41792
[rosmaster.master][INFO] 2012-12-15 15:38:28,570: -PUB [/camera/depth_registered/points] /camera_nodelet_manager http://pc:41055/
[rosmaster.master][INFO] 2012-12-15 15:38:28,572: -PUB [/camera/depth/disparity] /camera_nodelet_manager http://pc:41055/
[rosmaster.master][INFO] 2012-12-15 15:38:28,631: -PUB [/rosout] /camera/depth_registered/metric http://pc:44817/
[rosmaster.master][INFO] 2012-12-15 15:38:28,633: -PUB [/rosout] /camera/points_xyzrgb_depth_rgb http://pc:51844/
[rosmaster.master][INFO] 2012-12-15 15:38:28,636: -SERVICE [/camera/points_xyzrgb_depth_rgb/get_loggers] /camera/points_xyzrgb_depth_rgb rosrpc://pc:40879
[rosmaster.master][INFO] 2012-12-15 15:38:28,639: -SERVICE [/camera/depth_registered/metric/get_loggers] /camera/depth_registered/metric rosrpc://pc:60221
[rosmaster.master][INFO] 2012-12-15 15:38:28,642: -SERVICE [/camera/points_xyzrgb_depth_rgb/set_logger_level] /camera/points_xyzrgb_depth_rgb rosrpc://pc:40879
[rosmaster.master][INFO] 2012-12-15 15:38:28,644: -PUB [/rosout] /camera/disparity_depth_registered http://pc:51795/
[rosmaster.master][INFO] 2012-12-15 15:38:28,646: -SERVICE [/camera/depth_registered/metric/set_logger_level] /camera/depth_registered/metric rosrpc://pc:60221
[rosmaster.master][INFO] 2012-12-15 15:38:28,649: -SERVICE [/camera/disparity_depth_registered/get_loggers] /camera/disparity_depth_registered rosrpc://pc:53761
[rosmaster.master][INFO] 2012-12-15 15:38:28,651: -SERVICE [/camera/disparity_depth_registered/set_logger_level] /camera/disparity_depth_registered rosrpc://pc:53761
[rosmaster.master][INFO] 2012-12-15 15:38:28,664: -PUB [/rosout] /camera/depth_registered/metric_rect http://pc:40223/
[rosmaster.master][INFO] 2012-12-15 15:38:28,667: -SERVICE [/camera/depth_registered/metric_rect/get_loggers] /camera/depth_registered/metric_rect rosrpc://pc:39713
[rosmaster.master][INFO] 2012-12-15 15:38:28,669: -SERVICE [/camera/depth_registered/metric_rect/set_logger_level] /camera/depth_registered/metric_rect rosrpc://pc:39713
[rosmaster.master][INFO] 2012-12-15 15:38:28,722: publisherUpdate[/rosout] -> http://pc:33261/
[rosmaster.master][INFO] 2012-12-15 15:38:28,725: -PUB [/rosout] /camera_base_link1 http://pc:60193/
[rosmaster.master][INFO] 2012-12-15 15:38:28,726: publisherUpdate[/rosout] -> http://pc:33261/
[rosmaster.master][INFO] 2012-12-15 15:38:28,730: publisherUpdate[/rosout] -> http://pc:33261/
[rosmaster.master][INFO] 2012-12-15 15:38:28,731: -PUB [/tf] /camera_base_link1 http://pc:60193/
[rosmaster.master][INFO] 2012-12-15 15:38:28,737: publisherUpdate[/rosout] -> http://pc:33261/
[rosmaster.master][INFO] 2012-12-15 15:38:28,738: -PUB [/rosout] /camera/depth_registered/rectify_depth http://pc:60924/
[rosmaster.master][INFO] 2012-12-15 15:38:28,740: -PUB [/rosout] /camera_base_link2 http://pc:51567/
[rosmaster.master][INFO] 2012-12-15 15:38:28,742: -PUB [/rosout] /camera/disparity_depth http://pc:59018/
[rosmaster.master][INFO] 2012-12-15 15:38:28,745: publisherUpdate[/rosout] -> http://pc:33261/
[rosmaster.master][INFO] 2012-12-15 15:38:28,746: -PUB [/rosout] /camera_base_link3 http://pc:53528/
[rosmaster.master][INFO] 2012-12-15 15:38:28,750: -SERVICE [/camera_base_link1/get_loggers] /camera_base_link1 rosrpc://pc:39730
[rosmaster.master][INFO] 2012-12-15 15:38:28,753: publisherUpdate[/tf] -> http://pc:41055/
[rosmaster.master][INFO] 2012-12-15 15:38:28,753: -SERVICE [/camera/depth_registered/rectify_depth/get_loggers] /camera/depth_registered/rectify_depth rosrpc://pc:32824
[rosmaster.master][INFO] 2012-12-15 15:38:28,757: publisherUpdate[/rosout] -> http://pc:33261/
[rosmaster.master][INFO] 2012-12-15 15:38:28,759: -PUB [/tf] /camera_base_link2 http://pc:51567/
[rosmaster.master][INFO] 2012-12-15 15:38:28,762: -SERVICE [/camera/disparity_depth/get_loggers] /camera/disparity_depth rosrpc://pc:47695
[rosmaster.master][INFO] 2012-12-15 15:38:28,763: publisherUpdate[/rosout] -> http://pc:33261/
[rosmaster.master][INFO] 2012-12-15 15:38:28,766: -PUB [/rosout] /camera_base_link http://pc:42294/
[rosmaster.master][INFO] 2012-12-15 15:38:28,768: publisherUpdate[/rosout] -> http://pc:33261/
[rosmaster.master][INFO] 2012-12-15 15:38:28,771: -PUB [/tf] /camera_base_link3 http://pc:53528/
[rosmaster.master][INFO] 2012-12-15 15:38:28,773: publisherUpdate[/rosout] -> http://pc:33261/
[rosmaster.master][INFO] 2012-12-15 15:38:28,777: -SERVICE [/camera_base_link1/set_logger_level] /camera_base_link1 rosrpc://pc:39730
[rosmaster.master][INFO] 2012-12-15 15:38:28,779: publisherUpdate[/tf] -> http://pc:41055/
[rosmaster.master][INFO] 2012-12-15 15:38:28,781: -SERVICE [/camera/depth_registered/rectify_depth/set_logger_level] /camera/depth_registered/rectify_depth rosrpc://pc:32824
[rosmaster.master][INFO] 2012-12-15 15:38:28,784: publisherUpdate[/rosout] -> http://pc:33261/
[rosmaster.master][INFO] 2012-12-15 15:38:28,787: -SERVICE [/camera_base_link2/get_loggers] /camera_base_link2 rosrpc://pc:57667
[rosmaster.master][INFO] 2012-12-15 15:38:28,791: publisherUpdate[/tf] -> http://pc:41055/
[rosmaster.master][INFO] 2012-12-15 15:38:28,795: -PUB [/tf] /camera_base_link http://pc:42294/
[rosmaster.master][INFO] 2012-12-15 15:38:28,797: -SERVICE [/camera_base_link3/get_loggers] /camera_base_link3 rosrpc://pc:48954
[rosmaster.master][INFO] 2012-12-15 15:38:28,801: -SERVICE [/camera_base_link2/set_logger_level] /camera_base_link2 rosrpc://pc:57667
[rosmaster.master][INFO] 2012-12-15 15:38:28,806: -SERVICE [/camera_base_link/get_loggers] /camera_base_link rosrpc://pc:56051
[rosmaster.master][INFO] 2012-12-15 15:38:28,808: -SERVICE [/camera_base_link3/set_logger_level] /camera_base_link3 rosrpc://pc:48954
[rosmaster.master][INFO] 2012-12-15 15:38:28,810: -SERVICE [/camera/depth_registered/image_rect_raw/compressed/set_parameters] /camera_nodelet_manager rosrpc://pc:41792
[rosmaster.master][INFO] 2012-12-15 15:38:28,813: -SERVICE [/camera_base_link/set_logger_level] /camera_base_link rosrpc://pc:56051
[rosmaster.master][INFO] 2012-12-15 15:38:28,814: -SERVICE [/camera/depth_registered/image_rect_raw/theora/set_parameters] /camera_nodelet_manager rosrpc://pc:41792
[rosmaster.master][INFO] 2012-12-15 15:38:28,822: publisherUpdate[/tf] -> http://pc:41055/
[rosmaster.master][INFO] 2012-12-15 15:38:28,827: -SUB [/tf] /camera_nodelet_manager http://pc:41055/
[rosmaster.master][INFO] 2012-12-15 15:38:28,829: -SERVICE [/camera_nodelet_manager/tf_frames] /camera_nodelet_manager rosrpc://pc:41792
[rosmaster.master][INFO] 2012-12-15 15:38:28,869: -PUB [/rosout] /camera/depth/metric http://pc:48405/
[rosmaster.master][INFO] 2012-12-15 15:38:28,872: -SERVICE [/camera/depth/metric/get_loggers] /camera/depth/metric rosrpc://pc:52830
[rosmaster.master][INFO] 2012-12-15 15:38:28,875: -SERVICE [/camera/depth/metric/set_logger_level] /camera/depth/metric rosrpc://pc:52830
[rosmaster.master][INFO] 2012-12-15 15:38:28,894: publisherUpdate[/rosout] -> http://pc:33261/
[rosmaster.master][INFO] 2012-12-15 15:38:28,959: -PUB [/camera/depth/rectify_depth/parameter_descriptions] /camera_nodelet_manager http://pc:41055/
[rosmaster.master][INFO] 2012-12-15 15:38:28,965: -PUB [/rosout] /camera/register_depth_rgb http://pc:51670/
[rosmaster.master][INFO] 2012-12-15 15:38:28,973: -PUB [/camera/depth/rectify_depth/parameter_updates] /camera_nodelet_manager http://pc:41055/
[rosmaster.master][INFO] 2012-12-15 15:38:28,979: -PUB [/rosout] /camera/depth/metric_rect http://pc:44449/
[rosmaster.master][INFO] 2012-12-15 15:38:28,981: -SERVICE [/camera/register_depth_rgb/get_loggers] /camera/register_depth_rgb rosrpc://pc:35375
[rosmaster.master][INFO] 2012-12-15 15:38:28,988: -SERVICE [/camera/depth/rectify_depth/set_parameters] /camera_nodelet_manager rosrpc://pc:41792
[rosmaster.master][INFO] 2012-12-15 15:38:28,993: -SERVICE [/camera/disparity_depth/set_logger_level] /camera/disparity_depth rosrpc://pc:47695
[rosmaster.master][INFO] 2012-12-15 15:38:28,995: -SERVICE [/camera/depth/metric_rect/get_loggers] /camera/depth/metric_rect rosrpc://pc:57094
[rosmaster.master][INFO] 2012-12-15 15:38:28,997: -SERVICE [/camera/register_depth_rgb/set_logger_level] /camera/register_depth_rgb rosrpc://pc:35375
[rosmaster.master][INFO] 2012-12-15 15:38:28,998: publisherUpdate[/rosout] -> http://pc:33261/
[rosmaster.master][INFO] 2012-12-15 15:38:29,000: -PUB [/camera/rgb/rectify_color/parameter_descriptions] /camera_nodelet_manager http://pc:41055/
[rosmaster.master][INFO] 2012-12-15 15:38:29,003: publisherUpdate[/rosout] -> http://pc:33261/
[rosmaster.master][INFO] 2012-12-15 15:38:29,007: -SERVICE [/camera/depth/metric_rect/set_logger_level] /camera/depth/metric_rect rosrpc://pc:57094
[rosmaster.master][INFO] 2012-12-15 15:38:29,009: -PUB [/camera/rgb/rectify_color/parameter_updates] /camera_nodelet_manager http://pc:41055/
[rosmaster.master][INFO] 2012-12-15 15:38:29,012: -SERVICE [/camera/rgb/rectify_color/set_parameters] /camera_nodelet_manager rosrpc://pc:41792
[rosmaster.master][INFO] 2012-12-15 15:38:29,014: -PUB [/camera/ir/rectify_ir/parameter_descriptions] /camera_nodelet_manager http://pc:41055/
[rosmaster.master][INFO] 2012-12-15 15:38:29,016: -PUB [/camera/ir/rectify_ir/parameter_updates] /camera_nodelet_manager http://pc:41055/
[rosmaster.master][INFO] 2012-12-15 15:38:29,018: -SERVICE [/camera/ir/rectify_ir/set_parameters] /camera_nodelet_manager rosrpc://pc:41792
[rosmaster.master][INFO] 2012-12-15 15:38:29,020: -PUB [/camera/rgb/rectify_mono/parameter_descriptions] /camera_nodelet_manager http://pc:41055/
[rosmaster.master][INFO] 2012-12-15 15:38:29,023: -PUB [/camera/rgb/rectify_mono/parameter_updates] /camera_nodelet_manager http://pc:41055/
[rosmaster.master][INFO] 2012-12-15 15:38:29,025: -SERVICE [/camera/rgb/rectify_mono/set_parameters] /camera_nodelet_manager rosrpc://pc:41792
[rosmaster.master][INFO] 2012-12-15 15:38:29,027: -PUB [/camera/rgb/debayer/parameter_descriptions] /camera_nodelet_manager http://pc:41055/
[rosmaster.master][INFO] 2012-12-15 15:38:29,029: -PUB [/camera/rgb/debayer/parameter_updates] /camera_nodelet_manager http://pc:41055/
[rosmaster.master][INFO] 2012-12-15 15:38:29,031: -SERVICE [/camera/rgb/debayer/set_parameters] /camera_nodelet_manager rosrpc://pc:41792
[rosmaster.master][INFO] 2012-12-15 15:38:29,034: -PUB [/camera/depth/points] /camera_nodelet_manager http://pc:41055/
[rosmaster.master][INFO] 2012-12-15 15:38:29,059: -PUB [/rosout] /camera/rgb/rectify_color http://pc:53969/
[rosmaster.master][INFO] 2012-12-15 15:38:29,061: -SERVICE [/camera/rgb/rectify_color/get_loggers] /camera/rgb/rectify_color rosrpc://pc:59922
[rosmaster.master][INFO] 2012-12-15 15:38:29,064: -SERVICE [/camera/rgb/rectify_color/set_logger_level] /camera/rgb/rectify_color rosrpc://pc:59922
[rosmaster.master][INFO] 2012-12-15 15:38:29,066: -PUB [/rosout] /camera/depth/rectify_depth http://pc:58104/
[rosmaster.master][INFO] 2012-12-15 15:38:29,071: -PUB [/rosout] /camera/rgb/rectify_mono http://pc:33455/
[rosmaster.master][INFO] 2012-12-15 15:38:29,073: -SERVICE [/camera/depth/rectify_depth/get_loggers] /camera/depth/rectify_depth rosrpc://pc:53126
[rosmaster.master][INFO] 2012-12-15 15:38:29,078: -SERVICE [/camera/rgb/rectify_mono/get_loggers] /camera/rgb/rectify_mono rosrpc://pc:51246
[rosmaster.master][INFO] 2012-12-15 15:38:29,081: -SERVICE [/camera/depth/rectify_depth/set_logger_level] /camera/depth/rectify_depth rosrpc://pc:53126
[rosmaster.master][INFO] 2012-12-15 15:38:29,083: -SERVICE [/camera/ir/set_camera_info] /camera_nodelet_manager rosrpc://pc:41792
[rosmaster.master][INFO] 2012-12-15 15:38:29,085: -SERVICE [/camera/rgb/rectify_mono/set_logger_level] /camera/rgb/rectify_mono rosrpc://pc:51246
[rosmaster.master][INFO] 2012-12-15 15:38:29,087: -SERVICE [/camera/rgb/set_camera_info] /camera_nodelet_manager rosrpc://pc:41792
[rosmaster.master][INFO] 2012-12-15 15:38:29,090: -PUB [/camera/driver/parameter_descriptions] /camera_nodelet_manager http://pc:41055/
[rosmaster.master][INFO] 2012-12-15 15:38:29,092: -PUB [/camera/driver/parameter_updates] /camera_nodelet_manager http://pc:41055/
[rosmaster.master][INFO] 2012-12-15 15:38:29,096: -SERVICE [/camera/driver/set_parameters] /camera_nodelet_manager rosrpc://pc:41792
[rosmaster.master][INFO] 2012-12-15 15:38:29,106: publisherUpdate[/rosout] -> http://pc:33261/
[rosmaster.master][INFO] 2012-12-15 15:38:29,108: publisherUpdate[/rosout] -> http://pc:33261/
[rosmaster.master][INFO] 2012-12-15 15:38:29,110: publisherUpdate[/rosout] -> http://pc:33261/
[rosmaster.master][INFO] 2012-12-15 15:38:29,135: -PUB [/rosout] /camera/rgb/debayer http://pc:40593/
[rosmaster.master][INFO] 2012-12-15 15:38:29,137: -SERVICE [/camera/rgb/debayer/get_loggers] /camera/rgb/debayer rosrpc://pc:47250
[rosmaster.master][INFO] 2012-12-15 15:38:29,140: -SERVICE [/camera/rgb/debayer/set_logger_level] /camera/rgb/debayer rosrpc://pc:47250
[rosmaster.master][INFO] 2012-12-15 15:38:29,163: -PUB [/rosout] /camera/ir/rectify_ir http://pc:52746/
[rosmaster.master][INFO] 2012-12-15 15:38:29,165: -SERVICE [/camera/ir/rectify_ir/get_loggers] /camera/ir/rectify_ir rosrpc://pc:60727
[rosmaster.master][INFO] 2012-12-15 15:38:29,168: -PUB [/rosout] /camera/depth/points http://pc:52847/
[rosmaster.master][INFO] 2012-12-15 15:38:29,171: -SERVICE [/camera/ir/rectify_ir/set_logger_level] /camera/ir/rectify_ir rosrpc://pc:60727
[rosmaster.master][INFO] 2012-12-15 15:38:29,175: -SERVICE [/camera/depth/points/get_loggers] /camera/depth/points rosrpc://pc:44077
[rosmaster.master][INFO] 2012-12-15 15:38:29,178: -SERVICE [/camera/depth/points/set_logger_level] /camera/depth/points rosrpc://pc:44077
[rosmaster.master][INFO] 2012-12-15 15:38:29,211: publisherUpdate[/rosout] -> http://pc:33261/
[rosmaster.master][INFO] 2012-12-15 15:38:29,213: publisherUpdate[/rosout] -> http://pc:33261/
[rosmaster.master][INFO] 2012-12-15 15:38:29,215: publisherUpdate[/rosout] -> http://pc:33261/
[rosmaster.master][INFO] 2012-12-15 15:38:29,226: -PUB [/rosout] /camera_nodelet_manager http://pc:41055/
[rosmaster.master][INFO] 2012-12-15 15:38:29,229: -PUB [/camera/rgb/image_mono/compressed] /camera_nodelet_manager http://pc:41055/
[rosmaster.master][INFO] 2012-12-15 15:38:29,231: -PUB [/camera/rgb/image_mono/compressed/parameter_descriptions] /camera_nodelet_manager http://pc:41055/
[rosmaster.master][INFO] 2012-12-15 15:38:29,234: -PUB [/camera/rgb/image_mono/compressed/parameter_updates] /camera_nodelet_manager http://pc:41055/
[rosmaster.master][INFO] 2012-12-15 15:38:29,236: -PUB [/camera/rgb/image_mono] /camera_nodelet_manager http://pc:41055/
[rosmaster.master][INFO] 2012-12-15 15:38:29,239: -PUB [/camera/rgb/image_mono/theora] /camera_nodelet_manager http://pc:41055/
[rosmaster.master][INFO] 2012-12-15 15:38:29,241: -PUB [/camera/rgb/image_mono/theora/parameter_descriptions] /camera_nodelet_manager http://pc:41055/
[rosmaster.master][INFO] 2012-12-15 15:38:29,244: -PUB [/camera/rgb/image_mono/theora/parameter_updates] /camera_nodelet_manager http://pc:41055/
[rosmaster.master][INFO] 2012-12-15 15:38:29,246: -PUB [/camera/rgb/image_color/compressed] /camera_nodelet_manager http://pc:41055/
[rosmaster.master][INFO] 2012-12-15 15:38:29,249: -PUB [/camera/rgb/image_color/compressed/parameter_descriptions] /camera_nodelet_manager http://pc:41055/
[rosmaster.master][INFO] 2012-12-15 15:38:29,251: -PUB [/camera/rgb/image_color/compressed/parameter_updates] /camera_nodelet_manager http://pc:41055/
[rosmaster.master][INFO] 2012-12-15 15:38:29,253: -PUB [/camera/rgb/image_color] /camera_nodelet_manager http://pc:41055/
[rosmaster.master][INFO] 2012-12-15 15:38:29,256: -PUB [/camera/rgb/image_color/theora] /camera_nodelet_manager http://pc:41055/
[rosmaster.master][INFO] 2012-12-15 15:38:29,259: -PUB [/camera/rgb/image_color/theora/parameter_descriptions] /camera_nodelet_manager http://pc:41055/
[rosmaster.master][INFO] 2012-12-15 15:38:29,261: -PUB [/camera/rgb/image_color/theora/parameter_updates] /camera_nodelet_manager http://pc:41055/
[rosmaster.master][INFO] 2012-12-15 15:38:29,263: -PUB [/camera/rgb/image_rect/compressed] /camera_nodelet_manager http://pc:41055/
[rosmaster.master][INFO] 2012-12-15 15:38:29,266: -PUB [/camera/rgb/image_rect/compressed/parameter_descriptions] /camera_nodelet_manager http://pc:41055/
[rosmaster.master][INFO] 2012-12-15 15:38:29,268: -PUB [/camera/rgb/image_rect/compressed/parameter_updates] /camera_nodelet_manager http://pc:41055/
[rosmaster.master][INFO] 2012-12-15 15:38:29,271: -PUB [/camera/rgb/image_rect] /camera_nodelet_manager http://pc:41055/
[rosmaster.master][INFO] 2012-12-15 15:38:29,274: -PUB [/camera/rgb/image_rect/theora] /camera_nodelet_manager http://pc:41055/
[rosmaster.master][INFO] 2012-12-15 15:38:29,277: -PUB [/camera/rgb/image_rect/theora/parameter_descriptions] /camera_nodelet_manager http://pc:41055/
[rosmaster.master][INFO] 2012-12-15 15:38:29,279: -PUB [/camera/rgb/image_rect/theora/parameter_updates] /camera_nodelet_manager http://pc:41055/
[rosmaster.master][INFO] 2012-12-15 15:38:29,282: -PUB [/camera/depth_registered/image_rect_raw/compressed] /camera_nodelet_manager http://pc:41055/
[rosmaster.master][INFO] 2012-12-15 15:38:29,284: -PUB [/camera/depth_registered/image_rect_raw/compressed/parameter_descriptions] /camera_nodelet_manager http://pc:41055/
[rosmaster.master][INFO] 2012-12-15 15:38:29,286: -PUB [/camera/depth_registered/image_rect_raw/compressed/parameter_updates] /camera_nodelet_manager http://pc:41055/
[rosmaster.master][INFO] 2012-12-15 15:38:29,288: -PUB [/camera/depth_registered/image_rect_raw] /camera_nodelet_manager http://pc:41055/
[rosmaster.master][INFO] 2012-12-15 15:38:29,290: -PUB [/camera/depth_registered/image_rect_raw/theora] /camera_nodelet_manager http://pc:41055/
[rosmaster.master][INFO] 2012-12-15 15:38:29,292: -PUB [/camera/depth_registered/image_rect_raw/theora/parameter_descriptions] /camera_nodelet_manager http://pc:41055/
[rosmaster.master][INFO] 2012-12-15 15:38:29,294: -PUB [/camera/depth_registered/image_rect_raw/theora/parameter_updates] /camera_nodelet_manager http://pc:41055/
[rosmaster.master][INFO] 2012-12-15 15:38:29,296: -PUB [/camera/depth_registered/camera_info] /camera_nodelet_manager http://pc:41055/
[rosmaster.master][INFO] 2012-12-15 15:38:29,298: -PUB [/camera/depth/image_rect_raw/compressed] /camera_nodelet_manager http://pc:41055/
[rosmaster.master][INFO] 2012-12-15 15:38:29,300: -PUB [/camera/depth/image_rect_raw/compressed/parameter_descriptions] /camera_nodelet_manager http://pc:41055/
[rosmaster.master][INFO] 2012-12-15 15:38:29,303: -PUB [/camera/depth/image_rect_raw/compressed/parameter_updates] /camera_nodelet_manager http://pc:41055/
[rosmaster.master][INFO] 2012-12-15 15:38:29,305: -PUB [/camera/depth/image_rect_raw] /camera_nodelet_manager http://pc:41055/
[rosmaster.master][INFO] 2012-12-15 15:38:29,307: -PUB [/camera/depth/image_rect_raw/theora] /camera_nodelet_manager http://pc:41055/
[rosmaster.master][INFO] 2012-12-15 15:38:29,309: -PUB [/camera/depth/image_rect_raw/theora/parameter_descriptions] /camera_nodelet_manager http://pc:41055/
[rosmaster.master][INFO] 2012-12-15 15:38:29,311: -PUB [/camera/depth/image_rect_raw/theora/parameter_updates] /camera_nodelet_manager http://pc:41055/
[rosmaster.master][INFO] 2012-12-15 15:38:29,313: -PUB [/camera/depth/image_rect/compressed] /camera_nodelet_manager http://pc:41055/
[rosmaster.master][INFO] 2012-12-15 15:38:29,315: -PUB [/camera/depth/image_rect/compressed/parameter_descriptions] /camera_nodelet_manager http://pc:41055/
[rosmaster.master][INFO] 2012-12-15 15:38:29,317: publisherUpdate[/rosout] -> http://pc:33261/
[rosmaster.master][INFO] 2012-12-15 15:38:29,318: -PUB [/camera/depth/image_rect/compressed/parameter_updates] /camera_nodelet_manager http://pc:41055/
[rosmaster.master][INFO] 2012-12-15 15:38:29,321: -PUB [/camera/depth/image_rect] /camera_nodelet_manager http://pc:41055/
[rosmaster.master][INFO] 2012-12-15 15:38:29,323: -PUB [/camera/depth/image_rect/theora] /camera_nodelet_manager http://pc:41055/
[rosmaster.master][INFO] 2012-12-15 15:38:29,325: -PUB [/camera/depth/image_rect/theora/parameter_descriptions] /camera_nodelet_manager http://pc:41055/
[rosmaster.master][INFO] 2012-12-15 15:38:29,327: -PUB [/camera/depth/image_rect/theora/parameter_updates] /camera_nodelet_manager http://pc:41055/
[rosmaster.master][INFO] 2012-12-15 15:38:29,329: -PUB [/camera/rgb/image_raw/compressed] /camera_nodelet_manager http://pc:41055/
[rosmaster.master][INFO] 2012-12-15 15:38:29,331: -PUB [/camera/rgb/image_raw/compressed/parameter_descriptions] /camera_nodelet_manager http://pc:41055/
[rosmaster.master][INFO] 2012-12-15 15:38:29,333: -PUB [/camera/rgb/image_raw/compressed/parameter_updates] /camera_nodelet_manager http://pc:41055/
[rosmaster.master][INFO] 2012-12-15 15:38:29,335: -PUB [/camera/rgb/image_raw] /camera_nodelet_manager http://pc:41055/
[rosmaster.master][INFO] 2012-12-15 15:38:29,337: -PUB [/camera/rgb/image_raw/theora] /camera_nodelet_manager http://pc:41055/
[rosmaster.master][INFO] 2012-12-15 15:38:29,339: -PUB [/camera/rgb/image_raw/theora/parameter_descriptions] /camera_nodelet_manager http://pc:41055/
[rosmaster.master][INFO] 2012-12-15 15:38:29,341: -PUB [/camera/rgb/image_raw/theora/parameter_updates] /camera_nodelet_manager http://pc:41055/
[rosmaster.master][INFO] 2012-12-15 15:38:29,344: -PUB [/camera/rgb/camera_info] /camera_nodelet_manager http://pc:41055/
[rosmaster.master][INFO] 2012-12-15 15:38:29,346: -PUB [/camera/ir/image_raw/compressed] /camera_nodelet_manager http://pc:41055/
[rosmaster.master][INFO] 2012-12-15 15:38:29,348: -PUB [/camera/ir/image_raw/compressed/parameter_descriptions] /camera_nodelet_manager http://pc:41055/
[rosmaster.master][INFO] 2012-12-15 15:38:29,350: -PUB [/camera/ir/image_raw/compressed/parameter_updates] /camera_nodelet_manager http://pc:41055/
[rosmaster.master][INFO] 2012-12-15 15:38:29,352: -PUB [/camera/ir/image_raw] /camera_nodelet_manager http://pc:41055/
[rosmaster.master][INFO] 2012-12-15 15:38:29,354: -PUB [/camera/ir/image_raw/theora] /camera_nodelet_manager http://pc:41055/
[rosmaster.master][INFO] 2012-12-15 15:38:29,356: -PUB [/camera/ir/image_raw/theora/parameter_descriptions] /camera_nodelet_manager http://pc:41055/
[rosmaster.master][INFO] 2012-12-15 15:38:29,358: -PUB [/camera/ir/image_raw/theora/parameter_updates] /camera_nodelet_manager http://pc:41055/
[rosmaster.master][INFO] 2012-12-15 15:38:29,361: -PUB [/camera/ir/camera_info] /camera_nodelet_manager http://pc:41055/
[rosmaster.master][INFO] 2012-12-15 15:38:29,363: -PUB [/camera/depth/image_raw/compressed] /camera_nodelet_manager http://pc:41055/
[rosmaster.master][INFO] 2012-12-15 15:38:29,365: -PUB [/camera/depth/image_raw/compressed/parameter_descriptions] /camera_nodelet_manager http://pc:41055/
[rosmaster.master][INFO] 2012-12-15 15:38:29,367: -PUB [/camera/depth/image_raw/compressed/parameter_updates] /camera_nodelet_manager http://pc:41055/
[rosmaster.master][INFO] 2012-12-15 15:38:29,369: -PUB [/camera/depth/image_raw] /camera_nodelet_manager http://pc:41055/
[rosmaster.master][INFO] 2012-12-15 15:38:29,371: -PUB [/camera/depth/image_raw/theora] /camera_nodelet_manager http://pc:41055/
[rosmaster.master][INFO] 2012-12-15 15:38:29,373: -PUB [/camera/depth/image_raw/theora/parameter_descriptions] /camera_nodelet_manager http://pc:41055/
[rosmaster.master][INFO] 2012-12-15 15:38:29,375: -PUB [/camera/depth/image_raw/theora/parameter_updates] /camera_nodelet_manager http://pc:41055/
[rosmaster.master][INFO] 2012-12-15 15:38:29,378: -PUB [/camera/depth/camera_info] /camera_nodelet_manager http://pc:41055/
[rosmaster.master][INFO] 2012-12-15 15:38:29,380: -PUB [/camera/projector/camera_info] /camera_nodelet_manager http://pc:41055/
[rosmaster.master][INFO] 2012-12-15 15:38:29,382: -PUB [/camera/depth_registered/image_raw/compressed] /camera_nodelet_manager http://pc:41055/
[rosmaster.master][INFO] 2012-12-15 15:38:29,384: -PUB [/camera/depth_registered/image_raw/compressed/parameter_descriptions] /camera_nodelet_manager http://pc:41055/
[rosmaster.master][INFO] 2012-12-15 15:38:29,386: -PUB [/camera/depth_registered/image_raw/compressed/parameter_updates] /camera_nodelet_manager http://pc:41055/
[rosmaster.master][INFO] 2012-12-15 15:38:29,388: -PUB [/camera/depth_registered/image_raw] /camera_nodelet_manager http://pc:41055/
[rosmaster.master][INFO] 2012-12-15 15:38:29,390: -PUB [/camera/depth_registered/image_raw/theora] /camera_nodelet_manager http://pc:41055/
[rosmaster.master][INFO] 2012-12-15 15:38:29,392: -PUB [/camera/depth_registered/image_raw/theora/parameter_descriptions] /camera_nodelet_manager http://pc:41055/
[rosmaster.master][INFO] 2012-12-15 15:38:29,394: -PUB [/camera/depth_registered/image_raw/theora/parameter_updates] /camera_nodelet_manager http://pc:41055/
[rosmaster.master][INFO] 2012-12-15 15:38:29,396: -PUB [/camera/ir/image_rect/compressed] /camera_nodelet_manager http://pc:41055/
[rosmaster.master][INFO] 2012-12-15 15:38:29,398: -PUB [/camera/ir/image_rect/compressed/parameter_descriptions] /camera_nodelet_manager http://pc:41055/
[rosmaster.master][INFO] 2012-12-15 15:38:29,400: -PUB [/camera/ir/image_rect/compressed/parameter_updates] /camera_nodelet_manager http://pc:41055/
[rosmaster.master][INFO] 2012-12-15 15:38:29,402: -PUB [/camera/ir/image_rect] /camera_nodelet_manager http://pc:41055/
[rosmaster.master][INFO] 2012-12-15 15:38:29,404: -PUB [/camera/ir/image_rect/theora] /camera_nodelet_manager http://pc:41055/
[rosmaster.master][INFO] 2012-12-15 15:38:29,406: -PUB [/camera/ir/image_rect/theora/parameter_descriptions] /camera_nodelet_manager http://pc:41055/
[rosmaster.master][INFO] 2012-12-15 15:38:29,408: -PUB [/camera/ir/image_rect/theora/parameter_updates] /camera_nodelet_manager http://pc:41055/
[rosmaster.master][INFO] 2012-12-15 15:38:29,410: -PUB [/camera/rgb/image_rect_color/compressed] /camera_nodelet_manager http://pc:41055/
[rosmaster.master][INFO] 2012-12-15 15:38:29,413: -PUB [/camera/rgb/image_rect_color/compressed/parameter_descriptions] /camera_nodelet_manager http://pc:41055/
[rosmaster.master][INFO] 2012-12-15 15:38:29,415: -PUB [/camera/rgb/image_rect_color/compressed/parameter_updates] /camera_nodelet_manager http://pc:41055/
[rosmaster.master][INFO] 2012-12-15 15:38:29,417: -PUB [/camera/rgb/image_rect_color] /camera_nodelet_manager http://pc:41055/
[rosmaster.master][INFO] 2012-12-15 15:38:29,420: -PUB [/camera/rgb/image_rect_color/theora] /camera_nodelet_manager http://pc:41055/
[rosmaster.master][INFO] 2012-12-15 15:38:29,422: -PUB [/camera/rgb/image_rect_color/theora/parameter_descriptions] /camera_nodelet_manager http://pc:41055/
[rosmaster.master][INFO] 2012-12-15 15:38:29,424: -PUB [/camera/rgb/image_rect_color/theora/parameter_updates] /camera_nodelet_manager http://pc:41055/
[rosmaster.master][INFO] 2012-12-15 15:38:29,426: -PUB [/camera/depth/image/compressed] /camera_nodelet_manager http://pc:41055/
[rosmaster.master][INFO] 2012-12-15 15:38:29,428: -PUB [/camera/depth/image/compressed/parameter_descriptions] /camera_nodelet_manager http://pc:41055/
[rosmaster.master][INFO] 2012-12-15 15:38:29,430: -PUB [/camera/depth/image/compressed/parameter_updates] /camera_nodelet_manager http://pc:41055/
[rosmaster.master][INFO] 2012-12-15 15:38:29,433: -PUB [/camera/depth/image] /camera_nodelet_manager http://pc:41055/
[rosmaster.master][INFO] 2012-12-15 15:38:29,435: -PUB [/camera/depth/image/theora] /camera_nodelet_manager http://pc:41055/
[rosmaster.master][INFO] 2012-12-15 15:38:29,437: -PUB [/camera/depth/image/theora/parameter_descriptions] /camera_nodelet_manager http://pc:41055/
[rosmaster.master][INFO] 2012-12-15 15:38:29,440: -PUB [/camera/depth/image/theora/parameter_updates] /camera_nodelet_manager http://pc:41055/
[rosmaster.master][INFO] 2012-12-15 15:38:29,442: -PUB [/camera/depth_registered/image_rect/compressed] /camera_nodelet_manager http://pc:41055/
[rosmaster.master][INFO] 2012-12-15 15:38:29,444: -PUB [/camera/depth_registered/image_rect/compressed/parameter_descriptions] /camera_nodelet_manager http://pc:41055/
[rosmaster.master][INFO] 2012-12-15 15:38:29,447: -PUB [/camera/depth_registered/image_rect/compressed/parameter_updates] /camera_nodelet_manager http://pc:41055/
[rosmaster.master][INFO] 2012-12-15 15:38:29,449: -PUB [/camera/depth_registered/image_rect] /camera_nodelet_manager http://pc:41055/
[rosmaster.master][INFO] 2012-12-15 15:38:29,451: -PUB [/camera/depth_registered/image_rect/theora] /camera_nodelet_manager http://pc:41055/
[rosmaster.master][INFO] 2012-12-15 15:38:29,453: -PUB [/camera/depth_registered/image_rect/theora/parameter_descriptions] /camera_nodelet_manager http://pc:41055/
[rosmaster.master][INFO] 2012-12-15 15:38:29,456: -PUB [/camera/depth_registered/image_rect/theora/parameter_updates] /camera_nodelet_manager http://pc:41055/
[rosmaster.master][INFO] 2012-12-15 15:38:29,458: -PUB [/camera/depth_registered/image/compressed] /camera_nodelet_manager http://pc:41055/
[rosmaster.master][INFO] 2012-12-15 15:38:29,460: -PUB [/camera/depth_registered/image/compressed/parameter_descriptions] /camera_nodelet_manager http://pc:41055/
[rosmaster.master][INFO] 2012-12-15 15:38:29,462: -PUB [/camera/depth_registered/image/compressed/parameter_updates] /camera_nodelet_manager http://pc:41055/
[rosmaster.master][INFO] 2012-12-15 15:38:29,464: -PUB [/camera/depth_registered/image] /camera_nodelet_manager http://pc:41055/
[rosmaster.master][INFO] 2012-12-15 15:38:29,467: -PUB [/camera/depth_registered/image/theora] /camera_nodelet_manager http://pc:41055/
[rosmaster.master][INFO] 2012-12-15 15:38:29,469: -PUB [/camera/depth_registered/image/theora/parameter_descriptions] /camera_nodelet_manager http://pc:41055/
[rosmaster.master][INFO] 2012-12-15 15:38:29,471: -PUB [/camera/depth_registered/image/theora/parameter_updates] /camera_nodelet_manager http://pc:41055/
[rosmaster.master][INFO] 2012-12-15 15:38:29,473: -SERVICE [/camera_nodelet_manager/get_loggers] /camera_nodelet_manager rosrpc://pc:41792
[rosmaster.master][INFO] 2012-12-15 15:38:29,475: -SERVICE [/camera_nodelet_manager/set_logger_level] /camera_nodelet_manager rosrpc://pc:41792
[rosmaster.master][INFO] 2012-12-15 15:38:29,477: -SERVICE [/camera_nodelet_manager/load_nodelet] /camera_nodelet_manager rosrpc://pc:41792
[rosmaster.master][INFO] 2012-12-15 15:38:29,480: -SERVICE [/camera_nodelet_manager/unload_nodelet] /camera_nodelet_manager rosrpc://pc:41792
[rosmaster.master][INFO] 2012-12-15 15:38:29,558: -PUB [/rosout] /camera/driver http://pc:49751/
[rosmaster.master][INFO] 2012-12-15 15:38:29,561: -SERVICE [/camera/driver/get_loggers] /camera/driver rosrpc://pc:41611
[rosmaster.master][INFO] 2012-12-15 15:38:29,563: -SERVICE [/camera/driver/set_logger_level] /camera/driver rosrpc://pc:41611
[rosmaster.master][INFO] 2012-12-15 15:38:29,620: publisherUpdate[/rosout] -> http://pc:33261/
[rosmaster.master][INFO] 2012-12-15 15:38:44,645: -PUB [/rosout_agg] /rosout http://pc:33261/
[rosmaster.master][INFO] 2012-12-15 15:38:44,646: -SUB [/rosout] /rosout http://pc:33261/
[rosmaster.master][INFO] 2012-12-15 15:38:44,647: -SERVICE [/rosout/get_loggers] /rosout rosrpc://pc:36275
[rosmaster.master][INFO] 2012-12-15 15:38:44,648: -SERVICE [/rosout/set_logger_level] /rosout rosrpc://pc:36275
[rosmaster.main][INFO] 2012-12-15 15:38:44,695: keyboard interrupt, will exit
[rosmaster.main][INFO] 2012-12-15 15:38:44,696: stopping master...
