[rosmaster.main][INFO] 2012-12-14 20:57:46,661: initialization complete, waiting for shutdown
[rosmaster.main][INFO] 2012-12-14 20:57:46,661: Starting ROS Master Node
[xmlrpc][INFO] 2012-12-14 20:57:46,663: XML-RPC server binding to 0.0.0.0
[xmlrpc][INFO] 2012-12-14 20:57:46,664: Started XML-RPC server [http://pc:11311/]
[rosmaster.master][INFO] 2012-12-14 20:57:46,664: Master initialized: port[11311], uri[http://pc:11311/]
[xmlrpc][INFO] 2012-12-14 20:57:46,665: xml rpc node: starting XML-RPC server
[rosmaster.master][INFO] 2012-12-14 20:57:46,681: +PARAM [/run_id] by /roslaunch
[rosmaster.master][INFO] 2012-12-14 20:57:46,685: +PARAM [/roslaunch/uris/host_pc__53874] by /roslaunch
[rosmaster.master][INFO] 2012-12-14 20:57:46,709: +PARAM [/rosdistro] by /roslaunch
[rosmaster.master][INFO] 2012-12-14 20:57:46,710: +PARAM [/camera/driver/rgb_frame_id] by /roslaunch
[rosmaster.master][INFO] 2012-12-14 20:57:46,710: +PARAM [/camera/disparity_depth_registered/min_range] by /roslaunch
[rosmaster.master][INFO] 2012-12-14 20:57:46,710: +PARAM [/camera/driver/rgb_camera_info_url] by /roslaunch
[rosmaster.master][INFO] 2012-12-14 20:57:46,711: +PARAM [/camera/depth_registered/rectify_depth/interpolation] by /roslaunch
[rosmaster.master][INFO] 2012-12-14 20:57:46,711: +PARAM [/camera/driver/depth_frame_id] by /roslaunch
[rosmaster.master][INFO] 2012-12-14 20:57:46,711: +PARAM [/camera/depth/rectify_depth/interpolation] by /roslaunch
[rosmaster.master][INFO] 2012-12-14 20:57:46,711: +PARAM [/camera/disparity_depth/max_range] by /roslaunch
[rosmaster.master][INFO] 2012-12-14 20:57:46,711: +PARAM [/rosversion] by /roslaunch
[rosmaster.master][INFO] 2012-12-14 20:57:46,712: +PARAM [/camera/driver/device_id] by /roslaunch
[rosmaster.master][INFO] 2012-12-14 20:57:46,712: +PARAM [/camera/driver/depth_camera_info_url] by /roslaunch
[rosmaster.master][INFO] 2012-12-14 20:57:46,712: +PARAM [/camera/disparity_depth/min_range] by /roslaunch
[rosmaster.master][INFO] 2012-12-14 20:57:46,712: +PARAM [/camera/disparity_depth_registered/max_range] by /roslaunch
[rosmaster.master][INFO] 2012-12-14 20:57:46,715: +SERVICE [/rosout/get_loggers] /rosout http://pc:55313/
[rosmaster.master][INFO] 2012-12-14 20:57:46,716: +SERVICE [/rosout/set_logger_level] /rosout http://pc:55313/
[rosmaster.master][INFO] 2012-12-14 20:57:46,720: +PUB [/rosout_agg] /rosout http://pc:55313/
[rosmaster.master][INFO] 2012-12-14 20:57:46,721: +SUB [/rosout] /rosout http://pc:55313/
[rosmaster.master][INFO] 2012-12-14 20:57:46,746: +PUB [/rosout] /camera/driver http://pc:37411/
[rosmaster.master][INFO] 2012-12-14 20:57:46,748: +SERVICE [/camera/driver/get_loggers] /camera/driver http://pc:37411/
[rosmaster.master][INFO] 2012-12-14 20:57:46,749: +SERVICE [/camera/driver/set_logger_level] /camera/driver http://pc:37411/
[rosmaster.master][INFO] 2012-12-14 20:57:46,760: +PARAM [/camera/driver] by /camera/driver
[rosmaster.master][INFO] 2012-12-14 20:57:46,761: +PUB [/rosout] /camera/rgb/debayer http://pc:48406/
[rosmaster.master][INFO] 2012-12-14 20:57:46,762: publisherUpdate[/rosout] -> http://pc:55313/
[rosmaster.master][INFO] 2012-12-14 20:57:46,767: publisherUpdate[/rosout] -> http://pc:55313/
[rosmaster.master][INFO] 2012-12-14 20:57:46,775: +SERVICE [/camera/rgb/debayer/get_loggers] /camera/rgb/debayer http://pc:48406/
[rosmaster.master][INFO] 2012-12-14 20:57:46,780: +PUB [/rosout] /camera/rgb/rectify_color http://pc:59443/
[rosmaster.master][INFO] 2012-12-14 20:57:46,781: +SERVICE [/camera/rgb/debayer/set_logger_level] /camera/rgb/debayer http://pc:48406/
[rosmaster.master][INFO] 2012-12-14 20:57:46,783: +SERVICE [/camera/rgb/rectify_color/get_loggers] /camera/rgb/rectify_color http://pc:59443/
[rosmaster.master][INFO] 2012-12-14 20:57:46,787: +SERVICE [/camera/rgb/rectify_color/set_logger_level] /camera/rgb/rectify_color http://pc:59443/
[rosmaster.master][INFO] 2012-12-14 20:57:46,795: +PUB [/rosout] /camera/rgb/rectify_mono http://pc:58078/
[rosmaster.master][INFO] 2012-12-14 20:57:46,802: +SERVICE [/camera/rgb/rectify_mono/get_loggers] /camera/rgb/rectify_mono http://pc:58078/
[rosmaster.master][INFO] 2012-12-14 20:57:46,808: +SERVICE [/camera/rgb/rectify_mono/set_logger_level] /camera/rgb/rectify_mono http://pc:58078/
[rosmaster.master][INFO] 2012-12-14 20:57:46,810: +PUB [/rosout] /camera/ir/rectify_ir http://pc:52263/
[rosmaster.master][INFO] 2012-12-14 20:57:46,810: +PUB [/rosout] /camera/depth/rectify_depth http://pc:58653/
[rosmaster.master][INFO] 2012-12-14 20:57:46,813: +SERVICE [/camera/ir/rectify_ir/get_loggers] /camera/ir/rectify_ir http://pc:52263/
[rosmaster.master][INFO] 2012-12-14 20:57:46,814: +SERVICE [/camera/depth/rectify_depth/get_loggers] /camera/depth/rectify_depth http://pc:58653/
[rosmaster.master][INFO] 2012-12-14 20:57:46,817: +SERVICE [/camera/ir/rectify_ir/set_logger_level] /camera/ir/rectify_ir http://pc:52263/
[rosmaster.master][INFO] 2012-12-14 20:57:46,818: +SERVICE [/camera/depth/rectify_depth/set_logger_level] /camera/depth/rectify_depth http://pc:58653/
[rosmaster.master][INFO] 2012-12-14 20:57:46,839: +PARAM [/camera/depth/rectify_depth] by /camera/depth/rectify_depth
[rosmaster.master][INFO] 2012-12-14 20:57:46,841: +PUB [/rosout] /camera/depth/metric_rect http://pc:44170/
[rosmaster.master][INFO] 2012-12-14 20:57:46,852: +SERVICE [/camera/depth/metric_rect/get_loggers] /camera/depth/metric_rect http://pc:44170/
[rosmaster.master][INFO] 2012-12-14 20:57:46,853: +PUB [/rosout] /camera/depth/metric http://pc:48190/
[rosmaster.master][INFO] 2012-12-14 20:57:46,864: +SERVICE [/camera/depth/metric_rect/set_logger_level] /camera/depth/metric_rect http://pc:44170/
[rosmaster.master][INFO] 2012-12-14 20:57:46,866: publisherUpdate[/rosout] -> http://pc:55313/
[rosmaster.master][INFO] 2012-12-14 20:57:46,866: +SERVICE [/camera/depth/metric/get_loggers] /camera/depth/metric http://pc:48190/
[rosmaster.master][INFO] 2012-12-14 20:57:46,867: publisherUpdate[/rosout] -> http://pc:55313/
[rosmaster.master][INFO] 2012-12-14 20:57:46,869: publisherUpdate[/rosout] -> http://pc:55313/
[rosmaster.master][INFO] 2012-12-14 20:57:46,870: publisherUpdate[/rosout] -> http://pc:55313/
[rosmaster.master][INFO] 2012-12-14 20:57:46,872: publisherUpdate[/rosout] -> http://pc:55313/
[rosmaster.master][INFO] 2012-12-14 20:57:46,873: publisherUpdate[/rosout] -> http://pc:55313/
[rosmaster.master][INFO] 2012-12-14 20:57:46,878: +PUB [/rosout] /camera/depth/points http://pc:49123/
[rosmaster.master][INFO] 2012-12-14 20:57:46,887: +SERVICE [/camera/depth/metric/set_logger_level] /camera/depth/metric http://pc:48190/
[rosmaster.master][INFO] 2012-12-14 20:57:46,894: +PUB [/rosout] /camera/register_depth_rgb http://pc:38787/
[rosmaster.master][INFO] 2012-12-14 20:57:46,895: +SERVICE [/camera/depth/points/get_loggers] /camera/depth/points http://pc:49123/
[rosmaster.master][INFO] 2012-12-14 20:57:46,909: +SERVICE [/camera/register_depth_rgb/get_loggers] /camera/register_depth_rgb http://pc:38787/
[rosmaster.master][INFO] 2012-12-14 20:57:46,910: +SERVICE [/camera/depth/points/set_logger_level] /camera/depth/points http://pc:49123/
[rosmaster.master][INFO] 2012-12-14 20:57:46,921: +PUB [/rosout] /camera/depth_registered/metric http://pc:41769/
[rosmaster.master][INFO] 2012-12-14 20:57:46,924: +SERVICE [/camera/register_depth_rgb/set_logger_level] /camera/register_depth_rgb http://pc:38787/
[rosmaster.master][INFO] 2012-12-14 20:57:46,932: +SERVICE [/camera/depth_registered/metric/get_loggers] /camera/depth_registered/metric http://pc:41769/
[rosmaster.master][INFO] 2012-12-14 20:57:46,939: +SERVICE [/camera/depth_registered/metric/set_logger_level] /camera/depth_registered/metric http://pc:41769/
[rosmaster.master][INFO] 2012-12-14 20:57:46,943: +PUB [/rosout] /camera/disparity_depth_registered http://pc:49917/
[rosmaster.master][INFO] 2012-12-14 20:57:46,955: +SERVICE [/camera/disparity_depth_registered/get_loggers] /camera/disparity_depth_registered http://pc:49917/
[rosmaster.master][INFO] 2012-12-14 20:57:46,963: +SERVICE [/camera/disparity_depth_registered/set_logger_level] /camera/disparity_depth_registered http://pc:49917/
[rosmaster.master][INFO] 2012-12-14 20:57:46,966: +PUB [/rosout] /camera_base_link2 http://pc:39691/
[rosmaster.master][INFO] 2012-12-14 20:57:46,971: publisherUpdate[/rosout] -> http://pc:55313/
[rosmaster.master][INFO] 2012-12-14 20:57:46,972: +SERVICE [/camera_base_link2/get_loggers] /camera_base_link2 http://pc:39691/
[rosmaster.master][INFO] 2012-12-14 20:57:46,975: publisherUpdate[/rosout] -> http://pc:55313/
[rosmaster.master][INFO] 2012-12-14 20:57:46,976: publisherUpdate[/rosout] -> http://pc:55313/
[rosmaster.master][INFO] 2012-12-14 20:57:46,979: publisherUpdate[/rosout] -> http://pc:55313/
[rosmaster.master][INFO] 2012-12-14 20:57:46,980: publisherUpdate[/rosout] -> http://pc:55313/
[rosmaster.master][INFO] 2012-12-14 20:57:46,985: +SERVICE [/camera_base_link2/set_logger_level] /camera_base_link2 http://pc:39691/
[rosmaster.master][INFO] 2012-12-14 20:57:46,995: +PUB [/rosout] /camera_base_link3 http://pc:39150/
[rosmaster.master][INFO] 2012-12-14 20:57:46,998: +PUB [/tf] /camera_base_link2 http://pc:39691/
[rosmaster.master][INFO] 2012-12-14 20:57:47,000: +SERVICE [/camera_base_link3/get_loggers] /camera_base_link3 http://pc:39150/
[rosmaster.master][INFO] 2012-12-14 20:57:47,008: +SERVICE [/camera_base_link3/set_logger_level] /camera_base_link3 http://pc:39150/
[rosmaster.master][INFO] 2012-12-14 20:57:47,014: +PUB [/tf] /camera_base_link3 http://pc:39150/
[rosmaster.master][INFO] 2012-12-14 20:57:47,074: publisherUpdate[/rosout] -> http://pc:55313/
[rosmaster.master][INFO] 2012-12-14 20:57:47,085: +PUB [/rosout] /camera_nodelet_manager http://pc:56568/
[rosmaster.master][INFO] 2012-12-14 20:57:47,086: +SERVICE [/camera_nodelet_manager/get_loggers] /camera_nodelet_manager http://pc:56568/
[rosmaster.master][INFO] 2012-12-14 20:57:47,088: +SERVICE [/camera_nodelet_manager/set_logger_level] /camera_nodelet_manager http://pc:56568/
[rosmaster.master][INFO] 2012-12-14 20:57:47,094: +SERVICE [/camera_nodelet_manager/load_nodelet] /camera_nodelet_manager http://pc:56568/
[rosmaster.master][INFO] 2012-12-14 20:57:47,096: +PUB [/rosout] /camera/depth_registered/rectify_depth http://pc:56360/
[rosmaster.master][INFO] 2012-12-14 20:57:47,098: +SERVICE [/camera_nodelet_manager/unload_nodelet] /camera_nodelet_manager http://pc:56568/
[rosmaster.master][INFO] 2012-12-14 20:57:47,101: +SERVICE [/camera_nodelet_manager/list] /camera_nodelet_manager http://pc:56568/
[rosmaster.master][INFO] 2012-12-14 20:57:47,104: +SERVICE [/camera/depth_registered/rectify_depth/get_loggers] /camera/depth_registered/rectify_depth http://pc:56360/
[rosmaster.master][INFO] 2012-12-14 20:57:47,112: +SERVICE [/camera/depth_registered/rectify_depth/set_logger_level] /camera/depth_registered/rectify_depth http://pc:56360/
[rosmaster.master][INFO] 2012-12-14 20:57:47,149: +PARAM [/camera/depth_registered/rectify_depth] by /camera/depth_registered/rectify_depth
[rosmaster.master][INFO] 2012-12-14 20:57:47,177: publisherUpdate[/rosout] -> http://pc:55313/
[rosmaster.master][INFO] 2012-12-14 20:57:47,178: publisherUpdate[/rosout] -> http://pc:55313/
[rosmaster.master][INFO] 2012-12-14 20:57:47,347: +PUB [/rosout] /set_dr http://pc:56380/
[rosmaster.master][INFO] 2012-12-14 20:57:47,378: publisherUpdate[/rosout] -> http://pc:55313/
[rosmaster.master][INFO] 2012-12-14 20:57:47,416: +PUB [/camera/depth/points] /camera_nodelet_manager http://pc:56568/
[rosmaster.master][INFO] 2012-12-14 20:57:47,643: +PUB [/camera/depth/image_rect/compressed] /camera_nodelet_manager http://pc:56568/
[rosmaster.master][INFO] 2012-12-14 20:57:47,645: +SERVICE [/camera/depth/image_rect/compressed/set_parameters] /camera_nodelet_manager http://pc:56568/
[rosmaster.master][INFO] 2012-12-14 20:57:47,647: +PUB [/camera/depth/image_rect/compressed/parameter_descriptions] /camera_nodelet_manager http://pc:56568/
[rosmaster.master][INFO] 2012-12-14 20:57:47,650: +PUB [/camera/depth/image_rect/compressed/parameter_updates] /camera_nodelet_manager http://pc:56568/
[rosmaster.master][INFO] 2012-12-14 20:57:47,658: +PARAM [/camera/depth/image_rect/compressed/format] by /camera_nodelet_manager
[rosmaster.master][INFO] 2012-12-14 20:57:47,660: +PARAM [/camera/depth/image_rect/compressed/jpeg_quality] by /camera_nodelet_manager
[rosmaster.master][INFO] 2012-12-14 20:57:47,662: +PARAM [/camera/depth/image_rect/compressed/png_level] by /camera_nodelet_manager
[rosmaster.master][INFO] 2012-12-14 20:57:47,665: +PUB [/camera/depth/image_rect] /camera_nodelet_manager http://pc:56568/
[rosmaster.master][INFO] 2012-12-14 20:57:47,672: +PUB [/camera/depth/image_rect/theora] /camera_nodelet_manager http://pc:56568/
[rosmaster.master][INFO] 2012-12-14 20:57:47,675: +SERVICE [/camera/depth/image_rect/theora/set_parameters] /camera_nodelet_manager http://pc:56568/
[rosmaster.master][INFO] 2012-12-14 20:57:47,677: +PUB [/camera/depth/image_rect/theora/parameter_descriptions] /camera_nodelet_manager http://pc:56568/
[rosmaster.master][INFO] 2012-12-14 20:57:47,679: +PUB [/camera/depth/image_rect/theora/parameter_updates] /camera_nodelet_manager http://pc:56568/
[rosmaster.master][INFO] 2012-12-14 20:57:47,689: +PARAM [/camera/depth/image_rect/theora/optimize_for] by /camera_nodelet_manager
[rosmaster.master][INFO] 2012-12-14 20:57:47,691: +PARAM [/camera/depth/image_rect/theora/target_bitrate] by /camera_nodelet_manager
[rosmaster.master][INFO] 2012-12-14 20:57:47,693: +PARAM [/camera/depth/image_rect/theora/quality] by /camera_nodelet_manager
[rosmaster.master][INFO] 2012-12-14 20:57:47,696: +PARAM [/camera/depth/image_rect/theora/keyframe_frequency] by /camera_nodelet_manager
[rosmaster.master][INFO] 2012-12-14 20:57:47,761: +PUB [/rosout] /depth_detection http://pc:52064/
[rosmaster.master][INFO] 2012-12-14 20:57:47,781: publisherUpdate[/rosout] -> http://pc:55313/
[rosmaster.master][INFO] 2012-12-14 20:57:47,803: +SUB [/camera/depth_registered/image_rect] /depth_detection http://pc:52064/
[rosmaster.master][INFO] 2012-12-14 20:57:47,805: +SUB [/camera/rgb/image_rect_color] /depth_detection http://pc:52064/
[rosmaster.master][INFO] 2012-12-14 20:57:47,968: +SERVICE [/camera/rgb/debayer/set_parameters] /camera_nodelet_manager http://pc:56568/
[rosmaster.master][INFO] 2012-12-14 20:57:47,969: +PUB [/camera/rgb/debayer/parameter_descriptions] /camera_nodelet_manager http://pc:56568/
[rosmaster.master][INFO] 2012-12-14 20:57:47,970: +PUB [/camera/rgb/debayer/parameter_updates] /camera_nodelet_manager http://pc:56568/
[rosmaster.master][INFO] 2012-12-14 20:57:47,972: +PARAM [/camera/rgb/debayer/debayer] by /camera_nodelet_manager
[rosmaster.master][INFO] 2012-12-14 20:57:47,973: +PUB [/camera/rgb/image_mono/compressed] /camera_nodelet_manager http://pc:56568/
[rosmaster.master][INFO] 2012-12-14 20:57:47,974: +SERVICE [/camera/rgb/image_mono/compressed/set_parameters] /camera_nodelet_manager http://pc:56568/
[rosmaster.master][INFO] 2012-12-14 20:57:47,975: +PUB [/camera/rgb/image_mono/compressed/parameter_descriptions] /camera_nodelet_manager http://pc:56568/
[rosmaster.master][INFO] 2012-12-14 20:57:47,976: +PUB [/camera/rgb/image_mono/compressed/parameter_updates] /camera_nodelet_manager http://pc:56568/
[rosmaster.master][INFO] 2012-12-14 20:57:47,979: +PARAM [/camera/rgb/image_mono/compressed/format] by /camera_nodelet_manager
[rosmaster.master][INFO] 2012-12-14 20:57:47,980: +PARAM [/camera/rgb/image_mono/compressed/jpeg_quality] by /camera_nodelet_manager
[rosmaster.master][INFO] 2012-12-14 20:57:47,981: +PARAM [/camera/rgb/image_mono/compressed/png_level] by /camera_nodelet_manager
[rosmaster.master][INFO] 2012-12-14 20:57:47,982: +PUB [/camera/rgb/image_mono] /camera_nodelet_manager http://pc:56568/
[rosmaster.master][INFO] 2012-12-14 20:57:47,983: +PUB [/camera/rgb/image_mono/theora] /camera_nodelet_manager http://pc:56568/
[rosmaster.master][INFO] 2012-12-14 20:57:47,984: +SERVICE [/camera/rgb/image_mono/theora/set_parameters] /camera_nodelet_manager http://pc:56568/
[rosmaster.master][INFO] 2012-12-14 20:57:47,985: +PUB [/camera/rgb/image_mono/theora/parameter_descriptions] /camera_nodelet_manager http://pc:56568/
[rosmaster.master][INFO] 2012-12-14 20:57:47,986: +PUB [/camera/rgb/image_mono/theora/parameter_updates] /camera_nodelet_manager http://pc:56568/
[rosmaster.master][INFO] 2012-12-14 20:57:47,990: +PARAM [/camera/rgb/image_mono/theora/optimize_for] by /camera_nodelet_manager
[rosmaster.master][INFO] 2012-12-14 20:57:47,990: +PARAM [/camera/rgb/image_mono/theora/target_bitrate] by /camera_nodelet_manager
[rosmaster.master][INFO] 2012-12-14 20:57:47,991: +PARAM [/camera/rgb/image_mono/theora/quality] by /camera_nodelet_manager
[rosmaster.master][INFO] 2012-12-14 20:57:47,992: +PARAM [/camera/rgb/image_mono/theora/keyframe_frequency] by /camera_nodelet_manager
[rosmaster.master][INFO] 2012-12-14 20:57:47,993: +PUB [/camera/rgb/image_color/compressed] /camera_nodelet_manager http://pc:56568/
[rosmaster.master][INFO] 2012-12-14 20:57:47,995: +SERVICE [/camera/rgb/image_color/compressed/set_parameters] /camera_nodelet_manager http://pc:56568/
[rosmaster.master][INFO] 2012-12-14 20:57:47,996: +PUB [/camera/rgb/image_color/compressed/parameter_descriptions] /camera_nodelet_manager http://pc:56568/
[rosmaster.master][INFO] 2012-12-14 20:57:47,997: +PUB [/camera/rgb/image_color/compressed/parameter_updates] /camera_nodelet_manager http://pc:56568/
[rosmaster.master][INFO] 2012-12-14 20:57:48,000: +PARAM [/camera/rgb/image_color/compressed/format] by /camera_nodelet_manager
[rosmaster.master][INFO] 2012-12-14 20:57:48,001: +PARAM [/camera/rgb/image_color/compressed/jpeg_quality] by /camera_nodelet_manager
[rosmaster.master][INFO] 2012-12-14 20:57:48,002: +PARAM [/camera/rgb/image_color/compressed/png_level] by /camera_nodelet_manager
[rosmaster.master][INFO] 2012-12-14 20:57:48,003: +PUB [/camera/rgb/image_color] /camera_nodelet_manager http://pc:56568/
[rosmaster.master][INFO] 2012-12-14 20:57:48,004: +PUB [/camera/rgb/image_color/theora] /camera_nodelet_manager http://pc:56568/
[rosmaster.master][INFO] 2012-12-14 20:57:48,006: +SERVICE [/camera/rgb/image_color/theora/set_parameters] /camera_nodelet_manager http://pc:56568/
[rosmaster.master][INFO] 2012-12-14 20:57:48,007: +PUB [/camera/rgb/image_color/theora/parameter_descriptions] /camera_nodelet_manager http://pc:56568/
[rosmaster.master][INFO] 2012-12-14 20:57:48,008: +PUB [/camera/rgb/image_color/theora/parameter_updates] /camera_nodelet_manager http://pc:56568/
[rosmaster.master][INFO] 2012-12-14 20:57:48,013: +PARAM [/camera/rgb/image_color/theora/optimize_for] by /camera_nodelet_manager
[rosmaster.master][INFO] 2012-12-14 20:57:48,014: +PARAM [/camera/rgb/image_color/theora/target_bitrate] by /camera_nodelet_manager
[rosmaster.master][INFO] 2012-12-14 20:57:48,015: +PARAM [/camera/rgb/image_color/theora/quality] by /camera_nodelet_manager
[rosmaster.master][INFO] 2012-12-14 20:57:48,016: +PARAM [/camera/rgb/image_color/theora/keyframe_frequency] by /camera_nodelet_manager
[rosmaster.master][INFO] 2012-12-14 20:57:48,283: +SERVICE [/camera/rgb/rectify_mono/set_parameters] /camera_nodelet_manager http://pc:56568/
[rosmaster.master][INFO] 2012-12-14 20:57:48,286: +PUB [/camera/rgb/rectify_mono/parameter_descriptions] /camera_nodelet_manager http://pc:56568/
[rosmaster.master][INFO] 2012-12-14 20:57:48,288: +PUB [/camera/rgb/rectify_mono/parameter_updates] /camera_nodelet_manager http://pc:56568/
[rosmaster.master][INFO] 2012-12-14 20:57:48,292: +PARAM [/camera/rgb/rectify_mono/interpolation] by /camera_nodelet_manager
[rosmaster.master][INFO] 2012-12-14 20:57:48,294: +PUB [/camera/rgb/image_rect/compressed] /camera_nodelet_manager http://pc:56568/
[rosmaster.master][INFO] 2012-12-14 20:57:48,296: +SERVICE [/camera/rgb/image_rect/compressed/set_parameters] /camera_nodelet_manager http://pc:56568/
[rosmaster.master][INFO] 2012-12-14 20:57:48,299: +PUB [/camera/rgb/image_rect/compressed/parameter_descriptions] /camera_nodelet_manager http://pc:56568/
[rosmaster.master][INFO] 2012-12-14 20:57:48,301: +PUB [/camera/rgb/image_rect/compressed/parameter_updates] /camera_nodelet_manager http://pc:56568/
[rosmaster.master][INFO] 2012-12-14 20:57:48,309: +PARAM [/camera/rgb/image_rect/compressed/format] by /camera_nodelet_manager
[rosmaster.master][INFO] 2012-12-14 20:57:48,312: +PARAM [/camera/rgb/image_rect/compressed/jpeg_quality] by /camera_nodelet_manager
[rosmaster.master][INFO] 2012-12-14 20:57:48,314: +PARAM [/camera/rgb/image_rect/compressed/png_level] by /camera_nodelet_manager
[rosmaster.master][INFO] 2012-12-14 20:57:48,317: +PUB [/camera/rgb/image_rect] /camera_nodelet_manager http://pc:56568/
[rosmaster.master][INFO] 2012-12-14 20:57:48,320: +PUB [/camera/rgb/image_rect/theora] /camera_nodelet_manager http://pc:56568/
[rosmaster.master][INFO] 2012-12-14 20:57:48,323: +SERVICE [/camera/rgb/image_rect/theora/set_parameters] /camera_nodelet_manager http://pc:56568/
[rosmaster.master][INFO] 2012-12-14 20:57:48,325: +PUB [/camera/rgb/image_rect/theora/parameter_descriptions] /camera_nodelet_manager http://pc:56568/
[rosmaster.master][INFO] 2012-12-14 20:57:48,328: +PUB [/camera/rgb/image_rect/theora/parameter_updates] /camera_nodelet_manager http://pc:56568/
[rosmaster.master][INFO] 2012-12-14 20:57:48,338: +PARAM [/camera/rgb/image_rect/theora/optimize_for] by /camera_nodelet_manager
[rosmaster.master][INFO] 2012-12-14 20:57:48,340: +PARAM [/camera/rgb/image_rect/theora/target_bitrate] by /camera_nodelet_manager
[rosmaster.master][INFO] 2012-12-14 20:57:48,342: +PARAM [/camera/rgb/image_rect/theora/quality] by /camera_nodelet_manager
[rosmaster.master][INFO] 2012-12-14 20:57:48,345: +PARAM [/camera/rgb/image_rect/theora/keyframe_frequency] by /camera_nodelet_manager
[rosmaster.master][INFO] 2012-12-14 20:57:48,613: +PUB [/camera/depth/image/compressed] /camera_nodelet_manager http://pc:56568/
[rosmaster.master][INFO] 2012-12-14 20:57:48,615: +SERVICE [/camera/depth/image/compressed/set_parameters] /camera_nodelet_manager http://pc:56568/
[rosmaster.master][INFO] 2012-12-14 20:57:48,617: +PUB [/camera/depth/image/compressed/parameter_descriptions] /camera_nodelet_manager http://pc:56568/
[rosmaster.master][INFO] 2012-12-14 20:57:48,620: +PUB [/camera/depth/image/compressed/parameter_updates] /camera_nodelet_manager http://pc:56568/
[rosmaster.master][INFO] 2012-12-14 20:57:48,627: +PARAM [/camera/depth/image/compressed/format] by /camera_nodelet_manager
[rosmaster.master][INFO] 2012-12-14 20:57:48,630: +PARAM [/camera/depth/image/compressed/jpeg_quality] by /camera_nodelet_manager
[rosmaster.master][INFO] 2012-12-14 20:57:48,632: +PARAM [/camera/depth/image/compressed/png_level] by /camera_nodelet_manager
[rosmaster.master][INFO] 2012-12-14 20:57:48,634: +PUB [/camera/depth/image] /camera_nodelet_manager http://pc:56568/
[rosmaster.master][INFO] 2012-12-14 20:57:48,636: +PUB [/camera/depth/image/theora] /camera_nodelet_manager http://pc:56568/
[rosmaster.master][INFO] 2012-12-14 20:57:48,638: +SERVICE [/camera/depth/image/theora/set_parameters] /camera_nodelet_manager http://pc:56568/
[rosmaster.master][INFO] 2012-12-14 20:57:48,641: +PUB [/camera/depth/image/theora/parameter_descriptions] /camera_nodelet_manager http://pc:56568/
[rosmaster.master][INFO] 2012-12-14 20:57:48,643: +PUB [/camera/depth/image/theora/parameter_updates] /camera_nodelet_manager http://pc:56568/
[rosmaster.master][INFO] 2012-12-14 20:57:48,652: +PARAM [/camera/depth/image/theora/optimize_for] by /camera_nodelet_manager
[rosmaster.master][INFO] 2012-12-14 20:57:48,654: +PARAM [/camera/depth/image/theora/target_bitrate] by /camera_nodelet_manager
[rosmaster.master][INFO] 2012-12-14 20:57:48,656: +PARAM [/camera/depth/image/theora/quality] by /camera_nodelet_manager
[rosmaster.master][INFO] 2012-12-14 20:57:48,658: +PARAM [/camera/depth/image/theora/keyframe_frequency] by /camera_nodelet_manager
[rosmaster.master][INFO] 2012-12-14 20:57:48,921: +SERVICE [/camera/ir/rectify_ir/set_parameters] /camera_nodelet_manager http://pc:56568/
[rosmaster.master][INFO] 2012-12-14 20:57:48,923: +PUB [/camera/ir/rectify_ir/parameter_descriptions] /camera_nodelet_manager http://pc:56568/
[rosmaster.master][INFO] 2012-12-14 20:57:48,925: +PUB [/camera/ir/rectify_ir/parameter_updates] /camera_nodelet_manager http://pc:56568/
[rosmaster.master][INFO] 2012-12-14 20:57:48,929: +PARAM [/camera/ir/rectify_ir/interpolation] by /camera_nodelet_manager
[rosmaster.master][INFO] 2012-12-14 20:57:48,932: +PUB [/camera/ir/image_rect/compressed] /camera_nodelet_manager http://pc:56568/
[rosmaster.master][INFO] 2012-12-14 20:57:48,934: +SERVICE [/camera/ir/image_rect/compressed/set_parameters] /camera_nodelet_manager http://pc:56568/
[rosmaster.master][INFO] 2012-12-14 20:57:48,937: +PUB [/camera/ir/image_rect/compressed/parameter_descriptions] /camera_nodelet_manager http://pc:56568/
[rosmaster.master][INFO] 2012-12-14 20:57:48,939: +PUB [/camera/ir/image_rect/compressed/parameter_updates] /camera_nodelet_manager http://pc:56568/
[rosmaster.master][INFO] 2012-12-14 20:57:48,946: +PARAM [/camera/ir/image_rect/compressed/format] by /camera_nodelet_manager
[rosmaster.master][INFO] 2012-12-14 20:57:48,949: +PARAM [/camera/ir/image_rect/compressed/jpeg_quality] by /camera_nodelet_manager
[rosmaster.master][INFO] 2012-12-14 20:57:48,951: +PARAM [/camera/ir/image_rect/compressed/png_level] by /camera_nodelet_manager
[rosmaster.master][INFO] 2012-12-14 20:57:48,953: +PUB [/camera/ir/image_rect] /camera_nodelet_manager http://pc:56568/
[rosmaster.master][INFO] 2012-12-14 20:57:48,955: +PUB [/camera/ir/image_rect/theora] /camera_nodelet_manager http://pc:56568/
[rosmaster.master][INFO] 2012-12-14 20:57:48,958: +SERVICE [/camera/ir/image_rect/theora/set_parameters] /camera_nodelet_manager http://pc:56568/
[rosmaster.master][INFO] 2012-12-14 20:57:48,960: +PUB [/camera/ir/image_rect/theora/parameter_descriptions] /camera_nodelet_manager http://pc:56568/
[rosmaster.master][INFO] 2012-12-14 20:57:48,962: +PUB [/camera/ir/image_rect/theora/parameter_updates] /camera_nodelet_manager http://pc:56568/
[rosmaster.master][INFO] 2012-12-14 20:57:48,971: +PARAM [/camera/ir/image_rect/theora/optimize_for] by /camera_nodelet_manager
[rosmaster.master][INFO] 2012-12-14 20:57:48,973: +PARAM [/camera/ir/image_rect/theora/target_bitrate] by /camera_nodelet_manager
[rosmaster.master][INFO] 2012-12-14 20:57:48,975: +PARAM [/camera/ir/image_rect/theora/quality] by /camera_nodelet_manager
[rosmaster.master][INFO] 2012-12-14 20:57:48,977: +PARAM [/camera/ir/image_rect/theora/keyframe_frequency] by /camera_nodelet_manager
[rosmaster.master][INFO] 2012-12-14 20:57:49,636: +SERVICE [/camera/depth_registered/rectify_depth/set_parameters] /camera_nodelet_manager http://pc:56568/
[rosmaster.master][INFO] 2012-12-14 20:57:49,639: +PUB [/camera/depth_registered/rectify_depth/parameter_descriptions] /camera_nodelet_manager http://pc:56568/
[rosmaster.master][INFO] 2012-12-14 20:57:49,641: +PUB [/camera/depth_registered/rectify_depth/parameter_updates] /camera_nodelet_manager http://pc:56568/
[rosmaster.master][INFO] 2012-12-14 20:57:49,646: +PARAM [/camera/depth_registered/rectify_depth/interpolation] by /camera_nodelet_manager
[rosmaster.master][INFO] 2012-12-14 20:57:49,649: +PUB [/camera/depth_registered/image_rect_raw/compressed] /camera_nodelet_manager http://pc:56568/
[rosmaster.master][INFO] 2012-12-14 20:57:49,650: +SERVICE [/camera/depth_registered/image_rect_raw/compressed/set_parameters] /camera_nodelet_manager http://pc:56568/
[rosmaster.master][INFO] 2012-12-14 20:57:49,651: +PUB [/camera/depth_registered/image_rect_raw/compressed/parameter_descriptions] /camera_nodelet_manager http://pc:56568/
[rosmaster.master][INFO] 2012-12-14 20:57:49,652: +PUB [/camera/depth_registered/image_rect_raw/compressed/parameter_updates] /camera_nodelet_manager http://pc:56568/
[rosmaster.master][INFO] 2012-12-14 20:57:49,655: +PARAM [/camera/depth_registered/image_rect_raw/compressed/format] by /camera_nodelet_manager
[rosmaster.master][INFO] 2012-12-14 20:57:49,656: +PARAM [/camera/depth_registered/image_rect_raw/compressed/jpeg_quality] by /camera_nodelet_manager
[rosmaster.master][INFO] 2012-12-14 20:57:49,657: +PARAM [/camera/depth_registered/image_rect_raw/compressed/png_level] by /camera_nodelet_manager
[rosmaster.master][INFO] 2012-12-14 20:57:49,658: +PUB [/camera/depth_registered/image_rect_raw] /camera_nodelet_manager http://pc:56568/
[rosmaster.master][INFO] 2012-12-14 20:57:49,659: +PUB [/camera/depth_registered/image_rect_raw/theora] /camera_nodelet_manager http://pc:56568/
[rosmaster.master][INFO] 2012-12-14 20:57:49,660: +SERVICE [/camera/depth_registered/image_rect_raw/theora/set_parameters] /camera_nodelet_manager http://pc:56568/
[rosmaster.master][INFO] 2012-12-14 20:57:49,661: +PUB [/camera/depth_registered/image_rect_raw/theora/parameter_descriptions] /camera_nodelet_manager http://pc:56568/
[rosmaster.master][INFO] 2012-12-14 20:57:49,662: +PUB [/camera/depth_registered/image_rect_raw/theora/parameter_updates] /camera_nodelet_manager http://pc:56568/
[rosmaster.master][INFO] 2012-12-14 20:57:49,666: +PARAM [/camera/depth_registered/image_rect_raw/theora/optimize_for] by /camera_nodelet_manager
[rosmaster.master][INFO] 2012-12-14 20:57:49,667: +PARAM [/camera/depth_registered/image_rect_raw/theora/target_bitrate] by /camera_nodelet_manager
[rosmaster.master][INFO] 2012-12-14 20:57:49,668: +PARAM [/camera/depth_registered/image_rect_raw/theora/quality] by /camera_nodelet_manager
[rosmaster.master][INFO] 2012-12-14 20:57:49,668: +PARAM [/camera/depth_registered/image_rect_raw/theora/keyframe_frequency] by /camera_nodelet_manager
[rosmaster.master][INFO] 2012-12-14 20:57:49,914: +PUB [/rosout] /camera/depth_registered/metric_rect http://pc:60807/
[rosmaster.master][INFO] 2012-12-14 20:57:49,918: +PUB [/rosout] /camera/points_xyzrgb_depth_rgb http://pc:50827/
[rosmaster.master][INFO] 2012-12-14 20:57:49,920: +SERVICE [/camera/depth_registered/metric_rect/get_loggers] /camera/depth_registered/metric_rect http://pc:60807/
[rosmaster.master][INFO] 2012-12-14 20:57:49,928: +SERVICE [/camera/points_xyzrgb_depth_rgb/get_loggers] /camera/points_xyzrgb_depth_rgb http://pc:50827/
[rosmaster.master][INFO] 2012-12-14 20:57:49,932: +SERVICE [/camera/depth_registered/metric_rect/set_logger_level] /camera/depth_registered/metric_rect http://pc:60807/
[rosmaster.master][INFO] 2012-12-14 20:57:49,936: +PUB [/rosout] /camera/disparity_depth http://pc:40903/
[rosmaster.master][INFO] 2012-12-14 20:57:49,937: +SERVICE [/camera/points_xyzrgb_depth_rgb/set_logger_level] /camera/points_xyzrgb_depth_rgb http://pc:50827/
[rosmaster.master][INFO] 2012-12-14 20:57:49,940: +SERVICE [/camera/disparity_depth/get_loggers] /camera/disparity_depth http://pc:40903/
[rosmaster.master][INFO] 2012-12-14 20:57:49,946: +SERVICE [/camera/disparity_depth/set_logger_level] /camera/disparity_depth http://pc:40903/
[rosmaster.master][INFO] 2012-12-14 20:57:49,956: +PARAM [/camera/disparity_depth] by /camera/disparity_depth
[rosmaster.master][INFO] 2012-12-14 20:57:49,961: +PUB [/rosout] /camera_base_link http://pc:39882/
[rosmaster.master][INFO] 2012-12-14 20:57:49,970: +PUB [/rosout] /camera_base_link1 http://pc:39003/
[rosmaster.master][INFO] 2012-12-14 20:57:49,971: +SERVICE [/camera_base_link/get_loggers] /camera_base_link http://pc:39882/
[rosmaster.master][INFO] 2012-12-14 20:57:49,972: +SERVICE [/camera_base_link1/get_loggers] /camera_base_link1 http://pc:39003/
[rosmaster.master][INFO] 2012-12-14 20:57:49,973: +SERVICE [/camera_base_link/set_logger_level] /camera_base_link http://pc:39882/
[rosmaster.master][INFO] 2012-12-14 20:57:49,974: +SERVICE [/camera_base_link1/set_logger_level] /camera_base_link1 http://pc:39003/
[rosmaster.master][INFO] 2012-12-14 20:57:49,977: +PUB [/tf] /camera_base_link http://pc:39882/
[rosmaster.master][INFO] 2012-12-14 20:57:49,978: +PUB [/tf] /camera_base_link1 http://pc:39003/
[rosmaster.master][INFO] 2012-12-14 20:57:49,984: +PARAM [/camera/disparity_depth_registered] by /camera/disparity_depth_registered
[rosmaster.master][INFO] 2012-12-14 20:57:49,986: publisherUpdate[/rosout] -> http://pc:55313/
[rosmaster.master][INFO] 2012-12-14 20:57:49,988: publisherUpdate[/rosout] -> http://pc:55313/
[rosmaster.master][INFO] 2012-12-14 20:57:49,989: publisherUpdate[/rosout] -> http://pc:55313/
[rosmaster.master][INFO] 2012-12-14 20:57:49,991: publisherUpdate[/rosout] -> http://pc:55313/
[rosmaster.master][INFO] 2012-12-14 20:57:49,992: publisherUpdate[/rosout] -> http://pc:55313/
[rosmaster.master][INFO] 2012-12-14 20:57:50,282: +PUB [/camera/depth_registered/image/compressed] /camera_nodelet_manager http://pc:56568/
[rosmaster.master][INFO] 2012-12-14 20:57:50,286: +SERVICE [/camera/depth_registered/image/compressed/set_parameters] /camera_nodelet_manager http://pc:56568/
[rosmaster.master][INFO] 2012-12-14 20:57:50,289: +PUB [/camera/depth_registered/image/compressed/parameter_descriptions] /camera_nodelet_manager http://pc:56568/
[rosmaster.master][INFO] 2012-12-14 20:57:50,292: +PUB [/camera/depth_registered/image/compressed/parameter_updates] /camera_nodelet_manager http://pc:56568/
[rosmaster.master][INFO] 2012-12-14 20:57:50,299: +PARAM [/camera/depth_registered/image/compressed/format] by /camera_nodelet_manager
[rosmaster.master][INFO] 2012-12-14 20:57:50,300: +PARAM [/camera/depth_registered/image/compressed/jpeg_quality] by /camera_nodelet_manager
[rosmaster.master][INFO] 2012-12-14 20:57:50,301: +PARAM [/camera/depth_registered/image/compressed/png_level] by /camera_nodelet_manager
[rosmaster.master][INFO] 2012-12-14 20:57:50,302: +PUB [/camera/depth_registered/image] /camera_nodelet_manager http://pc:56568/
[rosmaster.master][INFO] 2012-12-14 20:57:50,303: +PUB [/camera/depth_registered/image/theora] /camera_nodelet_manager http://pc:56568/
[rosmaster.master][INFO] 2012-12-14 20:57:50,304: +SERVICE [/camera/depth_registered/image/theora/set_parameters] /camera_nodelet_manager http://pc:56568/
[rosmaster.master][INFO] 2012-12-14 20:57:50,305: +PUB [/camera/depth_registered/image/theora/parameter_descriptions] /camera_nodelet_manager http://pc:56568/
[rosmaster.master][INFO] 2012-12-14 20:57:50,307: +PUB [/camera/depth_registered/image/theora/parameter_updates] /camera_nodelet_manager http://pc:56568/
[rosmaster.master][INFO] 2012-12-14 20:57:50,312: +PARAM [/camera/depth_registered/image/theora/optimize_for] by /camera_nodelet_manager
[rosmaster.master][INFO] 2012-12-14 20:57:50,314: +PARAM [/camera/depth_registered/image/theora/target_bitrate] by /camera_nodelet_manager
[rosmaster.master][INFO] 2012-12-14 20:57:50,315: +PARAM [/camera/depth_registered/image/theora/quality] by /camera_nodelet_manager
[rosmaster.master][INFO] 2012-12-14 20:57:50,316: +PARAM [/camera/depth_registered/image/theora/keyframe_frequency] by /camera_nodelet_manager
[rosmaster.master][INFO] 2012-12-14 20:57:50,942: +SERVICE [/camera/rgb/rectify_color/set_parameters] /camera_nodelet_manager http://pc:56568/
[rosmaster.master][INFO] 2012-12-14 20:57:50,945: +PUB [/camera/rgb/rectify_color/parameter_descriptions] /camera_nodelet_manager http://pc:56568/
[rosmaster.master][INFO] 2012-12-14 20:57:50,948: +PUB [/camera/rgb/rectify_color/parameter_updates] /camera_nodelet_manager http://pc:56568/
[rosmaster.master][INFO] 2012-12-14 20:57:50,952: +PARAM [/camera/rgb/rectify_color/interpolation] by /camera_nodelet_manager
[rosmaster.master][INFO] 2012-12-14 20:57:50,955: +PUB [/camera/rgb/image_rect_color/compressed] /camera_nodelet_manager http://pc:56568/
[rosmaster.master][INFO] 2012-12-14 20:57:50,958: +SERVICE [/camera/rgb/image_rect_color/compressed/set_parameters] /camera_nodelet_manager http://pc:56568/
[rosmaster.master][INFO] 2012-12-14 20:57:50,959: +PUB [/camera/rgb/image_rect_color/compressed/parameter_descriptions] /camera_nodelet_manager http://pc:56568/
[rosmaster.master][INFO] 2012-12-14 20:57:50,961: +PUB [/camera/rgb/image_rect_color/compressed/parameter_updates] /camera_nodelet_manager http://pc:56568/
[rosmaster.master][INFO] 2012-12-14 20:57:50,964: +PARAM [/camera/rgb/image_rect_color/compressed/format] by /camera_nodelet_manager
[rosmaster.master][INFO] 2012-12-14 20:57:50,965: +PARAM [/camera/rgb/image_rect_color/compressed/jpeg_quality] by /camera_nodelet_manager
[rosmaster.master][INFO] 2012-12-14 20:57:50,966: +PARAM [/camera/rgb/image_rect_color/compressed/png_level] by /camera_nodelet_manager
[rosmaster.master][INFO] 2012-12-14 20:57:50,967: +PUB [/camera/rgb/image_rect_color] /camera_nodelet_manager http://pc:56568/
[rosmaster.master][INFO] 2012-12-14 20:57:50,968: +PUB [/camera/rgb/image_rect_color/theora] /camera_nodelet_manager http://pc:56568/
[rosmaster.master][INFO] 2012-12-14 20:57:50,969: +SERVICE [/camera/rgb/image_rect_color/theora/set_parameters] /camera_nodelet_manager http://pc:56568/
[rosmaster.master][INFO] 2012-12-14 20:57:50,970: +PUB [/camera/rgb/image_rect_color/theora/parameter_descriptions] /camera_nodelet_manager http://pc:56568/
[rosmaster.master][INFO] 2012-12-14 20:57:50,971: +PUB [/camera/rgb/image_rect_color/theora/parameter_updates] /camera_nodelet_manager http://pc:56568/
[rosmaster.master][INFO] 2012-12-14 20:57:50,975: +PARAM [/camera/rgb/image_rect_color/theora/optimize_for] by /camera_nodelet_manager
[rosmaster.master][INFO] 2012-12-14 20:57:50,976: +PARAM [/camera/rgb/image_rect_color/theora/target_bitrate] by /camera_nodelet_manager
[rosmaster.master][INFO] 2012-12-14 20:57:50,977: +PARAM [/camera/rgb/image_rect_color/theora/quality] by /camera_nodelet_manager
[rosmaster.master][INFO] 2012-12-14 20:57:50,978: +PARAM [/camera/rgb/image_rect_color/theora/keyframe_frequency] by /camera_nodelet_manager
[rosmaster.master][INFO] 2012-12-14 20:57:50,989: publisherUpdate[/camera/rgb/image_rect_color] -> http://pc:52064/
[rosmaster.master][INFO] 2012-12-14 20:57:51,022: +SUB [/camera/rgb/image_color] /camera_nodelet_manager http://pc:56568/
[rosmaster.master][INFO] 2012-12-14 20:57:51,023: +SUB [/camera/rgb/camera_info] /camera_nodelet_manager http://pc:56568/
[rosmaster.master][INFO] 2012-12-14 20:57:51,025: +SUB [/camera/rgb/image_raw] /camera_nodelet_manager http://pc:56568/
[rosmaster.master][INFO] 2012-12-14 20:57:51,582: +SERVICE [/camera/depth/rectify_depth/set_parameters] /camera_nodelet_manager http://pc:56568/
[rosmaster.master][INFO] 2012-12-14 20:57:51,585: +PUB [/camera/depth/rectify_depth/parameter_descriptions] /camera_nodelet_manager http://pc:56568/
[rosmaster.master][INFO] 2012-12-14 20:57:51,590: +PUB [/camera/depth/rectify_depth/parameter_updates] /camera_nodelet_manager http://pc:56568/
[rosmaster.master][INFO] 2012-12-14 20:57:51,594: +PARAM [/camera/depth/rectify_depth/interpolation] by /camera_nodelet_manager
[rosmaster.master][INFO] 2012-12-14 20:57:51,595: +PUB [/camera/depth/image_rect_raw/compressed] /camera_nodelet_manager http://pc:56568/
[rosmaster.master][INFO] 2012-12-14 20:57:51,596: +SERVICE [/camera/depth/image_rect_raw/compressed/set_parameters] /camera_nodelet_manager http://pc:56568/
[rosmaster.master][INFO] 2012-12-14 20:57:51,598: +PUB [/camera/depth/image_rect_raw/compressed/parameter_descriptions] /camera_nodelet_manager http://pc:56568/
[rosmaster.master][INFO] 2012-12-14 20:57:51,599: +PUB [/camera/depth/image_rect_raw/compressed/parameter_updates] /camera_nodelet_manager http://pc:56568/
[rosmaster.master][INFO] 2012-12-14 20:57:51,602: +PARAM [/camera/depth/image_rect_raw/compressed/format] by /camera_nodelet_manager
[rosmaster.master][INFO] 2012-12-14 20:57:51,603: +PARAM [/camera/depth/image_rect_raw/compressed/jpeg_quality] by /camera_nodelet_manager
[rosmaster.master][INFO] 2012-12-14 20:57:51,604: +PARAM [/camera/depth/image_rect_raw/compressed/png_level] by /camera_nodelet_manager
[rosmaster.master][INFO] 2012-12-14 20:57:51,605: +PUB [/camera/depth/image_rect_raw] /camera_nodelet_manager http://pc:56568/
[rosmaster.master][INFO] 2012-12-14 20:57:51,606: +PUB [/camera/depth/image_rect_raw/theora] /camera_nodelet_manager http://pc:56568/
[rosmaster.master][INFO] 2012-12-14 20:57:51,607: +SERVICE [/camera/depth/image_rect_raw/theora/set_parameters] /camera_nodelet_manager http://pc:56568/
[rosmaster.master][INFO] 2012-12-14 20:57:51,608: +PUB [/camera/depth/image_rect_raw/theora/parameter_descriptions] /camera_nodelet_manager http://pc:56568/
[rosmaster.master][INFO] 2012-12-14 20:57:51,609: +PUB [/camera/depth/image_rect_raw/theora/parameter_updates] /camera_nodelet_manager http://pc:56568/
[rosmaster.master][INFO] 2012-12-14 20:57:51,613: +PARAM [/camera/depth/image_rect_raw/theora/optimize_for] by /camera_nodelet_manager
[rosmaster.master][INFO] 2012-12-14 20:57:51,615: +PARAM [/camera/depth/image_rect_raw/theora/target_bitrate] by /camera_nodelet_manager
[rosmaster.master][INFO] 2012-12-14 20:57:51,616: +PARAM [/camera/depth/image_rect_raw/theora/quality] by /camera_nodelet_manager
[rosmaster.master][INFO] 2012-12-14 20:57:51,617: +PARAM [/camera/depth/image_rect_raw/theora/keyframe_frequency] by /camera_nodelet_manager
[rosmaster.master][INFO] 2012-12-14 20:57:52,206: +PUB [/camera/depth_registered/image_rect/compressed] /camera_nodelet_manager http://pc:56568/
[rosmaster.master][INFO] 2012-12-14 20:57:52,207: +SERVICE [/camera/depth_registered/image_rect/compressed/set_parameters] /camera_nodelet_manager http://pc:56568/
[rosmaster.master][INFO] 2012-12-14 20:57:52,208: +PUB [/camera/depth_registered/image_rect/compressed/parameter_descriptions] /camera_nodelet_manager http://pc:56568/
[rosmaster.master][INFO] 2012-12-14 20:57:52,210: +PUB [/camera/depth_registered/image_rect/compressed/parameter_updates] /camera_nodelet_manager http://pc:56568/
[rosmaster.master][INFO] 2012-12-14 20:57:52,213: +PARAM [/camera/depth_registered/image_rect/compressed/format] by /camera_nodelet_manager
[rosmaster.master][INFO] 2012-12-14 20:57:52,214: +PARAM [/camera/depth_registered/image_rect/compressed/jpeg_quality] by /camera_nodelet_manager
[rosmaster.master][INFO] 2012-12-14 20:57:52,215: +PARAM [/camera/depth_registered/image_rect/compressed/png_level] by /camera_nodelet_manager
[rosmaster.master][INFO] 2012-12-14 20:57:52,216: +PUB [/camera/depth_registered/image_rect] /camera_nodelet_manager http://pc:56568/
[rosmaster.master][INFO] 2012-12-14 20:57:52,218: +PUB [/camera/depth_registered/image_rect/theora] /camera_nodelet_manager http://pc:56568/
[rosmaster.master][INFO] 2012-12-14 20:57:52,219: +SERVICE [/camera/depth_registered/image_rect/theora/set_parameters] /camera_nodelet_manager http://pc:56568/
[rosmaster.master][INFO] 2012-12-14 20:57:52,220: +PUB [/camera/depth_registered/image_rect/theora/parameter_descriptions] /camera_nodelet_manager http://pc:56568/
[rosmaster.master][INFO] 2012-12-14 20:57:52,221: +PUB [/camera/depth_registered/image_rect/theora/parameter_updates] /camera_nodelet_manager http://pc:56568/
[rosmaster.master][INFO] 2012-12-14 20:57:52,224: +PARAM [/camera/depth_registered/image_rect/theora/optimize_for] by /camera_nodelet_manager
[rosmaster.master][INFO] 2012-12-14 20:57:52,225: +PARAM [/camera/depth_registered/image_rect/theora/target_bitrate] by /camera_nodelet_manager
[rosmaster.master][INFO] 2012-12-14 20:57:52,227: +PARAM [/camera/depth_registered/image_rect/theora/quality] by /camera_nodelet_manager
[rosmaster.master][INFO] 2012-12-14 20:57:52,229: +PARAM [/camera/depth_registered/image_rect/theora/keyframe_frequency] by /camera_nodelet_manager
[rosmaster.master][INFO] 2012-12-14 20:57:52,292: publisherUpdate[/camera/depth_registered/image_rect] -> http://pc:52064/
[rosmaster.master][INFO] 2012-12-14 20:57:52,339: +SUB [/camera/depth_registered/image_rect_raw] /camera_nodelet_manager http://pc:56568/
[rosmaster.master][INFO] 2012-12-14 20:57:52,345: +SUB [/camera/depth_registered/image_raw] /camera_nodelet_manager http://pc:56568/
[rosmaster.master][INFO] 2012-12-14 20:57:52,347: +SUB [/camera/depth_registered/camera_info] /camera_nodelet_manager http://pc:56568/
[rosmaster.master][INFO] 2012-12-14 20:57:52,739: +PUB [/camera/depth_registered/points] /camera_nodelet_manager http://pc:56568/
[rosmaster.master][INFO] 2012-12-14 20:57:53,016: +PUB [/camera/depth/disparity] /camera_nodelet_manager http://pc:56568/
[rosmaster.master][INFO] 2012-12-14 20:57:53,277: +SUB [/tf] /camera_nodelet_manager http://pc:56568/
[rosmaster.master][INFO] 2012-12-14 20:57:53,283: +SERVICE [/camera_nodelet_manager/tf_frames] /camera_nodelet_manager http://pc:56568/
[rosmaster.master][INFO] 2012-12-14 20:57:53,565: +PARAM [/camera/depth_registered/image_rect_raw/compressed/format] by /camera_nodelet_manager
[rosmaster.master][INFO] 2012-12-14 20:57:53,567: +PARAM [/camera/depth_registered/image_rect_raw/compressed/jpeg_quality] by /camera_nodelet_manager
[rosmaster.master][INFO] 2012-12-14 20:57:53,569: +PARAM [/camera/depth_registered/image_rect_raw/compressed/png_level] by /camera_nodelet_manager
[rosmaster.master][INFO] 2012-12-14 20:57:53,581: +PARAM [/camera/depth_registered/image_rect_raw/theora/optimize_for] by /camera_nodelet_manager
[rosmaster.master][INFO] 2012-12-14 20:57:53,584: +PARAM [/camera/depth_registered/image_rect_raw/theora/target_bitrate] by /camera_nodelet_manager
[rosmaster.master][INFO] 2012-12-14 20:57:53,587: +PARAM [/camera/depth_registered/image_rect_raw/theora/quality] by /camera_nodelet_manager
[rosmaster.master][INFO] 2012-12-14 20:57:53,590: +PARAM [/camera/depth_registered/image_rect_raw/theora/keyframe_frequency] by /camera_nodelet_manager
[rosmaster.master][INFO] 2012-12-14 20:57:53,594: +PUB [/camera/depth_registered/camera_info] /camera_nodelet_manager http://pc:56568/
[rosmaster.master][INFO] 2012-12-14 20:57:53,595: publisherUpdate[/camera/depth_registered/camera_info] -> http://pc:56568/
[rosmaster.master][INFO] 2012-12-14 20:57:53,600: +SUB [/camera/depth/image_rect_raw] /camera_nodelet_manager http://pc:56568/
[rosmaster.master][INFO] 2012-12-14 20:57:53,604: +SUB [/camera/depth/camera_info] /camera_nodelet_manager http://pc:56568/
[rosmaster.master][INFO] 2012-12-14 20:57:53,609: +SUB [/camera/depth/image_raw] /camera_nodelet_manager http://pc:56568/
[rosmaster.master][INFO] 2012-12-14 20:57:53,866: +SERVICE [/camera/driver/set_parameters] /camera_nodelet_manager http://pc:56568/
[rosmaster.master][INFO] 2012-12-14 20:57:53,868: +PUB [/camera/driver/parameter_descriptions] /camera_nodelet_manager http://pc:56568/
[rosmaster.master][INFO] 2012-12-14 20:57:53,869: +PUB [/camera/driver/parameter_updates] /camera_nodelet_manager http://pc:56568/
[rosmaster.master][INFO] 2012-12-14 20:57:53,878: +PARAM [/camera/driver/image_mode] by /camera_nodelet_manager
[rosmaster.master][INFO] 2012-12-14 20:57:53,879: +PARAM [/camera/driver/depth_mode] by /camera_nodelet_manager
[rosmaster.master][INFO] 2012-12-14 20:57:53,880: +PARAM [/camera/driver/depth_registration] by /camera_nodelet_manager
[rosmaster.master][INFO] 2012-12-14 20:57:53,881: +PARAM [/camera/driver/data_skip] by /camera_nodelet_manager
[rosmaster.master][INFO] 2012-12-14 20:57:53,882: +PARAM [/camera/driver/depth_time_offset] by /camera_nodelet_manager
[rosmaster.master][INFO] 2012-12-14 20:57:53,883: +PARAM [/camera/driver/image_time_offset] by /camera_nodelet_manager
[rosmaster.master][INFO] 2012-12-14 20:57:53,884: +PARAM [/camera/driver/depth_ir_offset_x] by /camera_nodelet_manager
[rosmaster.master][INFO] 2012-12-14 20:57:53,886: +PARAM [/camera/driver/depth_ir_offset_y] by /camera_nodelet_manager
[rosmaster.master][INFO] 2012-12-14 20:57:53,888: +PARAM [/camera/driver/z_offset_mm] by /camera_nodelet_manager
[rosmaster.master][INFO] 2012-12-14 20:57:53,895: +PUB [/camera/depth_registered/disparity] /camera_nodelet_manager http://pc:56568/
[rosmaster.master][INFO] 2012-12-14 20:57:53,903: +SERVICE [/camera/rgb/set_camera_info] /camera_nodelet_manager http://pc:56568/
[rosmaster.master][INFO] 2012-12-14 20:57:53,906: +SERVICE [/camera/ir/set_camera_info] /camera_nodelet_manager http://pc:56568/
[rosmaster.master][INFO] 2012-12-14 20:57:53,908: +PUB [/camera/rgb/image_raw/compressed] /camera_nodelet_manager http://pc:56568/
[rosmaster.master][INFO] 2012-12-14 20:57:53,910: +SERVICE [/camera/rgb/image_raw/compressed/set_parameters] /camera_nodelet_manager http://pc:56568/
[rosmaster.master][INFO] 2012-12-14 20:57:53,913: +PUB [/camera/rgb/image_raw/compressed/parameter_descriptions] /camera_nodelet_manager http://pc:56568/
[rosmaster.master][INFO] 2012-12-14 20:57:53,915: +PUB [/camera/rgb/image_raw/compressed/parameter_updates] /camera_nodelet_manager http://pc:56568/
[rosmaster.master][INFO] 2012-12-14 20:57:53,923: +PARAM [/camera/rgb/image_raw/compressed/format] by /camera_nodelet_manager
[rosmaster.master][INFO] 2012-12-14 20:57:53,926: +PARAM [/camera/rgb/image_raw/compressed/jpeg_quality] by /camera_nodelet_manager
[rosmaster.master][INFO] 2012-12-14 20:57:53,930: +PARAM [/camera/rgb/image_raw/compressed/png_level] by /camera_nodelet_manager
[rosmaster.master][INFO] 2012-12-14 20:57:53,933: +PUB [/camera/rgb/image_raw] /camera_nodelet_manager http://pc:56568/
[rosmaster.master][INFO] 2012-12-14 20:57:53,936: +PUB [/camera/rgb/image_raw/theora] /camera_nodelet_manager http://pc:56568/
[rosmaster.master][INFO] 2012-12-14 20:57:53,939: +SERVICE [/camera/rgb/image_raw/theora/set_parameters] /camera_nodelet_manager http://pc:56568/
[rosmaster.master][INFO] 2012-12-14 20:57:53,941: +PUB [/camera/rgb/image_raw/theora/parameter_descriptions] /camera_nodelet_manager http://pc:56568/
[rosmaster.master][INFO] 2012-12-14 20:57:53,943: +PUB [/camera/rgb/image_raw/theora/parameter_updates] /camera_nodelet_manager http://pc:56568/
[rosmaster.master][INFO] 2012-12-14 20:57:53,953: +PARAM [/camera/rgb/image_raw/theora/optimize_for] by /camera_nodelet_manager
[rosmaster.master][INFO] 2012-12-14 20:57:53,955: +PARAM [/camera/rgb/image_raw/theora/target_bitrate] by /camera_nodelet_manager
[rosmaster.master][INFO] 2012-12-14 20:57:53,958: +PARAM [/camera/rgb/image_raw/theora/quality] by /camera_nodelet_manager
[rosmaster.master][INFO] 2012-12-14 20:57:53,960: +PARAM [/camera/rgb/image_raw/theora/keyframe_frequency] by /camera_nodelet_manager
[rosmaster.master][INFO] 2012-12-14 20:57:53,963: +PUB [/camera/rgb/camera_info] /camera_nodelet_manager http://pc:56568/
[rosmaster.master][INFO] 2012-12-14 20:57:53,965: +PUB [/camera/ir/image_raw/compressed] /camera_nodelet_manager http://pc:56568/
[rosmaster.master][INFO] 2012-12-14 20:57:53,967: +SERVICE [/camera/ir/image_raw/compressed/set_parameters] /camera_nodelet_manager http://pc:56568/
[rosmaster.master][INFO] 2012-12-14 20:57:53,970: +PUB [/camera/ir/image_raw/compressed/parameter_descriptions] /camera_nodelet_manager http://pc:56568/
[rosmaster.master][INFO] 2012-12-14 20:57:53,972: +PUB [/camera/ir/image_raw/compressed/parameter_updates] /camera_nodelet_manager http://pc:56568/
[rosmaster.master][INFO] 2012-12-14 20:57:53,980: +PARAM [/camera/ir/image_raw/compressed/format] by /camera_nodelet_manager
[rosmaster.master][INFO] 2012-12-14 20:57:53,982: +PARAM [/camera/ir/image_raw/compressed/jpeg_quality] by /camera_nodelet_manager
[rosmaster.master][INFO] 2012-12-14 20:57:53,984: +PARAM [/camera/ir/image_raw/compressed/png_level] by /camera_nodelet_manager
[rosmaster.master][INFO] 2012-12-14 20:57:53,987: +PUB [/camera/ir/image_raw] /camera_nodelet_manager http://pc:56568/
[rosmaster.master][INFO] 2012-12-14 20:57:53,990: +PUB [/camera/ir/image_raw/theora] /camera_nodelet_manager http://pc:56568/
[rosmaster.master][INFO] 2012-12-14 20:57:53,992: +SERVICE [/camera/ir/image_raw/theora/set_parameters] /camera_nodelet_manager http://pc:56568/
[rosmaster.master][INFO] 2012-12-14 20:57:53,995: +PUB [/camera/ir/image_raw/theora/parameter_descriptions] /camera_nodelet_manager http://pc:56568/
[rosmaster.master][INFO] 2012-12-14 20:57:53,997: publisherUpdate[/camera/rgb/image_raw] -> http://pc:56568/
[rosmaster.master][INFO] 2012-12-14 20:57:53,998: +PUB [/camera/ir/image_raw/theora/parameter_updates] /camera_nodelet_manager http://pc:56568/
[rosmaster.master][INFO] 2012-12-14 20:57:54,000: publisherUpdate[/camera/rgb/camera_info] -> http://pc:56568/
[rosmaster.master][INFO] 2012-12-14 20:57:54,011: +PARAM [/camera/ir/image_raw/theora/optimize_for] by /camera_nodelet_manager
[rosmaster.master][INFO] 2012-12-14 20:57:54,015: +PARAM [/camera/ir/image_raw/theora/target_bitrate] by /camera_nodelet_manager
[rosmaster.master][INFO] 2012-12-14 20:57:54,018: +SUB [/camera/driver/parameter_updates] /set_dr http://pc:56380/
[rosmaster.master][INFO] 2012-12-14 20:57:54,021: +PARAM [/camera/ir/image_raw/theora/quality] by /camera_nodelet_manager
[rosmaster.master][INFO] 2012-12-14 20:57:54,023: +SUB [/camera/driver/parameter_descriptions] /set_dr http://pc:56380/
[rosmaster.master][INFO] 2012-12-14 20:57:54,025: +PARAM [/camera/ir/image_raw/theora/keyframe_frequency] by /camera_nodelet_manager
[rosmaster.master][INFO] 2012-12-14 20:57:54,028: +PUB [/camera/ir/camera_info] /camera_nodelet_manager http://pc:56568/
[rosmaster.master][INFO] 2012-12-14 20:57:54,030: +PUB [/camera/depth/image_raw/compressed] /camera_nodelet_manager http://pc:56568/
[rosmaster.master][INFO] 2012-12-14 20:57:54,033: +SERVICE [/camera/depth/image_raw/compressed/set_parameters] /camera_nodelet_manager http://pc:56568/
[rosmaster.master][INFO] 2012-12-14 20:57:54,036: +PUB [/camera/depth/image_raw/compressed/parameter_descriptions] /camera_nodelet_manager http://pc:56568/
[rosmaster.master][INFO] 2012-12-14 20:57:54,038: +PUB [/camera/depth/image_raw/compressed/parameter_updates] /camera_nodelet_manager http://pc:56568/
[rosmaster.master][INFO] 2012-12-14 20:57:54,046: +PARAM [/camera/depth/image_raw/compressed/format] by /camera_nodelet_manager
[rosmaster.master][INFO] 2012-12-14 20:57:54,048: +PARAM [/camera/depth/image_raw/compressed/jpeg_quality] by /camera_nodelet_manager
[rosmaster.master][INFO] 2012-12-14 20:57:54,051: +PARAM [/camera/depth/image_raw/compressed/png_level] by /camera_nodelet_manager
[rosmaster.master][INFO] 2012-12-14 20:57:54,053: +PUB [/camera/depth/image_raw] /camera_nodelet_manager http://pc:56568/
[rosmaster.master][INFO] 2012-12-14 20:57:54,055: +PUB [/camera/depth/image_raw/theora] /camera_nodelet_manager http://pc:56568/
[rosmaster.master][INFO] 2012-12-14 20:57:54,058: +SERVICE [/camera/depth/image_raw/theora/set_parameters] /camera_nodelet_manager http://pc:56568/
[rosmaster.master][INFO] 2012-12-14 20:57:54,060: +PUB [/camera/depth/image_raw/theora/parameter_descriptions] /camera_nodelet_manager http://pc:56568/
[rosmaster.master][INFO] 2012-12-14 20:57:54,064: +PUB [/camera/depth/image_raw/theora/parameter_updates] /camera_nodelet_manager http://pc:56568/
[rosmaster.master][INFO] 2012-12-14 20:57:54,079: +PARAM [/camera/depth/image_raw/theora/optimize_for] by /camera_nodelet_manager
[rosmaster.master][INFO] 2012-12-14 20:57:54,081: +PARAM [/camera/depth/image_raw/theora/target_bitrate] by /camera_nodelet_manager
[rosmaster.master][INFO] 2012-12-14 20:57:54,084: +PARAM [/camera/depth/image_raw/theora/quality] by /camera_nodelet_manager
[rosmaster.master][INFO] 2012-12-14 20:57:54,086: +PARAM [/camera/depth/image_raw/theora/keyframe_frequency] by /camera_nodelet_manager
[rosmaster.master][INFO] 2012-12-14 20:57:54,089: +PUB [/camera/depth/camera_info] /camera_nodelet_manager http://pc:56568/
[rosmaster.master][INFO] 2012-12-14 20:57:54,091: +PUB [/camera/projector/camera_info] /camera_nodelet_manager http://pc:56568/
[rosmaster.master][INFO] 2012-12-14 20:57:54,094: +PUB [/camera/depth_registered/image_raw/compressed] /camera_nodelet_manager http://pc:56568/
[rosmaster.master][INFO] 2012-12-14 20:57:54,096: +SERVICE [/camera/depth_registered/image_raw/compressed/set_parameters] /camera_nodelet_manager http://pc:56568/
[rosmaster.master][INFO] 2012-12-14 20:57:54,098: +PUB [/camera/depth_registered/image_raw/compressed/parameter_descriptions] /camera_nodelet_manager http://pc:56568/
[rosmaster.master][INFO] 2012-12-14 20:57:54,100: +PUB [/camera/depth_registered/image_raw/compressed/parameter_updates] /camera_nodelet_manager http://pc:56568/
[rosmaster.master][INFO] 2012-12-14 20:57:54,101: publisherUpdate[/camera/depth/image_raw] -> http://pc:56568/
[rosmaster.master][INFO] 2012-12-14 20:57:54,103: publisherUpdate[/camera/depth/camera_info] -> http://pc:56568/
[rosmaster.master][INFO] 2012-12-14 20:57:54,111: +PARAM [/camera/depth_registered/image_raw/compressed/format] by /camera_nodelet_manager
[rosmaster.master][INFO] 2012-12-14 20:57:54,114: +PARAM [/camera/depth_registered/image_raw/compressed/jpeg_quality] by /camera_nodelet_manager
[rosmaster.master][INFO] 2012-12-14 20:57:54,116: +PARAM [/camera/depth_registered/image_raw/compressed/png_level] by /camera_nodelet_manager
[rosmaster.master][INFO] 2012-12-14 20:57:54,118: +PUB [/camera/depth_registered/image_raw] /camera_nodelet_manager http://pc:56568/
[rosmaster.master][INFO] 2012-12-14 20:57:54,121: +PUB [/camera/depth_registered/image_raw/theora] /camera_nodelet_manager http://pc:56568/
[rosmaster.master][INFO] 2012-12-14 20:57:54,123: +SERVICE [/camera/depth_registered/image_raw/theora/set_parameters] /camera_nodelet_manager http://pc:56568/
[rosmaster.master][INFO] 2012-12-14 20:57:54,125: +PUB [/camera/depth_registered/image_raw/theora/parameter_descriptions] /camera_nodelet_manager http://pc:56568/
[rosmaster.master][INFO] 2012-12-14 20:57:54,128: +PUB [/camera/depth_registered/image_raw/theora/parameter_updates] /camera_nodelet_manager http://pc:56568/
[rosmaster.master][INFO] 2012-12-14 20:57:54,137: +PARAM [/camera/depth_registered/image_raw/theora/optimize_for] by /camera_nodelet_manager
[rosmaster.master][INFO] 2012-12-14 20:57:54,140: +PARAM [/camera/depth_registered/image_raw/theora/target_bitrate] by /camera_nodelet_manager
[rosmaster.master][INFO] 2012-12-14 20:57:54,142: +PARAM [/camera/depth_registered/image_raw/theora/quality] by /camera_nodelet_manager
[rosmaster.master][INFO] 2012-12-14 20:57:54,144: +PARAM [/camera/depth_registered/image_raw/theora/keyframe_frequency] by /camera_nodelet_manager
[rosmaster.master][INFO] 2012-12-14 20:57:54,202: publisherUpdate[/camera/depth_registered/image_raw] -> http://pc:56568/
[rosmaster.master][INFO] 2012-12-14 20:57:57,987: +PARAM [/camera/driver/image_mode] by /camera_nodelet_manager
[rosmaster.master][INFO] 2012-12-14 20:57:57,990: +PARAM [/camera/driver/depth_mode] by /camera_nodelet_manager
[rosmaster.master][INFO] 2012-12-14 20:57:57,991: +PARAM [/camera/driver/depth_registration] by /camera_nodelet_manager
[rosmaster.master][INFO] 2012-12-14 20:57:57,992: +PARAM [/camera/driver/data_skip] by /camera_nodelet_manager
[rosmaster.master][INFO] 2012-12-14 20:57:57,994: +PARAM [/camera/driver/depth_time_offset] by /camera_nodelet_manager
[rosmaster.master][INFO] 2012-12-14 20:57:57,995: +PARAM [/camera/driver/image_time_offset] by /camera_nodelet_manager
[rosmaster.master][INFO] 2012-12-14 20:57:57,996: +PARAM [/camera/driver/depth_ir_offset_x] by /camera_nodelet_manager
[rosmaster.master][INFO] 2012-12-14 20:57:57,997: +PARAM [/camera/driver/depth_ir_offset_y] by /camera_nodelet_manager
[rosmaster.master][INFO] 2012-12-14 20:57:57,998: +PARAM [/camera/driver/z_offset_mm] by /camera_nodelet_manager
[rosmaster.master][INFO] 2012-12-14 20:57:58,000: -SUB [/camera/driver/parameter_updates] /set_dr http://pc:56380/
[rosmaster.master][INFO] 2012-12-14 20:57:58,001: -SUB [/camera/driver/parameter_descriptions] /set_dr http://pc:56380/
[rosmaster.master][INFO] 2012-12-14 20:57:58,001: -PUB [/rosout] /set_dr http://pc:56380/
[rosmaster.master][INFO] 2012-12-14 20:57:58,010: publisherUpdate[/rosout] -> http://pc:55313/
[rosmaster.master][INFO] 2012-12-14 20:58:11,243: -SUB [/camera/depth_registered/image_rect] /depth_detection http://pc:52064/
[rosmaster.master][INFO] 2012-12-14 20:58:11,243: -SUB [/camera/rgb/image_rect_color] /depth_detection http://pc:52064/
[rosmaster.master][INFO] 2012-12-14 20:58:11,244: -PUB [/rosout] /depth_detection http://pc:52064/
[rosmaster.master][INFO] 2012-12-14 20:58:11,248: -SUB [/camera/depth_registered/image_rect_raw] /camera_nodelet_manager http://pc:56568/
[rosmaster.master][INFO] 2012-12-14 20:58:11,251: -SUB [/camera/depth_registered/image_raw] /camera_nodelet_manager http://pc:56568/
[rosmaster.master][INFO] 2012-12-14 20:58:11,253: -PUB [/camera/depth_registered/disparity] /camera_nodelet_manager http://pc:56568/
[rosmaster.master][INFO] 2012-12-14 20:58:11,256: -SUB [/camera/rgb/image_color] /camera_nodelet_manager http://pc:56568/
[rosmaster.master][INFO] 2012-12-14 20:58:11,259: -PUB [/camera/depth_registered/points] /camera_nodelet_manager http://pc:56568/
[rosmaster.master][INFO] 2012-12-14 20:58:11,260: -SUB [/camera/depth_registered/camera_info] /camera_nodelet_manager http://pc:56568/
[rosmaster.master][INFO] 2012-12-14 20:58:11,262: -PUB [/camera/depth/disparity] /camera_nodelet_manager http://pc:56568/
[rosmaster.master][INFO] 2012-12-14 20:58:11,263: -SUB [/camera/rgb/image_raw] /camera_nodelet_manager http://pc:56568/
[rosmaster.master][INFO] 2012-12-14 20:58:11,264: -SUB [/camera/depth/image_rect_raw] /camera_nodelet_manager http://pc:56568/
[rosmaster.master][INFO] 2012-12-14 20:58:11,265: -SUB [/camera/rgb/camera_info] /camera_nodelet_manager http://pc:56568/
[rosmaster.master][INFO] 2012-12-14 20:58:11,267: -SUB [/camera/depth/image_raw] /camera_nodelet_manager http://pc:56568/
[rosmaster.master][INFO] 2012-12-14 20:58:11,268: -SUB [/camera/depth/camera_info] /camera_nodelet_manager http://pc:56568/
[rosmaster.master][INFO] 2012-12-14 20:58:11,315: -PUB [/rosout] /camera/disparity_depth_registered http://pc:49917/
[rosmaster.master][INFO] 2012-12-14 20:58:11,317: -PUB [/rosout] /camera/depth_registered/metric http://pc:41769/
[rosmaster.master][INFO] 2012-12-14 20:58:11,320: -SERVICE [/camera/depth_registered/metric/get_loggers] /camera/depth_registered/metric rosrpc://pc:43062
[rosmaster.master][INFO] 2012-12-14 20:58:11,323: -SERVICE [/camera/disparity_depth_registered/get_loggers] /camera/disparity_depth_registered rosrpc://pc:38871
[rosmaster.master][INFO] 2012-12-14 20:58:11,325: -SERVICE [/camera/depth_registered/metric/set_logger_level] /camera/depth_registered/metric rosrpc://pc:43062
[rosmaster.master][INFO] 2012-12-14 20:58:11,327: -SERVICE [/camera/disparity_depth_registered/set_logger_level] /camera/disparity_depth_registered rosrpc://pc:38871
[rosmaster.master][INFO] 2012-12-14 20:58:11,330: -PUB [/rosout] /camera/disparity_depth http://pc:40903/
[rosmaster.master][INFO] 2012-12-14 20:58:11,331: publisherUpdate[/rosout] -> http://pc:55313/
[rosmaster.master][INFO] 2012-12-14 20:58:11,333: -SERVICE [/camera/disparity_depth/get_loggers] /camera/disparity_depth rosrpc://pc:60583
[rosmaster.master][INFO] 2012-12-14 20:58:11,336: publisherUpdate[/rosout] -> http://pc:55313/
[rosmaster.master][INFO] 2012-12-14 20:58:11,338: -SERVICE [/camera/disparity_depth/set_logger_level] /camera/disparity_depth rosrpc://pc:60583
[rosmaster.master][INFO] 2012-12-14 20:58:11,340: publisherUpdate[/rosout] -> http://pc:55313/
[rosmaster.master][INFO] 2012-12-14 20:58:11,343: publisherUpdate[/rosout] -> http://pc:55313/
[rosmaster.master][INFO] 2012-12-14 20:58:11,365: -PUB [/rosout] /camera_base_link3 http://pc:39150/
[rosmaster.master][INFO] 2012-12-14 20:58:11,367: -PUB [/tf] /camera_base_link3 http://pc:39150/
[rosmaster.master][INFO] 2012-12-14 20:58:11,370: -SERVICE [/camera_base_link3/get_loggers] /camera_base_link3 rosrpc://pc:41926
[rosmaster.master][INFO] 2012-12-14 20:58:11,373: -SERVICE [/camera_base_link3/set_logger_level] /camera_base_link3 rosrpc://pc:41926
[rosmaster.master][INFO] 2012-12-14 20:58:11,430: -PUB [/rosout] /camera/points_xyzrgb_depth_rgb http://pc:50827/
[rosmaster.master][INFO] 2012-12-14 20:58:11,431: -PUB [/rosout] /camera/depth_registered/metric_rect http://pc:60807/
[rosmaster.master][INFO] 2012-12-14 20:58:11,432: publisherUpdate[/rosout] -> http://pc:55313/
[rosmaster.master][INFO] 2012-12-14 20:58:11,432: publisherUpdate[/tf] -> http://pc:56568/
[rosmaster.master][INFO] 2012-12-14 20:58:11,434: publisherUpdate[/rosout] -> http://pc:55313/
[rosmaster.master][INFO] 2012-12-14 20:58:11,434: -SERVICE [/camera/points_xyzrgb_depth_rgb/get_loggers] /camera/points_xyzrgb_depth_rgb rosrpc://pc:58176
[rosmaster.master][INFO] 2012-12-14 20:58:11,436: -SERVICE [/camera/depth_registered/metric_rect/get_loggers] /camera/depth_registered/metric_rect rosrpc://pc:60488
[rosmaster.master][INFO] 2012-12-14 20:58:11,436: publisherUpdate[/rosout] -> http://pc:55313/
[rosmaster.master][INFO] 2012-12-14 20:58:11,438: -SERVICE [/camera/points_xyzrgb_depth_rgb/set_logger_level] /camera/points_xyzrgb_depth_rgb rosrpc://pc:58176
[rosmaster.master][INFO] 2012-12-14 20:58:11,439: -SERVICE [/camera/depth_registered/metric_rect/set_logger_level] /camera/depth_registered/metric_rect rosrpc://pc:60488
[rosmaster.master][INFO] 2012-12-14 20:58:11,455: -PUB [/camera/depth_registered/rectify_depth/parameter_descriptions] /camera_nodelet_manager http://pc:56568/
[rosmaster.master][INFO] 2012-12-14 20:58:11,458: -PUB [/camera/depth_registered/rectify_depth/parameter_updates] /camera_nodelet_manager http://pc:56568/
[rosmaster.master][INFO] 2012-12-14 20:58:11,460: -PUB [/rosout] /camera_base_link1 http://pc:39003/
[rosmaster.master][INFO] 2012-12-14 20:58:11,461: -SERVICE [/camera/depth_registered/rectify_depth/set_parameters] /camera_nodelet_manager rosrpc://pc:50413
[rosmaster.master][INFO] 2012-12-14 20:58:11,463: -PUB [/rosout] /camera_base_link http://pc:39882/
[rosmaster.master][INFO] 2012-12-14 20:58:11,465: -PUB [/rosout] /camera_base_link2 http://pc:39691/
[rosmaster.master][INFO] 2012-12-14 20:58:11,466: -PUB [/tf] /camera_base_link1 http://pc:39003/
[rosmaster.master][INFO] 2012-12-14 20:58:11,467: -PUB [/camera/depth/points] /camera_nodelet_manager http://pc:56568/
[rosmaster.master][INFO] 2012-12-14 20:58:11,468: -PUB [/tf] /camera_base_link http://pc:39882/
[rosmaster.master][INFO] 2012-12-14 20:58:11,469: -SERVICE [/camera_base_link1/get_loggers] /camera_base_link1 rosrpc://pc:60696
[rosmaster.master][INFO] 2012-12-14 20:58:11,470: -PUB [/tf] /camera_base_link2 http://pc:39691/
[rosmaster.master][INFO] 2012-12-14 20:58:11,471: -SERVICE [/camera_base_link/get_loggers] /camera_base_link rosrpc://pc:57400
[rosmaster.master][INFO] 2012-12-14 20:58:11,472: -SERVICE [/camera_base_link1/set_logger_level] /camera_base_link1 rosrpc://pc:60696
[rosmaster.master][INFO] 2012-12-14 20:58:11,473: -SERVICE [/camera_base_link2/get_loggers] /camera_base_link2 rosrpc://pc:40661
[rosmaster.master][INFO] 2012-12-14 20:58:11,474: -SERVICE [/camera_base_link/set_logger_level] /camera_base_link rosrpc://pc:57400
[rosmaster.master][INFO] 2012-12-14 20:58:11,475: -SUB [/tf] /camera_nodelet_manager http://pc:56568/
[rosmaster.master][INFO] 2012-12-14 20:58:11,476: -SERVICE [/camera_base_link2/set_logger_level] /camera_base_link2 rosrpc://pc:40661
[rosmaster.master][INFO] 2012-12-14 20:58:11,477: -SERVICE [/camera_nodelet_manager/tf_frames] /camera_nodelet_manager rosrpc://pc:50413
[rosmaster.master][INFO] 2012-12-14 20:58:11,534: publisherUpdate[/rosout] -> http://pc:55313/
[rosmaster.master][INFO] 2012-12-14 20:58:11,535: publisherUpdate[/rosout] -> http://pc:55313/
[rosmaster.master][INFO] 2012-12-14 20:58:11,537: publisherUpdate[/rosout] -> http://pc:55313/
[rosmaster.master][INFO] 2012-12-14 20:58:11,538: publisherUpdate[/tf] -> http://pc:56568/
[rosmaster.master][INFO] 2012-12-14 20:58:11,539: publisherUpdate[/tf] -> http://pc:56568/
[rosmaster.master][INFO] 2012-12-14 20:58:11,542: publisherUpdate[/tf] -> http://pc:56568/
[rosmaster.master][INFO] 2012-12-14 20:58:11,558: -PUB [/camera/depth/rectify_depth/parameter_descriptions] /camera_nodelet_manager http://pc:56568/
[rosmaster.master][INFO] 2012-12-14 20:58:11,560: -PUB [/camera/depth/rectify_depth/parameter_updates] /camera_nodelet_manager http://pc:56568/
[rosmaster.master][INFO] 2012-12-14 20:58:11,562: -SERVICE [/camera/depth/rectify_depth/set_parameters] /camera_nodelet_manager rosrpc://pc:50413
[rosmaster.master][INFO] 2012-12-14 20:58:11,563: -PUB [/camera/ir/rectify_ir/parameter_descriptions] /camera_nodelet_manager http://pc:56568/
[rosmaster.master][INFO] 2012-12-14 20:58:11,564: -PUB [/camera/ir/rectify_ir/parameter_updates] /camera_nodelet_manager http://pc:56568/
[rosmaster.master][INFO] 2012-12-14 20:58:11,565: -SERVICE [/camera/ir/rectify_ir/set_parameters] /camera_nodelet_manager rosrpc://pc:50413
[rosmaster.master][INFO] 2012-12-14 20:58:11,612: -PUB [/rosout] /camera/depth/metric_rect http://pc:44170/
[rosmaster.master][INFO] 2012-12-14 20:58:11,614: -PUB [/rosout] /camera/depth_registered/rectify_depth http://pc:56360/
[rosmaster.master][INFO] 2012-12-14 20:58:11,616: -PUB [/rosout] /camera/register_depth_rgb http://pc:38787/
[rosmaster.master][INFO] 2012-12-14 20:58:11,618: -PUB [/rosout] /camera/depth/points http://pc:49123/
[rosmaster.master][INFO] 2012-12-14 20:58:11,621: -SERVICE [/camera/register_depth_rgb/get_loggers] /camera/register_depth_rgb rosrpc://pc:43105
[rosmaster.master][INFO] 2012-12-14 20:58:11,624: -SERVICE [/camera/depth/metric_rect/get_loggers] /camera/depth/metric_rect rosrpc://pc:55274
[rosmaster.master][INFO] 2012-12-14 20:58:11,626: -SERVICE [/camera/depth_registered/rectify_depth/get_loggers] /camera/depth_registered/rectify_depth rosrpc://pc:60600
[rosmaster.master][INFO] 2012-12-14 20:58:11,629: -SERVICE [/camera/depth/points/get_loggers] /camera/depth/points rosrpc://pc:46806
[rosmaster.master][INFO] 2012-12-14 20:58:11,630: -SERVICE [/camera/register_depth_rgb/set_logger_level] /camera/register_depth_rgb rosrpc://pc:43105
[rosmaster.master][INFO] 2012-12-14 20:58:11,631: -SERVICE [/camera/depth/metric_rect/set_logger_level] /camera/depth/metric_rect rosrpc://pc:55274
[rosmaster.master][INFO] 2012-12-14 20:58:11,633: -SERVICE [/camera/depth_registered/rectify_depth/set_logger_level] /camera/depth_registered/rectify_depth rosrpc://pc:60600
[rosmaster.master][INFO] 2012-12-14 20:58:11,635: -SERVICE [/camera/depth/points/set_logger_level] /camera/depth/points rosrpc://pc:46806
[rosmaster.master][INFO] 2012-12-14 20:58:11,639: publisherUpdate[/rosout] -> http://pc:55313/
[rosmaster.master][INFO] 2012-12-14 20:58:11,640: publisherUpdate[/rosout] -> http://pc:55313/
[rosmaster.master][INFO] 2012-12-14 20:58:11,641: publisherUpdate[/rosout] -> http://pc:55313/
[rosmaster.master][INFO] 2012-12-14 20:58:11,642: publisherUpdate[/rosout] -> http://pc:55313/
[rosmaster.master][INFO] 2012-12-14 20:58:11,672: -PUB [/camera/rgb/rectify_mono/parameter_descriptions] /camera_nodelet_manager http://pc:56568/
[rosmaster.master][INFO] 2012-12-14 20:58:11,675: -PUB [/camera/rgb/rectify_mono/parameter_updates] /camera_nodelet_manager http://pc:56568/
[rosmaster.master][INFO] 2012-12-14 20:58:11,677: -SERVICE [/camera/rgb/rectify_mono/set_parameters] /camera_nodelet_manager rosrpc://pc:50413
[rosmaster.master][INFO] 2012-12-14 20:58:11,680: -PUB [/camera/rgb/rectify_color/parameter_descriptions] /camera_nodelet_manager http://pc:56568/
[rosmaster.master][INFO] 2012-12-14 20:58:11,683: -PUB [/camera/rgb/rectify_color/parameter_updates] /camera_nodelet_manager http://pc:56568/
[rosmaster.master][INFO] 2012-12-14 20:58:11,685: -SERVICE [/camera/rgb/rectify_color/set_parameters] /camera_nodelet_manager rosrpc://pc:50413
[rosmaster.master][INFO] 2012-12-14 20:58:11,688: -PUB [/camera/rgb/debayer/parameter_descriptions] /camera_nodelet_manager http://pc:56568/
[rosmaster.master][INFO] 2012-12-14 20:58:11,691: -PUB [/camera/rgb/debayer/parameter_updates] /camera_nodelet_manager http://pc:56568/
[rosmaster.master][INFO] 2012-12-14 20:58:11,693: -SERVICE [/camera/rgb/debayer/set_parameters] /camera_nodelet_manager rosrpc://pc:50413
[rosmaster.master][INFO] 2012-12-14 20:58:11,711: -PUB [/rosout] /camera/ir/rectify_ir http://pc:52263/
[rosmaster.master][INFO] 2012-12-14 20:58:11,714: -PUB [/rosout] /camera/depth/rectify_depth http://pc:58653/
[rosmaster.master][INFO] 2012-12-14 20:58:11,718: -SERVICE [/camera/ir/rectify_ir/get_loggers] /camera/ir/rectify_ir rosrpc://pc:41866
[rosmaster.master][INFO] 2012-12-14 20:58:11,721: -PUB [/rosout] /camera/depth/metric http://pc:48190/
[rosmaster.master][INFO] 2012-12-14 20:58:11,725: -SERVICE [/camera/ir/rectify_ir/set_logger_level] /camera/ir/rectify_ir rosrpc://pc:41866
[rosmaster.master][INFO] 2012-12-14 20:58:11,728: -SERVICE [/camera/depth/rectify_depth/get_loggers] /camera/depth/rectify_depth rosrpc://pc:54410
[rosmaster.master][INFO] 2012-12-14 20:58:11,730: -SERVICE [/camera/depth/metric/get_loggers] /camera/depth/metric rosrpc://pc:34388
[rosmaster.master][INFO] 2012-12-14 20:58:11,733: -SERVICE [/camera/depth/rectify_depth/set_logger_level] /camera/depth/rectify_depth rosrpc://pc:54410
[rosmaster.master][INFO] 2012-12-14 20:58:11,735: -SERVICE [/camera/depth/metric/set_logger_level] /camera/depth/metric rosrpc://pc:34388
[rosmaster.master][INFO] 2012-12-14 20:58:11,743: publisherUpdate[/rosout] -> http://pc:55313/
[rosmaster.master][INFO] 2012-12-14 20:58:11,745: publisherUpdate[/rosout] -> http://pc:55313/
[rosmaster.master][INFO] 2012-12-14 20:58:11,746: publisherUpdate[/rosout] -> http://pc:55313/
[rosmaster.master][INFO] 2012-12-14 20:58:11,805: -PUB [/rosout] /camera/rgb/rectify_color http://pc:59443/
[rosmaster.master][INFO] 2012-12-14 20:58:11,806: -PUB [/rosout] /camera/rgb/debayer http://pc:48406/
[rosmaster.master][INFO] 2012-12-14 20:58:11,807: -SERVICE [/camera/rgb/rectify_color/get_loggers] /camera/rgb/rectify_color rosrpc://pc:60101
[rosmaster.master][INFO] 2012-12-14 20:58:11,808: -SERVICE [/camera/rgb/debayer/get_loggers] /camera/rgb/debayer rosrpc://pc:43628
[rosmaster.master][INFO] 2012-12-14 20:58:11,809: -SERVICE [/camera/rgb/rectify_color/set_logger_level] /camera/rgb/rectify_color rosrpc://pc:60101
[rosmaster.master][INFO] 2012-12-14 20:58:11,810: -SERVICE [/camera/rgb/debayer/set_logger_level] /camera/rgb/debayer rosrpc://pc:43628
[rosmaster.master][INFO] 2012-12-14 20:58:11,811: -PUB [/rosout] /camera/rgb/rectify_mono http://pc:58078/
[rosmaster.master][INFO] 2012-12-14 20:58:11,811: -SERVICE [/camera/rgb/rectify_mono/get_loggers] /camera/rgb/rectify_mono rosrpc://pc:40597
[rosmaster.master][INFO] 2012-12-14 20:58:11,812: -SERVICE [/camera/rgb/rectify_mono/set_logger_level] /camera/rgb/rectify_mono rosrpc://pc:40597
[rosmaster.master][INFO] 2012-12-14 20:58:11,845: -PUB [/rosout] /camera_nodelet_manager http://pc:56568/
[rosmaster.master][INFO] 2012-12-14 20:58:11,846: publisherUpdate[/rosout] -> http://pc:55313/
[rosmaster.master][INFO] 2012-12-14 20:58:11,847: publisherUpdate[/rosout] -> http://pc:55313/
[rosmaster.master][INFO] 2012-12-14 20:58:11,848: publisherUpdate[/rosout] -> http://pc:55313/
[rosmaster.master][INFO] 2012-12-14 20:58:11,849: publisherUpdate[/rosout] -> http://pc:55313/
[rosmaster.master][INFO] 2012-12-14 20:58:11,850: -PUB [/camera/depth/image_rect/compressed] /camera_nodelet_manager http://pc:56568/
[rosmaster.master][INFO] 2012-12-14 20:58:11,851: -PUB [/camera/depth/image_rect/compressed/parameter_descriptions] /camera_nodelet_manager http://pc:56568/
[rosmaster.master][INFO] 2012-12-14 20:58:11,852: -PUB [/camera/depth/image_rect/compressed/parameter_updates] /camera_nodelet_manager http://pc:56568/
[rosmaster.master][INFO] 2012-12-14 20:58:11,853: -PUB [/camera/depth/image_rect] /camera_nodelet_manager http://pc:56568/
[rosmaster.master][INFO] 2012-12-14 20:58:11,854: -PUB [/camera/depth/image_rect/theora] /camera_nodelet_manager http://pc:56568/
[rosmaster.master][INFO] 2012-12-14 20:58:11,855: -PUB [/camera/depth/image_rect/theora/parameter_descriptions] /camera_nodelet_manager http://pc:56568/
[rosmaster.master][INFO] 2012-12-14 20:58:11,856: -PUB [/camera/depth/image_rect/theora/parameter_updates] /camera_nodelet_manager http://pc:56568/
[rosmaster.master][INFO] 2012-12-14 20:58:11,857: -PUB [/camera/rgb/image_mono/compressed] /camera_nodelet_manager http://pc:56568/
[rosmaster.master][INFO] 2012-12-14 20:58:11,858: -PUB [/camera/rgb/image_mono/compressed/parameter_descriptions] /camera_nodelet_manager http://pc:56568/
[rosmaster.master][INFO] 2012-12-14 20:58:11,859: -PUB [/camera/rgb/image_mono/compressed/parameter_updates] /camera_nodelet_manager http://pc:56568/
[rosmaster.master][INFO] 2012-12-14 20:58:11,860: -PUB [/camera/rgb/image_mono] /camera_nodelet_manager http://pc:56568/
[rosmaster.master][INFO] 2012-12-14 20:58:11,861: -PUB [/camera/rgb/image_mono/theora] /camera_nodelet_manager http://pc:56568/
[rosmaster.master][INFO] 2012-12-14 20:58:11,862: -PUB [/camera/rgb/image_mono/theora/parameter_descriptions] /camera_nodelet_manager http://pc:56568/
[rosmaster.master][INFO] 2012-12-14 20:58:11,863: -PUB [/camera/rgb/image_mono/theora/parameter_updates] /camera_nodelet_manager http://pc:56568/
[rosmaster.master][INFO] 2012-12-14 20:58:11,864: -PUB [/camera/rgb/image_color/compressed] /camera_nodelet_manager http://pc:56568/
[rosmaster.master][INFO] 2012-12-14 20:58:11,865: -PUB [/camera/rgb/image_color/compressed/parameter_descriptions] /camera_nodelet_manager http://pc:56568/
[rosmaster.master][INFO] 2012-12-14 20:58:11,866: -PUB [/camera/rgb/image_color/compressed/parameter_updates] /camera_nodelet_manager http://pc:56568/
[rosmaster.master][INFO] 2012-12-14 20:58:11,867: -PUB [/camera/rgb/image_color] /camera_nodelet_manager http://pc:56568/
[rosmaster.master][INFO] 2012-12-14 20:58:11,868: -PUB [/camera/rgb/image_color/theora] /camera_nodelet_manager http://pc:56568/
[rosmaster.master][INFO] 2012-12-14 20:58:11,869: -PUB [/camera/rgb/image_color/theora/parameter_descriptions] /camera_nodelet_manager http://pc:56568/
[rosmaster.master][INFO] 2012-12-14 20:58:11,869: -PUB [/camera/rgb/image_color/theora/parameter_updates] /camera_nodelet_manager http://pc:56568/
[rosmaster.master][INFO] 2012-12-14 20:58:11,870: -PUB [/camera/rgb/image_rect/compressed] /camera_nodelet_manager http://pc:56568/
[rosmaster.master][INFO] 2012-12-14 20:58:11,871: -PUB [/camera/rgb/image_rect/compressed/parameter_descriptions] /camera_nodelet_manager http://pc:56568/
[rosmaster.master][INFO] 2012-12-14 20:58:11,872: -PUB [/camera/rgb/image_rect/compressed/parameter_updates] /camera_nodelet_manager http://pc:56568/
[rosmaster.master][INFO] 2012-12-14 20:58:11,873: -PUB [/camera/rgb/image_rect] /camera_nodelet_manager http://pc:56568/
[rosmaster.master][INFO] 2012-12-14 20:58:11,874: -PUB [/camera/rgb/image_rect/theora] /camera_nodelet_manager http://pc:56568/
[rosmaster.master][INFO] 2012-12-14 20:58:11,875: -PUB [/camera/rgb/image_rect/theora/parameter_descriptions] /camera_nodelet_manager http://pc:56568/
[rosmaster.master][INFO] 2012-12-14 20:58:11,875: -PUB [/camera/rgb/image_rect/theora/parameter_updates] /camera_nodelet_manager http://pc:56568/
[rosmaster.master][INFO] 2012-12-14 20:58:11,876: -PUB [/camera/depth/image/compressed] /camera_nodelet_manager http://pc:56568/
[rosmaster.master][INFO] 2012-12-14 20:58:11,877: -PUB [/camera/depth/image/compressed/parameter_descriptions] /camera_nodelet_manager http://pc:56568/
[rosmaster.master][INFO] 2012-12-14 20:58:11,878: -PUB [/camera/depth/image/compressed/parameter_updates] /camera_nodelet_manager http://pc:56568/
[rosmaster.master][INFO] 2012-12-14 20:58:11,879: -PUB [/camera/depth/image] /camera_nodelet_manager http://pc:56568/
[rosmaster.master][INFO] 2012-12-14 20:58:11,881: -PUB [/camera/depth/image/theora] /camera_nodelet_manager http://pc:56568/
[rosmaster.master][INFO] 2012-12-14 20:58:11,882: -PUB [/camera/depth/image/theora/parameter_descriptions] /camera_nodelet_manager http://pc:56568/
[rosmaster.master][INFO] 2012-12-14 20:58:11,883: -PUB [/camera/depth/image/theora/parameter_updates] /camera_nodelet_manager http://pc:56568/
[rosmaster.master][INFO] 2012-12-14 20:58:11,883: -PUB [/camera/ir/image_rect/compressed] /camera_nodelet_manager http://pc:56568/
[rosmaster.master][INFO] 2012-12-14 20:58:11,884: -PUB [/camera/ir/image_rect/compressed/parameter_descriptions] /camera_nodelet_manager http://pc:56568/
[rosmaster.master][INFO] 2012-12-14 20:58:11,885: -PUB [/camera/ir/image_rect/compressed/parameter_updates] /camera_nodelet_manager http://pc:56568/
[rosmaster.master][INFO] 2012-12-14 20:58:11,886: -PUB [/camera/ir/image_rect] /camera_nodelet_manager http://pc:56568/
[rosmaster.master][INFO] 2012-12-14 20:58:11,887: -PUB [/camera/ir/image_rect/theora] /camera_nodelet_manager http://pc:56568/
[rosmaster.master][INFO] 2012-12-14 20:58:11,887: -PUB [/camera/ir/image_rect/theora/parameter_descriptions] /camera_nodelet_manager http://pc:56568/
[rosmaster.master][INFO] 2012-12-14 20:58:11,888: -PUB [/camera/ir/image_rect/theora/parameter_updates] /camera_nodelet_manager http://pc:56568/
[rosmaster.master][INFO] 2012-12-14 20:58:11,889: -PUB [/camera/depth_registered/image_rect_raw/compressed] /camera_nodelet_manager http://pc:56568/
[rosmaster.master][INFO] 2012-12-14 20:58:11,890: -PUB [/camera/depth_registered/image_rect_raw/compressed/parameter_descriptions] /camera_nodelet_manager http://pc:56568/
[rosmaster.master][INFO] 2012-12-14 20:58:11,891: -PUB [/camera/depth_registered/image_rect_raw/compressed/parameter_updates] /camera_nodelet_manager http://pc:56568/
[rosmaster.master][INFO] 2012-12-14 20:58:11,891: -PUB [/camera/depth_registered/image_rect_raw] /camera_nodelet_manager http://pc:56568/
[rosmaster.master][INFO] 2012-12-14 20:58:11,892: -PUB [/camera/depth_registered/image_rect_raw/theora] /camera_nodelet_manager http://pc:56568/
[rosmaster.master][INFO] 2012-12-14 20:58:11,893: -PUB [/camera/depth_registered/image_rect_raw/theora/parameter_descriptions] /camera_nodelet_manager http://pc:56568/
[rosmaster.master][INFO] 2012-12-14 20:58:11,894: -PUB [/camera/depth_registered/image_rect_raw/theora/parameter_updates] /camera_nodelet_manager http://pc:56568/
[rosmaster.master][INFO] 2012-12-14 20:58:11,895: -PUB [/camera/depth_registered/image/compressed] /camera_nodelet_manager http://pc:56568/
[rosmaster.master][INFO] 2012-12-14 20:58:11,896: -PUB [/camera/depth_registered/image/compressed/parameter_descriptions] /camera_nodelet_manager http://pc:56568/
[rosmaster.master][INFO] 2012-12-14 20:58:11,897: -PUB [/camera/depth_registered/image/compressed/parameter_updates] /camera_nodelet_manager http://pc:56568/
[rosmaster.master][INFO] 2012-12-14 20:58:11,898: -PUB [/camera/depth_registered/image] /camera_nodelet_manager http://pc:56568/
[rosmaster.master][INFO] 2012-12-14 20:58:11,899: -PUB [/camera/depth_registered/image/theora] /camera_nodelet_manager http://pc:56568/
[rosmaster.master][INFO] 2012-12-14 20:58:11,900: -PUB [/camera/depth_registered/image/theora/parameter_descriptions] /camera_nodelet_manager http://pc:56568/
[rosmaster.master][INFO] 2012-12-14 20:58:11,901: -PUB [/camera/depth_registered/image/theora/parameter_updates] /camera_nodelet_manager http://pc:56568/
[rosmaster.master][INFO] 2012-12-14 20:58:11,901: -PUB [/camera/rgb/image_rect_color/compressed] /camera_nodelet_manager http://pc:56568/
[rosmaster.master][INFO] 2012-12-14 20:58:11,902: -PUB [/camera/rgb/image_rect_color/compressed/parameter_descriptions] /camera_nodelet_manager http://pc:56568/
[rosmaster.master][INFO] 2012-12-14 20:58:11,903: -PUB [/camera/rgb/image_rect_color/compressed/parameter_updates] /camera_nodelet_manager http://pc:56568/
[rosmaster.master][INFO] 2012-12-14 20:58:11,904: -PUB [/camera/rgb/image_rect_color] /camera_nodelet_manager http://pc:56568/
[rosmaster.master][INFO] 2012-12-14 20:58:11,904: -PUB [/camera/rgb/image_rect_color/theora] /camera_nodelet_manager http://pc:56568/
[rosmaster.master][INFO] 2012-12-14 20:58:11,905: -PUB [/camera/rgb/image_rect_color/theora/parameter_descriptions] /camera_nodelet_manager http://pc:56568/
[rosmaster.master][INFO] 2012-12-14 20:58:11,907: -PUB [/camera/rgb/image_rect_color/theora/parameter_updates] /camera_nodelet_manager http://pc:56568/
[rosmaster.master][INFO] 2012-12-14 20:58:11,907: -PUB [/camera/depth/image_rect_raw/compressed] /camera_nodelet_manager http://pc:56568/
[rosmaster.master][INFO] 2012-12-14 20:58:11,908: -PUB [/camera/depth/image_rect_raw/compressed/parameter_descriptions] /camera_nodelet_manager http://pc:56568/
[rosmaster.master][INFO] 2012-12-14 20:58:11,909: -PUB [/camera/depth/image_rect_raw/compressed/parameter_updates] /camera_nodelet_manager http://pc:56568/
[rosmaster.master][INFO] 2012-12-14 20:58:11,910: -PUB [/camera/depth/image_rect_raw] /camera_nodelet_manager http://pc:56568/
[rosmaster.master][INFO] 2012-12-14 20:58:11,911: -PUB [/camera/depth/image_rect_raw/theora] /camera_nodelet_manager http://pc:56568/
[rosmaster.master][INFO] 2012-12-14 20:58:11,913: -PUB [/camera/depth/image_rect_raw/theora/parameter_descriptions] /camera_nodelet_manager http://pc:56568/
[rosmaster.master][INFO] 2012-12-14 20:58:11,914: -PUB [/camera/depth/image_rect_raw/theora/parameter_updates] /camera_nodelet_manager http://pc:56568/
[rosmaster.master][INFO] 2012-12-14 20:58:11,916: -PUB [/camera/depth_registered/image_rect/compressed] /camera_nodelet_manager http://pc:56568/
[rosmaster.master][INFO] 2012-12-14 20:58:11,917: -PUB [/camera/depth_registered/image_rect/compressed/parameter_descriptions] /camera_nodelet_manager http://pc:56568/
[rosmaster.master][INFO] 2012-12-14 20:58:11,919: -PUB [/camera/depth_registered/image_rect/compressed/parameter_updates] /camera_nodelet_manager http://pc:56568/
[rosmaster.master][INFO] 2012-12-14 20:58:11,919: -PUB [/camera/depth_registered/image_rect] /camera_nodelet_manager http://pc:56568/
[rosmaster.master][INFO] 2012-12-14 20:58:11,920: -PUB [/camera/depth_registered/image_rect/theora] /camera_nodelet_manager http://pc:56568/
[rosmaster.master][INFO] 2012-12-14 20:58:11,922: -PUB [/camera/depth_registered/image_rect/theora/parameter_descriptions] /camera_nodelet_manager http://pc:56568/
[rosmaster.master][INFO] 2012-12-14 20:58:11,922: -PUB [/camera/depth_registered/image_rect/theora/parameter_updates] /camera_nodelet_manager http://pc:56568/
[rosmaster.master][INFO] 2012-12-14 20:58:11,923: -PUB [/camera/depth_registered/camera_info] /camera_nodelet_manager http://pc:56568/
[rosmaster.master][INFO] 2012-12-14 20:58:11,924: -PUB [/camera/driver/parameter_descriptions] /camera_nodelet_manager http://pc:56568/
[rosmaster.master][INFO] 2012-12-14 20:58:11,925: -PUB [/camera/driver/parameter_updates] /camera_nodelet_manager http://pc:56568/
[rosmaster.master][INFO] 2012-12-14 20:58:11,927: -PUB [/camera/rgb/image_raw/compressed] /camera_nodelet_manager http://pc:56568/
[rosmaster.master][INFO] 2012-12-14 20:58:11,928: -PUB [/camera/rgb/image_raw/compressed/parameter_descriptions] /camera_nodelet_manager http://pc:56568/
[rosmaster.master][INFO] 2012-12-14 20:58:11,929: -PUB [/camera/rgb/image_raw/compressed/parameter_updates] /camera_nodelet_manager http://pc:56568/
[rosmaster.master][INFO] 2012-12-14 20:58:11,930: -PUB [/camera/rgb/image_raw] /camera_nodelet_manager http://pc:56568/
[rosmaster.master][INFO] 2012-12-14 20:58:11,931: -PUB [/camera/rgb/image_raw/theora] /camera_nodelet_manager http://pc:56568/
[rosmaster.master][INFO] 2012-12-14 20:58:11,932: -PUB [/camera/rgb/image_raw/theora/parameter_descriptions] /camera_nodelet_manager http://pc:56568/
[rosmaster.master][INFO] 2012-12-14 20:58:11,932: -PUB [/camera/rgb/image_raw/theora/parameter_updates] /camera_nodelet_manager http://pc:56568/
[rosmaster.master][INFO] 2012-12-14 20:58:11,933: -PUB [/camera/rgb/camera_info] /camera_nodelet_manager http://pc:56568/
[rosmaster.master][INFO] 2012-12-14 20:58:11,934: -PUB [/camera/ir/image_raw/compressed] /camera_nodelet_manager http://pc:56568/
[rosmaster.master][INFO] 2012-12-14 20:58:11,935: -PUB [/camera/ir/image_raw/compressed/parameter_descriptions] /camera_nodelet_manager http://pc:56568/
[rosmaster.master][INFO] 2012-12-14 20:58:11,936: -PUB [/camera/ir/image_raw/compressed/parameter_updates] /camera_nodelet_manager http://pc:56568/
[rosmaster.master][INFO] 2012-12-14 20:58:11,936: -PUB [/camera/ir/image_raw] /camera_nodelet_manager http://pc:56568/
[rosmaster.master][INFO] 2012-12-14 20:58:11,937: -PUB [/camera/ir/image_raw/theora] /camera_nodelet_manager http://pc:56568/
[rosmaster.master][INFO] 2012-12-14 20:58:11,938: -PUB [/camera/ir/image_raw/theora/parameter_descriptions] /camera_nodelet_manager http://pc:56568/
[rosmaster.master][INFO] 2012-12-14 20:58:11,939: -PUB [/camera/ir/image_raw/theora/parameter_updates] /camera_nodelet_manager http://pc:56568/
[rosmaster.master][INFO] 2012-12-14 20:58:11,940: -PUB [/camera/ir/camera_info] /camera_nodelet_manager http://pc:56568/
[rosmaster.master][INFO] 2012-12-14 20:58:11,940: -PUB [/camera/depth/image_raw/compressed] /camera_nodelet_manager http://pc:56568/
[rosmaster.master][INFO] 2012-12-14 20:58:11,941: -PUB [/camera/depth/image_raw/compressed/parameter_descriptions] /camera_nodelet_manager http://pc:56568/
[rosmaster.master][INFO] 2012-12-14 20:58:11,942: -PUB [/camera/depth/image_raw/compressed/parameter_updates] /camera_nodelet_manager http://pc:56568/
[rosmaster.master][INFO] 2012-12-14 20:58:11,943: -PUB [/camera/depth/image_raw] /camera_nodelet_manager http://pc:56568/
[rosmaster.master][INFO] 2012-12-14 20:58:11,944: -PUB [/camera/depth/image_raw/theora] /camera_nodelet_manager http://pc:56568/
[rosmaster.master][INFO] 2012-12-14 20:58:11,945: -PUB [/camera/depth/image_raw/theora/parameter_descriptions] /camera_nodelet_manager http://pc:56568/
[rosmaster.master][INFO] 2012-12-14 20:58:11,946: -PUB [/camera/depth/image_raw/theora/parameter_updates] /camera_nodelet_manager http://pc:56568/
[rosmaster.master][INFO] 2012-12-14 20:58:11,947: -PUB [/camera/depth/camera_info] /camera_nodelet_manager http://pc:56568/
[rosmaster.master][INFO] 2012-12-14 20:58:11,948: -PUB [/camera/projector/camera_info] /camera_nodelet_manager http://pc:56568/
[rosmaster.master][INFO] 2012-12-14 20:58:11,949: -PUB [/camera/depth_registered/image_raw/compressed] /camera_nodelet_manager http://pc:56568/
[rosmaster.master][INFO] 2012-12-14 20:58:11,950: -PUB [/camera/depth_registered/image_raw/compressed/parameter_descriptions] /camera_nodelet_manager http://pc:56568/
[rosmaster.master][INFO] 2012-12-14 20:58:11,951: -PUB [/camera/depth_registered/image_raw/compressed/parameter_updates] /camera_nodelet_manager http://pc:56568/
[rosmaster.master][INFO] 2012-12-14 20:58:11,951: -PUB [/camera/depth_registered/image_raw] /camera_nodelet_manager http://pc:56568/
[rosmaster.master][INFO] 2012-12-14 20:58:11,952: -PUB [/camera/depth_registered/image_raw/theora] /camera_nodelet_manager http://pc:56568/
[rosmaster.master][INFO] 2012-12-14 20:58:11,953: -PUB [/camera/depth_registered/image_raw/theora/parameter_descriptions] /camera_nodelet_manager http://pc:56568/
[rosmaster.master][INFO] 2012-12-14 20:58:11,954: -PUB [/camera/depth_registered/image_raw/theora/parameter_updates] /camera_nodelet_manager http://pc:56568/
[rosmaster.master][INFO] 2012-12-14 20:58:11,955: -SERVICE [/camera_nodelet_manager/get_loggers] /camera_nodelet_manager rosrpc://pc:50413
[rosmaster.master][INFO] 2012-12-14 20:58:11,957: -SERVICE [/camera_nodelet_manager/set_logger_level] /camera_nodelet_manager rosrpc://pc:50413
[rosmaster.master][INFO] 2012-12-14 20:58:11,958: -SERVICE [/camera_nodelet_manager/load_nodelet] /camera_nodelet_manager rosrpc://pc:50413
[rosmaster.master][INFO] 2012-12-14 20:58:11,959: -SERVICE [/camera_nodelet_manager/unload_nodelet] /camera_nodelet_manager rosrpc://pc:50413
[rosmaster.master][INFO] 2012-12-14 20:58:11,961: -SERVICE [/camera_nodelet_manager/list] /camera_nodelet_manager rosrpc://pc:50413
[rosmaster.master][INFO] 2012-12-14 20:58:11,962: -SERVICE [/camera/depth/image_rect/compressed/set_parameters] /camera_nodelet_manager rosrpc://pc:50413
[rosmaster.master][INFO] 2012-12-14 20:58:11,963: -SERVICE [/camera/depth/image_rect/theora/set_parameters] /camera_nodelet_manager rosrpc://pc:50413
[rosmaster.master][INFO] 2012-12-14 20:58:11,964: -SERVICE [/camera/rgb/image_mono/compressed/set_parameters] /camera_nodelet_manager rosrpc://pc:50413
[rosmaster.master][INFO] 2012-12-14 20:58:11,965: -SERVICE [/camera/rgb/image_mono/theora/set_parameters] /camera_nodelet_manager rosrpc://pc:50413
[rosmaster.master][INFO] 2012-12-14 20:58:11,967: -SERVICE [/camera/rgb/image_color/compressed/set_parameters] /camera_nodelet_manager rosrpc://pc:50413
[rosmaster.master][INFO] 2012-12-14 20:58:11,968: -SERVICE [/camera/rgb/image_color/theora/set_parameters] /camera_nodelet_manager rosrpc://pc:50413
[rosmaster.master][INFO] 2012-12-14 20:58:11,968: -SERVICE [/camera/rgb/image_rect/compressed/set_parameters] /camera_nodelet_manager rosrpc://pc:50413
[rosmaster.master][INFO] 2012-12-14 20:58:11,969: -SERVICE [/camera/rgb/image_rect/theora/set_parameters] /camera_nodelet_manager rosrpc://pc:50413
[rosmaster.master][INFO] 2012-12-14 20:58:11,970: -SERVICE [/camera/depth/image/compressed/set_parameters] /camera_nodelet_manager rosrpc://pc:50413
[rosmaster.master][INFO] 2012-12-14 20:58:11,971: -SERVICE [/camera/depth/image/theora/set_parameters] /camera_nodelet_manager rosrpc://pc:50413
[rosmaster.master][INFO] 2012-12-14 20:58:11,972: -SERVICE [/camera/ir/image_rect/compressed/set_parameters] /camera_nodelet_manager rosrpc://pc:50413
[rosmaster.master][INFO] 2012-12-14 20:58:11,972: -SERVICE [/camera/ir/image_rect/theora/set_parameters] /camera_nodelet_manager rosrpc://pc:50413
[rosmaster.master][INFO] 2012-12-14 20:58:11,973: -SERVICE [/camera/depth_registered/image_rect_raw/compressed/set_parameters] /camera_nodelet_manager rosrpc://pc:50413
[rosmaster.master][INFO] 2012-12-14 20:58:11,974: -SERVICE [/camera/depth_registered/image_rect_raw/theora/set_parameters] /camera_nodelet_manager rosrpc://pc:50413
[rosmaster.master][INFO] 2012-12-14 20:58:11,976: -SERVICE [/camera/depth_registered/image/compressed/set_parameters] /camera_nodelet_manager rosrpc://pc:50413
[rosmaster.master][INFO] 2012-12-14 20:58:11,977: -SERVICE [/camera/depth_registered/image/theora/set_parameters] /camera_nodelet_manager rosrpc://pc:50413
[rosmaster.master][INFO] 2012-12-14 20:58:11,978: -SERVICE [/camera/rgb/image_rect_color/compressed/set_parameters] /camera_nodelet_manager rosrpc://pc:50413
[rosmaster.master][INFO] 2012-12-14 20:58:11,979: -SERVICE [/camera/rgb/image_rect_color/theora/set_parameters] /camera_nodelet_manager rosrpc://pc:50413
[rosmaster.master][INFO] 2012-12-14 20:58:11,980: -SERVICE [/camera/depth/image_rect_raw/compressed/set_parameters] /camera_nodelet_manager rosrpc://pc:50413
[rosmaster.master][INFO] 2012-12-14 20:58:11,980: -SERVICE [/camera/depth/image_rect_raw/theora/set_parameters] /camera_nodelet_manager rosrpc://pc:50413
[rosmaster.master][INFO] 2012-12-14 20:58:11,981: -SERVICE [/camera/depth_registered/image_rect/compressed/set_parameters] /camera_nodelet_manager rosrpc://pc:50413
[rosmaster.master][INFO] 2012-12-14 20:58:11,982: -SERVICE [/camera/depth_registered/image_rect/theora/set_parameters] /camera_nodelet_manager rosrpc://pc:50413
[rosmaster.master][INFO] 2012-12-14 20:58:11,983: -SERVICE [/camera/driver/set_parameters] /camera_nodelet_manager rosrpc://pc:50413
[rosmaster.master][INFO] 2012-12-14 20:58:11,983: -SERVICE [/camera/rgb/set_camera_info] /camera_nodelet_manager rosrpc://pc:50413
[rosmaster.master][INFO] 2012-12-14 20:58:11,984: -SERVICE [/camera/ir/set_camera_info] /camera_nodelet_manager rosrpc://pc:50413
[rosmaster.master][INFO] 2012-12-14 20:58:11,985: -SERVICE [/camera/rgb/image_raw/compressed/set_parameters] /camera_nodelet_manager rosrpc://pc:50413
[rosmaster.master][INFO] 2012-12-14 20:58:11,986: -SERVICE [/camera/rgb/image_raw/theora/set_parameters] /camera_nodelet_manager rosrpc://pc:50413
[rosmaster.master][INFO] 2012-12-14 20:58:11,987: -SERVICE [/camera/ir/image_raw/compressed/set_parameters] /camera_nodelet_manager rosrpc://pc:50413
[rosmaster.master][INFO] 2012-12-14 20:58:11,987: -SERVICE [/camera/ir/image_raw/theora/set_parameters] /camera_nodelet_manager rosrpc://pc:50413
[rosmaster.master][INFO] 2012-12-14 20:58:11,988: -SERVICE [/camera/depth/image_raw/compressed/set_parameters] /camera_nodelet_manager rosrpc://pc:50413
[rosmaster.master][INFO] 2012-12-14 20:58:11,989: -SERVICE [/camera/depth/image_raw/theora/set_parameters] /camera_nodelet_manager rosrpc://pc:50413
[rosmaster.master][INFO] 2012-12-14 20:58:11,990: -SERVICE [/camera/depth_registered/image_raw/compressed/set_parameters] /camera_nodelet_manager rosrpc://pc:50413
[rosmaster.master][INFO] 2012-12-14 20:58:11,991: -SERVICE [/camera/depth_registered/image_raw/theora/set_parameters] /camera_nodelet_manager rosrpc://pc:50413
[rosmaster.master][INFO] 2012-12-14 20:58:12,108: -PUB [/rosout] /camera/driver http://pc:37411/
[rosmaster.master][INFO] 2012-12-14 20:58:12,110: -SERVICE [/camera/driver/get_loggers] /camera/driver rosrpc://pc:33702
[rosmaster.master][INFO] 2012-12-14 20:58:12,113: -SERVICE [/camera/driver/set_logger_level] /camera/driver rosrpc://pc:33702
[rosmaster.master][INFO] 2012-12-14 20:58:12,148: publisherUpdate[/rosout] -> http://pc:55313/
[rosmaster.master][INFO] 2012-12-14 20:58:12,451: -PUB [/rosout_agg] /rosout http://pc:55313/
[rosmaster.master][INFO] 2012-12-14 20:58:12,452: -SUB [/rosout] /rosout http://pc:55313/
[rosmaster.master][INFO] 2012-12-14 20:58:12,453: -SERVICE [/rosout/get_loggers] /rosout rosrpc://pc:41819
[rosmaster.master][INFO] 2012-12-14 20:58:12,454: -SERVICE [/rosout/set_logger_level] /rosout rosrpc://pc:41819
[rosmaster.main][INFO] 2012-12-14 20:58:12,463: keyboard interrupt, will exit
[rosmaster.main][INFO] 2012-12-14 20:58:12,463: stopping master...
