[rosmaster.main][INFO] 2012-12-15 18:09:23,127: initialization complete, waiting for shutdown
[rosmaster.main][INFO] 2012-12-15 18:09:23,127: Starting ROS Master Node
[xmlrpc][INFO] 2012-12-15 18:09:23,128: XML-RPC server binding to 0.0.0.0
[xmlrpc][INFO] 2012-12-15 18:09:23,129: Started XML-RPC server [http://pc:11311/]
[xmlrpc][INFO] 2012-12-15 18:09:23,129: xml rpc node: starting XML-RPC server
[rosmaster.master][INFO] 2012-12-15 18:09:23,130: Master initialized: port[11311], uri[http://pc:11311/]
[rosmaster.master][INFO] 2012-12-15 18:09:23,237: +PARAM [/run_id] by /roslaunch
[rosmaster.master][INFO] 2012-12-15 18:09:23,242: +PARAM [/roslaunch/uris/host_pc__45884] by /roslaunch
[rosmaster.master][INFO] 2012-12-15 18:09:23,271: +PARAM [/rosdistro] by /roslaunch
[rosmaster.master][INFO] 2012-12-15 18:09:23,272: +PARAM [/camera/driver/rgb_frame_id] by /roslaunch
[rosmaster.master][INFO] 2012-12-15 18:09:23,272: +PARAM [/camera/disparity_depth_registered/min_range] by /roslaunch
[rosmaster.master][INFO] 2012-12-15 18:09:23,273: +PARAM [/camera/driver/rgb_camera_info_url] by /roslaunch
[rosmaster.master][INFO] 2012-12-15 18:09:23,273: +PARAM [/camera/depth_registered/rectify_depth/interpolation] by /roslaunch
[rosmaster.master][INFO] 2012-12-15 18:09:23,273: +PARAM [/camera/driver/depth_frame_id] by /roslaunch
[rosmaster.master][INFO] 2012-12-15 18:09:23,273: +PARAM [/camera/depth/rectify_depth/interpolation] by /roslaunch
[rosmaster.master][INFO] 2012-12-15 18:09:23,273: +PARAM [/camera/disparity_depth/max_range] by /roslaunch
[rosmaster.master][INFO] 2012-12-15 18:09:23,273: +PARAM [/rosversion] by /roslaunch
[rosmaster.master][INFO] 2012-12-15 18:09:23,273: +PARAM [/camera/driver/device_id] by /roslaunch
[rosmaster.master][INFO] 2012-12-15 18:09:23,273: +PARAM [/camera/driver/depth_camera_info_url] by /roslaunch
[rosmaster.master][INFO] 2012-12-15 18:09:23,274: +PARAM [/camera/disparity_depth/min_range] by /roslaunch
[rosmaster.master][INFO] 2012-12-15 18:09:23,274: +PARAM [/camera/disparity_depth_registered/max_range] by /roslaunch
[rosmaster.master][INFO] 2012-12-15 18:09:23,276: +SERVICE [/rosout/get_loggers] /rosout http://pc:53406/
[rosmaster.master][INFO] 2012-12-15 18:09:23,278: +SERVICE [/rosout/set_logger_level] /rosout http://pc:53406/
[rosmaster.master][INFO] 2012-12-15 18:09:23,284: +PUB [/rosout_agg] /rosout http://pc:53406/
[rosmaster.master][INFO] 2012-12-15 18:09:23,287: +SUB [/rosout] /rosout http://pc:53406/
[rosmaster.master][INFO] 2012-12-15 18:09:23,325: +PUB [/rosout] /camera/driver http://pc:55231/
[rosmaster.master][INFO] 2012-12-15 18:09:23,328: publisherUpdate[/rosout] -> http://pc:53406/
[rosmaster.master][INFO] 2012-12-15 18:09:23,331: +SERVICE [/camera/driver/get_loggers] /camera/driver http://pc:55231/
[rosmaster.master][INFO] 2012-12-15 18:09:23,333: +SERVICE [/camera/driver/set_logger_level] /camera/driver http://pc:55231/
[rosmaster.master][INFO] 2012-12-15 18:09:23,339: +PARAM [/camera/driver] by /camera/driver
[rosmaster.master][INFO] 2012-12-15 18:09:23,341: +PUB [/rosout] /camera/rgb/debayer http://pc:48746/
[rosmaster.master][INFO] 2012-12-15 18:09:23,344: +SERVICE [/camera/rgb/debayer/get_loggers] /camera/rgb/debayer http://pc:48746/
[rosmaster.master][INFO] 2012-12-15 18:09:23,346: +SERVICE [/camera/rgb/debayer/set_logger_level] /camera/rgb/debayer http://pc:48746/
[rosmaster.master][INFO] 2012-12-15 18:09:23,357: +PUB [/rosout] /camera/rgb/rectify_mono http://pc:57050/
[rosmaster.master][INFO] 2012-12-15 18:09:23,360: +SERVICE [/camera/rgb/rectify_mono/get_loggers] /camera/rgb/rectify_mono http://pc:57050/
[rosmaster.master][INFO] 2012-12-15 18:09:23,367: +SERVICE [/camera/rgb/rectify_mono/set_logger_level] /camera/rgb/rectify_mono http://pc:57050/
[rosmaster.master][INFO] 2012-12-15 18:09:23,369: +PUB [/rosout] /camera/rgb/rectify_color http://pc:58897/
[rosmaster.master][INFO] 2012-12-15 18:09:23,379: +SERVICE [/camera/rgb/rectify_color/get_loggers] /camera/rgb/rectify_color http://pc:58897/
[rosmaster.master][INFO] 2012-12-15 18:09:23,395: +PUB [/rosout] /camera/ir/rectify_ir http://pc:55409/
[rosmaster.master][INFO] 2012-12-15 18:09:23,403: +SERVICE [/camera/rgb/rectify_color/set_logger_level] /camera/rgb/rectify_color http://pc:58897/
[rosmaster.master][INFO] 2012-12-15 18:09:23,407: +SERVICE [/camera/ir/rectify_ir/get_loggers] /camera/ir/rectify_ir http://pc:55409/
[rosmaster.master][INFO] 2012-12-15 18:09:23,410: +PUB [/rosout] /camera/depth/rectify_depth http://pc:56702/
[rosmaster.master][INFO] 2012-12-15 18:09:23,413: +PUB [/rosout] /camera/depth/metric_rect http://pc:56535/
[rosmaster.master][INFO] 2012-12-15 18:09:23,415: +SERVICE [/camera/ir/rectify_ir/set_logger_level] /camera/ir/rectify_ir http://pc:55409/
[rosmaster.master][INFO] 2012-12-15 18:09:23,420: +SERVICE [/camera/depth/rectify_depth/get_loggers] /camera/depth/rectify_depth http://pc:56702/
[rosmaster.master][INFO] 2012-12-15 18:09:23,427: +SERVICE [/camera/depth/metric_rect/get_loggers] /camera/depth/metric_rect http://pc:56535/
[rosmaster.master][INFO] 2012-12-15 18:09:23,428: publisherUpdate[/rosout] -> http://pc:53406/
[rosmaster.master][INFO] 2012-12-15 18:09:23,430: publisherUpdate[/rosout] -> http://pc:53406/
[rosmaster.master][INFO] 2012-12-15 18:09:23,431: publisherUpdate[/rosout] -> http://pc:53406/
[rosmaster.master][INFO] 2012-12-15 18:09:23,431: +SERVICE [/camera/depth/rectify_depth/set_logger_level] /camera/depth/rectify_depth http://pc:56702/
[rosmaster.master][INFO] 2012-12-15 18:09:23,432: publisherUpdate[/rosout] -> http://pc:53406/
[rosmaster.master][INFO] 2012-12-15 18:09:23,434: publisherUpdate[/rosout] -> http://pc:53406/
[rosmaster.master][INFO] 2012-12-15 18:09:23,435: publisherUpdate[/rosout] -> http://pc:53406/
[rosmaster.master][INFO] 2012-12-15 18:09:23,442: +SERVICE [/camera/depth/metric_rect/set_logger_level] /camera/depth/metric_rect http://pc:56535/
[rosmaster.master][INFO] 2012-12-15 18:09:23,454: +PUB [/rosout] /camera/depth/metric http://pc:33010/
[rosmaster.master][INFO] 2012-12-15 18:09:23,469: +PUB [/rosout] /camera/register_depth_rgb http://pc:42070/
[rosmaster.master][INFO] 2012-12-15 18:09:23,471: +SERVICE [/camera/depth/metric/get_loggers] /camera/depth/metric http://pc:33010/
[rosmaster.master][INFO] 2012-12-15 18:09:23,480: +PARAM [/camera/depth/rectify_depth] by /camera/depth/rectify_depth
[rosmaster.master][INFO] 2012-12-15 18:09:23,482: +PUB [/rosout] /camera/depth_registered/rectify_depth http://pc:60904/
[rosmaster.master][INFO] 2012-12-15 18:09:23,485: +SERVICE [/camera/depth/metric/set_logger_level] /camera/depth/metric http://pc:33010/
[rosmaster.master][INFO] 2012-12-15 18:09:23,489: +PUB [/rosout] /camera/depth_registered/metric_rect http://pc:37076/
[rosmaster.master][INFO] 2012-12-15 18:09:23,490: +SERVICE [/camera/depth_registered/rectify_depth/get_loggers] /camera/depth_registered/rectify_depth http://pc:60904/
[rosmaster.master][INFO] 2012-12-15 18:09:23,494: +SERVICE [/camera/depth_registered/metric_rect/get_loggers] /camera/depth_registered/metric_rect http://pc:37076/
[rosmaster.master][INFO] 2012-12-15 18:09:23,500: +SERVICE [/camera/depth_registered/rectify_depth/set_logger_level] /camera/depth_registered/rectify_depth http://pc:60904/
[rosmaster.master][INFO] 2012-12-15 18:09:23,504: +PUB [/rosout] /camera/points_xyzrgb_depth_rgb http://pc:55718/
[rosmaster.master][INFO] 2012-12-15 18:09:23,508: +SERVICE [/camera/depth_registered/metric_rect/set_logger_level] /camera/depth_registered/metric_rect http://pc:37076/
[rosmaster.master][INFO] 2012-12-15 18:09:23,516: +SERVICE [/camera/points_xyzrgb_depth_rgb/get_loggers] /camera/points_xyzrgb_depth_rgb http://pc:55718/
[rosmaster.master][INFO] 2012-12-15 18:09:23,532: publisherUpdate[/rosout] -> http://pc:53406/
[rosmaster.master][INFO] 2012-12-15 18:09:23,534: +SERVICE [/camera/points_xyzrgb_depth_rgb/set_logger_level] /camera/points_xyzrgb_depth_rgb http://pc:55718/
[rosmaster.master][INFO] 2012-12-15 18:09:23,535: publisherUpdate[/rosout] -> http://pc:53406/
[rosmaster.master][INFO] 2012-12-15 18:09:23,539: publisherUpdate[/rosout] -> http://pc:53406/
[rosmaster.master][INFO] 2012-12-15 18:09:23,542: publisherUpdate[/rosout] -> http://pc:53406/
[rosmaster.master][INFO] 2012-12-15 18:09:23,543: publisherUpdate[/rosout] -> http://pc:53406/
[rosmaster.master][INFO] 2012-12-15 18:09:23,545: +PUB [/rosout] /camera/disparity_depth http://pc:47679/
[rosmaster.master][INFO] 2012-12-15 18:09:23,553: +PUB [/rosout] /camera/disparity_depth_registered http://pc:40447/
[rosmaster.master][INFO] 2012-12-15 18:09:23,561: +PUB [/rosout] /camera_base_link http://pc:56664/
[rosmaster.master][INFO] 2012-12-15 18:09:23,568: +SERVICE [/camera/disparity_depth_registered/get_loggers] /camera/disparity_depth_registered http://pc:40447/
[rosmaster.master][INFO] 2012-12-15 18:09:23,570: +PUB [/rosout] /camera_base_link1 http://pc:46170/
[rosmaster.master][INFO] 2012-12-15 18:09:23,572: +SERVICE [/camera_base_link/get_loggers] /camera_base_link http://pc:56664/
[rosmaster.master][INFO] 2012-12-15 18:09:23,576: +SERVICE [/camera/disparity_depth_registered/set_logger_level] /camera/disparity_depth_registered http://pc:40447/
[rosmaster.master][INFO] 2012-12-15 18:09:23,585: +SERVICE [/camera_base_link1/get_loggers] /camera_base_link1 http://pc:46170/
[rosmaster.master][INFO] 2012-12-15 18:09:23,594: +SERVICE [/camera_base_link/set_logger_level] /camera_base_link http://pc:56664/
[rosmaster.master][INFO] 2012-12-15 18:09:23,604: +SERVICE [/camera_base_link1/set_logger_level] /camera_base_link1 http://pc:46170/
[rosmaster.master][INFO] 2012-12-15 18:09:23,609: +PARAM [/camera/disparity_depth_registered] by /camera/disparity_depth_registered
[rosmaster.master][INFO] 2012-12-15 18:09:23,610: +PUB [/tf] /camera_base_link1 http://pc:46170/
[rosmaster.master][INFO] 2012-12-15 18:09:23,637: publisherUpdate[/rosout] -> http://pc:53406/
[rosmaster.master][INFO] 2012-12-15 18:09:23,639: publisherUpdate[/rosout] -> http://pc:53406/
[rosmaster.master][INFO] 2012-12-15 18:09:23,642: publisherUpdate[/rosout] -> http://pc:53406/
[rosmaster.master][INFO] 2012-12-15 18:09:23,646: publisherUpdate[/rosout] -> http://pc:53406/
[rosmaster.master][INFO] 2012-12-15 18:09:23,660: +PUB [/rosout] /camera/depth/points http://pc:53811/
[rosmaster.master][INFO] 2012-12-15 18:09:23,663: +SERVICE [/camera/depth/points/get_loggers] /camera/depth/points http://pc:53811/
[rosmaster.master][INFO] 2012-12-15 18:09:23,665: +SERVICE [/camera/depth/points/set_logger_level] /camera/depth/points http://pc:53811/
[rosmaster.master][INFO] 2012-12-15 18:09:23,703: +PUB [/rosout] /camera_nodelet_manager http://pc:57141/
[rosmaster.master][INFO] 2012-12-15 18:09:23,707: +SERVICE [/camera_nodelet_manager/get_loggers] /camera_nodelet_manager http://pc:57141/
[rosmaster.master][INFO] 2012-12-15 18:09:23,708: +SERVICE [/camera_nodelet_manager/set_logger_level] /camera_nodelet_manager http://pc:57141/
[rosmaster.master][INFO] 2012-12-15 18:09:23,711: +SERVICE [/camera_nodelet_manager/load_nodelet] /camera_nodelet_manager http://pc:57141/
[rosmaster.master][INFO] 2012-12-15 18:09:23,712: +SERVICE [/camera_nodelet_manager/unload_nodelet] /camera_nodelet_manager http://pc:57141/
[rosmaster.master][INFO] 2012-12-15 18:09:23,720: +SERVICE [/camera_nodelet_manager/list] /camera_nodelet_manager http://pc:57141/
[rosmaster.master][INFO] 2012-12-15 18:09:23,742: publisherUpdate[/rosout] -> http://pc:53406/
[rosmaster.master][INFO] 2012-12-15 18:09:23,744: publisherUpdate[/rosout] -> http://pc:53406/
[rosmaster.master][INFO] 2012-12-15 18:09:23,980: +PUB [/rosout] /set_dr http://pc:48079/
[rosmaster.master][INFO] 2012-12-15 18:09:24,046: publisherUpdate[/rosout] -> http://pc:53406/
[rosmaster.master][INFO] 2012-12-15 18:09:24,052: +SERVICE [/camera/rgb/debayer/set_parameters] /camera_nodelet_manager http://pc:57141/
[rosmaster.master][INFO] 2012-12-15 18:09:24,053: +PUB [/camera/rgb/debayer/parameter_descriptions] /camera_nodelet_manager http://pc:57141/
[rosmaster.master][INFO] 2012-12-15 18:09:24,055: +PUB [/camera/rgb/debayer/parameter_updates] /camera_nodelet_manager http://pc:57141/
[rosmaster.master][INFO] 2012-12-15 18:09:24,056: +PARAM [/camera/rgb/debayer/debayer] by /camera_nodelet_manager
[rosmaster.master][INFO] 2012-12-15 18:09:24,060: +PUB [/camera/rgb/image_mono/compressed] /camera_nodelet_manager http://pc:57141/
[rosmaster.master][INFO] 2012-12-15 18:09:24,061: +SERVICE [/camera/rgb/image_mono/compressed/set_parameters] /camera_nodelet_manager http://pc:57141/
[rosmaster.master][INFO] 2012-12-15 18:09:24,062: +PUB [/camera/rgb/image_mono/compressed/parameter_descriptions] /camera_nodelet_manager http://pc:57141/
[rosmaster.master][INFO] 2012-12-15 18:09:24,063: +PUB [/camera/rgb/image_mono/compressed/parameter_updates] /camera_nodelet_manager http://pc:57141/
[rosmaster.master][INFO] 2012-12-15 18:09:24,067: +PARAM [/camera/rgb/image_mono/compressed/format] by /camera_nodelet_manager
[rosmaster.master][INFO] 2012-12-15 18:09:24,068: +PARAM [/camera/rgb/image_mono/compressed/jpeg_quality] by /camera_nodelet_manager
[rosmaster.master][INFO] 2012-12-15 18:09:24,069: +PARAM [/camera/rgb/image_mono/compressed/png_level] by /camera_nodelet_manager
[rosmaster.master][INFO] 2012-12-15 18:09:24,070: +PUB [/camera/rgb/image_mono] /camera_nodelet_manager http://pc:57141/
[rosmaster.master][INFO] 2012-12-15 18:09:24,073: +PUB [/camera/rgb/image_mono/theora] /camera_nodelet_manager http://pc:57141/
[rosmaster.master][INFO] 2012-12-15 18:09:24,074: +SERVICE [/camera/rgb/image_mono/theora/set_parameters] /camera_nodelet_manager http://pc:57141/
[rosmaster.master][INFO] 2012-12-15 18:09:24,075: +PUB [/camera/rgb/image_mono/theora/parameter_descriptions] /camera_nodelet_manager http://pc:57141/
[rosmaster.master][INFO] 2012-12-15 18:09:24,076: +PUB [/camera/rgb/image_mono/theora/parameter_updates] /camera_nodelet_manager http://pc:57141/
[rosmaster.master][INFO] 2012-12-15 18:09:24,081: +PARAM [/camera/rgb/image_mono/theora/optimize_for] by /camera_nodelet_manager
[rosmaster.master][INFO] 2012-12-15 18:09:24,081: +PARAM [/camera/rgb/image_mono/theora/target_bitrate] by /camera_nodelet_manager
[rosmaster.master][INFO] 2012-12-15 18:09:24,082: +PARAM [/camera/rgb/image_mono/theora/quality] by /camera_nodelet_manager
[rosmaster.master][INFO] 2012-12-15 18:09:24,083: +PARAM [/camera/rgb/image_mono/theora/keyframe_frequency] by /camera_nodelet_manager
[rosmaster.master][INFO] 2012-12-15 18:09:24,084: +PUB [/camera/rgb/image_color/compressed] /camera_nodelet_manager http://pc:57141/
[rosmaster.master][INFO] 2012-12-15 18:09:24,085: +SERVICE [/camera/rgb/image_color/compressed/set_parameters] /camera_nodelet_manager http://pc:57141/
[rosmaster.master][INFO] 2012-12-15 18:09:24,087: +PUB [/camera/rgb/image_color/compressed/parameter_descriptions] /camera_nodelet_manager http://pc:57141/
[rosmaster.master][INFO] 2012-12-15 18:09:24,088: +PUB [/camera/rgb/image_color/compressed/parameter_updates] /camera_nodelet_manager http://pc:57141/
[rosmaster.master][INFO] 2012-12-15 18:09:24,091: +PARAM [/camera/rgb/image_color/compressed/format] by /camera_nodelet_manager
[rosmaster.master][INFO] 2012-12-15 18:09:24,092: +PARAM [/camera/rgb/image_color/compressed/jpeg_quality] by /camera_nodelet_manager
[rosmaster.master][INFO] 2012-12-15 18:09:24,093: +PARAM [/camera/rgb/image_color/compressed/png_level] by /camera_nodelet_manager
[rosmaster.master][INFO] 2012-12-15 18:09:24,093: +PUB [/camera/rgb/image_color] /camera_nodelet_manager http://pc:57141/
[rosmaster.master][INFO] 2012-12-15 18:09:24,095: +PUB [/camera/rgb/image_color/theora] /camera_nodelet_manager http://pc:57141/
[rosmaster.master][INFO] 2012-12-15 18:09:24,095: +SERVICE [/camera/rgb/image_color/theora/set_parameters] /camera_nodelet_manager http://pc:57141/
[rosmaster.master][INFO] 2012-12-15 18:09:24,096: +PUB [/camera/rgb/image_color/theora/parameter_descriptions] /camera_nodelet_manager http://pc:57141/
[rosmaster.master][INFO] 2012-12-15 18:09:24,098: +PUB [/camera/rgb/image_color/theora/parameter_updates] /camera_nodelet_manager http://pc:57141/
[rosmaster.master][INFO] 2012-12-15 18:09:24,102: +PARAM [/camera/rgb/image_color/theora/optimize_for] by /camera_nodelet_manager
[rosmaster.master][INFO] 2012-12-15 18:09:24,103: +PARAM [/camera/rgb/image_color/theora/target_bitrate] by /camera_nodelet_manager
[rosmaster.master][INFO] 2012-12-15 18:09:24,104: +PARAM [/camera/rgb/image_color/theora/quality] by /camera_nodelet_manager
[rosmaster.master][INFO] 2012-12-15 18:09:24,105: +PARAM [/camera/rgb/image_color/theora/keyframe_frequency] by /camera_nodelet_manager
[rosmaster.master][INFO] 2012-12-15 18:09:24,284: +PUB [/rosout] /depth_detection http://pc:60192/
[rosmaster.master][INFO] 2012-12-15 18:09:24,339: +SUB [/camera/depth_registered/image_rect] /depth_detection http://pc:60192/
[rosmaster.master][INFO] 2012-12-15 18:09:24,342: +SUB [/camera/rgb/image_rect_color] /depth_detection http://pc:60192/
[rosmaster.master][INFO] 2012-12-15 18:09:24,347: publisherUpdate[/rosout] -> http://pc:53406/
[rosmaster.master][INFO] 2012-12-15 18:09:24,643: +PUB [/camera/depth_registered/points] /camera_nodelet_manager http://pc:57141/
[rosmaster.master][INFO] 2012-12-15 18:09:24,901: +SERVICE [/camera/rgb/rectify_color/set_parameters] /camera_nodelet_manager http://pc:57141/
[rosmaster.master][INFO] 2012-12-15 18:09:24,902: +PUB [/camera/rgb/rectify_color/parameter_descriptions] /camera_nodelet_manager http://pc:57141/
[rosmaster.master][INFO] 2012-12-15 18:09:24,904: +PUB [/camera/rgb/rectify_color/parameter_updates] /camera_nodelet_manager http://pc:57141/
[rosmaster.master][INFO] 2012-12-15 18:09:24,906: +PARAM [/camera/rgb/rectify_color/interpolation] by /camera_nodelet_manager
[rosmaster.master][INFO] 2012-12-15 18:09:24,907: +PUB [/camera/rgb/image_rect_color/compressed] /camera_nodelet_manager http://pc:57141/
[rosmaster.master][INFO] 2012-12-15 18:09:24,908: +SERVICE [/camera/rgb/image_rect_color/compressed/set_parameters] /camera_nodelet_manager http://pc:57141/
[rosmaster.master][INFO] 2012-12-15 18:09:24,910: +PUB [/camera/rgb/image_rect_color/compressed/parameter_descriptions] /camera_nodelet_manager http://pc:57141/
[rosmaster.master][INFO] 2012-12-15 18:09:24,913: +PUB [/camera/rgb/image_rect_color/compressed/parameter_updates] /camera_nodelet_manager http://pc:57141/
[rosmaster.master][INFO] 2012-12-15 18:09:24,921: +PARAM [/camera/rgb/image_rect_color/compressed/format] by /camera_nodelet_manager
[rosmaster.master][INFO] 2012-12-15 18:09:24,923: +PARAM [/camera/rgb/image_rect_color/compressed/jpeg_quality] by /camera_nodelet_manager
[rosmaster.master][INFO] 2012-12-15 18:09:24,926: +PARAM [/camera/rgb/image_rect_color/compressed/png_level] by /camera_nodelet_manager
[rosmaster.master][INFO] 2012-12-15 18:09:24,929: +PUB [/camera/rgb/image_rect_color] /camera_nodelet_manager http://pc:57141/
[rosmaster.master][INFO] 2012-12-15 18:09:24,931: +PUB [/camera/rgb/image_rect_color/theora] /camera_nodelet_manager http://pc:57141/
[rosmaster.master][INFO] 2012-12-15 18:09:24,935: +SERVICE [/camera/rgb/image_rect_color/theora/set_parameters] /camera_nodelet_manager http://pc:57141/
[rosmaster.master][INFO] 2012-12-15 18:09:24,942: +PUB [/camera/rgb/image_rect_color/theora/parameter_descriptions] /camera_nodelet_manager http://pc:57141/
[rosmaster.master][INFO] 2012-12-15 18:09:24,946: +PUB [/camera/rgb/image_rect_color/theora/parameter_updates] /camera_nodelet_manager http://pc:57141/
[rosmaster.master][INFO] 2012-12-15 18:09:24,950: publisherUpdate[/camera/rgb/image_rect_color] -> http://pc:60192/
[rosmaster.master][INFO] 2012-12-15 18:09:24,961: +PARAM [/camera/rgb/image_rect_color/theora/optimize_for] by /camera_nodelet_manager
[rosmaster.master][INFO] 2012-12-15 18:09:24,964: +PARAM [/camera/rgb/image_rect_color/theora/target_bitrate] by /camera_nodelet_manager
[rosmaster.master][INFO] 2012-12-15 18:09:24,967: +PARAM [/camera/rgb/image_rect_color/theora/quality] by /camera_nodelet_manager
[rosmaster.master][INFO] 2012-12-15 18:09:24,969: +PARAM [/camera/rgb/image_rect_color/theora/keyframe_frequency] by /camera_nodelet_manager
[rosmaster.master][INFO] 2012-12-15 18:09:24,991: +SUB [/camera/rgb/image_color] /camera_nodelet_manager http://pc:57141/
[rosmaster.master][INFO] 2012-12-15 18:09:24,993: +SUB [/camera/rgb/camera_info] /camera_nodelet_manager http://pc:57141/
[rosmaster.master][INFO] 2012-12-15 18:09:24,995: +SUB [/camera/rgb/image_raw] /camera_nodelet_manager http://pc:57141/
[rosmaster.master][INFO] 2012-12-15 18:09:25,245: +PUB [/camera/depth/points] /camera_nodelet_manager http://pc:57141/
[rosmaster.master][INFO] 2012-12-15 18:09:25,508: +PUB [/camera/depth/image_rect/compressed] /camera_nodelet_manager http://pc:57141/
[rosmaster.master][INFO] 2012-12-15 18:09:25,510: +SERVICE [/camera/depth/image_rect/compressed/set_parameters] /camera_nodelet_manager http://pc:57141/
[rosmaster.master][INFO] 2012-12-15 18:09:25,512: +PUB [/camera/depth/image_rect/compressed/parameter_descriptions] /camera_nodelet_manager http://pc:57141/
[rosmaster.master][INFO] 2012-12-15 18:09:25,514: +PUB [/camera/depth/image_rect/compressed/parameter_updates] /camera_nodelet_manager http://pc:57141/
[rosmaster.master][INFO] 2012-12-15 18:09:25,521: +PARAM [/camera/depth/image_rect/compressed/format] by /camera_nodelet_manager
[rosmaster.master][INFO] 2012-12-15 18:09:25,523: +PARAM [/camera/depth/image_rect/compressed/jpeg_quality] by /camera_nodelet_manager
[rosmaster.master][INFO] 2012-12-15 18:09:25,525: +PARAM [/camera/depth/image_rect/compressed/png_level] by /camera_nodelet_manager
[rosmaster.master][INFO] 2012-12-15 18:09:25,528: +PUB [/camera/depth/image_rect] /camera_nodelet_manager http://pc:57141/
[rosmaster.master][INFO] 2012-12-15 18:09:25,530: +PUB [/camera/depth/image_rect/theora] /camera_nodelet_manager http://pc:57141/
[rosmaster.master][INFO] 2012-12-15 18:09:25,532: +SERVICE [/camera/depth/image_rect/theora/set_parameters] /camera_nodelet_manager http://pc:57141/
[rosmaster.master][INFO] 2012-12-15 18:09:25,535: +PUB [/camera/depth/image_rect/theora/parameter_descriptions] /camera_nodelet_manager http://pc:57141/
[rosmaster.master][INFO] 2012-12-15 18:09:25,537: +PUB [/camera/depth/image_rect/theora/parameter_updates] /camera_nodelet_manager http://pc:57141/
[rosmaster.master][INFO] 2012-12-15 18:09:25,551: +PARAM [/camera/depth/image_rect/theora/optimize_for] by /camera_nodelet_manager
[rosmaster.master][INFO] 2012-12-15 18:09:25,553: +PARAM [/camera/depth/image_rect/theora/target_bitrate] by /camera_nodelet_manager
[rosmaster.master][INFO] 2012-12-15 18:09:25,555: +PARAM [/camera/depth/image_rect/theora/quality] by /camera_nodelet_manager
[rosmaster.master][INFO] 2012-12-15 18:09:25,558: +PARAM [/camera/depth/image_rect/theora/keyframe_frequency] by /camera_nodelet_manager
[rosmaster.master][INFO] 2012-12-15 18:09:25,832: +PUB [/camera/depth_registered/disparity] /camera_nodelet_manager http://pc:57141/
[rosmaster.master][INFO] 2012-12-15 18:09:26,105: +SERVICE [/camera/ir/rectify_ir/set_parameters] /camera_nodelet_manager http://pc:57141/
[rosmaster.master][INFO] 2012-12-15 18:09:26,107: +PUB [/camera/ir/rectify_ir/parameter_descriptions] /camera_nodelet_manager http://pc:57141/
[rosmaster.master][INFO] 2012-12-15 18:09:26,110: +PUB [/camera/ir/rectify_ir/parameter_updates] /camera_nodelet_manager http://pc:57141/
[rosmaster.master][INFO] 2012-12-15 18:09:26,113: +PARAM [/camera/ir/rectify_ir/interpolation] by /camera_nodelet_manager
[rosmaster.master][INFO] 2012-12-15 18:09:26,115: +PUB [/camera/ir/image_rect/compressed] /camera_nodelet_manager http://pc:57141/
[rosmaster.master][INFO] 2012-12-15 18:09:26,117: +SERVICE [/camera/ir/image_rect/compressed/set_parameters] /camera_nodelet_manager http://pc:57141/
[rosmaster.master][INFO] 2012-12-15 18:09:26,120: +PUB [/camera/ir/image_rect/compressed/parameter_descriptions] /camera_nodelet_manager http://pc:57141/
[rosmaster.master][INFO] 2012-12-15 18:09:26,122: +PUB [/camera/ir/image_rect/compressed/parameter_updates] /camera_nodelet_manager http://pc:57141/
[rosmaster.master][INFO] 2012-12-15 18:09:26,130: +PARAM [/camera/ir/image_rect/compressed/format] by /camera_nodelet_manager
[rosmaster.master][INFO] 2012-12-15 18:09:26,132: +PARAM [/camera/ir/image_rect/compressed/jpeg_quality] by /camera_nodelet_manager
[rosmaster.master][INFO] 2012-12-15 18:09:26,135: +PARAM [/camera/ir/image_rect/compressed/png_level] by /camera_nodelet_manager
[rosmaster.master][INFO] 2012-12-15 18:09:26,139: +PUB [/camera/ir/image_rect] /camera_nodelet_manager http://pc:57141/
[rosmaster.master][INFO] 2012-12-15 18:09:26,143: +PUB [/camera/ir/image_rect/theora] /camera_nodelet_manager http://pc:57141/
[rosmaster.master][INFO] 2012-12-15 18:09:26,146: +SERVICE [/camera/ir/image_rect/theora/set_parameters] /camera_nodelet_manager http://pc:57141/
[rosmaster.master][INFO] 2012-12-15 18:09:26,148: +PUB [/camera/ir/image_rect/theora/parameter_descriptions] /camera_nodelet_manager http://pc:57141/
[rosmaster.master][INFO] 2012-12-15 18:09:26,151: +PUB [/camera/ir/image_rect/theora/parameter_updates] /camera_nodelet_manager http://pc:57141/
[rosmaster.master][INFO] 2012-12-15 18:09:26,162: +PARAM [/camera/ir/image_rect/theora/optimize_for] by /camera_nodelet_manager
[rosmaster.master][INFO] 2012-12-15 18:09:26,164: +PARAM [/camera/ir/image_rect/theora/target_bitrate] by /camera_nodelet_manager
[rosmaster.master][INFO] 2012-12-15 18:09:26,167: +PARAM [/camera/ir/image_rect/theora/quality] by /camera_nodelet_manager
[rosmaster.master][INFO] 2012-12-15 18:09:26,169: +PARAM [/camera/ir/image_rect/theora/keyframe_frequency] by /camera_nodelet_manager
[rosmaster.master][INFO] 2012-12-15 18:09:26,472: +SERVICE [/camera/register_depth_rgb/get_loggers] /camera/register_depth_rgb http://pc:42070/
[rosmaster.master][INFO] 2012-12-15 18:09:26,476: +SERVICE [/camera/register_depth_rgb/set_logger_level] /camera/register_depth_rgb http://pc:42070/
[rosmaster.master][INFO] 2012-12-15 18:09:26,488: +PUB [/rosout] /camera/depth_registered/metric http://pc:58359/
[rosmaster.master][INFO] 2012-12-15 18:09:26,492: +SERVICE [/camera/depth_registered/metric/get_loggers] /camera/depth_registered/metric http://pc:58359/
[rosmaster.master][INFO] 2012-12-15 18:09:26,495: +SERVICE [/camera/depth_registered/metric/set_logger_level] /camera/depth_registered/metric http://pc:58359/
[rosmaster.master][INFO] 2012-12-15 18:09:26,534: +PARAM [/camera/depth_registered/rectify_depth] by /camera/depth_registered/rectify_depth
[rosmaster.master][INFO] 2012-12-15 18:09:26,551: +SERVICE [/camera/disparity_depth/get_loggers] /camera/disparity_depth http://pc:47679/
[rosmaster.master][INFO] 2012-12-15 18:09:26,553: +SERVICE [/camera/disparity_depth/set_logger_level] /camera/disparity_depth http://pc:47679/
[rosmaster.master][INFO] 2012-12-15 18:09:26,555: publisherUpdate[/rosout] -> http://pc:53406/
[rosmaster.master][INFO] 2012-12-15 18:09:26,558: +PARAM [/camera/disparity_depth] by /camera/disparity_depth
[rosmaster.master][INFO] 2012-12-15 18:09:26,562: +PUB [/rosout] /camera_base_link2 http://pc:44957/
[rosmaster.master][INFO] 2012-12-15 18:09:26,564: +SERVICE [/camera_base_link2/get_loggers] /camera_base_link2 http://pc:44957/
[rosmaster.master][INFO] 2012-12-15 18:09:26,566: +SERVICE [/camera_base_link2/set_logger_level] /camera_base_link2 http://pc:44957/
[rosmaster.master][INFO] 2012-12-15 18:09:26,570: +PUB [/tf] /camera_base_link2 http://pc:44957/
[rosmaster.master][INFO] 2012-12-15 18:09:26,599: +PUB [/rosout] /camera_base_link3 http://pc:33430/
[rosmaster.master][INFO] 2012-12-15 18:09:26,602: +SERVICE [/camera_base_link3/get_loggers] /camera_base_link3 http://pc:33430/
[rosmaster.master][INFO] 2012-12-15 18:09:26,604: +PUB [/tf] /camera_base_link http://pc:56664/
[rosmaster.master][INFO] 2012-12-15 18:09:26,606: +SERVICE [/camera_base_link3/set_logger_level] /camera_base_link3 http://pc:33430/
[rosmaster.master][INFO] 2012-12-15 18:09:26,609: +PUB [/tf] /camera_base_link3 http://pc:33430/
[rosmaster.master][INFO] 2012-12-15 18:09:26,657: publisherUpdate[/rosout] -> http://pc:53406/
[rosmaster.master][INFO] 2012-12-15 18:09:26,660: publisherUpdate[/rosout] -> http://pc:53406/
[rosmaster.master][INFO] 2012-12-15 18:09:26,775: +SERVICE [/camera/rgb/rectify_mono/set_parameters] /camera_nodelet_manager http://pc:57141/
[rosmaster.master][INFO] 2012-12-15 18:09:26,778: +PUB [/camera/rgb/rectify_mono/parameter_descriptions] /camera_nodelet_manager http://pc:57141/
[rosmaster.master][INFO] 2012-12-15 18:09:26,780: +PUB [/camera/rgb/rectify_mono/parameter_updates] /camera_nodelet_manager http://pc:57141/
[rosmaster.master][INFO] 2012-12-15 18:09:26,786: +PARAM [/camera/rgb/rectify_mono/interpolation] by /camera_nodelet_manager
[rosmaster.master][INFO] 2012-12-15 18:09:26,790: +PUB [/camera/rgb/image_rect/compressed] /camera_nodelet_manager http://pc:57141/
[rosmaster.master][INFO] 2012-12-15 18:09:26,793: +SERVICE [/camera/rgb/image_rect/compressed/set_parameters] /camera_nodelet_manager http://pc:57141/
[rosmaster.master][INFO] 2012-12-15 18:09:26,796: +PUB [/camera/rgb/image_rect/compressed/parameter_descriptions] /camera_nodelet_manager http://pc:57141/
[rosmaster.master][INFO] 2012-12-15 18:09:26,799: +PUB [/camera/rgb/image_rect/compressed/parameter_updates] /camera_nodelet_manager http://pc:57141/
[rosmaster.master][INFO] 2012-12-15 18:09:26,807: +PARAM [/camera/rgb/image_rect/compressed/format] by /camera_nodelet_manager
[rosmaster.master][INFO] 2012-12-15 18:09:26,811: +PARAM [/camera/rgb/image_rect/compressed/jpeg_quality] by /camera_nodelet_manager
[rosmaster.master][INFO] 2012-12-15 18:09:26,813: +PARAM [/camera/rgb/image_rect/compressed/png_level] by /camera_nodelet_manager
[rosmaster.master][INFO] 2012-12-15 18:09:26,818: +PUB [/camera/rgb/image_rect] /camera_nodelet_manager http://pc:57141/
[rosmaster.master][INFO] 2012-12-15 18:09:26,821: +PUB [/camera/rgb/image_rect/theora] /camera_nodelet_manager http://pc:57141/
[rosmaster.master][INFO] 2012-12-15 18:09:26,823: +SERVICE [/camera/rgb/image_rect/theora/set_parameters] /camera_nodelet_manager http://pc:57141/
[rosmaster.master][INFO] 2012-12-15 18:09:26,826: +PUB [/camera/rgb/image_rect/theora/parameter_descriptions] /camera_nodelet_manager http://pc:57141/
[rosmaster.master][INFO] 2012-12-15 18:09:26,830: +PUB [/camera/rgb/image_rect/theora/parameter_updates] /camera_nodelet_manager http://pc:57141/
[rosmaster.master][INFO] 2012-12-15 18:09:26,840: +PARAM [/camera/rgb/image_rect/theora/optimize_for] by /camera_nodelet_manager
[rosmaster.master][INFO] 2012-12-15 18:09:26,843: +PARAM [/camera/rgb/image_rect/theora/target_bitrate] by /camera_nodelet_manager
[rosmaster.master][INFO] 2012-12-15 18:09:26,845: +PARAM [/camera/rgb/image_rect/theora/quality] by /camera_nodelet_manager
[rosmaster.master][INFO] 2012-12-15 18:09:26,847: +PARAM [/camera/rgb/image_rect/theora/keyframe_frequency] by /camera_nodelet_manager
[rosmaster.master][INFO] 2012-12-15 18:09:27,125: +SUB [/tf] /camera_nodelet_manager http://pc:57141/
[rosmaster.master][INFO] 2012-12-15 18:09:27,129: +SERVICE [/camera_nodelet_manager/tf_frames] /camera_nodelet_manager http://pc:57141/
[rosmaster.master][INFO] 2012-12-15 18:09:27,406: +PUB [/camera/depth_registered/image_rect_raw/compressed] /camera_nodelet_manager http://pc:57141/
[rosmaster.master][INFO] 2012-12-15 18:09:27,407: +SERVICE [/camera/depth_registered/image_rect_raw/compressed/set_parameters] /camera_nodelet_manager http://pc:57141/
[rosmaster.master][INFO] 2012-12-15 18:09:27,408: +PUB [/camera/depth_registered/image_rect_raw/compressed/parameter_descriptions] /camera_nodelet_manager http://pc:57141/
[rosmaster.master][INFO] 2012-12-15 18:09:27,410: +PUB [/camera/depth_registered/image_rect_raw/compressed/parameter_updates] /camera_nodelet_manager http://pc:57141/
[rosmaster.master][INFO] 2012-12-15 18:09:27,415: +PARAM [/camera/depth_registered/image_rect_raw/compressed/format] by /camera_nodelet_manager
[rosmaster.master][INFO] 2012-12-15 18:09:27,416: +PARAM [/camera/depth_registered/image_rect_raw/compressed/jpeg_quality] by /camera_nodelet_manager
[rosmaster.master][INFO] 2012-12-15 18:09:27,418: +PARAM [/camera/depth_registered/image_rect_raw/compressed/png_level] by /camera_nodelet_manager
[rosmaster.master][INFO] 2012-12-15 18:09:27,419: +PUB [/camera/depth_registered/image_rect_raw] /camera_nodelet_manager http://pc:57141/
[rosmaster.master][INFO] 2012-12-15 18:09:27,421: +PUB [/camera/depth_registered/image_rect_raw/theora] /camera_nodelet_manager http://pc:57141/
[rosmaster.master][INFO] 2012-12-15 18:09:27,424: +SERVICE [/camera/depth_registered/image_rect_raw/theora/set_parameters] /camera_nodelet_manager http://pc:57141/
[rosmaster.master][INFO] 2012-12-15 18:09:27,426: +PUB [/camera/depth_registered/image_rect_raw/theora/parameter_descriptions] /camera_nodelet_manager http://pc:57141/
[rosmaster.master][INFO] 2012-12-15 18:09:27,428: +PUB [/camera/depth_registered/image_rect_raw/theora/parameter_updates] /camera_nodelet_manager http://pc:57141/
[rosmaster.master][INFO] 2012-12-15 18:09:27,436: +PARAM [/camera/depth_registered/image_rect_raw/theora/optimize_for] by /camera_nodelet_manager
[rosmaster.master][INFO] 2012-12-15 18:09:27,437: +PARAM [/camera/depth_registered/image_rect_raw/theora/target_bitrate] by /camera_nodelet_manager
[rosmaster.master][INFO] 2012-12-15 18:09:27,439: +PARAM [/camera/depth_registered/image_rect_raw/theora/quality] by /camera_nodelet_manager
[rosmaster.master][INFO] 2012-12-15 18:09:27,441: +PARAM [/camera/depth_registered/image_rect_raw/theora/keyframe_frequency] by /camera_nodelet_manager
[rosmaster.master][INFO] 2012-12-15 18:09:27,443: +PUB [/camera/depth_registered/camera_info] /camera_nodelet_manager http://pc:57141/
[rosmaster.master][INFO] 2012-12-15 18:09:27,723: +PUB [/camera/depth_registered/image/compressed] /camera_nodelet_manager http://pc:57141/
[rosmaster.master][INFO] 2012-12-15 18:09:27,726: +SERVICE [/camera/depth_registered/image/compressed/set_parameters] /camera_nodelet_manager http://pc:57141/
[rosmaster.master][INFO] 2012-12-15 18:09:27,728: +PUB [/camera/depth_registered/image/compressed/parameter_descriptions] /camera_nodelet_manager http://pc:57141/
[rosmaster.master][INFO] 2012-12-15 18:09:27,730: +PUB [/camera/depth_registered/image/compressed/parameter_updates] /camera_nodelet_manager http://pc:57141/
[rosmaster.master][INFO] 2012-12-15 18:09:27,738: +PARAM [/camera/depth_registered/image/compressed/format] by /camera_nodelet_manager
[rosmaster.master][INFO] 2012-12-15 18:09:27,741: +PARAM [/camera/depth_registered/image/compressed/jpeg_quality] by /camera_nodelet_manager
[rosmaster.master][INFO] 2012-12-15 18:09:27,744: +PARAM [/camera/depth_registered/image/compressed/png_level] by /camera_nodelet_manager
[rosmaster.master][INFO] 2012-12-15 18:09:27,747: +PUB [/camera/depth_registered/image] /camera_nodelet_manager http://pc:57141/
[rosmaster.master][INFO] 2012-12-15 18:09:27,751: +PUB [/camera/depth_registered/image/theora] /camera_nodelet_manager http://pc:57141/
[rosmaster.master][INFO] 2012-12-15 18:09:27,753: +SERVICE [/camera/depth_registered/image/theora/set_parameters] /camera_nodelet_manager http://pc:57141/
[rosmaster.master][INFO] 2012-12-15 18:09:27,757: +PUB [/camera/depth_registered/image/theora/parameter_descriptions] /camera_nodelet_manager http://pc:57141/
[rosmaster.master][INFO] 2012-12-15 18:09:27,760: +PUB [/camera/depth_registered/image/theora/parameter_updates] /camera_nodelet_manager http://pc:57141/
[rosmaster.master][INFO] 2012-12-15 18:09:27,771: +PARAM [/camera/depth_registered/image/theora/optimize_for] by /camera_nodelet_manager
[rosmaster.master][INFO] 2012-12-15 18:09:27,774: +PARAM [/camera/depth_registered/image/theora/target_bitrate] by /camera_nodelet_manager
[rosmaster.master][INFO] 2012-12-15 18:09:27,777: +PARAM [/camera/depth_registered/image/theora/quality] by /camera_nodelet_manager
[rosmaster.master][INFO] 2012-12-15 18:09:27,780: +PARAM [/camera/depth_registered/image/theora/keyframe_frequency] by /camera_nodelet_manager
[rosmaster.master][INFO] 2012-12-15 18:09:28,044: +PUB [/camera/depth_registered/image_rect/compressed] /camera_nodelet_manager http://pc:57141/
[rosmaster.master][INFO] 2012-12-15 18:09:28,046: +SERVICE [/camera/depth_registered/image_rect/compressed/set_parameters] /camera_nodelet_manager http://pc:57141/
[rosmaster.master][INFO] 2012-12-15 18:09:28,047: +PUB [/camera/depth_registered/image_rect/compressed/parameter_descriptions] /camera_nodelet_manager http://pc:57141/
[rosmaster.master][INFO] 2012-12-15 18:09:28,050: +PUB [/camera/depth_registered/image_rect/compressed/parameter_updates] /camera_nodelet_manager http://pc:57141/
[rosmaster.master][INFO] 2012-12-15 18:09:28,057: +PARAM [/camera/depth_registered/image_rect/compressed/format] by /camera_nodelet_manager
[rosmaster.master][INFO] 2012-12-15 18:09:28,059: +PARAM [/camera/depth_registered/image_rect/compressed/jpeg_quality] by /camera_nodelet_manager
[rosmaster.master][INFO] 2012-12-15 18:09:28,062: +PARAM [/camera/depth_registered/image_rect/compressed/png_level] by /camera_nodelet_manager
[rosmaster.master][INFO] 2012-12-15 18:09:28,065: +PUB [/camera/depth_registered/image_rect] /camera_nodelet_manager http://pc:57141/
[rosmaster.master][INFO] 2012-12-15 18:09:28,065: publisherUpdate[/camera/depth_registered/image_rect] -> http://pc:60192/
[rosmaster.master][INFO] 2012-12-15 18:09:28,069: +PUB [/camera/depth_registered/image_rect/theora] /camera_nodelet_manager http://pc:57141/
[rosmaster.master][INFO] 2012-12-15 18:09:28,073: +SERVICE [/camera/depth_registered/image_rect/theora/set_parameters] /camera_nodelet_manager http://pc:57141/
[rosmaster.master][INFO] 2012-12-15 18:09:28,076: +PUB [/camera/depth_registered/image_rect/theora/parameter_descriptions] /camera_nodelet_manager http://pc:57141/
[rosmaster.master][INFO] 2012-12-15 18:09:28,079: +PUB [/camera/depth_registered/image_rect/theora/parameter_updates] /camera_nodelet_manager http://pc:57141/
[rosmaster.master][INFO] 2012-12-15 18:09:28,089: +PARAM [/camera/depth_registered/image_rect/theora/optimize_for] by /camera_nodelet_manager
[rosmaster.master][INFO] 2012-12-15 18:09:28,092: +PARAM [/camera/depth_registered/image_rect/theora/target_bitrate] by /camera_nodelet_manager
[rosmaster.master][INFO] 2012-12-15 18:09:28,094: +PARAM [/camera/depth_registered/image_rect/theora/quality] by /camera_nodelet_manager
[rosmaster.master][INFO] 2012-12-15 18:09:28,097: +PARAM [/camera/depth_registered/image_rect/theora/keyframe_frequency] by /camera_nodelet_manager
[rosmaster.master][INFO] 2012-12-15 18:09:28,108: +SUB [/camera/depth_registered/image_rect_raw] /camera_nodelet_manager http://pc:57141/
[rosmaster.master][INFO] 2012-12-15 18:09:28,114: +SUB [/camera/depth/image_rect_raw] /camera_nodelet_manager http://pc:57141/
[rosmaster.master][INFO] 2012-12-15 18:09:28,117: +SUB [/camera/depth/camera_info] /camera_nodelet_manager http://pc:57141/
[rosmaster.master][INFO] 2012-12-15 18:09:28,374: +SERVICE [/camera/depth_registered/rectify_depth/set_parameters] /camera_nodelet_manager http://pc:57141/
[rosmaster.master][INFO] 2012-12-15 18:09:28,378: +PUB [/camera/depth_registered/rectify_depth/parameter_descriptions] /camera_nodelet_manager http://pc:57141/
[rosmaster.master][INFO] 2012-12-15 18:09:28,380: +PUB [/camera/depth_registered/rectify_depth/parameter_updates] /camera_nodelet_manager http://pc:57141/
[rosmaster.master][INFO] 2012-12-15 18:09:28,386: +PARAM [/camera/depth_registered/rectify_depth/interpolation] by /camera_nodelet_manager
[rosmaster.master][INFO] 2012-12-15 18:09:28,395: +PARAM [/camera/depth_registered/image_rect_raw/compressed/format] by /camera_nodelet_manager
[rosmaster.master][INFO] 2012-12-15 18:09:28,397: +PARAM [/camera/depth_registered/image_rect_raw/compressed/jpeg_quality] by /camera_nodelet_manager
[rosmaster.master][INFO] 2012-12-15 18:09:28,398: +PARAM [/camera/depth_registered/image_rect_raw/compressed/png_level] by /camera_nodelet_manager
[rosmaster.master][INFO] 2012-12-15 18:09:28,407: +PARAM [/camera/depth_registered/image_rect_raw/theora/optimize_for] by /camera_nodelet_manager
[rosmaster.master][INFO] 2012-12-15 18:09:28,410: +PARAM [/camera/depth_registered/image_rect_raw/theora/target_bitrate] by /camera_nodelet_manager
[rosmaster.master][INFO] 2012-12-15 18:09:28,412: +PARAM [/camera/depth_registered/image_rect_raw/theora/quality] by /camera_nodelet_manager
[rosmaster.master][INFO] 2012-12-15 18:09:28,417: +PARAM [/camera/depth_registered/image_rect_raw/theora/keyframe_frequency] by /camera_nodelet_manager
[rosmaster.master][INFO] 2012-12-15 18:09:28,427: +SUB [/camera/depth_registered/image_raw] /camera_nodelet_manager http://pc:57141/
[rosmaster.master][INFO] 2012-12-15 18:09:28,429: +SUB [/camera/depth_registered/camera_info] /camera_nodelet_manager http://pc:57141/
[rosmaster.master][INFO] 2012-12-15 18:09:28,684: +SERVICE [/camera/depth/rectify_depth/set_parameters] /camera_nodelet_manager http://pc:57141/
[rosmaster.master][INFO] 2012-12-15 18:09:28,686: +PUB [/camera/depth/rectify_depth/parameter_descriptions] /camera_nodelet_manager http://pc:57141/
[rosmaster.master][INFO] 2012-12-15 18:09:28,687: +PUB [/camera/depth/rectify_depth/parameter_updates] /camera_nodelet_manager http://pc:57141/
[rosmaster.master][INFO] 2012-12-15 18:09:28,690: +PARAM [/camera/depth/rectify_depth/interpolation] by /camera_nodelet_manager
[rosmaster.master][INFO] 2012-12-15 18:09:28,692: +PUB [/camera/depth/image_rect_raw/compressed] /camera_nodelet_manager http://pc:57141/
[rosmaster.master][INFO] 2012-12-15 18:09:28,695: +SERVICE [/camera/depth/image_rect_raw/compressed/set_parameters] /camera_nodelet_manager http://pc:57141/
[rosmaster.master][INFO] 2012-12-15 18:09:28,697: +PUB [/camera/depth/image_rect_raw/compressed/parameter_descriptions] /camera_nodelet_manager http://pc:57141/
[rosmaster.master][INFO] 2012-12-15 18:09:28,700: +PUB [/camera/depth/image_rect_raw/compressed/parameter_updates] /camera_nodelet_manager http://pc:57141/
[rosmaster.master][INFO] 2012-12-15 18:09:28,709: +PARAM [/camera/depth/image_rect_raw/compressed/format] by /camera_nodelet_manager
[rosmaster.master][INFO] 2012-12-15 18:09:28,711: +PARAM [/camera/depth/image_rect_raw/compressed/jpeg_quality] by /camera_nodelet_manager
[rosmaster.master][INFO] 2012-12-15 18:09:28,714: +PARAM [/camera/depth/image_rect_raw/compressed/png_level] by /camera_nodelet_manager
[rosmaster.master][INFO] 2012-12-15 18:09:28,717: +PUB [/camera/depth/image_rect_raw] /camera_nodelet_manager http://pc:57141/
[rosmaster.master][INFO] 2012-12-15 18:09:28,720: +PUB [/camera/depth/image_rect_raw/theora] /camera_nodelet_manager http://pc:57141/
[rosmaster.master][INFO] 2012-12-15 18:09:28,723: +SERVICE [/camera/depth/image_rect_raw/theora/set_parameters] /camera_nodelet_manager http://pc:57141/
[rosmaster.master][INFO] 2012-12-15 18:09:28,725: +PUB [/camera/depth/image_rect_raw/theora/parameter_descriptions] /camera_nodelet_manager http://pc:57141/
[rosmaster.master][INFO] 2012-12-15 18:09:28,728: +PUB [/camera/depth/image_rect_raw/theora/parameter_updates] /camera_nodelet_manager http://pc:57141/
[rosmaster.master][INFO] 2012-12-15 18:09:28,738: +PARAM [/camera/depth/image_rect_raw/theora/optimize_for] by /camera_nodelet_manager
[rosmaster.master][INFO] 2012-12-15 18:09:28,741: +PARAM [/camera/depth/image_rect_raw/theora/target_bitrate] by /camera_nodelet_manager
[rosmaster.master][INFO] 2012-12-15 18:09:28,744: +PARAM [/camera/depth/image_rect_raw/theora/quality] by /camera_nodelet_manager
[rosmaster.master][INFO] 2012-12-15 18:09:28,748: +PARAM [/camera/depth/image_rect_raw/theora/keyframe_frequency] by /camera_nodelet_manager
[rosmaster.master][INFO] 2012-12-15 18:09:28,755: +SUB [/camera/depth/image_raw] /camera_nodelet_manager http://pc:57141/
[rosmaster.master][INFO] 2012-12-15 18:09:28,763: publisherUpdate[/camera/depth/image_rect_raw] -> http://pc:57141/
[rosmaster.master][INFO] 2012-12-15 18:09:29,031: +PUB [/camera/depth/disparity] /camera_nodelet_manager http://pc:57141/
[rosmaster.master][INFO] 2012-12-15 18:09:29,314: +PUB [/camera/depth/image/compressed] /camera_nodelet_manager http://pc:57141/
[rosmaster.master][INFO] 2012-12-15 18:09:29,316: +SERVICE [/camera/depth/image/compressed/set_parameters] /camera_nodelet_manager http://pc:57141/
[rosmaster.master][INFO] 2012-12-15 18:09:29,318: +PUB [/camera/depth/image/compressed/parameter_descriptions] /camera_nodelet_manager http://pc:57141/
[rosmaster.master][INFO] 2012-12-15 18:09:29,320: +PUB [/camera/depth/image/compressed/parameter_updates] /camera_nodelet_manager http://pc:57141/
[rosmaster.master][INFO] 2012-12-15 18:09:29,326: +PARAM [/camera/depth/image/compressed/format] by /camera_nodelet_manager
[rosmaster.master][INFO] 2012-12-15 18:09:29,328: +PARAM [/camera/depth/image/compressed/jpeg_quality] by /camera_nodelet_manager
[rosmaster.master][INFO] 2012-12-15 18:09:29,329: +PARAM [/camera/depth/image/compressed/png_level] by /camera_nodelet_manager
[rosmaster.master][INFO] 2012-12-15 18:09:29,331: +PUB [/camera/depth/image] /camera_nodelet_manager http://pc:57141/
[rosmaster.master][INFO] 2012-12-15 18:09:29,332: +PUB [/camera/depth/image/theora] /camera_nodelet_manager http://pc:57141/
[rosmaster.master][INFO] 2012-12-15 18:09:29,333: +SERVICE [/camera/depth/image/theora/set_parameters] /camera_nodelet_manager http://pc:57141/
[rosmaster.master][INFO] 2012-12-15 18:09:29,334: +PUB [/camera/depth/image/theora/parameter_descriptions] /camera_nodelet_manager http://pc:57141/
[rosmaster.master][INFO] 2012-12-15 18:09:29,335: +PUB [/camera/depth/image/theora/parameter_updates] /camera_nodelet_manager http://pc:57141/
[rosmaster.master][INFO] 2012-12-15 18:09:29,342: +PARAM [/camera/depth/image/theora/optimize_for] by /camera_nodelet_manager
[rosmaster.master][INFO] 2012-12-15 18:09:29,344: +PARAM [/camera/depth/image/theora/target_bitrate] by /camera_nodelet_manager
[rosmaster.master][INFO] 2012-12-15 18:09:29,345: +PARAM [/camera/depth/image/theora/quality] by /camera_nodelet_manager
[rosmaster.master][INFO] 2012-12-15 18:09:29,346: +PARAM [/camera/depth/image/theora/keyframe_frequency] by /camera_nodelet_manager
[rosmaster.master][INFO] 2012-12-15 18:09:32,433: +SERVICE [/camera/driver/set_parameters] /camera_nodelet_manager http://pc:57141/
[rosmaster.master][INFO] 2012-12-15 18:09:32,434: +PUB [/camera/driver/parameter_descriptions] /camera_nodelet_manager http://pc:57141/
[rosmaster.master][INFO] 2012-12-15 18:09:32,435: +PUB [/camera/driver/parameter_updates] /camera_nodelet_manager http://pc:57141/
[rosmaster.master][INFO] 2012-12-15 18:09:32,444: +PARAM [/camera/driver/image_mode] by /camera_nodelet_manager
[rosmaster.master][INFO] 2012-12-15 18:09:32,446: +PARAM [/camera/driver/depth_mode] by /camera_nodelet_manager
[rosmaster.master][INFO] 2012-12-15 18:09:32,447: +PARAM [/camera/driver/depth_registration] by /camera_nodelet_manager
[rosmaster.master][INFO] 2012-12-15 18:09:32,448: +PARAM [/camera/driver/data_skip] by /camera_nodelet_manager
[rosmaster.master][INFO] 2012-12-15 18:09:32,449: +PARAM [/camera/driver/depth_time_offset] by /camera_nodelet_manager
[rosmaster.master][INFO] 2012-12-15 18:09:32,450: +PARAM [/camera/driver/image_time_offset] by /camera_nodelet_manager
[rosmaster.master][INFO] 2012-12-15 18:09:32,451: +PARAM [/camera/driver/depth_ir_offset_x] by /camera_nodelet_manager
[rosmaster.master][INFO] 2012-12-15 18:09:32,452: +PARAM [/camera/driver/depth_ir_offset_y] by /camera_nodelet_manager
[rosmaster.master][INFO] 2012-12-15 18:09:32,453: +PARAM [/camera/driver/z_offset_mm] by /camera_nodelet_manager
[rosmaster.master][INFO] 2012-12-15 18:09:32,464: +SERVICE [/camera/rgb/set_camera_info] /camera_nodelet_manager http://pc:57141/
[rosmaster.master][INFO] 2012-12-15 18:09:32,467: +SERVICE [/camera/ir/set_camera_info] /camera_nodelet_manager http://pc:57141/
[rosmaster.master][INFO] 2012-12-15 18:09:32,469: +SUB [/camera/driver/parameter_updates] /set_dr http://pc:48079/
[rosmaster.master][INFO] 2012-12-15 18:09:32,470: +PUB [/camera/rgb/image_raw/compressed] /camera_nodelet_manager http://pc:57141/
[rosmaster.master][INFO] 2012-12-15 18:09:32,471: +SUB [/camera/driver/parameter_descriptions] /set_dr http://pc:48079/
[rosmaster.master][INFO] 2012-12-15 18:09:32,473: +SERVICE [/camera/rgb/image_raw/compressed/set_parameters] /camera_nodelet_manager http://pc:57141/
[rosmaster.master][INFO] 2012-12-15 18:09:32,474: +PUB [/camera/rgb/image_raw/compressed/parameter_descriptions] /camera_nodelet_manager http://pc:57141/
[rosmaster.master][INFO] 2012-12-15 18:09:32,475: +PUB [/camera/rgb/image_raw/compressed/parameter_updates] /camera_nodelet_manager http://pc:57141/
[rosmaster.master][INFO] 2012-12-15 18:09:32,479: +PARAM [/camera/rgb/image_raw/compressed/format] by /camera_nodelet_manager
[rosmaster.master][INFO] 2012-12-15 18:09:32,480: +PARAM [/camera/rgb/image_raw/compressed/jpeg_quality] by /camera_nodelet_manager
[rosmaster.master][INFO] 2012-12-15 18:09:32,481: +PARAM [/camera/rgb/image_raw/compressed/png_level] by /camera_nodelet_manager
[rosmaster.master][INFO] 2012-12-15 18:09:32,482: +PUB [/camera/rgb/image_raw] /camera_nodelet_manager http://pc:57141/
[rosmaster.master][INFO] 2012-12-15 18:09:32,484: +PUB [/camera/rgb/image_raw/theora] /camera_nodelet_manager http://pc:57141/
[rosmaster.master][INFO] 2012-12-15 18:09:32,485: +SERVICE [/camera/rgb/image_raw/theora/set_parameters] /camera_nodelet_manager http://pc:57141/
[rosmaster.master][INFO] 2012-12-15 18:09:32,487: +PUB [/camera/rgb/image_raw/theora/parameter_descriptions] /camera_nodelet_manager http://pc:57141/
[rosmaster.master][INFO] 2012-12-15 18:09:32,489: +PUB [/camera/rgb/image_raw/theora/parameter_updates] /camera_nodelet_manager http://pc:57141/
[rosmaster.master][INFO] 2012-12-15 18:09:32,495: +PARAM [/camera/rgb/image_raw/theora/optimize_for] by /camera_nodelet_manager
[rosmaster.master][INFO] 2012-12-15 18:09:32,496: +PARAM [/camera/rgb/image_raw/theora/target_bitrate] by /camera_nodelet_manager
[rosmaster.master][INFO] 2012-12-15 18:09:32,499: +PARAM [/camera/rgb/image_raw/theora/quality] by /camera_nodelet_manager
[rosmaster.master][INFO] 2012-12-15 18:09:32,501: +PARAM [/camera/rgb/image_raw/theora/keyframe_frequency] by /camera_nodelet_manager
[rosmaster.master][INFO] 2012-12-15 18:09:32,504: +PUB [/camera/rgb/camera_info] /camera_nodelet_manager http://pc:57141/
[rosmaster.master][INFO] 2012-12-15 18:09:32,506: +PUB [/camera/ir/image_raw/compressed] /camera_nodelet_manager http://pc:57141/
[rosmaster.master][INFO] 2012-12-15 18:09:32,507: +SERVICE [/camera/ir/image_raw/compressed/set_parameters] /camera_nodelet_manager http://pc:57141/
[rosmaster.master][INFO] 2012-12-15 18:09:32,508: +PUB [/camera/ir/image_raw/compressed/parameter_descriptions] /camera_nodelet_manager http://pc:57141/
[rosmaster.master][INFO] 2012-12-15 18:09:32,509: +PUB [/camera/ir/image_raw/compressed/parameter_updates] /camera_nodelet_manager http://pc:57141/
[rosmaster.master][INFO] 2012-12-15 18:09:32,513: +PARAM [/camera/ir/image_raw/compressed/format] by /camera_nodelet_manager
[rosmaster.master][INFO] 2012-12-15 18:09:32,514: +PARAM [/camera/ir/image_raw/compressed/jpeg_quality] by /camera_nodelet_manager
[rosmaster.master][INFO] 2012-12-15 18:09:32,515: +PARAM [/camera/ir/image_raw/compressed/png_level] by /camera_nodelet_manager
[rosmaster.master][INFO] 2012-12-15 18:09:32,516: +PUB [/camera/ir/image_raw] /camera_nodelet_manager http://pc:57141/
[rosmaster.master][INFO] 2012-12-15 18:09:32,517: +PUB [/camera/ir/image_raw/theora] /camera_nodelet_manager http://pc:57141/
[rosmaster.master][INFO] 2012-12-15 18:09:32,518: +SERVICE [/camera/ir/image_raw/theora/set_parameters] /camera_nodelet_manager http://pc:57141/
[rosmaster.master][INFO] 2012-12-15 18:09:32,520: +PUB [/camera/ir/image_raw/theora/parameter_descriptions] /camera_nodelet_manager http://pc:57141/
[rosmaster.master][INFO] 2012-12-15 18:09:32,521: +PUB [/camera/ir/image_raw/theora/parameter_updates] /camera_nodelet_manager http://pc:57141/
[rosmaster.master][INFO] 2012-12-15 18:09:32,526: +PARAM [/camera/ir/image_raw/theora/optimize_for] by /camera_nodelet_manager
[rosmaster.master][INFO] 2012-12-15 18:09:32,528: +PARAM [/camera/ir/image_raw/theora/target_bitrate] by /camera_nodelet_manager
[rosmaster.master][INFO] 2012-12-15 18:09:32,528: +PARAM [/camera/ir/image_raw/theora/quality] by /camera_nodelet_manager
[rosmaster.master][INFO] 2012-12-15 18:09:32,529: +PARAM [/camera/ir/image_raw/theora/keyframe_frequency] by /camera_nodelet_manager
[rosmaster.master][INFO] 2012-12-15 18:09:32,531: +PUB [/camera/ir/camera_info] /camera_nodelet_manager http://pc:57141/
[rosmaster.master][INFO] 2012-12-15 18:09:32,532: +PUB [/camera/depth/image_raw/compressed] /camera_nodelet_manager http://pc:57141/
[rosmaster.master][INFO] 2012-12-15 18:09:32,534: +SERVICE [/camera/depth/image_raw/compressed/set_parameters] /camera_nodelet_manager http://pc:57141/
[rosmaster.master][INFO] 2012-12-15 18:09:32,536: +PUB [/camera/depth/image_raw/compressed/parameter_descriptions] /camera_nodelet_manager http://pc:57141/
[rosmaster.master][INFO] 2012-12-15 18:09:32,538: +PUB [/camera/depth/image_raw/compressed/parameter_updates] /camera_nodelet_manager http://pc:57141/
[rosmaster.master][INFO] 2012-12-15 18:09:32,543: +PARAM [/camera/depth/image_raw/compressed/format] by /camera_nodelet_manager
[rosmaster.master][INFO] 2012-12-15 18:09:32,544: +PARAM [/camera/depth/image_raw/compressed/jpeg_quality] by /camera_nodelet_manager
[rosmaster.master][INFO] 2012-12-15 18:09:32,545: +PARAM [/camera/depth/image_raw/compressed/png_level] by /camera_nodelet_manager
[rosmaster.master][INFO] 2012-12-15 18:09:32,546: +PUB [/camera/depth/image_raw] /camera_nodelet_manager http://pc:57141/
[rosmaster.master][INFO] 2012-12-15 18:09:32,548: +PUB [/camera/depth/image_raw/theora] /camera_nodelet_manager http://pc:57141/
[rosmaster.master][INFO] 2012-12-15 18:09:32,550: +SERVICE [/camera/depth/image_raw/theora/set_parameters] /camera_nodelet_manager http://pc:57141/
[rosmaster.master][INFO] 2012-12-15 18:09:32,552: +PUB [/camera/depth/image_raw/theora/parameter_descriptions] /camera_nodelet_manager http://pc:57141/
[rosmaster.master][INFO] 2012-12-15 18:09:32,554: +PUB [/camera/depth/image_raw/theora/parameter_updates] /camera_nodelet_manager http://pc:57141/
[rosmaster.master][INFO] 2012-12-15 18:09:32,561: +PARAM [/camera/depth/image_raw/theora/optimize_for] by /camera_nodelet_manager
[rosmaster.master][INFO] 2012-12-15 18:09:32,563: +PARAM [/camera/depth/image_raw/theora/target_bitrate] by /camera_nodelet_manager
[rosmaster.master][INFO] 2012-12-15 18:09:32,565: +PARAM [/camera/depth/image_raw/theora/quality] by /camera_nodelet_manager
[rosmaster.master][INFO] 2012-12-15 18:09:32,567: +PARAM [/camera/depth/image_raw/theora/keyframe_frequency] by /camera_nodelet_manager
[rosmaster.master][INFO] 2012-12-15 18:09:32,569: +PUB [/camera/depth/camera_info] /camera_nodelet_manager http://pc:57141/
[rosmaster.master][INFO] 2012-12-15 18:09:32,571: publisherUpdate[/camera/rgb/image_raw] -> http://pc:57141/
[rosmaster.master][INFO] 2012-12-15 18:09:32,573: publisherUpdate[/camera/rgb/camera_info] -> http://pc:57141/
[rosmaster.master][INFO] 2012-12-15 18:09:32,575: +PUB [/camera/projector/camera_info] /camera_nodelet_manager http://pc:57141/
[rosmaster.master][INFO] 2012-12-15 18:09:32,576: publisherUpdate[/camera/depth/image_raw] -> http://pc:57141/
[rosmaster.master][INFO] 2012-12-15 18:09:32,578: publisherUpdate[/camera/depth/camera_info] -> http://pc:57141/
[rosmaster.master][INFO] 2012-12-15 18:09:32,581: +PUB [/camera/depth_registered/image_raw/compressed] /camera_nodelet_manager http://pc:57141/
[rosmaster.master][INFO] 2012-12-15 18:09:32,584: +SERVICE [/camera/depth_registered/image_raw/compressed/set_parameters] /camera_nodelet_manager http://pc:57141/
[rosmaster.master][INFO] 2012-12-15 18:09:32,586: +PUB [/camera/depth_registered/image_raw/compressed/parameter_descriptions] /camera_nodelet_manager http://pc:57141/
[rosmaster.master][INFO] 2012-12-15 18:09:32,588: +PUB [/camera/depth_registered/image_raw/compressed/parameter_updates] /camera_nodelet_manager http://pc:57141/
[rosmaster.master][INFO] 2012-12-15 18:09:32,594: +PARAM [/camera/depth_registered/image_raw/compressed/format] by /camera_nodelet_manager
[rosmaster.master][INFO] 2012-12-15 18:09:32,595: +PARAM [/camera/depth_registered/image_raw/compressed/jpeg_quality] by /camera_nodelet_manager
[rosmaster.master][INFO] 2012-12-15 18:09:32,596: +PARAM [/camera/depth_registered/image_raw/compressed/png_level] by /camera_nodelet_manager
[rosmaster.master][INFO] 2012-12-15 18:09:32,598: +PUB [/camera/depth_registered/image_raw] /camera_nodelet_manager http://pc:57141/
[rosmaster.master][INFO] 2012-12-15 18:09:32,599: +PUB [/camera/depth_registered/image_raw/theora] /camera_nodelet_manager http://pc:57141/
[rosmaster.master][INFO] 2012-12-15 18:09:32,600: +SERVICE [/camera/depth_registered/image_raw/theora/set_parameters] /camera_nodelet_manager http://pc:57141/
[rosmaster.master][INFO] 2012-12-15 18:09:32,602: +PUB [/camera/depth_registered/image_raw/theora/parameter_descriptions] /camera_nodelet_manager http://pc:57141/
[rosmaster.master][INFO] 2012-12-15 18:09:32,603: +PUB [/camera/depth_registered/image_raw/theora/parameter_updates] /camera_nodelet_manager http://pc:57141/
[rosmaster.master][INFO] 2012-12-15 18:09:32,608: +PARAM [/camera/depth_registered/image_raw/theora/optimize_for] by /camera_nodelet_manager
[rosmaster.master][INFO] 2012-12-15 18:09:32,609: +PARAM [/camera/depth_registered/image_raw/theora/target_bitrate] by /camera_nodelet_manager
[rosmaster.master][INFO] 2012-12-15 18:09:32,610: +PARAM [/camera/depth_registered/image_raw/theora/quality] by /camera_nodelet_manager
[rosmaster.master][INFO] 2012-12-15 18:09:32,612: +PARAM [/camera/depth_registered/image_raw/theora/keyframe_frequency] by /camera_nodelet_manager
[rosmaster.master][INFO] 2012-12-15 18:09:32,674: publisherUpdate[/camera/depth_registered/image_raw] -> http://pc:57141/
[rosmaster.master][INFO] 2012-12-15 18:09:35,762: +PARAM [/camera/driver/image_mode] by /camera_nodelet_manager
[rosmaster.master][INFO] 2012-12-15 18:09:35,764: +PARAM [/camera/driver/depth_mode] by /camera_nodelet_manager
[rosmaster.master][INFO] 2012-12-15 18:09:35,765: +PARAM [/camera/driver/depth_registration] by /camera_nodelet_manager
[rosmaster.master][INFO] 2012-12-15 18:09:35,767: +PARAM [/camera/driver/data_skip] by /camera_nodelet_manager
[rosmaster.master][INFO] 2012-12-15 18:09:35,770: +PARAM [/camera/driver/depth_time_offset] by /camera_nodelet_manager
[rosmaster.master][INFO] 2012-12-15 18:09:35,772: +PARAM [/camera/driver/image_time_offset] by /camera_nodelet_manager
[rosmaster.master][INFO] 2012-12-15 18:09:35,773: +PARAM [/camera/driver/depth_ir_offset_x] by /camera_nodelet_manager
[rosmaster.master][INFO] 2012-12-15 18:09:35,774: +PARAM [/camera/driver/depth_ir_offset_y] by /camera_nodelet_manager
[rosmaster.master][INFO] 2012-12-15 18:09:35,776: +PARAM [/camera/driver/z_offset_mm] by /camera_nodelet_manager
[rosmaster.master][INFO] 2012-12-15 18:09:35,781: -SUB [/camera/driver/parameter_updates] /set_dr http://pc:48079/
[rosmaster.master][INFO] 2012-12-15 18:09:35,781: -SUB [/camera/driver/parameter_descriptions] /set_dr http://pc:48079/
[rosmaster.master][INFO] 2012-12-15 18:09:35,781: -PUB [/rosout] /set_dr http://pc:48079/
[rosmaster.master][INFO] 2012-12-15 18:09:35,782: publisherUpdate[/rosout] -> http://pc:53406/
[rosmaster.master][INFO] 2012-12-15 18:09:39,877: -SUB [/camera/depth_registered/image_rect] /depth_detection http://pc:60192/
[rosmaster.master][INFO] 2012-12-15 18:09:39,877: -SUB [/camera/rgb/image_rect_color] /depth_detection http://pc:60192/
[rosmaster.master][INFO] 2012-12-15 18:09:39,878: -PUB [/rosout] /depth_detection http://pc:60192/
[rosmaster.master][INFO] 2012-12-15 18:09:39,882: -SUB [/camera/depth_registered/image_rect_raw] /camera_nodelet_manager http://pc:57141/
[rosmaster.master][INFO] 2012-12-15 18:09:39,885: -SUB [/camera/depth_registered/image_raw] /camera_nodelet_manager http://pc:57141/
[rosmaster.master][INFO] 2012-12-15 18:09:39,886: -PUB [/camera/depth_registered/disparity] /camera_nodelet_manager http://pc:57141/
[rosmaster.master][INFO] 2012-12-15 18:09:39,887: -SUB [/camera/depth_registered/camera_info] /camera_nodelet_manager http://pc:57141/
[rosmaster.master][INFO] 2012-12-15 18:09:39,888: -PUB [/camera/depth/disparity] /camera_nodelet_manager http://pc:57141/
[rosmaster.master][INFO] 2012-12-15 18:09:39,889: -SUB [/camera/depth/image_rect_raw] /camera_nodelet_manager http://pc:57141/
[rosmaster.master][INFO] 2012-12-15 18:09:39,891: publisherUpdate[/rosout] -> http://pc:53406/
[rosmaster.master][INFO] 2012-12-15 18:09:39,891: -SUB [/camera/depth/image_raw] /camera_nodelet_manager http://pc:57141/
[rosmaster.master][INFO] 2012-12-15 18:09:39,894: -SUB [/camera/depth/camera_info] /camera_nodelet_manager http://pc:57141/
[rosmaster.master][INFO] 2012-12-15 18:09:39,903: -PUB [/camera/depth_registered/points] /camera_nodelet_manager http://pc:57141/
[rosmaster.master][INFO] 2012-12-15 18:09:39,969: -PUB [/rosout] /camera/depth_registered/metric_rect http://pc:37076/
[rosmaster.master][INFO] 2012-12-15 18:09:39,971: -SERVICE [/camera/depth_registered/metric_rect/get_loggers] /camera/depth_registered/metric_rect rosrpc://pc:50721
[rosmaster.master][INFO] 2012-12-15 18:09:39,973: -SERVICE [/camera/depth_registered/metric_rect/set_logger_level] /camera/depth_registered/metric_rect rosrpc://pc:50721
[rosmaster.master][INFO] 2012-12-15 18:09:39,982: -PUB [/rosout] /camera/depth_registered/metric http://pc:58359/
[rosmaster.master][INFO] 2012-12-15 18:09:39,983: -PUB [/rosout] /camera/disparity_depth_registered http://pc:40447/
[rosmaster.master][INFO] 2012-12-15 18:09:39,985: -SERVICE [/camera/depth_registered/metric/get_loggers] /camera/depth_registered/metric rosrpc://pc:43127
[rosmaster.master][INFO] 2012-12-15 18:09:39,989: -SERVICE [/camera/disparity_depth_registered/get_loggers] /camera/disparity_depth_registered rosrpc://pc:34904
[rosmaster.master][INFO] 2012-12-15 18:09:39,990: -SERVICE [/camera/depth_registered/metric/set_logger_level] /camera/depth_registered/metric rosrpc://pc:43127
[rosmaster.master][INFO] 2012-12-15 18:09:39,991: -SERVICE [/camera/disparity_depth_registered/set_logger_level] /camera/disparity_depth_registered rosrpc://pc:34904
[rosmaster.master][INFO] 2012-12-15 18:09:39,992: publisherUpdate[/rosout] -> http://pc:53406/
[rosmaster.master][INFO] 2012-12-15 18:09:39,994: publisherUpdate[/rosout] -> http://pc:53406/
[rosmaster.master][INFO] 2012-12-15 18:09:39,996: publisherUpdate[/rosout] -> http://pc:53406/
[rosmaster.master][INFO] 2012-12-15 18:09:40,010: -PUB [/rosout] /camera_base_link2 http://pc:44957/
[rosmaster.master][INFO] 2012-12-15 18:09:40,013: -PUB [/tf] /camera_base_link2 http://pc:44957/
[rosmaster.master][INFO] 2012-12-15 18:09:40,015: -SERVICE [/camera_base_link2/get_loggers] /camera_base_link2 rosrpc://pc:39127
[rosmaster.master][INFO] 2012-12-15 18:09:40,018: -SERVICE [/camera_base_link2/set_logger_level] /camera_base_link2 rosrpc://pc:39127
[rosmaster.master][INFO] 2012-12-15 18:09:40,069: -PUB [/rosout] /camera/disparity_depth http://pc:47679/
[rosmaster.master][INFO] 2012-12-15 18:09:40,070: -PUB [/rosout] /camera/points_xyzrgb_depth_rgb http://pc:55718/
[rosmaster.master][INFO] 2012-12-15 18:09:40,071: -SERVICE [/camera/disparity_depth/get_loggers] /camera/disparity_depth rosrpc://pc:54268
[rosmaster.master][INFO] 2012-12-15 18:09:40,072: -SERVICE [/camera/points_xyzrgb_depth_rgb/get_loggers] /camera/points_xyzrgb_depth_rgb rosrpc://pc:56104
[rosmaster.master][INFO] 2012-12-15 18:09:40,073: -SERVICE [/camera/disparity_depth/set_logger_level] /camera/disparity_depth rosrpc://pc:54268
[rosmaster.master][INFO] 2012-12-15 18:09:40,074: -SERVICE [/camera/points_xyzrgb_depth_rgb/set_logger_level] /camera/points_xyzrgb_depth_rgb rosrpc://pc:56104
[rosmaster.master][INFO] 2012-12-15 18:09:40,093: publisherUpdate[/rosout] -> http://pc:53406/
[rosmaster.master][INFO] 2012-12-15 18:09:40,096: publisherUpdate[/tf] -> http://pc:57141/
[rosmaster.master][INFO] 2012-12-15 18:09:40,097: publisherUpdate[/rosout] -> http://pc:53406/
[rosmaster.master][INFO] 2012-12-15 18:09:40,100: publisherUpdate[/rosout] -> http://pc:53406/
[rosmaster.master][INFO] 2012-12-15 18:09:40,107: -PUB [/camera/depth_registered/rectify_depth/parameter_descriptions] /camera_nodelet_manager http://pc:57141/
[rosmaster.master][INFO] 2012-12-15 18:09:40,109: -PUB [/camera/depth_registered/rectify_depth/parameter_updates] /camera_nodelet_manager http://pc:57141/
[rosmaster.master][INFO] 2012-12-15 18:09:40,111: -PUB [/rosout] /camera_base_link3 http://pc:33430/
[rosmaster.master][INFO] 2012-12-15 18:09:40,112: -PUB [/rosout] /camera_base_link1 http://pc:46170/
[rosmaster.master][INFO] 2012-12-15 18:09:40,113: -PUB [/rosout] /camera_base_link http://pc:56664/
[rosmaster.master][INFO] 2012-12-15 18:09:40,114: -SERVICE [/camera/depth_registered/rectify_depth/set_parameters] /camera_nodelet_manager rosrpc://pc:35023
[rosmaster.master][INFO] 2012-12-15 18:09:40,115: -PUB [/tf] /camera_base_link3 http://pc:33430/
[rosmaster.master][INFO] 2012-12-15 18:09:40,117: -PUB [/tf] /camera_base_link http://pc:56664/
[rosmaster.master][INFO] 2012-12-15 18:09:40,118: -PUB [/tf] /camera_base_link1 http://pc:46170/
[rosmaster.master][INFO] 2012-12-15 18:09:40,119: -SERVICE [/camera/depth_registered/image_rect_raw/compressed/set_parameters] /camera_nodelet_manager rosrpc://pc:35023
[rosmaster.master][INFO] 2012-12-15 18:09:40,120: -SERVICE [/camera_base_link3/get_loggers] /camera_base_link3 rosrpc://pc:49367
[rosmaster.master][INFO] 2012-12-15 18:09:40,121: -SERVICE [/camera_base_link/get_loggers] /camera_base_link rosrpc://pc:33029
[rosmaster.master][INFO] 2012-12-15 18:09:40,122: -SERVICE [/camera_base_link1/get_loggers] /camera_base_link1 rosrpc://pc:35129
[rosmaster.master][INFO] 2012-12-15 18:09:40,123: -SERVICE [/camera/depth_registered/image_rect_raw/theora/set_parameters] /camera_nodelet_manager rosrpc://pc:35023
[rosmaster.master][INFO] 2012-12-15 18:09:40,124: -SERVICE [/camera_base_link3/set_logger_level] /camera_base_link3 rosrpc://pc:49367
[rosmaster.master][INFO] 2012-12-15 18:09:40,125: -SERVICE [/camera_base_link/set_logger_level] /camera_base_link rosrpc://pc:33029
[rosmaster.master][INFO] 2012-12-15 18:09:40,126: -SERVICE [/camera_base_link1/set_logger_level] /camera_base_link1 rosrpc://pc:35129
[rosmaster.master][INFO] 2012-12-15 18:09:40,132: -SUB [/tf] /camera_nodelet_manager http://pc:57141/
[rosmaster.master][INFO] 2012-12-15 18:09:40,134: -SERVICE [/camera_nodelet_manager/tf_frames] /camera_nodelet_manager rosrpc://pc:35023
[rosmaster.master][INFO] 2012-12-15 18:09:40,169: -PUB [/rosout] /camera/depth_registered/rectify_depth http://pc:60904/
[rosmaster.master][INFO] 2012-12-15 18:09:40,170: -SERVICE [/camera/depth_registered/rectify_depth/get_loggers] /camera/depth_registered/rectify_depth rosrpc://pc:42354
[rosmaster.master][INFO] 2012-12-15 18:09:40,172: -SERVICE [/camera/depth_registered/rectify_depth/set_logger_level] /camera/depth_registered/rectify_depth rosrpc://pc:42354
[rosmaster.master][INFO] 2012-12-15 18:09:40,182: -PUB [/camera/depth/points] /camera_nodelet_manager http://pc:57141/
[rosmaster.master][INFO] 2012-12-15 18:09:40,198: publisherUpdate[/rosout] -> http://pc:53406/
[rosmaster.master][INFO] 2012-12-15 18:09:40,200: publisherUpdate[/rosout] -> http://pc:53406/
[rosmaster.master][INFO] 2012-12-15 18:09:40,200: publisherUpdate[/tf] -> http://pc:57141/
[rosmaster.master][INFO] 2012-12-15 18:09:40,201: publisherUpdate[/tf] -> http://pc:57141/
[rosmaster.master][INFO] 2012-12-15 18:09:40,202: publisherUpdate[/rosout] -> http://pc:53406/
[rosmaster.master][INFO] 2012-12-15 18:09:40,203: publisherUpdate[/tf] -> http://pc:57141/
[rosmaster.master][INFO] 2012-12-15 18:09:40,204: publisherUpdate[/rosout] -> http://pc:53406/
[rosmaster.master][INFO] 2012-12-15 18:09:40,266: -PUB [/rosout] /camera/depth/metric http://pc:33010/
[rosmaster.master][INFO] 2012-12-15 18:09:40,269: -SERVICE [/camera/depth/metric/get_loggers] /camera/depth/metric rosrpc://pc:59234
[rosmaster.master][INFO] 2012-12-15 18:09:40,271: -PUB [/rosout] /camera/register_depth_rgb http://pc:42070/
[rosmaster.master][INFO] 2012-12-15 18:09:40,272: -SERVICE [/camera/depth/metric/set_logger_level] /camera/depth/metric rosrpc://pc:59234
[rosmaster.master][INFO] 2012-12-15 18:09:40,273: -SERVICE [/camera/register_depth_rgb/get_loggers] /camera/register_depth_rgb rosrpc://pc:49579
[rosmaster.master][INFO] 2012-12-15 18:09:40,278: -SERVICE [/camera/register_depth_rgb/set_logger_level] /camera/register_depth_rgb rosrpc://pc:49579
[rosmaster.master][INFO] 2012-12-15 18:09:40,281: -SUB [/camera/rgb/image_color] /camera_nodelet_manager http://pc:57141/
[rosmaster.master][INFO] 2012-12-15 18:09:40,286: -SUB [/camera/rgb/camera_info] /camera_nodelet_manager http://pc:57141/
[rosmaster.master][INFO] 2012-12-15 18:09:40,288: -PUB [/camera/depth/rectify_depth/parameter_descriptions] /camera_nodelet_manager http://pc:57141/
[rosmaster.master][INFO] 2012-12-15 18:09:40,290: -SUB [/camera/rgb/image_raw] /camera_nodelet_manager http://pc:57141/
[rosmaster.master][INFO] 2012-12-15 18:09:40,291: -PUB [/camera/depth/rectify_depth/parameter_updates] /camera_nodelet_manager http://pc:57141/
[rosmaster.master][INFO] 2012-12-15 18:09:40,292: -SERVICE [/camera/depth/rectify_depth/set_parameters] /camera_nodelet_manager rosrpc://pc:35023
[rosmaster.master][INFO] 2012-12-15 18:09:40,293: -PUB [/camera/ir/rectify_ir/parameter_descriptions] /camera_nodelet_manager http://pc:57141/
[rosmaster.master][INFO] 2012-12-15 18:09:40,294: -PUB [/camera/ir/rectify_ir/parameter_updates] /camera_nodelet_manager http://pc:57141/
[rosmaster.master][INFO] 2012-12-15 18:09:40,295: -SERVICE [/camera/ir/rectify_ir/set_parameters] /camera_nodelet_manager rosrpc://pc:35023
[rosmaster.master][INFO] 2012-12-15 18:09:40,297: -PUB [/camera/rgb/rectify_color/parameter_descriptions] /camera_nodelet_manager http://pc:57141/
[rosmaster.master][INFO] 2012-12-15 18:09:40,299: -PUB [/camera/rgb/rectify_color/parameter_updates] /camera_nodelet_manager http://pc:57141/
[rosmaster.master][INFO] 2012-12-15 18:09:40,303: -SERVICE [/camera/rgb/rectify_color/set_parameters] /camera_nodelet_manager rosrpc://pc:35023
[rosmaster.master][INFO] 2012-12-15 18:09:40,304: publisherUpdate[/rosout] -> http://pc:53406/
[rosmaster.master][INFO] 2012-12-15 18:09:40,305: -PUB [/camera/rgb/rectify_mono/parameter_descriptions] /camera_nodelet_manager http://pc:57141/
[rosmaster.master][INFO] 2012-12-15 18:09:40,307: publisherUpdate[/rosout] -> http://pc:53406/
[rosmaster.master][INFO] 2012-12-15 18:09:40,311: -PUB [/camera/rgb/rectify_mono/parameter_updates] /camera_nodelet_manager http://pc:57141/
[rosmaster.master][INFO] 2012-12-15 18:09:40,313: -SERVICE [/camera/rgb/rectify_mono/set_parameters] /camera_nodelet_manager rosrpc://pc:35023
[rosmaster.master][INFO] 2012-12-15 18:09:40,314: -PUB [/camera/rgb/debayer/parameter_descriptions] /camera_nodelet_manager http://pc:57141/
[rosmaster.master][INFO] 2012-12-15 18:09:40,316: -PUB [/camera/rgb/debayer/parameter_updates] /camera_nodelet_manager http://pc:57141/
[rosmaster.master][INFO] 2012-12-15 18:09:40,319: -SERVICE [/camera/rgb/debayer/set_parameters] /camera_nodelet_manager rosrpc://pc:35023
[rosmaster.master][INFO] 2012-12-15 18:09:40,359: -PUB [/rosout] /camera/driver http://pc:55231/
[rosmaster.master][INFO] 2012-12-15 18:09:40,361: -SERVICE [/camera/driver/get_loggers] /camera/driver rosrpc://pc:54322
[rosmaster.master][INFO] 2012-12-15 18:09:40,364: -SERVICE [/camera/driver/set_logger_level] /camera/driver rosrpc://pc:54322
[rosmaster.master][INFO] 2012-12-15 18:09:40,366: -PUB [/rosout] /camera/depth/metric_rect http://pc:56535/
[rosmaster.master][INFO] 2012-12-15 18:09:40,369: -PUB [/rosout] /camera/rgb/rectify_color http://pc:58897/
[rosmaster.master][INFO] 2012-12-15 18:09:40,371: -PUB [/rosout] /camera/ir/rectify_ir http://pc:55409/
[rosmaster.master][INFO] 2012-12-15 18:09:40,374: -SERVICE [/camera/depth/metric_rect/get_loggers] /camera/depth/metric_rect rosrpc://pc:35967
[rosmaster.master][INFO] 2012-12-15 18:09:40,379: -SERVICE [/camera/rgb/rectify_color/get_loggers] /camera/rgb/rectify_color rosrpc://pc:43018
[rosmaster.master][INFO] 2012-12-15 18:09:40,384: -SERVICE [/camera/ir/rectify_ir/get_loggers] /camera/ir/rectify_ir rosrpc://pc:51828
[rosmaster.master][INFO] 2012-12-15 18:09:40,386: -SERVICE [/camera/depth/metric_rect/set_logger_level] /camera/depth/metric_rect rosrpc://pc:35967
[rosmaster.master][INFO] 2012-12-15 18:09:40,390: -PUB [/rosout] /camera/depth/points http://pc:53811/
[rosmaster.master][INFO] 2012-12-15 18:09:40,393: -SERVICE [/camera/rgb/rectify_color/set_logger_level] /camera/rgb/rectify_color rosrpc://pc:43018
[rosmaster.master][INFO] 2012-12-15 18:09:40,395: -SERVICE [/camera/ir/rectify_ir/set_logger_level] /camera/ir/rectify_ir rosrpc://pc:51828
[rosmaster.master][INFO] 2012-12-15 18:09:40,398: -SERVICE [/camera/depth/points/get_loggers] /camera/depth/points rosrpc://pc:36690
[rosmaster.master][INFO] 2012-12-15 18:09:40,401: -SERVICE [/camera/depth/points/set_logger_level] /camera/depth/points rosrpc://pc:36690
[rosmaster.master][INFO] 2012-12-15 18:09:40,405: publisherUpdate[/rosout] -> http://pc:53406/
[rosmaster.master][INFO] 2012-12-15 18:09:40,406: publisherUpdate[/rosout] -> http://pc:53406/
[rosmaster.master][INFO] 2012-12-15 18:09:40,407: publisherUpdate[/rosout] -> http://pc:53406/
[rosmaster.master][INFO] 2012-12-15 18:09:40,409: publisherUpdate[/rosout] -> http://pc:53406/
[rosmaster.master][INFO] 2012-12-15 18:09:40,410: publisherUpdate[/rosout] -> http://pc:53406/
[rosmaster.master][INFO] 2012-12-15 18:09:40,459: -PUB [/rosout] /camera/rgb/debayer http://pc:48746/
[rosmaster.master][INFO] 2012-12-15 18:09:40,460: -SERVICE [/camera/rgb/debayer/get_loggers] /camera/rgb/debayer rosrpc://pc:49999
[rosmaster.master][INFO] 2012-12-15 18:09:40,461: -SERVICE [/camera/rgb/debayer/set_logger_level] /camera/rgb/debayer rosrpc://pc:49999
[rosmaster.master][INFO] 2012-12-15 18:09:40,463: -PUB [/rosout] /camera/rgb/rectify_mono http://pc:57050/
[rosmaster.master][INFO] 2012-12-15 18:09:40,464: -PUB [/rosout] /camera/depth/rectify_depth http://pc:56702/
[rosmaster.master][INFO] 2012-12-15 18:09:40,465: -SERVICE [/camera/rgb/rectify_mono/get_loggers] /camera/rgb/rectify_mono rosrpc://pc:39316
[rosmaster.master][INFO] 2012-12-15 18:09:40,466: -SERVICE [/camera/rgb/rectify_mono/set_logger_level] /camera/rgb/rectify_mono rosrpc://pc:39316
[rosmaster.master][INFO] 2012-12-15 18:09:40,467: -SERVICE [/camera/depth/rectify_depth/get_loggers] /camera/depth/rectify_depth rosrpc://pc:35067
[rosmaster.master][INFO] 2012-12-15 18:09:40,470: -SERVICE [/camera/depth/rectify_depth/set_logger_level] /camera/depth/rectify_depth rosrpc://pc:35067
[rosmaster.master][INFO] 2012-12-15 18:09:40,479: -SERVICE [/camera/ir/set_camera_info] /camera_nodelet_manager rosrpc://pc:35023
[rosmaster.master][INFO] 2012-12-15 18:09:40,480: -SERVICE [/camera/rgb/set_camera_info] /camera_nodelet_manager rosrpc://pc:35023
[rosmaster.master][INFO] 2012-12-15 18:09:40,481: -SERVICE [/camera/driver/set_parameters] /camera_nodelet_manager rosrpc://pc:35023
[rosmaster.master][INFO] 2012-12-15 18:09:40,505: -PUB [/rosout] /camera_nodelet_manager http://pc:57141/
[rosmaster.master][INFO] 2012-12-15 18:09:40,506: -PUB [/camera/rgb/image_mono/compressed] /camera_nodelet_manager http://pc:57141/
[rosmaster.master][INFO] 2012-12-15 18:09:40,507: -PUB [/camera/rgb/image_mono/compressed/parameter_descriptions] /camera_nodelet_manager http://pc:57141/
[rosmaster.master][INFO] 2012-12-15 18:09:40,507: publisherUpdate[/rosout] -> http://pc:53406/
[rosmaster.master][INFO] 2012-12-15 18:09:40,508: publisherUpdate[/rosout] -> http://pc:53406/
[rosmaster.master][INFO] 2012-12-15 18:09:40,509: -PUB [/camera/rgb/image_mono/compressed/parameter_updates] /camera_nodelet_manager http://pc:57141/
[rosmaster.master][INFO] 2012-12-15 18:09:40,509: publisherUpdate[/rosout] -> http://pc:53406/
[rosmaster.master][INFO] 2012-12-15 18:09:40,511: publisherUpdate[/rosout] -> http://pc:53406/
[rosmaster.master][INFO] 2012-12-15 18:09:40,511: -PUB [/camera/rgb/image_mono] /camera_nodelet_manager http://pc:57141/
[rosmaster.master][INFO] 2012-12-15 18:09:40,512: -PUB [/camera/rgb/image_mono/theora] /camera_nodelet_manager http://pc:57141/
[rosmaster.master][INFO] 2012-12-15 18:09:40,513: -PUB [/camera/rgb/image_mono/theora/parameter_descriptions] /camera_nodelet_manager http://pc:57141/
[rosmaster.master][INFO] 2012-12-15 18:09:40,514: -PUB [/camera/rgb/image_mono/theora/parameter_updates] /camera_nodelet_manager http://pc:57141/
[rosmaster.master][INFO] 2012-12-15 18:09:40,515: -PUB [/camera/rgb/image_color/compressed] /camera_nodelet_manager http://pc:57141/
[rosmaster.master][INFO] 2012-12-15 18:09:40,517: -PUB [/camera/rgb/image_color/compressed/parameter_descriptions] /camera_nodelet_manager http://pc:57141/
[rosmaster.master][INFO] 2012-12-15 18:09:40,518: -PUB [/camera/rgb/image_color/compressed/parameter_updates] /camera_nodelet_manager http://pc:57141/
[rosmaster.master][INFO] 2012-12-15 18:09:40,519: -PUB [/camera/rgb/image_color] /camera_nodelet_manager http://pc:57141/
[rosmaster.master][INFO] 2012-12-15 18:09:40,520: -PUB [/camera/rgb/image_color/theora] /camera_nodelet_manager http://pc:57141/
[rosmaster.master][INFO] 2012-12-15 18:09:40,521: -PUB [/camera/rgb/image_color/theora/parameter_descriptions] /camera_nodelet_manager http://pc:57141/
[rosmaster.master][INFO] 2012-12-15 18:09:40,522: -PUB [/camera/rgb/image_color/theora/parameter_updates] /camera_nodelet_manager http://pc:57141/
[rosmaster.master][INFO] 2012-12-15 18:09:40,523: -PUB [/camera/rgb/image_rect_color/compressed] /camera_nodelet_manager http://pc:57141/
[rosmaster.master][INFO] 2012-12-15 18:09:40,523: -PUB [/camera/rgb/image_rect_color/compressed/parameter_descriptions] /camera_nodelet_manager http://pc:57141/
[rosmaster.master][INFO] 2012-12-15 18:09:40,524: -PUB [/camera/rgb/image_rect_color/compressed/parameter_updates] /camera_nodelet_manager http://pc:57141/
[rosmaster.master][INFO] 2012-12-15 18:09:40,525: -PUB [/camera/rgb/image_rect_color] /camera_nodelet_manager http://pc:57141/
[rosmaster.master][INFO] 2012-12-15 18:09:40,526: -PUB [/camera/rgb/image_rect_color/theora] /camera_nodelet_manager http://pc:57141/
[rosmaster.master][INFO] 2012-12-15 18:09:40,527: -PUB [/camera/rgb/image_rect_color/theora/parameter_descriptions] /camera_nodelet_manager http://pc:57141/
[rosmaster.master][INFO] 2012-12-15 18:09:40,527: -PUB [/camera/rgb/image_rect_color/theora/parameter_updates] /camera_nodelet_manager http://pc:57141/
[rosmaster.master][INFO] 2012-12-15 18:09:40,528: -PUB [/camera/depth/image_rect/compressed] /camera_nodelet_manager http://pc:57141/
[rosmaster.master][INFO] 2012-12-15 18:09:40,529: -PUB [/camera/depth/image_rect/compressed/parameter_descriptions] /camera_nodelet_manager http://pc:57141/
[rosmaster.master][INFO] 2012-12-15 18:09:40,530: -PUB [/camera/depth/image_rect/compressed/parameter_updates] /camera_nodelet_manager http://pc:57141/
[rosmaster.master][INFO] 2012-12-15 18:09:40,531: -PUB [/camera/depth/image_rect] /camera_nodelet_manager http://pc:57141/
[rosmaster.master][INFO] 2012-12-15 18:09:40,534: -PUB [/camera/depth/image_rect/theora] /camera_nodelet_manager http://pc:57141/
[rosmaster.master][INFO] 2012-12-15 18:09:40,535: -PUB [/camera/depth/image_rect/theora/parameter_descriptions] /camera_nodelet_manager http://pc:57141/
[rosmaster.master][INFO] 2012-12-15 18:09:40,537: -PUB [/camera/depth/image_rect/theora/parameter_updates] /camera_nodelet_manager http://pc:57141/
[rosmaster.master][INFO] 2012-12-15 18:09:40,538: -PUB [/camera/ir/image_rect/compressed] /camera_nodelet_manager http://pc:57141/
[rosmaster.master][INFO] 2012-12-15 18:09:40,540: -PUB [/camera/ir/image_rect/compressed/parameter_descriptions] /camera_nodelet_manager http://pc:57141/
[rosmaster.master][INFO] 2012-12-15 18:09:40,541: -PUB [/camera/ir/image_rect/compressed/parameter_updates] /camera_nodelet_manager http://pc:57141/
[rosmaster.master][INFO] 2012-12-15 18:09:40,542: -PUB [/camera/ir/image_rect] /camera_nodelet_manager http://pc:57141/
[rosmaster.master][INFO] 2012-12-15 18:09:40,544: -PUB [/camera/ir/image_rect/theora] /camera_nodelet_manager http://pc:57141/
[rosmaster.master][INFO] 2012-12-15 18:09:40,545: -PUB [/camera/ir/image_rect/theora/parameter_descriptions] /camera_nodelet_manager http://pc:57141/
[rosmaster.master][INFO] 2012-12-15 18:09:40,546: -PUB [/camera/ir/image_rect/theora/parameter_updates] /camera_nodelet_manager http://pc:57141/
[rosmaster.master][INFO] 2012-12-15 18:09:40,547: -PUB [/camera/rgb/image_rect/compressed] /camera_nodelet_manager http://pc:57141/
[rosmaster.master][INFO] 2012-12-15 18:09:40,549: -PUB [/camera/rgb/image_rect/compressed/parameter_descriptions] /camera_nodelet_manager http://pc:57141/
[rosmaster.master][INFO] 2012-12-15 18:09:40,550: -PUB [/camera/rgb/image_rect/compressed/parameter_updates] /camera_nodelet_manager http://pc:57141/
[rosmaster.master][INFO] 2012-12-15 18:09:40,551: -PUB [/camera/rgb/image_rect] /camera_nodelet_manager http://pc:57141/
[rosmaster.master][INFO] 2012-12-15 18:09:40,552: -PUB [/camera/rgb/image_rect/theora] /camera_nodelet_manager http://pc:57141/
[rosmaster.master][INFO] 2012-12-15 18:09:40,553: -PUB [/camera/rgb/image_rect/theora/parameter_descriptions] /camera_nodelet_manager http://pc:57141/
[rosmaster.master][INFO] 2012-12-15 18:09:40,553: -PUB [/camera/rgb/image_rect/theora/parameter_updates] /camera_nodelet_manager http://pc:57141/
[rosmaster.master][INFO] 2012-12-15 18:09:40,554: -PUB [/camera/depth_registered/image_rect_raw/compressed] /camera_nodelet_manager http://pc:57141/
[rosmaster.master][INFO] 2012-12-15 18:09:40,555: -PUB [/camera/depth_registered/image_rect_raw/compressed/parameter_descriptions] /camera_nodelet_manager http://pc:57141/
[rosmaster.master][INFO] 2012-12-15 18:09:40,556: -PUB [/camera/depth_registered/image_rect_raw/compressed/parameter_updates] /camera_nodelet_manager http://pc:57141/
[rosmaster.master][INFO] 2012-12-15 18:09:40,558: -PUB [/camera/depth_registered/image_rect_raw] /camera_nodelet_manager http://pc:57141/
[rosmaster.master][INFO] 2012-12-15 18:09:40,559: -PUB [/camera/depth_registered/image_rect_raw/theora] /camera_nodelet_manager http://pc:57141/
[rosmaster.master][INFO] 2012-12-15 18:09:40,561: -PUB [/camera/depth_registered/image_rect_raw/theora/parameter_descriptions] /camera_nodelet_manager http://pc:57141/
[rosmaster.master][INFO] 2012-12-15 18:09:40,562: -PUB [/camera/depth_registered/image_rect_raw/theora/parameter_updates] /camera_nodelet_manager http://pc:57141/
[rosmaster.master][INFO] 2012-12-15 18:09:40,564: -PUB [/camera/depth_registered/camera_info] /camera_nodelet_manager http://pc:57141/
[rosmaster.master][INFO] 2012-12-15 18:09:40,565: -PUB [/camera/depth_registered/image/compressed] /camera_nodelet_manager http://pc:57141/
[rosmaster.master][INFO] 2012-12-15 18:09:40,566: -PUB [/camera/depth_registered/image/compressed/parameter_descriptions] /camera_nodelet_manager http://pc:57141/
[rosmaster.master][INFO] 2012-12-15 18:09:40,567: -PUB [/camera/depth_registered/image/compressed/parameter_updates] /camera_nodelet_manager http://pc:57141/
[rosmaster.master][INFO] 2012-12-15 18:09:40,569: -PUB [/camera/depth_registered/image] /camera_nodelet_manager http://pc:57141/
[rosmaster.master][INFO] 2012-12-15 18:09:40,570: -PUB [/camera/depth_registered/image/theora] /camera_nodelet_manager http://pc:57141/
[rosmaster.master][INFO] 2012-12-15 18:09:40,571: -PUB [/camera/depth_registered/image/theora/parameter_descriptions] /camera_nodelet_manager http://pc:57141/
[rosmaster.master][INFO] 2012-12-15 18:09:40,571: -PUB [/camera/depth_registered/image/theora/parameter_updates] /camera_nodelet_manager http://pc:57141/
[rosmaster.master][INFO] 2012-12-15 18:09:40,572: -PUB [/camera/depth_registered/image_rect/compressed] /camera_nodelet_manager http://pc:57141/
[rosmaster.master][INFO] 2012-12-15 18:09:40,573: -PUB [/camera/depth_registered/image_rect/compressed/parameter_descriptions] /camera_nodelet_manager http://pc:57141/
[rosmaster.master][INFO] 2012-12-15 18:09:40,574: -PUB [/camera/depth_registered/image_rect/compressed/parameter_updates] /camera_nodelet_manager http://pc:57141/
[rosmaster.master][INFO] 2012-12-15 18:09:40,575: -PUB [/camera/depth_registered/image_rect] /camera_nodelet_manager http://pc:57141/
[rosmaster.master][INFO] 2012-12-15 18:09:40,576: -PUB [/camera/depth_registered/image_rect/theora] /camera_nodelet_manager http://pc:57141/
[rosmaster.master][INFO] 2012-12-15 18:09:40,577: -PUB [/camera/depth_registered/image_rect/theora/parameter_descriptions] /camera_nodelet_manager http://pc:57141/
[rosmaster.master][INFO] 2012-12-15 18:09:40,579: -PUB [/camera/depth_registered/image_rect/theora/parameter_updates] /camera_nodelet_manager http://pc:57141/
[rosmaster.master][INFO] 2012-12-15 18:09:40,581: -PUB [/camera/depth/image_rect_raw/compressed] /camera_nodelet_manager http://pc:57141/
[rosmaster.master][INFO] 2012-12-15 18:09:40,583: -PUB [/camera/depth/image_rect_raw/compressed/parameter_descriptions] /camera_nodelet_manager http://pc:57141/
[rosmaster.master][INFO] 2012-12-15 18:09:40,584: -PUB [/camera/depth/image_rect_raw/compressed/parameter_updates] /camera_nodelet_manager http://pc:57141/
[rosmaster.master][INFO] 2012-12-15 18:09:40,584: -PUB [/camera/depth/image_rect_raw] /camera_nodelet_manager http://pc:57141/
[rosmaster.master][INFO] 2012-12-15 18:09:40,585: -PUB [/camera/depth/image_rect_raw/theora] /camera_nodelet_manager http://pc:57141/
[rosmaster.master][INFO] 2012-12-15 18:09:40,586: -PUB [/camera/depth/image_rect_raw/theora/parameter_descriptions] /camera_nodelet_manager http://pc:57141/
[rosmaster.master][INFO] 2012-12-15 18:09:40,587: -PUB [/camera/depth/image_rect_raw/theora/parameter_updates] /camera_nodelet_manager http://pc:57141/
[rosmaster.master][INFO] 2012-12-15 18:09:40,588: -PUB [/camera/depth/image/compressed] /camera_nodelet_manager http://pc:57141/
[rosmaster.master][INFO] 2012-12-15 18:09:40,589: -PUB [/camera/depth/image/compressed/parameter_descriptions] /camera_nodelet_manager http://pc:57141/
[rosmaster.master][INFO] 2012-12-15 18:09:40,589: -PUB [/camera/depth/image/compressed/parameter_updates] /camera_nodelet_manager http://pc:57141/
[rosmaster.master][INFO] 2012-12-15 18:09:40,590: -PUB [/camera/depth/image] /camera_nodelet_manager http://pc:57141/
[rosmaster.master][INFO] 2012-12-15 18:09:40,591: -PUB [/camera/depth/image/theora] /camera_nodelet_manager http://pc:57141/
[rosmaster.master][INFO] 2012-12-15 18:09:40,592: -PUB [/camera/depth/image/theora/parameter_descriptions] /camera_nodelet_manager http://pc:57141/
[rosmaster.master][INFO] 2012-12-15 18:09:40,593: -PUB [/camera/depth/image/theora/parameter_updates] /camera_nodelet_manager http://pc:57141/
[rosmaster.master][INFO] 2012-12-15 18:09:40,594: -PUB [/camera/driver/parameter_descriptions] /camera_nodelet_manager http://pc:57141/
[rosmaster.master][INFO] 2012-12-15 18:09:40,596: -PUB [/camera/driver/parameter_updates] /camera_nodelet_manager http://pc:57141/
[rosmaster.master][INFO] 2012-12-15 18:09:40,597: -PUB [/camera/rgb/image_raw/compressed] /camera_nodelet_manager http://pc:57141/
[rosmaster.master][INFO] 2012-12-15 18:09:40,599: -PUB [/camera/rgb/image_raw/compressed/parameter_descriptions] /camera_nodelet_manager http://pc:57141/
[rosmaster.master][INFO] 2012-12-15 18:09:40,600: -PUB [/camera/rgb/image_raw/compressed/parameter_updates] /camera_nodelet_manager http://pc:57141/
[rosmaster.master][INFO] 2012-12-15 18:09:40,601: -PUB [/camera/rgb/image_raw] /camera_nodelet_manager http://pc:57141/
[rosmaster.master][INFO] 2012-12-15 18:09:40,601: -PUB [/camera/rgb/image_raw/theora] /camera_nodelet_manager http://pc:57141/
[rosmaster.master][INFO] 2012-12-15 18:09:40,602: -PUB [/camera/rgb/image_raw/theora/parameter_descriptions] /camera_nodelet_manager http://pc:57141/
[rosmaster.master][INFO] 2012-12-15 18:09:40,603: -PUB [/camera/rgb/image_raw/theora/parameter_updates] /camera_nodelet_manager http://pc:57141/
[rosmaster.master][INFO] 2012-12-15 18:09:40,604: -PUB [/camera/rgb/camera_info] /camera_nodelet_manager http://pc:57141/
[rosmaster.master][INFO] 2012-12-15 18:09:40,605: -PUB [/camera/ir/image_raw/compressed] /camera_nodelet_manager http://pc:57141/
[rosmaster.master][INFO] 2012-12-15 18:09:40,605: -PUB [/camera/ir/image_raw/compressed/parameter_descriptions] /camera_nodelet_manager http://pc:57141/
[rosmaster.master][INFO] 2012-12-15 18:09:40,606: -PUB [/camera/ir/image_raw/compressed/parameter_updates] /camera_nodelet_manager http://pc:57141/
[rosmaster.master][INFO] 2012-12-15 18:09:40,607: -PUB [/camera/ir/image_raw] /camera_nodelet_manager http://pc:57141/
[rosmaster.master][INFO] 2012-12-15 18:09:40,608: -PUB [/camera/ir/image_raw/theora] /camera_nodelet_manager http://pc:57141/
[rosmaster.master][INFO] 2012-12-15 18:09:40,609: -PUB [/camera/ir/image_raw/theora/parameter_descriptions] /camera_nodelet_manager http://pc:57141/
[rosmaster.master][INFO] 2012-12-15 18:09:40,610: -PUB [/camera/ir/image_raw/theora/parameter_updates] /camera_nodelet_manager http://pc:57141/
[rosmaster.master][INFO] 2012-12-15 18:09:40,612: -PUB [/camera/ir/camera_info] /camera_nodelet_manager http://pc:57141/
[rosmaster.master][INFO] 2012-12-15 18:09:40,613: -PUB [/camera/depth/image_raw/compressed] /camera_nodelet_manager http://pc:57141/
[rosmaster.master][INFO] 2012-12-15 18:09:40,614: -PUB [/camera/depth/image_raw/compressed/parameter_descriptions] /camera_nodelet_manager http://pc:57141/
[rosmaster.master][INFO] 2012-12-15 18:09:40,615: -PUB [/camera/depth/image_raw/compressed/parameter_updates] /camera_nodelet_manager http://pc:57141/
[rosmaster.master][INFO] 2012-12-15 18:09:40,616: -PUB [/camera/depth/image_raw] /camera_nodelet_manager http://pc:57141/
[rosmaster.master][INFO] 2012-12-15 18:09:40,617: -PUB [/camera/depth/image_raw/theora] /camera_nodelet_manager http://pc:57141/
[rosmaster.master][INFO] 2012-12-15 18:09:40,619: -PUB [/camera/depth/image_raw/theora/parameter_descriptions] /camera_nodelet_manager http://pc:57141/
[rosmaster.master][INFO] 2012-12-15 18:09:40,621: -PUB [/camera/depth/image_raw/theora/parameter_updates] /camera_nodelet_manager http://pc:57141/
[rosmaster.master][INFO] 2012-12-15 18:09:40,622: -PUB [/camera/depth/camera_info] /camera_nodelet_manager http://pc:57141/
[rosmaster.master][INFO] 2012-12-15 18:09:40,623: -PUB [/camera/projector/camera_info] /camera_nodelet_manager http://pc:57141/
[rosmaster.master][INFO] 2012-12-15 18:09:40,624: -PUB [/camera/depth_registered/image_raw/compressed] /camera_nodelet_manager http://pc:57141/
[rosmaster.master][INFO] 2012-12-15 18:09:40,625: -PUB [/camera/depth_registered/image_raw/compressed/parameter_descriptions] /camera_nodelet_manager http://pc:57141/
[rosmaster.master][INFO] 2012-12-15 18:09:40,626: -PUB [/camera/depth_registered/image_raw/compressed/parameter_updates] /camera_nodelet_manager http://pc:57141/
[rosmaster.master][INFO] 2012-12-15 18:09:40,627: -PUB [/camera/depth_registered/image_raw] /camera_nodelet_manager http://pc:57141/
[rosmaster.master][INFO] 2012-12-15 18:09:40,628: -PUB [/camera/depth_registered/image_raw/theora] /camera_nodelet_manager http://pc:57141/
[rosmaster.master][INFO] 2012-12-15 18:09:40,629: -PUB [/camera/depth_registered/image_raw/theora/parameter_descriptions] /camera_nodelet_manager http://pc:57141/
[rosmaster.master][INFO] 2012-12-15 18:09:40,631: -PUB [/camera/depth_registered/image_raw/theora/parameter_updates] /camera_nodelet_manager http://pc:57141/
[rosmaster.master][INFO] 2012-12-15 18:09:40,633: -SERVICE [/camera_nodelet_manager/get_loggers] /camera_nodelet_manager rosrpc://pc:35023
[rosmaster.master][INFO] 2012-12-15 18:09:40,634: -SERVICE [/camera_nodelet_manager/set_logger_level] /camera_nodelet_manager rosrpc://pc:35023
[rosmaster.master][INFO] 2012-12-15 18:09:40,635: -SERVICE [/camera_nodelet_manager/load_nodelet] /camera_nodelet_manager rosrpc://pc:35023
[rosmaster.master][INFO] 2012-12-15 18:09:40,636: -SERVICE [/camera_nodelet_manager/unload_nodelet] /camera_nodelet_manager rosrpc://pc:35023
[rosmaster.master][INFO] 2012-12-15 18:09:40,637: -SERVICE [/camera_nodelet_manager/list] /camera_nodelet_manager rosrpc://pc:35023
[rosmaster.master][INFO] 2012-12-15 18:09:40,638: -SERVICE [/camera/rgb/image_mono/compressed/set_parameters] /camera_nodelet_manager rosrpc://pc:35023
[rosmaster.master][INFO] 2012-12-15 18:09:40,639: -SERVICE [/camera/rgb/image_mono/theora/set_parameters] /camera_nodelet_manager rosrpc://pc:35023
[rosmaster.master][INFO] 2012-12-15 18:09:40,640: -SERVICE [/camera/rgb/image_color/compressed/set_parameters] /camera_nodelet_manager rosrpc://pc:35023
[rosmaster.master][INFO] 2012-12-15 18:09:40,641: -SERVICE [/camera/rgb/image_color/theora/set_parameters] /camera_nodelet_manager rosrpc://pc:35023
[rosmaster.master][INFO] 2012-12-15 18:09:40,642: -SERVICE [/camera/rgb/image_rect_color/compressed/set_parameters] /camera_nodelet_manager rosrpc://pc:35023
[rosmaster.master][INFO] 2012-12-15 18:09:40,644: -SERVICE [/camera/rgb/image_rect_color/theora/set_parameters] /camera_nodelet_manager rosrpc://pc:35023
[rosmaster.master][INFO] 2012-12-15 18:09:40,646: -SERVICE [/camera/depth/image_rect/compressed/set_parameters] /camera_nodelet_manager rosrpc://pc:35023
[rosmaster.master][INFO] 2012-12-15 18:09:40,647: -SERVICE [/camera/depth/image_rect/theora/set_parameters] /camera_nodelet_manager rosrpc://pc:35023
[rosmaster.master][INFO] 2012-12-15 18:09:40,648: -SERVICE [/camera/ir/image_rect/compressed/set_parameters] /camera_nodelet_manager rosrpc://pc:35023
[rosmaster.master][INFO] 2012-12-15 18:09:40,649: -SERVICE [/camera/ir/image_rect/theora/set_parameters] /camera_nodelet_manager rosrpc://pc:35023
[rosmaster.master][INFO] 2012-12-15 18:09:40,650: -SERVICE [/camera/rgb/image_rect/compressed/set_parameters] /camera_nodelet_manager rosrpc://pc:35023
[rosmaster.master][INFO] 2012-12-15 18:09:40,651: -SERVICE [/camera/rgb/image_rect/theora/set_parameters] /camera_nodelet_manager rosrpc://pc:35023
[rosmaster.master][INFO] 2012-12-15 18:09:40,652: -SERVICE [/camera/depth_registered/image/compressed/set_parameters] /camera_nodelet_manager rosrpc://pc:35023
[rosmaster.master][INFO] 2012-12-15 18:09:40,652: -SERVICE [/camera/depth_registered/image/theora/set_parameters] /camera_nodelet_manager rosrpc://pc:35023
[rosmaster.master][INFO] 2012-12-15 18:09:40,653: -SERVICE [/camera/depth_registered/image_rect/compressed/set_parameters] /camera_nodelet_manager rosrpc://pc:35023
[rosmaster.master][INFO] 2012-12-15 18:09:40,654: -SERVICE [/camera/depth_registered/image_rect/theora/set_parameters] /camera_nodelet_manager rosrpc://pc:35023
[rosmaster.master][INFO] 2012-12-15 18:09:40,655: -SERVICE [/camera/depth/image_rect_raw/compressed/set_parameters] /camera_nodelet_manager rosrpc://pc:35023
[rosmaster.master][INFO] 2012-12-15 18:09:40,656: -SERVICE [/camera/depth/image_rect_raw/theora/set_parameters] /camera_nodelet_manager rosrpc://pc:35023
[rosmaster.master][INFO] 2012-12-15 18:09:40,657: -SERVICE [/camera/depth/image/compressed/set_parameters] /camera_nodelet_manager rosrpc://pc:35023
[rosmaster.master][INFO] 2012-12-15 18:09:40,658: -SERVICE [/camera/depth/image/theora/set_parameters] /camera_nodelet_manager rosrpc://pc:35023
[rosmaster.master][INFO] 2012-12-15 18:09:40,661: -SERVICE [/camera/rgb/image_raw/compressed/set_parameters] /camera_nodelet_manager rosrpc://pc:35023
[rosmaster.master][INFO] 2012-12-15 18:09:40,663: -SERVICE [/camera/rgb/image_raw/theora/set_parameters] /camera_nodelet_manager rosrpc://pc:35023
[rosmaster.master][INFO] 2012-12-15 18:09:40,665: -SERVICE [/camera/ir/image_raw/compressed/set_parameters] /camera_nodelet_manager rosrpc://pc:35023
[rosmaster.master][INFO] 2012-12-15 18:09:40,667: -SERVICE [/camera/ir/image_raw/theora/set_parameters] /camera_nodelet_manager rosrpc://pc:35023
[rosmaster.master][INFO] 2012-12-15 18:09:40,668: -SERVICE [/camera/depth/image_raw/compressed/set_parameters] /camera_nodelet_manager rosrpc://pc:35023
[rosmaster.master][INFO] 2012-12-15 18:09:40,669: -SERVICE [/camera/depth/image_raw/theora/set_parameters] /camera_nodelet_manager rosrpc://pc:35023
[rosmaster.master][INFO] 2012-12-15 18:09:40,669: -SERVICE [/camera/depth_registered/image_raw/compressed/set_parameters] /camera_nodelet_manager rosrpc://pc:35023
[rosmaster.master][INFO] 2012-12-15 18:09:40,670: -SERVICE [/camera/depth_registered/image_raw/theora/set_parameters] /camera_nodelet_manager rosrpc://pc:35023
[rosmaster.master][INFO] 2012-12-15 18:09:40,913: -PUB [/rosout_agg] /rosout http://pc:53406/
[rosmaster.master][INFO] 2012-12-15 18:09:40,914: -SUB [/rosout] /rosout http://pc:53406/
[rosmaster.master][INFO] 2012-12-15 18:09:40,915: -SERVICE [/rosout/get_loggers] /rosout rosrpc://pc:51088
[rosmaster.master][INFO] 2012-12-15 18:09:40,917: -SERVICE [/rosout/set_logger_level] /rosout rosrpc://pc:51088
[rosmaster.main][INFO] 2012-12-15 18:09:40,986: keyboard interrupt, will exit
[rosmaster.main][INFO] 2012-12-15 18:09:40,987: stopping master...
