[rosmaster.main][INFO] 2012-12-15 19:45:12,364: initialization complete, waiting for shutdown
[rosmaster.main][INFO] 2012-12-15 19:45:12,365: Starting ROS Master Node
[xmlrpc][INFO] 2012-12-15 19:45:12,366: XML-RPC server binding to 0.0.0.0
[xmlrpc][INFO] 2012-12-15 19:45:12,367: Started XML-RPC server [http://pc:11311/]
[rosmaster.master][INFO] 2012-12-15 19:45:12,367: Master initialized: port[11311], uri[http://pc:11311/]
[xmlrpc][INFO] 2012-12-15 19:45:12,367: xml rpc node: starting XML-RPC server
[rosmaster.master][INFO] 2012-12-15 19:45:12,380: +PARAM [/run_id] by /roslaunch
[rosmaster.master][INFO] 2012-12-15 19:45:12,384: +PARAM [/roslaunch/uris/host_pc__55531] by /roslaunch
[rosmaster.master][INFO] 2012-12-15 19:45:12,415: +PARAM [/rosdistro] by /roslaunch
[rosmaster.master][INFO] 2012-12-15 19:45:12,415: +PARAM [/camera/driver/rgb_frame_id] by /roslaunch
[rosmaster.master][INFO] 2012-12-15 19:45:12,416: +PARAM [/camera/disparity_depth_registered/min_range] by /roslaunch
[rosmaster.master][INFO] 2012-12-15 19:45:12,416: +PARAM [/camera/driver/rgb_camera_info_url] by /roslaunch
[rosmaster.master][INFO] 2012-12-15 19:45:12,416: +PARAM [/camera/depth_registered/rectify_depth/interpolation] by /roslaunch
[rosmaster.master][INFO] 2012-12-15 19:45:12,416: +PARAM [/camera/driver/depth_frame_id] by /roslaunch
[rosmaster.master][INFO] 2012-12-15 19:45:12,416: +PARAM [/camera/depth/rectify_depth/interpolation] by /roslaunch
[rosmaster.master][INFO] 2012-12-15 19:45:12,416: +PARAM [/camera/disparity_depth/max_range] by /roslaunch
[rosmaster.master][INFO] 2012-12-15 19:45:12,417: +PARAM [/rosversion] by /roslaunch
[rosmaster.master][INFO] 2012-12-15 19:45:12,417: +PARAM [/camera/driver/device_id] by /roslaunch
[rosmaster.master][INFO] 2012-12-15 19:45:12,417: +PARAM [/camera/driver/depth_camera_info_url] by /roslaunch
[rosmaster.master][INFO] 2012-12-15 19:45:12,417: +PARAM [/camera/disparity_depth/min_range] by /roslaunch
[rosmaster.master][INFO] 2012-12-15 19:45:12,417: +PARAM [/camera/disparity_depth_registered/max_range] by /roslaunch
[rosmaster.master][INFO] 2012-12-15 19:45:12,420: +SERVICE [/rosout/get_loggers] /rosout http://pc:45655/
[rosmaster.master][INFO] 2012-12-15 19:45:12,421: +SERVICE [/rosout/set_logger_level] /rosout http://pc:45655/
[rosmaster.master][INFO] 2012-12-15 19:45:12,423: +PUB [/rosout_agg] /rosout http://pc:45655/
[rosmaster.master][INFO] 2012-12-15 19:45:12,424: +SUB [/rosout] /rosout http://pc:45655/
[rosmaster.master][INFO] 2012-12-15 19:45:12,456: +PUB [/rosout] /camera/driver http://pc:37307/
[rosmaster.master][INFO] 2012-12-15 19:45:12,457: +SERVICE [/camera/driver/get_loggers] /camera/driver http://pc:37307/
[rosmaster.master][INFO] 2012-12-15 19:45:12,459: +SERVICE [/camera/driver/set_logger_level] /camera/driver http://pc:37307/
[rosmaster.master][INFO] 2012-12-15 19:45:12,463: +PARAM [/camera/driver] by /camera/driver
[rosmaster.master][INFO] 2012-12-15 19:45:12,465: publisherUpdate[/rosout] -> http://pc:45655/
[rosmaster.master][INFO] 2012-12-15 19:45:12,482: +PUB [/rosout] /camera/rgb/rectify_mono http://pc:37676/
[rosmaster.master][INFO] 2012-12-15 19:45:12,483: +SERVICE [/camera/rgb/rectify_mono/get_loggers] /camera/rgb/rectify_mono http://pc:37676/
[rosmaster.master][INFO] 2012-12-15 19:45:12,485: +SERVICE [/camera/rgb/rectify_mono/set_logger_level] /camera/rgb/rectify_mono http://pc:37676/
[rosmaster.master][INFO] 2012-12-15 19:45:12,487: +PUB [/rosout] /camera/rgb/debayer http://pc:49467/
[rosmaster.master][INFO] 2012-12-15 19:45:12,491: +SERVICE [/camera/rgb/debayer/get_loggers] /camera/rgb/debayer http://pc:49467/
[rosmaster.master][INFO] 2012-12-15 19:45:12,498: +PUB [/rosout] /camera/rgb/rectify_color http://pc:46233/
[rosmaster.master][INFO] 2012-12-15 19:45:12,502: +SERVICE [/camera/rgb/rectify_color/get_loggers] /camera/rgb/rectify_color http://pc:46233/
[rosmaster.master][INFO] 2012-12-15 19:45:12,504: +SERVICE [/camera/rgb/debayer/set_logger_level] /camera/rgb/debayer http://pc:49467/
[rosmaster.master][INFO] 2012-12-15 19:45:12,505: +SERVICE [/camera/rgb/rectify_color/set_logger_level] /camera/rgb/rectify_color http://pc:46233/
[rosmaster.master][INFO] 2012-12-15 19:45:12,515: +PUB [/rosout] /camera/ir/rectify_ir http://pc:59427/
[rosmaster.master][INFO] 2012-12-15 19:45:12,527: +SERVICE [/camera/ir/rectify_ir/get_loggers] /camera/ir/rectify_ir http://pc:59427/
[rosmaster.master][INFO] 2012-12-15 19:45:12,538: +PUB [/rosout] /camera/depth/rectify_depth http://pc:52833/
[rosmaster.master][INFO] 2012-12-15 19:45:12,540: +SERVICE [/camera/ir/rectify_ir/set_logger_level] /camera/ir/rectify_ir http://pc:59427/
[rosmaster.master][INFO] 2012-12-15 19:45:12,549: +SERVICE [/camera/depth/rectify_depth/get_loggers] /camera/depth/rectify_depth http://pc:52833/
[rosmaster.master][INFO] 2012-12-15 19:45:12,559: +PUB [/rosout] /camera/depth/metric http://pc:46561/
[rosmaster.master][INFO] 2012-12-15 19:45:12,562: +PUB [/rosout] /camera/depth/metric_rect http://pc:36570/
[rosmaster.master][INFO] 2012-12-15 19:45:12,562: +SERVICE [/camera/depth/rectify_depth/set_logger_level] /camera/depth/rectify_depth http://pc:52833/
[rosmaster.master][INFO] 2012-12-15 19:45:12,567: publisherUpdate[/rosout] -> http://pc:45655/
[rosmaster.master][INFO] 2012-12-15 19:45:12,570: publisherUpdate[/rosout] -> http://pc:45655/
[rosmaster.master][INFO] 2012-12-15 19:45:12,574: publisherUpdate[/rosout] -> http://pc:45655/
[rosmaster.master][INFO] 2012-12-15 19:45:12,575: +SERVICE [/camera/depth/metric/get_loggers] /camera/depth/metric http://pc:46561/
[rosmaster.master][INFO] 2012-12-15 19:45:12,576: publisherUpdate[/rosout] -> http://pc:45655/
[rosmaster.master][INFO] 2012-12-15 19:45:12,577: publisherUpdate[/rosout] -> http://pc:45655/
[rosmaster.master][INFO] 2012-12-15 19:45:12,579: publisherUpdate[/rosout] -> http://pc:45655/
[rosmaster.master][INFO] 2012-12-15 19:45:12,580: publisherUpdate[/rosout] -> http://pc:45655/
[rosmaster.master][INFO] 2012-12-15 19:45:12,582: +SERVICE [/camera/depth/metric_rect/get_loggers] /camera/depth/metric_rect http://pc:36570/
[rosmaster.master][INFO] 2012-12-15 19:45:12,588: +PUB [/rosout] /camera/depth/points http://pc:55019/
[rosmaster.master][INFO] 2012-12-15 19:45:12,601: +SERVICE [/camera/depth/points/get_loggers] /camera/depth/points http://pc:55019/
[rosmaster.master][INFO] 2012-12-15 19:45:12,606: +PUB [/rosout] /camera/depth_registered/metric_rect http://pc:45745/
[rosmaster.master][INFO] 2012-12-15 19:45:12,608: +PARAM [/camera/depth/rectify_depth] by /camera/depth/rectify_depth
[rosmaster.master][INFO] 2012-12-15 19:45:12,610: +SERVICE [/camera/depth/points/set_logger_level] /camera/depth/points http://pc:55019/
[rosmaster.master][INFO] 2012-12-15 19:45:12,614: +SERVICE [/camera/depth_registered/metric_rect/get_loggers] /camera/depth_registered/metric_rect http://pc:45745/
[rosmaster.master][INFO] 2012-12-15 19:45:12,616: +PUB [/rosout] /camera/depth_registered/metric http://pc:43797/
[rosmaster.master][INFO] 2012-12-15 19:45:12,625: +PUB [/rosout] /camera/points_xyzrgb_depth_rgb http://pc:42019/
[rosmaster.master][INFO] 2012-12-15 19:45:12,627: +SERVICE [/camera/depth_registered/metric/get_loggers] /camera/depth_registered/metric http://pc:43797/
[rosmaster.master][INFO] 2012-12-15 19:45:12,629: +SERVICE [/camera/depth_registered/metric_rect/set_logger_level] /camera/depth_registered/metric_rect http://pc:45745/
[rosmaster.master][INFO] 2012-12-15 19:45:12,634: +SERVICE [/camera/points_xyzrgb_depth_rgb/get_loggers] /camera/points_xyzrgb_depth_rgb http://pc:42019/
[rosmaster.master][INFO] 2012-12-15 19:45:12,639: +SERVICE [/camera/depth_registered/metric/set_logger_level] /camera/depth_registered/metric http://pc:43797/
[rosmaster.master][INFO] 2012-12-15 19:45:12,640: +SERVICE [/camera/points_xyzrgb_depth_rgb/set_logger_level] /camera/points_xyzrgb_depth_rgb http://pc:42019/
[rosmaster.master][INFO] 2012-12-15 19:45:12,644: +PUB [/rosout] /camera/disparity_depth_registered http://pc:55779/
[rosmaster.master][INFO] 2012-12-15 19:45:12,652: +SERVICE [/camera/disparity_depth_registered/get_loggers] /camera/disparity_depth_registered http://pc:55779/
[rosmaster.master][INFO] 2012-12-15 19:45:12,668: publisherUpdate[/rosout] -> http://pc:45655/
[rosmaster.master][INFO] 2012-12-15 19:45:12,670: publisherUpdate[/rosout] -> http://pc:45655/
[rosmaster.master][INFO] 2012-12-15 19:45:12,676: publisherUpdate[/rosout] -> http://pc:45655/
[rosmaster.master][INFO] 2012-12-15 19:45:12,677: publisherUpdate[/rosout] -> http://pc:45655/
[rosmaster.master][INFO] 2012-12-15 19:45:12,679: publisherUpdate[/rosout] -> http://pc:45655/
[rosmaster.master][INFO] 2012-12-15 19:45:12,680: +SERVICE [/camera/disparity_depth_registered/set_logger_level] /camera/disparity_depth_registered http://pc:55779/
[rosmaster.master][INFO] 2012-12-15 19:45:12,706: +PUB [/rosout] /camera_base_link1 http://pc:34320/
[rosmaster.master][INFO] 2012-12-15 19:45:12,710: +PUB [/rosout] /camera_base_link2 http://pc:56326/
[rosmaster.master][INFO] 2012-12-15 19:45:12,718: +SERVICE [/camera_base_link1/get_loggers] /camera_base_link1 http://pc:34320/
[rosmaster.master][INFO] 2012-12-15 19:45:12,721: +PUB [/rosout] /camera_base_link3 http://pc:35734/
[rosmaster.master][INFO] 2012-12-15 19:45:12,722: +SERVICE [/camera_base_link2/get_loggers] /camera_base_link2 http://pc:56326/
[rosmaster.master][INFO] 2012-12-15 19:45:12,723: +PARAM [/camera/disparity_depth_registered] by /camera/disparity_depth_registered
[rosmaster.master][INFO] 2012-12-15 19:45:12,725: +SERVICE [/camera_base_link1/set_logger_level] /camera_base_link1 http://pc:34320/
[rosmaster.master][INFO] 2012-12-15 19:45:12,726: +SERVICE [/camera_base_link3/get_loggers] /camera_base_link3 http://pc:35734/
[rosmaster.master][INFO] 2012-12-15 19:45:12,728: +SERVICE [/camera_base_link2/set_logger_level] /camera_base_link2 http://pc:56326/
[rosmaster.master][INFO] 2012-12-15 19:45:12,731: +SERVICE [/camera_base_link3/set_logger_level] /camera_base_link3 http://pc:35734/
[rosmaster.master][INFO] 2012-12-15 19:45:12,735: +PUB [/tf] /camera_base_link1 http://pc:34320/
[rosmaster.master][INFO] 2012-12-15 19:45:12,739: +PUB [/tf] /camera_base_link2 http://pc:56326/
[rosmaster.master][INFO] 2012-12-15 19:45:12,745: +PUB [/tf] /camera_base_link3 http://pc:35734/
[rosmaster.master][INFO] 2012-12-15 19:45:12,769: publisherUpdate[/rosout] -> http://pc:45655/
[rosmaster.master][INFO] 2012-12-15 19:45:12,771: publisherUpdate[/rosout] -> http://pc:45655/
[rosmaster.master][INFO] 2012-12-15 19:45:12,780: publisherUpdate[/rosout] -> http://pc:45655/
[rosmaster.master][INFO] 2012-12-15 19:45:12,799: +SERVICE [/camera/depth/metric/set_logger_level] /camera/depth/metric http://pc:46561/
[rosmaster.master][INFO] 2012-12-15 19:45:12,803: +PUB [/rosout] /camera/register_depth_rgb http://pc:57195/
[rosmaster.master][INFO] 2012-12-15 19:45:12,809: +SERVICE [/camera/register_depth_rgb/get_loggers] /camera/register_depth_rgb http://pc:57195/
[rosmaster.master][INFO] 2012-12-15 19:45:12,818: +SERVICE [/camera/register_depth_rgb/set_logger_level] /camera/register_depth_rgb http://pc:57195/
[rosmaster.master][INFO] 2012-12-15 19:45:12,829: +PUB [/rosout] /camera_nodelet_manager http://pc:42120/
[rosmaster.master][INFO] 2012-12-15 19:45:12,833: +SERVICE [/camera_nodelet_manager/get_loggers] /camera_nodelet_manager http://pc:42120/
[rosmaster.master][INFO] 2012-12-15 19:45:12,834: +SERVICE [/camera_nodelet_manager/set_logger_level] /camera_nodelet_manager http://pc:42120/
[rosmaster.master][INFO] 2012-12-15 19:45:12,838: +SERVICE [/camera_nodelet_manager/load_nodelet] /camera_nodelet_manager http://pc:42120/
[rosmaster.master][INFO] 2012-12-15 19:45:12,840: +SERVICE [/camera_nodelet_manager/unload_nodelet] /camera_nodelet_manager http://pc:42120/
[rosmaster.master][INFO] 2012-12-15 19:45:12,844: +SERVICE [/camera_nodelet_manager/list] /camera_nodelet_manager http://pc:42120/
[rosmaster.master][INFO] 2012-12-15 19:45:12,882: publisherUpdate[/rosout] -> http://pc:45655/
[rosmaster.master][INFO] 2012-12-15 19:45:12,884: publisherUpdate[/rosout] -> http://pc:45655/
[rosmaster.master][INFO] 2012-12-15 19:45:13,133: +PUB [/rosout] /set_dr http://pc:46206/
[rosmaster.master][INFO] 2012-12-15 19:45:13,154: +PUB [/camera/depth_registered/image/compressed] /camera_nodelet_manager http://pc:42120/
[rosmaster.master][INFO] 2012-12-15 19:45:13,155: +SERVICE [/camera/depth_registered/image/compressed/set_parameters] /camera_nodelet_manager http://pc:42120/
[rosmaster.master][INFO] 2012-12-15 19:45:13,156: +PUB [/camera/depth_registered/image/compressed/parameter_descriptions] /camera_nodelet_manager http://pc:42120/
[rosmaster.master][INFO] 2012-12-15 19:45:13,157: +PUB [/camera/depth_registered/image/compressed/parameter_updates] /camera_nodelet_manager http://pc:42120/
[rosmaster.master][INFO] 2012-12-15 19:45:13,161: +PARAM [/camera/depth_registered/image/compressed/format] by /camera_nodelet_manager
[rosmaster.master][INFO] 2012-12-15 19:45:13,162: +PARAM [/camera/depth_registered/image/compressed/jpeg_quality] by /camera_nodelet_manager
[rosmaster.master][INFO] 2012-12-15 19:45:13,162: +PARAM [/camera/depth_registered/image/compressed/png_level] by /camera_nodelet_manager
[rosmaster.master][INFO] 2012-12-15 19:45:13,164: +PUB [/camera/depth_registered/image] /camera_nodelet_manager http://pc:42120/
[rosmaster.master][INFO] 2012-12-15 19:45:13,168: +PUB [/camera/depth_registered/image/theora] /camera_nodelet_manager http://pc:42120/
[rosmaster.master][INFO] 2012-12-15 19:45:13,169: +SERVICE [/camera/depth_registered/image/theora/set_parameters] /camera_nodelet_manager http://pc:42120/
[rosmaster.master][INFO] 2012-12-15 19:45:13,170: +PUB [/camera/depth_registered/image/theora/parameter_descriptions] /camera_nodelet_manager http://pc:42120/
[rosmaster.master][INFO] 2012-12-15 19:45:13,171: +PUB [/camera/depth_registered/image/theora/parameter_updates] /camera_nodelet_manager http://pc:42120/
[rosmaster.master][INFO] 2012-12-15 19:45:13,175: +PARAM [/camera/depth_registered/image/theora/optimize_for] by /camera_nodelet_manager
[rosmaster.master][INFO] 2012-12-15 19:45:13,177: +PARAM [/camera/depth_registered/image/theora/target_bitrate] by /camera_nodelet_manager
[rosmaster.master][INFO] 2012-12-15 19:45:13,178: +PARAM [/camera/depth_registered/image/theora/quality] by /camera_nodelet_manager
[rosmaster.master][INFO] 2012-12-15 19:45:13,179: +PARAM [/camera/depth_registered/image/theora/keyframe_frequency] by /camera_nodelet_manager
[rosmaster.master][INFO] 2012-12-15 19:45:13,183: publisherUpdate[/rosout] -> http://pc:45655/
[rosmaster.master][INFO] 2012-12-15 19:45:13,425: +PUB [/camera/depth/points] /camera_nodelet_manager http://pc:42120/
[rosmaster.master][INFO] 2012-12-15 19:45:13,574: +PUB [/rosout] /depth_detection http://pc:35392/
[rosmaster.master][INFO] 2012-12-15 19:45:13,586: publisherUpdate[/rosout] -> http://pc:45655/
[rosmaster.master][INFO] 2012-12-15 19:45:13,657: +SUB [/camera/depth_registered/image_rect] /depth_detection http://pc:35392/
[rosmaster.master][INFO] 2012-12-15 19:45:13,659: +SUB [/camera/rgb/image_rect_color] /depth_detection http://pc:35392/
[rosmaster.master][INFO] 2012-12-15 19:45:13,713: +PUB [/camera/depth/image/compressed] /camera_nodelet_manager http://pc:42120/
[rosmaster.master][INFO] 2012-12-15 19:45:13,714: +SERVICE [/camera/depth/image/compressed/set_parameters] /camera_nodelet_manager http://pc:42120/
[rosmaster.master][INFO] 2012-12-15 19:45:13,716: +PUB [/camera/depth/image/compressed/parameter_descriptions] /camera_nodelet_manager http://pc:42120/
[rosmaster.master][INFO] 2012-12-15 19:45:13,717: +PUB [/camera/depth/image/compressed/parameter_updates] /camera_nodelet_manager http://pc:42120/
[rosmaster.master][INFO] 2012-12-15 19:45:13,722: +PARAM [/camera/depth/image/compressed/format] by /camera_nodelet_manager
[rosmaster.master][INFO] 2012-12-15 19:45:13,724: +PARAM [/camera/depth/image/compressed/jpeg_quality] by /camera_nodelet_manager
[rosmaster.master][INFO] 2012-12-15 19:45:13,725: +PARAM [/camera/depth/image/compressed/png_level] by /camera_nodelet_manager
[rosmaster.master][INFO] 2012-12-15 19:45:13,727: +PUB [/camera/depth/image] /camera_nodelet_manager http://pc:42120/
[rosmaster.master][INFO] 2012-12-15 19:45:13,728: +PUB [/camera/depth/image/theora] /camera_nodelet_manager http://pc:42120/
[rosmaster.master][INFO] 2012-12-15 19:45:13,730: +SERVICE [/camera/depth/image/theora/set_parameters] /camera_nodelet_manager http://pc:42120/
[rosmaster.master][INFO] 2012-12-15 19:45:13,731: +PUB [/camera/depth/image/theora/parameter_descriptions] /camera_nodelet_manager http://pc:42120/
[rosmaster.master][INFO] 2012-12-15 19:45:13,733: +PUB [/camera/depth/image/theora/parameter_updates] /camera_nodelet_manager http://pc:42120/
[rosmaster.master][INFO] 2012-12-15 19:45:13,737: +PARAM [/camera/depth/image/theora/optimize_for] by /camera_nodelet_manager
[rosmaster.master][INFO] 2012-12-15 19:45:13,739: +PARAM [/camera/depth/image/theora/target_bitrate] by /camera_nodelet_manager
[rosmaster.master][INFO] 2012-12-15 19:45:13,740: +PARAM [/camera/depth/image/theora/quality] by /camera_nodelet_manager
[rosmaster.master][INFO] 2012-12-15 19:45:13,741: +PARAM [/camera/depth/image/theora/keyframe_frequency] by /camera_nodelet_manager
[rosmaster.master][INFO] 2012-12-15 19:45:14,043: +PUB [/camera/depth_registered/disparity] /camera_nodelet_manager http://pc:42120/
[rosmaster.master][INFO] 2012-12-15 19:45:14,301: +SERVICE [/camera/ir/rectify_ir/set_parameters] /camera_nodelet_manager http://pc:42120/
[rosmaster.master][INFO] 2012-12-15 19:45:14,303: +PUB [/camera/ir/rectify_ir/parameter_descriptions] /camera_nodelet_manager http://pc:42120/
[rosmaster.master][INFO] 2012-12-15 19:45:14,305: +PUB [/camera/ir/rectify_ir/parameter_updates] /camera_nodelet_manager http://pc:42120/
[rosmaster.master][INFO] 2012-12-15 19:45:14,307: +PARAM [/camera/ir/rectify_ir/interpolation] by /camera_nodelet_manager
[rosmaster.master][INFO] 2012-12-15 19:45:14,309: +PUB [/camera/ir/image_rect/compressed] /camera_nodelet_manager http://pc:42120/
[rosmaster.master][INFO] 2012-12-15 19:45:14,311: +SERVICE [/camera/ir/image_rect/compressed/set_parameters] /camera_nodelet_manager http://pc:42120/
[rosmaster.master][INFO] 2012-12-15 19:45:14,313: +PUB [/camera/ir/image_rect/compressed/parameter_descriptions] /camera_nodelet_manager http://pc:42120/
[rosmaster.master][INFO] 2012-12-15 19:45:14,315: +PUB [/camera/ir/image_rect/compressed/parameter_updates] /camera_nodelet_manager http://pc:42120/
[rosmaster.master][INFO] 2012-12-15 19:45:14,319: +PARAM [/camera/ir/image_rect/compressed/format] by /camera_nodelet_manager
[rosmaster.master][INFO] 2012-12-15 19:45:14,321: +PARAM [/camera/ir/image_rect/compressed/jpeg_quality] by /camera_nodelet_manager
[rosmaster.master][INFO] 2012-12-15 19:45:14,322: +PARAM [/camera/ir/image_rect/compressed/png_level] by /camera_nodelet_manager
[rosmaster.master][INFO] 2012-12-15 19:45:14,324: +PUB [/camera/ir/image_rect] /camera_nodelet_manager http://pc:42120/
[rosmaster.master][INFO] 2012-12-15 19:45:14,325: +PUB [/camera/ir/image_rect/theora] /camera_nodelet_manager http://pc:42120/
[rosmaster.master][INFO] 2012-12-15 19:45:14,327: +SERVICE [/camera/ir/image_rect/theora/set_parameters] /camera_nodelet_manager http://pc:42120/
[rosmaster.master][INFO] 2012-12-15 19:45:14,328: +PUB [/camera/ir/image_rect/theora/parameter_descriptions] /camera_nodelet_manager http://pc:42120/
[rosmaster.master][INFO] 2012-12-15 19:45:14,330: +PUB [/camera/ir/image_rect/theora/parameter_updates] /camera_nodelet_manager http://pc:42120/
[rosmaster.master][INFO] 2012-12-15 19:45:14,336: +PARAM [/camera/ir/image_rect/theora/optimize_for] by /camera_nodelet_manager
[rosmaster.master][INFO] 2012-12-15 19:45:14,337: +PARAM [/camera/ir/image_rect/theora/target_bitrate] by /camera_nodelet_manager
[rosmaster.master][INFO] 2012-12-15 19:45:14,339: +PARAM [/camera/ir/image_rect/theora/quality] by /camera_nodelet_manager
[rosmaster.master][INFO] 2012-12-15 19:45:14,341: +PARAM [/camera/ir/image_rect/theora/keyframe_frequency] by /camera_nodelet_manager
[rosmaster.master][INFO] 2012-12-15 19:45:14,622: +SERVICE [/camera/rgb/debayer/set_parameters] /camera_nodelet_manager http://pc:42120/
[rosmaster.master][INFO] 2012-12-15 19:45:14,625: +PUB [/camera/rgb/debayer/parameter_descriptions] /camera_nodelet_manager http://pc:42120/
[rosmaster.master][INFO] 2012-12-15 19:45:14,628: +PUB [/camera/rgb/debayer/parameter_updates] /camera_nodelet_manager http://pc:42120/
[rosmaster.master][INFO] 2012-12-15 19:45:14,633: +PARAM [/camera/rgb/debayer/debayer] by /camera_nodelet_manager
[rosmaster.master][INFO] 2012-12-15 19:45:14,637: +PUB [/camera/rgb/image_mono/compressed] /camera_nodelet_manager http://pc:42120/
[rosmaster.master][INFO] 2012-12-15 19:45:14,639: +SERVICE [/camera/rgb/image_mono/compressed/set_parameters] /camera_nodelet_manager http://pc:42120/
[rosmaster.master][INFO] 2012-12-15 19:45:14,642: +PUB [/camera/rgb/image_mono/compressed/parameter_descriptions] /camera_nodelet_manager http://pc:42120/
[rosmaster.master][INFO] 2012-12-15 19:45:14,644: +PUB [/camera/rgb/image_mono/compressed/parameter_updates] /camera_nodelet_manager http://pc:42120/
[rosmaster.master][INFO] 2012-12-15 19:45:14,654: +PARAM [/camera/rgb/image_mono/compressed/format] by /camera_nodelet_manager
[rosmaster.master][INFO] 2012-12-15 19:45:14,656: +PARAM [/camera/rgb/image_mono/compressed/jpeg_quality] by /camera_nodelet_manager
[rosmaster.master][INFO] 2012-12-15 19:45:14,658: +PARAM [/camera/rgb/image_mono/compressed/png_level] by /camera_nodelet_manager
[rosmaster.master][INFO] 2012-12-15 19:45:14,661: +PUB [/camera/rgb/image_mono] /camera_nodelet_manager http://pc:42120/
[rosmaster.master][INFO] 2012-12-15 19:45:14,664: +PUB [/camera/rgb/image_mono/theora] /camera_nodelet_manager http://pc:42120/
[rosmaster.master][INFO] 2012-12-15 19:45:14,667: +SERVICE [/camera/rgb/image_mono/theora/set_parameters] /camera_nodelet_manager http://pc:42120/
[rosmaster.master][INFO] 2012-12-15 19:45:14,669: +PUB [/camera/rgb/image_mono/theora/parameter_descriptions] /camera_nodelet_manager http://pc:42120/
[rosmaster.master][INFO] 2012-12-15 19:45:14,672: +PUB [/camera/rgb/image_mono/theora/parameter_updates] /camera_nodelet_manager http://pc:42120/
[rosmaster.master][INFO] 2012-12-15 19:45:14,685: +PARAM [/camera/rgb/image_mono/theora/optimize_for] by /camera_nodelet_manager
[rosmaster.master][INFO] 2012-12-15 19:45:14,687: +PARAM [/camera/rgb/image_mono/theora/target_bitrate] by /camera_nodelet_manager
[rosmaster.master][INFO] 2012-12-15 19:45:14,689: +PARAM [/camera/rgb/image_mono/theora/quality] by /camera_nodelet_manager
[rosmaster.master][INFO] 2012-12-15 19:45:14,692: +PARAM [/camera/rgb/image_mono/theora/keyframe_frequency] by /camera_nodelet_manager
[rosmaster.master][INFO] 2012-12-15 19:45:14,695: +PUB [/camera/rgb/image_color/compressed] /camera_nodelet_manager http://pc:42120/
[rosmaster.master][INFO] 2012-12-15 19:45:14,697: +SERVICE [/camera/rgb/image_color/compressed/set_parameters] /camera_nodelet_manager http://pc:42120/
[rosmaster.master][INFO] 2012-12-15 19:45:14,700: +PUB [/camera/rgb/image_color/compressed/parameter_descriptions] /camera_nodelet_manager http://pc:42120/
[rosmaster.master][INFO] 2012-12-15 19:45:14,702: +PUB [/camera/rgb/image_color/compressed/parameter_updates] /camera_nodelet_manager http://pc:42120/
[rosmaster.master][INFO] 2012-12-15 19:45:14,709: +PARAM [/camera/rgb/image_color/compressed/format] by /camera_nodelet_manager
[rosmaster.master][INFO] 2012-12-15 19:45:14,712: +PARAM [/camera/rgb/image_color/compressed/jpeg_quality] by /camera_nodelet_manager
[rosmaster.master][INFO] 2012-12-15 19:45:14,714: +PARAM [/camera/rgb/image_color/compressed/png_level] by /camera_nodelet_manager
[rosmaster.master][INFO] 2012-12-15 19:45:14,718: +PUB [/camera/rgb/image_color] /camera_nodelet_manager http://pc:42120/
[rosmaster.master][INFO] 2012-12-15 19:45:14,721: +PUB [/camera/rgb/image_color/theora] /camera_nodelet_manager http://pc:42120/
[rosmaster.master][INFO] 2012-12-15 19:45:14,724: +SERVICE [/camera/rgb/image_color/theora/set_parameters] /camera_nodelet_manager http://pc:42120/
[rosmaster.master][INFO] 2012-12-15 19:45:14,726: +PUB [/camera/rgb/image_color/theora/parameter_descriptions] /camera_nodelet_manager http://pc:42120/
[rosmaster.master][INFO] 2012-12-15 19:45:14,729: +PUB [/camera/rgb/image_color/theora/parameter_updates] /camera_nodelet_manager http://pc:42120/
[rosmaster.master][INFO] 2012-12-15 19:45:14,739: +PARAM [/camera/rgb/image_color/theora/optimize_for] by /camera_nodelet_manager
[rosmaster.master][INFO] 2012-12-15 19:45:14,741: +PARAM [/camera/rgb/image_color/theora/target_bitrate] by /camera_nodelet_manager
[rosmaster.master][INFO] 2012-12-15 19:45:14,743: +PARAM [/camera/rgb/image_color/theora/quality] by /camera_nodelet_manager
[rosmaster.master][INFO] 2012-12-15 19:45:14,745: +PARAM [/camera/rgb/image_color/theora/keyframe_frequency] by /camera_nodelet_manager
[rosmaster.master][INFO] 2012-12-15 19:45:15,025: +SERVICE [/camera/rgb/rectify_mono/set_parameters] /camera_nodelet_manager http://pc:42120/
[rosmaster.master][INFO] 2012-12-15 19:45:15,027: +PUB [/camera/rgb/rectify_mono/parameter_descriptions] /camera_nodelet_manager http://pc:42120/
[rosmaster.master][INFO] 2012-12-15 19:45:15,029: +PUB [/camera/rgb/rectify_mono/parameter_updates] /camera_nodelet_manager http://pc:42120/
[rosmaster.master][INFO] 2012-12-15 19:45:15,034: +PARAM [/camera/rgb/rectify_mono/interpolation] by /camera_nodelet_manager
[rosmaster.master][INFO] 2012-12-15 19:45:15,037: +PUB [/camera/rgb/image_rect/compressed] /camera_nodelet_manager http://pc:42120/
[rosmaster.master][INFO] 2012-12-15 19:45:15,040: +SERVICE [/camera/rgb/image_rect/compressed/set_parameters] /camera_nodelet_manager http://pc:42120/
[rosmaster.master][INFO] 2012-12-15 19:45:15,043: +PUB [/camera/rgb/image_rect/compressed/parameter_descriptions] /camera_nodelet_manager http://pc:42120/
[rosmaster.master][INFO] 2012-12-15 19:45:15,046: +PUB [/camera/rgb/image_rect/compressed/parameter_updates] /camera_nodelet_manager http://pc:42120/
[rosmaster.master][INFO] 2012-12-15 19:45:15,054: +PARAM [/camera/rgb/image_rect/compressed/format] by /camera_nodelet_manager
[rosmaster.master][INFO] 2012-12-15 19:45:15,056: +PARAM [/camera/rgb/image_rect/compressed/jpeg_quality] by /camera_nodelet_manager
[rosmaster.master][INFO] 2012-12-15 19:45:15,059: +PARAM [/camera/rgb/image_rect/compressed/png_level] by /camera_nodelet_manager
[rosmaster.master][INFO] 2012-12-15 19:45:15,061: +PUB [/camera/rgb/image_rect] /camera_nodelet_manager http://pc:42120/
[rosmaster.master][INFO] 2012-12-15 19:45:15,064: +PUB [/camera/rgb/image_rect/theora] /camera_nodelet_manager http://pc:42120/
[rosmaster.master][INFO] 2012-12-15 19:45:15,067: +SERVICE [/camera/rgb/image_rect/theora/set_parameters] /camera_nodelet_manager http://pc:42120/
[rosmaster.master][INFO] 2012-12-15 19:45:15,069: +PUB [/camera/rgb/image_rect/theora/parameter_descriptions] /camera_nodelet_manager http://pc:42120/
[rosmaster.master][INFO] 2012-12-15 19:45:15,072: +PUB [/camera/rgb/image_rect/theora/parameter_updates] /camera_nodelet_manager http://pc:42120/
[rosmaster.master][INFO] 2012-12-15 19:45:15,085: +PARAM [/camera/rgb/image_rect/theora/optimize_for] by /camera_nodelet_manager
[rosmaster.master][INFO] 2012-12-15 19:45:15,087: +PARAM [/camera/rgb/image_rect/theora/target_bitrate] by /camera_nodelet_manager
[rosmaster.master][INFO] 2012-12-15 19:45:15,089: +PARAM [/camera/rgb/image_rect/theora/quality] by /camera_nodelet_manager
[rosmaster.master][INFO] 2012-12-15 19:45:15,092: +PARAM [/camera/rgb/image_rect/theora/keyframe_frequency] by /camera_nodelet_manager
[rosmaster.master][INFO] 2012-12-15 19:45:15,363: +SUB [/tf] /camera_nodelet_manager http://pc:42120/
[rosmaster.master][INFO] 2012-12-15 19:45:15,368: +SERVICE [/camera_nodelet_manager/tf_frames] /camera_nodelet_manager http://pc:42120/
[rosmaster.master][INFO] 2012-12-15 19:45:15,591: +SERVICE [/camera/depth/metric_rect/set_logger_level] /camera/depth/metric_rect http://pc:36570/
[rosmaster.master][INFO] 2012-12-15 19:45:15,598: +PUB [/rosout] /camera/depth_registered/rectify_depth http://pc:35385/
[rosmaster.master][INFO] 2012-12-15 19:45:15,599: +SERVICE [/camera/depth_registered/rectify_depth/get_loggers] /camera/depth_registered/rectify_depth http://pc:35385/
[rosmaster.master][INFO] 2012-12-15 19:45:15,600: +SERVICE [/camera/depth_registered/rectify_depth/set_logger_level] /camera/depth_registered/rectify_depth http://pc:35385/
[rosmaster.master][INFO] 2012-12-15 19:45:15,603: +PARAM [/camera/depth_registered/rectify_depth] by /camera/depth_registered/rectify_depth
[rosmaster.master][INFO] 2012-12-15 19:45:15,626: +PUB [/rosout] /camera/disparity_depth http://pc:58698/
[rosmaster.master][INFO] 2012-12-15 19:45:15,629: +SERVICE [/camera/disparity_depth/get_loggers] /camera/disparity_depth http://pc:58698/
[rosmaster.master][INFO] 2012-12-15 19:45:15,633: +SERVICE [/camera/disparity_depth/set_logger_level] /camera/disparity_depth http://pc:58698/
[rosmaster.master][INFO] 2012-12-15 19:45:15,638: +PARAM [/camera/disparity_depth] by /camera/disparity_depth
[rosmaster.master][INFO] 2012-12-15 19:45:15,653: +PUB [/camera/depth_registered/image_rect_raw/compressed] /camera_nodelet_manager http://pc:42120/
[rosmaster.master][INFO] 2012-12-15 19:45:15,655: +SERVICE [/camera/depth_registered/image_rect_raw/compressed/set_parameters] /camera_nodelet_manager http://pc:42120/
[rosmaster.master][INFO] 2012-12-15 19:45:15,657: +PUB [/camera/depth_registered/image_rect_raw/compressed/parameter_descriptions] /camera_nodelet_manager http://pc:42120/
[rosmaster.master][INFO] 2012-12-15 19:45:15,659: +PUB [/camera/depth_registered/image_rect_raw/compressed/parameter_updates] /camera_nodelet_manager http://pc:42120/
[rosmaster.master][INFO] 2012-12-15 19:45:15,668: +PUB [/rosout] /camera_base_link http://pc:51940/
[rosmaster.master][INFO] 2012-12-15 19:45:15,671: +SERVICE [/camera_base_link/get_loggers] /camera_base_link http://pc:51940/
[rosmaster.master][INFO] 2012-12-15 19:45:15,677: +SERVICE [/camera_base_link/set_logger_level] /camera_base_link http://pc:51940/
[rosmaster.master][INFO] 2012-12-15 19:45:15,680: +PARAM [/camera/depth_registered/image_rect_raw/compressed/format] by /camera_nodelet_manager
[rosmaster.master][INFO] 2012-12-15 19:45:15,689: +PARAM [/camera/depth_registered/image_rect_raw/compressed/jpeg_quality] by /camera_nodelet_manager
[rosmaster.master][INFO] 2012-12-15 19:45:15,692: publisherUpdate[/rosout] -> http://pc:45655/
[rosmaster.master][INFO] 2012-12-15 19:45:15,697: publisherUpdate[/rosout] -> http://pc:45655/
[rosmaster.master][INFO] 2012-12-15 19:45:15,699: +PUB [/tf] /camera_base_link http://pc:51940/
[rosmaster.master][INFO] 2012-12-15 19:45:15,704: publisherUpdate[/rosout] -> http://pc:45655/
[rosmaster.master][INFO] 2012-12-15 19:45:15,706: +PARAM [/camera/depth_registered/image_rect_raw/compressed/png_level] by /camera_nodelet_manager
[rosmaster.master][INFO] 2012-12-15 19:45:15,709: publisherUpdate[/tf] -> http://pc:42120/
[rosmaster.master][INFO] 2012-12-15 19:45:15,714: +PUB [/camera/depth_registered/image_rect_raw] /camera_nodelet_manager http://pc:42120/
[rosmaster.master][INFO] 2012-12-15 19:45:15,722: +PUB [/camera/depth_registered/image_rect_raw/theora] /camera_nodelet_manager http://pc:42120/
[rosmaster.master][INFO] 2012-12-15 19:45:15,726: +SERVICE [/camera/depth_registered/image_rect_raw/theora/set_parameters] /camera_nodelet_manager http://pc:42120/
[rosmaster.master][INFO] 2012-12-15 19:45:15,729: +PUB [/camera/depth_registered/image_rect_raw/theora/parameter_descriptions] /camera_nodelet_manager http://pc:42120/
[rosmaster.master][INFO] 2012-12-15 19:45:15,732: +PUB [/camera/depth_registered/image_rect_raw/theora/parameter_updates] /camera_nodelet_manager http://pc:42120/
[rosmaster.master][INFO] 2012-12-15 19:45:15,742: +PARAM [/camera/depth_registered/image_rect_raw/theora/optimize_for] by /camera_nodelet_manager
[rosmaster.master][INFO] 2012-12-15 19:45:15,744: +PARAM [/camera/depth_registered/image_rect_raw/theora/target_bitrate] by /camera_nodelet_manager
[rosmaster.master][INFO] 2012-12-15 19:45:15,747: +PARAM [/camera/depth_registered/image_rect_raw/theora/quality] by /camera_nodelet_manager
[rosmaster.master][INFO] 2012-12-15 19:45:15,750: +PARAM [/camera/depth_registered/image_rect_raw/theora/keyframe_frequency] by /camera_nodelet_manager
[rosmaster.master][INFO] 2012-12-15 19:45:15,752: +PUB [/camera/depth_registered/camera_info] /camera_nodelet_manager http://pc:42120/
[rosmaster.master][INFO] 2012-12-15 19:45:16,020: +PUB [/camera/depth/image_rect/compressed] /camera_nodelet_manager http://pc:42120/
[rosmaster.master][INFO] 2012-12-15 19:45:16,021: +SERVICE [/camera/depth/image_rect/compressed/set_parameters] /camera_nodelet_manager http://pc:42120/
[rosmaster.master][INFO] 2012-12-15 19:45:16,023: +PUB [/camera/depth/image_rect/compressed/parameter_descriptions] /camera_nodelet_manager http://pc:42120/
[rosmaster.master][INFO] 2012-12-15 19:45:16,025: +PUB [/camera/depth/image_rect/compressed/parameter_updates] /camera_nodelet_manager http://pc:42120/
[rosmaster.master][INFO] 2012-12-15 19:45:16,034: +PARAM [/camera/depth/image_rect/compressed/format] by /camera_nodelet_manager
[rosmaster.master][INFO] 2012-12-15 19:45:16,037: +PARAM [/camera/depth/image_rect/compressed/jpeg_quality] by /camera_nodelet_manager
[rosmaster.master][INFO] 2012-12-15 19:45:16,040: +PARAM [/camera/depth/image_rect/compressed/png_level] by /camera_nodelet_manager
[rosmaster.master][INFO] 2012-12-15 19:45:16,043: +PUB [/camera/depth/image_rect] /camera_nodelet_manager http://pc:42120/
[rosmaster.master][INFO] 2012-12-15 19:45:16,046: +PUB [/camera/depth/image_rect/theora] /camera_nodelet_manager http://pc:42120/
[rosmaster.master][INFO] 2012-12-15 19:45:16,048: +SERVICE [/camera/depth/image_rect/theora/set_parameters] /camera_nodelet_manager http://pc:42120/
[rosmaster.master][INFO] 2012-12-15 19:45:16,051: +PUB [/camera/depth/image_rect/theora/parameter_descriptions] /camera_nodelet_manager http://pc:42120/
[rosmaster.master][INFO] 2012-12-15 19:45:16,054: +PUB [/camera/depth/image_rect/theora/parameter_updates] /camera_nodelet_manager http://pc:42120/
[rosmaster.master][INFO] 2012-12-15 19:45:16,065: +PARAM [/camera/depth/image_rect/theora/optimize_for] by /camera_nodelet_manager
[rosmaster.master][INFO] 2012-12-15 19:45:16,068: +PARAM [/camera/depth/image_rect/theora/target_bitrate] by /camera_nodelet_manager
[rosmaster.master][INFO] 2012-12-15 19:45:16,070: +PARAM [/camera/depth/image_rect/theora/quality] by /camera_nodelet_manager
[rosmaster.master][INFO] 2012-12-15 19:45:16,073: +PARAM [/camera/depth/image_rect/theora/keyframe_frequency] by /camera_nodelet_manager
[rosmaster.master][INFO] 2012-12-15 19:45:16,342: +SERVICE [/camera/depth_registered/rectify_depth/set_parameters] /camera_nodelet_manager http://pc:42120/
[rosmaster.master][INFO] 2012-12-15 19:45:16,344: +PUB [/camera/depth_registered/rectify_depth/parameter_descriptions] /camera_nodelet_manager http://pc:42120/
[rosmaster.master][INFO] 2012-12-15 19:45:16,347: +PUB [/camera/depth_registered/rectify_depth/parameter_updates] /camera_nodelet_manager http://pc:42120/
[rosmaster.master][INFO] 2012-12-15 19:45:16,356: +PARAM [/camera/depth_registered/rectify_depth/interpolation] by /camera_nodelet_manager
[rosmaster.master][INFO] 2012-12-15 19:45:16,367: +PARAM [/camera/depth_registered/image_rect_raw/compressed/format] by /camera_nodelet_manager
[rosmaster.master][INFO] 2012-12-15 19:45:16,370: +PARAM [/camera/depth_registered/image_rect_raw/compressed/jpeg_quality] by /camera_nodelet_manager
[rosmaster.master][INFO] 2012-12-15 19:45:16,372: +PARAM [/camera/depth_registered/image_rect_raw/compressed/png_level] by /camera_nodelet_manager
[rosmaster.master][INFO] 2012-12-15 19:45:16,384: +PARAM [/camera/depth_registered/image_rect_raw/theora/optimize_for] by /camera_nodelet_manager
[rosmaster.master][INFO] 2012-12-15 19:45:16,386: +PARAM [/camera/depth_registered/image_rect_raw/theora/target_bitrate] by /camera_nodelet_manager
[rosmaster.master][INFO] 2012-12-15 19:45:16,389: +PARAM [/camera/depth_registered/image_rect_raw/theora/quality] by /camera_nodelet_manager
[rosmaster.master][INFO] 2012-12-15 19:45:16,391: +PARAM [/camera/depth_registered/image_rect_raw/theora/keyframe_frequency] by /camera_nodelet_manager
[rosmaster.master][INFO] 2012-12-15 19:45:16,679: +PUB [/camera/depth/disparity] /camera_nodelet_manager http://pc:42120/
[rosmaster.master][INFO] 2012-12-15 19:45:16,935: +SERVICE [/camera/rgb/rectify_color/set_parameters] /camera_nodelet_manager http://pc:42120/
[rosmaster.master][INFO] 2012-12-15 19:45:16,938: +PUB [/camera/rgb/rectify_color/parameter_descriptions] /camera_nodelet_manager http://pc:42120/
[rosmaster.master][INFO] 2012-12-15 19:45:16,941: +PUB [/camera/rgb/rectify_color/parameter_updates] /camera_nodelet_manager http://pc:42120/
[rosmaster.master][INFO] 2012-12-15 19:45:16,945: +PARAM [/camera/rgb/rectify_color/interpolation] by /camera_nodelet_manager
[rosmaster.master][INFO] 2012-12-15 19:45:16,949: +PUB [/camera/rgb/image_rect_color/compressed] /camera_nodelet_manager http://pc:42120/
[rosmaster.master][INFO] 2012-12-15 19:45:16,952: +SERVICE [/camera/rgb/image_rect_color/compressed/set_parameters] /camera_nodelet_manager http://pc:42120/
[rosmaster.master][INFO] 2012-12-15 19:45:16,956: +PUB [/camera/rgb/image_rect_color/compressed/parameter_descriptions] /camera_nodelet_manager http://pc:42120/
[rosmaster.master][INFO] 2012-12-15 19:45:16,960: +PUB [/camera/rgb/image_rect_color/compressed/parameter_updates] /camera_nodelet_manager http://pc:42120/
[rosmaster.master][INFO] 2012-12-15 19:45:16,968: +PARAM [/camera/rgb/image_rect_color/compressed/format] by /camera_nodelet_manager
[rosmaster.master][INFO] 2012-12-15 19:45:16,970: +PARAM [/camera/rgb/image_rect_color/compressed/jpeg_quality] by /camera_nodelet_manager
[rosmaster.master][INFO] 2012-12-15 19:45:16,972: +PARAM [/camera/rgb/image_rect_color/compressed/png_level] by /camera_nodelet_manager
[rosmaster.master][INFO] 2012-12-15 19:45:16,974: +PUB [/camera/rgb/image_rect_color] /camera_nodelet_manager http://pc:42120/
[rosmaster.master][INFO] 2012-12-15 19:45:16,977: +PUB [/camera/rgb/image_rect_color/theora] /camera_nodelet_manager http://pc:42120/
[rosmaster.master][INFO] 2012-12-15 19:45:16,979: +SERVICE [/camera/rgb/image_rect_color/theora/set_parameters] /camera_nodelet_manager http://pc:42120/
[rosmaster.master][INFO] 2012-12-15 19:45:16,981: +PUB [/camera/rgb/image_rect_color/theora/parameter_descriptions] /camera_nodelet_manager http://pc:42120/
[rosmaster.master][INFO] 2012-12-15 19:45:16,984: +PUB [/camera/rgb/image_rect_color/theora/parameter_updates] /camera_nodelet_manager http://pc:42120/
[rosmaster.master][INFO] 2012-12-15 19:45:16,994: +PARAM [/camera/rgb/image_rect_color/theora/optimize_for] by /camera_nodelet_manager
[rosmaster.master][INFO] 2012-12-15 19:45:16,997: publisherUpdate[/camera/rgb/image_rect_color] -> http://pc:35392/
[rosmaster.master][INFO] 2012-12-15 19:45:16,999: +PARAM [/camera/rgb/image_rect_color/theora/target_bitrate] by /camera_nodelet_manager
[rosmaster.master][INFO] 2012-12-15 19:45:17,002: +PARAM [/camera/rgb/image_rect_color/theora/quality] by /camera_nodelet_manager
[rosmaster.master][INFO] 2012-12-15 19:45:17,005: +PARAM [/camera/rgb/image_rect_color/theora/keyframe_frequency] by /camera_nodelet_manager
[rosmaster.master][INFO] 2012-12-15 19:45:17,029: +SUB [/camera/rgb/image_color] /camera_nodelet_manager http://pc:42120/
[rosmaster.master][INFO] 2012-12-15 19:45:17,031: +SUB [/camera/rgb/camera_info] /camera_nodelet_manager http://pc:42120/
[rosmaster.master][INFO] 2012-12-15 19:45:17,032: +SUB [/camera/rgb/image_raw] /camera_nodelet_manager http://pc:42120/
[rosmaster.master][INFO] 2012-12-15 19:45:17,534: +PUB [/camera/depth_registered/points] /camera_nodelet_manager http://pc:42120/
[rosmaster.master][INFO] 2012-12-15 19:45:18,163: +PUB [/camera/depth_registered/image_rect/compressed] /camera_nodelet_manager http://pc:42120/
[rosmaster.master][INFO] 2012-12-15 19:45:18,164: +SERVICE [/camera/depth_registered/image_rect/compressed/set_parameters] /camera_nodelet_manager http://pc:42120/
[rosmaster.master][INFO] 2012-12-15 19:45:18,165: +PUB [/camera/depth_registered/image_rect/compressed/parameter_descriptions] /camera_nodelet_manager http://pc:42120/
[rosmaster.master][INFO] 2012-12-15 19:45:18,167: +PUB [/camera/depth_registered/image_rect/compressed/parameter_updates] /camera_nodelet_manager http://pc:42120/
[rosmaster.master][INFO] 2012-12-15 19:45:18,173: +PARAM [/camera/depth_registered/image_rect/compressed/format] by /camera_nodelet_manager
[rosmaster.master][INFO] 2012-12-15 19:45:18,175: +PARAM [/camera/depth_registered/image_rect/compressed/jpeg_quality] by /camera_nodelet_manager
[rosmaster.master][INFO] 2012-12-15 19:45:18,177: +PARAM [/camera/depth_registered/image_rect/compressed/png_level] by /camera_nodelet_manager
[rosmaster.master][INFO] 2012-12-15 19:45:18,178: +PUB [/camera/depth_registered/image_rect] /camera_nodelet_manager http://pc:42120/
[rosmaster.master][INFO] 2012-12-15 19:45:18,179: +PUB [/camera/depth_registered/image_rect/theora] /camera_nodelet_manager http://pc:42120/
[rosmaster.master][INFO] 2012-12-15 19:45:18,180: +SERVICE [/camera/depth_registered/image_rect/theora/set_parameters] /camera_nodelet_manager http://pc:42120/
[rosmaster.master][INFO] 2012-12-15 19:45:18,181: +PUB [/camera/depth_registered/image_rect/theora/parameter_descriptions] /camera_nodelet_manager http://pc:42120/
[rosmaster.master][INFO] 2012-12-15 19:45:18,182: +PUB [/camera/depth_registered/image_rect/theora/parameter_updates] /camera_nodelet_manager http://pc:42120/
[rosmaster.master][INFO] 2012-12-15 19:45:18,187: +PARAM [/camera/depth_registered/image_rect/theora/optimize_for] by /camera_nodelet_manager
[rosmaster.master][INFO] 2012-12-15 19:45:18,189: +PARAM [/camera/depth_registered/image_rect/theora/target_bitrate] by /camera_nodelet_manager
[rosmaster.master][INFO] 2012-12-15 19:45:18,191: +PARAM [/camera/depth_registered/image_rect/theora/quality] by /camera_nodelet_manager
[rosmaster.master][INFO] 2012-12-15 19:45:18,192: +PARAM [/camera/depth_registered/image_rect/theora/keyframe_frequency] by /camera_nodelet_manager
[rosmaster.master][INFO] 2012-12-15 19:45:18,200: publisherUpdate[/camera/depth_registered/image_rect] -> http://pc:35392/
[rosmaster.master][INFO] 2012-12-15 19:45:18,237: +SUB [/camera/depth_registered/image_rect_raw] /camera_nodelet_manager http://pc:42120/
[rosmaster.master][INFO] 2012-12-15 19:45:18,241: +SUB [/camera/depth/image_rect_raw] /camera_nodelet_manager http://pc:42120/
[rosmaster.master][INFO] 2012-12-15 19:45:18,242: +SUB [/camera/depth_registered/image_raw] /camera_nodelet_manager http://pc:42120/
[rosmaster.master][INFO] 2012-12-15 19:45:18,243: +SUB [/camera/depth/camera_info] /camera_nodelet_manager http://pc:42120/
[rosmaster.master][INFO] 2012-12-15 19:45:18,244: +SUB [/camera/depth_registered/camera_info] /camera_nodelet_manager http://pc:42120/
[rosmaster.master][INFO] 2012-12-15 19:45:18,780: +SERVICE [/camera/depth/rectify_depth/set_parameters] /camera_nodelet_manager http://pc:42120/
[rosmaster.master][INFO] 2012-12-15 19:45:18,781: +PUB [/camera/depth/rectify_depth/parameter_descriptions] /camera_nodelet_manager http://pc:42120/
[rosmaster.master][INFO] 2012-12-15 19:45:18,782: +PUB [/camera/depth/rectify_depth/parameter_updates] /camera_nodelet_manager http://pc:42120/
[rosmaster.master][INFO] 2012-12-15 19:45:18,784: +PARAM [/camera/depth/rectify_depth/interpolation] by /camera_nodelet_manager
[rosmaster.master][INFO] 2012-12-15 19:45:18,786: +PUB [/camera/depth/image_rect_raw/compressed] /camera_nodelet_manager http://pc:42120/
[rosmaster.master][INFO] 2012-12-15 19:45:18,787: +SERVICE [/camera/depth/image_rect_raw/compressed/set_parameters] /camera_nodelet_manager http://pc:42120/
[rosmaster.master][INFO] 2012-12-15 19:45:18,789: +PUB [/camera/depth/image_rect_raw/compressed/parameter_descriptions] /camera_nodelet_manager http://pc:42120/
[rosmaster.master][INFO] 2012-12-15 19:45:18,790: +PUB [/camera/depth/image_rect_raw/compressed/parameter_updates] /camera_nodelet_manager http://pc:42120/
[rosmaster.master][INFO] 2012-12-15 19:45:18,794: +PARAM [/camera/depth/image_rect_raw/compressed/format] by /camera_nodelet_manager
[rosmaster.master][INFO] 2012-12-15 19:45:18,795: +PARAM [/camera/depth/image_rect_raw/compressed/jpeg_quality] by /camera_nodelet_manager
[rosmaster.master][INFO] 2012-12-15 19:45:18,798: +PARAM [/camera/depth/image_rect_raw/compressed/png_level] by /camera_nodelet_manager
[rosmaster.master][INFO] 2012-12-15 19:45:18,800: +PUB [/camera/depth/image_rect_raw] /camera_nodelet_manager http://pc:42120/
[rosmaster.master][INFO] 2012-12-15 19:45:18,802: +PUB [/camera/depth/image_rect_raw/theora] /camera_nodelet_manager http://pc:42120/
[rosmaster.master][INFO] 2012-12-15 19:45:18,803: +SERVICE [/camera/depth/image_rect_raw/theora/set_parameters] /camera_nodelet_manager http://pc:42120/
[rosmaster.master][INFO] 2012-12-15 19:45:18,803: publisherUpdate[/camera/depth/image_rect_raw] -> http://pc:42120/
[rosmaster.master][INFO] 2012-12-15 19:45:18,805: +PUB [/camera/depth/image_rect_raw/theora/parameter_descriptions] /camera_nodelet_manager http://pc:42120/
[rosmaster.master][INFO] 2012-12-15 19:45:18,806: +PUB [/camera/depth/image_rect_raw/theora/parameter_updates] /camera_nodelet_manager http://pc:42120/
[rosmaster.master][INFO] 2012-12-15 19:45:18,811: +PARAM [/camera/depth/image_rect_raw/theora/optimize_for] by /camera_nodelet_manager
[rosmaster.master][INFO] 2012-12-15 19:45:18,812: +PARAM [/camera/depth/image_rect_raw/theora/target_bitrate] by /camera_nodelet_manager
[rosmaster.master][INFO] 2012-12-15 19:45:18,813: +PARAM [/camera/depth/image_rect_raw/theora/quality] by /camera_nodelet_manager
[rosmaster.master][INFO] 2012-12-15 19:45:18,814: +PARAM [/camera/depth/image_rect_raw/theora/keyframe_frequency] by /camera_nodelet_manager
[rosmaster.master][INFO] 2012-12-15 19:45:18,817: +SUB [/camera/depth/image_raw] /camera_nodelet_manager http://pc:42120/
[rosmaster.master][INFO] 2012-12-15 19:45:21,385: +SERVICE [/camera/driver/set_parameters] /camera_nodelet_manager http://pc:42120/
[rosmaster.master][INFO] 2012-12-15 19:45:21,388: +PUB [/camera/driver/parameter_descriptions] /camera_nodelet_manager http://pc:42120/
[rosmaster.master][INFO] 2012-12-15 19:45:21,390: +PUB [/camera/driver/parameter_updates] /camera_nodelet_manager http://pc:42120/
[rosmaster.master][INFO] 2012-12-15 19:45:21,408: +PARAM [/camera/driver/image_mode] by /camera_nodelet_manager
[rosmaster.master][INFO] 2012-12-15 19:45:21,411: +PARAM [/camera/driver/depth_mode] by /camera_nodelet_manager
[rosmaster.master][INFO] 2012-12-15 19:45:21,413: +PARAM [/camera/driver/depth_registration] by /camera_nodelet_manager
[rosmaster.master][INFO] 2012-12-15 19:45:21,415: +PARAM [/camera/driver/data_skip] by /camera_nodelet_manager
[rosmaster.master][INFO] 2012-12-15 19:45:21,418: +PARAM [/camera/driver/depth_time_offset] by /camera_nodelet_manager
[rosmaster.master][INFO] 2012-12-15 19:45:21,421: +PARAM [/camera/driver/image_time_offset] by /camera_nodelet_manager
[rosmaster.master][INFO] 2012-12-15 19:45:21,423: +PARAM [/camera/driver/depth_ir_offset_x] by /camera_nodelet_manager
[rosmaster.master][INFO] 2012-12-15 19:45:21,426: +PARAM [/camera/driver/depth_ir_offset_y] by /camera_nodelet_manager
[rosmaster.master][INFO] 2012-12-15 19:45:21,429: +PARAM [/camera/driver/z_offset_mm] by /camera_nodelet_manager
[rosmaster.master][INFO] 2012-12-15 19:45:21,451: +SERVICE [/camera/rgb/set_camera_info] /camera_nodelet_manager http://pc:42120/
[rosmaster.master][INFO] 2012-12-15 19:45:21,455: +SERVICE [/camera/ir/set_camera_info] /camera_nodelet_manager http://pc:42120/
[rosmaster.master][INFO] 2012-12-15 19:45:21,459: +PUB [/camera/rgb/image_raw/compressed] /camera_nodelet_manager http://pc:42120/
[rosmaster.master][INFO] 2012-12-15 19:45:21,461: +SERVICE [/camera/rgb/image_raw/compressed/set_parameters] /camera_nodelet_manager http://pc:42120/
[rosmaster.master][INFO] 2012-12-15 19:45:21,464: +PUB [/camera/rgb/image_raw/compressed/parameter_descriptions] /camera_nodelet_manager http://pc:42120/
[rosmaster.master][INFO] 2012-12-15 19:45:21,470: +PUB [/camera/rgb/image_raw/compressed/parameter_updates] /camera_nodelet_manager http://pc:42120/
[rosmaster.master][INFO] 2012-12-15 19:45:21,481: +PARAM [/camera/rgb/image_raw/compressed/format] by /camera_nodelet_manager
[rosmaster.master][INFO] 2012-12-15 19:45:21,484: +PARAM [/camera/rgb/image_raw/compressed/jpeg_quality] by /camera_nodelet_manager
[rosmaster.master][INFO] 2012-12-15 19:45:21,486: +PARAM [/camera/rgb/image_raw/compressed/png_level] by /camera_nodelet_manager
[rosmaster.master][INFO] 2012-12-15 19:45:21,489: +PUB [/camera/rgb/image_raw] /camera_nodelet_manager http://pc:42120/
[rosmaster.master][INFO] 2012-12-15 19:45:21,492: +PUB [/camera/rgb/image_raw/theora] /camera_nodelet_manager http://pc:42120/
[rosmaster.master][INFO] 2012-12-15 19:45:21,495: +SERVICE [/camera/rgb/image_raw/theora/set_parameters] /camera_nodelet_manager http://pc:42120/
[rosmaster.master][INFO] 2012-12-15 19:45:21,498: +PUB [/camera/rgb/image_raw/theora/parameter_descriptions] /camera_nodelet_manager http://pc:42120/
[rosmaster.master][INFO] 2012-12-15 19:45:21,501: +PUB [/camera/rgb/image_raw/theora/parameter_updates] /camera_nodelet_manager http://pc:42120/
[rosmaster.master][INFO] 2012-12-15 19:45:21,509: publisherUpdate[/camera/rgb/image_raw] -> http://pc:42120/
[rosmaster.master][INFO] 2012-12-15 19:45:21,515: +PARAM [/camera/rgb/image_raw/theora/optimize_for] by /camera_nodelet_manager
[rosmaster.master][INFO] 2012-12-15 19:45:21,517: +PARAM [/camera/rgb/image_raw/theora/target_bitrate] by /camera_nodelet_manager
[rosmaster.master][INFO] 2012-12-15 19:45:21,520: +PARAM [/camera/rgb/image_raw/theora/quality] by /camera_nodelet_manager
[rosmaster.master][INFO] 2012-12-15 19:45:21,522: +PARAM [/camera/rgb/image_raw/theora/keyframe_frequency] by /camera_nodelet_manager
[rosmaster.master][INFO] 2012-12-15 19:45:21,525: +PUB [/camera/rgb/camera_info] /camera_nodelet_manager http://pc:42120/
[rosmaster.master][INFO] 2012-12-15 19:45:21,525: publisherUpdate[/camera/rgb/camera_info] -> http://pc:42120/
[rosmaster.master][INFO] 2012-12-15 19:45:21,529: +PUB [/camera/ir/image_raw/compressed] /camera_nodelet_manager http://pc:42120/
[rosmaster.master][INFO] 2012-12-15 19:45:21,531: +SERVICE [/camera/ir/image_raw/compressed/set_parameters] /camera_nodelet_manager http://pc:42120/
[rosmaster.master][INFO] 2012-12-15 19:45:21,533: +PUB [/camera/ir/image_raw/compressed/parameter_descriptions] /camera_nodelet_manager http://pc:42120/
[rosmaster.master][INFO] 2012-12-15 19:45:21,536: +PUB [/camera/ir/image_raw/compressed/parameter_updates] /camera_nodelet_manager http://pc:42120/
[rosmaster.master][INFO] 2012-12-15 19:45:21,544: +PARAM [/camera/ir/image_raw/compressed/format] by /camera_nodelet_manager
[rosmaster.master][INFO] 2012-12-15 19:45:21,546: +PARAM [/camera/ir/image_raw/compressed/jpeg_quality] by /camera_nodelet_manager
[rosmaster.master][INFO] 2012-12-15 19:45:21,549: +PARAM [/camera/ir/image_raw/compressed/png_level] by /camera_nodelet_manager
[rosmaster.master][INFO] 2012-12-15 19:45:21,554: +PUB [/camera/ir/image_raw] /camera_nodelet_manager http://pc:42120/
[rosmaster.master][INFO] 2012-12-15 19:45:21,559: +PUB [/camera/ir/image_raw/theora] /camera_nodelet_manager http://pc:42120/
[rosmaster.master][INFO] 2012-12-15 19:45:21,561: +SERVICE [/camera/ir/image_raw/theora/set_parameters] /camera_nodelet_manager http://pc:42120/
[rosmaster.master][INFO] 2012-12-15 19:45:21,564: +PUB [/camera/ir/image_raw/theora/parameter_descriptions] /camera_nodelet_manager http://pc:42120/
[rosmaster.master][INFO] 2012-12-15 19:45:21,566: +PUB [/camera/ir/image_raw/theora/parameter_updates] /camera_nodelet_manager http://pc:42120/
[rosmaster.master][INFO] 2012-12-15 19:45:21,576: +PARAM [/camera/ir/image_raw/theora/optimize_for] by /camera_nodelet_manager
[rosmaster.master][INFO] 2012-12-15 19:45:21,579: +PARAM [/camera/ir/image_raw/theora/target_bitrate] by /camera_nodelet_manager
[rosmaster.master][INFO] 2012-12-15 19:45:21,581: +PARAM [/camera/ir/image_raw/theora/quality] by /camera_nodelet_manager
[rosmaster.master][INFO] 2012-12-15 19:45:21,583: +PARAM [/camera/ir/image_raw/theora/keyframe_frequency] by /camera_nodelet_manager
[rosmaster.master][INFO] 2012-12-15 19:45:21,585: +PUB [/camera/ir/camera_info] /camera_nodelet_manager http://pc:42120/
[rosmaster.master][INFO] 2012-12-15 19:45:21,588: +PUB [/camera/depth/image_raw/compressed] /camera_nodelet_manager http://pc:42120/
[rosmaster.master][INFO] 2012-12-15 19:45:21,592: +SERVICE [/camera/depth/image_raw/compressed/set_parameters] /camera_nodelet_manager http://pc:42120/
[rosmaster.master][INFO] 2012-12-15 19:45:21,596: +PUB [/camera/depth/image_raw/compressed/parameter_descriptions] /camera_nodelet_manager http://pc:42120/
[rosmaster.master][INFO] 2012-12-15 19:45:21,601: +PUB [/camera/depth/image_raw/compressed/parameter_updates] /camera_nodelet_manager http://pc:42120/
[rosmaster.master][INFO] 2012-12-15 19:45:21,609: +PARAM [/camera/depth/image_raw/compressed/format] by /camera_nodelet_manager
[rosmaster.master][INFO] 2012-12-15 19:45:21,611: +PARAM [/camera/depth/image_raw/compressed/jpeg_quality] by /camera_nodelet_manager
[rosmaster.master][INFO] 2012-12-15 19:45:21,614: +PARAM [/camera/depth/image_raw/compressed/png_level] by /camera_nodelet_manager
[rosmaster.master][INFO] 2012-12-15 19:45:21,619: +PUB [/camera/depth/image_raw] /camera_nodelet_manager http://pc:42120/
[rosmaster.master][INFO] 2012-12-15 19:45:21,621: +SUB [/camera/driver/parameter_updates] /set_dr http://pc:46206/
[rosmaster.master][INFO] 2012-12-15 19:45:21,624: +PUB [/camera/depth/image_raw/theora] /camera_nodelet_manager http://pc:42120/
[rosmaster.master][INFO] 2012-12-15 19:45:21,627: +SUB [/camera/driver/parameter_descriptions] /set_dr http://pc:46206/
[rosmaster.master][INFO] 2012-12-15 19:45:21,628: publisherUpdate[/camera/depth/image_raw] -> http://pc:42120/
[rosmaster.master][INFO] 2012-12-15 19:45:21,629: +SERVICE [/camera/depth/image_raw/theora/set_parameters] /camera_nodelet_manager http://pc:42120/
[rosmaster.master][INFO] 2012-12-15 19:45:21,633: +PUB [/camera/depth/image_raw/theora/parameter_descriptions] /camera_nodelet_manager http://pc:42120/
[rosmaster.master][INFO] 2012-12-15 19:45:21,636: +PUB [/camera/depth/image_raw/theora/parameter_updates] /camera_nodelet_manager http://pc:42120/
[rosmaster.master][INFO] 2012-12-15 19:45:21,650: +PARAM [/camera/depth/image_raw/theora/optimize_for] by /camera_nodelet_manager
[rosmaster.master][INFO] 2012-12-15 19:45:21,653: +PARAM [/camera/depth/image_raw/theora/target_bitrate] by /camera_nodelet_manager
[rosmaster.master][INFO] 2012-12-15 19:45:21,656: +PARAM [/camera/depth/image_raw/theora/quality] by /camera_nodelet_manager
[rosmaster.master][INFO] 2012-12-15 19:45:21,661: +PARAM [/camera/depth/image_raw/theora/keyframe_frequency] by /camera_nodelet_manager
[rosmaster.master][INFO] 2012-12-15 19:45:21,664: +PUB [/camera/depth/camera_info] /camera_nodelet_manager http://pc:42120/
[rosmaster.master][INFO] 2012-12-15 19:45:21,670: +PUB [/camera/projector/camera_info] /camera_nodelet_manager http://pc:42120/
[rosmaster.master][INFO] 2012-12-15 19:45:21,674: +PUB [/camera/depth_registered/image_raw/compressed] /camera_nodelet_manager http://pc:42120/
[rosmaster.master][INFO] 2012-12-15 19:45:21,678: +SERVICE [/camera/depth_registered/image_raw/compressed/set_parameters] /camera_nodelet_manager http://pc:42120/
[rosmaster.master][INFO] 2012-12-15 19:45:21,681: +PUB [/camera/depth_registered/image_raw/compressed/parameter_descriptions] /camera_nodelet_manager http://pc:42120/
[rosmaster.master][INFO] 2012-12-15 19:45:21,683: +PUB [/camera/depth_registered/image_raw/compressed/parameter_updates] /camera_nodelet_manager http://pc:42120/
[rosmaster.master][INFO] 2012-12-15 19:45:21,689: +PARAM [/camera/depth_registered/image_raw/compressed/format] by /camera_nodelet_manager
[rosmaster.master][INFO] 2012-12-15 19:45:21,691: +PARAM [/camera/depth_registered/image_raw/compressed/jpeg_quality] by /camera_nodelet_manager
[rosmaster.master][INFO] 2012-12-15 19:45:21,693: +PARAM [/camera/depth_registered/image_raw/compressed/png_level] by /camera_nodelet_manager
[rosmaster.master][INFO] 2012-12-15 19:45:21,695: +PUB [/camera/depth_registered/image_raw] /camera_nodelet_manager http://pc:42120/
[rosmaster.master][INFO] 2012-12-15 19:45:21,698: +PUB [/camera/depth_registered/image_raw/theora] /camera_nodelet_manager http://pc:42120/
[rosmaster.master][INFO] 2012-12-15 19:45:21,701: +SERVICE [/camera/depth_registered/image_raw/theora/set_parameters] /camera_nodelet_manager http://pc:42120/
[rosmaster.master][INFO] 2012-12-15 19:45:21,703: +PUB [/camera/depth_registered/image_raw/theora/parameter_descriptions] /camera_nodelet_manager http://pc:42120/
[rosmaster.master][INFO] 2012-12-15 19:45:21,707: +PUB [/camera/depth_registered/image_raw/theora/parameter_updates] /camera_nodelet_manager http://pc:42120/
[rosmaster.master][INFO] 2012-12-15 19:45:21,713: publisherUpdate[/camera/depth/camera_info] -> http://pc:42120/
[rosmaster.master][INFO] 2012-12-15 19:45:21,716: publisherUpdate[/camera/depth_registered/image_raw] -> http://pc:42120/
[rosmaster.master][INFO] 2012-12-15 19:45:21,722: +PARAM [/camera/depth_registered/image_raw/theora/optimize_for] by /camera_nodelet_manager
[rosmaster.master][INFO] 2012-12-15 19:45:21,724: +PARAM [/camera/depth_registered/image_raw/theora/target_bitrate] by /camera_nodelet_manager
[rosmaster.master][INFO] 2012-12-15 19:45:21,727: +PARAM [/camera/depth_registered/image_raw/theora/quality] by /camera_nodelet_manager
[rosmaster.master][INFO] 2012-12-15 19:45:21,729: +PARAM [/camera/depth_registered/image_raw/theora/keyframe_frequency] by /camera_nodelet_manager
[rosmaster.master][INFO] 2012-12-15 19:45:25,577: +PARAM [/camera/driver/image_mode] by /camera_nodelet_manager
[rosmaster.master][INFO] 2012-12-15 19:45:25,580: +PARAM [/camera/driver/depth_mode] by /camera_nodelet_manager
[rosmaster.master][INFO] 2012-12-15 19:45:25,582: +PARAM [/camera/driver/depth_registration] by /camera_nodelet_manager
[rosmaster.master][INFO] 2012-12-15 19:45:25,585: +PARAM [/camera/driver/data_skip] by /camera_nodelet_manager
[rosmaster.master][INFO] 2012-12-15 19:45:25,588: +PARAM [/camera/driver/depth_time_offset] by /camera_nodelet_manager
[rosmaster.master][INFO] 2012-12-15 19:45:25,592: +PARAM [/camera/driver/image_time_offset] by /camera_nodelet_manager
[rosmaster.master][INFO] 2012-12-15 19:45:25,596: +PARAM [/camera/driver/depth_ir_offset_x] by /camera_nodelet_manager
[rosmaster.master][INFO] 2012-12-15 19:45:25,600: +PARAM [/camera/driver/depth_ir_offset_y] by /camera_nodelet_manager
[rosmaster.master][INFO] 2012-12-15 19:45:25,601: +PARAM [/camera/driver/z_offset_mm] by /camera_nodelet_manager
[rosmaster.master][INFO] 2012-12-15 19:45:25,604: -SUB [/camera/driver/parameter_updates] /set_dr http://pc:46206/
[rosmaster.master][INFO] 2012-12-15 19:45:25,604: -SUB [/camera/driver/parameter_descriptions] /set_dr http://pc:46206/
[rosmaster.master][INFO] 2012-12-15 19:45:25,605: -PUB [/rosout] /set_dr http://pc:46206/
[rosmaster.master][INFO] 2012-12-15 19:45:25,621: publisherUpdate[/rosout] -> http://pc:45655/
[rosmaster.master][INFO] 2012-12-15 19:45:30,915: -SUB [/camera/depth_registered/image_rect] /depth_detection http://pc:35392/
[rosmaster.master][INFO] 2012-12-15 19:45:30,915: -SUB [/camera/rgb/image_rect_color] /depth_detection http://pc:35392/
[rosmaster.master][INFO] 2012-12-15 19:45:30,916: -PUB [/rosout] /depth_detection http://pc:35392/
[rosmaster.master][INFO] 2012-12-15 19:45:30,921: -SUB [/camera/depth_registered/image_rect_raw] /camera_nodelet_manager http://pc:42120/
[rosmaster.master][INFO] 2012-12-15 19:45:30,926: -SUB [/camera/depth_registered/image_raw] /camera_nodelet_manager http://pc:42120/
[rosmaster.master][INFO] 2012-12-15 19:45:30,929: -PUB [/camera/depth_registered/disparity] /camera_nodelet_manager http://pc:42120/
[rosmaster.master][INFO] 2012-12-15 19:45:30,933: -SUB [/camera/depth_registered/camera_info] /camera_nodelet_manager http://pc:42120/
[rosmaster.master][INFO] 2012-12-15 19:45:30,937: -SUB [/camera/rgb/image_color] /camera_nodelet_manager http://pc:42120/
[rosmaster.master][INFO] 2012-12-15 19:45:30,937: publisherUpdate[/rosout] -> http://pc:45655/
[rosmaster.master][INFO] 2012-12-15 19:45:30,940: -PUB [/camera/depth_registered/points] /camera_nodelet_manager http://pc:42120/
[rosmaster.master][INFO] 2012-12-15 19:45:30,942: -SUB [/camera/rgb/image_raw] /camera_nodelet_manager http://pc:42120/
[rosmaster.master][INFO] 2012-12-15 19:45:30,943: -PUB [/camera/depth/disparity] /camera_nodelet_manager http://pc:42120/
[rosmaster.master][INFO] 2012-12-15 19:45:30,944: -SUB [/camera/depth/image_rect_raw] /camera_nodelet_manager http://pc:42120/
[rosmaster.master][INFO] 2012-12-15 19:45:30,945: -SUB [/camera/rgb/camera_info] /camera_nodelet_manager http://pc:42120/
[rosmaster.master][INFO] 2012-12-15 19:45:30,946: -SUB [/camera/depth/image_raw] /camera_nodelet_manager http://pc:42120/
[rosmaster.master][INFO] 2012-12-15 19:45:30,947: -SUB [/camera/depth/camera_info] /camera_nodelet_manager http://pc:42120/
[rosmaster.master][INFO] 2012-12-15 19:45:31,013: -PUB [/rosout] /camera/depth_registered/metric_rect http://pc:45745/
[rosmaster.master][INFO] 2012-12-15 19:45:31,014: -PUB [/rosout] /camera/points_xyzrgb_depth_rgb http://pc:42019/
[rosmaster.master][INFO] 2012-12-15 19:45:31,015: -SERVICE [/camera/depth_registered/metric_rect/get_loggers] /camera/depth_registered/metric_rect rosrpc://pc:45571
[rosmaster.master][INFO] 2012-12-15 19:45:31,016: -PUB [/rosout] /camera/depth_registered/metric http://pc:43797/
[rosmaster.master][INFO] 2012-12-15 19:45:31,017: -SERVICE [/camera/points_xyzrgb_depth_rgb/get_loggers] /camera/points_xyzrgb_depth_rgb rosrpc://pc:55635
[rosmaster.master][INFO] 2012-12-15 19:45:31,018: -SERVICE [/camera/depth_registered/metric_rect/set_logger_level] /camera/depth_registered/metric_rect rosrpc://pc:45571
[rosmaster.master][INFO] 2012-12-15 19:45:31,019: -SERVICE [/camera/depth_registered/metric/get_loggers] /camera/depth_registered/metric rosrpc://pc:43555
[rosmaster.master][INFO] 2012-12-15 19:45:31,020: -SERVICE [/camera/points_xyzrgb_depth_rgb/set_logger_level] /camera/points_xyzrgb_depth_rgb rosrpc://pc:55635
[rosmaster.master][INFO] 2012-12-15 19:45:31,021: -SERVICE [/camera/depth_registered/metric/set_logger_level] /camera/depth_registered/metric rosrpc://pc:43555
[rosmaster.master][INFO] 2012-12-15 19:45:31,033: -PUB [/rosout] /camera/disparity_depth http://pc:58698/
[rosmaster.master][INFO] 2012-12-15 19:45:31,035: -SERVICE [/camera/disparity_depth/get_loggers] /camera/disparity_depth rosrpc://pc:32904
[rosmaster.master][INFO] 2012-12-15 19:45:31,037: -PUB [/rosout] /camera_base_link http://pc:51940/
[rosmaster.master][INFO] 2012-12-15 19:45:31,039: -SERVICE [/camera/disparity_depth/set_logger_level] /camera/disparity_depth rosrpc://pc:32904
[rosmaster.master][INFO] 2012-12-15 19:45:31,040: -PUB [/tf] /camera_base_link http://pc:51940/
[rosmaster.master][INFO] 2012-12-15 19:45:31,040: publisherUpdate[/rosout] -> http://pc:45655/
[rosmaster.master][INFO] 2012-12-15 19:45:31,042: -SERVICE [/camera_base_link/get_loggers] /camera_base_link rosrpc://pc:60381
[rosmaster.master][INFO] 2012-12-15 19:45:31,043: publisherUpdate[/rosout] -> http://pc:45655/
[rosmaster.master][INFO] 2012-12-15 19:45:31,044: publisherUpdate[/tf] -> http://pc:42120/
[rosmaster.master][INFO] 2012-12-15 19:45:31,045: publisherUpdate[/rosout] -> http://pc:45655/
[rosmaster.master][INFO] 2012-12-15 19:45:31,047: publisherUpdate[/rosout] -> http://pc:45655/
[rosmaster.master][INFO] 2012-12-15 19:45:31,048: -SERVICE [/camera_base_link/set_logger_level] /camera_base_link rosrpc://pc:60381
[rosmaster.master][INFO] 2012-12-15 19:45:31,049: publisherUpdate[/rosout] -> http://pc:45655/
[rosmaster.master][INFO] 2012-12-15 19:45:31,117: -PUB [/rosout] /camera_base_link3 http://pc:35734/
[rosmaster.master][INFO] 2012-12-15 19:45:31,118: -PUB [/rosout] /camera_base_link2 http://pc:56326/
[rosmaster.master][INFO] 2012-12-15 19:45:31,120: -PUB [/rosout] /camera_base_link1 http://pc:34320/
[rosmaster.master][INFO] 2012-12-15 19:45:31,120: -PUB [/rosout] /camera/disparity_depth_registered http://pc:55779/
[rosmaster.master][INFO] 2012-12-15 19:45:31,122: -PUB [/tf] /camera_base_link3 http://pc:35734/
[rosmaster.master][INFO] 2012-12-15 19:45:31,123: -PUB [/tf] /camera_base_link1 http://pc:34320/
[rosmaster.master][INFO] 2012-12-15 19:45:31,125: -PUB [/tf] /camera_base_link2 http://pc:56326/
[rosmaster.master][INFO] 2012-12-15 19:45:31,127: -SERVICE [/camera/disparity_depth_registered/get_loggers] /camera/disparity_depth_registered rosrpc://pc:58844
[rosmaster.master][INFO] 2012-12-15 19:45:31,133: -SERVICE [/camera_base_link3/get_loggers] /camera_base_link3 rosrpc://pc:37183
[rosmaster.master][INFO] 2012-12-15 19:45:31,134: -SERVICE [/camera_base_link1/get_loggers] /camera_base_link1 rosrpc://pc:59029
[rosmaster.master][INFO] 2012-12-15 19:45:31,135: -SERVICE [/camera_base_link2/get_loggers] /camera_base_link2 rosrpc://pc:36642
[rosmaster.master][INFO] 2012-12-15 19:45:31,138: -SERVICE [/camera/disparity_depth_registered/set_logger_level] /camera/disparity_depth_registered rosrpc://pc:58844
[rosmaster.master][INFO] 2012-12-15 19:45:31,144: -SERVICE [/camera_base_link1/set_logger_level] /camera_base_link1 rosrpc://pc:59029
[rosmaster.master][INFO] 2012-12-15 19:45:31,145: publisherUpdate[/rosout] -> http://pc:45655/
[rosmaster.master][INFO] 2012-12-15 19:45:31,145: -SERVICE [/camera_base_link3/set_logger_level] /camera_base_link3 rosrpc://pc:37183
[rosmaster.master][INFO] 2012-12-15 19:45:31,147: -SERVICE [/camera_base_link2/set_logger_level] /camera_base_link2 rosrpc://pc:36642
[rosmaster.master][INFO] 2012-12-15 19:45:31,148: publisherUpdate[/rosout] -> http://pc:45655/
[rosmaster.master][INFO] 2012-12-15 19:45:31,150: publisherUpdate[/tf] -> http://pc:42120/
[rosmaster.master][INFO] 2012-12-15 19:45:31,151: publisherUpdate[/rosout] -> http://pc:45655/
[rosmaster.master][INFO] 2012-12-15 19:45:31,149: -PUB [/camera/depth_registered/rectify_depth/parameter_descriptions] /camera_nodelet_manager http://pc:42120/
[rosmaster.master][INFO] 2012-12-15 19:45:31,152: publisherUpdate[/tf] -> http://pc:42120/
[rosmaster.master][INFO] 2012-12-15 19:45:31,154: publisherUpdate[/tf] -> http://pc:42120/
[rosmaster.master][INFO] 2012-12-15 19:45:31,154: publisherUpdate[/rosout] -> http://pc:45655/
[rosmaster.master][INFO] 2012-12-15 19:45:31,156: -PUB [/camera/depth_registered/rectify_depth/parameter_updates] /camera_nodelet_manager http://pc:42120/
[rosmaster.master][INFO] 2012-12-15 19:45:31,158: -SERVICE [/camera/depth_registered/rectify_depth/set_parameters] /camera_nodelet_manager rosrpc://pc:39929
[rosmaster.master][INFO] 2012-12-15 19:45:31,160: -SERVICE [/camera/depth_registered/image_rect_raw/compressed/set_parameters] /camera_nodelet_manager rosrpc://pc:39929
[rosmaster.master][INFO] 2012-12-15 19:45:31,161: -SERVICE [/camera/depth_registered/image_rect_raw/theora/set_parameters] /camera_nodelet_manager rosrpc://pc:39929
[rosmaster.master][INFO] 2012-12-15 19:45:31,165: -SUB [/tf] /camera_nodelet_manager http://pc:42120/
[rosmaster.master][INFO] 2012-12-15 19:45:31,166: -SERVICE [/camera_nodelet_manager/tf_frames] /camera_nodelet_manager rosrpc://pc:39929
[rosmaster.master][INFO] 2012-12-15 19:45:31,167: -PUB [/camera/depth/points] /camera_nodelet_manager http://pc:42120/
[rosmaster.master][INFO] 2012-12-15 19:45:31,227: -PUB [/rosout] /camera/depth_registered/rectify_depth http://pc:35385/
[rosmaster.master][INFO] 2012-12-15 19:45:31,229: -SERVICE [/camera/depth_registered/rectify_depth/get_loggers] /camera/depth_registered/rectify_depth rosrpc://pc:44496
[rosmaster.master][INFO] 2012-12-15 19:45:31,231: -SERVICE [/camera/depth_registered/rectify_depth/set_logger_level] /camera/depth_registered/rectify_depth rosrpc://pc:44496
[rosmaster.master][INFO] 2012-12-15 19:45:31,252: publisherUpdate[/rosout] -> http://pc:45655/
[rosmaster.master][INFO] 2012-12-15 19:45:31,316: -PUB [/rosout] /camera/depth/points http://pc:55019/
[rosmaster.master][INFO] 2012-12-15 19:45:31,318: -PUB [/rosout] /camera/depth/metric http://pc:46561/
[rosmaster.master][INFO] 2012-12-15 19:45:31,321: -PUB [/rosout] /camera/register_depth_rgb http://pc:57195/
[rosmaster.master][INFO] 2012-12-15 19:45:31,323: -PUB [/rosout] /camera/depth/metric_rect http://pc:36570/
[rosmaster.master][INFO] 2012-12-15 19:45:31,325: -SERVICE [/camera/depth/points/get_loggers] /camera/depth/points rosrpc://pc:54493
[rosmaster.master][INFO] 2012-12-15 19:45:31,330: -SERVICE [/camera/depth/metric/get_loggers] /camera/depth/metric rosrpc://pc:43996
[rosmaster.master][INFO] 2012-12-15 19:45:31,331: -SERVICE [/camera/register_depth_rgb/get_loggers] /camera/register_depth_rgb rosrpc://pc:45721
[rosmaster.master][INFO] 2012-12-15 19:45:31,332: -SERVICE [/camera/depth/points/set_logger_level] /camera/depth/points rosrpc://pc:54493
[rosmaster.master][INFO] 2012-12-15 19:45:31,334: -SERVICE [/camera/depth/metric_rect/get_loggers] /camera/depth/metric_rect rosrpc://pc:41602
[rosmaster.master][INFO] 2012-12-15 19:45:31,338: -SERVICE [/camera/depth/metric/set_logger_level] /camera/depth/metric rosrpc://pc:43996
[rosmaster.master][INFO] 2012-12-15 19:45:31,339: -SERVICE [/camera/register_depth_rgb/set_logger_level] /camera/register_depth_rgb rosrpc://pc:45721
[rosmaster.master][INFO] 2012-12-15 19:45:31,341: -SERVICE [/camera/depth/metric_rect/set_logger_level] /camera/depth/metric_rect rosrpc://pc:41602
[rosmaster.master][INFO] 2012-12-15 19:45:31,342: -PUB [/camera/depth/rectify_depth/parameter_descriptions] /camera_nodelet_manager http://pc:42120/
[rosmaster.master][INFO] 2012-12-15 19:45:31,345: -PUB [/camera/depth/rectify_depth/parameter_updates] /camera_nodelet_manager http://pc:42120/
[rosmaster.master][INFO] 2012-12-15 19:45:31,347: -SERVICE [/camera/depth/rectify_depth/set_parameters] /camera_nodelet_manager rosrpc://pc:39929
[rosmaster.master][INFO] 2012-12-15 19:45:31,350: -PUB [/camera/rgb/rectify_mono/parameter_descriptions] /camera_nodelet_manager http://pc:42120/
[rosmaster.master][INFO] 2012-12-15 19:45:31,351: -PUB [/camera/rgb/rectify_mono/parameter_updates] /camera_nodelet_manager http://pc:42120/
[rosmaster.master][INFO] 2012-12-15 19:45:31,352: -SERVICE [/camera/rgb/rectify_mono/set_parameters] /camera_nodelet_manager rosrpc://pc:39929
[rosmaster.master][INFO] 2012-12-15 19:45:31,353: -PUB [/camera/ir/rectify_ir/parameter_descriptions] /camera_nodelet_manager http://pc:42120/
[rosmaster.master][INFO] 2012-12-15 19:45:31,355: -PUB [/camera/ir/rectify_ir/parameter_updates] /camera_nodelet_manager http://pc:42120/
[rosmaster.master][INFO] 2012-12-15 19:45:31,355: publisherUpdate[/rosout] -> http://pc:45655/
[rosmaster.master][INFO] 2012-12-15 19:45:31,357: -SERVICE [/camera/ir/rectify_ir/set_parameters] /camera_nodelet_manager rosrpc://pc:39929
[rosmaster.master][INFO] 2012-12-15 19:45:31,358: publisherUpdate[/rosout] -> http://pc:45655/
[rosmaster.master][INFO] 2012-12-15 19:45:31,359: -PUB [/camera/rgb/rectify_color/parameter_descriptions] /camera_nodelet_manager http://pc:42120/
[rosmaster.master][INFO] 2012-12-15 19:45:31,360: publisherUpdate[/rosout] -> http://pc:45655/
[rosmaster.master][INFO] 2012-12-15 19:45:31,362: publisherUpdate[/rosout] -> http://pc:45655/
[rosmaster.master][INFO] 2012-12-15 19:45:31,362: -PUB [/camera/rgb/rectify_color/parameter_updates] /camera_nodelet_manager http://pc:42120/
[rosmaster.master][INFO] 2012-12-15 19:45:31,364: -SERVICE [/camera/rgb/rectify_color/set_parameters] /camera_nodelet_manager rosrpc://pc:39929
[rosmaster.master][INFO] 2012-12-15 19:45:31,415: -PUB [/rosout] /camera/depth/rectify_depth http://pc:52833/
[rosmaster.master][INFO] 2012-12-15 19:45:31,419: -SERVICE [/camera/depth/rectify_depth/get_loggers] /camera/depth/rectify_depth rosrpc://pc:56684
[rosmaster.master][INFO] 2012-12-15 19:45:31,421: -PUB [/rosout] /camera/ir/rectify_ir http://pc:59427/
[rosmaster.master][INFO] 2012-12-15 19:45:31,423: -SERVICE [/camera/depth/rectify_depth/set_logger_level] /camera/depth/rectify_depth rosrpc://pc:56684
[rosmaster.master][INFO] 2012-12-15 19:45:31,427: -SERVICE [/camera/ir/rectify_ir/get_loggers] /camera/ir/rectify_ir rosrpc://pc:44470
[rosmaster.master][INFO] 2012-12-15 19:45:31,433: -SERVICE [/camera/ir/rectify_ir/set_logger_level] /camera/ir/rectify_ir rosrpc://pc:44470
[rosmaster.master][INFO] 2012-12-15 19:45:31,456: -PUB [/rosout] /camera_nodelet_manager http://pc:42120/
[rosmaster.master][INFO] 2012-12-15 19:45:31,459: publisherUpdate[/rosout] -> http://pc:45655/
[rosmaster.master][INFO] 2012-12-15 19:45:31,460: publisherUpdate[/rosout] -> http://pc:45655/
[rosmaster.master][INFO] 2012-12-15 19:45:31,461: publisherUpdate[/rosout] -> http://pc:45655/
[rosmaster.master][INFO] 2012-12-15 19:45:31,462: -PUB [/camera/depth_registered/image/compressed] /camera_nodelet_manager http://pc:42120/
[rosmaster.master][INFO] 2012-12-15 19:45:31,464: -PUB [/camera/depth_registered/image/compressed/parameter_descriptions] /camera_nodelet_manager http://pc:42120/
[rosmaster.master][INFO] 2012-12-15 19:45:31,468: -PUB [/camera/depth_registered/image/compressed/parameter_updates] /camera_nodelet_manager http://pc:42120/
[rosmaster.master][INFO] 2012-12-15 19:45:31,470: -PUB [/camera/depth_registered/image] /camera_nodelet_manager http://pc:42120/
[rosmaster.master][INFO] 2012-12-15 19:45:31,471: -PUB [/camera/depth_registered/image/theora] /camera_nodelet_manager http://pc:42120/
[rosmaster.master][INFO] 2012-12-15 19:45:31,472: -PUB [/camera/depth_registered/image/theora/parameter_descriptions] /camera_nodelet_manager http://pc:42120/
[rosmaster.master][INFO] 2012-12-15 19:45:31,474: -PUB [/camera/depth_registered/image/theora/parameter_updates] /camera_nodelet_manager http://pc:42120/
[rosmaster.master][INFO] 2012-12-15 19:45:31,476: -PUB [/camera/depth/image/compressed] /camera_nodelet_manager http://pc:42120/
[rosmaster.master][INFO] 2012-12-15 19:45:31,478: -PUB [/camera/depth/image/compressed/parameter_descriptions] /camera_nodelet_manager http://pc:42120/
[rosmaster.master][INFO] 2012-12-15 19:45:31,480: -PUB [/camera/depth/image/compressed/parameter_updates] /camera_nodelet_manager http://pc:42120/
[rosmaster.master][INFO] 2012-12-15 19:45:31,481: -PUB [/camera/depth/image] /camera_nodelet_manager http://pc:42120/
[rosmaster.master][INFO] 2012-12-15 19:45:31,482: -PUB [/camera/depth/image/theora] /camera_nodelet_manager http://pc:42120/
[rosmaster.master][INFO] 2012-12-15 19:45:31,483: -PUB [/camera/depth/image/theora/parameter_descriptions] /camera_nodelet_manager http://pc:42120/
[rosmaster.master][INFO] 2012-12-15 19:45:31,484: -PUB [/camera/depth/image/theora/parameter_updates] /camera_nodelet_manager http://pc:42120/
[rosmaster.master][INFO] 2012-12-15 19:45:31,485: -PUB [/camera/ir/image_rect/compressed] /camera_nodelet_manager http://pc:42120/
[rosmaster.master][INFO] 2012-12-15 19:45:31,486: -PUB [/camera/ir/image_rect/compressed/parameter_descriptions] /camera_nodelet_manager http://pc:42120/
[rosmaster.master][INFO] 2012-12-15 19:45:31,487: -PUB [/camera/ir/image_rect/compressed/parameter_updates] /camera_nodelet_manager http://pc:42120/
[rosmaster.master][INFO] 2012-12-15 19:45:31,488: -PUB [/camera/ir/image_rect] /camera_nodelet_manager http://pc:42120/
[rosmaster.master][INFO] 2012-12-15 19:45:31,489: -PUB [/camera/ir/image_rect/theora] /camera_nodelet_manager http://pc:42120/
[rosmaster.master][INFO] 2012-12-15 19:45:31,491: -PUB [/camera/ir/image_rect/theora/parameter_descriptions] /camera_nodelet_manager http://pc:42120/
[rosmaster.master][INFO] 2012-12-15 19:45:31,492: -PUB [/camera/ir/image_rect/theora/parameter_updates] /camera_nodelet_manager http://pc:42120/
[rosmaster.master][INFO] 2012-12-15 19:45:31,493: -PUB [/camera/rgb/debayer/parameter_descriptions] /camera_nodelet_manager http://pc:42120/
[rosmaster.master][INFO] 2012-12-15 19:45:31,494: -PUB [/camera/rgb/debayer/parameter_updates] /camera_nodelet_manager http://pc:42120/
[rosmaster.master][INFO] 2012-12-15 19:45:31,496: -PUB [/camera/rgb/image_mono/compressed] /camera_nodelet_manager http://pc:42120/
[rosmaster.master][INFO] 2012-12-15 19:45:31,497: -PUB [/camera/rgb/image_mono/compressed/parameter_descriptions] /camera_nodelet_manager http://pc:42120/
[rosmaster.master][INFO] 2012-12-15 19:45:31,498: -PUB [/camera/rgb/image_mono/compressed/parameter_updates] /camera_nodelet_manager http://pc:42120/
[rosmaster.master][INFO] 2012-12-15 19:45:31,499: -PUB [/rosout] /camera/rgb/rectify_mono http://pc:37676/
[rosmaster.master][INFO] 2012-12-15 19:45:31,500: -PUB [/camera/rgb/image_mono] /camera_nodelet_manager http://pc:42120/
[rosmaster.master][INFO] 2012-12-15 19:45:31,501: -SERVICE [/camera/rgb/rectify_mono/get_loggers] /camera/rgb/rectify_mono rosrpc://pc:42751
[rosmaster.master][INFO] 2012-12-15 19:45:31,502: -PUB [/camera/rgb/image_mono/theora] /camera_nodelet_manager http://pc:42120/
[rosmaster.master][INFO] 2012-12-15 19:45:31,503: -SERVICE [/camera/rgb/rectify_mono/set_logger_level] /camera/rgb/rectify_mono rosrpc://pc:42751
[rosmaster.master][INFO] 2012-12-15 19:45:31,503: -PUB [/camera/rgb/image_mono/theora/parameter_descriptions] /camera_nodelet_manager http://pc:42120/
[rosmaster.master][INFO] 2012-12-15 19:45:31,504: -PUB [/camera/rgb/image_mono/theora/parameter_updates] /camera_nodelet_manager http://pc:42120/
[rosmaster.master][INFO] 2012-12-15 19:45:31,505: -PUB [/camera/rgb/image_color/compressed] /camera_nodelet_manager http://pc:42120/
[rosmaster.master][INFO] 2012-12-15 19:45:31,506: -PUB [/camera/rgb/image_color/compressed/parameter_descriptions] /camera_nodelet_manager http://pc:42120/
[rosmaster.master][INFO] 2012-12-15 19:45:31,507: -PUB [/camera/rgb/image_color/compressed/parameter_updates] /camera_nodelet_manager http://pc:42120/
[rosmaster.master][INFO] 2012-12-15 19:45:31,508: -PUB [/camera/rgb/image_color] /camera_nodelet_manager http://pc:42120/
[rosmaster.master][INFO] 2012-12-15 19:45:31,510: -PUB [/camera/rgb/image_color/theora] /camera_nodelet_manager http://pc:42120/
[rosmaster.master][INFO] 2012-12-15 19:45:31,512: -PUB [/camera/rgb/image_color/theora/parameter_descriptions] /camera_nodelet_manager http://pc:42120/
[rosmaster.master][INFO] 2012-12-15 19:45:31,515: -PUB [/rosout] /camera/rgb/rectify_color http://pc:46233/
[rosmaster.master][INFO] 2012-12-15 19:45:31,516: -PUB [/camera/rgb/image_color/theora/parameter_updates] /camera_nodelet_manager http://pc:42120/
[rosmaster.master][INFO] 2012-12-15 19:45:31,517: -SERVICE [/camera/rgb/rectify_color/get_loggers] /camera/rgb/rectify_color rosrpc://pc:48519
[rosmaster.master][INFO] 2012-12-15 19:45:31,517: -PUB [/camera/rgb/image_rect/compressed] /camera_nodelet_manager http://pc:42120/
[rosmaster.master][INFO] 2012-12-15 19:45:31,518: -SERVICE [/camera/rgb/rectify_color/set_logger_level] /camera/rgb/rectify_color rosrpc://pc:48519
[rosmaster.master][INFO] 2012-12-15 19:45:31,519: -PUB [/camera/rgb/image_rect/compressed/parameter_descriptions] /camera_nodelet_manager http://pc:42120/
[rosmaster.master][INFO] 2012-12-15 19:45:31,520: -PUB [/camera/rgb/image_rect/compressed/parameter_updates] /camera_nodelet_manager http://pc:42120/
[rosmaster.master][INFO] 2012-12-15 19:45:31,521: -PUB [/camera/rgb/image_rect] /camera_nodelet_manager http://pc:42120/
[rosmaster.master][INFO] 2012-12-15 19:45:31,522: -PUB [/camera/rgb/image_rect/theora] /camera_nodelet_manager http://pc:42120/
[rosmaster.master][INFO] 2012-12-15 19:45:31,523: -PUB [/camera/rgb/image_rect/theora/parameter_descriptions] /camera_nodelet_manager http://pc:42120/
[rosmaster.master][INFO] 2012-12-15 19:45:31,524: -PUB [/camera/rgb/image_rect/theora/parameter_updates] /camera_nodelet_manager http://pc:42120/
[rosmaster.master][INFO] 2012-12-15 19:45:31,526: -PUB [/camera/depth_registered/image_rect_raw/compressed] /camera_nodelet_manager http://pc:42120/
[rosmaster.master][INFO] 2012-12-15 19:45:31,528: -PUB [/camera/depth_registered/image_rect_raw/compressed/parameter_descriptions] /camera_nodelet_manager http://pc:42120/
[rosmaster.master][INFO] 2012-12-15 19:45:31,529: -PUB [/camera/depth_registered/image_rect_raw/compressed/parameter_updates] /camera_nodelet_manager http://pc:42120/
[rosmaster.master][INFO] 2012-12-15 19:45:31,530: -PUB [/camera/depth_registered/image_rect_raw] /camera_nodelet_manager http://pc:42120/
[rosmaster.master][INFO] 2012-12-15 19:45:31,531: -PUB [/camera/depth_registered/image_rect_raw/theora] /camera_nodelet_manager http://pc:42120/
[rosmaster.master][INFO] 2012-12-15 19:45:31,532: -PUB [/camera/depth_registered/image_rect_raw/theora/parameter_descriptions] /camera_nodelet_manager http://pc:42120/
[rosmaster.master][INFO] 2012-12-15 19:45:31,533: -PUB [/camera/depth_registered/image_rect_raw/theora/parameter_updates] /camera_nodelet_manager http://pc:42120/
[rosmaster.master][INFO] 2012-12-15 19:45:31,534: -PUB [/camera/depth_registered/camera_info] /camera_nodelet_manager http://pc:42120/
[rosmaster.master][INFO] 2012-12-15 19:45:31,535: -PUB [/camera/depth/image_rect/compressed] /camera_nodelet_manager http://pc:42120/
[rosmaster.master][INFO] 2012-12-15 19:45:31,535: -PUB [/camera/depth/image_rect/compressed/parameter_descriptions] /camera_nodelet_manager http://pc:42120/
[rosmaster.master][INFO] 2012-12-15 19:45:31,536: -PUB [/camera/depth/image_rect/compressed/parameter_updates] /camera_nodelet_manager http://pc:42120/
[rosmaster.master][INFO] 2012-12-15 19:45:31,537: -PUB [/camera/depth/image_rect] /camera_nodelet_manager http://pc:42120/
[rosmaster.master][INFO] 2012-12-15 19:45:31,538: -PUB [/camera/depth/image_rect/theora] /camera_nodelet_manager http://pc:42120/
[rosmaster.master][INFO] 2012-12-15 19:45:31,540: -PUB [/camera/depth/image_rect/theora/parameter_descriptions] /camera_nodelet_manager http://pc:42120/
[rosmaster.master][INFO] 2012-12-15 19:45:31,541: -PUB [/camera/depth/image_rect/theora/parameter_updates] /camera_nodelet_manager http://pc:42120/
[rosmaster.master][INFO] 2012-12-15 19:45:31,542: -PUB [/camera/rgb/image_rect_color/compressed] /camera_nodelet_manager http://pc:42120/
[rosmaster.master][INFO] 2012-12-15 19:45:31,543: -PUB [/camera/rgb/image_rect_color/compressed/parameter_descriptions] /camera_nodelet_manager http://pc:42120/
[rosmaster.master][INFO] 2012-12-15 19:45:31,544: -PUB [/camera/rgb/image_rect_color/compressed/parameter_updates] /camera_nodelet_manager http://pc:42120/
[rosmaster.master][INFO] 2012-12-15 19:45:31,545: -PUB [/camera/rgb/image_rect_color] /camera_nodelet_manager http://pc:42120/
[rosmaster.master][INFO] 2012-12-15 19:45:31,545: -PUB [/camera/rgb/image_rect_color/theora] /camera_nodelet_manager http://pc:42120/
[rosmaster.master][INFO] 2012-12-15 19:45:31,546: -PUB [/camera/rgb/image_rect_color/theora/parameter_descriptions] /camera_nodelet_manager http://pc:42120/
[rosmaster.master][INFO] 2012-12-15 19:45:31,548: -PUB [/camera/rgb/image_rect_color/theora/parameter_updates] /camera_nodelet_manager http://pc:42120/
[rosmaster.master][INFO] 2012-12-15 19:45:31,549: -PUB [/camera/depth_registered/image_rect/compressed] /camera_nodelet_manager http://pc:42120/
[rosmaster.master][INFO] 2012-12-15 19:45:31,552: -PUB [/camera/depth_registered/image_rect/compressed/parameter_descriptions] /camera_nodelet_manager http://pc:42120/
[rosmaster.master][INFO] 2012-12-15 19:45:31,554: -PUB [/camera/depth_registered/image_rect/compressed/parameter_updates] /camera_nodelet_manager http://pc:42120/
[rosmaster.master][INFO] 2012-12-15 19:45:31,555: -PUB [/camera/depth_registered/image_rect] /camera_nodelet_manager http://pc:42120/
[rosmaster.master][INFO] 2012-12-15 19:45:31,556: -PUB [/camera/depth_registered/image_rect/theora] /camera_nodelet_manager http://pc:42120/
[rosmaster.master][INFO] 2012-12-15 19:45:31,557: -PUB [/camera/depth_registered/image_rect/theora/parameter_descriptions] /camera_nodelet_manager http://pc:42120/
[rosmaster.master][INFO] 2012-12-15 19:45:31,558: -PUB [/camera/depth_registered/image_rect/theora/parameter_updates] /camera_nodelet_manager http://pc:42120/
[rosmaster.master][INFO] 2012-12-15 19:45:31,559: -PUB [/camera/depth/image_rect_raw/compressed] /camera_nodelet_manager http://pc:42120/
[rosmaster.master][INFO] 2012-12-15 19:45:31,560: publisherUpdate[/rosout] -> http://pc:45655/
[rosmaster.master][INFO] 2012-12-15 19:45:31,560: -PUB [/camera/depth/image_rect_raw/compressed/parameter_descriptions] /camera_nodelet_manager http://pc:42120/
[rosmaster.master][INFO] 2012-12-15 19:45:31,561: publisherUpdate[/rosout] -> http://pc:45655/
[rosmaster.master][INFO] 2012-12-15 19:45:31,562: -PUB [/camera/depth/image_rect_raw/compressed/parameter_updates] /camera_nodelet_manager http://pc:42120/
[rosmaster.master][INFO] 2012-12-15 19:45:31,563: -PUB [/camera/depth/image_rect_raw] /camera_nodelet_manager http://pc:42120/
[rosmaster.master][INFO] 2012-12-15 19:45:31,564: -PUB [/camera/depth/image_rect_raw/theora] /camera_nodelet_manager http://pc:42120/
[rosmaster.master][INFO] 2012-12-15 19:45:31,565: -PUB [/camera/depth/image_rect_raw/theora/parameter_descriptions] /camera_nodelet_manager http://pc:42120/
[rosmaster.master][INFO] 2012-12-15 19:45:31,566: -PUB [/camera/depth/image_rect_raw/theora/parameter_updates] /camera_nodelet_manager http://pc:42120/
[rosmaster.master][INFO] 2012-12-15 19:45:31,566: -PUB [/camera/driver/parameter_descriptions] /camera_nodelet_manager http://pc:42120/
[rosmaster.master][INFO] 2012-12-15 19:45:31,567: -PUB [/camera/driver/parameter_updates] /camera_nodelet_manager http://pc:42120/
[rosmaster.master][INFO] 2012-12-15 19:45:31,568: -PUB [/camera/rgb/image_raw/compressed] /camera_nodelet_manager http://pc:42120/
[rosmaster.master][INFO] 2012-12-15 19:45:31,569: -PUB [/camera/rgb/image_raw/compressed/parameter_descriptions] /camera_nodelet_manager http://pc:42120/
[rosmaster.master][INFO] 2012-12-15 19:45:31,570: -PUB [/camera/rgb/image_raw/compressed/parameter_updates] /camera_nodelet_manager http://pc:42120/
[rosmaster.master][INFO] 2012-12-15 19:45:31,571: -PUB [/camera/rgb/image_raw] /camera_nodelet_manager http://pc:42120/
[rosmaster.master][INFO] 2012-12-15 19:45:31,571: -PUB [/camera/rgb/image_raw/theora] /camera_nodelet_manager http://pc:42120/
[rosmaster.master][INFO] 2012-12-15 19:45:31,572: -PUB [/camera/rgb/image_raw/theora/parameter_descriptions] /camera_nodelet_manager http://pc:42120/
[rosmaster.master][INFO] 2012-12-15 19:45:31,573: -PUB [/camera/rgb/image_raw/theora/parameter_updates] /camera_nodelet_manager http://pc:42120/
[rosmaster.master][INFO] 2012-12-15 19:45:31,574: -PUB [/camera/rgb/camera_info] /camera_nodelet_manager http://pc:42120/
[rosmaster.master][INFO] 2012-12-15 19:45:31,575: -PUB [/camera/ir/image_raw/compressed] /camera_nodelet_manager http://pc:42120/
[rosmaster.master][INFO] 2012-12-15 19:45:31,576: -PUB [/camera/ir/image_raw/compressed/parameter_descriptions] /camera_nodelet_manager http://pc:42120/
[rosmaster.master][INFO] 2012-12-15 19:45:31,577: -PUB [/camera/ir/image_raw/compressed/parameter_updates] /camera_nodelet_manager http://pc:42120/
[rosmaster.master][INFO] 2012-12-15 19:45:31,578: -PUB [/camera/ir/image_raw] /camera_nodelet_manager http://pc:42120/
[rosmaster.master][INFO] 2012-12-15 19:45:31,578: -PUB [/camera/ir/image_raw/theora] /camera_nodelet_manager http://pc:42120/
[rosmaster.master][INFO] 2012-12-15 19:45:31,579: -PUB [/camera/ir/image_raw/theora/parameter_descriptions] /camera_nodelet_manager http://pc:42120/
[rosmaster.master][INFO] 2012-12-15 19:45:31,580: -PUB [/camera/ir/image_raw/theora/parameter_updates] /camera_nodelet_manager http://pc:42120/
[rosmaster.master][INFO] 2012-12-15 19:45:31,581: -PUB [/camera/ir/camera_info] /camera_nodelet_manager http://pc:42120/
[rosmaster.master][INFO] 2012-12-15 19:45:31,582: -PUB [/camera/depth/image_raw/compressed] /camera_nodelet_manager http://pc:42120/
[rosmaster.master][INFO] 2012-12-15 19:45:31,583: -PUB [/camera/depth/image_raw/compressed/parameter_descriptions] /camera_nodelet_manager http://pc:42120/
[rosmaster.master][INFO] 2012-12-15 19:45:31,584: -PUB [/camera/depth/image_raw/compressed/parameter_updates] /camera_nodelet_manager http://pc:42120/
[rosmaster.master][INFO] 2012-12-15 19:45:31,584: -PUB [/camera/depth/image_raw] /camera_nodelet_manager http://pc:42120/
[rosmaster.master][INFO] 2012-12-15 19:45:31,585: -PUB [/camera/depth/image_raw/theora] /camera_nodelet_manager http://pc:42120/
[rosmaster.master][INFO] 2012-12-15 19:45:31,586: -PUB [/camera/depth/image_raw/theora/parameter_descriptions] /camera_nodelet_manager http://pc:42120/
[rosmaster.master][INFO] 2012-12-15 19:45:31,587: -PUB [/camera/depth/image_raw/theora/parameter_updates] /camera_nodelet_manager http://pc:42120/
[rosmaster.master][INFO] 2012-12-15 19:45:31,588: -PUB [/camera/depth/camera_info] /camera_nodelet_manager http://pc:42120/
[rosmaster.master][INFO] 2012-12-15 19:45:31,589: -PUB [/camera/projector/camera_info] /camera_nodelet_manager http://pc:42120/
[rosmaster.master][INFO] 2012-12-15 19:45:31,590: -PUB [/camera/depth_registered/image_raw/compressed] /camera_nodelet_manager http://pc:42120/
[rosmaster.master][INFO] 2012-12-15 19:45:31,592: -PUB [/camera/depth_registered/image_raw/compressed/parameter_descriptions] /camera_nodelet_manager http://pc:42120/
[rosmaster.master][INFO] 2012-12-15 19:45:31,594: -PUB [/camera/depth_registered/image_raw/compressed/parameter_updates] /camera_nodelet_manager http://pc:42120/
[rosmaster.master][INFO] 2012-12-15 19:45:31,595: -PUB [/camera/depth_registered/image_raw] /camera_nodelet_manager http://pc:42120/
[rosmaster.master][INFO] 2012-12-15 19:45:31,596: -PUB [/camera/depth_registered/image_raw/theora] /camera_nodelet_manager http://pc:42120/
[rosmaster.master][INFO] 2012-12-15 19:45:31,597: -PUB [/camera/depth_registered/image_raw/theora/parameter_descriptions] /camera_nodelet_manager http://pc:42120/
[rosmaster.master][INFO] 2012-12-15 19:45:31,597: -PUB [/camera/depth_registered/image_raw/theora/parameter_updates] /camera_nodelet_manager http://pc:42120/
[rosmaster.master][INFO] 2012-12-15 19:45:31,598: -SERVICE [/camera_nodelet_manager/get_loggers] /camera_nodelet_manager rosrpc://pc:39929
[rosmaster.master][INFO] 2012-12-15 19:45:31,599: -SERVICE [/camera_nodelet_manager/set_logger_level] /camera_nodelet_manager rosrpc://pc:39929
[rosmaster.master][INFO] 2012-12-15 19:45:31,600: -SERVICE [/camera_nodelet_manager/load_nodelet] /camera_nodelet_manager rosrpc://pc:39929
[rosmaster.master][INFO] 2012-12-15 19:45:31,601: -SERVICE [/camera_nodelet_manager/unload_nodelet] /camera_nodelet_manager rosrpc://pc:39929
[rosmaster.master][INFO] 2012-12-15 19:45:31,602: -SERVICE [/camera_nodelet_manager/list] /camera_nodelet_manager rosrpc://pc:39929
[rosmaster.master][INFO] 2012-12-15 19:45:31,603: -SERVICE [/camera/depth_registered/image/compressed/set_parameters] /camera_nodelet_manager rosrpc://pc:39929
[rosmaster.master][INFO] 2012-12-15 19:45:31,604: -SERVICE [/camera/depth_registered/image/theora/set_parameters] /camera_nodelet_manager rosrpc://pc:39929
[rosmaster.master][INFO] 2012-12-15 19:45:31,605: -SERVICE [/camera/depth/image/compressed/set_parameters] /camera_nodelet_manager rosrpc://pc:39929
[rosmaster.master][INFO] 2012-12-15 19:45:31,606: -SERVICE [/camera/depth/image/theora/set_parameters] /camera_nodelet_manager rosrpc://pc:39929
[rosmaster.master][INFO] 2012-12-15 19:45:31,606: -SERVICE [/camera/ir/image_rect/compressed/set_parameters] /camera_nodelet_manager rosrpc://pc:39929
[rosmaster.master][INFO] 2012-12-15 19:45:31,607: -SERVICE [/camera/ir/image_rect/theora/set_parameters] /camera_nodelet_manager rosrpc://pc:39929
[rosmaster.master][INFO] 2012-12-15 19:45:31,608: -SERVICE [/camera/rgb/debayer/set_parameters] /camera_nodelet_manager rosrpc://pc:39929
[rosmaster.master][INFO] 2012-12-15 19:45:31,609: -SERVICE [/camera/rgb/image_mono/compressed/set_parameters] /camera_nodelet_manager rosrpc://pc:39929
[rosmaster.master][INFO] 2012-12-15 19:45:31,610: -SERVICE [/camera/rgb/image_mono/theora/set_parameters] /camera_nodelet_manager rosrpc://pc:39929
[rosmaster.master][INFO] 2012-12-15 19:45:31,611: -SERVICE [/camera/rgb/image_color/compressed/set_parameters] /camera_nodelet_manager rosrpc://pc:39929
[rosmaster.master][INFO] 2012-12-15 19:45:31,612: -SERVICE [/camera/rgb/image_color/theora/set_parameters] /camera_nodelet_manager rosrpc://pc:39929
[rosmaster.master][INFO] 2012-12-15 19:45:31,613: -SERVICE [/camera/rgb/image_rect/compressed/set_parameters] /camera_nodelet_manager rosrpc://pc:39929
[rosmaster.master][INFO] 2012-12-15 19:45:31,614: -SERVICE [/camera/rgb/image_rect/theora/set_parameters] /camera_nodelet_manager rosrpc://pc:39929
[rosmaster.master][INFO] 2012-12-15 19:45:31,614: -SERVICE [/camera/depth/image_rect/compressed/set_parameters] /camera_nodelet_manager rosrpc://pc:39929
[rosmaster.master][INFO] 2012-12-15 19:45:31,615: -SERVICE [/camera/depth/image_rect/theora/set_parameters] /camera_nodelet_manager rosrpc://pc:39929
[rosmaster.master][INFO] 2012-12-15 19:45:31,616: -SERVICE [/camera/rgb/image_rect_color/compressed/set_parameters] /camera_nodelet_manager rosrpc://pc:39929
[rosmaster.master][INFO] 2012-12-15 19:45:31,617: -SERVICE [/camera/rgb/image_rect_color/theora/set_parameters] /camera_nodelet_manager rosrpc://pc:39929
[rosmaster.master][INFO] 2012-12-15 19:45:31,618: -SERVICE [/camera/depth_registered/image_rect/compressed/set_parameters] /camera_nodelet_manager rosrpc://pc:39929
[rosmaster.master][INFO] 2012-12-15 19:45:31,619: -SERVICE [/camera/depth_registered/image_rect/theora/set_parameters] /camera_nodelet_manager rosrpc://pc:39929
[rosmaster.master][INFO] 2012-12-15 19:45:31,620: -SERVICE [/camera/depth/image_rect_raw/compressed/set_parameters] /camera_nodelet_manager rosrpc://pc:39929
[rosmaster.master][INFO] 2012-12-15 19:45:31,620: -SERVICE [/camera/depth/image_rect_raw/theora/set_parameters] /camera_nodelet_manager rosrpc://pc:39929
[rosmaster.master][INFO] 2012-12-15 19:45:31,621: -SERVICE [/camera/driver/set_parameters] /camera_nodelet_manager rosrpc://pc:39929
[rosmaster.master][INFO] 2012-12-15 19:45:31,622: -SERVICE [/camera/rgb/set_camera_info] /camera_nodelet_manager rosrpc://pc:39929
[rosmaster.master][INFO] 2012-12-15 19:45:31,623: -SERVICE [/camera/ir/set_camera_info] /camera_nodelet_manager rosrpc://pc:39929
[rosmaster.master][INFO] 2012-12-15 19:45:31,624: -SERVICE [/camera/rgb/image_raw/compressed/set_parameters] /camera_nodelet_manager rosrpc://pc:39929
[rosmaster.master][INFO] 2012-12-15 19:45:31,625: -SERVICE [/camera/rgb/image_raw/theora/set_parameters] /camera_nodelet_manager rosrpc://pc:39929
[rosmaster.master][INFO] 2012-12-15 19:45:31,627: -SERVICE [/camera/ir/image_raw/compressed/set_parameters] /camera_nodelet_manager rosrpc://pc:39929
[rosmaster.master][INFO] 2012-12-15 19:45:31,628: -SERVICE [/camera/ir/image_raw/theora/set_parameters] /camera_nodelet_manager rosrpc://pc:39929
[rosmaster.master][INFO] 2012-12-15 19:45:31,630: -SERVICE [/camera/depth/image_raw/compressed/set_parameters] /camera_nodelet_manager rosrpc://pc:39929
[rosmaster.master][INFO] 2012-12-15 19:45:31,631: -SERVICE [/camera/depth/image_raw/theora/set_parameters] /camera_nodelet_manager rosrpc://pc:39929
[rosmaster.master][INFO] 2012-12-15 19:45:31,631: -SERVICE [/camera/depth_registered/image_raw/compressed/set_parameters] /camera_nodelet_manager rosrpc://pc:39929
[rosmaster.master][INFO] 2012-12-15 19:45:31,632: -SERVICE [/camera/depth_registered/image_raw/theora/set_parameters] /camera_nodelet_manager rosrpc://pc:39929
[rosmaster.master][INFO] 2012-12-15 19:45:31,704: -PUB [/rosout] /camera/driver http://pc:37307/
[rosmaster.master][INFO] 2012-12-15 19:45:31,707: -SERVICE [/camera/driver/get_loggers] /camera/driver rosrpc://pc:39236
[rosmaster.master][INFO] 2012-12-15 19:45:31,711: -SERVICE [/camera/driver/set_logger_level] /camera/driver rosrpc://pc:39236
[rosmaster.master][INFO] 2012-12-15 19:45:31,762: publisherUpdate[/rosout] -> http://pc:45655/
[rosmaster.master][INFO] 2012-12-15 19:45:31,815: -PUB [/rosout] /camera/rgb/debayer http://pc:49467/
[rosmaster.master][INFO] 2012-12-15 19:45:31,818: -SERVICE [/camera/rgb/debayer/get_loggers] /camera/rgb/debayer rosrpc://pc:56150
[rosmaster.master][INFO] 2012-12-15 19:45:31,820: -SERVICE [/camera/rgb/debayer/set_logger_level] /camera/rgb/debayer rosrpc://pc:56150
[rosmaster.master][INFO] 2012-12-15 19:45:31,863: publisherUpdate[/rosout] -> http://pc:45655/
[rosmaster.master][INFO] 2012-12-15 19:45:32,066: -PUB [/rosout_agg] /rosout http://pc:45655/
[rosmaster.master][INFO] 2012-12-15 19:45:32,067: -SUB [/rosout] /rosout http://pc:45655/
[rosmaster.master][INFO] 2012-12-15 19:45:32,069: -SERVICE [/rosout/get_loggers] /rosout rosrpc://pc:41744
[rosmaster.master][INFO] 2012-12-15 19:45:32,070: -SERVICE [/rosout/set_logger_level] /rosout rosrpc://pc:41744
[rosmaster.main][INFO] 2012-12-15 19:45:32,140: keyboard interrupt, will exit
[rosmaster.main][INFO] 2012-12-15 19:45:32,141: stopping master...
