[rosmaster.main][INFO] 2012-12-15 17:12:27,126: initialization complete, waiting for shutdown
[rosmaster.main][INFO] 2012-12-15 17:12:27,127: Starting ROS Master Node
[xmlrpc][INFO] 2012-12-15 17:12:27,128: XML-RPC server binding to 0.0.0.0
[xmlrpc][INFO] 2012-12-15 17:12:27,129: Started XML-RPC server [http://pc:11311/]
[rosmaster.master][INFO] 2012-12-15 17:12:27,129: Master initialized: port[11311], uri[http://pc:11311/]
[xmlrpc][INFO] 2012-12-15 17:12:27,130: xml rpc node: starting XML-RPC server
[rosmaster.master][INFO] 2012-12-15 17:12:27,148: +PARAM [/run_id] by /roslaunch
[rosmaster.master][INFO] 2012-12-15 17:12:27,152: +PARAM [/roslaunch/uris/host_pc__58663] by /roslaunch
[rosmaster.master][INFO] 2012-12-15 17:12:27,184: +PARAM [/rosdistro] by /roslaunch
[rosmaster.master][INFO] 2012-12-15 17:12:27,185: +PARAM [/camera/driver/rgb_frame_id] by /roslaunch
[rosmaster.master][INFO] 2012-12-15 17:12:27,185: +PARAM [/camera/disparity_depth_registered/min_range] by /roslaunch
[rosmaster.master][INFO] 2012-12-15 17:12:27,185: +PARAM [/camera/driver/rgb_camera_info_url] by /roslaunch
[rosmaster.master][INFO] 2012-12-15 17:12:27,185: +PARAM [/camera/depth_registered/rectify_depth/interpolation] by /roslaunch
[rosmaster.master][INFO] 2012-12-15 17:12:27,186: +PARAM [/camera/driver/depth_frame_id] by /roslaunch
[rosmaster.master][INFO] 2012-12-15 17:12:27,186: +PARAM [/camera/depth/rectify_depth/interpolation] by /roslaunch
[rosmaster.master][INFO] 2012-12-15 17:12:27,187: +PARAM [/camera/disparity_depth/max_range] by /roslaunch
[rosmaster.master][INFO] 2012-12-15 17:12:27,187: +PARAM [/rosversion] by /roslaunch
[rosmaster.master][INFO] 2012-12-15 17:12:27,187: +PARAM [/camera/driver/device_id] by /roslaunch
[rosmaster.master][INFO] 2012-12-15 17:12:27,188: +PARAM [/camera/driver/depth_camera_info_url] by /roslaunch
[rosmaster.master][INFO] 2012-12-15 17:12:27,188: +PARAM [/camera/disparity_depth/min_range] by /roslaunch
[rosmaster.master][INFO] 2012-12-15 17:12:27,189: +PARAM [/camera/disparity_depth_registered/max_range] by /roslaunch
[rosmaster.master][INFO] 2012-12-15 17:12:27,192: +SERVICE [/rosout/get_loggers] /rosout http://pc:33708/
[rosmaster.master][INFO] 2012-12-15 17:12:27,193: +SERVICE [/rosout/set_logger_level] /rosout http://pc:33708/
[rosmaster.master][INFO] 2012-12-15 17:12:27,196: +PUB [/rosout_agg] /rosout http://pc:33708/
[rosmaster.master][INFO] 2012-12-15 17:12:27,197: +SUB [/rosout] /rosout http://pc:33708/
[rosmaster.master][INFO] 2012-12-15 17:12:27,231: +PUB [/rosout] /camera/driver http://pc:43541/
[rosmaster.master][INFO] 2012-12-15 17:12:27,233: +SERVICE [/camera/driver/get_loggers] /camera/driver http://pc:43541/
[rosmaster.master][INFO] 2012-12-15 17:12:27,234: +SERVICE [/camera/driver/set_logger_level] /camera/driver http://pc:43541/
[rosmaster.master][INFO] 2012-12-15 17:12:27,240: +PARAM [/camera/driver] by /camera/driver
[rosmaster.master][INFO] 2012-12-15 17:12:27,254: +PUB [/rosout] /camera/rgb/debayer http://pc:34608/
[rosmaster.master][INFO] 2012-12-15 17:12:27,258: +SERVICE [/camera/rgb/debayer/get_loggers] /camera/rgb/debayer http://pc:34608/
[rosmaster.master][INFO] 2012-12-15 17:12:27,259: +PUB [/rosout] /camera/rgb/rectify_mono http://pc:43654/
[rosmaster.master][INFO] 2012-12-15 17:12:27,261: +SERVICE [/camera/rgb/debayer/set_logger_level] /camera/rgb/debayer http://pc:34608/
[rosmaster.master][INFO] 2012-12-15 17:12:27,266: +SERVICE [/camera/rgb/rectify_mono/get_loggers] /camera/rgb/rectify_mono http://pc:43654/
[rosmaster.master][INFO] 2012-12-15 17:12:27,269: +PUB [/rosout] /camera/rgb/rectify_color http://pc:43102/
[rosmaster.master][INFO] 2012-12-15 17:12:27,272: +SERVICE [/camera/rgb/rectify_mono/set_logger_level] /camera/rgb/rectify_mono http://pc:43654/
[rosmaster.master][INFO] 2012-12-15 17:12:27,278: +SERVICE [/camera/rgb/rectify_color/get_loggers] /camera/rgb/rectify_color http://pc:43102/
[rosmaster.master][INFO] 2012-12-15 17:12:27,285: +SERVICE [/camera/rgb/rectify_color/set_logger_level] /camera/rgb/rectify_color http://pc:43102/
[rosmaster.master][INFO] 2012-12-15 17:12:27,297: +PUB [/rosout] /camera/ir/rectify_ir http://pc:46336/
[rosmaster.master][INFO] 2012-12-15 17:12:27,305: +PUB [/rosout] /camera/depth/rectify_depth http://pc:52365/
[rosmaster.master][INFO] 2012-12-15 17:12:27,306: +SERVICE [/camera/ir/rectify_ir/get_loggers] /camera/ir/rectify_ir http://pc:46336/
[rosmaster.master][INFO] 2012-12-15 17:12:27,323: +PUB [/rosout] /camera/depth/metric_rect http://pc:58262/
[rosmaster.master][INFO] 2012-12-15 17:12:27,325: +SERVICE [/camera/depth/rectify_depth/get_loggers] /camera/depth/rectify_depth http://pc:52365/
[rosmaster.master][INFO] 2012-12-15 17:12:27,327: +SERVICE [/camera/ir/rectify_ir/set_logger_level] /camera/ir/rectify_ir http://pc:46336/
[rosmaster.master][INFO] 2012-12-15 17:12:27,328: publisherUpdate[/rosout] -> http://pc:33708/
[rosmaster.master][INFO] 2012-12-15 17:12:27,331: publisherUpdate[/rosout] -> http://pc:33708/
[rosmaster.master][INFO] 2012-12-15 17:12:27,332: publisherUpdate[/rosout] -> http://pc:33708/
[rosmaster.master][INFO] 2012-12-15 17:12:27,333: publisherUpdate[/rosout] -> http://pc:33708/
[rosmaster.master][INFO] 2012-12-15 17:12:27,338: publisherUpdate[/rosout] -> http://pc:33708/
[rosmaster.master][INFO] 2012-12-15 17:12:27,340: publisherUpdate[/rosout] -> http://pc:33708/
[rosmaster.master][INFO] 2012-12-15 17:12:27,341: publisherUpdate[/rosout] -> http://pc:33708/
[rosmaster.master][INFO] 2012-12-15 17:12:27,359: +SERVICE [/camera/depth/metric_rect/get_loggers] /camera/depth/metric_rect http://pc:58262/
[rosmaster.master][INFO] 2012-12-15 17:12:27,366: +SERVICE [/camera/depth/rectify_depth/set_logger_level] /camera/depth/rectify_depth http://pc:52365/
[rosmaster.master][INFO] 2012-12-15 17:12:27,370: +PUB [/rosout] /camera/depth/points http://pc:59192/
[rosmaster.master][INFO] 2012-12-15 17:12:27,373: +SERVICE [/camera/depth/metric_rect/set_logger_level] /camera/depth/metric_rect http://pc:58262/
[rosmaster.master][INFO] 2012-12-15 17:12:27,381: +SERVICE [/camera/depth/points/get_loggers] /camera/depth/points http://pc:59192/
[rosmaster.master][INFO] 2012-12-15 17:12:27,384: +PUB [/rosout] /camera/depth_registered/rectify_depth http://pc:34759/
[rosmaster.master][INFO] 2012-12-15 17:12:27,385: +PUB [/rosout] /camera/depth_registered/metric http://pc:54817/
[rosmaster.master][INFO] 2012-12-15 17:12:27,387: +PUB [/rosout] /camera/points_xyzrgb_depth_rgb http://pc:33831/
[rosmaster.master][INFO] 2012-12-15 17:12:27,390: +SERVICE [/camera/depth/points/set_logger_level] /camera/depth/points http://pc:59192/
[rosmaster.master][INFO] 2012-12-15 17:12:27,393: +SERVICE [/camera/depth_registered/rectify_depth/get_loggers] /camera/depth_registered/rectify_depth http://pc:34759/
[rosmaster.master][INFO] 2012-12-15 17:12:27,394: +SERVICE [/camera/depth_registered/metric/get_loggers] /camera/depth_registered/metric http://pc:54817/
[rosmaster.master][INFO] 2012-12-15 17:12:27,404: +SERVICE [/camera/points_xyzrgb_depth_rgb/get_loggers] /camera/points_xyzrgb_depth_rgb http://pc:33831/
[rosmaster.master][INFO] 2012-12-15 17:12:27,407: +SERVICE [/camera/depth_registered/rectify_depth/set_logger_level] /camera/depth_registered/rectify_depth http://pc:34759/
[rosmaster.master][INFO] 2012-12-15 17:12:27,408: +PUB [/rosout] /camera/disparity_depth http://pc:43279/
[rosmaster.master][INFO] 2012-12-15 17:12:27,409: +PUB [/rosout] /camera/disparity_depth_registered http://pc:58109/
[rosmaster.master][INFO] 2012-12-15 17:12:27,415: +SERVICE [/camera/points_xyzrgb_depth_rgb/set_logger_level] /camera/points_xyzrgb_depth_rgb http://pc:33831/
[rosmaster.master][INFO] 2012-12-15 17:12:27,418: +SERVICE [/camera/disparity_depth/get_loggers] /camera/disparity_depth http://pc:43279/
[rosmaster.master][INFO] 2012-12-15 17:12:27,419: +SERVICE [/camera/disparity_depth_registered/get_loggers] /camera/disparity_depth_registered http://pc:58109/
[rosmaster.master][INFO] 2012-12-15 17:12:27,426: +PUB [/rosout] /camera_base_link http://pc:51953/
[rosmaster.master][INFO] 2012-12-15 17:12:27,431: publisherUpdate[/rosout] -> http://pc:33708/
[rosmaster.master][INFO] 2012-12-15 17:12:27,433: publisherUpdate[/rosout] -> http://pc:33708/
[rosmaster.master][INFO] 2012-12-15 17:12:27,435: publisherUpdate[/rosout] -> http://pc:33708/
[rosmaster.master][INFO] 2012-12-15 17:12:27,436: publisherUpdate[/rosout] -> http://pc:33708/
[rosmaster.master][INFO] 2012-12-15 17:12:27,438: publisherUpdate[/rosout] -> http://pc:33708/
[rosmaster.master][INFO] 2012-12-15 17:12:27,439: publisherUpdate[/rosout] -> http://pc:33708/
[rosmaster.master][INFO] 2012-12-15 17:12:27,441: publisherUpdate[/rosout] -> http://pc:33708/
[rosmaster.master][INFO] 2012-12-15 17:12:27,444: +SERVICE [/camera/disparity_depth/set_logger_level] /camera/disparity_depth http://pc:43279/
[rosmaster.master][INFO] 2012-12-15 17:12:27,447: +SERVICE [/camera/disparity_depth_registered/set_logger_level] /camera/disparity_depth_registered http://pc:58109/
[rosmaster.master][INFO] 2012-12-15 17:12:27,454: +PARAM [/camera/depth_registered/rectify_depth] by /camera/depth_registered/rectify_depth
[rosmaster.master][INFO] 2012-12-15 17:12:27,458: +PUB [/rosout] /camera_base_link2 http://pc:53699/
[rosmaster.master][INFO] 2012-12-15 17:12:27,466: +SERVICE [/camera_base_link2/get_loggers] /camera_base_link2 http://pc:53699/
[rosmaster.master][INFO] 2012-12-15 17:12:27,469: +PARAM [/camera/disparity_depth] by /camera/disparity_depth
[rosmaster.master][INFO] 2012-12-15 17:12:27,471: +PARAM [/camera/disparity_depth_registered] by /camera/disparity_depth_registered
[rosmaster.master][INFO] 2012-12-15 17:12:27,472: +SERVICE [/camera_base_link2/set_logger_level] /camera_base_link2 http://pc:53699/
[rosmaster.master][INFO] 2012-12-15 17:12:27,484: +PUB [/tf] /camera_base_link2 http://pc:53699/
[rosmaster.master][INFO] 2012-12-15 17:12:27,537: publisherUpdate[/rosout] -> http://pc:33708/
[rosmaster.master][INFO] 2012-12-15 17:12:27,544: +PUB [/rosout] /camera/depth/metric http://pc:50613/
[rosmaster.master][INFO] 2012-12-15 17:12:27,547: +SERVICE [/camera/depth/metric/get_loggers] /camera/depth/metric http://pc:50613/
[rosmaster.master][INFO] 2012-12-15 17:12:27,550: +SERVICE [/camera/depth/metric/set_logger_level] /camera/depth/metric http://pc:50613/
[rosmaster.master][INFO] 2012-12-15 17:12:27,550: publisherUpdate[/rosout] -> http://pc:33708/
[rosmaster.master][INFO] 2012-12-15 17:12:27,565: +PUB [/rosout] /camera_nodelet_manager http://pc:57182/
[rosmaster.master][INFO] 2012-12-15 17:12:27,567: +SERVICE [/camera_nodelet_manager/get_loggers] /camera_nodelet_manager http://pc:57182/
[rosmaster.master][INFO] 2012-12-15 17:12:27,570: +SERVICE [/camera_nodelet_manager/set_logger_level] /camera_nodelet_manager http://pc:57182/
[rosmaster.master][INFO] 2012-12-15 17:12:27,577: +SERVICE [/camera_nodelet_manager/load_nodelet] /camera_nodelet_manager http://pc:57182/
[rosmaster.master][INFO] 2012-12-15 17:12:27,584: +SERVICE [/camera_nodelet_manager/unload_nodelet] /camera_nodelet_manager http://pc:57182/
[rosmaster.master][INFO] 2012-12-15 17:12:27,596: +SERVICE [/camera_nodelet_manager/list] /camera_nodelet_manager http://pc:57182/
[rosmaster.master][INFO] 2012-12-15 17:12:27,643: publisherUpdate[/rosout] -> http://pc:33708/
[rosmaster.master][INFO] 2012-12-15 17:12:27,812: +PUB [/rosout] /set_dr http://pc:43372/
[rosmaster.master][INFO] 2012-12-15 17:12:27,843: publisherUpdate[/rosout] -> http://pc:33708/
[rosmaster.master][INFO] 2012-12-15 17:12:27,915: +PUB [/camera/depth/points] /camera_nodelet_manager http://pc:57182/
[rosmaster.master][INFO] 2012-12-15 17:12:28,155: +PUB [/camera/depth/image/compressed] /camera_nodelet_manager http://pc:57182/
[rosmaster.master][INFO] 2012-12-15 17:12:28,156: +SERVICE [/camera/depth/image/compressed/set_parameters] /camera_nodelet_manager http://pc:57182/
[rosmaster.master][INFO] 2012-12-15 17:12:28,157: +PUB [/camera/depth/image/compressed/parameter_descriptions] /camera_nodelet_manager http://pc:57182/
[rosmaster.master][INFO] 2012-12-15 17:12:28,159: +PUB [/camera/depth/image/compressed/parameter_updates] /camera_nodelet_manager http://pc:57182/
[rosmaster.master][INFO] 2012-12-15 17:12:28,166: +PARAM [/camera/depth/image/compressed/format] by /camera_nodelet_manager
[rosmaster.master][INFO] 2012-12-15 17:12:28,168: +PARAM [/camera/depth/image/compressed/jpeg_quality] by /camera_nodelet_manager
[rosmaster.master][INFO] 2012-12-15 17:12:28,170: +PARAM [/camera/depth/image/compressed/png_level] by /camera_nodelet_manager
[rosmaster.master][INFO] 2012-12-15 17:12:28,173: +PUB [/camera/depth/image] /camera_nodelet_manager http://pc:57182/
[rosmaster.master][INFO] 2012-12-15 17:12:28,180: +PUB [/camera/depth/image/theora] /camera_nodelet_manager http://pc:57182/
[rosmaster.master][INFO] 2012-12-15 17:12:28,182: +SERVICE [/camera/depth/image/theora/set_parameters] /camera_nodelet_manager http://pc:57182/
[rosmaster.master][INFO] 2012-12-15 17:12:28,184: +PUB [/camera/depth/image/theora/parameter_descriptions] /camera_nodelet_manager http://pc:57182/
[rosmaster.master][INFO] 2012-12-15 17:12:28,185: +PUB [/camera/depth/image/theora/parameter_updates] /camera_nodelet_manager http://pc:57182/
[rosmaster.master][INFO] 2012-12-15 17:12:28,197: +PARAM [/camera/depth/image/theora/optimize_for] by /camera_nodelet_manager
[rosmaster.master][INFO] 2012-12-15 17:12:28,200: +PARAM [/camera/depth/image/theora/target_bitrate] by /camera_nodelet_manager
[rosmaster.master][INFO] 2012-12-15 17:12:28,203: +PARAM [/camera/depth/image/theora/quality] by /camera_nodelet_manager
[rosmaster.master][INFO] 2012-12-15 17:12:28,205: +PARAM [/camera/depth/image/theora/keyframe_frequency] by /camera_nodelet_manager
[rosmaster.master][INFO] 2012-12-15 17:12:28,289: +PUB [/rosout] /depth_detection http://pc:51048/
[rosmaster.master][INFO] 2012-12-15 17:12:28,334: +SUB [/camera/depth_registered/image_rect] /depth_detection http://pc:51048/
[rosmaster.master][INFO] 2012-12-15 17:12:28,337: +SUB [/camera/rgb/image_rect_color] /depth_detection http://pc:51048/
[rosmaster.master][INFO] 2012-12-15 17:12:28,346: publisherUpdate[/rosout] -> http://pc:33708/
[rosmaster.master][INFO] 2012-12-15 17:12:28,753: +PUB [/camera/depth_registered/points] /camera_nodelet_manager http://pc:57182/
[rosmaster.master][INFO] 2012-12-15 17:12:29,037: +PUB [/camera/depth_registered/disparity] /camera_nodelet_manager http://pc:57182/
[rosmaster.master][INFO] 2012-12-15 17:12:29,708: +SERVICE [/camera/rgb/rectify_color/set_parameters] /camera_nodelet_manager http://pc:57182/
[rosmaster.master][INFO] 2012-12-15 17:12:29,711: +PUB [/camera/rgb/rectify_color/parameter_descriptions] /camera_nodelet_manager http://pc:57182/
[rosmaster.master][INFO] 2012-12-15 17:12:29,714: +PUB [/camera/rgb/rectify_color/parameter_updates] /camera_nodelet_manager http://pc:57182/
[rosmaster.master][INFO] 2012-12-15 17:12:29,719: +PARAM [/camera/rgb/rectify_color/interpolation] by /camera_nodelet_manager
[rosmaster.master][INFO] 2012-12-15 17:12:29,722: +PUB [/camera/rgb/image_rect_color/compressed] /camera_nodelet_manager http://pc:57182/
[rosmaster.master][INFO] 2012-12-15 17:12:29,723: +SERVICE [/camera/rgb/image_rect_color/compressed/set_parameters] /camera_nodelet_manager http://pc:57182/
[rosmaster.master][INFO] 2012-12-15 17:12:29,724: +PUB [/camera/rgb/image_rect_color/compressed/parameter_descriptions] /camera_nodelet_manager http://pc:57182/
[rosmaster.master][INFO] 2012-12-15 17:12:29,725: +PUB [/camera/rgb/image_rect_color/compressed/parameter_updates] /camera_nodelet_manager http://pc:57182/
[rosmaster.master][INFO] 2012-12-15 17:12:29,729: +PARAM [/camera/rgb/image_rect_color/compressed/format] by /camera_nodelet_manager
[rosmaster.master][INFO] 2012-12-15 17:12:29,730: +PARAM [/camera/rgb/image_rect_color/compressed/jpeg_quality] by /camera_nodelet_manager
[rosmaster.master][INFO] 2012-12-15 17:12:29,731: +PARAM [/camera/rgb/image_rect_color/compressed/png_level] by /camera_nodelet_manager
[rosmaster.master][INFO] 2012-12-15 17:12:29,732: +PUB [/camera/rgb/image_rect_color] /camera_nodelet_manager http://pc:57182/
[rosmaster.master][INFO] 2012-12-15 17:12:29,733: +PUB [/camera/rgb/image_rect_color/theora] /camera_nodelet_manager http://pc:57182/
[rosmaster.master][INFO] 2012-12-15 17:12:29,734: +SERVICE [/camera/rgb/image_rect_color/theora/set_parameters] /camera_nodelet_manager http://pc:57182/
[rosmaster.master][INFO] 2012-12-15 17:12:29,735: +PUB [/camera/rgb/image_rect_color/theora/parameter_descriptions] /camera_nodelet_manager http://pc:57182/
[rosmaster.master][INFO] 2012-12-15 17:12:29,736: +PUB [/camera/rgb/image_rect_color/theora/parameter_updates] /camera_nodelet_manager http://pc:57182/
[rosmaster.master][INFO] 2012-12-15 17:12:29,740: +PARAM [/camera/rgb/image_rect_color/theora/optimize_for] by /camera_nodelet_manager
[rosmaster.master][INFO] 2012-12-15 17:12:29,741: +PARAM [/camera/rgb/image_rect_color/theora/target_bitrate] by /camera_nodelet_manager
[rosmaster.master][INFO] 2012-12-15 17:12:29,742: +PARAM [/camera/rgb/image_rect_color/theora/quality] by /camera_nodelet_manager
[rosmaster.master][INFO] 2012-12-15 17:12:29,743: +PARAM [/camera/rgb/image_rect_color/theora/keyframe_frequency] by /camera_nodelet_manager
[rosmaster.master][INFO] 2012-12-15 17:12:29,751: publisherUpdate[/camera/rgb/image_rect_color] -> http://pc:51048/
[rosmaster.master][INFO] 2012-12-15 17:12:29,803: +SUB [/camera/rgb/image_color] /camera_nodelet_manager http://pc:57182/
[rosmaster.master][INFO] 2012-12-15 17:12:29,805: +SUB [/camera/rgb/camera_info] /camera_nodelet_manager http://pc:57182/
[rosmaster.master][INFO] 2012-12-15 17:12:30,331: +PUB [/rosout] /camera/register_depth_rgb http://pc:35287/
[rosmaster.master][INFO] 2012-12-15 17:12:30,334: +SERVICE [/camera/register_depth_rgb/get_loggers] /camera/register_depth_rgb http://pc:35287/
[rosmaster.master][INFO] 2012-12-15 17:12:30,337: +SERVICE [/camera/register_depth_rgb/set_logger_level] /camera/register_depth_rgb http://pc:35287/
[rosmaster.master][INFO] 2012-12-15 17:12:30,353: publisherUpdate[/rosout] -> http://pc:33708/
[rosmaster.master][INFO] 2012-12-15 17:12:30,359: +PUB [/rosout] /camera/depth_registered/metric_rect http://pc:49895/
[rosmaster.master][INFO] 2012-12-15 17:12:30,362: +SERVICE [/camera/depth_registered/metric_rect/get_loggers] /camera/depth_registered/metric_rect http://pc:49895/
[rosmaster.master][INFO] 2012-12-15 17:12:30,364: +SERVICE [/camera/depth_registered/metric_rect/set_logger_level] /camera/depth_registered/metric_rect http://pc:49895/
[rosmaster.master][INFO] 2012-12-15 17:12:30,365: +PUB [/camera/depth/disparity] /camera_nodelet_manager http://pc:57182/
[rosmaster.master][INFO] 2012-12-15 17:12:30,384: +PARAM [/camera/depth/rectify_depth] by /camera/depth/rectify_depth
[rosmaster.master][INFO] 2012-12-15 17:12:30,407: +SERVICE [/camera/depth_registered/metric/set_logger_level] /camera/depth_registered/metric http://pc:54817/
[rosmaster.master][INFO] 2012-12-15 17:12:30,431: +SERVICE [/camera_base_link/get_loggers] /camera_base_link http://pc:51953/
[rosmaster.master][INFO] 2012-12-15 17:12:30,433: +SERVICE [/camera_base_link/set_logger_level] /camera_base_link http://pc:51953/
[rosmaster.master][INFO] 2012-12-15 17:12:30,435: +PUB [/tf] /camera_base_link http://pc:51953/
[rosmaster.master][INFO] 2012-12-15 17:12:30,440: +PUB [/rosout] /camera_base_link3 http://pc:49777/
[rosmaster.master][INFO] 2012-12-15 17:12:30,442: +SERVICE [/camera_base_link3/get_loggers] /camera_base_link3 http://pc:49777/
[rosmaster.master][INFO] 2012-12-15 17:12:30,443: +SERVICE [/camera_base_link3/set_logger_level] /camera_base_link3 http://pc:49777/
[rosmaster.master][INFO] 2012-12-15 17:12:30,445: +PUB [/tf] /camera_base_link3 http://pc:49777/
[rosmaster.master][INFO] 2012-12-15 17:12:30,454: publisherUpdate[/rosout] -> http://pc:33708/
[rosmaster.master][INFO] 2012-12-15 17:12:30,456: +PUB [/rosout] /camera_base_link1 http://pc:58275/
[rosmaster.master][INFO] 2012-12-15 17:12:30,459: publisherUpdate[/rosout] -> http://pc:33708/
[rosmaster.master][INFO] 2012-12-15 17:12:30,461: +SERVICE [/camera_base_link1/get_loggers] /camera_base_link1 http://pc:58275/
[rosmaster.master][INFO] 2012-12-15 17:12:30,462: publisherUpdate[/rosout] -> http://pc:33708/
[rosmaster.master][INFO] 2012-12-15 17:12:30,463: +SERVICE [/camera_base_link1/set_logger_level] /camera_base_link1 http://pc:58275/
[rosmaster.master][INFO] 2012-12-15 17:12:30,467: +PUB [/tf] /camera_base_link1 http://pc:58275/
[rosmaster.master][INFO] 2012-12-15 17:12:31,006: +SERVICE [/camera/depth_registered/rectify_depth/set_parameters] /camera_nodelet_manager http://pc:57182/
[rosmaster.master][INFO] 2012-12-15 17:12:31,009: +PUB [/camera/depth_registered/rectify_depth/parameter_descriptions] /camera_nodelet_manager http://pc:57182/
[rosmaster.master][INFO] 2012-12-15 17:12:31,011: +PUB [/camera/depth_registered/rectify_depth/parameter_updates] /camera_nodelet_manager http://pc:57182/
[rosmaster.master][INFO] 2012-12-15 17:12:31,016: +PARAM [/camera/depth_registered/rectify_depth/interpolation] by /camera_nodelet_manager
[rosmaster.master][INFO] 2012-12-15 17:12:31,018: +PUB [/camera/depth_registered/image_rect_raw/compressed] /camera_nodelet_manager http://pc:57182/
[rosmaster.master][INFO] 2012-12-15 17:12:31,019: +SERVICE [/camera/depth_registered/image_rect_raw/compressed/set_parameters] /camera_nodelet_manager http://pc:57182/
[rosmaster.master][INFO] 2012-12-15 17:12:31,021: +PUB [/camera/depth_registered/image_rect_raw/compressed/parameter_descriptions] /camera_nodelet_manager http://pc:57182/
[rosmaster.master][INFO] 2012-12-15 17:12:31,022: +PUB [/camera/depth_registered/image_rect_raw/compressed/parameter_updates] /camera_nodelet_manager http://pc:57182/
[rosmaster.master][INFO] 2012-12-15 17:12:31,025: +PARAM [/camera/depth_registered/image_rect_raw/compressed/format] by /camera_nodelet_manager
[rosmaster.master][INFO] 2012-12-15 17:12:31,026: +PARAM [/camera/depth_registered/image_rect_raw/compressed/jpeg_quality] by /camera_nodelet_manager
[rosmaster.master][INFO] 2012-12-15 17:12:31,027: +PARAM [/camera/depth_registered/image_rect_raw/compressed/png_level] by /camera_nodelet_manager
[rosmaster.master][INFO] 2012-12-15 17:12:31,028: +PUB [/camera/depth_registered/image_rect_raw] /camera_nodelet_manager http://pc:57182/
[rosmaster.master][INFO] 2012-12-15 17:12:31,029: +PUB [/camera/depth_registered/image_rect_raw/theora] /camera_nodelet_manager http://pc:57182/
[rosmaster.master][INFO] 2012-12-15 17:12:31,030: +SERVICE [/camera/depth_registered/image_rect_raw/theora/set_parameters] /camera_nodelet_manager http://pc:57182/
[rosmaster.master][INFO] 2012-12-15 17:12:31,031: +PUB [/camera/depth_registered/image_rect_raw/theora/parameter_descriptions] /camera_nodelet_manager http://pc:57182/
[rosmaster.master][INFO] 2012-12-15 17:12:31,032: +PUB [/camera/depth_registered/image_rect_raw/theora/parameter_updates] /camera_nodelet_manager http://pc:57182/
[rosmaster.master][INFO] 2012-12-15 17:12:31,036: +PARAM [/camera/depth_registered/image_rect_raw/theora/optimize_for] by /camera_nodelet_manager
[rosmaster.master][INFO] 2012-12-15 17:12:31,037: +PARAM [/camera/depth_registered/image_rect_raw/theora/target_bitrate] by /camera_nodelet_manager
[rosmaster.master][INFO] 2012-12-15 17:12:31,037: +PARAM [/camera/depth_registered/image_rect_raw/theora/quality] by /camera_nodelet_manager
[rosmaster.master][INFO] 2012-12-15 17:12:31,038: +PARAM [/camera/depth_registered/image_rect_raw/theora/keyframe_frequency] by /camera_nodelet_manager
[rosmaster.master][INFO] 2012-12-15 17:12:31,639: +SUB [/tf] /camera_nodelet_manager http://pc:57182/
[rosmaster.master][INFO] 2012-12-15 17:12:31,646: +SERVICE [/camera_nodelet_manager/tf_frames] /camera_nodelet_manager http://pc:57182/
[rosmaster.master][INFO] 2012-12-15 17:12:32,279: +PARAM [/camera/depth_registered/image_rect_raw/compressed/format] by /camera_nodelet_manager
[rosmaster.master][INFO] 2012-12-15 17:12:32,280: +PARAM [/camera/depth_registered/image_rect_raw/compressed/jpeg_quality] by /camera_nodelet_manager
[rosmaster.master][INFO] 2012-12-15 17:12:32,281: +PARAM [/camera/depth_registered/image_rect_raw/compressed/png_level] by /camera_nodelet_manager
[rosmaster.master][INFO] 2012-12-15 17:12:32,286: +PARAM [/camera/depth_registered/image_rect_raw/theora/optimize_for] by /camera_nodelet_manager
[rosmaster.master][INFO] 2012-12-15 17:12:32,287: +PARAM [/camera/depth_registered/image_rect_raw/theora/target_bitrate] by /camera_nodelet_manager
[rosmaster.master][INFO] 2012-12-15 17:12:32,288: +PARAM [/camera/depth_registered/image_rect_raw/theora/quality] by /camera_nodelet_manager
[rosmaster.master][INFO] 2012-12-15 17:12:32,289: +PARAM [/camera/depth_registered/image_rect_raw/theora/keyframe_frequency] by /camera_nodelet_manager
[rosmaster.master][INFO] 2012-12-15 17:12:32,290: +PUB [/camera/depth_registered/camera_info] /camera_nodelet_manager http://pc:57182/
[rosmaster.master][INFO] 2012-12-15 17:12:32,564: +SERVICE [/camera/rgb/rectify_mono/set_parameters] /camera_nodelet_manager http://pc:57182/
[rosmaster.master][INFO] 2012-12-15 17:12:32,566: +PUB [/camera/rgb/rectify_mono/parameter_descriptions] /camera_nodelet_manager http://pc:57182/
[rosmaster.master][INFO] 2012-12-15 17:12:32,568: +PUB [/camera/rgb/rectify_mono/parameter_updates] /camera_nodelet_manager http://pc:57182/
[rosmaster.master][INFO] 2012-12-15 17:12:32,572: +PARAM [/camera/rgb/rectify_mono/interpolation] by /camera_nodelet_manager
[rosmaster.master][INFO] 2012-12-15 17:12:32,574: +PUB [/camera/rgb/image_rect/compressed] /camera_nodelet_manager http://pc:57182/
[rosmaster.master][INFO] 2012-12-15 17:12:32,576: +SERVICE [/camera/rgb/image_rect/compressed/set_parameters] /camera_nodelet_manager http://pc:57182/
[rosmaster.master][INFO] 2012-12-15 17:12:32,578: +PUB [/camera/rgb/image_rect/compressed/parameter_descriptions] /camera_nodelet_manager http://pc:57182/
[rosmaster.master][INFO] 2012-12-15 17:12:32,581: +PUB [/camera/rgb/image_rect/compressed/parameter_updates] /camera_nodelet_manager http://pc:57182/
[rosmaster.master][INFO] 2012-12-15 17:12:32,588: +PARAM [/camera/rgb/image_rect/compressed/format] by /camera_nodelet_manager
[rosmaster.master][INFO] 2012-12-15 17:12:32,591: +PARAM [/camera/rgb/image_rect/compressed/jpeg_quality] by /camera_nodelet_manager
[rosmaster.master][INFO] 2012-12-15 17:12:32,593: +PARAM [/camera/rgb/image_rect/compressed/png_level] by /camera_nodelet_manager
[rosmaster.master][INFO] 2012-12-15 17:12:32,595: +PUB [/camera/rgb/image_rect] /camera_nodelet_manager http://pc:57182/
[rosmaster.master][INFO] 2012-12-15 17:12:32,598: +PUB [/camera/rgb/image_rect/theora] /camera_nodelet_manager http://pc:57182/
[rosmaster.master][INFO] 2012-12-15 17:12:32,600: +SERVICE [/camera/rgb/image_rect/theora/set_parameters] /camera_nodelet_manager http://pc:57182/
[rosmaster.master][INFO] 2012-12-15 17:12:32,602: +PUB [/camera/rgb/image_rect/theora/parameter_descriptions] /camera_nodelet_manager http://pc:57182/
[rosmaster.master][INFO] 2012-12-15 17:12:32,604: +PUB [/camera/rgb/image_rect/theora/parameter_updates] /camera_nodelet_manager http://pc:57182/
[rosmaster.master][INFO] 2012-12-15 17:12:32,614: +PARAM [/camera/rgb/image_rect/theora/optimize_for] by /camera_nodelet_manager
[rosmaster.master][INFO] 2012-12-15 17:12:32,616: +PARAM [/camera/rgb/image_rect/theora/target_bitrate] by /camera_nodelet_manager
[rosmaster.master][INFO] 2012-12-15 17:12:32,619: +PARAM [/camera/rgb/image_rect/theora/quality] by /camera_nodelet_manager
[rosmaster.master][INFO] 2012-12-15 17:12:32,621: +PARAM [/camera/rgb/image_rect/theora/keyframe_frequency] by /camera_nodelet_manager
[rosmaster.master][INFO] 2012-12-15 17:12:32,882: +PUB [/camera/depth_registered/image_rect/compressed] /camera_nodelet_manager http://pc:57182/
[rosmaster.master][INFO] 2012-12-15 17:12:32,885: +SERVICE [/camera/depth_registered/image_rect/compressed/set_parameters] /camera_nodelet_manager http://pc:57182/
[rosmaster.master][INFO] 2012-12-15 17:12:32,887: +PUB [/camera/depth_registered/image_rect/compressed/parameter_descriptions] /camera_nodelet_manager http://pc:57182/
[rosmaster.master][INFO] 2012-12-15 17:12:32,889: +PUB [/camera/depth_registered/image_rect/compressed/parameter_updates] /camera_nodelet_manager http://pc:57182/
[rosmaster.master][INFO] 2012-12-15 17:12:32,897: +PARAM [/camera/depth_registered/image_rect/compressed/format] by /camera_nodelet_manager
[rosmaster.master][INFO] 2012-12-15 17:12:32,899: +PARAM [/camera/depth_registered/image_rect/compressed/jpeg_quality] by /camera_nodelet_manager
[rosmaster.master][INFO] 2012-12-15 17:12:32,902: +PARAM [/camera/depth_registered/image_rect/compressed/png_level] by /camera_nodelet_manager
[rosmaster.master][INFO] 2012-12-15 17:12:32,905: +PUB [/camera/depth_registered/image_rect] /camera_nodelet_manager http://pc:57182/
[rosmaster.master][INFO] 2012-12-15 17:12:32,908: +PUB [/camera/depth_registered/image_rect/theora] /camera_nodelet_manager http://pc:57182/
[rosmaster.master][INFO] 2012-12-15 17:12:32,910: +SERVICE [/camera/depth_registered/image_rect/theora/set_parameters] /camera_nodelet_manager http://pc:57182/
[rosmaster.master][INFO] 2012-12-15 17:12:32,912: +PUB [/camera/depth_registered/image_rect/theora/parameter_descriptions] /camera_nodelet_manager http://pc:57182/
[rosmaster.master][INFO] 2012-12-15 17:12:32,915: +PUB [/camera/depth_registered/image_rect/theora/parameter_updates] /camera_nodelet_manager http://pc:57182/
[rosmaster.master][INFO] 2012-12-15 17:12:32,924: +PARAM [/camera/depth_registered/image_rect/theora/optimize_for] by /camera_nodelet_manager
[rosmaster.master][INFO] 2012-12-15 17:12:32,927: +PARAM [/camera/depth_registered/image_rect/theora/target_bitrate] by /camera_nodelet_manager
[rosmaster.master][INFO] 2012-12-15 17:12:32,929: +PARAM [/camera/depth_registered/image_rect/theora/quality] by /camera_nodelet_manager
[rosmaster.master][INFO] 2012-12-15 17:12:32,931: +PARAM [/camera/depth_registered/image_rect/theora/keyframe_frequency] by /camera_nodelet_manager
[rosmaster.master][INFO] 2012-12-15 17:12:32,960: publisherUpdate[/camera/depth_registered/image_rect] -> http://pc:51048/
[rosmaster.master][INFO] 2012-12-15 17:12:32,970: +SUB [/camera/depth_registered/image_rect_raw] /camera_nodelet_manager http://pc:57182/
[rosmaster.master][INFO] 2012-12-15 17:12:32,973: +SUB [/camera/depth/image_rect_raw] /camera_nodelet_manager http://pc:57182/
[rosmaster.master][INFO] 2012-12-15 17:12:32,974: +SUB [/camera/depth/camera_info] /camera_nodelet_manager http://pc:57182/
[rosmaster.master][INFO] 2012-12-15 17:12:32,976: +SUB [/camera/depth_registered/image_raw] /camera_nodelet_manager http://pc:57182/
[rosmaster.master][INFO] 2012-12-15 17:12:32,977: +SUB [/camera/depth_registered/camera_info] /camera_nodelet_manager http://pc:57182/
[rosmaster.master][INFO] 2012-12-15 17:12:33,208: +SERVICE [/camera/depth/rectify_depth/set_parameters] /camera_nodelet_manager http://pc:57182/
[rosmaster.master][INFO] 2012-12-15 17:12:33,211: +PUB [/camera/depth/rectify_depth/parameter_descriptions] /camera_nodelet_manager http://pc:57182/
[rosmaster.master][INFO] 2012-12-15 17:12:33,213: +PUB [/camera/depth/rectify_depth/parameter_updates] /camera_nodelet_manager http://pc:57182/
[rosmaster.master][INFO] 2012-12-15 17:12:33,217: +PARAM [/camera/depth/rectify_depth/interpolation] by /camera_nodelet_manager
[rosmaster.master][INFO] 2012-12-15 17:12:33,220: +PUB [/camera/depth/image_rect_raw/compressed] /camera_nodelet_manager http://pc:57182/
[rosmaster.master][INFO] 2012-12-15 17:12:33,223: +SERVICE [/camera/depth/image_rect_raw/compressed/set_parameters] /camera_nodelet_manager http://pc:57182/
[rosmaster.master][INFO] 2012-12-15 17:12:33,225: +PUB [/camera/depth/image_rect_raw/compressed/parameter_descriptions] /camera_nodelet_manager http://pc:57182/
[rosmaster.master][INFO] 2012-12-15 17:12:33,227: +PUB [/camera/depth/image_rect_raw/compressed/parameter_updates] /camera_nodelet_manager http://pc:57182/
[rosmaster.master][INFO] 2012-12-15 17:12:33,235: +PARAM [/camera/depth/image_rect_raw/compressed/format] by /camera_nodelet_manager
[rosmaster.master][INFO] 2012-12-15 17:12:33,237: +PARAM [/camera/depth/image_rect_raw/compressed/jpeg_quality] by /camera_nodelet_manager
[rosmaster.master][INFO] 2012-12-15 17:12:33,239: +PARAM [/camera/depth/image_rect_raw/compressed/png_level] by /camera_nodelet_manager
[rosmaster.master][INFO] 2012-12-15 17:12:33,242: +PUB [/camera/depth/image_rect_raw] /camera_nodelet_manager http://pc:57182/
[rosmaster.master][INFO] 2012-12-15 17:12:33,245: +PUB [/camera/depth/image_rect_raw/theora] /camera_nodelet_manager http://pc:57182/
[rosmaster.master][INFO] 2012-12-15 17:12:33,247: +SERVICE [/camera/depth/image_rect_raw/theora/set_parameters] /camera_nodelet_manager http://pc:57182/
[rosmaster.master][INFO] 2012-12-15 17:12:33,250: +PUB [/camera/depth/image_rect_raw/theora/parameter_descriptions] /camera_nodelet_manager http://pc:57182/
[rosmaster.master][INFO] 2012-12-15 17:12:33,252: +PUB [/camera/depth/image_rect_raw/theora/parameter_updates] /camera_nodelet_manager http://pc:57182/
[rosmaster.master][INFO] 2012-12-15 17:12:33,261: publisherUpdate[/camera/depth/image_rect_raw] -> http://pc:57182/
[rosmaster.master][INFO] 2012-12-15 17:12:33,264: +PARAM [/camera/depth/image_rect_raw/theora/optimize_for] by /camera_nodelet_manager
[rosmaster.master][INFO] 2012-12-15 17:12:33,268: +PARAM [/camera/depth/image_rect_raw/theora/target_bitrate] by /camera_nodelet_manager
[rosmaster.master][INFO] 2012-12-15 17:12:33,271: +PARAM [/camera/depth/image_rect_raw/theora/quality] by /camera_nodelet_manager
[rosmaster.master][INFO] 2012-12-15 17:12:33,274: +PARAM [/camera/depth/image_rect_raw/theora/keyframe_frequency] by /camera_nodelet_manager
[rosmaster.master][INFO] 2012-12-15 17:12:33,279: +SUB [/camera/depth/image_raw] /camera_nodelet_manager http://pc:57182/
[rosmaster.master][INFO] 2012-12-15 17:12:33,540: +PUB [/camera/depth/image_rect/compressed] /camera_nodelet_manager http://pc:57182/
[rosmaster.master][INFO] 2012-12-15 17:12:33,542: +SERVICE [/camera/depth/image_rect/compressed/set_parameters] /camera_nodelet_manager http://pc:57182/
[rosmaster.master][INFO] 2012-12-15 17:12:33,545: +PUB [/camera/depth/image_rect/compressed/parameter_descriptions] /camera_nodelet_manager http://pc:57182/
[rosmaster.master][INFO] 2012-12-15 17:12:33,547: +PUB [/camera/depth/image_rect/compressed/parameter_updates] /camera_nodelet_manager http://pc:57182/
[rosmaster.master][INFO] 2012-12-15 17:12:33,556: +PARAM [/camera/depth/image_rect/compressed/format] by /camera_nodelet_manager
[rosmaster.master][INFO] 2012-12-15 17:12:33,558: +PARAM [/camera/depth/image_rect/compressed/jpeg_quality] by /camera_nodelet_manager
[rosmaster.master][INFO] 2012-12-15 17:12:33,560: +PARAM [/camera/depth/image_rect/compressed/png_level] by /camera_nodelet_manager
[rosmaster.master][INFO] 2012-12-15 17:12:33,563: +PUB [/camera/depth/image_rect] /camera_nodelet_manager http://pc:57182/
[rosmaster.master][INFO] 2012-12-15 17:12:33,566: +PUB [/camera/depth/image_rect/theora] /camera_nodelet_manager http://pc:57182/
[rosmaster.master][INFO] 2012-12-15 17:12:33,568: +SERVICE [/camera/depth/image_rect/theora/set_parameters] /camera_nodelet_manager http://pc:57182/
[rosmaster.master][INFO] 2012-12-15 17:12:33,570: +PUB [/camera/depth/image_rect/theora/parameter_descriptions] /camera_nodelet_manager http://pc:57182/
[rosmaster.master][INFO] 2012-12-15 17:12:33,573: +PUB [/camera/depth/image_rect/theora/parameter_updates] /camera_nodelet_manager http://pc:57182/
[rosmaster.master][INFO] 2012-12-15 17:12:33,585: +PARAM [/camera/depth/image_rect/theora/optimize_for] by /camera_nodelet_manager
[rosmaster.master][INFO] 2012-12-15 17:12:33,587: +PARAM [/camera/depth/image_rect/theora/target_bitrate] by /camera_nodelet_manager
[rosmaster.master][INFO] 2012-12-15 17:12:33,589: +PARAM [/camera/depth/image_rect/theora/quality] by /camera_nodelet_manager
[rosmaster.master][INFO] 2012-12-15 17:12:33,592: +PARAM [/camera/depth/image_rect/theora/keyframe_frequency] by /camera_nodelet_manager
[rosmaster.master][INFO] 2012-12-15 17:12:33,874: +PUB [/camera/depth_registered/image/compressed] /camera_nodelet_manager http://pc:57182/
[rosmaster.master][INFO] 2012-12-15 17:12:33,876: +SERVICE [/camera/depth_registered/image/compressed/set_parameters] /camera_nodelet_manager http://pc:57182/
[rosmaster.master][INFO] 2012-12-15 17:12:33,878: +PUB [/camera/depth_registered/image/compressed/parameter_descriptions] /camera_nodelet_manager http://pc:57182/
[rosmaster.master][INFO] 2012-12-15 17:12:33,882: +PUB [/camera/depth_registered/image/compressed/parameter_updates] /camera_nodelet_manager http://pc:57182/
[rosmaster.master][INFO] 2012-12-15 17:12:33,888: +PARAM [/camera/depth_registered/image/compressed/format] by /camera_nodelet_manager
[rosmaster.master][INFO] 2012-12-15 17:12:33,890: +PARAM [/camera/depth_registered/image/compressed/jpeg_quality] by /camera_nodelet_manager
[rosmaster.master][INFO] 2012-12-15 17:12:33,893: +PARAM [/camera/depth_registered/image/compressed/png_level] by /camera_nodelet_manager
[rosmaster.master][INFO] 2012-12-15 17:12:33,896: +PUB [/camera/depth_registered/image] /camera_nodelet_manager http://pc:57182/
[rosmaster.master][INFO] 2012-12-15 17:12:33,898: +PUB [/camera/depth_registered/image/theora] /camera_nodelet_manager http://pc:57182/
[rosmaster.master][INFO] 2012-12-15 17:12:33,901: +SERVICE [/camera/depth_registered/image/theora/set_parameters] /camera_nodelet_manager http://pc:57182/
[rosmaster.master][INFO] 2012-12-15 17:12:33,903: +PUB [/camera/depth_registered/image/theora/parameter_descriptions] /camera_nodelet_manager http://pc:57182/
[rosmaster.master][INFO] 2012-12-15 17:12:33,906: +PUB [/camera/depth_registered/image/theora/parameter_updates] /camera_nodelet_manager http://pc:57182/
[rosmaster.master][INFO] 2012-12-15 17:12:33,916: +PARAM [/camera/depth_registered/image/theora/optimize_for] by /camera_nodelet_manager
[rosmaster.master][INFO] 2012-12-15 17:12:33,918: +PARAM [/camera/depth_registered/image/theora/target_bitrate] by /camera_nodelet_manager
[rosmaster.master][INFO] 2012-12-15 17:12:33,920: +PARAM [/camera/depth_registered/image/theora/quality] by /camera_nodelet_manager
[rosmaster.master][INFO] 2012-12-15 17:12:33,922: +PARAM [/camera/depth_registered/image/theora/keyframe_frequency] by /camera_nodelet_manager
[rosmaster.master][INFO] 2012-12-15 17:12:34,033: +SERVICE [/camera/driver/set_parameters] /camera_nodelet_manager http://pc:57182/
[rosmaster.master][INFO] 2012-12-15 17:12:34,034: +PUB [/camera/driver/parameter_descriptions] /camera_nodelet_manager http://pc:57182/
[rosmaster.master][INFO] 2012-12-15 17:12:34,035: +PUB [/camera/driver/parameter_updates] /camera_nodelet_manager http://pc:57182/
[rosmaster.master][INFO] 2012-12-15 17:12:34,047: +PARAM [/camera/driver/image_mode] by /camera_nodelet_manager
[rosmaster.master][INFO] 2012-12-15 17:12:34,049: +PARAM [/camera/driver/depth_mode] by /camera_nodelet_manager
[rosmaster.master][INFO] 2012-12-15 17:12:34,050: +PARAM [/camera/driver/depth_registration] by /camera_nodelet_manager
[rosmaster.master][INFO] 2012-12-15 17:12:34,051: +PARAM [/camera/driver/data_skip] by /camera_nodelet_manager
[rosmaster.master][INFO] 2012-12-15 17:12:34,054: +PARAM [/camera/driver/depth_time_offset] by /camera_nodelet_manager
[rosmaster.master][INFO] 2012-12-15 17:12:34,055: +PARAM [/camera/driver/image_time_offset] by /camera_nodelet_manager
[rosmaster.master][INFO] 2012-12-15 17:12:34,057: +PARAM [/camera/driver/depth_ir_offset_x] by /camera_nodelet_manager
[rosmaster.master][INFO] 2012-12-15 17:12:34,058: +PARAM [/camera/driver/depth_ir_offset_y] by /camera_nodelet_manager
[rosmaster.master][INFO] 2012-12-15 17:12:34,059: +PARAM [/camera/driver/z_offset_mm] by /camera_nodelet_manager
[rosmaster.master][INFO] 2012-12-15 17:12:34,071: +SERVICE [/camera/rgb/set_camera_info] /camera_nodelet_manager http://pc:57182/
[rosmaster.master][INFO] 2012-12-15 17:12:34,072: +SERVICE [/camera/ir/set_camera_info] /camera_nodelet_manager http://pc:57182/
[rosmaster.master][INFO] 2012-12-15 17:12:34,074: +PUB [/camera/rgb/image_raw/compressed] /camera_nodelet_manager http://pc:57182/
[rosmaster.master][INFO] 2012-12-15 17:12:34,076: +SERVICE [/camera/rgb/image_raw/compressed/set_parameters] /camera_nodelet_manager http://pc:57182/
[rosmaster.master][INFO] 2012-12-15 17:12:34,077: +PUB [/camera/rgb/image_raw/compressed/parameter_descriptions] /camera_nodelet_manager http://pc:57182/
[rosmaster.master][INFO] 2012-12-15 17:12:34,079: +PUB [/camera/rgb/image_raw/compressed/parameter_updates] /camera_nodelet_manager http://pc:57182/
[rosmaster.master][INFO] 2012-12-15 17:12:34,083: +PARAM [/camera/rgb/image_raw/compressed/format] by /camera_nodelet_manager
[rosmaster.master][INFO] 2012-12-15 17:12:34,084: +PARAM [/camera/rgb/image_raw/compressed/jpeg_quality] by /camera_nodelet_manager
[rosmaster.master][INFO] 2012-12-15 17:12:34,085: +PARAM [/camera/rgb/image_raw/compressed/png_level] by /camera_nodelet_manager
[rosmaster.master][INFO] 2012-12-15 17:12:34,086: +PUB [/camera/rgb/image_raw] /camera_nodelet_manager http://pc:57182/
[rosmaster.master][INFO] 2012-12-15 17:12:34,088: +PUB [/camera/rgb/image_raw/theora] /camera_nodelet_manager http://pc:57182/
[rosmaster.master][INFO] 2012-12-15 17:12:34,089: +SERVICE [/camera/rgb/image_raw/theora/set_parameters] /camera_nodelet_manager http://pc:57182/
[rosmaster.master][INFO] 2012-12-15 17:12:34,090: +PUB [/camera/rgb/image_raw/theora/parameter_descriptions] /camera_nodelet_manager http://pc:57182/
[rosmaster.master][INFO] 2012-12-15 17:12:34,091: +PUB [/camera/rgb/image_raw/theora/parameter_updates] /camera_nodelet_manager http://pc:57182/
[rosmaster.master][INFO] 2012-12-15 17:12:34,095: +PARAM [/camera/rgb/image_raw/theora/optimize_for] by /camera_nodelet_manager
[rosmaster.master][INFO] 2012-12-15 17:12:34,096: +PARAM [/camera/rgb/image_raw/theora/target_bitrate] by /camera_nodelet_manager
[rosmaster.master][INFO] 2012-12-15 17:12:34,097: +PARAM [/camera/rgb/image_raw/theora/quality] by /camera_nodelet_manager
[rosmaster.master][INFO] 2012-12-15 17:12:34,098: +PARAM [/camera/rgb/image_raw/theora/keyframe_frequency] by /camera_nodelet_manager
[rosmaster.master][INFO] 2012-12-15 17:12:34,099: +PUB [/camera/rgb/camera_info] /camera_nodelet_manager http://pc:57182/
[rosmaster.master][INFO] 2012-12-15 17:12:34,100: +PUB [/camera/ir/image_raw/compressed] /camera_nodelet_manager http://pc:57182/
[rosmaster.master][INFO] 2012-12-15 17:12:34,101: +SERVICE [/camera/ir/image_raw/compressed/set_parameters] /camera_nodelet_manager http://pc:57182/
[rosmaster.master][INFO] 2012-12-15 17:12:34,102: +PUB [/camera/ir/image_raw/compressed/parameter_descriptions] /camera_nodelet_manager http://pc:57182/
[rosmaster.master][INFO] 2012-12-15 17:12:34,103: +PUB [/camera/ir/image_raw/compressed/parameter_updates] /camera_nodelet_manager http://pc:57182/
[rosmaster.master][INFO] 2012-12-15 17:12:34,106: +PARAM [/camera/ir/image_raw/compressed/format] by /camera_nodelet_manager
[rosmaster.master][INFO] 2012-12-15 17:12:34,107: +PARAM [/camera/ir/image_raw/compressed/jpeg_quality] by /camera_nodelet_manager
[rosmaster.master][INFO] 2012-12-15 17:12:34,108: +PARAM [/camera/ir/image_raw/compressed/png_level] by /camera_nodelet_manager
[rosmaster.master][INFO] 2012-12-15 17:12:34,109: +PUB [/camera/ir/image_raw] /camera_nodelet_manager http://pc:57182/
[rosmaster.master][INFO] 2012-12-15 17:12:34,110: +PUB [/camera/ir/image_raw/theora] /camera_nodelet_manager http://pc:57182/
[rosmaster.master][INFO] 2012-12-15 17:12:34,111: +SERVICE [/camera/ir/image_raw/theora/set_parameters] /camera_nodelet_manager http://pc:57182/
[rosmaster.master][INFO] 2012-12-15 17:12:34,112: +PUB [/camera/ir/image_raw/theora/parameter_descriptions] /camera_nodelet_manager http://pc:57182/
[rosmaster.master][INFO] 2012-12-15 17:12:34,113: +PUB [/camera/ir/image_raw/theora/parameter_updates] /camera_nodelet_manager http://pc:57182/
[rosmaster.master][INFO] 2012-12-15 17:12:34,117: +PARAM [/camera/ir/image_raw/theora/optimize_for] by /camera_nodelet_manager
[rosmaster.master][INFO] 2012-12-15 17:12:34,118: +PARAM [/camera/ir/image_raw/theora/target_bitrate] by /camera_nodelet_manager
[rosmaster.master][INFO] 2012-12-15 17:12:34,119: +PARAM [/camera/ir/image_raw/theora/quality] by /camera_nodelet_manager
[rosmaster.master][INFO] 2012-12-15 17:12:34,120: +PARAM [/camera/ir/image_raw/theora/keyframe_frequency] by /camera_nodelet_manager
[rosmaster.master][INFO] 2012-12-15 17:12:34,121: +PUB [/camera/ir/camera_info] /camera_nodelet_manager http://pc:57182/
[rosmaster.master][INFO] 2012-12-15 17:12:34,122: +PUB [/camera/depth/image_raw/compressed] /camera_nodelet_manager http://pc:57182/
[rosmaster.master][INFO] 2012-12-15 17:12:34,123: +SERVICE [/camera/depth/image_raw/compressed/set_parameters] /camera_nodelet_manager http://pc:57182/
[rosmaster.master][INFO] 2012-12-15 17:12:34,124: +PUB [/camera/depth/image_raw/compressed/parameter_descriptions] /camera_nodelet_manager http://pc:57182/
[rosmaster.master][INFO] 2012-12-15 17:12:34,125: +PUB [/camera/depth/image_raw/compressed/parameter_updates] /camera_nodelet_manager http://pc:57182/
[rosmaster.master][INFO] 2012-12-15 17:12:34,129: +PARAM [/camera/depth/image_raw/compressed/format] by /camera_nodelet_manager
[rosmaster.master][INFO] 2012-12-15 17:12:34,130: +PARAM [/camera/depth/image_raw/compressed/jpeg_quality] by /camera_nodelet_manager
[rosmaster.master][INFO] 2012-12-15 17:12:34,130: +PARAM [/camera/depth/image_raw/compressed/png_level] by /camera_nodelet_manager
[rosmaster.master][INFO] 2012-12-15 17:12:34,131: +PUB [/camera/depth/image_raw] /camera_nodelet_manager http://pc:57182/
[rosmaster.master][INFO] 2012-12-15 17:12:34,133: +PUB [/camera/depth/image_raw/theora] /camera_nodelet_manager http://pc:57182/
[rosmaster.master][INFO] 2012-12-15 17:12:34,133: +SERVICE [/camera/depth/image_raw/theora/set_parameters] /camera_nodelet_manager http://pc:57182/
[rosmaster.master][INFO] 2012-12-15 17:12:34,134: +PUB [/camera/depth/image_raw/theora/parameter_descriptions] /camera_nodelet_manager http://pc:57182/
[rosmaster.master][INFO] 2012-12-15 17:12:34,135: +PUB [/camera/depth/image_raw/theora/parameter_updates] /camera_nodelet_manager http://pc:57182/
[rosmaster.master][INFO] 2012-12-15 17:12:34,139: +PARAM [/camera/depth/image_raw/theora/optimize_for] by /camera_nodelet_manager
[rosmaster.master][INFO] 2012-12-15 17:12:34,140: +PARAM [/camera/depth/image_raw/theora/target_bitrate] by /camera_nodelet_manager
[rosmaster.master][INFO] 2012-12-15 17:12:34,141: +PARAM [/camera/depth/image_raw/theora/quality] by /camera_nodelet_manager
[rosmaster.master][INFO] 2012-12-15 17:12:34,142: +PARAM [/camera/depth/image_raw/theora/keyframe_frequency] by /camera_nodelet_manager
[rosmaster.master][INFO] 2012-12-15 17:12:34,143: +PUB [/camera/depth/camera_info] /camera_nodelet_manager http://pc:57182/
[rosmaster.master][INFO] 2012-12-15 17:12:34,144: +PUB [/camera/projector/camera_info] /camera_nodelet_manager http://pc:57182/
[rosmaster.master][INFO] 2012-12-15 17:12:34,145: +PUB [/camera/depth_registered/image_raw/compressed] /camera_nodelet_manager http://pc:57182/
[rosmaster.master][INFO] 2012-12-15 17:12:34,146: +SERVICE [/camera/depth_registered/image_raw/compressed/set_parameters] /camera_nodelet_manager http://pc:57182/
[rosmaster.master][INFO] 2012-12-15 17:12:34,147: +PUB [/camera/depth_registered/image_raw/compressed/parameter_descriptions] /camera_nodelet_manager http://pc:57182/
[rosmaster.master][INFO] 2012-12-15 17:12:34,148: +PUB [/camera/depth_registered/image_raw/compressed/parameter_updates] /camera_nodelet_manager http://pc:57182/
[rosmaster.master][INFO] 2012-12-15 17:12:34,151: +PARAM [/camera/depth_registered/image_raw/compressed/format] by /camera_nodelet_manager
[rosmaster.master][INFO] 2012-12-15 17:12:34,152: +PARAM [/camera/depth_registered/image_raw/compressed/jpeg_quality] by /camera_nodelet_manager
[rosmaster.master][INFO] 2012-12-15 17:12:34,153: +PARAM [/camera/depth_registered/image_raw/compressed/png_level] by /camera_nodelet_manager
[rosmaster.master][INFO] 2012-12-15 17:12:34,154: +PUB [/camera/depth_registered/image_raw] /camera_nodelet_manager http://pc:57182/
[rosmaster.master][INFO] 2012-12-15 17:12:34,156: +PUB [/camera/depth_registered/image_raw/theora] /camera_nodelet_manager http://pc:57182/
[rosmaster.master][INFO] 2012-12-15 17:12:34,156: +SERVICE [/camera/depth_registered/image_raw/theora/set_parameters] /camera_nodelet_manager http://pc:57182/
[rosmaster.master][INFO] 2012-12-15 17:12:34,157: +PUB [/camera/depth_registered/image_raw/theora/parameter_descriptions] /camera_nodelet_manager http://pc:57182/
[rosmaster.master][INFO] 2012-12-15 17:12:34,158: +PUB [/camera/depth_registered/image_raw/theora/parameter_updates] /camera_nodelet_manager http://pc:57182/
[rosmaster.master][INFO] 2012-12-15 17:12:34,162: +PARAM [/camera/depth_registered/image_raw/theora/optimize_for] by /camera_nodelet_manager
[rosmaster.master][INFO] 2012-12-15 17:12:34,163: +PARAM [/camera/depth_registered/image_raw/theora/target_bitrate] by /camera_nodelet_manager
[rosmaster.master][INFO] 2012-12-15 17:12:34,164: +PARAM [/camera/depth_registered/image_raw/theora/quality] by /camera_nodelet_manager
[rosmaster.master][INFO] 2012-12-15 17:12:34,164: publisherUpdate[/camera/rgb/camera_info] -> http://pc:57182/
[rosmaster.master][INFO] 2012-12-15 17:12:34,165: publisherUpdate[/camera/depth/image_raw] -> http://pc:57182/
[rosmaster.master][INFO] 2012-12-15 17:12:34,166: publisherUpdate[/camera/depth/camera_info] -> http://pc:57182/
[rosmaster.master][INFO] 2012-12-15 17:12:34,166: +PARAM [/camera/depth_registered/image_raw/theora/keyframe_frequency] by /camera_nodelet_manager
[rosmaster.master][INFO] 2012-12-15 17:12:34,167: publisherUpdate[/camera/depth_registered/image_raw] -> http://pc:57182/
[rosmaster.master][INFO] 2012-12-15 17:12:34,186: +SUB [/camera/driver/parameter_updates] /set_dr http://pc:43372/
[rosmaster.master][INFO] 2012-12-15 17:12:34,189: +SUB [/camera/driver/parameter_descriptions] /set_dr http://pc:43372/
[rosmaster.master][INFO] 2012-12-15 17:12:34,216: +SERVICE [/camera/ir/rectify_ir/set_parameters] /camera_nodelet_manager http://pc:57182/
[rosmaster.master][INFO] 2012-12-15 17:12:34,219: +PUB [/camera/ir/rectify_ir/parameter_descriptions] /camera_nodelet_manager http://pc:57182/
[rosmaster.master][INFO] 2012-12-15 17:12:34,221: +PUB [/camera/ir/rectify_ir/parameter_updates] /camera_nodelet_manager http://pc:57182/
[rosmaster.master][INFO] 2012-12-15 17:12:34,226: +PARAM [/camera/ir/rectify_ir/interpolation] by /camera_nodelet_manager
[rosmaster.master][INFO] 2012-12-15 17:12:34,229: +PUB [/camera/ir/image_rect/compressed] /camera_nodelet_manager http://pc:57182/
[rosmaster.master][INFO] 2012-12-15 17:12:34,231: +SERVICE [/camera/ir/image_rect/compressed/set_parameters] /camera_nodelet_manager http://pc:57182/
[rosmaster.master][INFO] 2012-12-15 17:12:34,234: +PUB [/camera/ir/image_rect/compressed/parameter_descriptions] /camera_nodelet_manager http://pc:57182/
[rosmaster.master][INFO] 2012-12-15 17:12:34,236: +PUB [/camera/ir/image_rect/compressed/parameter_updates] /camera_nodelet_manager http://pc:57182/
[rosmaster.master][INFO] 2012-12-15 17:12:34,245: +PARAM [/camera/ir/image_rect/compressed/format] by /camera_nodelet_manager
[rosmaster.master][INFO] 2012-12-15 17:12:34,248: +PARAM [/camera/ir/image_rect/compressed/jpeg_quality] by /camera_nodelet_manager
[rosmaster.master][INFO] 2012-12-15 17:12:34,250: +PARAM [/camera/ir/image_rect/compressed/png_level] by /camera_nodelet_manager
[rosmaster.master][INFO] 2012-12-15 17:12:34,253: +PUB [/camera/ir/image_rect] /camera_nodelet_manager http://pc:57182/
[rosmaster.master][INFO] 2012-12-15 17:12:34,256: +PUB [/camera/ir/image_rect/theora] /camera_nodelet_manager http://pc:57182/
[rosmaster.master][INFO] 2012-12-15 17:12:34,258: +SERVICE [/camera/ir/image_rect/theora/set_parameters] /camera_nodelet_manager http://pc:57182/
[rosmaster.master][INFO] 2012-12-15 17:12:34,260: +PUB [/camera/ir/image_rect/theora/parameter_descriptions] /camera_nodelet_manager http://pc:57182/
[rosmaster.master][INFO] 2012-12-15 17:12:34,263: +PUB [/camera/ir/image_rect/theora/parameter_updates] /camera_nodelet_manager http://pc:57182/
[rosmaster.master][INFO] 2012-12-15 17:12:34,272: +PARAM [/camera/ir/image_rect/theora/optimize_for] by /camera_nodelet_manager
[rosmaster.master][INFO] 2012-12-15 17:12:34,275: +PARAM [/camera/ir/image_rect/theora/target_bitrate] by /camera_nodelet_manager
[rosmaster.master][INFO] 2012-12-15 17:12:34,278: +PARAM [/camera/ir/image_rect/theora/quality] by /camera_nodelet_manager
[rosmaster.master][INFO] 2012-12-15 17:12:34,280: +PARAM [/camera/ir/image_rect/theora/keyframe_frequency] by /camera_nodelet_manager
[rosmaster.master][INFO] 2012-12-15 17:12:34,566: +SERVICE [/camera/rgb/debayer/set_parameters] /camera_nodelet_manager http://pc:57182/
[rosmaster.master][INFO] 2012-12-15 17:12:34,568: +PUB [/camera/rgb/debayer/parameter_descriptions] /camera_nodelet_manager http://pc:57182/
[rosmaster.master][INFO] 2012-12-15 17:12:34,571: +PUB [/camera/rgb/debayer/parameter_updates] /camera_nodelet_manager http://pc:57182/
[rosmaster.master][INFO] 2012-12-15 17:12:34,575: +PARAM [/camera/rgb/debayer/debayer] by /camera_nodelet_manager
[rosmaster.master][INFO] 2012-12-15 17:12:34,578: +PUB [/camera/rgb/image_mono/compressed] /camera_nodelet_manager http://pc:57182/
[rosmaster.master][INFO] 2012-12-15 17:12:34,580: +SERVICE [/camera/rgb/image_mono/compressed/set_parameters] /camera_nodelet_manager http://pc:57182/
[rosmaster.master][INFO] 2012-12-15 17:12:34,582: +PUB [/camera/rgb/image_mono/compressed/parameter_descriptions] /camera_nodelet_manager http://pc:57182/
[rosmaster.master][INFO] 2012-12-15 17:12:34,585: +PUB [/camera/rgb/image_mono/compressed/parameter_updates] /camera_nodelet_manager http://pc:57182/
[rosmaster.master][INFO] 2012-12-15 17:12:34,593: +PARAM [/camera/rgb/image_mono/compressed/format] by /camera_nodelet_manager
[rosmaster.master][INFO] 2012-12-15 17:12:34,595: +PARAM [/camera/rgb/image_mono/compressed/jpeg_quality] by /camera_nodelet_manager
[rosmaster.master][INFO] 2012-12-15 17:12:34,597: +PARAM [/camera/rgb/image_mono/compressed/png_level] by /camera_nodelet_manager
[rosmaster.master][INFO] 2012-12-15 17:12:34,600: +PUB [/camera/rgb/image_mono] /camera_nodelet_manager http://pc:57182/
[rosmaster.master][INFO] 2012-12-15 17:12:34,603: +PUB [/camera/rgb/image_mono/theora] /camera_nodelet_manager http://pc:57182/
[rosmaster.master][INFO] 2012-12-15 17:12:34,605: +SERVICE [/camera/rgb/image_mono/theora/set_parameters] /camera_nodelet_manager http://pc:57182/
[rosmaster.master][INFO] 2012-12-15 17:12:34,607: +PUB [/camera/rgb/image_mono/theora/parameter_descriptions] /camera_nodelet_manager http://pc:57182/
[rosmaster.master][INFO] 2012-12-15 17:12:34,610: +PUB [/camera/rgb/image_mono/theora/parameter_updates] /camera_nodelet_manager http://pc:57182/
[rosmaster.master][INFO] 2012-12-15 17:12:34,620: +PARAM [/camera/rgb/image_mono/theora/optimize_for] by /camera_nodelet_manager
[rosmaster.master][INFO] 2012-12-15 17:12:34,623: +PARAM [/camera/rgb/image_mono/theora/target_bitrate] by /camera_nodelet_manager
[rosmaster.master][INFO] 2012-12-15 17:12:34,625: +PARAM [/camera/rgb/image_mono/theora/quality] by /camera_nodelet_manager
[rosmaster.master][INFO] 2012-12-15 17:12:34,627: +PARAM [/camera/rgb/image_mono/theora/keyframe_frequency] by /camera_nodelet_manager
[rosmaster.master][INFO] 2012-12-15 17:12:34,630: +PUB [/camera/rgb/image_color/compressed] /camera_nodelet_manager http://pc:57182/
[rosmaster.master][INFO] 2012-12-15 17:12:34,633: +SERVICE [/camera/rgb/image_color/compressed/set_parameters] /camera_nodelet_manager http://pc:57182/
[rosmaster.master][INFO] 2012-12-15 17:12:34,636: +PUB [/camera/rgb/image_color/compressed/parameter_descriptions] /camera_nodelet_manager http://pc:57182/
[rosmaster.master][INFO] 2012-12-15 17:12:34,639: +PUB [/camera/rgb/image_color/compressed/parameter_updates] /camera_nodelet_manager http://pc:57182/
[rosmaster.master][INFO] 2012-12-15 17:12:34,647: +PARAM [/camera/rgb/image_color/compressed/format] by /camera_nodelet_manager
[rosmaster.master][INFO] 2012-12-15 17:12:34,650: +PARAM [/camera/rgb/image_color/compressed/jpeg_quality] by /camera_nodelet_manager
[rosmaster.master][INFO] 2012-12-15 17:12:34,652: +PARAM [/camera/rgb/image_color/compressed/png_level] by /camera_nodelet_manager
[rosmaster.master][INFO] 2012-12-15 17:12:34,655: +PUB [/camera/rgb/image_color] /camera_nodelet_manager http://pc:57182/
[rosmaster.master][INFO] 2012-12-15 17:12:34,657: +PUB [/camera/rgb/image_color/theora] /camera_nodelet_manager http://pc:57182/
[rosmaster.master][INFO] 2012-12-15 17:12:34,660: +SERVICE [/camera/rgb/image_color/theora/set_parameters] /camera_nodelet_manager http://pc:57182/
[rosmaster.master][INFO] 2012-12-15 17:12:34,663: +PUB [/camera/rgb/image_color/theora/parameter_descriptions] /camera_nodelet_manager http://pc:57182/
[rosmaster.master][INFO] 2012-12-15 17:12:34,665: +PUB [/camera/rgb/image_color/theora/parameter_updates] /camera_nodelet_manager http://pc:57182/
[rosmaster.master][INFO] 2012-12-15 17:12:34,670: publisherUpdate[/camera/rgb/image_color] -> http://pc:57182/
[rosmaster.master][INFO] 2012-12-15 17:12:34,676: +PARAM [/camera/rgb/image_color/theora/optimize_for] by /camera_nodelet_manager
[rosmaster.master][INFO] 2012-12-15 17:12:34,679: +PARAM [/camera/rgb/image_color/theora/target_bitrate] by /camera_nodelet_manager
[rosmaster.master][INFO] 2012-12-15 17:12:34,681: +PARAM [/camera/rgb/image_color/theora/quality] by /camera_nodelet_manager
[rosmaster.master][INFO] 2012-12-15 17:12:34,683: +PARAM [/camera/rgb/image_color/theora/keyframe_frequency] by /camera_nodelet_manager
[rosmaster.master][INFO] 2012-12-15 17:12:34,688: +SUB [/camera/rgb/image_raw] /camera_nodelet_manager http://pc:57182/
[rosmaster.master][INFO] 2012-12-15 17:12:38,011: +PARAM [/camera/driver/image_mode] by /camera_nodelet_manager
[rosmaster.master][INFO] 2012-12-15 17:12:38,012: +PARAM [/camera/driver/depth_mode] by /camera_nodelet_manager
[rosmaster.master][INFO] 2012-12-15 17:12:38,013: +PARAM [/camera/driver/depth_registration] by /camera_nodelet_manager
[rosmaster.master][INFO] 2012-12-15 17:12:38,016: +PARAM [/camera/driver/data_skip] by /camera_nodelet_manager
[rosmaster.master][INFO] 2012-12-15 17:12:38,017: +PARAM [/camera/driver/depth_time_offset] by /camera_nodelet_manager
[rosmaster.master][INFO] 2012-12-15 17:12:38,019: +PARAM [/camera/driver/image_time_offset] by /camera_nodelet_manager
[rosmaster.master][INFO] 2012-12-15 17:12:38,020: +PARAM [/camera/driver/depth_ir_offset_x] by /camera_nodelet_manager
[rosmaster.master][INFO] 2012-12-15 17:12:38,022: +PARAM [/camera/driver/depth_ir_offset_y] by /camera_nodelet_manager
[rosmaster.master][INFO] 2012-12-15 17:12:38,025: +PARAM [/camera/driver/z_offset_mm] by /camera_nodelet_manager
[rosmaster.master][INFO] 2012-12-15 17:12:38,029: -SUB [/camera/driver/parameter_updates] /set_dr http://pc:43372/
[rosmaster.master][INFO] 2012-12-15 17:12:38,029: -SUB [/camera/driver/parameter_descriptions] /set_dr http://pc:43372/
[rosmaster.master][INFO] 2012-12-15 17:12:38,029: -PUB [/rosout] /set_dr http://pc:43372/
[rosmaster.master][INFO] 2012-12-15 17:12:38,075: publisherUpdate[/rosout] -> http://pc:33708/
[rosmaster.master][INFO] 2012-12-15 17:12:39,771: -PUB [/camera/depth/disparity] /camera_nodelet_manager http://pc:57182/
[rosmaster.master][INFO] 2012-12-15 17:12:39,777: -PUB [/camera/depth_registered/disparity] /camera_nodelet_manager http://pc:57182/
[rosmaster.master][INFO] 2012-12-15 17:12:39,781: -SUB [/camera/depth_registered/image_rect] /depth_detection http://pc:51048/
[rosmaster.master][INFO] 2012-12-15 17:12:39,781: -SUB [/camera/rgb/image_rect_color] /depth_detection http://pc:51048/
[rosmaster.master][INFO] 2012-12-15 17:12:39,782: -PUB [/rosout] /depth_detection http://pc:51048/
[rosmaster.master][INFO] 2012-12-15 17:12:39,784: -PUB [/camera/depth_registered/points] /camera_nodelet_manager http://pc:57182/
[rosmaster.master][INFO] 2012-12-15 17:12:39,785: -SUB [/camera/depth_registered/image_rect_raw] /camera_nodelet_manager http://pc:57182/
[rosmaster.master][INFO] 2012-12-15 17:12:39,787: -SUB [/camera/depth_registered/image_raw] /camera_nodelet_manager http://pc:57182/
[rosmaster.master][INFO] 2012-12-15 17:12:39,788: -SUB [/camera/depth_registered/camera_info] /camera_nodelet_manager http://pc:57182/
[rosmaster.master][INFO] 2012-12-15 17:12:39,789: -SUB [/camera/depth/image_rect_raw] /camera_nodelet_manager http://pc:57182/
[rosmaster.master][INFO] 2012-12-15 17:12:39,790: -SUB [/camera/depth/image_raw] /camera_nodelet_manager http://pc:57182/
[rosmaster.master][INFO] 2012-12-15 17:12:39,791: -SUB [/camera/depth/camera_info] /camera_nodelet_manager http://pc:57182/
[rosmaster.master][INFO] 2012-12-15 17:12:39,864: -PUB [/rosout] /camera/points_xyzrgb_depth_rgb http://pc:33831/
[rosmaster.master][INFO] 2012-12-15 17:12:39,867: -PUB [/rosout] /camera/depth_registered/metric http://pc:54817/
[rosmaster.master][INFO] 2012-12-15 17:12:39,869: -SERVICE [/camera/points_xyzrgb_depth_rgb/get_loggers] /camera/points_xyzrgb_depth_rgb rosrpc://pc:55458
[rosmaster.master][INFO] 2012-12-15 17:12:39,872: -SERVICE [/camera/depth_registered/metric/get_loggers] /camera/depth_registered/metric rosrpc://pc:50081
[rosmaster.master][INFO] 2012-12-15 17:12:39,874: -SERVICE [/camera/points_xyzrgb_depth_rgb/set_logger_level] /camera/points_xyzrgb_depth_rgb rosrpc://pc:55458
[rosmaster.master][INFO] 2012-12-15 17:12:39,876: -SERVICE [/camera/depth_registered/metric/set_logger_level] /camera/depth_registered/metric rosrpc://pc:50081
[rosmaster.master][INFO] 2012-12-15 17:12:39,880: publisherUpdate[/rosout] -> http://pc:33708/
[rosmaster.master][INFO] 2012-12-15 17:12:39,883: -PUB [/rosout] /camera/depth_registered/metric_rect http://pc:49895/
[rosmaster.master][INFO] 2012-12-15 17:12:39,886: publisherUpdate[/rosout] -> http://pc:33708/
[rosmaster.master][INFO] 2012-12-15 17:12:39,888: -SERVICE [/camera/depth_registered/metric_rect/get_loggers] /camera/depth_registered/metric_rect rosrpc://pc:42402
[rosmaster.master][INFO] 2012-12-15 17:12:39,892: -SERVICE [/camera/depth_registered/metric_rect/set_logger_level] /camera/depth_registered/metric_rect rosrpc://pc:42402
[rosmaster.master][INFO] 2012-12-15 17:12:39,893: publisherUpdate[/rosout] -> http://pc:33708/
[rosmaster.master][INFO] 2012-12-15 17:12:39,898: publisherUpdate[/rosout] -> http://pc:33708/
[rosmaster.master][INFO] 2012-12-15 17:12:39,917: -PUB [/rosout] /camera_base_link2 http://pc:53699/
[rosmaster.master][INFO] 2012-12-15 17:12:39,919: -PUB [/rosout] /camera_base_link3 http://pc:49777/
[rosmaster.master][INFO] 2012-12-15 17:12:39,920: -PUB [/tf] /camera_base_link2 http://pc:53699/
[rosmaster.master][INFO] 2012-12-15 17:12:39,920: -PUB [/rosout] /camera_base_link1 http://pc:58275/
[rosmaster.master][INFO] 2012-12-15 17:12:39,922: -PUB [/tf] /camera_base_link3 http://pc:49777/
[rosmaster.master][INFO] 2012-12-15 17:12:39,923: -SERVICE [/camera_base_link2/get_loggers] /camera_base_link2 rosrpc://pc:41372
[rosmaster.master][INFO] 2012-12-15 17:12:39,924: -PUB [/tf] /camera_base_link1 http://pc:58275/
[rosmaster.master][INFO] 2012-12-15 17:12:39,925: -SERVICE [/camera_base_link3/get_loggers] /camera_base_link3 rosrpc://pc:35482
[rosmaster.master][INFO] 2012-12-15 17:12:39,926: -SERVICE [/camera_base_link2/set_logger_level] /camera_base_link2 rosrpc://pc:41372
[rosmaster.master][INFO] 2012-12-15 17:12:39,927: -SERVICE [/camera_base_link1/get_loggers] /camera_base_link1 rosrpc://pc:34532
[rosmaster.master][INFO] 2012-12-15 17:12:39,928: -SERVICE [/camera_base_link3/set_logger_level] /camera_base_link3 rosrpc://pc:35482
[rosmaster.master][INFO] 2012-12-15 17:12:39,929: -SERVICE [/camera_base_link1/set_logger_level] /camera_base_link1 rosrpc://pc:34532
[rosmaster.master][INFO] 2012-12-15 17:12:39,964: -PUB [/rosout] /camera/disparity_depth_registered http://pc:58109/
[rosmaster.master][INFO] 2012-12-15 17:12:39,967: -PUB [/rosout] /camera/disparity_depth http://pc:43279/
[rosmaster.master][INFO] 2012-12-15 17:12:39,968: -SERVICE [/camera/disparity_depth_registered/get_loggers] /camera/disparity_depth_registered rosrpc://pc:47934
[rosmaster.master][INFO] 2012-12-15 17:12:39,972: -SERVICE [/camera/disparity_depth/get_loggers] /camera/disparity_depth rosrpc://pc:42044
[rosmaster.master][INFO] 2012-12-15 17:12:39,974: -SERVICE [/camera/disparity_depth_registered/set_logger_level] /camera/disparity_depth_registered rosrpc://pc:47934
[rosmaster.master][INFO] 2012-12-15 17:12:39,976: -SERVICE [/camera/disparity_depth/set_logger_level] /camera/disparity_depth rosrpc://pc:42044
[rosmaster.master][INFO] 2012-12-15 17:12:39,981: publisherUpdate[/rosout] -> http://pc:33708/
[rosmaster.master][INFO] 2012-12-15 17:12:39,982: publisherUpdate[/tf] -> http://pc:57182/
[rosmaster.master][INFO] 2012-12-15 17:12:39,983: publisherUpdate[/tf] -> http://pc:57182/
[rosmaster.master][INFO] 2012-12-15 17:12:39,984: publisherUpdate[/rosout] -> http://pc:33708/
[rosmaster.master][INFO] 2012-12-15 17:12:39,985: publisherUpdate[/tf] -> http://pc:57182/
[rosmaster.master][INFO] 2012-12-15 17:12:39,986: publisherUpdate[/rosout] -> http://pc:33708/
[rosmaster.master][INFO] 2012-12-15 17:12:39,988: publisherUpdate[/rosout] -> http://pc:33708/
[rosmaster.master][INFO] 2012-12-15 17:12:39,990: publisherUpdate[/rosout] -> http://pc:33708/
[rosmaster.master][INFO] 2012-12-15 17:12:40,018: -PUB [/rosout] /camera_base_link http://pc:51953/
[rosmaster.master][INFO] 2012-12-15 17:12:40,020: -PUB [/tf] /camera_base_link http://pc:51953/
[rosmaster.master][INFO] 2012-12-15 17:12:40,023: -SERVICE [/camera_base_link/get_loggers] /camera_base_link rosrpc://pc:40133
[rosmaster.master][INFO] 2012-12-15 17:12:40,026: -SERVICE [/camera_base_link/set_logger_level] /camera_base_link rosrpc://pc:40133
[rosmaster.master][INFO] 2012-12-15 17:12:40,064: -PUB [/camera/depth_registered/rectify_depth/parameter_descriptions] /camera_nodelet_manager http://pc:57182/
[rosmaster.master][INFO] 2012-12-15 17:12:40,066: -PUB [/camera/depth_registered/rectify_depth/parameter_updates] /camera_nodelet_manager http://pc:57182/
[rosmaster.master][INFO] 2012-12-15 17:12:40,067: -SERVICE [/camera/depth_registered/rectify_depth/set_parameters] /camera_nodelet_manager rosrpc://pc:60378
[rosmaster.master][INFO] 2012-12-15 17:12:40,078: -PUB [/camera/depth/points] /camera_nodelet_manager http://pc:57182/
[rosmaster.master][INFO] 2012-12-15 17:12:40,088: -SUB [/tf] /camera_nodelet_manager http://pc:57182/
[rosmaster.master][INFO] 2012-12-15 17:12:40,088: publisherUpdate[/rosout] -> http://pc:33708/
[rosmaster.master][INFO] 2012-12-15 17:12:40,090: publisherUpdate[/tf] -> http://pc:57182/
[rosmaster.master][INFO] 2012-12-15 17:12:40,090: -SERVICE [/camera_nodelet_manager/tf_frames] /camera_nodelet_manager rosrpc://pc:60378
[rosmaster.master][INFO] 2012-12-15 17:12:40,160: -PUB [/rosout] /camera/depth/points http://pc:59192/
[rosmaster.master][INFO] 2012-12-15 17:12:40,164: -SERVICE [/camera/depth/points/get_loggers] /camera/depth/points rosrpc://pc:59585
[rosmaster.master][INFO] 2012-12-15 17:12:40,168: -PUB [/rosout] /camera/depth_registered/rectify_depth http://pc:34759/
[rosmaster.master][INFO] 2012-12-15 17:12:40,171: -SERVICE [/camera/depth/points/set_logger_level] /camera/depth/points rosrpc://pc:59585
[rosmaster.master][INFO] 2012-12-15 17:12:40,180: -SERVICE [/camera/depth_registered/rectify_depth/get_loggers] /camera/depth_registered/rectify_depth rosrpc://pc:39962
[rosmaster.master][INFO] 2012-12-15 17:12:40,189: -PUB [/rosout] /camera/register_depth_rgb http://pc:35287/
[rosmaster.master][INFO] 2012-12-15 17:12:40,193: publisherUpdate[/rosout] -> http://pc:33708/
[rosmaster.master][INFO] 2012-12-15 17:12:40,193: -SERVICE [/camera/depth_registered/rectify_depth/set_logger_level] /camera/depth_registered/rectify_depth rosrpc://pc:39962
[rosmaster.master][INFO] 2012-12-15 17:12:40,195: publisherUpdate[/rosout] -> http://pc:33708/
[rosmaster.master][INFO] 2012-12-15 17:12:40,198: publisherUpdate[/rosout] -> http://pc:33708/
[rosmaster.master][INFO] 2012-12-15 17:12:40,198: -SUB [/camera/rgb/image_color] /camera_nodelet_manager http://pc:57182/
[rosmaster.master][INFO] 2012-12-15 17:12:40,201: -SERVICE [/camera/register_depth_rgb/get_loggers] /camera/register_depth_rgb rosrpc://pc:48345
[rosmaster.master][INFO] 2012-12-15 17:12:40,202: -PUB [/camera/depth/rectify_depth/parameter_descriptions] /camera_nodelet_manager http://pc:57182/
[rosmaster.master][INFO] 2012-12-15 17:12:40,205: -SUB [/camera/rgb/camera_info] /camera_nodelet_manager http://pc:57182/
[rosmaster.master][INFO] 2012-12-15 17:12:40,207: -SERVICE [/camera/register_depth_rgb/set_logger_level] /camera/register_depth_rgb rosrpc://pc:48345
[rosmaster.master][INFO] 2012-12-15 17:12:40,208: -PUB [/camera/depth/rectify_depth/parameter_updates] /camera_nodelet_manager http://pc:57182/
[rosmaster.master][INFO] 2012-12-15 17:12:40,209: -SUB [/camera/rgb/image_raw] /camera_nodelet_manager http://pc:57182/
[rosmaster.master][INFO] 2012-12-15 17:12:40,211: -SERVICE [/camera/depth/rectify_depth/set_parameters] /camera_nodelet_manager rosrpc://pc:60378
[rosmaster.master][INFO] 2012-12-15 17:12:40,214: -PUB [/camera/rgb/rectify_color/parameter_descriptions] /camera_nodelet_manager http://pc:57182/
[rosmaster.master][INFO] 2012-12-15 17:12:40,216: -PUB [/camera/rgb/rectify_color/parameter_updates] /camera_nodelet_manager http://pc:57182/
[rosmaster.master][INFO] 2012-12-15 17:12:40,218: -SERVICE [/camera/rgb/rectify_color/set_parameters] /camera_nodelet_manager rosrpc://pc:60378
[rosmaster.master][INFO] 2012-12-15 17:12:40,221: -PUB [/camera/ir/rectify_ir/parameter_descriptions] /camera_nodelet_manager http://pc:57182/
[rosmaster.master][INFO] 2012-12-15 17:12:40,223: -PUB [/camera/ir/rectify_ir/parameter_updates] /camera_nodelet_manager http://pc:57182/
[rosmaster.master][INFO] 2012-12-15 17:12:40,225: -SERVICE [/camera/ir/rectify_ir/set_parameters] /camera_nodelet_manager rosrpc://pc:60378
[rosmaster.master][INFO] 2012-12-15 17:12:40,228: -PUB [/camera/rgb/rectify_mono/parameter_descriptions] /camera_nodelet_manager http://pc:57182/
[rosmaster.master][INFO] 2012-12-15 17:12:40,231: -PUB [/camera/rgb/rectify_mono/parameter_updates] /camera_nodelet_manager http://pc:57182/
[rosmaster.master][INFO] 2012-12-15 17:12:40,233: -SERVICE [/camera/rgb/rectify_mono/set_parameters] /camera_nodelet_manager rosrpc://pc:60378
[rosmaster.master][INFO] 2012-12-15 17:12:40,236: -PUB [/camera/rgb/debayer/parameter_descriptions] /camera_nodelet_manager http://pc:57182/
[rosmaster.master][INFO] 2012-12-15 17:12:40,238: -PUB [/camera/rgb/debayer/parameter_updates] /camera_nodelet_manager http://pc:57182/
[rosmaster.master][INFO] 2012-12-15 17:12:40,241: -SERVICE [/camera/rgb/debayer/set_parameters] /camera_nodelet_manager rosrpc://pc:60378
[rosmaster.master][INFO] 2012-12-15 17:12:40,260: -PUB [/rosout] /camera/depth/metric_rect http://pc:58262/
[rosmaster.master][INFO] 2012-12-15 17:12:40,263: -SERVICE [/camera/depth/metric_rect/get_loggers] /camera/depth/metric_rect rosrpc://pc:58559
[rosmaster.master][INFO] 2012-12-15 17:12:40,266: -SERVICE [/camera/depth/metric_rect/set_logger_level] /camera/depth/metric_rect rosrpc://pc:58559
[rosmaster.master][INFO] 2012-12-15 17:12:40,268: -PUB [/rosout] /camera/depth/metric http://pc:50613/
[rosmaster.master][INFO] 2012-12-15 17:12:40,271: -SERVICE [/camera/depth/metric/get_loggers] /camera/depth/metric rosrpc://pc:45262
[rosmaster.master][INFO] 2012-12-15 17:12:40,275: -SERVICE [/camera/depth/metric/set_logger_level] /camera/depth/metric rosrpc://pc:45262
[rosmaster.master][INFO] 2012-12-15 17:12:40,293: publisherUpdate[/rosout] -> http://pc:33708/
[rosmaster.master][INFO] 2012-12-15 17:12:40,296: publisherUpdate[/rosout] -> http://pc:33708/
[rosmaster.master][INFO] 2012-12-15 17:12:40,359: -PUB [/rosout] /camera/rgb/debayer http://pc:34608/
[rosmaster.master][INFO] 2012-12-15 17:12:40,363: -PUB [/rosout] /camera/rgb/rectify_mono http://pc:43654/
[rosmaster.master][INFO] 2012-12-15 17:12:40,370: -PUB [/rosout] /camera/driver http://pc:43541/
[rosmaster.master][INFO] 2012-12-15 17:12:40,372: -PUB [/rosout] /camera/rgb/rectify_color http://pc:43102/
[rosmaster.master][INFO] 2012-12-15 17:12:40,374: -PUB [/rosout] /camera/ir/rectify_ir http://pc:46336/
[rosmaster.master][INFO] 2012-12-15 17:12:40,377: -PUB [/rosout] /camera/depth/rectify_depth http://pc:52365/
[rosmaster.master][INFO] 2012-12-15 17:12:40,379: -SERVICE [/camera/rgb/debayer/get_loggers] /camera/rgb/debayer rosrpc://pc:35929
[rosmaster.master][INFO] 2012-12-15 17:12:40,382: -SERVICE [/camera/rgb/rectify_mono/get_loggers] /camera/rgb/rectify_mono rosrpc://pc:47640
[rosmaster.master][INFO] 2012-12-15 17:12:40,385: -SERVICE [/camera/rgb/rectify_color/get_loggers] /camera/rgb/rectify_color rosrpc://pc:55603
[rosmaster.master][INFO] 2012-12-15 17:12:40,390: -SERVICE [/camera/driver/get_loggers] /camera/driver rosrpc://pc:58446
[rosmaster.master][INFO] 2012-12-15 17:12:40,396: -SERVICE [/camera/depth/rectify_depth/get_loggers] /camera/depth/rectify_depth rosrpc://pc:57221
[rosmaster.master][INFO] 2012-12-15 17:12:40,399: -SERVICE [/camera/rgb/rectify_mono/set_logger_level] /camera/rgb/rectify_mono rosrpc://pc:47640
[rosmaster.master][INFO] 2012-12-15 17:12:40,401: publisherUpdate[/rosout] -> http://pc:33708/
[rosmaster.master][INFO] 2012-12-15 17:12:40,401: -SERVICE [/camera/rgb/debayer/set_logger_level] /camera/rgb/debayer rosrpc://pc:35929
[rosmaster.master][INFO] 2012-12-15 17:12:40,403: publisherUpdate[/rosout] -> http://pc:33708/
[rosmaster.master][INFO] 2012-12-15 17:12:40,402: -SERVICE [/camera/ir/rectify_ir/get_loggers] /camera/ir/rectify_ir rosrpc://pc:41199
[rosmaster.master][INFO] 2012-12-15 17:12:40,404: publisherUpdate[/rosout] -> http://pc:33708/
[rosmaster.master][INFO] 2012-12-15 17:12:40,407: publisherUpdate[/rosout] -> http://pc:33708/
[rosmaster.master][INFO] 2012-12-15 17:12:40,408: -SERVICE [/camera/driver/set_logger_level] /camera/driver rosrpc://pc:58446
[rosmaster.master][INFO] 2012-12-15 17:12:40,408: publisherUpdate[/rosout] -> http://pc:33708/
[rosmaster.master][INFO] 2012-12-15 17:12:40,409: -PUB [/rosout] /camera_nodelet_manager http://pc:57182/
[rosmaster.master][INFO] 2012-12-15 17:12:40,410: -SERVICE [/camera/depth/rectify_depth/set_logger_level] /camera/depth/rectify_depth rosrpc://pc:57221
[rosmaster.master][INFO] 2012-12-15 17:12:40,411: publisherUpdate[/rosout] -> http://pc:33708/
[rosmaster.master][INFO] 2012-12-15 17:12:40,411: -SERVICE [/camera/rgb/rectify_color/set_logger_level] /camera/rgb/rectify_color rosrpc://pc:55603
[rosmaster.master][INFO] 2012-12-15 17:12:40,412: publisherUpdate[/rosout] -> http://pc:33708/
[rosmaster.master][INFO] 2012-12-15 17:12:40,412: -SERVICE [/camera/ir/rectify_ir/set_logger_level] /camera/ir/rectify_ir rosrpc://pc:41199
[rosmaster.master][INFO] 2012-12-15 17:12:40,414: -PUB [/camera/depth/image/compressed] /camera_nodelet_manager http://pc:57182/
[rosmaster.master][INFO] 2012-12-15 17:12:40,415: -PUB [/camera/depth/image/compressed/parameter_descriptions] /camera_nodelet_manager http://pc:57182/
[rosmaster.master][INFO] 2012-12-15 17:12:40,416: -PUB [/camera/depth/image/compressed/parameter_updates] /camera_nodelet_manager http://pc:57182/
[rosmaster.master][INFO] 2012-12-15 17:12:40,416: -PUB [/camera/depth/image] /camera_nodelet_manager http://pc:57182/
[rosmaster.master][INFO] 2012-12-15 17:12:40,417: -PUB [/camera/depth/image/theora] /camera_nodelet_manager http://pc:57182/
[rosmaster.master][INFO] 2012-12-15 17:12:40,418: -PUB [/camera/depth/image/theora/parameter_descriptions] /camera_nodelet_manager http://pc:57182/
[rosmaster.master][INFO] 2012-12-15 17:12:40,420: -PUB [/camera/depth/image/theora/parameter_updates] /camera_nodelet_manager http://pc:57182/
[rosmaster.master][INFO] 2012-12-15 17:12:40,421: -PUB [/camera/rgb/image_rect_color/compressed] /camera_nodelet_manager http://pc:57182/
[rosmaster.master][INFO] 2012-12-15 17:12:40,422: -PUB [/camera/rgb/image_rect_color/compressed/parameter_descriptions] /camera_nodelet_manager http://pc:57182/
[rosmaster.master][INFO] 2012-12-15 17:12:40,423: -PUB [/camera/rgb/image_rect_color/compressed/parameter_updates] /camera_nodelet_manager http://pc:57182/
[rosmaster.master][INFO] 2012-12-15 17:12:40,424: -PUB [/camera/rgb/image_rect_color] /camera_nodelet_manager http://pc:57182/
[rosmaster.master][INFO] 2012-12-15 17:12:40,424: -PUB [/camera/rgb/image_rect_color/theora] /camera_nodelet_manager http://pc:57182/
[rosmaster.master][INFO] 2012-12-15 17:12:40,425: -PUB [/camera/rgb/image_rect_color/theora/parameter_descriptions] /camera_nodelet_manager http://pc:57182/
[rosmaster.master][INFO] 2012-12-15 17:12:40,426: -PUB [/camera/rgb/image_rect_color/theora/parameter_updates] /camera_nodelet_manager http://pc:57182/
[rosmaster.master][INFO] 2012-12-15 17:12:40,427: -PUB [/camera/depth_registered/image_rect_raw/compressed] /camera_nodelet_manager http://pc:57182/
[rosmaster.master][INFO] 2012-12-15 17:12:40,428: -PUB [/camera/depth_registered/image_rect_raw/compressed/parameter_descriptions] /camera_nodelet_manager http://pc:57182/
[rosmaster.master][INFO] 2012-12-15 17:12:40,428: -PUB [/camera/depth_registered/image_rect_raw/compressed/parameter_updates] /camera_nodelet_manager http://pc:57182/
[rosmaster.master][INFO] 2012-12-15 17:12:40,429: -PUB [/camera/depth_registered/image_rect_raw] /camera_nodelet_manager http://pc:57182/
[rosmaster.master][INFO] 2012-12-15 17:12:40,430: -PUB [/camera/depth_registered/image_rect_raw/theora] /camera_nodelet_manager http://pc:57182/
[rosmaster.master][INFO] 2012-12-15 17:12:40,431: -PUB [/camera/depth_registered/image_rect_raw/theora/parameter_descriptions] /camera_nodelet_manager http://pc:57182/
[rosmaster.master][INFO] 2012-12-15 17:12:40,432: -PUB [/camera/depth_registered/image_rect_raw/theora/parameter_updates] /camera_nodelet_manager http://pc:57182/
[rosmaster.master][INFO] 2012-12-15 17:12:40,432: -PUB [/camera/depth_registered/camera_info] /camera_nodelet_manager http://pc:57182/
[rosmaster.master][INFO] 2012-12-15 17:12:40,433: -PUB [/camera/rgb/image_rect/compressed] /camera_nodelet_manager http://pc:57182/
[rosmaster.master][INFO] 2012-12-15 17:12:40,435: -PUB [/camera/rgb/image_rect/compressed/parameter_descriptions] /camera_nodelet_manager http://pc:57182/
[rosmaster.master][INFO] 2012-12-15 17:12:40,436: -PUB [/camera/rgb/image_rect/compressed/parameter_updates] /camera_nodelet_manager http://pc:57182/
[rosmaster.master][INFO] 2012-12-15 17:12:40,437: -PUB [/camera/rgb/image_rect] /camera_nodelet_manager http://pc:57182/
[rosmaster.master][INFO] 2012-12-15 17:12:40,438: -PUB [/camera/rgb/image_rect/theora] /camera_nodelet_manager http://pc:57182/
[rosmaster.master][INFO] 2012-12-15 17:12:40,439: -PUB [/camera/rgb/image_rect/theora/parameter_descriptions] /camera_nodelet_manager http://pc:57182/
[rosmaster.master][INFO] 2012-12-15 17:12:40,439: -PUB [/camera/rgb/image_rect/theora/parameter_updates] /camera_nodelet_manager http://pc:57182/
[rosmaster.master][INFO] 2012-12-15 17:12:40,440: -PUB [/camera/depth_registered/image_rect/compressed] /camera_nodelet_manager http://pc:57182/
[rosmaster.master][INFO] 2012-12-15 17:12:40,441: -PUB [/camera/depth_registered/image_rect/compressed/parameter_descriptions] /camera_nodelet_manager http://pc:57182/
[rosmaster.master][INFO] 2012-12-15 17:12:40,442: -PUB [/camera/depth_registered/image_rect/compressed/parameter_updates] /camera_nodelet_manager http://pc:57182/
[rosmaster.master][INFO] 2012-12-15 17:12:40,443: -PUB [/camera/depth_registered/image_rect] /camera_nodelet_manager http://pc:57182/
[rosmaster.master][INFO] 2012-12-15 17:12:40,444: -PUB [/camera/depth_registered/image_rect/theora] /camera_nodelet_manager http://pc:57182/
[rosmaster.master][INFO] 2012-12-15 17:12:40,445: -PUB [/camera/depth_registered/image_rect/theora/parameter_descriptions] /camera_nodelet_manager http://pc:57182/
[rosmaster.master][INFO] 2012-12-15 17:12:40,445: -PUB [/camera/depth_registered/image_rect/theora/parameter_updates] /camera_nodelet_manager http://pc:57182/
[rosmaster.master][INFO] 2012-12-15 17:12:40,446: -PUB [/camera/depth/image_rect_raw/compressed] /camera_nodelet_manager http://pc:57182/
[rosmaster.master][INFO] 2012-12-15 17:12:40,447: -PUB [/camera/depth/image_rect_raw/compressed/parameter_descriptions] /camera_nodelet_manager http://pc:57182/
[rosmaster.master][INFO] 2012-12-15 17:12:40,448: -PUB [/camera/depth/image_rect_raw/compressed/parameter_updates] /camera_nodelet_manager http://pc:57182/
[rosmaster.master][INFO] 2012-12-15 17:12:40,449: -PUB [/camera/depth/image_rect_raw] /camera_nodelet_manager http://pc:57182/
[rosmaster.master][INFO] 2012-12-15 17:12:40,450: -PUB [/camera/depth/image_rect_raw/theora] /camera_nodelet_manager http://pc:57182/
[rosmaster.master][INFO] 2012-12-15 17:12:40,451: -PUB [/camera/depth/image_rect_raw/theora/parameter_descriptions] /camera_nodelet_manager http://pc:57182/
[rosmaster.master][INFO] 2012-12-15 17:12:40,453: -PUB [/camera/depth/image_rect_raw/theora/parameter_updates] /camera_nodelet_manager http://pc:57182/
[rosmaster.master][INFO] 2012-12-15 17:12:40,454: -PUB [/camera/depth/image_rect/compressed] /camera_nodelet_manager http://pc:57182/
[rosmaster.master][INFO] 2012-12-15 17:12:40,454: -PUB [/camera/depth/image_rect/compressed/parameter_descriptions] /camera_nodelet_manager http://pc:57182/
[rosmaster.master][INFO] 2012-12-15 17:12:40,455: -PUB [/camera/depth/image_rect/compressed/parameter_updates] /camera_nodelet_manager http://pc:57182/
[rosmaster.master][INFO] 2012-12-15 17:12:40,456: -PUB [/camera/depth/image_rect] /camera_nodelet_manager http://pc:57182/
[rosmaster.master][INFO] 2012-12-15 17:12:40,457: -PUB [/camera/depth/image_rect/theora] /camera_nodelet_manager http://pc:57182/
[rosmaster.master][INFO] 2012-12-15 17:12:40,458: -PUB [/camera/depth/image_rect/theora/parameter_descriptions] /camera_nodelet_manager http://pc:57182/
[rosmaster.master][INFO] 2012-12-15 17:12:40,459: -PUB [/camera/depth/image_rect/theora/parameter_updates] /camera_nodelet_manager http://pc:57182/
[rosmaster.master][INFO] 2012-12-15 17:12:40,459: -PUB [/camera/depth_registered/image/compressed] /camera_nodelet_manager http://pc:57182/
[rosmaster.master][INFO] 2012-12-15 17:12:40,460: -PUB [/camera/depth_registered/image/compressed/parameter_descriptions] /camera_nodelet_manager http://pc:57182/
[rosmaster.master][INFO] 2012-12-15 17:12:40,461: -PUB [/camera/depth_registered/image/compressed/parameter_updates] /camera_nodelet_manager http://pc:57182/
[rosmaster.master][INFO] 2012-12-15 17:12:40,462: -PUB [/camera/depth_registered/image] /camera_nodelet_manager http://pc:57182/
[rosmaster.master][INFO] 2012-12-15 17:12:40,463: -PUB [/camera/depth_registered/image/theora] /camera_nodelet_manager http://pc:57182/
[rosmaster.master][INFO] 2012-12-15 17:12:40,464: -PUB [/camera/depth_registered/image/theora/parameter_descriptions] /camera_nodelet_manager http://pc:57182/
[rosmaster.master][INFO] 2012-12-15 17:12:40,464: -PUB [/camera/depth_registered/image/theora/parameter_updates] /camera_nodelet_manager http://pc:57182/
[rosmaster.master][INFO] 2012-12-15 17:12:40,465: -PUB [/camera/driver/parameter_descriptions] /camera_nodelet_manager http://pc:57182/
[rosmaster.master][INFO] 2012-12-15 17:12:40,468: -PUB [/camera/driver/parameter_updates] /camera_nodelet_manager http://pc:57182/
[rosmaster.master][INFO] 2012-12-15 17:12:40,469: -PUB [/camera/rgb/image_raw/compressed] /camera_nodelet_manager http://pc:57182/
[rosmaster.master][INFO] 2012-12-15 17:12:40,470: -PUB [/camera/rgb/image_raw/compressed/parameter_descriptions] /camera_nodelet_manager http://pc:57182/
[rosmaster.master][INFO] 2012-12-15 17:12:40,471: -PUB [/camera/rgb/image_raw/compressed/parameter_updates] /camera_nodelet_manager http://pc:57182/
[rosmaster.master][INFO] 2012-12-15 17:12:40,472: -PUB [/camera/rgb/image_raw] /camera_nodelet_manager http://pc:57182/
[rosmaster.master][INFO] 2012-12-15 17:12:40,473: -PUB [/camera/rgb/image_raw/theora] /camera_nodelet_manager http://pc:57182/
[rosmaster.master][INFO] 2012-12-15 17:12:40,474: -PUB [/camera/rgb/image_raw/theora/parameter_descriptions] /camera_nodelet_manager http://pc:57182/
[rosmaster.master][INFO] 2012-12-15 17:12:40,474: -PUB [/camera/rgb/image_raw/theora/parameter_updates] /camera_nodelet_manager http://pc:57182/
[rosmaster.master][INFO] 2012-12-15 17:12:40,475: -PUB [/camera/rgb/camera_info] /camera_nodelet_manager http://pc:57182/
[rosmaster.master][INFO] 2012-12-15 17:12:40,476: -PUB [/camera/ir/image_raw/compressed] /camera_nodelet_manager http://pc:57182/
[rosmaster.master][INFO] 2012-12-15 17:12:40,477: -PUB [/camera/ir/image_raw/compressed/parameter_descriptions] /camera_nodelet_manager http://pc:57182/
[rosmaster.master][INFO] 2012-12-15 17:12:40,478: -PUB [/camera/ir/image_raw/compressed/parameter_updates] /camera_nodelet_manager http://pc:57182/
[rosmaster.master][INFO] 2012-12-15 17:12:40,479: -PUB [/camera/ir/image_raw] /camera_nodelet_manager http://pc:57182/
[rosmaster.master][INFO] 2012-12-15 17:12:40,480: -PUB [/camera/ir/image_raw/theora] /camera_nodelet_manager http://pc:57182/
[rosmaster.master][INFO] 2012-12-15 17:12:40,480: -PUB [/camera/ir/image_raw/theora/parameter_descriptions] /camera_nodelet_manager http://pc:57182/
[rosmaster.master][INFO] 2012-12-15 17:12:40,481: -PUB [/camera/ir/image_raw/theora/parameter_updates] /camera_nodelet_manager http://pc:57182/
[rosmaster.master][INFO] 2012-12-15 17:12:40,482: -PUB [/camera/ir/camera_info] /camera_nodelet_manager http://pc:57182/
[rosmaster.master][INFO] 2012-12-15 17:12:40,483: -PUB [/camera/depth/image_raw/compressed] /camera_nodelet_manager http://pc:57182/
[rosmaster.master][INFO] 2012-12-15 17:12:40,485: -PUB [/camera/depth/image_raw/compressed/parameter_descriptions] /camera_nodelet_manager http://pc:57182/
[rosmaster.master][INFO] 2012-12-15 17:12:40,486: -PUB [/camera/depth/image_raw/compressed/parameter_updates] /camera_nodelet_manager http://pc:57182/
[rosmaster.master][INFO] 2012-12-15 17:12:40,487: -PUB [/camera/depth/image_raw] /camera_nodelet_manager http://pc:57182/
[rosmaster.master][INFO] 2012-12-15 17:12:40,488: -PUB [/camera/depth/image_raw/theora] /camera_nodelet_manager http://pc:57182/
[rosmaster.master][INFO] 2012-12-15 17:12:40,489: -PUB [/camera/depth/image_raw/theora/parameter_descriptions] /camera_nodelet_manager http://pc:57182/
[rosmaster.master][INFO] 2012-12-15 17:12:40,489: -PUB [/camera/depth/image_raw/theora/parameter_updates] /camera_nodelet_manager http://pc:57182/
[rosmaster.master][INFO] 2012-12-15 17:12:40,490: -PUB [/camera/depth/camera_info] /camera_nodelet_manager http://pc:57182/
[rosmaster.master][INFO] 2012-12-15 17:12:40,491: -PUB [/camera/projector/camera_info] /camera_nodelet_manager http://pc:57182/
[rosmaster.master][INFO] 2012-12-15 17:12:40,492: -PUB [/camera/depth_registered/image_raw/compressed] /camera_nodelet_manager http://pc:57182/
[rosmaster.master][INFO] 2012-12-15 17:12:40,493: -PUB [/camera/depth_registered/image_raw/compressed/parameter_descriptions] /camera_nodelet_manager http://pc:57182/
[rosmaster.master][INFO] 2012-12-15 17:12:40,494: -PUB [/camera/depth_registered/image_raw/compressed/parameter_updates] /camera_nodelet_manager http://pc:57182/
[rosmaster.master][INFO] 2012-12-15 17:12:40,494: -PUB [/camera/depth_registered/image_raw] /camera_nodelet_manager http://pc:57182/
[rosmaster.master][INFO] 2012-12-15 17:12:40,495: -PUB [/camera/depth_registered/image_raw/theora] /camera_nodelet_manager http://pc:57182/
[rosmaster.master][INFO] 2012-12-15 17:12:40,496: -PUB [/camera/depth_registered/image_raw/theora/parameter_descriptions] /camera_nodelet_manager http://pc:57182/
[rosmaster.master][INFO] 2012-12-15 17:12:40,497: -PUB [/camera/depth_registered/image_raw/theora/parameter_updates] /camera_nodelet_manager http://pc:57182/
[rosmaster.master][INFO] 2012-12-15 17:12:40,498: -PUB [/camera/ir/image_rect/compressed] /camera_nodelet_manager http://pc:57182/
[rosmaster.master][INFO] 2012-12-15 17:12:40,499: -PUB [/camera/ir/image_rect/compressed/parameter_descriptions] /camera_nodelet_manager http://pc:57182/
[rosmaster.master][INFO] 2012-12-15 17:12:40,500: -PUB [/camera/ir/image_rect/compressed/parameter_updates] /camera_nodelet_manager http://pc:57182/
[rosmaster.master][INFO] 2012-12-15 17:12:40,501: -PUB [/camera/ir/image_rect] /camera_nodelet_manager http://pc:57182/
[rosmaster.master][INFO] 2012-12-15 17:12:40,502: -PUB [/camera/ir/image_rect/theora] /camera_nodelet_manager http://pc:57182/
[rosmaster.master][INFO] 2012-12-15 17:12:40,503: -PUB [/camera/ir/image_rect/theora/parameter_descriptions] /camera_nodelet_manager http://pc:57182/
[rosmaster.master][INFO] 2012-12-15 17:12:40,504: -PUB [/camera/ir/image_rect/theora/parameter_updates] /camera_nodelet_manager http://pc:57182/
[rosmaster.master][INFO] 2012-12-15 17:12:40,505: -PUB [/camera/rgb/image_mono/compressed] /camera_nodelet_manager http://pc:57182/
[rosmaster.master][INFO] 2012-12-15 17:12:40,506: -PUB [/camera/rgb/image_mono/compressed/parameter_descriptions] /camera_nodelet_manager http://pc:57182/
[rosmaster.master][INFO] 2012-12-15 17:12:40,506: -PUB [/camera/rgb/image_mono/compressed/parameter_updates] /camera_nodelet_manager http://pc:57182/
[rosmaster.master][INFO] 2012-12-15 17:12:40,507: -PUB [/camera/rgb/image_mono] /camera_nodelet_manager http://pc:57182/
[rosmaster.master][INFO] 2012-12-15 17:12:40,508: -PUB [/camera/rgb/image_mono/theora] /camera_nodelet_manager http://pc:57182/
[rosmaster.master][INFO] 2012-12-15 17:12:40,509: -PUB [/camera/rgb/image_mono/theora/parameter_descriptions] /camera_nodelet_manager http://pc:57182/
[rosmaster.master][INFO] 2012-12-15 17:12:40,510: -PUB [/camera/rgb/image_mono/theora/parameter_updates] /camera_nodelet_manager http://pc:57182/
[rosmaster.master][INFO] 2012-12-15 17:12:40,511: -PUB [/camera/rgb/image_color/compressed] /camera_nodelet_manager http://pc:57182/
[rosmaster.master][INFO] 2012-12-15 17:12:40,512: -PUB [/camera/rgb/image_color/compressed/parameter_descriptions] /camera_nodelet_manager http://pc:57182/
[rosmaster.master][INFO] 2012-12-15 17:12:40,512: -PUB [/camera/rgb/image_color/compressed/parameter_updates] /camera_nodelet_manager http://pc:57182/
[rosmaster.master][INFO] 2012-12-15 17:12:40,513: -PUB [/camera/rgb/image_color] /camera_nodelet_manager http://pc:57182/
[rosmaster.master][INFO] 2012-12-15 17:12:40,514: -PUB [/camera/rgb/image_color/theora] /camera_nodelet_manager http://pc:57182/
[rosmaster.master][INFO] 2012-12-15 17:12:40,515: -PUB [/camera/rgb/image_color/theora/parameter_descriptions] /camera_nodelet_manager http://pc:57182/
[rosmaster.master][INFO] 2012-12-15 17:12:40,516: -PUB [/camera/rgb/image_color/theora/parameter_updates] /camera_nodelet_manager http://pc:57182/
[rosmaster.master][INFO] 2012-12-15 17:12:40,518: -SERVICE [/camera_nodelet_manager/get_loggers] /camera_nodelet_manager rosrpc://pc:60378
[rosmaster.master][INFO] 2012-12-15 17:12:40,519: -SERVICE [/camera_nodelet_manager/set_logger_level] /camera_nodelet_manager rosrpc://pc:60378
[rosmaster.master][INFO] 2012-12-15 17:12:40,520: -SERVICE [/camera_nodelet_manager/load_nodelet] /camera_nodelet_manager rosrpc://pc:60378
[rosmaster.master][INFO] 2012-12-15 17:12:40,520: -SERVICE [/camera_nodelet_manager/unload_nodelet] /camera_nodelet_manager rosrpc://pc:60378
[rosmaster.master][INFO] 2012-12-15 17:12:40,521: -SERVICE [/camera_nodelet_manager/list] /camera_nodelet_manager rosrpc://pc:60378
[rosmaster.master][INFO] 2012-12-15 17:12:40,522: -SERVICE [/camera/depth/image/compressed/set_parameters] /camera_nodelet_manager rosrpc://pc:60378
[rosmaster.master][INFO] 2012-12-15 17:12:40,523: -SERVICE [/camera/depth/image/theora/set_parameters] /camera_nodelet_manager rosrpc://pc:60378
[rosmaster.master][INFO] 2012-12-15 17:12:40,524: -SERVICE [/camera/rgb/image_rect_color/compressed/set_parameters] /camera_nodelet_manager rosrpc://pc:60378
[rosmaster.master][INFO] 2012-12-15 17:12:40,525: -SERVICE [/camera/rgb/image_rect_color/theora/set_parameters] /camera_nodelet_manager rosrpc://pc:60378
[rosmaster.master][INFO] 2012-12-15 17:12:40,526: -SERVICE [/camera/depth_registered/image_rect_raw/compressed/set_parameters] /camera_nodelet_manager rosrpc://pc:60378
[rosmaster.master][INFO] 2012-12-15 17:12:40,527: -SERVICE [/camera/depth_registered/image_rect_raw/theora/set_parameters] /camera_nodelet_manager rosrpc://pc:60378
[rosmaster.master][INFO] 2012-12-15 17:12:40,528: -SERVICE [/camera/rgb/image_rect/compressed/set_parameters] /camera_nodelet_manager rosrpc://pc:60378
[rosmaster.master][INFO] 2012-12-15 17:12:40,529: -SERVICE [/camera/rgb/image_rect/theora/set_parameters] /camera_nodelet_manager rosrpc://pc:60378
[rosmaster.master][INFO] 2012-12-15 17:12:40,531: -SERVICE [/camera/depth_registered/image_rect/compressed/set_parameters] /camera_nodelet_manager rosrpc://pc:60378
[rosmaster.master][INFO] 2012-12-15 17:12:40,532: -SERVICE [/camera/depth_registered/image_rect/theora/set_parameters] /camera_nodelet_manager rosrpc://pc:60378
[rosmaster.master][INFO] 2012-12-15 17:12:40,533: -SERVICE [/camera/depth/image_rect_raw/compressed/set_parameters] /camera_nodelet_manager rosrpc://pc:60378
[rosmaster.master][INFO] 2012-12-15 17:12:40,534: -SERVICE [/camera/depth/image_rect_raw/theora/set_parameters] /camera_nodelet_manager rosrpc://pc:60378
[rosmaster.master][INFO] 2012-12-15 17:12:40,535: -SERVICE [/camera/depth/image_rect/compressed/set_parameters] /camera_nodelet_manager rosrpc://pc:60378
[rosmaster.master][INFO] 2012-12-15 17:12:40,536: -SERVICE [/camera/depth/image_rect/theora/set_parameters] /camera_nodelet_manager rosrpc://pc:60378
[rosmaster.master][INFO] 2012-12-15 17:12:40,537: -SERVICE [/camera/depth_registered/image/compressed/set_parameters] /camera_nodelet_manager rosrpc://pc:60378
[rosmaster.master][INFO] 2012-12-15 17:12:40,538: -SERVICE [/camera/depth_registered/image/theora/set_parameters] /camera_nodelet_manager rosrpc://pc:60378
[rosmaster.master][INFO] 2012-12-15 17:12:40,538: -SERVICE [/camera/driver/set_parameters] /camera_nodelet_manager rosrpc://pc:60378
[rosmaster.master][INFO] 2012-12-15 17:12:40,539: -SERVICE [/camera/rgb/set_camera_info] /camera_nodelet_manager rosrpc://pc:60378
[rosmaster.master][INFO] 2012-12-15 17:12:40,540: -SERVICE [/camera/ir/set_camera_info] /camera_nodelet_manager rosrpc://pc:60378
[rosmaster.master][INFO] 2012-12-15 17:12:40,541: -SERVICE [/camera/rgb/image_raw/compressed/set_parameters] /camera_nodelet_manager rosrpc://pc:60378
[rosmaster.master][INFO] 2012-12-15 17:12:40,542: -SERVICE [/camera/rgb/image_raw/theora/set_parameters] /camera_nodelet_manager rosrpc://pc:60378
[rosmaster.master][INFO] 2012-12-15 17:12:40,542: -SERVICE [/camera/ir/image_raw/compressed/set_parameters] /camera_nodelet_manager rosrpc://pc:60378
[rosmaster.master][INFO] 2012-12-15 17:12:40,543: -SERVICE [/camera/ir/image_raw/theora/set_parameters] /camera_nodelet_manager rosrpc://pc:60378
[rosmaster.master][INFO] 2012-12-15 17:12:40,544: -SERVICE [/camera/depth/image_raw/compressed/set_parameters] /camera_nodelet_manager rosrpc://pc:60378
[rosmaster.master][INFO] 2012-12-15 17:12:40,545: -SERVICE [/camera/depth/image_raw/theora/set_parameters] /camera_nodelet_manager rosrpc://pc:60378
[rosmaster.master][INFO] 2012-12-15 17:12:40,546: -SERVICE [/camera/depth_registered/image_raw/compressed/set_parameters] /camera_nodelet_manager rosrpc://pc:60378
[rosmaster.master][INFO] 2012-12-15 17:12:40,547: -SERVICE [/camera/depth_registered/image_raw/theora/set_parameters] /camera_nodelet_manager rosrpc://pc:60378
[rosmaster.master][INFO] 2012-12-15 17:12:40,549: -SERVICE [/camera/ir/image_rect/compressed/set_parameters] /camera_nodelet_manager rosrpc://pc:60378
[rosmaster.master][INFO] 2012-12-15 17:12:40,550: -SERVICE [/camera/ir/image_rect/theora/set_parameters] /camera_nodelet_manager rosrpc://pc:60378
[rosmaster.master][INFO] 2012-12-15 17:12:40,550: -SERVICE [/camera/rgb/image_mono/compressed/set_parameters] /camera_nodelet_manager rosrpc://pc:60378
[rosmaster.master][INFO] 2012-12-15 17:12:40,551: -SERVICE [/camera/rgb/image_mono/theora/set_parameters] /camera_nodelet_manager rosrpc://pc:60378
[rosmaster.master][INFO] 2012-12-15 17:12:40,552: -SERVICE [/camera/rgb/image_color/compressed/set_parameters] /camera_nodelet_manager rosrpc://pc:60378
[rosmaster.master][INFO] 2012-12-15 17:12:40,553: -SERVICE [/camera/rgb/image_color/theora/set_parameters] /camera_nodelet_manager rosrpc://pc:60378
[rosmaster.master][INFO] 2012-12-15 17:12:41,015: -PUB [/rosout_agg] /rosout http://pc:33708/
[rosmaster.master][INFO] 2012-12-15 17:12:41,016: -SUB [/rosout] /rosout http://pc:33708/
[rosmaster.master][INFO] 2012-12-15 17:12:41,017: -SERVICE [/rosout/get_loggers] /rosout rosrpc://pc:45459
[rosmaster.master][INFO] 2012-12-15 17:12:41,018: -SERVICE [/rosout/set_logger_level] /rosout rosrpc://pc:45459
[rosmaster.main][INFO] 2012-12-15 17:12:41,068: keyboard interrupt, will exit
[rosmaster.main][INFO] 2012-12-15 17:12:41,068: stopping master...
