[rosmaster.main][INFO] 2012-12-14 17:42:50,833: initialization complete, waiting for shutdown
[rosmaster.main][INFO] 2012-12-14 17:42:50,833: Starting ROS Master Node
[xmlrpc][INFO] 2012-12-14 17:42:50,834: XML-RPC server binding to 0.0.0.0
[xmlrpc][INFO] 2012-12-14 17:42:50,835: Started XML-RPC server [http://pc:11311/]
[rosmaster.master][INFO] 2012-12-14 17:42:50,835: Master initialized: port[11311], uri[http://pc:11311/]
[xmlrpc][INFO] 2012-12-14 17:42:50,835: xml rpc node: starting XML-RPC server
[rosmaster.master][INFO] 2012-12-14 17:42:50,853: +PARAM [/run_id] by /roslaunch
[rosmaster.master][INFO] 2012-12-14 17:42:50,857: +PARAM [/roslaunch/uris/host_pc__57871] by /roslaunch
[rosmaster.master][INFO] 2012-12-14 17:42:50,888: +PARAM [/rosdistro] by /roslaunch
[rosmaster.master][INFO] 2012-12-14 17:42:50,888: +PARAM [/camera/driver/rgb_frame_id] by /roslaunch
[rosmaster.master][INFO] 2012-12-14 17:42:50,888: +PARAM [/camera/disparity_depth_registered/min_range] by /roslaunch
[rosmaster.master][INFO] 2012-12-14 17:42:50,888: +PARAM [/camera/driver/rgb_camera_info_url] by /roslaunch
[rosmaster.master][INFO] 2012-12-14 17:42:50,889: +PARAM [/camera/depth_registered/rectify_depth/interpolation] by /roslaunch
[rosmaster.master][INFO] 2012-12-14 17:42:50,889: +PARAM [/camera/driver/depth_frame_id] by /roslaunch
[rosmaster.master][INFO] 2012-12-14 17:42:50,889: +PARAM [/camera/depth/rectify_depth/interpolation] by /roslaunch
[rosmaster.master][INFO] 2012-12-14 17:42:50,889: +PARAM [/camera/disparity_depth/max_range] by /roslaunch
[rosmaster.master][INFO] 2012-12-14 17:42:50,889: +PARAM [/rosversion] by /roslaunch
[rosmaster.master][INFO] 2012-12-14 17:42:50,890: +PARAM [/camera/driver/device_id] by /roslaunch
[rosmaster.master][INFO] 2012-12-14 17:42:50,890: +PARAM [/camera/driver/depth_camera_info_url] by /roslaunch
[rosmaster.master][INFO] 2012-12-14 17:42:50,890: +PARAM [/camera/disparity_depth/min_range] by /roslaunch
[rosmaster.master][INFO] 2012-12-14 17:42:50,890: +PARAM [/camera/disparity_depth_registered/max_range] by /roslaunch
[rosmaster.master][INFO] 2012-12-14 17:42:50,893: +SERVICE [/rosout/get_loggers] /rosout http://pc:47480/
[rosmaster.master][INFO] 2012-12-14 17:42:50,894: +SERVICE [/rosout/set_logger_level] /rosout http://pc:47480/
[rosmaster.master][INFO] 2012-12-14 17:42:50,896: +PUB [/rosout_agg] /rosout http://pc:47480/
[rosmaster.master][INFO] 2012-12-14 17:42:50,897: +SUB [/rosout] /rosout http://pc:47480/
[rosmaster.master][INFO] 2012-12-14 17:42:50,927: +PUB [/rosout] /camera/driver http://pc:56138/
[rosmaster.master][INFO] 2012-12-14 17:42:50,929: +SERVICE [/camera/driver/get_loggers] /camera/driver http://pc:56138/
[rosmaster.master][INFO] 2012-12-14 17:42:50,930: +SERVICE [/camera/driver/set_logger_level] /camera/driver http://pc:56138/
[rosmaster.master][INFO] 2012-12-14 17:42:50,933: publisherUpdate[/rosout] -> http://pc:47480/
[rosmaster.master][INFO] 2012-12-14 17:42:50,937: +PARAM [/camera/driver] by /camera/driver
[rosmaster.master][INFO] 2012-12-14 17:42:50,948: +PUB [/rosout] /camera/rgb/debayer http://pc:53208/
[rosmaster.master][INFO] 2012-12-14 17:42:50,949: +SERVICE [/camera/rgb/debayer/get_loggers] /camera/rgb/debayer http://pc:53208/
[rosmaster.master][INFO] 2012-12-14 17:42:50,951: +SERVICE [/camera/rgb/debayer/set_logger_level] /camera/rgb/debayer http://pc:53208/
[rosmaster.master][INFO] 2012-12-14 17:42:50,959: +PUB [/rosout] /camera/rgb/rectify_mono http://pc:53296/
[rosmaster.master][INFO] 2012-12-14 17:42:50,965: +PUB [/rosout] /camera/rgb/rectify_color http://pc:51311/
[rosmaster.master][INFO] 2012-12-14 17:42:50,972: +SERVICE [/camera/rgb/rectify_mono/get_loggers] /camera/rgb/rectify_mono http://pc:53296/
[rosmaster.master][INFO] 2012-12-14 17:42:50,976: +SERVICE [/camera/rgb/rectify_color/get_loggers] /camera/rgb/rectify_color http://pc:51311/
[rosmaster.master][INFO] 2012-12-14 17:42:50,978: +SERVICE [/camera/rgb/rectify_mono/set_logger_level] /camera/rgb/rectify_mono http://pc:53296/
[rosmaster.master][INFO] 2012-12-14 17:42:50,978: +PUB [/rosout] /camera/ir/rectify_ir http://pc:59004/
[rosmaster.master][INFO] 2012-12-14 17:42:50,982: +SERVICE [/camera/ir/rectify_ir/get_loggers] /camera/ir/rectify_ir http://pc:59004/
[rosmaster.master][INFO] 2012-12-14 17:42:50,985: +SERVICE [/camera/rgb/rectify_color/set_logger_level] /camera/rgb/rectify_color http://pc:51311/
[rosmaster.master][INFO] 2012-12-14 17:42:50,990: +SERVICE [/camera/ir/rectify_ir/set_logger_level] /camera/ir/rectify_ir http://pc:59004/
[rosmaster.master][INFO] 2012-12-14 17:42:50,996: +PUB [/rosout] /camera/depth/rectify_depth http://pc:36581/
[rosmaster.master][INFO] 2012-12-14 17:42:51,011: +SERVICE [/camera/depth/rectify_depth/get_loggers] /camera/depth/rectify_depth http://pc:36581/
[rosmaster.master][INFO] 2012-12-14 17:42:51,012: +PUB [/rosout] /camera/depth/metric_rect http://pc:42710/
[rosmaster.master][INFO] 2012-12-14 17:42:51,021: +SERVICE [/camera/depth/rectify_depth/set_logger_level] /camera/depth/rectify_depth http://pc:36581/
[rosmaster.master][INFO] 2012-12-14 17:42:51,025: +PUB [/rosout] /camera/depth/metric http://pc:48974/
[rosmaster.master][INFO] 2012-12-14 17:42:51,031: +SERVICE [/camera/depth/metric/get_loggers] /camera/depth/metric http://pc:48974/
[rosmaster.master][INFO] 2012-12-14 17:42:51,035: publisherUpdate[/rosout] -> http://pc:47480/
[rosmaster.master][INFO] 2012-12-14 17:42:51,038: publisherUpdate[/rosout] -> http://pc:47480/
[rosmaster.master][INFO] 2012-12-14 17:42:51,043: publisherUpdate[/rosout] -> http://pc:47480/
[rosmaster.master][INFO] 2012-12-14 17:42:51,044: +SERVICE [/camera/depth/metric/set_logger_level] /camera/depth/metric http://pc:48974/
[rosmaster.master][INFO] 2012-12-14 17:42:51,045: publisherUpdate[/rosout] -> http://pc:47480/
[rosmaster.master][INFO] 2012-12-14 17:42:51,047: publisherUpdate[/rosout] -> http://pc:47480/
[rosmaster.master][INFO] 2012-12-14 17:42:51,048: publisherUpdate[/rosout] -> http://pc:47480/
[rosmaster.master][INFO] 2012-12-14 17:42:51,051: publisherUpdate[/rosout] -> http://pc:47480/
[rosmaster.master][INFO] 2012-12-14 17:42:51,053: +PUB [/rosout] /camera/register_depth_rgb http://pc:39136/
[rosmaster.master][INFO] 2012-12-14 17:42:51,055: +PARAM [/camera/depth/rectify_depth] by /camera/depth/rectify_depth
[rosmaster.master][INFO] 2012-12-14 17:42:51,069: +PUB [/rosout] /camera/depth_registered/rectify_depth http://pc:54431/
[rosmaster.master][INFO] 2012-12-14 17:42:51,071: +SERVICE [/camera/register_depth_rgb/get_loggers] /camera/register_depth_rgb http://pc:39136/
[rosmaster.master][INFO] 2012-12-14 17:42:51,074: +SERVICE [/camera/depth_registered/rectify_depth/get_loggers] /camera/depth_registered/rectify_depth http://pc:54431/
[rosmaster.master][INFO] 2012-12-14 17:42:51,076: +SERVICE [/camera/register_depth_rgb/set_logger_level] /camera/register_depth_rgb http://pc:39136/
[rosmaster.master][INFO] 2012-12-14 17:42:51,078: +PUB [/rosout] /camera/depth_registered/metric_rect http://pc:53647/
[rosmaster.master][INFO] 2012-12-14 17:42:51,079: +PUB [/rosout] /camera/depth_registered/metric http://pc:44000/
[rosmaster.master][INFO] 2012-12-14 17:42:51,080: +SERVICE [/camera/depth_registered/rectify_depth/set_logger_level] /camera/depth_registered/rectify_depth http://pc:54431/
[rosmaster.master][INFO] 2012-12-14 17:42:51,095: +SERVICE [/camera/depth_registered/metric_rect/get_loggers] /camera/depth_registered/metric_rect http://pc:53647/
[rosmaster.master][INFO] 2012-12-14 17:42:51,096: +SERVICE [/camera/depth_registered/metric/get_loggers] /camera/depth_registered/metric http://pc:44000/
[rosmaster.master][INFO] 2012-12-14 17:42:51,107: +PUB [/rosout] /camera/points_xyzrgb_depth_rgb http://pc:36964/
[rosmaster.master][INFO] 2012-12-14 17:42:51,111: +SERVICE [/camera/depth_registered/metric_rect/set_logger_level] /camera/depth_registered/metric_rect http://pc:53647/
[rosmaster.master][INFO] 2012-12-14 17:42:51,114: +SERVICE [/camera/depth_registered/metric/set_logger_level] /camera/depth_registered/metric http://pc:44000/
[rosmaster.master][INFO] 2012-12-14 17:42:51,124: +PUB [/rosout] /camera/disparity_depth_registered http://pc:42683/
[rosmaster.master][INFO] 2012-12-14 17:42:51,128: +PARAM [/camera/depth_registered/rectify_depth] by /camera/depth_registered/rectify_depth
[rosmaster.master][INFO] 2012-12-14 17:42:51,133: +PUB [/rosout] /camera_base_link1 http://pc:52222/
[rosmaster.master][INFO] 2012-12-14 17:42:51,135: +SERVICE [/camera/disparity_depth_registered/get_loggers] /camera/disparity_depth_registered http://pc:42683/
[rosmaster.master][INFO] 2012-12-14 17:42:51,137: publisherUpdate[/rosout] -> http://pc:47480/
[rosmaster.master][INFO] 2012-12-14 17:42:51,144: publisherUpdate[/rosout] -> http://pc:47480/
[rosmaster.master][INFO] 2012-12-14 17:42:51,149: +SERVICE [/camera_base_link1/get_loggers] /camera_base_link1 http://pc:52222/
[rosmaster.master][INFO] 2012-12-14 17:42:51,150: +SERVICE [/camera/disparity_depth_registered/set_logger_level] /camera/disparity_depth_registered http://pc:42683/
[rosmaster.master][INFO] 2012-12-14 17:42:51,153: publisherUpdate[/rosout] -> http://pc:47480/
[rosmaster.master][INFO] 2012-12-14 17:42:51,155: publisherUpdate[/rosout] -> http://pc:47480/
[rosmaster.master][INFO] 2012-12-14 17:42:51,156: publisherUpdate[/rosout] -> http://pc:47480/
[rosmaster.master][INFO] 2012-12-14 17:42:51,157: publisherUpdate[/rosout] -> http://pc:47480/
[rosmaster.master][INFO] 2012-12-14 17:42:51,159: publisherUpdate[/rosout] -> http://pc:47480/
[rosmaster.master][INFO] 2012-12-14 17:42:51,163: +PUB [/rosout] /camera_base_link2 http://pc:34438/
[rosmaster.master][INFO] 2012-12-14 17:42:51,168: +PUB [/rosout] /camera_base_link3 http://pc:59336/
[rosmaster.master][INFO] 2012-12-14 17:42:51,170: +SERVICE [/camera_base_link2/get_loggers] /camera_base_link2 http://pc:34438/
[rosmaster.master][INFO] 2012-12-14 17:42:51,175: +SERVICE [/camera_base_link1/set_logger_level] /camera_base_link1 http://pc:52222/
[rosmaster.master][INFO] 2012-12-14 17:42:51,183: +SERVICE [/camera_base_link3/get_loggers] /camera_base_link3 http://pc:59336/
[rosmaster.master][INFO] 2012-12-14 17:42:51,186: +SERVICE [/camera_base_link2/set_logger_level] /camera_base_link2 http://pc:34438/
[rosmaster.master][INFO] 2012-12-14 17:42:51,195: +SERVICE [/camera_base_link3/set_logger_level] /camera_base_link3 http://pc:59336/
[rosmaster.master][INFO] 2012-12-14 17:42:51,201: +PUB [/tf] /camera_base_link1 http://pc:52222/
[rosmaster.master][INFO] 2012-12-14 17:42:51,206: +PUB [/tf] /camera_base_link2 http://pc:34438/
[rosmaster.master][INFO] 2012-12-14 17:42:51,215: +PUB [/tf] /camera_base_link3 http://pc:59336/
[rosmaster.master][INFO] 2012-12-14 17:42:51,238: publisherUpdate[/rosout] -> http://pc:47480/
[rosmaster.master][INFO] 2012-12-14 17:42:51,241: publisherUpdate[/rosout] -> http://pc:47480/
[rosmaster.master][INFO] 2012-12-14 17:42:51,253: +PUB [/rosout] /camera_nodelet_manager http://pc:54271/
[rosmaster.master][INFO] 2012-12-14 17:42:51,255: +SERVICE [/camera_nodelet_manager/get_loggers] /camera_nodelet_manager http://pc:54271/
[rosmaster.master][INFO] 2012-12-14 17:42:51,256: +SERVICE [/camera_nodelet_manager/set_logger_level] /camera_nodelet_manager http://pc:54271/
[rosmaster.master][INFO] 2012-12-14 17:42:51,261: publisherUpdate[/rosout] -> http://pc:47480/
[rosmaster.master][INFO] 2012-12-14 17:42:51,262: +SERVICE [/camera_nodelet_manager/load_nodelet] /camera_nodelet_manager http://pc:54271/
[rosmaster.master][INFO] 2012-12-14 17:42:51,278: +SERVICE [/camera_nodelet_manager/unload_nodelet] /camera_nodelet_manager http://pc:54271/
[rosmaster.master][INFO] 2012-12-14 17:42:51,298: +SERVICE [/camera_nodelet_manager/list] /camera_nodelet_manager http://pc:54271/
[rosmaster.master][INFO] 2012-12-14 17:42:51,548: +PUB [/rosout] /set_dr http://pc:59398/
[rosmaster.master][INFO] 2012-12-14 17:42:51,553: publisherUpdate[/rosout] -> http://pc:47480/
[rosmaster.master][INFO] 2012-12-14 17:42:51,563: +SUB [/tf] /camera_nodelet_manager http://pc:54271/
[rosmaster.master][INFO] 2012-12-14 17:42:51,565: +SERVICE [/camera_nodelet_manager/tf_frames] /camera_nodelet_manager http://pc:54271/
[rosmaster.master][INFO] 2012-12-14 17:42:51,796: +PUB [/camera/depth_registered/image_rect_raw/compressed] /camera_nodelet_manager http://pc:54271/
[rosmaster.master][INFO] 2012-12-14 17:42:51,798: +SERVICE [/camera/depth_registered/image_rect_raw/compressed/set_parameters] /camera_nodelet_manager http://pc:54271/
[rosmaster.master][INFO] 2012-12-14 17:42:51,799: +PUB [/camera/depth_registered/image_rect_raw/compressed/parameter_descriptions] /camera_nodelet_manager http://pc:54271/
[rosmaster.master][INFO] 2012-12-14 17:42:51,800: +PUB [/camera/depth_registered/image_rect_raw/compressed/parameter_updates] /camera_nodelet_manager http://pc:54271/
[rosmaster.master][INFO] 2012-12-14 17:42:51,804: +PARAM [/camera/depth_registered/image_rect_raw/compressed/format] by /camera_nodelet_manager
[rosmaster.master][INFO] 2012-12-14 17:42:51,805: +PARAM [/camera/depth_registered/image_rect_raw/compressed/jpeg_quality] by /camera_nodelet_manager
[rosmaster.master][INFO] 2012-12-14 17:42:51,806: +PARAM [/camera/depth_registered/image_rect_raw/compressed/png_level] by /camera_nodelet_manager
[rosmaster.master][INFO] 2012-12-14 17:42:51,808: +PUB [/camera/depth_registered/image_rect_raw] /camera_nodelet_manager http://pc:54271/
[rosmaster.master][INFO] 2012-12-14 17:42:51,815: +PUB [/camera/depth_registered/image_rect_raw/theora] /camera_nodelet_manager http://pc:54271/
[rosmaster.master][INFO] 2012-12-14 17:42:51,817: +SERVICE [/camera/depth_registered/image_rect_raw/theora/set_parameters] /camera_nodelet_manager http://pc:54271/
[rosmaster.master][INFO] 2012-12-14 17:42:51,820: +PUB [/camera/depth_registered/image_rect_raw/theora/parameter_descriptions] /camera_nodelet_manager http://pc:54271/
[rosmaster.master][INFO] 2012-12-14 17:42:51,822: +PUB [/camera/depth_registered/image_rect_raw/theora/parameter_updates] /camera_nodelet_manager http://pc:54271/
[rosmaster.master][INFO] 2012-12-14 17:42:51,832: +PARAM [/camera/depth_registered/image_rect_raw/theora/optimize_for] by /camera_nodelet_manager
[rosmaster.master][INFO] 2012-12-14 17:42:51,834: +PARAM [/camera/depth_registered/image_rect_raw/theora/target_bitrate] by /camera_nodelet_manager
[rosmaster.master][INFO] 2012-12-14 17:42:51,837: +PARAM [/camera/depth_registered/image_rect_raw/theora/quality] by /camera_nodelet_manager
[rosmaster.master][INFO] 2012-12-14 17:42:51,839: +PARAM [/camera/depth_registered/image_rect_raw/theora/keyframe_frequency] by /camera_nodelet_manager
[rosmaster.master][INFO] 2012-12-14 17:42:51,841: +PUB [/camera/depth_registered/camera_info] /camera_nodelet_manager http://pc:54271/
[rosmaster.master][INFO] 2012-12-14 17:42:51,939: +PUB [/rosout] /depth_detection http://pc:39572/
[rosmaster.master][INFO] 2012-12-14 17:42:51,943: publisherUpdate[/rosout] -> http://pc:47480/
[rosmaster.master][INFO] 2012-12-14 17:42:51,986: +SUB [/camera/depth_registered/image_rect] /depth_detection http://pc:39572/
[rosmaster.master][INFO] 2012-12-14 17:42:51,988: +SUB [/camera/rgb/image_rect_color] /depth_detection http://pc:39572/
[rosmaster.master][INFO] 2012-12-14 17:42:52,005: +PUB [/rosout] /camera/depth/points http://pc:33900/
[rosmaster.master][INFO] 2012-12-14 17:42:52,006: +SERVICE [/camera/depth/points/get_loggers] /camera/depth/points http://pc:33900/
[rosmaster.master][INFO] 2012-12-14 17:42:52,008: +SERVICE [/camera/depth/points/set_logger_level] /camera/depth/points http://pc:33900/
[rosmaster.master][INFO] 2012-12-14 17:42:52,046: publisherUpdate[/rosout] -> http://pc:47480/
[rosmaster.master][INFO] 2012-12-14 17:42:52,047: +SERVICE [/camera/depth/metric_rect/get_loggers] /camera/depth/metric_rect http://pc:42710/
[rosmaster.master][INFO] 2012-12-14 17:42:52,049: +SERVICE [/camera/depth/metric_rect/set_logger_level] /camera/depth/metric_rect http://pc:42710/
[rosmaster.master][INFO] 2012-12-14 17:42:52,129: +SERVICE [/camera/depth_registered/rectify_depth/set_parameters] /camera_nodelet_manager http://pc:54271/
[rosmaster.master][INFO] 2012-12-14 17:42:52,131: +PUB [/camera/depth_registered/rectify_depth/parameter_descriptions] /camera_nodelet_manager http://pc:54271/
[rosmaster.master][INFO] 2012-12-14 17:42:52,132: +PUB [/camera/depth_registered/rectify_depth/parameter_updates] /camera_nodelet_manager http://pc:54271/
[rosmaster.master][INFO] 2012-12-14 17:42:52,134: +PARAM [/camera/depth_registered/rectify_depth/interpolation] by /camera_nodelet_manager
[rosmaster.master][INFO] 2012-12-14 17:42:52,140: +PARAM [/camera/depth_registered/image_rect_raw/compressed/format] by /camera_nodelet_manager
[rosmaster.master][INFO] 2012-12-14 17:42:52,141: +PARAM [/camera/depth_registered/image_rect_raw/compressed/jpeg_quality] by /camera_nodelet_manager
[rosmaster.master][INFO] 2012-12-14 17:42:52,142: +PARAM [/camera/depth_registered/image_rect_raw/compressed/png_level] by /camera_nodelet_manager
[rosmaster.master][INFO] 2012-12-14 17:42:52,149: +PARAM [/camera/depth_registered/image_rect_raw/theora/optimize_for] by /camera_nodelet_manager
[rosmaster.master][INFO] 2012-12-14 17:42:52,150: +PARAM [/camera/depth_registered/image_rect_raw/theora/target_bitrate] by /camera_nodelet_manager
[rosmaster.master][INFO] 2012-12-14 17:42:52,151: +PARAM [/camera/depth_registered/image_rect_raw/theora/quality] by /camera_nodelet_manager
[rosmaster.master][INFO] 2012-12-14 17:42:52,152: +PARAM [/camera/depth_registered/image_rect_raw/theora/keyframe_frequency] by /camera_nodelet_manager
[rosmaster.master][INFO] 2012-12-14 17:42:52,457: +SERVICE [/camera/rgb/debayer/set_parameters] /camera_nodelet_manager http://pc:54271/
[rosmaster.master][INFO] 2012-12-14 17:42:52,459: +PUB [/camera/rgb/debayer/parameter_descriptions] /camera_nodelet_manager http://pc:54271/
[rosmaster.master][INFO] 2012-12-14 17:42:52,462: +PUB [/camera/rgb/debayer/parameter_updates] /camera_nodelet_manager http://pc:54271/
[rosmaster.master][INFO] 2012-12-14 17:42:52,467: +PARAM [/camera/rgb/debayer/debayer] by /camera_nodelet_manager
[rosmaster.master][INFO] 2012-12-14 17:42:52,470: +PUB [/camera/rgb/image_mono/compressed] /camera_nodelet_manager http://pc:54271/
[rosmaster.master][INFO] 2012-12-14 17:42:52,472: +SERVICE [/camera/rgb/image_mono/compressed/set_parameters] /camera_nodelet_manager http://pc:54271/
[rosmaster.master][INFO] 2012-12-14 17:42:52,474: +PUB [/camera/rgb/image_mono/compressed/parameter_descriptions] /camera_nodelet_manager http://pc:54271/
[rosmaster.master][INFO] 2012-12-14 17:42:52,476: +PUB [/camera/rgb/image_mono/compressed/parameter_updates] /camera_nodelet_manager http://pc:54271/
[rosmaster.master][INFO] 2012-12-14 17:42:52,484: +PARAM [/camera/rgb/image_mono/compressed/format] by /camera_nodelet_manager
[rosmaster.master][INFO] 2012-12-14 17:42:52,487: +PARAM [/camera/rgb/image_mono/compressed/jpeg_quality] by /camera_nodelet_manager
[rosmaster.master][INFO] 2012-12-14 17:42:52,489: +PARAM [/camera/rgb/image_mono/compressed/png_level] by /camera_nodelet_manager
[rosmaster.master][INFO] 2012-12-14 17:42:52,492: +PUB [/camera/rgb/image_mono] /camera_nodelet_manager http://pc:54271/
[rosmaster.master][INFO] 2012-12-14 17:42:52,495: +PUB [/camera/rgb/image_mono/theora] /camera_nodelet_manager http://pc:54271/
[rosmaster.master][INFO] 2012-12-14 17:42:52,497: +SERVICE [/camera/rgb/image_mono/theora/set_parameters] /camera_nodelet_manager http://pc:54271/
[rosmaster.master][INFO] 2012-12-14 17:42:52,499: +PUB [/camera/rgb/image_mono/theora/parameter_descriptions] /camera_nodelet_manager http://pc:54271/
[rosmaster.master][INFO] 2012-12-14 17:42:52,502: +PUB [/camera/rgb/image_mono/theora/parameter_updates] /camera_nodelet_manager http://pc:54271/
[rosmaster.master][INFO] 2012-12-14 17:42:52,512: +PARAM [/camera/rgb/image_mono/theora/optimize_for] by /camera_nodelet_manager
[rosmaster.master][INFO] 2012-12-14 17:42:52,515: +PARAM [/camera/rgb/image_mono/theora/target_bitrate] by /camera_nodelet_manager
[rosmaster.master][INFO] 2012-12-14 17:42:52,518: +PARAM [/camera/rgb/image_mono/theora/quality] by /camera_nodelet_manager
[rosmaster.master][INFO] 2012-12-14 17:42:52,521: +PARAM [/camera/rgb/image_mono/theora/keyframe_frequency] by /camera_nodelet_manager
[rosmaster.master][INFO] 2012-12-14 17:42:52,524: +PUB [/camera/rgb/image_color/compressed] /camera_nodelet_manager http://pc:54271/
[rosmaster.master][INFO] 2012-12-14 17:42:52,526: +SERVICE [/camera/rgb/image_color/compressed/set_parameters] /camera_nodelet_manager http://pc:54271/
[rosmaster.master][INFO] 2012-12-14 17:42:52,529: +PUB [/camera/rgb/image_color/compressed/parameter_descriptions] /camera_nodelet_manager http://pc:54271/
[rosmaster.master][INFO] 2012-12-14 17:42:52,531: +PUB [/camera/rgb/image_color/compressed/parameter_updates] /camera_nodelet_manager http://pc:54271/
[rosmaster.master][INFO] 2012-12-14 17:42:52,541: +PARAM [/camera/rgb/image_color/compressed/format] by /camera_nodelet_manager
[rosmaster.master][INFO] 2012-12-14 17:42:52,543: +PARAM [/camera/rgb/image_color/compressed/jpeg_quality] by /camera_nodelet_manager
[rosmaster.master][INFO] 2012-12-14 17:42:52,546: +PARAM [/camera/rgb/image_color/compressed/png_level] by /camera_nodelet_manager
[rosmaster.master][INFO] 2012-12-14 17:42:52,549: +PUB [/camera/rgb/image_color] /camera_nodelet_manager http://pc:54271/
[rosmaster.master][INFO] 2012-12-14 17:42:52,552: +PUB [/camera/rgb/image_color/theora] /camera_nodelet_manager http://pc:54271/
[rosmaster.master][INFO] 2012-12-14 17:42:52,554: +SERVICE [/camera/rgb/image_color/theora/set_parameters] /camera_nodelet_manager http://pc:54271/
[rosmaster.master][INFO] 2012-12-14 17:42:52,557: +PUB [/camera/rgb/image_color/theora/parameter_descriptions] /camera_nodelet_manager http://pc:54271/
[rosmaster.master][INFO] 2012-12-14 17:42:52,559: +PUB [/camera/rgb/image_color/theora/parameter_updates] /camera_nodelet_manager http://pc:54271/
[rosmaster.master][INFO] 2012-12-14 17:42:52,570: +PARAM [/camera/rgb/image_color/theora/optimize_for] by /camera_nodelet_manager
[rosmaster.master][INFO] 2012-12-14 17:42:52,573: +PARAM [/camera/rgb/image_color/theora/target_bitrate] by /camera_nodelet_manager
[rosmaster.master][INFO] 2012-12-14 17:42:52,575: +PARAM [/camera/rgb/image_color/theora/quality] by /camera_nodelet_manager
[rosmaster.master][INFO] 2012-12-14 17:42:52,577: +PARAM [/camera/rgb/image_color/theora/keyframe_frequency] by /camera_nodelet_manager
[rosmaster.master][INFO] 2012-12-14 17:42:52,865: +PUB [/camera/depth_registered/image_rect/compressed] /camera_nodelet_manager http://pc:54271/
[rosmaster.master][INFO] 2012-12-14 17:42:52,868: +SERVICE [/camera/depth_registered/image_rect/compressed/set_parameters] /camera_nodelet_manager http://pc:54271/
[rosmaster.master][INFO] 2012-12-14 17:42:52,870: +PUB [/camera/depth_registered/image_rect/compressed/parameter_descriptions] /camera_nodelet_manager http://pc:54271/
[rosmaster.master][INFO] 2012-12-14 17:42:52,872: +PUB [/camera/depth_registered/image_rect/compressed/parameter_updates] /camera_nodelet_manager http://pc:54271/
[rosmaster.master][INFO] 2012-12-14 17:42:52,879: +PARAM [/camera/depth_registered/image_rect/compressed/format] by /camera_nodelet_manager
[rosmaster.master][INFO] 2012-12-14 17:42:52,881: +PARAM [/camera/depth_registered/image_rect/compressed/jpeg_quality] by /camera_nodelet_manager
[rosmaster.master][INFO] 2012-12-14 17:42:52,883: +PARAM [/camera/depth_registered/image_rect/compressed/png_level] by /camera_nodelet_manager
[rosmaster.master][INFO] 2012-12-14 17:42:52,886: +PUB [/camera/depth_registered/image_rect] /camera_nodelet_manager http://pc:54271/
[rosmaster.master][INFO] 2012-12-14 17:42:52,888: +PUB [/camera/depth_registered/image_rect/theora] /camera_nodelet_manager http://pc:54271/
[rosmaster.master][INFO] 2012-12-14 17:42:52,891: +SERVICE [/camera/depth_registered/image_rect/theora/set_parameters] /camera_nodelet_manager http://pc:54271/
[rosmaster.master][INFO] 2012-12-14 17:42:52,893: +PUB [/camera/depth_registered/image_rect/theora/parameter_descriptions] /camera_nodelet_manager http://pc:54271/
[rosmaster.master][INFO] 2012-12-14 17:42:52,895: +PUB [/camera/depth_registered/image_rect/theora/parameter_updates] /camera_nodelet_manager http://pc:54271/
[rosmaster.master][INFO] 2012-12-14 17:42:52,905: +PARAM [/camera/depth_registered/image_rect/theora/optimize_for] by /camera_nodelet_manager
[rosmaster.master][INFO] 2012-12-14 17:42:52,907: +PARAM [/camera/depth_registered/image_rect/theora/target_bitrate] by /camera_nodelet_manager
[rosmaster.master][INFO] 2012-12-14 17:42:52,909: +PARAM [/camera/depth_registered/image_rect/theora/quality] by /camera_nodelet_manager
[rosmaster.master][INFO] 2012-12-14 17:42:52,911: +PARAM [/camera/depth_registered/image_rect/theora/keyframe_frequency] by /camera_nodelet_manager
[rosmaster.master][INFO] 2012-12-14 17:42:52,951: publisherUpdate[/camera/depth_registered/image_rect] -> http://pc:39572/
[rosmaster.master][INFO] 2012-12-14 17:42:53,005: +SUB [/camera/depth_registered/image_rect_raw] /camera_nodelet_manager http://pc:54271/
[rosmaster.master][INFO] 2012-12-14 17:42:53,010: +SUB [/camera/depth/image_rect_raw] /camera_nodelet_manager http://pc:54271/
[rosmaster.master][INFO] 2012-12-14 17:42:53,011: +SUB [/camera/depth/camera_info] /camera_nodelet_manager http://pc:54271/
[rosmaster.master][INFO] 2012-12-14 17:42:53,014: +SUB [/camera/depth_registered/image_raw] /camera_nodelet_manager http://pc:54271/
[rosmaster.master][INFO] 2012-12-14 17:42:53,015: +SUB [/camera/rgb/camera_info] /camera_nodelet_manager http://pc:54271/
[rosmaster.master][INFO] 2012-12-14 17:42:53,016: +SUB [/camera/depth_registered/camera_info] /camera_nodelet_manager http://pc:54271/
[rosmaster.master][INFO] 2012-12-14 17:42:53,172: +SERVICE [/camera/ir/rectify_ir/set_parameters] /camera_nodelet_manager http://pc:54271/
[rosmaster.master][INFO] 2012-12-14 17:42:53,175: +PUB [/camera/ir/rectify_ir/parameter_descriptions] /camera_nodelet_manager http://pc:54271/
[rosmaster.master][INFO] 2012-12-14 17:42:53,177: +PUB [/camera/ir/rectify_ir/parameter_updates] /camera_nodelet_manager http://pc:54271/
[rosmaster.master][INFO] 2012-12-14 17:42:53,181: +PARAM [/camera/ir/rectify_ir/interpolation] by /camera_nodelet_manager
[rosmaster.master][INFO] 2012-12-14 17:42:53,184: +PUB [/camera/ir/image_rect/compressed] /camera_nodelet_manager http://pc:54271/
[rosmaster.master][INFO] 2012-12-14 17:42:53,187: +SERVICE [/camera/ir/image_rect/compressed/set_parameters] /camera_nodelet_manager http://pc:54271/
[rosmaster.master][INFO] 2012-12-14 17:42:53,189: +PUB [/camera/ir/image_rect/compressed/parameter_descriptions] /camera_nodelet_manager http://pc:54271/
[rosmaster.master][INFO] 2012-12-14 17:42:53,192: +PUB [/camera/ir/image_rect/compressed/parameter_updates] /camera_nodelet_manager http://pc:54271/
[rosmaster.master][INFO] 2012-12-14 17:42:53,199: +PARAM [/camera/ir/image_rect/compressed/format] by /camera_nodelet_manager
[rosmaster.master][INFO] 2012-12-14 17:42:53,201: +PARAM [/camera/ir/image_rect/compressed/jpeg_quality] by /camera_nodelet_manager
[rosmaster.master][INFO] 2012-12-14 17:42:53,204: +PARAM [/camera/ir/image_rect/compressed/png_level] by /camera_nodelet_manager
[rosmaster.master][INFO] 2012-12-14 17:42:53,206: +PUB [/camera/ir/image_rect] /camera_nodelet_manager http://pc:54271/
[rosmaster.master][INFO] 2012-12-14 17:42:53,209: +PUB [/camera/ir/image_rect/theora] /camera_nodelet_manager http://pc:54271/
[rosmaster.master][INFO] 2012-12-14 17:42:53,211: +SERVICE [/camera/ir/image_rect/theora/set_parameters] /camera_nodelet_manager http://pc:54271/
[rosmaster.master][INFO] 2012-12-14 17:42:53,214: +PUB [/camera/ir/image_rect/theora/parameter_descriptions] /camera_nodelet_manager http://pc:54271/
[rosmaster.master][INFO] 2012-12-14 17:42:53,217: +PUB [/camera/ir/image_rect/theora/parameter_updates] /camera_nodelet_manager http://pc:54271/
[rosmaster.master][INFO] 2012-12-14 17:42:53,227: +PARAM [/camera/ir/image_rect/theora/optimize_for] by /camera_nodelet_manager
[rosmaster.master][INFO] 2012-12-14 17:42:53,229: +PARAM [/camera/ir/image_rect/theora/target_bitrate] by /camera_nodelet_manager
[rosmaster.master][INFO] 2012-12-14 17:42:53,231: +PARAM [/camera/ir/image_rect/theora/quality] by /camera_nodelet_manager
[rosmaster.master][INFO] 2012-12-14 17:42:53,233: +PARAM [/camera/ir/image_rect/theora/keyframe_frequency] by /camera_nodelet_manager
[rosmaster.master][INFO] 2012-12-14 17:42:53,497: +SERVICE [/camera/rgb/rectify_mono/set_parameters] /camera_nodelet_manager http://pc:54271/
[rosmaster.master][INFO] 2012-12-14 17:42:53,500: +PUB [/camera/rgb/rectify_mono/parameter_descriptions] /camera_nodelet_manager http://pc:54271/
[rosmaster.master][INFO] 2012-12-14 17:42:53,502: +PUB [/camera/rgb/rectify_mono/parameter_updates] /camera_nodelet_manager http://pc:54271/
[rosmaster.master][INFO] 2012-12-14 17:42:53,505: +PARAM [/camera/rgb/rectify_mono/interpolation] by /camera_nodelet_manager
[rosmaster.master][INFO] 2012-12-14 17:42:53,508: +PUB [/camera/rgb/image_rect/compressed] /camera_nodelet_manager http://pc:54271/
[rosmaster.master][INFO] 2012-12-14 17:42:53,510: +SERVICE [/camera/rgb/image_rect/compressed/set_parameters] /camera_nodelet_manager http://pc:54271/
[rosmaster.master][INFO] 2012-12-14 17:42:53,512: +PUB [/camera/rgb/image_rect/compressed/parameter_descriptions] /camera_nodelet_manager http://pc:54271/
[rosmaster.master][INFO] 2012-12-14 17:42:53,515: +PUB [/camera/rgb/image_rect/compressed/parameter_updates] /camera_nodelet_manager http://pc:54271/
[rosmaster.master][INFO] 2012-12-14 17:42:53,522: +PARAM [/camera/rgb/image_rect/compressed/format] by /camera_nodelet_manager
[rosmaster.master][INFO] 2012-12-14 17:42:53,524: +PARAM [/camera/rgb/image_rect/compressed/jpeg_quality] by /camera_nodelet_manager
[rosmaster.master][INFO] 2012-12-14 17:42:53,527: +PARAM [/camera/rgb/image_rect/compressed/png_level] by /camera_nodelet_manager
[rosmaster.master][INFO] 2012-12-14 17:42:53,529: +PUB [/camera/rgb/image_rect] /camera_nodelet_manager http://pc:54271/
[rosmaster.master][INFO] 2012-12-14 17:42:53,532: +PUB [/camera/rgb/image_rect/theora] /camera_nodelet_manager http://pc:54271/
[rosmaster.master][INFO] 2012-12-14 17:42:53,534: +SERVICE [/camera/rgb/image_rect/theora/set_parameters] /camera_nodelet_manager http://pc:54271/
[rosmaster.master][INFO] 2012-12-14 17:42:53,536: +PUB [/camera/rgb/image_rect/theora/parameter_descriptions] /camera_nodelet_manager http://pc:54271/
[rosmaster.master][INFO] 2012-12-14 17:42:53,538: +PUB [/camera/rgb/image_rect/theora/parameter_updates] /camera_nodelet_manager http://pc:54271/
[rosmaster.master][INFO] 2012-12-14 17:42:53,549: +PARAM [/camera/rgb/image_rect/theora/optimize_for] by /camera_nodelet_manager
[rosmaster.master][INFO] 2012-12-14 17:42:53,551: +PARAM [/camera/rgb/image_rect/theora/target_bitrate] by /camera_nodelet_manager
[rosmaster.master][INFO] 2012-12-14 17:42:53,553: +PARAM [/camera/rgb/image_rect/theora/quality] by /camera_nodelet_manager
[rosmaster.master][INFO] 2012-12-14 17:42:53,556: +PARAM [/camera/rgb/image_rect/theora/keyframe_frequency] by /camera_nodelet_manager
[rosmaster.master][INFO] 2012-12-14 17:42:53,822: +PUB [/camera/depth/points] /camera_nodelet_manager http://pc:54271/
[rosmaster.master][INFO] 2012-12-14 17:42:54,080: +PUB [/camera/depth/image_rect/compressed] /camera_nodelet_manager http://pc:54271/
[rosmaster.master][INFO] 2012-12-14 17:42:54,082: +SERVICE [/camera/depth/image_rect/compressed/set_parameters] /camera_nodelet_manager http://pc:54271/
[rosmaster.master][INFO] 2012-12-14 17:42:54,084: +PUB [/camera/depth/image_rect/compressed/parameter_descriptions] /camera_nodelet_manager http://pc:54271/
[rosmaster.master][INFO] 2012-12-14 17:42:54,087: +PUB [/camera/depth/image_rect/compressed/parameter_updates] /camera_nodelet_manager http://pc:54271/
[rosmaster.master][INFO] 2012-12-14 17:42:54,098: +PARAM [/camera/depth/image_rect/compressed/format] by /camera_nodelet_manager
[rosmaster.master][INFO] 2012-12-14 17:42:54,100: +PUB [/rosout] /camera/disparity_depth http://pc:59864/
[rosmaster.master][INFO] 2012-12-14 17:42:54,102: +PARAM [/camera/depth/image_rect/compressed/jpeg_quality] by /camera_nodelet_manager
[rosmaster.master][INFO] 2012-12-14 17:42:54,105: +SERVICE [/camera/disparity_depth/get_loggers] /camera/disparity_depth http://pc:59864/
[rosmaster.master][INFO] 2012-12-14 17:42:54,107: +PARAM [/camera/depth/image_rect/compressed/png_level] by /camera_nodelet_manager
[rosmaster.master][INFO] 2012-12-14 17:42:54,109: +SERVICE [/camera/disparity_depth/set_logger_level] /camera/disparity_depth http://pc:59864/
[rosmaster.master][INFO] 2012-12-14 17:42:54,111: +PUB [/camera/depth/image_rect] /camera_nodelet_manager http://pc:54271/
[rosmaster.master][INFO] 2012-12-14 17:42:54,114: +SERVICE [/camera/points_xyzrgb_depth_rgb/get_loggers] /camera/points_xyzrgb_depth_rgb http://pc:36964/
[rosmaster.master][INFO] 2012-12-14 17:42:54,120: +PUB [/camera/depth/image_rect/theora] /camera_nodelet_manager http://pc:54271/
[rosmaster.master][INFO] 2012-12-14 17:42:54,123: +SERVICE [/camera/points_xyzrgb_depth_rgb/set_logger_level] /camera/points_xyzrgb_depth_rgb http://pc:36964/
[rosmaster.master][INFO] 2012-12-14 17:42:54,127: +PUB [/rosout] /camera_base_link http://pc:59044/
[rosmaster.master][INFO] 2012-12-14 17:42:54,129: +SERVICE [/camera/depth/image_rect/theora/set_parameters] /camera_nodelet_manager http://pc:54271/
[rosmaster.master][INFO] 2012-12-14 17:42:54,133: +PARAM [/camera/disparity_depth] by /camera/disparity_depth
[rosmaster.master][INFO] 2012-12-14 17:42:54,137: +SERVICE [/camera_base_link/get_loggers] /camera_base_link http://pc:59044/
[rosmaster.master][INFO] 2012-12-14 17:42:54,139: +PUB [/camera/depth/image_rect/theora/parameter_descriptions] /camera_nodelet_manager http://pc:54271/
[rosmaster.master][INFO] 2012-12-14 17:42:54,145: +PUB [/camera/depth/image_rect/theora/parameter_updates] /camera_nodelet_manager http://pc:54271/
[rosmaster.master][INFO] 2012-12-14 17:42:54,149: +SERVICE [/camera_base_link/set_logger_level] /camera_base_link http://pc:59044/
[rosmaster.master][INFO] 2012-12-14 17:42:54,155: publisherUpdate[/rosout] -> http://pc:47480/
[rosmaster.master][INFO] 2012-12-14 17:42:54,160: publisherUpdate[/rosout] -> http://pc:47480/
[rosmaster.master][INFO] 2012-12-14 17:42:54,176: +PUB [/tf] /camera_base_link http://pc:59044/
[rosmaster.master][INFO] 2012-12-14 17:42:54,182: +PARAM [/camera/disparity_depth_registered] by /camera/disparity_depth_registered
[rosmaster.master][INFO] 2012-12-14 17:42:54,184: +PARAM [/camera/depth/image_rect/theora/optimize_for] by /camera_nodelet_manager
[rosmaster.master][INFO] 2012-12-14 17:42:54,191: +PARAM [/camera/depth/image_rect/theora/target_bitrate] by /camera_nodelet_manager
[rosmaster.master][INFO] 2012-12-14 17:42:54,195: +PARAM [/camera/depth/image_rect/theora/quality] by /camera_nodelet_manager
[rosmaster.master][INFO] 2012-12-14 17:42:54,198: +PARAM [/camera/depth/image_rect/theora/keyframe_frequency] by /camera_nodelet_manager
[rosmaster.master][INFO] 2012-12-14 17:42:54,260: publisherUpdate[/tf] -> http://pc:54271/
[rosmaster.master][INFO] 2012-12-14 17:42:54,461: +SERVICE [/camera/rgb/rectify_color/set_parameters] /camera_nodelet_manager http://pc:54271/
[rosmaster.master][INFO] 2012-12-14 17:42:54,463: +PUB [/camera/rgb/rectify_color/parameter_descriptions] /camera_nodelet_manager http://pc:54271/
[rosmaster.master][INFO] 2012-12-14 17:42:54,466: +PUB [/camera/rgb/rectify_color/parameter_updates] /camera_nodelet_manager http://pc:54271/
[rosmaster.master][INFO] 2012-12-14 17:42:54,470: +PARAM [/camera/rgb/rectify_color/interpolation] by /camera_nodelet_manager
[rosmaster.master][INFO] 2012-12-14 17:42:54,473: +PUB [/camera/rgb/image_rect_color/compressed] /camera_nodelet_manager http://pc:54271/
[rosmaster.master][INFO] 2012-12-14 17:42:54,475: +SERVICE [/camera/rgb/image_rect_color/compressed/set_parameters] /camera_nodelet_manager http://pc:54271/
[rosmaster.master][INFO] 2012-12-14 17:42:54,477: +PUB [/camera/rgb/image_rect_color/compressed/parameter_descriptions] /camera_nodelet_manager http://pc:54271/
[rosmaster.master][INFO] 2012-12-14 17:42:54,480: +PUB [/camera/rgb/image_rect_color/compressed/parameter_updates] /camera_nodelet_manager http://pc:54271/
[rosmaster.master][INFO] 2012-12-14 17:42:54,488: +PARAM [/camera/rgb/image_rect_color/compressed/format] by /camera_nodelet_manager
[rosmaster.master][INFO] 2012-12-14 17:42:54,490: +PARAM [/camera/rgb/image_rect_color/compressed/jpeg_quality] by /camera_nodelet_manager
[rosmaster.master][INFO] 2012-12-14 17:42:54,492: +PARAM [/camera/rgb/image_rect_color/compressed/png_level] by /camera_nodelet_manager
[rosmaster.master][INFO] 2012-12-14 17:42:54,495: +PUB [/camera/rgb/image_rect_color] /camera_nodelet_manager http://pc:54271/
[rosmaster.master][INFO] 2012-12-14 17:42:54,498: +PUB [/camera/rgb/image_rect_color/theora] /camera_nodelet_manager http://pc:54271/
[rosmaster.master][INFO] 2012-12-14 17:42:54,500: +SERVICE [/camera/rgb/image_rect_color/theora/set_parameters] /camera_nodelet_manager http://pc:54271/
[rosmaster.master][INFO] 2012-12-14 17:42:54,502: +PUB [/camera/rgb/image_rect_color/theora/parameter_descriptions] /camera_nodelet_manager http://pc:54271/
[rosmaster.master][INFO] 2012-12-14 17:42:54,505: +PUB [/camera/rgb/image_rect_color/theora/parameter_updates] /camera_nodelet_manager http://pc:54271/
[rosmaster.master][INFO] 2012-12-14 17:42:54,515: +PARAM [/camera/rgb/image_rect_color/theora/optimize_for] by /camera_nodelet_manager
[rosmaster.master][INFO] 2012-12-14 17:42:54,518: +PARAM [/camera/rgb/image_rect_color/theora/target_bitrate] by /camera_nodelet_manager
[rosmaster.master][INFO] 2012-12-14 17:42:54,520: +PARAM [/camera/rgb/image_rect_color/theora/quality] by /camera_nodelet_manager
[rosmaster.master][INFO] 2012-12-14 17:42:54,522: +PARAM [/camera/rgb/image_rect_color/theora/keyframe_frequency] by /camera_nodelet_manager
[rosmaster.master][INFO] 2012-12-14 17:42:54,562: publisherUpdate[/camera/rgb/image_rect_color] -> http://pc:39572/
[rosmaster.master][INFO] 2012-12-14 17:42:54,570: +SUB [/camera/rgb/image_color] /camera_nodelet_manager http://pc:54271/
[rosmaster.master][INFO] 2012-12-14 17:42:54,572: +SUB [/camera/rgb/image_raw] /camera_nodelet_manager http://pc:54271/
[rosmaster.master][INFO] 2012-12-14 17:42:54,788: +PUB [/camera/depth/image/compressed] /camera_nodelet_manager http://pc:54271/
[rosmaster.master][INFO] 2012-12-14 17:42:54,790: +SERVICE [/camera/depth/image/compressed/set_parameters] /camera_nodelet_manager http://pc:54271/
[rosmaster.master][INFO] 2012-12-14 17:42:54,792: +PUB [/camera/depth/image/compressed/parameter_descriptions] /camera_nodelet_manager http://pc:54271/
[rosmaster.master][INFO] 2012-12-14 17:42:54,795: +PUB [/camera/depth/image/compressed/parameter_updates] /camera_nodelet_manager http://pc:54271/
[rosmaster.master][INFO] 2012-12-14 17:42:54,803: +PARAM [/camera/depth/image/compressed/format] by /camera_nodelet_manager
[rosmaster.master][INFO] 2012-12-14 17:42:54,805: +PARAM [/camera/depth/image/compressed/jpeg_quality] by /camera_nodelet_manager
[rosmaster.master][INFO] 2012-12-14 17:42:54,807: +PARAM [/camera/depth/image/compressed/png_level] by /camera_nodelet_manager
[rosmaster.master][INFO] 2012-12-14 17:42:54,809: +PUB [/camera/depth/image] /camera_nodelet_manager http://pc:54271/
[rosmaster.master][INFO] 2012-12-14 17:42:54,812: +PUB [/camera/depth/image/theora] /camera_nodelet_manager http://pc:54271/
[rosmaster.master][INFO] 2012-12-14 17:42:54,815: +SERVICE [/camera/depth/image/theora/set_parameters] /camera_nodelet_manager http://pc:54271/
[rosmaster.master][INFO] 2012-12-14 17:42:54,817: +PUB [/camera/depth/image/theora/parameter_descriptions] /camera_nodelet_manager http://pc:54271/
[rosmaster.master][INFO] 2012-12-14 17:42:54,819: +PUB [/camera/depth/image/theora/parameter_updates] /camera_nodelet_manager http://pc:54271/
[rosmaster.master][INFO] 2012-12-14 17:42:54,829: +PARAM [/camera/depth/image/theora/optimize_for] by /camera_nodelet_manager
[rosmaster.master][INFO] 2012-12-14 17:42:54,831: +PARAM [/camera/depth/image/theora/target_bitrate] by /camera_nodelet_manager
[rosmaster.master][INFO] 2012-12-14 17:42:54,833: +PARAM [/camera/depth/image/theora/quality] by /camera_nodelet_manager
[rosmaster.master][INFO] 2012-12-14 17:42:54,835: +PARAM [/camera/depth/image/theora/keyframe_frequency] by /camera_nodelet_manager
[rosmaster.master][INFO] 2012-12-14 17:42:55,098: +SERVICE [/camera/depth/rectify_depth/set_parameters] /camera_nodelet_manager http://pc:54271/
[rosmaster.master][INFO] 2012-12-14 17:42:55,101: +PUB [/camera/depth/rectify_depth/parameter_descriptions] /camera_nodelet_manager http://pc:54271/
[rosmaster.master][INFO] 2012-12-14 17:42:55,103: +PUB [/camera/depth/rectify_depth/parameter_updates] /camera_nodelet_manager http://pc:54271/
[rosmaster.master][INFO] 2012-12-14 17:42:55,106: +PARAM [/camera/depth/rectify_depth/interpolation] by /camera_nodelet_manager
[rosmaster.master][INFO] 2012-12-14 17:42:55,109: +PUB [/camera/depth/image_rect_raw/compressed] /camera_nodelet_manager http://pc:54271/
[rosmaster.master][INFO] 2012-12-14 17:42:55,111: +SERVICE [/camera/depth/image_rect_raw/compressed/set_parameters] /camera_nodelet_manager http://pc:54271/
[rosmaster.master][INFO] 2012-12-14 17:42:55,114: +PUB [/camera/depth/image_rect_raw/compressed/parameter_descriptions] /camera_nodelet_manager http://pc:54271/
[rosmaster.master][INFO] 2012-12-14 17:42:55,116: +PUB [/camera/depth/image_rect_raw/compressed/parameter_updates] /camera_nodelet_manager http://pc:54271/
[rosmaster.master][INFO] 2012-12-14 17:42:55,124: +PARAM [/camera/depth/image_rect_raw/compressed/format] by /camera_nodelet_manager
[rosmaster.master][INFO] 2012-12-14 17:42:55,126: +PARAM [/camera/depth/image_rect_raw/compressed/jpeg_quality] by /camera_nodelet_manager
[rosmaster.master][INFO] 2012-12-14 17:42:55,128: +PARAM [/camera/depth/image_rect_raw/compressed/png_level] by /camera_nodelet_manager
[rosmaster.master][INFO] 2012-12-14 17:42:55,131: +PUB [/camera/depth/image_rect_raw] /camera_nodelet_manager http://pc:54271/
[rosmaster.master][INFO] 2012-12-14 17:42:55,133: +PUB [/camera/depth/image_rect_raw/theora] /camera_nodelet_manager http://pc:54271/
[rosmaster.master][INFO] 2012-12-14 17:42:55,135: +SERVICE [/camera/depth/image_rect_raw/theora/set_parameters] /camera_nodelet_manager http://pc:54271/
[rosmaster.master][INFO] 2012-12-14 17:42:55,137: +PUB [/camera/depth/image_rect_raw/theora/parameter_descriptions] /camera_nodelet_manager http://pc:54271/
[rosmaster.master][INFO] 2012-12-14 17:42:55,140: +PUB [/camera/depth/image_rect_raw/theora/parameter_updates] /camera_nodelet_manager http://pc:54271/
[rosmaster.master][INFO] 2012-12-14 17:42:55,149: +PARAM [/camera/depth/image_rect_raw/theora/optimize_for] by /camera_nodelet_manager
[rosmaster.master][INFO] 2012-12-14 17:42:55,151: +PARAM [/camera/depth/image_rect_raw/theora/target_bitrate] by /camera_nodelet_manager
[rosmaster.master][INFO] 2012-12-14 17:42:55,153: +PARAM [/camera/depth/image_rect_raw/theora/quality] by /camera_nodelet_manager
[rosmaster.master][INFO] 2012-12-14 17:42:55,155: +PARAM [/camera/depth/image_rect_raw/theora/keyframe_frequency] by /camera_nodelet_manager
[rosmaster.master][INFO] 2012-12-14 17:42:55,165: publisherUpdate[/camera/depth/image_rect_raw] -> http://pc:54271/
[rosmaster.master][INFO] 2012-12-14 17:42:55,175: +SUB [/camera/depth/image_raw] /camera_nodelet_manager http://pc:54271/
[rosmaster.master][INFO] 2012-12-14 17:42:55,938: +PUB [/camera/depth/disparity] /camera_nodelet_manager http://pc:54271/
[rosmaster.master][INFO] 2012-12-14 17:42:57,230: +PUB [/camera/depth_registered/points] /camera_nodelet_manager http://pc:54271/
[rosmaster.master][INFO] 2012-12-14 17:42:57,885: +PUB [/camera/depth_registered/image/compressed] /camera_nodelet_manager http://pc:54271/
[rosmaster.master][INFO] 2012-12-14 17:42:57,887: +SERVICE [/camera/depth_registered/image/compressed/set_parameters] /camera_nodelet_manager http://pc:54271/
[rosmaster.master][INFO] 2012-12-14 17:42:57,889: +PUB [/camera/depth_registered/image/compressed/parameter_descriptions] /camera_nodelet_manager http://pc:54271/
[rosmaster.master][INFO] 2012-12-14 17:42:57,892: +PUB [/camera/depth_registered/image/compressed/parameter_updates] /camera_nodelet_manager http://pc:54271/
[rosmaster.master][INFO] 2012-12-14 17:42:57,898: +PARAM [/camera/depth_registered/image/compressed/format] by /camera_nodelet_manager
[rosmaster.master][INFO] 2012-12-14 17:42:57,899: +PARAM [/camera/depth_registered/image/compressed/jpeg_quality] by /camera_nodelet_manager
[rosmaster.master][INFO] 2012-12-14 17:42:57,900: +PARAM [/camera/depth_registered/image/compressed/png_level] by /camera_nodelet_manager
[rosmaster.master][INFO] 2012-12-14 17:42:57,901: +PUB [/camera/depth_registered/image] /camera_nodelet_manager http://pc:54271/
[rosmaster.master][INFO] 2012-12-14 17:42:57,902: +PUB [/camera/depth_registered/image/theora] /camera_nodelet_manager http://pc:54271/
[rosmaster.master][INFO] 2012-12-14 17:42:57,903: +SERVICE [/camera/depth_registered/image/theora/set_parameters] /camera_nodelet_manager http://pc:54271/
[rosmaster.master][INFO] 2012-12-14 17:42:57,904: +PUB [/camera/depth_registered/image/theora/parameter_descriptions] /camera_nodelet_manager http://pc:54271/
[rosmaster.master][INFO] 2012-12-14 17:42:57,905: +PUB [/camera/depth_registered/image/theora/parameter_updates] /camera_nodelet_manager http://pc:54271/
[rosmaster.master][INFO] 2012-12-14 17:42:57,908: +PARAM [/camera/depth_registered/image/theora/optimize_for] by /camera_nodelet_manager
[rosmaster.master][INFO] 2012-12-14 17:42:57,909: +PARAM [/camera/depth_registered/image/theora/target_bitrate] by /camera_nodelet_manager
[rosmaster.master][INFO] 2012-12-14 17:42:57,910: +PARAM [/camera/depth_registered/image/theora/quality] by /camera_nodelet_manager
[rosmaster.master][INFO] 2012-12-14 17:42:57,911: +PARAM [/camera/depth_registered/image/theora/keyframe_frequency] by /camera_nodelet_manager
[rosmaster.master][INFO] 2012-12-14 17:42:58,371: +PUB [/camera/depth_registered/disparity] /camera_nodelet_manager http://pc:54271/
[rosmaster.master][INFO] 2012-12-14 17:42:59,988: +SERVICE [/camera/driver/set_parameters] /camera_nodelet_manager http://pc:54271/
[rosmaster.master][INFO] 2012-12-14 17:42:59,990: +PUB [/camera/driver/parameter_descriptions] /camera_nodelet_manager http://pc:54271/
[rosmaster.master][INFO] 2012-12-14 17:42:59,993: +PUB [/camera/driver/parameter_updates] /camera_nodelet_manager http://pc:54271/
[rosmaster.master][INFO] 2012-12-14 17:43:00,013: +PARAM [/camera/driver/image_mode] by /camera_nodelet_manager
[rosmaster.master][INFO] 2012-12-14 17:43:00,016: +PARAM [/camera/driver/depth_mode] by /camera_nodelet_manager
[rosmaster.master][INFO] 2012-12-14 17:43:00,019: +PARAM [/camera/driver/depth_registration] by /camera_nodelet_manager
[rosmaster.master][INFO] 2012-12-14 17:43:00,022: +PARAM [/camera/driver/data_skip] by /camera_nodelet_manager
[rosmaster.master][INFO] 2012-12-14 17:43:00,025: +PARAM [/camera/driver/depth_time_offset] by /camera_nodelet_manager
[rosmaster.master][INFO] 2012-12-14 17:43:00,028: +PARAM [/camera/driver/image_time_offset] by /camera_nodelet_manager
[rosmaster.master][INFO] 2012-12-14 17:43:00,031: +PARAM [/camera/driver/depth_ir_offset_x] by /camera_nodelet_manager
[rosmaster.master][INFO] 2012-12-14 17:43:00,033: +PARAM [/camera/driver/depth_ir_offset_y] by /camera_nodelet_manager
[rosmaster.master][INFO] 2012-12-14 17:43:00,035: +PARAM [/camera/driver/z_offset_mm] by /camera_nodelet_manager
[rosmaster.master][INFO] 2012-12-14 17:43:00,043: +SUB [/camera/driver/parameter_updates] /set_dr http://pc:59398/
[rosmaster.master][INFO] 2012-12-14 17:43:00,048: +SUB [/camera/driver/parameter_descriptions] /set_dr http://pc:59398/
[rosmaster.master][INFO] 2012-12-14 17:43:00,061: +SERVICE [/camera/rgb/set_camera_info] /camera_nodelet_manager http://pc:54271/
[rosmaster.master][INFO] 2012-12-14 17:43:00,066: +SERVICE [/camera/ir/set_camera_info] /camera_nodelet_manager http://pc:54271/
[rosmaster.master][INFO] 2012-12-14 17:43:00,070: +PUB [/camera/rgb/image_raw/compressed] /camera_nodelet_manager http://pc:54271/
[rosmaster.master][INFO] 2012-12-14 17:43:00,075: +SERVICE [/camera/rgb/image_raw/compressed/set_parameters] /camera_nodelet_manager http://pc:54271/
[rosmaster.master][INFO] 2012-12-14 17:43:00,080: +PUB [/camera/rgb/image_raw/compressed/parameter_descriptions] /camera_nodelet_manager http://pc:54271/
[rosmaster.master][INFO] 2012-12-14 17:43:00,085: +PUB [/camera/rgb/image_raw/compressed/parameter_updates] /camera_nodelet_manager http://pc:54271/
[rosmaster.master][INFO] 2012-12-14 17:43:00,095: +PARAM [/camera/rgb/image_raw/compressed/format] by /camera_nodelet_manager
[rosmaster.master][INFO] 2012-12-14 17:43:00,098: +PARAM [/camera/rgb/image_raw/compressed/jpeg_quality] by /camera_nodelet_manager
[rosmaster.master][INFO] 2012-12-14 17:43:00,100: +PARAM [/camera/rgb/image_raw/compressed/png_level] by /camera_nodelet_manager
[rosmaster.master][INFO] 2012-12-14 17:43:00,103: +PUB [/camera/rgb/image_raw] /camera_nodelet_manager http://pc:54271/
[rosmaster.master][INFO] 2012-12-14 17:43:00,105: +PUB [/camera/rgb/image_raw/theora] /camera_nodelet_manager http://pc:54271/
[rosmaster.master][INFO] 2012-12-14 17:43:00,108: +SERVICE [/camera/rgb/image_raw/theora/set_parameters] /camera_nodelet_manager http://pc:54271/
[rosmaster.master][INFO] 2012-12-14 17:43:00,110: +PUB [/camera/rgb/image_raw/theora/parameter_descriptions] /camera_nodelet_manager http://pc:54271/
[rosmaster.master][INFO] 2012-12-14 17:43:00,112: +PUB [/camera/rgb/image_raw/theora/parameter_updates] /camera_nodelet_manager http://pc:54271/
[rosmaster.master][INFO] 2012-12-14 17:43:00,123: +PARAM [/camera/rgb/image_raw/theora/optimize_for] by /camera_nodelet_manager
[rosmaster.master][INFO] 2012-12-14 17:43:00,126: +PARAM [/camera/rgb/image_raw/theora/target_bitrate] by /camera_nodelet_manager
[rosmaster.master][INFO] 2012-12-14 17:43:00,129: +PARAM [/camera/rgb/image_raw/theora/quality] by /camera_nodelet_manager
[rosmaster.master][INFO] 2012-12-14 17:43:00,131: +PARAM [/camera/rgb/image_raw/theora/keyframe_frequency] by /camera_nodelet_manager
[rosmaster.master][INFO] 2012-12-14 17:43:00,132: +PUB [/camera/rgb/camera_info] /camera_nodelet_manager http://pc:54271/
[rosmaster.master][INFO] 2012-12-14 17:43:00,134: +PARAM [/camera/driver/image_mode] by /camera_nodelet_manager
[rosmaster.master][INFO] 2012-12-14 17:43:00,136: +PUB [/camera/ir/image_raw/compressed] /camera_nodelet_manager http://pc:54271/
[rosmaster.master][INFO] 2012-12-14 17:43:00,137: +PARAM [/camera/driver/depth_mode] by /camera_nodelet_manager
[rosmaster.master][INFO] 2012-12-14 17:43:00,140: +SERVICE [/camera/ir/image_raw/compressed/set_parameters] /camera_nodelet_manager http://pc:54271/
[rosmaster.master][INFO] 2012-12-14 17:43:00,141: +PARAM [/camera/driver/depth_registration] by /camera_nodelet_manager
[rosmaster.master][INFO] 2012-12-14 17:43:00,143: +PUB [/camera/ir/image_raw/compressed/parameter_descriptions] /camera_nodelet_manager http://pc:54271/
[rosmaster.master][INFO] 2012-12-14 17:43:00,145: +PARAM [/camera/driver/data_skip] by /camera_nodelet_manager
[rosmaster.master][INFO] 2012-12-14 17:43:00,147: +PUB [/camera/ir/image_raw/compressed/parameter_updates] /camera_nodelet_manager http://pc:54271/
[rosmaster.master][INFO] 2012-12-14 17:43:00,149: +PARAM [/camera/driver/depth_time_offset] by /camera_nodelet_manager
[rosmaster.master][INFO] 2012-12-14 17:43:00,153: +PARAM [/camera/driver/image_time_offset] by /camera_nodelet_manager
[rosmaster.master][INFO] 2012-12-14 17:43:00,157: +PARAM [/camera/driver/depth_ir_offset_x] by /camera_nodelet_manager
[rosmaster.master][INFO] 2012-12-14 17:43:00,161: +PARAM [/camera/driver/depth_ir_offset_y] by /camera_nodelet_manager
[rosmaster.master][INFO] 2012-12-14 17:43:00,164: +PARAM [/camera/ir/image_raw/compressed/format] by /camera_nodelet_manager
[rosmaster.master][INFO] 2012-12-14 17:43:00,166: +PARAM [/camera/driver/z_offset_mm] by /camera_nodelet_manager
[rosmaster.master][INFO] 2012-12-14 17:43:00,168: +PARAM [/camera/ir/image_raw/compressed/jpeg_quality] by /camera_nodelet_manager
[rosmaster.master][INFO] 2012-12-14 17:43:00,172: -SUB [/camera/driver/parameter_updates] /set_dr http://pc:59398/
[rosmaster.master][INFO] 2012-12-14 17:43:00,173: -SUB [/camera/driver/parameter_descriptions] /set_dr http://pc:59398/
[rosmaster.master][INFO] 2012-12-14 17:43:00,174: publisherUpdate[/camera/rgb/image_raw] -> http://pc:54271/
[rosmaster.master][INFO] 2012-12-14 17:43:00,174: +PARAM [/camera/ir/image_raw/compressed/png_level] by /camera_nodelet_manager
[rosmaster.master][INFO] 2012-12-14 17:43:00,174: -PUB [/rosout] /set_dr http://pc:59398/
[rosmaster.master][INFO] 2012-12-14 17:43:00,177: publisherUpdate[/camera/rgb/camera_info] -> http://pc:54271/
[rosmaster.master][INFO] 2012-12-14 17:43:00,179: publisherUpdate[/rosout] -> http://pc:47480/
[rosmaster.master][INFO] 2012-12-14 17:43:00,182: +PUB [/camera/ir/image_raw] /camera_nodelet_manager http://pc:54271/
[rosmaster.master][INFO] 2012-12-14 17:43:00,185: +PUB [/camera/ir/image_raw/theora] /camera_nodelet_manager http://pc:54271/
[rosmaster.master][INFO] 2012-12-14 17:43:00,188: +SERVICE [/camera/ir/image_raw/theora/set_parameters] /camera_nodelet_manager http://pc:54271/
[rosmaster.master][INFO] 2012-12-14 17:43:00,191: +PUB [/camera/ir/image_raw/theora/parameter_descriptions] /camera_nodelet_manager http://pc:54271/
[rosmaster.master][INFO] 2012-12-14 17:43:00,193: +PUB [/camera/ir/image_raw/theora/parameter_updates] /camera_nodelet_manager http://pc:54271/
[rosmaster.master][INFO] 2012-12-14 17:43:00,203: +PARAM [/camera/ir/image_raw/theora/optimize_for] by /camera_nodelet_manager
[rosmaster.master][INFO] 2012-12-14 17:43:00,205: +PARAM [/camera/ir/image_raw/theora/target_bitrate] by /camera_nodelet_manager
[rosmaster.master][INFO] 2012-12-14 17:43:00,207: +PARAM [/camera/ir/image_raw/theora/quality] by /camera_nodelet_manager
[rosmaster.master][INFO] 2012-12-14 17:43:00,209: +PARAM [/camera/ir/image_raw/theora/keyframe_frequency] by /camera_nodelet_manager
[rosmaster.master][INFO] 2012-12-14 17:43:00,211: +PUB [/camera/ir/camera_info] /camera_nodelet_manager http://pc:54271/
[rosmaster.master][INFO] 2012-12-14 17:43:00,214: +PUB [/camera/depth/image_raw/compressed] /camera_nodelet_manager http://pc:54271/
[rosmaster.master][INFO] 2012-12-14 17:43:00,216: +SERVICE [/camera/depth/image_raw/compressed/set_parameters] /camera_nodelet_manager http://pc:54271/
[rosmaster.master][INFO] 2012-12-14 17:43:00,218: +PUB [/camera/depth/image_raw/compressed/parameter_descriptions] /camera_nodelet_manager http://pc:54271/
[rosmaster.master][INFO] 2012-12-14 17:43:00,221: +PUB [/camera/depth/image_raw/compressed/parameter_updates] /camera_nodelet_manager http://pc:54271/
[rosmaster.master][INFO] 2012-12-14 17:43:00,228: +PARAM [/camera/depth/image_raw/compressed/format] by /camera_nodelet_manager
[rosmaster.master][INFO] 2012-12-14 17:43:00,231: +PARAM [/camera/depth/image_raw/compressed/jpeg_quality] by /camera_nodelet_manager
[rosmaster.master][INFO] 2012-12-14 17:43:00,233: +PARAM [/camera/depth/image_raw/compressed/png_level] by /camera_nodelet_manager
[rosmaster.master][INFO] 2012-12-14 17:43:00,235: +PUB [/camera/depth/image_raw] /camera_nodelet_manager http://pc:54271/
[rosmaster.master][INFO] 2012-12-14 17:43:00,238: +PUB [/camera/depth/image_raw/theora] /camera_nodelet_manager http://pc:54271/
[rosmaster.master][INFO] 2012-12-14 17:43:00,240: +SERVICE [/camera/depth/image_raw/theora/set_parameters] /camera_nodelet_manager http://pc:54271/
[rosmaster.master][INFO] 2012-12-14 17:43:00,242: +PUB [/camera/depth/image_raw/theora/parameter_descriptions] /camera_nodelet_manager http://pc:54271/
[rosmaster.master][INFO] 2012-12-14 17:43:00,244: +PUB [/camera/depth/image_raw/theora/parameter_updates] /camera_nodelet_manager http://pc:54271/
[rosmaster.master][INFO] 2012-12-14 17:43:00,254: +PARAM [/camera/depth/image_raw/theora/optimize_for] by /camera_nodelet_manager
[rosmaster.master][INFO] 2012-12-14 17:43:00,256: +PARAM [/camera/depth/image_raw/theora/target_bitrate] by /camera_nodelet_manager
[rosmaster.master][INFO] 2012-12-14 17:43:00,258: +PARAM [/camera/depth/image_raw/theora/quality] by /camera_nodelet_manager
[rosmaster.master][INFO] 2012-12-14 17:43:00,260: +PARAM [/camera/depth/image_raw/theora/keyframe_frequency] by /camera_nodelet_manager
[rosmaster.master][INFO] 2012-12-14 17:43:00,263: +PUB [/camera/depth/camera_info] /camera_nodelet_manager http://pc:54271/
[rosmaster.master][INFO] 2012-12-14 17:43:00,265: +PUB [/camera/projector/camera_info] /camera_nodelet_manager http://pc:54271/
[rosmaster.master][INFO] 2012-12-14 17:43:00,268: +PUB [/camera/depth_registered/image_raw/compressed] /camera_nodelet_manager http://pc:54271/
[rosmaster.master][INFO] 2012-12-14 17:43:00,270: +SERVICE [/camera/depth_registered/image_raw/compressed/set_parameters] /camera_nodelet_manager http://pc:54271/
[rosmaster.master][INFO] 2012-12-14 17:43:00,272: +PUB [/camera/depth_registered/image_raw/compressed/parameter_descriptions] /camera_nodelet_manager http://pc:54271/
[rosmaster.master][INFO] 2012-12-14 17:43:00,275: +PUB [/camera/depth_registered/image_raw/compressed/parameter_updates] /camera_nodelet_manager http://pc:54271/
[rosmaster.master][INFO] 2012-12-14 17:43:00,275: publisherUpdate[/camera/depth/image_raw] -> http://pc:54271/
[rosmaster.master][INFO] 2012-12-14 17:43:00,278: publisherUpdate[/camera/depth/camera_info] -> http://pc:54271/
[rosmaster.master][INFO] 2012-12-14 17:43:00,286: +PARAM [/camera/depth_registered/image_raw/compressed/format] by /camera_nodelet_manager
[rosmaster.master][INFO] 2012-12-14 17:43:00,289: +PARAM [/camera/depth_registered/image_raw/compressed/jpeg_quality] by /camera_nodelet_manager
[rosmaster.master][INFO] 2012-12-14 17:43:00,292: +PARAM [/camera/depth_registered/image_raw/compressed/png_level] by /camera_nodelet_manager
[rosmaster.master][INFO] 2012-12-14 17:43:00,295: +PUB [/camera/depth_registered/image_raw] /camera_nodelet_manager http://pc:54271/
[rosmaster.master][INFO] 2012-12-14 17:43:00,298: +PUB [/camera/depth_registered/image_raw/theora] /camera_nodelet_manager http://pc:54271/
[rosmaster.master][INFO] 2012-12-14 17:43:00,299: +SERVICE [/camera/depth_registered/image_raw/theora/set_parameters] /camera_nodelet_manager http://pc:54271/
[rosmaster.master][INFO] 2012-12-14 17:43:00,300: +PUB [/camera/depth_registered/image_raw/theora/parameter_descriptions] /camera_nodelet_manager http://pc:54271/
[rosmaster.master][INFO] 2012-12-14 17:43:00,302: +PUB [/camera/depth_registered/image_raw/theora/parameter_updates] /camera_nodelet_manager http://pc:54271/
[rosmaster.master][INFO] 2012-12-14 17:43:00,312: +PARAM [/camera/depth_registered/image_raw/theora/optimize_for] by /camera_nodelet_manager
[rosmaster.master][INFO] 2012-12-14 17:43:00,315: +PARAM [/camera/depth_registered/image_raw/theora/target_bitrate] by /camera_nodelet_manager
[rosmaster.master][INFO] 2012-12-14 17:43:00,317: +PARAM [/camera/depth_registered/image_raw/theora/quality] by /camera_nodelet_manager
[rosmaster.master][INFO] 2012-12-14 17:43:00,319: +PARAM [/camera/depth_registered/image_raw/theora/keyframe_frequency] by /camera_nodelet_manager
[rosmaster.master][INFO] 2012-12-14 17:43:00,381: publisherUpdate[/camera/depth_registered/image_raw] -> http://pc:54271/
[rosmaster.master][INFO] 2012-12-14 17:43:17,017: -SUB [/camera/depth_registered/image_rect] /depth_detection http://pc:39572/
[rosmaster.master][INFO] 2012-12-14 17:43:17,017: -SUB [/camera/rgb/image_rect_color] /depth_detection http://pc:39572/
[rosmaster.master][INFO] 2012-12-14 17:43:17,017: -PUB [/rosout] /depth_detection http://pc:39572/
[rosmaster.master][INFO] 2012-12-14 17:43:17,023: -SUB [/camera/depth_registered/image_rect_raw] /camera_nodelet_manager http://pc:54271/
[rosmaster.master][INFO] 2012-12-14 17:43:17,035: -SUB [/camera/depth_registered/image_raw] /camera_nodelet_manager http://pc:54271/
[rosmaster.master][INFO] 2012-12-14 17:43:17,036: -PUB [/camera/depth/disparity] /camera_nodelet_manager http://pc:54271/
[rosmaster.master][INFO] 2012-12-14 17:43:17,040: -SUB [/camera/depth_registered/camera_info] /camera_nodelet_manager http://pc:54271/
[rosmaster.master][INFO] 2012-12-14 17:43:17,042: -PUB [/camera/depth_registered/points] /camera_nodelet_manager http://pc:54271/
[rosmaster.master][INFO] 2012-12-14 17:43:17,045: -PUB [/camera/depth_registered/disparity] /camera_nodelet_manager http://pc:54271/
[rosmaster.master][INFO] 2012-12-14 17:43:17,046: -SUB [/camera/depth/image_rect_raw] /camera_nodelet_manager http://pc:54271/
[rosmaster.master][INFO] 2012-12-14 17:43:17,048: -SUB [/camera/depth/image_raw] /camera_nodelet_manager http://pc:54271/
[rosmaster.master][INFO] 2012-12-14 17:43:17,050: -SUB [/camera/rgb/image_color] /camera_nodelet_manager http://pc:54271/
[rosmaster.master][INFO] 2012-12-14 17:43:17,051: -SUB [/camera/rgb/camera_info] /camera_nodelet_manager http://pc:54271/
[rosmaster.master][INFO] 2012-12-14 17:43:17,052: -SUB [/camera/depth/camera_info] /camera_nodelet_manager http://pc:54271/
[rosmaster.master][INFO] 2012-12-14 17:43:17,053: -SUB [/camera/rgb/image_raw] /camera_nodelet_manager http://pc:54271/
[rosmaster.master][INFO] 2012-12-14 17:43:17,107: -PUB [/rosout] /camera/depth_registered/metric http://pc:44000/
[rosmaster.master][INFO] 2012-12-14 17:43:17,108: -PUB [/rosout] /camera/points_xyzrgb_depth_rgb http://pc:36964/
[rosmaster.master][INFO] 2012-12-14 17:43:17,109: publisherUpdate[/rosout] -> http://pc:47480/
[rosmaster.master][INFO] 2012-12-14 17:43:17,110: -PUB [/rosout] /camera/disparity_depth_registered http://pc:42683/
[rosmaster.master][INFO] 2012-12-14 17:43:17,111: -SERVICE [/camera/depth_registered/metric/get_loggers] /camera/depth_registered/metric rosrpc://pc:41353
[rosmaster.master][INFO] 2012-12-14 17:43:17,112: -SERVICE [/camera/points_xyzrgb_depth_rgb/get_loggers] /camera/points_xyzrgb_depth_rgb rosrpc://pc:50358
[rosmaster.master][INFO] 2012-12-14 17:43:17,113: publisherUpdate[/rosout] -> http://pc:47480/
[rosmaster.master][INFO] 2012-12-14 17:43:17,115: -PUB [/rosout] /camera_base_link1 http://pc:52222/
[rosmaster.master][INFO] 2012-12-14 17:43:17,116: -SERVICE [/camera/disparity_depth_registered/get_loggers] /camera/disparity_depth_registered rosrpc://pc:43567
[rosmaster.master][INFO] 2012-12-14 17:43:17,116: publisherUpdate[/rosout] -> http://pc:47480/
[rosmaster.master][INFO] 2012-12-14 17:43:17,117: -SERVICE [/camera/depth_registered/metric/set_logger_level] /camera/depth_registered/metric rosrpc://pc:41353
[rosmaster.master][INFO] 2012-12-14 17:43:17,118: -SERVICE [/camera/points_xyzrgb_depth_rgb/set_logger_level] /camera/points_xyzrgb_depth_rgb rosrpc://pc:50358
[rosmaster.master][INFO] 2012-12-14 17:43:17,119: publisherUpdate[/rosout] -> http://pc:47480/
[rosmaster.master][INFO] 2012-12-14 17:43:17,120: -PUB [/tf] /camera_base_link1 http://pc:52222/
[rosmaster.master][INFO] 2012-12-14 17:43:17,121: publisherUpdate[/rosout] -> http://pc:47480/
[rosmaster.master][INFO] 2012-12-14 17:43:17,122: -SERVICE [/camera/disparity_depth_registered/set_logger_level] /camera/disparity_depth_registered rosrpc://pc:43567
[rosmaster.master][INFO] 2012-12-14 17:43:17,123: -SERVICE [/camera_base_link1/get_loggers] /camera_base_link1 rosrpc://pc:38984
[rosmaster.master][INFO] 2012-12-14 17:43:17,123: publisherUpdate[/tf] -> http://pc:54271/
[rosmaster.master][INFO] 2012-12-14 17:43:17,125: -SERVICE [/camera_base_link1/set_logger_level] /camera_base_link1 rosrpc://pc:38984
[rosmaster.master][INFO] 2012-12-14 17:43:17,195: -PUB [/rosout] /camera_base_link http://pc:59044/
[rosmaster.master][INFO] 2012-12-14 17:43:17,197: -PUB [/rosout] /camera/disparity_depth http://pc:59864/
[rosmaster.master][INFO] 2012-12-14 17:43:17,198: -PUB [/tf] /camera_base_link http://pc:59044/
[rosmaster.master][INFO] 2012-12-14 17:43:17,199: -SERVICE [/camera/disparity_depth/get_loggers] /camera/disparity_depth rosrpc://pc:39847
[rosmaster.master][INFO] 2012-12-14 17:43:17,200: -SERVICE [/camera_base_link/get_loggers] /camera_base_link rosrpc://pc:36534
[rosmaster.master][INFO] 2012-12-14 17:43:17,202: -SERVICE [/camera/disparity_depth/set_logger_level] /camera/disparity_depth rosrpc://pc:39847
[rosmaster.master][INFO] 2012-12-14 17:43:17,203: -SERVICE [/camera_base_link/set_logger_level] /camera_base_link rosrpc://pc:36534
[rosmaster.master][INFO] 2012-12-14 17:43:17,207: -PUB [/rosout] /camera/depth_registered/metric_rect http://pc:53647/
[rosmaster.master][INFO] 2012-12-14 17:43:17,209: -SERVICE [/camera/depth_registered/metric_rect/get_loggers] /camera/depth_registered/metric_rect rosrpc://pc:49943
[rosmaster.master][INFO] 2012-12-14 17:43:17,210: publisherUpdate[/rosout] -> http://pc:47480/
[rosmaster.master][INFO] 2012-12-14 17:43:17,210: -SERVICE [/camera/depth_registered/metric_rect/set_logger_level] /camera/depth_registered/metric_rect rosrpc://pc:49943
[rosmaster.master][INFO] 2012-12-14 17:43:17,211: publisherUpdate[/tf] -> http://pc:54271/
[rosmaster.master][INFO] 2012-12-14 17:43:17,212: publisherUpdate[/rosout] -> http://pc:47480/
[rosmaster.master][INFO] 2012-12-14 17:43:17,214: -PUB [/rosout] /camera_base_link2 http://pc:34438/
[rosmaster.master][INFO] 2012-12-14 17:43:17,214: publisherUpdate[/rosout] -> http://pc:47480/
[rosmaster.master][INFO] 2012-12-14 17:43:17,215: -PUB [/rosout] /camera_base_link3 http://pc:59336/
[rosmaster.master][INFO] 2012-12-14 17:43:17,216: publisherUpdate[/rosout] -> http://pc:47480/
[rosmaster.master][INFO] 2012-12-14 17:43:17,219: publisherUpdate[/rosout] -> http://pc:47480/
[rosmaster.master][INFO] 2012-12-14 17:43:17,221: -PUB [/tf] /camera_base_link2 http://pc:34438/
[rosmaster.master][INFO] 2012-12-14 17:43:17,223: publisherUpdate[/tf] -> http://pc:54271/
[rosmaster.master][INFO] 2012-12-14 17:43:17,224: -PUB [/tf] /camera_base_link3 http://pc:59336/
[rosmaster.master][INFO] 2012-12-14 17:43:17,225: publisherUpdate[/tf] -> http://pc:54271/
[rosmaster.master][INFO] 2012-12-14 17:43:17,229: -SERVICE [/camera_base_link2/get_loggers] /camera_base_link2 rosrpc://pc:35610
[rosmaster.master][INFO] 2012-12-14 17:43:17,234: -SERVICE [/camera_base_link3/get_loggers] /camera_base_link3 rosrpc://pc:35890
[rosmaster.master][INFO] 2012-12-14 17:43:17,235: -SERVICE [/camera_base_link2/set_logger_level] /camera_base_link2 rosrpc://pc:35610
[rosmaster.master][INFO] 2012-12-14 17:43:17,239: -PUB [/camera/depth_registered/rectify_depth/parameter_descriptions] /camera_nodelet_manager http://pc:54271/
[rosmaster.master][INFO] 2012-12-14 17:43:17,239: -SERVICE [/camera_base_link3/set_logger_level] /camera_base_link3 rosrpc://pc:35890
[rosmaster.master][INFO] 2012-12-14 17:43:17,241: -PUB [/camera/depth_registered/rectify_depth/parameter_updates] /camera_nodelet_manager http://pc:54271/
[rosmaster.master][INFO] 2012-12-14 17:43:17,242: -SERVICE [/camera/depth_registered/rectify_depth/set_parameters] /camera_nodelet_manager rosrpc://pc:35089
[rosmaster.master][INFO] 2012-12-14 17:43:17,244: -SERVICE [/camera/depth_registered/image_rect_raw/compressed/set_parameters] /camera_nodelet_manager rosrpc://pc:35089
[rosmaster.master][INFO] 2012-12-14 17:43:17,245: -SERVICE [/camera/depth_registered/image_rect_raw/theora/set_parameters] /camera_nodelet_manager rosrpc://pc:35089
[rosmaster.master][INFO] 2012-12-14 17:43:17,250: -SUB [/tf] /camera_nodelet_manager http://pc:54271/
[rosmaster.master][INFO] 2012-12-14 17:43:17,252: -SERVICE [/camera_nodelet_manager/tf_frames] /camera_nodelet_manager rosrpc://pc:35089
[rosmaster.master][INFO] 2012-12-14 17:43:17,253: -PUB [/camera/depth/points] /camera_nodelet_manager http://pc:54271/
[rosmaster.master][INFO] 2012-12-14 17:43:17,304: -PUB [/rosout] /camera/depth/metric http://pc:48974/
[rosmaster.master][INFO] 2012-12-14 17:43:17,305: -SERVICE [/camera/depth/metric/get_loggers] /camera/depth/metric rosrpc://pc:54281
[rosmaster.master][INFO] 2012-12-14 17:43:17,306: -SERVICE [/camera/depth/metric/set_logger_level] /camera/depth/metric rosrpc://pc:54281
[rosmaster.master][INFO] 2012-12-14 17:43:17,313: publisherUpdate[/rosout] -> http://pc:47480/
[rosmaster.master][INFO] 2012-12-14 17:43:17,326: -PUB [/camera/depth/rectify_depth/parameter_descriptions] /camera_nodelet_manager http://pc:54271/
[rosmaster.master][INFO] 2012-12-14 17:43:17,328: -PUB [/camera/depth/rectify_depth/parameter_updates] /camera_nodelet_manager http://pc:54271/
[rosmaster.master][INFO] 2012-12-14 17:43:17,330: -SERVICE [/camera/depth/rectify_depth/set_parameters] /camera_nodelet_manager rosrpc://pc:35089
[rosmaster.master][INFO] 2012-12-14 17:43:17,332: -PUB [/camera/ir/rectify_ir/parameter_descriptions] /camera_nodelet_manager http://pc:54271/
[rosmaster.master][INFO] 2012-12-14 17:43:17,333: -PUB [/camera/ir/rectify_ir/parameter_updates] /camera_nodelet_manager http://pc:54271/
[rosmaster.master][INFO] 2012-12-14 17:43:17,334: -SERVICE [/camera/ir/rectify_ir/set_parameters] /camera_nodelet_manager rosrpc://pc:35089
[rosmaster.master][INFO] 2012-12-14 17:43:17,336: -PUB [/camera/rgb/rectify_color/parameter_descriptions] /camera_nodelet_manager http://pc:54271/
[rosmaster.master][INFO] 2012-12-14 17:43:17,337: -PUB [/camera/rgb/rectify_color/parameter_updates] /camera_nodelet_manager http://pc:54271/
[rosmaster.master][INFO] 2012-12-14 17:43:17,338: -SERVICE [/camera/rgb/rectify_color/set_parameters] /camera_nodelet_manager rosrpc://pc:35089
[rosmaster.master][INFO] 2012-12-14 17:43:17,381: -PUB [/rosout] /camera/depth/points http://pc:33900/
[rosmaster.master][INFO] 2012-12-14 17:43:17,383: -SERVICE [/camera/depth/points/get_loggers] /camera/depth/points rosrpc://pc:33201
[rosmaster.master][INFO] 2012-12-14 17:43:17,386: -SERVICE [/camera/depth/points/set_logger_level] /camera/depth/points rosrpc://pc:33201
[rosmaster.master][INFO] 2012-12-14 17:43:17,406: -PUB [/rosout] /camera/depth/metric_rect http://pc:42710/
[rosmaster.master][INFO] 2012-12-14 17:43:17,410: -PUB [/rosout] /camera/depth/rectify_depth http://pc:36581/
[rosmaster.master][INFO] 2012-12-14 17:43:17,415: -PUB [/rosout] /camera/register_depth_rgb http://pc:39136/
[rosmaster.master][INFO] 2012-12-14 17:43:17,416: publisherUpdate[/rosout] -> http://pc:47480/
[rosmaster.master][INFO] 2012-12-14 17:43:17,421: -PUB [/rosout] /camera/depth_registered/rectify_depth http://pc:54431/
[rosmaster.master][INFO] 2012-12-14 17:43:17,421: publisherUpdate[/rosout] -> http://pc:47480/
[rosmaster.master][INFO] 2012-12-14 17:43:17,423: -SERVICE [/camera/depth/metric_rect/get_loggers] /camera/depth/metric_rect rosrpc://pc:43583
[rosmaster.master][INFO] 2012-12-14 17:43:17,425: -SERVICE [/camera/depth/rectify_depth/get_loggers] /camera/depth/rectify_depth rosrpc://pc:52235
[rosmaster.master][INFO] 2012-12-14 17:43:17,428: publisherUpdate[/rosout] -> http://pc:47480/
[rosmaster.master][INFO] 2012-12-14 17:43:17,432: publisherUpdate[/rosout] -> http://pc:47480/
[rosmaster.master][INFO] 2012-12-14 17:43:17,435: publisherUpdate[/rosout] -> http://pc:47480/
[rosmaster.master][INFO] 2012-12-14 17:43:17,437: -SERVICE [/camera/register_depth_rgb/get_loggers] /camera/register_depth_rgb rosrpc://pc:37436
[rosmaster.master][INFO] 2012-12-14 17:43:17,440: -SERVICE [/camera/depth/metric_rect/set_logger_level] /camera/depth/metric_rect rosrpc://pc:43583
[rosmaster.master][INFO] 2012-12-14 17:43:17,442: -SERVICE [/camera/depth_registered/rectify_depth/get_loggers] /camera/depth_registered/rectify_depth rosrpc://pc:60855
[rosmaster.master][INFO] 2012-12-14 17:43:17,443: -SERVICE [/camera/depth/rectify_depth/set_logger_level] /camera/depth/rectify_depth rosrpc://pc:52235
[rosmaster.master][INFO] 2012-12-14 17:43:17,445: -SERVICE [/camera/register_depth_rgb/set_logger_level] /camera/register_depth_rgb rosrpc://pc:37436
[rosmaster.master][INFO] 2012-12-14 17:43:17,448: -SERVICE [/camera/depth_registered/rectify_depth/set_logger_level] /camera/depth_registered/rectify_depth rosrpc://pc:60855
[rosmaster.master][INFO] 2012-12-14 17:43:17,450: -PUB [/camera/rgb/rectify_mono/parameter_descriptions] /camera_nodelet_manager http://pc:54271/
[rosmaster.master][INFO] 2012-12-14 17:43:17,451: -PUB [/camera/rgb/rectify_mono/parameter_updates] /camera_nodelet_manager http://pc:54271/
[rosmaster.master][INFO] 2012-12-14 17:43:17,452: -SERVICE [/camera/rgb/rectify_mono/set_parameters] /camera_nodelet_manager rosrpc://pc:35089
[rosmaster.master][INFO] 2012-12-14 17:43:17,454: -PUB [/camera/rgb/debayer/parameter_descriptions] /camera_nodelet_manager http://pc:54271/
[rosmaster.master][INFO] 2012-12-14 17:43:17,455: -PUB [/camera/rgb/debayer/parameter_updates] /camera_nodelet_manager http://pc:54271/
[rosmaster.master][INFO] 2012-12-14 17:43:17,456: -SERVICE [/camera/rgb/debayer/set_parameters] /camera_nodelet_manager rosrpc://pc:35089
[rosmaster.master][INFO] 2012-12-14 17:43:17,507: -PUB [/rosout] /camera/ir/rectify_ir http://pc:59004/
[rosmaster.master][INFO] 2012-12-14 17:43:17,510: -PUB [/rosout] /camera/rgb/rectify_color http://pc:51311/
[rosmaster.master][INFO] 2012-12-14 17:43:17,513: -SERVICE [/camera/ir/rectify_ir/get_loggers] /camera/ir/rectify_ir rosrpc://pc:49257
[rosmaster.master][INFO] 2012-12-14 17:43:17,515: -SERVICE [/camera/rgb/rectify_color/get_loggers] /camera/rgb/rectify_color rosrpc://pc:39605
[rosmaster.master][INFO] 2012-12-14 17:43:17,519: -SERVICE [/camera/ir/rectify_ir/set_logger_level] /camera/ir/rectify_ir rosrpc://pc:49257
[rosmaster.master][INFO] 2012-12-14 17:43:17,521: -SERVICE [/camera/rgb/rectify_color/set_logger_level] /camera/rgb/rectify_color rosrpc://pc:39605
[rosmaster.master][INFO] 2012-12-14 17:43:17,526: publisherUpdate[/rosout] -> http://pc:47480/
[rosmaster.master][INFO] 2012-12-14 17:43:17,528: publisherUpdate[/rosout] -> http://pc:47480/
[rosmaster.master][INFO] 2012-12-14 17:43:17,576: -PUB [/rosout] /camera/rgb/debayer http://pc:53208/
[rosmaster.master][INFO] 2012-12-14 17:43:17,579: -PUB [/rosout] /camera/driver http://pc:56138/
[rosmaster.master][INFO] 2012-12-14 17:43:17,581: -SERVICE [/camera/rgb/debayer/get_loggers] /camera/rgb/debayer rosrpc://pc:43718
[rosmaster.master][INFO] 2012-12-14 17:43:17,583: -SERVICE [/camera/driver/get_loggers] /camera/driver rosrpc://pc:40435
[rosmaster.master][INFO] 2012-12-14 17:43:17,584: -SERVICE [/camera/rgb/debayer/set_logger_level] /camera/rgb/debayer rosrpc://pc:43718
[rosmaster.master][INFO] 2012-12-14 17:43:17,585: -SERVICE [/camera/driver/set_logger_level] /camera/driver rosrpc://pc:40435
[rosmaster.master][INFO] 2012-12-14 17:43:17,607: -PUB [/rosout] /camera/rgb/rectify_mono http://pc:53296/
[rosmaster.master][INFO] 2012-12-14 17:43:17,608: -SERVICE [/camera/rgb/rectify_mono/get_loggers] /camera/rgb/rectify_mono rosrpc://pc:38843
[rosmaster.master][INFO] 2012-12-14 17:43:17,609: -SERVICE [/camera/rgb/rectify_mono/set_logger_level] /camera/rgb/rectify_mono rosrpc://pc:38843
[rosmaster.master][INFO] 2012-12-14 17:43:17,620: -SERVICE [/camera/ir/set_camera_info] /camera_nodelet_manager rosrpc://pc:35089
[rosmaster.master][INFO] 2012-12-14 17:43:17,621: -SERVICE [/camera/rgb/set_camera_info] /camera_nodelet_manager rosrpc://pc:35089
[rosmaster.master][INFO] 2012-12-14 17:43:17,622: -SERVICE [/camera/driver/set_parameters] /camera_nodelet_manager rosrpc://pc:35089
[rosmaster.master][INFO] 2012-12-14 17:43:17,627: -PUB [/rosout] /camera_nodelet_manager http://pc:54271/
[rosmaster.master][INFO] 2012-12-14 17:43:17,628: -PUB [/camera/depth_registered/image_rect_raw/compressed] /camera_nodelet_manager http://pc:54271/
[rosmaster.master][INFO] 2012-12-14 17:43:17,629: -PUB [/camera/depth_registered/image_rect_raw/compressed/parameter_descriptions] /camera_nodelet_manager http://pc:54271/
[rosmaster.master][INFO] 2012-12-14 17:43:17,629: publisherUpdate[/rosout] -> http://pc:47480/
[rosmaster.master][INFO] 2012-12-14 17:43:17,630: publisherUpdate[/rosout] -> http://pc:47480/
[rosmaster.master][INFO] 2012-12-14 17:43:17,631: publisherUpdate[/rosout] -> http://pc:47480/
[rosmaster.master][INFO] 2012-12-14 17:43:17,632: publisherUpdate[/rosout] -> http://pc:47480/
[rosmaster.master][INFO] 2012-12-14 17:43:17,632: -PUB [/camera/depth_registered/image_rect_raw/compressed/parameter_updates] /camera_nodelet_manager http://pc:54271/
[rosmaster.master][INFO] 2012-12-14 17:43:17,634: -PUB [/camera/depth_registered/image_rect_raw] /camera_nodelet_manager http://pc:54271/
[rosmaster.master][INFO] 2012-12-14 17:43:17,635: -PUB [/camera/depth_registered/image_rect_raw/theora] /camera_nodelet_manager http://pc:54271/
[rosmaster.master][INFO] 2012-12-14 17:43:17,635: -PUB [/camera/depth_registered/image_rect_raw/theora/parameter_descriptions] /camera_nodelet_manager http://pc:54271/
[rosmaster.master][INFO] 2012-12-14 17:43:17,636: -PUB [/camera/depth_registered/image_rect_raw/theora/parameter_updates] /camera_nodelet_manager http://pc:54271/
[rosmaster.master][INFO] 2012-12-14 17:43:17,637: -PUB [/camera/depth_registered/camera_info] /camera_nodelet_manager http://pc:54271/
[rosmaster.master][INFO] 2012-12-14 17:43:17,638: -PUB [/camera/rgb/image_mono/compressed] /camera_nodelet_manager http://pc:54271/
[rosmaster.master][INFO] 2012-12-14 17:43:17,639: -PUB [/camera/rgb/image_mono/compressed/parameter_descriptions] /camera_nodelet_manager http://pc:54271/
[rosmaster.master][INFO] 2012-12-14 17:43:17,641: -PUB [/camera/rgb/image_mono/compressed/parameter_updates] /camera_nodelet_manager http://pc:54271/
[rosmaster.master][INFO] 2012-12-14 17:43:17,641: -PUB [/camera/rgb/image_mono] /camera_nodelet_manager http://pc:54271/
[rosmaster.master][INFO] 2012-12-14 17:43:17,642: -PUB [/camera/rgb/image_mono/theora] /camera_nodelet_manager http://pc:54271/
[rosmaster.master][INFO] 2012-12-14 17:43:17,643: -PUB [/camera/rgb/image_mono/theora/parameter_descriptions] /camera_nodelet_manager http://pc:54271/
[rosmaster.master][INFO] 2012-12-14 17:43:17,644: -PUB [/camera/rgb/image_mono/theora/parameter_updates] /camera_nodelet_manager http://pc:54271/
[rosmaster.master][INFO] 2012-12-14 17:43:17,645: -PUB [/camera/rgb/image_color/compressed] /camera_nodelet_manager http://pc:54271/
[rosmaster.master][INFO] 2012-12-14 17:43:17,645: -PUB [/camera/rgb/image_color/compressed/parameter_descriptions] /camera_nodelet_manager http://pc:54271/
[rosmaster.master][INFO] 2012-12-14 17:43:17,647: -PUB [/camera/rgb/image_color/compressed/parameter_updates] /camera_nodelet_manager http://pc:54271/
[rosmaster.master][INFO] 2012-12-14 17:43:17,648: -PUB [/camera/rgb/image_color] /camera_nodelet_manager http://pc:54271/
[rosmaster.master][INFO] 2012-12-14 17:43:17,649: -PUB [/camera/rgb/image_color/theora] /camera_nodelet_manager http://pc:54271/
[rosmaster.master][INFO] 2012-12-14 17:43:17,650: -PUB [/camera/rgb/image_color/theora/parameter_descriptions] /camera_nodelet_manager http://pc:54271/
[rosmaster.master][INFO] 2012-12-14 17:43:17,651: -PUB [/camera/rgb/image_color/theora/parameter_updates] /camera_nodelet_manager http://pc:54271/
[rosmaster.master][INFO] 2012-12-14 17:43:17,652: -PUB [/camera/depth_registered/image_rect/compressed] /camera_nodelet_manager http://pc:54271/
[rosmaster.master][INFO] 2012-12-14 17:43:17,653: -PUB [/camera/depth_registered/image_rect/compressed/parameter_descriptions] /camera_nodelet_manager http://pc:54271/
[rosmaster.master][INFO] 2012-12-14 17:43:17,653: -PUB [/camera/depth_registered/image_rect/compressed/parameter_updates] /camera_nodelet_manager http://pc:54271/
[rosmaster.master][INFO] 2012-12-14 17:43:17,655: -PUB [/camera/depth_registered/image_rect] /camera_nodelet_manager http://pc:54271/
[rosmaster.master][INFO] 2012-12-14 17:43:17,656: -PUB [/camera/depth_registered/image_rect/theora] /camera_nodelet_manager http://pc:54271/
[rosmaster.master][INFO] 2012-12-14 17:43:17,657: -PUB [/camera/depth_registered/image_rect/theora/parameter_descriptions] /camera_nodelet_manager http://pc:54271/
[rosmaster.master][INFO] 2012-12-14 17:43:17,659: -PUB [/camera/depth_registered/image_rect/theora/parameter_updates] /camera_nodelet_manager http://pc:54271/
[rosmaster.master][INFO] 2012-12-14 17:43:17,662: -PUB [/camera/ir/image_rect/compressed] /camera_nodelet_manager http://pc:54271/
[rosmaster.master][INFO] 2012-12-14 17:43:17,664: -PUB [/camera/ir/image_rect/compressed/parameter_descriptions] /camera_nodelet_manager http://pc:54271/
[rosmaster.master][INFO] 2012-12-14 17:43:17,667: -PUB [/camera/ir/image_rect/compressed/parameter_updates] /camera_nodelet_manager http://pc:54271/
[rosmaster.master][INFO] 2012-12-14 17:43:17,668: -PUB [/camera/ir/image_rect] /camera_nodelet_manager http://pc:54271/
[rosmaster.master][INFO] 2012-12-14 17:43:17,671: -PUB [/camera/ir/image_rect/theora] /camera_nodelet_manager http://pc:54271/
[rosmaster.master][INFO] 2012-12-14 17:43:17,672: -PUB [/camera/ir/image_rect/theora/parameter_descriptions] /camera_nodelet_manager http://pc:54271/
[rosmaster.master][INFO] 2012-12-14 17:43:17,673: -PUB [/camera/ir/image_rect/theora/parameter_updates] /camera_nodelet_manager http://pc:54271/
[rosmaster.master][INFO] 2012-12-14 17:43:17,675: -PUB [/camera/rgb/image_rect/compressed] /camera_nodelet_manager http://pc:54271/
[rosmaster.master][INFO] 2012-12-14 17:43:17,676: -PUB [/camera/rgb/image_rect/compressed/parameter_descriptions] /camera_nodelet_manager http://pc:54271/
[rosmaster.master][INFO] 2012-12-14 17:43:17,678: -PUB [/camera/rgb/image_rect/compressed/parameter_updates] /camera_nodelet_manager http://pc:54271/
[rosmaster.master][INFO] 2012-12-14 17:43:17,680: -PUB [/camera/rgb/image_rect] /camera_nodelet_manager http://pc:54271/
[rosmaster.master][INFO] 2012-12-14 17:43:17,682: -PUB [/camera/rgb/image_rect/theora] /camera_nodelet_manager http://pc:54271/
[rosmaster.master][INFO] 2012-12-14 17:43:17,683: -PUB [/camera/rgb/image_rect/theora/parameter_descriptions] /camera_nodelet_manager http://pc:54271/
[rosmaster.master][INFO] 2012-12-14 17:43:17,684: -PUB [/camera/rgb/image_rect/theora/parameter_updates] /camera_nodelet_manager http://pc:54271/
[rosmaster.master][INFO] 2012-12-14 17:43:17,686: -PUB [/camera/depth/image_rect/compressed] /camera_nodelet_manager http://pc:54271/
[rosmaster.master][INFO] 2012-12-14 17:43:17,687: -PUB [/camera/depth/image_rect/compressed/parameter_descriptions] /camera_nodelet_manager http://pc:54271/
[rosmaster.master][INFO] 2012-12-14 17:43:17,689: -PUB [/camera/depth/image_rect/compressed/parameter_updates] /camera_nodelet_manager http://pc:54271/
[rosmaster.master][INFO] 2012-12-14 17:43:17,691: -PUB [/camera/depth/image_rect] /camera_nodelet_manager http://pc:54271/
[rosmaster.master][INFO] 2012-12-14 17:43:17,692: -PUB [/camera/depth/image_rect/theora] /camera_nodelet_manager http://pc:54271/
[rosmaster.master][INFO] 2012-12-14 17:43:17,693: -PUB [/camera/depth/image_rect/theora/parameter_descriptions] /camera_nodelet_manager http://pc:54271/
[rosmaster.master][INFO] 2012-12-14 17:43:17,695: -PUB [/camera/depth/image_rect/theora/parameter_updates] /camera_nodelet_manager http://pc:54271/
[rosmaster.master][INFO] 2012-12-14 17:43:17,696: -PUB [/camera/rgb/image_rect_color/compressed] /camera_nodelet_manager http://pc:54271/
[rosmaster.master][INFO] 2012-12-14 17:43:17,698: -PUB [/camera/rgb/image_rect_color/compressed/parameter_descriptions] /camera_nodelet_manager http://pc:54271/
[rosmaster.master][INFO] 2012-12-14 17:43:17,701: -PUB [/camera/rgb/image_rect_color/compressed/parameter_updates] /camera_nodelet_manager http://pc:54271/
[rosmaster.master][INFO] 2012-12-14 17:43:17,703: -PUB [/camera/rgb/image_rect_color] /camera_nodelet_manager http://pc:54271/
[rosmaster.master][INFO] 2012-12-14 17:43:17,704: -PUB [/camera/rgb/image_rect_color/theora] /camera_nodelet_manager http://pc:54271/
[rosmaster.master][INFO] 2012-12-14 17:43:17,705: -PUB [/camera/rgb/image_rect_color/theora/parameter_descriptions] /camera_nodelet_manager http://pc:54271/
[rosmaster.master][INFO] 2012-12-14 17:43:17,707: -PUB [/camera/rgb/image_rect_color/theora/parameter_updates] /camera_nodelet_manager http://pc:54271/
[rosmaster.master][INFO] 2012-12-14 17:43:17,708: -PUB [/camera/depth/image/compressed] /camera_nodelet_manager http://pc:54271/
[rosmaster.master][INFO] 2012-12-14 17:43:17,709: -PUB [/camera/depth/image/compressed/parameter_descriptions] /camera_nodelet_manager http://pc:54271/
[rosmaster.master][INFO] 2012-12-14 17:43:17,711: -PUB [/camera/depth/image/compressed/parameter_updates] /camera_nodelet_manager http://pc:54271/
[rosmaster.master][INFO] 2012-12-14 17:43:17,712: -PUB [/camera/depth/image] /camera_nodelet_manager http://pc:54271/
[rosmaster.master][INFO] 2012-12-14 17:43:17,713: -PUB [/camera/depth/image/theora] /camera_nodelet_manager http://pc:54271/
[rosmaster.master][INFO] 2012-12-14 17:43:17,714: -PUB [/camera/depth/image/theora/parameter_descriptions] /camera_nodelet_manager http://pc:54271/
[rosmaster.master][INFO] 2012-12-14 17:43:17,715: -PUB [/camera/depth/image/theora/parameter_updates] /camera_nodelet_manager http://pc:54271/
[rosmaster.master][INFO] 2012-12-14 17:43:17,716: -PUB [/camera/depth/image_rect_raw/compressed] /camera_nodelet_manager http://pc:54271/
[rosmaster.master][INFO] 2012-12-14 17:43:17,717: -PUB [/camera/depth/image_rect_raw/compressed/parameter_descriptions] /camera_nodelet_manager http://pc:54271/
[rosmaster.master][INFO] 2012-12-14 17:43:17,718: -PUB [/camera/depth/image_rect_raw/compressed/parameter_updates] /camera_nodelet_manager http://pc:54271/
[rosmaster.master][INFO] 2012-12-14 17:43:17,719: -PUB [/camera/depth/image_rect_raw] /camera_nodelet_manager http://pc:54271/
[rosmaster.master][INFO] 2012-12-14 17:43:17,720: -PUB [/camera/depth/image_rect_raw/theora] /camera_nodelet_manager http://pc:54271/
[rosmaster.master][INFO] 2012-12-14 17:43:17,720: -PUB [/camera/depth/image_rect_raw/theora/parameter_descriptions] /camera_nodelet_manager http://pc:54271/
[rosmaster.master][INFO] 2012-12-14 17:43:17,721: -PUB [/camera/depth/image_rect_raw/theora/parameter_updates] /camera_nodelet_manager http://pc:54271/
[rosmaster.master][INFO] 2012-12-14 17:43:17,722: -PUB [/camera/depth_registered/image/compressed] /camera_nodelet_manager http://pc:54271/
[rosmaster.master][INFO] 2012-12-14 17:43:17,723: -PUB [/camera/depth_registered/image/compressed/parameter_descriptions] /camera_nodelet_manager http://pc:54271/
[rosmaster.master][INFO] 2012-12-14 17:43:17,724: -PUB [/camera/depth_registered/image/compressed/parameter_updates] /camera_nodelet_manager http://pc:54271/
[rosmaster.master][INFO] 2012-12-14 17:43:17,725: -PUB [/camera/depth_registered/image] /camera_nodelet_manager http://pc:54271/
[rosmaster.master][INFO] 2012-12-14 17:43:17,727: -PUB [/camera/depth_registered/image/theora] /camera_nodelet_manager http://pc:54271/
[rosmaster.master][INFO] 2012-12-14 17:43:17,728: -PUB [/camera/depth_registered/image/theora/parameter_descriptions] /camera_nodelet_manager http://pc:54271/
[rosmaster.master][INFO] 2012-12-14 17:43:17,729: -PUB [/camera/depth_registered/image/theora/parameter_updates] /camera_nodelet_manager http://pc:54271/
[rosmaster.master][INFO] 2012-12-14 17:43:17,731: -PUB [/camera/driver/parameter_descriptions] /camera_nodelet_manager http://pc:54271/
[rosmaster.master][INFO] 2012-12-14 17:43:17,732: -PUB [/camera/driver/parameter_updates] /camera_nodelet_manager http://pc:54271/
[rosmaster.master][INFO] 2012-12-14 17:43:17,733: -PUB [/camera/rgb/image_raw/compressed] /camera_nodelet_manager http://pc:54271/
[rosmaster.master][INFO] 2012-12-14 17:43:17,734: -PUB [/camera/rgb/image_raw/compressed/parameter_descriptions] /camera_nodelet_manager http://pc:54271/
[rosmaster.master][INFO] 2012-12-14 17:43:17,736: -PUB [/camera/rgb/image_raw/compressed/parameter_updates] /camera_nodelet_manager http://pc:54271/
[rosmaster.master][INFO] 2012-12-14 17:43:17,737: -PUB [/camera/rgb/image_raw] /camera_nodelet_manager http://pc:54271/
[rosmaster.master][INFO] 2012-12-14 17:43:17,738: -PUB [/camera/rgb/image_raw/theora] /camera_nodelet_manager http://pc:54271/
[rosmaster.master][INFO] 2012-12-14 17:43:17,739: -PUB [/camera/rgb/image_raw/theora/parameter_descriptions] /camera_nodelet_manager http://pc:54271/
[rosmaster.master][INFO] 2012-12-14 17:43:17,740: -PUB [/camera/rgb/image_raw/theora/parameter_updates] /camera_nodelet_manager http://pc:54271/
[rosmaster.master][INFO] 2012-12-14 17:43:17,741: -PUB [/camera/rgb/camera_info] /camera_nodelet_manager http://pc:54271/
[rosmaster.master][INFO] 2012-12-14 17:43:17,742: -PUB [/camera/ir/image_raw/compressed] /camera_nodelet_manager http://pc:54271/
[rosmaster.master][INFO] 2012-12-14 17:43:17,743: -PUB [/camera/ir/image_raw/compressed/parameter_descriptions] /camera_nodelet_manager http://pc:54271/
[rosmaster.master][INFO] 2012-12-14 17:43:17,744: -PUB [/camera/ir/image_raw/compressed/parameter_updates] /camera_nodelet_manager http://pc:54271/
[rosmaster.master][INFO] 2012-12-14 17:43:17,745: -PUB [/camera/ir/image_raw] /camera_nodelet_manager http://pc:54271/
[rosmaster.master][INFO] 2012-12-14 17:43:17,746: -PUB [/camera/ir/image_raw/theora] /camera_nodelet_manager http://pc:54271/
[rosmaster.master][INFO] 2012-12-14 17:43:17,747: -PUB [/camera/ir/image_raw/theora/parameter_descriptions] /camera_nodelet_manager http://pc:54271/
[rosmaster.master][INFO] 2012-12-14 17:43:17,748: -PUB [/camera/ir/image_raw/theora/parameter_updates] /camera_nodelet_manager http://pc:54271/
[rosmaster.master][INFO] 2012-12-14 17:43:17,749: -PUB [/camera/ir/camera_info] /camera_nodelet_manager http://pc:54271/
[rosmaster.master][INFO] 2012-12-14 17:43:17,749: -PUB [/camera/depth/image_raw/compressed] /camera_nodelet_manager http://pc:54271/
[rosmaster.master][INFO] 2012-12-14 17:43:17,750: -PUB [/camera/depth/image_raw/compressed/parameter_descriptions] /camera_nodelet_manager http://pc:54271/
[rosmaster.master][INFO] 2012-12-14 17:43:17,751: -PUB [/camera/depth/image_raw/compressed/parameter_updates] /camera_nodelet_manager http://pc:54271/
[rosmaster.master][INFO] 2012-12-14 17:43:17,752: -PUB [/camera/depth/image_raw] /camera_nodelet_manager http://pc:54271/
[rosmaster.master][INFO] 2012-12-14 17:43:17,753: -PUB [/camera/depth/image_raw/theora] /camera_nodelet_manager http://pc:54271/
[rosmaster.master][INFO] 2012-12-14 17:43:17,754: -PUB [/camera/depth/image_raw/theora/parameter_descriptions] /camera_nodelet_manager http://pc:54271/
[rosmaster.master][INFO] 2012-12-14 17:43:17,755: -PUB [/camera/depth/image_raw/theora/parameter_updates] /camera_nodelet_manager http://pc:54271/
[rosmaster.master][INFO] 2012-12-14 17:43:17,755: -PUB [/camera/depth/camera_info] /camera_nodelet_manager http://pc:54271/
[rosmaster.master][INFO] 2012-12-14 17:43:17,756: -PUB [/camera/projector/camera_info] /camera_nodelet_manager http://pc:54271/
[rosmaster.master][INFO] 2012-12-14 17:43:17,757: -PUB [/camera/depth_registered/image_raw/compressed] /camera_nodelet_manager http://pc:54271/
[rosmaster.master][INFO] 2012-12-14 17:43:17,759: -PUB [/camera/depth_registered/image_raw/compressed/parameter_descriptions] /camera_nodelet_manager http://pc:54271/
[rosmaster.master][INFO] 2012-12-14 17:43:17,760: -PUB [/camera/depth_registered/image_raw/compressed/parameter_updates] /camera_nodelet_manager http://pc:54271/
[rosmaster.master][INFO] 2012-12-14 17:43:17,761: -PUB [/camera/depth_registered/image_raw] /camera_nodelet_manager http://pc:54271/
[rosmaster.master][INFO] 2012-12-14 17:43:17,763: -PUB [/camera/depth_registered/image_raw/theora] /camera_nodelet_manager http://pc:54271/
[rosmaster.master][INFO] 2012-12-14 17:43:17,764: -PUB [/camera/depth_registered/image_raw/theora/parameter_descriptions] /camera_nodelet_manager http://pc:54271/
[rosmaster.master][INFO] 2012-12-14 17:43:17,765: -PUB [/camera/depth_registered/image_raw/theora/parameter_updates] /camera_nodelet_manager http://pc:54271/
[rosmaster.master][INFO] 2012-12-14 17:43:17,767: -SERVICE [/camera_nodelet_manager/get_loggers] /camera_nodelet_manager rosrpc://pc:35089
[rosmaster.master][INFO] 2012-12-14 17:43:17,768: -SERVICE [/camera_nodelet_manager/set_logger_level] /camera_nodelet_manager rosrpc://pc:35089
[rosmaster.master][INFO] 2012-12-14 17:43:17,769: -SERVICE [/camera_nodelet_manager/load_nodelet] /camera_nodelet_manager rosrpc://pc:35089
[rosmaster.master][INFO] 2012-12-14 17:43:17,769: -SERVICE [/camera_nodelet_manager/unload_nodelet] /camera_nodelet_manager rosrpc://pc:35089
[rosmaster.master][INFO] 2012-12-14 17:43:17,770: -SERVICE [/camera_nodelet_manager/list] /camera_nodelet_manager rosrpc://pc:35089
[rosmaster.master][INFO] 2012-12-14 17:43:17,771: -SERVICE [/camera/rgb/image_mono/compressed/set_parameters] /camera_nodelet_manager rosrpc://pc:35089
[rosmaster.master][INFO] 2012-12-14 17:43:17,772: -SERVICE [/camera/rgb/image_mono/theora/set_parameters] /camera_nodelet_manager rosrpc://pc:35089
[rosmaster.master][INFO] 2012-12-14 17:43:17,773: -SERVICE [/camera/rgb/image_color/compressed/set_parameters] /camera_nodelet_manager rosrpc://pc:35089
[rosmaster.master][INFO] 2012-12-14 17:43:17,775: -SERVICE [/camera/rgb/image_color/theora/set_parameters] /camera_nodelet_manager rosrpc://pc:35089
[rosmaster.master][INFO] 2012-12-14 17:43:17,776: -SERVICE [/camera/depth_registered/image_rect/compressed/set_parameters] /camera_nodelet_manager rosrpc://pc:35089
[rosmaster.master][INFO] 2012-12-14 17:43:17,777: -SERVICE [/camera/depth_registered/image_rect/theora/set_parameters] /camera_nodelet_manager rosrpc://pc:35089
[rosmaster.master][INFO] 2012-12-14 17:43:17,778: -SERVICE [/camera/ir/image_rect/compressed/set_parameters] /camera_nodelet_manager rosrpc://pc:35089
[rosmaster.master][INFO] 2012-12-14 17:43:17,779: -SERVICE [/camera/ir/image_rect/theora/set_parameters] /camera_nodelet_manager rosrpc://pc:35089
[rosmaster.master][INFO] 2012-12-14 17:43:17,780: -SERVICE [/camera/rgb/image_rect/compressed/set_parameters] /camera_nodelet_manager rosrpc://pc:35089
[rosmaster.master][INFO] 2012-12-14 17:43:17,780: -SERVICE [/camera/rgb/image_rect/theora/set_parameters] /camera_nodelet_manager rosrpc://pc:35089
[rosmaster.master][INFO] 2012-12-14 17:43:17,781: -SERVICE [/camera/depth/image_rect/compressed/set_parameters] /camera_nodelet_manager rosrpc://pc:35089
[rosmaster.master][INFO] 2012-12-14 17:43:17,782: -SERVICE [/camera/depth/image_rect/theora/set_parameters] /camera_nodelet_manager rosrpc://pc:35089
[rosmaster.master][INFO] 2012-12-14 17:43:17,783: -SERVICE [/camera/rgb/image_rect_color/compressed/set_parameters] /camera_nodelet_manager rosrpc://pc:35089
[rosmaster.master][INFO] 2012-12-14 17:43:17,784: -SERVICE [/camera/rgb/image_rect_color/theora/set_parameters] /camera_nodelet_manager rosrpc://pc:35089
[rosmaster.master][INFO] 2012-12-14 17:43:17,785: -SERVICE [/camera/depth/image/compressed/set_parameters] /camera_nodelet_manager rosrpc://pc:35089
[rosmaster.master][INFO] 2012-12-14 17:43:17,785: -SERVICE [/camera/depth/image/theora/set_parameters] /camera_nodelet_manager rosrpc://pc:35089
[rosmaster.master][INFO] 2012-12-14 17:43:17,786: -SERVICE [/camera/depth/image_rect_raw/compressed/set_parameters] /camera_nodelet_manager rosrpc://pc:35089
[rosmaster.master][INFO] 2012-12-14 17:43:17,787: -SERVICE [/camera/depth/image_rect_raw/theora/set_parameters] /camera_nodelet_manager rosrpc://pc:35089
[rosmaster.master][INFO] 2012-12-14 17:43:17,788: -SERVICE [/camera/depth_registered/image/compressed/set_parameters] /camera_nodelet_manager rosrpc://pc:35089
[rosmaster.master][INFO] 2012-12-14 17:43:17,788: -SERVICE [/camera/depth_registered/image/theora/set_parameters] /camera_nodelet_manager rosrpc://pc:35089
[rosmaster.master][INFO] 2012-12-14 17:43:17,789: -SERVICE [/camera/rgb/image_raw/compressed/set_parameters] /camera_nodelet_manager rosrpc://pc:35089
[rosmaster.master][INFO] 2012-12-14 17:43:17,791: -SERVICE [/camera/rgb/image_raw/theora/set_parameters] /camera_nodelet_manager rosrpc://pc:35089
[rosmaster.master][INFO] 2012-12-14 17:43:17,792: -SERVICE [/camera/ir/image_raw/compressed/set_parameters] /camera_nodelet_manager rosrpc://pc:35089
[rosmaster.master][INFO] 2012-12-14 17:43:17,793: -SERVICE [/camera/ir/image_raw/theora/set_parameters] /camera_nodelet_manager rosrpc://pc:35089
[rosmaster.master][INFO] 2012-12-14 17:43:17,794: -SERVICE [/camera/depth/image_raw/compressed/set_parameters] /camera_nodelet_manager rosrpc://pc:35089
[rosmaster.master][INFO] 2012-12-14 17:43:17,796: -SERVICE [/camera/depth/image_raw/theora/set_parameters] /camera_nodelet_manager rosrpc://pc:35089
[rosmaster.master][INFO] 2012-12-14 17:43:17,797: -SERVICE [/camera/depth_registered/image_raw/compressed/set_parameters] /camera_nodelet_manager rosrpc://pc:35089
[rosmaster.master][INFO] 2012-12-14 17:43:17,799: -SERVICE [/camera/depth_registered/image_raw/theora/set_parameters] /camera_nodelet_manager rosrpc://pc:35089
[rosmaster.master][INFO] 2012-12-14 17:43:18,135: -PUB [/rosout_agg] /rosout http://pc:47480/
[rosmaster.master][INFO] 2012-12-14 17:43:18,136: -SUB [/rosout] /rosout http://pc:47480/
[rosmaster.master][INFO] 2012-12-14 17:43:18,137: -SERVICE [/rosout/get_loggers] /rosout rosrpc://pc:58928
[rosmaster.master][INFO] 2012-12-14 17:43:18,138: -SERVICE [/rosout/set_logger_level] /rosout rosrpc://pc:58928
[rosmaster.main][INFO] 2012-12-14 17:43:18,229: keyboard interrupt, will exit
[rosmaster.main][INFO] 2012-12-14 17:43:18,229: stopping master...
