[rosmaster.main][INFO] 2012-12-14 17:08:51,573: initialization complete, waiting for shutdown
[rosmaster.main][INFO] 2012-12-14 17:08:51,573: Starting ROS Master Node
[xmlrpc][INFO] 2012-12-14 17:08:51,574: XML-RPC server binding to 0.0.0.0
[xmlrpc][INFO] 2012-12-14 17:08:51,575: Started XML-RPC server [http://pc:11311/]
[rosmaster.master][INFO] 2012-12-14 17:08:51,576: Master initialized: port[11311], uri[http://pc:11311/]
[xmlrpc][INFO] 2012-12-14 17:08:51,576: xml rpc node: starting XML-RPC server
[rosmaster.master][INFO] 2012-12-14 17:08:51,686: +PARAM [/run_id] by /roslaunch
[rosmaster.master][INFO] 2012-12-14 17:08:51,690: +PARAM [/roslaunch/uris/host_pc__50777] by /roslaunch
[rosmaster.master][INFO] 2012-12-14 17:08:51,718: +PARAM [/rosdistro] by /roslaunch
[rosmaster.master][INFO] 2012-12-14 17:08:51,719: +PARAM [/camera/driver/rgb_frame_id] by /roslaunch
[rosmaster.master][INFO] 2012-12-14 17:08:51,719: +PARAM [/camera/disparity_depth_registered/min_range] by /roslaunch
[rosmaster.master][INFO] 2012-12-14 17:08:51,720: +PARAM [/camera/driver/rgb_camera_info_url] by /roslaunch
[rosmaster.master][INFO] 2012-12-14 17:08:51,720: +PARAM [/camera/depth_registered/rectify_depth/interpolation] by /roslaunch
[rosmaster.master][INFO] 2012-12-14 17:08:51,721: +PARAM [/camera/driver/depth_frame_id] by /roslaunch
[rosmaster.master][INFO] 2012-12-14 17:08:51,721: +PARAM [/camera/depth/rectify_depth/interpolation] by /roslaunch
[rosmaster.master][INFO] 2012-12-14 17:08:51,721: +PARAM [/camera/disparity_depth/max_range] by /roslaunch
[rosmaster.master][INFO] 2012-12-14 17:08:51,721: +PARAM [/rosversion] by /roslaunch
[rosmaster.master][INFO] 2012-12-14 17:08:51,721: +PARAM [/camera/driver/device_id] by /roslaunch
[rosmaster.master][INFO] 2012-12-14 17:08:51,722: +PARAM [/camera/driver/depth_camera_info_url] by /roslaunch
[rosmaster.master][INFO] 2012-12-14 17:08:51,722: +PARAM [/camera/disparity_depth/min_range] by /roslaunch
[rosmaster.master][INFO] 2012-12-14 17:08:51,722: +PARAM [/camera/disparity_depth_registered/max_range] by /roslaunch
[rosmaster.master][INFO] 2012-12-14 17:08:51,723: +SERVICE [/rosout/get_loggers] /rosout http://pc:52389/
[rosmaster.master][INFO] 2012-12-14 17:08:51,724: +SERVICE [/rosout/set_logger_level] /rosout http://pc:52389/
[rosmaster.master][INFO] 2012-12-14 17:08:51,727: +PUB [/rosout_agg] /rosout http://pc:52389/
[rosmaster.master][INFO] 2012-12-14 17:08:51,728: +SUB [/rosout] /rosout http://pc:52389/
[rosmaster.master][INFO] 2012-12-14 17:08:51,756: +PUB [/rosout] /camera/driver http://pc:36235/
[rosmaster.master][INFO] 2012-12-14 17:08:51,757: +SERVICE [/camera/driver/get_loggers] /camera/driver http://pc:36235/
[rosmaster.master][INFO] 2012-12-14 17:08:51,759: +SERVICE [/camera/driver/set_logger_level] /camera/driver http://pc:36235/
[rosmaster.master][INFO] 2012-12-14 17:08:51,763: +PARAM [/camera/driver] by /camera/driver
[rosmaster.master][INFO] 2012-12-14 17:08:51,775: +PUB [/rosout] /camera/rgb/debayer http://pc:33631/
[rosmaster.master][INFO] 2012-12-14 17:08:51,776: publisherUpdate[/rosout] -> http://pc:52389/
[rosmaster.master][INFO] 2012-12-14 17:08:51,779: publisherUpdate[/rosout] -> http://pc:52389/
[rosmaster.master][INFO] 2012-12-14 17:08:51,783: +SERVICE [/camera/rgb/debayer/get_loggers] /camera/rgb/debayer http://pc:33631/
[rosmaster.master][INFO] 2012-12-14 17:08:51,786: +PUB [/rosout] /camera/rgb/rectify_mono http://pc:54443/
[rosmaster.master][INFO] 2012-12-14 17:08:51,789: +SERVICE [/camera/rgb/debayer/set_logger_level] /camera/rgb/debayer http://pc:33631/
[rosmaster.master][INFO] 2012-12-14 17:08:51,791: +SERVICE [/camera/rgb/rectify_mono/get_loggers] /camera/rgb/rectify_mono http://pc:54443/
[rosmaster.master][INFO] 2012-12-14 17:08:51,796: +SERVICE [/camera/rgb/rectify_mono/set_logger_level] /camera/rgb/rectify_mono http://pc:54443/
[rosmaster.master][INFO] 2012-12-14 17:08:51,797: +PUB [/rosout] /camera/rgb/rectify_color http://pc:38059/
[rosmaster.master][INFO] 2012-12-14 17:08:51,804: +SERVICE [/camera/rgb/rectify_color/get_loggers] /camera/rgb/rectify_color http://pc:38059/
[rosmaster.master][INFO] 2012-12-14 17:08:51,807: +PUB [/rosout] /camera/ir/rectify_ir http://pc:33036/
[rosmaster.master][INFO] 2012-12-14 17:08:51,813: +SERVICE [/camera/rgb/rectify_color/set_logger_level] /camera/rgb/rectify_color http://pc:38059/
[rosmaster.master][INFO] 2012-12-14 17:08:51,816: +SERVICE [/camera/ir/rectify_ir/get_loggers] /camera/ir/rectify_ir http://pc:33036/
[rosmaster.master][INFO] 2012-12-14 17:08:51,847: +SERVICE [/camera/ir/rectify_ir/set_logger_level] /camera/ir/rectify_ir http://pc:33036/
[rosmaster.master][INFO] 2012-12-14 17:08:51,849: +PUB [/rosout] /camera/depth/rectify_depth http://pc:55605/
[rosmaster.master][INFO] 2012-12-14 17:08:51,870: +SERVICE [/camera/depth/rectify_depth/get_loggers] /camera/depth/rectify_depth http://pc:55605/
[rosmaster.master][INFO] 2012-12-14 17:08:51,877: +PUB [/rosout] /camera/depth/metric_rect http://pc:42426/
[rosmaster.master][INFO] 2012-12-14 17:08:51,878: publisherUpdate[/rosout] -> http://pc:52389/
[rosmaster.master][INFO] 2012-12-14 17:08:51,880: publisherUpdate[/rosout] -> http://pc:52389/
[rosmaster.master][INFO] 2012-12-14 17:08:51,881: +PUB [/rosout] /camera/depth/metric http://pc:57375/
[rosmaster.master][INFO] 2012-12-14 17:08:51,888: publisherUpdate[/rosout] -> http://pc:52389/
[rosmaster.master][INFO] 2012-12-14 17:08:51,891: publisherUpdate[/rosout] -> http://pc:52389/
[rosmaster.master][INFO] 2012-12-14 17:08:51,892: publisherUpdate[/rosout] -> http://pc:52389/
[rosmaster.master][INFO] 2012-12-14 17:08:51,893: publisherUpdate[/rosout] -> http://pc:52389/
[rosmaster.master][INFO] 2012-12-14 17:08:51,895: +SERVICE [/camera/depth/rectify_depth/set_logger_level] /camera/depth/rectify_depth http://pc:55605/
[rosmaster.master][INFO] 2012-12-14 17:08:51,900: +PUB [/rosout] /camera/register_depth_rgb http://pc:36882/
[rosmaster.master][INFO] 2012-12-14 17:08:51,902: +SERVICE [/camera/depth/metric_rect/get_loggers] /camera/depth/metric_rect http://pc:42426/
[rosmaster.master][INFO] 2012-12-14 17:08:51,912: +SERVICE [/camera/register_depth_rgb/get_loggers] /camera/register_depth_rgb http://pc:36882/
[rosmaster.master][INFO] 2012-12-14 17:08:51,913: +PUB [/rosout] /camera/depth_registered/metric_rect http://pc:49579/
[rosmaster.master][INFO] 2012-12-14 17:08:51,916: +SERVICE [/camera/depth/metric_rect/set_logger_level] /camera/depth/metric_rect http://pc:42426/
[rosmaster.master][INFO] 2012-12-14 17:08:51,917: +PUB [/rosout] /camera/depth_registered/metric http://pc:51711/
[rosmaster.master][INFO] 2012-12-14 17:08:51,923: +PUB [/rosout] /camera/points_xyzrgb_depth_rgb http://pc:54335/
[rosmaster.master][INFO] 2012-12-14 17:08:51,933: +SERVICE [/camera/register_depth_rgb/set_logger_level] /camera/register_depth_rgb http://pc:36882/
[rosmaster.master][INFO] 2012-12-14 17:08:51,935: +SERVICE [/camera/depth_registered/metric_rect/get_loggers] /camera/depth_registered/metric_rect http://pc:49579/
[rosmaster.master][INFO] 2012-12-14 17:08:51,939: +SERVICE [/camera/depth_registered/metric/get_loggers] /camera/depth_registered/metric http://pc:51711/
[rosmaster.master][INFO] 2012-12-14 17:08:51,942: +SERVICE [/camera/points_xyzrgb_depth_rgb/get_loggers] /camera/points_xyzrgb_depth_rgb http://pc:54335/
[rosmaster.master][INFO] 2012-12-14 17:08:51,947: +PARAM [/camera/depth/rectify_depth] by /camera/depth/rectify_depth
[rosmaster.master][INFO] 2012-12-14 17:08:51,949: +SERVICE [/camera/depth_registered/metric_rect/set_logger_level] /camera/depth_registered/metric_rect http://pc:49579/
[rosmaster.master][INFO] 2012-12-14 17:08:51,952: +PUB [/rosout] /camera/disparity_depth_registered http://pc:55564/
[rosmaster.master][INFO] 2012-12-14 17:08:51,969: +SERVICE [/camera/points_xyzrgb_depth_rgb/set_logger_level] /camera/points_xyzrgb_depth_rgb http://pc:54335/
[rosmaster.master][INFO] 2012-12-14 17:08:51,971: +SERVICE [/camera/disparity_depth_registered/get_loggers] /camera/disparity_depth_registered http://pc:55564/
[rosmaster.master][INFO] 2012-12-14 17:08:51,974: +PUB [/rosout] /camera_base_link1 http://pc:51186/
[rosmaster.master][INFO] 2012-12-14 17:08:51,979: publisherUpdate[/rosout] -> http://pc:52389/
[rosmaster.master][INFO] 2012-12-14 17:08:51,982: publisherUpdate[/rosout] -> http://pc:52389/
[rosmaster.master][INFO] 2012-12-14 17:08:51,984: publisherUpdate[/rosout] -> http://pc:52389/
[rosmaster.master][INFO] 2012-12-14 17:08:51,986: publisherUpdate[/rosout] -> http://pc:52389/
[rosmaster.master][INFO] 2012-12-14 17:08:51,988: +SERVICE [/camera_base_link1/get_loggers] /camera_base_link1 http://pc:51186/
[rosmaster.master][INFO] 2012-12-14 17:08:51,991: publisherUpdate[/rosout] -> http://pc:52389/
[rosmaster.master][INFO] 2012-12-14 17:08:51,992: +PUB [/rosout] /camera_base_link2 http://pc:54695/
[rosmaster.master][INFO] 2012-12-14 17:08:51,993: publisherUpdate[/rosout] -> http://pc:52389/
[rosmaster.master][INFO] 2012-12-14 17:08:51,995: publisherUpdate[/rosout] -> http://pc:52389/
[rosmaster.master][INFO] 2012-12-14 17:08:52,006: +PUB [/rosout] /camera_base_link3 http://pc:48842/
[rosmaster.master][INFO] 2012-12-14 17:08:52,009: +SERVICE [/camera_base_link2/get_loggers] /camera_base_link2 http://pc:54695/
[rosmaster.master][INFO] 2012-12-14 17:08:52,010: +SERVICE [/camera_base_link1/set_logger_level] /camera_base_link1 http://pc:51186/
[rosmaster.master][INFO] 2012-12-14 17:08:52,014: +SERVICE [/camera_base_link3/get_loggers] /camera_base_link3 http://pc:48842/
[rosmaster.master][INFO] 2012-12-14 17:08:52,016: +SERVICE [/camera_base_link2/set_logger_level] /camera_base_link2 http://pc:54695/
[rosmaster.master][INFO] 2012-12-14 17:08:52,020: +SERVICE [/camera_base_link3/set_logger_level] /camera_base_link3 http://pc:48842/
[rosmaster.master][INFO] 2012-12-14 17:08:52,024: +PUB [/tf] /camera_base_link1 http://pc:51186/
[rosmaster.master][INFO] 2012-12-14 17:08:52,031: +PUB [/tf] /camera_base_link2 http://pc:54695/
[rosmaster.master][INFO] 2012-12-14 17:08:52,034: +PUB [/tf] /camera_base_link3 http://pc:48842/
[rosmaster.master][INFO] 2012-12-14 17:08:52,048: +PUB [/rosout] /camera/depth/points http://pc:40594/
[rosmaster.master][INFO] 2012-12-14 17:08:52,050: +SERVICE [/camera/depth/points/get_loggers] /camera/depth/points http://pc:40594/
[rosmaster.master][INFO] 2012-12-14 17:08:52,051: +SERVICE [/camera/depth/points/set_logger_level] /camera/depth/points http://pc:40594/
[rosmaster.master][INFO] 2012-12-14 17:08:52,057: +PUB [/rosout] /camera_nodelet_manager http://pc:39761/
[rosmaster.master][INFO] 2012-12-14 17:08:52,060: +SERVICE [/camera_nodelet_manager/get_loggers] /camera_nodelet_manager http://pc:39761/
[rosmaster.master][INFO] 2012-12-14 17:08:52,063: +SERVICE [/camera_nodelet_manager/set_logger_level] /camera_nodelet_manager http://pc:39761/
[rosmaster.master][INFO] 2012-12-14 17:08:52,067: +SERVICE [/camera_nodelet_manager/load_nodelet] /camera_nodelet_manager http://pc:39761/
[rosmaster.master][INFO] 2012-12-14 17:08:52,068: +SERVICE [/camera_nodelet_manager/unload_nodelet] /camera_nodelet_manager http://pc:39761/
[rosmaster.master][INFO] 2012-12-14 17:08:52,069: +SERVICE [/camera_nodelet_manager/list] /camera_nodelet_manager http://pc:39761/
[rosmaster.master][INFO] 2012-12-14 17:08:52,077: +PUB [/rosout] /camera/depth_registered/rectify_depth http://pc:59313/
[rosmaster.master][INFO] 2012-12-14 17:08:52,078: +SERVICE [/camera/depth_registered/rectify_depth/get_loggers] /camera/depth_registered/rectify_depth http://pc:59313/
[rosmaster.master][INFO] 2012-12-14 17:08:52,080: +SERVICE [/camera/depth_registered/rectify_depth/set_logger_level] /camera/depth_registered/rectify_depth http://pc:59313/
[rosmaster.master][INFO] 2012-12-14 17:08:52,090: publisherUpdate[/rosout] -> http://pc:52389/
[rosmaster.master][INFO] 2012-12-14 17:08:52,102: publisherUpdate[/rosout] -> http://pc:52389/
[rosmaster.master][INFO] 2012-12-14 17:08:52,104: publisherUpdate[/rosout] -> http://pc:52389/
[rosmaster.master][INFO] 2012-12-14 17:08:52,110: publisherUpdate[/rosout] -> http://pc:52389/
[rosmaster.master][INFO] 2012-12-14 17:08:52,119: +PARAM [/camera/depth_registered/rectify_depth] by /camera/depth_registered/rectify_depth
[rosmaster.master][INFO] 2012-12-14 17:08:52,377: +PUB [/rosout] /set_dr http://pc:40430/
[rosmaster.master][INFO] 2012-12-14 17:08:52,393: +SERVICE [/camera/depth/rectify_depth/set_parameters] /camera_nodelet_manager http://pc:39761/
[rosmaster.master][INFO] 2012-12-14 17:08:52,394: +PUB [/camera/depth/rectify_depth/parameter_descriptions] /camera_nodelet_manager http://pc:39761/
[rosmaster.master][INFO] 2012-12-14 17:08:52,396: +PUB [/camera/depth/rectify_depth/parameter_updates] /camera_nodelet_manager http://pc:39761/
[rosmaster.master][INFO] 2012-12-14 17:08:52,397: +PARAM [/camera/depth/rectify_depth/interpolation] by /camera_nodelet_manager
[rosmaster.master][INFO] 2012-12-14 17:08:52,401: +PUB [/camera/depth/image_rect_raw/compressed] /camera_nodelet_manager http://pc:39761/
[rosmaster.master][INFO] 2012-12-14 17:08:52,402: +SERVICE [/camera/depth/image_rect_raw/compressed/set_parameters] /camera_nodelet_manager http://pc:39761/
[rosmaster.master][INFO] 2012-12-14 17:08:52,403: +PUB [/camera/depth/image_rect_raw/compressed/parameter_descriptions] /camera_nodelet_manager http://pc:39761/
[rosmaster.master][INFO] 2012-12-14 17:08:52,404: +PUB [/camera/depth/image_rect_raw/compressed/parameter_updates] /camera_nodelet_manager http://pc:39761/
[rosmaster.master][INFO] 2012-12-14 17:08:52,407: +PARAM [/camera/depth/image_rect_raw/compressed/format] by /camera_nodelet_manager
[rosmaster.master][INFO] 2012-12-14 17:08:52,407: publisherUpdate[/rosout] -> http://pc:52389/
[rosmaster.master][INFO] 2012-12-14 17:08:52,408: +PARAM [/camera/depth/image_rect_raw/compressed/jpeg_quality] by /camera_nodelet_manager
[rosmaster.master][INFO] 2012-12-14 17:08:52,409: +PARAM [/camera/depth/image_rect_raw/compressed/png_level] by /camera_nodelet_manager
[rosmaster.master][INFO] 2012-12-14 17:08:52,410: +PUB [/camera/depth/image_rect_raw] /camera_nodelet_manager http://pc:39761/
[rosmaster.master][INFO] 2012-12-14 17:08:52,413: +PUB [/camera/depth/image_rect_raw/theora] /camera_nodelet_manager http://pc:39761/
[rosmaster.master][INFO] 2012-12-14 17:08:52,415: +SERVICE [/camera/depth/image_rect_raw/theora/set_parameters] /camera_nodelet_manager http://pc:39761/
[rosmaster.master][INFO] 2012-12-14 17:08:52,416: +PUB [/camera/depth/image_rect_raw/theora/parameter_descriptions] /camera_nodelet_manager http://pc:39761/
[rosmaster.master][INFO] 2012-12-14 17:08:52,417: +PUB [/camera/depth/image_rect_raw/theora/parameter_updates] /camera_nodelet_manager http://pc:39761/
[rosmaster.master][INFO] 2012-12-14 17:08:52,421: +PARAM [/camera/depth/image_rect_raw/theora/optimize_for] by /camera_nodelet_manager
[rosmaster.master][INFO] 2012-12-14 17:08:52,422: +PARAM [/camera/depth/image_rect_raw/theora/target_bitrate] by /camera_nodelet_manager
[rosmaster.master][INFO] 2012-12-14 17:08:52,423: +PARAM [/camera/depth/image_rect_raw/theora/quality] by /camera_nodelet_manager
[rosmaster.master][INFO] 2012-12-14 17:08:52,424: +PARAM [/camera/depth/image_rect_raw/theora/keyframe_frequency] by /camera_nodelet_manager
[rosmaster.master][INFO] 2012-12-14 17:08:52,662: +PUB [/camera/depth_registered/image_rect/compressed] /camera_nodelet_manager http://pc:39761/
[rosmaster.master][INFO] 2012-12-14 17:08:52,665: +SERVICE [/camera/depth_registered/image_rect/compressed/set_parameters] /camera_nodelet_manager http://pc:39761/
[rosmaster.master][INFO] 2012-12-14 17:08:52,667: +PUB [/camera/depth_registered/image_rect/compressed/parameter_descriptions] /camera_nodelet_manager http://pc:39761/
[rosmaster.master][INFO] 2012-12-14 17:08:52,669: +PUB [/camera/depth_registered/image_rect/compressed/parameter_updates] /camera_nodelet_manager http://pc:39761/
[rosmaster.master][INFO] 2012-12-14 17:08:52,676: +PARAM [/camera/depth_registered/image_rect/compressed/format] by /camera_nodelet_manager
[rosmaster.master][INFO] 2012-12-14 17:08:52,679: +PARAM [/camera/depth_registered/image_rect/compressed/jpeg_quality] by /camera_nodelet_manager
[rosmaster.master][INFO] 2012-12-14 17:08:52,681: +PARAM [/camera/depth_registered/image_rect/compressed/png_level] by /camera_nodelet_manager
[rosmaster.master][INFO] 2012-12-14 17:08:52,683: +PUB [/camera/depth_registered/image_rect] /camera_nodelet_manager http://pc:39761/
[rosmaster.master][INFO] 2012-12-14 17:08:52,688: +PUB [/camera/depth_registered/image_rect/theora] /camera_nodelet_manager http://pc:39761/
[rosmaster.master][INFO] 2012-12-14 17:08:52,691: +SERVICE [/camera/depth_registered/image_rect/theora/set_parameters] /camera_nodelet_manager http://pc:39761/
[rosmaster.master][INFO] 2012-12-14 17:08:52,693: +PUB [/camera/depth_registered/image_rect/theora/parameter_descriptions] /camera_nodelet_manager http://pc:39761/
[rosmaster.master][INFO] 2012-12-14 17:08:52,695: +PUB [/camera/depth_registered/image_rect/theora/parameter_updates] /camera_nodelet_manager http://pc:39761/
[rosmaster.master][INFO] 2012-12-14 17:08:52,705: +PARAM [/camera/depth_registered/image_rect/theora/optimize_for] by /camera_nodelet_manager
[rosmaster.master][INFO] 2012-12-14 17:08:52,707: +PARAM [/camera/depth_registered/image_rect/theora/target_bitrate] by /camera_nodelet_manager
[rosmaster.master][INFO] 2012-12-14 17:08:52,709: +PARAM [/camera/depth_registered/image_rect/theora/quality] by /camera_nodelet_manager
[rosmaster.master][INFO] 2012-12-14 17:08:52,711: +PARAM [/camera/depth_registered/image_rect/theora/keyframe_frequency] by /camera_nodelet_manager
[rosmaster.master][INFO] 2012-12-14 17:08:52,760: +PUB [/rosout] /depth_detection http://pc:56032/
[rosmaster.master][INFO] 2012-12-14 17:08:52,810: publisherUpdate[/rosout] -> http://pc:52389/
[rosmaster.master][INFO] 2012-12-14 17:08:52,811: +SUB [/camera/depth_registered/image_rect] /depth_detection http://pc:56032/
[rosmaster.master][INFO] 2012-12-14 17:08:52,815: +SUB [/camera/rgb/image_rect_color] /depth_detection http://pc:56032/
[rosmaster.master][INFO] 2012-12-14 17:08:52,870: +SUB [/camera/depth_registered/image_rect_raw] /camera_nodelet_manager http://pc:39761/
[rosmaster.master][INFO] 2012-12-14 17:08:53,000: +SERVICE [/camera/rgb/rectify_color/set_parameters] /camera_nodelet_manager http://pc:39761/
[rosmaster.master][INFO] 2012-12-14 17:08:53,002: +PUB [/camera/rgb/rectify_color/parameter_descriptions] /camera_nodelet_manager http://pc:39761/
[rosmaster.master][INFO] 2012-12-14 17:08:53,003: +PUB [/camera/rgb/rectify_color/parameter_updates] /camera_nodelet_manager http://pc:39761/
[rosmaster.master][INFO] 2012-12-14 17:08:53,005: +PARAM [/camera/rgb/rectify_color/interpolation] by /camera_nodelet_manager
[rosmaster.master][INFO] 2012-12-14 17:08:53,006: +PUB [/camera/rgb/image_rect_color/compressed] /camera_nodelet_manager http://pc:39761/
[rosmaster.master][INFO] 2012-12-14 17:08:53,007: +SERVICE [/camera/rgb/image_rect_color/compressed/set_parameters] /camera_nodelet_manager http://pc:39761/
[rosmaster.master][INFO] 2012-12-14 17:08:53,008: +PUB [/camera/rgb/image_rect_color/compressed/parameter_descriptions] /camera_nodelet_manager http://pc:39761/
[rosmaster.master][INFO] 2012-12-14 17:08:53,009: +PUB [/camera/rgb/image_rect_color/compressed/parameter_updates] /camera_nodelet_manager http://pc:39761/
[rosmaster.master][INFO] 2012-12-14 17:08:53,012: +PARAM [/camera/rgb/image_rect_color/compressed/format] by /camera_nodelet_manager
[rosmaster.master][INFO] 2012-12-14 17:08:53,013: +PARAM [/camera/rgb/image_rect_color/compressed/jpeg_quality] by /camera_nodelet_manager
[rosmaster.master][INFO] 2012-12-14 17:08:53,014: +PARAM [/camera/rgb/image_rect_color/compressed/png_level] by /camera_nodelet_manager
[rosmaster.master][INFO] 2012-12-14 17:08:53,015: +PUB [/camera/rgb/image_rect_color] /camera_nodelet_manager http://pc:39761/
[rosmaster.master][INFO] 2012-12-14 17:08:53,016: +PUB [/camera/rgb/image_rect_color/theora] /camera_nodelet_manager http://pc:39761/
[rosmaster.master][INFO] 2012-12-14 17:08:53,016: publisherUpdate[/camera/rgb/image_rect_color] -> http://pc:56032/
[rosmaster.master][INFO] 2012-12-14 17:08:53,018: +SERVICE [/camera/rgb/image_rect_color/theora/set_parameters] /camera_nodelet_manager http://pc:39761/
[rosmaster.master][INFO] 2012-12-14 17:08:53,019: +PUB [/camera/rgb/image_rect_color/theora/parameter_descriptions] /camera_nodelet_manager http://pc:39761/
[rosmaster.master][INFO] 2012-12-14 17:08:53,020: +PUB [/camera/rgb/image_rect_color/theora/parameter_updates] /camera_nodelet_manager http://pc:39761/
[rosmaster.master][INFO] 2012-12-14 17:08:53,025: +PARAM [/camera/rgb/image_rect_color/theora/optimize_for] by /camera_nodelet_manager
[rosmaster.master][INFO] 2012-12-14 17:08:53,026: +PARAM [/camera/rgb/image_rect_color/theora/target_bitrate] by /camera_nodelet_manager
[rosmaster.master][INFO] 2012-12-14 17:08:53,027: +PARAM [/camera/rgb/image_rect_color/theora/quality] by /camera_nodelet_manager
[rosmaster.master][INFO] 2012-12-14 17:08:53,028: +PARAM [/camera/rgb/image_rect_color/theora/keyframe_frequency] by /camera_nodelet_manager
[rosmaster.master][INFO] 2012-12-14 17:08:53,035: +SUB [/camera/rgb/image_color] /camera_nodelet_manager http://pc:39761/
[rosmaster.master][INFO] 2012-12-14 17:08:53,036: +SUB [/camera/rgb/camera_info] /camera_nodelet_manager http://pc:39761/
[rosmaster.master][INFO] 2012-12-14 17:08:53,287: +PUB [/camera/depth/points] /camera_nodelet_manager http://pc:39761/
[rosmaster.master][INFO] 2012-12-14 17:08:53,802: +PUB [/camera/depth_registered/points] /camera_nodelet_manager http://pc:39761/
[rosmaster.master][INFO] 2012-12-14 17:08:54,060: +PUB [/camera/depth/image_rect/compressed] /camera_nodelet_manager http://pc:39761/
[rosmaster.master][INFO] 2012-12-14 17:08:54,062: +SERVICE [/camera/depth/image_rect/compressed/set_parameters] /camera_nodelet_manager http://pc:39761/
[rosmaster.master][INFO] 2012-12-14 17:08:54,064: +PUB [/camera/depth/image_rect/compressed/parameter_descriptions] /camera_nodelet_manager http://pc:39761/
[rosmaster.master][INFO] 2012-12-14 17:08:54,067: +PUB [/camera/depth/image_rect/compressed/parameter_updates] /camera_nodelet_manager http://pc:39761/
[rosmaster.master][INFO] 2012-12-14 17:08:54,073: +PARAM [/camera/depth/image_rect/compressed/format] by /camera_nodelet_manager
[rosmaster.master][INFO] 2012-12-14 17:08:54,075: +PARAM [/camera/depth/image_rect/compressed/jpeg_quality] by /camera_nodelet_manager
[rosmaster.master][INFO] 2012-12-14 17:08:54,078: +PARAM [/camera/depth/image_rect/compressed/png_level] by /camera_nodelet_manager
[rosmaster.master][INFO] 2012-12-14 17:08:54,080: +PUB [/camera/depth/image_rect] /camera_nodelet_manager http://pc:39761/
[rosmaster.master][INFO] 2012-12-14 17:08:54,082: +PUB [/camera/depth/image_rect/theora] /camera_nodelet_manager http://pc:39761/
[rosmaster.master][INFO] 2012-12-14 17:08:54,085: +SERVICE [/camera/depth/image_rect/theora/set_parameters] /camera_nodelet_manager http://pc:39761/
[rosmaster.master][INFO] 2012-12-14 17:08:54,087: +PUB [/camera/depth/image_rect/theora/parameter_descriptions] /camera_nodelet_manager http://pc:39761/
[rosmaster.master][INFO] 2012-12-14 17:08:54,089: +PUB [/camera/depth/image_rect/theora/parameter_updates] /camera_nodelet_manager http://pc:39761/
[rosmaster.master][INFO] 2012-12-14 17:08:54,099: +PARAM [/camera/depth/image_rect/theora/optimize_for] by /camera_nodelet_manager
[rosmaster.master][INFO] 2012-12-14 17:08:54,101: +PARAM [/camera/depth/image_rect/theora/target_bitrate] by /camera_nodelet_manager
[rosmaster.master][INFO] 2012-12-14 17:08:54,103: +PARAM [/camera/depth/image_rect/theora/quality] by /camera_nodelet_manager
[rosmaster.master][INFO] 2012-12-14 17:08:54,105: +PARAM [/camera/depth/image_rect/theora/keyframe_frequency] by /camera_nodelet_manager
[rosmaster.master][INFO] 2012-12-14 17:08:54,361: +SERVICE [/camera/rgb/debayer/set_parameters] /camera_nodelet_manager http://pc:39761/
[rosmaster.master][INFO] 2012-12-14 17:08:54,363: +PUB [/camera/rgb/debayer/parameter_descriptions] /camera_nodelet_manager http://pc:39761/
[rosmaster.master][INFO] 2012-12-14 17:08:54,365: +PUB [/camera/rgb/debayer/parameter_updates] /camera_nodelet_manager http://pc:39761/
[rosmaster.master][INFO] 2012-12-14 17:08:54,369: +PARAM [/camera/rgb/debayer/debayer] by /camera_nodelet_manager
[rosmaster.master][INFO] 2012-12-14 17:08:54,371: +PUB [/camera/rgb/image_mono/compressed] /camera_nodelet_manager http://pc:39761/
[rosmaster.master][INFO] 2012-12-14 17:08:54,374: +SERVICE [/camera/rgb/image_mono/compressed/set_parameters] /camera_nodelet_manager http://pc:39761/
[rosmaster.master][INFO] 2012-12-14 17:08:54,376: +PUB [/camera/rgb/image_mono/compressed/parameter_descriptions] /camera_nodelet_manager http://pc:39761/
[rosmaster.master][INFO] 2012-12-14 17:08:54,378: +PUB [/camera/rgb/image_mono/compressed/parameter_updates] /camera_nodelet_manager http://pc:39761/
[rosmaster.master][INFO] 2012-12-14 17:08:54,386: +PARAM [/camera/rgb/image_mono/compressed/format] by /camera_nodelet_manager
[rosmaster.master][INFO] 2012-12-14 17:08:54,388: +PARAM [/camera/rgb/image_mono/compressed/jpeg_quality] by /camera_nodelet_manager
[rosmaster.master][INFO] 2012-12-14 17:08:54,391: +PARAM [/camera/rgb/image_mono/compressed/png_level] by /camera_nodelet_manager
[rosmaster.master][INFO] 2012-12-14 17:08:54,393: +PUB [/camera/rgb/image_mono] /camera_nodelet_manager http://pc:39761/
[rosmaster.master][INFO] 2012-12-14 17:08:54,396: +PUB [/camera/rgb/image_mono/theora] /camera_nodelet_manager http://pc:39761/
[rosmaster.master][INFO] 2012-12-14 17:08:54,398: +SERVICE [/camera/rgb/image_mono/theora/set_parameters] /camera_nodelet_manager http://pc:39761/
[rosmaster.master][INFO] 2012-12-14 17:08:54,401: +PUB [/camera/rgb/image_mono/theora/parameter_descriptions] /camera_nodelet_manager http://pc:39761/
[rosmaster.master][INFO] 2012-12-14 17:08:54,403: +PUB [/camera/rgb/image_mono/theora/parameter_updates] /camera_nodelet_manager http://pc:39761/
[rosmaster.master][INFO] 2012-12-14 17:08:54,413: +PARAM [/camera/rgb/image_mono/theora/optimize_for] by /camera_nodelet_manager
[rosmaster.master][INFO] 2012-12-14 17:08:54,416: +PARAM [/camera/rgb/image_mono/theora/target_bitrate] by /camera_nodelet_manager
[rosmaster.master][INFO] 2012-12-14 17:08:54,418: +PARAM [/camera/rgb/image_mono/theora/quality] by /camera_nodelet_manager
[rosmaster.master][INFO] 2012-12-14 17:08:54,420: +PARAM [/camera/rgb/image_mono/theora/keyframe_frequency] by /camera_nodelet_manager
[rosmaster.master][INFO] 2012-12-14 17:08:54,423: +PUB [/camera/rgb/image_color/compressed] /camera_nodelet_manager http://pc:39761/
[rosmaster.master][INFO] 2012-12-14 17:08:54,425: +SERVICE [/camera/rgb/image_color/compressed/set_parameters] /camera_nodelet_manager http://pc:39761/
[rosmaster.master][INFO] 2012-12-14 17:08:54,428: +PUB [/camera/rgb/image_color/compressed/parameter_descriptions] /camera_nodelet_manager http://pc:39761/
[rosmaster.master][INFO] 2012-12-14 17:08:54,430: +PUB [/camera/rgb/image_color/compressed/parameter_updates] /camera_nodelet_manager http://pc:39761/
[rosmaster.master][INFO] 2012-12-14 17:08:54,437: +PARAM [/camera/rgb/image_color/compressed/format] by /camera_nodelet_manager
[rosmaster.master][INFO] 2012-12-14 17:08:54,439: +PARAM [/camera/rgb/image_color/compressed/jpeg_quality] by /camera_nodelet_manager
[rosmaster.master][INFO] 2012-12-14 17:08:54,442: +PARAM [/camera/rgb/image_color/compressed/png_level] by /camera_nodelet_manager
[rosmaster.master][INFO] 2012-12-14 17:08:54,445: +PUB [/camera/rgb/image_color] /camera_nodelet_manager http://pc:39761/
[rosmaster.master][INFO] 2012-12-14 17:08:54,447: +PUB [/camera/rgb/image_color/theora] /camera_nodelet_manager http://pc:39761/
[rosmaster.master][INFO] 2012-12-14 17:08:54,449: +SERVICE [/camera/rgb/image_color/theora/set_parameters] /camera_nodelet_manager http://pc:39761/
[rosmaster.master][INFO] 2012-12-14 17:08:54,451: +PUB [/camera/rgb/image_color/theora/parameter_descriptions] /camera_nodelet_manager http://pc:39761/
[rosmaster.master][INFO] 2012-12-14 17:08:54,454: +PUB [/camera/rgb/image_color/theora/parameter_updates] /camera_nodelet_manager http://pc:39761/
[rosmaster.master][INFO] 2012-12-14 17:08:54,463: +PARAM [/camera/rgb/image_color/theora/optimize_for] by /camera_nodelet_manager
[rosmaster.master][INFO] 2012-12-14 17:08:54,465: +PARAM [/camera/rgb/image_color/theora/target_bitrate] by /camera_nodelet_manager
[rosmaster.master][INFO] 2012-12-14 17:08:54,467: +PARAM [/camera/rgb/image_color/theora/quality] by /camera_nodelet_manager
[rosmaster.master][INFO] 2012-12-14 17:08:54,469: +PARAM [/camera/rgb/image_color/theora/keyframe_frequency] by /camera_nodelet_manager
[rosmaster.master][INFO] 2012-12-14 17:08:54,474: +SUB [/camera/rgb/image_raw] /camera_nodelet_manager http://pc:39761/
[rosmaster.master][INFO] 2012-12-14 17:08:54,516: publisherUpdate[/camera/rgb/image_color] -> http://pc:39761/
[rosmaster.master][INFO] 2012-12-14 17:08:54,762: +SERVICE [/camera/depth_registered/rectify_depth/set_parameters] /camera_nodelet_manager http://pc:39761/
[rosmaster.master][INFO] 2012-12-14 17:08:54,763: +PUB [/camera/depth_registered/rectify_depth/parameter_descriptions] /camera_nodelet_manager http://pc:39761/
[rosmaster.master][INFO] 2012-12-14 17:08:54,764: +PUB [/camera/depth_registered/rectify_depth/parameter_updates] /camera_nodelet_manager http://pc:39761/
[rosmaster.master][INFO] 2012-12-14 17:08:54,766: +PARAM [/camera/depth_registered/rectify_depth/interpolation] by /camera_nodelet_manager
[rosmaster.master][INFO] 2012-12-14 17:08:54,768: +PUB [/camera/depth_registered/image_rect_raw/compressed] /camera_nodelet_manager http://pc:39761/
[rosmaster.master][INFO] 2012-12-14 17:08:54,770: +SERVICE [/camera/depth_registered/image_rect_raw/compressed/set_parameters] /camera_nodelet_manager http://pc:39761/
[rosmaster.master][INFO] 2012-12-14 17:08:54,772: +PUB [/camera/depth_registered/image_rect_raw/compressed/parameter_descriptions] /camera_nodelet_manager http://pc:39761/
[rosmaster.master][INFO] 2012-12-14 17:08:54,774: +PUB [/camera/depth_registered/image_rect_raw/compressed/parameter_updates] /camera_nodelet_manager http://pc:39761/
[rosmaster.master][INFO] 2012-12-14 17:08:54,780: +PARAM [/camera/depth_registered/image_rect_raw/compressed/format] by /camera_nodelet_manager
[rosmaster.master][INFO] 2012-12-14 17:08:54,783: +PARAM [/camera/depth_registered/image_rect_raw/compressed/jpeg_quality] by /camera_nodelet_manager
[rosmaster.master][INFO] 2012-12-14 17:08:54,785: +PARAM [/camera/depth_registered/image_rect_raw/compressed/png_level] by /camera_nodelet_manager
[rosmaster.master][INFO] 2012-12-14 17:08:54,788: +PUB [/camera/depth_registered/image_rect_raw] /camera_nodelet_manager http://pc:39761/
[rosmaster.master][INFO] 2012-12-14 17:08:54,791: +PUB [/camera/depth_registered/image_rect_raw/theora] /camera_nodelet_manager http://pc:39761/
[rosmaster.master][INFO] 2012-12-14 17:08:54,794: +SERVICE [/camera/depth_registered/image_rect_raw/theora/set_parameters] /camera_nodelet_manager http://pc:39761/
[rosmaster.master][INFO] 2012-12-14 17:08:54,796: +PUB [/camera/depth_registered/image_rect_raw/theora/parameter_descriptions] /camera_nodelet_manager http://pc:39761/
[rosmaster.master][INFO] 2012-12-14 17:08:54,798: +PUB [/camera/depth_registered/image_rect_raw/theora/parameter_updates] /camera_nodelet_manager http://pc:39761/
[rosmaster.master][INFO] 2012-12-14 17:08:54,810: +PARAM [/camera/depth_registered/image_rect_raw/theora/optimize_for] by /camera_nodelet_manager
[rosmaster.master][INFO] 2012-12-14 17:08:54,812: +PARAM [/camera/depth_registered/image_rect_raw/theora/target_bitrate] by /camera_nodelet_manager
[rosmaster.master][INFO] 2012-12-14 17:08:54,814: +PARAM [/camera/depth_registered/image_rect_raw/theora/quality] by /camera_nodelet_manager
[rosmaster.master][INFO] 2012-12-14 17:08:54,817: +PARAM [/camera/depth_registered/image_rect_raw/theora/keyframe_frequency] by /camera_nodelet_manager
[rosmaster.master][INFO] 2012-12-14 17:08:54,818: publisherUpdate[/camera/depth_registered/image_rect_raw] -> http://pc:39761/
[rosmaster.master][INFO] 2012-12-14 17:08:54,822: +SUB [/camera/depth_registered/image_raw] /camera_nodelet_manager http://pc:39761/
[rosmaster.master][INFO] 2012-12-14 17:08:54,825: +SUB [/camera/depth_registered/camera_info] /camera_nodelet_manager http://pc:39761/
[rosmaster.master][INFO] 2012-12-14 17:08:54,887: +SERVICE [/camera/depth/metric/get_loggers] /camera/depth/metric http://pc:57375/
[rosmaster.master][INFO] 2012-12-14 17:08:54,890: +SERVICE [/camera/depth/metric/set_logger_level] /camera/depth/metric http://pc:57375/
[rosmaster.master][INFO] 2012-12-14 17:08:54,926: +PUB [/rosout] /camera/disparity_depth http://pc:41367/
[rosmaster.master][INFO] 2012-12-14 17:08:54,928: +SERVICE [/camera/disparity_depth/get_loggers] /camera/disparity_depth http://pc:41367/
[rosmaster.master][INFO] 2012-12-14 17:08:54,929: +SERVICE [/camera/disparity_depth/set_logger_level] /camera/disparity_depth http://pc:41367/
[rosmaster.master][INFO] 2012-12-14 17:08:54,932: +PARAM [/camera/disparity_depth] by /camera/disparity_depth
[rosmaster.master][INFO] 2012-12-14 17:08:54,936: +PUB [/rosout] /camera_base_link http://pc:40267/
[rosmaster.master][INFO] 2012-12-14 17:08:54,937: +SERVICE [/camera_base_link/get_loggers] /camera_base_link http://pc:40267/
[rosmaster.master][INFO] 2012-12-14 17:08:54,938: +SERVICE [/camera_base_link/set_logger_level] /camera_base_link http://pc:40267/
[rosmaster.master][INFO] 2012-12-14 17:08:54,940: +PUB [/tf] /camera_base_link http://pc:40267/
[rosmaster.master][INFO] 2012-12-14 17:08:54,943: +SERVICE [/camera/depth_registered/metric/set_logger_level] /camera/depth_registered/metric http://pc:51711/
[rosmaster.master][INFO] 2012-12-14 17:08:54,975: +SERVICE [/camera/disparity_depth_registered/set_logger_level] /camera/disparity_depth_registered http://pc:55564/
[rosmaster.master][INFO] 2012-12-14 17:08:54,978: +PARAM [/camera/disparity_depth_registered] by /camera/disparity_depth_registered
[rosmaster.master][INFO] 2012-12-14 17:08:55,023: publisherUpdate[/rosout] -> http://pc:52389/
[rosmaster.master][INFO] 2012-12-14 17:08:55,029: publisherUpdate[/rosout] -> http://pc:52389/
[rosmaster.master][INFO] 2012-12-14 17:08:55,173: +SERVICE [/camera/rgb/rectify_mono/set_parameters] /camera_nodelet_manager http://pc:39761/
[rosmaster.master][INFO] 2012-12-14 17:08:55,176: +PUB [/camera/rgb/rectify_mono/parameter_descriptions] /camera_nodelet_manager http://pc:39761/
[rosmaster.master][INFO] 2012-12-14 17:08:55,179: +PUB [/camera/rgb/rectify_mono/parameter_updates] /camera_nodelet_manager http://pc:39761/
[rosmaster.master][INFO] 2012-12-14 17:08:55,183: +PARAM [/camera/rgb/rectify_mono/interpolation] by /camera_nodelet_manager
[rosmaster.master][INFO] 2012-12-14 17:08:55,185: +PUB [/camera/rgb/image_rect/compressed] /camera_nodelet_manager http://pc:39761/
[rosmaster.master][INFO] 2012-12-14 17:08:55,188: +SERVICE [/camera/rgb/image_rect/compressed/set_parameters] /camera_nodelet_manager http://pc:39761/
[rosmaster.master][INFO] 2012-12-14 17:08:55,190: +PUB [/camera/rgb/image_rect/compressed/parameter_descriptions] /camera_nodelet_manager http://pc:39761/
[rosmaster.master][INFO] 2012-12-14 17:08:55,192: +PUB [/camera/rgb/image_rect/compressed/parameter_updates] /camera_nodelet_manager http://pc:39761/
[rosmaster.master][INFO] 2012-12-14 17:08:55,200: +PARAM [/camera/rgb/image_rect/compressed/format] by /camera_nodelet_manager
[rosmaster.master][INFO] 2012-12-14 17:08:55,202: +PARAM [/camera/rgb/image_rect/compressed/jpeg_quality] by /camera_nodelet_manager
[rosmaster.master][INFO] 2012-12-14 17:08:55,204: +PARAM [/camera/rgb/image_rect/compressed/png_level] by /camera_nodelet_manager
[rosmaster.master][INFO] 2012-12-14 17:08:55,206: +PUB [/camera/rgb/image_rect] /camera_nodelet_manager http://pc:39761/
[rosmaster.master][INFO] 2012-12-14 17:08:55,209: +PUB [/camera/rgb/image_rect/theora] /camera_nodelet_manager http://pc:39761/
[rosmaster.master][INFO] 2012-12-14 17:08:55,211: +SERVICE [/camera/rgb/image_rect/theora/set_parameters] /camera_nodelet_manager http://pc:39761/
[rosmaster.master][INFO] 2012-12-14 17:08:55,213: +PUB [/camera/rgb/image_rect/theora/parameter_descriptions] /camera_nodelet_manager http://pc:39761/
[rosmaster.master][INFO] 2012-12-14 17:08:55,215: +PUB [/camera/rgb/image_rect/theora/parameter_updates] /camera_nodelet_manager http://pc:39761/
[rosmaster.master][INFO] 2012-12-14 17:08:55,224: +PARAM [/camera/rgb/image_rect/theora/optimize_for] by /camera_nodelet_manager
[rosmaster.master][INFO] 2012-12-14 17:08:55,226: +PARAM [/camera/rgb/image_rect/theora/target_bitrate] by /camera_nodelet_manager
[rosmaster.master][INFO] 2012-12-14 17:08:55,228: +PARAM [/camera/rgb/image_rect/theora/quality] by /camera_nodelet_manager
[rosmaster.master][INFO] 2012-12-14 17:08:55,231: +PARAM [/camera/rgb/image_rect/theora/keyframe_frequency] by /camera_nodelet_manager
[rosmaster.master][INFO] 2012-12-14 17:08:55,490: +PUB [/camera/depth/image/compressed] /camera_nodelet_manager http://pc:39761/
[rosmaster.master][INFO] 2012-12-14 17:08:55,493: +SERVICE [/camera/depth/image/compressed/set_parameters] /camera_nodelet_manager http://pc:39761/
[rosmaster.master][INFO] 2012-12-14 17:08:55,495: +PUB [/camera/depth/image/compressed/parameter_descriptions] /camera_nodelet_manager http://pc:39761/
[rosmaster.master][INFO] 2012-12-14 17:08:55,497: +PUB [/camera/depth/image/compressed/parameter_updates] /camera_nodelet_manager http://pc:39761/
[rosmaster.master][INFO] 2012-12-14 17:08:55,505: +PARAM [/camera/depth/image/compressed/format] by /camera_nodelet_manager
[rosmaster.master][INFO] 2012-12-14 17:08:55,507: +PARAM [/camera/depth/image/compressed/jpeg_quality] by /camera_nodelet_manager
[rosmaster.master][INFO] 2012-12-14 17:08:55,510: +PARAM [/camera/depth/image/compressed/png_level] by /camera_nodelet_manager
[rosmaster.master][INFO] 2012-12-14 17:08:55,512: +PUB [/camera/depth/image] /camera_nodelet_manager http://pc:39761/
[rosmaster.master][INFO] 2012-12-14 17:08:55,515: +PUB [/camera/depth/image/theora] /camera_nodelet_manager http://pc:39761/
[rosmaster.master][INFO] 2012-12-14 17:08:55,517: +SERVICE [/camera/depth/image/theora/set_parameters] /camera_nodelet_manager http://pc:39761/
[rosmaster.master][INFO] 2012-12-14 17:08:55,519: +PUB [/camera/depth/image/theora/parameter_descriptions] /camera_nodelet_manager http://pc:39761/
[rosmaster.master][INFO] 2012-12-14 17:08:55,521: +PUB [/camera/depth/image/theora/parameter_updates] /camera_nodelet_manager http://pc:39761/
[rosmaster.master][INFO] 2012-12-14 17:08:55,531: +PARAM [/camera/depth/image/theora/optimize_for] by /camera_nodelet_manager
[rosmaster.master][INFO] 2012-12-14 17:08:55,534: +PARAM [/camera/depth/image/theora/target_bitrate] by /camera_nodelet_manager
[rosmaster.master][INFO] 2012-12-14 17:08:55,536: +PARAM [/camera/depth/image/theora/quality] by /camera_nodelet_manager
[rosmaster.master][INFO] 2012-12-14 17:08:55,538: +PARAM [/camera/depth/image/theora/keyframe_frequency] by /camera_nodelet_manager
[rosmaster.master][INFO] 2012-12-14 17:08:55,815: +SERVICE [/camera/ir/rectify_ir/set_parameters] /camera_nodelet_manager http://pc:39761/
[rosmaster.master][INFO] 2012-12-14 17:08:55,817: +PUB [/camera/ir/rectify_ir/parameter_descriptions] /camera_nodelet_manager http://pc:39761/
[rosmaster.master][INFO] 2012-12-14 17:08:55,820: +PUB [/camera/ir/rectify_ir/parameter_updates] /camera_nodelet_manager http://pc:39761/
[rosmaster.master][INFO] 2012-12-14 17:08:55,824: +PARAM [/camera/ir/rectify_ir/interpolation] by /camera_nodelet_manager
[rosmaster.master][INFO] 2012-12-14 17:08:55,827: +PUB [/camera/ir/image_rect/compressed] /camera_nodelet_manager http://pc:39761/
[rosmaster.master][INFO] 2012-12-14 17:08:55,829: +SERVICE [/camera/ir/image_rect/compressed/set_parameters] /camera_nodelet_manager http://pc:39761/
[rosmaster.master][INFO] 2012-12-14 17:08:55,831: +PUB [/camera/ir/image_rect/compressed/parameter_descriptions] /camera_nodelet_manager http://pc:39761/
[rosmaster.master][INFO] 2012-12-14 17:08:55,834: +PUB [/camera/ir/image_rect/compressed/parameter_updates] /camera_nodelet_manager http://pc:39761/
[rosmaster.master][INFO] 2012-12-14 17:08:55,842: +PARAM [/camera/ir/image_rect/compressed/format] by /camera_nodelet_manager
[rosmaster.master][INFO] 2012-12-14 17:08:55,844: +PARAM [/camera/ir/image_rect/compressed/jpeg_quality] by /camera_nodelet_manager
[rosmaster.master][INFO] 2012-12-14 17:08:55,846: +PARAM [/camera/ir/image_rect/compressed/png_level] by /camera_nodelet_manager
[rosmaster.master][INFO] 2012-12-14 17:08:55,849: +PUB [/camera/ir/image_rect] /camera_nodelet_manager http://pc:39761/
[rosmaster.master][INFO] 2012-12-14 17:08:55,851: +PUB [/camera/ir/image_rect/theora] /camera_nodelet_manager http://pc:39761/
[rosmaster.master][INFO] 2012-12-14 17:08:55,854: +SERVICE [/camera/ir/image_rect/theora/set_parameters] /camera_nodelet_manager http://pc:39761/
[rosmaster.master][INFO] 2012-12-14 17:08:55,856: +PUB [/camera/ir/image_rect/theora/parameter_descriptions] /camera_nodelet_manager http://pc:39761/
[rosmaster.master][INFO] 2012-12-14 17:08:55,858: +PUB [/camera/ir/image_rect/theora/parameter_updates] /camera_nodelet_manager http://pc:39761/
[rosmaster.master][INFO] 2012-12-14 17:08:55,867: +PARAM [/camera/ir/image_rect/theora/optimize_for] by /camera_nodelet_manager
[rosmaster.master][INFO] 2012-12-14 17:08:55,869: +PARAM [/camera/ir/image_rect/theora/target_bitrate] by /camera_nodelet_manager
[rosmaster.master][INFO] 2012-12-14 17:08:55,872: +PARAM [/camera/ir/image_rect/theora/quality] by /camera_nodelet_manager
[rosmaster.master][INFO] 2012-12-14 17:08:55,874: +PARAM [/camera/ir/image_rect/theora/keyframe_frequency] by /camera_nodelet_manager
[rosmaster.master][INFO] 2012-12-14 17:08:56,541: +PUB [/camera/depth/disparity] /camera_nodelet_manager http://pc:39761/
[rosmaster.master][INFO] 2012-12-14 17:08:57,167: +SUB [/tf] /camera_nodelet_manager http://pc:39761/
[rosmaster.master][INFO] 2012-12-14 17:08:57,174: +SERVICE [/camera_nodelet_manager/tf_frames] /camera_nodelet_manager http://pc:39761/
[rosmaster.master][INFO] 2012-12-14 17:08:57,819: +PARAM [/camera/depth_registered/image_rect_raw/compressed/format] by /camera_nodelet_manager
[rosmaster.master][INFO] 2012-12-14 17:08:57,821: +PARAM [/camera/depth_registered/image_rect_raw/compressed/jpeg_quality] by /camera_nodelet_manager
[rosmaster.master][INFO] 2012-12-14 17:08:57,823: +PARAM [/camera/depth_registered/image_rect_raw/compressed/png_level] by /camera_nodelet_manager
[rosmaster.master][INFO] 2012-12-14 17:08:57,834: +PARAM [/camera/depth_registered/image_rect_raw/theora/optimize_for] by /camera_nodelet_manager
[rosmaster.master][INFO] 2012-12-14 17:08:57,836: +PARAM [/camera/depth_registered/image_rect_raw/theora/target_bitrate] by /camera_nodelet_manager
[rosmaster.master][INFO] 2012-12-14 17:08:57,837: +PARAM [/camera/depth_registered/image_rect_raw/theora/quality] by /camera_nodelet_manager
[rosmaster.master][INFO] 2012-12-14 17:08:57,839: +PARAM [/camera/depth_registered/image_rect_raw/theora/keyframe_frequency] by /camera_nodelet_manager
[rosmaster.master][INFO] 2012-12-14 17:08:57,842: +PUB [/camera/depth_registered/camera_info] /camera_nodelet_manager http://pc:39761/
[rosmaster.master][INFO] 2012-12-14 17:08:57,846: +SUB [/camera/depth/image_rect_raw] /camera_nodelet_manager http://pc:39761/
[rosmaster.master][INFO] 2012-12-14 17:08:57,848: +SUB [/camera/depth/camera_info] /camera_nodelet_manager http://pc:39761/
[rosmaster.master][INFO] 2012-12-14 17:08:57,850: +SUB [/camera/depth/image_raw] /camera_nodelet_manager http://pc:39761/
[rosmaster.master][INFO] 2012-12-14 17:08:57,930: publisherUpdate[/camera/depth_registered/camera_info] -> http://pc:39761/
[rosmaster.master][INFO] 2012-12-14 17:08:58,440: +PUB [/camera/depth_registered/image/compressed] /camera_nodelet_manager http://pc:39761/
[rosmaster.master][INFO] 2012-12-14 17:08:58,442: +SERVICE [/camera/depth_registered/image/compressed/set_parameters] /camera_nodelet_manager http://pc:39761/
[rosmaster.master][INFO] 2012-12-14 17:08:58,445: +PUB [/camera/depth_registered/image/compressed/parameter_descriptions] /camera_nodelet_manager http://pc:39761/
[rosmaster.master][INFO] 2012-12-14 17:08:58,448: +PUB [/camera/depth_registered/image/compressed/parameter_updates] /camera_nodelet_manager http://pc:39761/
[rosmaster.master][INFO] 2012-12-14 17:08:58,452: +PARAM [/camera/depth_registered/image/compressed/format] by /camera_nodelet_manager
[rosmaster.master][INFO] 2012-12-14 17:08:58,453: +PARAM [/camera/depth_registered/image/compressed/jpeg_quality] by /camera_nodelet_manager
[rosmaster.master][INFO] 2012-12-14 17:08:58,454: +PARAM [/camera/depth_registered/image/compressed/png_level] by /camera_nodelet_manager
[rosmaster.master][INFO] 2012-12-14 17:08:58,455: +PUB [/camera/depth_registered/image] /camera_nodelet_manager http://pc:39761/
[rosmaster.master][INFO] 2012-12-14 17:08:58,456: +PUB [/camera/depth_registered/image/theora] /camera_nodelet_manager http://pc:39761/
[rosmaster.master][INFO] 2012-12-14 17:08:58,457: +SERVICE [/camera/depth_registered/image/theora/set_parameters] /camera_nodelet_manager http://pc:39761/
[rosmaster.master][INFO] 2012-12-14 17:08:58,458: +PUB [/camera/depth_registered/image/theora/parameter_descriptions] /camera_nodelet_manager http://pc:39761/
[rosmaster.master][INFO] 2012-12-14 17:08:58,459: +PUB [/camera/depth_registered/image/theora/parameter_updates] /camera_nodelet_manager http://pc:39761/
[rosmaster.master][INFO] 2012-12-14 17:08:58,463: +PARAM [/camera/depth_registered/image/theora/optimize_for] by /camera_nodelet_manager
[rosmaster.master][INFO] 2012-12-14 17:08:58,464: +PARAM [/camera/depth_registered/image/theora/target_bitrate] by /camera_nodelet_manager
[rosmaster.master][INFO] 2012-12-14 17:08:58,465: +PARAM [/camera/depth_registered/image/theora/quality] by /camera_nodelet_manager
[rosmaster.master][INFO] 2012-12-14 17:08:58,466: +PARAM [/camera/depth_registered/image/theora/keyframe_frequency] by /camera_nodelet_manager
[rosmaster.master][INFO] 2012-12-14 17:08:59,070: +PUB [/camera/depth_registered/disparity] /camera_nodelet_manager http://pc:39761/
[rosmaster.master][INFO] 2012-12-14 17:09:00,848: +SERVICE [/camera/driver/set_parameters] /camera_nodelet_manager http://pc:39761/
[rosmaster.master][INFO] 2012-12-14 17:09:00,851: +PUB [/camera/driver/parameter_descriptions] /camera_nodelet_manager http://pc:39761/
[rosmaster.master][INFO] 2012-12-14 17:09:00,853: +PUB [/camera/driver/parameter_updates] /camera_nodelet_manager http://pc:39761/
[rosmaster.master][INFO] 2012-12-14 17:09:00,871: +SUB [/camera/driver/parameter_updates] /set_dr http://pc:40430/
[rosmaster.master][INFO] 2012-12-14 17:09:00,880: +SUB [/camera/driver/parameter_descriptions] /set_dr http://pc:40430/
[rosmaster.master][INFO] 2012-12-14 17:09:00,885: +PARAM [/camera/driver/image_mode] by /camera_nodelet_manager
[rosmaster.master][INFO] 2012-12-14 17:09:00,888: +PARAM [/camera/driver/depth_mode] by /camera_nodelet_manager
[rosmaster.master][INFO] 2012-12-14 17:09:00,890: +PARAM [/camera/driver/depth_registration] by /camera_nodelet_manager
[rosmaster.master][INFO] 2012-12-14 17:09:00,892: +PARAM [/camera/driver/data_skip] by /camera_nodelet_manager
[rosmaster.master][INFO] 2012-12-14 17:09:00,895: +PARAM [/camera/driver/depth_time_offset] by /camera_nodelet_manager
[rosmaster.master][INFO] 2012-12-14 17:09:00,898: +PARAM [/camera/driver/image_time_offset] by /camera_nodelet_manager
[rosmaster.master][INFO] 2012-12-14 17:09:00,901: +PARAM [/camera/driver/depth_ir_offset_x] by /camera_nodelet_manager
[rosmaster.master][INFO] 2012-12-14 17:09:00,905: +PARAM [/camera/driver/depth_ir_offset_y] by /camera_nodelet_manager
[rosmaster.master][INFO] 2012-12-14 17:09:00,908: +PARAM [/camera/driver/z_offset_mm] by /camera_nodelet_manager
[rosmaster.master][INFO] 2012-12-14 17:09:00,930: +SERVICE [/camera/rgb/set_camera_info] /camera_nodelet_manager http://pc:39761/
[rosmaster.master][INFO] 2012-12-14 17:09:00,934: +SERVICE [/camera/ir/set_camera_info] /camera_nodelet_manager http://pc:39761/
[rosmaster.master][INFO] 2012-12-14 17:09:00,965: +PARAM [/camera/driver/image_mode] by /camera_nodelet_manager
[rosmaster.master][INFO] 2012-12-14 17:09:00,967: +PUB [/camera/rgb/image_raw/compressed] /camera_nodelet_manager http://pc:39761/
[rosmaster.master][INFO] 2012-12-14 17:09:00,969: +PARAM [/camera/driver/depth_mode] by /camera_nodelet_manager
[rosmaster.master][INFO] 2012-12-14 17:09:00,971: +SERVICE [/camera/rgb/image_raw/compressed/set_parameters] /camera_nodelet_manager http://pc:39761/
[rosmaster.master][INFO] 2012-12-14 17:09:00,973: +PARAM [/camera/driver/depth_registration] by /camera_nodelet_manager
[rosmaster.master][INFO] 2012-12-14 17:09:00,975: +PUB [/camera/rgb/image_raw/compressed/parameter_descriptions] /camera_nodelet_manager http://pc:39761/
[rosmaster.master][INFO] 2012-12-14 17:09:00,978: +PARAM [/camera/driver/data_skip] by /camera_nodelet_manager
[rosmaster.master][INFO] 2012-12-14 17:09:00,980: +PUB [/camera/rgb/image_raw/compressed/parameter_updates] /camera_nodelet_manager http://pc:39761/
[rosmaster.master][INFO] 2012-12-14 17:09:00,982: +PARAM [/camera/driver/depth_time_offset] by /camera_nodelet_manager
[rosmaster.master][INFO] 2012-12-14 17:09:00,987: +PARAM [/camera/driver/image_time_offset] by /camera_nodelet_manager
[rosmaster.master][INFO] 2012-12-14 17:09:00,993: +PARAM [/camera/driver/depth_ir_offset_x] by /camera_nodelet_manager
[rosmaster.master][INFO] 2012-12-14 17:09:00,995: +PARAM [/camera/driver/depth_ir_offset_y] by /camera_nodelet_manager
[rosmaster.master][INFO] 2012-12-14 17:09:00,997: +PARAM [/camera/rgb/image_raw/compressed/format] by /camera_nodelet_manager
[rosmaster.master][INFO] 2012-12-14 17:09:00,999: +PARAM [/camera/driver/z_offset_mm] by /camera_nodelet_manager
[rosmaster.master][INFO] 2012-12-14 17:09:01,002: +PARAM [/camera/rgb/image_raw/compressed/jpeg_quality] by /camera_nodelet_manager
[rosmaster.master][INFO] 2012-12-14 17:09:01,004: +PARAM [/camera/rgb/image_raw/compressed/png_level] by /camera_nodelet_manager
[rosmaster.master][INFO] 2012-12-14 17:09:01,007: -SUB [/camera/driver/parameter_updates] /set_dr http://pc:40430/
[rosmaster.master][INFO] 2012-12-14 17:09:01,008: -SUB [/camera/driver/parameter_descriptions] /set_dr http://pc:40430/
[rosmaster.master][INFO] 2012-12-14 17:09:01,009: -PUB [/rosout] /set_dr http://pc:40430/
[rosmaster.master][INFO] 2012-12-14 17:09:01,011: +PUB [/camera/rgb/image_raw] /camera_nodelet_manager http://pc:39761/
[rosmaster.master][INFO] 2012-12-14 17:09:01,014: +PUB [/camera/rgb/image_raw/theora] /camera_nodelet_manager http://pc:39761/
[rosmaster.master][INFO] 2012-12-14 17:09:01,017: +SERVICE [/camera/rgb/image_raw/theora/set_parameters] /camera_nodelet_manager http://pc:39761/
[rosmaster.master][INFO] 2012-12-14 17:09:01,019: +PUB [/camera/rgb/image_raw/theora/parameter_descriptions] /camera_nodelet_manager http://pc:39761/
[rosmaster.master][INFO] 2012-12-14 17:09:01,022: +PUB [/camera/rgb/image_raw/theora/parameter_updates] /camera_nodelet_manager http://pc:39761/
[rosmaster.master][INFO] 2012-12-14 17:09:01,032: +PARAM [/camera/rgb/image_raw/theora/optimize_for] by /camera_nodelet_manager
[rosmaster.master][INFO] 2012-12-14 17:09:01,034: +PARAM [/camera/rgb/image_raw/theora/target_bitrate] by /camera_nodelet_manager
[rosmaster.master][INFO] 2012-12-14 17:09:01,036: +PARAM [/camera/rgb/image_raw/theora/quality] by /camera_nodelet_manager
[rosmaster.master][INFO] 2012-12-14 17:09:01,038: +PARAM [/camera/rgb/image_raw/theora/keyframe_frequency] by /camera_nodelet_manager
[rosmaster.master][INFO] 2012-12-14 17:09:01,038: publisherUpdate[/rosout] -> http://pc:52389/
[rosmaster.master][INFO] 2012-12-14 17:09:01,039: publisherUpdate[/camera/rgb/image_raw] -> http://pc:39761/
[rosmaster.master][INFO] 2012-12-14 17:09:01,043: +PUB [/camera/rgb/camera_info] /camera_nodelet_manager http://pc:39761/
[rosmaster.master][INFO] 2012-12-14 17:09:01,044: publisherUpdate[/camera/rgb/camera_info] -> http://pc:39761/
[rosmaster.master][INFO] 2012-12-14 17:09:01,049: +PUB [/camera/ir/image_raw/compressed] /camera_nodelet_manager http://pc:39761/
[rosmaster.master][INFO] 2012-12-14 17:09:01,051: +SERVICE [/camera/ir/image_raw/compressed/set_parameters] /camera_nodelet_manager http://pc:39761/
[rosmaster.master][INFO] 2012-12-14 17:09:01,054: +PUB [/camera/ir/image_raw/compressed/parameter_descriptions] /camera_nodelet_manager http://pc:39761/
[rosmaster.master][INFO] 2012-12-14 17:09:01,056: +PUB [/camera/ir/image_raw/compressed/parameter_updates] /camera_nodelet_manager http://pc:39761/
[rosmaster.master][INFO] 2012-12-14 17:09:01,062: +PARAM [/camera/ir/image_raw/compressed/format] by /camera_nodelet_manager
[rosmaster.master][INFO] 2012-12-14 17:09:01,064: +PARAM [/camera/ir/image_raw/compressed/jpeg_quality] by /camera_nodelet_manager
[rosmaster.master][INFO] 2012-12-14 17:09:01,066: +PARAM [/camera/ir/image_raw/compressed/png_level] by /camera_nodelet_manager
[rosmaster.master][INFO] 2012-12-14 17:09:01,069: +PUB [/camera/ir/image_raw] /camera_nodelet_manager http://pc:39761/
[rosmaster.master][INFO] 2012-12-14 17:09:01,071: +PUB [/camera/ir/image_raw/theora] /camera_nodelet_manager http://pc:39761/
[rosmaster.master][INFO] 2012-12-14 17:09:01,073: +SERVICE [/camera/ir/image_raw/theora/set_parameters] /camera_nodelet_manager http://pc:39761/
[rosmaster.master][INFO] 2012-12-14 17:09:01,076: +PUB [/camera/ir/image_raw/theora/parameter_descriptions] /camera_nodelet_manager http://pc:39761/
[rosmaster.master][INFO] 2012-12-14 17:09:01,078: +PUB [/camera/ir/image_raw/theora/parameter_updates] /camera_nodelet_manager http://pc:39761/
[rosmaster.master][INFO] 2012-12-14 17:09:01,086: +PARAM [/camera/ir/image_raw/theora/optimize_for] by /camera_nodelet_manager
[rosmaster.master][INFO] 2012-12-14 17:09:01,088: +PARAM [/camera/ir/image_raw/theora/target_bitrate] by /camera_nodelet_manager
[rosmaster.master][INFO] 2012-12-14 17:09:01,090: +PARAM [/camera/ir/image_raw/theora/quality] by /camera_nodelet_manager
[rosmaster.master][INFO] 2012-12-14 17:09:01,092: +PARAM [/camera/ir/image_raw/theora/keyframe_frequency] by /camera_nodelet_manager
[rosmaster.master][INFO] 2012-12-14 17:09:01,094: +PUB [/camera/ir/camera_info] /camera_nodelet_manager http://pc:39761/
[rosmaster.master][INFO] 2012-12-14 17:09:01,096: +PUB [/camera/depth/image_raw/compressed] /camera_nodelet_manager http://pc:39761/
[rosmaster.master][INFO] 2012-12-14 17:09:01,099: +SERVICE [/camera/depth/image_raw/compressed/set_parameters] /camera_nodelet_manager http://pc:39761/
[rosmaster.master][INFO] 2012-12-14 17:09:01,101: +PUB [/camera/depth/image_raw/compressed/parameter_descriptions] /camera_nodelet_manager http://pc:39761/
[rosmaster.master][INFO] 2012-12-14 17:09:01,103: +PUB [/camera/depth/image_raw/compressed/parameter_updates] /camera_nodelet_manager http://pc:39761/
[rosmaster.master][INFO] 2012-12-14 17:09:01,110: +PARAM [/camera/depth/image_raw/compressed/format] by /camera_nodelet_manager
[rosmaster.master][INFO] 2012-12-14 17:09:01,112: +PARAM [/camera/depth/image_raw/compressed/jpeg_quality] by /camera_nodelet_manager
[rosmaster.master][INFO] 2012-12-14 17:09:01,114: +PARAM [/camera/depth/image_raw/compressed/png_level] by /camera_nodelet_manager
[rosmaster.master][INFO] 2012-12-14 17:09:01,117: +PUB [/camera/depth/image_raw] /camera_nodelet_manager http://pc:39761/
[rosmaster.master][INFO] 2012-12-14 17:09:01,120: +PUB [/camera/depth/image_raw/theora] /camera_nodelet_manager http://pc:39761/
[rosmaster.master][INFO] 2012-12-14 17:09:01,122: +SERVICE [/camera/depth/image_raw/theora/set_parameters] /camera_nodelet_manager http://pc:39761/
[rosmaster.master][INFO] 2012-12-14 17:09:01,125: +PUB [/camera/depth/image_raw/theora/parameter_descriptions] /camera_nodelet_manager http://pc:39761/
[rosmaster.master][INFO] 2012-12-14 17:09:01,127: +PUB [/camera/depth/image_raw/theora/parameter_updates] /camera_nodelet_manager http://pc:39761/
[rosmaster.master][INFO] 2012-12-14 17:09:01,137: +PARAM [/camera/depth/image_raw/theora/optimize_for] by /camera_nodelet_manager
[rosmaster.master][INFO] 2012-12-14 17:09:01,139: +PARAM [/camera/depth/image_raw/theora/target_bitrate] by /camera_nodelet_manager
[rosmaster.master][INFO] 2012-12-14 17:09:01,141: +PARAM [/camera/depth/image_raw/theora/quality] by /camera_nodelet_manager
[rosmaster.master][INFO] 2012-12-14 17:09:01,144: +PARAM [/camera/depth/image_raw/theora/keyframe_frequency] by /camera_nodelet_manager
[rosmaster.master][INFO] 2012-12-14 17:09:01,144: publisherUpdate[/camera/depth/image_raw] -> http://pc:39761/
[rosmaster.master][INFO] 2012-12-14 17:09:01,148: +PUB [/camera/depth/camera_info] /camera_nodelet_manager http://pc:39761/
[rosmaster.master][INFO] 2012-12-14 17:09:01,151: +PUB [/camera/projector/camera_info] /camera_nodelet_manager http://pc:39761/
[rosmaster.master][INFO] 2012-12-14 17:09:01,154: +PUB [/camera/depth_registered/image_raw/compressed] /camera_nodelet_manager http://pc:39761/
[rosmaster.master][INFO] 2012-12-14 17:09:01,156: +SERVICE [/camera/depth_registered/image_raw/compressed/set_parameters] /camera_nodelet_manager http://pc:39761/
[rosmaster.master][INFO] 2012-12-14 17:09:01,158: +PUB [/camera/depth_registered/image_raw/compressed/parameter_descriptions] /camera_nodelet_manager http://pc:39761/
[rosmaster.master][INFO] 2012-12-14 17:09:01,161: +PUB [/camera/depth_registered/image_raw/compressed/parameter_updates] /camera_nodelet_manager http://pc:39761/
[rosmaster.master][INFO] 2012-12-14 17:09:01,169: +PARAM [/camera/depth_registered/image_raw/compressed/format] by /camera_nodelet_manager
[rosmaster.master][INFO] 2012-12-14 17:09:01,171: +PARAM [/camera/depth_registered/image_raw/compressed/jpeg_quality] by /camera_nodelet_manager
[rosmaster.master][INFO] 2012-12-14 17:09:01,174: +PARAM [/camera/depth_registered/image_raw/compressed/png_level] by /camera_nodelet_manager
[rosmaster.master][INFO] 2012-12-14 17:09:01,176: +PUB [/camera/depth_registered/image_raw] /camera_nodelet_manager http://pc:39761/
[rosmaster.master][INFO] 2012-12-14 17:09:01,179: +PUB [/camera/depth_registered/image_raw/theora] /camera_nodelet_manager http://pc:39761/
[rosmaster.master][INFO] 2012-12-14 17:09:01,181: +SERVICE [/camera/depth_registered/image_raw/theora/set_parameters] /camera_nodelet_manager http://pc:39761/
[rosmaster.master][INFO] 2012-12-14 17:09:01,184: +PUB [/camera/depth_registered/image_raw/theora/parameter_descriptions] /camera_nodelet_manager http://pc:39761/
[rosmaster.master][INFO] 2012-12-14 17:09:01,186: +PUB [/camera/depth_registered/image_raw/theora/parameter_updates] /camera_nodelet_manager http://pc:39761/
[rosmaster.master][INFO] 2012-12-14 17:09:01,196: +PARAM [/camera/depth_registered/image_raw/theora/optimize_for] by /camera_nodelet_manager
[rosmaster.master][INFO] 2012-12-14 17:09:01,198: +PARAM [/camera/depth_registered/image_raw/theora/target_bitrate] by /camera_nodelet_manager
[rosmaster.master][INFO] 2012-12-14 17:09:01,201: +PARAM [/camera/depth_registered/image_raw/theora/quality] by /camera_nodelet_manager
[rosmaster.master][INFO] 2012-12-14 17:09:01,203: +PARAM [/camera/depth_registered/image_raw/theora/keyframe_frequency] by /camera_nodelet_manager
[rosmaster.master][INFO] 2012-12-14 17:09:01,245: publisherUpdate[/camera/depth/camera_info] -> http://pc:39761/
[rosmaster.master][INFO] 2012-12-14 17:09:01,248: publisherUpdate[/camera/depth_registered/image_raw] -> http://pc:39761/
[rosmaster.master][INFO] 2012-12-14 17:09:10,327: -SUB [/camera/depth_registered/image_rect] /depth_detection http://pc:56032/
[rosmaster.master][INFO] 2012-12-14 17:09:10,327: -SUB [/camera/rgb/image_rect_color] /depth_detection http://pc:56032/
[rosmaster.master][INFO] 2012-12-14 17:09:10,327: -PUB [/rosout] /depth_detection http://pc:56032/
[rosmaster.master][INFO] 2012-12-14 17:09:10,341: -PUB [/camera/depth_registered/disparity] /camera_nodelet_manager http://pc:39761/
[rosmaster.master][INFO] 2012-12-14 17:09:10,347: -SUB [/camera/rgb/image_color] /camera_nodelet_manager http://pc:39761/
[rosmaster.master][INFO] 2012-12-14 17:09:10,349: -PUB [/camera/depth/disparity] /camera_nodelet_manager http://pc:39761/
[rosmaster.master][INFO] 2012-12-14 17:09:10,350: -SUB [/camera/depth_registered/image_rect_raw] /camera_nodelet_manager http://pc:39761/
[rosmaster.master][INFO] 2012-12-14 17:09:10,351: -PUB [/camera/depth_registered/points] /camera_nodelet_manager http://pc:39761/
[rosmaster.master][INFO] 2012-12-14 17:09:10,352: -SUB [/camera/rgb/image_raw] /camera_nodelet_manager http://pc:39761/
[rosmaster.master][INFO] 2012-12-14 17:09:10,353: -SUB [/camera/depth_registered/image_raw] /camera_nodelet_manager http://pc:39761/
[rosmaster.master][INFO] 2012-12-14 17:09:10,354: -SUB [/camera/depth_registered/camera_info] /camera_nodelet_manager http://pc:39761/
[rosmaster.master][INFO] 2012-12-14 17:09:10,356: -SUB [/camera/depth/image_rect_raw] /camera_nodelet_manager http://pc:39761/
[rosmaster.master][INFO] 2012-12-14 17:09:10,357: -SUB [/camera/rgb/camera_info] /camera_nodelet_manager http://pc:39761/
[rosmaster.master][INFO] 2012-12-14 17:09:10,359: -SUB [/camera/depth/image_raw] /camera_nodelet_manager http://pc:39761/
[rosmaster.master][INFO] 2012-12-14 17:09:10,360: -SUB [/camera/depth/camera_info] /camera_nodelet_manager http://pc:39761/
[rosmaster.master][INFO] 2012-12-14 17:09:10,363: publisherUpdate[/rosout] -> http://pc:52389/
[rosmaster.master][INFO] 2012-12-14 17:09:10,442: -PUB [/rosout] /camera/points_xyzrgb_depth_rgb http://pc:54335/
[rosmaster.master][INFO] 2012-12-14 17:09:10,446: -PUB [/rosout] /camera/depth_registered/metric http://pc:51711/
[rosmaster.master][INFO] 2012-12-14 17:09:10,448: -PUB [/rosout] /camera/depth_registered/metric_rect http://pc:49579/
[rosmaster.master][INFO] 2012-12-14 17:09:10,451: -PUB [/rosout] /camera/disparity_depth_registered http://pc:55564/
[rosmaster.master][INFO] 2012-12-14 17:09:10,454: -SERVICE [/camera/points_xyzrgb_depth_rgb/get_loggers] /camera/points_xyzrgb_depth_rgb rosrpc://pc:47012
[rosmaster.master][INFO] 2012-12-14 17:09:10,457: -PUB [/rosout] /camera_base_link1 http://pc:51186/
[rosmaster.master][INFO] 2012-12-14 17:09:10,459: -PUB [/rosout] /camera_base_link2 http://pc:54695/
[rosmaster.master][INFO] 2012-12-14 17:09:10,461: -PUB [/rosout] /camera_base_link3 http://pc:48842/
[rosmaster.master][INFO] 2012-12-14 17:09:10,464: -SERVICE [/camera/depth_registered/metric/get_loggers] /camera/depth_registered/metric rosrpc://pc:59773
[rosmaster.master][INFO] 2012-12-14 17:09:10,464: publisherUpdate[/rosout] -> http://pc:52389/
[rosmaster.master][INFO] 2012-12-14 17:09:10,469: -SERVICE [/camera/depth_registered/metric_rect/get_loggers] /camera/depth_registered/metric_rect rosrpc://pc:52527
[rosmaster.master][INFO] 2012-12-14 17:09:10,471: publisherUpdate[/rosout] -> http://pc:52389/
[rosmaster.master][INFO] 2012-12-14 17:09:10,472: -SERVICE [/camera/disparity_depth_registered/get_loggers] /camera/disparity_depth_registered rosrpc://pc:41400
[rosmaster.master][INFO] 2012-12-14 17:09:10,477: -PUB [/rosout] /camera/disparity_depth http://pc:41367/
[rosmaster.master][INFO] 2012-12-14 17:09:10,478: publisherUpdate[/rosout] -> http://pc:52389/
[rosmaster.master][INFO] 2012-12-14 17:09:10,480: -SERVICE [/camera/points_xyzrgb_depth_rgb/set_logger_level] /camera/points_xyzrgb_depth_rgb rosrpc://pc:47012
[rosmaster.master][INFO] 2012-12-14 17:09:10,486: -PUB [/tf] /camera_base_link1 http://pc:51186/
[rosmaster.master][INFO] 2012-12-14 17:09:10,486: publisherUpdate[/rosout] -> http://pc:52389/
[rosmaster.master][INFO] 2012-12-14 17:09:10,488: -PUB [/tf] /camera_base_link2 http://pc:54695/
[rosmaster.master][INFO] 2012-12-14 17:09:10,494: publisherUpdate[/rosout] -> http://pc:52389/
[rosmaster.master][INFO] 2012-12-14 17:09:10,494: -SERVICE [/camera/depth_registered/metric/set_logger_level] /camera/depth_registered/metric rosrpc://pc:59773
[rosmaster.master][INFO] 2012-12-14 17:09:10,497: -SERVICE [/camera/depth_registered/metric_rect/set_logger_level] /camera/depth_registered/metric_rect rosrpc://pc:52527
[rosmaster.master][INFO] 2012-12-14 17:09:10,499: publisherUpdate[/rosout] -> http://pc:52389/
[rosmaster.master][INFO] 2012-12-14 17:09:10,501: -SERVICE [/camera/disparity_depth/get_loggers] /camera/disparity_depth rosrpc://pc:56479
[rosmaster.master][INFO] 2012-12-14 17:09:10,503: publisherUpdate[/rosout] -> http://pc:52389/
[rosmaster.master][INFO] 2012-12-14 17:09:10,506: -SERVICE [/camera_base_link1/get_loggers] /camera_base_link1 rosrpc://pc:53351
[rosmaster.master][INFO] 2012-12-14 17:09:10,510: publisherUpdate[/rosout] -> http://pc:52389/
[rosmaster.master][INFO] 2012-12-14 17:09:10,515: -SERVICE [/camera/disparity_depth_registered/set_logger_level] /camera/disparity_depth_registered rosrpc://pc:41400
[rosmaster.master][INFO] 2012-12-14 17:09:10,515: publisherUpdate[/tf] -> http://pc:39761/
[rosmaster.master][INFO] 2012-12-14 17:09:10,517: -SERVICE [/camera_base_link2/get_loggers] /camera_base_link2 rosrpc://pc:35425
[rosmaster.master][INFO] 2012-12-14 17:09:10,519: publisherUpdate[/tf] -> http://pc:39761/
[rosmaster.master][INFO] 2012-12-14 17:09:10,520: -SERVICE [/camera/disparity_depth/set_logger_level] /camera/disparity_depth rosrpc://pc:56479
[rosmaster.master][INFO] 2012-12-14 17:09:10,523: -SERVICE [/camera_base_link1/set_logger_level] /camera_base_link1 rosrpc://pc:53351
[rosmaster.master][INFO] 2012-12-14 17:09:10,524: -SERVICE [/camera_base_link2/set_logger_level] /camera_base_link2 rosrpc://pc:35425
[rosmaster.master][INFO] 2012-12-14 17:09:10,551: -PUB [/rosout] /camera_base_link http://pc:40267/
[rosmaster.master][INFO] 2012-12-14 17:09:10,554: -PUB [/tf] /camera_base_link http://pc:40267/
[rosmaster.master][INFO] 2012-12-14 17:09:10,556: -SERVICE [/camera_base_link/get_loggers] /camera_base_link rosrpc://pc:59190
[rosmaster.master][INFO] 2012-12-14 17:09:10,558: -SERVICE [/camera_base_link/set_logger_level] /camera_base_link rosrpc://pc:59190
[rosmaster.master][INFO] 2012-12-14 17:09:10,564: publisherUpdate[/rosout] -> http://pc:52389/
[rosmaster.master][INFO] 2012-12-14 17:09:10,565: publisherUpdate[/tf] -> http://pc:39761/
[rosmaster.master][INFO] 2012-12-14 17:09:10,628: -PUB [/camera/depth_registered/rectify_depth/parameter_descriptions] /camera_nodelet_manager http://pc:39761/
[rosmaster.master][INFO] 2012-12-14 17:09:10,630: -PUB [/camera/depth_registered/rectify_depth/parameter_updates] /camera_nodelet_manager http://pc:39761/
[rosmaster.master][INFO] 2012-12-14 17:09:10,633: -SERVICE [/camera/depth_registered/rectify_depth/set_parameters] /camera_nodelet_manager rosrpc://pc:41156
[rosmaster.master][INFO] 2012-12-14 17:09:10,636: -PUB [/camera/depth/points] /camera_nodelet_manager http://pc:39761/
[rosmaster.master][INFO] 2012-12-14 17:09:10,646: -SUB [/tf] /camera_nodelet_manager http://pc:39761/
[rosmaster.master][INFO] 2012-12-14 17:09:10,648: -SERVICE [/camera_nodelet_manager/tf_frames] /camera_nodelet_manager rosrpc://pc:41156
[rosmaster.master][INFO] 2012-12-14 17:09:10,724: -PUB [/rosout] /camera/depth/metric_rect http://pc:42426/
[rosmaster.master][INFO] 2012-12-14 17:09:10,727: -PUB [/rosout] /camera/register_depth_rgb http://pc:36882/
[rosmaster.master][INFO] 2012-12-14 17:09:10,729: -PUB [/rosout] /camera/depth/metric http://pc:57375/
[rosmaster.master][INFO] 2012-12-14 17:09:10,733: -SERVICE [/camera/depth/metric_rect/get_loggers] /camera/depth/metric_rect rosrpc://pc:40903
[rosmaster.master][INFO] 2012-12-14 17:09:10,736: -SERVICE [/camera/depth/metric/get_loggers] /camera/depth/metric rosrpc://pc:53835
[rosmaster.master][INFO] 2012-12-14 17:09:10,740: -SERVICE [/camera/register_depth_rgb/get_loggers] /camera/register_depth_rgb rosrpc://pc:38092
[rosmaster.master][INFO] 2012-12-14 17:09:10,747: -SERVICE [/camera/depth/metric_rect/set_logger_level] /camera/depth/metric_rect rosrpc://pc:40903
[rosmaster.master][INFO] 2012-12-14 17:09:10,751: -SERVICE [/camera/depth/metric/set_logger_level] /camera/depth/metric rosrpc://pc:53835
[rosmaster.master][INFO] 2012-12-14 17:09:10,753: -SERVICE [/camera/register_depth_rgb/set_logger_level] /camera/register_depth_rgb rosrpc://pc:38092
[rosmaster.master][INFO] 2012-12-14 17:09:10,761: -PUB [/rosout] /camera/depth_registered/rectify_depth http://pc:59313/
[rosmaster.master][INFO] 2012-12-14 17:09:10,764: -PUB [/rosout] /camera/depth/points http://pc:40594/
[rosmaster.master][INFO] 2012-12-14 17:09:10,767: publisherUpdate[/rosout] -> http://pc:52389/
[rosmaster.master][INFO] 2012-12-14 17:09:10,772: -PUB [/camera/depth/rectify_depth/parameter_descriptions] /camera_nodelet_manager http://pc:39761/
[rosmaster.master][INFO] 2012-12-14 17:09:10,773: publisherUpdate[/rosout] -> http://pc:52389/
[rosmaster.master][INFO] 2012-12-14 17:09:10,776: publisherUpdate[/rosout] -> http://pc:52389/
[rosmaster.master][INFO] 2012-12-14 17:09:10,779: -SERVICE [/camera/depth/points/get_loggers] /camera/depth/points rosrpc://pc:59221
[rosmaster.master][INFO] 2012-12-14 17:09:10,780: publisherUpdate[/rosout] -> http://pc:52389/
[rosmaster.master][INFO] 2012-12-14 17:09:10,784: -SERVICE [/camera/depth_registered/rectify_depth/get_loggers] /camera/depth_registered/rectify_depth rosrpc://pc:50158
[rosmaster.master][INFO] 2012-12-14 17:09:10,786: -PUB [/camera/depth/rectify_depth/parameter_updates] /camera_nodelet_manager http://pc:39761/
[rosmaster.master][INFO] 2012-12-14 17:09:10,787: publisherUpdate[/rosout] -> http://pc:52389/
[rosmaster.master][INFO] 2012-12-14 17:09:10,789: -SERVICE [/camera/depth/points/set_logger_level] /camera/depth/points rosrpc://pc:59221
[rosmaster.master][INFO] 2012-12-14 17:09:10,792: -SERVICE [/camera/depth_registered/rectify_depth/set_logger_level] /camera/depth_registered/rectify_depth rosrpc://pc:50158
[rosmaster.master][INFO] 2012-12-14 17:09:10,796: -SERVICE [/camera/depth/rectify_depth/set_parameters] /camera_nodelet_manager rosrpc://pc:41156
[rosmaster.master][INFO] 2012-12-14 17:09:10,799: -PUB [/camera/ir/rectify_ir/parameter_descriptions] /camera_nodelet_manager http://pc:39761/
[rosmaster.master][INFO] 2012-12-14 17:09:10,801: -PUB [/camera/ir/rectify_ir/parameter_updates] /camera_nodelet_manager http://pc:39761/
[rosmaster.master][INFO] 2012-12-14 17:09:10,803: -SERVICE [/camera/ir/rectify_ir/set_parameters] /camera_nodelet_manager rosrpc://pc:41156
[rosmaster.master][INFO] 2012-12-14 17:09:10,805: -PUB [/camera/rgb/rectify_mono/parameter_descriptions] /camera_nodelet_manager http://pc:39761/
[rosmaster.master][INFO] 2012-12-14 17:09:10,808: -PUB [/camera/rgb/rectify_mono/parameter_updates] /camera_nodelet_manager http://pc:39761/
[rosmaster.master][INFO] 2012-12-14 17:09:10,811: -SERVICE [/camera/rgb/rectify_mono/set_parameters] /camera_nodelet_manager rosrpc://pc:41156
[rosmaster.master][INFO] 2012-12-14 17:09:10,856: -PUB [/camera/rgb/debayer/parameter_descriptions] /camera_nodelet_manager http://pc:39761/
[rosmaster.master][INFO] 2012-12-14 17:09:10,859: -PUB [/tf] /camera_base_link3 http://pc:48842/
[rosmaster.master][INFO] 2012-12-14 17:09:10,862: -PUB [/camera/rgb/debayer/parameter_updates] /camera_nodelet_manager http://pc:39761/
[rosmaster.master][INFO] 2012-12-14 17:09:10,864: -SERVICE [/camera_base_link3/get_loggers] /camera_base_link3 rosrpc://pc:47837
[rosmaster.master][INFO] 2012-12-14 17:09:10,866: -SERVICE [/camera/rgb/debayer/set_parameters] /camera_nodelet_manager rosrpc://pc:41156
[rosmaster.master][INFO] 2012-12-14 17:09:10,869: -SERVICE [/camera_base_link3/set_logger_level] /camera_base_link3 rosrpc://pc:47837
[rosmaster.master][INFO] 2012-12-14 17:09:10,909: -PUB [/rosout] /camera/driver http://pc:36235/
[rosmaster.master][INFO] 2012-12-14 17:09:10,911: -PUB [/rosout] /camera/rgb/rectify_mono http://pc:54443/
[rosmaster.master][INFO] 2012-12-14 17:09:10,914: -SERVICE [/camera/driver/get_loggers] /camera/driver rosrpc://pc:35779
[rosmaster.master][INFO] 2012-12-14 17:09:10,917: -SERVICE [/camera/rgb/rectify_mono/get_loggers] /camera/rgb/rectify_mono rosrpc://pc:59691
[rosmaster.master][INFO] 2012-12-14 17:09:10,920: -SERVICE [/camera/driver/set_logger_level] /camera/driver rosrpc://pc:35779
[rosmaster.master][INFO] 2012-12-14 17:09:10,922: -SERVICE [/camera/rgb/rectify_mono/set_logger_level] /camera/rgb/rectify_mono rosrpc://pc:59691
[rosmaster.master][INFO] 2012-12-14 17:09:10,924: publisherUpdate[/rosout] -> http://pc:52389/
[rosmaster.master][INFO] 2012-12-14 17:09:10,925: -PUB [/rosout] /camera/ir/rectify_ir http://pc:33036/
[rosmaster.master][INFO] 2012-12-14 17:09:10,928: publisherUpdate[/rosout] -> http://pc:52389/
[rosmaster.master][INFO] 2012-12-14 17:09:10,929: -PUB [/rosout] /camera/depth/rectify_depth http://pc:55605/
[rosmaster.master][INFO] 2012-12-14 17:09:10,933: publisherUpdate[/rosout] -> http://pc:52389/
[rosmaster.master][INFO] 2012-12-14 17:09:10,935: -SERVICE [/camera/ir/rectify_ir/get_loggers] /camera/ir/rectify_ir rosrpc://pc:60150
[rosmaster.master][INFO] 2012-12-14 17:09:10,936: publisherUpdate[/rosout] -> http://pc:52389/
[rosmaster.master][INFO] 2012-12-14 17:09:10,939: -SERVICE [/camera/depth/rectify_depth/get_loggers] /camera/depth/rectify_depth rosrpc://pc:60142
[rosmaster.master][INFO] 2012-12-14 17:09:10,942: -SERVICE [/camera/ir/set_camera_info] /camera_nodelet_manager rosrpc://pc:41156
[rosmaster.master][INFO] 2012-12-14 17:09:10,945: -SERVICE [/camera/ir/rectify_ir/set_logger_level] /camera/ir/rectify_ir rosrpc://pc:60150
[rosmaster.master][INFO] 2012-12-14 17:09:10,948: -SERVICE [/camera/depth/rectify_depth/set_logger_level] /camera/depth/rectify_depth rosrpc://pc:60142
[rosmaster.master][INFO] 2012-12-14 17:09:10,950: -SERVICE [/camera/rgb/set_camera_info] /camera_nodelet_manager rosrpc://pc:41156
[rosmaster.master][INFO] 2012-12-14 17:09:10,953: -PUB [/camera/driver/parameter_descriptions] /camera_nodelet_manager http://pc:39761/
[rosmaster.master][INFO] 2012-12-14 17:09:10,956: -PUB [/camera/driver/parameter_updates] /camera_nodelet_manager http://pc:39761/
[rosmaster.master][INFO] 2012-12-14 17:09:10,959: -SERVICE [/camera/driver/set_parameters] /camera_nodelet_manager rosrpc://pc:41156
[rosmaster.master][INFO] 2012-12-14 17:09:11,008: -PUB [/rosout] /camera/rgb/debayer http://pc:33631/
[rosmaster.master][INFO] 2012-12-14 17:09:11,009: -SERVICE [/camera/rgb/debayer/get_loggers] /camera/rgb/debayer rosrpc://pc:42201
[rosmaster.master][INFO] 2012-12-14 17:09:11,010: -SERVICE [/camera/rgb/debayer/set_logger_level] /camera/rgb/debayer rosrpc://pc:42201
[rosmaster.master][INFO] 2012-12-14 17:09:11,041: publisherUpdate[/rosout] -> http://pc:52389/
[rosmaster.master][INFO] 2012-12-14 17:09:11,068: -PUB [/rosout] /camera_nodelet_manager http://pc:39761/
[rosmaster.master][INFO] 2012-12-14 17:09:11,069: -PUB [/camera/depth/image_rect_raw/compressed] /camera_nodelet_manager http://pc:39761/
[rosmaster.master][INFO] 2012-12-14 17:09:11,070: publisherUpdate[/rosout] -> http://pc:52389/
[rosmaster.master][INFO] 2012-12-14 17:09:11,070: -PUB [/camera/depth/image_rect_raw/compressed/parameter_descriptions] /camera_nodelet_manager http://pc:39761/
[rosmaster.master][INFO] 2012-12-14 17:09:11,072: -PUB [/camera/depth/image_rect_raw/compressed/parameter_updates] /camera_nodelet_manager http://pc:39761/
[rosmaster.master][INFO] 2012-12-14 17:09:11,072: -PUB [/camera/depth/image_rect_raw] /camera_nodelet_manager http://pc:39761/
[rosmaster.master][INFO] 2012-12-14 17:09:11,073: -PUB [/camera/depth/image_rect_raw/theora] /camera_nodelet_manager http://pc:39761/
[rosmaster.master][INFO] 2012-12-14 17:09:11,074: -PUB [/camera/depth/image_rect_raw/theora/parameter_descriptions] /camera_nodelet_manager http://pc:39761/
[rosmaster.master][INFO] 2012-12-14 17:09:11,075: -PUB [/camera/depth/image_rect_raw/theora/parameter_updates] /camera_nodelet_manager http://pc:39761/
[rosmaster.master][INFO] 2012-12-14 17:09:11,076: -PUB [/camera/depth_registered/image_rect/compressed] /camera_nodelet_manager http://pc:39761/
[rosmaster.master][INFO] 2012-12-14 17:09:11,077: -PUB [/camera/depth_registered/image_rect/compressed/parameter_descriptions] /camera_nodelet_manager http://pc:39761/
[rosmaster.master][INFO] 2012-12-14 17:09:11,077: -PUB [/camera/depth_registered/image_rect/compressed/parameter_updates] /camera_nodelet_manager http://pc:39761/
[rosmaster.master][INFO] 2012-12-14 17:09:11,079: -PUB [/camera/depth_registered/image_rect] /camera_nodelet_manager http://pc:39761/
[rosmaster.master][INFO] 2012-12-14 17:09:11,080: -PUB [/camera/depth_registered/image_rect/theora] /camera_nodelet_manager http://pc:39761/
[rosmaster.master][INFO] 2012-12-14 17:09:11,081: -PUB [/camera/depth_registered/image_rect/theora/parameter_descriptions] /camera_nodelet_manager http://pc:39761/
[rosmaster.master][INFO] 2012-12-14 17:09:11,082: -PUB [/camera/depth_registered/image_rect/theora/parameter_updates] /camera_nodelet_manager http://pc:39761/
[rosmaster.master][INFO] 2012-12-14 17:09:11,083: -PUB [/camera/rgb/rectify_color/parameter_descriptions] /camera_nodelet_manager http://pc:39761/
[rosmaster.master][INFO] 2012-12-14 17:09:11,084: -PUB [/camera/rgb/rectify_color/parameter_updates] /camera_nodelet_manager http://pc:39761/
[rosmaster.master][INFO] 2012-12-14 17:09:11,084: -PUB [/camera/rgb/image_rect_color/compressed] /camera_nodelet_manager http://pc:39761/
[rosmaster.master][INFO] 2012-12-14 17:09:11,085: -PUB [/camera/rgb/image_rect_color/compressed/parameter_descriptions] /camera_nodelet_manager http://pc:39761/
[rosmaster.master][INFO] 2012-12-14 17:09:11,086: -PUB [/camera/rgb/image_rect_color/compressed/parameter_updates] /camera_nodelet_manager http://pc:39761/
[rosmaster.master][INFO] 2012-12-14 17:09:11,087: -PUB [/camera/rgb/image_rect_color] /camera_nodelet_manager http://pc:39761/
[rosmaster.master][INFO] 2012-12-14 17:09:11,088: -PUB [/camera/rgb/image_rect_color/theora] /camera_nodelet_manager http://pc:39761/
[rosmaster.master][INFO] 2012-12-14 17:09:11,089: -PUB [/camera/rgb/image_rect_color/theora/parameter_descriptions] /camera_nodelet_manager http://pc:39761/
[rosmaster.master][INFO] 2012-12-14 17:09:11,090: -PUB [/camera/rgb/image_rect_color/theora/parameter_updates] /camera_nodelet_manager http://pc:39761/
[rosmaster.master][INFO] 2012-12-14 17:09:11,091: -PUB [/camera/depth/image_rect/compressed] /camera_nodelet_manager http://pc:39761/
[rosmaster.master][INFO] 2012-12-14 17:09:11,092: -PUB [/camera/depth/image_rect/compressed/parameter_descriptions] /camera_nodelet_manager http://pc:39761/
[rosmaster.master][INFO] 2012-12-14 17:09:11,092: -PUB [/camera/depth/image_rect/compressed/parameter_updates] /camera_nodelet_manager http://pc:39761/
[rosmaster.master][INFO] 2012-12-14 17:09:11,093: -PUB [/camera/depth/image_rect] /camera_nodelet_manager http://pc:39761/
[rosmaster.master][INFO] 2012-12-14 17:09:11,094: -PUB [/camera/depth/image_rect/theora] /camera_nodelet_manager http://pc:39761/
[rosmaster.master][INFO] 2012-12-14 17:09:11,095: -PUB [/camera/depth/image_rect/theora/parameter_descriptions] /camera_nodelet_manager http://pc:39761/
[rosmaster.master][INFO] 2012-12-14 17:09:11,097: -PUB [/camera/depth/image_rect/theora/parameter_updates] /camera_nodelet_manager http://pc:39761/
[rosmaster.master][INFO] 2012-12-14 17:09:11,098: -PUB [/camera/rgb/image_mono/compressed] /camera_nodelet_manager http://pc:39761/
[rosmaster.master][INFO] 2012-12-14 17:09:11,099: -PUB [/camera/rgb/image_mono/compressed/parameter_descriptions] /camera_nodelet_manager http://pc:39761/
[rosmaster.master][INFO] 2012-12-14 17:09:11,100: -PUB [/camera/rgb/image_mono/compressed/parameter_updates] /camera_nodelet_manager http://pc:39761/
[rosmaster.master][INFO] 2012-12-14 17:09:11,100: -PUB [/camera/rgb/image_mono] /camera_nodelet_manager http://pc:39761/
[rosmaster.master][INFO] 2012-12-14 17:09:11,101: -PUB [/camera/rgb/image_mono/theora] /camera_nodelet_manager http://pc:39761/
[rosmaster.master][INFO] 2012-12-14 17:09:11,102: -PUB [/camera/rgb/image_mono/theora/parameter_descriptions] /camera_nodelet_manager http://pc:39761/
[rosmaster.master][INFO] 2012-12-14 17:09:11,103: -PUB [/camera/rgb/image_mono/theora/parameter_updates] /camera_nodelet_manager http://pc:39761/
[rosmaster.master][INFO] 2012-12-14 17:09:11,104: -PUB [/camera/rgb/image_color/compressed] /camera_nodelet_manager http://pc:39761/
[rosmaster.master][INFO] 2012-12-14 17:09:11,105: -PUB [/camera/rgb/image_color/compressed/parameter_descriptions] /camera_nodelet_manager http://pc:39761/
[rosmaster.master][INFO] 2012-12-14 17:09:11,105: -PUB [/camera/rgb/image_color/compressed/parameter_updates] /camera_nodelet_manager http://pc:39761/
[rosmaster.master][INFO] 2012-12-14 17:09:11,106: -PUB [/camera/rgb/image_color] /camera_nodelet_manager http://pc:39761/
[rosmaster.master][INFO] 2012-12-14 17:09:11,107: -PUB [/camera/rgb/image_color/theora] /camera_nodelet_manager http://pc:39761/
[rosmaster.master][INFO] 2012-12-14 17:09:11,108: -PUB [/camera/rgb/image_color/theora/parameter_descriptions] /camera_nodelet_manager http://pc:39761/
[rosmaster.master][INFO] 2012-12-14 17:09:11,109: -PUB [/camera/rgb/image_color/theora/parameter_updates] /camera_nodelet_manager http://pc:39761/
[rosmaster.master][INFO] 2012-12-14 17:09:11,109: -PUB [/camera/depth_registered/image_rect_raw/compressed] /camera_nodelet_manager http://pc:39761/
[rosmaster.master][INFO] 2012-12-14 17:09:11,110: -PUB [/camera/depth_registered/image_rect_raw/compressed/parameter_descriptions] /camera_nodelet_manager http://pc:39761/
[rosmaster.master][INFO] 2012-12-14 17:09:11,111: -PUB [/camera/depth_registered/image_rect_raw/compressed/parameter_updates] /camera_nodelet_manager http://pc:39761/
[rosmaster.master][INFO] 2012-12-14 17:09:11,113: -PUB [/camera/depth_registered/image_rect_raw] /camera_nodelet_manager http://pc:39761/
[rosmaster.master][INFO] 2012-12-14 17:09:11,114: -PUB [/camera/depth_registered/image_rect_raw/theora] /camera_nodelet_manager http://pc:39761/
[rosmaster.master][INFO] 2012-12-14 17:09:11,115: -PUB [/camera/depth_registered/image_rect_raw/theora/parameter_descriptions] /camera_nodelet_manager http://pc:39761/
[rosmaster.master][INFO] 2012-12-14 17:09:11,116: -PUB [/camera/depth_registered/image_rect_raw/theora/parameter_updates] /camera_nodelet_manager http://pc:39761/
[rosmaster.master][INFO] 2012-12-14 17:09:11,117: -PUB [/camera/rgb/image_rect/compressed] /camera_nodelet_manager http://pc:39761/
[rosmaster.master][INFO] 2012-12-14 17:09:11,118: -PUB [/camera/rgb/image_rect/compressed/parameter_descriptions] /camera_nodelet_manager http://pc:39761/
[rosmaster.master][INFO] 2012-12-14 17:09:11,119: -PUB [/camera/rgb/image_rect/compressed/parameter_updates] /camera_nodelet_manager http://pc:39761/
[rosmaster.master][INFO] 2012-12-14 17:09:11,119: -PUB [/camera/rgb/image_rect] /camera_nodelet_manager http://pc:39761/
[rosmaster.master][INFO] 2012-12-14 17:09:11,120: -PUB [/camera/rgb/image_rect/theora] /camera_nodelet_manager http://pc:39761/
[rosmaster.master][INFO] 2012-12-14 17:09:11,121: -PUB [/camera/rgb/image_rect/theora/parameter_descriptions] /camera_nodelet_manager http://pc:39761/
[rosmaster.master][INFO] 2012-12-14 17:09:11,122: -PUB [/camera/rgb/image_rect/theora/parameter_updates] /camera_nodelet_manager http://pc:39761/
[rosmaster.master][INFO] 2012-12-14 17:09:11,123: -PUB [/camera/depth/image/compressed] /camera_nodelet_manager http://pc:39761/
[rosmaster.master][INFO] 2012-12-14 17:09:11,123: -PUB [/camera/depth/image/compressed/parameter_descriptions] /camera_nodelet_manager http://pc:39761/
[rosmaster.master][INFO] 2012-12-14 17:09:11,124: -PUB [/camera/depth/image/compressed/parameter_updates] /camera_nodelet_manager http://pc:39761/
[rosmaster.master][INFO] 2012-12-14 17:09:11,125: -PUB [/camera/depth/image] /camera_nodelet_manager http://pc:39761/
[rosmaster.master][INFO] 2012-12-14 17:09:11,126: -PUB [/camera/depth/image/theora] /camera_nodelet_manager http://pc:39761/
[rosmaster.master][INFO] 2012-12-14 17:09:11,127: -PUB [/camera/depth/image/theora/parameter_descriptions] /camera_nodelet_manager http://pc:39761/
[rosmaster.master][INFO] 2012-12-14 17:09:11,129: -PUB [/camera/depth/image/theora/parameter_updates] /camera_nodelet_manager http://pc:39761/
[rosmaster.master][INFO] 2012-12-14 17:09:11,130: -PUB [/camera/ir/image_rect/compressed] /camera_nodelet_manager http://pc:39761/
[rosmaster.master][INFO] 2012-12-14 17:09:11,130: -PUB [/camera/ir/image_rect/compressed/parameter_descriptions] /camera_nodelet_manager http://pc:39761/
[rosmaster.master][INFO] 2012-12-14 17:09:11,131: -PUB [/camera/ir/image_rect/compressed/parameter_updates] /camera_nodelet_manager http://pc:39761/
[rosmaster.master][INFO] 2012-12-14 17:09:11,132: -PUB [/camera/ir/image_rect] /camera_nodelet_manager http://pc:39761/
[rosmaster.master][INFO] 2012-12-14 17:09:11,133: -PUB [/camera/ir/image_rect/theora] /camera_nodelet_manager http://pc:39761/
[rosmaster.master][INFO] 2012-12-14 17:09:11,134: -PUB [/camera/ir/image_rect/theora/parameter_descriptions] /camera_nodelet_manager http://pc:39761/
[rosmaster.master][INFO] 2012-12-14 17:09:11,134: -PUB [/camera/ir/image_rect/theora/parameter_updates] /camera_nodelet_manager http://pc:39761/
[rosmaster.master][INFO] 2012-12-14 17:09:11,135: -PUB [/camera/depth_registered/camera_info] /camera_nodelet_manager http://pc:39761/
[rosmaster.master][INFO] 2012-12-14 17:09:11,136: -PUB [/camera/depth_registered/image/compressed] /camera_nodelet_manager http://pc:39761/
[rosmaster.master][INFO] 2012-12-14 17:09:11,137: -PUB [/camera/depth_registered/image/compressed/parameter_descriptions] /camera_nodelet_manager http://pc:39761/
[rosmaster.master][INFO] 2012-12-14 17:09:11,138: -PUB [/camera/depth_registered/image/compressed/parameter_updates] /camera_nodelet_manager http://pc:39761/
[rosmaster.master][INFO] 2012-12-14 17:09:11,139: -PUB [/camera/depth_registered/image] /camera_nodelet_manager http://pc:39761/
[rosmaster.master][INFO] 2012-12-14 17:09:11,140: -PUB [/camera/depth_registered/image/theora] /camera_nodelet_manager http://pc:39761/
[rosmaster.master][INFO] 2012-12-14 17:09:11,141: -PUB [/camera/depth_registered/image/theora/parameter_descriptions] /camera_nodelet_manager http://pc:39761/
[rosmaster.master][INFO] 2012-12-14 17:09:11,142: -PUB [/camera/depth_registered/image/theora/parameter_updates] /camera_nodelet_manager http://pc:39761/
[rosmaster.master][INFO] 2012-12-14 17:09:11,143: -PUB [/camera/rgb/image_raw/compressed] /camera_nodelet_manager http://pc:39761/
[rosmaster.master][INFO] 2012-12-14 17:09:11,144: -PUB [/camera/rgb/image_raw/compressed/parameter_descriptions] /camera_nodelet_manager http://pc:39761/
[rosmaster.master][INFO] 2012-12-14 17:09:11,146: -PUB [/camera/rgb/image_raw/compressed/parameter_updates] /camera_nodelet_manager http://pc:39761/
[rosmaster.master][INFO] 2012-12-14 17:09:11,147: -PUB [/camera/rgb/image_raw] /camera_nodelet_manager http://pc:39761/
[rosmaster.master][INFO] 2012-12-14 17:09:11,148: -PUB [/camera/rgb/image_raw/theora] /camera_nodelet_manager http://pc:39761/
[rosmaster.master][INFO] 2012-12-14 17:09:11,149: -PUB [/camera/rgb/image_raw/theora/parameter_descriptions] /camera_nodelet_manager http://pc:39761/
[rosmaster.master][INFO] 2012-12-14 17:09:11,150: -PUB [/camera/rgb/image_raw/theora/parameter_updates] /camera_nodelet_manager http://pc:39761/
[rosmaster.master][INFO] 2012-12-14 17:09:11,151: -PUB [/camera/rgb/camera_info] /camera_nodelet_manager http://pc:39761/
[rosmaster.master][INFO] 2012-12-14 17:09:11,153: -PUB [/camera/ir/image_raw/compressed] /camera_nodelet_manager http://pc:39761/
[rosmaster.master][INFO] 2012-12-14 17:09:11,154: -PUB [/camera/ir/image_raw/compressed/parameter_descriptions] /camera_nodelet_manager http://pc:39761/
[rosmaster.master][INFO] 2012-12-14 17:09:11,155: -PUB [/camera/ir/image_raw/compressed/parameter_updates] /camera_nodelet_manager http://pc:39761/
[rosmaster.master][INFO] 2012-12-14 17:09:11,155: -PUB [/camera/ir/image_raw] /camera_nodelet_manager http://pc:39761/
[rosmaster.master][INFO] 2012-12-14 17:09:11,156: -PUB [/camera/ir/image_raw/theora] /camera_nodelet_manager http://pc:39761/
[rosmaster.master][INFO] 2012-12-14 17:09:11,157: -PUB [/camera/ir/image_raw/theora/parameter_descriptions] /camera_nodelet_manager http://pc:39761/
[rosmaster.master][INFO] 2012-12-14 17:09:11,158: -PUB [/camera/ir/image_raw/theora/parameter_updates] /camera_nodelet_manager http://pc:39761/
[rosmaster.master][INFO] 2012-12-14 17:09:11,160: -PUB [/camera/ir/camera_info] /camera_nodelet_manager http://pc:39761/
[rosmaster.master][INFO] 2012-12-14 17:09:11,161: -PUB [/camera/depth/image_raw/compressed] /camera_nodelet_manager http://pc:39761/
[rosmaster.master][INFO] 2012-12-14 17:09:11,162: -PUB [/camera/depth/image_raw/compressed/parameter_descriptions] /camera_nodelet_manager http://pc:39761/
[rosmaster.master][INFO] 2012-12-14 17:09:11,163: -PUB [/camera/depth/image_raw/compressed/parameter_updates] /camera_nodelet_manager http://pc:39761/
[rosmaster.master][INFO] 2012-12-14 17:09:11,164: -PUB [/camera/depth/image_raw] /camera_nodelet_manager http://pc:39761/
[rosmaster.master][INFO] 2012-12-14 17:09:11,164: -PUB [/camera/depth/image_raw/theora] /camera_nodelet_manager http://pc:39761/
[rosmaster.master][INFO] 2012-12-14 17:09:11,165: -PUB [/camera/depth/image_raw/theora/parameter_descriptions] /camera_nodelet_manager http://pc:39761/
[rosmaster.master][INFO] 2012-12-14 17:09:11,166: -PUB [/camera/depth/image_raw/theora/parameter_updates] /camera_nodelet_manager http://pc:39761/
[rosmaster.master][INFO] 2012-12-14 17:09:11,167: -PUB [/camera/depth/camera_info] /camera_nodelet_manager http://pc:39761/
[rosmaster.master][INFO] 2012-12-14 17:09:11,168: -PUB [/camera/projector/camera_info] /camera_nodelet_manager http://pc:39761/
[rosmaster.master][INFO] 2012-12-14 17:09:11,169: -PUB [/camera/depth_registered/image_raw/compressed] /camera_nodelet_manager http://pc:39761/
[rosmaster.master][INFO] 2012-12-14 17:09:11,169: -PUB [/camera/depth_registered/image_raw/compressed/parameter_descriptions] /camera_nodelet_manager http://pc:39761/
[rosmaster.master][INFO] 2012-12-14 17:09:11,170: -PUB [/camera/depth_registered/image_raw/compressed/parameter_updates] /camera_nodelet_manager http://pc:39761/
[rosmaster.master][INFO] 2012-12-14 17:09:11,171: -PUB [/camera/depth_registered/image_raw] /camera_nodelet_manager http://pc:39761/
[rosmaster.master][INFO] 2012-12-14 17:09:11,172: -PUB [/camera/depth_registered/image_raw/theora] /camera_nodelet_manager http://pc:39761/
[rosmaster.master][INFO] 2012-12-14 17:09:11,173: -PUB [/camera/depth_registered/image_raw/theora/parameter_descriptions] /camera_nodelet_manager http://pc:39761/
[rosmaster.master][INFO] 2012-12-14 17:09:11,174: -PUB [/camera/depth_registered/image_raw/theora/parameter_updates] /camera_nodelet_manager http://pc:39761/
[rosmaster.master][INFO] 2012-12-14 17:09:11,175: -SERVICE [/camera_nodelet_manager/get_loggers] /camera_nodelet_manager rosrpc://pc:41156
[rosmaster.master][INFO] 2012-12-14 17:09:11,176: -SERVICE [/camera_nodelet_manager/set_logger_level] /camera_nodelet_manager rosrpc://pc:41156
[rosmaster.master][INFO] 2012-12-14 17:09:11,177: -SERVICE [/camera_nodelet_manager/load_nodelet] /camera_nodelet_manager rosrpc://pc:41156
[rosmaster.master][INFO] 2012-12-14 17:09:11,178: -SERVICE [/camera_nodelet_manager/unload_nodelet] /camera_nodelet_manager rosrpc://pc:41156
[rosmaster.master][INFO] 2012-12-14 17:09:11,179: -SERVICE [/camera_nodelet_manager/list] /camera_nodelet_manager rosrpc://pc:41156
[rosmaster.master][INFO] 2012-12-14 17:09:11,180: -SERVICE [/camera/depth/image_rect_raw/compressed/set_parameters] /camera_nodelet_manager rosrpc://pc:41156
[rosmaster.master][INFO] 2012-12-14 17:09:11,181: -SERVICE [/camera/depth/image_rect_raw/theora/set_parameters] /camera_nodelet_manager rosrpc://pc:41156
[rosmaster.master][INFO] 2012-12-14 17:09:11,182: -SERVICE [/camera/depth_registered/image_rect/compressed/set_parameters] /camera_nodelet_manager rosrpc://pc:41156
[rosmaster.master][INFO] 2012-12-14 17:09:11,182: -SERVICE [/camera/depth_registered/image_rect/theora/set_parameters] /camera_nodelet_manager rosrpc://pc:41156
[rosmaster.master][INFO] 2012-12-14 17:09:11,183: -SERVICE [/camera/rgb/rectify_color/set_parameters] /camera_nodelet_manager rosrpc://pc:41156
[rosmaster.master][INFO] 2012-12-14 17:09:11,184: -SERVICE [/camera/rgb/image_rect_color/compressed/set_parameters] /camera_nodelet_manager rosrpc://pc:41156
[rosmaster.master][INFO] 2012-12-14 17:09:11,185: -SERVICE [/camera/rgb/image_rect_color/theora/set_parameters] /camera_nodelet_manager rosrpc://pc:41156
[rosmaster.master][INFO] 2012-12-14 17:09:11,186: -SERVICE [/camera/depth/image_rect/compressed/set_parameters] /camera_nodelet_manager rosrpc://pc:41156
[rosmaster.master][INFO] 2012-12-14 17:09:11,187: -SERVICE [/camera/depth/image_rect/theora/set_parameters] /camera_nodelet_manager rosrpc://pc:41156
[rosmaster.master][INFO] 2012-12-14 17:09:11,187: -SERVICE [/camera/rgb/image_mono/compressed/set_parameters] /camera_nodelet_manager rosrpc://pc:41156
[rosmaster.master][INFO] 2012-12-14 17:09:11,188: -SERVICE [/camera/rgb/image_mono/theora/set_parameters] /camera_nodelet_manager rosrpc://pc:41156
[rosmaster.master][INFO] 2012-12-14 17:09:11,189: -SERVICE [/camera/rgb/image_color/compressed/set_parameters] /camera_nodelet_manager rosrpc://pc:41156
[rosmaster.master][INFO] 2012-12-14 17:09:11,190: -SERVICE [/camera/rgb/image_color/theora/set_parameters] /camera_nodelet_manager rosrpc://pc:41156
[rosmaster.master][INFO] 2012-12-14 17:09:11,192: -SERVICE [/camera/depth_registered/image_rect_raw/compressed/set_parameters] /camera_nodelet_manager rosrpc://pc:41156
[rosmaster.master][INFO] 2012-12-14 17:09:11,193: -SERVICE [/camera/depth_registered/image_rect_raw/theora/set_parameters] /camera_nodelet_manager rosrpc://pc:41156
[rosmaster.master][INFO] 2012-12-14 17:09:11,194: -SERVICE [/camera/rgb/image_rect/compressed/set_parameters] /camera_nodelet_manager rosrpc://pc:41156
[rosmaster.master][INFO] 2012-12-14 17:09:11,195: -SERVICE [/camera/rgb/image_rect/theora/set_parameters] /camera_nodelet_manager rosrpc://pc:41156
[rosmaster.master][INFO] 2012-12-14 17:09:11,195: -SERVICE [/camera/depth/image/compressed/set_parameters] /camera_nodelet_manager rosrpc://pc:41156
[rosmaster.master][INFO] 2012-12-14 17:09:11,196: -SERVICE [/camera/depth/image/theora/set_parameters] /camera_nodelet_manager rosrpc://pc:41156
[rosmaster.master][INFO] 2012-12-14 17:09:11,197: -SERVICE [/camera/ir/image_rect/compressed/set_parameters] /camera_nodelet_manager rosrpc://pc:41156
[rosmaster.master][INFO] 2012-12-14 17:09:11,198: -SERVICE [/camera/ir/image_rect/theora/set_parameters] /camera_nodelet_manager rosrpc://pc:41156
[rosmaster.master][INFO] 2012-12-14 17:09:11,199: -SERVICE [/camera/depth_registered/image/compressed/set_parameters] /camera_nodelet_manager rosrpc://pc:41156
[rosmaster.master][INFO] 2012-12-14 17:09:11,200: -SERVICE [/camera/depth_registered/image/theora/set_parameters] /camera_nodelet_manager rosrpc://pc:41156
[rosmaster.master][INFO] 2012-12-14 17:09:11,201: -SERVICE [/camera/rgb/image_raw/compressed/set_parameters] /camera_nodelet_manager rosrpc://pc:41156
[rosmaster.master][INFO] 2012-12-14 17:09:11,201: -SERVICE [/camera/rgb/image_raw/theora/set_parameters] /camera_nodelet_manager rosrpc://pc:41156
[rosmaster.master][INFO] 2012-12-14 17:09:11,202: -SERVICE [/camera/ir/image_raw/compressed/set_parameters] /camera_nodelet_manager rosrpc://pc:41156
[rosmaster.master][INFO] 2012-12-14 17:09:11,203: -SERVICE [/camera/ir/image_raw/theora/set_parameters] /camera_nodelet_manager rosrpc://pc:41156
[rosmaster.master][INFO] 2012-12-14 17:09:11,204: -SERVICE [/camera/depth/image_raw/compressed/set_parameters] /camera_nodelet_manager rosrpc://pc:41156
[rosmaster.master][INFO] 2012-12-14 17:09:11,205: -SERVICE [/camera/depth/image_raw/theora/set_parameters] /camera_nodelet_manager rosrpc://pc:41156
[rosmaster.master][INFO] 2012-12-14 17:09:11,205: -SERVICE [/camera/depth_registered/image_raw/compressed/set_parameters] /camera_nodelet_manager rosrpc://pc:41156
[rosmaster.master][INFO] 2012-12-14 17:09:11,207: -SERVICE [/camera/depth_registered/image_raw/theora/set_parameters] /camera_nodelet_manager rosrpc://pc:41156
[rosmaster.master][INFO] 2012-12-14 17:09:11,425: -PUB [/rosout] /camera/rgb/rectify_color http://pc:38059/
[rosmaster.master][INFO] 2012-12-14 17:09:11,428: -SERVICE [/camera/rgb/rectify_color/get_loggers] /camera/rgb/rectify_color rosrpc://pc:52108
[rosmaster.master][INFO] 2012-12-14 17:09:11,430: -SERVICE [/camera/rgb/rectify_color/set_logger_level] /camera/rgb/rectify_color rosrpc://pc:52108
[rosmaster.master][INFO] 2012-12-14 17:09:11,443: publisherUpdate[/rosout] -> http://pc:52389/
[rosmaster.master][INFO] 2012-12-14 17:09:11,647: -PUB [/rosout_agg] /rosout http://pc:52389/
[rosmaster.master][INFO] 2012-12-14 17:09:11,650: -SUB [/rosout] /rosout http://pc:52389/
[rosmaster.master][INFO] 2012-12-14 17:09:11,651: -SERVICE [/rosout/get_loggers] /rosout rosrpc://pc:44650
[rosmaster.master][INFO] 2012-12-14 17:09:11,652: -SERVICE [/rosout/set_logger_level] /rosout rosrpc://pc:44650
[rosmaster.main][INFO] 2012-12-14 17:09:11,745: keyboard interrupt, will exit
[rosmaster.main][INFO] 2012-12-14 17:09:11,745: stopping master...
