[rosmaster.main][INFO] 2012-12-15 18:08:09,319: initialization complete, waiting for shutdown
[rosmaster.main][INFO] 2012-12-15 18:08:09,319: Starting ROS Master Node
[xmlrpc][INFO] 2012-12-15 18:08:09,320: XML-RPC server binding to 0.0.0.0
[xmlrpc][INFO] 2012-12-15 18:08:09,321: Started XML-RPC server [http://pc:11311/]
[rosmaster.master][INFO] 2012-12-15 18:08:09,322: Master initialized: port[11311], uri[http://pc:11311/]
[xmlrpc][INFO] 2012-12-15 18:08:09,322: xml rpc node: starting XML-RPC server
[rosmaster.master][INFO] 2012-12-15 18:08:09,432: +PARAM [/run_id] by /roslaunch
[rosmaster.master][INFO] 2012-12-15 18:08:09,437: +PARAM [/roslaunch/uris/host_pc__54782] by /roslaunch
[rosmaster.master][INFO] 2012-12-15 18:08:09,463: +PARAM [/rosdistro] by /roslaunch
[rosmaster.master][INFO] 2012-12-15 18:08:09,464: +PARAM [/camera/driver/rgb_frame_id] by /roslaunch
[rosmaster.master][INFO] 2012-12-15 18:08:09,464: +PARAM [/camera/disparity_depth_registered/min_range] by /roslaunch
[rosmaster.master][INFO] 2012-12-15 18:08:09,464: +PARAM [/camera/driver/rgb_camera_info_url] by /roslaunch
[rosmaster.master][INFO] 2012-12-15 18:08:09,464: +PARAM [/camera/depth_registered/rectify_depth/interpolation] by /roslaunch
[rosmaster.master][INFO] 2012-12-15 18:08:09,464: +PARAM [/camera/driver/depth_frame_id] by /roslaunch
[rosmaster.master][INFO] 2012-12-15 18:08:09,464: +PARAM [/camera/depth/rectify_depth/interpolation] by /roslaunch
[rosmaster.master][INFO] 2012-12-15 18:08:09,465: +PARAM [/camera/disparity_depth/max_range] by /roslaunch
[rosmaster.master][INFO] 2012-12-15 18:08:09,465: +PARAM [/rosversion] by /roslaunch
[rosmaster.master][INFO] 2012-12-15 18:08:09,465: +PARAM [/camera/driver/device_id] by /roslaunch
[rosmaster.master][INFO] 2012-12-15 18:08:09,465: +PARAM [/camera/driver/depth_camera_info_url] by /roslaunch
[rosmaster.master][INFO] 2012-12-15 18:08:09,465: +PARAM [/camera/disparity_depth/min_range] by /roslaunch
[rosmaster.master][INFO] 2012-12-15 18:08:09,465: +PARAM [/camera/disparity_depth_registered/max_range] by /roslaunch
[rosmaster.master][INFO] 2012-12-15 18:08:09,471: +SERVICE [/rosout/get_loggers] /rosout http://pc:36347/
[rosmaster.master][INFO] 2012-12-15 18:08:09,472: +SERVICE [/rosout/set_logger_level] /rosout http://pc:36347/
[rosmaster.master][INFO] 2012-12-15 18:08:09,476: +PUB [/rosout_agg] /rosout http://pc:36347/
[rosmaster.master][INFO] 2012-12-15 18:08:09,478: +SUB [/rosout] /rosout http://pc:36347/
[rosmaster.master][INFO] 2012-12-15 18:08:09,502: +PUB [/rosout] /camera/driver http://pc:34921/
[rosmaster.master][INFO] 2012-12-15 18:08:09,504: +SERVICE [/camera/driver/get_loggers] /camera/driver http://pc:34921/
[rosmaster.master][INFO] 2012-12-15 18:08:09,506: +SERVICE [/camera/driver/set_logger_level] /camera/driver http://pc:34921/
[rosmaster.master][INFO] 2012-12-15 18:08:09,510: +PUB [/rosout] /camera/rgb/debayer http://pc:37235/
[rosmaster.master][INFO] 2012-12-15 18:08:09,514: +SERVICE [/camera/rgb/debayer/get_loggers] /camera/rgb/debayer http://pc:37235/
[rosmaster.master][INFO] 2012-12-15 18:08:09,516: +PARAM [/camera/driver] by /camera/driver
[rosmaster.master][INFO] 2012-12-15 18:08:09,517: +SERVICE [/camera/rgb/debayer/set_logger_level] /camera/rgb/debayer http://pc:37235/
[rosmaster.master][INFO] 2012-12-15 18:08:09,523: publisherUpdate[/rosout] -> http://pc:36347/
[rosmaster.master][INFO] 2012-12-15 18:08:09,526: publisherUpdate[/rosout] -> http://pc:36347/
[rosmaster.master][INFO] 2012-12-15 18:08:09,543: +PUB [/rosout] /camera/rgb/rectify_mono http://pc:34941/
[rosmaster.master][INFO] 2012-12-15 18:08:09,547: +SERVICE [/camera/rgb/rectify_mono/get_loggers] /camera/rgb/rectify_mono http://pc:34941/
[rosmaster.master][INFO] 2012-12-15 18:08:09,551: +PUB [/rosout] /camera/rgb/rectify_color http://pc:44611/
[rosmaster.master][INFO] 2012-12-15 18:08:09,555: +SERVICE [/camera/rgb/rectify_color/get_loggers] /camera/rgb/rectify_color http://pc:44611/
[rosmaster.master][INFO] 2012-12-15 18:08:09,556: +SERVICE [/camera/rgb/rectify_mono/set_logger_level] /camera/rgb/rectify_mono http://pc:34941/
[rosmaster.master][INFO] 2012-12-15 18:08:09,564: +SERVICE [/camera/rgb/rectify_color/set_logger_level] /camera/rgb/rectify_color http://pc:44611/
[rosmaster.master][INFO] 2012-12-15 18:08:09,570: +PUB [/rosout] /camera/ir/rectify_ir http://pc:33586/
[rosmaster.master][INFO] 2012-12-15 18:08:09,571: +PUB [/rosout] /camera/depth/rectify_depth http://pc:37739/
[rosmaster.master][INFO] 2012-12-15 18:08:09,585: +SERVICE [/camera/ir/rectify_ir/get_loggers] /camera/ir/rectify_ir http://pc:33586/
[rosmaster.master][INFO] 2012-12-15 18:08:09,586: +SERVICE [/camera/depth/rectify_depth/get_loggers] /camera/depth/rectify_depth http://pc:37739/
[rosmaster.master][INFO] 2012-12-15 18:08:09,589: +PUB [/rosout] /camera/depth/metric_rect http://pc:47264/
[rosmaster.master][INFO] 2012-12-15 18:08:09,598: +SERVICE [/camera/ir/rectify_ir/set_logger_level] /camera/ir/rectify_ir http://pc:33586/
[rosmaster.master][INFO] 2012-12-15 18:08:09,599: +SERVICE [/camera/depth/rectify_depth/set_logger_level] /camera/depth/rectify_depth http://pc:37739/
[rosmaster.master][INFO] 2012-12-15 18:08:09,604: +SERVICE [/camera/depth/metric_rect/get_loggers] /camera/depth/metric_rect http://pc:47264/
[rosmaster.master][INFO] 2012-12-15 18:08:09,616: +PUB [/rosout] /camera/depth/metric http://pc:59862/
[rosmaster.master][INFO] 2012-12-15 18:08:09,627: publisherUpdate[/rosout] -> http://pc:36347/
[rosmaster.master][INFO] 2012-12-15 18:08:09,629: publisherUpdate[/rosout] -> http://pc:36347/
[rosmaster.master][INFO] 2012-12-15 18:08:09,630: publisherUpdate[/rosout] -> http://pc:36347/
[rosmaster.master][INFO] 2012-12-15 18:08:09,632: publisherUpdate[/rosout] -> http://pc:36347/
[rosmaster.master][INFO] 2012-12-15 18:08:09,633: publisherUpdate[/rosout] -> http://pc:36347/
[rosmaster.master][INFO] 2012-12-15 18:08:09,634: publisherUpdate[/rosout] -> http://pc:36347/
[rosmaster.master][INFO] 2012-12-15 18:08:09,639: +SERVICE [/camera/depth/metric_rect/set_logger_level] /camera/depth/metric_rect http://pc:47264/
[rosmaster.master][INFO] 2012-12-15 18:08:09,641: +PUB [/rosout] /camera/depth/points http://pc:43068/
[rosmaster.master][INFO] 2012-12-15 18:08:09,647: +SERVICE [/camera/depth/metric/get_loggers] /camera/depth/metric http://pc:59862/
[rosmaster.master][INFO] 2012-12-15 18:08:09,658: +SERVICE [/camera/depth/points/get_loggers] /camera/depth/points http://pc:43068/
[rosmaster.master][INFO] 2012-12-15 18:08:09,660: +PUB [/rosout] /camera/depth_registered/rectify_depth http://pc:50343/
[rosmaster.master][INFO] 2012-12-15 18:08:09,670: +PUB [/rosout] /camera/depth_registered/metric_rect http://pc:56195/
[rosmaster.master][INFO] 2012-12-15 18:08:09,672: +PUB [/rosout] /camera/depth_registered/metric http://pc:43149/
[rosmaster.master][INFO] 2012-12-15 18:08:09,675: +PUB [/rosout] /camera/points_xyzrgb_depth_rgb http://pc:58707/
[rosmaster.master][INFO] 2012-12-15 18:08:09,676: +SERVICE [/camera/depth_registered/metric_rect/get_loggers] /camera/depth_registered/metric_rect http://pc:56195/
[rosmaster.master][INFO] 2012-12-15 18:08:09,690: +SERVICE [/camera/depth_registered/metric/get_loggers] /camera/depth_registered/metric http://pc:43149/
[rosmaster.master][INFO] 2012-12-15 18:08:09,694: +SERVICE [/camera/points_xyzrgb_depth_rgb/get_loggers] /camera/points_xyzrgb_depth_rgb http://pc:58707/
[rosmaster.master][INFO] 2012-12-15 18:08:09,696: +SERVICE [/camera/depth_registered/metric_rect/set_logger_level] /camera/depth_registered/metric_rect http://pc:56195/
[rosmaster.master][INFO] 2012-12-15 18:08:09,708: +PUB [/rosout] /camera/disparity_depth http://pc:42687/
[rosmaster.master][INFO] 2012-12-15 18:08:09,710: +PUB [/rosout] /camera/disparity_depth_registered http://pc:34838/
[rosmaster.master][INFO] 2012-12-15 18:08:09,714: +PUB [/rosout] /camera_base_link http://pc:58427/
[rosmaster.master][INFO] 2012-12-15 18:08:09,717: +SERVICE [/camera/disparity_depth/get_loggers] /camera/disparity_depth http://pc:42687/
[rosmaster.master][INFO] 2012-12-15 18:08:09,720: +SERVICE [/camera/disparity_depth_registered/get_loggers] /camera/disparity_depth_registered http://pc:34838/
[rosmaster.master][INFO] 2012-12-15 18:08:09,721: +SERVICE [/camera_base_link/get_loggers] /camera_base_link http://pc:58427/
[rosmaster.master][INFO] 2012-12-15 18:08:09,723: +SERVICE [/camera/disparity_depth/set_logger_level] /camera/disparity_depth http://pc:42687/
[rosmaster.master][INFO] 2012-12-15 18:08:09,724: +PUB [/rosout] /camera_base_link1 http://pc:58144/
[rosmaster.master][INFO] 2012-12-15 18:08:09,725: +SERVICE [/camera/disparity_depth_registered/set_logger_level] /camera/disparity_depth_registered http://pc:34838/
[rosmaster.master][INFO] 2012-12-15 18:08:09,726: +PUB [/rosout] /camera_base_link2 http://pc:38835/
[rosmaster.master][INFO] 2012-12-15 18:08:09,727: +SERVICE [/camera_base_link/set_logger_level] /camera_base_link http://pc:58427/
[rosmaster.master][INFO] 2012-12-15 18:08:09,729: publisherUpdate[/rosout] -> http://pc:36347/
[rosmaster.master][INFO] 2012-12-15 18:08:09,737: publisherUpdate[/rosout] -> http://pc:36347/
[rosmaster.master][INFO] 2012-12-15 18:08:09,740: publisherUpdate[/rosout] -> http://pc:36347/
[rosmaster.master][INFO] 2012-12-15 18:08:09,741: publisherUpdate[/rosout] -> http://pc:36347/
[rosmaster.master][INFO] 2012-12-15 18:08:09,743: publisherUpdate[/rosout] -> http://pc:36347/
[rosmaster.master][INFO] 2012-12-15 18:08:09,744: publisherUpdate[/rosout] -> http://pc:36347/
[rosmaster.master][INFO] 2012-12-15 18:08:09,745: publisherUpdate[/rosout] -> http://pc:36347/
[rosmaster.master][INFO] 2012-12-15 18:08:09,747: publisherUpdate[/rosout] -> http://pc:36347/
[rosmaster.master][INFO] 2012-12-15 18:08:09,748: publisherUpdate[/rosout] -> http://pc:36347/
[rosmaster.master][INFO] 2012-12-15 18:08:09,750: publisherUpdate[/rosout] -> http://pc:36347/
[rosmaster.master][INFO] 2012-12-15 18:08:09,755: +SERVICE [/camera_base_link1/get_loggers] /camera_base_link1 http://pc:58144/
[rosmaster.master][INFO] 2012-12-15 18:08:09,759: +SERVICE [/camera_base_link2/get_loggers] /camera_base_link2 http://pc:38835/
[rosmaster.master][INFO] 2012-12-15 18:08:09,767: +SERVICE [/camera_base_link1/set_logger_level] /camera_base_link1 http://pc:58144/
[rosmaster.master][INFO] 2012-12-15 18:08:09,770: +SERVICE [/camera_base_link2/set_logger_level] /camera_base_link2 http://pc:38835/
[rosmaster.master][INFO] 2012-12-15 18:08:09,771: +PUB [/tf] /camera_base_link http://pc:58427/
[rosmaster.master][INFO] 2012-12-15 18:08:09,773: +PARAM [/camera/disparity_depth] by /camera/disparity_depth
[rosmaster.master][INFO] 2012-12-15 18:08:09,781: +PARAM [/camera/disparity_depth_registered] by /camera/disparity_depth_registered
[rosmaster.master][INFO] 2012-12-15 18:08:09,786: +PUB [/tf] /camera_base_link1 http://pc:58144/
[rosmaster.master][INFO] 2012-12-15 18:08:09,790: +PUB [/tf] /camera_base_link2 http://pc:38835/
[rosmaster.master][INFO] 2012-12-15 18:08:09,843: +PUB [/rosout] /camera_nodelet_manager http://pc:39460/
[rosmaster.master][INFO] 2012-12-15 18:08:09,844: +SERVICE [/camera_nodelet_manager/get_loggers] /camera_nodelet_manager http://pc:39460/
[rosmaster.master][INFO] 2012-12-15 18:08:09,845: +SERVICE [/camera_nodelet_manager/set_logger_level] /camera_nodelet_manager http://pc:39460/
[rosmaster.master][INFO] 2012-12-15 18:08:09,847: +SERVICE [/camera_nodelet_manager/load_nodelet] /camera_nodelet_manager http://pc:39460/
[rosmaster.master][INFO] 2012-12-15 18:08:09,848: +SERVICE [/camera_nodelet_manager/unload_nodelet] /camera_nodelet_manager http://pc:39460/
[rosmaster.master][INFO] 2012-12-15 18:08:09,851: +SERVICE [/camera_nodelet_manager/list] /camera_nodelet_manager http://pc:39460/
[rosmaster.master][INFO] 2012-12-15 18:08:09,854: publisherUpdate[/rosout] -> http://pc:36347/
[rosmaster.master][INFO] 2012-12-15 18:08:10,163: +PUB [/rosout] /set_dr http://pc:48841/
[rosmaster.master][INFO] 2012-12-15 18:08:10,167: +PUB [/camera/depth/disparity] /camera_nodelet_manager http://pc:39460/
[rosmaster.master][INFO] 2012-12-15 18:08:10,230: publisherUpdate[/rosout] -> http://pc:36347/
[rosmaster.master][INFO] 2012-12-15 18:08:10,442: +SERVICE [/camera/ir/rectify_ir/set_parameters] /camera_nodelet_manager http://pc:39460/
[rosmaster.master][INFO] 2012-12-15 18:08:10,443: +PUB [/camera/ir/rectify_ir/parameter_descriptions] /camera_nodelet_manager http://pc:39460/
[rosmaster.master][INFO] 2012-12-15 18:08:10,444: +PUB [/camera/ir/rectify_ir/parameter_updates] /camera_nodelet_manager http://pc:39460/
[rosmaster.master][INFO] 2012-12-15 18:08:10,446: +PARAM [/camera/ir/rectify_ir/interpolation] by /camera_nodelet_manager
[rosmaster.master][INFO] 2012-12-15 18:08:10,449: +PUB [/camera/ir/image_rect/compressed] /camera_nodelet_manager http://pc:39460/
[rosmaster.master][INFO] 2012-12-15 18:08:10,450: +SERVICE [/camera/ir/image_rect/compressed/set_parameters] /camera_nodelet_manager http://pc:39460/
[rosmaster.master][INFO] 2012-12-15 18:08:10,451: +PUB [/camera/ir/image_rect/compressed/parameter_descriptions] /camera_nodelet_manager http://pc:39460/
[rosmaster.master][INFO] 2012-12-15 18:08:10,452: +PUB [/camera/ir/image_rect/compressed/parameter_updates] /camera_nodelet_manager http://pc:39460/
[rosmaster.master][INFO] 2012-12-15 18:08:10,457: +PARAM [/camera/ir/image_rect/compressed/format] by /camera_nodelet_manager
[rosmaster.master][INFO] 2012-12-15 18:08:10,459: +PARAM [/camera/ir/image_rect/compressed/jpeg_quality] by /camera_nodelet_manager
[rosmaster.master][INFO] 2012-12-15 18:08:10,460: +PARAM [/camera/ir/image_rect/compressed/png_level] by /camera_nodelet_manager
[rosmaster.master][INFO] 2012-12-15 18:08:10,461: +PUB [/camera/ir/image_rect] /camera_nodelet_manager http://pc:39460/
[rosmaster.master][INFO] 2012-12-15 18:08:10,465: +PUB [/camera/ir/image_rect/theora] /camera_nodelet_manager http://pc:39460/
[rosmaster.master][INFO] 2012-12-15 18:08:10,466: +SERVICE [/camera/ir/image_rect/theora/set_parameters] /camera_nodelet_manager http://pc:39460/
[rosmaster.master][INFO] 2012-12-15 18:08:10,468: +PUB [/camera/ir/image_rect/theora/parameter_descriptions] /camera_nodelet_manager http://pc:39460/
[rosmaster.master][INFO] 2012-12-15 18:08:10,469: +PUB [/camera/ir/image_rect/theora/parameter_updates] /camera_nodelet_manager http://pc:39460/
[rosmaster.master][INFO] 2012-12-15 18:08:10,474: +PARAM [/camera/ir/image_rect/theora/optimize_for] by /camera_nodelet_manager
[rosmaster.master][INFO] 2012-12-15 18:08:10,475: +PARAM [/camera/ir/image_rect/theora/target_bitrate] by /camera_nodelet_manager
[rosmaster.master][INFO] 2012-12-15 18:08:10,476: +PARAM [/camera/ir/image_rect/theora/quality] by /camera_nodelet_manager
[rosmaster.master][INFO] 2012-12-15 18:08:10,478: +PARAM [/camera/ir/image_rect/theora/keyframe_frequency] by /camera_nodelet_manager
[rosmaster.master][INFO] 2012-12-15 18:08:10,621: +PUB [/rosout] /depth_detection http://pc:38903/
[rosmaster.master][INFO] 2012-12-15 18:08:10,633: publisherUpdate[/rosout] -> http://pc:36347/
[rosmaster.master][INFO] 2012-12-15 18:08:10,648: +SUB [/camera/depth_registered/image_rect] /depth_detection http://pc:38903/
[rosmaster.master][INFO] 2012-12-15 18:08:10,652: +SUB [/camera/rgb/image_rect_color] /depth_detection http://pc:38903/
[rosmaster.master][INFO] 2012-12-15 18:08:11,120: +PUB [/camera/depth_registered/disparity] /camera_nodelet_manager http://pc:39460/
[rosmaster.master][INFO] 2012-12-15 18:08:11,740: +PUB [/camera/depth/image_rect/compressed] /camera_nodelet_manager http://pc:39460/
[rosmaster.master][INFO] 2012-12-15 18:08:11,747: +SERVICE [/camera/depth/image_rect/compressed/set_parameters] /camera_nodelet_manager http://pc:39460/
[rosmaster.master][INFO] 2012-12-15 18:08:11,751: +PUB [/camera/depth/image_rect/compressed/parameter_descriptions] /camera_nodelet_manager http://pc:39460/
[rosmaster.master][INFO] 2012-12-15 18:08:11,755: +PUB [/camera/depth/image_rect/compressed/parameter_updates] /camera_nodelet_manager http://pc:39460/
[rosmaster.master][INFO] 2012-12-15 18:08:11,760: +PARAM [/camera/depth/image_rect/compressed/format] by /camera_nodelet_manager
[rosmaster.master][INFO] 2012-12-15 18:08:11,761: +PARAM [/camera/depth/image_rect/compressed/jpeg_quality] by /camera_nodelet_manager
[rosmaster.master][INFO] 2012-12-15 18:08:11,762: +PARAM [/camera/depth/image_rect/compressed/png_level] by /camera_nodelet_manager
[rosmaster.master][INFO] 2012-12-15 18:08:11,764: +PUB [/camera/depth/image_rect] /camera_nodelet_manager http://pc:39460/
[rosmaster.master][INFO] 2012-12-15 18:08:11,765: +PUB [/camera/depth/image_rect/theora] /camera_nodelet_manager http://pc:39460/
[rosmaster.master][INFO] 2012-12-15 18:08:11,766: +SERVICE [/camera/depth/image_rect/theora/set_parameters] /camera_nodelet_manager http://pc:39460/
[rosmaster.master][INFO] 2012-12-15 18:08:11,768: +PUB [/camera/depth/image_rect/theora/parameter_descriptions] /camera_nodelet_manager http://pc:39460/
[rosmaster.master][INFO] 2012-12-15 18:08:11,769: +PUB [/camera/depth/image_rect/theora/parameter_updates] /camera_nodelet_manager http://pc:39460/
[rosmaster.master][INFO] 2012-12-15 18:08:11,773: +PARAM [/camera/depth/image_rect/theora/optimize_for] by /camera_nodelet_manager
[rosmaster.master][INFO] 2012-12-15 18:08:11,775: +PARAM [/camera/depth/image_rect/theora/target_bitrate] by /camera_nodelet_manager
[rosmaster.master][INFO] 2012-12-15 18:08:11,776: +PARAM [/camera/depth/image_rect/theora/quality] by /camera_nodelet_manager
[rosmaster.master][INFO] 2012-12-15 18:08:11,778: +PARAM [/camera/depth/image_rect/theora/keyframe_frequency] by /camera_nodelet_manager
[rosmaster.master][INFO] 2012-12-15 18:08:12,391: +SERVICE [/camera/rgb/rectify_mono/set_parameters] /camera_nodelet_manager http://pc:39460/
[rosmaster.master][INFO] 2012-12-15 18:08:12,395: +PUB [/camera/rgb/rectify_mono/parameter_descriptions] /camera_nodelet_manager http://pc:39460/
[rosmaster.master][INFO] 2012-12-15 18:08:12,398: +PUB [/camera/rgb/rectify_mono/parameter_updates] /camera_nodelet_manager http://pc:39460/
[rosmaster.master][INFO] 2012-12-15 18:08:12,403: +PARAM [/camera/rgb/rectify_mono/interpolation] by /camera_nodelet_manager
[rosmaster.master][INFO] 2012-12-15 18:08:12,406: +PUB [/camera/rgb/image_rect/compressed] /camera_nodelet_manager http://pc:39460/
[rosmaster.master][INFO] 2012-12-15 18:08:12,407: +SERVICE [/camera/rgb/image_rect/compressed/set_parameters] /camera_nodelet_manager http://pc:39460/
[rosmaster.master][INFO] 2012-12-15 18:08:12,408: +PUB [/camera/rgb/image_rect/compressed/parameter_descriptions] /camera_nodelet_manager http://pc:39460/
[rosmaster.master][INFO] 2012-12-15 18:08:12,409: +PUB [/camera/rgb/image_rect/compressed/parameter_updates] /camera_nodelet_manager http://pc:39460/
[rosmaster.master][INFO] 2012-12-15 18:08:12,412: +PARAM [/camera/rgb/image_rect/compressed/format] by /camera_nodelet_manager
[rosmaster.master][INFO] 2012-12-15 18:08:12,413: +PARAM [/camera/rgb/image_rect/compressed/jpeg_quality] by /camera_nodelet_manager
[rosmaster.master][INFO] 2012-12-15 18:08:12,414: +PARAM [/camera/rgb/image_rect/compressed/png_level] by /camera_nodelet_manager
[rosmaster.master][INFO] 2012-12-15 18:08:12,415: +PUB [/camera/rgb/image_rect] /camera_nodelet_manager http://pc:39460/
[rosmaster.master][INFO] 2012-12-15 18:08:12,416: +PUB [/camera/rgb/image_rect/theora] /camera_nodelet_manager http://pc:39460/
[rosmaster.master][INFO] 2012-12-15 18:08:12,417: +SERVICE [/camera/rgb/image_rect/theora/set_parameters] /camera_nodelet_manager http://pc:39460/
[rosmaster.master][INFO] 2012-12-15 18:08:12,418: +PUB [/camera/rgb/image_rect/theora/parameter_descriptions] /camera_nodelet_manager http://pc:39460/
[rosmaster.master][INFO] 2012-12-15 18:08:12,419: +PUB [/camera/rgb/image_rect/theora/parameter_updates] /camera_nodelet_manager http://pc:39460/
[rosmaster.master][INFO] 2012-12-15 18:08:12,424: +PARAM [/camera/rgb/image_rect/theora/optimize_for] by /camera_nodelet_manager
[rosmaster.master][INFO] 2012-12-15 18:08:12,425: +PARAM [/camera/rgb/image_rect/theora/target_bitrate] by /camera_nodelet_manager
[rosmaster.master][INFO] 2012-12-15 18:08:12,426: +PARAM [/camera/rgb/image_rect/theora/quality] by /camera_nodelet_manager
[rosmaster.master][INFO] 2012-12-15 18:08:12,427: +PARAM [/camera/rgb/image_rect/theora/keyframe_frequency] by /camera_nodelet_manager
[rosmaster.master][INFO] 2012-12-15 18:08:12,608: +PUB [/rosout] /camera/register_depth_rgb http://pc:42437/
[rosmaster.master][INFO] 2012-12-15 18:08:12,609: +SERVICE [/camera/register_depth_rgb/get_loggers] /camera/register_depth_rgb http://pc:42437/
[rosmaster.master][INFO] 2012-12-15 18:08:12,610: +SERVICE [/camera/register_depth_rgb/set_logger_level] /camera/register_depth_rgb http://pc:42437/
[rosmaster.master][INFO] 2012-12-15 18:08:12,639: publisherUpdate[/rosout] -> http://pc:36347/
[rosmaster.master][INFO] 2012-12-15 18:08:12,655: +SERVICE [/camera/depth/metric/set_logger_level] /camera/depth/metric http://pc:59862/
[rosmaster.master][INFO] 2012-12-15 18:08:12,656: +PARAM [/camera/depth/rectify_depth] by /camera/depth/rectify_depth
[rosmaster.master][INFO] 2012-12-15 18:08:12,665: +SERVICE [/camera/depth/points/set_logger_level] /camera/depth/points http://pc:43068/
[rosmaster.master][INFO] 2012-12-15 18:08:12,665: +SERVICE [/camera/depth_registered/rectify_depth/get_loggers] /camera/depth_registered/rectify_depth http://pc:50343/
[rosmaster.master][INFO] 2012-12-15 18:08:12,672: +SERVICE [/camera/depth_registered/rectify_depth/set_logger_level] /camera/depth_registered/rectify_depth http://pc:50343/
[rosmaster.master][INFO] 2012-12-15 18:08:12,678: +PARAM [/camera/depth_registered/rectify_depth] by /camera/depth_registered/rectify_depth
[rosmaster.master][INFO] 2012-12-15 18:08:12,703: +SERVICE [/camera/points_xyzrgb_depth_rgb/set_logger_level] /camera/points_xyzrgb_depth_rgb http://pc:58707/
[rosmaster.master][INFO] 2012-12-15 18:08:12,705: +SERVICE [/camera/depth_registered/metric/set_logger_level] /camera/depth_registered/metric http://pc:43149/
[rosmaster.master][INFO] 2012-12-15 18:08:12,745: +PUB [/rosout] /camera_base_link3 http://pc:58016/
[rosmaster.master][INFO] 2012-12-15 18:08:12,746: +SERVICE [/camera_base_link3/get_loggers] /camera_base_link3 http://pc:58016/
[rosmaster.master][INFO] 2012-12-15 18:08:12,749: +SERVICE [/camera_base_link3/set_logger_level] /camera_base_link3 http://pc:58016/
[rosmaster.master][INFO] 2012-12-15 18:08:12,752: +PUB [/tf] /camera_base_link3 http://pc:58016/
[rosmaster.master][INFO] 2012-12-15 18:08:12,765: publisherUpdate[/rosout] -> http://pc:36347/
[rosmaster.master][INFO] 2012-12-15 18:08:13,144: +SERVICE [/camera/rgb/debayer/set_parameters] /camera_nodelet_manager http://pc:39460/
[rosmaster.master][INFO] 2012-12-15 18:08:13,145: +PUB [/camera/rgb/debayer/parameter_descriptions] /camera_nodelet_manager http://pc:39460/
[rosmaster.master][INFO] 2012-12-15 18:08:13,147: +PUB [/camera/rgb/debayer/parameter_updates] /camera_nodelet_manager http://pc:39460/
[rosmaster.master][INFO] 2012-12-15 18:08:13,149: +PARAM [/camera/rgb/debayer/debayer] by /camera_nodelet_manager
[rosmaster.master][INFO] 2012-12-15 18:08:13,151: +PUB [/camera/rgb/image_mono/compressed] /camera_nodelet_manager http://pc:39460/
[rosmaster.master][INFO] 2012-12-15 18:08:13,151: +SERVICE [/camera/rgb/image_mono/compressed/set_parameters] /camera_nodelet_manager http://pc:39460/
[rosmaster.master][INFO] 2012-12-15 18:08:13,152: +PUB [/camera/rgb/image_mono/compressed/parameter_descriptions] /camera_nodelet_manager http://pc:39460/
[rosmaster.master][INFO] 2012-12-15 18:08:13,153: +PUB [/camera/rgb/image_mono/compressed/parameter_updates] /camera_nodelet_manager http://pc:39460/
[rosmaster.master][INFO] 2012-12-15 18:08:13,158: +PARAM [/camera/rgb/image_mono/compressed/format] by /camera_nodelet_manager
[rosmaster.master][INFO] 2012-12-15 18:08:13,160: +PARAM [/camera/rgb/image_mono/compressed/jpeg_quality] by /camera_nodelet_manager
[rosmaster.master][INFO] 2012-12-15 18:08:13,161: +PARAM [/camera/rgb/image_mono/compressed/png_level] by /camera_nodelet_manager
[rosmaster.master][INFO] 2012-12-15 18:08:13,162: +PUB [/camera/rgb/image_mono] /camera_nodelet_manager http://pc:39460/
[rosmaster.master][INFO] 2012-12-15 18:08:13,164: +PUB [/camera/rgb/image_mono/theora] /camera_nodelet_manager http://pc:39460/
[rosmaster.master][INFO] 2012-12-15 18:08:13,165: +SERVICE [/camera/rgb/image_mono/theora/set_parameters] /camera_nodelet_manager http://pc:39460/
[rosmaster.master][INFO] 2012-12-15 18:08:13,166: +PUB [/camera/rgb/image_mono/theora/parameter_descriptions] /camera_nodelet_manager http://pc:39460/
[rosmaster.master][INFO] 2012-12-15 18:08:13,167: +PUB [/camera/rgb/image_mono/theora/parameter_updates] /camera_nodelet_manager http://pc:39460/
[rosmaster.master][INFO] 2012-12-15 18:08:13,171: +PARAM [/camera/rgb/image_mono/theora/optimize_for] by /camera_nodelet_manager
[rosmaster.master][INFO] 2012-12-15 18:08:13,172: +PARAM [/camera/rgb/image_mono/theora/target_bitrate] by /camera_nodelet_manager
[rosmaster.master][INFO] 2012-12-15 18:08:13,173: +PARAM [/camera/rgb/image_mono/theora/quality] by /camera_nodelet_manager
[rosmaster.master][INFO] 2012-12-15 18:08:13,174: +PARAM [/camera/rgb/image_mono/theora/keyframe_frequency] by /camera_nodelet_manager
[rosmaster.master][INFO] 2012-12-15 18:08:13,175: +PUB [/camera/rgb/image_color/compressed] /camera_nodelet_manager http://pc:39460/
[rosmaster.master][INFO] 2012-12-15 18:08:13,176: +SERVICE [/camera/rgb/image_color/compressed/set_parameters] /camera_nodelet_manager http://pc:39460/
[rosmaster.master][INFO] 2012-12-15 18:08:13,178: +PUB [/camera/rgb/image_color/compressed/parameter_descriptions] /camera_nodelet_manager http://pc:39460/
[rosmaster.master][INFO] 2012-12-15 18:08:13,180: +PUB [/camera/rgb/image_color/compressed/parameter_updates] /camera_nodelet_manager http://pc:39460/
[rosmaster.master][INFO] 2012-12-15 18:08:13,184: +PARAM [/camera/rgb/image_color/compressed/format] by /camera_nodelet_manager
[rosmaster.master][INFO] 2012-12-15 18:08:13,185: +PARAM [/camera/rgb/image_color/compressed/jpeg_quality] by /camera_nodelet_manager
[rosmaster.master][INFO] 2012-12-15 18:08:13,185: +PARAM [/camera/rgb/image_color/compressed/png_level] by /camera_nodelet_manager
[rosmaster.master][INFO] 2012-12-15 18:08:13,187: +PUB [/camera/rgb/image_color] /camera_nodelet_manager http://pc:39460/
[rosmaster.master][INFO] 2012-12-15 18:08:13,188: +PUB [/camera/rgb/image_color/theora] /camera_nodelet_manager http://pc:39460/
[rosmaster.master][INFO] 2012-12-15 18:08:13,189: +SERVICE [/camera/rgb/image_color/theora/set_parameters] /camera_nodelet_manager http://pc:39460/
[rosmaster.master][INFO] 2012-12-15 18:08:13,190: +PUB [/camera/rgb/image_color/theora/parameter_descriptions] /camera_nodelet_manager http://pc:39460/
[rosmaster.master][INFO] 2012-12-15 18:08:13,191: +PUB [/camera/rgb/image_color/theora/parameter_updates] /camera_nodelet_manager http://pc:39460/
[rosmaster.master][INFO] 2012-12-15 18:08:13,195: +PARAM [/camera/rgb/image_color/theora/optimize_for] by /camera_nodelet_manager
[rosmaster.master][INFO] 2012-12-15 18:08:13,196: +PARAM [/camera/rgb/image_color/theora/target_bitrate] by /camera_nodelet_manager
[rosmaster.master][INFO] 2012-12-15 18:08:13,197: +PARAM [/camera/rgb/image_color/theora/quality] by /camera_nodelet_manager
[rosmaster.master][INFO] 2012-12-15 18:08:13,198: +PARAM [/camera/rgb/image_color/theora/keyframe_frequency] by /camera_nodelet_manager
[rosmaster.master][INFO] 2012-12-15 18:08:13,618: +PUB [/camera/depth_registered/image_rect/compressed] /camera_nodelet_manager http://pc:39460/
[rosmaster.master][INFO] 2012-12-15 18:08:13,620: +SERVICE [/camera/depth_registered/image_rect/compressed/set_parameters] /camera_nodelet_manager http://pc:39460/
[rosmaster.master][INFO] 2012-12-15 18:08:13,624: +PUB [/camera/depth_registered/image_rect/compressed/parameter_descriptions] /camera_nodelet_manager http://pc:39460/
[rosmaster.master][INFO] 2012-12-15 18:08:13,627: +PUB [/camera/depth_registered/image_rect/compressed/parameter_updates] /camera_nodelet_manager http://pc:39460/
[rosmaster.master][INFO] 2012-12-15 18:08:13,634: +PARAM [/camera/depth_registered/image_rect/compressed/format] by /camera_nodelet_manager
[rosmaster.master][INFO] 2012-12-15 18:08:13,635: +PARAM [/camera/depth_registered/image_rect/compressed/jpeg_quality] by /camera_nodelet_manager
[rosmaster.master][INFO] 2012-12-15 18:08:13,636: +PARAM [/camera/depth_registered/image_rect/compressed/png_level] by /camera_nodelet_manager
[rosmaster.master][INFO] 2012-12-15 18:08:13,638: +PUB [/camera/depth_registered/image_rect] /camera_nodelet_manager http://pc:39460/
[rosmaster.master][INFO] 2012-12-15 18:08:13,639: +PUB [/camera/depth_registered/image_rect/theora] /camera_nodelet_manager http://pc:39460/
[rosmaster.master][INFO] 2012-12-15 18:08:13,641: +SERVICE [/camera/depth_registered/image_rect/theora/set_parameters] /camera_nodelet_manager http://pc:39460/
[rosmaster.master][INFO] 2012-12-15 18:08:13,642: +PUB [/camera/depth_registered/image_rect/theora/parameter_descriptions] /camera_nodelet_manager http://pc:39460/
[rosmaster.master][INFO] 2012-12-15 18:08:13,642: publisherUpdate[/camera/depth_registered/image_rect] -> http://pc:38903/
[rosmaster.master][INFO] 2012-12-15 18:08:13,645: +PUB [/camera/depth_registered/image_rect/theora/parameter_updates] /camera_nodelet_manager http://pc:39460/
[rosmaster.master][INFO] 2012-12-15 18:08:13,656: +PARAM [/camera/depth_registered/image_rect/theora/optimize_for] by /camera_nodelet_manager
[rosmaster.master][INFO] 2012-12-15 18:08:13,659: +PARAM [/camera/depth_registered/image_rect/theora/target_bitrate] by /camera_nodelet_manager
[rosmaster.master][INFO] 2012-12-15 18:08:13,662: +PARAM [/camera/depth_registered/image_rect/theora/quality] by /camera_nodelet_manager
[rosmaster.master][INFO] 2012-12-15 18:08:13,667: +PARAM [/camera/depth_registered/image_rect/theora/keyframe_frequency] by /camera_nodelet_manager
[rosmaster.master][INFO] 2012-12-15 18:08:13,678: +SUB [/camera/depth_registered/image_rect_raw] /camera_nodelet_manager http://pc:39460/
[rosmaster.master][INFO] 2012-12-15 18:08:13,950: +SUB [/tf] /camera_nodelet_manager http://pc:39460/
[rosmaster.master][INFO] 2012-12-15 18:08:13,955: +SERVICE [/camera_nodelet_manager/tf_frames] /camera_nodelet_manager http://pc:39460/
[rosmaster.master][INFO] 2012-12-15 18:08:14,246: +PUB [/camera/depth_registered/image_rect_raw/compressed] /camera_nodelet_manager http://pc:39460/
[rosmaster.master][INFO] 2012-12-15 18:08:14,249: +SERVICE [/camera/depth_registered/image_rect_raw/compressed/set_parameters] /camera_nodelet_manager http://pc:39460/
[rosmaster.master][INFO] 2012-12-15 18:08:14,251: +PUB [/camera/depth_registered/image_rect_raw/compressed/parameter_descriptions] /camera_nodelet_manager http://pc:39460/
[rosmaster.master][INFO] 2012-12-15 18:08:14,253: +PUB [/camera/depth_registered/image_rect_raw/compressed/parameter_updates] /camera_nodelet_manager http://pc:39460/
[rosmaster.master][INFO] 2012-12-15 18:08:14,264: +PARAM [/camera/depth_registered/image_rect_raw/compressed/format] by /camera_nodelet_manager
[rosmaster.master][INFO] 2012-12-15 18:08:14,267: +PARAM [/camera/depth_registered/image_rect_raw/compressed/jpeg_quality] by /camera_nodelet_manager
[rosmaster.master][INFO] 2012-12-15 18:08:14,270: +PARAM [/camera/depth_registered/image_rect_raw/compressed/png_level] by /camera_nodelet_manager
[rosmaster.master][INFO] 2012-12-15 18:08:14,273: +PUB [/camera/depth_registered/image_rect_raw] /camera_nodelet_manager http://pc:39460/
[rosmaster.master][INFO] 2012-12-15 18:08:14,276: +PUB [/camera/depth_registered/image_rect_raw/theora] /camera_nodelet_manager http://pc:39460/
[rosmaster.master][INFO] 2012-12-15 18:08:14,278: +SERVICE [/camera/depth_registered/image_rect_raw/theora/set_parameters] /camera_nodelet_manager http://pc:39460/
[rosmaster.master][INFO] 2012-12-15 18:08:14,281: +PUB [/camera/depth_registered/image_rect_raw/theora/parameter_descriptions] /camera_nodelet_manager http://pc:39460/
[rosmaster.master][INFO] 2012-12-15 18:08:14,283: +PUB [/camera/depth_registered/image_rect_raw/theora/parameter_updates] /camera_nodelet_manager http://pc:39460/
[rosmaster.master][INFO] 2012-12-15 18:08:14,293: +PARAM [/camera/depth_registered/image_rect_raw/theora/optimize_for] by /camera_nodelet_manager
[rosmaster.master][INFO] 2012-12-15 18:08:14,295: +PARAM [/camera/depth_registered/image_rect_raw/theora/target_bitrate] by /camera_nodelet_manager
[rosmaster.master][INFO] 2012-12-15 18:08:14,298: +PARAM [/camera/depth_registered/image_rect_raw/theora/quality] by /camera_nodelet_manager
[rosmaster.master][INFO] 2012-12-15 18:08:14,300: +PARAM [/camera/depth_registered/image_rect_raw/theora/keyframe_frequency] by /camera_nodelet_manager
[rosmaster.master][INFO] 2012-12-15 18:08:14,304: +PUB [/camera/depth_registered/camera_info] /camera_nodelet_manager http://pc:39460/
[rosmaster.master][INFO] 2012-12-15 18:08:14,310: +SUB [/camera/depth/image_rect_raw] /camera_nodelet_manager http://pc:39460/
[rosmaster.master][INFO] 2012-12-15 18:08:14,313: +SUB [/camera/depth/camera_info] /camera_nodelet_manager http://pc:39460/
[rosmaster.master][INFO] 2012-12-15 18:08:14,316: +SUB [/camera/rgb/camera_info] /camera_nodelet_manager http://pc:39460/
[rosmaster.master][INFO] 2012-12-15 18:08:14,347: publisherUpdate[/camera/depth_registered/image_rect_raw] -> http://pc:39460/
[rosmaster.master][INFO] 2012-12-15 18:08:14,597: +SERVICE [/camera/depth/rectify_depth/set_parameters] /camera_nodelet_manager http://pc:39460/
[rosmaster.master][INFO] 2012-12-15 18:08:14,599: +PUB [/camera/depth/rectify_depth/parameter_descriptions] /camera_nodelet_manager http://pc:39460/
[rosmaster.master][INFO] 2012-12-15 18:08:14,602: +PUB [/camera/depth/rectify_depth/parameter_updates] /camera_nodelet_manager http://pc:39460/
[rosmaster.master][INFO] 2012-12-15 18:08:14,606: +PARAM [/camera/depth/rectify_depth/interpolation] by /camera_nodelet_manager
[rosmaster.master][INFO] 2012-12-15 18:08:14,608: +PUB [/camera/depth/image_rect_raw/compressed] /camera_nodelet_manager http://pc:39460/
[rosmaster.master][INFO] 2012-12-15 18:08:14,611: +SERVICE [/camera/depth/image_rect_raw/compressed/set_parameters] /camera_nodelet_manager http://pc:39460/
[rosmaster.master][INFO] 2012-12-15 18:08:14,614: +PUB [/camera/depth/image_rect_raw/compressed/parameter_descriptions] /camera_nodelet_manager http://pc:39460/
[rosmaster.master][INFO] 2012-12-15 18:08:14,617: +PUB [/camera/depth/image_rect_raw/compressed/parameter_updates] /camera_nodelet_manager http://pc:39460/
[rosmaster.master][INFO] 2012-12-15 18:08:14,629: +PARAM [/camera/depth/image_rect_raw/compressed/format] by /camera_nodelet_manager
[rosmaster.master][INFO] 2012-12-15 18:08:14,632: +PARAM [/camera/depth/image_rect_raw/compressed/jpeg_quality] by /camera_nodelet_manager
[rosmaster.master][INFO] 2012-12-15 18:08:14,634: +PARAM [/camera/depth/image_rect_raw/compressed/png_level] by /camera_nodelet_manager
[rosmaster.master][INFO] 2012-12-15 18:08:14,637: +PUB [/camera/depth/image_rect_raw] /camera_nodelet_manager http://pc:39460/
[rosmaster.master][INFO] 2012-12-15 18:08:14,640: +PUB [/camera/depth/image_rect_raw/theora] /camera_nodelet_manager http://pc:39460/
[rosmaster.master][INFO] 2012-12-15 18:08:14,643: +SERVICE [/camera/depth/image_rect_raw/theora/set_parameters] /camera_nodelet_manager http://pc:39460/
[rosmaster.master][INFO] 2012-12-15 18:08:14,645: +PUB [/camera/depth/image_rect_raw/theora/parameter_descriptions] /camera_nodelet_manager http://pc:39460/
[rosmaster.master][INFO] 2012-12-15 18:08:14,648: +PUB [/camera/depth/image_rect_raw/theora/parameter_updates] /camera_nodelet_manager http://pc:39460/
[rosmaster.master][INFO] 2012-12-15 18:08:14,648: publisherUpdate[/camera/depth/image_rect_raw] -> http://pc:39460/
[rosmaster.master][INFO] 2012-12-15 18:08:14,660: +PARAM [/camera/depth/image_rect_raw/theora/optimize_for] by /camera_nodelet_manager
[rosmaster.master][INFO] 2012-12-15 18:08:14,663: +PARAM [/camera/depth/image_rect_raw/theora/target_bitrate] by /camera_nodelet_manager
[rosmaster.master][INFO] 2012-12-15 18:08:14,667: +PARAM [/camera/depth/image_rect_raw/theora/quality] by /camera_nodelet_manager
[rosmaster.master][INFO] 2012-12-15 18:08:14,669: +PARAM [/camera/depth/image_rect_raw/theora/keyframe_frequency] by /camera_nodelet_manager
[rosmaster.master][INFO] 2012-12-15 18:08:14,676: +SUB [/camera/depth/image_raw] /camera_nodelet_manager http://pc:39460/
[rosmaster.master][INFO] 2012-12-15 18:08:14,954: +PUB [/camera/depth/image/compressed] /camera_nodelet_manager http://pc:39460/
[rosmaster.master][INFO] 2012-12-15 18:08:14,956: +SERVICE [/camera/depth/image/compressed/set_parameters] /camera_nodelet_manager http://pc:39460/
[rosmaster.master][INFO] 2012-12-15 18:08:14,957: +PUB [/camera/depth/image/compressed/parameter_descriptions] /camera_nodelet_manager http://pc:39460/
[rosmaster.master][INFO] 2012-12-15 18:08:14,959: +PUB [/camera/depth/image/compressed/parameter_updates] /camera_nodelet_manager http://pc:39460/
[rosmaster.master][INFO] 2012-12-15 18:08:14,963: +PARAM [/camera/depth/image/compressed/format] by /camera_nodelet_manager
[rosmaster.master][INFO] 2012-12-15 18:08:14,965: +PARAM [/camera/depth/image/compressed/jpeg_quality] by /camera_nodelet_manager
[rosmaster.master][INFO] 2012-12-15 18:08:14,967: +PARAM [/camera/depth/image/compressed/png_level] by /camera_nodelet_manager
[rosmaster.master][INFO] 2012-12-15 18:08:14,969: +PUB [/camera/depth/image] /camera_nodelet_manager http://pc:39460/
[rosmaster.master][INFO] 2012-12-15 18:08:14,971: +PUB [/camera/depth/image/theora] /camera_nodelet_manager http://pc:39460/
[rosmaster.master][INFO] 2012-12-15 18:08:14,973: +SERVICE [/camera/depth/image/theora/set_parameters] /camera_nodelet_manager http://pc:39460/
[rosmaster.master][INFO] 2012-12-15 18:08:14,975: +PUB [/camera/depth/image/theora/parameter_descriptions] /camera_nodelet_manager http://pc:39460/
[rosmaster.master][INFO] 2012-12-15 18:08:14,978: +PUB [/camera/depth/image/theora/parameter_updates] /camera_nodelet_manager http://pc:39460/
[rosmaster.master][INFO] 2012-12-15 18:08:14,990: +PARAM [/camera/depth/image/theora/optimize_for] by /camera_nodelet_manager
[rosmaster.master][INFO] 2012-12-15 18:08:14,993: +PARAM [/camera/depth/image/theora/target_bitrate] by /camera_nodelet_manager
[rosmaster.master][INFO] 2012-12-15 18:08:14,996: +PARAM [/camera/depth/image/theora/quality] by /camera_nodelet_manager
[rosmaster.master][INFO] 2012-12-15 18:08:14,998: +PARAM [/camera/depth/image/theora/keyframe_frequency] by /camera_nodelet_manager
[rosmaster.master][INFO] 2012-12-15 18:08:15,222: +SERVICE [/camera/driver/set_parameters] /camera_nodelet_manager http://pc:39460/
[rosmaster.master][INFO] 2012-12-15 18:08:15,224: +PUB [/camera/driver/parameter_descriptions] /camera_nodelet_manager http://pc:39460/
[rosmaster.master][INFO] 2012-12-15 18:08:15,226: +PUB [/camera/driver/parameter_updates] /camera_nodelet_manager http://pc:39460/
[rosmaster.master][INFO] 2012-12-15 18:08:15,235: +PARAM [/camera/driver/image_mode] by /camera_nodelet_manager
[rosmaster.master][INFO] 2012-12-15 18:08:15,236: +PARAM [/camera/driver/depth_mode] by /camera_nodelet_manager
[rosmaster.master][INFO] 2012-12-15 18:08:15,238: +PARAM [/camera/driver/depth_registration] by /camera_nodelet_manager
[rosmaster.master][INFO] 2012-12-15 18:08:15,239: +PARAM [/camera/driver/data_skip] by /camera_nodelet_manager
[rosmaster.master][INFO] 2012-12-15 18:08:15,241: +PARAM [/camera/driver/depth_time_offset] by /camera_nodelet_manager
[rosmaster.master][INFO] 2012-12-15 18:08:15,242: +PARAM [/camera/driver/image_time_offset] by /camera_nodelet_manager
[rosmaster.master][INFO] 2012-12-15 18:08:15,243: +PARAM [/camera/driver/depth_ir_offset_x] by /camera_nodelet_manager
[rosmaster.master][INFO] 2012-12-15 18:08:15,245: +PARAM [/camera/driver/depth_ir_offset_y] by /camera_nodelet_manager
[rosmaster.master][INFO] 2012-12-15 18:08:15,246: +PARAM [/camera/driver/z_offset_mm] by /camera_nodelet_manager
[rosmaster.master][INFO] 2012-12-15 18:08:15,261: +SERVICE [/camera/rgb/set_camera_info] /camera_nodelet_manager http://pc:39460/
[rosmaster.master][INFO] 2012-12-15 18:08:15,265: +SERVICE [/camera/ir/set_camera_info] /camera_nodelet_manager http://pc:39460/
[rosmaster.master][INFO] 2012-12-15 18:08:15,268: +PUB [/camera/rgb/image_raw/compressed] /camera_nodelet_manager http://pc:39460/
[rosmaster.master][INFO] 2012-12-15 18:08:15,270: +SERVICE [/camera/rgb/image_raw/compressed/set_parameters] /camera_nodelet_manager http://pc:39460/
[rosmaster.master][INFO] 2012-12-15 18:08:15,271: +PUB [/camera/rgb/image_raw/compressed/parameter_descriptions] /camera_nodelet_manager http://pc:39460/
[rosmaster.master][INFO] 2012-12-15 18:08:15,272: +PUB [/camera/rgb/image_raw/compressed/parameter_updates] /camera_nodelet_manager http://pc:39460/
[rosmaster.master][INFO] 2012-12-15 18:08:15,276: +PARAM [/camera/rgb/image_raw/compressed/format] by /camera_nodelet_manager
[rosmaster.master][INFO] 2012-12-15 18:08:15,277: +PARAM [/camera/rgb/image_raw/compressed/jpeg_quality] by /camera_nodelet_manager
[rosmaster.master][INFO] 2012-12-15 18:08:15,278: +PARAM [/camera/rgb/image_raw/compressed/png_level] by /camera_nodelet_manager
[rosmaster.master][INFO] 2012-12-15 18:08:15,279: +PUB [/camera/rgb/image_raw] /camera_nodelet_manager http://pc:39460/
[rosmaster.master][INFO] 2012-12-15 18:08:15,280: +PUB [/camera/rgb/image_raw/theora] /camera_nodelet_manager http://pc:39460/
[rosmaster.master][INFO] 2012-12-15 18:08:15,281: +SERVICE [/camera/rgb/image_raw/theora/set_parameters] /camera_nodelet_manager http://pc:39460/
[rosmaster.master][INFO] 2012-12-15 18:08:15,282: +PUB [/camera/rgb/image_raw/theora/parameter_descriptions] /camera_nodelet_manager http://pc:39460/
[rosmaster.master][INFO] 2012-12-15 18:08:15,283: +PUB [/camera/rgb/image_raw/theora/parameter_updates] /camera_nodelet_manager http://pc:39460/
[rosmaster.master][INFO] 2012-12-15 18:08:15,287: +PARAM [/camera/rgb/image_raw/theora/optimize_for] by /camera_nodelet_manager
[rosmaster.master][INFO] 2012-12-15 18:08:15,288: +PARAM [/camera/rgb/image_raw/theora/target_bitrate] by /camera_nodelet_manager
[rosmaster.master][INFO] 2012-12-15 18:08:15,289: +PARAM [/camera/rgb/image_raw/theora/quality] by /camera_nodelet_manager
[rosmaster.master][INFO] 2012-12-15 18:08:15,290: +PARAM [/camera/rgb/image_raw/theora/keyframe_frequency] by /camera_nodelet_manager
[rosmaster.master][INFO] 2012-12-15 18:08:15,293: +PUB [/camera/rgb/camera_info] /camera_nodelet_manager http://pc:39460/
[rosmaster.master][INFO] 2012-12-15 18:08:15,294: +PUB [/camera/depth/points] /camera_nodelet_manager http://pc:39460/
[rosmaster.master][INFO] 2012-12-15 18:08:15,296: +PUB [/camera/ir/image_raw/compressed] /camera_nodelet_manager http://pc:39460/
[rosmaster.master][INFO] 2012-12-15 18:08:15,297: +SERVICE [/camera/ir/image_raw/compressed/set_parameters] /camera_nodelet_manager http://pc:39460/
[rosmaster.master][INFO] 2012-12-15 18:08:15,302: +PUB [/camera/ir/image_raw/compressed/parameter_descriptions] /camera_nodelet_manager http://pc:39460/
[rosmaster.master][INFO] 2012-12-15 18:08:15,303: +PUB [/camera/ir/image_raw/compressed/parameter_updates] /camera_nodelet_manager http://pc:39460/
[rosmaster.master][INFO] 2012-12-15 18:08:15,308: +PARAM [/camera/ir/image_raw/compressed/format] by /camera_nodelet_manager
[rosmaster.master][INFO] 2012-12-15 18:08:15,309: +PARAM [/camera/ir/image_raw/compressed/jpeg_quality] by /camera_nodelet_manager
[rosmaster.master][INFO] 2012-12-15 18:08:15,310: +PARAM [/camera/ir/image_raw/compressed/png_level] by /camera_nodelet_manager
[rosmaster.master][INFO] 2012-12-15 18:08:15,311: +PUB [/camera/ir/image_raw] /camera_nodelet_manager http://pc:39460/
[rosmaster.master][INFO] 2012-12-15 18:08:15,312: +PUB [/camera/ir/image_raw/theora] /camera_nodelet_manager http://pc:39460/
[rosmaster.master][INFO] 2012-12-15 18:08:15,313: +SERVICE [/camera/ir/image_raw/theora/set_parameters] /camera_nodelet_manager http://pc:39460/
[rosmaster.master][INFO] 2012-12-15 18:08:15,314: +PUB [/camera/ir/image_raw/theora/parameter_descriptions] /camera_nodelet_manager http://pc:39460/
[rosmaster.master][INFO] 2012-12-15 18:08:15,316: +PUB [/camera/ir/image_raw/theora/parameter_updates] /camera_nodelet_manager http://pc:39460/
[rosmaster.master][INFO] 2012-12-15 18:08:15,318: +SUB [/camera/driver/parameter_updates] /set_dr http://pc:48841/
[rosmaster.master][INFO] 2012-12-15 18:08:15,320: +SUB [/camera/driver/parameter_descriptions] /set_dr http://pc:48841/
[rosmaster.master][INFO] 2012-12-15 18:08:15,323: +PARAM [/camera/ir/image_raw/theora/optimize_for] by /camera_nodelet_manager
[rosmaster.master][INFO] 2012-12-15 18:08:15,324: +PARAM [/camera/ir/image_raw/theora/target_bitrate] by /camera_nodelet_manager
[rosmaster.master][INFO] 2012-12-15 18:08:15,324: +PARAM [/camera/ir/image_raw/theora/quality] by /camera_nodelet_manager
[rosmaster.master][INFO] 2012-12-15 18:08:15,326: +PARAM [/camera/ir/image_raw/theora/keyframe_frequency] by /camera_nodelet_manager
[rosmaster.master][INFO] 2012-12-15 18:08:15,327: +PUB [/camera/ir/camera_info] /camera_nodelet_manager http://pc:39460/
[rosmaster.master][INFO] 2012-12-15 18:08:15,328: +PUB [/camera/depth/image_raw/compressed] /camera_nodelet_manager http://pc:39460/
[rosmaster.master][INFO] 2012-12-15 18:08:15,329: +SERVICE [/camera/depth/image_raw/compressed/set_parameters] /camera_nodelet_manager http://pc:39460/
[rosmaster.master][INFO] 2012-12-15 18:08:15,331: +PUB [/camera/depth/image_raw/compressed/parameter_descriptions] /camera_nodelet_manager http://pc:39460/
[rosmaster.master][INFO] 2012-12-15 18:08:15,333: +PUB [/camera/depth/image_raw/compressed/parameter_updates] /camera_nodelet_manager http://pc:39460/
[rosmaster.master][INFO] 2012-12-15 18:08:15,339: +PARAM [/camera/depth/image_raw/compressed/format] by /camera_nodelet_manager
[rosmaster.master][INFO] 2012-12-15 18:08:15,340: +PARAM [/camera/depth/image_raw/compressed/jpeg_quality] by /camera_nodelet_manager
[rosmaster.master][INFO] 2012-12-15 18:08:15,342: +PARAM [/camera/depth/image_raw/compressed/png_level] by /camera_nodelet_manager
[rosmaster.master][INFO] 2012-12-15 18:08:15,344: +PUB [/camera/depth/image_raw] /camera_nodelet_manager http://pc:39460/
[rosmaster.master][INFO] 2012-12-15 18:08:15,346: +PUB [/camera/depth/image_raw/theora] /camera_nodelet_manager http://pc:39460/
[rosmaster.master][INFO] 2012-12-15 18:08:15,347: +SERVICE [/camera/depth/image_raw/theora/set_parameters] /camera_nodelet_manager http://pc:39460/
[rosmaster.master][INFO] 2012-12-15 18:08:15,348: +PUB [/camera/depth/image_raw/theora/parameter_descriptions] /camera_nodelet_manager http://pc:39460/
[rosmaster.master][INFO] 2012-12-15 18:08:15,349: +PUB [/camera/depth/image_raw/theora/parameter_updates] /camera_nodelet_manager http://pc:39460/
[rosmaster.master][INFO] 2012-12-15 18:08:15,350: publisherUpdate[/camera/rgb/camera_info] -> http://pc:39460/
[rosmaster.master][INFO] 2012-12-15 18:08:15,352: publisherUpdate[/camera/depth/image_raw] -> http://pc:39460/
[rosmaster.master][INFO] 2012-12-15 18:08:15,356: +PARAM [/camera/depth/image_raw/theora/optimize_for] by /camera_nodelet_manager
[rosmaster.master][INFO] 2012-12-15 18:08:15,357: +PARAM [/camera/depth/image_raw/theora/target_bitrate] by /camera_nodelet_manager
[rosmaster.master][INFO] 2012-12-15 18:08:15,358: +PARAM [/camera/depth/image_raw/theora/quality] by /camera_nodelet_manager
[rosmaster.master][INFO] 2012-12-15 18:08:15,359: +PARAM [/camera/depth/image_raw/theora/keyframe_frequency] by /camera_nodelet_manager
[rosmaster.master][INFO] 2012-12-15 18:08:15,360: +PUB [/camera/depth/camera_info] /camera_nodelet_manager http://pc:39460/
[rosmaster.master][INFO] 2012-12-15 18:08:15,361: +PUB [/camera/projector/camera_info] /camera_nodelet_manager http://pc:39460/
[rosmaster.master][INFO] 2012-12-15 18:08:15,362: +PUB [/camera/depth_registered/image_raw/compressed] /camera_nodelet_manager http://pc:39460/
[rosmaster.master][INFO] 2012-12-15 18:08:15,363: +SERVICE [/camera/depth_registered/image_raw/compressed/set_parameters] /camera_nodelet_manager http://pc:39460/
[rosmaster.master][INFO] 2012-12-15 18:08:15,364: +PUB [/camera/depth_registered/image_raw/compressed/parameter_descriptions] /camera_nodelet_manager http://pc:39460/
[rosmaster.master][INFO] 2012-12-15 18:08:15,364: +PUB [/camera/depth_registered/image_raw/compressed/parameter_updates] /camera_nodelet_manager http://pc:39460/
[rosmaster.master][INFO] 2012-12-15 18:08:15,368: +PARAM [/camera/depth_registered/image_raw/compressed/format] by /camera_nodelet_manager
[rosmaster.master][INFO] 2012-12-15 18:08:15,369: +PARAM [/camera/depth_registered/image_raw/compressed/jpeg_quality] by /camera_nodelet_manager
[rosmaster.master][INFO] 2012-12-15 18:08:15,370: +PARAM [/camera/depth_registered/image_raw/compressed/png_level] by /camera_nodelet_manager
[rosmaster.master][INFO] 2012-12-15 18:08:15,371: +PUB [/camera/depth_registered/image_raw] /camera_nodelet_manager http://pc:39460/
[rosmaster.master][INFO] 2012-12-15 18:08:15,372: +PUB [/camera/depth_registered/image_raw/theora] /camera_nodelet_manager http://pc:39460/
[rosmaster.master][INFO] 2012-12-15 18:08:15,373: publisherUpdate[/camera/depth/camera_info] -> http://pc:39460/
[rosmaster.master][INFO] 2012-12-15 18:08:15,375: +SERVICE [/camera/depth_registered/image_raw/theora/set_parameters] /camera_nodelet_manager http://pc:39460/
[rosmaster.master][INFO] 2012-12-15 18:08:15,377: +PUB [/camera/depth_registered/image_raw/theora/parameter_descriptions] /camera_nodelet_manager http://pc:39460/
[rosmaster.master][INFO] 2012-12-15 18:08:15,378: +PUB [/camera/depth_registered/image_raw/theora/parameter_updates] /camera_nodelet_manager http://pc:39460/
[rosmaster.master][INFO] 2012-12-15 18:08:15,383: +PARAM [/camera/depth_registered/image_raw/theora/optimize_for] by /camera_nodelet_manager
[rosmaster.master][INFO] 2012-12-15 18:08:15,384: +PARAM [/camera/depth_registered/image_raw/theora/target_bitrate] by /camera_nodelet_manager
[rosmaster.master][INFO] 2012-12-15 18:08:15,385: +PARAM [/camera/depth_registered/image_raw/theora/quality] by /camera_nodelet_manager
[rosmaster.master][INFO] 2012-12-15 18:08:15,386: +PARAM [/camera/depth_registered/image_raw/theora/keyframe_frequency] by /camera_nodelet_manager
[rosmaster.master][INFO] 2012-12-15 18:08:15,583: +SERVICE [/camera/depth_registered/rectify_depth/set_parameters] /camera_nodelet_manager http://pc:39460/
[rosmaster.master][INFO] 2012-12-15 18:08:15,585: +PUB [/camera/depth_registered/rectify_depth/parameter_descriptions] /camera_nodelet_manager http://pc:39460/
[rosmaster.master][INFO] 2012-12-15 18:08:15,588: +PUB [/camera/depth_registered/rectify_depth/parameter_updates] /camera_nodelet_manager http://pc:39460/
[rosmaster.master][INFO] 2012-12-15 18:08:15,591: +PARAM [/camera/depth_registered/rectify_depth/interpolation] by /camera_nodelet_manager
[rosmaster.master][INFO] 2012-12-15 18:08:15,600: +PARAM [/camera/depth_registered/image_rect_raw/compressed/format] by /camera_nodelet_manager
[rosmaster.master][INFO] 2012-12-15 18:08:15,603: +PARAM [/camera/depth_registered/image_rect_raw/compressed/jpeg_quality] by /camera_nodelet_manager
[rosmaster.master][INFO] 2012-12-15 18:08:15,605: +PARAM [/camera/depth_registered/image_rect_raw/compressed/png_level] by /camera_nodelet_manager
[rosmaster.master][INFO] 2012-12-15 18:08:15,619: +PARAM [/camera/depth_registered/image_rect_raw/theora/optimize_for] by /camera_nodelet_manager
[rosmaster.master][INFO] 2012-12-15 18:08:15,625: +PARAM [/camera/depth_registered/image_rect_raw/theora/target_bitrate] by /camera_nodelet_manager
[rosmaster.master][INFO] 2012-12-15 18:08:15,628: +PARAM [/camera/depth_registered/image_rect_raw/theora/quality] by /camera_nodelet_manager
[rosmaster.master][INFO] 2012-12-15 18:08:15,632: +PARAM [/camera/depth_registered/image_rect_raw/theora/keyframe_frequency] by /camera_nodelet_manager
[rosmaster.master][INFO] 2012-12-15 18:08:15,637: +SUB [/camera/depth_registered/image_raw] /camera_nodelet_manager http://pc:39460/
[rosmaster.master][INFO] 2012-12-15 18:08:15,639: +SUB [/camera/depth_registered/camera_info] /camera_nodelet_manager http://pc:39460/
[rosmaster.master][INFO] 2012-12-15 18:08:16,168: +PUB [/camera/depth_registered/points] /camera_nodelet_manager http://pc:39460/
[rosmaster.master][INFO] 2012-12-15 18:08:16,448: +PUB [/camera/depth_registered/image/compressed] /camera_nodelet_manager http://pc:39460/
[rosmaster.master][INFO] 2012-12-15 18:08:16,450: +SERVICE [/camera/depth_registered/image/compressed/set_parameters] /camera_nodelet_manager http://pc:39460/
[rosmaster.master][INFO] 2012-12-15 18:08:16,453: +PUB [/camera/depth_registered/image/compressed/parameter_descriptions] /camera_nodelet_manager http://pc:39460/
[rosmaster.master][INFO] 2012-12-15 18:08:16,455: +PUB [/camera/depth_registered/image/compressed/parameter_updates] /camera_nodelet_manager http://pc:39460/
[rosmaster.master][INFO] 2012-12-15 18:08:16,463: +PARAM [/camera/depth_registered/image/compressed/format] by /camera_nodelet_manager
[rosmaster.master][INFO] 2012-12-15 18:08:16,466: +PARAM [/camera/depth_registered/image/compressed/jpeg_quality] by /camera_nodelet_manager
[rosmaster.master][INFO] 2012-12-15 18:08:16,468: +PARAM [/camera/depth_registered/image/compressed/png_level] by /camera_nodelet_manager
[rosmaster.master][INFO] 2012-12-15 18:08:16,471: +PUB [/camera/depth_registered/image] /camera_nodelet_manager http://pc:39460/
[rosmaster.master][INFO] 2012-12-15 18:08:16,474: +PUB [/camera/depth_registered/image/theora] /camera_nodelet_manager http://pc:39460/
[rosmaster.master][INFO] 2012-12-15 18:08:16,477: +SERVICE [/camera/depth_registered/image/theora/set_parameters] /camera_nodelet_manager http://pc:39460/
[rosmaster.master][INFO] 2012-12-15 18:08:16,480: +PUB [/camera/depth_registered/image/theora/parameter_descriptions] /camera_nodelet_manager http://pc:39460/
[rosmaster.master][INFO] 2012-12-15 18:08:16,483: +PUB [/camera/depth_registered/image/theora/parameter_updates] /camera_nodelet_manager http://pc:39460/
[rosmaster.master][INFO] 2012-12-15 18:08:16,493: +PARAM [/camera/depth_registered/image/theora/optimize_for] by /camera_nodelet_manager
[rosmaster.master][INFO] 2012-12-15 18:08:16,498: +PARAM [/camera/depth_registered/image/theora/target_bitrate] by /camera_nodelet_manager
[rosmaster.master][INFO] 2012-12-15 18:08:16,501: +PARAM [/camera/depth_registered/image/theora/quality] by /camera_nodelet_manager
[rosmaster.master][INFO] 2012-12-15 18:08:16,503: +PARAM [/camera/depth_registered/image/theora/keyframe_frequency] by /camera_nodelet_manager
[rosmaster.master][INFO] 2012-12-15 18:08:16,787: +SERVICE [/camera/rgb/rectify_color/set_parameters] /camera_nodelet_manager http://pc:39460/
[rosmaster.master][INFO] 2012-12-15 18:08:16,789: +PUB [/camera/rgb/rectify_color/parameter_descriptions] /camera_nodelet_manager http://pc:39460/
[rosmaster.master][INFO] 2012-12-15 18:08:16,792: +PUB [/camera/rgb/rectify_color/parameter_updates] /camera_nodelet_manager http://pc:39460/
[rosmaster.master][INFO] 2012-12-15 18:08:16,795: +PARAM [/camera/rgb/rectify_color/interpolation] by /camera_nodelet_manager
[rosmaster.master][INFO] 2012-12-15 18:08:16,796: +PUB [/camera/rgb/image_rect_color/compressed] /camera_nodelet_manager http://pc:39460/
[rosmaster.master][INFO] 2012-12-15 18:08:16,799: +SERVICE [/camera/rgb/image_rect_color/compressed/set_parameters] /camera_nodelet_manager http://pc:39460/
[rosmaster.master][INFO] 2012-12-15 18:08:16,801: +PUB [/camera/rgb/image_rect_color/compressed/parameter_descriptions] /camera_nodelet_manager http://pc:39460/
[rosmaster.master][INFO] 2012-12-15 18:08:16,804: +PUB [/camera/rgb/image_rect_color/compressed/parameter_updates] /camera_nodelet_manager http://pc:39460/
[rosmaster.master][INFO] 2012-12-15 18:08:16,812: +PARAM [/camera/rgb/image_rect_color/compressed/format] by /camera_nodelet_manager
[rosmaster.master][INFO] 2012-12-15 18:08:16,816: +PARAM [/camera/rgb/image_rect_color/compressed/jpeg_quality] by /camera_nodelet_manager
[rosmaster.master][INFO] 2012-12-15 18:08:16,819: +PARAM [/camera/rgb/image_rect_color/compressed/png_level] by /camera_nodelet_manager
[rosmaster.master][INFO] 2012-12-15 18:08:16,823: +PUB [/camera/rgb/image_rect_color] /camera_nodelet_manager http://pc:39460/
[rosmaster.master][INFO] 2012-12-15 18:08:16,827: +PUB [/camera/rgb/image_rect_color/theora] /camera_nodelet_manager http://pc:39460/
[rosmaster.master][INFO] 2012-12-15 18:08:16,829: +SERVICE [/camera/rgb/image_rect_color/theora/set_parameters] /camera_nodelet_manager http://pc:39460/
[rosmaster.master][INFO] 2012-12-15 18:08:16,831: +PUB [/camera/rgb/image_rect_color/theora/parameter_descriptions] /camera_nodelet_manager http://pc:39460/
[rosmaster.master][INFO] 2012-12-15 18:08:16,834: +PUB [/camera/rgb/image_rect_color/theora/parameter_updates] /camera_nodelet_manager http://pc:39460/
[rosmaster.master][INFO] 2012-12-15 18:08:16,845: +PARAM [/camera/rgb/image_rect_color/theora/optimize_for] by /camera_nodelet_manager
[rosmaster.master][INFO] 2012-12-15 18:08:16,847: +PARAM [/camera/rgb/image_rect_color/theora/target_bitrate] by /camera_nodelet_manager
[rosmaster.master][INFO] 2012-12-15 18:08:16,849: +PARAM [/camera/rgb/image_rect_color/theora/quality] by /camera_nodelet_manager
[rosmaster.master][INFO] 2012-12-15 18:08:16,851: +PARAM [/camera/rgb/image_rect_color/theora/keyframe_frequency] by /camera_nodelet_manager
[rosmaster.master][INFO] 2012-12-15 18:08:16,855: publisherUpdate[/camera/rgb/image_rect_color] -> http://pc:38903/
[rosmaster.master][INFO] 2012-12-15 18:08:16,884: +SUB [/camera/rgb/image_color] /camera_nodelet_manager http://pc:39460/
[rosmaster.master][INFO] 2012-12-15 18:08:16,890: +SUB [/camera/rgb/image_raw] /camera_nodelet_manager http://pc:39460/
[rosmaster.master][INFO] 2012-12-15 18:08:18,543: +PARAM [/camera/driver/image_mode] by /camera_nodelet_manager
[rosmaster.master][INFO] 2012-12-15 18:08:18,545: +PARAM [/camera/driver/depth_mode] by /camera_nodelet_manager
[rosmaster.master][INFO] 2012-12-15 18:08:18,548: +PARAM [/camera/driver/depth_registration] by /camera_nodelet_manager
[rosmaster.master][INFO] 2012-12-15 18:08:18,551: +PARAM [/camera/driver/data_skip] by /camera_nodelet_manager
[rosmaster.master][INFO] 2012-12-15 18:08:18,553: +PARAM [/camera/driver/depth_time_offset] by /camera_nodelet_manager
[rosmaster.master][INFO] 2012-12-15 18:08:18,554: +PARAM [/camera/driver/image_time_offset] by /camera_nodelet_manager
[rosmaster.master][INFO] 2012-12-15 18:08:18,555: +PARAM [/camera/driver/depth_ir_offset_x] by /camera_nodelet_manager
[rosmaster.master][INFO] 2012-12-15 18:08:18,556: +PARAM [/camera/driver/depth_ir_offset_y] by /camera_nodelet_manager
[rosmaster.master][INFO] 2012-12-15 18:08:18,557: +PARAM [/camera/driver/z_offset_mm] by /camera_nodelet_manager
[rosmaster.master][INFO] 2012-12-15 18:08:18,559: -SUB [/camera/driver/parameter_updates] /set_dr http://pc:48841/
[rosmaster.master][INFO] 2012-12-15 18:08:18,560: -SUB [/camera/driver/parameter_descriptions] /set_dr http://pc:48841/
[rosmaster.master][INFO] 2012-12-15 18:08:18,560: -PUB [/rosout] /set_dr http://pc:48841/
[rosmaster.master][INFO] 2012-12-15 18:08:18,564: publisherUpdate[/rosout] -> http://pc:36347/
[rosmaster.master][INFO] 2012-12-15 18:08:36,524: -SUB [/camera/depth_registered/image_rect] /depth_detection http://pc:38903/
[rosmaster.master][INFO] 2012-12-15 18:08:36,524: -SUB [/camera/rgb/image_rect_color] /depth_detection http://pc:38903/
[rosmaster.master][INFO] 2012-12-15 18:08:36,524: -PUB [/rosout] /depth_detection http://pc:38903/
[rosmaster.master][INFO] 2012-12-15 18:08:36,531: -SUB [/camera/depth_registered/image_rect_raw] /camera_nodelet_manager http://pc:39460/
[rosmaster.master][INFO] 2012-12-15 18:08:36,532: -PUB [/camera/depth_registered/disparity] /camera_nodelet_manager http://pc:39460/
[rosmaster.master][INFO] 2012-12-15 18:08:36,536: -SUB [/camera/depth_registered/image_raw] /camera_nodelet_manager http://pc:39460/
[rosmaster.master][INFO] 2012-12-15 18:08:36,537: -PUB [/camera/depth/disparity] /camera_nodelet_manager http://pc:39460/
[rosmaster.master][INFO] 2012-12-15 18:08:36,543: -SUB [/camera/depth_registered/camera_info] /camera_nodelet_manager http://pc:39460/
[rosmaster.master][INFO] 2012-12-15 18:08:36,546: -PUB [/camera/depth_registered/points] /camera_nodelet_manager http://pc:39460/
[rosmaster.master][INFO] 2012-12-15 18:08:36,549: -SUB [/camera/depth/image_rect_raw] /camera_nodelet_manager http://pc:39460/
[rosmaster.master][INFO] 2012-12-15 18:08:36,551: -SUB [/camera/depth/image_raw] /camera_nodelet_manager http://pc:39460/
[rosmaster.master][INFO] 2012-12-15 18:08:36,553: -SUB [/camera/rgb/image_color] /camera_nodelet_manager http://pc:39460/
[rosmaster.master][INFO] 2012-12-15 18:08:36,554: -SUB [/camera/depth/camera_info] /camera_nodelet_manager http://pc:39460/
[rosmaster.master][INFO] 2012-12-15 18:08:36,555: -SUB [/camera/rgb/camera_info] /camera_nodelet_manager http://pc:39460/
[rosmaster.master][INFO] 2012-12-15 18:08:36,556: -SUB [/camera/rgb/image_raw] /camera_nodelet_manager http://pc:39460/
[rosmaster.master][INFO] 2012-12-15 18:08:36,591: publisherUpdate[/rosout] -> http://pc:36347/
[rosmaster.master][INFO] 2012-12-15 18:08:36,602: -PUB [/rosout] /camera/disparity_depth http://pc:42687/
[rosmaster.master][INFO] 2012-12-15 18:08:36,604: -PUB [/rosout] /camera/disparity_depth_registered http://pc:34838/
[rosmaster.master][INFO] 2012-12-15 18:08:36,604: publisherUpdate[/rosout] -> http://pc:36347/
[rosmaster.master][INFO] 2012-12-15 18:08:36,609: -SERVICE [/camera/disparity_depth/get_loggers] /camera/disparity_depth rosrpc://pc:38199
[rosmaster.master][INFO] 2012-12-15 18:08:36,609: publisherUpdate[/rosout] -> http://pc:36347/
[rosmaster.master][INFO] 2012-12-15 18:08:36,610: -SERVICE [/camera/disparity_depth_registered/get_loggers] /camera/disparity_depth_registered rosrpc://pc:43952
[rosmaster.master][INFO] 2012-12-15 18:08:36,620: -SERVICE [/camera/disparity_depth/set_logger_level] /camera/disparity_depth rosrpc://pc:38199
[rosmaster.master][INFO] 2012-12-15 18:08:36,622: -SERVICE [/camera/disparity_depth_registered/set_logger_level] /camera/disparity_depth_registered rosrpc://pc:43952
[rosmaster.master][INFO] 2012-12-15 18:08:36,703: -PUB [/rosout] /camera/depth_registered/metric http://pc:43149/
[rosmaster.master][INFO] 2012-12-15 18:08:36,705: -PUB [/rosout] /camera/depth_registered/metric_rect http://pc:56195/
[rosmaster.master][INFO] 2012-12-15 18:08:36,707: -PUB [/rosout] /camera/points_xyzrgb_depth_rgb http://pc:58707/
[rosmaster.master][INFO] 2012-12-15 18:08:36,708: -PUB [/rosout] /camera_base_link1 http://pc:58144/
[rosmaster.master][INFO] 2012-12-15 18:08:36,712: -SERVICE [/camera/depth_registered/metric/get_loggers] /camera/depth_registered/metric rosrpc://pc:59875
[rosmaster.master][INFO] 2012-12-15 18:08:36,714: publisherUpdate[/rosout] -> http://pc:36347/
[rosmaster.master][INFO] 2012-12-15 18:08:36,714: -SERVICE [/camera/depth_registered/metric_rect/get_loggers] /camera/depth_registered/metric_rect rosrpc://pc:59642
[rosmaster.master][INFO] 2012-12-15 18:08:36,714: -SERVICE [/camera/points_xyzrgb_depth_rgb/get_loggers] /camera/points_xyzrgb_depth_rgb rosrpc://pc:51073
[rosmaster.master][INFO] 2012-12-15 18:08:36,715: -PUB [/rosout] /camera_base_link2 http://pc:38835/
[rosmaster.master][INFO] 2012-12-15 18:08:36,716: publisherUpdate[/rosout] -> http://pc:36347/
[rosmaster.master][INFO] 2012-12-15 18:08:36,717: -PUB [/rosout] /camera_base_link http://pc:58427/
[rosmaster.master][INFO] 2012-12-15 18:08:36,718: publisherUpdate[/rosout] -> http://pc:36347/
[rosmaster.master][INFO] 2012-12-15 18:08:36,720: publisherUpdate[/rosout] -> http://pc:36347/
[rosmaster.master][INFO] 2012-12-15 18:08:36,721: -SERVICE [/camera/depth_registered/metric/set_logger_level] /camera/depth_registered/metric rosrpc://pc:59875
[rosmaster.master][INFO] 2012-12-15 18:08:36,723: -PUB [/tf] /camera_base_link1 http://pc:58144/
[rosmaster.master][INFO] 2012-12-15 18:08:36,723: -PUB [/rosout] /camera_base_link3 http://pc:58016/
[rosmaster.master][INFO] 2012-12-15 18:08:36,724: publisherUpdate[/rosout] -> http://pc:36347/
[rosmaster.master][INFO] 2012-12-15 18:08:36,726: publisherUpdate[/rosout] -> http://pc:36347/
[rosmaster.master][INFO] 2012-12-15 18:08:36,727: publisherUpdate[/tf] -> http://pc:39460/
[rosmaster.master][INFO] 2012-12-15 18:08:36,728: -SERVICE [/camera/points_xyzrgb_depth_rgb/set_logger_level] /camera/points_xyzrgb_depth_rgb rosrpc://pc:51073
[rosmaster.master][INFO] 2012-12-15 18:08:36,729: publisherUpdate[/rosout] -> http://pc:36347/
[rosmaster.master][INFO] 2012-12-15 18:08:36,730: -PUB [/tf] /camera_base_link2 http://pc:38835/
[rosmaster.master][INFO] 2012-12-15 18:08:36,731: publisherUpdate[/tf] -> http://pc:39460/
[rosmaster.master][INFO] 2012-12-15 18:08:36,733: -SERVICE [/camera/depth_registered/metric_rect/set_logger_level] /camera/depth_registered/metric_rect rosrpc://pc:59642
[rosmaster.master][INFO] 2012-12-15 18:08:36,734: -PUB [/tf] /camera_base_link http://pc:58427/
[rosmaster.master][INFO] 2012-12-15 18:08:36,735: -SERVICE [/camera_base_link1/get_loggers] /camera_base_link1 rosrpc://pc:52417
[rosmaster.master][INFO] 2012-12-15 18:08:36,736: -PUB [/tf] /camera_base_link3 http://pc:58016/
[rosmaster.master][INFO] 2012-12-15 18:08:36,742: -SERVICE [/camera_base_link2/get_loggers] /camera_base_link2 rosrpc://pc:40395
[rosmaster.master][INFO] 2012-12-15 18:08:36,743: -SERVICE [/camera_base_link/get_loggers] /camera_base_link rosrpc://pc:54651
[rosmaster.master][INFO] 2012-12-15 18:08:36,744: -SERVICE [/camera_base_link1/set_logger_level] /camera_base_link1 rosrpc://pc:52417
[rosmaster.master][INFO] 2012-12-15 18:08:36,746: -SERVICE [/camera_base_link3/get_loggers] /camera_base_link3 rosrpc://pc:47559
[rosmaster.master][INFO] 2012-12-15 18:08:36,748: -SERVICE [/camera_base_link2/set_logger_level] /camera_base_link2 rosrpc://pc:40395
[rosmaster.master][INFO] 2012-12-15 18:08:36,749: -SERVICE [/camera_base_link/set_logger_level] /camera_base_link rosrpc://pc:54651
[rosmaster.master][INFO] 2012-12-15 18:08:36,750: -SERVICE [/camera_base_link3/set_logger_level] /camera_base_link3 rosrpc://pc:47559
[rosmaster.master][INFO] 2012-12-15 18:08:36,751: -PUB [/camera/depth_registered/rectify_depth/parameter_descriptions] /camera_nodelet_manager http://pc:39460/
[rosmaster.master][INFO] 2012-12-15 18:08:36,752: -PUB [/camera/depth_registered/rectify_depth/parameter_updates] /camera_nodelet_manager http://pc:39460/
[rosmaster.master][INFO] 2012-12-15 18:08:36,753: -SERVICE [/camera/depth_registered/rectify_depth/set_parameters] /camera_nodelet_manager rosrpc://pc:34041
[rosmaster.master][INFO] 2012-12-15 18:08:36,754: -SERVICE [/camera/depth_registered/image_rect_raw/compressed/set_parameters] /camera_nodelet_manager rosrpc://pc:34041
[rosmaster.master][INFO] 2012-12-15 18:08:36,755: -SERVICE [/camera/depth_registered/image_rect_raw/theora/set_parameters] /camera_nodelet_manager rosrpc://pc:34041
[rosmaster.master][INFO] 2012-12-15 18:08:36,763: -SUB [/tf] /camera_nodelet_manager http://pc:39460/
[rosmaster.master][INFO] 2012-12-15 18:08:36,765: -SERVICE [/camera_nodelet_manager/tf_frames] /camera_nodelet_manager rosrpc://pc:34041
[rosmaster.master][INFO] 2012-12-15 18:08:36,793: publisherUpdate[/tf] -> http://pc:39460/
[rosmaster.master][INFO] 2012-12-15 18:08:36,794: publisherUpdate[/tf] -> http://pc:39460/
[rosmaster.master][INFO] 2012-12-15 18:08:36,826: -PUB [/camera/depth/points] /camera_nodelet_manager http://pc:39460/
[rosmaster.master][INFO] 2012-12-15 18:08:36,897: -PUB [/rosout] /camera/depth/metric_rect http://pc:47264/
[rosmaster.master][INFO] 2012-12-15 18:08:36,900: -PUB [/rosout] /camera/depth/metric http://pc:59862/
[rosmaster.master][INFO] 2012-12-15 18:08:36,905: -PUB [/rosout] /camera/depth_registered/rectify_depth http://pc:50343/
[rosmaster.master][INFO] 2012-12-15 18:08:36,908: -SERVICE [/camera/depth/metric_rect/get_loggers] /camera/depth/metric_rect rosrpc://pc:39763
[rosmaster.master][INFO] 2012-12-15 18:08:36,911: -SERVICE [/camera/depth/metric/get_loggers] /camera/depth/metric rosrpc://pc:50725
[rosmaster.master][INFO] 2012-12-15 18:08:36,913: -SERVICE [/camera/depth_registered/rectify_depth/get_loggers] /camera/depth_registered/rectify_depth rosrpc://pc:33801
[rosmaster.master][INFO] 2012-12-15 18:08:36,915: -SERVICE [/camera/depth/metric_rect/set_logger_level] /camera/depth/metric_rect rosrpc://pc:39763
[rosmaster.master][INFO] 2012-12-15 18:08:36,917: publisherUpdate[/rosout] -> http://pc:36347/
[rosmaster.master][INFO] 2012-12-15 18:08:36,918: -PUB [/rosout] /camera/register_depth_rgb http://pc:42437/
[rosmaster.master][INFO] 2012-12-15 18:08:36,924: publisherUpdate[/rosout] -> http://pc:36347/
[rosmaster.master][INFO] 2012-12-15 18:08:36,927: -SERVICE [/camera/depth_registered/rectify_depth/set_logger_level] /camera/depth_registered/rectify_depth rosrpc://pc:33801
[rosmaster.master][INFO] 2012-12-15 18:08:36,928: -SERVICE [/camera/depth/metric/set_logger_level] /camera/depth/metric rosrpc://pc:50725
[rosmaster.master][INFO] 2012-12-15 18:08:36,931: publisherUpdate[/rosout] -> http://pc:36347/
[rosmaster.master][INFO] 2012-12-15 18:08:36,936: publisherUpdate[/rosout] -> http://pc:36347/
[rosmaster.master][INFO] 2012-12-15 18:08:36,943: -SERVICE [/camera/register_depth_rgb/get_loggers] /camera/register_depth_rgb rosrpc://pc:56626
[rosmaster.master][INFO] 2012-12-15 18:08:36,957: -SERVICE [/camera/register_depth_rgb/set_logger_level] /camera/register_depth_rgb rosrpc://pc:56626
[rosmaster.master][INFO] 2012-12-15 18:08:36,962: -PUB [/camera/ir/rectify_ir/parameter_descriptions] /camera_nodelet_manager http://pc:39460/
[rosmaster.master][INFO] 2012-12-15 18:08:36,963: -PUB [/camera/ir/rectify_ir/parameter_updates] /camera_nodelet_manager http://pc:39460/
[rosmaster.master][INFO] 2012-12-15 18:08:36,965: -SERVICE [/camera/ir/rectify_ir/set_parameters] /camera_nodelet_manager rosrpc://pc:34041
[rosmaster.master][INFO] 2012-12-15 18:08:36,966: -PUB [/camera/depth/rectify_depth/parameter_descriptions] /camera_nodelet_manager http://pc:39460/
[rosmaster.master][INFO] 2012-12-15 18:08:36,967: -PUB [/camera/depth/rectify_depth/parameter_updates] /camera_nodelet_manager http://pc:39460/
[rosmaster.master][INFO] 2012-12-15 18:08:36,967: -SERVICE [/camera/depth/rectify_depth/set_parameters] /camera_nodelet_manager rosrpc://pc:34041
[rosmaster.master][INFO] 2012-12-15 18:08:36,968: -PUB [/camera/rgb/debayer/parameter_descriptions] /camera_nodelet_manager http://pc:39460/
[rosmaster.master][INFO] 2012-12-15 18:08:36,969: -PUB [/camera/rgb/debayer/parameter_updates] /camera_nodelet_manager http://pc:39460/
[rosmaster.master][INFO] 2012-12-15 18:08:36,970: -SERVICE [/camera/rgb/debayer/set_parameters] /camera_nodelet_manager rosrpc://pc:34041
[rosmaster.master][INFO] 2012-12-15 18:08:36,972: -PUB [/camera/rgb/rectify_color/parameter_descriptions] /camera_nodelet_manager http://pc:39460/
[rosmaster.master][INFO] 2012-12-15 18:08:36,973: -PUB [/camera/rgb/rectify_color/parameter_updates] /camera_nodelet_manager http://pc:39460/
[rosmaster.master][INFO] 2012-12-15 18:08:36,974: -SERVICE [/camera/rgb/rectify_color/set_parameters] /camera_nodelet_manager rosrpc://pc:34041
[rosmaster.master][INFO] 2012-12-15 18:08:36,976: -PUB [/camera/rgb/rectify_mono/parameter_descriptions] /camera_nodelet_manager http://pc:39460/
[rosmaster.master][INFO] 2012-12-15 18:08:36,978: -PUB [/camera/rgb/rectify_mono/parameter_updates] /camera_nodelet_manager http://pc:39460/
[rosmaster.master][INFO] 2012-12-15 18:08:36,980: -SERVICE [/camera/rgb/rectify_mono/set_parameters] /camera_nodelet_manager rosrpc://pc:34041
[rosmaster.master][INFO] 2012-12-15 18:08:36,990: -PUB [/rosout] /camera/depth/points http://pc:43068/
[rosmaster.master][INFO] 2012-12-15 18:08:36,993: -SERVICE [/camera/depth/points/get_loggers] /camera/depth/points rosrpc://pc:52290
[rosmaster.master][INFO] 2012-12-15 18:08:36,995: -SERVICE [/camera/depth/points/set_logger_level] /camera/depth/points rosrpc://pc:52290
[rosmaster.master][INFO] 2012-12-15 18:08:36,996: publisherUpdate[/rosout] -> http://pc:36347/
[rosmaster.master][INFO] 2012-12-15 18:08:37,083: -PUB [/rosout] /camera/rgb/debayer http://pc:37235/
[rosmaster.master][INFO] 2012-12-15 18:08:37,086: -SERVICE [/camera/rgb/debayer/get_loggers] /camera/rgb/debayer rosrpc://pc:55825
[rosmaster.master][INFO] 2012-12-15 18:08:37,088: -SERVICE [/camera/rgb/debayer/set_logger_level] /camera/rgb/debayer rosrpc://pc:55825
[rosmaster.master][INFO] 2012-12-15 18:08:37,097: -PUB [/rosout] /camera/ir/rectify_ir http://pc:33586/
[rosmaster.master][INFO] 2012-12-15 18:08:37,101: publisherUpdate[/rosout] -> http://pc:36347/
[rosmaster.master][INFO] 2012-12-15 18:08:37,107: -PUB [/rosout] /camera/depth/rectify_depth http://pc:37739/
[rosmaster.master][INFO] 2012-12-15 18:08:37,110: publisherUpdate[/rosout] -> http://pc:36347/
[rosmaster.master][INFO] 2012-12-15 18:08:37,111: -PUB [/rosout] /camera/rgb/rectify_color http://pc:44611/
[rosmaster.master][INFO] 2012-12-15 18:08:37,114: publisherUpdate[/rosout] -> http://pc:36347/
[rosmaster.master][INFO] 2012-12-15 18:08:37,116: -PUB [/rosout] /camera/rgb/rectify_mono http://pc:34941/
[rosmaster.master][INFO] 2012-12-15 18:08:37,119: publisherUpdate[/rosout] -> http://pc:36347/
[rosmaster.master][INFO] 2012-12-15 18:08:37,120: -SERVICE [/camera/ir/rectify_ir/get_loggers] /camera/ir/rectify_ir rosrpc://pc:45794
[rosmaster.master][INFO] 2012-12-15 18:08:37,123: -SERVICE [/camera/depth/rectify_depth/get_loggers] /camera/depth/rectify_depth rosrpc://pc:46916
[rosmaster.master][INFO] 2012-12-15 18:08:37,125: publisherUpdate[/rosout] -> http://pc:36347/
[rosmaster.master][INFO] 2012-12-15 18:08:37,130: -SERVICE [/camera/rgb/rectify_mono/get_loggers] /camera/rgb/rectify_mono rosrpc://pc:40020
[rosmaster.master][INFO] 2012-12-15 18:08:37,132: -SERVICE [/camera/rgb/rectify_color/get_loggers] /camera/rgb/rectify_color rosrpc://pc:53762
[rosmaster.master][INFO] 2012-12-15 18:08:37,134: -SERVICE [/camera/ir/rectify_ir/set_logger_level] /camera/ir/rectify_ir rosrpc://pc:45794
[rosmaster.master][INFO] 2012-12-15 18:08:37,137: -SERVICE [/camera/depth/rectify_depth/set_logger_level] /camera/depth/rectify_depth rosrpc://pc:46916
[rosmaster.master][INFO] 2012-12-15 18:08:37,139: -SERVICE [/camera/ir/set_camera_info] /camera_nodelet_manager rosrpc://pc:34041
[rosmaster.master][INFO] 2012-12-15 18:08:37,142: -SERVICE [/camera/rgb/rectify_mono/set_logger_level] /camera/rgb/rectify_mono rosrpc://pc:40020
[rosmaster.master][INFO] 2012-12-15 18:08:37,148: -SERVICE [/camera/rgb/rectify_color/set_logger_level] /camera/rgb/rectify_color rosrpc://pc:53762
[rosmaster.master][INFO] 2012-12-15 18:08:37,150: -SERVICE [/camera/rgb/set_camera_info] /camera_nodelet_manager rosrpc://pc:34041
[rosmaster.master][INFO] 2012-12-15 18:08:37,152: -PUB [/camera/driver/parameter_descriptions] /camera_nodelet_manager http://pc:39460/
[rosmaster.master][INFO] 2012-12-15 18:08:37,155: -PUB [/camera/driver/parameter_updates] /camera_nodelet_manager http://pc:39460/
[rosmaster.master][INFO] 2012-12-15 18:08:37,156: -SERVICE [/camera/driver/set_parameters] /camera_nodelet_manager rosrpc://pc:34041
[rosmaster.master][INFO] 2012-12-15 18:08:37,182: -PUB [/rosout] /camera/driver http://pc:34921/
[rosmaster.master][INFO] 2012-12-15 18:08:37,183: -SERVICE [/camera/driver/get_loggers] /camera/driver rosrpc://pc:41214
[rosmaster.master][INFO] 2012-12-15 18:08:37,184: -SERVICE [/camera/driver/set_logger_level] /camera/driver rosrpc://pc:41214
[rosmaster.master][INFO] 2012-12-15 18:08:37,196: -PUB [/rosout] /camera_nodelet_manager http://pc:39460/
[rosmaster.master][INFO] 2012-12-15 18:08:37,197: -PUB [/camera/ir/image_rect/compressed] /camera_nodelet_manager http://pc:39460/
[rosmaster.master][INFO] 2012-12-15 18:08:37,198: -PUB [/camera/ir/image_rect/compressed/parameter_descriptions] /camera_nodelet_manager http://pc:39460/
[rosmaster.master][INFO] 2012-12-15 18:08:37,199: -PUB [/camera/ir/image_rect/compressed/parameter_updates] /camera_nodelet_manager http://pc:39460/
[rosmaster.master][INFO] 2012-12-15 18:08:37,200: -PUB [/camera/ir/image_rect] /camera_nodelet_manager http://pc:39460/
[rosmaster.master][INFO] 2012-12-15 18:08:37,201: -PUB [/camera/ir/image_rect/theora] /camera_nodelet_manager http://pc:39460/
[rosmaster.master][INFO] 2012-12-15 18:08:37,201: -PUB [/camera/ir/image_rect/theora/parameter_descriptions] /camera_nodelet_manager http://pc:39460/
[rosmaster.master][INFO] 2012-12-15 18:08:37,202: -PUB [/camera/ir/image_rect/theora/parameter_updates] /camera_nodelet_manager http://pc:39460/
[rosmaster.master][INFO] 2012-12-15 18:08:37,204: -PUB [/camera/depth/image_rect/compressed] /camera_nodelet_manager http://pc:39460/
[rosmaster.master][INFO] 2012-12-15 18:08:37,205: -PUB [/camera/depth/image_rect/compressed/parameter_descriptions] /camera_nodelet_manager http://pc:39460/
[rosmaster.master][INFO] 2012-12-15 18:08:37,206: -PUB [/camera/depth/image_rect/compressed/parameter_updates] /camera_nodelet_manager http://pc:39460/
[rosmaster.master][INFO] 2012-12-15 18:08:37,207: -PUB [/camera/depth/image_rect] /camera_nodelet_manager http://pc:39460/
[rosmaster.master][INFO] 2012-12-15 18:08:37,208: -PUB [/camera/depth/image_rect/theora] /camera_nodelet_manager http://pc:39460/
[rosmaster.master][INFO] 2012-12-15 18:08:37,209: -PUB [/camera/depth/image_rect/theora/parameter_descriptions] /camera_nodelet_manager http://pc:39460/
[rosmaster.master][INFO] 2012-12-15 18:08:37,210: -PUB [/camera/depth/image_rect/theora/parameter_updates] /camera_nodelet_manager http://pc:39460/
[rosmaster.master][INFO] 2012-12-15 18:08:37,211: -PUB [/camera/rgb/image_rect/compressed] /camera_nodelet_manager http://pc:39460/
[rosmaster.master][INFO] 2012-12-15 18:08:37,211: -PUB [/camera/rgb/image_rect/compressed/parameter_descriptions] /camera_nodelet_manager http://pc:39460/
[rosmaster.master][INFO] 2012-12-15 18:08:37,212: -PUB [/camera/rgb/image_rect/compressed/parameter_updates] /camera_nodelet_manager http://pc:39460/
[rosmaster.master][INFO] 2012-12-15 18:08:37,213: -PUB [/camera/rgb/image_rect] /camera_nodelet_manager http://pc:39460/
[rosmaster.master][INFO] 2012-12-15 18:08:37,214: -PUB [/camera/rgb/image_rect/theora] /camera_nodelet_manager http://pc:39460/
[rosmaster.master][INFO] 2012-12-15 18:08:37,216: -PUB [/camera/rgb/image_rect/theora/parameter_descriptions] /camera_nodelet_manager http://pc:39460/
[rosmaster.master][INFO] 2012-12-15 18:08:37,217: -PUB [/camera/rgb/image_rect/theora/parameter_updates] /camera_nodelet_manager http://pc:39460/
[rosmaster.master][INFO] 2012-12-15 18:08:37,219: -PUB [/camera/rgb/image_mono/compressed] /camera_nodelet_manager http://pc:39460/
[rosmaster.master][INFO] 2012-12-15 18:08:37,220: -PUB [/camera/rgb/image_mono/compressed/parameter_descriptions] /camera_nodelet_manager http://pc:39460/
[rosmaster.master][INFO] 2012-12-15 18:08:37,221: -PUB [/camera/rgb/image_mono/compressed/parameter_updates] /camera_nodelet_manager http://pc:39460/
[rosmaster.master][INFO] 2012-12-15 18:08:37,223: -PUB [/camera/rgb/image_mono] /camera_nodelet_manager http://pc:39460/
[rosmaster.master][INFO] 2012-12-15 18:08:37,224: -PUB [/camera/rgb/image_mono/theora] /camera_nodelet_manager http://pc:39460/
[rosmaster.master][INFO] 2012-12-15 18:08:37,225: -PUB [/camera/rgb/image_mono/theora/parameter_descriptions] /camera_nodelet_manager http://pc:39460/
[rosmaster.master][INFO] 2012-12-15 18:08:37,226: -PUB [/camera/rgb/image_mono/theora/parameter_updates] /camera_nodelet_manager http://pc:39460/
[rosmaster.master][INFO] 2012-12-15 18:08:37,226: -PUB [/camera/rgb/image_color/compressed] /camera_nodelet_manager http://pc:39460/
[rosmaster.master][INFO] 2012-12-15 18:08:37,227: -PUB [/camera/rgb/image_color/compressed/parameter_descriptions] /camera_nodelet_manager http://pc:39460/
[rosmaster.master][INFO] 2012-12-15 18:08:37,228: -PUB [/camera/rgb/image_color/compressed/parameter_updates] /camera_nodelet_manager http://pc:39460/
[rosmaster.master][INFO] 2012-12-15 18:08:37,228: publisherUpdate[/rosout] -> http://pc:36347/
[rosmaster.master][INFO] 2012-12-15 18:08:37,229: publisherUpdate[/rosout] -> http://pc:36347/
[rosmaster.master][INFO] 2012-12-15 18:08:37,230: -PUB [/camera/rgb/image_color] /camera_nodelet_manager http://pc:39460/
[rosmaster.master][INFO] 2012-12-15 18:08:37,231: -PUB [/camera/rgb/image_color/theora] /camera_nodelet_manager http://pc:39460/
[rosmaster.master][INFO] 2012-12-15 18:08:37,232: -PUB [/camera/rgb/image_color/theora/parameter_descriptions] /camera_nodelet_manager http://pc:39460/
[rosmaster.master][INFO] 2012-12-15 18:08:37,233: -PUB [/camera/rgb/image_color/theora/parameter_updates] /camera_nodelet_manager http://pc:39460/
[rosmaster.master][INFO] 2012-12-15 18:08:37,234: -PUB [/camera/depth_registered/image_rect/compressed] /camera_nodelet_manager http://pc:39460/
[rosmaster.master][INFO] 2012-12-15 18:08:37,235: -PUB [/camera/depth_registered/image_rect/compressed/parameter_descriptions] /camera_nodelet_manager http://pc:39460/
[rosmaster.master][INFO] 2012-12-15 18:08:37,237: -PUB [/camera/depth_registered/image_rect/compressed/parameter_updates] /camera_nodelet_manager http://pc:39460/
[rosmaster.master][INFO] 2012-12-15 18:08:37,238: -PUB [/camera/depth_registered/image_rect] /camera_nodelet_manager http://pc:39460/
[rosmaster.master][INFO] 2012-12-15 18:08:37,239: -PUB [/camera/depth_registered/image_rect/theora] /camera_nodelet_manager http://pc:39460/
[rosmaster.master][INFO] 2012-12-15 18:08:37,240: -PUB [/camera/depth_registered/image_rect/theora/parameter_descriptions] /camera_nodelet_manager http://pc:39460/
[rosmaster.master][INFO] 2012-12-15 18:08:37,241: -PUB [/camera/depth_registered/image_rect/theora/parameter_updates] /camera_nodelet_manager http://pc:39460/
[rosmaster.master][INFO] 2012-12-15 18:08:37,242: -PUB [/camera/depth_registered/image_rect_raw/compressed] /camera_nodelet_manager http://pc:39460/
[rosmaster.master][INFO] 2012-12-15 18:08:37,242: -PUB [/camera/depth_registered/image_rect_raw/compressed/parameter_descriptions] /camera_nodelet_manager http://pc:39460/
[rosmaster.master][INFO] 2012-12-15 18:08:37,243: -PUB [/camera/depth_registered/image_rect_raw/compressed/parameter_updates] /camera_nodelet_manager http://pc:39460/
[rosmaster.master][INFO] 2012-12-15 18:08:37,244: -PUB [/camera/depth_registered/image_rect_raw] /camera_nodelet_manager http://pc:39460/
[rosmaster.master][INFO] 2012-12-15 18:08:37,245: -PUB [/camera/depth_registered/image_rect_raw/theora] /camera_nodelet_manager http://pc:39460/
[rosmaster.master][INFO] 2012-12-15 18:08:37,246: -PUB [/camera/depth_registered/image_rect_raw/theora/parameter_descriptions] /camera_nodelet_manager http://pc:39460/
[rosmaster.master][INFO] 2012-12-15 18:08:37,247: -PUB [/camera/depth_registered/image_rect_raw/theora/parameter_updates] /camera_nodelet_manager http://pc:39460/
[rosmaster.master][INFO] 2012-12-15 18:08:37,248: -PUB [/camera/depth_registered/camera_info] /camera_nodelet_manager http://pc:39460/
[rosmaster.master][INFO] 2012-12-15 18:08:37,248: -PUB [/camera/depth/image_rect_raw/compressed] /camera_nodelet_manager http://pc:39460/
[rosmaster.master][INFO] 2012-12-15 18:08:37,249: -PUB [/camera/depth/image_rect_raw/compressed/parameter_descriptions] /camera_nodelet_manager http://pc:39460/
[rosmaster.master][INFO] 2012-12-15 18:08:37,251: -PUB [/camera/depth/image_rect_raw/compressed/parameter_updates] /camera_nodelet_manager http://pc:39460/
[rosmaster.master][INFO] 2012-12-15 18:08:37,252: -PUB [/camera/depth/image_rect_raw] /camera_nodelet_manager http://pc:39460/
[rosmaster.master][INFO] 2012-12-15 18:08:37,254: -PUB [/camera/depth/image_rect_raw/theora] /camera_nodelet_manager http://pc:39460/
[rosmaster.master][INFO] 2012-12-15 18:08:37,255: -PUB [/camera/depth/image_rect_raw/theora/parameter_descriptions] /camera_nodelet_manager http://pc:39460/
[rosmaster.master][INFO] 2012-12-15 18:08:37,256: -PUB [/camera/depth/image_rect_raw/theora/parameter_updates] /camera_nodelet_manager http://pc:39460/
[rosmaster.master][INFO] 2012-12-15 18:08:37,258: -PUB [/camera/depth/image/compressed] /camera_nodelet_manager http://pc:39460/
[rosmaster.master][INFO] 2012-12-15 18:08:37,262: -PUB [/camera/depth/image/compressed/parameter_descriptions] /camera_nodelet_manager http://pc:39460/
[rosmaster.master][INFO] 2012-12-15 18:08:37,263: -PUB [/camera/depth/image/compressed/parameter_updates] /camera_nodelet_manager http://pc:39460/
[rosmaster.master][INFO] 2012-12-15 18:08:37,264: -PUB [/camera/depth/image] /camera_nodelet_manager http://pc:39460/
[rosmaster.master][INFO] 2012-12-15 18:08:37,265: -PUB [/camera/depth/image/theora] /camera_nodelet_manager http://pc:39460/
[rosmaster.master][INFO] 2012-12-15 18:08:37,266: -PUB [/camera/depth/image/theora/parameter_descriptions] /camera_nodelet_manager http://pc:39460/
[rosmaster.master][INFO] 2012-12-15 18:08:37,268: -PUB [/camera/depth/image/theora/parameter_updates] /camera_nodelet_manager http://pc:39460/
[rosmaster.master][INFO] 2012-12-15 18:08:37,269: -PUB [/camera/rgb/image_raw/compressed] /camera_nodelet_manager http://pc:39460/
[rosmaster.master][INFO] 2012-12-15 18:08:37,270: -PUB [/camera/rgb/image_raw/compressed/parameter_descriptions] /camera_nodelet_manager http://pc:39460/
[rosmaster.master][INFO] 2012-12-15 18:08:37,271: -PUB [/camera/rgb/image_raw/compressed/parameter_updates] /camera_nodelet_manager http://pc:39460/
[rosmaster.master][INFO] 2012-12-15 18:08:37,272: -PUB [/camera/rgb/image_raw] /camera_nodelet_manager http://pc:39460/
[rosmaster.master][INFO] 2012-12-15 18:08:37,273: -PUB [/camera/rgb/image_raw/theora] /camera_nodelet_manager http://pc:39460/
[rosmaster.master][INFO] 2012-12-15 18:08:37,274: -PUB [/camera/rgb/image_raw/theora/parameter_descriptions] /camera_nodelet_manager http://pc:39460/
[rosmaster.master][INFO] 2012-12-15 18:08:37,274: -PUB [/camera/rgb/image_raw/theora/parameter_updates] /camera_nodelet_manager http://pc:39460/
[rosmaster.master][INFO] 2012-12-15 18:08:37,275: -PUB [/camera/rgb/camera_info] /camera_nodelet_manager http://pc:39460/
[rosmaster.master][INFO] 2012-12-15 18:08:37,276: -PUB [/camera/ir/image_raw/compressed] /camera_nodelet_manager http://pc:39460/
[rosmaster.master][INFO] 2012-12-15 18:08:37,277: -PUB [/camera/ir/image_raw/compressed/parameter_descriptions] /camera_nodelet_manager http://pc:39460/
[rosmaster.master][INFO] 2012-12-15 18:08:37,278: -PUB [/camera/ir/image_raw/compressed/parameter_updates] /camera_nodelet_manager http://pc:39460/
[rosmaster.master][INFO] 2012-12-15 18:08:37,279: -PUB [/camera/ir/image_raw] /camera_nodelet_manager http://pc:39460/
[rosmaster.master][INFO] 2012-12-15 18:08:37,279: -PUB [/camera/ir/image_raw/theora] /camera_nodelet_manager http://pc:39460/
[rosmaster.master][INFO] 2012-12-15 18:08:37,280: -PUB [/camera/ir/image_raw/theora/parameter_descriptions] /camera_nodelet_manager http://pc:39460/
[rosmaster.master][INFO] 2012-12-15 18:08:37,281: -PUB [/camera/ir/image_raw/theora/parameter_updates] /camera_nodelet_manager http://pc:39460/
[rosmaster.master][INFO] 2012-12-15 18:08:37,282: -PUB [/camera/ir/camera_info] /camera_nodelet_manager http://pc:39460/
[rosmaster.master][INFO] 2012-12-15 18:08:37,283: -PUB [/camera/depth/image_raw/compressed] /camera_nodelet_manager http://pc:39460/
[rosmaster.master][INFO] 2012-12-15 18:08:37,284: -PUB [/camera/depth/image_raw/compressed/parameter_descriptions] /camera_nodelet_manager http://pc:39460/
[rosmaster.master][INFO] 2012-12-15 18:08:37,286: -PUB [/camera/depth/image_raw/compressed/parameter_updates] /camera_nodelet_manager http://pc:39460/
[rosmaster.master][INFO] 2012-12-15 18:08:37,287: -PUB [/camera/depth/image_raw] /camera_nodelet_manager http://pc:39460/
[rosmaster.master][INFO] 2012-12-15 18:08:37,287: -PUB [/camera/depth/image_raw/theora] /camera_nodelet_manager http://pc:39460/
[rosmaster.master][INFO] 2012-12-15 18:08:37,288: -PUB [/camera/depth/image_raw/theora/parameter_descriptions] /camera_nodelet_manager http://pc:39460/
[rosmaster.master][INFO] 2012-12-15 18:08:37,289: -PUB [/camera/depth/image_raw/theora/parameter_updates] /camera_nodelet_manager http://pc:39460/
[rosmaster.master][INFO] 2012-12-15 18:08:37,290: -PUB [/camera/depth/camera_info] /camera_nodelet_manager http://pc:39460/
[rosmaster.master][INFO] 2012-12-15 18:08:37,291: -PUB [/camera/projector/camera_info] /camera_nodelet_manager http://pc:39460/
[rosmaster.master][INFO] 2012-12-15 18:08:37,292: -PUB [/camera/depth_registered/image_raw/compressed] /camera_nodelet_manager http://pc:39460/
[rosmaster.master][INFO] 2012-12-15 18:08:37,293: -PUB [/camera/depth_registered/image_raw/compressed/parameter_descriptions] /camera_nodelet_manager http://pc:39460/
[rosmaster.master][INFO] 2012-12-15 18:08:37,294: -PUB [/camera/depth_registered/image_raw/compressed/parameter_updates] /camera_nodelet_manager http://pc:39460/
[rosmaster.master][INFO] 2012-12-15 18:08:37,295: -PUB [/camera/depth_registered/image_raw] /camera_nodelet_manager http://pc:39460/
[rosmaster.master][INFO] 2012-12-15 18:08:37,296: -PUB [/camera/depth_registered/image_raw/theora] /camera_nodelet_manager http://pc:39460/
[rosmaster.master][INFO] 2012-12-15 18:08:37,297: -PUB [/camera/depth_registered/image_raw/theora/parameter_descriptions] /camera_nodelet_manager http://pc:39460/
[rosmaster.master][INFO] 2012-12-15 18:08:37,298: -PUB [/camera/depth_registered/image_raw/theora/parameter_updates] /camera_nodelet_manager http://pc:39460/
[rosmaster.master][INFO] 2012-12-15 18:08:37,300: -PUB [/camera/depth_registered/image/compressed] /camera_nodelet_manager http://pc:39460/
[rosmaster.master][INFO] 2012-12-15 18:08:37,301: -PUB [/camera/depth_registered/image/compressed/parameter_descriptions] /camera_nodelet_manager http://pc:39460/
[rosmaster.master][INFO] 2012-12-15 18:08:37,303: -PUB [/camera/depth_registered/image/compressed/parameter_updates] /camera_nodelet_manager http://pc:39460/
[rosmaster.master][INFO] 2012-12-15 18:08:37,305: -PUB [/camera/depth_registered/image] /camera_nodelet_manager http://pc:39460/
[rosmaster.master][INFO] 2012-12-15 18:08:37,306: -PUB [/camera/depth_registered/image/theora] /camera_nodelet_manager http://pc:39460/
[rosmaster.master][INFO] 2012-12-15 18:08:37,308: -PUB [/camera/depth_registered/image/theora/parameter_descriptions] /camera_nodelet_manager http://pc:39460/
[rosmaster.master][INFO] 2012-12-15 18:08:37,309: -PUB [/camera/depth_registered/image/theora/parameter_updates] /camera_nodelet_manager http://pc:39460/
[rosmaster.master][INFO] 2012-12-15 18:08:37,310: -PUB [/camera/rgb/image_rect_color/compressed] /camera_nodelet_manager http://pc:39460/
[rosmaster.master][INFO] 2012-12-15 18:08:37,311: -PUB [/camera/rgb/image_rect_color/compressed/parameter_descriptions] /camera_nodelet_manager http://pc:39460/
[rosmaster.master][INFO] 2012-12-15 18:08:37,312: -PUB [/camera/rgb/image_rect_color/compressed/parameter_updates] /camera_nodelet_manager http://pc:39460/
[rosmaster.master][INFO] 2012-12-15 18:08:37,313: -PUB [/camera/rgb/image_rect_color] /camera_nodelet_manager http://pc:39460/
[rosmaster.master][INFO] 2012-12-15 18:08:37,314: -PUB [/camera/rgb/image_rect_color/theora] /camera_nodelet_manager http://pc:39460/
[rosmaster.master][INFO] 2012-12-15 18:08:37,315: -PUB [/camera/rgb/image_rect_color/theora/parameter_descriptions] /camera_nodelet_manager http://pc:39460/
[rosmaster.master][INFO] 2012-12-15 18:08:37,316: -PUB [/camera/rgb/image_rect_color/theora/parameter_updates] /camera_nodelet_manager http://pc:39460/
[rosmaster.master][INFO] 2012-12-15 18:08:37,317: -SERVICE [/camera_nodelet_manager/get_loggers] /camera_nodelet_manager rosrpc://pc:34041
[rosmaster.master][INFO] 2012-12-15 18:08:37,318: -SERVICE [/camera_nodelet_manager/set_logger_level] /camera_nodelet_manager rosrpc://pc:34041
[rosmaster.master][INFO] 2012-12-15 18:08:37,319: -SERVICE [/camera_nodelet_manager/load_nodelet] /camera_nodelet_manager rosrpc://pc:34041
[rosmaster.master][INFO] 2012-12-15 18:08:37,320: -SERVICE [/camera_nodelet_manager/unload_nodelet] /camera_nodelet_manager rosrpc://pc:34041
[rosmaster.master][INFO] 2012-12-15 18:08:37,321: -SERVICE [/camera_nodelet_manager/list] /camera_nodelet_manager rosrpc://pc:34041
[rosmaster.master][INFO] 2012-12-15 18:08:37,322: -SERVICE [/camera/ir/image_rect/compressed/set_parameters] /camera_nodelet_manager rosrpc://pc:34041
[rosmaster.master][INFO] 2012-12-15 18:08:37,322: -SERVICE [/camera/ir/image_rect/theora/set_parameters] /camera_nodelet_manager rosrpc://pc:34041
[rosmaster.master][INFO] 2012-12-15 18:08:37,323: -SERVICE [/camera/depth/image_rect/compressed/set_parameters] /camera_nodelet_manager rosrpc://pc:34041
[rosmaster.master][INFO] 2012-12-15 18:08:37,324: -SERVICE [/camera/depth/image_rect/theora/set_parameters] /camera_nodelet_manager rosrpc://pc:34041
[rosmaster.master][INFO] 2012-12-15 18:08:37,325: -SERVICE [/camera/rgb/image_rect/compressed/set_parameters] /camera_nodelet_manager rosrpc://pc:34041
[rosmaster.master][INFO] 2012-12-15 18:08:37,326: -SERVICE [/camera/rgb/image_rect/theora/set_parameters] /camera_nodelet_manager rosrpc://pc:34041
[rosmaster.master][INFO] 2012-12-15 18:08:37,327: -SERVICE [/camera/rgb/image_mono/compressed/set_parameters] /camera_nodelet_manager rosrpc://pc:34041
[rosmaster.master][INFO] 2012-12-15 18:08:37,327: -SERVICE [/camera/rgb/image_mono/theora/set_parameters] /camera_nodelet_manager rosrpc://pc:34041
[rosmaster.master][INFO] 2012-12-15 18:08:37,328: -SERVICE [/camera/rgb/image_color/compressed/set_parameters] /camera_nodelet_manager rosrpc://pc:34041
[rosmaster.master][INFO] 2012-12-15 18:08:37,329: -SERVICE [/camera/rgb/image_color/theora/set_parameters] /camera_nodelet_manager rosrpc://pc:34041
[rosmaster.master][INFO] 2012-12-15 18:08:37,330: -SERVICE [/camera/depth_registered/image_rect/compressed/set_parameters] /camera_nodelet_manager rosrpc://pc:34041
[rosmaster.master][INFO] 2012-12-15 18:08:37,332: -SERVICE [/camera/depth_registered/image_rect/theora/set_parameters] /camera_nodelet_manager rosrpc://pc:34041
[rosmaster.master][INFO] 2012-12-15 18:08:37,333: -SERVICE [/camera/depth/image_rect_raw/compressed/set_parameters] /camera_nodelet_manager rosrpc://pc:34041
[rosmaster.master][INFO] 2012-12-15 18:08:37,335: -SERVICE [/camera/depth/image_rect_raw/theora/set_parameters] /camera_nodelet_manager rosrpc://pc:34041
[rosmaster.master][INFO] 2012-12-15 18:08:37,335: -SERVICE [/camera/depth/image/compressed/set_parameters] /camera_nodelet_manager rosrpc://pc:34041
[rosmaster.master][INFO] 2012-12-15 18:08:37,336: -SERVICE [/camera/depth/image/theora/set_parameters] /camera_nodelet_manager rosrpc://pc:34041
[rosmaster.master][INFO] 2012-12-15 18:08:37,337: -SERVICE [/camera/rgb/image_raw/compressed/set_parameters] /camera_nodelet_manager rosrpc://pc:34041
[rosmaster.master][INFO] 2012-12-15 18:08:37,340: -SERVICE [/camera/rgb/image_raw/theora/set_parameters] /camera_nodelet_manager rosrpc://pc:34041
[rosmaster.master][INFO] 2012-12-15 18:08:37,341: -SERVICE [/camera/ir/image_raw/compressed/set_parameters] /camera_nodelet_manager rosrpc://pc:34041
[rosmaster.master][INFO] 2012-12-15 18:08:37,343: -SERVICE [/camera/ir/image_raw/theora/set_parameters] /camera_nodelet_manager rosrpc://pc:34041
[rosmaster.master][INFO] 2012-12-15 18:08:37,344: -SERVICE [/camera/depth/image_raw/compressed/set_parameters] /camera_nodelet_manager rosrpc://pc:34041
[rosmaster.master][INFO] 2012-12-15 18:08:37,344: -SERVICE [/camera/depth/image_raw/theora/set_parameters] /camera_nodelet_manager rosrpc://pc:34041
[rosmaster.master][INFO] 2012-12-15 18:08:37,345: -SERVICE [/camera/depth_registered/image_raw/compressed/set_parameters] /camera_nodelet_manager rosrpc://pc:34041
[rosmaster.master][INFO] 2012-12-15 18:08:37,347: -SERVICE [/camera/depth_registered/image_raw/theora/set_parameters] /camera_nodelet_manager rosrpc://pc:34041
[rosmaster.master][INFO] 2012-12-15 18:08:37,348: -SERVICE [/camera/depth_registered/image/compressed/set_parameters] /camera_nodelet_manager rosrpc://pc:34041
[rosmaster.master][INFO] 2012-12-15 18:08:37,349: -SERVICE [/camera/depth_registered/image/theora/set_parameters] /camera_nodelet_manager rosrpc://pc:34041
[rosmaster.master][INFO] 2012-12-15 18:08:37,350: -SERVICE [/camera/rgb/image_rect_color/compressed/set_parameters] /camera_nodelet_manager rosrpc://pc:34041
[rosmaster.master][INFO] 2012-12-15 18:08:37,351: -SERVICE [/camera/rgb/image_rect_color/theora/set_parameters] /camera_nodelet_manager rosrpc://pc:34041
[rosmaster.master][INFO] 2012-12-15 18:08:37,632: -PUB [/rosout_agg] /rosout http://pc:36347/
[rosmaster.master][INFO] 2012-12-15 18:08:37,633: -SUB [/rosout] /rosout http://pc:36347/
[rosmaster.master][INFO] 2012-12-15 18:08:37,634: -SERVICE [/rosout/get_loggers] /rosout rosrpc://pc:46647
[rosmaster.master][INFO] 2012-12-15 18:08:37,635: -SERVICE [/rosout/set_logger_level] /rosout rosrpc://pc:46647
[rosmaster.main][INFO] 2012-12-15 18:08:37,651: keyboard interrupt, will exit
[rosmaster.main][INFO] 2012-12-15 18:08:37,651: stopping master...
