[rosmaster.main][INFO] 2012-12-15 18:10:55,783: initialization complete, waiting for shutdown
[rosmaster.main][INFO] 2012-12-15 18:10:55,783: Starting ROS Master Node
[xmlrpc][INFO] 2012-12-15 18:10:55,784: XML-RPC server binding to 0.0.0.0
[xmlrpc][INFO] 2012-12-15 18:10:55,785: Started XML-RPC server [http://pc:11311/]
[rosmaster.master][INFO] 2012-12-15 18:10:55,786: Master initialized: port[11311], uri[http://pc:11311/]
[xmlrpc][INFO] 2012-12-15 18:10:55,786: xml rpc node: starting XML-RPC server
[rosmaster.master][INFO] 2012-12-15 18:10:55,901: +PARAM [/run_id] by /roslaunch
[rosmaster.master][INFO] 2012-12-15 18:10:55,906: +PARAM [/roslaunch/uris/host_pc__41358] by /roslaunch
[rosmaster.master][INFO] 2012-12-15 18:10:55,929: +PARAM [/rosdistro] by /roslaunch
[rosmaster.master][INFO] 2012-12-15 18:10:55,929: +PARAM [/camera/driver/rgb_frame_id] by /roslaunch
[rosmaster.master][INFO] 2012-12-15 18:10:55,929: +PARAM [/camera/disparity_depth_registered/min_range] by /roslaunch
[rosmaster.master][INFO] 2012-12-15 18:10:55,929: +PARAM [/camera/driver/rgb_camera_info_url] by /roslaunch
[rosmaster.master][INFO] 2012-12-15 18:10:55,930: +PARAM [/camera/depth_registered/rectify_depth/interpolation] by /roslaunch
[rosmaster.master][INFO] 2012-12-15 18:10:55,930: +PARAM [/camera/driver/depth_frame_id] by /roslaunch
[rosmaster.master][INFO] 2012-12-15 18:10:55,930: +PARAM [/camera/depth/rectify_depth/interpolation] by /roslaunch
[rosmaster.master][INFO] 2012-12-15 18:10:55,930: +PARAM [/camera/disparity_depth/max_range] by /roslaunch
[rosmaster.master][INFO] 2012-12-15 18:10:55,931: +PARAM [/rosversion] by /roslaunch
[rosmaster.master][INFO] 2012-12-15 18:10:55,932: +PARAM [/camera/driver/device_id] by /roslaunch
[rosmaster.master][INFO] 2012-12-15 18:10:55,932: +PARAM [/camera/driver/depth_camera_info_url] by /roslaunch
[rosmaster.master][INFO] 2012-12-15 18:10:55,933: +SERVICE [/rosout/get_loggers] /rosout http://pc:56193/
[rosmaster.master][INFO] 2012-12-15 18:10:55,933: +PARAM [/camera/disparity_depth/min_range] by /roslaunch
[rosmaster.master][INFO] 2012-12-15 18:10:55,934: +PARAM [/camera/disparity_depth_registered/max_range] by /roslaunch
[rosmaster.master][INFO] 2012-12-15 18:10:55,934: +SERVICE [/rosout/set_logger_level] /rosout http://pc:56193/
[rosmaster.master][INFO] 2012-12-15 18:10:55,938: +PUB [/rosout_agg] /rosout http://pc:56193/
[rosmaster.master][INFO] 2012-12-15 18:10:55,942: +SUB [/rosout] /rosout http://pc:56193/
[rosmaster.master][INFO] 2012-12-15 18:10:55,972: +PUB [/rosout] /camera/driver http://pc:58498/
[rosmaster.master][INFO] 2012-12-15 18:10:55,974: +SERVICE [/camera/driver/get_loggers] /camera/driver http://pc:58498/
[rosmaster.master][INFO] 2012-12-15 18:10:55,975: +SERVICE [/camera/driver/set_logger_level] /camera/driver http://pc:58498/
[rosmaster.master][INFO] 2012-12-15 18:10:55,982: +PUB [/rosout] /camera/rgb/debayer http://pc:35895/
[rosmaster.master][INFO] 2012-12-15 18:10:55,984: publisherUpdate[/rosout] -> http://pc:56193/
[rosmaster.master][INFO] 2012-12-15 18:10:55,986: +SERVICE [/camera/rgb/debayer/get_loggers] /camera/rgb/debayer http://pc:35895/
[rosmaster.master][INFO] 2012-12-15 18:10:55,987: publisherUpdate[/rosout] -> http://pc:56193/
[rosmaster.master][INFO] 2012-12-15 18:10:55,990: +PARAM [/camera/driver] by /camera/driver
[rosmaster.master][INFO] 2012-12-15 18:10:55,992: +SERVICE [/camera/rgb/debayer/set_logger_level] /camera/rgb/debayer http://pc:35895/
[rosmaster.master][INFO] 2012-12-15 18:10:56,007: +PUB [/rosout] /camera/rgb/rectify_mono http://pc:43066/
[rosmaster.master][INFO] 2012-12-15 18:10:56,015: +SERVICE [/camera/rgb/rectify_mono/get_loggers] /camera/rgb/rectify_mono http://pc:43066/
[rosmaster.master][INFO] 2012-12-15 18:10:56,019: +PUB [/rosout] /camera/rgb/rectify_color http://pc:50771/
[rosmaster.master][INFO] 2012-12-15 18:10:56,022: +SERVICE [/camera/rgb/rectify_color/get_loggers] /camera/rgb/rectify_color http://pc:50771/
[rosmaster.master][INFO] 2012-12-15 18:10:56,023: +SERVICE [/camera/rgb/rectify_mono/set_logger_level] /camera/rgb/rectify_mono http://pc:43066/
[rosmaster.master][INFO] 2012-12-15 18:10:56,024: +SERVICE [/camera/rgb/rectify_color/set_logger_level] /camera/rgb/rectify_color http://pc:50771/
[rosmaster.master][INFO] 2012-12-15 18:10:56,032: +PUB [/rosout] /camera/ir/rectify_ir http://pc:54190/
[rosmaster.master][INFO] 2012-12-15 18:10:56,045: +SERVICE [/camera/ir/rectify_ir/get_loggers] /camera/ir/rectify_ir http://pc:54190/
[rosmaster.master][INFO] 2012-12-15 18:10:56,064: +SERVICE [/camera/ir/rectify_ir/set_logger_level] /camera/ir/rectify_ir http://pc:54190/
[rosmaster.master][INFO] 2012-12-15 18:10:56,066: +PUB [/rosout] /camera/depth/rectify_depth http://pc:42269/
[rosmaster.master][INFO] 2012-12-15 18:10:56,077: +SERVICE [/camera/depth/rectify_depth/get_loggers] /camera/depth/rectify_depth http://pc:42269/
[rosmaster.master][INFO] 2012-12-15 18:10:56,079: +PUB [/rosout] /camera/depth/metric_rect http://pc:47357/
[rosmaster.master][INFO] 2012-12-15 18:10:56,082: +PUB [/rosout] /camera/depth/metric http://pc:50741/
[rosmaster.master][INFO] 2012-12-15 18:10:56,085: +SERVICE [/camera/depth/rectify_depth/set_logger_level] /camera/depth/rectify_depth http://pc:42269/
[rosmaster.master][INFO] 2012-12-15 18:10:56,085: publisherUpdate[/rosout] -> http://pc:56193/
[rosmaster.master][INFO] 2012-12-15 18:10:56,087: publisherUpdate[/rosout] -> http://pc:56193/
[rosmaster.master][INFO] 2012-12-15 18:10:56,089: publisherUpdate[/rosout] -> http://pc:56193/
[rosmaster.master][INFO] 2012-12-15 18:10:56,092: publisherUpdate[/rosout] -> http://pc:56193/
[rosmaster.master][INFO] 2012-12-15 18:10:56,093: publisherUpdate[/rosout] -> http://pc:56193/
[rosmaster.master][INFO] 2012-12-15 18:10:56,094: publisherUpdate[/rosout] -> http://pc:56193/
[rosmaster.master][INFO] 2012-12-15 18:10:56,097: +SERVICE [/camera/depth/metric_rect/get_loggers] /camera/depth/metric_rect http://pc:47357/
[rosmaster.master][INFO] 2012-12-15 18:10:56,099: +SERVICE [/camera/depth/metric/get_loggers] /camera/depth/metric http://pc:50741/
[rosmaster.master][INFO] 2012-12-15 18:10:56,101: +PUB [/rosout] /camera/depth/points http://pc:55775/
[rosmaster.master][INFO] 2012-12-15 18:10:56,110: +SERVICE [/camera/depth/metric_rect/set_logger_level] /camera/depth/metric_rect http://pc:47357/
[rosmaster.master][INFO] 2012-12-15 18:10:56,117: +SERVICE [/camera/depth/points/get_loggers] /camera/depth/points http://pc:55775/
[rosmaster.master][INFO] 2012-12-15 18:10:56,119: +PUB [/rosout] /camera/register_depth_rgb http://pc:34961/
[rosmaster.master][INFO] 2012-12-15 18:10:56,124: +PUB [/rosout] /camera/depth_registered/rectify_depth http://pc:49967/
[rosmaster.master][INFO] 2012-12-15 18:10:56,129: +SERVICE [/camera/depth/points/set_logger_level] /camera/depth/points http://pc:55775/
[rosmaster.master][INFO] 2012-12-15 18:10:56,134: +SERVICE [/camera/register_depth_rgb/get_loggers] /camera/register_depth_rgb http://pc:34961/
[rosmaster.master][INFO] 2012-12-15 18:10:56,139: +PARAM [/camera/depth/rectify_depth] by /camera/depth/rectify_depth
[rosmaster.master][INFO] 2012-12-15 18:10:56,142: +SERVICE [/camera/depth_registered/rectify_depth/get_loggers] /camera/depth_registered/rectify_depth http://pc:49967/
[rosmaster.master][INFO] 2012-12-15 18:10:56,159: +SERVICE [/camera/register_depth_rgb/set_logger_level] /camera/register_depth_rgb http://pc:34961/
[rosmaster.master][INFO] 2012-12-15 18:10:56,163: +SERVICE [/camera/depth_registered/rectify_depth/set_logger_level] /camera/depth_registered/rectify_depth http://pc:49967/
[rosmaster.master][INFO] 2012-12-15 18:10:56,168: +PUB [/rosout] /camera/depth_registered/metric http://pc:49913/
[rosmaster.master][INFO] 2012-12-15 18:10:56,177: +PUB [/rosout] /camera/points_xyzrgb_depth_rgb http://pc:37964/
[rosmaster.master][INFO] 2012-12-15 18:10:56,180: +PUB [/rosout] /camera/disparity_depth http://pc:34291/
[rosmaster.master][INFO] 2012-12-15 18:10:56,182: +SERVICE [/camera/depth_registered/metric/get_loggers] /camera/depth_registered/metric http://pc:49913/
[rosmaster.master][INFO] 2012-12-15 18:10:56,185: +PUB [/rosout] /camera/disparity_depth_registered http://pc:55694/
[rosmaster.master][INFO] 2012-12-15 18:10:56,187: publisherUpdate[/rosout] -> http://pc:56193/
[rosmaster.master][INFO] 2012-12-15 18:10:56,189: +SERVICE [/camera/points_xyzrgb_depth_rgb/get_loggers] /camera/points_xyzrgb_depth_rgb http://pc:37964/
[rosmaster.master][INFO] 2012-12-15 18:10:56,190: publisherUpdate[/rosout] -> http://pc:56193/
[rosmaster.master][INFO] 2012-12-15 18:10:56,193: publisherUpdate[/rosout] -> http://pc:56193/
[rosmaster.master][INFO] 2012-12-15 18:10:56,194: +SERVICE [/camera/disparity_depth/get_loggers] /camera/disparity_depth http://pc:34291/
[rosmaster.master][INFO] 2012-12-15 18:10:56,196: publisherUpdate[/rosout] -> http://pc:56193/
[rosmaster.master][INFO] 2012-12-15 18:10:56,198: publisherUpdate[/rosout] -> http://pc:56193/
[rosmaster.master][INFO] 2012-12-15 18:10:56,199: publisherUpdate[/rosout] -> http://pc:56193/
[rosmaster.master][INFO] 2012-12-15 18:10:56,201: +SERVICE [/camera/depth_registered/metric/set_logger_level] /camera/depth_registered/metric http://pc:49913/
[rosmaster.master][INFO] 2012-12-15 18:10:56,202: publisherUpdate[/rosout] -> http://pc:56193/
[rosmaster.master][INFO] 2012-12-15 18:10:56,218: +SERVICE [/camera/disparity_depth_registered/get_loggers] /camera/disparity_depth_registered http://pc:55694/
[rosmaster.master][INFO] 2012-12-15 18:10:56,220: +SERVICE [/camera/disparity_depth/set_logger_level] /camera/disparity_depth http://pc:34291/
[rosmaster.master][INFO] 2012-12-15 18:10:56,221: +SERVICE [/camera/points_xyzrgb_depth_rgb/set_logger_level] /camera/points_xyzrgb_depth_rgb http://pc:37964/
[rosmaster.master][INFO] 2012-12-15 18:10:56,223: +PARAM [/camera/depth_registered/rectify_depth] by /camera/depth_registered/rectify_depth
[rosmaster.master][INFO] 2012-12-15 18:10:56,226: +PUB [/rosout] /camera_base_link1 http://pc:33288/
[rosmaster.master][INFO] 2012-12-15 18:10:56,231: +SERVICE [/camera/disparity_depth_registered/set_logger_level] /camera/disparity_depth_registered http://pc:55694/
[rosmaster.master][INFO] 2012-12-15 18:10:56,236: +PUB [/rosout] /camera_base_link2 http://pc:44838/
[rosmaster.master][INFO] 2012-12-15 18:10:56,238: +PUB [/rosout] /camera_base_link3 http://pc:37314/
[rosmaster.master][INFO] 2012-12-15 18:10:56,239: +SERVICE [/camera_base_link1/get_loggers] /camera_base_link1 http://pc:33288/
[rosmaster.master][INFO] 2012-12-15 18:10:56,244: +SERVICE [/camera_base_link2/get_loggers] /camera_base_link2 http://pc:44838/
[rosmaster.master][INFO] 2012-12-15 18:10:56,246: +SERVICE [/camera_base_link3/get_loggers] /camera_base_link3 http://pc:37314/
[rosmaster.master][INFO] 2012-12-15 18:10:56,251: +SERVICE [/camera_base_link1/set_logger_level] /camera_base_link1 http://pc:33288/
[rosmaster.master][INFO] 2012-12-15 18:10:56,254: +PARAM [/camera/disparity_depth] by /camera/disparity_depth
[rosmaster.master][INFO] 2012-12-15 18:10:56,255: +SERVICE [/camera_base_link2/set_logger_level] /camera_base_link2 http://pc:44838/
[rosmaster.master][INFO] 2012-12-15 18:10:56,257: +SERVICE [/camera_base_link3/set_logger_level] /camera_base_link3 http://pc:37314/
[rosmaster.master][INFO] 2012-12-15 18:10:56,262: +PARAM [/camera/disparity_depth_registered] by /camera/disparity_depth_registered
[rosmaster.master][INFO] 2012-12-15 18:10:56,275: +PUB [/tf] /camera_base_link1 http://pc:33288/
[rosmaster.master][INFO] 2012-12-15 18:10:56,277: +PUB [/tf] /camera_base_link2 http://pc:44838/
[rosmaster.master][INFO] 2012-12-15 18:10:56,279: +PUB [/tf] /camera_base_link3 http://pc:37314/
[rosmaster.master][INFO] 2012-12-15 18:10:56,291: publisherUpdate[/rosout] -> http://pc:56193/
[rosmaster.master][INFO] 2012-12-15 18:10:56,299: publisherUpdate[/rosout] -> http://pc:56193/
[rosmaster.master][INFO] 2012-12-15 18:10:56,302: publisherUpdate[/rosout] -> http://pc:56193/
[rosmaster.master][INFO] 2012-12-15 18:10:56,315: +PUB [/rosout] /camera_nodelet_manager http://pc:50667/
[rosmaster.master][INFO] 2012-12-15 18:10:56,317: +SERVICE [/camera_nodelet_manager/get_loggers] /camera_nodelet_manager http://pc:50667/
[rosmaster.master][INFO] 2012-12-15 18:10:56,318: +SERVICE [/camera_nodelet_manager/set_logger_level] /camera_nodelet_manager http://pc:50667/
[rosmaster.master][INFO] 2012-12-15 18:10:56,319: +SERVICE [/camera_nodelet_manager/load_nodelet] /camera_nodelet_manager http://pc:50667/
[rosmaster.master][INFO] 2012-12-15 18:10:56,320: +SERVICE [/camera_nodelet_manager/unload_nodelet] /camera_nodelet_manager http://pc:50667/
[rosmaster.master][INFO] 2012-12-15 18:10:56,322: publisherUpdate[/rosout] -> http://pc:56193/
[rosmaster.master][INFO] 2012-12-15 18:10:56,324: +SERVICE [/camera_nodelet_manager/list] /camera_nodelet_manager http://pc:50667/
[rosmaster.master][INFO] 2012-12-15 18:10:56,611: +PUB [/rosout] /set_dr http://pc:40207/
[rosmaster.master][INFO] 2012-12-15 18:10:56,625: publisherUpdate[/rosout] -> http://pc:56193/
[rosmaster.master][INFO] 2012-12-15 18:10:56,662: +SUB [/tf] /camera_nodelet_manager http://pc:50667/
[rosmaster.master][INFO] 2012-12-15 18:10:56,665: +SERVICE [/camera_nodelet_manager/tf_frames] /camera_nodelet_manager http://pc:50667/
[rosmaster.master][INFO] 2012-12-15 18:10:56,914: +PUB [/camera/depth_registered/image_rect_raw/compressed] /camera_nodelet_manager http://pc:50667/
[rosmaster.master][INFO] 2012-12-15 18:10:56,915: +SERVICE [/camera/depth_registered/image_rect_raw/compressed/set_parameters] /camera_nodelet_manager http://pc:50667/
[rosmaster.master][INFO] 2012-12-15 18:10:56,916: +PUB [/camera/depth_registered/image_rect_raw/compressed/parameter_descriptions] /camera_nodelet_manager http://pc:50667/
[rosmaster.master][INFO] 2012-12-15 18:10:56,918: +PUB [/camera/depth_registered/image_rect_raw/compressed/parameter_updates] /camera_nodelet_manager http://pc:50667/
[rosmaster.master][INFO] 2012-12-15 18:10:56,922: +PARAM [/camera/depth_registered/image_rect_raw/compressed/format] by /camera_nodelet_manager
[rosmaster.master][INFO] 2012-12-15 18:10:56,923: +PARAM [/camera/depth_registered/image_rect_raw/compressed/jpeg_quality] by /camera_nodelet_manager
[rosmaster.master][INFO] 2012-12-15 18:10:56,924: +PARAM [/camera/depth_registered/image_rect_raw/compressed/png_level] by /camera_nodelet_manager
[rosmaster.master][INFO] 2012-12-15 18:10:56,925: +PUB [/camera/depth_registered/image_rect_raw] /camera_nodelet_manager http://pc:50667/
[rosmaster.master][INFO] 2012-12-15 18:10:56,928: +PUB [/camera/depth_registered/image_rect_raw/theora] /camera_nodelet_manager http://pc:50667/
[rosmaster.master][INFO] 2012-12-15 18:10:56,929: +SERVICE [/camera/depth_registered/image_rect_raw/theora/set_parameters] /camera_nodelet_manager http://pc:50667/
[rosmaster.master][INFO] 2012-12-15 18:10:56,930: +PUB [/camera/depth_registered/image_rect_raw/theora/parameter_descriptions] /camera_nodelet_manager http://pc:50667/
[rosmaster.master][INFO] 2012-12-15 18:10:56,932: +PUB [/camera/depth_registered/image_rect_raw/theora/parameter_updates] /camera_nodelet_manager http://pc:50667/
[rosmaster.master][INFO] 2012-12-15 18:10:56,935: +PARAM [/camera/depth_registered/image_rect_raw/theora/optimize_for] by /camera_nodelet_manager
[rosmaster.master][INFO] 2012-12-15 18:10:56,936: +PARAM [/camera/depth_registered/image_rect_raw/theora/target_bitrate] by /camera_nodelet_manager
[rosmaster.master][INFO] 2012-12-15 18:10:56,937: +PARAM [/camera/depth_registered/image_rect_raw/theora/quality] by /camera_nodelet_manager
[rosmaster.master][INFO] 2012-12-15 18:10:56,938: +PARAM [/camera/depth_registered/image_rect_raw/theora/keyframe_frequency] by /camera_nodelet_manager
[rosmaster.master][INFO] 2012-12-15 18:10:56,939: +PUB [/camera/depth_registered/camera_info] /camera_nodelet_manager http://pc:50667/
[rosmaster.master][INFO] 2012-12-15 18:10:57,110: +PUB [/rosout] /depth_detection http://pc:50141/
[rosmaster.master][INFO] 2012-12-15 18:10:57,129: publisherUpdate[/rosout] -> http://pc:56193/
[rosmaster.master][INFO] 2012-12-15 18:10:57,155: +SUB [/camera/depth_registered/image_rect] /depth_detection http://pc:50141/
[rosmaster.master][INFO] 2012-12-15 18:10:57,158: +SUB [/camera/rgb/image_rect_color] /depth_detection http://pc:50141/
[rosmaster.master][INFO] 2012-12-15 18:10:57,236: +PUB [/camera/depth_registered/disparity] /camera_nodelet_manager http://pc:50667/
[rosmaster.master][INFO] 2012-12-15 18:10:57,516: +SERVICE [/camera/depth_registered/rectify_depth/set_parameters] /camera_nodelet_manager http://pc:50667/
[rosmaster.master][INFO] 2012-12-15 18:10:57,518: +PUB [/camera/depth_registered/rectify_depth/parameter_descriptions] /camera_nodelet_manager http://pc:50667/
[rosmaster.master][INFO] 2012-12-15 18:10:57,521: +PUB [/camera/depth_registered/rectify_depth/parameter_updates] /camera_nodelet_manager http://pc:50667/
[rosmaster.master][INFO] 2012-12-15 18:10:57,527: +PARAM [/camera/depth_registered/rectify_depth/interpolation] by /camera_nodelet_manager
[rosmaster.master][INFO] 2012-12-15 18:10:57,531: +PARAM [/camera/depth_registered/image_rect_raw/compressed/format] by /camera_nodelet_manager
[rosmaster.master][INFO] 2012-12-15 18:10:57,532: +PARAM [/camera/depth_registered/image_rect_raw/compressed/jpeg_quality] by /camera_nodelet_manager
[rosmaster.master][INFO] 2012-12-15 18:10:57,533: +PARAM [/camera/depth_registered/image_rect_raw/compressed/png_level] by /camera_nodelet_manager
[rosmaster.master][INFO] 2012-12-15 18:10:57,539: +PARAM [/camera/depth_registered/image_rect_raw/theora/optimize_for] by /camera_nodelet_manager
[rosmaster.master][INFO] 2012-12-15 18:10:57,540: +PARAM [/camera/depth_registered/image_rect_raw/theora/target_bitrate] by /camera_nodelet_manager
[rosmaster.master][INFO] 2012-12-15 18:10:57,541: +PARAM [/camera/depth_registered/image_rect_raw/theora/quality] by /camera_nodelet_manager
[rosmaster.master][INFO] 2012-12-15 18:10:57,542: +PARAM [/camera/depth_registered/image_rect_raw/theora/keyframe_frequency] by /camera_nodelet_manager
[rosmaster.master][INFO] 2012-12-15 18:10:57,789: +SERVICE [/camera/ir/rectify_ir/set_parameters] /camera_nodelet_manager http://pc:50667/
[rosmaster.master][INFO] 2012-12-15 18:10:57,790: +PUB [/camera/ir/rectify_ir/parameter_descriptions] /camera_nodelet_manager http://pc:50667/
[rosmaster.master][INFO] 2012-12-15 18:10:57,793: +PUB [/camera/ir/rectify_ir/parameter_updates] /camera_nodelet_manager http://pc:50667/
[rosmaster.master][INFO] 2012-12-15 18:10:57,796: +PARAM [/camera/ir/rectify_ir/interpolation] by /camera_nodelet_manager
[rosmaster.master][INFO] 2012-12-15 18:10:57,799: +PUB [/camera/ir/image_rect/compressed] /camera_nodelet_manager http://pc:50667/
[rosmaster.master][INFO] 2012-12-15 18:10:57,801: +SERVICE [/camera/ir/image_rect/compressed/set_parameters] /camera_nodelet_manager http://pc:50667/
[rosmaster.master][INFO] 2012-12-15 18:10:57,804: +PUB [/camera/ir/image_rect/compressed/parameter_descriptions] /camera_nodelet_manager http://pc:50667/
[rosmaster.master][INFO] 2012-12-15 18:10:57,806: +PUB [/camera/ir/image_rect/compressed/parameter_updates] /camera_nodelet_manager http://pc:50667/
[rosmaster.master][INFO] 2012-12-15 18:10:57,815: +PARAM [/camera/ir/image_rect/compressed/format] by /camera_nodelet_manager
[rosmaster.master][INFO] 2012-12-15 18:10:57,817: +PARAM [/camera/ir/image_rect/compressed/jpeg_quality] by /camera_nodelet_manager
[rosmaster.master][INFO] 2012-12-15 18:10:57,820: +PARAM [/camera/ir/image_rect/compressed/png_level] by /camera_nodelet_manager
[rosmaster.master][INFO] 2012-12-15 18:10:57,825: +PUB [/camera/ir/image_rect] /camera_nodelet_manager http://pc:50667/
[rosmaster.master][INFO] 2012-12-15 18:10:57,827: +PUB [/camera/ir/image_rect/theora] /camera_nodelet_manager http://pc:50667/
[rosmaster.master][INFO] 2012-12-15 18:10:57,830: +SERVICE [/camera/ir/image_rect/theora/set_parameters] /camera_nodelet_manager http://pc:50667/
[rosmaster.master][INFO] 2012-12-15 18:10:57,831: +PUB [/camera/ir/image_rect/theora/parameter_descriptions] /camera_nodelet_manager http://pc:50667/
[rosmaster.master][INFO] 2012-12-15 18:10:57,833: +PUB [/camera/ir/image_rect/theora/parameter_updates] /camera_nodelet_manager http://pc:50667/
[rosmaster.master][INFO] 2012-12-15 18:10:57,840: +PARAM [/camera/ir/image_rect/theora/optimize_for] by /camera_nodelet_manager
[rosmaster.master][INFO] 2012-12-15 18:10:57,841: +PARAM [/camera/ir/image_rect/theora/target_bitrate] by /camera_nodelet_manager
[rosmaster.master][INFO] 2012-12-15 18:10:57,843: +PARAM [/camera/ir/image_rect/theora/quality] by /camera_nodelet_manager
[rosmaster.master][INFO] 2012-12-15 18:10:57,844: +PARAM [/camera/ir/image_rect/theora/keyframe_frequency] by /camera_nodelet_manager
[rosmaster.master][INFO] 2012-12-15 18:10:58,109: +PUB [/camera/depth/disparity] /camera_nodelet_manager http://pc:50667/
[rosmaster.master][INFO] 2012-12-15 18:10:58,372: +SERVICE [/camera/rgb/debayer/set_parameters] /camera_nodelet_manager http://pc:50667/
[rosmaster.master][INFO] 2012-12-15 18:10:58,374: +PUB [/camera/rgb/debayer/parameter_descriptions] /camera_nodelet_manager http://pc:50667/
[rosmaster.master][INFO] 2012-12-15 18:10:58,376: +PUB [/camera/rgb/debayer/parameter_updates] /camera_nodelet_manager http://pc:50667/
[rosmaster.master][INFO] 2012-12-15 18:10:58,380: +PARAM [/camera/rgb/debayer/debayer] by /camera_nodelet_manager
[rosmaster.master][INFO] 2012-12-15 18:10:58,383: +PUB [/camera/rgb/image_mono/compressed] /camera_nodelet_manager http://pc:50667/
[rosmaster.master][INFO] 2012-12-15 18:10:58,386: +SERVICE [/camera/rgb/image_mono/compressed/set_parameters] /camera_nodelet_manager http://pc:50667/
[rosmaster.master][INFO] 2012-12-15 18:10:58,388: +PUB [/camera/rgb/image_mono/compressed/parameter_descriptions] /camera_nodelet_manager http://pc:50667/
[rosmaster.master][INFO] 2012-12-15 18:10:58,390: +PUB [/camera/rgb/image_mono/compressed/parameter_updates] /camera_nodelet_manager http://pc:50667/
[rosmaster.master][INFO] 2012-12-15 18:10:58,395: +PARAM [/camera/rgb/image_mono/compressed/format] by /camera_nodelet_manager
[rosmaster.master][INFO] 2012-12-15 18:10:58,396: +PARAM [/camera/rgb/image_mono/compressed/jpeg_quality] by /camera_nodelet_manager
[rosmaster.master][INFO] 2012-12-15 18:10:58,397: +PARAM [/camera/rgb/image_mono/compressed/png_level] by /camera_nodelet_manager
[rosmaster.master][INFO] 2012-12-15 18:10:58,399: +PUB [/camera/rgb/image_mono] /camera_nodelet_manager http://pc:50667/
[rosmaster.master][INFO] 2012-12-15 18:10:58,401: +PUB [/camera/rgb/image_mono/theora] /camera_nodelet_manager http://pc:50667/
[rosmaster.master][INFO] 2012-12-15 18:10:58,402: +SERVICE [/camera/rgb/image_mono/theora/set_parameters] /camera_nodelet_manager http://pc:50667/
[rosmaster.master][INFO] 2012-12-15 18:10:58,404: +PUB [/camera/rgb/image_mono/theora/parameter_descriptions] /camera_nodelet_manager http://pc:50667/
[rosmaster.master][INFO] 2012-12-15 18:10:58,406: +PUB [/camera/rgb/image_mono/theora/parameter_updates] /camera_nodelet_manager http://pc:50667/
[rosmaster.master][INFO] 2012-12-15 18:10:58,413: +PARAM [/camera/rgb/image_mono/theora/optimize_for] by /camera_nodelet_manager
[rosmaster.master][INFO] 2012-12-15 18:10:58,415: +PARAM [/camera/rgb/image_mono/theora/target_bitrate] by /camera_nodelet_manager
[rosmaster.master][INFO] 2012-12-15 18:10:58,417: +PARAM [/camera/rgb/image_mono/theora/quality] by /camera_nodelet_manager
[rosmaster.master][INFO] 2012-12-15 18:10:58,420: +PARAM [/camera/rgb/image_mono/theora/keyframe_frequency] by /camera_nodelet_manager
[rosmaster.master][INFO] 2012-12-15 18:10:58,424: +PUB [/camera/rgb/image_color/compressed] /camera_nodelet_manager http://pc:50667/
[rosmaster.master][INFO] 2012-12-15 18:10:58,427: +SERVICE [/camera/rgb/image_color/compressed/set_parameters] /camera_nodelet_manager http://pc:50667/
[rosmaster.master][INFO] 2012-12-15 18:10:58,430: +PUB [/camera/rgb/image_color/compressed/parameter_descriptions] /camera_nodelet_manager http://pc:50667/
[rosmaster.master][INFO] 2012-12-15 18:10:58,433: +PUB [/camera/rgb/image_color/compressed/parameter_updates] /camera_nodelet_manager http://pc:50667/
[rosmaster.master][INFO] 2012-12-15 18:10:58,443: +PARAM [/camera/rgb/image_color/compressed/format] by /camera_nodelet_manager
[rosmaster.master][INFO] 2012-12-15 18:10:58,445: +PARAM [/camera/rgb/image_color/compressed/jpeg_quality] by /camera_nodelet_manager
[rosmaster.master][INFO] 2012-12-15 18:10:58,448: +PARAM [/camera/rgb/image_color/compressed/png_level] by /camera_nodelet_manager
[rosmaster.master][INFO] 2012-12-15 18:10:58,453: +PUB [/camera/rgb/image_color] /camera_nodelet_manager http://pc:50667/
[rosmaster.master][INFO] 2012-12-15 18:10:58,457: +PUB [/camera/rgb/image_color/theora] /camera_nodelet_manager http://pc:50667/
[rosmaster.master][INFO] 2012-12-15 18:10:58,460: +SERVICE [/camera/rgb/image_color/theora/set_parameters] /camera_nodelet_manager http://pc:50667/
[rosmaster.master][INFO] 2012-12-15 18:10:58,463: +PUB [/camera/rgb/image_color/theora/parameter_descriptions] /camera_nodelet_manager http://pc:50667/
[rosmaster.master][INFO] 2012-12-15 18:10:58,464: +PUB [/camera/rgb/image_color/theora/parameter_updates] /camera_nodelet_manager http://pc:50667/
[rosmaster.master][INFO] 2012-12-15 18:10:58,471: +PARAM [/camera/rgb/image_color/theora/optimize_for] by /camera_nodelet_manager
[rosmaster.master][INFO] 2012-12-15 18:10:58,473: +PARAM [/camera/rgb/image_color/theora/target_bitrate] by /camera_nodelet_manager
[rosmaster.master][INFO] 2012-12-15 18:10:58,476: +PARAM [/camera/rgb/image_color/theora/quality] by /camera_nodelet_manager
[rosmaster.master][INFO] 2012-12-15 18:10:58,478: +PARAM [/camera/rgb/image_color/theora/keyframe_frequency] by /camera_nodelet_manager
[rosmaster.master][INFO] 2012-12-15 18:10:59,104: +SERVICE [/camera/depth/metric/set_logger_level] /camera/depth/metric http://pc:50741/
[rosmaster.master][INFO] 2012-12-15 18:10:59,136: +PUB [/rosout] /camera/depth_registered/metric_rect http://pc:57212/
[rosmaster.master][INFO] 2012-12-15 18:10:59,138: publisherUpdate[/rosout] -> http://pc:56193/
[rosmaster.master][INFO] 2012-12-15 18:10:59,141: +SERVICE [/camera/depth_registered/metric_rect/get_loggers] /camera/depth_registered/metric_rect http://pc:57212/
[rosmaster.master][INFO] 2012-12-15 18:10:59,146: +SERVICE [/camera/depth_registered/metric_rect/set_logger_level] /camera/depth_registered/metric_rect http://pc:57212/
[rosmaster.master][INFO] 2012-12-15 18:10:59,178: +PUB [/rosout] /camera_base_link http://pc:44710/
[rosmaster.master][INFO] 2012-12-15 18:10:59,181: +SERVICE [/camera_base_link/get_loggers] /camera_base_link http://pc:44710/
[rosmaster.master][INFO] 2012-12-15 18:10:59,183: +SERVICE [/camera_base_link/set_logger_level] /camera_base_link http://pc:44710/
[rosmaster.master][INFO] 2012-12-15 18:10:59,186: +PUB [/tf] /camera_base_link http://pc:44710/
[rosmaster.master][INFO] 2012-12-15 18:10:59,207: publisherUpdate[/rosout] -> http://pc:56193/
[rosmaster.master][INFO] 2012-12-15 18:10:59,209: publisherUpdate[/tf] -> http://pc:50667/
[rosmaster.master][INFO] 2012-12-15 18:10:59,835: +PUB [/camera/depth/image/compressed] /camera_nodelet_manager http://pc:50667/
[rosmaster.master][INFO] 2012-12-15 18:10:59,836: +SERVICE [/camera/depth/image/compressed/set_parameters] /camera_nodelet_manager http://pc:50667/
[rosmaster.master][INFO] 2012-12-15 18:10:59,837: +PUB [/camera/depth/image/compressed/parameter_descriptions] /camera_nodelet_manager http://pc:50667/
[rosmaster.master][INFO] 2012-12-15 18:10:59,839: +PUB [/camera/depth/image/compressed/parameter_updates] /camera_nodelet_manager http://pc:50667/
[rosmaster.master][INFO] 2012-12-15 18:10:59,842: +PARAM [/camera/depth/image/compressed/format] by /camera_nodelet_manager
[rosmaster.master][INFO] 2012-12-15 18:10:59,843: +PARAM [/camera/depth/image/compressed/jpeg_quality] by /camera_nodelet_manager
[rosmaster.master][INFO] 2012-12-15 18:10:59,845: +PARAM [/camera/depth/image/compressed/png_level] by /camera_nodelet_manager
[rosmaster.master][INFO] 2012-12-15 18:10:59,846: +PUB [/camera/depth/image] /camera_nodelet_manager http://pc:50667/
[rosmaster.master][INFO] 2012-12-15 18:10:59,847: +PUB [/camera/depth/image/theora] /camera_nodelet_manager http://pc:50667/
[rosmaster.master][INFO] 2012-12-15 18:10:59,849: +SERVICE [/camera/depth/image/theora/set_parameters] /camera_nodelet_manager http://pc:50667/
[rosmaster.master][INFO] 2012-12-15 18:10:59,850: +PUB [/camera/depth/image/theora/parameter_descriptions] /camera_nodelet_manager http://pc:50667/
[rosmaster.master][INFO] 2012-12-15 18:10:59,851: +PUB [/camera/depth/image/theora/parameter_updates] /camera_nodelet_manager http://pc:50667/
[rosmaster.master][INFO] 2012-12-15 18:10:59,856: +PARAM [/camera/depth/image/theora/optimize_for] by /camera_nodelet_manager
[rosmaster.master][INFO] 2012-12-15 18:10:59,857: +PARAM [/camera/depth/image/theora/target_bitrate] by /camera_nodelet_manager
[rosmaster.master][INFO] 2012-12-15 18:10:59,860: +PARAM [/camera/depth/image/theora/quality] by /camera_nodelet_manager
[rosmaster.master][INFO] 2012-12-15 18:10:59,861: +PARAM [/camera/depth/image/theora/keyframe_frequency] by /camera_nodelet_manager
[rosmaster.master][INFO] 2012-12-15 18:11:00,489: +SERVICE [/camera/depth/rectify_depth/set_parameters] /camera_nodelet_manager http://pc:50667/
[rosmaster.master][INFO] 2012-12-15 18:11:00,492: +PUB [/camera/depth/rectify_depth/parameter_descriptions] /camera_nodelet_manager http://pc:50667/
[rosmaster.master][INFO] 2012-12-15 18:11:00,495: +PUB [/camera/depth/rectify_depth/parameter_updates] /camera_nodelet_manager http://pc:50667/
[rosmaster.master][INFO] 2012-12-15 18:11:00,501: +PARAM [/camera/depth/rectify_depth/interpolation] by /camera_nodelet_manager
[rosmaster.master][INFO] 2012-12-15 18:11:00,504: +PUB [/camera/depth/image_rect_raw/compressed] /camera_nodelet_manager http://pc:50667/
[rosmaster.master][INFO] 2012-12-15 18:11:00,505: +SERVICE [/camera/depth/image_rect_raw/compressed/set_parameters] /camera_nodelet_manager http://pc:50667/
[rosmaster.master][INFO] 2012-12-15 18:11:00,507: +PUB [/camera/depth/image_rect_raw/compressed/parameter_descriptions] /camera_nodelet_manager http://pc:50667/
[rosmaster.master][INFO] 2012-12-15 18:11:00,508: +PUB [/camera/depth/image_rect_raw/compressed/parameter_updates] /camera_nodelet_manager http://pc:50667/
[rosmaster.master][INFO] 2012-12-15 18:11:00,511: +PARAM [/camera/depth/image_rect_raw/compressed/format] by /camera_nodelet_manager
[rosmaster.master][INFO] 2012-12-15 18:11:00,512: +PARAM [/camera/depth/image_rect_raw/compressed/jpeg_quality] by /camera_nodelet_manager
[rosmaster.master][INFO] 2012-12-15 18:11:00,513: +PARAM [/camera/depth/image_rect_raw/compressed/png_level] by /camera_nodelet_manager
[rosmaster.master][INFO] 2012-12-15 18:11:00,514: +PUB [/camera/depth/image_rect_raw] /camera_nodelet_manager http://pc:50667/
[rosmaster.master][INFO] 2012-12-15 18:11:00,515: +PUB [/camera/depth/image_rect_raw/theora] /camera_nodelet_manager http://pc:50667/
[rosmaster.master][INFO] 2012-12-15 18:11:00,516: +SERVICE [/camera/depth/image_rect_raw/theora/set_parameters] /camera_nodelet_manager http://pc:50667/
[rosmaster.master][INFO] 2012-12-15 18:11:00,517: +PUB [/camera/depth/image_rect_raw/theora/parameter_descriptions] /camera_nodelet_manager http://pc:50667/
[rosmaster.master][INFO] 2012-12-15 18:11:00,518: +PUB [/camera/depth/image_rect_raw/theora/parameter_updates] /camera_nodelet_manager http://pc:50667/
[rosmaster.master][INFO] 2012-12-15 18:11:00,522: +PARAM [/camera/depth/image_rect_raw/theora/optimize_for] by /camera_nodelet_manager
[rosmaster.master][INFO] 2012-12-15 18:11:00,523: +PARAM [/camera/depth/image_rect_raw/theora/target_bitrate] by /camera_nodelet_manager
[rosmaster.master][INFO] 2012-12-15 18:11:00,523: +PARAM [/camera/depth/image_rect_raw/theora/quality] by /camera_nodelet_manager
[rosmaster.master][INFO] 2012-12-15 18:11:00,524: +PARAM [/camera/depth/image_rect_raw/theora/keyframe_frequency] by /camera_nodelet_manager
[rosmaster.master][INFO] 2012-12-15 18:11:01,253: +PUB [/camera/depth/points] /camera_nodelet_manager http://pc:50667/
[rosmaster.master][INFO] 2012-12-15 18:11:01,932: +PUB [/camera/depth_registered/image_rect/compressed] /camera_nodelet_manager http://pc:50667/
[rosmaster.master][INFO] 2012-12-15 18:11:01,934: +SERVICE [/camera/depth_registered/image_rect/compressed/set_parameters] /camera_nodelet_manager http://pc:50667/
[rosmaster.master][INFO] 2012-12-15 18:11:01,936: +PUB [/camera/depth_registered/image_rect/compressed/parameter_descriptions] /camera_nodelet_manager http://pc:50667/
[rosmaster.master][INFO] 2012-12-15 18:11:01,938: +PUB [/camera/depth_registered/image_rect/compressed/parameter_updates] /camera_nodelet_manager http://pc:50667/
[rosmaster.master][INFO] 2012-12-15 18:11:01,944: +PARAM [/camera/depth_registered/image_rect/compressed/format] by /camera_nodelet_manager
[rosmaster.master][INFO] 2012-12-15 18:11:01,946: +PARAM [/camera/depth_registered/image_rect/compressed/jpeg_quality] by /camera_nodelet_manager
[rosmaster.master][INFO] 2012-12-15 18:11:01,947: +PARAM [/camera/depth_registered/image_rect/compressed/png_level] by /camera_nodelet_manager
[rosmaster.master][INFO] 2012-12-15 18:11:01,948: +PUB [/camera/depth_registered/image_rect] /camera_nodelet_manager http://pc:50667/
[rosmaster.master][INFO] 2012-12-15 18:11:01,949: +PUB [/camera/depth_registered/image_rect/theora] /camera_nodelet_manager http://pc:50667/
[rosmaster.master][INFO] 2012-12-15 18:11:01,950: +SERVICE [/camera/depth_registered/image_rect/theora/set_parameters] /camera_nodelet_manager http://pc:50667/
[rosmaster.master][INFO] 2012-12-15 18:11:01,951: +PUB [/camera/depth_registered/image_rect/theora/parameter_descriptions] /camera_nodelet_manager http://pc:50667/
[rosmaster.master][INFO] 2012-12-15 18:11:01,952: +PUB [/camera/depth_registered/image_rect/theora/parameter_updates] /camera_nodelet_manager http://pc:50667/
[rosmaster.master][INFO] 2012-12-15 18:11:01,956: +PARAM [/camera/depth_registered/image_rect/theora/optimize_for] by /camera_nodelet_manager
[rosmaster.master][INFO] 2012-12-15 18:11:01,958: +PARAM [/camera/depth_registered/image_rect/theora/target_bitrate] by /camera_nodelet_manager
[rosmaster.master][INFO] 2012-12-15 18:11:01,960: +PARAM [/camera/depth_registered/image_rect/theora/quality] by /camera_nodelet_manager
[rosmaster.master][INFO] 2012-12-15 18:11:01,961: +PARAM [/camera/depth_registered/image_rect/theora/keyframe_frequency] by /camera_nodelet_manager
[rosmaster.master][INFO] 2012-12-15 18:11:02,014: publisherUpdate[/camera/depth_registered/image_rect] -> http://pc:50141/
[rosmaster.master][INFO] 2012-12-15 18:11:02,025: +SUB [/camera/depth_registered/image_rect_raw] /camera_nodelet_manager http://pc:50667/
[rosmaster.master][INFO] 2012-12-15 18:11:02,028: +SUB [/camera/depth_registered/image_raw] /camera_nodelet_manager http://pc:50667/
[rosmaster.master][INFO] 2012-12-15 18:11:02,029: +SUB [/camera/depth/image_rect_raw] /camera_nodelet_manager http://pc:50667/
[rosmaster.master][INFO] 2012-12-15 18:11:02,030: +SUB [/camera/depth_registered/camera_info] /camera_nodelet_manager http://pc:50667/
[rosmaster.master][INFO] 2012-12-15 18:11:02,032: +SUB [/camera/depth/camera_info] /camera_nodelet_manager http://pc:50667/
[rosmaster.master][INFO] 2012-12-15 18:11:02,033: +SUB [/camera/depth/image_raw] /camera_nodelet_manager http://pc:50667/
[rosmaster.master][INFO] 2012-12-15 18:11:02,035: +SUB [/camera/rgb/camera_info] /camera_nodelet_manager http://pc:50667/
[rosmaster.master][INFO] 2012-12-15 18:11:02,250: +SERVICE [/camera/rgb/rectify_mono/set_parameters] /camera_nodelet_manager http://pc:50667/
[rosmaster.master][INFO] 2012-12-15 18:11:02,252: +PUB [/camera/rgb/rectify_mono/parameter_descriptions] /camera_nodelet_manager http://pc:50667/
[rosmaster.master][INFO] 2012-12-15 18:11:02,256: +PUB [/camera/rgb/rectify_mono/parameter_updates] /camera_nodelet_manager http://pc:50667/
[rosmaster.master][INFO] 2012-12-15 18:11:02,262: +PARAM [/camera/rgb/rectify_mono/interpolation] by /camera_nodelet_manager
[rosmaster.master][INFO] 2012-12-15 18:11:02,264: +PUB [/camera/rgb/image_rect/compressed] /camera_nodelet_manager http://pc:50667/
[rosmaster.master][INFO] 2012-12-15 18:11:02,267: +SERVICE [/camera/rgb/image_rect/compressed/set_parameters] /camera_nodelet_manager http://pc:50667/
[rosmaster.master][INFO] 2012-12-15 18:11:02,269: +PUB [/camera/rgb/image_rect/compressed/parameter_descriptions] /camera_nodelet_manager http://pc:50667/
[rosmaster.master][INFO] 2012-12-15 18:11:02,272: +PUB [/camera/rgb/image_rect/compressed/parameter_updates] /camera_nodelet_manager http://pc:50667/
[rosmaster.master][INFO] 2012-12-15 18:11:02,282: +PARAM [/camera/rgb/image_rect/compressed/format] by /camera_nodelet_manager
[rosmaster.master][INFO] 2012-12-15 18:11:02,284: +PARAM [/camera/rgb/image_rect/compressed/jpeg_quality] by /camera_nodelet_manager
[rosmaster.master][INFO] 2012-12-15 18:11:02,287: +PARAM [/camera/rgb/image_rect/compressed/png_level] by /camera_nodelet_manager
[rosmaster.master][INFO] 2012-12-15 18:11:02,289: +PUB [/camera/rgb/image_rect] /camera_nodelet_manager http://pc:50667/
[rosmaster.master][INFO] 2012-12-15 18:11:02,292: +PUB [/camera/rgb/image_rect/theora] /camera_nodelet_manager http://pc:50667/
[rosmaster.master][INFO] 2012-12-15 18:11:02,297: +SERVICE [/camera/rgb/image_rect/theora/set_parameters] /camera_nodelet_manager http://pc:50667/
[rosmaster.master][INFO] 2012-12-15 18:11:02,300: +PUB [/camera/rgb/image_rect/theora/parameter_descriptions] /camera_nodelet_manager http://pc:50667/
[rosmaster.master][INFO] 2012-12-15 18:11:02,303: +PUB [/camera/rgb/image_rect/theora/parameter_updates] /camera_nodelet_manager http://pc:50667/
[rosmaster.master][INFO] 2012-12-15 18:11:02,314: +PARAM [/camera/rgb/image_rect/theora/optimize_for] by /camera_nodelet_manager
[rosmaster.master][INFO] 2012-12-15 18:11:02,316: +PARAM [/camera/rgb/image_rect/theora/target_bitrate] by /camera_nodelet_manager
[rosmaster.master][INFO] 2012-12-15 18:11:02,319: +PARAM [/camera/rgb/image_rect/theora/quality] by /camera_nodelet_manager
[rosmaster.master][INFO] 2012-12-15 18:11:02,321: +PARAM [/camera/rgb/image_rect/theora/keyframe_frequency] by /camera_nodelet_manager
[rosmaster.master][INFO] 2012-12-15 18:11:02,588: +SERVICE [/camera/rgb/rectify_color/set_parameters] /camera_nodelet_manager http://pc:50667/
[rosmaster.master][INFO] 2012-12-15 18:11:02,591: +PUB [/camera/rgb/rectify_color/parameter_descriptions] /camera_nodelet_manager http://pc:50667/
[rosmaster.master][INFO] 2012-12-15 18:11:02,593: +PUB [/camera/rgb/rectify_color/parameter_updates] /camera_nodelet_manager http://pc:50667/
[rosmaster.master][INFO] 2012-12-15 18:11:02,596: +PARAM [/camera/rgb/rectify_color/interpolation] by /camera_nodelet_manager
[rosmaster.master][INFO] 2012-12-15 18:11:02,598: +PUB [/camera/rgb/image_rect_color/compressed] /camera_nodelet_manager http://pc:50667/
[rosmaster.master][INFO] 2012-12-15 18:11:02,600: +SERVICE [/camera/rgb/image_rect_color/compressed/set_parameters] /camera_nodelet_manager http://pc:50667/
[rosmaster.master][INFO] 2012-12-15 18:11:02,601: +PUB [/camera/rgb/image_rect_color/compressed/parameter_descriptions] /camera_nodelet_manager http://pc:50667/
[rosmaster.master][INFO] 2012-12-15 18:11:02,603: +PUB [/camera/rgb/image_rect_color/compressed/parameter_updates] /camera_nodelet_manager http://pc:50667/
[rosmaster.master][INFO] 2012-12-15 18:11:02,612: +PARAM [/camera/rgb/image_rect_color/compressed/format] by /camera_nodelet_manager
[rosmaster.master][INFO] 2012-12-15 18:11:02,614: +PARAM [/camera/rgb/image_rect_color/compressed/jpeg_quality] by /camera_nodelet_manager
[rosmaster.master][INFO] 2012-12-15 18:11:02,619: +PARAM [/camera/rgb/image_rect_color/compressed/png_level] by /camera_nodelet_manager
[rosmaster.master][INFO] 2012-12-15 18:11:02,621: +PUB [/camera/rgb/image_rect_color] /camera_nodelet_manager http://pc:50667/
[rosmaster.master][INFO] 2012-12-15 18:11:02,624: +PUB [/camera/rgb/image_rect_color/theora] /camera_nodelet_manager http://pc:50667/
[rosmaster.master][INFO] 2012-12-15 18:11:02,627: +SERVICE [/camera/rgb/image_rect_color/theora/set_parameters] /camera_nodelet_manager http://pc:50667/
[rosmaster.master][INFO] 2012-12-15 18:11:02,629: +PUB [/camera/rgb/image_rect_color/theora/parameter_descriptions] /camera_nodelet_manager http://pc:50667/
[rosmaster.master][INFO] 2012-12-15 18:11:02,632: +PUB [/camera/rgb/image_rect_color/theora/parameter_updates] /camera_nodelet_manager http://pc:50667/
[rosmaster.master][INFO] 2012-12-15 18:11:02,642: +PARAM [/camera/rgb/image_rect_color/theora/optimize_for] by /camera_nodelet_manager
[rosmaster.master][INFO] 2012-12-15 18:11:02,645: +PARAM [/camera/rgb/image_rect_color/theora/target_bitrate] by /camera_nodelet_manager
[rosmaster.master][INFO] 2012-12-15 18:11:02,647: +PARAM [/camera/rgb/image_rect_color/theora/quality] by /camera_nodelet_manager
[rosmaster.master][INFO] 2012-12-15 18:11:02,647: publisherUpdate[/camera/rgb/image_rect_color] -> http://pc:50141/
[rosmaster.master][INFO] 2012-12-15 18:11:02,650: +PARAM [/camera/rgb/image_rect_color/theora/keyframe_frequency] by /camera_nodelet_manager
[rosmaster.master][INFO] 2012-12-15 18:11:02,689: +SUB [/camera/rgb/image_color] /camera_nodelet_manager http://pc:50667/
[rosmaster.master][INFO] 2012-12-15 18:11:02,693: +SUB [/camera/rgb/image_raw] /camera_nodelet_manager http://pc:50667/
[rosmaster.master][INFO] 2012-12-15 18:11:02,947: +PUB [/camera/depth/image_rect/compressed] /camera_nodelet_manager http://pc:50667/
[rosmaster.master][INFO] 2012-12-15 18:11:02,949: +SERVICE [/camera/depth/image_rect/compressed/set_parameters] /camera_nodelet_manager http://pc:50667/
[rosmaster.master][INFO] 2012-12-15 18:11:02,951: +PUB [/camera/depth/image_rect/compressed/parameter_descriptions] /camera_nodelet_manager http://pc:50667/
[rosmaster.master][INFO] 2012-12-15 18:11:02,953: +PUB [/camera/depth/image_rect/compressed/parameter_updates] /camera_nodelet_manager http://pc:50667/
[rosmaster.master][INFO] 2012-12-15 18:11:02,960: +PARAM [/camera/depth/image_rect/compressed/format] by /camera_nodelet_manager
[rosmaster.master][INFO] 2012-12-15 18:11:02,962: +PARAM [/camera/depth/image_rect/compressed/jpeg_quality] by /camera_nodelet_manager
[rosmaster.master][INFO] 2012-12-15 18:11:02,963: +PARAM [/camera/depth/image_rect/compressed/png_level] by /camera_nodelet_manager
[rosmaster.master][INFO] 2012-12-15 18:11:02,966: +PUB [/camera/depth/image_rect] /camera_nodelet_manager http://pc:50667/
[rosmaster.master][INFO] 2012-12-15 18:11:02,969: +PUB [/camera/depth/image_rect/theora] /camera_nodelet_manager http://pc:50667/
[rosmaster.master][INFO] 2012-12-15 18:11:02,971: +SERVICE [/camera/depth/image_rect/theora/set_parameters] /camera_nodelet_manager http://pc:50667/
[rosmaster.master][INFO] 2012-12-15 18:11:02,973: +PUB [/camera/depth/image_rect/theora/parameter_descriptions] /camera_nodelet_manager http://pc:50667/
[rosmaster.master][INFO] 2012-12-15 18:11:02,975: +PUB [/camera/depth/image_rect/theora/parameter_updates] /camera_nodelet_manager http://pc:50667/
[rosmaster.master][INFO] 2012-12-15 18:11:02,987: +PARAM [/camera/depth/image_rect/theora/optimize_for] by /camera_nodelet_manager
[rosmaster.master][INFO] 2012-12-15 18:11:02,990: +PARAM [/camera/depth/image_rect/theora/target_bitrate] by /camera_nodelet_manager
[rosmaster.master][INFO] 2012-12-15 18:11:02,992: +PARAM [/camera/depth/image_rect/theora/quality] by /camera_nodelet_manager
[rosmaster.master][INFO] 2012-12-15 18:11:02,994: +PARAM [/camera/depth/image_rect/theora/keyframe_frequency] by /camera_nodelet_manager
[rosmaster.master][INFO] 2012-12-15 18:11:03,271: +PUB [/camera/depth_registered/image/compressed] /camera_nodelet_manager http://pc:50667/
[rosmaster.master][INFO] 2012-12-15 18:11:03,273: +SERVICE [/camera/depth_registered/image/compressed/set_parameters] /camera_nodelet_manager http://pc:50667/
[rosmaster.master][INFO] 2012-12-15 18:11:03,275: +PUB [/camera/depth_registered/image/compressed/parameter_descriptions] /camera_nodelet_manager http://pc:50667/
[rosmaster.master][INFO] 2012-12-15 18:11:03,277: +PUB [/camera/depth_registered/image/compressed/parameter_updates] /camera_nodelet_manager http://pc:50667/
[rosmaster.master][INFO] 2012-12-15 18:11:03,285: +PARAM [/camera/depth_registered/image/compressed/format] by /camera_nodelet_manager
[rosmaster.master][INFO] 2012-12-15 18:11:03,288: +PARAM [/camera/depth_registered/image/compressed/jpeg_quality] by /camera_nodelet_manager
[rosmaster.master][INFO] 2012-12-15 18:11:03,290: +PARAM [/camera/depth_registered/image/compressed/png_level] by /camera_nodelet_manager
[rosmaster.master][INFO] 2012-12-15 18:11:03,293: +PUB [/camera/depth_registered/image] /camera_nodelet_manager http://pc:50667/
[rosmaster.master][INFO] 2012-12-15 18:11:03,296: +PUB [/camera/depth_registered/image/theora] /camera_nodelet_manager http://pc:50667/
[rosmaster.master][INFO] 2012-12-15 18:11:03,299: +SERVICE [/camera/depth_registered/image/theora/set_parameters] /camera_nodelet_manager http://pc:50667/
[rosmaster.master][INFO] 2012-12-15 18:11:03,302: +PUB [/camera/depth_registered/image/theora/parameter_descriptions] /camera_nodelet_manager http://pc:50667/
[rosmaster.master][INFO] 2012-12-15 18:11:03,304: +PUB [/camera/depth_registered/image/theora/parameter_updates] /camera_nodelet_manager http://pc:50667/
[rosmaster.master][INFO] 2012-12-15 18:11:03,315: +PARAM [/camera/depth_registered/image/theora/optimize_for] by /camera_nodelet_manager
[rosmaster.master][INFO] 2012-12-15 18:11:03,318: +PARAM [/camera/depth_registered/image/theora/target_bitrate] by /camera_nodelet_manager
[rosmaster.master][INFO] 2012-12-15 18:11:03,321: +PARAM [/camera/depth_registered/image/theora/quality] by /camera_nodelet_manager
[rosmaster.master][INFO] 2012-12-15 18:11:03,323: +PARAM [/camera/depth_registered/image/theora/keyframe_frequency] by /camera_nodelet_manager
[rosmaster.master][INFO] 2012-12-15 18:11:03,705: +SERVICE [/camera/driver/set_parameters] /camera_nodelet_manager http://pc:50667/
[rosmaster.master][INFO] 2012-12-15 18:11:03,707: +PUB [/camera/driver/parameter_descriptions] /camera_nodelet_manager http://pc:50667/
[rosmaster.master][INFO] 2012-12-15 18:11:03,708: +PUB [/camera/driver/parameter_updates] /camera_nodelet_manager http://pc:50667/
[rosmaster.master][INFO] 2012-12-15 18:11:03,725: +PARAM [/camera/driver/image_mode] by /camera_nodelet_manager
[rosmaster.master][INFO] 2012-12-15 18:11:03,728: +PARAM [/camera/driver/depth_mode] by /camera_nodelet_manager
[rosmaster.master][INFO] 2012-12-15 18:11:03,730: +PARAM [/camera/driver/depth_registration] by /camera_nodelet_manager
[rosmaster.master][INFO] 2012-12-15 18:11:03,731: +PARAM [/camera/driver/data_skip] by /camera_nodelet_manager
[rosmaster.master][INFO] 2012-12-15 18:11:03,733: +PARAM [/camera/driver/depth_time_offset] by /camera_nodelet_manager
[rosmaster.master][INFO] 2012-12-15 18:11:03,734: +PARAM [/camera/driver/image_time_offset] by /camera_nodelet_manager
[rosmaster.master][INFO] 2012-12-15 18:11:03,735: +PARAM [/camera/driver/depth_ir_offset_x] by /camera_nodelet_manager
[rosmaster.master][INFO] 2012-12-15 18:11:03,736: +PARAM [/camera/driver/depth_ir_offset_y] by /camera_nodelet_manager
[rosmaster.master][INFO] 2012-12-15 18:11:03,736: +PARAM [/camera/driver/z_offset_mm] by /camera_nodelet_manager
[rosmaster.master][INFO] 2012-12-15 18:11:03,747: +SERVICE [/camera/rgb/set_camera_info] /camera_nodelet_manager http://pc:50667/
[rosmaster.master][INFO] 2012-12-15 18:11:03,749: +SERVICE [/camera/ir/set_camera_info] /camera_nodelet_manager http://pc:50667/
[rosmaster.master][INFO] 2012-12-15 18:11:03,751: +PUB [/camera/rgb/image_raw/compressed] /camera_nodelet_manager http://pc:50667/
[rosmaster.master][INFO] 2012-12-15 18:11:03,753: +SERVICE [/camera/rgb/image_raw/compressed/set_parameters] /camera_nodelet_manager http://pc:50667/
[rosmaster.master][INFO] 2012-12-15 18:11:03,755: +PUB [/camera/rgb/image_raw/compressed/parameter_descriptions] /camera_nodelet_manager http://pc:50667/
[rosmaster.master][INFO] 2012-12-15 18:11:03,757: +PUB [/camera/rgb/image_raw/compressed/parameter_updates] /camera_nodelet_manager http://pc:50667/
[rosmaster.master][INFO] 2012-12-15 18:11:03,761: +PARAM [/camera/rgb/image_raw/compressed/format] by /camera_nodelet_manager
[rosmaster.master][INFO] 2012-12-15 18:11:03,761: +PARAM [/camera/rgb/image_raw/compressed/jpeg_quality] by /camera_nodelet_manager
[rosmaster.master][INFO] 2012-12-15 18:11:03,762: +PARAM [/camera/rgb/image_raw/compressed/png_level] by /camera_nodelet_manager
[rosmaster.master][INFO] 2012-12-15 18:11:03,764: +PUB [/camera/rgb/image_raw] /camera_nodelet_manager http://pc:50667/
[rosmaster.master][INFO] 2012-12-15 18:11:03,765: +PUB [/camera/rgb/image_raw/theora] /camera_nodelet_manager http://pc:50667/
[rosmaster.master][INFO] 2012-12-15 18:11:03,766: +SERVICE [/camera/rgb/image_raw/theora/set_parameters] /camera_nodelet_manager http://pc:50667/
[rosmaster.master][INFO] 2012-12-15 18:11:03,767: +PUB [/camera/rgb/image_raw/theora/parameter_descriptions] /camera_nodelet_manager http://pc:50667/
[rosmaster.master][INFO] 2012-12-15 18:11:03,768: +PUB [/camera/rgb/image_raw/theora/parameter_updates] /camera_nodelet_manager http://pc:50667/
[rosmaster.master][INFO] 2012-12-15 18:11:03,773: +PARAM [/camera/rgb/image_raw/theora/optimize_for] by /camera_nodelet_manager
[rosmaster.master][INFO] 2012-12-15 18:11:03,775: +PARAM [/camera/rgb/image_raw/theora/target_bitrate] by /camera_nodelet_manager
[rosmaster.master][INFO] 2012-12-15 18:11:03,776: +PARAM [/camera/rgb/image_raw/theora/quality] by /camera_nodelet_manager
[rosmaster.master][INFO] 2012-12-15 18:11:03,778: +PARAM [/camera/rgb/image_raw/theora/keyframe_frequency] by /camera_nodelet_manager
[rosmaster.master][INFO] 2012-12-15 18:11:03,780: +PUB [/camera/rgb/camera_info] /camera_nodelet_manager http://pc:50667/
[rosmaster.master][INFO] 2012-12-15 18:11:03,782: +PUB [/camera/ir/image_raw/compressed] /camera_nodelet_manager http://pc:50667/
[rosmaster.master][INFO] 2012-12-15 18:11:03,784: +SERVICE [/camera/ir/image_raw/compressed/set_parameters] /camera_nodelet_manager http://pc:50667/
[rosmaster.master][INFO] 2012-12-15 18:11:03,785: +PUB [/camera/ir/image_raw/compressed/parameter_descriptions] /camera_nodelet_manager http://pc:50667/
[rosmaster.master][INFO] 2012-12-15 18:11:03,786: +PUB [/camera/ir/image_raw/compressed/parameter_updates] /camera_nodelet_manager http://pc:50667/
[rosmaster.master][INFO] 2012-12-15 18:11:03,790: +PARAM [/camera/ir/image_raw/compressed/format] by /camera_nodelet_manager
[rosmaster.master][INFO] 2012-12-15 18:11:03,791: +PARAM [/camera/ir/image_raw/compressed/jpeg_quality] by /camera_nodelet_manager
[rosmaster.master][INFO] 2012-12-15 18:11:03,792: +PARAM [/camera/ir/image_raw/compressed/png_level] by /camera_nodelet_manager
[rosmaster.master][INFO] 2012-12-15 18:11:03,793: +PUB [/camera/ir/image_raw] /camera_nodelet_manager http://pc:50667/
[rosmaster.master][INFO] 2012-12-15 18:11:03,794: +PUB [/camera/ir/image_raw/theora] /camera_nodelet_manager http://pc:50667/
[rosmaster.master][INFO] 2012-12-15 18:11:03,795: +SERVICE [/camera/ir/image_raw/theora/set_parameters] /camera_nodelet_manager http://pc:50667/
[rosmaster.master][INFO] 2012-12-15 18:11:03,796: +PUB [/camera/ir/image_raw/theora/parameter_descriptions] /camera_nodelet_manager http://pc:50667/
[rosmaster.master][INFO] 2012-12-15 18:11:03,797: +PUB [/camera/ir/image_raw/theora/parameter_updates] /camera_nodelet_manager http://pc:50667/
[rosmaster.master][INFO] 2012-12-15 18:11:03,801: +PARAM [/camera/ir/image_raw/theora/optimize_for] by /camera_nodelet_manager
[rosmaster.master][INFO] 2012-12-15 18:11:03,802: +PARAM [/camera/ir/image_raw/theora/target_bitrate] by /camera_nodelet_manager
[rosmaster.master][INFO] 2012-12-15 18:11:03,803: +PARAM [/camera/ir/image_raw/theora/quality] by /camera_nodelet_manager
[rosmaster.master][INFO] 2012-12-15 18:11:03,804: +PARAM [/camera/ir/image_raw/theora/keyframe_frequency] by /camera_nodelet_manager
[rosmaster.master][INFO] 2012-12-15 18:11:03,805: +PUB [/camera/ir/camera_info] /camera_nodelet_manager http://pc:50667/
[rosmaster.master][INFO] 2012-12-15 18:11:03,806: +PUB [/camera/depth/image_raw/compressed] /camera_nodelet_manager http://pc:50667/
[rosmaster.master][INFO] 2012-12-15 18:11:03,807: +SERVICE [/camera/depth/image_raw/compressed/set_parameters] /camera_nodelet_manager http://pc:50667/
[rosmaster.master][INFO] 2012-12-15 18:11:03,808: +PUB [/camera/depth/image_raw/compressed/parameter_descriptions] /camera_nodelet_manager http://pc:50667/
[rosmaster.master][INFO] 2012-12-15 18:11:03,808: +PUB [/camera/depth/image_raw/compressed/parameter_updates] /camera_nodelet_manager http://pc:50667/
[rosmaster.master][INFO] 2012-12-15 18:11:03,813: +PARAM [/camera/depth/image_raw/compressed/format] by /camera_nodelet_manager
[rosmaster.master][INFO] 2012-12-15 18:11:03,814: +PARAM [/camera/depth/image_raw/compressed/jpeg_quality] by /camera_nodelet_manager
[rosmaster.master][INFO] 2012-12-15 18:11:03,815: +PARAM [/camera/depth/image_raw/compressed/png_level] by /camera_nodelet_manager
[rosmaster.master][INFO] 2012-12-15 18:11:03,817: +PUB [/camera/depth/image_raw] /camera_nodelet_manager http://pc:50667/
[rosmaster.master][INFO] 2012-12-15 18:11:03,818: +PUB [/camera/depth/image_raw/theora] /camera_nodelet_manager http://pc:50667/
[rosmaster.master][INFO] 2012-12-15 18:11:03,819: +SERVICE [/camera/depth/image_raw/theora/set_parameters] /camera_nodelet_manager http://pc:50667/
[rosmaster.master][INFO] 2012-12-15 18:11:03,819: publisherUpdate[/camera/rgb/image_raw] -> http://pc:50667/
[rosmaster.master][INFO] 2012-12-15 18:11:03,820: publisherUpdate[/camera/rgb/camera_info] -> http://pc:50667/
[rosmaster.master][INFO] 2012-12-15 18:11:03,821: publisherUpdate[/camera/depth/image_raw] -> http://pc:50667/
[rosmaster.master][INFO] 2012-12-15 18:11:03,822: +PUB [/camera/depth/image_raw/theora/parameter_descriptions] /camera_nodelet_manager http://pc:50667/
[rosmaster.master][INFO] 2012-12-15 18:11:03,823: +PUB [/camera/depth/image_raw/theora/parameter_updates] /camera_nodelet_manager http://pc:50667/
[rosmaster.master][INFO] 2012-12-15 18:11:03,827: +PARAM [/camera/depth/image_raw/theora/optimize_for] by /camera_nodelet_manager
[rosmaster.master][INFO] 2012-12-15 18:11:03,828: +PARAM [/camera/depth/image_raw/theora/target_bitrate] by /camera_nodelet_manager
[rosmaster.master][INFO] 2012-12-15 18:11:03,829: +PARAM [/camera/depth/image_raw/theora/quality] by /camera_nodelet_manager
[rosmaster.master][INFO] 2012-12-15 18:11:03,830: +PARAM [/camera/depth/image_raw/theora/keyframe_frequency] by /camera_nodelet_manager
[rosmaster.master][INFO] 2012-12-15 18:11:03,831: +PUB [/camera/depth/camera_info] /camera_nodelet_manager http://pc:50667/
[rosmaster.master][INFO] 2012-12-15 18:11:03,832: +PUB [/camera/projector/camera_info] /camera_nodelet_manager http://pc:50667/
[rosmaster.master][INFO] 2012-12-15 18:11:03,834: +PUB [/camera/depth_registered/image_raw/compressed] /camera_nodelet_manager http://pc:50667/
[rosmaster.master][INFO] 2012-12-15 18:11:03,835: +SERVICE [/camera/depth_registered/image_raw/compressed/set_parameters] /camera_nodelet_manager http://pc:50667/
[rosmaster.master][INFO] 2012-12-15 18:11:03,836: +PUB [/camera/depth_registered/image_raw/compressed/parameter_descriptions] /camera_nodelet_manager http://pc:50667/
[rosmaster.master][INFO] 2012-12-15 18:11:03,837: +PUB [/camera/depth_registered/image_raw/compressed/parameter_updates] /camera_nodelet_manager http://pc:50667/
[rosmaster.master][INFO] 2012-12-15 18:11:03,840: +PARAM [/camera/depth_registered/image_raw/compressed/format] by /camera_nodelet_manager
[rosmaster.master][INFO] 2012-12-15 18:11:03,841: +PARAM [/camera/depth_registered/image_raw/compressed/jpeg_quality] by /camera_nodelet_manager
[rosmaster.master][INFO] 2012-12-15 18:11:03,842: +PARAM [/camera/depth_registered/image_raw/compressed/png_level] by /camera_nodelet_manager
[rosmaster.master][INFO] 2012-12-15 18:11:03,843: +PUB [/camera/depth_registered/image_raw] /camera_nodelet_manager http://pc:50667/
[rosmaster.master][INFO] 2012-12-15 18:11:03,845: +PUB [/camera/depth_registered/image_raw/theora] /camera_nodelet_manager http://pc:50667/
[rosmaster.master][INFO] 2012-12-15 18:11:03,846: +SERVICE [/camera/depth_registered/image_raw/theora/set_parameters] /camera_nodelet_manager http://pc:50667/
[rosmaster.master][INFO] 2012-12-15 18:11:03,849: +PUB [/camera/depth_registered/image_raw/theora/parameter_descriptions] /camera_nodelet_manager http://pc:50667/
[rosmaster.master][INFO] 2012-12-15 18:11:03,851: +PUB [/camera/depth_registered/image_raw/theora/parameter_updates] /camera_nodelet_manager http://pc:50667/
[rosmaster.master][INFO] 2012-12-15 18:11:03,856: publisherUpdate[/camera/depth/camera_info] -> http://pc:50667/
[rosmaster.master][INFO] 2012-12-15 18:11:03,861: publisherUpdate[/camera/depth_registered/image_raw] -> http://pc:50667/
[rosmaster.master][INFO] 2012-12-15 18:11:03,862: +PARAM [/camera/depth_registered/image_raw/theora/optimize_for] by /camera_nodelet_manager
[rosmaster.master][INFO] 2012-12-15 18:11:03,868: +PARAM [/camera/depth_registered/image_raw/theora/target_bitrate] by /camera_nodelet_manager
[rosmaster.master][INFO] 2012-12-15 18:11:03,869: +PARAM [/camera/depth_registered/image_raw/theora/quality] by /camera_nodelet_manager
[rosmaster.master][INFO] 2012-12-15 18:11:03,870: +PARAM [/camera/depth_registered/image_raw/theora/keyframe_frequency] by /camera_nodelet_manager
[rosmaster.master][INFO] 2012-12-15 18:11:03,890: +PUB [/camera/depth_registered/points] /camera_nodelet_manager http://pc:50667/
[rosmaster.master][INFO] 2012-12-15 18:11:03,895: +SUB [/camera/driver/parameter_updates] /set_dr http://pc:40207/
[rosmaster.master][INFO] 2012-12-15 18:11:03,900: +SUB [/camera/driver/parameter_descriptions] /set_dr http://pc:40207/
[rosmaster.master][INFO] 2012-12-15 18:11:07,720: +PARAM [/camera/driver/image_mode] by /camera_nodelet_manager
[rosmaster.master][INFO] 2012-12-15 18:11:07,723: +PARAM [/camera/driver/depth_mode] by /camera_nodelet_manager
[rosmaster.master][INFO] 2012-12-15 18:11:07,725: +PARAM [/camera/driver/depth_registration] by /camera_nodelet_manager
[rosmaster.master][INFO] 2012-12-15 18:11:07,730: +PARAM [/camera/driver/data_skip] by /camera_nodelet_manager
[rosmaster.master][INFO] 2012-12-15 18:11:07,735: +PARAM [/camera/driver/depth_time_offset] by /camera_nodelet_manager
[rosmaster.master][INFO] 2012-12-15 18:11:07,738: +PARAM [/camera/driver/image_time_offset] by /camera_nodelet_manager
[rosmaster.master][INFO] 2012-12-15 18:11:07,740: +PARAM [/camera/driver/depth_ir_offset_x] by /camera_nodelet_manager
[rosmaster.master][INFO] 2012-12-15 18:11:07,742: +PARAM [/camera/driver/depth_ir_offset_y] by /camera_nodelet_manager
[rosmaster.master][INFO] 2012-12-15 18:11:07,744: +PARAM [/camera/driver/z_offset_mm] by /camera_nodelet_manager
[rosmaster.master][INFO] 2012-12-15 18:11:07,748: -SUB [/camera/driver/parameter_updates] /set_dr http://pc:40207/
[rosmaster.master][INFO] 2012-12-15 18:11:07,749: -SUB [/camera/driver/parameter_descriptions] /set_dr http://pc:40207/
[rosmaster.master][INFO] 2012-12-15 18:11:07,749: -PUB [/rosout] /set_dr http://pc:40207/
[rosmaster.master][INFO] 2012-12-15 18:11:07,770: publisherUpdate[/rosout] -> http://pc:56193/
[rosmaster.master][INFO] 2012-12-15 18:11:09,103: -SUB [/camera/depth_registered/image_rect] /depth_detection http://pc:50141/
[rosmaster.master][INFO] 2012-12-15 18:11:09,103: -SUB [/camera/rgb/image_rect_color] /depth_detection http://pc:50141/
[rosmaster.master][INFO] 2012-12-15 18:11:09,103: -PUB [/rosout] /depth_detection http://pc:50141/
[rosmaster.master][INFO] 2012-12-15 18:11:09,113: -SUB [/camera/depth_registered/image_rect_raw] /camera_nodelet_manager http://pc:50667/
[rosmaster.master][INFO] 2012-12-15 18:11:09,116: -PUB [/camera/depth/disparity] /camera_nodelet_manager http://pc:50667/
[rosmaster.master][INFO] 2012-12-15 18:11:09,119: -SUB [/camera/depth_registered/image_raw] /camera_nodelet_manager http://pc:50667/
[rosmaster.master][INFO] 2012-12-15 18:11:09,120: -PUB [/camera/depth_registered/disparity] /camera_nodelet_manager http://pc:50667/
[rosmaster.master][INFO] 2012-12-15 18:11:09,122: -SUB [/camera/depth_registered/camera_info] /camera_nodelet_manager http://pc:50667/
[rosmaster.master][INFO] 2012-12-15 18:11:09,123: -PUB [/camera/depth_registered/points] /camera_nodelet_manager http://pc:50667/
[rosmaster.master][INFO] 2012-12-15 18:11:09,125: -SUB [/camera/depth/image_rect_raw] /camera_nodelet_manager http://pc:50667/
[rosmaster.master][INFO] 2012-12-15 18:11:09,127: -SUB [/camera/depth/image_raw] /camera_nodelet_manager http://pc:50667/
[rosmaster.master][INFO] 2012-12-15 18:11:09,128: -SUB [/camera/depth/camera_info] /camera_nodelet_manager http://pc:50667/
[rosmaster.master][INFO] 2012-12-15 18:11:09,128: publisherUpdate[/rosout] -> http://pc:56193/
[rosmaster.master][INFO] 2012-12-15 18:11:09,144: -PUB [/rosout] /camera/points_xyzrgb_depth_rgb http://pc:37964/
[rosmaster.master][INFO] 2012-12-15 18:11:09,147: -SERVICE [/camera/points_xyzrgb_depth_rgb/get_loggers] /camera/points_xyzrgb_depth_rgb rosrpc://pc:58562
[rosmaster.master][INFO] 2012-12-15 18:11:09,149: -SERVICE [/camera/points_xyzrgb_depth_rgb/set_logger_level] /camera/points_xyzrgb_depth_rgb rosrpc://pc:58562
[rosmaster.master][INFO] 2012-12-15 18:11:09,175: publisherUpdate[/rosout] -> http://pc:56193/
[rosmaster.master][INFO] 2012-12-15 18:11:09,225: -PUB [/rosout] /camera/depth_registered/metric_rect http://pc:57212/
[rosmaster.master][INFO] 2012-12-15 18:11:09,229: -PUB [/rosout] /camera_base_link http://pc:44710/
[rosmaster.master][INFO] 2012-12-15 18:11:09,230: publisherUpdate[/rosout] -> http://pc:56193/
[rosmaster.master][INFO] 2012-12-15 18:11:09,232: -SERVICE [/camera/depth_registered/metric_rect/get_loggers] /camera/depth_registered/metric_rect rosrpc://pc:35058
[rosmaster.master][INFO] 2012-12-15 18:11:09,235: publisherUpdate[/rosout] -> http://pc:56193/
[rosmaster.master][INFO] 2012-12-15 18:11:09,236: -PUB [/tf] /camera_base_link http://pc:44710/
[rosmaster.master][INFO] 2012-12-15 18:11:09,239: -SERVICE [/camera/depth_registered/metric_rect/set_logger_level] /camera/depth_registered/metric_rect rosrpc://pc:35058
[rosmaster.master][INFO] 2012-12-15 18:11:09,242: publisherUpdate[/tf] -> http://pc:50667/
[rosmaster.master][INFO] 2012-12-15 18:11:09,246: -SERVICE [/camera_base_link/get_loggers] /camera_base_link rosrpc://pc:46159
[rosmaster.master][INFO] 2012-12-15 18:11:09,250: -PUB [/rosout] /camera/depth_registered/metric http://pc:49913/
[rosmaster.master][INFO] 2012-12-15 18:11:09,252: -PUB [/rosout] /camera/disparity_depth http://pc:34291/
[rosmaster.master][INFO] 2012-12-15 18:11:09,254: -PUB [/rosout] /camera/disparity_depth_registered http://pc:55694/
[rosmaster.master][INFO] 2012-12-15 18:11:09,256: -PUB [/rosout] /camera_base_link2 http://pc:44838/
[rosmaster.master][INFO] 2012-12-15 18:11:09,259: -SERVICE [/camera_base_link/set_logger_level] /camera_base_link rosrpc://pc:46159
[rosmaster.master][INFO] 2012-12-15 18:11:09,265: -PUB [/rosout] /camera_base_link3 http://pc:37314/
[rosmaster.master][INFO] 2012-12-15 18:11:09,267: -SERVICE [/camera/depth_registered/metric/get_loggers] /camera/depth_registered/metric rosrpc://pc:39702
[rosmaster.master][INFO] 2012-12-15 18:11:09,272: -PUB [/rosout] /camera_base_link1 http://pc:33288/
[rosmaster.master][INFO] 2012-12-15 18:11:09,274: -SERVICE [/camera/disparity_depth/get_loggers] /camera/disparity_depth rosrpc://pc:34052
[rosmaster.master][INFO] 2012-12-15 18:11:09,276: -PUB [/tf] /camera_base_link2 http://pc:44838/
[rosmaster.master][INFO] 2012-12-15 18:11:09,278: -SERVICE [/camera/disparity_depth_registered/get_loggers] /camera/disparity_depth_registered rosrpc://pc:57674
[rosmaster.master][INFO] 2012-12-15 18:11:09,279: -SERVICE [/camera/depth_registered/metric/set_logger_level] /camera/depth_registered/metric rosrpc://pc:39702
[rosmaster.master][INFO] 2012-12-15 18:11:09,280: publisherUpdate[/rosout] -> http://pc:56193/
[rosmaster.master][INFO] 2012-12-15 18:11:09,283: -PUB [/tf] /camera_base_link3 http://pc:37314/
[rosmaster.master][INFO] 2012-12-15 18:11:09,287: publisherUpdate[/rosout] -> http://pc:56193/
[rosmaster.master][INFO] 2012-12-15 18:11:09,287: -SERVICE [/camera/disparity_depth/set_logger_level] /camera/disparity_depth rosrpc://pc:34052
[rosmaster.master][INFO] 2012-12-15 18:11:09,290: -PUB [/tf] /camera_base_link1 http://pc:33288/
[rosmaster.master][INFO] 2012-12-15 18:11:09,294: publisherUpdate[/rosout] -> http://pc:56193/
[rosmaster.master][INFO] 2012-12-15 18:11:09,296: -SERVICE [/camera_base_link2/get_loggers] /camera_base_link2 rosrpc://pc:52425
[rosmaster.master][INFO] 2012-12-15 18:11:09,298: publisherUpdate[/rosout] -> http://pc:56193/
[rosmaster.master][INFO] 2012-12-15 18:11:09,301: -SERVICE [/camera/disparity_depth_registered/set_logger_level] /camera/disparity_depth_registered rosrpc://pc:57674
[rosmaster.master][INFO] 2012-12-15 18:11:09,305: -SERVICE [/camera_base_link1/get_loggers] /camera_base_link1 rosrpc://pc:50727
[rosmaster.master][INFO] 2012-12-15 18:11:09,307: publisherUpdate[/rosout] -> http://pc:56193/
[rosmaster.master][INFO] 2012-12-15 18:11:09,310: -SERVICE [/camera_base_link3/get_loggers] /camera_base_link3 rosrpc://pc:40050
[rosmaster.master][INFO] 2012-12-15 18:11:09,312: -SERVICE [/camera_base_link2/set_logger_level] /camera_base_link2 rosrpc://pc:52425
[rosmaster.master][INFO] 2012-12-15 18:11:09,313: publisherUpdate[/rosout] -> http://pc:56193/
[rosmaster.master][INFO] 2012-12-15 18:11:09,316: -SERVICE [/camera_base_link3/set_logger_level] /camera_base_link3 rosrpc://pc:40050
[rosmaster.master][INFO] 2012-12-15 18:11:09,319: -SERVICE [/camera_base_link1/set_logger_level] /camera_base_link1 rosrpc://pc:50727
[rosmaster.master][INFO] 2012-12-15 18:11:09,321: publisherUpdate[/tf] -> http://pc:50667/
[rosmaster.master][INFO] 2012-12-15 18:11:09,325: publisherUpdate[/tf] -> http://pc:50667/
[rosmaster.master][INFO] 2012-12-15 18:11:09,329: publisherUpdate[/tf] -> http://pc:50667/
[rosmaster.master][INFO] 2012-12-15 18:11:09,332: -PUB [/camera/depth_registered/rectify_depth/parameter_descriptions] /camera_nodelet_manager http://pc:50667/
[rosmaster.master][INFO] 2012-12-15 18:11:09,337: -PUB [/camera/depth_registered/rectify_depth/parameter_updates] /camera_nodelet_manager http://pc:50667/
[rosmaster.master][INFO] 2012-12-15 18:11:09,340: -SERVICE [/camera/depth_registered/rectify_depth/set_parameters] /camera_nodelet_manager rosrpc://pc:41638
[rosmaster.master][INFO] 2012-12-15 18:11:09,426: -SERVICE [/camera/depth_registered/image_rect_raw/compressed/set_parameters] /camera_nodelet_manager rosrpc://pc:41638
[rosmaster.master][INFO] 2012-12-15 18:11:09,430: -SERVICE [/camera/depth_registered/image_rect_raw/theora/set_parameters] /camera_nodelet_manager rosrpc://pc:41638
[rosmaster.master][INFO] 2012-12-15 18:11:09,436: -SUB [/tf] /camera_nodelet_manager http://pc:50667/
[rosmaster.master][INFO] 2012-12-15 18:11:09,438: -SERVICE [/camera_nodelet_manager/tf_frames] /camera_nodelet_manager rosrpc://pc:41638
[rosmaster.master][INFO] 2012-12-15 18:11:09,444: -PUB [/rosout] /camera/depth_registered/rectify_depth http://pc:49967/
[rosmaster.master][INFO] 2012-12-15 18:11:09,447: publisherUpdate[/rosout] -> http://pc:56193/
[rosmaster.master][INFO] 2012-12-15 18:11:09,448: -SERVICE [/camera/depth_registered/rectify_depth/get_loggers] /camera/depth_registered/rectify_depth rosrpc://pc:51996
[rosmaster.master][INFO] 2012-12-15 18:11:09,456: -SERVICE [/camera/depth_registered/rectify_depth/set_logger_level] /camera/depth_registered/rectify_depth rosrpc://pc:51996
[rosmaster.master][INFO] 2012-12-15 18:11:09,521: -PUB [/camera/depth/points] /camera_nodelet_manager http://pc:50667/
[rosmaster.master][INFO] 2012-12-15 18:11:09,527: -PUB [/camera/depth/rectify_depth/parameter_descriptions] /camera_nodelet_manager http://pc:50667/
[rosmaster.master][INFO] 2012-12-15 18:11:09,529: -PUB [/camera/depth/rectify_depth/parameter_updates] /camera_nodelet_manager http://pc:50667/
[rosmaster.master][INFO] 2012-12-15 18:11:09,531: -SUB [/camera/rgb/image_color] /camera_nodelet_manager http://pc:50667/
[rosmaster.master][INFO] 2012-12-15 18:11:09,532: -SERVICE [/camera/depth/rectify_depth/set_parameters] /camera_nodelet_manager rosrpc://pc:41638
[rosmaster.master][INFO] 2012-12-15 18:11:09,536: -PUB [/camera/ir/rectify_ir/parameter_descriptions] /camera_nodelet_manager http://pc:50667/
[rosmaster.master][INFO] 2012-12-15 18:11:09,538: -SUB [/camera/rgb/camera_info] /camera_nodelet_manager http://pc:50667/
[rosmaster.master][INFO] 2012-12-15 18:11:09,538: -PUB [/camera/ir/rectify_ir/parameter_updates] /camera_nodelet_manager http://pc:50667/
[rosmaster.master][INFO] 2012-12-15 18:11:09,540: -SUB [/camera/rgb/image_raw] /camera_nodelet_manager http://pc:50667/
[rosmaster.master][INFO] 2012-12-15 18:11:09,542: -SERVICE [/camera/ir/rectify_ir/set_parameters] /camera_nodelet_manager rosrpc://pc:41638
[rosmaster.master][INFO] 2012-12-15 18:11:09,544: -PUB [/rosout] /camera/register_depth_rgb http://pc:34961/
[rosmaster.master][INFO] 2012-12-15 18:11:09,545: -PUB [/camera/rgb/rectify_color/parameter_descriptions] /camera_nodelet_manager http://pc:50667/
[rosmaster.master][INFO] 2012-12-15 18:11:09,547: -SERVICE [/camera/register_depth_rgb/get_loggers] /camera/register_depth_rgb rosrpc://pc:35686
[rosmaster.master][INFO] 2012-12-15 18:11:09,548: -PUB [/camera/rgb/rectify_color/parameter_updates] /camera_nodelet_manager http://pc:50667/
[rosmaster.master][INFO] 2012-12-15 18:11:09,549: -SERVICE [/camera/register_depth_rgb/set_logger_level] /camera/register_depth_rgb rosrpc://pc:35686
[rosmaster.master][INFO] 2012-12-15 18:11:09,552: -SERVICE [/camera/rgb/rectify_color/set_parameters] /camera_nodelet_manager rosrpc://pc:41638
[rosmaster.master][INFO] 2012-12-15 18:11:09,552: publisherUpdate[/rosout] -> http://pc:56193/
[rosmaster.master][INFO] 2012-12-15 18:11:09,554: -PUB [/camera/rgb/rectify_mono/parameter_descriptions] /camera_nodelet_manager http://pc:50667/
[rosmaster.master][INFO] 2012-12-15 18:11:09,558: -PUB [/camera/rgb/rectify_mono/parameter_updates] /camera_nodelet_manager http://pc:50667/
[rosmaster.master][INFO] 2012-12-15 18:11:09,560: -SERVICE [/camera/rgb/rectify_mono/set_parameters] /camera_nodelet_manager rosrpc://pc:41638
[rosmaster.master][INFO] 2012-12-15 18:11:09,619: -PUB [/rosout] /camera/depth/points http://pc:55775/
[rosmaster.master][INFO] 2012-12-15 18:11:09,623: -PUB [/rosout] /camera/ir/rectify_ir http://pc:54190/
[rosmaster.master][INFO] 2012-12-15 18:11:09,625: -SERVICE [/camera/depth/points/get_loggers] /camera/depth/points rosrpc://pc:40414
[rosmaster.master][INFO] 2012-12-15 18:11:09,627: -SERVICE [/camera/ir/rectify_ir/get_loggers] /camera/ir/rectify_ir rosrpc://pc:57816
[rosmaster.master][INFO] 2012-12-15 18:11:09,629: -SERVICE [/camera/depth/points/set_logger_level] /camera/depth/points rosrpc://pc:40414
[rosmaster.master][INFO] 2012-12-15 18:11:09,632: -SERVICE [/camera/ir/rectify_ir/set_logger_level] /camera/ir/rectify_ir rosrpc://pc:57816
[rosmaster.master][INFO] 2012-12-15 18:11:09,633: publisherUpdate[/rosout] -> http://pc:56193/
[rosmaster.master][INFO] 2012-12-15 18:11:09,634: -PUB [/camera/rgb/debayer/parameter_descriptions] /camera_nodelet_manager http://pc:50667/
[rosmaster.master][INFO] 2012-12-15 18:11:09,635: publisherUpdate[/rosout] -> http://pc:56193/
[rosmaster.master][INFO] 2012-12-15 18:11:09,636: -PUB [/camera/rgb/debayer/parameter_updates] /camera_nodelet_manager http://pc:50667/
[rosmaster.master][INFO] 2012-12-15 18:11:09,638: -SERVICE [/camera/rgb/debayer/set_parameters] /camera_nodelet_manager rosrpc://pc:41638
[rosmaster.master][INFO] 2012-12-15 18:11:09,710: -PUB [/rosout] /camera/rgb/rectify_mono http://pc:43066/
[rosmaster.master][INFO] 2012-12-15 18:11:09,712: -SERVICE [/camera/rgb/rectify_mono/get_loggers] /camera/rgb/rectify_mono rosrpc://pc:49960
[rosmaster.master][INFO] 2012-12-15 18:11:09,714: -SERVICE [/camera/rgb/rectify_mono/set_logger_level] /camera/rgb/rectify_mono rosrpc://pc:49960
[rosmaster.master][INFO] 2012-12-15 18:11:09,717: -PUB [/rosout] /camera/depth/metric_rect http://pc:47357/
[rosmaster.master][INFO] 2012-12-15 18:11:09,720: -PUB [/rosout] /camera/depth/metric http://pc:50741/
[rosmaster.master][INFO] 2012-12-15 18:11:09,723: -PUB [/rosout] /camera/rgb/rectify_color http://pc:50771/
[rosmaster.master][INFO] 2012-12-15 18:11:09,732: -PUB [/rosout] /camera/depth/rectify_depth http://pc:42269/
[rosmaster.master][INFO] 2012-12-15 18:11:09,734: -SERVICE [/camera/depth/metric_rect/get_loggers] /camera/depth/metric_rect rosrpc://pc:55912
[rosmaster.master][INFO] 2012-12-15 18:11:09,736: -SERVICE [/camera/depth/metric/get_loggers] /camera/depth/metric rosrpc://pc:55928
[rosmaster.master][INFO] 2012-12-15 18:11:09,736: publisherUpdate[/rosout] -> http://pc:56193/
[rosmaster.master][INFO] 2012-12-15 18:11:09,741: -SERVICE [/camera/rgb/rectify_color/get_loggers] /camera/rgb/rectify_color rosrpc://pc:50272
[rosmaster.master][INFO] 2012-12-15 18:11:09,743: publisherUpdate[/rosout] -> http://pc:56193/
[rosmaster.master][INFO] 2012-12-15 18:11:09,745: publisherUpdate[/rosout] -> http://pc:56193/
[rosmaster.master][INFO] 2012-12-15 18:11:09,746: publisherUpdate[/rosout] -> http://pc:56193/
[rosmaster.master][INFO] 2012-12-15 18:11:09,747: -SERVICE [/camera/depth/rectify_depth/get_loggers] /camera/depth/rectify_depth rosrpc://pc:53676
[rosmaster.master][INFO] 2012-12-15 18:11:09,748: publisherUpdate[/rosout] -> http://pc:56193/
[rosmaster.master][INFO] 2012-12-15 18:11:09,750: -SERVICE [/camera/depth/metric/set_logger_level] /camera/depth/metric rosrpc://pc:55928
[rosmaster.master][INFO] 2012-12-15 18:11:09,752: -SERVICE [/camera/depth/metric_rect/set_logger_level] /camera/depth/metric_rect rosrpc://pc:55912
[rosmaster.master][INFO] 2012-12-15 18:11:09,752: -SERVICE [/camera/rgb/rectify_color/set_logger_level] /camera/rgb/rectify_color rosrpc://pc:50272
[rosmaster.master][INFO] 2012-12-15 18:11:09,753: -SERVICE [/camera/depth/rectify_depth/set_logger_level] /camera/depth/rectify_depth rosrpc://pc:53676
[rosmaster.master][INFO] 2012-12-15 18:11:09,755: -SERVICE [/camera/ir/set_camera_info] /camera_nodelet_manager rosrpc://pc:41638
[rosmaster.master][INFO] 2012-12-15 18:11:09,757: -SERVICE [/camera/rgb/set_camera_info] /camera_nodelet_manager rosrpc://pc:41638
[rosmaster.master][INFO] 2012-12-15 18:11:09,759: -PUB [/camera/driver/parameter_descriptions] /camera_nodelet_manager http://pc:50667/
[rosmaster.master][INFO] 2012-12-15 18:11:09,761: -PUB [/camera/driver/parameter_updates] /camera_nodelet_manager http://pc:50667/
[rosmaster.master][INFO] 2012-12-15 18:11:09,762: -SERVICE [/camera/driver/set_parameters] /camera_nodelet_manager rosrpc://pc:41638
[rosmaster.master][INFO] 2012-12-15 18:11:09,811: -PUB [/rosout] /camera/rgb/debayer http://pc:35895/
[rosmaster.master][INFO] 2012-12-15 18:11:09,815: -SERVICE [/camera/rgb/debayer/get_loggers] /camera/rgb/debayer rosrpc://pc:49397
[rosmaster.master][INFO] 2012-12-15 18:11:09,816: -SERVICE [/camera/rgb/debayer/set_logger_level] /camera/rgb/debayer rosrpc://pc:49397
[rosmaster.master][INFO] 2012-12-15 18:11:09,837: publisherUpdate[/rosout] -> http://pc:56193/
[rosmaster.master][INFO] 2012-12-15 18:11:10,010: -SERVICE [/camera/ir/image_raw/compressed/set_parameters] /camera_nodelet_manager rosrpc://pc:41638
[rosmaster.master][INFO] 2012-12-15 18:11:10,012: -SERVICE [/camera/ir/image_raw/theora/set_parameters] /camera_nodelet_manager rosrpc://pc:41638
[rosmaster.master][INFO] 2012-12-15 18:11:10,015: -SERVICE [/camera/depth_registered/image_raw/compressed/set_parameters] /camera_nodelet_manager rosrpc://pc:41638
[rosmaster.master][INFO] 2012-12-15 18:11:10,018: -SERVICE [/camera/depth_registered/image_raw/theora/set_parameters] /camera_nodelet_manager rosrpc://pc:41638
[rosmaster.master][INFO] 2012-12-15 18:11:10,021: -SERVICE [/camera/depth/image_raw/compressed/set_parameters] /camera_nodelet_manager rosrpc://pc:41638
[rosmaster.master][INFO] 2012-12-15 18:11:10,024: -SERVICE [/camera/depth/image_raw/theora/set_parameters] /camera_nodelet_manager rosrpc://pc:41638
[rosmaster.master][INFO] 2012-12-15 18:11:10,027: -SERVICE [/camera/rgb/image_raw/compressed/set_parameters] /camera_nodelet_manager rosrpc://pc:41638
[rosmaster.master][INFO] 2012-12-15 18:11:10,029: -SERVICE [/camera/rgb/image_raw/theora/set_parameters] /camera_nodelet_manager rosrpc://pc:41638
[rosmaster.master][INFO] 2012-12-15 18:11:10,037: -PUB [/rosout] /camera_nodelet_manager http://pc:50667/
[rosmaster.master][INFO] 2012-12-15 18:11:10,039: publisherUpdate[/rosout] -> http://pc:56193/
[rosmaster.master][INFO] 2012-12-15 18:11:10,042: -PUB [/camera/depth_registered/image_rect_raw/compressed] /camera_nodelet_manager http://pc:50667/
[rosmaster.master][INFO] 2012-12-15 18:11:10,044: -PUB [/camera/depth_registered/image_rect_raw/compressed/parameter_descriptions] /camera_nodelet_manager http://pc:50667/
[rosmaster.master][INFO] 2012-12-15 18:11:10,044: -PUB [/camera/depth_registered/image_rect_raw/compressed/parameter_updates] /camera_nodelet_manager http://pc:50667/
[rosmaster.master][INFO] 2012-12-15 18:11:10,045: -PUB [/camera/depth_registered/image_rect_raw] /camera_nodelet_manager http://pc:50667/
[rosmaster.master][INFO] 2012-12-15 18:11:10,046: -PUB [/camera/depth_registered/image_rect_raw/theora] /camera_nodelet_manager http://pc:50667/
[rosmaster.master][INFO] 2012-12-15 18:11:10,047: -PUB [/camera/depth_registered/image_rect_raw/theora/parameter_descriptions] /camera_nodelet_manager http://pc:50667/
[rosmaster.master][INFO] 2012-12-15 18:11:10,048: -PUB [/camera/depth_registered/image_rect_raw/theora/parameter_updates] /camera_nodelet_manager http://pc:50667/
[rosmaster.master][INFO] 2012-12-15 18:11:10,049: -PUB [/camera/depth_registered/camera_info] /camera_nodelet_manager http://pc:50667/
[rosmaster.master][INFO] 2012-12-15 18:11:10,050: -PUB [/camera/ir/image_rect/compressed] /camera_nodelet_manager http://pc:50667/
[rosmaster.master][INFO] 2012-12-15 18:11:10,051: -PUB [/camera/ir/image_rect/compressed/parameter_descriptions] /camera_nodelet_manager http://pc:50667/
[rosmaster.master][INFO] 2012-12-15 18:11:10,052: -PUB [/camera/ir/image_rect/compressed/parameter_updates] /camera_nodelet_manager http://pc:50667/
[rosmaster.master][INFO] 2012-12-15 18:11:10,054: -PUB [/camera/ir/image_rect] /camera_nodelet_manager http://pc:50667/
[rosmaster.master][INFO] 2012-12-15 18:11:10,055: -PUB [/camera/ir/image_rect/theora] /camera_nodelet_manager http://pc:50667/
[rosmaster.master][INFO] 2012-12-15 18:11:10,056: -PUB [/camera/ir/image_rect/theora/parameter_descriptions] /camera_nodelet_manager http://pc:50667/
[rosmaster.master][INFO] 2012-12-15 18:11:10,056: -PUB [/camera/ir/image_rect/theora/parameter_updates] /camera_nodelet_manager http://pc:50667/
[rosmaster.master][INFO] 2012-12-15 18:11:10,057: -PUB [/camera/rgb/image_mono/compressed] /camera_nodelet_manager http://pc:50667/
[rosmaster.master][INFO] 2012-12-15 18:11:10,059: -PUB [/camera/rgb/image_mono/compressed/parameter_descriptions] /camera_nodelet_manager http://pc:50667/
[rosmaster.master][INFO] 2012-12-15 18:11:10,061: -PUB [/camera/rgb/image_mono/compressed/parameter_updates] /camera_nodelet_manager http://pc:50667/
[rosmaster.master][INFO] 2012-12-15 18:11:10,062: -PUB [/camera/rgb/image_mono] /camera_nodelet_manager http://pc:50667/
[rosmaster.master][INFO] 2012-12-15 18:11:10,063: -PUB [/camera/rgb/image_mono/theora] /camera_nodelet_manager http://pc:50667/
[rosmaster.master][INFO] 2012-12-15 18:11:10,064: -PUB [/camera/rgb/image_mono/theora/parameter_descriptions] /camera_nodelet_manager http://pc:50667/
[rosmaster.master][INFO] 2012-12-15 18:11:10,065: -PUB [/camera/rgb/image_mono/theora/parameter_updates] /camera_nodelet_manager http://pc:50667/
[rosmaster.master][INFO] 2012-12-15 18:11:10,066: -PUB [/camera/rgb/image_color/compressed] /camera_nodelet_manager http://pc:50667/
[rosmaster.master][INFO] 2012-12-15 18:11:10,067: -PUB [/camera/rgb/image_color/compressed/parameter_descriptions] /camera_nodelet_manager http://pc:50667/
[rosmaster.master][INFO] 2012-12-15 18:11:10,069: -PUB [/camera/rgb/image_color/compressed/parameter_updates] /camera_nodelet_manager http://pc:50667/
[rosmaster.master][INFO] 2012-12-15 18:11:10,070: -PUB [/camera/rgb/image_color] /camera_nodelet_manager http://pc:50667/
[rosmaster.master][INFO] 2012-12-15 18:11:10,071: -PUB [/camera/rgb/image_color/theora] /camera_nodelet_manager http://pc:50667/
[rosmaster.master][INFO] 2012-12-15 18:11:10,072: -PUB [/camera/rgb/image_color/theora/parameter_descriptions] /camera_nodelet_manager http://pc:50667/
[rosmaster.master][INFO] 2012-12-15 18:11:10,073: -PUB [/camera/rgb/image_color/theora/parameter_updates] /camera_nodelet_manager http://pc:50667/
[rosmaster.master][INFO] 2012-12-15 18:11:10,073: -PUB [/camera/depth/image/compressed] /camera_nodelet_manager http://pc:50667/
[rosmaster.master][INFO] 2012-12-15 18:11:10,074: -PUB [/camera/depth/image/compressed/parameter_descriptions] /camera_nodelet_manager http://pc:50667/
[rosmaster.master][INFO] 2012-12-15 18:11:10,075: -PUB [/camera/depth/image/compressed/parameter_updates] /camera_nodelet_manager http://pc:50667/
[rosmaster.master][INFO] 2012-12-15 18:11:10,076: -PUB [/camera/depth/image] /camera_nodelet_manager http://pc:50667/
[rosmaster.master][INFO] 2012-12-15 18:11:10,077: -PUB [/camera/depth/image/theora] /camera_nodelet_manager http://pc:50667/
[rosmaster.master][INFO] 2012-12-15 18:11:10,077: -PUB [/camera/depth/image/theora/parameter_descriptions] /camera_nodelet_manager http://pc:50667/
[rosmaster.master][INFO] 2012-12-15 18:11:10,078: -PUB [/camera/depth/image/theora/parameter_updates] /camera_nodelet_manager http://pc:50667/
[rosmaster.master][INFO] 2012-12-15 18:11:10,079: -PUB [/camera/depth/image_rect_raw/compressed] /camera_nodelet_manager http://pc:50667/
[rosmaster.master][INFO] 2012-12-15 18:11:10,080: -PUB [/camera/depth/image_rect_raw/compressed/parameter_descriptions] /camera_nodelet_manager http://pc:50667/
[rosmaster.master][INFO] 2012-12-15 18:11:10,081: -PUB [/camera/depth/image_rect_raw/compressed/parameter_updates] /camera_nodelet_manager http://pc:50667/
[rosmaster.master][INFO] 2012-12-15 18:11:10,081: -PUB [/camera/depth/image_rect_raw] /camera_nodelet_manager http://pc:50667/
[rosmaster.master][INFO] 2012-12-15 18:11:10,082: -PUB [/camera/depth/image_rect_raw/theora] /camera_nodelet_manager http://pc:50667/
[rosmaster.master][INFO] 2012-12-15 18:11:10,084: -PUB [/camera/depth/image_rect_raw/theora/parameter_descriptions] /camera_nodelet_manager http://pc:50667/
[rosmaster.master][INFO] 2012-12-15 18:11:10,085: -PUB [/camera/depth/image_rect_raw/theora/parameter_updates] /camera_nodelet_manager http://pc:50667/
[rosmaster.master][INFO] 2012-12-15 18:11:10,086: -PUB [/camera/depth_registered/image_rect/compressed] /camera_nodelet_manager http://pc:50667/
[rosmaster.master][INFO] 2012-12-15 18:11:10,087: -PUB [/camera/depth_registered/image_rect/compressed/parameter_descriptions] /camera_nodelet_manager http://pc:50667/
[rosmaster.master][INFO] 2012-12-15 18:11:10,088: -PUB [/camera/depth_registered/image_rect/compressed/parameter_updates] /camera_nodelet_manager http://pc:50667/
[rosmaster.master][INFO] 2012-12-15 18:11:10,089: -PUB [/camera/depth_registered/image_rect] /camera_nodelet_manager http://pc:50667/
[rosmaster.master][INFO] 2012-12-15 18:11:10,090: -PUB [/camera/depth_registered/image_rect/theora] /camera_nodelet_manager http://pc:50667/
[rosmaster.master][INFO] 2012-12-15 18:11:10,091: -PUB [/camera/depth_registered/image_rect/theora/parameter_descriptions] /camera_nodelet_manager http://pc:50667/
[rosmaster.master][INFO] 2012-12-15 18:11:10,092: -PUB [/camera/depth_registered/image_rect/theora/parameter_updates] /camera_nodelet_manager http://pc:50667/
[rosmaster.master][INFO] 2012-12-15 18:11:10,093: -PUB [/camera/rgb/image_rect/compressed] /camera_nodelet_manager http://pc:50667/
[rosmaster.master][INFO] 2012-12-15 18:11:10,094: -PUB [/camera/rgb/image_rect/compressed/parameter_descriptions] /camera_nodelet_manager http://pc:50667/
[rosmaster.master][INFO] 2012-12-15 18:11:10,094: -PUB [/camera/rgb/image_rect/compressed/parameter_updates] /camera_nodelet_manager http://pc:50667/
[rosmaster.master][INFO] 2012-12-15 18:11:10,095: -PUB [/camera/rgb/image_rect] /camera_nodelet_manager http://pc:50667/
[rosmaster.master][INFO] 2012-12-15 18:11:10,096: -PUB [/camera/rgb/image_rect/theora] /camera_nodelet_manager http://pc:50667/
[rosmaster.master][INFO] 2012-12-15 18:11:10,097: -PUB [/camera/rgb/image_rect/theora/parameter_descriptions] /camera_nodelet_manager http://pc:50667/
[rosmaster.master][INFO] 2012-12-15 18:11:10,098: -PUB [/camera/rgb/image_rect/theora/parameter_updates] /camera_nodelet_manager http://pc:50667/
[rosmaster.master][INFO] 2012-12-15 18:11:10,101: -PUB [/camera/rgb/image_rect_color/compressed] /camera_nodelet_manager http://pc:50667/
[rosmaster.master][INFO] 2012-12-15 18:11:10,103: -PUB [/camera/rgb/image_rect_color/compressed/parameter_descriptions] /camera_nodelet_manager http://pc:50667/
[rosmaster.master][INFO] 2012-12-15 18:11:10,104: -PUB [/camera/rgb/image_rect_color/compressed/parameter_updates] /camera_nodelet_manager http://pc:50667/
[rosmaster.master][INFO] 2012-12-15 18:11:10,105: -PUB [/camera/rgb/image_rect_color] /camera_nodelet_manager http://pc:50667/
[rosmaster.master][INFO] 2012-12-15 18:11:10,106: -PUB [/camera/rgb/image_rect_color/theora] /camera_nodelet_manager http://pc:50667/
[rosmaster.master][INFO] 2012-12-15 18:11:10,107: -PUB [/camera/rgb/image_rect_color/theora/parameter_descriptions] /camera_nodelet_manager http://pc:50667/
[rosmaster.master][INFO] 2012-12-15 18:11:10,108: -PUB [/camera/rgb/image_rect_color/theora/parameter_updates] /camera_nodelet_manager http://pc:50667/
[rosmaster.master][INFO] 2012-12-15 18:11:10,109: -PUB [/rosout] /camera/driver http://pc:58498/
[rosmaster.master][INFO] 2012-12-15 18:11:10,110: -PUB [/camera/depth/image_rect/compressed] /camera_nodelet_manager http://pc:50667/
[rosmaster.master][INFO] 2012-12-15 18:11:10,111: -SERVICE [/camera/driver/get_loggers] /camera/driver rosrpc://pc:49495
[rosmaster.master][INFO] 2012-12-15 18:11:10,112: -PUB [/camera/depth/image_rect/compressed/parameter_descriptions] /camera_nodelet_manager http://pc:50667/
[rosmaster.master][INFO] 2012-12-15 18:11:10,113: -SERVICE [/camera/driver/set_logger_level] /camera/driver rosrpc://pc:49495
[rosmaster.master][INFO] 2012-12-15 18:11:10,115: -PUB [/camera/depth/image_rect/compressed/parameter_updates] /camera_nodelet_manager http://pc:50667/
[rosmaster.master][INFO] 2012-12-15 18:11:10,116: -PUB [/camera/depth/image_rect] /camera_nodelet_manager http://pc:50667/
[rosmaster.master][INFO] 2012-12-15 18:11:10,117: -PUB [/camera/depth/image_rect/theora] /camera_nodelet_manager http://pc:50667/
[rosmaster.master][INFO] 2012-12-15 18:11:10,118: -PUB [/camera/depth/image_rect/theora/parameter_descriptions] /camera_nodelet_manager http://pc:50667/
[rosmaster.master][INFO] 2012-12-15 18:11:10,119: -PUB [/camera/depth/image_rect/theora/parameter_updates] /camera_nodelet_manager http://pc:50667/
[rosmaster.master][INFO] 2012-12-15 18:11:10,120: -PUB [/camera/depth_registered/image/compressed] /camera_nodelet_manager http://pc:50667/
[rosmaster.master][INFO] 2012-12-15 18:11:10,121: -PUB [/camera/depth_registered/image/compressed/parameter_descriptions] /camera_nodelet_manager http://pc:50667/
[rosmaster.master][INFO] 2012-12-15 18:11:10,122: -PUB [/camera/depth_registered/image/compressed/parameter_updates] /camera_nodelet_manager http://pc:50667/
[rosmaster.master][INFO] 2012-12-15 18:11:10,123: -PUB [/camera/depth_registered/image] /camera_nodelet_manager http://pc:50667/
[rosmaster.master][INFO] 2012-12-15 18:11:10,124: -PUB [/camera/depth_registered/image/theora] /camera_nodelet_manager http://pc:50667/
[rosmaster.master][INFO] 2012-12-15 18:11:10,124: -PUB [/camera/depth_registered/image/theora/parameter_descriptions] /camera_nodelet_manager http://pc:50667/
[rosmaster.master][INFO] 2012-12-15 18:11:10,125: -PUB [/camera/depth_registered/image/theora/parameter_updates] /camera_nodelet_manager http://pc:50667/
[rosmaster.master][INFO] 2012-12-15 18:11:10,126: -PUB [/camera/rgb/image_raw/compressed] /camera_nodelet_manager http://pc:50667/
[rosmaster.master][INFO] 2012-12-15 18:11:10,127: -PUB [/camera/rgb/image_raw/compressed/parameter_descriptions] /camera_nodelet_manager http://pc:50667/
[rosmaster.master][INFO] 2012-12-15 18:11:10,128: -PUB [/camera/rgb/image_raw/compressed/parameter_updates] /camera_nodelet_manager http://pc:50667/
[rosmaster.master][INFO] 2012-12-15 18:11:10,129: -PUB [/camera/rgb/image_raw] /camera_nodelet_manager http://pc:50667/
[rosmaster.master][INFO] 2012-12-15 18:11:10,129: -PUB [/camera/rgb/image_raw/theora] /camera_nodelet_manager http://pc:50667/
[rosmaster.master][INFO] 2012-12-15 18:11:10,130: -PUB [/camera/rgb/image_raw/theora/parameter_descriptions] /camera_nodelet_manager http://pc:50667/
[rosmaster.master][INFO] 2012-12-15 18:11:10,132: -PUB [/camera/rgb/image_raw/theora/parameter_updates] /camera_nodelet_manager http://pc:50667/
[rosmaster.master][INFO] 2012-12-15 18:11:10,133: -PUB [/camera/rgb/camera_info] /camera_nodelet_manager http://pc:50667/
[rosmaster.master][INFO] 2012-12-15 18:11:10,135: -PUB [/camera/ir/image_raw/compressed] /camera_nodelet_manager http://pc:50667/
[rosmaster.master][INFO] 2012-12-15 18:11:10,135: -PUB [/camera/ir/image_raw/compressed/parameter_descriptions] /camera_nodelet_manager http://pc:50667/
[rosmaster.master][INFO] 2012-12-15 18:11:10,136: -PUB [/camera/ir/image_raw/compressed/parameter_updates] /camera_nodelet_manager http://pc:50667/
[rosmaster.master][INFO] 2012-12-15 18:11:10,137: -PUB [/camera/ir/image_raw] /camera_nodelet_manager http://pc:50667/
[rosmaster.master][INFO] 2012-12-15 18:11:10,138: -PUB [/camera/ir/image_raw/theora] /camera_nodelet_manager http://pc:50667/
[rosmaster.master][INFO] 2012-12-15 18:11:10,139: -PUB [/camera/ir/image_raw/theora/parameter_descriptions] /camera_nodelet_manager http://pc:50667/
[rosmaster.master][INFO] 2012-12-15 18:11:10,141: -PUB [/camera/ir/image_raw/theora/parameter_updates] /camera_nodelet_manager http://pc:50667/
[rosmaster.master][INFO] 2012-12-15 18:11:10,142: publisherUpdate[/rosout] -> http://pc:56193/
[rosmaster.master][INFO] 2012-12-15 18:11:10,144: -PUB [/camera/ir/camera_info] /camera_nodelet_manager http://pc:50667/
[rosmaster.master][INFO] 2012-12-15 18:11:10,145: -PUB [/camera/depth/image_raw/compressed] /camera_nodelet_manager http://pc:50667/
[rosmaster.master][INFO] 2012-12-15 18:11:10,146: -PUB [/camera/depth/image_raw/compressed/parameter_descriptions] /camera_nodelet_manager http://pc:50667/
[rosmaster.master][INFO] 2012-12-15 18:11:10,147: -PUB [/camera/depth/image_raw/compressed/parameter_updates] /camera_nodelet_manager http://pc:50667/
[rosmaster.master][INFO] 2012-12-15 18:11:10,148: -PUB [/camera/depth/image_raw] /camera_nodelet_manager http://pc:50667/
[rosmaster.master][INFO] 2012-12-15 18:11:10,150: -PUB [/camera/depth/image_raw/theora] /camera_nodelet_manager http://pc:50667/
[rosmaster.master][INFO] 2012-12-15 18:11:10,151: -PUB [/camera/depth/image_raw/theora/parameter_descriptions] /camera_nodelet_manager http://pc:50667/
[rosmaster.master][INFO] 2012-12-15 18:11:10,153: -PUB [/camera/depth/image_raw/theora/parameter_updates] /camera_nodelet_manager http://pc:50667/
[rosmaster.master][INFO] 2012-12-15 18:11:10,154: -PUB [/camera/depth/camera_info] /camera_nodelet_manager http://pc:50667/
[rosmaster.master][INFO] 2012-12-15 18:11:10,155: -PUB [/camera/projector/camera_info] /camera_nodelet_manager http://pc:50667/
[rosmaster.master][INFO] 2012-12-15 18:11:10,157: -PUB [/camera/depth_registered/image_raw/compressed] /camera_nodelet_manager http://pc:50667/
[rosmaster.master][INFO] 2012-12-15 18:11:10,158: -PUB [/camera/depth_registered/image_raw/compressed/parameter_descriptions] /camera_nodelet_manager http://pc:50667/
[rosmaster.master][INFO] 2012-12-15 18:11:10,159: -PUB [/camera/depth_registered/image_raw/compressed/parameter_updates] /camera_nodelet_manager http://pc:50667/
[rosmaster.master][INFO] 2012-12-15 18:11:10,160: -PUB [/camera/depth_registered/image_raw] /camera_nodelet_manager http://pc:50667/
[rosmaster.master][INFO] 2012-12-15 18:11:10,160: -PUB [/camera/depth_registered/image_raw/theora] /camera_nodelet_manager http://pc:50667/
[rosmaster.master][INFO] 2012-12-15 18:11:10,161: -PUB [/camera/depth_registered/image_raw/theora/parameter_descriptions] /camera_nodelet_manager http://pc:50667/
[rosmaster.master][INFO] 2012-12-15 18:11:10,163: -PUB [/camera/depth_registered/image_raw/theora/parameter_updates] /camera_nodelet_manager http://pc:50667/
[rosmaster.master][INFO] 2012-12-15 18:11:10,164: -SERVICE [/camera_nodelet_manager/get_loggers] /camera_nodelet_manager rosrpc://pc:41638
[rosmaster.master][INFO] 2012-12-15 18:11:10,166: -SERVICE [/camera_nodelet_manager/set_logger_level] /camera_nodelet_manager rosrpc://pc:41638
[rosmaster.master][INFO] 2012-12-15 18:11:10,167: -SERVICE [/camera_nodelet_manager/load_nodelet] /camera_nodelet_manager rosrpc://pc:41638
[rosmaster.master][INFO] 2012-12-15 18:11:10,168: -SERVICE [/camera_nodelet_manager/unload_nodelet] /camera_nodelet_manager rosrpc://pc:41638
[rosmaster.master][INFO] 2012-12-15 18:11:10,168: -SERVICE [/camera_nodelet_manager/list] /camera_nodelet_manager rosrpc://pc:41638
[rosmaster.master][INFO] 2012-12-15 18:11:10,169: -SERVICE [/camera/ir/image_rect/compressed/set_parameters] /camera_nodelet_manager rosrpc://pc:41638
[rosmaster.master][INFO] 2012-12-15 18:11:10,170: -SERVICE [/camera/ir/image_rect/theora/set_parameters] /camera_nodelet_manager rosrpc://pc:41638
[rosmaster.master][INFO] 2012-12-15 18:11:10,171: -SERVICE [/camera/rgb/image_mono/compressed/set_parameters] /camera_nodelet_manager rosrpc://pc:41638
[rosmaster.master][INFO] 2012-12-15 18:11:10,172: -SERVICE [/camera/rgb/image_mono/theora/set_parameters] /camera_nodelet_manager rosrpc://pc:41638
[rosmaster.master][INFO] 2012-12-15 18:11:10,172: -SERVICE [/camera/rgb/image_color/compressed/set_parameters] /camera_nodelet_manager rosrpc://pc:41638
[rosmaster.master][INFO] 2012-12-15 18:11:10,173: -SERVICE [/camera/rgb/image_color/theora/set_parameters] /camera_nodelet_manager rosrpc://pc:41638
[rosmaster.master][INFO] 2012-12-15 18:11:10,174: -SERVICE [/camera/depth/image/compressed/set_parameters] /camera_nodelet_manager rosrpc://pc:41638
[rosmaster.master][INFO] 2012-12-15 18:11:10,175: -SERVICE [/camera/depth/image/theora/set_parameters] /camera_nodelet_manager rosrpc://pc:41638
[rosmaster.master][INFO] 2012-12-15 18:11:10,176: -SERVICE [/camera/depth/image_rect_raw/compressed/set_parameters] /camera_nodelet_manager rosrpc://pc:41638
[rosmaster.master][INFO] 2012-12-15 18:11:10,176: -SERVICE [/camera/depth/image_rect_raw/theora/set_parameters] /camera_nodelet_manager rosrpc://pc:41638
[rosmaster.master][INFO] 2012-12-15 18:11:10,177: -SERVICE [/camera/depth_registered/image_rect/compressed/set_parameters] /camera_nodelet_manager rosrpc://pc:41638
[rosmaster.master][INFO] 2012-12-15 18:11:10,178: -SERVICE [/camera/depth_registered/image_rect/theora/set_parameters] /camera_nodelet_manager rosrpc://pc:41638
[rosmaster.master][INFO] 2012-12-15 18:11:10,180: -SERVICE [/camera/rgb/image_rect/compressed/set_parameters] /camera_nodelet_manager rosrpc://pc:41638
[rosmaster.master][INFO] 2012-12-15 18:11:10,181: -SERVICE [/camera/rgb/image_rect/theora/set_parameters] /camera_nodelet_manager rosrpc://pc:41638
[rosmaster.master][INFO] 2012-12-15 18:11:10,186: -SERVICE [/camera/rgb/image_rect_color/compressed/set_parameters] /camera_nodelet_manager rosrpc://pc:41638
[rosmaster.master][INFO] 2012-12-15 18:11:10,187: -SERVICE [/camera/rgb/image_rect_color/theora/set_parameters] /camera_nodelet_manager rosrpc://pc:41638
[rosmaster.master][INFO] 2012-12-15 18:11:10,188: -SERVICE [/camera/depth/image_rect/compressed/set_parameters] /camera_nodelet_manager rosrpc://pc:41638
[rosmaster.master][INFO] 2012-12-15 18:11:10,189: -SERVICE [/camera/depth/image_rect/theora/set_parameters] /camera_nodelet_manager rosrpc://pc:41638
[rosmaster.master][INFO] 2012-12-15 18:11:10,190: -SERVICE [/camera/depth_registered/image/compressed/set_parameters] /camera_nodelet_manager rosrpc://pc:41638
[rosmaster.master][INFO] 2012-12-15 18:11:10,191: -SERVICE [/camera/depth_registered/image/theora/set_parameters] /camera_nodelet_manager rosrpc://pc:41638
[rosmaster.master][INFO] 2012-12-15 18:11:10,544: -PUB [/rosout_agg] /rosout http://pc:56193/
[rosmaster.master][INFO] 2012-12-15 18:11:10,545: -SUB [/rosout] /rosout http://pc:56193/
[rosmaster.master][INFO] 2012-12-15 18:11:10,546: -SERVICE [/rosout/get_loggers] /rosout rosrpc://pc:47761
[rosmaster.master][INFO] 2012-12-15 18:11:10,547: -SERVICE [/rosout/set_logger_level] /rosout rosrpc://pc:47761
[rosmaster.main][INFO] 2012-12-15 18:11:10,611: keyboard interrupt, will exit
[rosmaster.main][INFO] 2012-12-15 18:11:10,611: stopping master...
