[rosmaster.main][INFO] 2012-12-14 20:42:25,174: initialization complete, waiting for shutdown
[rosmaster.main][INFO] 2012-12-14 20:42:25,175: Starting ROS Master Node
[xmlrpc][INFO] 2012-12-14 20:42:25,176: XML-RPC server binding to 0.0.0.0
[xmlrpc][INFO] 2012-12-14 20:42:25,177: Started XML-RPC server [http://pc:11311/]
[rosmaster.master][INFO] 2012-12-14 20:42:25,177: Master initialized: port[11311], uri[http://pc:11311/]
[xmlrpc][INFO] 2012-12-14 20:42:25,178: xml rpc node: starting XML-RPC server
[rosmaster.master][INFO] 2012-12-14 20:42:25,190: +PARAM [/run_id] by /roslaunch
[rosmaster.master][INFO] 2012-12-14 20:42:25,193: +PARAM [/roslaunch/uris/host_pc__59723] by /roslaunch
[rosmaster.master][INFO] 2012-12-14 20:42:25,222: +PARAM [/rosdistro] by /roslaunch
[rosmaster.master][INFO] 2012-12-14 20:42:25,222: +PARAM [/camera/driver/rgb_frame_id] by /roslaunch
[rosmaster.master][INFO] 2012-12-14 20:42:25,222: +PARAM [/camera/disparity_depth_registered/min_range] by /roslaunch
[rosmaster.master][INFO] 2012-12-14 20:42:25,222: +PARAM [/camera/driver/rgb_camera_info_url] by /roslaunch
[rosmaster.master][INFO] 2012-12-14 20:42:25,222: +PARAM [/camera/depth_registered/rectify_depth/interpolation] by /roslaunch
[rosmaster.master][INFO] 2012-12-14 20:42:25,222: +PARAM [/camera/driver/depth_frame_id] by /roslaunch
[rosmaster.master][INFO] 2012-12-14 20:42:25,223: +PARAM [/camera/depth/rectify_depth/interpolation] by /roslaunch
[rosmaster.master][INFO] 2012-12-14 20:42:25,223: +PARAM [/camera/disparity_depth/max_range] by /roslaunch
[rosmaster.master][INFO] 2012-12-14 20:42:25,223: +PARAM [/rosversion] by /roslaunch
[rosmaster.master][INFO] 2012-12-14 20:42:25,223: +PARAM [/camera/driver/device_id] by /roslaunch
[rosmaster.master][INFO] 2012-12-14 20:42:25,223: +PARAM [/camera/driver/depth_camera_info_url] by /roslaunch
[rosmaster.master][INFO] 2012-12-14 20:42:25,223: +PARAM [/camera/disparity_depth/min_range] by /roslaunch
[rosmaster.master][INFO] 2012-12-14 20:42:25,223: +PARAM [/camera/disparity_depth_registered/max_range] by /roslaunch
[rosmaster.master][INFO] 2012-12-14 20:42:25,232: +SERVICE [/rosout/get_loggers] /rosout http://pc:57020/
[rosmaster.master][INFO] 2012-12-14 20:42:25,233: +SERVICE [/rosout/set_logger_level] /rosout http://pc:57020/
[rosmaster.master][INFO] 2012-12-14 20:42:25,238: +PUB [/rosout_agg] /rosout http://pc:57020/
[rosmaster.master][INFO] 2012-12-14 20:42:25,240: +SUB [/rosout] /rosout http://pc:57020/
[rosmaster.master][INFO] 2012-12-14 20:42:25,259: +PUB [/rosout] /camera/driver http://pc:59476/
[rosmaster.master][INFO] 2012-12-14 20:42:25,261: +SERVICE [/camera/driver/get_loggers] /camera/driver http://pc:59476/
[rosmaster.master][INFO] 2012-12-14 20:42:25,262: +SERVICE [/camera/driver/set_logger_level] /camera/driver http://pc:59476/
[rosmaster.master][INFO] 2012-12-14 20:42:25,269: +PARAM [/camera/driver] by /camera/driver
[rosmaster.master][INFO] 2012-12-14 20:42:25,271: +PUB [/rosout] /camera/rgb/debayer http://pc:39957/
[rosmaster.master][INFO] 2012-12-14 20:42:25,274: +SERVICE [/camera/rgb/debayer/get_loggers] /camera/rgb/debayer http://pc:39957/
[rosmaster.master][INFO] 2012-12-14 20:42:25,275: publisherUpdate[/rosout] -> http://pc:57020/
[rosmaster.master][INFO] 2012-12-14 20:42:25,277: +SERVICE [/camera/rgb/debayer/set_logger_level] /camera/rgb/debayer http://pc:39957/
[rosmaster.master][INFO] 2012-12-14 20:42:25,281: publisherUpdate[/rosout] -> http://pc:57020/
[rosmaster.master][INFO] 2012-12-14 20:42:25,289: +PUB [/rosout] /camera/rgb/rectify_mono http://pc:50619/
[rosmaster.master][INFO] 2012-12-14 20:42:25,292: +SERVICE [/camera/rgb/rectify_mono/get_loggers] /camera/rgb/rectify_mono http://pc:50619/
[rosmaster.master][INFO] 2012-12-14 20:42:25,294: +SERVICE [/camera/rgb/rectify_mono/set_logger_level] /camera/rgb/rectify_mono http://pc:50619/
[rosmaster.master][INFO] 2012-12-14 20:42:25,297: +PUB [/rosout] /camera/rgb/rectify_color http://pc:36382/
[rosmaster.master][INFO] 2012-12-14 20:42:25,299: +SERVICE [/camera/rgb/rectify_color/get_loggers] /camera/rgb/rectify_color http://pc:36382/
[rosmaster.master][INFO] 2012-12-14 20:42:25,301: +SERVICE [/camera/rgb/rectify_color/set_logger_level] /camera/rgb/rectify_color http://pc:36382/
[rosmaster.master][INFO] 2012-12-14 20:42:25,315: +PUB [/rosout] /camera/ir/rectify_ir http://pc:52120/
[rosmaster.master][INFO] 2012-12-14 20:42:25,320: +SERVICE [/camera/ir/rectify_ir/get_loggers] /camera/ir/rectify_ir http://pc:52120/
[rosmaster.master][INFO] 2012-12-14 20:42:25,331: +PUB [/rosout] /camera/depth/rectify_depth http://pc:47817/
[rosmaster.master][INFO] 2012-12-14 20:42:25,340: +SERVICE [/camera/depth/rectify_depth/get_loggers] /camera/depth/rectify_depth http://pc:47817/
[rosmaster.master][INFO] 2012-12-14 20:42:25,341: +SERVICE [/camera/ir/rectify_ir/set_logger_level] /camera/ir/rectify_ir http://pc:52120/
[rosmaster.master][INFO] 2012-12-14 20:42:25,350: +SERVICE [/camera/depth/rectify_depth/set_logger_level] /camera/depth/rectify_depth http://pc:47817/
[rosmaster.master][INFO] 2012-12-14 20:42:25,353: +PUB [/rosout] /camera/depth/metric_rect http://pc:47381/
[rosmaster.master][INFO] 2012-12-14 20:42:25,362: +PUB [/rosout] /camera/depth/metric http://pc:46406/
[rosmaster.master][INFO] 2012-12-14 20:42:25,365: +SERVICE [/camera/depth/metric_rect/get_loggers] /camera/depth/metric_rect http://pc:47381/
[rosmaster.master][INFO] 2012-12-14 20:42:25,372: +SERVICE [/camera/depth/metric/get_loggers] /camera/depth/metric http://pc:46406/
[rosmaster.master][INFO] 2012-12-14 20:42:25,375: +SERVICE [/camera/depth/metric_rect/set_logger_level] /camera/depth/metric_rect http://pc:47381/
[rosmaster.master][INFO] 2012-12-14 20:42:25,377: publisherUpdate[/rosout] -> http://pc:57020/
[rosmaster.master][INFO] 2012-12-14 20:42:25,379: publisherUpdate[/rosout] -> http://pc:57020/
[rosmaster.master][INFO] 2012-12-14 20:42:25,380: publisherUpdate[/rosout] -> http://pc:57020/
[rosmaster.master][INFO] 2012-12-14 20:42:25,381: publisherUpdate[/rosout] -> http://pc:57020/
[rosmaster.master][INFO] 2012-12-14 20:42:25,383: +PUB [/rosout] /camera/depth/points http://pc:34410/
[rosmaster.master][INFO] 2012-12-14 20:42:25,384: publisherUpdate[/rosout] -> http://pc:57020/
[rosmaster.master][INFO] 2012-12-14 20:42:25,385: publisherUpdate[/rosout] -> http://pc:57020/
[rosmaster.master][INFO] 2012-12-14 20:42:25,386: publisherUpdate[/rosout] -> http://pc:57020/
[rosmaster.master][INFO] 2012-12-14 20:42:25,387: +SERVICE [/camera/depth/metric/set_logger_level] /camera/depth/metric http://pc:46406/
[rosmaster.master][INFO] 2012-12-14 20:42:25,390: +PARAM [/camera/depth/rectify_depth] by /camera/depth/rectify_depth
[rosmaster.master][INFO] 2012-12-14 20:42:25,394: +PUB [/rosout] /camera/register_depth_rgb http://pc:44826/
[rosmaster.master][INFO] 2012-12-14 20:42:25,395: +SERVICE [/camera/depth/points/get_loggers] /camera/depth/points http://pc:34410/
[rosmaster.master][INFO] 2012-12-14 20:42:25,400: +PUB [/rosout] /camera/depth_registered/rectify_depth http://pc:42954/
[rosmaster.master][INFO] 2012-12-14 20:42:25,404: +SERVICE [/camera/register_depth_rgb/get_loggers] /camera/register_depth_rgb http://pc:44826/
[rosmaster.master][INFO] 2012-12-14 20:42:25,407: +SERVICE [/camera/depth/points/set_logger_level] /camera/depth/points http://pc:34410/
[rosmaster.master][INFO] 2012-12-14 20:42:25,411: +SERVICE [/camera/depth_registered/rectify_depth/get_loggers] /camera/depth_registered/rectify_depth http://pc:42954/
[rosmaster.master][INFO] 2012-12-14 20:42:25,426: +SERVICE [/camera/register_depth_rgb/set_logger_level] /camera/register_depth_rgb http://pc:44826/
[rosmaster.master][INFO] 2012-12-14 20:42:25,429: +SERVICE [/camera/depth_registered/rectify_depth/set_logger_level] /camera/depth_registered/rectify_depth http://pc:42954/
[rosmaster.master][INFO] 2012-12-14 20:42:25,431: +PUB [/rosout] /camera/depth_registered/metric_rect http://pc:53499/
[rosmaster.master][INFO] 2012-12-14 20:42:25,436: +SERVICE [/camera/depth_registered/metric_rect/get_loggers] /camera/depth_registered/metric_rect http://pc:53499/
[rosmaster.master][INFO] 2012-12-14 20:42:25,442: +SERVICE [/camera/depth_registered/metric_rect/set_logger_level] /camera/depth_registered/metric_rect http://pc:53499/
[rosmaster.master][INFO] 2012-12-14 20:42:25,445: +PUB [/rosout] /camera/disparity_depth_registered http://pc:50760/
[rosmaster.master][INFO] 2012-12-14 20:42:25,447: +PARAM [/camera/depth_registered/rectify_depth] by /camera/depth_registered/rectify_depth
[rosmaster.master][INFO] 2012-12-14 20:42:25,450: +SERVICE [/camera/disparity_depth_registered/get_loggers] /camera/disparity_depth_registered http://pc:50760/
[rosmaster.master][INFO] 2012-12-14 20:42:25,456: +SERVICE [/camera/disparity_depth_registered/set_logger_level] /camera/disparity_depth_registered http://pc:50760/
[rosmaster.master][INFO] 2012-12-14 20:42:25,460: +PUB [/rosout] /camera_base_link http://pc:54851/
[rosmaster.master][INFO] 2012-12-14 20:42:25,462: +SERVICE [/camera_base_link/get_loggers] /camera_base_link http://pc:54851/
[rosmaster.master][INFO] 2012-12-14 20:42:25,463: +PARAM [/camera/disparity_depth_registered] by /camera/disparity_depth_registered
[rosmaster.master][INFO] 2012-12-14 20:42:25,464: +SERVICE [/camera_base_link/set_logger_level] /camera_base_link http://pc:54851/
[rosmaster.master][INFO] 2012-12-14 20:42:25,468: +PUB [/tf] /camera_base_link http://pc:54851/
[rosmaster.master][INFO] 2012-12-14 20:42:25,472: +PUB [/rosout] /camera_base_link1 http://pc:37707/
[rosmaster.master][INFO] 2012-12-14 20:42:25,474: +SERVICE [/camera_base_link1/get_loggers] /camera_base_link1 http://pc:37707/
[rosmaster.master][INFO] 2012-12-14 20:42:25,476: +SERVICE [/camera_base_link1/set_logger_level] /camera_base_link1 http://pc:37707/
[rosmaster.master][INFO] 2012-12-14 20:42:25,478: publisherUpdate[/rosout] -> http://pc:57020/
[rosmaster.master][INFO] 2012-12-14 20:42:25,481: publisherUpdate[/rosout] -> http://pc:57020/
[rosmaster.master][INFO] 2012-12-14 20:42:25,482: +PUB [/tf] /camera_base_link1 http://pc:37707/
[rosmaster.master][INFO] 2012-12-14 20:42:25,483: publisherUpdate[/rosout] -> http://pc:57020/
[rosmaster.master][INFO] 2012-12-14 20:42:25,484: publisherUpdate[/rosout] -> http://pc:57020/
[rosmaster.master][INFO] 2012-12-14 20:42:25,486: publisherUpdate[/rosout] -> http://pc:57020/
[rosmaster.master][INFO] 2012-12-14 20:42:25,488: publisherUpdate[/rosout] -> http://pc:57020/
[rosmaster.master][INFO] 2012-12-14 20:42:25,491: +PUB [/rosout] /camera_base_link2 http://pc:43735/
[rosmaster.master][INFO] 2012-12-14 20:42:25,492: +SERVICE [/camera_base_link2/get_loggers] /camera_base_link2 http://pc:43735/
[rosmaster.master][INFO] 2012-12-14 20:42:25,493: +SERVICE [/camera_base_link2/set_logger_level] /camera_base_link2 http://pc:43735/
[rosmaster.master][INFO] 2012-12-14 20:42:25,497: +PUB [/tf] /camera_base_link2 http://pc:43735/
[rosmaster.master][INFO] 2012-12-14 20:42:25,503: +PUB [/rosout] /camera_base_link3 http://pc:43171/
[rosmaster.master][INFO] 2012-12-14 20:42:25,505: +SERVICE [/camera_base_link3/get_loggers] /camera_base_link3 http://pc:43171/
[rosmaster.master][INFO] 2012-12-14 20:42:25,507: +SERVICE [/camera_base_link3/set_logger_level] /camera_base_link3 http://pc:43171/
[rosmaster.master][INFO] 2012-12-14 20:42:25,516: +PUB [/tf] /camera_base_link3 http://pc:43171/
[rosmaster.master][INFO] 2012-12-14 20:42:25,583: publisherUpdate[/rosout] -> http://pc:57020/
[rosmaster.master][INFO] 2012-12-14 20:42:25,587: publisherUpdate[/rosout] -> http://pc:57020/
[rosmaster.master][INFO] 2012-12-14 20:42:25,601: +PUB [/rosout] /camera_nodelet_manager http://pc:49129/
[rosmaster.master][INFO] 2012-12-14 20:42:25,606: +SERVICE [/camera_nodelet_manager/get_loggers] /camera_nodelet_manager http://pc:49129/
[rosmaster.master][INFO] 2012-12-14 20:42:25,608: +SERVICE [/camera_nodelet_manager/set_logger_level] /camera_nodelet_manager http://pc:49129/
[rosmaster.master][INFO] 2012-12-14 20:42:25,611: +SERVICE [/camera_nodelet_manager/load_nodelet] /camera_nodelet_manager http://pc:49129/
[rosmaster.master][INFO] 2012-12-14 20:42:25,613: +SERVICE [/camera_nodelet_manager/unload_nodelet] /camera_nodelet_manager http://pc:49129/
[rosmaster.master][INFO] 2012-12-14 20:42:25,618: +SERVICE [/camera_nodelet_manager/list] /camera_nodelet_manager http://pc:49129/
[rosmaster.master][INFO] 2012-12-14 20:42:25,689: publisherUpdate[/rosout] -> http://pc:57020/
[rosmaster.master][INFO] 2012-12-14 20:42:25,934: +PUB [/rosout] /set_dr http://pc:54170/
[rosmaster.master][INFO] 2012-12-14 20:42:25,946: +SUB [/tf] /camera_nodelet_manager http://pc:49129/
[rosmaster.master][INFO] 2012-12-14 20:42:25,949: +SERVICE [/camera_nodelet_manager/tf_frames] /camera_nodelet_manager http://pc:49129/
[rosmaster.master][INFO] 2012-12-14 20:42:25,991: publisherUpdate[/rosout] -> http://pc:57020/
[rosmaster.master][INFO] 2012-12-14 20:42:26,196: +PUB [/camera/depth_registered/image_rect_raw/compressed] /camera_nodelet_manager http://pc:49129/
[rosmaster.master][INFO] 2012-12-14 20:42:26,199: +SERVICE [/camera/depth_registered/image_rect_raw/compressed/set_parameters] /camera_nodelet_manager http://pc:49129/
[rosmaster.master][INFO] 2012-12-14 20:42:26,201: +PUB [/camera/depth_registered/image_rect_raw/compressed/parameter_descriptions] /camera_nodelet_manager http://pc:49129/
[rosmaster.master][INFO] 2012-12-14 20:42:26,203: +PUB [/camera/depth_registered/image_rect_raw/compressed/parameter_updates] /camera_nodelet_manager http://pc:49129/
[rosmaster.master][INFO] 2012-12-14 20:42:26,211: +PARAM [/camera/depth_registered/image_rect_raw/compressed/format] by /camera_nodelet_manager
[rosmaster.master][INFO] 2012-12-14 20:42:26,213: +PARAM [/camera/depth_registered/image_rect_raw/compressed/jpeg_quality] by /camera_nodelet_manager
[rosmaster.master][INFO] 2012-12-14 20:42:26,215: +PARAM [/camera/depth_registered/image_rect_raw/compressed/png_level] by /camera_nodelet_manager
[rosmaster.master][INFO] 2012-12-14 20:42:26,218: +PUB [/camera/depth_registered/image_rect_raw] /camera_nodelet_manager http://pc:49129/
[rosmaster.master][INFO] 2012-12-14 20:42:26,226: +PUB [/camera/depth_registered/image_rect_raw/theora] /camera_nodelet_manager http://pc:49129/
[rosmaster.master][INFO] 2012-12-14 20:42:26,228: +SERVICE [/camera/depth_registered/image_rect_raw/theora/set_parameters] /camera_nodelet_manager http://pc:49129/
[rosmaster.master][INFO] 2012-12-14 20:42:26,231: +PUB [/camera/depth_registered/image_rect_raw/theora/parameter_descriptions] /camera_nodelet_manager http://pc:49129/
[rosmaster.master][INFO] 2012-12-14 20:42:26,233: +PUB [/camera/depth_registered/image_rect_raw/theora/parameter_updates] /camera_nodelet_manager http://pc:49129/
[rosmaster.master][INFO] 2012-12-14 20:42:26,245: +PARAM [/camera/depth_registered/image_rect_raw/theora/optimize_for] by /camera_nodelet_manager
[rosmaster.master][INFO] 2012-12-14 20:42:26,247: +PARAM [/camera/depth_registered/image_rect_raw/theora/target_bitrate] by /camera_nodelet_manager
[rosmaster.master][INFO] 2012-12-14 20:42:26,250: +PARAM [/camera/depth_registered/image_rect_raw/theora/quality] by /camera_nodelet_manager
[rosmaster.master][INFO] 2012-12-14 20:42:26,251: +PARAM [/camera/depth_registered/image_rect_raw/theora/keyframe_frequency] by /camera_nodelet_manager
[rosmaster.master][INFO] 2012-12-14 20:42:26,252: +PUB [/camera/depth_registered/camera_info] /camera_nodelet_manager http://pc:49129/
[rosmaster.master][INFO] 2012-12-14 20:42:26,277: +PUB [/rosout] /depth_detection http://pc:42403/
[rosmaster.master][INFO] 2012-12-14 20:42:26,293: publisherUpdate[/rosout] -> http://pc:57020/
[rosmaster.master][INFO] 2012-12-14 20:42:26,300: +SUB [/camera/depth_registered/image_rect] /depth_detection http://pc:42403/
[rosmaster.master][INFO] 2012-12-14 20:42:26,302: +SUB [/camera/rgb/image_rect_color] /depth_detection http://pc:42403/
[rosmaster.master][INFO] 2012-12-14 20:42:26,506: +SERVICE [/camera/ir/rectify_ir/set_parameters] /camera_nodelet_manager http://pc:49129/
[rosmaster.master][INFO] 2012-12-14 20:42:26,511: +PUB [/camera/ir/rectify_ir/parameter_descriptions] /camera_nodelet_manager http://pc:49129/
[rosmaster.master][INFO] 2012-12-14 20:42:26,512: +PUB [/camera/ir/rectify_ir/parameter_updates] /camera_nodelet_manager http://pc:49129/
[rosmaster.master][INFO] 2012-12-14 20:42:26,514: +PARAM [/camera/ir/rectify_ir/interpolation] by /camera_nodelet_manager
[rosmaster.master][INFO] 2012-12-14 20:42:26,515: +PUB [/camera/ir/image_rect/compressed] /camera_nodelet_manager http://pc:49129/
[rosmaster.master][INFO] 2012-12-14 20:42:26,516: +SERVICE [/camera/ir/image_rect/compressed/set_parameters] /camera_nodelet_manager http://pc:49129/
[rosmaster.master][INFO] 2012-12-14 20:42:26,517: +PUB [/camera/ir/image_rect/compressed/parameter_descriptions] /camera_nodelet_manager http://pc:49129/
[rosmaster.master][INFO] 2012-12-14 20:42:26,518: +PUB [/camera/ir/image_rect/compressed/parameter_updates] /camera_nodelet_manager http://pc:49129/
[rosmaster.master][INFO] 2012-12-14 20:42:26,521: +PARAM [/camera/ir/image_rect/compressed/format] by /camera_nodelet_manager
[rosmaster.master][INFO] 2012-12-14 20:42:26,522: +PARAM [/camera/ir/image_rect/compressed/jpeg_quality] by /camera_nodelet_manager
[rosmaster.master][INFO] 2012-12-14 20:42:26,523: +PARAM [/camera/ir/image_rect/compressed/png_level] by /camera_nodelet_manager
[rosmaster.master][INFO] 2012-12-14 20:42:26,525: +PUB [/camera/ir/image_rect] /camera_nodelet_manager http://pc:49129/
[rosmaster.master][INFO] 2012-12-14 20:42:26,526: +PUB [/camera/ir/image_rect/theora] /camera_nodelet_manager http://pc:49129/
[rosmaster.master][INFO] 2012-12-14 20:42:26,527: +SERVICE [/camera/ir/image_rect/theora/set_parameters] /camera_nodelet_manager http://pc:49129/
[rosmaster.master][INFO] 2012-12-14 20:42:26,528: +PUB [/camera/ir/image_rect/theora/parameter_descriptions] /camera_nodelet_manager http://pc:49129/
[rosmaster.master][INFO] 2012-12-14 20:42:26,529: +PUB [/camera/ir/image_rect/theora/parameter_updates] /camera_nodelet_manager http://pc:49129/
[rosmaster.master][INFO] 2012-12-14 20:42:26,533: +PARAM [/camera/ir/image_rect/theora/optimize_for] by /camera_nodelet_manager
[rosmaster.master][INFO] 2012-12-14 20:42:26,534: +PARAM [/camera/ir/image_rect/theora/target_bitrate] by /camera_nodelet_manager
[rosmaster.master][INFO] 2012-12-14 20:42:26,535: +PARAM [/camera/ir/image_rect/theora/quality] by /camera_nodelet_manager
[rosmaster.master][INFO] 2012-12-14 20:42:26,536: +PARAM [/camera/ir/image_rect/theora/keyframe_frequency] by /camera_nodelet_manager
[rosmaster.master][INFO] 2012-12-14 20:42:26,800: +SERVICE [/camera/rgb/rectify_mono/set_parameters] /camera_nodelet_manager http://pc:49129/
[rosmaster.master][INFO] 2012-12-14 20:42:26,802: +PUB [/camera/rgb/rectify_mono/parameter_descriptions] /camera_nodelet_manager http://pc:49129/
[rosmaster.master][INFO] 2012-12-14 20:42:26,804: +PUB [/camera/rgb/rectify_mono/parameter_updates] /camera_nodelet_manager http://pc:49129/
[rosmaster.master][INFO] 2012-12-14 20:42:26,809: +PARAM [/camera/rgb/rectify_mono/interpolation] by /camera_nodelet_manager
[rosmaster.master][INFO] 2012-12-14 20:42:26,812: +PUB [/camera/rgb/image_rect/compressed] /camera_nodelet_manager http://pc:49129/
[rosmaster.master][INFO] 2012-12-14 20:42:26,814: +SERVICE [/camera/rgb/image_rect/compressed/set_parameters] /camera_nodelet_manager http://pc:49129/
[rosmaster.master][INFO] 2012-12-14 20:42:26,816: +PUB [/camera/rgb/image_rect/compressed/parameter_descriptions] /camera_nodelet_manager http://pc:49129/
[rosmaster.master][INFO] 2012-12-14 20:42:26,818: +PUB [/camera/rgb/image_rect/compressed/parameter_updates] /camera_nodelet_manager http://pc:49129/
[rosmaster.master][INFO] 2012-12-14 20:42:26,826: +PARAM [/camera/rgb/image_rect/compressed/format] by /camera_nodelet_manager
[rosmaster.master][INFO] 2012-12-14 20:42:26,828: +PARAM [/camera/rgb/image_rect/compressed/jpeg_quality] by /camera_nodelet_manager
[rosmaster.master][INFO] 2012-12-14 20:42:26,831: +PARAM [/camera/rgb/image_rect/compressed/png_level] by /camera_nodelet_manager
[rosmaster.master][INFO] 2012-12-14 20:42:26,833: +PUB [/camera/rgb/image_rect] /camera_nodelet_manager http://pc:49129/
[rosmaster.master][INFO] 2012-12-14 20:42:26,836: +PUB [/camera/rgb/image_rect/theora] /camera_nodelet_manager http://pc:49129/
[rosmaster.master][INFO] 2012-12-14 20:42:26,838: +SERVICE [/camera/rgb/image_rect/theora/set_parameters] /camera_nodelet_manager http://pc:49129/
[rosmaster.master][INFO] 2012-12-14 20:42:26,841: +PUB [/camera/rgb/image_rect/theora/parameter_descriptions] /camera_nodelet_manager http://pc:49129/
[rosmaster.master][INFO] 2012-12-14 20:42:26,844: +PUB [/camera/rgb/image_rect/theora/parameter_updates] /camera_nodelet_manager http://pc:49129/
[rosmaster.master][INFO] 2012-12-14 20:42:26,855: +PARAM [/camera/rgb/image_rect/theora/optimize_for] by /camera_nodelet_manager
[rosmaster.master][INFO] 2012-12-14 20:42:26,858: +PARAM [/camera/rgb/image_rect/theora/target_bitrate] by /camera_nodelet_manager
[rosmaster.master][INFO] 2012-12-14 20:42:26,860: +PARAM [/camera/rgb/image_rect/theora/quality] by /camera_nodelet_manager
[rosmaster.master][INFO] 2012-12-14 20:42:26,863: +PARAM [/camera/rgb/image_rect/theora/keyframe_frequency] by /camera_nodelet_manager
[rosmaster.master][INFO] 2012-12-14 20:42:27,134: +SERVICE [/camera/depth/rectify_depth/set_parameters] /camera_nodelet_manager http://pc:49129/
[rosmaster.master][INFO] 2012-12-14 20:42:27,136: +PUB [/camera/depth/rectify_depth/parameter_descriptions] /camera_nodelet_manager http://pc:49129/
[rosmaster.master][INFO] 2012-12-14 20:42:27,138: +PUB [/camera/depth/rectify_depth/parameter_updates] /camera_nodelet_manager http://pc:49129/
[rosmaster.master][INFO] 2012-12-14 20:42:27,142: +PARAM [/camera/depth/rectify_depth/interpolation] by /camera_nodelet_manager
[rosmaster.master][INFO] 2012-12-14 20:42:27,144: +PUB [/camera/depth/image_rect_raw/compressed] /camera_nodelet_manager http://pc:49129/
[rosmaster.master][INFO] 2012-12-14 20:42:27,146: +SERVICE [/camera/depth/image_rect_raw/compressed/set_parameters] /camera_nodelet_manager http://pc:49129/
[rosmaster.master][INFO] 2012-12-14 20:42:27,148: +PUB [/camera/depth/image_rect_raw/compressed/parameter_descriptions] /camera_nodelet_manager http://pc:49129/
[rosmaster.master][INFO] 2012-12-14 20:42:27,150: +PUB [/camera/depth/image_rect_raw/compressed/parameter_updates] /camera_nodelet_manager http://pc:49129/
[rosmaster.master][INFO] 2012-12-14 20:42:27,160: +PARAM [/camera/depth/image_rect_raw/compressed/format] by /camera_nodelet_manager
[rosmaster.master][INFO] 2012-12-14 20:42:27,162: +PARAM [/camera/depth/image_rect_raw/compressed/jpeg_quality] by /camera_nodelet_manager
[rosmaster.master][INFO] 2012-12-14 20:42:27,165: +PARAM [/camera/depth/image_rect_raw/compressed/png_level] by /camera_nodelet_manager
[rosmaster.master][INFO] 2012-12-14 20:42:27,168: +PUB [/camera/depth/image_rect_raw] /camera_nodelet_manager http://pc:49129/
[rosmaster.master][INFO] 2012-12-14 20:42:27,171: +PUB [/camera/depth/image_rect_raw/theora] /camera_nodelet_manager http://pc:49129/
[rosmaster.master][INFO] 2012-12-14 20:42:27,174: +SERVICE [/camera/depth/image_rect_raw/theora/set_parameters] /camera_nodelet_manager http://pc:49129/
[rosmaster.master][INFO] 2012-12-14 20:42:27,176: +PUB [/camera/depth/image_rect_raw/theora/parameter_descriptions] /camera_nodelet_manager http://pc:49129/
[rosmaster.master][INFO] 2012-12-14 20:42:27,178: +PUB [/camera/depth/image_rect_raw/theora/parameter_updates] /camera_nodelet_manager http://pc:49129/
[rosmaster.master][INFO] 2012-12-14 20:42:27,191: +PARAM [/camera/depth/image_rect_raw/theora/optimize_for] by /camera_nodelet_manager
[rosmaster.master][INFO] 2012-12-14 20:42:27,194: +PARAM [/camera/depth/image_rect_raw/theora/target_bitrate] by /camera_nodelet_manager
[rosmaster.master][INFO] 2012-12-14 20:42:27,196: +PARAM [/camera/depth/image_rect_raw/theora/quality] by /camera_nodelet_manager
[rosmaster.master][INFO] 2012-12-14 20:42:27,198: +PARAM [/camera/depth/image_rect_raw/theora/keyframe_frequency] by /camera_nodelet_manager
[rosmaster.master][INFO] 2012-12-14 20:42:27,470: +PUB [/camera/depth/points] /camera_nodelet_manager http://pc:49129/
[rosmaster.master][INFO] 2012-12-14 20:42:27,722: +PUB [/camera/depth_registered/image_rect/compressed] /camera_nodelet_manager http://pc:49129/
[rosmaster.master][INFO] 2012-12-14 20:42:27,724: +SERVICE [/camera/depth_registered/image_rect/compressed/set_parameters] /camera_nodelet_manager http://pc:49129/
[rosmaster.master][INFO] 2012-12-14 20:42:27,727: +PUB [/camera/depth_registered/image_rect/compressed/parameter_descriptions] /camera_nodelet_manager http://pc:49129/
[rosmaster.master][INFO] 2012-12-14 20:42:27,729: +PUB [/camera/depth_registered/image_rect/compressed/parameter_updates] /camera_nodelet_manager http://pc:49129/
[rosmaster.master][INFO] 2012-12-14 20:42:27,737: +PARAM [/camera/depth_registered/image_rect/compressed/format] by /camera_nodelet_manager
[rosmaster.master][INFO] 2012-12-14 20:42:27,739: +PARAM [/camera/depth_registered/image_rect/compressed/jpeg_quality] by /camera_nodelet_manager
[rosmaster.master][INFO] 2012-12-14 20:42:27,741: +PARAM [/camera/depth_registered/image_rect/compressed/png_level] by /camera_nodelet_manager
[rosmaster.master][INFO] 2012-12-14 20:42:27,744: +PUB [/camera/depth_registered/image_rect] /camera_nodelet_manager http://pc:49129/
[rosmaster.master][INFO] 2012-12-14 20:42:27,746: +PUB [/camera/depth_registered/image_rect/theora] /camera_nodelet_manager http://pc:49129/
[rosmaster.master][INFO] 2012-12-14 20:42:27,749: +SERVICE [/camera/depth_registered/image_rect/theora/set_parameters] /camera_nodelet_manager http://pc:49129/
[rosmaster.master][INFO] 2012-12-14 20:42:27,751: +PUB [/camera/depth_registered/image_rect/theora/parameter_descriptions] /camera_nodelet_manager http://pc:49129/
[rosmaster.master][INFO] 2012-12-14 20:42:27,754: +PUB [/camera/depth_registered/image_rect/theora/parameter_updates] /camera_nodelet_manager http://pc:49129/
[rosmaster.master][INFO] 2012-12-14 20:42:27,765: +PARAM [/camera/depth_registered/image_rect/theora/optimize_for] by /camera_nodelet_manager
[rosmaster.master][INFO] 2012-12-14 20:42:27,767: +PARAM [/camera/depth_registered/image_rect/theora/target_bitrate] by /camera_nodelet_manager
[rosmaster.master][INFO] 2012-12-14 20:42:27,770: +PARAM [/camera/depth_registered/image_rect/theora/quality] by /camera_nodelet_manager
[rosmaster.master][INFO] 2012-12-14 20:42:27,772: +PARAM [/camera/depth_registered/image_rect/theora/keyframe_frequency] by /camera_nodelet_manager
[rosmaster.master][INFO] 2012-12-14 20:42:27,797: publisherUpdate[/camera/depth_registered/image_rect] -> http://pc:42403/
[rosmaster.master][INFO] 2012-12-14 20:42:27,810: +SUB [/camera/depth_registered/image_rect_raw] /camera_nodelet_manager http://pc:49129/
[rosmaster.master][INFO] 2012-12-14 20:42:27,812: +SUB [/camera/depth/image_rect_raw] /camera_nodelet_manager http://pc:49129/
[rosmaster.master][INFO] 2012-12-14 20:42:27,814: +SUB [/camera/depth/camera_info] /camera_nodelet_manager http://pc:49129/
[rosmaster.master][INFO] 2012-12-14 20:42:27,816: +SUB [/camera/rgb/camera_info] /camera_nodelet_manager http://pc:49129/
[rosmaster.master][INFO] 2012-12-14 20:42:27,817: +SUB [/camera/depth/image_raw] /camera_nodelet_manager http://pc:49129/
[rosmaster.master][INFO] 2012-12-14 20:42:28,057: +SERVICE [/camera/rgb/rectify_color/set_parameters] /camera_nodelet_manager http://pc:49129/
[rosmaster.master][INFO] 2012-12-14 20:42:28,059: +PUB [/camera/rgb/rectify_color/parameter_descriptions] /camera_nodelet_manager http://pc:49129/
[rosmaster.master][INFO] 2012-12-14 20:42:28,061: +PUB [/camera/rgb/rectify_color/parameter_updates] /camera_nodelet_manager http://pc:49129/
[rosmaster.master][INFO] 2012-12-14 20:42:28,068: +PARAM [/camera/rgb/rectify_color/interpolation] by /camera_nodelet_manager
[rosmaster.master][INFO] 2012-12-14 20:42:28,071: +PUB [/camera/rgb/image_rect_color/compressed] /camera_nodelet_manager http://pc:49129/
[rosmaster.master][INFO] 2012-12-14 20:42:28,073: +SERVICE [/camera/rgb/image_rect_color/compressed/set_parameters] /camera_nodelet_manager http://pc:49129/
[rosmaster.master][INFO] 2012-12-14 20:42:28,075: +PUB [/camera/rgb/image_rect_color/compressed/parameter_descriptions] /camera_nodelet_manager http://pc:49129/
[rosmaster.master][INFO] 2012-12-14 20:42:28,077: +PUB [/camera/rgb/image_rect_color/compressed/parameter_updates] /camera_nodelet_manager http://pc:49129/
[rosmaster.master][INFO] 2012-12-14 20:42:28,085: +PARAM [/camera/rgb/image_rect_color/compressed/format] by /camera_nodelet_manager
[rosmaster.master][INFO] 2012-12-14 20:42:28,088: +PARAM [/camera/rgb/image_rect_color/compressed/jpeg_quality] by /camera_nodelet_manager
[rosmaster.master][INFO] 2012-12-14 20:42:28,090: +PARAM [/camera/rgb/image_rect_color/compressed/png_level] by /camera_nodelet_manager
[rosmaster.master][INFO] 2012-12-14 20:42:28,092: +PUB [/camera/rgb/image_rect_color] /camera_nodelet_manager http://pc:49129/
[rosmaster.master][INFO] 2012-12-14 20:42:28,095: +PUB [/camera/rgb/image_rect_color/theora] /camera_nodelet_manager http://pc:49129/
[rosmaster.master][INFO] 2012-12-14 20:42:28,097: +SERVICE [/camera/rgb/image_rect_color/theora/set_parameters] /camera_nodelet_manager http://pc:49129/
[rosmaster.master][INFO] 2012-12-14 20:42:28,100: +PUB [/camera/rgb/image_rect_color/theora/parameter_descriptions] /camera_nodelet_manager http://pc:49129/
[rosmaster.master][INFO] 2012-12-14 20:42:28,100: publisherUpdate[/camera/rgb/image_rect_color] -> http://pc:42403/
[rosmaster.master][INFO] 2012-12-14 20:42:28,104: +PUB [/camera/rgb/image_rect_color/theora/parameter_updates] /camera_nodelet_manager http://pc:49129/
[rosmaster.master][INFO] 2012-12-14 20:42:28,116: +PARAM [/camera/rgb/image_rect_color/theora/optimize_for] by /camera_nodelet_manager
[rosmaster.master][INFO] 2012-12-14 20:42:28,118: +PARAM [/camera/rgb/image_rect_color/theora/target_bitrate] by /camera_nodelet_manager
[rosmaster.master][INFO] 2012-12-14 20:42:28,121: +PARAM [/camera/rgb/image_rect_color/theora/quality] by /camera_nodelet_manager
[rosmaster.master][INFO] 2012-12-14 20:42:28,123: +PARAM [/camera/rgb/image_rect_color/theora/keyframe_frequency] by /camera_nodelet_manager
[rosmaster.master][INFO] 2012-12-14 20:42:28,129: +SUB [/camera/rgb/image_color] /camera_nodelet_manager http://pc:49129/
[rosmaster.master][INFO] 2012-12-14 20:42:28,388: +SERVICE [/camera/rgb/debayer/set_parameters] /camera_nodelet_manager http://pc:49129/
[rosmaster.master][INFO] 2012-12-14 20:42:28,391: +PUB [/camera/rgb/debayer/parameter_descriptions] /camera_nodelet_manager http://pc:49129/
[rosmaster.master][INFO] 2012-12-14 20:42:28,393: +PUB [/camera/rgb/debayer/parameter_updates] /camera_nodelet_manager http://pc:49129/
[rosmaster.master][INFO] 2012-12-14 20:42:28,397: +PARAM [/camera/rgb/debayer/debayer] by /camera_nodelet_manager
[rosmaster.master][INFO] 2012-12-14 20:42:28,401: +PUB [/camera/rgb/image_mono/compressed] /camera_nodelet_manager http://pc:49129/
[rosmaster.master][INFO] 2012-12-14 20:42:28,406: +SERVICE [/camera/rgb/image_mono/compressed/set_parameters] /camera_nodelet_manager http://pc:49129/
[rosmaster.master][INFO] 2012-12-14 20:42:28,410: +PUB [/camera/rgb/image_mono/compressed/parameter_descriptions] /camera_nodelet_manager http://pc:49129/
[rosmaster.master][INFO] 2012-12-14 20:42:28,414: +PUB [/camera/rgb/image_mono/compressed/parameter_updates] /camera_nodelet_manager http://pc:49129/
[rosmaster.master][INFO] 2012-12-14 20:42:28,424: +PUB [/rosout] /camera/points_xyzrgb_depth_rgb http://pc:58694/
[rosmaster.master][INFO] 2012-12-14 20:42:28,427: +PARAM [/camera/rgb/image_mono/compressed/format] by /camera_nodelet_manager
[rosmaster.master][INFO] 2012-12-14 20:42:28,430: +SERVICE [/camera/points_xyzrgb_depth_rgb/get_loggers] /camera/points_xyzrgb_depth_rgb http://pc:58694/
[rosmaster.master][INFO] 2012-12-14 20:42:28,432: +PARAM [/camera/rgb/image_mono/compressed/jpeg_quality] by /camera_nodelet_manager
[rosmaster.master][INFO] 2012-12-14 20:42:28,434: +PUB [/rosout] /camera/depth_registered/metric http://pc:40236/
[rosmaster.master][INFO] 2012-12-14 20:42:28,442: +SERVICE [/camera/points_xyzrgb_depth_rgb/set_logger_level] /camera/points_xyzrgb_depth_rgb http://pc:58694/
[rosmaster.master][INFO] 2012-12-14 20:42:28,445: +PARAM [/camera/rgb/image_mono/compressed/png_level] by /camera_nodelet_manager
[rosmaster.master][INFO] 2012-12-14 20:42:28,448: +SERVICE [/camera/depth_registered/metric/get_loggers] /camera/depth_registered/metric http://pc:40236/
[rosmaster.master][INFO] 2012-12-14 20:42:28,451: +PUB [/rosout] /camera/disparity_depth http://pc:42771/
[rosmaster.master][INFO] 2012-12-14 20:42:28,458: +PUB [/camera/rgb/image_mono] /camera_nodelet_manager http://pc:49129/
[rosmaster.master][INFO] 2012-12-14 20:42:28,461: +SERVICE [/camera/depth_registered/metric/set_logger_level] /camera/depth_registered/metric http://pc:40236/
[rosmaster.master][INFO] 2012-12-14 20:42:28,463: +SERVICE [/camera/disparity_depth/get_loggers] /camera/disparity_depth http://pc:42771/
[rosmaster.master][INFO] 2012-12-14 20:42:28,467: +PUB [/camera/rgb/image_mono/theora] /camera_nodelet_manager http://pc:49129/
[rosmaster.master][INFO] 2012-12-14 20:42:28,472: +SERVICE [/camera/disparity_depth/set_logger_level] /camera/disparity_depth http://pc:42771/
[rosmaster.master][INFO] 2012-12-14 20:42:28,477: +SERVICE [/camera/rgb/image_mono/theora/set_parameters] /camera_nodelet_manager http://pc:49129/
[rosmaster.master][INFO] 2012-12-14 20:42:28,486: +PUB [/camera/rgb/image_mono/theora/parameter_descriptions] /camera_nodelet_manager http://pc:49129/
[rosmaster.master][INFO] 2012-12-14 20:42:28,494: +PUB [/camera/rgb/image_mono/theora/parameter_updates] /camera_nodelet_manager http://pc:49129/
[rosmaster.master][INFO] 2012-12-14 20:42:28,497: +PARAM [/camera/disparity_depth] by /camera/disparity_depth
[rosmaster.master][INFO] 2012-12-14 20:42:28,502: publisherUpdate[/rosout] -> http://pc:57020/
[rosmaster.master][INFO] 2012-12-14 20:42:28,506: publisherUpdate[/rosout] -> http://pc:57020/
[rosmaster.master][INFO] 2012-12-14 20:42:28,511: publisherUpdate[/rosout] -> http://pc:57020/
[rosmaster.master][INFO] 2012-12-14 20:42:28,518: +PARAM [/camera/rgb/image_mono/theora/optimize_for] by /camera_nodelet_manager
[rosmaster.master][INFO] 2012-12-14 20:42:28,521: +PARAM [/camera/rgb/image_mono/theora/target_bitrate] by /camera_nodelet_manager
[rosmaster.master][INFO] 2012-12-14 20:42:28,523: +PARAM [/camera/rgb/image_mono/theora/quality] by /camera_nodelet_manager
[rosmaster.master][INFO] 2012-12-14 20:42:28,525: +PARAM [/camera/rgb/image_mono/theora/keyframe_frequency] by /camera_nodelet_manager
[rosmaster.master][INFO] 2012-12-14 20:42:28,527: +PUB [/camera/rgb/image_color/compressed] /camera_nodelet_manager http://pc:49129/
[rosmaster.master][INFO] 2012-12-14 20:42:28,529: +SERVICE [/camera/rgb/image_color/compressed/set_parameters] /camera_nodelet_manager http://pc:49129/
[rosmaster.master][INFO] 2012-12-14 20:42:28,532: +PUB [/camera/rgb/image_color/compressed/parameter_descriptions] /camera_nodelet_manager http://pc:49129/
[rosmaster.master][INFO] 2012-12-14 20:42:28,534: +PUB [/camera/rgb/image_color/compressed/parameter_updates] /camera_nodelet_manager http://pc:49129/
[rosmaster.master][INFO] 2012-12-14 20:42:28,542: +PARAM [/camera/rgb/image_color/compressed/format] by /camera_nodelet_manager
[rosmaster.master][INFO] 2012-12-14 20:42:28,545: +PARAM [/camera/rgb/image_color/compressed/jpeg_quality] by /camera_nodelet_manager
[rosmaster.master][INFO] 2012-12-14 20:42:28,547: +PARAM [/camera/rgb/image_color/compressed/png_level] by /camera_nodelet_manager
[rosmaster.master][INFO] 2012-12-14 20:42:28,549: +PUB [/camera/rgb/image_color] /camera_nodelet_manager http://pc:49129/
[rosmaster.master][INFO] 2012-12-14 20:42:28,552: +PUB [/camera/rgb/image_color/theora] /camera_nodelet_manager http://pc:49129/
[rosmaster.master][INFO] 2012-12-14 20:42:28,554: +SERVICE [/camera/rgb/image_color/theora/set_parameters] /camera_nodelet_manager http://pc:49129/
[rosmaster.master][INFO] 2012-12-14 20:42:28,557: +PUB [/camera/rgb/image_color/theora/parameter_descriptions] /camera_nodelet_manager http://pc:49129/
[rosmaster.master][INFO] 2012-12-14 20:42:28,559: +PUB [/camera/rgb/image_color/theora/parameter_updates] /camera_nodelet_manager http://pc:49129/
[rosmaster.master][INFO] 2012-12-14 20:42:28,568: +PARAM [/camera/rgb/image_color/theora/optimize_for] by /camera_nodelet_manager
[rosmaster.master][INFO] 2012-12-14 20:42:28,571: +PARAM [/camera/rgb/image_color/theora/target_bitrate] by /camera_nodelet_manager
[rosmaster.master][INFO] 2012-12-14 20:42:28,573: +PARAM [/camera/rgb/image_color/theora/quality] by /camera_nodelet_manager
[rosmaster.master][INFO] 2012-12-14 20:42:28,575: +PARAM [/camera/rgb/image_color/theora/keyframe_frequency] by /camera_nodelet_manager
[rosmaster.master][INFO] 2012-12-14 20:42:28,580: +SUB [/camera/rgb/image_raw] /camera_nodelet_manager http://pc:49129/
[rosmaster.master][INFO] 2012-12-14 20:42:28,605: publisherUpdate[/camera/rgb/image_color] -> http://pc:49129/
[rosmaster.master][INFO] 2012-12-14 20:42:28,839: +SERVICE [/camera/depth_registered/rectify_depth/set_parameters] /camera_nodelet_manager http://pc:49129/
[rosmaster.master][INFO] 2012-12-14 20:42:28,841: +PUB [/camera/depth_registered/rectify_depth/parameter_descriptions] /camera_nodelet_manager http://pc:49129/
[rosmaster.master][INFO] 2012-12-14 20:42:28,844: +PUB [/camera/depth_registered/rectify_depth/parameter_updates] /camera_nodelet_manager http://pc:49129/
[rosmaster.master][INFO] 2012-12-14 20:42:28,847: +PARAM [/camera/depth_registered/rectify_depth/interpolation] by /camera_nodelet_manager
[rosmaster.master][INFO] 2012-12-14 20:42:28,858: +PARAM [/camera/depth_registered/image_rect_raw/compressed/format] by /camera_nodelet_manager
[rosmaster.master][INFO] 2012-12-14 20:42:28,860: +PARAM [/camera/depth_registered/image_rect_raw/compressed/jpeg_quality] by /camera_nodelet_manager
[rosmaster.master][INFO] 2012-12-14 20:42:28,863: +PARAM [/camera/depth_registered/image_rect_raw/compressed/png_level] by /camera_nodelet_manager
[rosmaster.master][INFO] 2012-12-14 20:42:28,876: +PARAM [/camera/depth_registered/image_rect_raw/theora/optimize_for] by /camera_nodelet_manager
[rosmaster.master][INFO] 2012-12-14 20:42:28,880: +PARAM [/camera/depth_registered/image_rect_raw/theora/target_bitrate] by /camera_nodelet_manager
[rosmaster.master][INFO] 2012-12-14 20:42:28,882: +PARAM [/camera/depth_registered/image_rect_raw/theora/quality] by /camera_nodelet_manager
[rosmaster.master][INFO] 2012-12-14 20:42:28,885: +PARAM [/camera/depth_registered/image_rect_raw/theora/keyframe_frequency] by /camera_nodelet_manager
[rosmaster.master][INFO] 2012-12-14 20:42:28,892: +SUB [/camera/depth_registered/image_raw] /camera_nodelet_manager http://pc:49129/
[rosmaster.master][INFO] 2012-12-14 20:42:28,894: +SUB [/camera/depth_registered/camera_info] /camera_nodelet_manager http://pc:49129/
[rosmaster.master][INFO] 2012-12-14 20:42:29,162: +PUB [/camera/depth_registered/disparity] /camera_nodelet_manager http://pc:49129/
[rosmaster.master][INFO] 2012-12-14 20:42:29,435: +PUB [/camera/depth/image/compressed] /camera_nodelet_manager http://pc:49129/
[rosmaster.master][INFO] 2012-12-14 20:42:29,438: +SERVICE [/camera/depth/image/compressed/set_parameters] /camera_nodelet_manager http://pc:49129/
[rosmaster.master][INFO] 2012-12-14 20:42:29,440: +PUB [/camera/depth/image/compressed/parameter_descriptions] /camera_nodelet_manager http://pc:49129/
[rosmaster.master][INFO] 2012-12-14 20:42:29,442: +PUB [/camera/depth/image/compressed/parameter_updates] /camera_nodelet_manager http://pc:49129/
[rosmaster.master][INFO] 2012-12-14 20:42:29,449: +PARAM [/camera/depth/image/compressed/format] by /camera_nodelet_manager
[rosmaster.master][INFO] 2012-12-14 20:42:29,451: +PARAM [/camera/depth/image/compressed/jpeg_quality] by /camera_nodelet_manager
[rosmaster.master][INFO] 2012-12-14 20:42:29,453: +PARAM [/camera/depth/image/compressed/png_level] by /camera_nodelet_manager
[rosmaster.master][INFO] 2012-12-14 20:42:29,456: +PUB [/camera/depth/image] /camera_nodelet_manager http://pc:49129/
[rosmaster.master][INFO] 2012-12-14 20:42:29,459: +PUB [/camera/depth/image/theora] /camera_nodelet_manager http://pc:49129/
[rosmaster.master][INFO] 2012-12-14 20:42:29,461: +SERVICE [/camera/depth/image/theora/set_parameters] /camera_nodelet_manager http://pc:49129/
[rosmaster.master][INFO] 2012-12-14 20:42:29,463: +PUB [/camera/depth/image/theora/parameter_descriptions] /camera_nodelet_manager http://pc:49129/
[rosmaster.master][INFO] 2012-12-14 20:42:29,465: +PUB [/camera/depth/image/theora/parameter_updates] /camera_nodelet_manager http://pc:49129/
[rosmaster.master][INFO] 2012-12-14 20:42:29,475: +PARAM [/camera/depth/image/theora/optimize_for] by /camera_nodelet_manager
[rosmaster.master][INFO] 2012-12-14 20:42:29,477: +PARAM [/camera/depth/image/theora/target_bitrate] by /camera_nodelet_manager
[rosmaster.master][INFO] 2012-12-14 20:42:29,480: +PARAM [/camera/depth/image/theora/quality] by /camera_nodelet_manager
[rosmaster.master][INFO] 2012-12-14 20:42:29,482: +PARAM [/camera/depth/image/theora/keyframe_frequency] by /camera_nodelet_manager
[rosmaster.master][INFO] 2012-12-14 20:42:30,134: +PUB [/camera/depth/image_rect/compressed] /camera_nodelet_manager http://pc:49129/
[rosmaster.master][INFO] 2012-12-14 20:42:30,135: +SERVICE [/camera/depth/image_rect/compressed/set_parameters] /camera_nodelet_manager http://pc:49129/
[rosmaster.master][INFO] 2012-12-14 20:42:30,137: +PUB [/camera/depth/image_rect/compressed/parameter_descriptions] /camera_nodelet_manager http://pc:49129/
[rosmaster.master][INFO] 2012-12-14 20:42:30,138: +PUB [/camera/depth/image_rect/compressed/parameter_updates] /camera_nodelet_manager http://pc:49129/
[rosmaster.master][INFO] 2012-12-14 20:42:30,144: +PARAM [/camera/depth/image_rect/compressed/format] by /camera_nodelet_manager
[rosmaster.master][INFO] 2012-12-14 20:42:30,146: +PARAM [/camera/depth/image_rect/compressed/jpeg_quality] by /camera_nodelet_manager
[rosmaster.master][INFO] 2012-12-14 20:42:30,148: +PARAM [/camera/depth/image_rect/compressed/png_level] by /camera_nodelet_manager
[rosmaster.master][INFO] 2012-12-14 20:42:30,150: +PUB [/camera/depth/image_rect] /camera_nodelet_manager http://pc:49129/
[rosmaster.master][INFO] 2012-12-14 20:42:30,151: +PUB [/camera/depth/image_rect/theora] /camera_nodelet_manager http://pc:49129/
[rosmaster.master][INFO] 2012-12-14 20:42:30,152: +SERVICE [/camera/depth/image_rect/theora/set_parameters] /camera_nodelet_manager http://pc:49129/
[rosmaster.master][INFO] 2012-12-14 20:42:30,153: +PUB [/camera/depth/image_rect/theora/parameter_descriptions] /camera_nodelet_manager http://pc:49129/
[rosmaster.master][INFO] 2012-12-14 20:42:30,154: +PUB [/camera/depth/image_rect/theora/parameter_updates] /camera_nodelet_manager http://pc:49129/
[rosmaster.master][INFO] 2012-12-14 20:42:30,157: +PARAM [/camera/depth/image_rect/theora/optimize_for] by /camera_nodelet_manager
[rosmaster.master][INFO] 2012-12-14 20:42:30,158: +PARAM [/camera/depth/image_rect/theora/target_bitrate] by /camera_nodelet_manager
[rosmaster.master][INFO] 2012-12-14 20:42:30,159: +PARAM [/camera/depth/image_rect/theora/quality] by /camera_nodelet_manager
[rosmaster.master][INFO] 2012-12-14 20:42:30,160: +PARAM [/camera/depth/image_rect/theora/keyframe_frequency] by /camera_nodelet_manager
[rosmaster.master][INFO] 2012-12-14 20:42:31,419: +PUB [/camera/depth_registered/points] /camera_nodelet_manager http://pc:49129/
[rosmaster.master][INFO] 2012-12-14 20:42:32,073: +PUB [/camera/depth_registered/image/compressed] /camera_nodelet_manager http://pc:49129/
[rosmaster.master][INFO] 2012-12-14 20:42:32,075: +SERVICE [/camera/depth_registered/image/compressed/set_parameters] /camera_nodelet_manager http://pc:49129/
[rosmaster.master][INFO] 2012-12-14 20:42:32,077: +PUB [/camera/depth_registered/image/compressed/parameter_descriptions] /camera_nodelet_manager http://pc:49129/
[rosmaster.master][INFO] 2012-12-14 20:42:32,079: +PUB [/camera/depth_registered/image/compressed/parameter_updates] /camera_nodelet_manager http://pc:49129/
[rosmaster.master][INFO] 2012-12-14 20:42:32,084: +PARAM [/camera/depth_registered/image/compressed/format] by /camera_nodelet_manager
[rosmaster.master][INFO] 2012-12-14 20:42:32,085: +PARAM [/camera/depth_registered/image/compressed/jpeg_quality] by /camera_nodelet_manager
[rosmaster.master][INFO] 2012-12-14 20:42:32,086: +PARAM [/camera/depth_registered/image/compressed/png_level] by /camera_nodelet_manager
[rosmaster.master][INFO] 2012-12-14 20:42:32,087: +PUB [/camera/depth_registered/image] /camera_nodelet_manager http://pc:49129/
[rosmaster.master][INFO] 2012-12-14 20:42:32,089: +PUB [/camera/depth_registered/image/theora] /camera_nodelet_manager http://pc:49129/
[rosmaster.master][INFO] 2012-12-14 20:42:32,090: +SERVICE [/camera/depth_registered/image/theora/set_parameters] /camera_nodelet_manager http://pc:49129/
[rosmaster.master][INFO] 2012-12-14 20:42:32,091: +PUB [/camera/depth_registered/image/theora/parameter_descriptions] /camera_nodelet_manager http://pc:49129/
[rosmaster.master][INFO] 2012-12-14 20:42:32,092: +PUB [/camera/depth_registered/image/theora/parameter_updates] /camera_nodelet_manager http://pc:49129/
[rosmaster.master][INFO] 2012-12-14 20:42:32,097: +PARAM [/camera/depth_registered/image/theora/optimize_for] by /camera_nodelet_manager
[rosmaster.master][INFO] 2012-12-14 20:42:32,098: +PARAM [/camera/depth_registered/image/theora/target_bitrate] by /camera_nodelet_manager
[rosmaster.master][INFO] 2012-12-14 20:42:32,099: +PARAM [/camera/depth_registered/image/theora/quality] by /camera_nodelet_manager
[rosmaster.master][INFO] 2012-12-14 20:42:32,100: +PARAM [/camera/depth_registered/image/theora/keyframe_frequency] by /camera_nodelet_manager
[rosmaster.master][INFO] 2012-12-14 20:42:32,724: +PUB [/camera/depth/disparity] /camera_nodelet_manager http://pc:49129/
[rosmaster.master][INFO] 2012-12-14 20:42:34,493: +SERVICE [/camera/driver/set_parameters] /camera_nodelet_manager http://pc:49129/
[rosmaster.master][INFO] 2012-12-14 20:42:34,496: +PUB [/camera/driver/parameter_descriptions] /camera_nodelet_manager http://pc:49129/
[rosmaster.master][INFO] 2012-12-14 20:42:34,499: +PUB [/camera/driver/parameter_updates] /camera_nodelet_manager http://pc:49129/
[rosmaster.master][INFO] 2012-12-14 20:42:34,521: +PARAM [/camera/driver/image_mode] by /camera_nodelet_manager
[rosmaster.master][INFO] 2012-12-14 20:42:34,523: +PARAM [/camera/driver/depth_mode] by /camera_nodelet_manager
[rosmaster.master][INFO] 2012-12-14 20:42:34,526: +PARAM [/camera/driver/depth_registration] by /camera_nodelet_manager
[rosmaster.master][INFO] 2012-12-14 20:42:34,528: +PARAM [/camera/driver/data_skip] by /camera_nodelet_manager
[rosmaster.master][INFO] 2012-12-14 20:42:34,530: +PARAM [/camera/driver/depth_time_offset] by /camera_nodelet_manager
[rosmaster.master][INFO] 2012-12-14 20:42:34,533: +PARAM [/camera/driver/image_time_offset] by /camera_nodelet_manager
[rosmaster.master][INFO] 2012-12-14 20:42:34,535: +PARAM [/camera/driver/depth_ir_offset_x] by /camera_nodelet_manager
[rosmaster.master][INFO] 2012-12-14 20:42:34,537: +PARAM [/camera/driver/depth_ir_offset_y] by /camera_nodelet_manager
[rosmaster.master][INFO] 2012-12-14 20:42:34,539: +PARAM [/camera/driver/z_offset_mm] by /camera_nodelet_manager
[rosmaster.master][INFO] 2012-12-14 20:42:34,559: +SERVICE [/camera/rgb/set_camera_info] /camera_nodelet_manager http://pc:49129/
[rosmaster.master][INFO] 2012-12-14 20:42:34,563: +SERVICE [/camera/ir/set_camera_info] /camera_nodelet_manager http://pc:49129/
[rosmaster.master][INFO] 2012-12-14 20:42:34,567: +PUB [/camera/rgb/image_raw/compressed] /camera_nodelet_manager http://pc:49129/
[rosmaster.master][INFO] 2012-12-14 20:42:34,569: +SERVICE [/camera/rgb/image_raw/compressed/set_parameters] /camera_nodelet_manager http://pc:49129/
[rosmaster.master][INFO] 2012-12-14 20:42:34,571: +PUB [/camera/rgb/image_raw/compressed/parameter_descriptions] /camera_nodelet_manager http://pc:49129/
[rosmaster.master][INFO] 2012-12-14 20:42:34,574: +PUB [/camera/rgb/image_raw/compressed/parameter_updates] /camera_nodelet_manager http://pc:49129/
[rosmaster.master][INFO] 2012-12-14 20:42:34,584: +PARAM [/camera/rgb/image_raw/compressed/format] by /camera_nodelet_manager
[rosmaster.master][INFO] 2012-12-14 20:42:34,586: +PARAM [/camera/rgb/image_raw/compressed/jpeg_quality] by /camera_nodelet_manager
[rosmaster.master][INFO] 2012-12-14 20:42:34,589: +PARAM [/camera/rgb/image_raw/compressed/png_level] by /camera_nodelet_manager
[rosmaster.master][INFO] 2012-12-14 20:42:34,591: +PUB [/camera/rgb/image_raw] /camera_nodelet_manager http://pc:49129/
[rosmaster.master][INFO] 2012-12-14 20:42:34,594: +PUB [/camera/rgb/image_raw/theora] /camera_nodelet_manager http://pc:49129/
[rosmaster.master][INFO] 2012-12-14 20:42:34,597: +SERVICE [/camera/rgb/image_raw/theora/set_parameters] /camera_nodelet_manager http://pc:49129/
[rosmaster.master][INFO] 2012-12-14 20:42:34,599: +PUB [/camera/rgb/image_raw/theora/parameter_descriptions] /camera_nodelet_manager http://pc:49129/
[rosmaster.master][INFO] 2012-12-14 20:42:34,601: +PUB [/camera/rgb/image_raw/theora/parameter_updates] /camera_nodelet_manager http://pc:49129/
[rosmaster.master][INFO] 2012-12-14 20:42:34,612: +PARAM [/camera/rgb/image_raw/theora/optimize_for] by /camera_nodelet_manager
[rosmaster.master][INFO] 2012-12-14 20:42:34,614: +PARAM [/camera/rgb/image_raw/theora/target_bitrate] by /camera_nodelet_manager
[rosmaster.master][INFO] 2012-12-14 20:42:34,616: +PARAM [/camera/rgb/image_raw/theora/quality] by /camera_nodelet_manager
[rosmaster.master][INFO] 2012-12-14 20:42:34,617: publisherUpdate[/camera/rgb/image_raw] -> http://pc:49129/
[rosmaster.master][INFO] 2012-12-14 20:42:34,620: +PARAM [/camera/rgb/image_raw/theora/keyframe_frequency] by /camera_nodelet_manager
[rosmaster.master][INFO] 2012-12-14 20:42:34,623: +PUB [/camera/rgb/camera_info] /camera_nodelet_manager http://pc:49129/
[rosmaster.master][INFO] 2012-12-14 20:42:34,625: +PUB [/camera/ir/image_raw/compressed] /camera_nodelet_manager http://pc:49129/
[rosmaster.master][INFO] 2012-12-14 20:42:34,627: publisherUpdate[/camera/rgb/camera_info] -> http://pc:49129/
[rosmaster.master][INFO] 2012-12-14 20:42:34,628: +SERVICE [/camera/ir/image_raw/compressed/set_parameters] /camera_nodelet_manager http://pc:49129/
[rosmaster.master][INFO] 2012-12-14 20:42:34,632: +PUB [/camera/ir/image_raw/compressed/parameter_descriptions] /camera_nodelet_manager http://pc:49129/
[rosmaster.master][INFO] 2012-12-14 20:42:34,634: +PUB [/camera/ir/image_raw/compressed/parameter_updates] /camera_nodelet_manager http://pc:49129/
[rosmaster.master][INFO] 2012-12-14 20:42:34,642: +PARAM [/camera/ir/image_raw/compressed/format] by /camera_nodelet_manager
[rosmaster.master][INFO] 2012-12-14 20:42:34,645: +PARAM [/camera/ir/image_raw/compressed/jpeg_quality] by /camera_nodelet_manager
[rosmaster.master][INFO] 2012-12-14 20:42:34,647: +PARAM [/camera/ir/image_raw/compressed/png_level] by /camera_nodelet_manager
[rosmaster.master][INFO] 2012-12-14 20:42:34,649: +PUB [/camera/ir/image_raw] /camera_nodelet_manager http://pc:49129/
[rosmaster.master][INFO] 2012-12-14 20:42:34,652: +PUB [/camera/ir/image_raw/theora] /camera_nodelet_manager http://pc:49129/
[rosmaster.master][INFO] 2012-12-14 20:42:34,654: +SERVICE [/camera/ir/image_raw/theora/set_parameters] /camera_nodelet_manager http://pc:49129/
[rosmaster.master][INFO] 2012-12-14 20:42:34,657: +PUB [/camera/ir/image_raw/theora/parameter_descriptions] /camera_nodelet_manager http://pc:49129/
[rosmaster.master][INFO] 2012-12-14 20:42:34,659: +PUB [/camera/ir/image_raw/theora/parameter_updates] /camera_nodelet_manager http://pc:49129/
[rosmaster.master][INFO] 2012-12-14 20:42:34,668: +PARAM [/camera/ir/image_raw/theora/optimize_for] by /camera_nodelet_manager
[rosmaster.master][INFO] 2012-12-14 20:42:34,671: +PARAM [/camera/ir/image_raw/theora/target_bitrate] by /camera_nodelet_manager
[rosmaster.master][INFO] 2012-12-14 20:42:34,673: +PARAM [/camera/ir/image_raw/theora/quality] by /camera_nodelet_manager
[rosmaster.master][INFO] 2012-12-14 20:42:34,675: +PARAM [/camera/ir/image_raw/theora/keyframe_frequency] by /camera_nodelet_manager
[rosmaster.master][INFO] 2012-12-14 20:42:34,678: +PUB [/camera/ir/camera_info] /camera_nodelet_manager http://pc:49129/
[rosmaster.master][INFO] 2012-12-14 20:42:34,681: +PUB [/camera/depth/image_raw/compressed] /camera_nodelet_manager http://pc:49129/
[rosmaster.master][INFO] 2012-12-14 20:42:34,683: +SERVICE [/camera/depth/image_raw/compressed/set_parameters] /camera_nodelet_manager http://pc:49129/
[rosmaster.master][INFO] 2012-12-14 20:42:34,686: +PUB [/camera/depth/image_raw/compressed/parameter_descriptions] /camera_nodelet_manager http://pc:49129/
[rosmaster.master][INFO] 2012-12-14 20:42:34,689: +PUB [/camera/depth/image_raw/compressed/parameter_updates] /camera_nodelet_manager http://pc:49129/
[rosmaster.master][INFO] 2012-12-14 20:42:34,697: +PARAM [/camera/depth/image_raw/compressed/format] by /camera_nodelet_manager
[rosmaster.master][INFO] 2012-12-14 20:42:34,699: +PARAM [/camera/depth/image_raw/compressed/jpeg_quality] by /camera_nodelet_manager
[rosmaster.master][INFO] 2012-12-14 20:42:34,701: +PARAM [/camera/depth/image_raw/compressed/png_level] by /camera_nodelet_manager
[rosmaster.master][INFO] 2012-12-14 20:42:34,704: +PUB [/camera/depth/image_raw] /camera_nodelet_manager http://pc:49129/
[rosmaster.master][INFO] 2012-12-14 20:42:34,707: +PUB [/camera/depth/image_raw/theora] /camera_nodelet_manager http://pc:49129/
[rosmaster.master][INFO] 2012-12-14 20:42:34,709: +SERVICE [/camera/depth/image_raw/theora/set_parameters] /camera_nodelet_manager http://pc:49129/
[rosmaster.master][INFO] 2012-12-14 20:42:34,712: +PUB [/camera/depth/image_raw/theora/parameter_descriptions] /camera_nodelet_manager http://pc:49129/
[rosmaster.master][INFO] 2012-12-14 20:42:34,715: +PUB [/camera/depth/image_raw/theora/parameter_updates] /camera_nodelet_manager http://pc:49129/
[rosmaster.master][INFO] 2012-12-14 20:42:34,718: publisherUpdate[/camera/depth/image_raw] -> http://pc:49129/
[rosmaster.master][INFO] 2012-12-14 20:42:34,726: +PARAM [/camera/depth/image_raw/theora/optimize_for] by /camera_nodelet_manager
[rosmaster.master][INFO] 2012-12-14 20:42:34,729: +PARAM [/camera/depth/image_raw/theora/target_bitrate] by /camera_nodelet_manager
[rosmaster.master][INFO] 2012-12-14 20:42:34,731: +PARAM [/camera/depth/image_raw/theora/quality] by /camera_nodelet_manager
[rosmaster.master][INFO] 2012-12-14 20:42:34,733: +PARAM [/camera/depth/image_raw/theora/keyframe_frequency] by /camera_nodelet_manager
[rosmaster.master][INFO] 2012-12-14 20:42:34,736: +PUB [/camera/depth/camera_info] /camera_nodelet_manager http://pc:49129/
[rosmaster.master][INFO] 2012-12-14 20:42:34,740: +PUB [/camera/projector/camera_info] /camera_nodelet_manager http://pc:49129/
[rosmaster.master][INFO] 2012-12-14 20:42:34,743: +SUB [/camera/driver/parameter_updates] /set_dr http://pc:54170/
[rosmaster.master][INFO] 2012-12-14 20:42:34,745: +PUB [/camera/depth_registered/image_raw/compressed] /camera_nodelet_manager http://pc:49129/
[rosmaster.master][INFO] 2012-12-14 20:42:34,748: +SUB [/camera/driver/parameter_descriptions] /set_dr http://pc:54170/
[rosmaster.master][INFO] 2012-12-14 20:42:34,750: +SERVICE [/camera/depth_registered/image_raw/compressed/set_parameters] /camera_nodelet_manager http://pc:49129/
[rosmaster.master][INFO] 2012-12-14 20:42:34,754: +PUB [/camera/depth_registered/image_raw/compressed/parameter_descriptions] /camera_nodelet_manager http://pc:49129/
[rosmaster.master][INFO] 2012-12-14 20:42:34,757: +PUB [/camera/depth_registered/image_raw/compressed/parameter_updates] /camera_nodelet_manager http://pc:49129/
[rosmaster.master][INFO] 2012-12-14 20:42:34,769: +PARAM [/camera/depth_registered/image_raw/compressed/format] by /camera_nodelet_manager
[rosmaster.master][INFO] 2012-12-14 20:42:34,771: +PARAM [/camera/depth_registered/image_raw/compressed/jpeg_quality] by /camera_nodelet_manager
[rosmaster.master][INFO] 2012-12-14 20:42:34,773: +PARAM [/camera/depth_registered/image_raw/compressed/png_level] by /camera_nodelet_manager
[rosmaster.master][INFO] 2012-12-14 20:42:34,776: +PUB [/camera/depth_registered/image_raw] /camera_nodelet_manager http://pc:49129/
[rosmaster.master][INFO] 2012-12-14 20:42:34,779: +PUB [/camera/depth_registered/image_raw/theora] /camera_nodelet_manager http://pc:49129/
[rosmaster.master][INFO] 2012-12-14 20:42:34,781: +SERVICE [/camera/depth_registered/image_raw/theora/set_parameters] /camera_nodelet_manager http://pc:49129/
[rosmaster.master][INFO] 2012-12-14 20:42:34,784: +PUB [/camera/depth_registered/image_raw/theora/parameter_descriptions] /camera_nodelet_manager http://pc:49129/
[rosmaster.master][INFO] 2012-12-14 20:42:34,786: +PUB [/camera/depth_registered/image_raw/theora/parameter_updates] /camera_nodelet_manager http://pc:49129/
[rosmaster.master][INFO] 2012-12-14 20:42:34,796: +PARAM [/camera/depth_registered/image_raw/theora/optimize_for] by /camera_nodelet_manager
[rosmaster.master][INFO] 2012-12-14 20:42:34,798: +PARAM [/camera/depth_registered/image_raw/theora/target_bitrate] by /camera_nodelet_manager
[rosmaster.master][INFO] 2012-12-14 20:42:34,800: +PARAM [/camera/depth_registered/image_raw/theora/quality] by /camera_nodelet_manager
[rosmaster.master][INFO] 2012-12-14 20:42:34,803: +PARAM [/camera/depth_registered/image_raw/theora/keyframe_frequency] by /camera_nodelet_manager
[rosmaster.master][INFO] 2012-12-14 20:42:34,820: publisherUpdate[/camera/depth/camera_info] -> http://pc:49129/
[rosmaster.master][INFO] 2012-12-14 20:42:34,822: publisherUpdate[/camera/depth_registered/image_raw] -> http://pc:49129/
[rosmaster.master][INFO] 2012-12-14 20:42:38,652: +PARAM [/camera/driver/image_mode] by /camera_nodelet_manager
[rosmaster.master][INFO] 2012-12-14 20:42:38,654: +PARAM [/camera/driver/depth_mode] by /camera_nodelet_manager
[rosmaster.master][INFO] 2012-12-14 20:42:38,656: +PARAM [/camera/driver/depth_registration] by /camera_nodelet_manager
[rosmaster.master][INFO] 2012-12-14 20:42:38,659: +PARAM [/camera/driver/data_skip] by /camera_nodelet_manager
[rosmaster.master][INFO] 2012-12-14 20:42:38,663: +PARAM [/camera/driver/depth_time_offset] by /camera_nodelet_manager
[rosmaster.master][INFO] 2012-12-14 20:42:38,666: +PARAM [/camera/driver/image_time_offset] by /camera_nodelet_manager
[rosmaster.master][INFO] 2012-12-14 20:42:38,675: +PARAM [/camera/driver/depth_ir_offset_x] by /camera_nodelet_manager
[rosmaster.master][INFO] 2012-12-14 20:42:38,679: +PARAM [/camera/driver/depth_ir_offset_y] by /camera_nodelet_manager
[rosmaster.master][INFO] 2012-12-14 20:42:38,681: +PARAM [/camera/driver/z_offset_mm] by /camera_nodelet_manager
[rosmaster.master][INFO] 2012-12-14 20:42:38,684: -SUB [/camera/driver/parameter_updates] /set_dr http://pc:54170/
[rosmaster.master][INFO] 2012-12-14 20:42:38,685: -SUB [/camera/driver/parameter_descriptions] /set_dr http://pc:54170/
[rosmaster.master][INFO] 2012-12-14 20:42:38,686: -PUB [/rosout] /set_dr http://pc:54170/
[rosmaster.master][INFO] 2012-12-14 20:42:38,729: publisherUpdate[/rosout] -> http://pc:57020/
[rosmaster.master][INFO] 2012-12-14 20:45:12,151: -SUB [/camera/depth_registered/image_rect] /depth_detection http://pc:42403/
[rosmaster.master][INFO] 2012-12-14 20:45:12,151: -SUB [/camera/rgb/image_rect_color] /depth_detection http://pc:42403/
[rosmaster.master][INFO] 2012-12-14 20:45:12,151: -PUB [/rosout] /depth_detection http://pc:42403/
[rosmaster.master][INFO] 2012-12-14 20:45:12,156: -SUB [/camera/depth_registered/image_rect_raw] /camera_nodelet_manager http://pc:49129/
[rosmaster.master][INFO] 2012-12-14 20:45:12,163: -PUB [/camera/depth/disparity] /camera_nodelet_manager http://pc:49129/
[rosmaster.master][INFO] 2012-12-14 20:45:12,166: -SUB [/camera/rgb/image_color] /camera_nodelet_manager http://pc:49129/
[rosmaster.master][INFO] 2012-12-14 20:45:12,171: -PUB [/camera/depth_registered/disparity] /camera_nodelet_manager http://pc:49129/
[rosmaster.master][INFO] 2012-12-14 20:45:12,174: -SUB [/camera/depth_registered/image_raw] /camera_nodelet_manager http://pc:49129/
[rosmaster.master][INFO] 2012-12-14 20:45:12,177: -SUB [/camera/depth_registered/camera_info] /camera_nodelet_manager http://pc:49129/
[rosmaster.master][INFO] 2012-12-14 20:45:12,178: publisherUpdate[/rosout] -> http://pc:57020/
[rosmaster.master][INFO] 2012-12-14 20:45:12,179: -PUB [/camera/depth_registered/points] /camera_nodelet_manager http://pc:49129/
[rosmaster.master][INFO] 2012-12-14 20:45:12,181: -SUB [/camera/rgb/image_raw] /camera_nodelet_manager http://pc:49129/
[rosmaster.master][INFO] 2012-12-14 20:45:12,182: -SUB [/camera/depth/image_rect_raw] /camera_nodelet_manager http://pc:49129/
[rosmaster.master][INFO] 2012-12-14 20:45:12,183: -SUB [/camera/rgb/camera_info] /camera_nodelet_manager http://pc:49129/
[rosmaster.master][INFO] 2012-12-14 20:45:12,184: -SUB [/camera/depth/image_raw] /camera_nodelet_manager http://pc:49129/
[rosmaster.master][INFO] 2012-12-14 20:45:12,185: -SUB [/camera/depth/camera_info] /camera_nodelet_manager http://pc:49129/
[rosmaster.master][INFO] 2012-12-14 20:45:12,209: -PUB [/rosout] /camera/depth_registered/metric_rect http://pc:53499/
[rosmaster.master][INFO] 2012-12-14 20:45:12,210: -SERVICE [/camera/depth_registered/metric_rect/get_loggers] /camera/depth_registered/metric_rect rosrpc://pc:52578
[rosmaster.master][INFO] 2012-12-14 20:45:12,212: -SERVICE [/camera/depth_registered/metric_rect/set_logger_level] /camera/depth_registered/metric_rect rosrpc://pc:52578
[rosmaster.master][INFO] 2012-12-14 20:45:12,213: -PUB [/rosout] /camera/disparity_depth_registered http://pc:50760/
[rosmaster.master][INFO] 2012-12-14 20:45:12,214: -SERVICE [/camera/disparity_depth_registered/get_loggers] /camera/disparity_depth_registered rosrpc://pc:47220
[rosmaster.master][INFO] 2012-12-14 20:45:12,216: -SERVICE [/camera/disparity_depth_registered/set_logger_level] /camera/disparity_depth_registered rosrpc://pc:47220
[rosmaster.master][INFO] 2012-12-14 20:45:12,279: publisherUpdate[/rosout] -> http://pc:57020/
[rosmaster.master][INFO] 2012-12-14 20:45:12,281: publisherUpdate[/rosout] -> http://pc:57020/
[rosmaster.master][INFO] 2012-12-14 20:45:12,312: -PUB [/rosout] /camera_base_link http://pc:54851/
[rosmaster.master][INFO] 2012-12-14 20:45:12,313: -PUB [/rosout] /camera_base_link1 http://pc:37707/
[rosmaster.master][INFO] 2012-12-14 20:45:12,315: -PUB [/tf] /camera_base_link http://pc:54851/
[rosmaster.master][INFO] 2012-12-14 20:45:12,316: -PUB [/tf] /camera_base_link1 http://pc:37707/
[rosmaster.master][INFO] 2012-12-14 20:45:12,318: -PUB [/rosout] /camera_base_link2 http://pc:43735/
[rosmaster.master][INFO] 2012-12-14 20:45:12,319: -SERVICE [/camera_base_link/get_loggers] /camera_base_link rosrpc://pc:46620
[rosmaster.master][INFO] 2012-12-14 20:45:12,321: -SERVICE [/camera_base_link/set_logger_level] /camera_base_link rosrpc://pc:46620
[rosmaster.master][INFO] 2012-12-14 20:45:12,323: -SERVICE [/camera_base_link1/get_loggers] /camera_base_link1 rosrpc://pc:49371
[rosmaster.master][INFO] 2012-12-14 20:45:12,324: -PUB [/tf] /camera_base_link2 http://pc:43735/
[rosmaster.master][INFO] 2012-12-14 20:45:12,326: -PUB [/rosout] /camera/disparity_depth http://pc:42771/
[rosmaster.master][INFO] 2012-12-14 20:45:12,327: -PUB [/rosout] /camera_base_link3 http://pc:43171/
[rosmaster.master][INFO] 2012-12-14 20:45:12,329: -SERVICE [/camera_base_link1/set_logger_level] /camera_base_link1 rosrpc://pc:49371
[rosmaster.master][INFO] 2012-12-14 20:45:12,330: -SERVICE [/camera_base_link2/get_loggers] /camera_base_link2 rosrpc://pc:56294
[rosmaster.master][INFO] 2012-12-14 20:45:12,331: -SERVICE [/camera/disparity_depth/get_loggers] /camera/disparity_depth rosrpc://pc:49754
[rosmaster.master][INFO] 2012-12-14 20:45:12,332: -PUB [/tf] /camera_base_link3 http://pc:43171/
[rosmaster.master][INFO] 2012-12-14 20:45:12,333: -SERVICE [/camera_base_link2/set_logger_level] /camera_base_link2 rosrpc://pc:56294
[rosmaster.master][INFO] 2012-12-14 20:45:12,334: -SERVICE [/camera/disparity_depth/set_logger_level] /camera/disparity_depth rosrpc://pc:49754
[rosmaster.master][INFO] 2012-12-14 20:45:12,335: -SERVICE [/camera_base_link3/get_loggers] /camera_base_link3 rosrpc://pc:49819
[rosmaster.master][INFO] 2012-12-14 20:45:12,336: -PUB [/rosout] /camera/depth_registered/metric http://pc:40236/
[rosmaster.master][INFO] 2012-12-14 20:45:12,338: -SERVICE [/camera_base_link3/set_logger_level] /camera_base_link3 rosrpc://pc:49819
[rosmaster.master][INFO] 2012-12-14 20:45:12,339: -PUB [/rosout] /camera/points_xyzrgb_depth_rgb http://pc:58694/
[rosmaster.master][INFO] 2012-12-14 20:45:12,339: -SERVICE [/camera/depth_registered/metric/get_loggers] /camera/depth_registered/metric rosrpc://pc:43302
[rosmaster.master][INFO] 2012-12-14 20:45:12,341: -SERVICE [/camera/points_xyzrgb_depth_rgb/get_loggers] /camera/points_xyzrgb_depth_rgb rosrpc://pc:44941
[rosmaster.master][INFO] 2012-12-14 20:45:12,342: -SERVICE [/camera/depth_registered/metric/set_logger_level] /camera/depth_registered/metric rosrpc://pc:43302
[rosmaster.master][INFO] 2012-12-14 20:45:12,343: -SERVICE [/camera/points_xyzrgb_depth_rgb/set_logger_level] /camera/points_xyzrgb_depth_rgb rosrpc://pc:44941
[rosmaster.master][INFO] 2012-12-14 20:45:12,364: -PUB [/camera/depth_registered/rectify_depth/parameter_descriptions] /camera_nodelet_manager http://pc:49129/
[rosmaster.master][INFO] 2012-12-14 20:45:12,366: -PUB [/camera/depth_registered/rectify_depth/parameter_updates] /camera_nodelet_manager http://pc:49129/
[rosmaster.master][INFO] 2012-12-14 20:45:12,368: -SERVICE [/camera/depth_registered/rectify_depth/set_parameters] /camera_nodelet_manager rosrpc://pc:50474
[rosmaster.master][INFO] 2012-12-14 20:45:12,372: -SERVICE [/camera/depth_registered/image_rect_raw/compressed/set_parameters] /camera_nodelet_manager rosrpc://pc:50474
[rosmaster.master][INFO] 2012-12-14 20:45:12,373: -SERVICE [/camera/depth_registered/image_rect_raw/theora/set_parameters] /camera_nodelet_manager rosrpc://pc:50474
[rosmaster.master][INFO] 2012-12-14 20:45:12,380: publisherUpdate[/rosout] -> http://pc:57020/
[rosmaster.master][INFO] 2012-12-14 20:45:12,381: -SUB [/tf] /camera_nodelet_manager http://pc:49129/
[rosmaster.master][INFO] 2012-12-14 20:45:12,382: publisherUpdate[/rosout] -> http://pc:57020/
[rosmaster.master][INFO] 2012-12-14 20:45:12,382: publisherUpdate[/tf] -> http://pc:49129/
[rosmaster.master][INFO] 2012-12-14 20:45:12,383: -SERVICE [/camera_nodelet_manager/tf_frames] /camera_nodelet_manager rosrpc://pc:50474
[rosmaster.master][INFO] 2012-12-14 20:45:12,384: publisherUpdate[/rosout] -> http://pc:57020/
[rosmaster.master][INFO] 2012-12-14 20:45:12,386: publisherUpdate[/rosout] -> http://pc:57020/
[rosmaster.master][INFO] 2012-12-14 20:45:12,386: publisherUpdate[/tf] -> http://pc:49129/
[rosmaster.master][INFO] 2012-12-14 20:45:12,387: publisherUpdate[/tf] -> http://pc:49129/
[rosmaster.master][INFO] 2012-12-14 20:45:12,388: publisherUpdate[/tf] -> http://pc:49129/
[rosmaster.master][INFO] 2012-12-14 20:45:12,389: publisherUpdate[/rosout] -> http://pc:57020/
[rosmaster.master][INFO] 2012-12-14 20:45:12,391: publisherUpdate[/rosout] -> http://pc:57020/
[rosmaster.master][INFO] 2012-12-14 20:45:12,392: publisherUpdate[/rosout] -> http://pc:57020/
[rosmaster.master][INFO] 2012-12-14 20:45:12,412: -PUB [/rosout] /camera/register_depth_rgb http://pc:44826/
[rosmaster.master][INFO] 2012-12-14 20:45:12,413: -PUB [/rosout] /camera/depth_registered/rectify_depth http://pc:42954/
[rosmaster.master][INFO] 2012-12-14 20:45:12,414: -SERVICE [/camera/register_depth_rgb/get_loggers] /camera/register_depth_rgb rosrpc://pc:42245
[rosmaster.master][INFO] 2012-12-14 20:45:12,415: -SERVICE [/camera/depth_registered/rectify_depth/get_loggers] /camera/depth_registered/rectify_depth rosrpc://pc:59200
[rosmaster.master][INFO] 2012-12-14 20:45:12,416: -SERVICE [/camera/register_depth_rgb/set_logger_level] /camera/register_depth_rgb rosrpc://pc:42245
[rosmaster.master][INFO] 2012-12-14 20:45:12,417: -SERVICE [/camera/depth_registered/rectify_depth/set_logger_level] /camera/depth_registered/rectify_depth rosrpc://pc:59200
[rosmaster.master][INFO] 2012-12-14 20:45:12,465: -PUB [/camera/depth/points] /camera_nodelet_manager http://pc:49129/
[rosmaster.master][INFO] 2012-12-14 20:45:12,484: publisherUpdate[/rosout] -> http://pc:57020/
[rosmaster.master][INFO] 2012-12-14 20:45:12,485: publisherUpdate[/rosout] -> http://pc:57020/
[rosmaster.master][INFO] 2012-12-14 20:45:12,514: -PUB [/rosout] /camera/depth/points http://pc:34410/
[rosmaster.master][INFO] 2012-12-14 20:45:12,516: -SERVICE [/camera/depth/points/get_loggers] /camera/depth/points rosrpc://pc:35685
[rosmaster.master][INFO] 2012-12-14 20:45:12,518: -SERVICE [/camera/depth/points/set_logger_level] /camera/depth/points rosrpc://pc:35685
[rosmaster.master][INFO] 2012-12-14 20:45:12,576: -PUB [/camera/depth/rectify_depth/parameter_descriptions] /camera_nodelet_manager http://pc:49129/
[rosmaster.master][INFO] 2012-12-14 20:45:12,581: -PUB [/camera/depth/rectify_depth/parameter_updates] /camera_nodelet_manager http://pc:49129/
[rosmaster.master][INFO] 2012-12-14 20:45:12,584: -SERVICE [/camera/depth/rectify_depth/set_parameters] /camera_nodelet_manager rosrpc://pc:50474
[rosmaster.master][INFO] 2012-12-14 20:45:12,586: -PUB [/camera/ir/rectify_ir/parameter_descriptions] /camera_nodelet_manager http://pc:49129/
[rosmaster.master][INFO] 2012-12-14 20:45:12,586: publisherUpdate[/rosout] -> http://pc:57020/
[rosmaster.master][INFO] 2012-12-14 20:45:12,589: -PUB [/camera/ir/rectify_ir/parameter_updates] /camera_nodelet_manager http://pc:49129/
[rosmaster.master][INFO] 2012-12-14 20:45:12,591: -SERVICE [/camera/ir/rectify_ir/set_parameters] /camera_nodelet_manager rosrpc://pc:50474
[rosmaster.master][INFO] 2012-12-14 20:45:12,593: -PUB [/camera/rgb/rectify_color/parameter_descriptions] /camera_nodelet_manager http://pc:49129/
[rosmaster.master][INFO] 2012-12-14 20:45:12,594: -PUB [/camera/rgb/rectify_color/parameter_updates] /camera_nodelet_manager http://pc:49129/
[rosmaster.master][INFO] 2012-12-14 20:45:12,597: -SERVICE [/camera/rgb/rectify_color/set_parameters] /camera_nodelet_manager rosrpc://pc:50474
[rosmaster.master][INFO] 2012-12-14 20:45:12,599: -PUB [/camera/rgb/rectify_mono/parameter_descriptions] /camera_nodelet_manager http://pc:49129/
[rosmaster.master][INFO] 2012-12-14 20:45:12,602: -PUB [/camera/rgb/rectify_mono/parameter_updates] /camera_nodelet_manager http://pc:49129/
[rosmaster.master][INFO] 2012-12-14 20:45:12,604: -SERVICE [/camera/rgb/rectify_mono/set_parameters] /camera_nodelet_manager rosrpc://pc:50474
[rosmaster.master][INFO] 2012-12-14 20:45:12,607: -PUB [/rosout] /camera/depth/metric http://pc:46406/
[rosmaster.master][INFO] 2012-12-14 20:45:12,609: -PUB [/camera/rgb/debayer/parameter_descriptions] /camera_nodelet_manager http://pc:49129/
[rosmaster.master][INFO] 2012-12-14 20:45:12,611: -SERVICE [/camera/depth/metric/get_loggers] /camera/depth/metric rosrpc://pc:41892
[rosmaster.master][INFO] 2012-12-14 20:45:12,615: -PUB [/rosout] /camera/ir/rectify_ir http://pc:52120/
[rosmaster.master][INFO] 2012-12-14 20:45:12,618: -PUB [/rosout] /camera/depth/metric_rect http://pc:47381/
[rosmaster.master][INFO] 2012-12-14 20:45:12,621: -PUB [/camera/rgb/debayer/parameter_updates] /camera_nodelet_manager http://pc:49129/
[rosmaster.master][INFO] 2012-12-14 20:45:12,623: -SERVICE [/camera/depth/metric/set_logger_level] /camera/depth/metric rosrpc://pc:41892
[rosmaster.master][INFO] 2012-12-14 20:45:12,626: -SERVICE [/camera/ir/rectify_ir/get_loggers] /camera/ir/rectify_ir rosrpc://pc:55078
[rosmaster.master][INFO] 2012-12-14 20:45:12,629: -SERVICE [/camera/rgb/debayer/set_parameters] /camera_nodelet_manager rosrpc://pc:50474
[rosmaster.master][INFO] 2012-12-14 20:45:12,631: -SERVICE [/camera/depth/metric_rect/get_loggers] /camera/depth/metric_rect rosrpc://pc:55393
[rosmaster.master][INFO] 2012-12-14 20:45:12,633: -SERVICE [/camera/ir/rectify_ir/set_logger_level] /camera/ir/rectify_ir rosrpc://pc:55078
[rosmaster.master][INFO] 2012-12-14 20:45:12,635: -SERVICE [/camera/depth/metric_rect/set_logger_level] /camera/depth/metric_rect rosrpc://pc:55393
[rosmaster.master][INFO] 2012-12-14 20:45:12,689: publisherUpdate[/rosout] -> http://pc:57020/
[rosmaster.master][INFO] 2012-12-14 20:45:12,691: publisherUpdate[/rosout] -> http://pc:57020/
[rosmaster.master][INFO] 2012-12-14 20:45:12,694: publisherUpdate[/rosout] -> http://pc:57020/
[rosmaster.master][INFO] 2012-12-14 20:45:12,700: -PUB [/rosout] /camera/rgb/debayer http://pc:39957/
[rosmaster.master][INFO] 2012-12-14 20:45:12,703: -SERVICE [/camera/rgb/debayer/get_loggers] /camera/rgb/debayer rosrpc://pc:39253
[rosmaster.master][INFO] 2012-12-14 20:45:12,706: -PUB [/rosout] /camera/rgb/rectify_mono http://pc:50619/
[rosmaster.master][INFO] 2012-12-14 20:45:12,709: -SERVICE [/camera/rgb/debayer/set_logger_level] /camera/rgb/debayer rosrpc://pc:39253
[rosmaster.master][INFO] 2012-12-14 20:45:12,712: -SERVICE [/camera/rgb/rectify_mono/get_loggers] /camera/rgb/rectify_mono rosrpc://pc:55271
[rosmaster.master][INFO] 2012-12-14 20:45:12,716: -PUB [/rosout] /camera/depth/rectify_depth http://pc:47817/
[rosmaster.master][INFO] 2012-12-14 20:45:12,719: -SERVICE [/camera/rgb/rectify_mono/set_logger_level] /camera/rgb/rectify_mono rosrpc://pc:55271
[rosmaster.master][INFO] 2012-12-14 20:45:12,721: -PUB [/rosout] /camera/rgb/rectify_color http://pc:36382/
[rosmaster.master][INFO] 2012-12-14 20:45:12,724: -SERVICE [/camera/depth/rectify_depth/get_loggers] /camera/depth/rectify_depth rosrpc://pc:59824
[rosmaster.master][INFO] 2012-12-14 20:45:12,726: -SERVICE [/camera/rgb/rectify_color/get_loggers] /camera/rgb/rectify_color rosrpc://pc:41631
[rosmaster.master][INFO] 2012-12-14 20:45:12,729: -SERVICE [/camera/depth/rectify_depth/set_logger_level] /camera/depth/rectify_depth rosrpc://pc:59824
[rosmaster.master][INFO] 2012-12-14 20:45:12,732: -SERVICE [/camera/rgb/rectify_color/set_logger_level] /camera/rgb/rectify_color rosrpc://pc:41631
[rosmaster.master][INFO] 2012-12-14 20:45:12,755: -SERVICE [/camera/ir/set_camera_info] /camera_nodelet_manager rosrpc://pc:50474
[rosmaster.master][INFO] 2012-12-14 20:45:12,756: -SERVICE [/camera/rgb/set_camera_info] /camera_nodelet_manager rosrpc://pc:50474
[rosmaster.master][INFO] 2012-12-14 20:45:12,757: -PUB [/camera/driver/parameter_descriptions] /camera_nodelet_manager http://pc:49129/
[rosmaster.master][INFO] 2012-12-14 20:45:12,758: -PUB [/camera/driver/parameter_updates] /camera_nodelet_manager http://pc:49129/
[rosmaster.master][INFO] 2012-12-14 20:45:12,759: -SERVICE [/camera/driver/set_parameters] /camera_nodelet_manager rosrpc://pc:50474
[rosmaster.master][INFO] 2012-12-14 20:45:12,790: -PUB [/rosout] /camera_nodelet_manager http://pc:49129/
[rosmaster.master][INFO] 2012-12-14 20:45:12,790: publisherUpdate[/rosout] -> http://pc:57020/
[rosmaster.master][INFO] 2012-12-14 20:45:12,792: publisherUpdate[/rosout] -> http://pc:57020/
[rosmaster.master][INFO] 2012-12-14 20:45:12,793: -PUB [/camera/depth_registered/image_rect_raw/compressed] /camera_nodelet_manager http://pc:49129/
[rosmaster.master][INFO] 2012-12-14 20:45:12,793: publisherUpdate[/rosout] -> http://pc:57020/
[rosmaster.master][INFO] 2012-12-14 20:45:12,794: publisherUpdate[/rosout] -> http://pc:57020/
[rosmaster.master][INFO] 2012-12-14 20:45:12,795: publisherUpdate[/rosout] -> http://pc:57020/
[rosmaster.master][INFO] 2012-12-14 20:45:12,795: -PUB [/camera/depth_registered/image_rect_raw/compressed/parameter_descriptions] /camera_nodelet_manager http://pc:49129/
[rosmaster.master][INFO] 2012-12-14 20:45:12,797: -PUB [/camera/depth_registered/image_rect_raw/compressed/parameter_updates] /camera_nodelet_manager http://pc:49129/
[rosmaster.master][INFO] 2012-12-14 20:45:12,798: -PUB [/camera/depth_registered/image_rect_raw] /camera_nodelet_manager http://pc:49129/
[rosmaster.master][INFO] 2012-12-14 20:45:12,798: -PUB [/camera/depth_registered/image_rect_raw/theora] /camera_nodelet_manager http://pc:49129/
[rosmaster.master][INFO] 2012-12-14 20:45:12,799: -PUB [/camera/depth_registered/image_rect_raw/theora/parameter_descriptions] /camera_nodelet_manager http://pc:49129/
[rosmaster.master][INFO] 2012-12-14 20:45:12,800: -PUB [/camera/depth_registered/image_rect_raw/theora/parameter_updates] /camera_nodelet_manager http://pc:49129/
[rosmaster.master][INFO] 2012-12-14 20:45:12,801: -PUB [/camera/depth_registered/camera_info] /camera_nodelet_manager http://pc:49129/
[rosmaster.master][INFO] 2012-12-14 20:45:12,802: -PUB [/camera/ir/image_rect/compressed] /camera_nodelet_manager http://pc:49129/
[rosmaster.master][INFO] 2012-12-14 20:45:12,803: -PUB [/camera/ir/image_rect/compressed/parameter_descriptions] /camera_nodelet_manager http://pc:49129/
[rosmaster.master][INFO] 2012-12-14 20:45:12,803: -PUB [/camera/ir/image_rect/compressed/parameter_updates] /camera_nodelet_manager http://pc:49129/
[rosmaster.master][INFO] 2012-12-14 20:45:12,804: -PUB [/camera/ir/image_rect] /camera_nodelet_manager http://pc:49129/
[rosmaster.master][INFO] 2012-12-14 20:45:12,805: -PUB [/camera/ir/image_rect/theora] /camera_nodelet_manager http://pc:49129/
[rosmaster.master][INFO] 2012-12-14 20:45:12,806: -PUB [/camera/ir/image_rect/theora/parameter_descriptions] /camera_nodelet_manager http://pc:49129/
[rosmaster.master][INFO] 2012-12-14 20:45:12,807: -PUB [/camera/ir/image_rect/theora/parameter_updates] /camera_nodelet_manager http://pc:49129/
[rosmaster.master][INFO] 2012-12-14 20:45:12,808: -PUB [/camera/rgb/image_rect/compressed] /camera_nodelet_manager http://pc:49129/
[rosmaster.master][INFO] 2012-12-14 20:45:12,810: -PUB [/camera/rgb/image_rect/compressed/parameter_descriptions] /camera_nodelet_manager http://pc:49129/
[rosmaster.master][INFO] 2012-12-14 20:45:12,811: -PUB [/camera/rgb/image_rect/compressed/parameter_updates] /camera_nodelet_manager http://pc:49129/
[rosmaster.master][INFO] 2012-12-14 20:45:12,813: -PUB [/camera/rgb/image_rect] /camera_nodelet_manager http://pc:49129/
[rosmaster.master][INFO] 2012-12-14 20:45:12,814: -PUB [/rosout] /camera/driver http://pc:59476/
[rosmaster.master][INFO] 2012-12-14 20:45:12,815: -PUB [/camera/rgb/image_rect/theora] /camera_nodelet_manager http://pc:49129/
[rosmaster.master][INFO] 2012-12-14 20:45:12,816: -SERVICE [/camera/driver/get_loggers] /camera/driver rosrpc://pc:40323
[rosmaster.master][INFO] 2012-12-14 20:45:12,817: -PUB [/camera/rgb/image_rect/theora/parameter_descriptions] /camera_nodelet_manager http://pc:49129/
[rosmaster.master][INFO] 2012-12-14 20:45:12,818: -SERVICE [/camera/driver/set_logger_level] /camera/driver rosrpc://pc:40323
[rosmaster.master][INFO] 2012-12-14 20:45:12,819: -PUB [/camera/rgb/image_rect/theora/parameter_updates] /camera_nodelet_manager http://pc:49129/
[rosmaster.master][INFO] 2012-12-14 20:45:12,821: -PUB [/camera/depth/image_rect_raw/compressed] /camera_nodelet_manager http://pc:49129/
[rosmaster.master][INFO] 2012-12-14 20:45:12,822: -PUB [/camera/depth/image_rect_raw/compressed/parameter_descriptions] /camera_nodelet_manager http://pc:49129/
[rosmaster.master][INFO] 2012-12-14 20:45:12,823: -PUB [/camera/depth/image_rect_raw/compressed/parameter_updates] /camera_nodelet_manager http://pc:49129/
[rosmaster.master][INFO] 2012-12-14 20:45:12,824: -PUB [/camera/depth/image_rect_raw] /camera_nodelet_manager http://pc:49129/
[rosmaster.master][INFO] 2012-12-14 20:45:12,824: -PUB [/camera/depth/image_rect_raw/theora] /camera_nodelet_manager http://pc:49129/
[rosmaster.master][INFO] 2012-12-14 20:45:12,825: -PUB [/camera/depth/image_rect_raw/theora/parameter_descriptions] /camera_nodelet_manager http://pc:49129/
[rosmaster.master][INFO] 2012-12-14 20:45:12,826: -PUB [/camera/depth/image_rect_raw/theora/parameter_updates] /camera_nodelet_manager http://pc:49129/
[rosmaster.master][INFO] 2012-12-14 20:45:12,827: -PUB [/camera/depth_registered/image_rect/compressed] /camera_nodelet_manager http://pc:49129/
[rosmaster.master][INFO] 2012-12-14 20:45:12,828: -PUB [/camera/depth_registered/image_rect/compressed/parameter_descriptions] /camera_nodelet_manager http://pc:49129/
[rosmaster.master][INFO] 2012-12-14 20:45:12,829: -PUB [/camera/depth_registered/image_rect/compressed/parameter_updates] /camera_nodelet_manager http://pc:49129/
[rosmaster.master][INFO] 2012-12-14 20:45:12,830: -PUB [/camera/depth_registered/image_rect] /camera_nodelet_manager http://pc:49129/
[rosmaster.master][INFO] 2012-12-14 20:45:12,831: -PUB [/camera/depth_registered/image_rect/theora] /camera_nodelet_manager http://pc:49129/
[rosmaster.master][INFO] 2012-12-14 20:45:12,832: -PUB [/camera/depth_registered/image_rect/theora/parameter_descriptions] /camera_nodelet_manager http://pc:49129/
[rosmaster.master][INFO] 2012-12-14 20:45:12,833: -PUB [/camera/depth_registered/image_rect/theora/parameter_updates] /camera_nodelet_manager http://pc:49129/
[rosmaster.master][INFO] 2012-12-14 20:45:12,833: -PUB [/camera/rgb/image_rect_color/compressed] /camera_nodelet_manager http://pc:49129/
[rosmaster.master][INFO] 2012-12-14 20:45:12,834: -PUB [/camera/rgb/image_rect_color/compressed/parameter_descriptions] /camera_nodelet_manager http://pc:49129/
[rosmaster.master][INFO] 2012-12-14 20:45:12,835: -PUB [/camera/rgb/image_rect_color/compressed/parameter_updates] /camera_nodelet_manager http://pc:49129/
[rosmaster.master][INFO] 2012-12-14 20:45:12,836: -PUB [/camera/rgb/image_rect_color] /camera_nodelet_manager http://pc:49129/
[rosmaster.master][INFO] 2012-12-14 20:45:12,837: -PUB [/camera/rgb/image_rect_color/theora] /camera_nodelet_manager http://pc:49129/
[rosmaster.master][INFO] 2012-12-14 20:45:12,838: -PUB [/camera/rgb/image_rect_color/theora/parameter_descriptions] /camera_nodelet_manager http://pc:49129/
[rosmaster.master][INFO] 2012-12-14 20:45:12,839: -PUB [/camera/rgb/image_rect_color/theora/parameter_updates] /camera_nodelet_manager http://pc:49129/
[rosmaster.master][INFO] 2012-12-14 20:45:12,840: -PUB [/camera/rgb/image_mono/compressed] /camera_nodelet_manager http://pc:49129/
[rosmaster.master][INFO] 2012-12-14 20:45:12,840: -PUB [/camera/rgb/image_mono/compressed/parameter_descriptions] /camera_nodelet_manager http://pc:49129/
[rosmaster.master][INFO] 2012-12-14 20:45:12,841: -PUB [/camera/rgb/image_mono/compressed/parameter_updates] /camera_nodelet_manager http://pc:49129/
[rosmaster.master][INFO] 2012-12-14 20:45:12,842: -PUB [/camera/rgb/image_mono] /camera_nodelet_manager http://pc:49129/
[rosmaster.master][INFO] 2012-12-14 20:45:12,843: -PUB [/camera/rgb/image_mono/theora] /camera_nodelet_manager http://pc:49129/
[rosmaster.master][INFO] 2012-12-14 20:45:12,844: -PUB [/camera/rgb/image_mono/theora/parameter_descriptions] /camera_nodelet_manager http://pc:49129/
[rosmaster.master][INFO] 2012-12-14 20:45:12,845: -PUB [/camera/rgb/image_mono/theora/parameter_updates] /camera_nodelet_manager http://pc:49129/
[rosmaster.master][INFO] 2012-12-14 20:45:12,845: -PUB [/camera/rgb/image_color/compressed] /camera_nodelet_manager http://pc:49129/
[rosmaster.master][INFO] 2012-12-14 20:45:12,846: -PUB [/camera/rgb/image_color/compressed/parameter_descriptions] /camera_nodelet_manager http://pc:49129/
[rosmaster.master][INFO] 2012-12-14 20:45:12,847: -PUB [/camera/rgb/image_color/compressed/parameter_updates] /camera_nodelet_manager http://pc:49129/
[rosmaster.master][INFO] 2012-12-14 20:45:12,848: -PUB [/camera/rgb/image_color] /camera_nodelet_manager http://pc:49129/
[rosmaster.master][INFO] 2012-12-14 20:45:12,849: -PUB [/camera/rgb/image_color/theora] /camera_nodelet_manager http://pc:49129/
[rosmaster.master][INFO] 2012-12-14 20:45:12,849: -PUB [/camera/rgb/image_color/theora/parameter_descriptions] /camera_nodelet_manager http://pc:49129/
[rosmaster.master][INFO] 2012-12-14 20:45:12,850: -PUB [/camera/rgb/image_color/theora/parameter_updates] /camera_nodelet_manager http://pc:49129/
[rosmaster.master][INFO] 2012-12-14 20:45:12,851: -PUB [/camera/depth/image/compressed] /camera_nodelet_manager http://pc:49129/
[rosmaster.master][INFO] 2012-12-14 20:45:12,852: -PUB [/camera/depth/image/compressed/parameter_descriptions] /camera_nodelet_manager http://pc:49129/
[rosmaster.master][INFO] 2012-12-14 20:45:12,853: -PUB [/camera/depth/image/compressed/parameter_updates] /camera_nodelet_manager http://pc:49129/
[rosmaster.master][INFO] 2012-12-14 20:45:12,854: -PUB [/camera/depth/image] /camera_nodelet_manager http://pc:49129/
[rosmaster.master][INFO] 2012-12-14 20:45:12,855: -PUB [/camera/depth/image/theora] /camera_nodelet_manager http://pc:49129/
[rosmaster.master][INFO] 2012-12-14 20:45:12,856: -PUB [/camera/depth/image/theora/parameter_descriptions] /camera_nodelet_manager http://pc:49129/
[rosmaster.master][INFO] 2012-12-14 20:45:12,856: -PUB [/camera/depth/image/theora/parameter_updates] /camera_nodelet_manager http://pc:49129/
[rosmaster.master][INFO] 2012-12-14 20:45:12,857: -PUB [/camera/depth/image_rect/compressed] /camera_nodelet_manager http://pc:49129/
[rosmaster.master][INFO] 2012-12-14 20:45:12,858: -PUB [/camera/depth/image_rect/compressed/parameter_descriptions] /camera_nodelet_manager http://pc:49129/
[rosmaster.master][INFO] 2012-12-14 20:45:12,859: -PUB [/camera/depth/image_rect/compressed/parameter_updates] /camera_nodelet_manager http://pc:49129/
[rosmaster.master][INFO] 2012-12-14 20:45:12,860: -PUB [/camera/depth/image_rect] /camera_nodelet_manager http://pc:49129/
[rosmaster.master][INFO] 2012-12-14 20:45:12,861: -PUB [/camera/depth/image_rect/theora] /camera_nodelet_manager http://pc:49129/
[rosmaster.master][INFO] 2012-12-14 20:45:12,862: -PUB [/camera/depth/image_rect/theora/parameter_descriptions] /camera_nodelet_manager http://pc:49129/
[rosmaster.master][INFO] 2012-12-14 20:45:12,862: -PUB [/camera/depth/image_rect/theora/parameter_updates] /camera_nodelet_manager http://pc:49129/
[rosmaster.master][INFO] 2012-12-14 20:45:12,863: -PUB [/camera/depth_registered/image/compressed] /camera_nodelet_manager http://pc:49129/
[rosmaster.master][INFO] 2012-12-14 20:45:12,864: -PUB [/camera/depth_registered/image/compressed/parameter_descriptions] /camera_nodelet_manager http://pc:49129/
[rosmaster.master][INFO] 2012-12-14 20:45:12,865: -PUB [/camera/depth_registered/image/compressed/parameter_updates] /camera_nodelet_manager http://pc:49129/
[rosmaster.master][INFO] 2012-12-14 20:45:12,866: -PUB [/camera/depth_registered/image] /camera_nodelet_manager http://pc:49129/
[rosmaster.master][INFO] 2012-12-14 20:45:12,867: -PUB [/camera/depth_registered/image/theora] /camera_nodelet_manager http://pc:49129/
[rosmaster.master][INFO] 2012-12-14 20:45:12,868: -PUB [/camera/depth_registered/image/theora/parameter_descriptions] /camera_nodelet_manager http://pc:49129/
[rosmaster.master][INFO] 2012-12-14 20:45:12,868: -PUB [/camera/depth_registered/image/theora/parameter_updates] /camera_nodelet_manager http://pc:49129/
[rosmaster.master][INFO] 2012-12-14 20:45:12,869: -PUB [/camera/rgb/image_raw/compressed] /camera_nodelet_manager http://pc:49129/
[rosmaster.master][INFO] 2012-12-14 20:45:12,870: -PUB [/camera/rgb/image_raw/compressed/parameter_descriptions] /camera_nodelet_manager http://pc:49129/
[rosmaster.master][INFO] 2012-12-14 20:45:12,871: -PUB [/camera/rgb/image_raw/compressed/parameter_updates] /camera_nodelet_manager http://pc:49129/
[rosmaster.master][INFO] 2012-12-14 20:45:12,872: -PUB [/camera/rgb/image_raw] /camera_nodelet_manager http://pc:49129/
[rosmaster.master][INFO] 2012-12-14 20:45:12,873: -PUB [/camera/rgb/image_raw/theora] /camera_nodelet_manager http://pc:49129/
[rosmaster.master][INFO] 2012-12-14 20:45:12,874: -PUB [/camera/rgb/image_raw/theora/parameter_descriptions] /camera_nodelet_manager http://pc:49129/
[rosmaster.master][INFO] 2012-12-14 20:45:12,874: -PUB [/camera/rgb/image_raw/theora/parameter_updates] /camera_nodelet_manager http://pc:49129/
[rosmaster.master][INFO] 2012-12-14 20:45:12,875: -PUB [/camera/rgb/camera_info] /camera_nodelet_manager http://pc:49129/
[rosmaster.master][INFO] 2012-12-14 20:45:12,876: -PUB [/camera/ir/image_raw/compressed] /camera_nodelet_manager http://pc:49129/
[rosmaster.master][INFO] 2012-12-14 20:45:12,877: -PUB [/camera/ir/image_raw/compressed/parameter_descriptions] /camera_nodelet_manager http://pc:49129/
[rosmaster.master][INFO] 2012-12-14 20:45:12,878: -PUB [/camera/ir/image_raw/compressed/parameter_updates] /camera_nodelet_manager http://pc:49129/
[rosmaster.master][INFO] 2012-12-14 20:45:12,879: -PUB [/camera/ir/image_raw] /camera_nodelet_manager http://pc:49129/
[rosmaster.master][INFO] 2012-12-14 20:45:12,879: -PUB [/camera/ir/image_raw/theora] /camera_nodelet_manager http://pc:49129/
[rosmaster.master][INFO] 2012-12-14 20:45:12,880: -PUB [/camera/ir/image_raw/theora/parameter_descriptions] /camera_nodelet_manager http://pc:49129/
[rosmaster.master][INFO] 2012-12-14 20:45:12,881: -PUB [/camera/ir/image_raw/theora/parameter_updates] /camera_nodelet_manager http://pc:49129/
[rosmaster.master][INFO] 2012-12-14 20:45:12,882: -PUB [/camera/ir/camera_info] /camera_nodelet_manager http://pc:49129/
[rosmaster.master][INFO] 2012-12-14 20:45:12,883: -PUB [/camera/depth/image_raw/compressed] /camera_nodelet_manager http://pc:49129/
[rosmaster.master][INFO] 2012-12-14 20:45:12,884: -PUB [/camera/depth/image_raw/compressed/parameter_descriptions] /camera_nodelet_manager http://pc:49129/
[rosmaster.master][INFO] 2012-12-14 20:45:12,884: -PUB [/camera/depth/image_raw/compressed/parameter_updates] /camera_nodelet_manager http://pc:49129/
[rosmaster.master][INFO] 2012-12-14 20:45:12,885: -PUB [/camera/depth/image_raw] /camera_nodelet_manager http://pc:49129/
[rosmaster.master][INFO] 2012-12-14 20:45:12,886: -PUB [/camera/depth/image_raw/theora] /camera_nodelet_manager http://pc:49129/
[rosmaster.master][INFO] 2012-12-14 20:45:12,887: -PUB [/camera/depth/image_raw/theora/parameter_descriptions] /camera_nodelet_manager http://pc:49129/
[rosmaster.master][INFO] 2012-12-14 20:45:12,888: -PUB [/camera/depth/image_raw/theora/parameter_updates] /camera_nodelet_manager http://pc:49129/
[rosmaster.master][INFO] 2012-12-14 20:45:12,889: -PUB [/camera/depth/camera_info] /camera_nodelet_manager http://pc:49129/
[rosmaster.master][INFO] 2012-12-14 20:45:12,890: -PUB [/camera/projector/camera_info] /camera_nodelet_manager http://pc:49129/
[rosmaster.master][INFO] 2012-12-14 20:45:12,891: -PUB [/camera/depth_registered/image_raw/compressed] /camera_nodelet_manager http://pc:49129/
[rosmaster.master][INFO] 2012-12-14 20:45:12,891: -PUB [/camera/depth_registered/image_raw/compressed/parameter_descriptions] /camera_nodelet_manager http://pc:49129/
[rosmaster.master][INFO] 2012-12-14 20:45:12,892: -PUB [/camera/depth_registered/image_raw/compressed/parameter_updates] /camera_nodelet_manager http://pc:49129/
[rosmaster.master][INFO] 2012-12-14 20:45:12,893: -PUB [/camera/depth_registered/image_raw] /camera_nodelet_manager http://pc:49129/
[rosmaster.master][INFO] 2012-12-14 20:45:12,894: -PUB [/camera/depth_registered/image_raw/theora] /camera_nodelet_manager http://pc:49129/
[rosmaster.master][INFO] 2012-12-14 20:45:12,895: publisherUpdate[/rosout] -> http://pc:57020/
[rosmaster.master][INFO] 2012-12-14 20:45:12,897: -PUB [/camera/depth_registered/image_raw/theora/parameter_descriptions] /camera_nodelet_manager http://pc:49129/
[rosmaster.master][INFO] 2012-12-14 20:45:12,898: -PUB [/camera/depth_registered/image_raw/theora/parameter_updates] /camera_nodelet_manager http://pc:49129/
[rosmaster.master][INFO] 2012-12-14 20:45:12,899: -SERVICE [/camera_nodelet_manager/get_loggers] /camera_nodelet_manager rosrpc://pc:50474
[rosmaster.master][INFO] 2012-12-14 20:45:12,900: -SERVICE [/camera_nodelet_manager/set_logger_level] /camera_nodelet_manager rosrpc://pc:50474
[rosmaster.master][INFO] 2012-12-14 20:45:12,900: -SERVICE [/camera_nodelet_manager/load_nodelet] /camera_nodelet_manager rosrpc://pc:50474
[rosmaster.master][INFO] 2012-12-14 20:45:12,902: -SERVICE [/camera_nodelet_manager/unload_nodelet] /camera_nodelet_manager rosrpc://pc:50474
[rosmaster.master][INFO] 2012-12-14 20:45:12,903: -SERVICE [/camera_nodelet_manager/list] /camera_nodelet_manager rosrpc://pc:50474
[rosmaster.master][INFO] 2012-12-14 20:45:12,903: -SERVICE [/camera/ir/image_rect/compressed/set_parameters] /camera_nodelet_manager rosrpc://pc:50474
[rosmaster.master][INFO] 2012-12-14 20:45:12,904: -SERVICE [/camera/ir/image_rect/theora/set_parameters] /camera_nodelet_manager rosrpc://pc:50474
[rosmaster.master][INFO] 2012-12-14 20:45:12,906: -SERVICE [/camera/rgb/image_rect/compressed/set_parameters] /camera_nodelet_manager rosrpc://pc:50474
[rosmaster.master][INFO] 2012-12-14 20:45:12,907: -SERVICE [/camera/rgb/image_rect/theora/set_parameters] /camera_nodelet_manager rosrpc://pc:50474
[rosmaster.master][INFO] 2012-12-14 20:45:12,908: -SERVICE [/camera/depth/image_rect_raw/compressed/set_parameters] /camera_nodelet_manager rosrpc://pc:50474
[rosmaster.master][INFO] 2012-12-14 20:45:12,909: -SERVICE [/camera/depth/image_rect_raw/theora/set_parameters] /camera_nodelet_manager rosrpc://pc:50474
[rosmaster.master][INFO] 2012-12-14 20:45:12,910: -SERVICE [/camera/depth_registered/image_rect/compressed/set_parameters] /camera_nodelet_manager rosrpc://pc:50474
[rosmaster.master][INFO] 2012-12-14 20:45:12,911: -SERVICE [/camera/depth_registered/image_rect/theora/set_parameters] /camera_nodelet_manager rosrpc://pc:50474
[rosmaster.master][INFO] 2012-12-14 20:45:12,912: -SERVICE [/camera/rgb/image_rect_color/compressed/set_parameters] /camera_nodelet_manager rosrpc://pc:50474
[rosmaster.master][INFO] 2012-12-14 20:45:12,913: -SERVICE [/camera/rgb/image_rect_color/theora/set_parameters] /camera_nodelet_manager rosrpc://pc:50474
[rosmaster.master][INFO] 2012-12-14 20:45:12,914: -SERVICE [/camera/rgb/image_mono/compressed/set_parameters] /camera_nodelet_manager rosrpc://pc:50474
[rosmaster.master][INFO] 2012-12-14 20:45:12,914: -SERVICE [/camera/rgb/image_mono/theora/set_parameters] /camera_nodelet_manager rosrpc://pc:50474
[rosmaster.master][INFO] 2012-12-14 20:45:12,915: -SERVICE [/camera/rgb/image_color/compressed/set_parameters] /camera_nodelet_manager rosrpc://pc:50474
[rosmaster.master][INFO] 2012-12-14 20:45:12,916: -SERVICE [/camera/rgb/image_color/theora/set_parameters] /camera_nodelet_manager rosrpc://pc:50474
[rosmaster.master][INFO] 2012-12-14 20:45:12,917: -SERVICE [/camera/depth/image/compressed/set_parameters] /camera_nodelet_manager rosrpc://pc:50474
[rosmaster.master][INFO] 2012-12-14 20:45:12,918: -SERVICE [/camera/depth/image/theora/set_parameters] /camera_nodelet_manager rosrpc://pc:50474
[rosmaster.master][INFO] 2012-12-14 20:45:12,919: -SERVICE [/camera/depth/image_rect/compressed/set_parameters] /camera_nodelet_manager rosrpc://pc:50474
[rosmaster.master][INFO] 2012-12-14 20:45:12,920: -SERVICE [/camera/depth/image_rect/theora/set_parameters] /camera_nodelet_manager rosrpc://pc:50474
[rosmaster.master][INFO] 2012-12-14 20:45:12,921: -SERVICE [/camera/depth_registered/image/compressed/set_parameters] /camera_nodelet_manager rosrpc://pc:50474
[rosmaster.master][INFO] 2012-12-14 20:45:12,922: -SERVICE [/camera/depth_registered/image/theora/set_parameters] /camera_nodelet_manager rosrpc://pc:50474
[rosmaster.master][INFO] 2012-12-14 20:45:12,922: -SERVICE [/camera/rgb/image_raw/compressed/set_parameters] /camera_nodelet_manager rosrpc://pc:50474
[rosmaster.master][INFO] 2012-12-14 20:45:12,924: -SERVICE [/camera/rgb/image_raw/theora/set_parameters] /camera_nodelet_manager rosrpc://pc:50474
[rosmaster.master][INFO] 2012-12-14 20:45:12,925: -SERVICE [/camera/ir/image_raw/compressed/set_parameters] /camera_nodelet_manager rosrpc://pc:50474
[rosmaster.master][INFO] 2012-12-14 20:45:12,926: -SERVICE [/camera/ir/image_raw/theora/set_parameters] /camera_nodelet_manager rosrpc://pc:50474
[rosmaster.master][INFO] 2012-12-14 20:45:12,927: -SERVICE [/camera/depth/image_raw/compressed/set_parameters] /camera_nodelet_manager rosrpc://pc:50474
[rosmaster.master][INFO] 2012-12-14 20:45:12,928: -SERVICE [/camera/depth/image_raw/theora/set_parameters] /camera_nodelet_manager rosrpc://pc:50474
[rosmaster.master][INFO] 2012-12-14 20:45:12,929: -SERVICE [/camera/depth_registered/image_raw/compressed/set_parameters] /camera_nodelet_manager rosrpc://pc:50474
[rosmaster.master][INFO] 2012-12-14 20:45:12,930: -SERVICE [/camera/depth_registered/image_raw/theora/set_parameters] /camera_nodelet_manager rosrpc://pc:50474
[rosmaster.master][INFO] 2012-12-14 20:45:14,699: -PUB [/rosout_agg] /rosout http://pc:57020/
[rosmaster.master][INFO] 2012-12-14 20:45:14,700: -SUB [/rosout] /rosout http://pc:57020/
[rosmaster.master][INFO] 2012-12-14 20:45:14,701: -SERVICE [/rosout/get_loggers] /rosout rosrpc://pc:34522
[rosmaster.master][INFO] 2012-12-14 20:45:14,702: -SERVICE [/rosout/set_logger_level] /rosout rosrpc://pc:34522
[rosmaster.main][INFO] 2012-12-14 20:45:14,756: keyboard interrupt, will exit
[rosmaster.main][INFO] 2012-12-14 20:45:14,756: stopping master...
