[rosmaster.main][INFO] 2012-12-14 15:32:22,405: initialization complete, waiting for shutdown
[rosmaster.main][INFO] 2012-12-14 15:32:22,405: Starting ROS Master Node
[xmlrpc][INFO] 2012-12-14 15:32:22,407: XML-RPC server binding to 0.0.0.0
[xmlrpc][INFO] 2012-12-14 15:32:22,408: Started XML-RPC server [http://pc:11311/]
[rosmaster.master][INFO] 2012-12-14 15:32:22,408: Master initialized: port[11311], uri[http://pc:11311/]
[xmlrpc][INFO] 2012-12-14 15:32:22,409: xml rpc node: starting XML-RPC server
[rosmaster.master][INFO] 2012-12-14 15:32:22,427: +PARAM [/run_id] by /roslaunch
[rosmaster.master][INFO] 2012-12-14 15:32:22,431: +PARAM [/roslaunch/uris/host_pc__47706] by /roslaunch
[rosmaster.master][INFO] 2012-12-14 15:32:22,459: +PARAM [/rosdistro] by /roslaunch
[rosmaster.master][INFO] 2012-12-14 15:32:22,459: +PARAM [/camera/driver/rgb_frame_id] by /roslaunch
[rosmaster.master][INFO] 2012-12-14 15:32:22,459: +PARAM [/camera/disparity_depth_registered/min_range] by /roslaunch
[rosmaster.master][INFO] 2012-12-14 15:32:22,459: +PARAM [/camera/driver/rgb_camera_info_url] by /roslaunch
[rosmaster.master][INFO] 2012-12-14 15:32:22,459: +PARAM [/camera/depth_registered/rectify_depth/interpolation] by /roslaunch
[rosmaster.master][INFO] 2012-12-14 15:32:22,459: +PARAM [/camera/driver/depth_frame_id] by /roslaunch
[rosmaster.master][INFO] 2012-12-14 15:32:22,460: +PARAM [/camera/depth/rectify_depth/interpolation] by /roslaunch
[rosmaster.master][INFO] 2012-12-14 15:32:22,460: +PARAM [/camera/disparity_depth/max_range] by /roslaunch
[rosmaster.master][INFO] 2012-12-14 15:32:22,460: +PARAM [/rosversion] by /roslaunch
[rosmaster.master][INFO] 2012-12-14 15:32:22,460: +PARAM [/camera/driver/device_id] by /roslaunch
[rosmaster.master][INFO] 2012-12-14 15:32:22,460: +PARAM [/camera/driver/depth_camera_info_url] by /roslaunch
[rosmaster.master][INFO] 2012-12-14 15:32:22,460: +PARAM [/camera/disparity_depth/min_range] by /roslaunch
[rosmaster.master][INFO] 2012-12-14 15:32:22,460: +PARAM [/camera/disparity_depth_registered/max_range] by /roslaunch
[rosmaster.master][INFO] 2012-12-14 15:32:24,057: +PUB [/rosout] /camera/ir/rectify_ir http://pc:38026/
[rosmaster.master][INFO] 2012-12-14 15:32:24,058: +PUB [/rosout] /camera/depth/metric_rect http://pc:34577/
[rosmaster.master][INFO] 2012-12-14 15:32:24,059: +PUB [/rosout] /camera/disparity_depth_registered http://pc:33016/
[rosmaster.master][INFO] 2012-12-14 15:32:24,060: +PUB [/rosout] /camera/depth/points http://pc:36687/
[rosmaster.master][INFO] 2012-12-14 15:32:24,062: +PUB [/rosout] /camera/rgb/rectify_mono http://pc:59530/
[rosmaster.master][INFO] 2012-12-14 15:32:24,063: +PUB [/rosout] /camera/depth_registered/metric http://pc:54768/
[rosmaster.master][INFO] 2012-12-14 15:32:24,064: +PUB [/rosout] /camera/depth_registered/rectify_depth http://pc:33862/
[rosmaster.master][INFO] 2012-12-14 15:32:24,065: +SERVICE [/camera/ir/rectify_ir/get_loggers] /camera/ir/rectify_ir http://pc:38026/
[rosmaster.master][INFO] 2012-12-14 15:32:24,066: +SERVICE [/camera/depth/metric_rect/get_loggers] /camera/depth/metric_rect http://pc:34577/
[rosmaster.master][INFO] 2012-12-14 15:32:24,068: +SERVICE [/camera/disparity_depth_registered/get_loggers] /camera/disparity_depth_registered http://pc:33016/
[rosmaster.master][INFO] 2012-12-14 15:32:24,068: +SERVICE [/camera/depth/points/get_loggers] /camera/depth/points http://pc:36687/
[rosmaster.master][INFO] 2012-12-14 15:32:24,069: +SERVICE [/camera/rgb/rectify_mono/get_loggers] /camera/rgb/rectify_mono http://pc:59530/
[rosmaster.master][INFO] 2012-12-14 15:32:24,071: +SERVICE [/camera/depth_registered/metric/get_loggers] /camera/depth_registered/metric http://pc:54768/
[rosmaster.master][INFO] 2012-12-14 15:32:24,073: +SERVICE [/camera/depth_registered/rectify_depth/get_loggers] /camera/depth_registered/rectify_depth http://pc:33862/
[rosmaster.master][INFO] 2012-12-14 15:32:24,076: +SERVICE [/camera/depth/metric_rect/set_logger_level] /camera/depth/metric_rect http://pc:34577/
[rosmaster.master][INFO] 2012-12-14 15:32:24,077: +SERVICE [/camera/ir/rectify_ir/set_logger_level] /camera/ir/rectify_ir http://pc:38026/
[rosmaster.master][INFO] 2012-12-14 15:32:24,079: +SERVICE [/camera/disparity_depth_registered/set_logger_level] /camera/disparity_depth_registered http://pc:33016/
[rosmaster.master][INFO] 2012-12-14 15:32:24,083: +SERVICE [/camera/depth/points/set_logger_level] /camera/depth/points http://pc:36687/
[rosmaster.master][INFO] 2012-12-14 15:32:24,085: +SERVICE [/camera/rgb/rectify_mono/set_logger_level] /camera/rgb/rectify_mono http://pc:59530/
[rosmaster.master][INFO] 2012-12-14 15:32:24,092: +SERVICE [/camera/depth_registered/metric/set_logger_level] /camera/depth_registered/metric http://pc:54768/
[rosmaster.master][INFO] 2012-12-14 15:32:24,096: +SERVICE [/camera/depth_registered/rectify_depth/set_logger_level] /camera/depth_registered/rectify_depth http://pc:33862/
[rosmaster.master][INFO] 2012-12-14 15:32:24,118: +PARAM [/camera/disparity_depth_registered] by /camera/disparity_depth_registered
[rosmaster.master][INFO] 2012-12-14 15:32:24,121: +PARAM [/camera/depth_registered/rectify_depth] by /camera/depth_registered/rectify_depth
[rosmaster.master][INFO] 2012-12-14 15:32:24,269: +PUB [/rosout] /camera/disparity_depth http://pc:50969/
[rosmaster.master][INFO] 2012-12-14 15:32:24,271: +PUB [/rosout] /camera/points_xyzrgb_depth_rgb http://pc:52810/
[rosmaster.master][INFO] 2012-12-14 15:32:24,273: +SERVICE [/camera/disparity_depth/get_loggers] /camera/disparity_depth http://pc:50969/
[rosmaster.master][INFO] 2012-12-14 15:32:24,276: +SERVICE [/camera/points_xyzrgb_depth_rgb/get_loggers] /camera/points_xyzrgb_depth_rgb http://pc:52810/
[rosmaster.master][INFO] 2012-12-14 15:32:24,278: +SERVICE [/camera/disparity_depth/set_logger_level] /camera/disparity_depth http://pc:50969/
[rosmaster.master][INFO] 2012-12-14 15:32:24,283: +SERVICE [/camera/points_xyzrgb_depth_rgb/set_logger_level] /camera/points_xyzrgb_depth_rgb http://pc:52810/
[rosmaster.master][INFO] 2012-12-14 15:32:24,292: +PARAM [/camera/disparity_depth] by /camera/disparity_depth
[rosmaster.master][INFO] 2012-12-14 15:32:25,057: +PUB [/rosout] /set_dr http://pc:36342/
[rosmaster.master][INFO] 2012-12-14 15:32:25,715: +PUB [/rosout] /camera_nodelet_manager http://pc:43034/
[rosmaster.master][INFO] 2012-12-14 15:32:25,716: +SERVICE [/camera_nodelet_manager/get_loggers] /camera_nodelet_manager http://pc:43034/
[rosmaster.master][INFO] 2012-12-14 15:32:25,717: +SERVICE [/camera_nodelet_manager/set_logger_level] /camera_nodelet_manager http://pc:43034/
[rosmaster.master][INFO] 2012-12-14 15:32:25,719: +SERVICE [/camera_nodelet_manager/load_nodelet] /camera_nodelet_manager http://pc:43034/
[rosmaster.master][INFO] 2012-12-14 15:32:25,721: +SERVICE [/camera_nodelet_manager/unload_nodelet] /camera_nodelet_manager http://pc:43034/
[rosmaster.master][INFO] 2012-12-14 15:32:25,724: +SERVICE [/camera_nodelet_manager/list] /camera_nodelet_manager http://pc:43034/
[rosmaster.master][INFO] 2012-12-14 15:32:26,519: +SERVICE [/camera/rgb/rectify_mono/set_parameters] /camera_nodelet_manager http://pc:43034/
[rosmaster.master][INFO] 2012-12-14 15:32:26,520: +PUB [/camera/rgb/rectify_mono/parameter_descriptions] /camera_nodelet_manager http://pc:43034/
[rosmaster.master][INFO] 2012-12-14 15:32:26,521: +PUB [/camera/rgb/rectify_mono/parameter_updates] /camera_nodelet_manager http://pc:43034/
[rosmaster.master][INFO] 2012-12-14 15:32:26,524: +PARAM [/camera/rgb/rectify_mono/interpolation] by /camera_nodelet_manager
[rosmaster.master][INFO] 2012-12-14 15:32:26,550: +PUB [/camera/rgb/image_rect/compressed] /camera_nodelet_manager http://pc:43034/
[rosmaster.master][INFO] 2012-12-14 15:32:26,552: +SERVICE [/camera/rgb/image_rect/compressed/set_parameters] /camera_nodelet_manager http://pc:43034/
[rosmaster.master][INFO] 2012-12-14 15:32:26,555: +PUB [/camera/rgb/image_rect/compressed/parameter_descriptions] /camera_nodelet_manager http://pc:43034/
[rosmaster.master][INFO] 2012-12-14 15:32:26,557: +PUB [/camera/rgb/image_rect/compressed/parameter_updates] /camera_nodelet_manager http://pc:43034/
[rosmaster.master][INFO] 2012-12-14 15:32:26,564: +PARAM [/camera/rgb/image_rect/compressed/format] by /camera_nodelet_manager
[rosmaster.master][INFO] 2012-12-14 15:32:26,565: +PARAM [/camera/rgb/image_rect/compressed/jpeg_quality] by /camera_nodelet_manager
[rosmaster.master][INFO] 2012-12-14 15:32:26,566: +PARAM [/camera/rgb/image_rect/compressed/png_level] by /camera_nodelet_manager
[rosmaster.master][INFO] 2012-12-14 15:32:26,568: +PUB [/camera/rgb/image_rect] /camera_nodelet_manager http://pc:43034/
[rosmaster.master][INFO] 2012-12-14 15:32:26,595: +PUB [/camera/rgb/image_rect/theora] /camera_nodelet_manager http://pc:43034/
[rosmaster.master][INFO] 2012-12-14 15:32:26,599: +SERVICE [/camera/rgb/image_rect/theora/set_parameters] /camera_nodelet_manager http://pc:43034/
[rosmaster.master][INFO] 2012-12-14 15:32:26,602: +PUB [/camera/rgb/image_rect/theora/parameter_descriptions] /camera_nodelet_manager http://pc:43034/
[rosmaster.master][INFO] 2012-12-14 15:32:26,604: +PUB [/camera/rgb/image_rect/theora/parameter_updates] /camera_nodelet_manager http://pc:43034/
[rosmaster.master][INFO] 2012-12-14 15:32:26,617: +PARAM [/camera/rgb/image_rect/theora/optimize_for] by /camera_nodelet_manager
[rosmaster.master][INFO] 2012-12-14 15:32:26,620: +PARAM [/camera/rgb/image_rect/theora/target_bitrate] by /camera_nodelet_manager
[rosmaster.master][INFO] 2012-12-14 15:32:26,622: +PARAM [/camera/rgb/image_rect/theora/quality] by /camera_nodelet_manager
[rosmaster.master][INFO] 2012-12-14 15:32:26,624: +PARAM [/camera/rgb/image_rect/theora/keyframe_frequency] by /camera_nodelet_manager
[rosmaster.master][INFO] 2012-12-14 15:32:26,881: +SERVICE [/camera/depth_registered/rectify_depth/set_parameters] /camera_nodelet_manager http://pc:43034/
[rosmaster.master][INFO] 2012-12-14 15:32:26,883: +PUB [/camera/depth_registered/rectify_depth/parameter_descriptions] /camera_nodelet_manager http://pc:43034/
[rosmaster.master][INFO] 2012-12-14 15:32:26,885: +PUB [/camera/depth_registered/rectify_depth/parameter_updates] /camera_nodelet_manager http://pc:43034/
[rosmaster.master][INFO] 2012-12-14 15:32:26,888: +PARAM [/camera/depth_registered/rectify_depth/interpolation] by /camera_nodelet_manager
[rosmaster.master][INFO] 2012-12-14 15:32:26,890: +PUB [/camera/depth_registered/image_rect_raw/compressed] /camera_nodelet_manager http://pc:43034/
[rosmaster.master][INFO] 2012-12-14 15:32:26,892: +SERVICE [/camera/depth_registered/image_rect_raw/compressed/set_parameters] /camera_nodelet_manager http://pc:43034/
[rosmaster.master][INFO] 2012-12-14 15:32:26,893: +PUB [/camera/depth_registered/image_rect_raw/compressed/parameter_descriptions] /camera_nodelet_manager http://pc:43034/
[rosmaster.master][INFO] 2012-12-14 15:32:26,894: +PUB [/camera/depth_registered/image_rect_raw/compressed/parameter_updates] /camera_nodelet_manager http://pc:43034/
[rosmaster.master][INFO] 2012-12-14 15:32:26,898: +PARAM [/camera/depth_registered/image_rect_raw/compressed/format] by /camera_nodelet_manager
[rosmaster.master][INFO] 2012-12-14 15:32:26,899: +PARAM [/camera/depth_registered/image_rect_raw/compressed/jpeg_quality] by /camera_nodelet_manager
[rosmaster.master][INFO] 2012-12-14 15:32:26,900: +PARAM [/camera/depth_registered/image_rect_raw/compressed/png_level] by /camera_nodelet_manager
[rosmaster.master][INFO] 2012-12-14 15:32:26,902: +PUB [/camera/depth_registered/image_rect_raw] /camera_nodelet_manager http://pc:43034/
[rosmaster.master][INFO] 2012-12-14 15:32:26,904: +PUB [/camera/depth_registered/image_rect_raw/theora] /camera_nodelet_manager http://pc:43034/
[rosmaster.master][INFO] 2012-12-14 15:32:26,906: +SERVICE [/camera/depth_registered/image_rect_raw/theora/set_parameters] /camera_nodelet_manager http://pc:43034/
[rosmaster.master][INFO] 2012-12-14 15:32:26,908: +PUB [/camera/depth_registered/image_rect_raw/theora/parameter_descriptions] /camera_nodelet_manager http://pc:43034/
[rosmaster.master][INFO] 2012-12-14 15:32:26,909: +PUB [/camera/depth_registered/image_rect_raw/theora/parameter_updates] /camera_nodelet_manager http://pc:43034/
[rosmaster.master][INFO] 2012-12-14 15:32:26,916: +PARAM [/camera/depth_registered/image_rect_raw/theora/optimize_for] by /camera_nodelet_manager
[rosmaster.master][INFO] 2012-12-14 15:32:26,918: +PARAM [/camera/depth_registered/image_rect_raw/theora/target_bitrate] by /camera_nodelet_manager
[rosmaster.master][INFO] 2012-12-14 15:32:26,919: +PARAM [/camera/depth_registered/image_rect_raw/theora/quality] by /camera_nodelet_manager
[rosmaster.master][INFO] 2012-12-14 15:32:26,921: +PARAM [/camera/depth_registered/image_rect_raw/theora/keyframe_frequency] by /camera_nodelet_manager
[rosmaster.master][INFO] 2012-12-14 15:32:27,055: +PUB [/rosout] /camera/register_depth_rgb http://pc:53431/
[rosmaster.master][INFO] 2012-12-14 15:32:27,062: +SERVICE [/camera/register_depth_rgb/get_loggers] /camera/register_depth_rgb http://pc:53431/
[rosmaster.master][INFO] 2012-12-14 15:32:27,065: +PUB [/rosout] /camera_base_link1 http://pc:39602/
[rosmaster.master][INFO] 2012-12-14 15:32:27,067: +PUB [/rosout] /camera/rgb/debayer http://pc:39210/
[rosmaster.master][INFO] 2012-12-14 15:32:27,069: +SERVICE [/rosout/get_loggers] /rosout http://pc:57070/
[rosmaster.master][INFO] 2012-12-14 15:32:27,070: +PUB [/rosout] /camera_base_link3 http://pc:38900/
[rosmaster.master][INFO] 2012-12-14 15:32:27,070: +PUB [/rosout] /camera_base_link2 http://pc:59099/
[rosmaster.master][INFO] 2012-12-14 15:32:27,072: +SERVICE [/camera/register_depth_rgb/set_logger_level] /camera/register_depth_rgb http://pc:53431/
[rosmaster.master][INFO] 2012-12-14 15:32:27,073: +PUB [/rosout] /camera/rgb/rectify_color http://pc:53227/
[rosmaster.master][INFO] 2012-12-14 15:32:27,075: +SERVICE [/camera/rgb/debayer/get_loggers] /camera/rgb/debayer http://pc:39210/
[rosmaster.master][INFO] 2012-12-14 15:32:27,076: +PUB [/rosout] /camera_base_link http://pc:42209/
[rosmaster.master][INFO] 2012-12-14 15:32:27,077: +SERVICE [/camera_base_link1/get_loggers] /camera_base_link1 http://pc:39602/
[rosmaster.master][INFO] 2012-12-14 15:32:27,078: +SERVICE [/rosout/set_logger_level] /rosout http://pc:57070/
[rosmaster.master][INFO] 2012-12-14 15:32:27,080: +SERVICE [/camera_base_link2/get_loggers] /camera_base_link2 http://pc:59099/
[rosmaster.master][INFO] 2012-12-14 15:32:27,082: +SERVICE [/camera_base_link3/get_loggers] /camera_base_link3 http://pc:38900/
[rosmaster.master][INFO] 2012-12-14 15:32:27,083: +SERVICE [/camera/rgb/rectify_color/get_loggers] /camera/rgb/rectify_color http://pc:53227/
[rosmaster.master][INFO] 2012-12-14 15:32:27,085: +SERVICE [/camera/rgb/debayer/set_logger_level] /camera/rgb/debayer http://pc:39210/
[rosmaster.master][INFO] 2012-12-14 15:32:27,086: +SERVICE [/camera_base_link/get_loggers] /camera_base_link http://pc:42209/
[rosmaster.master][INFO] 2012-12-14 15:32:27,087: +SERVICE [/camera_base_link1/set_logger_level] /camera_base_link1 http://pc:39602/
[rosmaster.master][INFO] 2012-12-14 15:32:27,090: +SERVICE [/camera_base_link2/set_logger_level] /camera_base_link2 http://pc:59099/
[rosmaster.master][INFO] 2012-12-14 15:32:27,092: +SERVICE [/camera_base_link3/set_logger_level] /camera_base_link3 http://pc:38900/
[rosmaster.master][INFO] 2012-12-14 15:32:27,094: +SERVICE [/camera/rgb/rectify_color/set_logger_level] /camera/rgb/rectify_color http://pc:53227/
[rosmaster.master][INFO] 2012-12-14 15:32:27,100: +SERVICE [/camera_base_link/set_logger_level] /camera_base_link http://pc:42209/
[rosmaster.master][INFO] 2012-12-14 15:32:27,103: +PUB [/rosout_agg] /rosout http://pc:57070/
[rosmaster.master][INFO] 2012-12-14 15:32:27,107: +PUB [/tf] /camera_base_link1 http://pc:39602/
[rosmaster.master][INFO] 2012-12-14 15:32:27,109: +PUB [/tf] /camera_base_link3 http://pc:38900/
[rosmaster.master][INFO] 2012-12-14 15:32:27,112: +SUB [/rosout] /rosout http://pc:57070/
[rosmaster.master][INFO] 2012-12-14 15:32:27,114: +PUB [/tf] /camera_base_link http://pc:42209/
[rosmaster.master][INFO] 2012-12-14 15:32:27,237: +PUB [/camera/depth/image_rect/compressed] /camera_nodelet_manager http://pc:43034/
[rosmaster.master][INFO] 2012-12-14 15:32:27,239: +SERVICE [/camera/depth/image_rect/compressed/set_parameters] /camera_nodelet_manager http://pc:43034/
[rosmaster.master][INFO] 2012-12-14 15:32:27,241: +PUB [/camera/depth/image_rect/compressed/parameter_descriptions] /camera_nodelet_manager http://pc:43034/
[rosmaster.master][INFO] 2012-12-14 15:32:27,242: +PUB [/camera/depth/image_rect/compressed/parameter_updates] /camera_nodelet_manager http://pc:43034/
[rosmaster.master][INFO] 2012-12-14 15:32:27,249: +PARAM [/camera/depth/image_rect/compressed/format] by /camera_nodelet_manager
[rosmaster.master][INFO] 2012-12-14 15:32:27,250: +PARAM [/camera/depth/image_rect/compressed/jpeg_quality] by /camera_nodelet_manager
[rosmaster.master][INFO] 2012-12-14 15:32:27,251: +PARAM [/camera/depth/image_rect/compressed/png_level] by /camera_nodelet_manager
[rosmaster.master][INFO] 2012-12-14 15:32:27,253: +PUB [/camera/depth/image_rect] /camera_nodelet_manager http://pc:43034/
[rosmaster.master][INFO] 2012-12-14 15:32:27,254: +PUB [/camera/depth/image_rect/theora] /camera_nodelet_manager http://pc:43034/
[rosmaster.master][INFO] 2012-12-14 15:32:27,255: +SERVICE [/camera/depth/image_rect/theora/set_parameters] /camera_nodelet_manager http://pc:43034/
[rosmaster.master][INFO] 2012-12-14 15:32:27,256: +PUB [/camera/depth/image_rect/theora/parameter_descriptions] /camera_nodelet_manager http://pc:43034/
[rosmaster.master][INFO] 2012-12-14 15:32:27,257: +PUB [/camera/depth/image_rect/theora/parameter_updates] /camera_nodelet_manager http://pc:43034/
[rosmaster.master][INFO] 2012-12-14 15:32:27,265: +PARAM [/camera/depth/image_rect/theora/optimize_for] by /camera_nodelet_manager
[rosmaster.master][INFO] 2012-12-14 15:32:27,267: +PARAM [/camera/depth/image_rect/theora/target_bitrate] by /camera_nodelet_manager
[rosmaster.master][INFO] 2012-12-14 15:32:27,268: +PARAM [/camera/depth/image_rect/theora/quality] by /camera_nodelet_manager
[rosmaster.master][INFO] 2012-12-14 15:32:27,269: +PARAM [/camera/depth/image_rect/theora/keyframe_frequency] by /camera_nodelet_manager
[rosmaster.master][INFO] 2012-12-14 15:32:27,283: +PUB [/rosout] /camera/depth/rectify_depth http://pc:56865/
[rosmaster.master][INFO] 2012-12-14 15:32:27,284: +PUB [/rosout] /camera/driver http://pc:34558/
[rosmaster.master][INFO] 2012-12-14 15:32:27,285: +PUB [/rosout] /camera/depth_registered/metric_rect http://pc:47023/
[rosmaster.master][INFO] 2012-12-14 15:32:27,289: +PUB [/rosout] /camera/depth/metric http://pc:49675/
[rosmaster.master][INFO] 2012-12-14 15:32:27,290: +SERVICE [/camera/depth/rectify_depth/get_loggers] /camera/depth/rectify_depth http://pc:56865/
[rosmaster.master][INFO] 2012-12-14 15:32:27,292: +SERVICE [/camera/depth_registered/metric_rect/get_loggers] /camera/depth_registered/metric_rect http://pc:47023/
[rosmaster.master][INFO] 2012-12-14 15:32:27,293: +SERVICE [/camera/driver/get_loggers] /camera/driver http://pc:34558/
[rosmaster.master][INFO] 2012-12-14 15:32:27,294: +SERVICE [/camera/depth/metric/get_loggers] /camera/depth/metric http://pc:49675/
[rosmaster.master][INFO] 2012-12-14 15:32:27,295: +SERVICE [/camera/depth/rectify_depth/set_logger_level] /camera/depth/rectify_depth http://pc:56865/
[rosmaster.master][INFO] 2012-12-14 15:32:27,296: +SERVICE [/camera/driver/set_logger_level] /camera/driver http://pc:34558/
[rosmaster.master][INFO] 2012-12-14 15:32:27,297: +SERVICE [/camera/depth_registered/metric_rect/set_logger_level] /camera/depth_registered/metric_rect http://pc:47023/
[rosmaster.master][INFO] 2012-12-14 15:32:27,298: +SERVICE [/camera/depth/metric/set_logger_level] /camera/depth/metric http://pc:49675/
[rosmaster.master][INFO] 2012-12-14 15:32:27,311: +PARAM [/camera/depth/rectify_depth] by /camera/depth/rectify_depth
[rosmaster.master][INFO] 2012-12-14 15:32:27,316: +PUB [/tf] /camera_base_link2 http://pc:59099/
[rosmaster.master][INFO] 2012-12-14 15:32:27,316: +PARAM [/camera/driver] by /camera/driver
[rosmaster.master][INFO] 2012-12-14 15:32:27,320: publisherUpdate[/rosout] -> http://pc:57070/
[rosmaster.master][INFO] 2012-12-14 15:32:27,324: publisherUpdate[/rosout] -> http://pc:57070/
[rosmaster.master][INFO] 2012-12-14 15:32:27,326: publisherUpdate[/rosout] -> http://pc:57070/
[rosmaster.master][INFO] 2012-12-14 15:32:27,330: publisherUpdate[/rosout] -> http://pc:57070/
[rosmaster.master][INFO] 2012-12-14 15:32:27,555: +PUB [/camera/depth/disparity] /camera_nodelet_manager http://pc:43034/
[rosmaster.master][INFO] 2012-12-14 15:32:27,815: +PUB [/camera/depth_registered/image/compressed] /camera_nodelet_manager http://pc:43034/
[rosmaster.master][INFO] 2012-12-14 15:32:27,816: +SERVICE [/camera/depth_registered/image/compressed/set_parameters] /camera_nodelet_manager http://pc:43034/
[rosmaster.master][INFO] 2012-12-14 15:32:27,817: +PUB [/camera/depth_registered/image/compressed/parameter_descriptions] /camera_nodelet_manager http://pc:43034/
[rosmaster.master][INFO] 2012-12-14 15:32:27,819: +PUB [/camera/depth_registered/image/compressed/parameter_updates] /camera_nodelet_manager http://pc:43034/
[rosmaster.master][INFO] 2012-12-14 15:32:27,824: +PARAM [/camera/depth_registered/image/compressed/format] by /camera_nodelet_manager
[rosmaster.master][INFO] 2012-12-14 15:32:27,826: +PARAM [/camera/depth_registered/image/compressed/jpeg_quality] by /camera_nodelet_manager
[rosmaster.master][INFO] 2012-12-14 15:32:27,828: +PARAM [/camera/depth_registered/image/compressed/png_level] by /camera_nodelet_manager
[rosmaster.master][INFO] 2012-12-14 15:32:27,830: +PUB [/camera/depth_registered/image] /camera_nodelet_manager http://pc:43034/
[rosmaster.master][INFO] 2012-12-14 15:32:27,832: +PUB [/camera/depth_registered/image/theora] /camera_nodelet_manager http://pc:43034/
[rosmaster.master][INFO] 2012-12-14 15:32:27,834: +SERVICE [/camera/depth_registered/image/theora/set_parameters] /camera_nodelet_manager http://pc:43034/
[rosmaster.master][INFO] 2012-12-14 15:32:27,837: +PUB [/camera/depth_registered/image/theora/parameter_descriptions] /camera_nodelet_manager http://pc:43034/
[rosmaster.master][INFO] 2012-12-14 15:32:27,839: +PUB [/camera/depth_registered/image/theora/parameter_updates] /camera_nodelet_manager http://pc:43034/
[rosmaster.master][INFO] 2012-12-14 15:32:27,847: +PARAM [/camera/depth_registered/image/theora/optimize_for] by /camera_nodelet_manager
[rosmaster.master][INFO] 2012-12-14 15:32:27,849: +PARAM [/camera/depth_registered/image/theora/target_bitrate] by /camera_nodelet_manager
[rosmaster.master][INFO] 2012-12-14 15:32:27,851: +PARAM [/camera/depth_registered/image/theora/quality] by /camera_nodelet_manager
[rosmaster.master][INFO] 2012-12-14 15:32:27,852: +PARAM [/camera/depth_registered/image/theora/keyframe_frequency] by /camera_nodelet_manager
[rosmaster.master][INFO] 2012-12-14 15:32:28,116: +SERVICE [/camera/ir/rectify_ir/set_parameters] /camera_nodelet_manager http://pc:43034/
[rosmaster.master][INFO] 2012-12-14 15:32:28,118: +PUB [/camera/ir/rectify_ir/parameter_descriptions] /camera_nodelet_manager http://pc:43034/
[rosmaster.master][INFO] 2012-12-14 15:32:28,120: +PUB [/camera/ir/rectify_ir/parameter_updates] /camera_nodelet_manager http://pc:43034/
[rosmaster.master][INFO] 2012-12-14 15:32:28,123: +PARAM [/camera/ir/rectify_ir/interpolation] by /camera_nodelet_manager
[rosmaster.master][INFO] 2012-12-14 15:32:28,124: +PUB [/camera/ir/image_rect/compressed] /camera_nodelet_manager http://pc:43034/
[rosmaster.master][INFO] 2012-12-14 15:32:28,125: +SERVICE [/camera/ir/image_rect/compressed/set_parameters] /camera_nodelet_manager http://pc:43034/
[rosmaster.master][INFO] 2012-12-14 15:32:28,126: +PUB [/camera/ir/image_rect/compressed/parameter_descriptions] /camera_nodelet_manager http://pc:43034/
[rosmaster.master][INFO] 2012-12-14 15:32:28,129: +PUB [/camera/ir/image_rect/compressed/parameter_updates] /camera_nodelet_manager http://pc:43034/
[rosmaster.master][INFO] 2012-12-14 15:32:28,138: +PARAM [/camera/ir/image_rect/compressed/format] by /camera_nodelet_manager
[rosmaster.master][INFO] 2012-12-14 15:32:28,140: +PARAM [/camera/ir/image_rect/compressed/jpeg_quality] by /camera_nodelet_manager
[rosmaster.master][INFO] 2012-12-14 15:32:28,142: +PARAM [/camera/ir/image_rect/compressed/png_level] by /camera_nodelet_manager
[rosmaster.master][INFO] 2012-12-14 15:32:28,144: +PUB [/camera/ir/image_rect] /camera_nodelet_manager http://pc:43034/
[rosmaster.master][INFO] 2012-12-14 15:32:28,147: +PUB [/camera/ir/image_rect/theora] /camera_nodelet_manager http://pc:43034/
[rosmaster.master][INFO] 2012-12-14 15:32:28,149: +SERVICE [/camera/ir/image_rect/theora/set_parameters] /camera_nodelet_manager http://pc:43034/
[rosmaster.master][INFO] 2012-12-14 15:32:28,151: +PUB [/camera/ir/image_rect/theora/parameter_descriptions] /camera_nodelet_manager http://pc:43034/
[rosmaster.master][INFO] 2012-12-14 15:32:28,153: +PUB [/camera/ir/image_rect/theora/parameter_updates] /camera_nodelet_manager http://pc:43034/
[rosmaster.master][INFO] 2012-12-14 15:32:28,163: +PARAM [/camera/ir/image_rect/theora/optimize_for] by /camera_nodelet_manager
[rosmaster.master][INFO] 2012-12-14 15:32:28,165: +PARAM [/camera/ir/image_rect/theora/target_bitrate] by /camera_nodelet_manager
[rosmaster.master][INFO] 2012-12-14 15:32:28,168: +PARAM [/camera/ir/image_rect/theora/quality] by /camera_nodelet_manager
[rosmaster.master][INFO] 2012-12-14 15:32:28,170: +PARAM [/camera/ir/image_rect/theora/keyframe_frequency] by /camera_nodelet_manager
[rosmaster.master][INFO] 2012-12-14 15:32:28,706: +PUB [/camera/depth_registered/points] /camera_nodelet_manager http://pc:43034/
[rosmaster.master][INFO] 2012-12-14 15:32:28,956: +PUB [/camera/depth_registered/disparity] /camera_nodelet_manager http://pc:43034/
[rosmaster.master][INFO] 2012-12-14 15:32:29,236: +PUB [/camera/depth/points] /camera_nodelet_manager http://pc:43034/
[rosmaster.master][INFO] 2012-12-14 15:32:29,476: +SUB [/tf] /camera_nodelet_manager http://pc:43034/
[rosmaster.master][INFO] 2012-12-14 15:32:29,478: +SERVICE [/camera_nodelet_manager/tf_frames] /camera_nodelet_manager http://pc:43034/
[rosmaster.master][INFO] 2012-12-14 15:32:29,754: +PARAM [/camera/depth_registered/image_rect_raw/compressed/format] by /camera_nodelet_manager
[rosmaster.master][INFO] 2012-12-14 15:32:29,755: +PARAM [/camera/depth_registered/image_rect_raw/compressed/jpeg_quality] by /camera_nodelet_manager
[rosmaster.master][INFO] 2012-12-14 15:32:29,756: +PARAM [/camera/depth_registered/image_rect_raw/compressed/png_level] by /camera_nodelet_manager
[rosmaster.master][INFO] 2012-12-14 15:32:29,761: +PARAM [/camera/depth_registered/image_rect_raw/theora/optimize_for] by /camera_nodelet_manager
[rosmaster.master][INFO] 2012-12-14 15:32:29,762: +PARAM [/camera/depth_registered/image_rect_raw/theora/target_bitrate] by /camera_nodelet_manager
[rosmaster.master][INFO] 2012-12-14 15:32:29,763: +PARAM [/camera/depth_registered/image_rect_raw/theora/quality] by /camera_nodelet_manager
[rosmaster.master][INFO] 2012-12-14 15:32:29,763: +PARAM [/camera/depth_registered/image_rect_raw/theora/keyframe_frequency] by /camera_nodelet_manager
[rosmaster.master][INFO] 2012-12-14 15:32:29,764: +PUB [/camera/depth_registered/camera_info] /camera_nodelet_manager http://pc:43034/
[rosmaster.master][INFO] 2012-12-14 15:32:30,008: +SERVICE [/camera/rgb/debayer/set_parameters] /camera_nodelet_manager http://pc:43034/
[rosmaster.master][INFO] 2012-12-14 15:32:30,009: +PUB [/camera/rgb/debayer/parameter_descriptions] /camera_nodelet_manager http://pc:43034/
[rosmaster.master][INFO] 2012-12-14 15:32:30,010: +PUB [/camera/rgb/debayer/parameter_updates] /camera_nodelet_manager http://pc:43034/
[rosmaster.master][INFO] 2012-12-14 15:32:30,012: +PARAM [/camera/rgb/debayer/debayer] by /camera_nodelet_manager
[rosmaster.master][INFO] 2012-12-14 15:32:30,013: +PUB [/camera/rgb/image_mono/compressed] /camera_nodelet_manager http://pc:43034/
[rosmaster.master][INFO] 2012-12-14 15:32:30,014: +SERVICE [/camera/rgb/image_mono/compressed/set_parameters] /camera_nodelet_manager http://pc:43034/
[rosmaster.master][INFO] 2012-12-14 15:32:30,015: +PUB [/camera/rgb/image_mono/compressed/parameter_descriptions] /camera_nodelet_manager http://pc:43034/
[rosmaster.master][INFO] 2012-12-14 15:32:30,016: +PUB [/camera/rgb/image_mono/compressed/parameter_updates] /camera_nodelet_manager http://pc:43034/
[rosmaster.master][INFO] 2012-12-14 15:32:30,020: +PARAM [/camera/rgb/image_mono/compressed/format] by /camera_nodelet_manager
[rosmaster.master][INFO] 2012-12-14 15:32:30,021: +PARAM [/camera/rgb/image_mono/compressed/jpeg_quality] by /camera_nodelet_manager
[rosmaster.master][INFO] 2012-12-14 15:32:30,021: +PARAM [/camera/rgb/image_mono/compressed/png_level] by /camera_nodelet_manager
[rosmaster.master][INFO] 2012-12-14 15:32:30,023: +PUB [/camera/rgb/image_mono] /camera_nodelet_manager http://pc:43034/
[rosmaster.master][INFO] 2012-12-14 15:32:30,024: +PUB [/camera/rgb/image_mono/theora] /camera_nodelet_manager http://pc:43034/
[rosmaster.master][INFO] 2012-12-14 15:32:30,025: +SERVICE [/camera/rgb/image_mono/theora/set_parameters] /camera_nodelet_manager http://pc:43034/
[rosmaster.master][INFO] 2012-12-14 15:32:30,026: +PUB [/camera/rgb/image_mono/theora/parameter_descriptions] /camera_nodelet_manager http://pc:43034/
[rosmaster.master][INFO] 2012-12-14 15:32:30,027: +PUB [/camera/rgb/image_mono/theora/parameter_updates] /camera_nodelet_manager http://pc:43034/
[rosmaster.master][INFO] 2012-12-14 15:32:30,031: +PARAM [/camera/rgb/image_mono/theora/optimize_for] by /camera_nodelet_manager
[rosmaster.master][INFO] 2012-12-14 15:32:30,032: +PARAM [/camera/rgb/image_mono/theora/target_bitrate] by /camera_nodelet_manager
[rosmaster.master][INFO] 2012-12-14 15:32:30,033: +PARAM [/camera/rgb/image_mono/theora/quality] by /camera_nodelet_manager
[rosmaster.master][INFO] 2012-12-14 15:32:30,034: +PARAM [/camera/rgb/image_mono/theora/keyframe_frequency] by /camera_nodelet_manager
[rosmaster.master][INFO] 2012-12-14 15:32:30,035: +PUB [/camera/rgb/image_color/compressed] /camera_nodelet_manager http://pc:43034/
[rosmaster.master][INFO] 2012-12-14 15:32:30,036: +SERVICE [/camera/rgb/image_color/compressed/set_parameters] /camera_nodelet_manager http://pc:43034/
[rosmaster.master][INFO] 2012-12-14 15:32:30,037: +PUB [/camera/rgb/image_color/compressed/parameter_descriptions] /camera_nodelet_manager http://pc:43034/
[rosmaster.master][INFO] 2012-12-14 15:32:30,038: +PUB [/camera/rgb/image_color/compressed/parameter_updates] /camera_nodelet_manager http://pc:43034/
[rosmaster.master][INFO] 2012-12-14 15:32:30,041: +PARAM [/camera/rgb/image_color/compressed/format] by /camera_nodelet_manager
[rosmaster.master][INFO] 2012-12-14 15:32:30,042: +PARAM [/camera/rgb/image_color/compressed/jpeg_quality] by /camera_nodelet_manager
[rosmaster.master][INFO] 2012-12-14 15:32:30,043: +PARAM [/camera/rgb/image_color/compressed/png_level] by /camera_nodelet_manager
[rosmaster.master][INFO] 2012-12-14 15:32:30,044: +PUB [/camera/rgb/image_color] /camera_nodelet_manager http://pc:43034/
[rosmaster.master][INFO] 2012-12-14 15:32:30,045: +PUB [/camera/rgb/image_color/theora] /camera_nodelet_manager http://pc:43034/
[rosmaster.master][INFO] 2012-12-14 15:32:30,046: +SERVICE [/camera/rgb/image_color/theora/set_parameters] /camera_nodelet_manager http://pc:43034/
[rosmaster.master][INFO] 2012-12-14 15:32:30,047: +PUB [/camera/rgb/image_color/theora/parameter_descriptions] /camera_nodelet_manager http://pc:43034/
[rosmaster.master][INFO] 2012-12-14 15:32:30,048: +PUB [/camera/rgb/image_color/theora/parameter_updates] /camera_nodelet_manager http://pc:43034/
[rosmaster.master][INFO] 2012-12-14 15:32:30,053: +PARAM [/camera/rgb/image_color/theora/optimize_for] by /camera_nodelet_manager
[rosmaster.master][INFO] 2012-12-14 15:32:30,053: +PARAM [/camera/rgb/image_color/theora/target_bitrate] by /camera_nodelet_manager
[rosmaster.master][INFO] 2012-12-14 15:32:30,054: +PARAM [/camera/rgb/image_color/theora/quality] by /camera_nodelet_manager
[rosmaster.master][INFO] 2012-12-14 15:32:30,055: +PARAM [/camera/rgb/image_color/theora/keyframe_frequency] by /camera_nodelet_manager
[rosmaster.master][INFO] 2012-12-14 15:32:30,292: +SERVICE [/camera/rgb/rectify_color/set_parameters] /camera_nodelet_manager http://pc:43034/
[rosmaster.master][INFO] 2012-12-14 15:32:30,293: +PUB [/camera/rgb/rectify_color/parameter_descriptions] /camera_nodelet_manager http://pc:43034/
[rosmaster.master][INFO] 2012-12-14 15:32:30,294: +PUB [/camera/rgb/rectify_color/parameter_updates] /camera_nodelet_manager http://pc:43034/
[rosmaster.master][INFO] 2012-12-14 15:32:30,296: +PARAM [/camera/rgb/rectify_color/interpolation] by /camera_nodelet_manager
[rosmaster.master][INFO] 2012-12-14 15:32:30,298: +PUB [/camera/rgb/image_rect_color/compressed] /camera_nodelet_manager http://pc:43034/
[rosmaster.master][INFO] 2012-12-14 15:32:30,299: +SERVICE [/camera/rgb/image_rect_color/compressed/set_parameters] /camera_nodelet_manager http://pc:43034/
[rosmaster.master][INFO] 2012-12-14 15:32:30,300: +PUB [/camera/rgb/image_rect_color/compressed/parameter_descriptions] /camera_nodelet_manager http://pc:43034/
[rosmaster.master][INFO] 2012-12-14 15:32:30,301: +PUB [/camera/rgb/image_rect_color/compressed/parameter_updates] /camera_nodelet_manager http://pc:43034/
[rosmaster.master][INFO] 2012-12-14 15:32:30,304: +PARAM [/camera/rgb/image_rect_color/compressed/format] by /camera_nodelet_manager
[rosmaster.master][INFO] 2012-12-14 15:32:30,305: +PARAM [/camera/rgb/image_rect_color/compressed/jpeg_quality] by /camera_nodelet_manager
[rosmaster.master][INFO] 2012-12-14 15:32:30,306: +PARAM [/camera/rgb/image_rect_color/compressed/png_level] by /camera_nodelet_manager
[rosmaster.master][INFO] 2012-12-14 15:32:30,307: +PUB [/camera/rgb/image_rect_color] /camera_nodelet_manager http://pc:43034/
[rosmaster.master][INFO] 2012-12-14 15:32:30,308: +PUB [/camera/rgb/image_rect_color/theora] /camera_nodelet_manager http://pc:43034/
[rosmaster.master][INFO] 2012-12-14 15:32:30,309: +SERVICE [/camera/rgb/image_rect_color/theora/set_parameters] /camera_nodelet_manager http://pc:43034/
[rosmaster.master][INFO] 2012-12-14 15:32:30,310: +PUB [/camera/rgb/image_rect_color/theora/parameter_descriptions] /camera_nodelet_manager http://pc:43034/
[rosmaster.master][INFO] 2012-12-14 15:32:30,311: +PUB [/camera/rgb/image_rect_color/theora/parameter_updates] /camera_nodelet_manager http://pc:43034/
[rosmaster.master][INFO] 2012-12-14 15:32:30,315: +PARAM [/camera/rgb/image_rect_color/theora/optimize_for] by /camera_nodelet_manager
[rosmaster.master][INFO] 2012-12-14 15:32:30,316: +PARAM [/camera/rgb/image_rect_color/theora/target_bitrate] by /camera_nodelet_manager
[rosmaster.master][INFO] 2012-12-14 15:32:30,317: +PARAM [/camera/rgb/image_rect_color/theora/quality] by /camera_nodelet_manager
[rosmaster.master][INFO] 2012-12-14 15:32:30,318: +PARAM [/camera/rgb/image_rect_color/theora/keyframe_frequency] by /camera_nodelet_manager
[rosmaster.master][INFO] 2012-12-14 15:32:30,563: +PUB [/camera/depth_registered/image_rect/compressed] /camera_nodelet_manager http://pc:43034/
[rosmaster.master][INFO] 2012-12-14 15:32:30,565: +SERVICE [/camera/depth_registered/image_rect/compressed/set_parameters] /camera_nodelet_manager http://pc:43034/
[rosmaster.master][INFO] 2012-12-14 15:32:30,566: +PUB [/camera/depth_registered/image_rect/compressed/parameter_descriptions] /camera_nodelet_manager http://pc:43034/
[rosmaster.master][INFO] 2012-12-14 15:32:30,568: +PUB [/camera/depth_registered/image_rect/compressed/parameter_updates] /camera_nodelet_manager http://pc:43034/
[rosmaster.master][INFO] 2012-12-14 15:32:30,572: +PARAM [/camera/depth_registered/image_rect/compressed/format] by /camera_nodelet_manager
[rosmaster.master][INFO] 2012-12-14 15:32:30,573: +PARAM [/camera/depth_registered/image_rect/compressed/jpeg_quality] by /camera_nodelet_manager
[rosmaster.master][INFO] 2012-12-14 15:32:30,574: +PUB [/rosout] /depth_detection http://pc:43286/
[rosmaster.master][INFO] 2012-12-14 15:32:30,575: +PARAM [/camera/depth_registered/image_rect/compressed/png_level] by /camera_nodelet_manager
[rosmaster.master][INFO] 2012-12-14 15:32:30,578: +PUB [/camera/depth_registered/image_rect] /camera_nodelet_manager http://pc:43034/
[rosmaster.master][INFO] 2012-12-14 15:32:30,580: +PUB [/camera/depth_registered/image_rect/theora] /camera_nodelet_manager http://pc:43034/
[rosmaster.master][INFO] 2012-12-14 15:32:30,581: +SERVICE [/camera/depth_registered/image_rect/theora/set_parameters] /camera_nodelet_manager http://pc:43034/
[rosmaster.master][INFO] 2012-12-14 15:32:30,583: +PUB [/camera/depth_registered/image_rect/theora/parameter_descriptions] /camera_nodelet_manager http://pc:43034/
[rosmaster.master][INFO] 2012-12-14 15:32:30,585: +PUB [/camera/depth_registered/image_rect/theora/parameter_updates] /camera_nodelet_manager http://pc:43034/
[rosmaster.master][INFO] 2012-12-14 15:32:30,590: +PARAM [/camera/depth_registered/image_rect/theora/optimize_for] by /camera_nodelet_manager
[rosmaster.master][INFO] 2012-12-14 15:32:30,591: +PARAM [/camera/depth_registered/image_rect/theora/target_bitrate] by /camera_nodelet_manager
[rosmaster.master][INFO] 2012-12-14 15:32:30,592: +PARAM [/camera/depth_registered/image_rect/theora/quality] by /camera_nodelet_manager
[rosmaster.master][INFO] 2012-12-14 15:32:30,593: +PARAM [/camera/depth_registered/image_rect/theora/keyframe_frequency] by /camera_nodelet_manager
[rosmaster.master][INFO] 2012-12-14 15:32:30,627: publisherUpdate[/rosout] -> http://pc:57070/
[rosmaster.master][INFO] 2012-12-14 15:32:30,857: +SERVICE [/camera/depth/rectify_depth/set_parameters] /camera_nodelet_manager http://pc:43034/
[rosmaster.master][INFO] 2012-12-14 15:32:30,859: +PUB [/camera/depth/rectify_depth/parameter_descriptions] /camera_nodelet_manager http://pc:43034/
[rosmaster.master][INFO] 2012-12-14 15:32:30,861: +PUB [/camera/depth/rectify_depth/parameter_updates] /camera_nodelet_manager http://pc:43034/
[rosmaster.master][INFO] 2012-12-14 15:32:30,864: +PARAM [/camera/depth/rectify_depth/interpolation] by /camera_nodelet_manager
[rosmaster.master][INFO] 2012-12-14 15:32:30,866: +PUB [/camera/depth/image_rect_raw/compressed] /camera_nodelet_manager http://pc:43034/
[rosmaster.master][INFO] 2012-12-14 15:32:30,867: +SERVICE [/camera/depth/image_rect_raw/compressed/set_parameters] /camera_nodelet_manager http://pc:43034/
[rosmaster.master][INFO] 2012-12-14 15:32:30,869: +PUB [/camera/depth/image_rect_raw/compressed/parameter_descriptions] /camera_nodelet_manager http://pc:43034/
[rosmaster.master][INFO] 2012-12-14 15:32:30,872: +PUB [/camera/depth/image_rect_raw/compressed/parameter_updates] /camera_nodelet_manager http://pc:43034/
[rosmaster.master][INFO] 2012-12-14 15:32:30,877: +PARAM [/camera/depth/image_rect_raw/compressed/format] by /camera_nodelet_manager
[rosmaster.master][INFO] 2012-12-14 15:32:30,879: +PARAM [/camera/depth/image_rect_raw/compressed/jpeg_quality] by /camera_nodelet_manager
[rosmaster.master][INFO] 2012-12-14 15:32:30,881: +PARAM [/camera/depth/image_rect_raw/compressed/png_level] by /camera_nodelet_manager
[rosmaster.master][INFO] 2012-12-14 15:32:30,883: +PUB [/camera/depth/image_rect_raw] /camera_nodelet_manager http://pc:43034/
[rosmaster.master][INFO] 2012-12-14 15:32:30,884: +PUB [/camera/depth/image_rect_raw/theora] /camera_nodelet_manager http://pc:43034/
[rosmaster.master][INFO] 2012-12-14 15:32:30,886: +SERVICE [/camera/depth/image_rect_raw/theora/set_parameters] /camera_nodelet_manager http://pc:43034/
[rosmaster.master][INFO] 2012-12-14 15:32:30,892: +PUB [/camera/depth/image_rect_raw/theora/parameter_descriptions] /camera_nodelet_manager http://pc:43034/
[rosmaster.master][INFO] 2012-12-14 15:32:30,895: +PUB [/camera/depth/image_rect_raw/theora/parameter_updates] /camera_nodelet_manager http://pc:43034/
[rosmaster.master][INFO] 2012-12-14 15:32:30,902: +PARAM [/camera/depth/image_rect_raw/theora/optimize_for] by /camera_nodelet_manager
[rosmaster.master][INFO] 2012-12-14 15:32:30,905: +PARAM [/camera/depth/image_rect_raw/theora/target_bitrate] by /camera_nodelet_manager
[rosmaster.master][INFO] 2012-12-14 15:32:30,907: +PARAM [/camera/depth/image_rect_raw/theora/quality] by /camera_nodelet_manager
[rosmaster.master][INFO] 2012-12-14 15:32:30,908: +PARAM [/camera/depth/image_rect_raw/theora/keyframe_frequency] by /camera_nodelet_manager
[rosmaster.master][INFO] 2012-12-14 15:32:31,507: +PUB [/camera/depth/image/compressed] /camera_nodelet_manager http://pc:43034/
[rosmaster.master][INFO] 2012-12-14 15:32:31,509: +SERVICE [/camera/depth/image/compressed/set_parameters] /camera_nodelet_manager http://pc:43034/
[rosmaster.master][INFO] 2012-12-14 15:32:31,510: +PUB [/camera/depth/image/compressed/parameter_descriptions] /camera_nodelet_manager http://pc:43034/
[rosmaster.master][INFO] 2012-12-14 15:32:31,512: +PUB [/camera/depth/image/compressed/parameter_updates] /camera_nodelet_manager http://pc:43034/
[rosmaster.master][INFO] 2012-12-14 15:32:31,517: +PARAM [/camera/depth/image/compressed/format] by /camera_nodelet_manager
[rosmaster.master][INFO] 2012-12-14 15:32:31,519: +PARAM [/camera/depth/image/compressed/jpeg_quality] by /camera_nodelet_manager
[rosmaster.master][INFO] 2012-12-14 15:32:31,522: +PARAM [/camera/depth/image/compressed/png_level] by /camera_nodelet_manager
[rosmaster.master][INFO] 2012-12-14 15:32:31,524: +SUB [/camera/depth_registered/image_rect] /depth_detection http://pc:43286/
[rosmaster.master][INFO] 2012-12-14 15:32:31,526: +PUB [/camera/depth/image] /camera_nodelet_manager http://pc:43034/
[rosmaster.master][INFO] 2012-12-14 15:32:31,529: +PUB [/camera/depth/image/theora] /camera_nodelet_manager http://pc:43034/
[rosmaster.master][INFO] 2012-12-14 15:32:31,531: +SUB [/camera/rgb/image_rect_color] /depth_detection http://pc:43286/
[rosmaster.master][INFO] 2012-12-14 15:32:31,537: +SERVICE [/camera/depth/image/theora/set_parameters] /camera_nodelet_manager http://pc:43034/
[rosmaster.master][INFO] 2012-12-14 15:32:31,540: +SUB [/camera/rgb/image_color] /camera_nodelet_manager http://pc:43034/
[rosmaster.master][INFO] 2012-12-14 15:32:31,543: +PUB [/camera/depth/image/theora/parameter_descriptions] /camera_nodelet_manager http://pc:43034/
[rosmaster.master][INFO] 2012-12-14 15:32:31,544: +SUB [/camera/depth_registered/image_rect_raw] /camera_nodelet_manager http://pc:43034/
[rosmaster.master][INFO] 2012-12-14 15:32:31,549: +SUB [/camera/rgb/camera_info] /camera_nodelet_manager http://pc:43034/
[rosmaster.master][INFO] 2012-12-14 15:32:31,551: +SUB [/camera/rgb/image_raw] /camera_nodelet_manager http://pc:43034/
[rosmaster.master][INFO] 2012-12-14 15:32:31,553: +PUB [/camera/depth/image/theora/parameter_updates] /camera_nodelet_manager http://pc:43034/
[rosmaster.master][INFO] 2012-12-14 15:32:31,554: +SUB [/camera/depth_registered/image_raw] /camera_nodelet_manager http://pc:43034/
[rosmaster.master][INFO] 2012-12-14 15:32:31,556: +SUB [/camera/depth_registered/camera_info] /camera_nodelet_manager http://pc:43034/
[rosmaster.master][INFO] 2012-12-14 15:32:31,559: +SUB [/camera/depth/image_rect_raw] /camera_nodelet_manager http://pc:43034/
[rosmaster.master][INFO] 2012-12-14 15:32:31,562: +SUB [/camera/depth/camera_info] /camera_nodelet_manager http://pc:43034/
[rosmaster.master][INFO] 2012-12-14 15:32:31,565: +SUB [/camera/depth/image_raw] /camera_nodelet_manager http://pc:43034/
[rosmaster.master][INFO] 2012-12-14 15:32:31,568: +PARAM [/camera/depth/image/theora/optimize_for] by /camera_nodelet_manager
[rosmaster.master][INFO] 2012-12-14 15:32:31,569: +PARAM [/camera/depth/image/theora/target_bitrate] by /camera_nodelet_manager
[rosmaster.master][INFO] 2012-12-14 15:32:31,570: +PARAM [/camera/depth/image/theora/quality] by /camera_nodelet_manager
[rosmaster.master][INFO] 2012-12-14 15:32:31,572: +PARAM [/camera/depth/image/theora/keyframe_frequency] by /camera_nodelet_manager
[rosmaster.master][INFO] 2012-12-14 15:32:34,705: +SERVICE [/camera/driver/set_parameters] /camera_nodelet_manager http://pc:43034/
[rosmaster.master][INFO] 2012-12-14 15:32:34,706: +PUB [/camera/driver/parameter_descriptions] /camera_nodelet_manager http://pc:43034/
[rosmaster.master][INFO] 2012-12-14 15:32:34,707: +PUB [/camera/driver/parameter_updates] /camera_nodelet_manager http://pc:43034/
[rosmaster.master][INFO] 2012-12-14 15:32:34,718: +PARAM [/camera/driver/image_mode] by /camera_nodelet_manager
[rosmaster.master][INFO] 2012-12-14 15:32:34,719: +PARAM [/camera/driver/depth_mode] by /camera_nodelet_manager
[rosmaster.master][INFO] 2012-12-14 15:32:34,720: +PARAM [/camera/driver/depth_registration] by /camera_nodelet_manager
[rosmaster.master][INFO] 2012-12-14 15:32:34,720: +PARAM [/camera/driver/data_skip] by /camera_nodelet_manager
[rosmaster.master][INFO] 2012-12-14 15:32:34,721: +PARAM [/camera/driver/depth_time_offset] by /camera_nodelet_manager
[rosmaster.master][INFO] 2012-12-14 15:32:34,722: +PARAM [/camera/driver/image_time_offset] by /camera_nodelet_manager
[rosmaster.master][INFO] 2012-12-14 15:32:34,723: +PARAM [/camera/driver/depth_ir_offset_x] by /camera_nodelet_manager
[rosmaster.master][INFO] 2012-12-14 15:32:34,724: +PARAM [/camera/driver/depth_ir_offset_y] by /camera_nodelet_manager
[rosmaster.master][INFO] 2012-12-14 15:32:34,724: +PARAM [/camera/driver/z_offset_mm] by /camera_nodelet_manager
[rosmaster.master][INFO] 2012-12-14 15:32:34,737: +SERVICE [/camera/rgb/set_camera_info] /camera_nodelet_manager http://pc:43034/
[rosmaster.master][INFO] 2012-12-14 15:32:34,740: +SERVICE [/camera/ir/set_camera_info] /camera_nodelet_manager http://pc:43034/
[rosmaster.master][INFO] 2012-12-14 15:32:34,742: +PUB [/camera/rgb/image_raw/compressed] /camera_nodelet_manager http://pc:43034/
[rosmaster.master][INFO] 2012-12-14 15:32:34,743: +SERVICE [/camera/rgb/image_raw/compressed/set_parameters] /camera_nodelet_manager http://pc:43034/
[rosmaster.master][INFO] 2012-12-14 15:32:34,745: +PUB [/camera/rgb/image_raw/compressed/parameter_descriptions] /camera_nodelet_manager http://pc:43034/
[rosmaster.master][INFO] 2012-12-14 15:32:34,747: +PUB [/camera/rgb/image_raw/compressed/parameter_updates] /camera_nodelet_manager http://pc:43034/
[rosmaster.master][INFO] 2012-12-14 15:32:34,753: +SUB [/camera/driver/parameter_updates] /set_dr http://pc:36342/
[rosmaster.master][INFO] 2012-12-14 15:32:34,755: +PARAM [/camera/rgb/image_raw/compressed/format] by /camera_nodelet_manager
[rosmaster.master][INFO] 2012-12-14 15:32:34,756: +SUB [/camera/driver/parameter_descriptions] /set_dr http://pc:36342/
[rosmaster.master][INFO] 2012-12-14 15:32:34,757: +PARAM [/camera/rgb/image_raw/compressed/jpeg_quality] by /camera_nodelet_manager
[rosmaster.master][INFO] 2012-12-14 15:32:34,759: +PARAM [/camera/rgb/image_raw/compressed/png_level] by /camera_nodelet_manager
[rosmaster.master][INFO] 2012-12-14 15:32:34,761: +PUB [/camera/rgb/image_raw] /camera_nodelet_manager http://pc:43034/
[rosmaster.master][INFO] 2012-12-14 15:32:34,763: +PUB [/camera/rgb/image_raw/theora] /camera_nodelet_manager http://pc:43034/
[rosmaster.master][INFO] 2012-12-14 15:32:34,765: +SERVICE [/camera/rgb/image_raw/theora/set_parameters] /camera_nodelet_manager http://pc:43034/
[rosmaster.master][INFO] 2012-12-14 15:32:34,770: +PUB [/camera/rgb/image_raw/theora/parameter_descriptions] /camera_nodelet_manager http://pc:43034/
[rosmaster.master][INFO] 2012-12-14 15:32:34,772: +PUB [/camera/rgb/image_raw/theora/parameter_updates] /camera_nodelet_manager http://pc:43034/
[rosmaster.master][INFO] 2012-12-14 15:32:34,777: +PARAM [/camera/rgb/image_raw/theora/optimize_for] by /camera_nodelet_manager
[rosmaster.master][INFO] 2012-12-14 15:32:34,778: +PARAM [/camera/rgb/image_raw/theora/target_bitrate] by /camera_nodelet_manager
[rosmaster.master][INFO] 2012-12-14 15:32:34,779: +PARAM [/camera/rgb/image_raw/theora/quality] by /camera_nodelet_manager
[rosmaster.master][INFO] 2012-12-14 15:32:34,779: +PARAM [/camera/rgb/image_raw/theora/keyframe_frequency] by /camera_nodelet_manager
[rosmaster.master][INFO] 2012-12-14 15:32:34,780: +PUB [/camera/rgb/camera_info] /camera_nodelet_manager http://pc:43034/
[rosmaster.master][INFO] 2012-12-14 15:32:34,781: +PUB [/camera/ir/image_raw/compressed] /camera_nodelet_manager http://pc:43034/
[rosmaster.master][INFO] 2012-12-14 15:32:34,782: +SERVICE [/camera/ir/image_raw/compressed/set_parameters] /camera_nodelet_manager http://pc:43034/
[rosmaster.master][INFO] 2012-12-14 15:32:34,783: +PUB [/camera/ir/image_raw/compressed/parameter_descriptions] /camera_nodelet_manager http://pc:43034/
[rosmaster.master][INFO] 2012-12-14 15:32:34,784: +PUB [/camera/ir/image_raw/compressed/parameter_updates] /camera_nodelet_manager http://pc:43034/
[rosmaster.master][INFO] 2012-12-14 15:32:34,788: +PARAM [/camera/ir/image_raw/compressed/format] by /camera_nodelet_manager
[rosmaster.master][INFO] 2012-12-14 15:32:34,789: +PARAM [/camera/ir/image_raw/compressed/jpeg_quality] by /camera_nodelet_manager
[rosmaster.master][INFO] 2012-12-14 15:32:34,791: +PARAM [/camera/ir/image_raw/compressed/png_level] by /camera_nodelet_manager
[rosmaster.master][INFO] 2012-12-14 15:32:34,795: +PUB [/camera/ir/image_raw] /camera_nodelet_manager http://pc:43034/
[rosmaster.master][INFO] 2012-12-14 15:32:34,802: +PUB [/camera/ir/image_raw/theora] /camera_nodelet_manager http://pc:43034/
[rosmaster.master][INFO] 2012-12-14 15:32:34,804: +SERVICE [/camera/ir/image_raw/theora/set_parameters] /camera_nodelet_manager http://pc:43034/
[rosmaster.master][INFO] 2012-12-14 15:32:34,806: +PUB [/camera/ir/image_raw/theora/parameter_descriptions] /camera_nodelet_manager http://pc:43034/
[rosmaster.master][INFO] 2012-12-14 15:32:34,808: +PUB [/camera/ir/image_raw/theora/parameter_updates] /camera_nodelet_manager http://pc:43034/
[rosmaster.master][INFO] 2012-12-14 15:32:34,814: +PARAM [/camera/ir/image_raw/theora/optimize_for] by /camera_nodelet_manager
[rosmaster.master][INFO] 2012-12-14 15:32:34,815: +PARAM [/camera/ir/image_raw/theora/target_bitrate] by /camera_nodelet_manager
[rosmaster.master][INFO] 2012-12-14 15:32:34,817: +PARAM [/camera/ir/image_raw/theora/quality] by /camera_nodelet_manager
[rosmaster.master][INFO] 2012-12-14 15:32:34,818: +PARAM [/camera/ir/image_raw/theora/keyframe_frequency] by /camera_nodelet_manager
[rosmaster.master][INFO] 2012-12-14 15:32:34,820: +PUB [/camera/ir/camera_info] /camera_nodelet_manager http://pc:43034/
[rosmaster.master][INFO] 2012-12-14 15:32:34,823: +PUB [/camera/depth/image_raw/compressed] /camera_nodelet_manager http://pc:43034/
[rosmaster.master][INFO] 2012-12-14 15:32:34,825: +SERVICE [/camera/depth/image_raw/compressed/set_parameters] /camera_nodelet_manager http://pc:43034/
[rosmaster.master][INFO] 2012-12-14 15:32:34,827: +PUB [/camera/depth/image_raw/compressed/parameter_descriptions] /camera_nodelet_manager http://pc:43034/
[rosmaster.master][INFO] 2012-12-14 15:32:34,830: +PUB [/camera/depth/image_raw/compressed/parameter_updates] /camera_nodelet_manager http://pc:43034/
[rosmaster.master][INFO] 2012-12-14 15:32:34,837: +PARAM [/camera/depth/image_raw/compressed/format] by /camera_nodelet_manager
[rosmaster.master][INFO] 2012-12-14 15:32:34,840: +PARAM [/camera/depth/image_raw/compressed/jpeg_quality] by /camera_nodelet_manager
[rosmaster.master][INFO] 2012-12-14 15:32:34,840: publisherUpdate[/camera/rgb/image_raw] -> http://pc:43034/
[rosmaster.master][INFO] 2012-12-14 15:32:34,843: publisherUpdate[/camera/rgb/camera_info] -> http://pc:43034/
[rosmaster.master][INFO] 2012-12-14 15:32:34,846: +PARAM [/camera/depth/image_raw/compressed/png_level] by /camera_nodelet_manager
[rosmaster.master][INFO] 2012-12-14 15:32:34,850: +PUB [/camera/depth/image_raw] /camera_nodelet_manager http://pc:43034/
[rosmaster.master][INFO] 2012-12-14 15:32:34,852: publisherUpdate[/camera/depth/image_raw] -> http://pc:43034/
[rosmaster.master][INFO] 2012-12-14 15:32:34,855: +PUB [/camera/depth/image_raw/theora] /camera_nodelet_manager http://pc:43034/
[rosmaster.master][INFO] 2012-12-14 15:32:34,859: +SERVICE [/camera/depth/image_raw/theora/set_parameters] /camera_nodelet_manager http://pc:43034/
[rosmaster.master][INFO] 2012-12-14 15:32:34,860: +PUB [/camera/depth/image_raw/theora/parameter_descriptions] /camera_nodelet_manager http://pc:43034/
[rosmaster.master][INFO] 2012-12-14 15:32:34,862: +PUB [/camera/depth/image_raw/theora/parameter_updates] /camera_nodelet_manager http://pc:43034/
[rosmaster.master][INFO] 2012-12-14 15:32:34,868: +PARAM [/camera/depth/image_raw/theora/optimize_for] by /camera_nodelet_manager
[rosmaster.master][INFO] 2012-12-14 15:32:34,870: +PARAM [/camera/depth/image_raw/theora/target_bitrate] by /camera_nodelet_manager
[rosmaster.master][INFO] 2012-12-14 15:32:34,872: +PARAM [/camera/depth/image_raw/theora/quality] by /camera_nodelet_manager
[rosmaster.master][INFO] 2012-12-14 15:32:34,874: +PARAM [/camera/depth/image_raw/theora/keyframe_frequency] by /camera_nodelet_manager
[rosmaster.master][INFO] 2012-12-14 15:32:34,876: +PUB [/camera/depth/camera_info] /camera_nodelet_manager http://pc:43034/
[rosmaster.master][INFO] 2012-12-14 15:32:34,877: +PUB [/camera/projector/camera_info] /camera_nodelet_manager http://pc:43034/
[rosmaster.master][INFO] 2012-12-14 15:32:34,879: +PUB [/camera/depth_registered/image_raw/compressed] /camera_nodelet_manager http://pc:43034/
[rosmaster.master][INFO] 2012-12-14 15:32:34,880: +SERVICE [/camera/depth_registered/image_raw/compressed/set_parameters] /camera_nodelet_manager http://pc:43034/
[rosmaster.master][INFO] 2012-12-14 15:32:34,881: +PUB [/camera/depth_registered/image_raw/compressed/parameter_descriptions] /camera_nodelet_manager http://pc:43034/
[rosmaster.master][INFO] 2012-12-14 15:32:34,883: +PUB [/camera/depth_registered/image_raw/compressed/parameter_updates] /camera_nodelet_manager http://pc:43034/
[rosmaster.master][INFO] 2012-12-14 15:32:34,888: +PARAM [/camera/depth_registered/image_raw/compressed/format] by /camera_nodelet_manager
[rosmaster.master][INFO] 2012-12-14 15:32:34,891: +PARAM [/camera/depth_registered/image_raw/compressed/jpeg_quality] by /camera_nodelet_manager
[rosmaster.master][INFO] 2012-12-14 15:32:34,893: +PARAM [/camera/depth_registered/image_raw/compressed/png_level] by /camera_nodelet_manager
[rosmaster.master][INFO] 2012-12-14 15:32:34,895: +PUB [/camera/depth_registered/image_raw] /camera_nodelet_manager http://pc:43034/
[rosmaster.master][INFO] 2012-12-14 15:32:34,896: +PUB [/camera/depth_registered/image_raw/theora] /camera_nodelet_manager http://pc:43034/
[rosmaster.master][INFO] 2012-12-14 15:32:34,898: +SERVICE [/camera/depth_registered/image_raw/theora/set_parameters] /camera_nodelet_manager http://pc:43034/
[rosmaster.master][INFO] 2012-12-14 15:32:34,899: +PUB [/camera/depth_registered/image_raw/theora/parameter_descriptions] /camera_nodelet_manager http://pc:43034/
[rosmaster.master][INFO] 2012-12-14 15:32:34,900: +PUB [/camera/depth_registered/image_raw/theora/parameter_updates] /camera_nodelet_manager http://pc:43034/
[rosmaster.master][INFO] 2012-12-14 15:32:34,908: +PARAM [/camera/depth_registered/image_raw/theora/optimize_for] by /camera_nodelet_manager
[rosmaster.master][INFO] 2012-12-14 15:32:34,910: +PARAM [/camera/depth_registered/image_raw/theora/target_bitrate] by /camera_nodelet_manager
[rosmaster.master][INFO] 2012-12-14 15:32:34,912: +PARAM [/camera/depth_registered/image_raw/theora/quality] by /camera_nodelet_manager
[rosmaster.master][INFO] 2012-12-14 15:32:34,913: +PARAM [/camera/depth_registered/image_raw/theora/keyframe_frequency] by /camera_nodelet_manager
[rosmaster.master][INFO] 2012-12-14 15:32:34,941: publisherUpdate[/camera/depth/camera_info] -> http://pc:43034/
[rosmaster.master][INFO] 2012-12-14 15:32:34,943: publisherUpdate[/camera/depth_registered/image_raw] -> http://pc:43034/
[rosmaster.master][INFO] 2012-12-14 15:32:38,078: +PARAM [/camera/driver/image_mode] by /camera_nodelet_manager
[rosmaster.master][INFO] 2012-12-14 15:32:38,081: +PARAM [/camera/driver/depth_mode] by /camera_nodelet_manager
[rosmaster.master][INFO] 2012-12-14 15:32:38,083: +PARAM [/camera/driver/depth_registration] by /camera_nodelet_manager
[rosmaster.master][INFO] 2012-12-14 15:32:38,085: +PARAM [/camera/driver/data_skip] by /camera_nodelet_manager
[rosmaster.master][INFO] 2012-12-14 15:32:38,087: +PARAM [/camera/driver/depth_time_offset] by /camera_nodelet_manager
[rosmaster.master][INFO] 2012-12-14 15:32:38,088: +PARAM [/camera/driver/image_time_offset] by /camera_nodelet_manager
[rosmaster.master][INFO] 2012-12-14 15:32:38,090: +PARAM [/camera/driver/depth_ir_offset_x] by /camera_nodelet_manager
[rosmaster.master][INFO] 2012-12-14 15:32:38,092: +PARAM [/camera/driver/depth_ir_offset_y] by /camera_nodelet_manager
[rosmaster.master][INFO] 2012-12-14 15:32:38,093: +PARAM [/camera/driver/z_offset_mm] by /camera_nodelet_manager
[rosmaster.master][INFO] 2012-12-14 15:32:38,096: -SUB [/camera/driver/parameter_updates] /set_dr http://pc:36342/
[rosmaster.master][INFO] 2012-12-14 15:32:38,097: -SUB [/camera/driver/parameter_descriptions] /set_dr http://pc:36342/
[rosmaster.master][INFO] 2012-12-14 15:32:38,097: -PUB [/rosout] /set_dr http://pc:36342/
[rosmaster.master][INFO] 2012-12-14 15:32:38,150: publisherUpdate[/rosout] -> http://pc:57070/
[rosmaster.master][INFO] 2012-12-14 15:37:44,002: -PUB [/rosout] /camera_base_link3 http://pc:38900/
[rosmaster.master][INFO] 2012-12-14 15:37:44,004: -PUB [/tf] /camera_base_link3 http://pc:38900/
[rosmaster.master][INFO] 2012-12-14 15:37:44,005: -SERVICE [/camera_base_link3/get_loggers] /camera_base_link3 rosrpc://pc:58054
[rosmaster.master][INFO] 2012-12-14 15:37:44,006: -SERVICE [/camera_base_link3/set_logger_level] /camera_base_link3 rosrpc://pc:58054
[rosmaster.master][INFO] 2012-12-14 15:37:44,032: publisherUpdate[/rosout] -> http://pc:57070/
[rosmaster.master][INFO] 2012-12-14 15:37:44,033: publisherUpdate[/tf] -> http://pc:43034/
[rosmaster.master][INFO] 2012-12-14 15:37:44,098: -PUB [/rosout] /camera_base_link http://pc:42209/
[rosmaster.master][INFO] 2012-12-14 15:37:44,099: -PUB [/tf] /camera_base_link http://pc:42209/
[rosmaster.master][INFO] 2012-12-14 15:37:44,100: -SERVICE [/camera_base_link/get_loggers] /camera_base_link rosrpc://pc:50692
[rosmaster.master][INFO] 2012-12-14 15:37:44,101: -SERVICE [/camera_base_link/set_logger_level] /camera_base_link rosrpc://pc:50692
[rosmaster.master][INFO] 2012-12-14 15:37:44,102: -PUB [/rosout] /camera_base_link2 http://pc:59099/
[rosmaster.master][INFO] 2012-12-14 15:37:44,103: -PUB [/tf] /camera_base_link2 http://pc:59099/
[rosmaster.master][INFO] 2012-12-14 15:37:44,104: -SERVICE [/camera_base_link2/get_loggers] /camera_base_link2 rosrpc://pc:59936
[rosmaster.master][INFO] 2012-12-14 15:37:44,105: -SERVICE [/camera_base_link2/set_logger_level] /camera_base_link2 rosrpc://pc:59936
[rosmaster.master][INFO] 2012-12-14 15:37:44,111: -PUB [/rosout] /camera_base_link1 http://pc:39602/
[rosmaster.master][INFO] 2012-12-14 15:37:44,115: -PUB [/tf] /camera_base_link1 http://pc:39602/
[rosmaster.master][INFO] 2012-12-14 15:37:44,116: -SERVICE [/camera_base_link1/get_loggers] /camera_base_link1 rosrpc://pc:55982
[rosmaster.master][INFO] 2012-12-14 15:37:44,117: -SERVICE [/camera_base_link1/set_logger_level] /camera_base_link1 rosrpc://pc:55982
[rosmaster.master][INFO] 2012-12-14 15:37:44,134: publisherUpdate[/rosout] -> http://pc:57070/
[rosmaster.master][INFO] 2012-12-14 15:37:44,136: publisherUpdate[/tf] -> http://pc:43034/
[rosmaster.master][INFO] 2012-12-14 15:37:44,137: publisherUpdate[/rosout] -> http://pc:57070/
[rosmaster.master][INFO] 2012-12-14 15:37:44,139: publisherUpdate[/tf] -> http://pc:43034/
[rosmaster.master][INFO] 2012-12-14 15:37:44,140: publisherUpdate[/rosout] -> http://pc:57070/
[rosmaster.master][INFO] 2012-12-14 15:37:44,142: publisherUpdate[/tf] -> http://pc:43034/
[rosmaster.master][INFO] 2012-12-14 15:37:44,327: -SUB [/camera/depth_registered/image_rect] /depth_detection http://pc:43286/
[rosmaster.master][INFO] 2012-12-14 15:37:44,327: -SUB [/camera/rgb/image_rect_color] /depth_detection http://pc:43286/
[rosmaster.master][INFO] 2012-12-14 15:37:44,327: -PUB [/rosout] /depth_detection http://pc:43286/
[rosmaster.master][INFO] 2012-12-14 15:37:44,344: publisherUpdate[/rosout] -> http://pc:57070/
[rosmaster.master][INFO] 2012-12-14 15:37:44,348: -SUB [/camera/depth_registered/image_rect_raw] /camera_nodelet_manager http://pc:43034/
[rosmaster.master][INFO] 2012-12-14 15:37:44,350: -SUB [/camera/depth_registered/image_raw] /camera_nodelet_manager http://pc:43034/
[rosmaster.master][INFO] 2012-12-14 15:37:44,351: -SUB [/camera/depth_registered/camera_info] /camera_nodelet_manager http://pc:43034/
[rosmaster.master][INFO] 2012-12-14 15:37:44,352: -SUB [/camera/depth/image_rect_raw] /camera_nodelet_manager http://pc:43034/
[rosmaster.master][INFO] 2012-12-14 15:37:44,354: -SUB [/camera/depth/image_raw] /camera_nodelet_manager http://pc:43034/
[rosmaster.master][INFO] 2012-12-14 15:37:44,355: -SUB [/camera/depth/camera_info] /camera_nodelet_manager http://pc:43034/
[rosmaster.master][INFO] 2012-12-14 15:37:44,474: -PUB [/camera/depth_registered/points] /camera_nodelet_manager http://pc:43034/
[rosmaster.master][INFO] 2012-12-14 15:37:44,476: -PUB [/camera/depth/disparity] /camera_nodelet_manager http://pc:43034/
[rosmaster.master][INFO] 2012-12-14 15:37:44,477: -PUB [/camera/depth_registered/disparity] /camera_nodelet_manager http://pc:43034/
[rosmaster.master][INFO] 2012-12-14 15:37:44,479: -PUB [/camera/depth_registered/rectify_depth/parameter_descriptions] /camera_nodelet_manager http://pc:43034/
[rosmaster.master][INFO] 2012-12-14 15:37:44,480: -PUB [/camera/depth_registered/rectify_depth/parameter_updates] /camera_nodelet_manager http://pc:43034/
[rosmaster.master][INFO] 2012-12-14 15:37:44,481: -SERVICE [/camera/depth_registered/rectify_depth/set_parameters] /camera_nodelet_manager rosrpc://pc:47781
[rosmaster.master][INFO] 2012-12-14 15:37:44,482: -PUB [/camera/depth/points] /camera_nodelet_manager http://pc:43034/
[rosmaster.master][INFO] 2012-12-14 15:37:44,490: -PUB [/rosout] /camera/depth_registered/metric_rect http://pc:47023/
[rosmaster.master][INFO] 2012-12-14 15:37:44,492: -SERVICE [/camera/depth_registered/metric_rect/get_loggers] /camera/depth_registered/metric_rect rosrpc://pc:57142
[rosmaster.master][INFO] 2012-12-14 15:37:44,494: -SERVICE [/camera/depth_registered/metric_rect/set_logger_level] /camera/depth_registered/metric_rect rosrpc://pc:57142
[rosmaster.master][INFO] 2012-12-14 15:37:44,514: -PUB [/rosout] /camera/depth_registered/metric http://pc:54768/
[rosmaster.master][INFO] 2012-12-14 15:37:44,516: -SERVICE [/camera/depth_registered/metric/get_loggers] /camera/depth_registered/metric rosrpc://pc:35618
[rosmaster.master][INFO] 2012-12-14 15:37:44,518: -SERVICE [/camera/depth_registered/metric/set_logger_level] /camera/depth_registered/metric rosrpc://pc:35618
[rosmaster.master][INFO] 2012-12-14 15:37:44,546: publisherUpdate[/rosout] -> http://pc:57070/
[rosmaster.master][INFO] 2012-12-14 15:37:44,548: publisherUpdate[/rosout] -> http://pc:57070/
[rosmaster.master][INFO] 2012-12-14 15:37:44,598: -PUB [/rosout] /camera/disparity_depth http://pc:50969/
[rosmaster.master][INFO] 2012-12-14 15:37:44,600: -SERVICE [/camera/disparity_depth/get_loggers] /camera/disparity_depth rosrpc://pc:37082
[rosmaster.master][INFO] 2012-12-14 15:37:44,601: -PUB [/rosout] /camera/disparity_depth_registered http://pc:33016/
[rosmaster.master][INFO] 2012-12-14 15:37:44,602: -SERVICE [/camera/disparity_depth/set_logger_level] /camera/disparity_depth rosrpc://pc:37082
[rosmaster.master][INFO] 2012-12-14 15:37:44,604: -SERVICE [/camera/disparity_depth_registered/get_loggers] /camera/disparity_depth_registered rosrpc://pc:54942
[rosmaster.master][INFO] 2012-12-14 15:37:44,606: -SERVICE [/camera/disparity_depth_registered/set_logger_level] /camera/disparity_depth_registered rosrpc://pc:54942
[rosmaster.master][INFO] 2012-12-14 15:37:44,615: -PUB [/rosout] /camera/depth/points http://pc:36687/
[rosmaster.master][INFO] 2012-12-14 15:37:44,618: -PUB [/rosout] /camera/depth_registered/rectify_depth http://pc:33862/
[rosmaster.master][INFO] 2012-12-14 15:37:44,619: -SERVICE [/camera/depth/points/get_loggers] /camera/depth/points rosrpc://pc:44505
[rosmaster.master][INFO] 2012-12-14 15:37:44,620: -SERVICE [/camera/depth_registered/rectify_depth/get_loggers] /camera/depth_registered/rectify_depth rosrpc://pc:56249
[rosmaster.master][INFO] 2012-12-14 15:37:44,621: -SERVICE [/camera/depth/points/set_logger_level] /camera/depth/points rosrpc://pc:44505
[rosmaster.master][INFO] 2012-12-14 15:37:44,622: -SERVICE [/camera/depth_registered/rectify_depth/set_logger_level] /camera/depth_registered/rectify_depth rosrpc://pc:56249
[rosmaster.master][INFO] 2012-12-14 15:37:44,650: publisherUpdate[/rosout] -> http://pc:57070/
[rosmaster.master][INFO] 2012-12-14 15:37:44,651: publisherUpdate[/rosout] -> http://pc:57070/
[rosmaster.master][INFO] 2012-12-14 15:37:44,653: publisherUpdate[/rosout] -> http://pc:57070/
[rosmaster.master][INFO] 2012-12-14 15:37:44,654: publisherUpdate[/rosout] -> http://pc:57070/
[rosmaster.master][INFO] 2012-12-14 15:37:44,814: -PUB [/rosout] /camera/points_xyzrgb_depth_rgb http://pc:52810/
[rosmaster.master][INFO] 2012-12-14 15:37:44,816: -SERVICE [/camera/points_xyzrgb_depth_rgb/get_loggers] /camera/points_xyzrgb_depth_rgb rosrpc://pc:39801
[rosmaster.master][INFO] 2012-12-14 15:37:44,817: -SERVICE [/camera/points_xyzrgb_depth_rgb/set_logger_level] /camera/points_xyzrgb_depth_rgb rosrpc://pc:39801
[rosmaster.master][INFO] 2012-12-14 15:37:44,855: publisherUpdate[/rosout] -> http://pc:57070/
[rosmaster.master][INFO] 2012-12-14 15:37:44,866: -PUB [/rosout] /camera/depth/metric http://pc:49675/
[rosmaster.master][INFO] 2012-12-14 15:37:44,867: -SERVICE [/camera/depth/metric/get_loggers] /camera/depth/metric rosrpc://pc:45314
[rosmaster.master][INFO] 2012-12-14 15:37:44,868: -SERVICE [/camera/depth/metric/set_logger_level] /camera/depth/metric rosrpc://pc:45314
[rosmaster.master][INFO] 2012-12-14 15:37:44,875: publisherUpdate[/rosout] -> http://pc:57070/
[rosmaster.master][INFO] 2012-12-14 15:37:44,891: -PUB [/rosout] /camera/register_depth_rgb http://pc:53431/
[rosmaster.master][INFO] 2012-12-14 15:37:44,894: -SERVICE [/camera/register_depth_rgb/get_loggers] /camera/register_depth_rgb rosrpc://pc:54925
[rosmaster.master][INFO] 2012-12-14 15:37:44,896: -SERVICE [/camera/register_depth_rgb/set_logger_level] /camera/register_depth_rgb rosrpc://pc:54925
[rosmaster.master][INFO] 2012-12-14 15:37:44,956: publisherUpdate[/rosout] -> http://pc:57070/
[rosmaster.master][INFO] 2012-12-14 15:37:57,302: -PUB [/rosout] /camera/depth/rectify_depth http://pc:56865/
[rosmaster.master][INFO] 2012-12-14 15:37:57,304: -PUB [/rosout] /camera/driver http://pc:34558/
[rosmaster.master][INFO] 2012-12-14 15:37:57,308: -SERVICE [/camera/driver/get_loggers] /camera/driver rosrpc://pc:33615
[rosmaster.master][INFO] 2012-12-14 15:37:57,309: -SERVICE [/camera/depth/rectify_depth/get_loggers] /camera/depth/rectify_depth rosrpc://pc:33331
[rosmaster.master][INFO] 2012-12-14 15:37:57,312: -SERVICE [/camera/driver/set_logger_level] /camera/driver rosrpc://pc:33615
[rosmaster.master][INFO] 2012-12-14 15:37:57,314: -SERVICE [/camera/depth/rectify_depth/set_logger_level] /camera/depth/rectify_depth rosrpc://pc:33331
[rosmaster.master][INFO] 2012-12-14 15:37:57,322: -PUB [/rosout] /camera/rgb/debayer http://pc:39210/
[rosmaster.master][INFO] 2012-12-14 15:37:57,326: -PUB [/rosout] /camera/ir/rectify_ir http://pc:38026/
[rosmaster.master][INFO] 2012-12-14 15:37:57,327: -PUB [/rosout] /camera/depth/metric_rect http://pc:34577/
[rosmaster.master][INFO] 2012-12-14 15:37:57,331: -SERVICE [/camera/rgb/debayer/get_loggers] /camera/rgb/debayer rosrpc://pc:51865
[rosmaster.master][INFO] 2012-12-14 15:37:57,335: -SERVICE [/camera/ir/rectify_ir/get_loggers] /camera/ir/rectify_ir rosrpc://pc:48274
[rosmaster.master][INFO] 2012-12-14 15:37:57,338: -SERVICE [/camera/rgb/debayer/set_logger_level] /camera/rgb/debayer rosrpc://pc:51865
[rosmaster.master][INFO] 2012-12-14 15:37:57,340: -SERVICE [/camera/ir/rectify_ir/set_logger_level] /camera/ir/rectify_ir rosrpc://pc:48274
[rosmaster.master][INFO] 2012-12-14 15:37:57,344: -PUB [/rosout] /camera/rgb/rectify_color http://pc:53227/
[rosmaster.master][INFO] 2012-12-14 15:37:57,347: -SERVICE [/camera/depth/metric_rect/get_loggers] /camera/depth/metric_rect rosrpc://pc:60530
[rosmaster.master][INFO] 2012-12-14 15:37:57,349: -SERVICE [/camera/rgb/rectify_color/get_loggers] /camera/rgb/rectify_color rosrpc://pc:56424
[rosmaster.master][INFO] 2012-12-14 15:37:57,351: -SERVICE [/camera/depth/metric_rect/set_logger_level] /camera/depth/metric_rect rosrpc://pc:60530
[rosmaster.master][INFO] 2012-12-14 15:37:57,353: -SERVICE [/camera/rgb/rectify_color/set_logger_level] /camera/rgb/rectify_color rosrpc://pc:56424
[rosmaster.master][INFO] 2012-12-14 15:37:57,356: -PUB [/rosout] /camera/rgb/rectify_mono http://pc:59530/
[rosmaster.master][INFO] 2012-12-14 15:37:57,358: -SERVICE [/camera/rgb/rectify_mono/get_loggers] /camera/rgb/rectify_mono rosrpc://pc:35254
[rosmaster.master][INFO] 2012-12-14 15:37:57,361: -SERVICE [/camera/rgb/rectify_mono/set_logger_level] /camera/rgb/rectify_mono rosrpc://pc:35254
[rosmaster.master][INFO] 2012-12-14 15:37:57,378: publisherUpdate[/rosout] -> http://pc:57070/
[rosmaster.master][INFO] 2012-12-14 15:37:57,380: publisherUpdate[/rosout] -> http://pc:57070/
[rosmaster.master][INFO] 2012-12-14 15:37:57,382: publisherUpdate[/rosout] -> http://pc:57070/
[rosmaster.master][INFO] 2012-12-14 15:37:57,383: publisherUpdate[/rosout] -> http://pc:57070/
[rosmaster.master][INFO] 2012-12-14 15:37:57,385: publisherUpdate[/rosout] -> http://pc:57070/
[rosmaster.master][INFO] 2012-12-14 15:37:57,386: publisherUpdate[/rosout] -> http://pc:57070/
[rosmaster.master][INFO] 2012-12-14 15:37:57,388: publisherUpdate[/rosout] -> http://pc:57070/
[rosmaster.master][INFO] 2012-12-14 15:37:57,790: -PUB [/rosout_agg] /rosout http://pc:57070/
[rosmaster.master][INFO] 2012-12-14 15:37:57,791: -SUB [/rosout] /rosout http://pc:57070/
[rosmaster.master][INFO] 2012-12-14 15:37:57,792: -SERVICE [/rosout/get_loggers] /rosout rosrpc://pc:39166
[rosmaster.master][INFO] 2012-12-14 15:37:57,793: -SERVICE [/rosout/set_logger_level] /rosout rosrpc://pc:39166
[rosmaster.main][INFO] 2012-12-14 15:37:57,845: keyboard interrupt, will exit
[rosmaster.main][INFO] 2012-12-14 15:37:57,846: stopping master...
