[rosmaster.main][INFO] 2012-12-14 14:42:26,650: initialization complete, waiting for shutdown
[rosmaster.main][INFO] 2012-12-14 14:42:26,650: Starting ROS Master Node
[xmlrpc][INFO] 2012-12-14 14:42:26,652: XML-RPC server binding to 0.0.0.0
[xmlrpc][INFO] 2012-12-14 14:42:26,653: Started XML-RPC server [http://pc:11311/]
[rosmaster.master][INFO] 2012-12-14 14:42:26,653: Master initialized: port[11311], uri[http://pc:11311/]
[xmlrpc][INFO] 2012-12-14 14:42:26,654: xml rpc node: starting XML-RPC server
[rosmaster.master][INFO] 2012-12-14 14:42:26,666: +PARAM [/run_id] by /roslaunch
[rosmaster.master][INFO] 2012-12-14 14:42:26,670: +PARAM [/roslaunch/uris/host_pc__41505] by /roslaunch
[rosmaster.master][INFO] 2012-12-14 14:42:26,695: +PARAM [/rosdistro] by /roslaunch
[rosmaster.master][INFO] 2012-12-14 14:42:26,695: +PARAM [/camera/driver/rgb_frame_id] by /roslaunch
[rosmaster.master][INFO] 2012-12-14 14:42:26,695: +PARAM [/camera/disparity_depth_registered/min_range] by /roslaunch
[rosmaster.master][INFO] 2012-12-14 14:42:26,695: +PARAM [/camera/driver/rgb_camera_info_url] by /roslaunch
[rosmaster.master][INFO] 2012-12-14 14:42:26,695: +PARAM [/camera/depth_registered/rectify_depth/interpolation] by /roslaunch
[rosmaster.master][INFO] 2012-12-14 14:42:26,695: +PARAM [/camera/driver/depth_frame_id] by /roslaunch
[rosmaster.master][INFO] 2012-12-14 14:42:26,696: +PARAM [/camera/depth/rectify_depth/interpolation] by /roslaunch
[rosmaster.master][INFO] 2012-12-14 14:42:26,696: +PARAM [/camera/disparity_depth/max_range] by /roslaunch
[rosmaster.master][INFO] 2012-12-14 14:42:26,696: +PARAM [/rosversion] by /roslaunch
[rosmaster.master][INFO] 2012-12-14 14:42:26,696: +PARAM [/camera/driver/device_id] by /roslaunch
[rosmaster.master][INFO] 2012-12-14 14:42:26,696: +PARAM [/camera/driver/depth_camera_info_url] by /roslaunch
[rosmaster.master][INFO] 2012-12-14 14:42:26,696: +PARAM [/camera/disparity_depth/min_range] by /roslaunch
[rosmaster.master][INFO] 2012-12-14 14:42:26,696: +PARAM [/camera/disparity_depth_registered/max_range] by /roslaunch
[rosmaster.master][INFO] 2012-12-14 14:42:26,700: +SERVICE [/rosout/get_loggers] /rosout http://pc:52426/
[rosmaster.master][INFO] 2012-12-14 14:42:26,701: +SERVICE [/rosout/set_logger_level] /rosout http://pc:52426/
[rosmaster.master][INFO] 2012-12-14 14:42:26,704: +PUB [/rosout_agg] /rosout http://pc:52426/
[rosmaster.master][INFO] 2012-12-14 14:42:26,705: +SUB [/rosout] /rosout http://pc:52426/
[rosmaster.master][INFO] 2012-12-14 14:42:26,729: +PUB [/rosout] /camera/driver http://pc:43336/
[rosmaster.master][INFO] 2012-12-14 14:42:26,731: +SERVICE [/camera/driver/get_loggers] /camera/driver http://pc:43336/
[rosmaster.master][INFO] 2012-12-14 14:42:26,732: +SERVICE [/camera/driver/set_logger_level] /camera/driver http://pc:43336/
[rosmaster.master][INFO] 2012-12-14 14:42:26,744: +PUB [/rosout] /camera/rgb/debayer http://pc:60874/
[rosmaster.master][INFO] 2012-12-14 14:42:26,745: +PARAM [/camera/driver] by /camera/driver
[rosmaster.master][INFO] 2012-12-14 14:42:26,748: +SERVICE [/camera/rgb/debayer/get_loggers] /camera/rgb/debayer http://pc:60874/
[rosmaster.master][INFO] 2012-12-14 14:42:26,751: publisherUpdate[/rosout] -> http://pc:52426/
[rosmaster.master][INFO] 2012-12-14 14:42:26,754: +PUB [/rosout] /camera/rgb/rectify_mono http://pc:58594/
[rosmaster.master][INFO] 2012-12-14 14:42:26,757: publisherUpdate[/rosout] -> http://pc:52426/
[rosmaster.master][INFO] 2012-12-14 14:42:26,757: +SERVICE [/camera/rgb/debayer/set_logger_level] /camera/rgb/debayer http://pc:60874/
[rosmaster.master][INFO] 2012-12-14 14:42:26,759: publisherUpdate[/rosout] -> http://pc:52426/
[rosmaster.master][INFO] 2012-12-14 14:42:26,760: +SERVICE [/camera/rgb/rectify_mono/get_loggers] /camera/rgb/rectify_mono http://pc:58594/
[rosmaster.master][INFO] 2012-12-14 14:42:26,762: +SERVICE [/camera/rgb/rectify_mono/set_logger_level] /camera/rgb/rectify_mono http://pc:58594/
[rosmaster.master][INFO] 2012-12-14 14:42:26,773: +PUB [/rosout] /camera/rgb/rectify_color http://pc:60306/
[rosmaster.master][INFO] 2012-12-14 14:42:26,799: +SERVICE [/camera/rgb/rectify_color/get_loggers] /camera/rgb/rectify_color http://pc:60306/
[rosmaster.master][INFO] 2012-12-14 14:42:26,803: +PUB [/rosout] /camera/ir/rectify_ir http://pc:36355/
[rosmaster.master][INFO] 2012-12-14 14:42:26,822: +SERVICE [/camera/rgb/rectify_color/set_logger_level] /camera/rgb/rectify_color http://pc:60306/
[rosmaster.master][INFO] 2012-12-14 14:42:26,829: +PUB [/rosout] /camera/depth/rectify_depth http://pc:47403/
[rosmaster.master][INFO] 2012-12-14 14:42:26,832: +PUB [/rosout] /camera/depth/metric http://pc:35279/
[rosmaster.master][INFO] 2012-12-14 14:42:26,834: +PUB [/rosout] /camera/depth/metric_rect http://pc:42643/
[rosmaster.master][INFO] 2012-12-14 14:42:26,839: +SERVICE [/camera/depth/rectify_depth/get_loggers] /camera/depth/rectify_depth http://pc:47403/
[rosmaster.master][INFO] 2012-12-14 14:42:26,841: +PUB [/rosout] /camera/depth/points http://pc:39948/
[rosmaster.master][INFO] 2012-12-14 14:42:26,843: +SERVICE [/camera/depth/metric/get_loggers] /camera/depth/metric http://pc:35279/
[rosmaster.master][INFO] 2012-12-14 14:42:26,845: +SERVICE [/camera/depth/metric_rect/get_loggers] /camera/depth/metric_rect http://pc:42643/
[rosmaster.master][INFO] 2012-12-14 14:42:26,848: +PUB [/rosout] /camera/register_depth_rgb http://pc:44085/
[rosmaster.master][INFO] 2012-12-14 14:42:26,852: publisherUpdate[/rosout] -> http://pc:52426/
[rosmaster.master][INFO] 2012-12-14 14:42:26,855: publisherUpdate[/rosout] -> http://pc:52426/
[rosmaster.master][INFO] 2012-12-14 14:42:26,856: publisherUpdate[/rosout] -> http://pc:52426/
[rosmaster.master][INFO] 2012-12-14 14:42:26,858: publisherUpdate[/rosout] -> http://pc:52426/
[rosmaster.master][INFO] 2012-12-14 14:42:26,859: publisherUpdate[/rosout] -> http://pc:52426/
[rosmaster.master][INFO] 2012-12-14 14:42:26,860: publisherUpdate[/rosout] -> http://pc:52426/
[rosmaster.master][INFO] 2012-12-14 14:42:26,862: publisherUpdate[/rosout] -> http://pc:52426/
[rosmaster.master][INFO] 2012-12-14 14:42:26,863: +SERVICE [/camera/depth/metric/set_logger_level] /camera/depth/metric http://pc:35279/
[rosmaster.master][INFO] 2012-12-14 14:42:26,864: +SERVICE [/camera/depth/metric_rect/set_logger_level] /camera/depth/metric_rect http://pc:42643/
[rosmaster.master][INFO] 2012-12-14 14:42:26,867: +SERVICE [/camera/register_depth_rgb/get_loggers] /camera/register_depth_rgb http://pc:44085/
[rosmaster.master][INFO] 2012-12-14 14:42:26,868: +PUB [/rosout] /camera/depth_registered/rectify_depth http://pc:43287/
[rosmaster.master][INFO] 2012-12-14 14:42:26,883: +SERVICE [/camera/register_depth_rgb/set_logger_level] /camera/register_depth_rgb http://pc:44085/
[rosmaster.master][INFO] 2012-12-14 14:42:26,884: +SERVICE [/camera/depth_registered/rectify_depth/get_loggers] /camera/depth_registered/rectify_depth http://pc:43287/
[rosmaster.master][INFO] 2012-12-14 14:42:26,886: +PUB [/rosout] /camera/depth_registered/metric_rect http://pc:40534/
[rosmaster.master][INFO] 2012-12-14 14:42:26,887: +PUB [/rosout] /camera/depth_registered/metric http://pc:46241/
[rosmaster.master][INFO] 2012-12-14 14:42:26,894: +SERVICE [/camera/depth_registered/rectify_depth/set_logger_level] /camera/depth_registered/rectify_depth http://pc:43287/
[rosmaster.master][INFO] 2012-12-14 14:42:26,897: +SERVICE [/camera/depth_registered/metric_rect/get_loggers] /camera/depth_registered/metric_rect http://pc:40534/
[rosmaster.master][INFO] 2012-12-14 14:42:26,899: +SERVICE [/camera/depth_registered/metric/get_loggers] /camera/depth_registered/metric http://pc:46241/
[rosmaster.master][INFO] 2012-12-14 14:42:26,904: +PUB [/rosout] /camera/disparity_depth http://pc:52714/
[rosmaster.master][INFO] 2012-12-14 14:42:26,909: +SERVICE [/camera/depth_registered/metric/set_logger_level] /camera/depth_registered/metric http://pc:46241/
[rosmaster.master][INFO] 2012-12-14 14:42:26,910: +SERVICE [/camera/depth_registered/metric_rect/set_logger_level] /camera/depth_registered/metric_rect http://pc:40534/
[rosmaster.master][INFO] 2012-12-14 14:42:26,913: +SERVICE [/camera/disparity_depth/get_loggers] /camera/disparity_depth http://pc:52714/
[rosmaster.master][INFO] 2012-12-14 14:42:26,918: +PARAM [/camera/depth_registered/rectify_depth] by /camera/depth_registered/rectify_depth
[rosmaster.master][INFO] 2012-12-14 14:42:26,918: +SERVICE [/camera/disparity_depth/set_logger_level] /camera/disparity_depth http://pc:52714/
[rosmaster.master][INFO] 2012-12-14 14:42:26,923: +PUB [/rosout] /camera_base_link http://pc:41548/
[rosmaster.master][INFO] 2012-12-14 14:42:26,928: +SERVICE [/camera_base_link/get_loggers] /camera_base_link http://pc:41548/
[rosmaster.master][INFO] 2012-12-14 14:42:26,937: +SERVICE [/camera_base_link/set_logger_level] /camera_base_link http://pc:41548/
[rosmaster.master][INFO] 2012-12-14 14:42:26,939: +PUB [/rosout] /camera_base_link1 http://pc:49539/
[rosmaster.master][INFO] 2012-12-14 14:42:26,943: +PARAM [/camera/disparity_depth] by /camera/disparity_depth
[rosmaster.master][INFO] 2012-12-14 14:42:26,950: +SERVICE [/camera_base_link1/get_loggers] /camera_base_link1 http://pc:49539/
[rosmaster.master][INFO] 2012-12-14 14:42:26,955: publisherUpdate[/rosout] -> http://pc:52426/
[rosmaster.master][INFO] 2012-12-14 14:42:26,960: publisherUpdate[/rosout] -> http://pc:52426/
[rosmaster.master][INFO] 2012-12-14 14:42:26,961: publisherUpdate[/rosout] -> http://pc:52426/
[rosmaster.master][INFO] 2012-12-14 14:42:26,963: publisherUpdate[/rosout] -> http://pc:52426/
[rosmaster.master][INFO] 2012-12-14 14:42:26,965: publisherUpdate[/rosout] -> http://pc:52426/
[rosmaster.master][INFO] 2012-12-14 14:42:26,967: publisherUpdate[/rosout] -> http://pc:52426/
[rosmaster.master][INFO] 2012-12-14 14:42:26,971: +PUB [/tf] /camera_base_link http://pc:41548/
[rosmaster.master][INFO] 2012-12-14 14:42:26,971: +SERVICE [/camera_base_link1/set_logger_level] /camera_base_link1 http://pc:49539/
[rosmaster.master][INFO] 2012-12-14 14:42:26,975: +PUB [/rosout] /camera_base_link2 http://pc:40622/
[rosmaster.master][INFO] 2012-12-14 14:42:26,980: +SERVICE [/camera_base_link2/get_loggers] /camera_base_link2 http://pc:40622/
[rosmaster.master][INFO] 2012-12-14 14:42:26,984: +SERVICE [/camera_base_link2/set_logger_level] /camera_base_link2 http://pc:40622/
[rosmaster.master][INFO] 2012-12-14 14:42:26,986: +PUB [/tf] /camera_base_link1 http://pc:49539/
[rosmaster.master][INFO] 2012-12-14 14:42:26,994: +PUB [/tf] /camera_base_link2 http://pc:40622/
[rosmaster.master][INFO] 2012-12-14 14:42:27,019: +SERVICE [/camera/ir/rectify_ir/get_loggers] /camera/ir/rectify_ir http://pc:36355/
[rosmaster.master][INFO] 2012-12-14 14:42:27,022: +SERVICE [/camera/ir/rectify_ir/set_logger_level] /camera/ir/rectify_ir http://pc:36355/
[rosmaster.master][INFO] 2012-12-14 14:42:27,055: +SERVICE [/camera/depth/rectify_depth/set_logger_level] /camera/depth/rectify_depth http://pc:47403/
[rosmaster.master][INFO] 2012-12-14 14:42:27,062: +PARAM [/camera/depth/rectify_depth] by /camera/depth/rectify_depth
[rosmaster.master][INFO] 2012-12-14 14:42:27,063: publisherUpdate[/rosout] -> http://pc:52426/
[rosmaster.master][INFO] 2012-12-14 14:42:27,066: +PUB [/rosout] /camera_nodelet_manager http://pc:41202/
[rosmaster.master][INFO] 2012-12-14 14:42:27,069: publisherUpdate[/rosout] -> http://pc:52426/
[rosmaster.master][INFO] 2012-12-14 14:42:27,070: +SERVICE [/camera_nodelet_manager/get_loggers] /camera_nodelet_manager http://pc:41202/
[rosmaster.master][INFO] 2012-12-14 14:42:27,076: +SERVICE [/camera_nodelet_manager/set_logger_level] /camera_nodelet_manager http://pc:41202/
[rosmaster.master][INFO] 2012-12-14 14:42:27,079: +SERVICE [/camera_nodelet_manager/load_nodelet] /camera_nodelet_manager http://pc:41202/
[rosmaster.master][INFO] 2012-12-14 14:42:27,081: +SERVICE [/camera_nodelet_manager/unload_nodelet] /camera_nodelet_manager http://pc:41202/
[rosmaster.master][INFO] 2012-12-14 14:42:27,083: +SERVICE [/camera_nodelet_manager/list] /camera_nodelet_manager http://pc:41202/
[rosmaster.master][INFO] 2012-12-14 14:42:27,326: +PUB [/rosout] /set_dr http://pc:47102/
[rosmaster.master][INFO] 2012-12-14 14:42:27,365: publisherUpdate[/rosout] -> http://pc:52426/
[rosmaster.master][INFO] 2012-12-14 14:42:27,422: +SERVICE [/camera/rgb/rectify_mono/set_parameters] /camera_nodelet_manager http://pc:41202/
[rosmaster.master][INFO] 2012-12-14 14:42:27,423: +PUB [/camera/rgb/rectify_mono/parameter_descriptions] /camera_nodelet_manager http://pc:41202/
[rosmaster.master][INFO] 2012-12-14 14:42:27,424: +PUB [/camera/rgb/rectify_mono/parameter_updates] /camera_nodelet_manager http://pc:41202/
[rosmaster.master][INFO] 2012-12-14 14:42:27,426: +PARAM [/camera/rgb/rectify_mono/interpolation] by /camera_nodelet_manager
[rosmaster.master][INFO] 2012-12-14 14:42:27,430: +PUB [/camera/rgb/image_rect/compressed] /camera_nodelet_manager http://pc:41202/
[rosmaster.master][INFO] 2012-12-14 14:42:27,431: +SERVICE [/camera/rgb/image_rect/compressed/set_parameters] /camera_nodelet_manager http://pc:41202/
[rosmaster.master][INFO] 2012-12-14 14:42:27,432: +PUB [/camera/rgb/image_rect/compressed/parameter_descriptions] /camera_nodelet_manager http://pc:41202/
[rosmaster.master][INFO] 2012-12-14 14:42:27,433: +PUB [/camera/rgb/image_rect/compressed/parameter_updates] /camera_nodelet_manager http://pc:41202/
[rosmaster.master][INFO] 2012-12-14 14:42:27,437: +PARAM [/camera/rgb/image_rect/compressed/format] by /camera_nodelet_manager
[rosmaster.master][INFO] 2012-12-14 14:42:27,437: +PARAM [/camera/rgb/image_rect/compressed/jpeg_quality] by /camera_nodelet_manager
[rosmaster.master][INFO] 2012-12-14 14:42:27,439: +PARAM [/camera/rgb/image_rect/compressed/png_level] by /camera_nodelet_manager
[rosmaster.master][INFO] 2012-12-14 14:42:27,440: +PUB [/camera/rgb/image_rect] /camera_nodelet_manager http://pc:41202/
[rosmaster.master][INFO] 2012-12-14 14:42:27,443: +PUB [/camera/rgb/image_rect/theora] /camera_nodelet_manager http://pc:41202/
[rosmaster.master][INFO] 2012-12-14 14:42:27,444: +SERVICE [/camera/rgb/image_rect/theora/set_parameters] /camera_nodelet_manager http://pc:41202/
[rosmaster.master][INFO] 2012-12-14 14:42:27,445: +PUB [/camera/rgb/image_rect/theora/parameter_descriptions] /camera_nodelet_manager http://pc:41202/
[rosmaster.master][INFO] 2012-12-14 14:42:27,446: +PUB [/camera/rgb/image_rect/theora/parameter_updates] /camera_nodelet_manager http://pc:41202/
[rosmaster.master][INFO] 2012-12-14 14:42:27,450: +PARAM [/camera/rgb/image_rect/theora/optimize_for] by /camera_nodelet_manager
[rosmaster.master][INFO] 2012-12-14 14:42:27,451: +PARAM [/camera/rgb/image_rect/theora/target_bitrate] by /camera_nodelet_manager
[rosmaster.master][INFO] 2012-12-14 14:42:27,452: +PARAM [/camera/rgb/image_rect/theora/quality] by /camera_nodelet_manager
[rosmaster.master][INFO] 2012-12-14 14:42:27,453: +PARAM [/camera/rgb/image_rect/theora/keyframe_frequency] by /camera_nodelet_manager
[rosmaster.master][INFO] 2012-12-14 14:42:27,710: +PUB [/camera/depth_registered/image/compressed] /camera_nodelet_manager http://pc:41202/
[rosmaster.master][INFO] 2012-12-14 14:42:27,713: +SERVICE [/camera/depth_registered/image/compressed/set_parameters] /camera_nodelet_manager http://pc:41202/
[rosmaster.master][INFO] 2012-12-14 14:42:27,715: +PUB [/camera/depth_registered/image/compressed/parameter_descriptions] /camera_nodelet_manager http://pc:41202/
[rosmaster.master][INFO] 2012-12-14 14:42:27,717: +PUB [/camera/depth_registered/image/compressed/parameter_updates] /camera_nodelet_manager http://pc:41202/
[rosmaster.master][INFO] 2012-12-14 14:42:27,725: +PARAM [/camera/depth_registered/image/compressed/format] by /camera_nodelet_manager
[rosmaster.master][INFO] 2012-12-14 14:42:27,728: +PARAM [/camera/depth_registered/image/compressed/jpeg_quality] by /camera_nodelet_manager
[rosmaster.master][INFO] 2012-12-14 14:42:27,730: +PARAM [/camera/depth_registered/image/compressed/png_level] by /camera_nodelet_manager
[rosmaster.master][INFO] 2012-12-14 14:42:27,731: +PUB [/camera/depth_registered/image] /camera_nodelet_manager http://pc:41202/
[rosmaster.master][INFO] 2012-12-14 14:42:27,733: +PUB [/camera/depth_registered/image/theora] /camera_nodelet_manager http://pc:41202/
[rosmaster.master][INFO] 2012-12-14 14:42:27,734: +SERVICE [/camera/depth_registered/image/theora/set_parameters] /camera_nodelet_manager http://pc:41202/
[rosmaster.master][INFO] 2012-12-14 14:42:27,735: +PUB [/camera/depth_registered/image/theora/parameter_descriptions] /camera_nodelet_manager http://pc:41202/
[rosmaster.master][INFO] 2012-12-14 14:42:27,736: +PUB [/camera/depth_registered/image/theora/parameter_updates] /camera_nodelet_manager http://pc:41202/
[rosmaster.master][INFO] 2012-12-14 14:42:27,740: +PARAM [/camera/depth_registered/image/theora/optimize_for] by /camera_nodelet_manager
[rosmaster.master][INFO] 2012-12-14 14:42:27,741: +PARAM [/camera/depth_registered/image/theora/target_bitrate] by /camera_nodelet_manager
[rosmaster.master][INFO] 2012-12-14 14:42:27,742: +PARAM [/camera/depth_registered/image/theora/quality] by /camera_nodelet_manager
[rosmaster.master][INFO] 2012-12-14 14:42:27,743: +PARAM [/camera/depth_registered/image/theora/keyframe_frequency] by /camera_nodelet_manager
[rosmaster.master][INFO] 2012-12-14 14:42:27,760: +PUB [/rosout] /depth_detection http://pc:50858/
[rosmaster.master][INFO] 2012-12-14 14:42:27,768: publisherUpdate[/rosout] -> http://pc:52426/
[rosmaster.master][INFO] 2012-12-14 14:42:27,793: +SUB [/camera/depth_registered/image_rect] /depth_detection http://pc:50858/
[rosmaster.master][INFO] 2012-12-14 14:42:27,795: +SUB [/camera/rgb/image_rect_color] /depth_detection http://pc:50858/
[rosmaster.master][INFO] 2012-12-14 14:42:28,036: +SUB [/tf] /camera_nodelet_manager http://pc:41202/
[rosmaster.master][INFO] 2012-12-14 14:42:28,039: +SERVICE [/camera_nodelet_manager/tf_frames] /camera_nodelet_manager http://pc:41202/
[rosmaster.master][INFO] 2012-12-14 14:42:28,291: +PUB [/camera/depth_registered/image_rect_raw/compressed] /camera_nodelet_manager http://pc:41202/
[rosmaster.master][INFO] 2012-12-14 14:42:28,293: +SERVICE [/camera/depth_registered/image_rect_raw/compressed/set_parameters] /camera_nodelet_manager http://pc:41202/
[rosmaster.master][INFO] 2012-12-14 14:42:28,295: +PUB [/camera/depth_registered/image_rect_raw/compressed/parameter_descriptions] /camera_nodelet_manager http://pc:41202/
[rosmaster.master][INFO] 2012-12-14 14:42:28,298: +PUB [/camera/depth_registered/image_rect_raw/compressed/parameter_updates] /camera_nodelet_manager http://pc:41202/
[rosmaster.master][INFO] 2012-12-14 14:42:28,306: +PARAM [/camera/depth_registered/image_rect_raw/compressed/format] by /camera_nodelet_manager
[rosmaster.master][INFO] 2012-12-14 14:42:28,308: +PARAM [/camera/depth_registered/image_rect_raw/compressed/jpeg_quality] by /camera_nodelet_manager
[rosmaster.master][INFO] 2012-12-14 14:42:28,311: +PARAM [/camera/depth_registered/image_rect_raw/compressed/png_level] by /camera_nodelet_manager
[rosmaster.master][INFO] 2012-12-14 14:42:28,313: +PUB [/camera/depth_registered/image_rect_raw] /camera_nodelet_manager http://pc:41202/
[rosmaster.master][INFO] 2012-12-14 14:42:28,316: +PUB [/camera/depth_registered/image_rect_raw/theora] /camera_nodelet_manager http://pc:41202/
[rosmaster.master][INFO] 2012-12-14 14:42:28,319: +SERVICE [/camera/depth_registered/image_rect_raw/theora/set_parameters] /camera_nodelet_manager http://pc:41202/
[rosmaster.master][INFO] 2012-12-14 14:42:28,322: +PUB [/camera/depth_registered/image_rect_raw/theora/parameter_descriptions] /camera_nodelet_manager http://pc:41202/
[rosmaster.master][INFO] 2012-12-14 14:42:28,324: +PUB [/camera/depth_registered/image_rect_raw/theora/parameter_updates] /camera_nodelet_manager http://pc:41202/
[rosmaster.master][INFO] 2012-12-14 14:42:28,334: +PARAM [/camera/depth_registered/image_rect_raw/theora/optimize_for] by /camera_nodelet_manager
[rosmaster.master][INFO] 2012-12-14 14:42:28,337: +PARAM [/camera/depth_registered/image_rect_raw/theora/target_bitrate] by /camera_nodelet_manager
[rosmaster.master][INFO] 2012-12-14 14:42:28,339: +PARAM [/camera/depth_registered/image_rect_raw/theora/quality] by /camera_nodelet_manager
[rosmaster.master][INFO] 2012-12-14 14:42:28,342: +PARAM [/camera/depth_registered/image_rect_raw/theora/keyframe_frequency] by /camera_nodelet_manager
[rosmaster.master][INFO] 2012-12-14 14:42:28,345: +PUB [/camera/depth_registered/camera_info] /camera_nodelet_manager http://pc:41202/
[rosmaster.master][INFO] 2012-12-14 14:42:28,608: +SERVICE [/camera/depth/rectify_depth/set_parameters] /camera_nodelet_manager http://pc:41202/
[rosmaster.master][INFO] 2012-12-14 14:42:28,611: +PUB [/camera/depth/rectify_depth/parameter_descriptions] /camera_nodelet_manager http://pc:41202/
[rosmaster.master][INFO] 2012-12-14 14:42:28,613: +PUB [/camera/depth/rectify_depth/parameter_updates] /camera_nodelet_manager http://pc:41202/
[rosmaster.master][INFO] 2012-12-14 14:42:28,617: +PARAM [/camera/depth/rectify_depth/interpolation] by /camera_nodelet_manager
[rosmaster.master][INFO] 2012-12-14 14:42:28,619: +PUB [/camera/depth/image_rect_raw/compressed] /camera_nodelet_manager http://pc:41202/
[rosmaster.master][INFO] 2012-12-14 14:42:28,622: +SERVICE [/camera/depth/image_rect_raw/compressed/set_parameters] /camera_nodelet_manager http://pc:41202/
[rosmaster.master][INFO] 2012-12-14 14:42:28,624: +PUB [/camera/depth/image_rect_raw/compressed/parameter_descriptions] /camera_nodelet_manager http://pc:41202/
[rosmaster.master][INFO] 2012-12-14 14:42:28,626: +PUB [/camera/depth/image_rect_raw/compressed/parameter_updates] /camera_nodelet_manager http://pc:41202/
[rosmaster.master][INFO] 2012-12-14 14:42:28,635: +PARAM [/camera/depth/image_rect_raw/compressed/format] by /camera_nodelet_manager
[rosmaster.master][INFO] 2012-12-14 14:42:28,637: +PARAM [/camera/depth/image_rect_raw/compressed/jpeg_quality] by /camera_nodelet_manager
[rosmaster.master][INFO] 2012-12-14 14:42:28,639: +PARAM [/camera/depth/image_rect_raw/compressed/png_level] by /camera_nodelet_manager
[rosmaster.master][INFO] 2012-12-14 14:42:28,642: +PUB [/camera/depth/image_rect_raw] /camera_nodelet_manager http://pc:41202/
[rosmaster.master][INFO] 2012-12-14 14:42:28,645: +PUB [/camera/depth/image_rect_raw/theora] /camera_nodelet_manager http://pc:41202/
[rosmaster.master][INFO] 2012-12-14 14:42:28,648: +SERVICE [/camera/depth/image_rect_raw/theora/set_parameters] /camera_nodelet_manager http://pc:41202/
[rosmaster.master][INFO] 2012-12-14 14:42:28,651: +PUB [/camera/depth/image_rect_raw/theora/parameter_descriptions] /camera_nodelet_manager http://pc:41202/
[rosmaster.master][INFO] 2012-12-14 14:42:28,654: +PUB [/camera/depth/image_rect_raw/theora/parameter_updates] /camera_nodelet_manager http://pc:41202/
[rosmaster.master][INFO] 2012-12-14 14:42:28,658: +PARAM [/camera/depth/image_rect_raw/theora/optimize_for] by /camera_nodelet_manager
[rosmaster.master][INFO] 2012-12-14 14:42:28,659: +PARAM [/camera/depth/image_rect_raw/theora/target_bitrate] by /camera_nodelet_manager
[rosmaster.master][INFO] 2012-12-14 14:42:28,660: +PARAM [/camera/depth/image_rect_raw/theora/quality] by /camera_nodelet_manager
[rosmaster.master][INFO] 2012-12-14 14:42:28,661: +PARAM [/camera/depth/image_rect_raw/theora/keyframe_frequency] by /camera_nodelet_manager
[rosmaster.master][INFO] 2012-12-14 14:42:28,922: +SERVICE [/camera/ir/rectify_ir/set_parameters] /camera_nodelet_manager http://pc:41202/
[rosmaster.master][INFO] 2012-12-14 14:42:28,925: +PUB [/camera/ir/rectify_ir/parameter_descriptions] /camera_nodelet_manager http://pc:41202/
[rosmaster.master][INFO] 2012-12-14 14:42:28,927: +PUB [/camera/ir/rectify_ir/parameter_updates] /camera_nodelet_manager http://pc:41202/
[rosmaster.master][INFO] 2012-12-14 14:42:28,931: +PARAM [/camera/ir/rectify_ir/interpolation] by /camera_nodelet_manager
[rosmaster.master][INFO] 2012-12-14 14:42:28,934: +PUB [/camera/ir/image_rect/compressed] /camera_nodelet_manager http://pc:41202/
[rosmaster.master][INFO] 2012-12-14 14:42:28,936: +SERVICE [/camera/ir/image_rect/compressed/set_parameters] /camera_nodelet_manager http://pc:41202/
[rosmaster.master][INFO] 2012-12-14 14:42:28,938: +PUB [/camera/ir/image_rect/compressed/parameter_descriptions] /camera_nodelet_manager http://pc:41202/
[rosmaster.master][INFO] 2012-12-14 14:42:28,941: +PUB [/camera/ir/image_rect/compressed/parameter_updates] /camera_nodelet_manager http://pc:41202/
[rosmaster.master][INFO] 2012-12-14 14:42:28,949: +PARAM [/camera/ir/image_rect/compressed/format] by /camera_nodelet_manager
[rosmaster.master][INFO] 2012-12-14 14:42:28,951: +PARAM [/camera/ir/image_rect/compressed/jpeg_quality] by /camera_nodelet_manager
[rosmaster.master][INFO] 2012-12-14 14:42:28,954: +PARAM [/camera/ir/image_rect/compressed/png_level] by /camera_nodelet_manager
[rosmaster.master][INFO] 2012-12-14 14:42:28,956: +PUB [/camera/ir/image_rect] /camera_nodelet_manager http://pc:41202/
[rosmaster.master][INFO] 2012-12-14 14:42:28,959: +PUB [/camera/ir/image_rect/theora] /camera_nodelet_manager http://pc:41202/
[rosmaster.master][INFO] 2012-12-14 14:42:28,961: +SERVICE [/camera/ir/image_rect/theora/set_parameters] /camera_nodelet_manager http://pc:41202/
[rosmaster.master][INFO] 2012-12-14 14:42:28,963: +PUB [/camera/ir/image_rect/theora/parameter_descriptions] /camera_nodelet_manager http://pc:41202/
[rosmaster.master][INFO] 2012-12-14 14:42:28,966: +PUB [/camera/ir/image_rect/theora/parameter_updates] /camera_nodelet_manager http://pc:41202/
[rosmaster.master][INFO] 2012-12-14 14:42:28,977: +PARAM [/camera/ir/image_rect/theora/optimize_for] by /camera_nodelet_manager
[rosmaster.master][INFO] 2012-12-14 14:42:28,979: +PARAM [/camera/ir/image_rect/theora/target_bitrate] by /camera_nodelet_manager
[rosmaster.master][INFO] 2012-12-14 14:42:28,981: +PARAM [/camera/ir/image_rect/theora/quality] by /camera_nodelet_manager
[rosmaster.master][INFO] 2012-12-14 14:42:28,984: +PARAM [/camera/ir/image_rect/theora/keyframe_frequency] by /camera_nodelet_manager
[rosmaster.master][INFO] 2012-12-14 14:42:29,249: +SERVICE [/camera/depth_registered/rectify_depth/set_parameters] /camera_nodelet_manager http://pc:41202/
[rosmaster.master][INFO] 2012-12-14 14:42:29,252: +PUB [/camera/depth_registered/rectify_depth/parameter_descriptions] /camera_nodelet_manager http://pc:41202/
[rosmaster.master][INFO] 2012-12-14 14:42:29,254: +PUB [/camera/depth_registered/rectify_depth/parameter_updates] /camera_nodelet_manager http://pc:41202/
[rosmaster.master][INFO] 2012-12-14 14:42:29,258: +PARAM [/camera/depth_registered/rectify_depth/interpolation] by /camera_nodelet_manager
[rosmaster.master][INFO] 2012-12-14 14:42:29,268: +PARAM [/camera/depth_registered/image_rect_raw/compressed/format] by /camera_nodelet_manager
[rosmaster.master][INFO] 2012-12-14 14:42:29,271: +PARAM [/camera/depth_registered/image_rect_raw/compressed/jpeg_quality] by /camera_nodelet_manager
[rosmaster.master][INFO] 2012-12-14 14:42:29,274: +PARAM [/camera/depth_registered/image_rect_raw/compressed/png_level] by /camera_nodelet_manager
[rosmaster.master][INFO] 2012-12-14 14:42:29,285: +PARAM [/camera/depth_registered/image_rect_raw/theora/optimize_for] by /camera_nodelet_manager
[rosmaster.master][INFO] 2012-12-14 14:42:29,288: +PARAM [/camera/depth_registered/image_rect_raw/theora/target_bitrate] by /camera_nodelet_manager
[rosmaster.master][INFO] 2012-12-14 14:42:29,291: +PARAM [/camera/depth_registered/image_rect_raw/theora/quality] by /camera_nodelet_manager
[rosmaster.master][INFO] 2012-12-14 14:42:29,294: +PARAM [/camera/depth_registered/image_rect_raw/theora/keyframe_frequency] by /camera_nodelet_manager
[rosmaster.master][INFO] 2012-12-14 14:42:29,562: +SERVICE [/camera/rgb/rectify_color/set_parameters] /camera_nodelet_manager http://pc:41202/
[rosmaster.master][INFO] 2012-12-14 14:42:29,564: +PUB [/camera/rgb/rectify_color/parameter_descriptions] /camera_nodelet_manager http://pc:41202/
[rosmaster.master][INFO] 2012-12-14 14:42:29,567: +PUB [/camera/rgb/rectify_color/parameter_updates] /camera_nodelet_manager http://pc:41202/
[rosmaster.master][INFO] 2012-12-14 14:42:29,571: +PARAM [/camera/rgb/rectify_color/interpolation] by /camera_nodelet_manager
[rosmaster.master][INFO] 2012-12-14 14:42:29,574: +PUB [/camera/rgb/image_rect_color/compressed] /camera_nodelet_manager http://pc:41202/
[rosmaster.master][INFO] 2012-12-14 14:42:29,576: +SERVICE [/camera/rgb/image_rect_color/compressed/set_parameters] /camera_nodelet_manager http://pc:41202/
[rosmaster.master][INFO] 2012-12-14 14:42:29,579: +PUB [/camera/rgb/image_rect_color/compressed/parameter_descriptions] /camera_nodelet_manager http://pc:41202/
[rosmaster.master][INFO] 2012-12-14 14:42:29,581: +PUB [/camera/rgb/image_rect_color/compressed/parameter_updates] /camera_nodelet_manager http://pc:41202/
[rosmaster.master][INFO] 2012-12-14 14:42:29,589: +PARAM [/camera/rgb/image_rect_color/compressed/format] by /camera_nodelet_manager
[rosmaster.master][INFO] 2012-12-14 14:42:29,591: +PARAM [/camera/rgb/image_rect_color/compressed/jpeg_quality] by /camera_nodelet_manager
[rosmaster.master][INFO] 2012-12-14 14:42:29,593: +PARAM [/camera/rgb/image_rect_color/compressed/png_level] by /camera_nodelet_manager
[rosmaster.master][INFO] 2012-12-14 14:42:29,596: +PUB [/camera/rgb/image_rect_color] /camera_nodelet_manager http://pc:41202/
[rosmaster.master][INFO] 2012-12-14 14:42:29,599: +PUB [/camera/rgb/image_rect_color/theora] /camera_nodelet_manager http://pc:41202/
[rosmaster.master][INFO] 2012-12-14 14:42:29,602: +SERVICE [/camera/rgb/image_rect_color/theora/set_parameters] /camera_nodelet_manager http://pc:41202/
[rosmaster.master][INFO] 2012-12-14 14:42:29,604: +PUB [/camera/rgb/image_rect_color/theora/parameter_descriptions] /camera_nodelet_manager http://pc:41202/
[rosmaster.master][INFO] 2012-12-14 14:42:29,607: +PUB [/camera/rgb/image_rect_color/theora/parameter_updates] /camera_nodelet_manager http://pc:41202/
[rosmaster.master][INFO] 2012-12-14 14:42:29,616: +PARAM [/camera/rgb/image_rect_color/theora/optimize_for] by /camera_nodelet_manager
[rosmaster.master][INFO] 2012-12-14 14:42:29,618: +PARAM [/camera/rgb/image_rect_color/theora/target_bitrate] by /camera_nodelet_manager
[rosmaster.master][INFO] 2012-12-14 14:42:29,621: +PARAM [/camera/rgb/image_rect_color/theora/quality] by /camera_nodelet_manager
[rosmaster.master][INFO] 2012-12-14 14:42:29,623: +PARAM [/camera/rgb/image_rect_color/theora/keyframe_frequency] by /camera_nodelet_manager
[rosmaster.master][INFO] 2012-12-14 14:42:29,677: publisherUpdate[/camera/rgb/image_rect_color] -> http://pc:50858/
[rosmaster.master][INFO] 2012-12-14 14:42:29,713: +SUB [/camera/rgb/image_color] /camera_nodelet_manager http://pc:41202/
[rosmaster.master][INFO] 2012-12-14 14:42:29,714: +SUB [/camera/rgb/camera_info] /camera_nodelet_manager http://pc:41202/
[rosmaster.master][INFO] 2012-12-14 14:42:29,847: +SERVICE [/camera/depth/points/get_loggers] /camera/depth/points http://pc:39948/
[rosmaster.master][INFO] 2012-12-14 14:42:29,849: +SERVICE [/camera/depth/points/set_logger_level] /camera/depth/points http://pc:39948/
[rosmaster.master][INFO] 2012-12-14 14:42:29,880: +PUB [/rosout] /camera/points_xyzrgb_depth_rgb http://pc:39934/
[rosmaster.master][INFO] 2012-12-14 14:42:29,883: publisherUpdate[/rosout] -> http://pc:52426/
[rosmaster.master][INFO] 2012-12-14 14:42:29,884: +SERVICE [/camera/points_xyzrgb_depth_rgb/get_loggers] /camera/points_xyzrgb_depth_rgb http://pc:39934/
[rosmaster.master][INFO] 2012-12-14 14:42:29,886: +SERVICE [/camera/points_xyzrgb_depth_rgb/set_logger_level] /camera/points_xyzrgb_depth_rgb http://pc:39934/
[rosmaster.master][INFO] 2012-12-14 14:42:29,889: +PUB [/camera/depth/disparity] /camera_nodelet_manager http://pc:41202/
[rosmaster.master][INFO] 2012-12-14 14:42:29,911: +PUB [/rosout] /camera/disparity_depth_registered http://pc:51179/
[rosmaster.master][INFO] 2012-12-14 14:42:29,912: +SERVICE [/camera/disparity_depth_registered/get_loggers] /camera/disparity_depth_registered http://pc:51179/
[rosmaster.master][INFO] 2012-12-14 14:42:29,913: +SERVICE [/camera/disparity_depth_registered/set_logger_level] /camera/disparity_depth_registered http://pc:51179/
[rosmaster.master][INFO] 2012-12-14 14:42:29,916: +PARAM [/camera/disparity_depth_registered] by /camera/disparity_depth_registered
[rosmaster.master][INFO] 2012-12-14 14:42:29,960: +PUB [/rosout] /camera_base_link3 http://pc:56639/
[rosmaster.master][INFO] 2012-12-14 14:42:29,962: +SERVICE [/camera_base_link3/get_loggers] /camera_base_link3 http://pc:56639/
[rosmaster.master][INFO] 2012-12-14 14:42:29,963: +SERVICE [/camera_base_link3/set_logger_level] /camera_base_link3 http://pc:56639/
[rosmaster.master][INFO] 2012-12-14 14:42:29,965: +PUB [/tf] /camera_base_link3 http://pc:56639/
[rosmaster.master][INFO] 2012-12-14 14:42:29,980: publisherUpdate[/rosout] -> http://pc:52426/
[rosmaster.master][INFO] 2012-12-14 14:42:29,981: publisherUpdate[/tf] -> http://pc:41202/
[rosmaster.master][INFO] 2012-12-14 14:42:29,983: publisherUpdate[/rosout] -> http://pc:52426/
[rosmaster.master][INFO] 2012-12-14 14:42:30,150: +PUB [/camera/depth/points] /camera_nodelet_manager http://pc:41202/
[rosmaster.master][INFO] 2012-12-14 14:42:30,402: +SERVICE [/camera/rgb/debayer/set_parameters] /camera_nodelet_manager http://pc:41202/
[rosmaster.master][INFO] 2012-12-14 14:42:30,405: +PUB [/camera/rgb/debayer/parameter_descriptions] /camera_nodelet_manager http://pc:41202/
[rosmaster.master][INFO] 2012-12-14 14:42:30,407: +PUB [/camera/rgb/debayer/parameter_updates] /camera_nodelet_manager http://pc:41202/
[rosmaster.master][INFO] 2012-12-14 14:42:30,411: +PARAM [/camera/rgb/debayer/debayer] by /camera_nodelet_manager
[rosmaster.master][INFO] 2012-12-14 14:42:30,413: +PUB [/camera/rgb/image_mono/compressed] /camera_nodelet_manager http://pc:41202/
[rosmaster.master][INFO] 2012-12-14 14:42:30,415: +SERVICE [/camera/rgb/image_mono/compressed/set_parameters] /camera_nodelet_manager http://pc:41202/
[rosmaster.master][INFO] 2012-12-14 14:42:30,417: +PUB [/camera/rgb/image_mono/compressed/parameter_descriptions] /camera_nodelet_manager http://pc:41202/
[rosmaster.master][INFO] 2012-12-14 14:42:30,420: +PUB [/camera/rgb/image_mono/compressed/parameter_updates] /camera_nodelet_manager http://pc:41202/
[rosmaster.master][INFO] 2012-12-14 14:42:30,427: +PARAM [/camera/rgb/image_mono/compressed/format] by /camera_nodelet_manager
[rosmaster.master][INFO] 2012-12-14 14:42:30,429: +PARAM [/camera/rgb/image_mono/compressed/jpeg_quality] by /camera_nodelet_manager
[rosmaster.master][INFO] 2012-12-14 14:42:30,431: +PARAM [/camera/rgb/image_mono/compressed/png_level] by /camera_nodelet_manager
[rosmaster.master][INFO] 2012-12-14 14:42:30,434: +PUB [/camera/rgb/image_mono] /camera_nodelet_manager http://pc:41202/
[rosmaster.master][INFO] 2012-12-14 14:42:30,436: +PUB [/camera/rgb/image_mono/theora] /camera_nodelet_manager http://pc:41202/
[rosmaster.master][INFO] 2012-12-14 14:42:30,438: +SERVICE [/camera/rgb/image_mono/theora/set_parameters] /camera_nodelet_manager http://pc:41202/
[rosmaster.master][INFO] 2012-12-14 14:42:30,441: +PUB [/camera/rgb/image_mono/theora/parameter_descriptions] /camera_nodelet_manager http://pc:41202/
[rosmaster.master][INFO] 2012-12-14 14:42:30,443: +PUB [/camera/rgb/image_mono/theora/parameter_updates] /camera_nodelet_manager http://pc:41202/
[rosmaster.master][INFO] 2012-12-14 14:42:30,452: +PARAM [/camera/rgb/image_mono/theora/optimize_for] by /camera_nodelet_manager
[rosmaster.master][INFO] 2012-12-14 14:42:30,454: +PARAM [/camera/rgb/image_mono/theora/target_bitrate] by /camera_nodelet_manager
[rosmaster.master][INFO] 2012-12-14 14:42:30,456: +PARAM [/camera/rgb/image_mono/theora/quality] by /camera_nodelet_manager
[rosmaster.master][INFO] 2012-12-14 14:42:30,458: +PARAM [/camera/rgb/image_mono/theora/keyframe_frequency] by /camera_nodelet_manager
[rosmaster.master][INFO] 2012-12-14 14:42:30,461: +PUB [/camera/rgb/image_color/compressed] /camera_nodelet_manager http://pc:41202/
[rosmaster.master][INFO] 2012-12-14 14:42:30,463: +SERVICE [/camera/rgb/image_color/compressed/set_parameters] /camera_nodelet_manager http://pc:41202/
[rosmaster.master][INFO] 2012-12-14 14:42:30,465: +PUB [/camera/rgb/image_color/compressed/parameter_descriptions] /camera_nodelet_manager http://pc:41202/
[rosmaster.master][INFO] 2012-12-14 14:42:30,467: +PUB [/camera/rgb/image_color/compressed/parameter_updates] /camera_nodelet_manager http://pc:41202/
[rosmaster.master][INFO] 2012-12-14 14:42:30,475: +PARAM [/camera/rgb/image_color/compressed/format] by /camera_nodelet_manager
[rosmaster.master][INFO] 2012-12-14 14:42:30,477: +PARAM [/camera/rgb/image_color/compressed/jpeg_quality] by /camera_nodelet_manager
[rosmaster.master][INFO] 2012-12-14 14:42:30,480: +PARAM [/camera/rgb/image_color/compressed/png_level] by /camera_nodelet_manager
[rosmaster.master][INFO] 2012-12-14 14:42:30,483: +PUB [/camera/rgb/image_color] /camera_nodelet_manager http://pc:41202/
[rosmaster.master][INFO] 2012-12-14 14:42:30,486: +PUB [/camera/rgb/image_color/theora] /camera_nodelet_manager http://pc:41202/
[rosmaster.master][INFO] 2012-12-14 14:42:30,486: publisherUpdate[/camera/rgb/image_color] -> http://pc:41202/
[rosmaster.master][INFO] 2012-12-14 14:42:30,490: +SERVICE [/camera/rgb/image_color/theora/set_parameters] /camera_nodelet_manager http://pc:41202/
[rosmaster.master][INFO] 2012-12-14 14:42:30,493: +PUB [/camera/rgb/image_color/theora/parameter_descriptions] /camera_nodelet_manager http://pc:41202/
[rosmaster.master][INFO] 2012-12-14 14:42:30,496: +PUB [/camera/rgb/image_color/theora/parameter_updates] /camera_nodelet_manager http://pc:41202/
[rosmaster.master][INFO] 2012-12-14 14:42:30,506: +PARAM [/camera/rgb/image_color/theora/optimize_for] by /camera_nodelet_manager
[rosmaster.master][INFO] 2012-12-14 14:42:30,508: +PARAM [/camera/rgb/image_color/theora/target_bitrate] by /camera_nodelet_manager
[rosmaster.master][INFO] 2012-12-14 14:42:30,510: +PARAM [/camera/rgb/image_color/theora/quality] by /camera_nodelet_manager
[rosmaster.master][INFO] 2012-12-14 14:42:30,512: +PARAM [/camera/rgb/image_color/theora/keyframe_frequency] by /camera_nodelet_manager
[rosmaster.master][INFO] 2012-12-14 14:42:30,517: +SUB [/camera/rgb/image_raw] /camera_nodelet_manager http://pc:41202/
[rosmaster.master][INFO] 2012-12-14 14:42:30,774: +PUB [/camera/depth/image_rect/compressed] /camera_nodelet_manager http://pc:41202/
[rosmaster.master][INFO] 2012-12-14 14:42:30,776: +SERVICE [/camera/depth/image_rect/compressed/set_parameters] /camera_nodelet_manager http://pc:41202/
[rosmaster.master][INFO] 2012-12-14 14:42:30,779: +PUB [/camera/depth/image_rect/compressed/parameter_descriptions] /camera_nodelet_manager http://pc:41202/
[rosmaster.master][INFO] 2012-12-14 14:42:30,782: +PUB [/camera/depth/image_rect/compressed/parameter_updates] /camera_nodelet_manager http://pc:41202/
[rosmaster.master][INFO] 2012-12-14 14:42:30,790: +PARAM [/camera/depth/image_rect/compressed/format] by /camera_nodelet_manager
[rosmaster.master][INFO] 2012-12-14 14:42:30,792: +PARAM [/camera/depth/image_rect/compressed/jpeg_quality] by /camera_nodelet_manager
[rosmaster.master][INFO] 2012-12-14 14:42:30,794: +PARAM [/camera/depth/image_rect/compressed/png_level] by /camera_nodelet_manager
[rosmaster.master][INFO] 2012-12-14 14:42:30,797: +PUB [/camera/depth/image_rect] /camera_nodelet_manager http://pc:41202/
[rosmaster.master][INFO] 2012-12-14 14:42:30,800: +PUB [/camera/depth/image_rect/theora] /camera_nodelet_manager http://pc:41202/
[rosmaster.master][INFO] 2012-12-14 14:42:30,803: +SERVICE [/camera/depth/image_rect/theora/set_parameters] /camera_nodelet_manager http://pc:41202/
[rosmaster.master][INFO] 2012-12-14 14:42:30,805: +PUB [/camera/depth/image_rect/theora/parameter_descriptions] /camera_nodelet_manager http://pc:41202/
[rosmaster.master][INFO] 2012-12-14 14:42:30,808: +PUB [/camera/depth/image_rect/theora/parameter_updates] /camera_nodelet_manager http://pc:41202/
[rosmaster.master][INFO] 2012-12-14 14:42:30,818: +PARAM [/camera/depth/image_rect/theora/optimize_for] by /camera_nodelet_manager
[rosmaster.master][INFO] 2012-12-14 14:42:30,821: +PARAM [/camera/depth/image_rect/theora/target_bitrate] by /camera_nodelet_manager
[rosmaster.master][INFO] 2012-12-14 14:42:30,823: +PARAM [/camera/depth/image_rect/theora/quality] by /camera_nodelet_manager
[rosmaster.master][INFO] 2012-12-14 14:42:30,825: +PARAM [/camera/depth/image_rect/theora/keyframe_frequency] by /camera_nodelet_manager
[rosmaster.master][INFO] 2012-12-14 14:42:31,352: +PUB [/camera/depth_registered/points] /camera_nodelet_manager http://pc:41202/
[rosmaster.master][INFO] 2012-12-14 14:42:32,035: +PUB [/camera/depth_registered/disparity] /camera_nodelet_manager http://pc:41202/
[rosmaster.master][INFO] 2012-12-14 14:42:32,787: +PUB [/camera/depth_registered/image_rect/compressed] /camera_nodelet_manager http://pc:41202/
[rosmaster.master][INFO] 2012-12-14 14:42:32,789: +SERVICE [/camera/depth_registered/image_rect/compressed/set_parameters] /camera_nodelet_manager http://pc:41202/
[rosmaster.master][INFO] 2012-12-14 14:42:32,792: +PUB [/camera/depth_registered/image_rect/compressed/parameter_descriptions] /camera_nodelet_manager http://pc:41202/
[rosmaster.master][INFO] 2012-12-14 14:42:32,795: +PUB [/camera/depth_registered/image_rect/compressed/parameter_updates] /camera_nodelet_manager http://pc:41202/
[rosmaster.master][INFO] 2012-12-14 14:42:32,799: +PARAM [/camera/depth_registered/image_rect/compressed/format] by /camera_nodelet_manager
[rosmaster.master][INFO] 2012-12-14 14:42:32,800: +PARAM [/camera/depth_registered/image_rect/compressed/jpeg_quality] by /camera_nodelet_manager
[rosmaster.master][INFO] 2012-12-14 14:42:32,800: +PARAM [/camera/depth_registered/image_rect/compressed/png_level] by /camera_nodelet_manager
[rosmaster.master][INFO] 2012-12-14 14:42:32,802: +PUB [/camera/depth_registered/image_rect] /camera_nodelet_manager http://pc:41202/
[rosmaster.master][INFO] 2012-12-14 14:42:32,803: +PUB [/camera/depth_registered/image_rect/theora] /camera_nodelet_manager http://pc:41202/
[rosmaster.master][INFO] 2012-12-14 14:42:32,804: +SERVICE [/camera/depth_registered/image_rect/theora/set_parameters] /camera_nodelet_manager http://pc:41202/
[rosmaster.master][INFO] 2012-12-14 14:42:32,805: +PUB [/camera/depth_registered/image_rect/theora/parameter_descriptions] /camera_nodelet_manager http://pc:41202/
[rosmaster.master][INFO] 2012-12-14 14:42:32,806: +PUB [/camera/depth_registered/image_rect/theora/parameter_updates] /camera_nodelet_manager http://pc:41202/
[rosmaster.master][INFO] 2012-12-14 14:42:32,810: +PARAM [/camera/depth_registered/image_rect/theora/optimize_for] by /camera_nodelet_manager
[rosmaster.master][INFO] 2012-12-14 14:42:32,810: +PARAM [/camera/depth_registered/image_rect/theora/target_bitrate] by /camera_nodelet_manager
[rosmaster.master][INFO] 2012-12-14 14:42:32,811: +PARAM [/camera/depth_registered/image_rect/theora/quality] by /camera_nodelet_manager
[rosmaster.master][INFO] 2012-12-14 14:42:32,812: +PARAM [/camera/depth_registered/image_rect/theora/keyframe_frequency] by /camera_nodelet_manager
[rosmaster.master][INFO] 2012-12-14 14:42:32,891: publisherUpdate[/camera/depth_registered/image_rect] -> http://pc:50858/
[rosmaster.master][INFO] 2012-12-14 14:42:32,928: +SUB [/camera/depth_registered/image_rect_raw] /camera_nodelet_manager http://pc:41202/
[rosmaster.master][INFO] 2012-12-14 14:42:32,931: +SUB [/camera/depth/image_rect_raw] /camera_nodelet_manager http://pc:41202/
[rosmaster.master][INFO] 2012-12-14 14:42:32,932: +SUB [/camera/depth/camera_info] /camera_nodelet_manager http://pc:41202/
[rosmaster.master][INFO] 2012-12-14 14:42:32,934: +SUB [/camera/depth_registered/image_raw] /camera_nodelet_manager http://pc:41202/
[rosmaster.master][INFO] 2012-12-14 14:42:32,936: +SUB [/camera/depth/image_raw] /camera_nodelet_manager http://pc:41202/
[rosmaster.master][INFO] 2012-12-14 14:42:32,936: +SUB [/camera/depth_registered/camera_info] /camera_nodelet_manager http://pc:41202/
[rosmaster.master][INFO] 2012-12-14 14:42:33,433: +PUB [/camera/depth/image/compressed] /camera_nodelet_manager http://pc:41202/
[rosmaster.master][INFO] 2012-12-14 14:42:33,435: +SERVICE [/camera/depth/image/compressed/set_parameters] /camera_nodelet_manager http://pc:41202/
[rosmaster.master][INFO] 2012-12-14 14:42:33,437: +PUB [/camera/depth/image/compressed/parameter_descriptions] /camera_nodelet_manager http://pc:41202/
[rosmaster.master][INFO] 2012-12-14 14:42:33,439: +PUB [/camera/depth/image/compressed/parameter_updates] /camera_nodelet_manager http://pc:41202/
[rosmaster.master][INFO] 2012-12-14 14:42:33,444: +PARAM [/camera/depth/image/compressed/format] by /camera_nodelet_manager
[rosmaster.master][INFO] 2012-12-14 14:42:33,445: +PARAM [/camera/depth/image/compressed/jpeg_quality] by /camera_nodelet_manager
[rosmaster.master][INFO] 2012-12-14 14:42:33,446: +PARAM [/camera/depth/image/compressed/png_level] by /camera_nodelet_manager
[rosmaster.master][INFO] 2012-12-14 14:42:33,447: +PUB [/camera/depth/image] /camera_nodelet_manager http://pc:41202/
[rosmaster.master][INFO] 2012-12-14 14:42:33,448: +PUB [/camera/depth/image/theora] /camera_nodelet_manager http://pc:41202/
[rosmaster.master][INFO] 2012-12-14 14:42:33,449: +SERVICE [/camera/depth/image/theora/set_parameters] /camera_nodelet_manager http://pc:41202/
[rosmaster.master][INFO] 2012-12-14 14:42:33,450: +PUB [/camera/depth/image/theora/parameter_descriptions] /camera_nodelet_manager http://pc:41202/
[rosmaster.master][INFO] 2012-12-14 14:42:33,451: +PUB [/camera/depth/image/theora/parameter_updates] /camera_nodelet_manager http://pc:41202/
[rosmaster.master][INFO] 2012-12-14 14:42:33,455: +PARAM [/camera/depth/image/theora/optimize_for] by /camera_nodelet_manager
[rosmaster.master][INFO] 2012-12-14 14:42:33,455: +PARAM [/camera/depth/image/theora/target_bitrate] by /camera_nodelet_manager
[rosmaster.master][INFO] 2012-12-14 14:42:33,456: +PARAM [/camera/depth/image/theora/quality] by /camera_nodelet_manager
[rosmaster.master][INFO] 2012-12-14 14:42:33,457: +PARAM [/camera/depth/image/theora/keyframe_frequency] by /camera_nodelet_manager
[rosmaster.master][INFO] 2012-12-14 14:42:35,624: +SERVICE [/camera/driver/set_parameters] /camera_nodelet_manager http://pc:41202/
[rosmaster.master][INFO] 2012-12-14 14:42:35,627: +PUB [/camera/driver/parameter_descriptions] /camera_nodelet_manager http://pc:41202/
[rosmaster.master][INFO] 2012-12-14 14:42:35,630: +PUB [/camera/driver/parameter_updates] /camera_nodelet_manager http://pc:41202/
[rosmaster.master][INFO] 2012-12-14 14:42:35,651: +PARAM [/camera/driver/image_mode] by /camera_nodelet_manager
[rosmaster.master][INFO] 2012-12-14 14:42:35,654: +PARAM [/camera/driver/depth_mode] by /camera_nodelet_manager
[rosmaster.master][INFO] 2012-12-14 14:42:35,656: +PARAM [/camera/driver/depth_registration] by /camera_nodelet_manager
[rosmaster.master][INFO] 2012-12-14 14:42:35,659: +PARAM [/camera/driver/data_skip] by /camera_nodelet_manager
[rosmaster.master][INFO] 2012-12-14 14:42:35,661: +PARAM [/camera/driver/depth_time_offset] by /camera_nodelet_manager
[rosmaster.master][INFO] 2012-12-14 14:42:35,664: +PARAM [/camera/driver/image_time_offset] by /camera_nodelet_manager
[rosmaster.master][INFO] 2012-12-14 14:42:35,666: +PARAM [/camera/driver/depth_ir_offset_x] by /camera_nodelet_manager
[rosmaster.master][INFO] 2012-12-14 14:42:35,668: +PARAM [/camera/driver/depth_ir_offset_y] by /camera_nodelet_manager
[rosmaster.master][INFO] 2012-12-14 14:42:35,671: +PARAM [/camera/driver/z_offset_mm] by /camera_nodelet_manager
[rosmaster.master][INFO] 2012-12-14 14:42:35,692: +SERVICE [/camera/rgb/set_camera_info] /camera_nodelet_manager http://pc:41202/
[rosmaster.master][INFO] 2012-12-14 14:42:35,695: +SERVICE [/camera/ir/set_camera_info] /camera_nodelet_manager http://pc:41202/
[rosmaster.master][INFO] 2012-12-14 14:42:35,699: +PUB [/camera/rgb/image_raw/compressed] /camera_nodelet_manager http://pc:41202/
[rosmaster.master][INFO] 2012-12-14 14:42:35,702: +SERVICE [/camera/rgb/image_raw/compressed/set_parameters] /camera_nodelet_manager http://pc:41202/
[rosmaster.master][INFO] 2012-12-14 14:42:35,704: +PUB [/camera/rgb/image_raw/compressed/parameter_descriptions] /camera_nodelet_manager http://pc:41202/
[rosmaster.master][INFO] 2012-12-14 14:42:35,707: +PUB [/camera/rgb/image_raw/compressed/parameter_updates] /camera_nodelet_manager http://pc:41202/
[rosmaster.master][INFO] 2012-12-14 14:42:35,717: +PARAM [/camera/rgb/image_raw/compressed/format] by /camera_nodelet_manager
[rosmaster.master][INFO] 2012-12-14 14:42:35,719: +PARAM [/camera/rgb/image_raw/compressed/jpeg_quality] by /camera_nodelet_manager
[rosmaster.master][INFO] 2012-12-14 14:42:35,721: +PARAM [/camera/rgb/image_raw/compressed/png_level] by /camera_nodelet_manager
[rosmaster.master][INFO] 2012-12-14 14:42:35,724: +PUB [/camera/rgb/image_raw] /camera_nodelet_manager http://pc:41202/
[rosmaster.master][INFO] 2012-12-14 14:42:35,726: +PUB [/camera/rgb/image_raw/theora] /camera_nodelet_manager http://pc:41202/
[rosmaster.master][INFO] 2012-12-14 14:42:35,729: +SERVICE [/camera/rgb/image_raw/theora/set_parameters] /camera_nodelet_manager http://pc:41202/
[rosmaster.master][INFO] 2012-12-14 14:42:35,731: +PUB [/camera/rgb/image_raw/theora/parameter_descriptions] /camera_nodelet_manager http://pc:41202/
[rosmaster.master][INFO] 2012-12-14 14:42:35,734: +PUB [/camera/rgb/image_raw/theora/parameter_updates] /camera_nodelet_manager http://pc:41202/
[rosmaster.master][INFO] 2012-12-14 14:42:35,743: +PARAM [/camera/rgb/image_raw/theora/optimize_for] by /camera_nodelet_manager
[rosmaster.master][INFO] 2012-12-14 14:42:35,745: +PARAM [/camera/rgb/image_raw/theora/target_bitrate] by /camera_nodelet_manager
[rosmaster.master][INFO] 2012-12-14 14:42:35,748: +PARAM [/camera/rgb/image_raw/theora/quality] by /camera_nodelet_manager
[rosmaster.master][INFO] 2012-12-14 14:42:35,750: +PARAM [/camera/rgb/image_raw/theora/keyframe_frequency] by /camera_nodelet_manager
[rosmaster.master][INFO] 2012-12-14 14:42:35,753: +PUB [/camera/rgb/camera_info] /camera_nodelet_manager http://pc:41202/
[rosmaster.master][INFO] 2012-12-14 14:42:35,755: +PUB [/camera/ir/image_raw/compressed] /camera_nodelet_manager http://pc:41202/
[rosmaster.master][INFO] 2012-12-14 14:42:35,758: +SERVICE [/camera/ir/image_raw/compressed/set_parameters] /camera_nodelet_manager http://pc:41202/
[rosmaster.master][INFO] 2012-12-14 14:42:35,761: +PUB [/camera/ir/image_raw/compressed/parameter_descriptions] /camera_nodelet_manager http://pc:41202/
[rosmaster.master][INFO] 2012-12-14 14:42:35,763: +PUB [/camera/ir/image_raw/compressed/parameter_updates] /camera_nodelet_manager http://pc:41202/
[rosmaster.master][INFO] 2012-12-14 14:42:35,772: +PARAM [/camera/ir/image_raw/compressed/format] by /camera_nodelet_manager
[rosmaster.master][INFO] 2012-12-14 14:42:35,774: +PARAM [/camera/ir/image_raw/compressed/jpeg_quality] by /camera_nodelet_manager
[rosmaster.master][INFO] 2012-12-14 14:42:35,776: +PARAM [/camera/ir/image_raw/compressed/png_level] by /camera_nodelet_manager
[rosmaster.master][INFO] 2012-12-14 14:42:35,779: +PUB [/camera/ir/image_raw] /camera_nodelet_manager http://pc:41202/
[rosmaster.master][INFO] 2012-12-14 14:42:35,782: +PUB [/camera/ir/image_raw/theora] /camera_nodelet_manager http://pc:41202/
[rosmaster.master][INFO] 2012-12-14 14:42:35,785: +SERVICE [/camera/ir/image_raw/theora/set_parameters] /camera_nodelet_manager http://pc:41202/
[rosmaster.master][INFO] 2012-12-14 14:42:35,787: +PUB [/camera/ir/image_raw/theora/parameter_descriptions] /camera_nodelet_manager http://pc:41202/
[rosmaster.master][INFO] 2012-12-14 14:42:35,790: +PUB [/camera/ir/image_raw/theora/parameter_updates] /camera_nodelet_manager http://pc:41202/
[rosmaster.master][INFO] 2012-12-14 14:42:35,796: publisherUpdate[/camera/rgb/image_raw] -> http://pc:41202/
[rosmaster.master][INFO] 2012-12-14 14:42:35,799: publisherUpdate[/camera/rgb/camera_info] -> http://pc:41202/
[rosmaster.master][INFO] 2012-12-14 14:42:35,802: +PARAM [/camera/ir/image_raw/theora/optimize_for] by /camera_nodelet_manager
[rosmaster.master][INFO] 2012-12-14 14:42:35,805: +PARAM [/camera/ir/image_raw/theora/target_bitrate] by /camera_nodelet_manager
[rosmaster.master][INFO] 2012-12-14 14:42:35,809: +PARAM [/camera/ir/image_raw/theora/quality] by /camera_nodelet_manager
[rosmaster.master][INFO] 2012-12-14 14:42:35,812: +SUB [/camera/driver/parameter_updates] /set_dr http://pc:47102/
[rosmaster.master][INFO] 2012-12-14 14:42:35,813: +PARAM [/camera/ir/image_raw/theora/keyframe_frequency] by /camera_nodelet_manager
[rosmaster.master][INFO] 2012-12-14 14:42:35,817: +PUB [/camera/ir/camera_info] /camera_nodelet_manager http://pc:41202/
[rosmaster.master][INFO] 2012-12-14 14:42:35,819: +SUB [/camera/driver/parameter_descriptions] /set_dr http://pc:47102/
[rosmaster.master][INFO] 2012-12-14 14:42:35,821: +PUB [/camera/depth/image_raw/compressed] /camera_nodelet_manager http://pc:41202/
[rosmaster.master][INFO] 2012-12-14 14:42:35,824: +SERVICE [/camera/depth/image_raw/compressed/set_parameters] /camera_nodelet_manager http://pc:41202/
[rosmaster.master][INFO] 2012-12-14 14:42:35,826: +PUB [/camera/depth/image_raw/compressed/parameter_descriptions] /camera_nodelet_manager http://pc:41202/
[rosmaster.master][INFO] 2012-12-14 14:42:35,828: +PUB [/camera/depth/image_raw/compressed/parameter_updates] /camera_nodelet_manager http://pc:41202/
[rosmaster.master][INFO] 2012-12-14 14:42:35,837: +PARAM [/camera/depth/image_raw/compressed/format] by /camera_nodelet_manager
[rosmaster.master][INFO] 2012-12-14 14:42:35,839: +PARAM [/camera/depth/image_raw/compressed/jpeg_quality] by /camera_nodelet_manager
[rosmaster.master][INFO] 2012-12-14 14:42:35,841: +PARAM [/camera/depth/image_raw/compressed/png_level] by /camera_nodelet_manager
[rosmaster.master][INFO] 2012-12-14 14:42:35,845: +PUB [/camera/depth/image_raw] /camera_nodelet_manager http://pc:41202/
[rosmaster.master][INFO] 2012-12-14 14:42:35,848: +PUB [/camera/depth/image_raw/theora] /camera_nodelet_manager http://pc:41202/
[rosmaster.master][INFO] 2012-12-14 14:42:35,853: +SERVICE [/camera/depth/image_raw/theora/set_parameters] /camera_nodelet_manager http://pc:41202/
[rosmaster.master][INFO] 2012-12-14 14:42:35,856: +PUB [/camera/depth/image_raw/theora/parameter_descriptions] /camera_nodelet_manager http://pc:41202/
[rosmaster.master][INFO] 2012-12-14 14:42:35,861: +PUB [/camera/depth/image_raw/theora/parameter_updates] /camera_nodelet_manager http://pc:41202/
[rosmaster.master][INFO] 2012-12-14 14:42:35,871: +PARAM [/camera/depth/image_raw/theora/optimize_for] by /camera_nodelet_manager
[rosmaster.master][INFO] 2012-12-14 14:42:35,874: +PARAM [/camera/depth/image_raw/theora/target_bitrate] by /camera_nodelet_manager
[rosmaster.master][INFO] 2012-12-14 14:42:35,876: +PARAM [/camera/depth/image_raw/theora/quality] by /camera_nodelet_manager
[rosmaster.master][INFO] 2012-12-14 14:42:35,878: +PARAM [/camera/depth/image_raw/theora/keyframe_frequency] by /camera_nodelet_manager
[rosmaster.master][INFO] 2012-12-14 14:42:35,881: +PUB [/camera/depth/camera_info] /camera_nodelet_manager http://pc:41202/
[rosmaster.master][INFO] 2012-12-14 14:42:35,883: +PUB [/camera/projector/camera_info] /camera_nodelet_manager http://pc:41202/
[rosmaster.master][INFO] 2012-12-14 14:42:35,886: +PUB [/camera/depth_registered/image_raw/compressed] /camera_nodelet_manager http://pc:41202/
[rosmaster.master][INFO] 2012-12-14 14:42:35,888: +SERVICE [/camera/depth_registered/image_raw/compressed/set_parameters] /camera_nodelet_manager http://pc:41202/
[rosmaster.master][INFO] 2012-12-14 14:42:35,891: +PUB [/camera/depth_registered/image_raw/compressed/parameter_descriptions] /camera_nodelet_manager http://pc:41202/
[rosmaster.master][INFO] 2012-12-14 14:42:35,893: +PUB [/camera/depth_registered/image_raw/compressed/parameter_updates] /camera_nodelet_manager http://pc:41202/
[rosmaster.master][INFO] 2012-12-14 14:42:35,900: publisherUpdate[/camera/depth/image_raw] -> http://pc:41202/
[rosmaster.master][INFO] 2012-12-14 14:42:35,902: publisherUpdate[/camera/depth/camera_info] -> http://pc:41202/
[rosmaster.master][INFO] 2012-12-14 14:42:35,904: +PARAM [/camera/depth_registered/image_raw/compressed/format] by /camera_nodelet_manager
[rosmaster.master][INFO] 2012-12-14 14:42:35,907: +PARAM [/camera/depth_registered/image_raw/compressed/jpeg_quality] by /camera_nodelet_manager
[rosmaster.master][INFO] 2012-12-14 14:42:35,909: +PARAM [/camera/depth_registered/image_raw/compressed/png_level] by /camera_nodelet_manager
[rosmaster.master][INFO] 2012-12-14 14:42:35,912: +PUB [/camera/depth_registered/image_raw] /camera_nodelet_manager http://pc:41202/
[rosmaster.master][INFO] 2012-12-14 14:42:35,915: +PUB [/camera/depth_registered/image_raw/theora] /camera_nodelet_manager http://pc:41202/
[rosmaster.master][INFO] 2012-12-14 14:42:35,917: +SERVICE [/camera/depth_registered/image_raw/theora/set_parameters] /camera_nodelet_manager http://pc:41202/
[rosmaster.master][INFO] 2012-12-14 14:42:35,920: +PUB [/camera/depth_registered/image_raw/theora/parameter_descriptions] /camera_nodelet_manager http://pc:41202/
[rosmaster.master][INFO] 2012-12-14 14:42:35,922: +PUB [/camera/depth_registered/image_raw/theora/parameter_updates] /camera_nodelet_manager http://pc:41202/
[rosmaster.master][INFO] 2012-12-14 14:42:35,932: +PARAM [/camera/depth_registered/image_raw/theora/optimize_for] by /camera_nodelet_manager
[rosmaster.master][INFO] 2012-12-14 14:42:35,934: +PARAM [/camera/depth_registered/image_raw/theora/target_bitrate] by /camera_nodelet_manager
[rosmaster.master][INFO] 2012-12-14 14:42:35,937: +PARAM [/camera/depth_registered/image_raw/theora/quality] by /camera_nodelet_manager
[rosmaster.master][INFO] 2012-12-14 14:42:35,939: +PARAM [/camera/depth_registered/image_raw/theora/keyframe_frequency] by /camera_nodelet_manager
[rosmaster.master][INFO] 2012-12-14 14:42:36,003: publisherUpdate[/camera/depth_registered/image_raw] -> http://pc:41202/
[rosmaster.master][INFO] 2012-12-14 14:42:39,794: +PARAM [/camera/driver/image_mode] by /camera_nodelet_manager
[rosmaster.master][INFO] 2012-12-14 14:42:39,797: +PARAM [/camera/driver/depth_mode] by /camera_nodelet_manager
[rosmaster.master][INFO] 2012-12-14 14:42:39,801: +PARAM [/camera/driver/depth_registration] by /camera_nodelet_manager
[rosmaster.master][INFO] 2012-12-14 14:42:39,803: +PARAM [/camera/driver/data_skip] by /camera_nodelet_manager
[rosmaster.master][INFO] 2012-12-14 14:42:39,805: +PARAM [/camera/driver/depth_time_offset] by /camera_nodelet_manager
[rosmaster.master][INFO] 2012-12-14 14:42:39,807: +PARAM [/camera/driver/image_time_offset] by /camera_nodelet_manager
[rosmaster.master][INFO] 2012-12-14 14:42:39,810: +PARAM [/camera/driver/depth_ir_offset_x] by /camera_nodelet_manager
[rosmaster.master][INFO] 2012-12-14 14:42:39,812: +PARAM [/camera/driver/depth_ir_offset_y] by /camera_nodelet_manager
[rosmaster.master][INFO] 2012-12-14 14:42:39,813: +PARAM [/camera/driver/z_offset_mm] by /camera_nodelet_manager
[rosmaster.master][INFO] 2012-12-14 14:42:39,816: -SUB [/camera/driver/parameter_updates] /set_dr http://pc:47102/
[rosmaster.master][INFO] 2012-12-14 14:42:39,816: -SUB [/camera/driver/parameter_descriptions] /set_dr http://pc:47102/
[rosmaster.master][INFO] 2012-12-14 14:42:39,816: -PUB [/rosout] /set_dr http://pc:47102/
[rosmaster.master][INFO] 2012-12-14 14:42:39,910: publisherUpdate[/rosout] -> http://pc:52426/
[rosmaster.master][INFO] 2012-12-14 14:43:10,602: -SUB [/camera/depth_registered/image_rect] /depth_detection http://pc:50858/
[rosmaster.master][INFO] 2012-12-14 14:43:10,603: -SUB [/camera/rgb/image_rect_color] /depth_detection http://pc:50858/
[rosmaster.master][INFO] 2012-12-14 14:43:10,603: -PUB [/rosout] /depth_detection http://pc:50858/
[rosmaster.master][INFO] 2012-12-14 14:43:10,611: -SUB [/camera/depth_registered/image_rect_raw] /camera_nodelet_manager http://pc:41202/
[rosmaster.master][INFO] 2012-12-14 14:43:10,622: -SUB [/camera/rgb/image_color] /camera_nodelet_manager http://pc:41202/
[rosmaster.master][INFO] 2012-12-14 14:43:10,625: -PUB [/camera/depth_registered/points] /camera_nodelet_manager http://pc:41202/
[rosmaster.master][INFO] 2012-12-14 14:43:10,626: -SUB [/camera/depth_registered/image_raw] /camera_nodelet_manager http://pc:41202/
[rosmaster.master][INFO] 2012-12-14 14:43:10,629: -PUB [/camera/depth_registered/disparity] /camera_nodelet_manager http://pc:41202/
[rosmaster.master][INFO] 2012-12-14 14:43:10,630: -SUB [/camera/depth_registered/camera_info] /camera_nodelet_manager http://pc:41202/
[rosmaster.master][INFO] 2012-12-14 14:43:10,631: -SUB [/camera/rgb/image_raw] /camera_nodelet_manager http://pc:41202/
[rosmaster.master][INFO] 2012-12-14 14:43:10,632: -PUB [/camera/depth/disparity] /camera_nodelet_manager http://pc:41202/
[rosmaster.master][INFO] 2012-12-14 14:43:10,634: -SUB [/camera/depth/image_rect_raw] /camera_nodelet_manager http://pc:41202/
[rosmaster.master][INFO] 2012-12-14 14:43:10,636: -SUB [/camera/rgb/camera_info] /camera_nodelet_manager http://pc:41202/
[rosmaster.master][INFO] 2012-12-14 14:43:10,637: -SUB [/camera/depth/image_raw] /camera_nodelet_manager http://pc:41202/
[rosmaster.master][INFO] 2012-12-14 14:43:10,638: -SUB [/camera/depth/camera_info] /camera_nodelet_manager http://pc:41202/
[rosmaster.master][INFO] 2012-12-14 14:43:10,649: -PUB [/rosout] /camera/points_xyzrgb_depth_rgb http://pc:39934/
[rosmaster.master][INFO] 2012-12-14 14:43:10,651: -SERVICE [/camera/points_xyzrgb_depth_rgb/get_loggers] /camera/points_xyzrgb_depth_rgb rosrpc://pc:52131
[rosmaster.master][INFO] 2012-12-14 14:43:10,652: -SERVICE [/camera/points_xyzrgb_depth_rgb/set_logger_level] /camera/points_xyzrgb_depth_rgb rosrpc://pc:52131
[rosmaster.master][INFO] 2012-12-14 14:43:10,664: publisherUpdate[/rosout] -> http://pc:52426/
[rosmaster.master][INFO] 2012-12-14 14:43:10,667: publisherUpdate[/rosout] -> http://pc:52426/
[rosmaster.master][INFO] 2012-12-14 14:43:10,738: -PUB [/rosout] /camera/depth_registered/metric http://pc:46241/
[rosmaster.master][INFO] 2012-12-14 14:43:10,739: -PUB [/rosout] /camera/disparity_depth http://pc:52714/
[rosmaster.master][INFO] 2012-12-14 14:43:10,740: -SERVICE [/camera/depth_registered/metric/get_loggers] /camera/depth_registered/metric rosrpc://pc:54804
[rosmaster.master][INFO] 2012-12-14 14:43:10,741: -SERVICE [/camera/disparity_depth/get_loggers] /camera/disparity_depth rosrpc://pc:44903
[rosmaster.master][INFO] 2012-12-14 14:43:10,743: -SERVICE [/camera/depth_registered/metric/set_logger_level] /camera/depth_registered/metric rosrpc://pc:54804
[rosmaster.master][INFO] 2012-12-14 14:43:10,743: -PUB [/rosout] /camera_base_link1 http://pc:49539/
[rosmaster.master][INFO] 2012-12-14 14:43:10,745: -PUB [/tf] /camera_base_link1 http://pc:49539/
[rosmaster.master][INFO] 2012-12-14 14:43:10,746: -SERVICE [/camera/disparity_depth/set_logger_level] /camera/disparity_depth rosrpc://pc:44903
[rosmaster.master][INFO] 2012-12-14 14:43:10,747: -PUB [/rosout] /camera_base_link http://pc:41548/
[rosmaster.master][INFO] 2012-12-14 14:43:10,748: -PUB [/rosout] /camera/depth_registered/metric_rect http://pc:40534/
[rosmaster.master][INFO] 2012-12-14 14:43:10,749: -PUB [/rosout] /camera_base_link2 http://pc:40622/
[rosmaster.master][INFO] 2012-12-14 14:43:10,750: -PUB [/rosout] /camera_base_link3 http://pc:56639/
[rosmaster.master][INFO] 2012-12-14 14:43:10,751: -SERVICE [/camera_base_link1/get_loggers] /camera_base_link1 rosrpc://pc:34844
[rosmaster.master][INFO] 2012-12-14 14:43:10,752: -PUB [/rosout] /camera/disparity_depth_registered http://pc:51179/
[rosmaster.master][INFO] 2012-12-14 14:43:10,753: -PUB [/tf] /camera_base_link http://pc:41548/
[rosmaster.master][INFO] 2012-12-14 14:43:10,754: -PUB [/tf] /camera_base_link2 http://pc:40622/
[rosmaster.master][INFO] 2012-12-14 14:43:10,756: -SERVICE [/camera/depth_registered/metric_rect/get_loggers] /camera/depth_registered/metric_rect rosrpc://pc:37893
[rosmaster.master][INFO] 2012-12-14 14:43:10,757: -PUB [/tf] /camera_base_link3 http://pc:56639/
[rosmaster.master][INFO] 2012-12-14 14:43:10,759: -SERVICE [/camera_base_link1/set_logger_level] /camera_base_link1 rosrpc://pc:34844
[rosmaster.master][INFO] 2012-12-14 14:43:10,760: -SERVICE [/camera/disparity_depth_registered/get_loggers] /camera/disparity_depth_registered rosrpc://pc:53301
[rosmaster.master][INFO] 2012-12-14 14:43:10,762: -SERVICE [/camera_base_link/get_loggers] /camera_base_link rosrpc://pc:48270
[rosmaster.master][INFO] 2012-12-14 14:43:10,763: -SERVICE [/camera/depth_registered/metric_rect/set_logger_level] /camera/depth_registered/metric_rect rosrpc://pc:37893
[rosmaster.master][INFO] 2012-12-14 14:43:10,763: -SERVICE [/camera_base_link2/get_loggers] /camera_base_link2 rosrpc://pc:53804
[rosmaster.master][INFO] 2012-12-14 14:43:10,764: -SERVICE [/camera_base_link3/get_loggers] /camera_base_link3 rosrpc://pc:33752
[rosmaster.master][INFO] 2012-12-14 14:43:10,765: publisherUpdate[/rosout] -> http://pc:52426/
[rosmaster.master][INFO] 2012-12-14 14:43:10,765: publisherUpdate[/tf] -> http://pc:41202/
[rosmaster.master][INFO] 2012-12-14 14:43:10,767: publisherUpdate[/tf] -> http://pc:41202/
[rosmaster.master][INFO] 2012-12-14 14:43:10,768: publisherUpdate[/rosout] -> http://pc:52426/
[rosmaster.master][INFO] 2012-12-14 14:43:10,769: publisherUpdate[/tf] -> http://pc:41202/
[rosmaster.master][INFO] 2012-12-14 14:43:10,766: -SERVICE [/camera/disparity_depth_registered/set_logger_level] /camera/disparity_depth_registered rosrpc://pc:53301
[rosmaster.master][INFO] 2012-12-14 14:43:10,771: publisherUpdate[/rosout] -> http://pc:52426/
[rosmaster.master][INFO] 2012-12-14 14:43:10,771: publisherUpdate[/tf] -> http://pc:41202/
[rosmaster.master][INFO] 2012-12-14 14:43:10,772: -SERVICE [/camera_base_link/set_logger_level] /camera_base_link rosrpc://pc:48270
[rosmaster.master][INFO] 2012-12-14 14:43:10,774: publisherUpdate[/rosout] -> http://pc:52426/
[rosmaster.master][INFO] 2012-12-14 14:43:10,775: -SERVICE [/camera_base_link2/set_logger_level] /camera_base_link2 rosrpc://pc:53804
[rosmaster.master][INFO] 2012-12-14 14:43:10,775: publisherUpdate[/rosout] -> http://pc:52426/
[rosmaster.master][INFO] 2012-12-14 14:43:10,776: -SERVICE [/camera_base_link3/set_logger_level] /camera_base_link3 rosrpc://pc:33752
[rosmaster.master][INFO] 2012-12-14 14:43:10,777: publisherUpdate[/rosout] -> http://pc:52426/
[rosmaster.master][INFO] 2012-12-14 14:43:10,778: publisherUpdate[/rosout] -> http://pc:52426/
[rosmaster.master][INFO] 2012-12-14 14:43:10,779: publisherUpdate[/rosout] -> http://pc:52426/
[rosmaster.master][INFO] 2012-12-14 14:43:10,808: -PUB [/camera/depth_registered/rectify_depth/parameter_descriptions] /camera_nodelet_manager http://pc:41202/
[rosmaster.master][INFO] 2012-12-14 14:43:10,810: -PUB [/camera/depth_registered/rectify_depth/parameter_updates] /camera_nodelet_manager http://pc:41202/
[rosmaster.master][INFO] 2012-12-14 14:43:10,812: -SERVICE [/camera/depth_registered/rectify_depth/set_parameters] /camera_nodelet_manager rosrpc://pc:42826
[rosmaster.master][INFO] 2012-12-14 14:43:10,902: -SERVICE [/camera/depth_registered/image_rect_raw/compressed/set_parameters] /camera_nodelet_manager rosrpc://pc:42826
[rosmaster.master][INFO] 2012-12-14 14:43:10,905: -SERVICE [/camera/depth_registered/image_rect_raw/theora/set_parameters] /camera_nodelet_manager rosrpc://pc:42826
[rosmaster.master][INFO] 2012-12-14 14:43:10,907: -SUB [/tf] /camera_nodelet_manager http://pc:41202/
[rosmaster.master][INFO] 2012-12-14 14:43:10,909: -SERVICE [/camera_nodelet_manager/tf_frames] /camera_nodelet_manager rosrpc://pc:42826
[rosmaster.master][INFO] 2012-12-14 14:43:10,914: -PUB [/camera/depth/points] /camera_nodelet_manager http://pc:41202/
[rosmaster.master][INFO] 2012-12-14 14:43:10,919: -PUB [/camera/depth/rectify_depth/parameter_descriptions] /camera_nodelet_manager http://pc:41202/
[rosmaster.master][INFO] 2012-12-14 14:43:10,920: -PUB [/camera/depth/rectify_depth/parameter_updates] /camera_nodelet_manager http://pc:41202/
[rosmaster.master][INFO] 2012-12-14 14:43:10,921: -SERVICE [/camera/depth/rectify_depth/set_parameters] /camera_nodelet_manager rosrpc://pc:42826
[rosmaster.master][INFO] 2012-12-14 14:43:10,922: -PUB [/camera/ir/rectify_ir/parameter_descriptions] /camera_nodelet_manager http://pc:41202/
[rosmaster.master][INFO] 2012-12-14 14:43:10,923: -PUB [/rosout] /camera/depth_registered/rectify_depth http://pc:43287/
[rosmaster.master][INFO] 2012-12-14 14:43:10,924: -PUB [/camera/ir/rectify_ir/parameter_updates] /camera_nodelet_manager http://pc:41202/
[rosmaster.master][INFO] 2012-12-14 14:43:10,927: -SERVICE [/camera/depth_registered/rectify_depth/get_loggers] /camera/depth_registered/rectify_depth rosrpc://pc:48098
[rosmaster.master][INFO] 2012-12-14 14:43:10,929: -SERVICE [/camera/ir/rectify_ir/set_parameters] /camera_nodelet_manager rosrpc://pc:42826
[rosmaster.master][INFO] 2012-12-14 14:43:10,930: -PUB [/rosout] /camera/depth/metric http://pc:35279/
[rosmaster.master][INFO] 2012-12-14 14:43:10,931: -SERVICE [/camera/depth_registered/rectify_depth/set_logger_level] /camera/depth_registered/rectify_depth rosrpc://pc:48098
[rosmaster.master][INFO] 2012-12-14 14:43:10,932: -SERVICE [/camera/depth/metric/get_loggers] /camera/depth/metric rosrpc://pc:41105
[rosmaster.master][INFO] 2012-12-14 14:43:10,933: -SERVICE [/camera/depth/metric/set_logger_level] /camera/depth/metric rosrpc://pc:41105
[rosmaster.master][INFO] 2012-12-14 14:43:10,971: publisherUpdate[/rosout] -> http://pc:52426/
[rosmaster.master][INFO] 2012-12-14 14:43:10,972: publisherUpdate[/rosout] -> http://pc:52426/
[rosmaster.master][INFO] 2012-12-14 14:43:11,003: -PUB [/camera/rgb/rectify_color/parameter_descriptions] /camera_nodelet_manager http://pc:41202/
[rosmaster.master][INFO] 2012-12-14 14:43:11,005: -PUB [/camera/rgb/rectify_color/parameter_updates] /camera_nodelet_manager http://pc:41202/
[rosmaster.master][INFO] 2012-12-14 14:43:11,006: -SERVICE [/camera/rgb/rectify_color/set_parameters] /camera_nodelet_manager rosrpc://pc:42826
[rosmaster.master][INFO] 2012-12-14 14:43:11,008: -PUB [/camera/rgb/rectify_mono/parameter_descriptions] /camera_nodelet_manager http://pc:41202/
[rosmaster.master][INFO] 2012-12-14 14:43:11,009: -PUB [/camera/rgb/rectify_mono/parameter_updates] /camera_nodelet_manager http://pc:41202/
[rosmaster.master][INFO] 2012-12-14 14:43:11,010: -SERVICE [/camera/rgb/rectify_mono/set_parameters] /camera_nodelet_manager rosrpc://pc:42826
[rosmaster.master][INFO] 2012-12-14 14:43:11,020: -PUB [/rosout] /camera/rgb/rectify_mono http://pc:58594/
[rosmaster.master][INFO] 2012-12-14 14:43:11,023: -SERVICE [/camera/rgb/rectify_mono/get_loggers] /camera/rgb/rectify_mono rosrpc://pc:54970
[rosmaster.master][INFO] 2012-12-14 14:43:11,025: -PUB [/rosout] /camera/ir/rectify_ir http://pc:36355/
[rosmaster.master][INFO] 2012-12-14 14:43:11,029: -SERVICE [/camera/rgb/rectify_mono/set_logger_level] /camera/rgb/rectify_mono rosrpc://pc:54970
[rosmaster.master][INFO] 2012-12-14 14:43:11,032: -PUB [/rosout] /camera/depth/rectify_depth http://pc:47403/
[rosmaster.master][INFO] 2012-12-14 14:43:11,036: -PUB [/rosout] /camera/depth/points http://pc:39948/
[rosmaster.master][INFO] 2012-12-14 14:43:11,038: -SERVICE [/camera/ir/rectify_ir/get_loggers] /camera/ir/rectify_ir rosrpc://pc:41695
[rosmaster.master][INFO] 2012-12-14 14:43:11,043: -PUB [/rosout] /camera/depth/metric_rect http://pc:42643/
[rosmaster.master][INFO] 2012-12-14 14:43:11,044: -PUB [/rosout] /camera/register_depth_rgb http://pc:44085/
[rosmaster.master][INFO] 2012-12-14 14:43:11,047: -SERVICE [/camera/depth/rectify_depth/get_loggers] /camera/depth/rectify_depth rosrpc://pc:40859
[rosmaster.master][INFO] 2012-12-14 14:43:11,049: -SERVICE [/camera/depth/points/get_loggers] /camera/depth/points rosrpc://pc:48586
[rosmaster.master][INFO] 2012-12-14 14:43:11,050: -SERVICE [/camera/ir/rectify_ir/set_logger_level] /camera/ir/rectify_ir rosrpc://pc:41695
[rosmaster.master][INFO] 2012-12-14 14:43:11,053: -SERVICE [/camera/depth/metric_rect/get_loggers] /camera/depth/metric_rect rosrpc://pc:40753
[rosmaster.master][INFO] 2012-12-14 14:43:11,054: -SERVICE [/camera/register_depth_rgb/get_loggers] /camera/register_depth_rgb rosrpc://pc:50133
[rosmaster.master][INFO] 2012-12-14 14:43:11,056: -SERVICE [/camera/depth/rectify_depth/set_logger_level] /camera/depth/rectify_depth rosrpc://pc:40859
[rosmaster.master][INFO] 2012-12-14 14:43:11,059: -SERVICE [/camera/depth/points/set_logger_level] /camera/depth/points rosrpc://pc:48586
[rosmaster.master][INFO] 2012-12-14 14:43:11,061: -SERVICE [/camera/depth/metric_rect/set_logger_level] /camera/depth/metric_rect rosrpc://pc:40753
[rosmaster.master][INFO] 2012-12-14 14:43:11,063: -SERVICE [/camera/register_depth_rgb/set_logger_level] /camera/register_depth_rgb rosrpc://pc:50133
[rosmaster.master][INFO] 2012-12-14 14:43:11,073: publisherUpdate[/rosout] -> http://pc:52426/
[rosmaster.master][INFO] 2012-12-14 14:43:11,076: publisherUpdate[/rosout] -> http://pc:52426/
[rosmaster.master][INFO] 2012-12-14 14:43:11,078: publisherUpdate[/rosout] -> http://pc:52426/
[rosmaster.master][INFO] 2012-12-14 14:43:11,079: publisherUpdate[/rosout] -> http://pc:52426/
[rosmaster.master][INFO] 2012-12-14 14:43:11,081: publisherUpdate[/rosout] -> http://pc:52426/
[rosmaster.master][INFO] 2012-12-14 14:43:11,083: publisherUpdate[/rosout] -> http://pc:52426/
[rosmaster.master][INFO] 2012-12-14 14:43:11,116: -PUB [/camera/rgb/debayer/parameter_descriptions] /camera_nodelet_manager http://pc:41202/
[rosmaster.master][INFO] 2012-12-14 14:43:11,122: -PUB [/camera/rgb/debayer/parameter_updates] /camera_nodelet_manager http://pc:41202/
[rosmaster.master][INFO] 2012-12-14 14:43:11,125: -PUB [/rosout] /camera/rgb/rectify_color http://pc:60306/
[rosmaster.master][INFO] 2012-12-14 14:43:11,128: -SERVICE [/camera/rgb/debayer/set_parameters] /camera_nodelet_manager rosrpc://pc:42826
[rosmaster.master][INFO] 2012-12-14 14:43:11,130: -SERVICE [/camera/rgb/rectify_color/get_loggers] /camera/rgb/rectify_color rosrpc://pc:59101
[rosmaster.master][INFO] 2012-12-14 14:43:11,133: -SERVICE [/camera/rgb/rectify_color/set_logger_level] /camera/rgb/rectify_color rosrpc://pc:59101
[rosmaster.master][INFO] 2012-12-14 14:43:11,176: publisherUpdate[/rosout] -> http://pc:52426/
[rosmaster.master][INFO] 2012-12-14 14:43:11,215: -SERVICE [/camera/ir/set_camera_info] /camera_nodelet_manager rosrpc://pc:42826
[rosmaster.master][INFO] 2012-12-14 14:43:11,219: -SERVICE [/camera/rgb/set_camera_info] /camera_nodelet_manager rosrpc://pc:42826
[rosmaster.master][INFO] 2012-12-14 14:43:11,221: -PUB [/rosout] /camera/driver http://pc:43336/
[rosmaster.master][INFO] 2012-12-14 14:43:11,223: -PUB [/rosout] /camera/rgb/debayer http://pc:60874/
[rosmaster.master][INFO] 2012-12-14 14:43:11,226: -PUB [/camera/driver/parameter_descriptions] /camera_nodelet_manager http://pc:41202/
[rosmaster.master][INFO] 2012-12-14 14:43:11,231: -SERVICE [/camera/rgb/debayer/get_loggers] /camera/rgb/debayer rosrpc://pc:34169
[rosmaster.master][INFO] 2012-12-14 14:43:11,234: -PUB [/camera/driver/parameter_updates] /camera_nodelet_manager http://pc:41202/
[rosmaster.master][INFO] 2012-12-14 14:43:11,236: -SERVICE [/camera/driver/get_loggers] /camera/driver rosrpc://pc:43736
[rosmaster.master][INFO] 2012-12-14 14:43:11,239: -SERVICE [/camera/rgb/debayer/set_logger_level] /camera/rgb/debayer rosrpc://pc:34169
[rosmaster.master][INFO] 2012-12-14 14:43:11,242: -SERVICE [/camera/driver/set_logger_level] /camera/driver rosrpc://pc:43736
[rosmaster.master][INFO] 2012-12-14 14:43:11,243: -SERVICE [/camera/driver/set_parameters] /camera_nodelet_manager rosrpc://pc:42826
[rosmaster.master][INFO] 2012-12-14 14:43:11,279: publisherUpdate[/rosout] -> http://pc:52426/
[rosmaster.master][INFO] 2012-12-14 14:43:11,280: publisherUpdate[/rosout] -> http://pc:52426/
[rosmaster.master][INFO] 2012-12-14 14:43:11,375: -PUB [/rosout] /camera_nodelet_manager http://pc:41202/
[rosmaster.master][INFO] 2012-12-14 14:43:11,377: -PUB [/camera/rgb/image_rect/compressed] /camera_nodelet_manager http://pc:41202/
[rosmaster.master][INFO] 2012-12-14 14:43:11,378: -PUB [/camera/rgb/image_rect/compressed/parameter_descriptions] /camera_nodelet_manager http://pc:41202/
[rosmaster.master][INFO] 2012-12-14 14:43:11,379: -PUB [/camera/rgb/image_rect/compressed/parameter_updates] /camera_nodelet_manager http://pc:41202/
[rosmaster.master][INFO] 2012-12-14 14:43:11,380: -PUB [/camera/rgb/image_rect] /camera_nodelet_manager http://pc:41202/
[rosmaster.master][INFO] 2012-12-14 14:43:11,381: -PUB [/camera/rgb/image_rect/theora] /camera_nodelet_manager http://pc:41202/
[rosmaster.master][INFO] 2012-12-14 14:43:11,381: publisherUpdate[/rosout] -> http://pc:52426/
[rosmaster.master][INFO] 2012-12-14 14:43:11,382: -PUB [/camera/rgb/image_rect/theora/parameter_descriptions] /camera_nodelet_manager http://pc:41202/
[rosmaster.master][INFO] 2012-12-14 14:43:11,383: -PUB [/camera/rgb/image_rect/theora/parameter_updates] /camera_nodelet_manager http://pc:41202/
[rosmaster.master][INFO] 2012-12-14 14:43:11,384: -PUB [/camera/depth_registered/image/compressed] /camera_nodelet_manager http://pc:41202/
[rosmaster.master][INFO] 2012-12-14 14:43:11,385: -PUB [/camera/depth_registered/image/compressed/parameter_descriptions] /camera_nodelet_manager http://pc:41202/
[rosmaster.master][INFO] 2012-12-14 14:43:11,386: -PUB [/camera/depth_registered/image/compressed/parameter_updates] /camera_nodelet_manager http://pc:41202/
[rosmaster.master][INFO] 2012-12-14 14:43:11,387: -PUB [/camera/depth_registered/image] /camera_nodelet_manager http://pc:41202/
[rosmaster.master][INFO] 2012-12-14 14:43:11,388: -PUB [/camera/depth_registered/image/theora] /camera_nodelet_manager http://pc:41202/
[rosmaster.master][INFO] 2012-12-14 14:43:11,389: -PUB [/camera/depth_registered/image/theora/parameter_descriptions] /camera_nodelet_manager http://pc:41202/
[rosmaster.master][INFO] 2012-12-14 14:43:11,389: -PUB [/camera/depth_registered/image/theora/parameter_updates] /camera_nodelet_manager http://pc:41202/
[rosmaster.master][INFO] 2012-12-14 14:43:11,390: -PUB [/camera/depth_registered/image_rect_raw/compressed] /camera_nodelet_manager http://pc:41202/
[rosmaster.master][INFO] 2012-12-14 14:43:11,391: -PUB [/camera/depth_registered/image_rect_raw/compressed/parameter_descriptions] /camera_nodelet_manager http://pc:41202/
[rosmaster.master][INFO] 2012-12-14 14:43:11,393: -PUB [/camera/depth_registered/image_rect_raw/compressed/parameter_updates] /camera_nodelet_manager http://pc:41202/
[rosmaster.master][INFO] 2012-12-14 14:43:11,394: -PUB [/camera/depth_registered/image_rect_raw] /camera_nodelet_manager http://pc:41202/
[rosmaster.master][INFO] 2012-12-14 14:43:11,395: -PUB [/camera/depth_registered/image_rect_raw/theora] /camera_nodelet_manager http://pc:41202/
[rosmaster.master][INFO] 2012-12-14 14:43:11,396: -PUB [/camera/depth_registered/image_rect_raw/theora/parameter_descriptions] /camera_nodelet_manager http://pc:41202/
[rosmaster.master][INFO] 2012-12-14 14:43:11,397: -PUB [/camera/depth_registered/image_rect_raw/theora/parameter_updates] /camera_nodelet_manager http://pc:41202/
[rosmaster.master][INFO] 2012-12-14 14:43:11,398: -PUB [/camera/depth_registered/camera_info] /camera_nodelet_manager http://pc:41202/
[rosmaster.master][INFO] 2012-12-14 14:43:11,399: -PUB [/camera/depth/image_rect_raw/compressed] /camera_nodelet_manager http://pc:41202/
[rosmaster.master][INFO] 2012-12-14 14:43:11,400: -PUB [/camera/depth/image_rect_raw/compressed/parameter_descriptions] /camera_nodelet_manager http://pc:41202/
[rosmaster.master][INFO] 2012-12-14 14:43:11,400: -PUB [/camera/depth/image_rect_raw/compressed/parameter_updates] /camera_nodelet_manager http://pc:41202/
[rosmaster.master][INFO] 2012-12-14 14:43:11,401: -PUB [/camera/depth/image_rect_raw] /camera_nodelet_manager http://pc:41202/
[rosmaster.master][INFO] 2012-12-14 14:43:11,402: -PUB [/camera/depth/image_rect_raw/theora] /camera_nodelet_manager http://pc:41202/
[rosmaster.master][INFO] 2012-12-14 14:43:11,403: -PUB [/camera/depth/image_rect_raw/theora/parameter_descriptions] /camera_nodelet_manager http://pc:41202/
[rosmaster.master][INFO] 2012-12-14 14:43:11,404: -PUB [/camera/depth/image_rect_raw/theora/parameter_updates] /camera_nodelet_manager http://pc:41202/
[rosmaster.master][INFO] 2012-12-14 14:43:11,405: -PUB [/camera/ir/image_rect/compressed] /camera_nodelet_manager http://pc:41202/
[rosmaster.master][INFO] 2012-12-14 14:43:11,405: -PUB [/camera/ir/image_rect/compressed/parameter_descriptions] /camera_nodelet_manager http://pc:41202/
[rosmaster.master][INFO] 2012-12-14 14:43:11,406: -PUB [/camera/ir/image_rect/compressed/parameter_updates] /camera_nodelet_manager http://pc:41202/
[rosmaster.master][INFO] 2012-12-14 14:43:11,408: -PUB [/camera/ir/image_rect] /camera_nodelet_manager http://pc:41202/
[rosmaster.master][INFO] 2012-12-14 14:43:11,409: -PUB [/camera/ir/image_rect/theora] /camera_nodelet_manager http://pc:41202/
[rosmaster.master][INFO] 2012-12-14 14:43:11,410: -PUB [/camera/ir/image_rect/theora/parameter_descriptions] /camera_nodelet_manager http://pc:41202/
[rosmaster.master][INFO] 2012-12-14 14:43:11,411: -PUB [/camera/ir/image_rect/theora/parameter_updates] /camera_nodelet_manager http://pc:41202/
[rosmaster.master][INFO] 2012-12-14 14:43:11,412: -PUB [/camera/rgb/image_rect_color/compressed] /camera_nodelet_manager http://pc:41202/
[rosmaster.master][INFO] 2012-12-14 14:43:11,413: -PUB [/camera/rgb/image_rect_color/compressed/parameter_descriptions] /camera_nodelet_manager http://pc:41202/
[rosmaster.master][INFO] 2012-12-14 14:43:11,414: -PUB [/camera/rgb/image_rect_color/compressed/parameter_updates] /camera_nodelet_manager http://pc:41202/
[rosmaster.master][INFO] 2012-12-14 14:43:11,415: -PUB [/camera/rgb/image_rect_color] /camera_nodelet_manager http://pc:41202/
[rosmaster.master][INFO] 2012-12-14 14:43:11,415: -PUB [/camera/rgb/image_rect_color/theora] /camera_nodelet_manager http://pc:41202/
[rosmaster.master][INFO] 2012-12-14 14:43:11,416: -PUB [/camera/rgb/image_rect_color/theora/parameter_descriptions] /camera_nodelet_manager http://pc:41202/
[rosmaster.master][INFO] 2012-12-14 14:43:11,417: -PUB [/camera/rgb/image_rect_color/theora/parameter_updates] /camera_nodelet_manager http://pc:41202/
[rosmaster.master][INFO] 2012-12-14 14:43:11,418: -PUB [/camera/rgb/image_mono/compressed] /camera_nodelet_manager http://pc:41202/
[rosmaster.master][INFO] 2012-12-14 14:43:11,419: -PUB [/camera/rgb/image_mono/compressed/parameter_descriptions] /camera_nodelet_manager http://pc:41202/
[rosmaster.master][INFO] 2012-12-14 14:43:11,419: -PUB [/camera/rgb/image_mono/compressed/parameter_updates] /camera_nodelet_manager http://pc:41202/
[rosmaster.master][INFO] 2012-12-14 14:43:11,420: -PUB [/camera/rgb/image_mono] /camera_nodelet_manager http://pc:41202/
[rosmaster.master][INFO] 2012-12-14 14:43:11,421: -PUB [/camera/rgb/image_mono/theora] /camera_nodelet_manager http://pc:41202/
[rosmaster.master][INFO] 2012-12-14 14:43:11,422: -PUB [/camera/rgb/image_mono/theora/parameter_descriptions] /camera_nodelet_manager http://pc:41202/
[rosmaster.master][INFO] 2012-12-14 14:43:11,423: -PUB [/camera/rgb/image_mono/theora/parameter_updates] /camera_nodelet_manager http://pc:41202/
[rosmaster.master][INFO] 2012-12-14 14:43:11,425: -PUB [/camera/rgb/image_color/compressed] /camera_nodelet_manager http://pc:41202/
[rosmaster.master][INFO] 2012-12-14 14:43:11,426: -PUB [/camera/rgb/image_color/compressed/parameter_descriptions] /camera_nodelet_manager http://pc:41202/
[rosmaster.master][INFO] 2012-12-14 14:43:11,427: -PUB [/camera/rgb/image_color/compressed/parameter_updates] /camera_nodelet_manager http://pc:41202/
[rosmaster.master][INFO] 2012-12-14 14:43:11,428: -PUB [/camera/rgb/image_color] /camera_nodelet_manager http://pc:41202/
[rosmaster.master][INFO] 2012-12-14 14:43:11,429: -PUB [/camera/rgb/image_color/theora] /camera_nodelet_manager http://pc:41202/
[rosmaster.master][INFO] 2012-12-14 14:43:11,430: -PUB [/camera/rgb/image_color/theora/parameter_descriptions] /camera_nodelet_manager http://pc:41202/
[rosmaster.master][INFO] 2012-12-14 14:43:11,430: -PUB [/camera/rgb/image_color/theora/parameter_updates] /camera_nodelet_manager http://pc:41202/
[rosmaster.master][INFO] 2012-12-14 14:43:11,431: -PUB [/camera/depth/image_rect/compressed] /camera_nodelet_manager http://pc:41202/
[rosmaster.master][INFO] 2012-12-14 14:43:11,432: -PUB [/camera/depth/image_rect/compressed/parameter_descriptions] /camera_nodelet_manager http://pc:41202/
[rosmaster.master][INFO] 2012-12-14 14:43:11,433: -PUB [/camera/depth/image_rect/compressed/parameter_updates] /camera_nodelet_manager http://pc:41202/
[rosmaster.master][INFO] 2012-12-14 14:43:11,434: -PUB [/camera/depth/image_rect] /camera_nodelet_manager http://pc:41202/
[rosmaster.master][INFO] 2012-12-14 14:43:11,435: -PUB [/camera/depth/image_rect/theora] /camera_nodelet_manager http://pc:41202/
[rosmaster.master][INFO] 2012-12-14 14:43:11,436: -PUB [/camera/depth/image_rect/theora/parameter_descriptions] /camera_nodelet_manager http://pc:41202/
[rosmaster.master][INFO] 2012-12-14 14:43:11,436: -PUB [/camera/depth/image_rect/theora/parameter_updates] /camera_nodelet_manager http://pc:41202/
[rosmaster.master][INFO] 2012-12-14 14:43:11,437: -PUB [/camera/depth_registered/image_rect/compressed] /camera_nodelet_manager http://pc:41202/
[rosmaster.master][INFO] 2012-12-14 14:43:11,438: -PUB [/camera/depth_registered/image_rect/compressed/parameter_descriptions] /camera_nodelet_manager http://pc:41202/
[rosmaster.master][INFO] 2012-12-14 14:43:11,439: -PUB [/camera/depth_registered/image_rect/compressed/parameter_updates] /camera_nodelet_manager http://pc:41202/
[rosmaster.master][INFO] 2012-12-14 14:43:11,441: -PUB [/camera/depth_registered/image_rect] /camera_nodelet_manager http://pc:41202/
[rosmaster.master][INFO] 2012-12-14 14:43:11,442: -PUB [/camera/depth_registered/image_rect/theora] /camera_nodelet_manager http://pc:41202/
[rosmaster.master][INFO] 2012-12-14 14:43:11,443: -PUB [/camera/depth_registered/image_rect/theora/parameter_descriptions] /camera_nodelet_manager http://pc:41202/
[rosmaster.master][INFO] 2012-12-14 14:43:11,444: -PUB [/camera/depth_registered/image_rect/theora/parameter_updates] /camera_nodelet_manager http://pc:41202/
[rosmaster.master][INFO] 2012-12-14 14:43:11,445: -PUB [/camera/depth/image/compressed] /camera_nodelet_manager http://pc:41202/
[rosmaster.master][INFO] 2012-12-14 14:43:11,446: -PUB [/camera/depth/image/compressed/parameter_descriptions] /camera_nodelet_manager http://pc:41202/
[rosmaster.master][INFO] 2012-12-14 14:43:11,446: -PUB [/camera/depth/image/compressed/parameter_updates] /camera_nodelet_manager http://pc:41202/
[rosmaster.master][INFO] 2012-12-14 14:43:11,447: -PUB [/camera/depth/image] /camera_nodelet_manager http://pc:41202/
[rosmaster.master][INFO] 2012-12-14 14:43:11,448: -PUB [/camera/depth/image/theora] /camera_nodelet_manager http://pc:41202/
[rosmaster.master][INFO] 2012-12-14 14:43:11,449: -PUB [/camera/depth/image/theora/parameter_descriptions] /camera_nodelet_manager http://pc:41202/
[rosmaster.master][INFO] 2012-12-14 14:43:11,450: -PUB [/camera/depth/image/theora/parameter_updates] /camera_nodelet_manager http://pc:41202/
[rosmaster.master][INFO] 2012-12-14 14:43:11,450: -PUB [/camera/rgb/image_raw/compressed] /camera_nodelet_manager http://pc:41202/
[rosmaster.master][INFO] 2012-12-14 14:43:11,451: -PUB [/camera/rgb/image_raw/compressed/parameter_descriptions] /camera_nodelet_manager http://pc:41202/
[rosmaster.master][INFO] 2012-12-14 14:43:11,452: -PUB [/camera/rgb/image_raw/compressed/parameter_updates] /camera_nodelet_manager http://pc:41202/
[rosmaster.master][INFO] 2012-12-14 14:43:11,453: -PUB [/camera/rgb/image_raw] /camera_nodelet_manager http://pc:41202/
[rosmaster.master][INFO] 2012-12-14 14:43:11,454: -PUB [/camera/rgb/image_raw/theora] /camera_nodelet_manager http://pc:41202/
[rosmaster.master][INFO] 2012-12-14 14:43:11,454: -PUB [/camera/rgb/image_raw/theora/parameter_descriptions] /camera_nodelet_manager http://pc:41202/
[rosmaster.master][INFO] 2012-12-14 14:43:11,455: -PUB [/camera/rgb/image_raw/theora/parameter_updates] /camera_nodelet_manager http://pc:41202/
[rosmaster.master][INFO] 2012-12-14 14:43:11,457: -PUB [/camera/rgb/camera_info] /camera_nodelet_manager http://pc:41202/
[rosmaster.master][INFO] 2012-12-14 14:43:11,458: -PUB [/camera/ir/image_raw/compressed] /camera_nodelet_manager http://pc:41202/
[rosmaster.master][INFO] 2012-12-14 14:43:11,459: -PUB [/camera/ir/image_raw/compressed/parameter_descriptions] /camera_nodelet_manager http://pc:41202/
[rosmaster.master][INFO] 2012-12-14 14:43:11,460: -PUB [/camera/ir/image_raw/compressed/parameter_updates] /camera_nodelet_manager http://pc:41202/
[rosmaster.master][INFO] 2012-12-14 14:43:11,461: -PUB [/camera/ir/image_raw] /camera_nodelet_manager http://pc:41202/
[rosmaster.master][INFO] 2012-12-14 14:43:11,462: -PUB [/camera/ir/image_raw/theora] /camera_nodelet_manager http://pc:41202/
[rosmaster.master][INFO] 2012-12-14 14:43:11,463: -PUB [/camera/ir/image_raw/theora/parameter_descriptions] /camera_nodelet_manager http://pc:41202/
[rosmaster.master][INFO] 2012-12-14 14:43:11,464: -PUB [/camera/ir/image_raw/theora/parameter_updates] /camera_nodelet_manager http://pc:41202/
[rosmaster.master][INFO] 2012-12-14 14:43:11,464: -PUB [/camera/ir/camera_info] /camera_nodelet_manager http://pc:41202/
[rosmaster.master][INFO] 2012-12-14 14:43:11,465: -PUB [/camera/depth/image_raw/compressed] /camera_nodelet_manager http://pc:41202/
[rosmaster.master][INFO] 2012-12-14 14:43:11,466: -PUB [/camera/depth/image_raw/compressed/parameter_descriptions] /camera_nodelet_manager http://pc:41202/
[rosmaster.master][INFO] 2012-12-14 14:43:11,467: -PUB [/camera/depth/image_raw/compressed/parameter_updates] /camera_nodelet_manager http://pc:41202/
[rosmaster.master][INFO] 2012-12-14 14:43:11,468: -PUB [/camera/depth/image_raw] /camera_nodelet_manager http://pc:41202/
[rosmaster.master][INFO] 2012-12-14 14:43:11,469: -PUB [/camera/depth/image_raw/theora] /camera_nodelet_manager http://pc:41202/
[rosmaster.master][INFO] 2012-12-14 14:43:11,470: -PUB [/camera/depth/image_raw/theora/parameter_descriptions] /camera_nodelet_manager http://pc:41202/
[rosmaster.master][INFO] 2012-12-14 14:43:11,471: -PUB [/camera/depth/image_raw/theora/parameter_updates] /camera_nodelet_manager http://pc:41202/
[rosmaster.master][INFO] 2012-12-14 14:43:11,472: -PUB [/camera/depth/camera_info] /camera_nodelet_manager http://pc:41202/
[rosmaster.master][INFO] 2012-12-14 14:43:11,473: -PUB [/camera/projector/camera_info] /camera_nodelet_manager http://pc:41202/
[rosmaster.master][INFO] 2012-12-14 14:43:11,474: -PUB [/camera/depth_registered/image_raw/compressed] /camera_nodelet_manager http://pc:41202/
[rosmaster.master][INFO] 2012-12-14 14:43:11,475: -PUB [/camera/depth_registered/image_raw/compressed/parameter_descriptions] /camera_nodelet_manager http://pc:41202/
[rosmaster.master][INFO] 2012-12-14 14:43:11,476: -PUB [/camera/depth_registered/image_raw/compressed/parameter_updates] /camera_nodelet_manager http://pc:41202/
[rosmaster.master][INFO] 2012-12-14 14:43:11,477: -PUB [/camera/depth_registered/image_raw] /camera_nodelet_manager http://pc:41202/
[rosmaster.master][INFO] 2012-12-14 14:43:11,478: -PUB [/camera/depth_registered/image_raw/theora] /camera_nodelet_manager http://pc:41202/
[rosmaster.master][INFO] 2012-12-14 14:43:11,479: -PUB [/camera/depth_registered/image_raw/theora/parameter_descriptions] /camera_nodelet_manager http://pc:41202/
[rosmaster.master][INFO] 2012-12-14 14:43:11,479: -PUB [/camera/depth_registered/image_raw/theora/parameter_updates] /camera_nodelet_manager http://pc:41202/
[rosmaster.master][INFO] 2012-12-14 14:43:11,481: -SERVICE [/camera_nodelet_manager/get_loggers] /camera_nodelet_manager rosrpc://pc:42826
[rosmaster.master][INFO] 2012-12-14 14:43:11,481: -SERVICE [/camera_nodelet_manager/set_logger_level] /camera_nodelet_manager rosrpc://pc:42826
[rosmaster.master][INFO] 2012-12-14 14:43:11,482: -SERVICE [/camera_nodelet_manager/load_nodelet] /camera_nodelet_manager rosrpc://pc:42826
[rosmaster.master][INFO] 2012-12-14 14:43:11,483: -SERVICE [/camera_nodelet_manager/unload_nodelet] /camera_nodelet_manager rosrpc://pc:42826
[rosmaster.master][INFO] 2012-12-14 14:43:11,484: -SERVICE [/camera_nodelet_manager/list] /camera_nodelet_manager rosrpc://pc:42826
[rosmaster.master][INFO] 2012-12-14 14:43:11,485: -SERVICE [/camera/rgb/image_rect/compressed/set_parameters] /camera_nodelet_manager rosrpc://pc:42826
[rosmaster.master][INFO] 2012-12-14 14:43:11,486: -SERVICE [/camera/rgb/image_rect/theora/set_parameters] /camera_nodelet_manager rosrpc://pc:42826
[rosmaster.master][INFO] 2012-12-14 14:43:11,487: -SERVICE [/camera/depth_registered/image/compressed/set_parameters] /camera_nodelet_manager rosrpc://pc:42826
[rosmaster.master][INFO] 2012-12-14 14:43:11,488: -SERVICE [/camera/depth_registered/image/theora/set_parameters] /camera_nodelet_manager rosrpc://pc:42826
[rosmaster.master][INFO] 2012-12-14 14:43:11,489: -SERVICE [/camera/depth/image_rect_raw/compressed/set_parameters] /camera_nodelet_manager rosrpc://pc:42826
[rosmaster.master][INFO] 2012-12-14 14:43:11,490: -SERVICE [/camera/depth/image_rect_raw/theora/set_parameters] /camera_nodelet_manager rosrpc://pc:42826
[rosmaster.master][INFO] 2012-12-14 14:43:11,491: -SERVICE [/camera/ir/image_rect/compressed/set_parameters] /camera_nodelet_manager rosrpc://pc:42826
[rosmaster.master][INFO] 2012-12-14 14:43:11,492: -SERVICE [/camera/ir/image_rect/theora/set_parameters] /camera_nodelet_manager rosrpc://pc:42826
[rosmaster.master][INFO] 2012-12-14 14:43:11,493: -SERVICE [/camera/rgb/image_rect_color/compressed/set_parameters] /camera_nodelet_manager rosrpc://pc:42826
[rosmaster.master][INFO] 2012-12-14 14:43:11,494: -SERVICE [/camera/rgb/image_rect_color/theora/set_parameters] /camera_nodelet_manager rosrpc://pc:42826
[rosmaster.master][INFO] 2012-12-14 14:43:11,495: -SERVICE [/camera/rgb/image_mono/compressed/set_parameters] /camera_nodelet_manager rosrpc://pc:42826
[rosmaster.master][INFO] 2012-12-14 14:43:11,495: -SERVICE [/camera/rgb/image_mono/theora/set_parameters] /camera_nodelet_manager rosrpc://pc:42826
[rosmaster.master][INFO] 2012-12-14 14:43:11,496: -SERVICE [/camera/rgb/image_color/compressed/set_parameters] /camera_nodelet_manager rosrpc://pc:42826
[rosmaster.master][INFO] 2012-12-14 14:43:11,497: -SERVICE [/camera/rgb/image_color/theora/set_parameters] /camera_nodelet_manager rosrpc://pc:42826
[rosmaster.master][INFO] 2012-12-14 14:43:11,498: -SERVICE [/camera/depth/image_rect/compressed/set_parameters] /camera_nodelet_manager rosrpc://pc:42826
[rosmaster.master][INFO] 2012-12-14 14:43:11,499: -SERVICE [/camera/depth/image_rect/theora/set_parameters] /camera_nodelet_manager rosrpc://pc:42826
[rosmaster.master][INFO] 2012-12-14 14:43:11,499: -SERVICE [/camera/depth_registered/image_rect/compressed/set_parameters] /camera_nodelet_manager rosrpc://pc:42826
[rosmaster.master][INFO] 2012-12-14 14:43:11,500: -SERVICE [/camera/depth_registered/image_rect/theora/set_parameters] /camera_nodelet_manager rosrpc://pc:42826
[rosmaster.master][INFO] 2012-12-14 14:43:11,501: -SERVICE [/camera/depth/image/compressed/set_parameters] /camera_nodelet_manager rosrpc://pc:42826
[rosmaster.master][INFO] 2012-12-14 14:43:11,502: -SERVICE [/camera/depth/image/theora/set_parameters] /camera_nodelet_manager rosrpc://pc:42826
[rosmaster.master][INFO] 2012-12-14 14:43:11,503: -SERVICE [/camera/rgb/image_raw/compressed/set_parameters] /camera_nodelet_manager rosrpc://pc:42826
[rosmaster.master][INFO] 2012-12-14 14:43:11,504: -SERVICE [/camera/rgb/image_raw/theora/set_parameters] /camera_nodelet_manager rosrpc://pc:42826
[rosmaster.master][INFO] 2012-12-14 14:43:11,505: -SERVICE [/camera/ir/image_raw/compressed/set_parameters] /camera_nodelet_manager rosrpc://pc:42826
[rosmaster.master][INFO] 2012-12-14 14:43:11,507: -SERVICE [/camera/ir/image_raw/theora/set_parameters] /camera_nodelet_manager rosrpc://pc:42826
[rosmaster.master][INFO] 2012-12-14 14:43:11,508: -SERVICE [/camera/depth/image_raw/compressed/set_parameters] /camera_nodelet_manager rosrpc://pc:42826
[rosmaster.master][INFO] 2012-12-14 14:43:11,509: -SERVICE [/camera/depth/image_raw/theora/set_parameters] /camera_nodelet_manager rosrpc://pc:42826
[rosmaster.master][INFO] 2012-12-14 14:43:11,510: -SERVICE [/camera/depth_registered/image_raw/compressed/set_parameters] /camera_nodelet_manager rosrpc://pc:42826
[rosmaster.master][INFO] 2012-12-14 14:43:11,511: -SERVICE [/camera/depth_registered/image_raw/theora/set_parameters] /camera_nodelet_manager rosrpc://pc:42826
[rosmaster.master][INFO] 2012-12-14 14:43:11,983: -PUB [/rosout_agg] /rosout http://pc:52426/
[rosmaster.master][INFO] 2012-12-14 14:43:11,984: -SUB [/rosout] /rosout http://pc:52426/
[rosmaster.master][INFO] 2012-12-14 14:43:11,985: -SERVICE [/rosout/get_loggers] /rosout rosrpc://pc:57114
[rosmaster.master][INFO] 2012-12-14 14:43:11,986: -SERVICE [/rosout/set_logger_level] /rosout rosrpc://pc:57114
[rosmaster.main][INFO] 2012-12-14 14:43:11,999: keyboard interrupt, will exit
[rosmaster.main][INFO] 2012-12-14 14:43:12,000: stopping master...
