[rosmaster.main][INFO] 2012-12-15 16:44:11,299: initialization complete, waiting for shutdown
[rosmaster.main][INFO] 2012-12-15 16:44:11,299: Starting ROS Master Node
[xmlrpc][INFO] 2012-12-15 16:44:11,300: XML-RPC server binding to 0.0.0.0
[xmlrpc][INFO] 2012-12-15 16:44:11,301: Started XML-RPC server [http://pc:11311/]
[rosmaster.master][INFO] 2012-12-15 16:44:11,302: Master initialized: port[11311], uri[http://pc:11311/]
[xmlrpc][INFO] 2012-12-15 16:44:11,302: xml rpc node: starting XML-RPC server
[rosmaster.master][INFO] 2012-12-15 16:44:11,416: +PARAM [/run_id] by /roslaunch
[rosmaster.master][INFO] 2012-12-15 16:44:11,422: +PARAM [/roslaunch/uris/host_pc__42608] by /roslaunch
[rosmaster.master][INFO] 2012-12-15 16:44:11,445: +PARAM [/rosdistro] by /roslaunch
[rosmaster.master][INFO] 2012-12-15 16:44:11,445: +PARAM [/camera/driver/rgb_frame_id] by /roslaunch
[rosmaster.master][INFO] 2012-12-15 16:44:11,445: +PARAM [/camera/disparity_depth_registered/min_range] by /roslaunch
[rosmaster.master][INFO] 2012-12-15 16:44:11,446: +PARAM [/camera/driver/rgb_camera_info_url] by /roslaunch
[rosmaster.master][INFO] 2012-12-15 16:44:11,446: +PARAM [/camera/depth_registered/rectify_depth/interpolation] by /roslaunch
[rosmaster.master][INFO] 2012-12-15 16:44:11,446: +PARAM [/camera/driver/depth_frame_id] by /roslaunch
[rosmaster.master][INFO] 2012-12-15 16:44:11,446: +PARAM [/camera/depth/rectify_depth/interpolation] by /roslaunch
[rosmaster.master][INFO] 2012-12-15 16:44:11,446: +PARAM [/camera/disparity_depth/max_range] by /roslaunch
[rosmaster.master][INFO] 2012-12-15 16:44:11,446: +PARAM [/rosversion] by /roslaunch
[rosmaster.master][INFO] 2012-12-15 16:44:11,446: +PARAM [/camera/driver/device_id] by /roslaunch
[rosmaster.master][INFO] 2012-12-15 16:44:11,446: +PARAM [/camera/driver/depth_camera_info_url] by /roslaunch
[rosmaster.master][INFO] 2012-12-15 16:44:11,447: +PARAM [/camera/disparity_depth/min_range] by /roslaunch
[rosmaster.master][INFO] 2012-12-15 16:44:11,447: +PARAM [/camera/disparity_depth_registered/max_range] by /roslaunch
[rosmaster.master][INFO] 2012-12-15 16:44:11,450: +SERVICE [/rosout/get_loggers] /rosout http://pc:46019/
[rosmaster.master][INFO] 2012-12-15 16:44:11,451: +SERVICE [/rosout/set_logger_level] /rosout http://pc:46019/
[rosmaster.master][INFO] 2012-12-15 16:44:11,453: +PUB [/rosout_agg] /rosout http://pc:46019/
[rosmaster.master][INFO] 2012-12-15 16:44:11,454: +SUB [/rosout] /rosout http://pc:46019/
[rosmaster.master][INFO] 2012-12-15 16:44:11,481: +PUB [/rosout] /camera/driver http://pc:53440/
[rosmaster.master][INFO] 2012-12-15 16:44:11,484: +SERVICE [/camera/driver/get_loggers] /camera/driver http://pc:53440/
[rosmaster.master][INFO] 2012-12-15 16:44:11,487: +SERVICE [/camera/driver/set_logger_level] /camera/driver http://pc:53440/
[rosmaster.master][INFO] 2012-12-15 16:44:11,494: +PARAM [/camera/driver] by /camera/driver
[rosmaster.master][INFO] 2012-12-15 16:44:11,498: +PUB [/rosout] /camera/rgb/debayer http://pc:55761/
[rosmaster.master][INFO] 2012-12-15 16:44:11,505: publisherUpdate[/rosout] -> http://pc:46019/
[rosmaster.master][INFO] 2012-12-15 16:44:11,516: publisherUpdate[/rosout] -> http://pc:46019/
[rosmaster.master][INFO] 2012-12-15 16:44:11,518: +SERVICE [/camera/rgb/debayer/get_loggers] /camera/rgb/debayer http://pc:55761/
[rosmaster.master][INFO] 2012-12-15 16:44:11,528: +SERVICE [/camera/rgb/debayer/set_logger_level] /camera/rgb/debayer http://pc:55761/
[rosmaster.master][INFO] 2012-12-15 16:44:11,529: +PUB [/rosout] /camera/rgb/rectify_mono http://pc:35736/
[rosmaster.master][INFO] 2012-12-15 16:44:11,533: +PUB [/rosout] /camera/rgb/rectify_color http://pc:34362/
[rosmaster.master][INFO] 2012-12-15 16:44:11,538: +SERVICE [/camera/rgb/rectify_mono/get_loggers] /camera/rgb/rectify_mono http://pc:35736/
[rosmaster.master][INFO] 2012-12-15 16:44:11,541: +PUB [/rosout] /camera/ir/rectify_ir http://pc:49095/
[rosmaster.master][INFO] 2012-12-15 16:44:11,546: +SERVICE [/camera/rgb/rectify_color/get_loggers] /camera/rgb/rectify_color http://pc:34362/
[rosmaster.master][INFO] 2012-12-15 16:44:11,550: +SERVICE [/camera/rgb/rectify_mono/set_logger_level] /camera/rgb/rectify_mono http://pc:35736/
[rosmaster.master][INFO] 2012-12-15 16:44:11,552: +PUB [/rosout] /camera/depth/rectify_depth http://pc:54946/
[rosmaster.master][INFO] 2012-12-15 16:44:11,553: +SERVICE [/camera/ir/rectify_ir/get_loggers] /camera/ir/rectify_ir http://pc:49095/
[rosmaster.master][INFO] 2012-12-15 16:44:11,554: +SERVICE [/camera/rgb/rectify_color/set_logger_level] /camera/rgb/rectify_color http://pc:34362/
[rosmaster.master][INFO] 2012-12-15 16:44:11,569: +SERVICE [/camera/ir/rectify_ir/set_logger_level] /camera/ir/rectify_ir http://pc:49095/
[rosmaster.master][INFO] 2012-12-15 16:44:11,570: +SERVICE [/camera/depth/rectify_depth/get_loggers] /camera/depth/rectify_depth http://pc:54946/
[rosmaster.master][INFO] 2012-12-15 16:44:11,578: +PUB [/rosout] /camera/depth/metric_rect http://pc:40979/
[rosmaster.master][INFO] 2012-12-15 16:44:11,584: +SERVICE [/camera/depth/rectify_depth/set_logger_level] /camera/depth/rectify_depth http://pc:54946/
[rosmaster.master][INFO] 2012-12-15 16:44:11,588: +PUB [/rosout] /camera/depth/metric http://pc:56539/
[rosmaster.master][INFO] 2012-12-15 16:44:11,599: +SERVICE [/camera/depth/metric_rect/get_loggers] /camera/depth/metric_rect http://pc:40979/
[rosmaster.master][INFO] 2012-12-15 16:44:11,607: +SERVICE [/camera/depth/metric/get_loggers] /camera/depth/metric http://pc:56539/
[rosmaster.master][INFO] 2012-12-15 16:44:11,610: publisherUpdate[/rosout] -> http://pc:46019/
[rosmaster.master][INFO] 2012-12-15 16:44:11,613: publisherUpdate[/rosout] -> http://pc:46019/
[rosmaster.master][INFO] 2012-12-15 16:44:11,615: publisherUpdate[/rosout] -> http://pc:46019/
[rosmaster.master][INFO] 2012-12-15 16:44:11,616: publisherUpdate[/rosout] -> http://pc:46019/
[rosmaster.master][INFO] 2012-12-15 16:44:11,618: publisherUpdate[/rosout] -> http://pc:46019/
[rosmaster.master][INFO] 2012-12-15 16:44:11,619: publisherUpdate[/rosout] -> http://pc:46019/
[rosmaster.master][INFO] 2012-12-15 16:44:11,622: +SERVICE [/camera/depth/metric/set_logger_level] /camera/depth/metric http://pc:56539/
[rosmaster.master][INFO] 2012-12-15 16:44:11,623: +PUB [/rosout] /camera/register_depth_rgb http://pc:52322/
[rosmaster.master][INFO] 2012-12-15 16:44:11,634: +SERVICE [/camera/register_depth_rgb/get_loggers] /camera/register_depth_rgb http://pc:52322/
[rosmaster.master][INFO] 2012-12-15 16:44:11,636: +PARAM [/camera/depth/rectify_depth] by /camera/depth/rectify_depth
[rosmaster.master][INFO] 2012-12-15 16:44:11,641: +PUB [/rosout] /camera/depth_registered/metric_rect http://pc:48311/
[rosmaster.master][INFO] 2012-12-15 16:44:11,653: +SERVICE [/camera/register_depth_rgb/set_logger_level] /camera/register_depth_rgb http://pc:52322/
[rosmaster.master][INFO] 2012-12-15 16:44:11,658: +PUB [/rosout] /camera/depth_registered/metric http://pc:34101/
[rosmaster.master][INFO] 2012-12-15 16:44:11,658: +SERVICE [/camera/depth_registered/metric_rect/get_loggers] /camera/depth_registered/metric_rect http://pc:48311/
[rosmaster.master][INFO] 2012-12-15 16:44:11,667: +PUB [/rosout] /camera/points_xyzrgb_depth_rgb http://pc:35443/
[rosmaster.master][INFO] 2012-12-15 16:44:11,669: +SERVICE [/camera/depth_registered/metric/get_loggers] /camera/depth_registered/metric http://pc:34101/
[rosmaster.master][INFO] 2012-12-15 16:44:11,672: +SERVICE [/camera/depth_registered/metric_rect/set_logger_level] /camera/depth_registered/metric_rect http://pc:48311/
[rosmaster.master][INFO] 2012-12-15 16:44:11,679: +SERVICE [/camera/depth_registered/metric/set_logger_level] /camera/depth_registered/metric http://pc:34101/
[rosmaster.master][INFO] 2012-12-15 16:44:11,681: +PUB [/rosout] /camera/disparity_depth http://pc:58154/
[rosmaster.master][INFO] 2012-12-15 16:44:11,690: +PUB [/rosout] /camera/disparity_depth_registered http://pc:37309/
[rosmaster.master][INFO] 2012-12-15 16:44:11,695: +SERVICE [/camera/disparity_depth/get_loggers] /camera/disparity_depth http://pc:58154/
[rosmaster.master][INFO] 2012-12-15 16:44:11,696: +PUB [/rosout] /camera_base_link http://pc:51207/
[rosmaster.master][INFO] 2012-12-15 16:44:11,700: +SERVICE [/camera/disparity_depth_registered/get_loggers] /camera/disparity_depth_registered http://pc:37309/
[rosmaster.master][INFO] 2012-12-15 16:44:11,705: +SERVICE [/camera_base_link/get_loggers] /camera_base_link http://pc:51207/
[rosmaster.master][INFO] 2012-12-15 16:44:11,707: +PUB [/rosout] /camera_base_link1 http://pc:34958/
[rosmaster.master][INFO] 2012-12-15 16:44:11,709: +PUB [/rosout] /camera_base_link2 http://pc:43815/
[rosmaster.master][INFO] 2012-12-15 16:44:11,710: +SERVICE [/camera_base_link/set_logger_level] /camera_base_link http://pc:51207/
[rosmaster.master][INFO] 2012-12-15 16:44:11,711: +SERVICE [/camera_base_link1/get_loggers] /camera_base_link1 http://pc:34958/
[rosmaster.master][INFO] 2012-12-15 16:44:11,711: publisherUpdate[/rosout] -> http://pc:46019/
[rosmaster.master][INFO] 2012-12-15 16:44:11,715: +PUB [/tf] /camera_base_link http://pc:51207/
[rosmaster.master][INFO] 2012-12-15 16:44:11,721: publisherUpdate[/rosout] -> http://pc:46019/
[rosmaster.master][INFO] 2012-12-15 16:44:11,722: +SERVICE [/camera_base_link2/get_loggers] /camera_base_link2 http://pc:43815/
[rosmaster.master][INFO] 2012-12-15 16:44:11,724: publisherUpdate[/rosout] -> http://pc:46019/
[rosmaster.master][INFO] 2012-12-15 16:44:11,727: publisherUpdate[/rosout] -> http://pc:46019/
[rosmaster.master][INFO] 2012-12-15 16:44:11,731: publisherUpdate[/rosout] -> http://pc:46019/
[rosmaster.master][INFO] 2012-12-15 16:44:11,733: publisherUpdate[/rosout] -> http://pc:46019/
[rosmaster.master][INFO] 2012-12-15 16:44:11,734: publisherUpdate[/rosout] -> http://pc:46019/
[rosmaster.master][INFO] 2012-12-15 16:44:11,736: publisherUpdate[/rosout] -> http://pc:46019/
[rosmaster.master][INFO] 2012-12-15 16:44:11,737: publisherUpdate[/rosout] -> http://pc:46019/
[rosmaster.master][INFO] 2012-12-15 16:44:11,741: +SERVICE [/camera_base_link1/set_logger_level] /camera_base_link1 http://pc:34958/
[rosmaster.master][INFO] 2012-12-15 16:44:11,744: +SERVICE [/camera_base_link2/set_logger_level] /camera_base_link2 http://pc:43815/
[rosmaster.master][INFO] 2012-12-15 16:44:11,749: +PUB [/rosout] /camera_base_link3 http://pc:60579/
[rosmaster.master][INFO] 2012-12-15 16:44:11,752: +PUB [/tf] /camera_base_link1 http://pc:34958/
[rosmaster.master][INFO] 2012-12-15 16:44:11,753: +SERVICE [/camera_base_link3/get_loggers] /camera_base_link3 http://pc:60579/
[rosmaster.master][INFO] 2012-12-15 16:44:11,756: +PUB [/tf] /camera_base_link2 http://pc:43815/
[rosmaster.master][INFO] 2012-12-15 16:44:11,758: +SERVICE [/camera_base_link3/set_logger_level] /camera_base_link3 http://pc:60579/
[rosmaster.master][INFO] 2012-12-15 16:44:11,762: +PUB [/tf] /camera_base_link3 http://pc:60579/
[rosmaster.master][INFO] 2012-12-15 16:44:11,797: +PUB [/rosout] /camera_nodelet_manager http://pc:56449/
[rosmaster.master][INFO] 2012-12-15 16:44:11,808: +SERVICE [/camera_nodelet_manager/get_loggers] /camera_nodelet_manager http://pc:56449/
[rosmaster.master][INFO] 2012-12-15 16:44:11,810: +PUB [/rosout] /camera/depth/points http://pc:57955/
[rosmaster.master][INFO] 2012-12-15 16:44:11,811: +SERVICE [/camera_nodelet_manager/set_logger_level] /camera_nodelet_manager http://pc:56449/
[rosmaster.master][INFO] 2012-12-15 16:44:11,814: +SERVICE [/camera/depth/points/get_loggers] /camera/depth/points http://pc:57955/
[rosmaster.master][INFO] 2012-12-15 16:44:11,817: +SERVICE [/camera/depth/points/set_logger_level] /camera/depth/points http://pc:57955/
[rosmaster.master][INFO] 2012-12-15 16:44:11,818: publisherUpdate[/rosout] -> http://pc:46019/
[rosmaster.master][INFO] 2012-12-15 16:44:11,819: publisherUpdate[/rosout] -> http://pc:46019/
[rosmaster.master][INFO] 2012-12-15 16:44:11,822: +SERVICE [/camera_nodelet_manager/load_nodelet] /camera_nodelet_manager http://pc:56449/
[rosmaster.master][INFO] 2012-12-15 16:44:11,823: publisherUpdate[/rosout] -> http://pc:46019/
[rosmaster.master][INFO] 2012-12-15 16:44:11,825: +SERVICE [/camera_nodelet_manager/unload_nodelet] /camera_nodelet_manager http://pc:56449/
[rosmaster.master][INFO] 2012-12-15 16:44:11,830: +SERVICE [/camera_nodelet_manager/list] /camera_nodelet_manager http://pc:56449/
[rosmaster.master][INFO] 2012-12-15 16:44:11,915: +SERVICE [/camera/disparity_depth_registered/set_logger_level] /camera/disparity_depth_registered http://pc:37309/
[rosmaster.master][INFO] 2012-12-15 16:44:11,920: +PARAM [/camera/disparity_depth_registered] by /camera/disparity_depth_registered
[rosmaster.master][INFO] 2012-12-15 16:44:12,125: +PUB [/rosout] /set_dr http://pc:40314/
[rosmaster.master][INFO] 2012-12-15 16:44:12,127: publisherUpdate[/rosout] -> http://pc:46019/
[rosmaster.master][INFO] 2012-12-15 16:44:12,197: +SERVICE [/camera/ir/rectify_ir/set_parameters] /camera_nodelet_manager http://pc:56449/
[rosmaster.master][INFO] 2012-12-15 16:44:12,198: +PUB [/camera/ir/rectify_ir/parameter_descriptions] /camera_nodelet_manager http://pc:56449/
[rosmaster.master][INFO] 2012-12-15 16:44:12,199: +PUB [/camera/ir/rectify_ir/parameter_updates] /camera_nodelet_manager http://pc:56449/
[rosmaster.master][INFO] 2012-12-15 16:44:12,200: +PARAM [/camera/ir/rectify_ir/interpolation] by /camera_nodelet_manager
[rosmaster.master][INFO] 2012-12-15 16:44:12,204: +PUB [/camera/ir/image_rect/compressed] /camera_nodelet_manager http://pc:56449/
[rosmaster.master][INFO] 2012-12-15 16:44:12,205: +SERVICE [/camera/ir/image_rect/compressed/set_parameters] /camera_nodelet_manager http://pc:56449/
[rosmaster.master][INFO] 2012-12-15 16:44:12,206: +PUB [/camera/ir/image_rect/compressed/parameter_descriptions] /camera_nodelet_manager http://pc:56449/
[rosmaster.master][INFO] 2012-12-15 16:44:12,207: +PUB [/camera/ir/image_rect/compressed/parameter_updates] /camera_nodelet_manager http://pc:56449/
[rosmaster.master][INFO] 2012-12-15 16:44:12,210: +PARAM [/camera/ir/image_rect/compressed/format] by /camera_nodelet_manager
[rosmaster.master][INFO] 2012-12-15 16:44:12,211: +PARAM [/camera/ir/image_rect/compressed/jpeg_quality] by /camera_nodelet_manager
[rosmaster.master][INFO] 2012-12-15 16:44:12,212: +PARAM [/camera/ir/image_rect/compressed/png_level] by /camera_nodelet_manager
[rosmaster.master][INFO] 2012-12-15 16:44:12,213: +PUB [/camera/ir/image_rect] /camera_nodelet_manager http://pc:56449/
[rosmaster.master][INFO] 2012-12-15 16:44:12,218: +PUB [/camera/ir/image_rect/theora] /camera_nodelet_manager http://pc:56449/
[rosmaster.master][INFO] 2012-12-15 16:44:12,219: +SERVICE [/camera/ir/image_rect/theora/set_parameters] /camera_nodelet_manager http://pc:56449/
[rosmaster.master][INFO] 2012-12-15 16:44:12,220: +PUB [/camera/ir/image_rect/theora/parameter_descriptions] /camera_nodelet_manager http://pc:56449/
[rosmaster.master][INFO] 2012-12-15 16:44:12,221: +PUB [/camera/ir/image_rect/theora/parameter_updates] /camera_nodelet_manager http://pc:56449/
[rosmaster.master][INFO] 2012-12-15 16:44:12,226: +PARAM [/camera/ir/image_rect/theora/optimize_for] by /camera_nodelet_manager
[rosmaster.master][INFO] 2012-12-15 16:44:12,228: +PARAM [/camera/ir/image_rect/theora/target_bitrate] by /camera_nodelet_manager
[rosmaster.master][INFO] 2012-12-15 16:44:12,229: +PARAM [/camera/ir/image_rect/theora/quality] by /camera_nodelet_manager
[rosmaster.master][INFO] 2012-12-15 16:44:12,231: +PARAM [/camera/ir/image_rect/theora/keyframe_frequency] by /camera_nodelet_manager
[rosmaster.master][INFO] 2012-12-15 16:44:12,498: +PUB [/camera/depth/image/compressed] /camera_nodelet_manager http://pc:56449/
[rosmaster.master][INFO] 2012-12-15 16:44:12,500: +SERVICE [/camera/depth/image/compressed/set_parameters] /camera_nodelet_manager http://pc:56449/
[rosmaster.master][INFO] 2012-12-15 16:44:12,502: +PUB [/camera/depth/image/compressed/parameter_descriptions] /camera_nodelet_manager http://pc:56449/
[rosmaster.master][INFO] 2012-12-15 16:44:12,505: +PUB [/camera/depth/image/compressed/parameter_updates] /camera_nodelet_manager http://pc:56449/
[rosmaster.master][INFO] 2012-12-15 16:44:12,512: +PARAM [/camera/depth/image/compressed/format] by /camera_nodelet_manager
[rosmaster.master][INFO] 2012-12-15 16:44:12,514: +PARAM [/camera/depth/image/compressed/jpeg_quality] by /camera_nodelet_manager
[rosmaster.master][INFO] 2012-12-15 16:44:12,516: +PARAM [/camera/depth/image/compressed/png_level] by /camera_nodelet_manager
[rosmaster.master][INFO] 2012-12-15 16:44:12,519: +PUB [/camera/depth/image] /camera_nodelet_manager http://pc:56449/
[rosmaster.master][INFO] 2012-12-15 16:44:12,522: +PUB [/camera/depth/image/theora] /camera_nodelet_manager http://pc:56449/
[rosmaster.master][INFO] 2012-12-15 16:44:12,526: +SERVICE [/camera/depth/image/theora/set_parameters] /camera_nodelet_manager http://pc:56449/
[rosmaster.master][INFO] 2012-12-15 16:44:12,534: +PUB [/camera/depth/image/theora/parameter_descriptions] /camera_nodelet_manager http://pc:56449/
[rosmaster.master][INFO] 2012-12-15 16:44:12,537: +PUB [/camera/depth/image/theora/parameter_updates] /camera_nodelet_manager http://pc:56449/
[rosmaster.master][INFO] 2012-12-15 16:44:12,548: +PARAM [/camera/depth/image/theora/optimize_for] by /camera_nodelet_manager
[rosmaster.master][INFO] 2012-12-15 16:44:12,550: +PARAM [/camera/depth/image/theora/target_bitrate] by /camera_nodelet_manager
[rosmaster.master][INFO] 2012-12-15 16:44:12,552: +PARAM [/camera/depth/image/theora/quality] by /camera_nodelet_manager
[rosmaster.master][INFO] 2012-12-15 16:44:12,553: +PARAM [/camera/depth/image/theora/keyframe_frequency] by /camera_nodelet_manager
[rosmaster.master][INFO] 2012-12-15 16:44:12,590: +PUB [/rosout] /depth_detection http://pc:34849/
[rosmaster.master][INFO] 2012-12-15 16:44:12,624: publisherUpdate[/rosout] -> http://pc:46019/
[rosmaster.master][INFO] 2012-12-15 16:44:12,625: +SUB [/camera/depth_registered/image_rect] /depth_detection http://pc:34849/
[rosmaster.master][INFO] 2012-12-15 16:44:12,628: +SUB [/camera/rgb/image_rect_color] /depth_detection http://pc:34849/
[rosmaster.master][INFO] 2012-12-15 16:44:12,865: +SERVICE [/camera/rgb/debayer/set_parameters] /camera_nodelet_manager http://pc:56449/
[rosmaster.master][INFO] 2012-12-15 16:44:12,867: +PUB [/camera/rgb/debayer/parameter_descriptions] /camera_nodelet_manager http://pc:56449/
[rosmaster.master][INFO] 2012-12-15 16:44:12,869: +PUB [/camera/rgb/debayer/parameter_updates] /camera_nodelet_manager http://pc:56449/
[rosmaster.master][INFO] 2012-12-15 16:44:12,872: +PARAM [/camera/rgb/debayer/debayer] by /camera_nodelet_manager
[rosmaster.master][INFO] 2012-12-15 16:44:12,874: +PUB [/camera/rgb/image_mono/compressed] /camera_nodelet_manager http://pc:56449/
[rosmaster.master][INFO] 2012-12-15 16:44:12,876: +SERVICE [/camera/rgb/image_mono/compressed/set_parameters] /camera_nodelet_manager http://pc:56449/
[rosmaster.master][INFO] 2012-12-15 16:44:12,877: +PUB [/camera/rgb/image_mono/compressed/parameter_descriptions] /camera_nodelet_manager http://pc:56449/
[rosmaster.master][INFO] 2012-12-15 16:44:12,879: +PUB [/camera/rgb/image_mono/compressed/parameter_updates] /camera_nodelet_manager http://pc:56449/
[rosmaster.master][INFO] 2012-12-15 16:44:12,883: +PARAM [/camera/rgb/image_mono/compressed/format] by /camera_nodelet_manager
[rosmaster.master][INFO] 2012-12-15 16:44:12,885: +PARAM [/camera/rgb/image_mono/compressed/jpeg_quality] by /camera_nodelet_manager
[rosmaster.master][INFO] 2012-12-15 16:44:12,887: +PARAM [/camera/rgb/image_mono/compressed/png_level] by /camera_nodelet_manager
[rosmaster.master][INFO] 2012-12-15 16:44:12,889: +PUB [/camera/rgb/image_mono] /camera_nodelet_manager http://pc:56449/
[rosmaster.master][INFO] 2012-12-15 16:44:12,890: +PUB [/camera/rgb/image_mono/theora] /camera_nodelet_manager http://pc:56449/
[rosmaster.master][INFO] 2012-12-15 16:44:12,891: +SERVICE [/camera/rgb/image_mono/theora/set_parameters] /camera_nodelet_manager http://pc:56449/
[rosmaster.master][INFO] 2012-12-15 16:44:12,893: +PUB [/camera/rgb/image_mono/theora/parameter_descriptions] /camera_nodelet_manager http://pc:56449/
[rosmaster.master][INFO] 2012-12-15 16:44:12,894: +PUB [/camera/rgb/image_mono/theora/parameter_updates] /camera_nodelet_manager http://pc:56449/
[rosmaster.master][INFO] 2012-12-15 16:44:12,900: +PARAM [/camera/rgb/image_mono/theora/optimize_for] by /camera_nodelet_manager
[rosmaster.master][INFO] 2012-12-15 16:44:12,902: +PARAM [/camera/rgb/image_mono/theora/target_bitrate] by /camera_nodelet_manager
[rosmaster.master][INFO] 2012-12-15 16:44:12,903: +PARAM [/camera/rgb/image_mono/theora/quality] by /camera_nodelet_manager
[rosmaster.master][INFO] 2012-12-15 16:44:12,904: +PARAM [/camera/rgb/image_mono/theora/keyframe_frequency] by /camera_nodelet_manager
[rosmaster.master][INFO] 2012-12-15 16:44:12,905: +PUB [/camera/rgb/image_color/compressed] /camera_nodelet_manager http://pc:56449/
[rosmaster.master][INFO] 2012-12-15 16:44:12,907: +SERVICE [/camera/rgb/image_color/compressed/set_parameters] /camera_nodelet_manager http://pc:56449/
[rosmaster.master][INFO] 2012-12-15 16:44:12,908: +PUB [/camera/rgb/image_color/compressed/parameter_descriptions] /camera_nodelet_manager http://pc:56449/
[rosmaster.master][INFO] 2012-12-15 16:44:12,909: +PUB [/camera/rgb/image_color/compressed/parameter_updates] /camera_nodelet_manager http://pc:56449/
[rosmaster.master][INFO] 2012-12-15 16:44:12,912: +PARAM [/camera/rgb/image_color/compressed/format] by /camera_nodelet_manager
[rosmaster.master][INFO] 2012-12-15 16:44:12,913: +PARAM [/camera/rgb/image_color/compressed/jpeg_quality] by /camera_nodelet_manager
[rosmaster.master][INFO] 2012-12-15 16:44:12,914: +PARAM [/camera/rgb/image_color/compressed/png_level] by /camera_nodelet_manager
[rosmaster.master][INFO] 2012-12-15 16:44:12,916: +PUB [/camera/rgb/image_color] /camera_nodelet_manager http://pc:56449/
[rosmaster.master][INFO] 2012-12-15 16:44:12,917: +PUB [/camera/rgb/image_color/theora] /camera_nodelet_manager http://pc:56449/
[rosmaster.master][INFO] 2012-12-15 16:44:12,918: +SERVICE [/camera/rgb/image_color/theora/set_parameters] /camera_nodelet_manager http://pc:56449/
[rosmaster.master][INFO] 2012-12-15 16:44:12,919: +PUB [/camera/rgb/image_color/theora/parameter_descriptions] /camera_nodelet_manager http://pc:56449/
[rosmaster.master][INFO] 2012-12-15 16:44:12,920: +PUB [/camera/rgb/image_color/theora/parameter_updates] /camera_nodelet_manager http://pc:56449/
[rosmaster.master][INFO] 2012-12-15 16:44:12,925: +PARAM [/camera/rgb/image_color/theora/optimize_for] by /camera_nodelet_manager
[rosmaster.master][INFO] 2012-12-15 16:44:12,928: +PARAM [/camera/rgb/image_color/theora/target_bitrate] by /camera_nodelet_manager
[rosmaster.master][INFO] 2012-12-15 16:44:12,930: +PARAM [/camera/rgb/image_color/theora/quality] by /camera_nodelet_manager
[rosmaster.master][INFO] 2012-12-15 16:44:12,931: +PARAM [/camera/rgb/image_color/theora/keyframe_frequency] by /camera_nodelet_manager
[rosmaster.master][INFO] 2012-12-15 16:44:13,195: +PUB [/camera/depth/points] /camera_nodelet_manager http://pc:56449/
[rosmaster.master][INFO] 2012-12-15 16:44:13,469: +PUB [/camera/depth_registered/image_rect/compressed] /camera_nodelet_manager http://pc:56449/
[rosmaster.master][INFO] 2012-12-15 16:44:13,471: +SERVICE [/camera/depth_registered/image_rect/compressed/set_parameters] /camera_nodelet_manager http://pc:56449/
[rosmaster.master][INFO] 2012-12-15 16:44:13,472: +PUB [/camera/depth_registered/image_rect/compressed/parameter_descriptions] /camera_nodelet_manager http://pc:56449/
[rosmaster.master][INFO] 2012-12-15 16:44:13,473: +PUB [/camera/depth_registered/image_rect/compressed/parameter_updates] /camera_nodelet_manager http://pc:56449/
[rosmaster.master][INFO] 2012-12-15 16:44:13,477: +PARAM [/camera/depth_registered/image_rect/compressed/format] by /camera_nodelet_manager
[rosmaster.master][INFO] 2012-12-15 16:44:13,478: +PARAM [/camera/depth_registered/image_rect/compressed/jpeg_quality] by /camera_nodelet_manager
[rosmaster.master][INFO] 2012-12-15 16:44:13,480: +PARAM [/camera/depth_registered/image_rect/compressed/png_level] by /camera_nodelet_manager
[rosmaster.master][INFO] 2012-12-15 16:44:13,482: +PUB [/camera/depth_registered/image_rect] /camera_nodelet_manager http://pc:56449/
[rosmaster.master][INFO] 2012-12-15 16:44:13,484: +PUB [/camera/depth_registered/image_rect/theora] /camera_nodelet_manager http://pc:56449/
[rosmaster.master][INFO] 2012-12-15 16:44:13,486: +SERVICE [/camera/depth_registered/image_rect/theora/set_parameters] /camera_nodelet_manager http://pc:56449/
[rosmaster.master][INFO] 2012-12-15 16:44:13,488: +PUB [/camera/depth_registered/image_rect/theora/parameter_descriptions] /camera_nodelet_manager http://pc:56449/
[rosmaster.master][INFO] 2012-12-15 16:44:13,490: +PUB [/camera/depth_registered/image_rect/theora/parameter_updates] /camera_nodelet_manager http://pc:56449/
[rosmaster.master][INFO] 2012-12-15 16:44:13,500: +PARAM [/camera/depth_registered/image_rect/theora/optimize_for] by /camera_nodelet_manager
[rosmaster.master][INFO] 2012-12-15 16:44:13,502: +PARAM [/camera/depth_registered/image_rect/theora/target_bitrate] by /camera_nodelet_manager
[rosmaster.master][INFO] 2012-12-15 16:44:13,505: +PARAM [/camera/depth_registered/image_rect/theora/quality] by /camera_nodelet_manager
[rosmaster.master][INFO] 2012-12-15 16:44:13,507: +PARAM [/camera/depth_registered/image_rect/theora/keyframe_frequency] by /camera_nodelet_manager
[rosmaster.master][INFO] 2012-12-15 16:44:13,530: publisherUpdate[/camera/depth_registered/image_rect] -> http://pc:34849/
[rosmaster.master][INFO] 2012-12-15 16:44:13,544: +SUB [/camera/depth_registered/image_rect_raw] /camera_nodelet_manager http://pc:56449/
[rosmaster.master][INFO] 2012-12-15 16:44:13,783: +SERVICE [/camera/rgb/rectify_mono/set_parameters] /camera_nodelet_manager http://pc:56449/
[rosmaster.master][INFO] 2012-12-15 16:44:13,786: +PUB [/camera/rgb/rectify_mono/parameter_descriptions] /camera_nodelet_manager http://pc:56449/
[rosmaster.master][INFO] 2012-12-15 16:44:13,788: +PUB [/camera/rgb/rectify_mono/parameter_updates] /camera_nodelet_manager http://pc:56449/
[rosmaster.master][INFO] 2012-12-15 16:44:13,793: +PARAM [/camera/rgb/rectify_mono/interpolation] by /camera_nodelet_manager
[rosmaster.master][INFO] 2012-12-15 16:44:13,796: +PUB [/camera/rgb/image_rect/compressed] /camera_nodelet_manager http://pc:56449/
[rosmaster.master][INFO] 2012-12-15 16:44:13,798: +SERVICE [/camera/rgb/image_rect/compressed/set_parameters] /camera_nodelet_manager http://pc:56449/
[rosmaster.master][INFO] 2012-12-15 16:44:13,801: +PUB [/camera/rgb/image_rect/compressed/parameter_descriptions] /camera_nodelet_manager http://pc:56449/
[rosmaster.master][INFO] 2012-12-15 16:44:13,803: +PUB [/camera/rgb/image_rect/compressed/parameter_updates] /camera_nodelet_manager http://pc:56449/
[rosmaster.master][INFO] 2012-12-15 16:44:13,813: +PARAM [/camera/rgb/image_rect/compressed/format] by /camera_nodelet_manager
[rosmaster.master][INFO] 2012-12-15 16:44:13,816: +PARAM [/camera/rgb/image_rect/compressed/jpeg_quality] by /camera_nodelet_manager
[rosmaster.master][INFO] 2012-12-15 16:44:13,818: +PARAM [/camera/rgb/image_rect/compressed/png_level] by /camera_nodelet_manager
[rosmaster.master][INFO] 2012-12-15 16:44:13,821: +PUB [/camera/rgb/image_rect] /camera_nodelet_manager http://pc:56449/
[rosmaster.master][INFO] 2012-12-15 16:44:13,824: +PUB [/camera/rgb/image_rect/theora] /camera_nodelet_manager http://pc:56449/
[rosmaster.master][INFO] 2012-12-15 16:44:13,826: +SERVICE [/camera/rgb/image_rect/theora/set_parameters] /camera_nodelet_manager http://pc:56449/
[rosmaster.master][INFO] 2012-12-15 16:44:13,828: +PUB [/camera/rgb/image_rect/theora/parameter_descriptions] /camera_nodelet_manager http://pc:56449/
[rosmaster.master][INFO] 2012-12-15 16:44:13,831: +PUB [/camera/rgb/image_rect/theora/parameter_updates] /camera_nodelet_manager http://pc:56449/
[rosmaster.master][INFO] 2012-12-15 16:44:13,841: +PARAM [/camera/rgb/image_rect/theora/optimize_for] by /camera_nodelet_manager
[rosmaster.master][INFO] 2012-12-15 16:44:13,843: +PARAM [/camera/rgb/image_rect/theora/target_bitrate] by /camera_nodelet_manager
[rosmaster.master][INFO] 2012-12-15 16:44:13,846: +PARAM [/camera/rgb/image_rect/theora/quality] by /camera_nodelet_manager
[rosmaster.master][INFO] 2012-12-15 16:44:13,852: +PARAM [/camera/rgb/image_rect/theora/keyframe_frequency] by /camera_nodelet_manager
[rosmaster.master][INFO] 2012-12-15 16:44:14,530: +PUB [/camera/depth_registered/disparity] /camera_nodelet_manager http://pc:56449/
[rosmaster.master][INFO] 2012-12-15 16:44:14,600: +PUB [/rosout] /camera/depth_registered/rectify_depth http://pc:44935/
[rosmaster.master][INFO] 2012-12-15 16:44:14,601: +SERVICE [/camera/depth_registered/rectify_depth/get_loggers] /camera/depth_registered/rectify_depth http://pc:44935/
[rosmaster.master][INFO] 2012-12-15 16:44:14,603: +SERVICE [/camera/depth_registered/rectify_depth/set_logger_level] /camera/depth_registered/rectify_depth http://pc:44935/
[rosmaster.master][INFO] 2012-12-15 16:44:14,607: +SERVICE [/camera/depth/metric_rect/set_logger_level] /camera/depth/metric_rect http://pc:40979/
[rosmaster.master][INFO] 2012-12-15 16:44:14,608: +PARAM [/camera/depth_registered/rectify_depth] by /camera/depth_registered/rectify_depth
[rosmaster.master][INFO] 2012-12-15 16:44:14,635: publisherUpdate[/rosout] -> http://pc:46019/
[rosmaster.master][INFO] 2012-12-15 16:44:14,672: +SERVICE [/camera/points_xyzrgb_depth_rgb/get_loggers] /camera/points_xyzrgb_depth_rgb http://pc:35443/
[rosmaster.master][INFO] 2012-12-15 16:44:14,674: +SERVICE [/camera/points_xyzrgb_depth_rgb/set_logger_level] /camera/points_xyzrgb_depth_rgb http://pc:35443/
[rosmaster.master][INFO] 2012-12-15 16:44:14,703: +SERVICE [/camera/disparity_depth/set_logger_level] /camera/disparity_depth http://pc:58154/
[rosmaster.master][INFO] 2012-12-15 16:44:14,710: +PARAM [/camera/disparity_depth] by /camera/disparity_depth
[rosmaster.master][INFO] 2012-12-15 16:44:15,290: +SERVICE [/camera/rgb/rectify_color/set_parameters] /camera_nodelet_manager http://pc:56449/
[rosmaster.master][INFO] 2012-12-15 16:44:15,293: +PUB [/camera/rgb/rectify_color/parameter_descriptions] /camera_nodelet_manager http://pc:56449/
[rosmaster.master][INFO] 2012-12-15 16:44:15,295: +PUB [/camera/rgb/rectify_color/parameter_updates] /camera_nodelet_manager http://pc:56449/
[rosmaster.master][INFO] 2012-12-15 16:44:15,299: +PARAM [/camera/rgb/rectify_color/interpolation] by /camera_nodelet_manager
[rosmaster.master][INFO] 2012-12-15 16:44:15,300: +PUB [/camera/rgb/image_rect_color/compressed] /camera_nodelet_manager http://pc:56449/
[rosmaster.master][INFO] 2012-12-15 16:44:15,302: +SERVICE [/camera/rgb/image_rect_color/compressed/set_parameters] /camera_nodelet_manager http://pc:56449/
[rosmaster.master][INFO] 2012-12-15 16:44:15,303: +PUB [/camera/rgb/image_rect_color/compressed/parameter_descriptions] /camera_nodelet_manager http://pc:56449/
[rosmaster.master][INFO] 2012-12-15 16:44:15,305: +PUB [/camera/rgb/image_rect_color/compressed/parameter_updates] /camera_nodelet_manager http://pc:56449/
[rosmaster.master][INFO] 2012-12-15 16:44:15,308: +PARAM [/camera/rgb/image_rect_color/compressed/format] by /camera_nodelet_manager
[rosmaster.master][INFO] 2012-12-15 16:44:15,309: +PARAM [/camera/rgb/image_rect_color/compressed/jpeg_quality] by /camera_nodelet_manager
[rosmaster.master][INFO] 2012-12-15 16:44:15,310: +PARAM [/camera/rgb/image_rect_color/compressed/png_level] by /camera_nodelet_manager
[rosmaster.master][INFO] 2012-12-15 16:44:15,311: +PUB [/camera/rgb/image_rect_color] /camera_nodelet_manager http://pc:56449/
[rosmaster.master][INFO] 2012-12-15 16:44:15,312: +PUB [/camera/rgb/image_rect_color/theora] /camera_nodelet_manager http://pc:56449/
[rosmaster.master][INFO] 2012-12-15 16:44:15,313: +SERVICE [/camera/rgb/image_rect_color/theora/set_parameters] /camera_nodelet_manager http://pc:56449/
[rosmaster.master][INFO] 2012-12-15 16:44:15,315: +PUB [/camera/rgb/image_rect_color/theora/parameter_descriptions] /camera_nodelet_manager http://pc:56449/
[rosmaster.master][INFO] 2012-12-15 16:44:15,316: +PUB [/camera/rgb/image_rect_color/theora/parameter_updates] /camera_nodelet_manager http://pc:56449/
[rosmaster.master][INFO] 2012-12-15 16:44:15,320: +PARAM [/camera/rgb/image_rect_color/theora/optimize_for] by /camera_nodelet_manager
[rosmaster.master][INFO] 2012-12-15 16:44:15,321: +PARAM [/camera/rgb/image_rect_color/theora/target_bitrate] by /camera_nodelet_manager
[rosmaster.master][INFO] 2012-12-15 16:44:15,322: +PARAM [/camera/rgb/image_rect_color/theora/quality] by /camera_nodelet_manager
[rosmaster.master][INFO] 2012-12-15 16:44:15,323: +PARAM [/camera/rgb/image_rect_color/theora/keyframe_frequency] by /camera_nodelet_manager
[rosmaster.master][INFO] 2012-12-15 16:44:15,336: publisherUpdate[/camera/rgb/image_rect_color] -> http://pc:34849/
[rosmaster.master][INFO] 2012-12-15 16:44:15,356: +SUB [/camera/rgb/image_color] /camera_nodelet_manager http://pc:56449/
[rosmaster.master][INFO] 2012-12-15 16:44:15,358: +SUB [/camera/rgb/camera_info] /camera_nodelet_manager http://pc:56449/
[rosmaster.master][INFO] 2012-12-15 16:44:15,360: +SUB [/camera/rgb/image_raw] /camera_nodelet_manager http://pc:56449/
[rosmaster.master][INFO] 2012-12-15 16:44:16,101: +SERVICE [/camera/depth_registered/rectify_depth/set_parameters] /camera_nodelet_manager http://pc:56449/
[rosmaster.master][INFO] 2012-12-15 16:44:16,104: +PUB [/camera/depth_registered/rectify_depth/parameter_descriptions] /camera_nodelet_manager http://pc:56449/
[rosmaster.master][INFO] 2012-12-15 16:44:16,107: +PUB [/camera/depth_registered/rectify_depth/parameter_updates] /camera_nodelet_manager http://pc:56449/
[rosmaster.master][INFO] 2012-12-15 16:44:16,114: +PARAM [/camera/depth_registered/rectify_depth/interpolation] by /camera_nodelet_manager
[rosmaster.master][INFO] 2012-12-15 16:44:16,115: +PUB [/camera/depth_registered/image_rect_raw/compressed] /camera_nodelet_manager http://pc:56449/
[rosmaster.master][INFO] 2012-12-15 16:44:16,116: +SERVICE [/camera/depth_registered/image_rect_raw/compressed/set_parameters] /camera_nodelet_manager http://pc:56449/
[rosmaster.master][INFO] 2012-12-15 16:44:16,117: +PUB [/camera/depth_registered/image_rect_raw/compressed/parameter_descriptions] /camera_nodelet_manager http://pc:56449/
[rosmaster.master][INFO] 2012-12-15 16:44:16,118: +PUB [/camera/depth_registered/image_rect_raw/compressed/parameter_updates] /camera_nodelet_manager http://pc:56449/
[rosmaster.master][INFO] 2012-12-15 16:44:16,122: +PARAM [/camera/depth_registered/image_rect_raw/compressed/format] by /camera_nodelet_manager
[rosmaster.master][INFO] 2012-12-15 16:44:16,123: +PARAM [/camera/depth_registered/image_rect_raw/compressed/jpeg_quality] by /camera_nodelet_manager
[rosmaster.master][INFO] 2012-12-15 16:44:16,124: +PARAM [/camera/depth_registered/image_rect_raw/compressed/png_level] by /camera_nodelet_manager
[rosmaster.master][INFO] 2012-12-15 16:44:16,125: +PUB [/camera/depth_registered/image_rect_raw] /camera_nodelet_manager http://pc:56449/
[rosmaster.master][INFO] 2012-12-15 16:44:16,127: +PUB [/camera/depth_registered/image_rect_raw/theora] /camera_nodelet_manager http://pc:56449/
[rosmaster.master][INFO] 2012-12-15 16:44:16,128: +SERVICE [/camera/depth_registered/image_rect_raw/theora/set_parameters] /camera_nodelet_manager http://pc:56449/
[rosmaster.master][INFO] 2012-12-15 16:44:16,128: +PUB [/camera/depth_registered/image_rect_raw/theora/parameter_descriptions] /camera_nodelet_manager http://pc:56449/
[rosmaster.master][INFO] 2012-12-15 16:44:16,129: +PUB [/camera/depth_registered/image_rect_raw/theora/parameter_updates] /camera_nodelet_manager http://pc:56449/
[rosmaster.master][INFO] 2012-12-15 16:44:16,134: +PARAM [/camera/depth_registered/image_rect_raw/theora/optimize_for] by /camera_nodelet_manager
[rosmaster.master][INFO] 2012-12-15 16:44:16,135: +PARAM [/camera/depth_registered/image_rect_raw/theora/target_bitrate] by /camera_nodelet_manager
[rosmaster.master][INFO] 2012-12-15 16:44:16,136: +PARAM [/camera/depth_registered/image_rect_raw/theora/quality] by /camera_nodelet_manager
[rosmaster.master][INFO] 2012-12-15 16:44:16,137: +PARAM [/camera/depth_registered/image_rect_raw/theora/keyframe_frequency] by /camera_nodelet_manager
[rosmaster.master][INFO] 2012-12-15 16:44:16,139: +SUB [/camera/depth_registered/image_raw] /camera_nodelet_manager http://pc:56449/
[rosmaster.master][INFO] 2012-12-15 16:44:16,139: publisherUpdate[/camera/depth_registered/image_rect_raw] -> http://pc:56449/
[rosmaster.master][INFO] 2012-12-15 16:44:16,141: +SUB [/camera/depth_registered/camera_info] /camera_nodelet_manager http://pc:56449/
[rosmaster.master][INFO] 2012-12-15 16:44:16,759: +PUB [/camera/depth/image_rect/compressed] /camera_nodelet_manager http://pc:56449/
[rosmaster.master][INFO] 2012-12-15 16:44:16,760: +SERVICE [/camera/depth/image_rect/compressed/set_parameters] /camera_nodelet_manager http://pc:56449/
[rosmaster.master][INFO] 2012-12-15 16:44:16,762: +PUB [/camera/depth/image_rect/compressed/parameter_descriptions] /camera_nodelet_manager http://pc:56449/
[rosmaster.master][INFO] 2012-12-15 16:44:16,765: +PUB [/camera/depth/image_rect/compressed/parameter_updates] /camera_nodelet_manager http://pc:56449/
[rosmaster.master][INFO] 2012-12-15 16:44:16,771: +PARAM [/camera/depth/image_rect/compressed/format] by /camera_nodelet_manager
[rosmaster.master][INFO] 2012-12-15 16:44:16,774: +PARAM [/camera/depth/image_rect/compressed/jpeg_quality] by /camera_nodelet_manager
[rosmaster.master][INFO] 2012-12-15 16:44:16,775: +PARAM [/camera/depth/image_rect/compressed/png_level] by /camera_nodelet_manager
[rosmaster.master][INFO] 2012-12-15 16:44:16,780: +PUB [/camera/depth/image_rect] /camera_nodelet_manager http://pc:56449/
[rosmaster.master][INFO] 2012-12-15 16:44:16,781: +PUB [/camera/depth/image_rect/theora] /camera_nodelet_manager http://pc:56449/
[rosmaster.master][INFO] 2012-12-15 16:44:16,782: +SERVICE [/camera/depth/image_rect/theora/set_parameters] /camera_nodelet_manager http://pc:56449/
[rosmaster.master][INFO] 2012-12-15 16:44:16,783: +PUB [/camera/depth/image_rect/theora/parameter_descriptions] /camera_nodelet_manager http://pc:56449/
[rosmaster.master][INFO] 2012-12-15 16:44:16,784: +PUB [/camera/depth/image_rect/theora/parameter_updates] /camera_nodelet_manager http://pc:56449/
[rosmaster.master][INFO] 2012-12-15 16:44:16,788: +PARAM [/camera/depth/image_rect/theora/optimize_for] by /camera_nodelet_manager
[rosmaster.master][INFO] 2012-12-15 16:44:16,789: +PARAM [/camera/depth/image_rect/theora/target_bitrate] by /camera_nodelet_manager
[rosmaster.master][INFO] 2012-12-15 16:44:16,790: +PARAM [/camera/depth/image_rect/theora/quality] by /camera_nodelet_manager
[rosmaster.master][INFO] 2012-12-15 16:44:16,791: +PARAM [/camera/depth/image_rect/theora/keyframe_frequency] by /camera_nodelet_manager
[rosmaster.master][INFO] 2012-12-15 16:44:17,070: +SERVICE [/camera/depth/rectify_depth/set_parameters] /camera_nodelet_manager http://pc:56449/
[rosmaster.master][INFO] 2012-12-15 16:44:17,072: +PUB [/camera/depth/rectify_depth/parameter_descriptions] /camera_nodelet_manager http://pc:56449/
[rosmaster.master][INFO] 2012-12-15 16:44:17,075: +PUB [/camera/depth/rectify_depth/parameter_updates] /camera_nodelet_manager http://pc:56449/
[rosmaster.master][INFO] 2012-12-15 16:44:17,080: +PARAM [/camera/depth/rectify_depth/interpolation] by /camera_nodelet_manager
[rosmaster.master][INFO] 2012-12-15 16:44:17,083: +PUB [/camera/depth/image_rect_raw/compressed] /camera_nodelet_manager http://pc:56449/
[rosmaster.master][INFO] 2012-12-15 16:44:17,085: +SERVICE [/camera/depth/image_rect_raw/compressed/set_parameters] /camera_nodelet_manager http://pc:56449/
[rosmaster.master][INFO] 2012-12-15 16:44:17,088: +PUB [/camera/depth/image_rect_raw/compressed/parameter_descriptions] /camera_nodelet_manager http://pc:56449/
[rosmaster.master][INFO] 2012-12-15 16:44:17,090: +PUB [/camera/depth/image_rect_raw/compressed/parameter_updates] /camera_nodelet_manager http://pc:56449/
[rosmaster.master][INFO] 2012-12-15 16:44:17,098: +PARAM [/camera/depth/image_rect_raw/compressed/format] by /camera_nodelet_manager
[rosmaster.master][INFO] 2012-12-15 16:44:17,100: +PARAM [/camera/depth/image_rect_raw/compressed/jpeg_quality] by /camera_nodelet_manager
[rosmaster.master][INFO] 2012-12-15 16:44:17,103: +PARAM [/camera/depth/image_rect_raw/compressed/png_level] by /camera_nodelet_manager
[rosmaster.master][INFO] 2012-12-15 16:44:17,107: +PUB [/camera/depth/image_rect_raw] /camera_nodelet_manager http://pc:56449/
[rosmaster.master][INFO] 2012-12-15 16:44:17,109: +PUB [/camera/depth/image_rect_raw/theora] /camera_nodelet_manager http://pc:56449/
[rosmaster.master][INFO] 2012-12-15 16:44:17,112: +SERVICE [/camera/depth/image_rect_raw/theora/set_parameters] /camera_nodelet_manager http://pc:56449/
[rosmaster.master][INFO] 2012-12-15 16:44:17,114: +PUB [/camera/depth/image_rect_raw/theora/parameter_descriptions] /camera_nodelet_manager http://pc:56449/
[rosmaster.master][INFO] 2012-12-15 16:44:17,117: +PUB [/camera/depth/image_rect_raw/theora/parameter_updates] /camera_nodelet_manager http://pc:56449/
[rosmaster.master][INFO] 2012-12-15 16:44:17,127: +PARAM [/camera/depth/image_rect_raw/theora/optimize_for] by /camera_nodelet_manager
[rosmaster.master][INFO] 2012-12-15 16:44:17,130: +PARAM [/camera/depth/image_rect_raw/theora/target_bitrate] by /camera_nodelet_manager
[rosmaster.master][INFO] 2012-12-15 16:44:17,132: +PARAM [/camera/depth/image_rect_raw/theora/quality] by /camera_nodelet_manager
[rosmaster.master][INFO] 2012-12-15 16:44:17,134: +PARAM [/camera/depth/image_rect_raw/theora/keyframe_frequency] by /camera_nodelet_manager
[rosmaster.master][INFO] 2012-12-15 16:44:17,415: +SUB [/tf] /camera_nodelet_manager http://pc:56449/
[rosmaster.master][INFO] 2012-12-15 16:44:17,420: +SERVICE [/camera_nodelet_manager/tf_frames] /camera_nodelet_manager http://pc:56449/
[rosmaster.master][INFO] 2012-12-15 16:44:17,701: +PARAM [/camera/depth_registered/image_rect_raw/compressed/format] by /camera_nodelet_manager
[rosmaster.master][INFO] 2012-12-15 16:44:17,702: +PARAM [/camera/depth_registered/image_rect_raw/compressed/jpeg_quality] by /camera_nodelet_manager
[rosmaster.master][INFO] 2012-12-15 16:44:17,703: +PARAM [/camera/depth_registered/image_rect_raw/compressed/png_level] by /camera_nodelet_manager
[rosmaster.master][INFO] 2012-12-15 16:44:17,709: +PARAM [/camera/depth_registered/image_rect_raw/theora/optimize_for] by /camera_nodelet_manager
[rosmaster.master][INFO] 2012-12-15 16:44:17,710: +PARAM [/camera/depth_registered/image_rect_raw/theora/target_bitrate] by /camera_nodelet_manager
[rosmaster.master][INFO] 2012-12-15 16:44:17,713: +PARAM [/camera/depth_registered/image_rect_raw/theora/quality] by /camera_nodelet_manager
[rosmaster.master][INFO] 2012-12-15 16:44:17,715: +PARAM [/camera/depth_registered/image_rect_raw/theora/keyframe_frequency] by /camera_nodelet_manager
[rosmaster.master][INFO] 2012-12-15 16:44:17,718: +PUB [/camera/depth_registered/camera_info] /camera_nodelet_manager http://pc:56449/
[rosmaster.master][INFO] 2012-12-15 16:44:17,728: +SUB [/camera/depth/image_rect_raw] /camera_nodelet_manager http://pc:56449/
[rosmaster.master][INFO] 2012-12-15 16:44:17,734: +SUB [/camera/depth/camera_info] /camera_nodelet_manager http://pc:56449/
[rosmaster.master][INFO] 2012-12-15 16:44:17,736: +SUB [/camera/depth/image_raw] /camera_nodelet_manager http://pc:56449/
[rosmaster.master][INFO] 2012-12-15 16:44:17,742: publisherUpdate[/camera/depth_registered/camera_info] -> http://pc:56449/
[rosmaster.master][INFO] 2012-12-15 16:44:18,302: +PUB [/camera/depth_registered/points] /camera_nodelet_manager http://pc:56449/
[rosmaster.master][INFO] 2012-12-15 16:44:18,469: +SERVICE [/camera/driver/set_parameters] /camera_nodelet_manager http://pc:56449/
[rosmaster.master][INFO] 2012-12-15 16:44:18,471: +PUB [/camera/driver/parameter_descriptions] /camera_nodelet_manager http://pc:56449/
[rosmaster.master][INFO] 2012-12-15 16:44:18,473: +PUB [/camera/driver/parameter_updates] /camera_nodelet_manager http://pc:56449/
[rosmaster.master][INFO] 2012-12-15 16:44:18,484: +PARAM [/camera/driver/image_mode] by /camera_nodelet_manager
[rosmaster.master][INFO] 2012-12-15 16:44:18,486: +PARAM [/camera/driver/depth_mode] by /camera_nodelet_manager
[rosmaster.master][INFO] 2012-12-15 16:44:18,487: +SUB [/camera/driver/parameter_updates] /set_dr http://pc:40314/
[rosmaster.master][INFO] 2012-12-15 16:44:18,488: +PARAM [/camera/driver/depth_registration] by /camera_nodelet_manager
[rosmaster.master][INFO] 2012-12-15 16:44:18,490: +SUB [/camera/driver/parameter_descriptions] /set_dr http://pc:40314/
[rosmaster.master][INFO] 2012-12-15 16:44:18,491: +PARAM [/camera/driver/data_skip] by /camera_nodelet_manager
[rosmaster.master][INFO] 2012-12-15 16:44:18,493: +PARAM [/camera/driver/depth_time_offset] by /camera_nodelet_manager
[rosmaster.master][INFO] 2012-12-15 16:44:18,495: +PARAM [/camera/driver/image_time_offset] by /camera_nodelet_manager
[rosmaster.master][INFO] 2012-12-15 16:44:18,496: +PARAM [/camera/driver/depth_ir_offset_x] by /camera_nodelet_manager
[rosmaster.master][INFO] 2012-12-15 16:44:18,499: +PARAM [/camera/driver/depth_ir_offset_y] by /camera_nodelet_manager
[rosmaster.master][INFO] 2012-12-15 16:44:18,500: +PARAM [/camera/driver/z_offset_mm] by /camera_nodelet_manager
[rosmaster.master][INFO] 2012-12-15 16:44:18,501: +PARAM [/camera/driver/image_mode] by /camera_nodelet_manager
[rosmaster.master][INFO] 2012-12-15 16:44:18,502: +PARAM [/camera/driver/depth_mode] by /camera_nodelet_manager
[rosmaster.master][INFO] 2012-12-15 16:44:18,503: +PARAM [/camera/driver/depth_registration] by /camera_nodelet_manager
[rosmaster.master][INFO] 2012-12-15 16:44:18,504: +PARAM [/camera/driver/data_skip] by /camera_nodelet_manager
[rosmaster.master][INFO] 2012-12-15 16:44:18,504: +PARAM [/camera/driver/depth_time_offset] by /camera_nodelet_manager
[rosmaster.master][INFO] 2012-12-15 16:44:18,505: +PARAM [/camera/driver/image_time_offset] by /camera_nodelet_manager
[rosmaster.master][INFO] 2012-12-15 16:44:18,506: +PARAM [/camera/driver/depth_ir_offset_x] by /camera_nodelet_manager
[rosmaster.master][INFO] 2012-12-15 16:44:18,507: +PARAM [/camera/driver/depth_ir_offset_y] by /camera_nodelet_manager
[rosmaster.master][INFO] 2012-12-15 16:44:18,508: +PARAM [/camera/driver/z_offset_mm] by /camera_nodelet_manager
[rosmaster.master][INFO] 2012-12-15 16:44:18,510: -SUB [/camera/driver/parameter_updates] /set_dr http://pc:40314/
[rosmaster.master][INFO] 2012-12-15 16:44:18,511: -SUB [/camera/driver/parameter_descriptions] /set_dr http://pc:40314/
[rosmaster.master][INFO] 2012-12-15 16:44:18,511: -PUB [/rosout] /set_dr http://pc:40314/
[rosmaster.master][INFO] 2012-12-15 16:44:18,545: publisherUpdate[/rosout] -> http://pc:46019/
[rosmaster.master][INFO] 2012-12-15 16:44:18,558: +SERVICE [/camera/rgb/set_camera_info] /camera_nodelet_manager http://pc:56449/
[rosmaster.master][INFO] 2012-12-15 16:44:18,560: +SERVICE [/camera/ir/set_camera_info] /camera_nodelet_manager http://pc:56449/
[rosmaster.master][INFO] 2012-12-15 16:44:18,562: +PUB [/camera/rgb/image_raw/compressed] /camera_nodelet_manager http://pc:56449/
[rosmaster.master][INFO] 2012-12-15 16:44:18,565: +SERVICE [/camera/rgb/image_raw/compressed/set_parameters] /camera_nodelet_manager http://pc:56449/
[rosmaster.master][INFO] 2012-12-15 16:44:18,566: +PUB [/camera/rgb/image_raw/compressed/parameter_descriptions] /camera_nodelet_manager http://pc:56449/
[rosmaster.master][INFO] 2012-12-15 16:44:18,569: +PUB [/camera/rgb/image_raw/compressed/parameter_updates] /camera_nodelet_manager http://pc:56449/
[rosmaster.master][INFO] 2012-12-15 16:44:18,574: +PARAM [/camera/rgb/image_raw/compressed/format] by /camera_nodelet_manager
[rosmaster.master][INFO] 2012-12-15 16:44:18,575: +PARAM [/camera/rgb/image_raw/compressed/jpeg_quality] by /camera_nodelet_manager
[rosmaster.master][INFO] 2012-12-15 16:44:18,576: +PARAM [/camera/rgb/image_raw/compressed/png_level] by /camera_nodelet_manager
[rosmaster.master][INFO] 2012-12-15 16:44:18,580: +PUB [/camera/rgb/image_raw] /camera_nodelet_manager http://pc:56449/
[rosmaster.master][INFO] 2012-12-15 16:44:18,582: +PUB [/camera/rgb/image_raw/theora] /camera_nodelet_manager http://pc:56449/
[rosmaster.master][INFO] 2012-12-15 16:44:18,583: +SERVICE [/camera/rgb/image_raw/theora/set_parameters] /camera_nodelet_manager http://pc:56449/
[rosmaster.master][INFO] 2012-12-15 16:44:18,584: +PUB [/camera/rgb/image_raw/theora/parameter_descriptions] /camera_nodelet_manager http://pc:56449/
[rosmaster.master][INFO] 2012-12-15 16:44:18,585: +PUB [/camera/rgb/image_raw/theora/parameter_updates] /camera_nodelet_manager http://pc:56449/
[rosmaster.master][INFO] 2012-12-15 16:44:18,589: +PARAM [/camera/rgb/image_raw/theora/optimize_for] by /camera_nodelet_manager
[rosmaster.master][INFO] 2012-12-15 16:44:18,591: +PARAM [/camera/rgb/image_raw/theora/target_bitrate] by /camera_nodelet_manager
[rosmaster.master][INFO] 2012-12-15 16:44:18,592: +PARAM [/camera/rgb/image_raw/theora/quality] by /camera_nodelet_manager
[rosmaster.master][INFO] 2012-12-15 16:44:18,593: +PUB [/camera/depth_registered/image/compressed] /camera_nodelet_manager http://pc:56449/
[rosmaster.master][INFO] 2012-12-15 16:44:18,594: +PARAM [/camera/rgb/image_raw/theora/keyframe_frequency] by /camera_nodelet_manager
[rosmaster.master][INFO] 2012-12-15 16:44:18,595: +SERVICE [/camera/depth_registered/image/compressed/set_parameters] /camera_nodelet_manager http://pc:56449/
[rosmaster.master][INFO] 2012-12-15 16:44:18,597: +PUB [/camera/rgb/camera_info] /camera_nodelet_manager http://pc:56449/
[rosmaster.master][INFO] 2012-12-15 16:44:18,598: +PUB [/camera/depth_registered/image/compressed/parameter_descriptions] /camera_nodelet_manager http://pc:56449/
[rosmaster.master][INFO] 2012-12-15 16:44:18,599: +PUB [/camera/ir/image_raw/compressed] /camera_nodelet_manager http://pc:56449/
[rosmaster.master][INFO] 2012-12-15 16:44:18,602: +SERVICE [/camera/ir/image_raw/compressed/set_parameters] /camera_nodelet_manager http://pc:56449/
[rosmaster.master][INFO] 2012-12-15 16:44:18,604: +PUB [/camera/depth_registered/image/compressed/parameter_updates] /camera_nodelet_manager http://pc:56449/
[rosmaster.master][INFO] 2012-12-15 16:44:18,605: +PUB [/camera/ir/image_raw/compressed/parameter_descriptions] /camera_nodelet_manager http://pc:56449/
[rosmaster.master][INFO] 2012-12-15 16:44:18,609: +PUB [/camera/ir/image_raw/compressed/parameter_updates] /camera_nodelet_manager http://pc:56449/
[rosmaster.master][INFO] 2012-12-15 16:44:18,619: +PARAM [/camera/depth_registered/image/compressed/format] by /camera_nodelet_manager
[rosmaster.master][INFO] 2012-12-15 16:44:18,623: +PARAM [/camera/ir/image_raw/compressed/format] by /camera_nodelet_manager
[rosmaster.master][INFO] 2012-12-15 16:44:18,625: +PARAM [/camera/ir/image_raw/compressed/jpeg_quality] by /camera_nodelet_manager
[rosmaster.master][INFO] 2012-12-15 16:44:18,628: +PARAM [/camera/depth_registered/image/compressed/jpeg_quality] by /camera_nodelet_manager
[rosmaster.master][INFO] 2012-12-15 16:44:18,630: +PARAM [/camera/ir/image_raw/compressed/png_level] by /camera_nodelet_manager
[rosmaster.master][INFO] 2012-12-15 16:44:18,634: +PARAM [/camera/depth_registered/image/compressed/png_level] by /camera_nodelet_manager
[rosmaster.master][INFO] 2012-12-15 16:44:18,637: +PUB [/camera/ir/image_raw] /camera_nodelet_manager http://pc:56449/
[rosmaster.master][INFO] 2012-12-15 16:44:18,640: +PUB [/camera/depth_registered/image] /camera_nodelet_manager http://pc:56449/
[rosmaster.master][INFO] 2012-12-15 16:44:18,644: +PUB [/camera/ir/image_raw/theora] /camera_nodelet_manager http://pc:56449/
[rosmaster.master][INFO] 2012-12-15 16:44:18,646: publisherUpdate[/camera/rgb/image_raw] -> http://pc:56449/
[rosmaster.master][INFO] 2012-12-15 16:44:18,647: +SERVICE [/camera/ir/image_raw/theora/set_parameters] /camera_nodelet_manager http://pc:56449/
[rosmaster.master][INFO] 2012-12-15 16:44:18,648: publisherUpdate[/camera/rgb/camera_info] -> http://pc:56449/
[rosmaster.master][INFO] 2012-12-15 16:44:18,650: +PUB [/camera/depth_registered/image/theora] /camera_nodelet_manager http://pc:56449/
[rosmaster.master][INFO] 2012-12-15 16:44:18,651: +PUB [/camera/ir/image_raw/theora/parameter_descriptions] /camera_nodelet_manager http://pc:56449/
[rosmaster.master][INFO] 2012-12-15 16:44:18,652: +SERVICE [/camera/depth_registered/image/theora/set_parameters] /camera_nodelet_manager http://pc:56449/
[rosmaster.master][INFO] 2012-12-15 16:44:18,654: +PUB [/camera/ir/image_raw/theora/parameter_updates] /camera_nodelet_manager http://pc:56449/
[rosmaster.master][INFO] 2012-12-15 16:44:18,655: +PUB [/camera/depth_registered/image/theora/parameter_descriptions] /camera_nodelet_manager http://pc:56449/
[rosmaster.master][INFO] 2012-12-15 16:44:18,659: +PUB [/camera/depth_registered/image/theora/parameter_updates] /camera_nodelet_manager http://pc:56449/
[rosmaster.master][INFO] 2012-12-15 16:44:18,661: +PARAM [/camera/ir/image_raw/theora/optimize_for] by /camera_nodelet_manager
[rosmaster.master][INFO] 2012-12-15 16:44:18,663: +PARAM [/camera/ir/image_raw/theora/target_bitrate] by /camera_nodelet_manager
[rosmaster.master][INFO] 2012-12-15 16:44:18,665: +PARAM [/camera/ir/image_raw/theora/quality] by /camera_nodelet_manager
[rosmaster.master][INFO] 2012-12-15 16:44:18,666: +PARAM [/camera/depth_registered/image/theora/optimize_for] by /camera_nodelet_manager
[rosmaster.master][INFO] 2012-12-15 16:44:18,667: +PARAM [/camera/ir/image_raw/theora/keyframe_frequency] by /camera_nodelet_manager
[rosmaster.master][INFO] 2012-12-15 16:44:18,668: +PUB [/camera/ir/camera_info] /camera_nodelet_manager http://pc:56449/
[rosmaster.master][INFO] 2012-12-15 16:44:18,669: +PARAM [/camera/depth_registered/image/theora/target_bitrate] by /camera_nodelet_manager
[rosmaster.master][INFO] 2012-12-15 16:44:18,670: +PUB [/camera/depth/image_raw/compressed] /camera_nodelet_manager http://pc:56449/
[rosmaster.master][INFO] 2012-12-15 16:44:18,674: +PARAM [/camera/depth_registered/image/theora/quality] by /camera_nodelet_manager
[rosmaster.master][INFO] 2012-12-15 16:44:18,675: +SERVICE [/camera/depth/image_raw/compressed/set_parameters] /camera_nodelet_manager http://pc:56449/
[rosmaster.master][INFO] 2012-12-15 16:44:18,677: +PARAM [/camera/depth_registered/image/theora/keyframe_frequency] by /camera_nodelet_manager
[rosmaster.master][INFO] 2012-12-15 16:44:18,679: +PUB [/camera/depth/image_raw/compressed/parameter_descriptions] /camera_nodelet_manager http://pc:56449/
[rosmaster.master][INFO] 2012-12-15 16:44:18,682: +PUB [/camera/depth/image_raw/compressed/parameter_updates] /camera_nodelet_manager http://pc:56449/
[rosmaster.master][INFO] 2012-12-15 16:44:18,694: +PARAM [/camera/depth/image_raw/compressed/format] by /camera_nodelet_manager
[rosmaster.master][INFO] 2012-12-15 16:44:18,696: +PARAM [/camera/depth/image_raw/compressed/jpeg_quality] by /camera_nodelet_manager
[rosmaster.master][INFO] 2012-12-15 16:44:18,699: +PARAM [/camera/depth/image_raw/compressed/png_level] by /camera_nodelet_manager
[rosmaster.master][INFO] 2012-12-15 16:44:18,702: +PUB [/camera/depth/image_raw] /camera_nodelet_manager http://pc:56449/
[rosmaster.master][INFO] 2012-12-15 16:44:18,705: +PUB [/camera/depth/image_raw/theora] /camera_nodelet_manager http://pc:56449/
[rosmaster.master][INFO] 2012-12-15 16:44:18,707: +SERVICE [/camera/depth/image_raw/theora/set_parameters] /camera_nodelet_manager http://pc:56449/
[rosmaster.master][INFO] 2012-12-15 16:44:18,708: +PUB [/camera/depth/image_raw/theora/parameter_descriptions] /camera_nodelet_manager http://pc:56449/
[rosmaster.master][INFO] 2012-12-15 16:44:18,709: +PUB [/camera/depth/image_raw/theora/parameter_updates] /camera_nodelet_manager http://pc:56449/
[rosmaster.master][INFO] 2012-12-15 16:44:18,713: +PARAM [/camera/depth/image_raw/theora/optimize_for] by /camera_nodelet_manager
[rosmaster.master][INFO] 2012-12-15 16:44:18,714: +PARAM [/camera/depth/image_raw/theora/target_bitrate] by /camera_nodelet_manager
[rosmaster.master][INFO] 2012-12-15 16:44:18,715: +PARAM [/camera/depth/image_raw/theora/quality] by /camera_nodelet_manager
[rosmaster.master][INFO] 2012-12-15 16:44:18,716: +PARAM [/camera/depth/image_raw/theora/keyframe_frequency] by /camera_nodelet_manager
[rosmaster.master][INFO] 2012-12-15 16:44:18,717: +PUB [/camera/depth/camera_info] /camera_nodelet_manager http://pc:56449/
[rosmaster.master][INFO] 2012-12-15 16:44:18,718: +PUB [/camera/projector/camera_info] /camera_nodelet_manager http://pc:56449/
[rosmaster.master][INFO] 2012-12-15 16:44:18,719: +PUB [/camera/depth_registered/image_raw/compressed] /camera_nodelet_manager http://pc:56449/
[rosmaster.master][INFO] 2012-12-15 16:44:18,720: +SERVICE [/camera/depth_registered/image_raw/compressed/set_parameters] /camera_nodelet_manager http://pc:56449/
[rosmaster.master][INFO] 2012-12-15 16:44:18,721: +PUB [/camera/depth_registered/image_raw/compressed/parameter_descriptions] /camera_nodelet_manager http://pc:56449/
[rosmaster.master][INFO] 2012-12-15 16:44:18,722: +PUB [/camera/depth_registered/image_raw/compressed/parameter_updates] /camera_nodelet_manager http://pc:56449/
[rosmaster.master][INFO] 2012-12-15 16:44:18,726: +PARAM [/camera/depth_registered/image_raw/compressed/format] by /camera_nodelet_manager
[rosmaster.master][INFO] 2012-12-15 16:44:18,728: +PARAM [/camera/depth_registered/image_raw/compressed/jpeg_quality] by /camera_nodelet_manager
[rosmaster.master][INFO] 2012-12-15 16:44:18,729: +PARAM [/camera/depth_registered/image_raw/compressed/png_level] by /camera_nodelet_manager
[rosmaster.master][INFO] 2012-12-15 16:44:18,731: +PUB [/camera/depth_registered/image_raw] /camera_nodelet_manager http://pc:56449/
[rosmaster.master][INFO] 2012-12-15 16:44:18,733: +PUB [/camera/depth_registered/image_raw/theora] /camera_nodelet_manager http://pc:56449/
[rosmaster.master][INFO] 2012-12-15 16:44:18,734: +SERVICE [/camera/depth_registered/image_raw/theora/set_parameters] /camera_nodelet_manager http://pc:56449/
[rosmaster.master][INFO] 2012-12-15 16:44:18,735: +PUB [/camera/depth_registered/image_raw/theora/parameter_descriptions] /camera_nodelet_manager http://pc:56449/
[rosmaster.master][INFO] 2012-12-15 16:44:18,736: +PUB [/camera/depth_registered/image_raw/theora/parameter_updates] /camera_nodelet_manager http://pc:56449/
[rosmaster.master][INFO] 2012-12-15 16:44:18,741: +PARAM [/camera/depth_registered/image_raw/theora/optimize_for] by /camera_nodelet_manager
[rosmaster.master][INFO] 2012-12-15 16:44:18,742: +PARAM [/camera/depth_registered/image_raw/theora/target_bitrate] by /camera_nodelet_manager
[rosmaster.master][INFO] 2012-12-15 16:44:18,744: +PARAM [/camera/depth_registered/image_raw/theora/quality] by /camera_nodelet_manager
[rosmaster.master][INFO] 2012-12-15 16:44:18,745: +PARAM [/camera/depth_registered/image_raw/theora/keyframe_frequency] by /camera_nodelet_manager
[rosmaster.master][INFO] 2012-12-15 16:44:18,748: publisherUpdate[/camera/depth/image_raw] -> http://pc:56449/
[rosmaster.master][INFO] 2012-12-15 16:44:18,749: publisherUpdate[/camera/depth/camera_info] -> http://pc:56449/
[rosmaster.master][INFO] 2012-12-15 16:44:18,749: publisherUpdate[/camera/depth_registered/image_raw] -> http://pc:56449/
[rosmaster.master][INFO] 2012-12-15 16:44:18,978: +PUB [/camera/depth/disparity] /camera_nodelet_manager http://pc:56449/
[rosmaster.master][INFO] 2012-12-15 16:44:26,149: -SUB [/camera/depth_registered/image_rect] /depth_detection http://pc:34849/
[rosmaster.master][INFO] 2012-12-15 16:44:26,149: -SUB [/camera/rgb/image_rect_color] /depth_detection http://pc:34849/
[rosmaster.master][INFO] 2012-12-15 16:44:26,149: -PUB [/rosout] /depth_detection http://pc:34849/
[rosmaster.master][INFO] 2012-12-15 16:44:26,152: -SUB [/camera/depth_registered/image_rect_raw] /camera_nodelet_manager http://pc:56449/
[rosmaster.master][INFO] 2012-12-15 16:44:26,156: -SUB [/camera/depth_registered/image_raw] /camera_nodelet_manager http://pc:56449/
[rosmaster.master][INFO] 2012-12-15 16:44:26,162: -SUB [/camera/depth_registered/camera_info] /camera_nodelet_manager http://pc:56449/
[rosmaster.master][INFO] 2012-12-15 16:44:26,163: -PUB [/camera/depth_registered/points] /camera_nodelet_manager http://pc:56449/
[rosmaster.master][INFO] 2012-12-15 16:44:26,164: publisherUpdate[/rosout] -> http://pc:46019/
[rosmaster.master][INFO] 2012-12-15 16:44:26,168: -SUB [/camera/depth/image_rect_raw] /camera_nodelet_manager http://pc:56449/
[rosmaster.master][INFO] 2012-12-15 16:44:26,169: -PUB [/camera/depth/disparity] /camera_nodelet_manager http://pc:56449/
[rosmaster.master][INFO] 2012-12-15 16:44:26,171: -SUB [/camera/depth/image_raw] /camera_nodelet_manager http://pc:56449/
[rosmaster.master][INFO] 2012-12-15 16:44:26,173: -PUB [/camera/depth_registered/disparity] /camera_nodelet_manager http://pc:56449/
[rosmaster.master][INFO] 2012-12-15 16:44:26,174: -SUB [/camera/depth/camera_info] /camera_nodelet_manager http://pc:56449/
[rosmaster.master][INFO] 2012-12-15 16:44:26,252: -PUB [/rosout] /camera/disparity_depth http://pc:58154/
[rosmaster.master][INFO] 2012-12-15 16:44:26,255: -PUB [/rosout] /camera/depth_registered/metric_rect http://pc:48311/
[rosmaster.master][INFO] 2012-12-15 16:44:26,259: -SERVICE [/camera/disparity_depth/get_loggers] /camera/disparity_depth rosrpc://pc:58708
[rosmaster.master][INFO] 2012-12-15 16:44:26,264: publisherUpdate[/rosout] -> http://pc:46019/
[rosmaster.master][INFO] 2012-12-15 16:44:26,265: -PUB [/rosout] /camera/points_xyzrgb_depth_rgb http://pc:35443/
[rosmaster.master][INFO] 2012-12-15 16:44:26,271: publisherUpdate[/rosout] -> http://pc:46019/
[rosmaster.master][INFO] 2012-12-15 16:44:26,275: -PUB [/rosout] /camera/disparity_depth_registered http://pc:37309/
[rosmaster.master][INFO] 2012-12-15 16:44:26,277: -PUB [/rosout] /camera/depth_registered/metric http://pc:34101/
[rosmaster.master][INFO] 2012-12-15 16:44:26,278: publisherUpdate[/rosout] -> http://pc:46019/
[rosmaster.master][INFO] 2012-12-15 16:44:26,280: -SERVICE [/camera/depth_registered/metric_rect/get_loggers] /camera/depth_registered/metric_rect rosrpc://pc:47773
[rosmaster.master][INFO] 2012-12-15 16:44:26,285: -SERVICE [/camera/disparity_depth/set_logger_level] /camera/disparity_depth rosrpc://pc:58708
[rosmaster.master][INFO] 2012-12-15 16:44:26,287: publisherUpdate[/rosout] -> http://pc:46019/
[rosmaster.master][INFO] 2012-12-15 16:44:26,287: -SERVICE [/camera/disparity_depth_registered/get_loggers] /camera/disparity_depth_registered rosrpc://pc:37294
[rosmaster.master][INFO] 2012-12-15 16:44:26,291: -SERVICE [/camera/points_xyzrgb_depth_rgb/get_loggers] /camera/points_xyzrgb_depth_rgb rosrpc://pc:56285
[rosmaster.master][INFO] 2012-12-15 16:44:26,292: publisherUpdate[/rosout] -> http://pc:46019/
[rosmaster.master][INFO] 2012-12-15 16:44:26,295: -SERVICE [/camera/depth_registered/metric/get_loggers] /camera/depth_registered/metric rosrpc://pc:58279
[rosmaster.master][INFO] 2012-12-15 16:44:26,298: -SERVICE [/camera/depth_registered/metric_rect/set_logger_level] /camera/depth_registered/metric_rect rosrpc://pc:47773
[rosmaster.master][INFO] 2012-12-15 16:44:26,301: -SERVICE [/camera/points_xyzrgb_depth_rgb/set_logger_level] /camera/points_xyzrgb_depth_rgb rosrpc://pc:56285
[rosmaster.master][INFO] 2012-12-15 16:44:26,303: -SERVICE [/camera/disparity_depth_registered/set_logger_level] /camera/disparity_depth_registered rosrpc://pc:37294
[rosmaster.master][INFO] 2012-12-15 16:44:26,305: -SERVICE [/camera/depth_registered/metric/set_logger_level] /camera/depth_registered/metric rosrpc://pc:58279
[rosmaster.master][INFO] 2012-12-15 16:44:26,362: -PUB [/rosout] /camera_base_link http://pc:51207/
[rosmaster.master][INFO] 2012-12-15 16:44:26,364: -PUB [/rosout] /camera_base_link1 http://pc:34958/
[rosmaster.master][INFO] 2012-12-15 16:44:26,364: -PUB [/rosout] /camera_base_link2 http://pc:43815/
[rosmaster.master][INFO] 2012-12-15 16:44:26,365: publisherUpdate[/rosout] -> http://pc:46019/
[rosmaster.master][INFO] 2012-12-15 16:44:26,366: -PUB [/rosout] /camera_base_link3 http://pc:60579/
[rosmaster.master][INFO] 2012-12-15 16:44:26,367: -PUB [/tf] /camera_base_link http://pc:51207/
[rosmaster.master][INFO] 2012-12-15 16:44:26,369: publisherUpdate[/rosout] -> http://pc:46019/
[rosmaster.master][INFO] 2012-12-15 16:44:26,369: -PUB [/tf] /camera_base_link2 http://pc:43815/
[rosmaster.master][INFO] 2012-12-15 16:44:26,370: publisherUpdate[/rosout] -> http://pc:46019/
[rosmaster.master][INFO] 2012-12-15 16:44:26,371: -PUB [/tf] /camera_base_link1 http://pc:34958/
[rosmaster.master][INFO] 2012-12-15 16:44:26,372: publisherUpdate[/rosout] -> http://pc:46019/
[rosmaster.master][INFO] 2012-12-15 16:44:26,372: publisherUpdate[/tf] -> http://pc:56449/
[rosmaster.master][INFO] 2012-12-15 16:44:26,373: -PUB [/tf] /camera_base_link3 http://pc:60579/
[rosmaster.master][INFO] 2012-12-15 16:44:26,375: publisherUpdate[/tf] -> http://pc:56449/
[rosmaster.master][INFO] 2012-12-15 16:44:26,376: publisherUpdate[/tf] -> http://pc:56449/
[rosmaster.master][INFO] 2012-12-15 16:44:26,376: -SERVICE [/camera_base_link/get_loggers] /camera_base_link rosrpc://pc:35632
[rosmaster.master][INFO] 2012-12-15 16:44:26,377: publisherUpdate[/tf] -> http://pc:56449/
[rosmaster.master][INFO] 2012-12-15 16:44:26,378: -SERVICE [/camera_base_link2/get_loggers] /camera_base_link2 rosrpc://pc:57819
[rosmaster.master][INFO] 2012-12-15 16:44:26,380: -SERVICE [/camera_base_link1/get_loggers] /camera_base_link1 rosrpc://pc:47198
[rosmaster.master][INFO] 2012-12-15 16:44:26,381: -SERVICE [/camera_base_link3/get_loggers] /camera_base_link3 rosrpc://pc:48413
[rosmaster.master][INFO] 2012-12-15 16:44:26,382: -SERVICE [/camera_base_link/set_logger_level] /camera_base_link rosrpc://pc:35632
[rosmaster.master][INFO] 2012-12-15 16:44:26,383: -SERVICE [/camera_base_link2/set_logger_level] /camera_base_link2 rosrpc://pc:57819
[rosmaster.master][INFO] 2012-12-15 16:44:26,384: -SERVICE [/camera_base_link1/set_logger_level] /camera_base_link1 rosrpc://pc:47198
[rosmaster.master][INFO] 2012-12-15 16:44:26,384: -SERVICE [/camera_base_link3/set_logger_level] /camera_base_link3 rosrpc://pc:48413
[rosmaster.master][INFO] 2012-12-15 16:44:26,450: -PUB [/camera/depth_registered/rectify_depth/parameter_descriptions] /camera_nodelet_manager http://pc:56449/
[rosmaster.master][INFO] 2012-12-15 16:44:26,451: -PUB [/camera/depth_registered/rectify_depth/parameter_updates] /camera_nodelet_manager http://pc:56449/
[rosmaster.master][INFO] 2012-12-15 16:44:26,453: -SERVICE [/camera/depth_registered/rectify_depth/set_parameters] /camera_nodelet_manager rosrpc://pc:42887
[rosmaster.master][INFO] 2012-12-15 16:44:26,461: -SUB [/tf] /camera_nodelet_manager http://pc:56449/
[rosmaster.master][INFO] 2012-12-15 16:44:26,462: -SERVICE [/camera_nodelet_manager/tf_frames] /camera_nodelet_manager rosrpc://pc:42887
[rosmaster.master][INFO] 2012-12-15 16:44:26,464: -PUB [/camera/depth/points] /camera_nodelet_manager http://pc:56449/
[rosmaster.master][INFO] 2012-12-15 16:44:26,549: -PUB [/rosout] /camera/register_depth_rgb http://pc:52322/
[rosmaster.master][INFO] 2012-12-15 16:44:26,554: -SERVICE [/camera/register_depth_rgb/get_loggers] /camera/register_depth_rgb rosrpc://pc:51415
[rosmaster.master][INFO] 2012-12-15 16:44:26,558: -PUB [/rosout] /camera/depth/points http://pc:57955/
[rosmaster.master][INFO] 2012-12-15 16:44:26,569: -SERVICE [/camera/register_depth_rgb/set_logger_level] /camera/register_depth_rgb rosrpc://pc:51415
[rosmaster.master][INFO] 2012-12-15 16:44:26,570: -PUB [/rosout] /camera/depth_registered/rectify_depth http://pc:44935/
[rosmaster.master][INFO] 2012-12-15 16:44:26,574: -SUB [/camera/rgb/image_color] /camera_nodelet_manager http://pc:56449/
[rosmaster.master][INFO] 2012-12-15 16:44:26,577: -SERVICE [/camera/depth/points/get_loggers] /camera/depth/points rosrpc://pc:55601
[rosmaster.master][INFO] 2012-12-15 16:44:26,577: publisherUpdate[/rosout] -> http://pc:46019/
[rosmaster.master][INFO] 2012-12-15 16:44:26,580: publisherUpdate[/rosout] -> http://pc:46019/
[rosmaster.master][INFO] 2012-12-15 16:44:26,581: -SERVICE [/camera/depth_registered/rectify_depth/get_loggers] /camera/depth_registered/rectify_depth rosrpc://pc:39823
[rosmaster.master][INFO] 2012-12-15 16:44:26,582: publisherUpdate[/rosout] -> http://pc:46019/
[rosmaster.master][INFO] 2012-12-15 16:44:26,585: -SUB [/camera/rgb/camera_info] /camera_nodelet_manager http://pc:56449/
[rosmaster.master][INFO] 2012-12-15 16:44:26,587: -SERVICE [/camera/depth/points/set_logger_level] /camera/depth/points rosrpc://pc:55601
[rosmaster.master][INFO] 2012-12-15 16:44:26,588: -SERVICE [/camera/depth_registered/rectify_depth/set_logger_level] /camera/depth_registered/rectify_depth rosrpc://pc:39823
[rosmaster.master][INFO] 2012-12-15 16:44:26,589: -PUB [/camera/ir/rectify_ir/parameter_descriptions] /camera_nodelet_manager http://pc:56449/
[rosmaster.master][INFO] 2012-12-15 16:44:26,591: -SUB [/camera/rgb/image_raw] /camera_nodelet_manager http://pc:56449/
[rosmaster.master][INFO] 2012-12-15 16:44:26,592: -PUB [/camera/ir/rectify_ir/parameter_updates] /camera_nodelet_manager http://pc:56449/
[rosmaster.master][INFO] 2012-12-15 16:44:26,594: -SERVICE [/camera/ir/rectify_ir/set_parameters] /camera_nodelet_manager rosrpc://pc:42887
[rosmaster.master][INFO] 2012-12-15 16:44:26,595: -PUB [/camera/rgb/debayer/parameter_descriptions] /camera_nodelet_manager http://pc:56449/
[rosmaster.master][INFO] 2012-12-15 16:44:26,596: -PUB [/camera/rgb/debayer/parameter_updates] /camera_nodelet_manager http://pc:56449/
[rosmaster.master][INFO] 2012-12-15 16:44:26,597: -SERVICE [/camera/rgb/debayer/set_parameters] /camera_nodelet_manager rosrpc://pc:42887
[rosmaster.master][INFO] 2012-12-15 16:44:26,599: -PUB [/camera/depth/rectify_depth/parameter_descriptions] /camera_nodelet_manager http://pc:56449/
[rosmaster.master][INFO] 2012-12-15 16:44:26,600: -PUB [/camera/depth/rectify_depth/parameter_updates] /camera_nodelet_manager http://pc:56449/
[rosmaster.master][INFO] 2012-12-15 16:44:26,601: -SERVICE [/camera/depth/rectify_depth/set_parameters] /camera_nodelet_manager rosrpc://pc:42887
[rosmaster.master][INFO] 2012-12-15 16:44:26,650: -PUB [/rosout] /camera/depth/metric_rect http://pc:40979/
[rosmaster.master][INFO] 2012-12-15 16:44:26,654: -PUB [/rosout] /camera/ir/rectify_ir http://pc:49095/
[rosmaster.master][INFO] 2012-12-15 16:44:26,657: -PUB [/rosout] /camera/depth/rectify_depth http://pc:54946/
[rosmaster.master][INFO] 2012-12-15 16:44:26,658: -SERVICE [/camera/depth/metric_rect/get_loggers] /camera/depth/metric_rect rosrpc://pc:57804
[rosmaster.master][INFO] 2012-12-15 16:44:26,661: -SERVICE [/camera/ir/rectify_ir/get_loggers] /camera/ir/rectify_ir rosrpc://pc:52083
[rosmaster.master][INFO] 2012-12-15 16:44:26,664: -SERVICE [/camera/depth/rectify_depth/get_loggers] /camera/depth/rectify_depth rosrpc://pc:60067
[rosmaster.master][INFO] 2012-12-15 16:44:26,669: -SERVICE [/camera/depth/metric_rect/set_logger_level] /camera/depth/metric_rect rosrpc://pc:57804
[rosmaster.master][INFO] 2012-12-15 16:44:26,671: -SERVICE [/camera/ir/rectify_ir/set_logger_level] /camera/ir/rectify_ir rosrpc://pc:52083
[rosmaster.master][INFO] 2012-12-15 16:44:26,672: -SERVICE [/camera/depth/rectify_depth/set_logger_level] /camera/depth/rectify_depth rosrpc://pc:60067
[rosmaster.master][INFO] 2012-12-15 16:44:26,681: publisherUpdate[/rosout] -> http://pc:46019/
[rosmaster.master][INFO] 2012-12-15 16:44:26,684: publisherUpdate[/rosout] -> http://pc:46019/
[rosmaster.master][INFO] 2012-12-15 16:44:26,687: publisherUpdate[/rosout] -> http://pc:46019/
[rosmaster.master][INFO] 2012-12-15 16:44:26,745: -PUB [/rosout] /camera/rgb/debayer http://pc:55761/
[rosmaster.master][INFO] 2012-12-15 16:44:26,748: -SERVICE [/camera/rgb/debayer/get_loggers] /camera/rgb/debayer rosrpc://pc:56226
[rosmaster.master][INFO] 2012-12-15 16:44:26,750: -SERVICE [/camera/rgb/debayer/set_logger_level] /camera/rgb/debayer rosrpc://pc:56226
[rosmaster.master][INFO] 2012-12-15 16:44:26,753: -PUB [/rosout] /camera/depth/metric http://pc:56539/
[rosmaster.master][INFO] 2012-12-15 16:44:26,756: -SERVICE [/camera/depth/metric/get_loggers] /camera/depth/metric rosrpc://pc:34411
[rosmaster.master][INFO] 2012-12-15 16:44:26,759: -SERVICE [/camera/depth/metric/set_logger_level] /camera/depth/metric rosrpc://pc:34411
[rosmaster.master][INFO] 2012-12-15 16:44:26,785: publisherUpdate[/rosout] -> http://pc:46019/
[rosmaster.master][INFO] 2012-12-15 16:44:26,787: -SERVICE [/camera/ir/set_camera_info] /camera_nodelet_manager rosrpc://pc:42887
[rosmaster.master][INFO] 2012-12-15 16:44:26,789: publisherUpdate[/rosout] -> http://pc:46019/
[rosmaster.master][INFO] 2012-12-15 16:44:26,793: -SERVICE [/camera/rgb/set_camera_info] /camera_nodelet_manager rosrpc://pc:42887
[rosmaster.master][INFO] 2012-12-15 16:44:26,796: -PUB [/camera/driver/parameter_descriptions] /camera_nodelet_manager http://pc:56449/
[rosmaster.master][INFO] 2012-12-15 16:44:26,799: -PUB [/camera/driver/parameter_updates] /camera_nodelet_manager http://pc:56449/
[rosmaster.master][INFO] 2012-12-15 16:44:26,801: -SERVICE [/camera/driver/set_parameters] /camera_nodelet_manager rosrpc://pc:42887
[rosmaster.master][INFO] 2012-12-15 16:44:26,844: -PUB [/rosout] /camera/driver http://pc:53440/
[rosmaster.master][INFO] 2012-12-15 16:44:26,848: -SERVICE [/camera/driver/get_loggers] /camera/driver rosrpc://pc:44071
[rosmaster.master][INFO] 2012-12-15 16:44:26,852: -SERVICE [/camera/driver/set_logger_level] /camera/driver rosrpc://pc:44071
[rosmaster.master][INFO] 2012-12-15 16:44:26,889: publisherUpdate[/rosout] -> http://pc:46019/
[rosmaster.master][INFO] 2012-12-15 16:44:26,981: -PUB [/rosout] /camera_nodelet_manager http://pc:56449/
[rosmaster.master][INFO] 2012-12-15 16:44:26,982: -PUB [/camera/ir/image_rect/compressed] /camera_nodelet_manager http://pc:56449/
[rosmaster.master][INFO] 2012-12-15 16:44:26,983: -PUB [/camera/ir/image_rect/compressed/parameter_descriptions] /camera_nodelet_manager http://pc:56449/
[rosmaster.master][INFO] 2012-12-15 16:44:26,984: -PUB [/camera/ir/image_rect/compressed/parameter_updates] /camera_nodelet_manager http://pc:56449/
[rosmaster.master][INFO] 2012-12-15 16:44:26,985: -PUB [/camera/ir/image_rect] /camera_nodelet_manager http://pc:56449/
[rosmaster.master][INFO] 2012-12-15 16:44:26,986: -PUB [/camera/ir/image_rect/theora] /camera_nodelet_manager http://pc:56449/
[rosmaster.master][INFO] 2012-12-15 16:44:26,987: -PUB [/camera/ir/image_rect/theora/parameter_descriptions] /camera_nodelet_manager http://pc:56449/
[rosmaster.master][INFO] 2012-12-15 16:44:26,988: -PUB [/camera/ir/image_rect/theora/parameter_updates] /camera_nodelet_manager http://pc:56449/
[rosmaster.master][INFO] 2012-12-15 16:44:26,990: -PUB [/camera/depth/image/compressed] /camera_nodelet_manager http://pc:56449/
[rosmaster.master][INFO] 2012-12-15 16:44:26,991: -PUB [/camera/depth/image/compressed/parameter_descriptions] /camera_nodelet_manager http://pc:56449/
[rosmaster.master][INFO] 2012-12-15 16:44:26,991: publisherUpdate[/rosout] -> http://pc:46019/
[rosmaster.master][INFO] 2012-12-15 16:44:26,992: -PUB [/camera/depth/image/compressed/parameter_updates] /camera_nodelet_manager http://pc:56449/
[rosmaster.master][INFO] 2012-12-15 16:44:26,993: -PUB [/camera/depth/image] /camera_nodelet_manager http://pc:56449/
[rosmaster.master][INFO] 2012-12-15 16:44:26,994: -PUB [/camera/depth/image/theora] /camera_nodelet_manager http://pc:56449/
[rosmaster.master][INFO] 2012-12-15 16:44:26,995: -PUB [/camera/depth/image/theora/parameter_descriptions] /camera_nodelet_manager http://pc:56449/
[rosmaster.master][INFO] 2012-12-15 16:44:26,996: -PUB [/camera/depth/image/theora/parameter_updates] /camera_nodelet_manager http://pc:56449/
[rosmaster.master][INFO] 2012-12-15 16:44:26,997: -PUB [/camera/rgb/image_mono/compressed] /camera_nodelet_manager http://pc:56449/
[rosmaster.master][INFO] 2012-12-15 16:44:26,998: -PUB [/camera/rgb/image_mono/compressed/parameter_descriptions] /camera_nodelet_manager http://pc:56449/
[rosmaster.master][INFO] 2012-12-15 16:44:26,999: -PUB [/camera/rgb/image_mono/compressed/parameter_updates] /camera_nodelet_manager http://pc:56449/
[rosmaster.master][INFO] 2012-12-15 16:44:27,000: -PUB [/camera/rgb/image_mono] /camera_nodelet_manager http://pc:56449/
[rosmaster.master][INFO] 2012-12-15 16:44:27,001: -PUB [/camera/rgb/image_mono/theora] /camera_nodelet_manager http://pc:56449/
[rosmaster.master][INFO] 2012-12-15 16:44:27,002: -PUB [/camera/rgb/image_mono/theora/parameter_descriptions] /camera_nodelet_manager http://pc:56449/
[rosmaster.master][INFO] 2012-12-15 16:44:27,003: -PUB [/camera/rgb/image_mono/theora/parameter_updates] /camera_nodelet_manager http://pc:56449/
[rosmaster.master][INFO] 2012-12-15 16:44:27,004: -PUB [/camera/rgb/image_color/compressed] /camera_nodelet_manager http://pc:56449/
[rosmaster.master][INFO] 2012-12-15 16:44:27,005: -PUB [/camera/rgb/image_color/compressed/parameter_descriptions] /camera_nodelet_manager http://pc:56449/
[rosmaster.master][INFO] 2012-12-15 16:44:27,006: -PUB [/camera/rgb/image_color/compressed/parameter_updates] /camera_nodelet_manager http://pc:56449/
[rosmaster.master][INFO] 2012-12-15 16:44:27,007: -PUB [/camera/rgb/image_color] /camera_nodelet_manager http://pc:56449/
[rosmaster.master][INFO] 2012-12-15 16:44:27,008: -PUB [/camera/rgb/image_color/theora] /camera_nodelet_manager http://pc:56449/
[rosmaster.master][INFO] 2012-12-15 16:44:27,009: -PUB [/camera/rgb/image_color/theora/parameter_descriptions] /camera_nodelet_manager http://pc:56449/
[rosmaster.master][INFO] 2012-12-15 16:44:27,010: -PUB [/camera/rgb/image_color/theora/parameter_updates] /camera_nodelet_manager http://pc:56449/
[rosmaster.master][INFO] 2012-12-15 16:44:27,011: -PUB [/camera/depth_registered/image_rect/compressed] /camera_nodelet_manager http://pc:56449/
[rosmaster.master][INFO] 2012-12-15 16:44:27,012: -PUB [/camera/depth_registered/image_rect/compressed/parameter_descriptions] /camera_nodelet_manager http://pc:56449/
[rosmaster.master][INFO] 2012-12-15 16:44:27,012: -PUB [/camera/depth_registered/image_rect/compressed/parameter_updates] /camera_nodelet_manager http://pc:56449/
[rosmaster.master][INFO] 2012-12-15 16:44:27,013: -PUB [/camera/depth_registered/image_rect] /camera_nodelet_manager http://pc:56449/
[rosmaster.master][INFO] 2012-12-15 16:44:27,014: -PUB [/camera/depth_registered/image_rect/theora] /camera_nodelet_manager http://pc:56449/
[rosmaster.master][INFO] 2012-12-15 16:44:27,015: -PUB [/camera/depth_registered/image_rect/theora/parameter_descriptions] /camera_nodelet_manager http://pc:56449/
[rosmaster.master][INFO] 2012-12-15 16:44:27,016: -PUB [/camera/depth_registered/image_rect/theora/parameter_updates] /camera_nodelet_manager http://pc:56449/
[rosmaster.master][INFO] 2012-12-15 16:44:27,017: -PUB [/camera/rgb/rectify_mono/parameter_descriptions] /camera_nodelet_manager http://pc:56449/
[rosmaster.master][INFO] 2012-12-15 16:44:27,020: -PUB [/camera/rgb/rectify_mono/parameter_updates] /camera_nodelet_manager http://pc:56449/
[rosmaster.master][INFO] 2012-12-15 16:44:27,021: -PUB [/camera/rgb/image_rect/compressed] /camera_nodelet_manager http://pc:56449/
[rosmaster.master][INFO] 2012-12-15 16:44:27,021: -PUB [/camera/rgb/image_rect/compressed/parameter_descriptions] /camera_nodelet_manager http://pc:56449/
[rosmaster.master][INFO] 2012-12-15 16:44:27,022: -PUB [/camera/rgb/image_rect/compressed/parameter_updates] /camera_nodelet_manager http://pc:56449/
[rosmaster.master][INFO] 2012-12-15 16:44:27,023: -PUB [/camera/rgb/image_rect] /camera_nodelet_manager http://pc:56449/
[rosmaster.master][INFO] 2012-12-15 16:44:27,024: -PUB [/camera/rgb/image_rect/theora] /camera_nodelet_manager http://pc:56449/
[rosmaster.master][INFO] 2012-12-15 16:44:27,025: -PUB [/camera/rgb/image_rect/theora/parameter_descriptions] /camera_nodelet_manager http://pc:56449/
[rosmaster.master][INFO] 2012-12-15 16:44:27,026: -PUB [/camera/rgb/image_rect/theora/parameter_updates] /camera_nodelet_manager http://pc:56449/
[rosmaster.master][INFO] 2012-12-15 16:44:27,026: -PUB [/camera/rgb/rectify_color/parameter_descriptions] /camera_nodelet_manager http://pc:56449/
[rosmaster.master][INFO] 2012-12-15 16:44:27,027: -PUB [/camera/rgb/rectify_color/parameter_updates] /camera_nodelet_manager http://pc:56449/
[rosmaster.master][INFO] 2012-12-15 16:44:27,028: -PUB [/camera/rgb/image_rect_color/compressed] /camera_nodelet_manager http://pc:56449/
[rosmaster.master][INFO] 2012-12-15 16:44:27,029: -PUB [/camera/rgb/image_rect_color/compressed/parameter_descriptions] /camera_nodelet_manager http://pc:56449/
[rosmaster.master][INFO] 2012-12-15 16:44:27,030: -PUB [/camera/rgb/image_rect_color/compressed/parameter_updates] /camera_nodelet_manager http://pc:56449/
[rosmaster.master][INFO] 2012-12-15 16:44:27,031: -PUB [/camera/rgb/image_rect_color] /camera_nodelet_manager http://pc:56449/
[rosmaster.master][INFO] 2012-12-15 16:44:27,032: -PUB [/camera/rgb/image_rect_color/theora] /camera_nodelet_manager http://pc:56449/
[rosmaster.master][INFO] 2012-12-15 16:44:27,033: -PUB [/camera/rgb/image_rect_color/theora/parameter_descriptions] /camera_nodelet_manager http://pc:56449/
[rosmaster.master][INFO] 2012-12-15 16:44:27,034: -PUB [/camera/rgb/image_rect_color/theora/parameter_updates] /camera_nodelet_manager http://pc:56449/
[rosmaster.master][INFO] 2012-12-15 16:44:27,035: -PUB [/camera/depth_registered/image_rect_raw/compressed] /camera_nodelet_manager http://pc:56449/
[rosmaster.master][INFO] 2012-12-15 16:44:27,036: -PUB [/camera/depth_registered/image_rect_raw/compressed/parameter_descriptions] /camera_nodelet_manager http://pc:56449/
[rosmaster.master][INFO] 2012-12-15 16:44:27,036: -PUB [/camera/depth_registered/image_rect_raw/compressed/parameter_updates] /camera_nodelet_manager http://pc:56449/
[rosmaster.master][INFO] 2012-12-15 16:44:27,037: -PUB [/camera/depth_registered/image_rect_raw] /camera_nodelet_manager http://pc:56449/
[rosmaster.master][INFO] 2012-12-15 16:44:27,038: -PUB [/camera/depth_registered/image_rect_raw/theora] /camera_nodelet_manager http://pc:56449/
[rosmaster.master][INFO] 2012-12-15 16:44:27,039: -PUB [/camera/depth_registered/image_rect_raw/theora/parameter_descriptions] /camera_nodelet_manager http://pc:56449/
[rosmaster.master][INFO] 2012-12-15 16:44:27,041: -PUB [/camera/depth_registered/image_rect_raw/theora/parameter_updates] /camera_nodelet_manager http://pc:56449/
[rosmaster.master][INFO] 2012-12-15 16:44:27,041: -PUB [/camera/depth/image_rect/compressed] /camera_nodelet_manager http://pc:56449/
[rosmaster.master][INFO] 2012-12-15 16:44:27,042: -PUB [/camera/depth/image_rect/compressed/parameter_descriptions] /camera_nodelet_manager http://pc:56449/
[rosmaster.master][INFO] 2012-12-15 16:44:27,043: -PUB [/camera/depth/image_rect/compressed/parameter_updates] /camera_nodelet_manager http://pc:56449/
[rosmaster.master][INFO] 2012-12-15 16:44:27,044: -PUB [/camera/depth/image_rect] /camera_nodelet_manager http://pc:56449/
[rosmaster.master][INFO] 2012-12-15 16:44:27,045: -PUB [/camera/depth/image_rect/theora] /camera_nodelet_manager http://pc:56449/
[rosmaster.master][INFO] 2012-12-15 16:44:27,046: -PUB [/camera/depth/image_rect/theora/parameter_descriptions] /camera_nodelet_manager http://pc:56449/
[rosmaster.master][INFO] 2012-12-15 16:44:27,047: -PUB [/camera/depth/image_rect/theora/parameter_updates] /camera_nodelet_manager http://pc:56449/
[rosmaster.master][INFO] 2012-12-15 16:44:27,047: -PUB [/camera/depth/image_rect_raw/compressed] /camera_nodelet_manager http://pc:56449/
[rosmaster.master][INFO] 2012-12-15 16:44:27,049: -PUB [/camera/depth/image_rect_raw/compressed/parameter_descriptions] /camera_nodelet_manager http://pc:56449/
[rosmaster.master][INFO] 2012-12-15 16:44:27,050: -PUB [/camera/depth/image_rect_raw/compressed/parameter_updates] /camera_nodelet_manager http://pc:56449/
[rosmaster.master][INFO] 2012-12-15 16:44:27,051: -PUB [/camera/depth/image_rect_raw] /camera_nodelet_manager http://pc:56449/
[rosmaster.master][INFO] 2012-12-15 16:44:27,052: -PUB [/camera/depth/image_rect_raw/theora] /camera_nodelet_manager http://pc:56449/
[rosmaster.master][INFO] 2012-12-15 16:44:27,053: -PUB [/camera/depth/image_rect_raw/theora/parameter_descriptions] /camera_nodelet_manager http://pc:56449/
[rosmaster.master][INFO] 2012-12-15 16:44:27,054: -PUB [/camera/depth/image_rect_raw/theora/parameter_updates] /camera_nodelet_manager http://pc:56449/
[rosmaster.master][INFO] 2012-12-15 16:44:27,055: -PUB [/camera/depth_registered/camera_info] /camera_nodelet_manager http://pc:56449/
[rosmaster.master][INFO] 2012-12-15 16:44:27,056: -PUB [/camera/rgb/image_raw/compressed] /camera_nodelet_manager http://pc:56449/
[rosmaster.master][INFO] 2012-12-15 16:44:27,056: -PUB [/camera/rgb/image_raw/compressed/parameter_descriptions] /camera_nodelet_manager http://pc:56449/
[rosmaster.master][INFO] 2012-12-15 16:44:27,057: -PUB [/camera/rgb/image_raw/compressed/parameter_updates] /camera_nodelet_manager http://pc:56449/
[rosmaster.master][INFO] 2012-12-15 16:44:27,058: -PUB [/camera/rgb/image_raw] /camera_nodelet_manager http://pc:56449/
[rosmaster.master][INFO] 2012-12-15 16:44:27,059: -PUB [/camera/rgb/image_raw/theora] /camera_nodelet_manager http://pc:56449/
[rosmaster.master][INFO] 2012-12-15 16:44:27,061: -PUB [/camera/rgb/image_raw/theora/parameter_descriptions] /camera_nodelet_manager http://pc:56449/
[rosmaster.master][INFO] 2012-12-15 16:44:27,062: -PUB [/camera/rgb/image_raw/theora/parameter_updates] /camera_nodelet_manager http://pc:56449/
[rosmaster.master][INFO] 2012-12-15 16:44:27,063: -PUB [/camera/depth_registered/image/compressed] /camera_nodelet_manager http://pc:56449/
[rosmaster.master][INFO] 2012-12-15 16:44:27,065: -PUB [/camera/rgb/camera_info] /camera_nodelet_manager http://pc:56449/
[rosmaster.master][INFO] 2012-12-15 16:44:27,066: -PUB [/camera/depth_registered/image/compressed/parameter_descriptions] /camera_nodelet_manager http://pc:56449/
[rosmaster.master][INFO] 2012-12-15 16:44:27,067: -PUB [/camera/ir/image_raw/compressed] /camera_nodelet_manager http://pc:56449/
[rosmaster.master][INFO] 2012-12-15 16:44:27,068: -PUB [/camera/depth_registered/image/compressed/parameter_updates] /camera_nodelet_manager http://pc:56449/
[rosmaster.master][INFO] 2012-12-15 16:44:27,069: -PUB [/camera/ir/image_raw/compressed/parameter_descriptions] /camera_nodelet_manager http://pc:56449/
[rosmaster.master][INFO] 2012-12-15 16:44:27,069: -PUB [/camera/ir/image_raw/compressed/parameter_updates] /camera_nodelet_manager http://pc:56449/
[rosmaster.master][INFO] 2012-12-15 16:44:27,070: -PUB [/camera/ir/image_raw] /camera_nodelet_manager http://pc:56449/
[rosmaster.master][INFO] 2012-12-15 16:44:27,071: -PUB [/camera/depth_registered/image] /camera_nodelet_manager http://pc:56449/
[rosmaster.master][INFO] 2012-12-15 16:44:27,072: -PUB [/camera/ir/image_raw/theora] /camera_nodelet_manager http://pc:56449/
[rosmaster.master][INFO] 2012-12-15 16:44:27,073: -PUB [/camera/depth_registered/image/theora] /camera_nodelet_manager http://pc:56449/
[rosmaster.master][INFO] 2012-12-15 16:44:27,074: -PUB [/camera/ir/image_raw/theora/parameter_descriptions] /camera_nodelet_manager http://pc:56449/
[rosmaster.master][INFO] 2012-12-15 16:44:27,074: -PUB [/camera/ir/image_raw/theora/parameter_updates] /camera_nodelet_manager http://pc:56449/
[rosmaster.master][INFO] 2012-12-15 16:44:27,076: -PUB [/camera/depth_registered/image/theora/parameter_descriptions] /camera_nodelet_manager http://pc:56449/
[rosmaster.master][INFO] 2012-12-15 16:44:27,076: -PUB [/camera/depth_registered/image/theora/parameter_updates] /camera_nodelet_manager http://pc:56449/
[rosmaster.master][INFO] 2012-12-15 16:44:27,077: -PUB [/camera/ir/camera_info] /camera_nodelet_manager http://pc:56449/
[rosmaster.master][INFO] 2012-12-15 16:44:27,078: -PUB [/camera/depth/image_raw/compressed] /camera_nodelet_manager http://pc:56449/
[rosmaster.master][INFO] 2012-12-15 16:44:27,079: -PUB [/camera/depth/image_raw/compressed/parameter_descriptions] /camera_nodelet_manager http://pc:56449/
[rosmaster.master][INFO] 2012-12-15 16:44:27,082: -PUB [/camera/depth/image_raw/compressed/parameter_updates] /camera_nodelet_manager http://pc:56449/
[rosmaster.master][INFO] 2012-12-15 16:44:27,083: -PUB [/camera/depth/image_raw] /camera_nodelet_manager http://pc:56449/
[rosmaster.master][INFO] 2012-12-15 16:44:27,084: -PUB [/camera/depth/image_raw/theora] /camera_nodelet_manager http://pc:56449/
[rosmaster.master][INFO] 2012-12-15 16:44:27,085: -PUB [/camera/depth/image_raw/theora/parameter_descriptions] /camera_nodelet_manager http://pc:56449/
[rosmaster.master][INFO] 2012-12-15 16:44:27,086: -PUB [/camera/depth/image_raw/theora/parameter_updates] /camera_nodelet_manager http://pc:56449/
[rosmaster.master][INFO] 2012-12-15 16:44:27,087: -PUB [/camera/depth/camera_info] /camera_nodelet_manager http://pc:56449/
[rosmaster.master][INFO] 2012-12-15 16:44:27,087: -PUB [/camera/projector/camera_info] /camera_nodelet_manager http://pc:56449/
[rosmaster.master][INFO] 2012-12-15 16:44:27,088: -PUB [/camera/depth_registered/image_raw/compressed] /camera_nodelet_manager http://pc:56449/
[rosmaster.master][INFO] 2012-12-15 16:44:27,090: -PUB [/camera/depth_registered/image_raw/compressed/parameter_descriptions] /camera_nodelet_manager http://pc:56449/
[rosmaster.master][INFO] 2012-12-15 16:44:27,090: -PUB [/camera/depth_registered/image_raw/compressed/parameter_updates] /camera_nodelet_manager http://pc:56449/
[rosmaster.master][INFO] 2012-12-15 16:44:27,091: -PUB [/camera/depth_registered/image_raw] /camera_nodelet_manager http://pc:56449/
[rosmaster.master][INFO] 2012-12-15 16:44:27,092: -PUB [/camera/depth_registered/image_raw/theora] /camera_nodelet_manager http://pc:56449/
[rosmaster.master][INFO] 2012-12-15 16:44:27,093: -PUB [/camera/depth_registered/image_raw/theora/parameter_descriptions] /camera_nodelet_manager http://pc:56449/
[rosmaster.master][INFO] 2012-12-15 16:44:27,094: -PUB [/camera/depth_registered/image_raw/theora/parameter_updates] /camera_nodelet_manager http://pc:56449/
[rosmaster.master][INFO] 2012-12-15 16:44:27,095: -SERVICE [/camera_nodelet_manager/get_loggers] /camera_nodelet_manager rosrpc://pc:42887
[rosmaster.master][INFO] 2012-12-15 16:44:27,096: -SERVICE [/camera_nodelet_manager/set_logger_level] /camera_nodelet_manager rosrpc://pc:42887
[rosmaster.master][INFO] 2012-12-15 16:44:27,097: -SERVICE [/camera_nodelet_manager/load_nodelet] /camera_nodelet_manager rosrpc://pc:42887
[rosmaster.master][INFO] 2012-12-15 16:44:27,098: -SERVICE [/camera_nodelet_manager/unload_nodelet] /camera_nodelet_manager rosrpc://pc:42887
[rosmaster.master][INFO] 2012-12-15 16:44:27,099: -SERVICE [/camera_nodelet_manager/list] /camera_nodelet_manager rosrpc://pc:42887
[rosmaster.master][INFO] 2012-12-15 16:44:27,100: -SERVICE [/camera/ir/image_rect/compressed/set_parameters] /camera_nodelet_manager rosrpc://pc:42887
[rosmaster.master][INFO] 2012-12-15 16:44:27,101: -SERVICE [/camera/ir/image_rect/theora/set_parameters] /camera_nodelet_manager rosrpc://pc:42887
[rosmaster.master][INFO] 2012-12-15 16:44:27,104: -SERVICE [/camera/depth/image/compressed/set_parameters] /camera_nodelet_manager rosrpc://pc:42887
[rosmaster.master][INFO] 2012-12-15 16:44:27,105: -SERVICE [/camera/depth/image/theora/set_parameters] /camera_nodelet_manager rosrpc://pc:42887
[rosmaster.master][INFO] 2012-12-15 16:44:27,106: -SERVICE [/camera/rgb/image_mono/compressed/set_parameters] /camera_nodelet_manager rosrpc://pc:42887
[rosmaster.master][INFO] 2012-12-15 16:44:27,107: -SERVICE [/camera/rgb/image_mono/theora/set_parameters] /camera_nodelet_manager rosrpc://pc:42887
[rosmaster.master][INFO] 2012-12-15 16:44:27,108: -SERVICE [/camera/rgb/image_color/compressed/set_parameters] /camera_nodelet_manager rosrpc://pc:42887
[rosmaster.master][INFO] 2012-12-15 16:44:27,109: -SERVICE [/camera/rgb/image_color/theora/set_parameters] /camera_nodelet_manager rosrpc://pc:42887
[rosmaster.master][INFO] 2012-12-15 16:44:27,110: -SERVICE [/camera/depth_registered/image_rect/compressed/set_parameters] /camera_nodelet_manager rosrpc://pc:42887
[rosmaster.master][INFO] 2012-12-15 16:44:27,111: -SERVICE [/camera/depth_registered/image_rect/theora/set_parameters] /camera_nodelet_manager rosrpc://pc:42887
[rosmaster.master][INFO] 2012-12-15 16:44:27,111: -SERVICE [/camera/rgb/rectify_mono/set_parameters] /camera_nodelet_manager rosrpc://pc:42887
[rosmaster.master][INFO] 2012-12-15 16:44:27,112: -SERVICE [/camera/rgb/image_rect/compressed/set_parameters] /camera_nodelet_manager rosrpc://pc:42887
[rosmaster.master][INFO] 2012-12-15 16:44:27,114: -SERVICE [/camera/rgb/image_rect/theora/set_parameters] /camera_nodelet_manager rosrpc://pc:42887
[rosmaster.master][INFO] 2012-12-15 16:44:27,114: -SERVICE [/camera/rgb/rectify_color/set_parameters] /camera_nodelet_manager rosrpc://pc:42887
[rosmaster.master][INFO] 2012-12-15 16:44:27,115: -SERVICE [/camera/rgb/image_rect_color/compressed/set_parameters] /camera_nodelet_manager rosrpc://pc:42887
[rosmaster.master][INFO] 2012-12-15 16:44:27,116: -SERVICE [/camera/rgb/image_rect_color/theora/set_parameters] /camera_nodelet_manager rosrpc://pc:42887
[rosmaster.master][INFO] 2012-12-15 16:44:27,117: -SERVICE [/camera/depth_registered/image_rect_raw/compressed/set_parameters] /camera_nodelet_manager rosrpc://pc:42887
[rosmaster.master][INFO] 2012-12-15 16:44:27,118: -SERVICE [/camera/depth_registered/image_rect_raw/theora/set_parameters] /camera_nodelet_manager rosrpc://pc:42887
[rosmaster.master][INFO] 2012-12-15 16:44:27,119: -SERVICE [/camera/depth/image_rect/compressed/set_parameters] /camera_nodelet_manager rosrpc://pc:42887
[rosmaster.master][INFO] 2012-12-15 16:44:27,120: -SERVICE [/camera/depth/image_rect/theora/set_parameters] /camera_nodelet_manager rosrpc://pc:42887
[rosmaster.master][INFO] 2012-12-15 16:44:27,121: -SERVICE [/camera/depth/image_rect_raw/compressed/set_parameters] /camera_nodelet_manager rosrpc://pc:42887
[rosmaster.master][INFO] 2012-12-15 16:44:27,121: -SERVICE [/camera/depth/image_rect_raw/theora/set_parameters] /camera_nodelet_manager rosrpc://pc:42887
[rosmaster.master][INFO] 2012-12-15 16:44:27,122: -SERVICE [/camera/rgb/image_raw/compressed/set_parameters] /camera_nodelet_manager rosrpc://pc:42887
[rosmaster.master][INFO] 2012-12-15 16:44:27,123: -SERVICE [/camera/rgb/image_raw/theora/set_parameters] /camera_nodelet_manager rosrpc://pc:42887
[rosmaster.master][INFO] 2012-12-15 16:44:27,124: -SERVICE [/camera/depth_registered/image/compressed/set_parameters] /camera_nodelet_manager rosrpc://pc:42887
[rosmaster.master][INFO] 2012-12-15 16:44:27,125: -SERVICE [/camera/ir/image_raw/compressed/set_parameters] /camera_nodelet_manager rosrpc://pc:42887
[rosmaster.master][INFO] 2012-12-15 16:44:27,126: -SERVICE [/camera/ir/image_raw/theora/set_parameters] /camera_nodelet_manager rosrpc://pc:42887
[rosmaster.master][INFO] 2012-12-15 16:44:27,127: -SERVICE [/camera/depth_registered/image/theora/set_parameters] /camera_nodelet_manager rosrpc://pc:42887
[rosmaster.master][INFO] 2012-12-15 16:44:27,127: -SERVICE [/camera/depth/image_raw/compressed/set_parameters] /camera_nodelet_manager rosrpc://pc:42887
[rosmaster.master][INFO] 2012-12-15 16:44:27,129: -SERVICE [/camera/depth/image_raw/theora/set_parameters] /camera_nodelet_manager rosrpc://pc:42887
[rosmaster.master][INFO] 2012-12-15 16:44:27,130: -SERVICE [/camera/depth_registered/image_raw/compressed/set_parameters] /camera_nodelet_manager rosrpc://pc:42887
[rosmaster.master][INFO] 2012-12-15 16:44:27,131: -SERVICE [/camera/depth_registered/image_raw/theora/set_parameters] /camera_nodelet_manager rosrpc://pc:42887
[rosmaster.master][INFO] 2012-12-15 16:44:27,245: -PUB [/rosout] /camera/rgb/rectify_mono http://pc:35736/
[rosmaster.master][INFO] 2012-12-15 16:44:27,247: -SERVICE [/camera/rgb/rectify_mono/get_loggers] /camera/rgb/rectify_mono rosrpc://pc:41811
[rosmaster.master][INFO] 2012-12-15 16:44:27,249: -SERVICE [/camera/rgb/rectify_mono/set_logger_level] /camera/rgb/rectify_mono rosrpc://pc:41811
[rosmaster.master][INFO] 2012-12-15 16:44:27,252: -PUB [/rosout] /camera/rgb/rectify_color http://pc:34362/
[rosmaster.master][INFO] 2012-12-15 16:44:27,255: -SERVICE [/camera/rgb/rectify_color/get_loggers] /camera/rgb/rectify_color rosrpc://pc:56791
[rosmaster.master][INFO] 2012-12-15 16:44:27,257: -SERVICE [/camera/rgb/rectify_color/set_logger_level] /camera/rgb/rectify_color rosrpc://pc:56791
[rosmaster.master][INFO] 2012-12-15 16:44:27,293: publisherUpdate[/rosout] -> http://pc:46019/
[rosmaster.master][INFO] 2012-12-15 16:44:27,295: publisherUpdate[/rosout] -> http://pc:46019/
[rosmaster.master][INFO] 2012-12-15 16:44:27,497: -PUB [/rosout_agg] /rosout http://pc:46019/
[rosmaster.master][INFO] 2012-12-15 16:44:27,498: -SUB [/rosout] /rosout http://pc:46019/
[rosmaster.master][INFO] 2012-12-15 16:44:27,499: -SERVICE [/rosout/get_loggers] /rosout rosrpc://pc:52876
[rosmaster.master][INFO] 2012-12-15 16:44:27,500: -SERVICE [/rosout/set_logger_level] /rosout rosrpc://pc:52876
[rosmaster.main][INFO] 2012-12-15 16:44:27,576: keyboard interrupt, will exit
[rosmaster.main][INFO] 2012-12-15 16:44:27,577: stopping master...
