[rosmaster.main][INFO] 2012-12-15 18:00:11,247: initialization complete, waiting for shutdown
[rosmaster.main][INFO] 2012-12-15 18:00:11,247: Starting ROS Master Node
[xmlrpc][INFO] 2012-12-15 18:00:11,248: XML-RPC server binding to 0.0.0.0
[xmlrpc][INFO] 2012-12-15 18:00:11,249: Started XML-RPC server [http://pc:11311/]
[rosmaster.master][INFO] 2012-12-15 18:00:11,250: Master initialized: port[11311], uri[http://pc:11311/]
[xmlrpc][INFO] 2012-12-15 18:00:11,250: xml rpc node: starting XML-RPC server
[rosmaster.master][INFO] 2012-12-15 18:00:11,261: +PARAM [/run_id] by /roslaunch
[rosmaster.master][INFO] 2012-12-15 18:00:11,264: +PARAM [/roslaunch/uris/host_pc__43143] by /roslaunch
[rosmaster.master][INFO] 2012-12-15 18:00:11,290: +PARAM [/rosdistro] by /roslaunch
[rosmaster.master][INFO] 2012-12-15 18:00:11,290: +PARAM [/camera/driver/rgb_frame_id] by /roslaunch
[rosmaster.master][INFO] 2012-12-15 18:00:11,290: +PARAM [/camera/disparity_depth_registered/min_range] by /roslaunch
[rosmaster.master][INFO] 2012-12-15 18:00:11,290: +PARAM [/camera/driver/rgb_camera_info_url] by /roslaunch
[rosmaster.master][INFO] 2012-12-15 18:00:11,291: +PARAM [/camera/depth_registered/rectify_depth/interpolation] by /roslaunch
[rosmaster.master][INFO] 2012-12-15 18:00:11,291: +PARAM [/camera/driver/depth_frame_id] by /roslaunch
[rosmaster.master][INFO] 2012-12-15 18:00:11,291: +PARAM [/camera/depth/rectify_depth/interpolation] by /roslaunch
[rosmaster.master][INFO] 2012-12-15 18:00:11,291: +PARAM [/camera/disparity_depth/max_range] by /roslaunch
[rosmaster.master][INFO] 2012-12-15 18:00:11,291: +PARAM [/rosversion] by /roslaunch
[rosmaster.master][INFO] 2012-12-15 18:00:11,292: +PARAM [/camera/driver/device_id] by /roslaunch
[rosmaster.master][INFO] 2012-12-15 18:00:11,292: +PARAM [/camera/driver/depth_camera_info_url] by /roslaunch
[rosmaster.master][INFO] 2012-12-15 18:00:11,292: +PARAM [/camera/disparity_depth/min_range] by /roslaunch
[rosmaster.master][INFO] 2012-12-15 18:00:11,292: +PARAM [/camera/disparity_depth_registered/max_range] by /roslaunch
[rosmaster.master][INFO] 2012-12-15 18:00:11,298: +SERVICE [/rosout/get_loggers] /rosout http://pc:53768/
[rosmaster.master][INFO] 2012-12-15 18:00:11,300: +SERVICE [/rosout/set_logger_level] /rosout http://pc:53768/
[rosmaster.master][INFO] 2012-12-15 18:00:11,304: +PUB [/rosout_agg] /rosout http://pc:53768/
[rosmaster.master][INFO] 2012-12-15 18:00:11,306: +SUB [/rosout] /rosout http://pc:53768/
[rosmaster.master][INFO] 2012-12-15 18:00:11,327: +PUB [/rosout] /camera/driver http://pc:37979/
[rosmaster.master][INFO] 2012-12-15 18:00:11,328: +SERVICE [/camera/driver/get_loggers] /camera/driver http://pc:37979/
[rosmaster.master][INFO] 2012-12-15 18:00:11,330: +SERVICE [/camera/driver/set_logger_level] /camera/driver http://pc:37979/
[rosmaster.master][INFO] 2012-12-15 18:00:11,335: +PARAM [/camera/driver] by /camera/driver
[rosmaster.master][INFO] 2012-12-15 18:00:11,347: publisherUpdate[/rosout] -> http://pc:53768/
[rosmaster.master][INFO] 2012-12-15 18:00:11,350: +PUB [/rosout] /camera/rgb/debayer http://pc:43896/
[rosmaster.master][INFO] 2012-12-15 18:00:11,354: +SERVICE [/camera/rgb/debayer/get_loggers] /camera/rgb/debayer http://pc:43896/
[rosmaster.master][INFO] 2012-12-15 18:00:11,351: publisherUpdate[/rosout] -> http://pc:53768/
[rosmaster.master][INFO] 2012-12-15 18:00:11,361: +SERVICE [/camera/rgb/debayer/set_logger_level] /camera/rgb/debayer http://pc:43896/
[rosmaster.master][INFO] 2012-12-15 18:00:11,372: +PUB [/rosout] /camera/rgb/rectify_mono http://pc:45167/
[rosmaster.master][INFO] 2012-12-15 18:00:11,374: +PUB [/rosout] /camera/ir/rectify_ir http://pc:39237/
[rosmaster.master][INFO] 2012-12-15 18:00:11,375: +SERVICE [/camera/rgb/rectify_mono/get_loggers] /camera/rgb/rectify_mono http://pc:45167/
[rosmaster.master][INFO] 2012-12-15 18:00:11,376: +PUB [/rosout] /camera/rgb/rectify_color http://pc:49664/
[rosmaster.master][INFO] 2012-12-15 18:00:11,378: +SERVICE [/camera/rgb/rectify_mono/set_logger_level] /camera/rgb/rectify_mono http://pc:45167/
[rosmaster.master][INFO] 2012-12-15 18:00:11,378: +SERVICE [/camera/ir/rectify_ir/get_loggers] /camera/ir/rectify_ir http://pc:39237/
[rosmaster.master][INFO] 2012-12-15 18:00:11,380: +SERVICE [/camera/ir/rectify_ir/set_logger_level] /camera/ir/rectify_ir http://pc:39237/
[rosmaster.master][INFO] 2012-12-15 18:00:11,383: +SERVICE [/camera/rgb/rectify_color/get_loggers] /camera/rgb/rectify_color http://pc:49664/
[rosmaster.master][INFO] 2012-12-15 18:00:11,395: +SERVICE [/camera/rgb/rectify_color/set_logger_level] /camera/rgb/rectify_color http://pc:49664/
[rosmaster.master][INFO] 2012-12-15 18:00:11,423: +PUB [/rosout] /camera/depth/rectify_depth http://pc:36860/
[rosmaster.master][INFO] 2012-12-15 18:00:11,427: +PUB [/rosout] /camera/depth/metric_rect http://pc:36814/
[rosmaster.master][INFO] 2012-12-15 18:00:11,433: +SERVICE [/camera/depth/rectify_depth/get_loggers] /camera/depth/rectify_depth http://pc:36860/
[rosmaster.master][INFO] 2012-12-15 18:00:11,436: +SERVICE [/camera/depth/metric_rect/get_loggers] /camera/depth/metric_rect http://pc:36814/
[rosmaster.master][INFO] 2012-12-15 18:00:11,439: +PUB [/rosout] /camera/depth/metric http://pc:45836/
[rosmaster.master][INFO] 2012-12-15 18:00:11,442: +SERVICE [/camera/depth/metric_rect/set_logger_level] /camera/depth/metric_rect http://pc:36814/
[rosmaster.master][INFO] 2012-12-15 18:00:11,444: +SERVICE [/camera/depth/rectify_depth/set_logger_level] /camera/depth/rectify_depth http://pc:36860/
[rosmaster.master][INFO] 2012-12-15 18:00:11,445: +SERVICE [/camera/depth/metric/get_loggers] /camera/depth/metric http://pc:45836/
[rosmaster.master][INFO] 2012-12-15 18:00:11,451: publisherUpdate[/rosout] -> http://pc:53768/
[rosmaster.master][INFO] 2012-12-15 18:00:11,452: publisherUpdate[/rosout] -> http://pc:53768/
[rosmaster.master][INFO] 2012-12-15 18:00:11,453: publisherUpdate[/rosout] -> http://pc:53768/
[rosmaster.master][INFO] 2012-12-15 18:00:11,455: publisherUpdate[/rosout] -> http://pc:53768/
[rosmaster.master][INFO] 2012-12-15 18:00:11,456: publisherUpdate[/rosout] -> http://pc:53768/
[rosmaster.master][INFO] 2012-12-15 18:00:11,458: publisherUpdate[/rosout] -> http://pc:53768/
[rosmaster.master][INFO] 2012-12-15 18:00:11,462: +SERVICE [/camera/depth/metric/set_logger_level] /camera/depth/metric http://pc:45836/
[rosmaster.master][INFO] 2012-12-15 18:00:11,463: +PUB [/rosout] /camera/depth/points http://pc:39385/
[rosmaster.master][INFO] 2012-12-15 18:00:11,476: +SERVICE [/camera/depth/points/get_loggers] /camera/depth/points http://pc:39385/
[rosmaster.master][INFO] 2012-12-15 18:00:11,480: +PUB [/rosout] /camera/register_depth_rgb http://pc:39643/
[rosmaster.master][INFO] 2012-12-15 18:00:11,487: +SERVICE [/camera/depth/points/set_logger_level] /camera/depth/points http://pc:39385/
[rosmaster.master][INFO] 2012-12-15 18:00:11,488: +SERVICE [/camera/register_depth_rgb/get_loggers] /camera/register_depth_rgb http://pc:39643/
[rosmaster.master][INFO] 2012-12-15 18:00:11,490: +PARAM [/camera/depth/rectify_depth] by /camera/depth/rectify_depth
[rosmaster.master][INFO] 2012-12-15 18:00:11,492: +PUB [/rosout] /camera/depth_registered/rectify_depth http://pc:44709/
[rosmaster.master][INFO] 2012-12-15 18:00:11,494: +PUB [/rosout] /camera/depth_registered/metric_rect http://pc:35728/
[rosmaster.master][INFO] 2012-12-15 18:00:11,505: +SERVICE [/camera/register_depth_rgb/set_logger_level] /camera/register_depth_rgb http://pc:39643/
[rosmaster.master][INFO] 2012-12-15 18:00:11,511: +SERVICE [/camera/depth_registered/metric_rect/get_loggers] /camera/depth_registered/metric_rect http://pc:35728/
[rosmaster.master][INFO] 2012-12-15 18:00:11,513: +PUB [/rosout] /camera/depth_registered/metric http://pc:58939/
[rosmaster.master][INFO] 2012-12-15 18:00:11,519: +SERVICE [/camera/depth_registered/metric_rect/set_logger_level] /camera/depth_registered/metric_rect http://pc:35728/
[rosmaster.master][INFO] 2012-12-15 18:00:11,521: +SERVICE [/camera/depth_registered/metric/get_loggers] /camera/depth_registered/metric http://pc:58939/
[rosmaster.master][INFO] 2012-12-15 18:00:11,523: +PUB [/rosout] /camera/points_xyzrgb_depth_rgb http://pc:40692/
[rosmaster.master][INFO] 2012-12-15 18:00:11,531: +SERVICE [/camera/depth_registered/metric/set_logger_level] /camera/depth_registered/metric http://pc:58939/
[rosmaster.master][INFO] 2012-12-15 18:00:11,533: +SERVICE [/camera/points_xyzrgb_depth_rgb/get_loggers] /camera/points_xyzrgb_depth_rgb http://pc:40692/
[rosmaster.master][INFO] 2012-12-15 18:00:11,538: +PUB [/rosout] /camera/disparity_depth http://pc:51182/
[rosmaster.master][INFO] 2012-12-15 18:00:11,547: +SERVICE [/camera/points_xyzrgb_depth_rgb/set_logger_level] /camera/points_xyzrgb_depth_rgb http://pc:40692/
[rosmaster.master][INFO] 2012-12-15 18:00:11,549: +PUB [/rosout] /camera/disparity_depth_registered http://pc:36618/
[rosmaster.master][INFO] 2012-12-15 18:00:11,552: +SERVICE [/camera/disparity_depth/get_loggers] /camera/disparity_depth http://pc:51182/
[rosmaster.master][INFO] 2012-12-15 18:00:11,554: publisherUpdate[/rosout] -> http://pc:53768/
[rosmaster.master][INFO] 2012-12-15 18:00:11,555: publisherUpdate[/rosout] -> http://pc:53768/
[rosmaster.master][INFO] 2012-12-15 18:00:11,557: publisherUpdate[/rosout] -> http://pc:53768/
[rosmaster.master][INFO] 2012-12-15 18:00:11,558: publisherUpdate[/rosout] -> http://pc:53768/
[rosmaster.master][INFO] 2012-12-15 18:00:11,560: publisherUpdate[/rosout] -> http://pc:53768/
[rosmaster.master][INFO] 2012-12-15 18:00:11,563: publisherUpdate[/rosout] -> http://pc:53768/
[rosmaster.master][INFO] 2012-12-15 18:00:11,564: publisherUpdate[/rosout] -> http://pc:53768/
[rosmaster.master][INFO] 2012-12-15 18:00:11,565: +SERVICE [/camera/disparity_depth_registered/get_loggers] /camera/disparity_depth_registered http://pc:36618/
[rosmaster.master][INFO] 2012-12-15 18:00:11,567: publisherUpdate[/rosout] -> http://pc:53768/
[rosmaster.master][INFO] 2012-12-15 18:00:11,570: +SERVICE [/camera/disparity_depth/set_logger_level] /camera/disparity_depth http://pc:51182/
[rosmaster.master][INFO] 2012-12-15 18:00:11,573: +SERVICE [/camera/disparity_depth_registered/set_logger_level] /camera/disparity_depth_registered http://pc:36618/
[rosmaster.master][INFO] 2012-12-15 18:00:11,575: +PUB [/rosout] /camera_base_link1 http://pc:41563/
[rosmaster.master][INFO] 2012-12-15 18:00:11,577: +PUB [/rosout] /camera_base_link http://pc:43405/
[rosmaster.master][INFO] 2012-12-15 18:00:11,584: +SERVICE [/camera_base_link1/get_loggers] /camera_base_link1 http://pc:41563/
[rosmaster.master][INFO] 2012-12-15 18:00:11,588: +SERVICE [/camera_base_link/get_loggers] /camera_base_link http://pc:43405/
[rosmaster.master][INFO] 2012-12-15 18:00:11,595: +PARAM [/camera/disparity_depth] by /camera/disparity_depth
[rosmaster.master][INFO] 2012-12-15 18:00:11,596: +SERVICE [/camera_base_link1/set_logger_level] /camera_base_link1 http://pc:41563/
[rosmaster.master][INFO] 2012-12-15 18:00:11,597: +SERVICE [/camera_base_link/set_logger_level] /camera_base_link http://pc:43405/
[rosmaster.master][INFO] 2012-12-15 18:00:11,603: +PARAM [/camera/disparity_depth_registered] by /camera/disparity_depth_registered
[rosmaster.master][INFO] 2012-12-15 18:00:11,614: +PUB [/tf] /camera_base_link1 http://pc:41563/
[rosmaster.master][INFO] 2012-12-15 18:00:11,616: +PUB [/tf] /camera_base_link http://pc:43405/
[rosmaster.master][INFO] 2012-12-15 18:00:11,620: +PUB [/rosout] /camera_base_link3 http://pc:35711/
[rosmaster.master][INFO] 2012-12-15 18:00:11,626: +SERVICE [/camera_base_link3/get_loggers] /camera_base_link3 http://pc:35711/
[rosmaster.master][INFO] 2012-12-15 18:00:11,631: +SERVICE [/camera_base_link3/set_logger_level] /camera_base_link3 http://pc:35711/
[rosmaster.master][INFO] 2012-12-15 18:00:11,637: +PUB [/tf] /camera_base_link3 http://pc:35711/
[rosmaster.master][INFO] 2012-12-15 18:00:11,660: publisherUpdate[/rosout] -> http://pc:53768/
[rosmaster.master][INFO] 2012-12-15 18:00:11,664: publisherUpdate[/rosout] -> http://pc:53768/
[rosmaster.master][INFO] 2012-12-15 18:00:11,666: +PUB [/rosout] /camera_nodelet_manager http://pc:60620/
[rosmaster.master][INFO] 2012-12-15 18:00:11,666: publisherUpdate[/rosout] -> http://pc:53768/
[rosmaster.master][INFO] 2012-12-15 18:00:11,671: +SERVICE [/camera_nodelet_manager/get_loggers] /camera_nodelet_manager http://pc:60620/
[rosmaster.master][INFO] 2012-12-15 18:00:11,673: publisherUpdate[/rosout] -> http://pc:53768/
[rosmaster.master][INFO] 2012-12-15 18:00:11,675: +SERVICE [/camera_nodelet_manager/set_logger_level] /camera_nodelet_manager http://pc:60620/
[rosmaster.master][INFO] 2012-12-15 18:00:11,679: +SERVICE [/camera_nodelet_manager/load_nodelet] /camera_nodelet_manager http://pc:60620/
[rosmaster.master][INFO] 2012-12-15 18:00:11,682: +SERVICE [/camera_nodelet_manager/unload_nodelet] /camera_nodelet_manager http://pc:60620/
[rosmaster.master][INFO] 2012-12-15 18:00:11,688: +SERVICE [/camera_nodelet_manager/list] /camera_nodelet_manager http://pc:60620/
[rosmaster.master][INFO] 2012-12-15 18:00:12,009: +PUB [/camera/depth/image/compressed] /camera_nodelet_manager http://pc:60620/
[rosmaster.master][INFO] 2012-12-15 18:00:12,010: +SERVICE [/camera/depth/image/compressed/set_parameters] /camera_nodelet_manager http://pc:60620/
[rosmaster.master][INFO] 2012-12-15 18:00:12,011: +PUB [/camera/depth/image/compressed/parameter_descriptions] /camera_nodelet_manager http://pc:60620/
[rosmaster.master][INFO] 2012-12-15 18:00:12,012: +PUB [/camera/depth/image/compressed/parameter_updates] /camera_nodelet_manager http://pc:60620/
[rosmaster.master][INFO] 2012-12-15 18:00:12,015: +PARAM [/camera/depth/image/compressed/format] by /camera_nodelet_manager
[rosmaster.master][INFO] 2012-12-15 18:00:12,016: +PARAM [/camera/depth/image/compressed/jpeg_quality] by /camera_nodelet_manager
[rosmaster.master][INFO] 2012-12-15 18:00:12,017: +PARAM [/camera/depth/image/compressed/png_level] by /camera_nodelet_manager
[rosmaster.master][INFO] 2012-12-15 18:00:12,019: +PUB [/camera/depth/image] /camera_nodelet_manager http://pc:60620/
[rosmaster.master][INFO] 2012-12-15 18:00:12,023: +PUB [/camera/depth/image/theora] /camera_nodelet_manager http://pc:60620/
[rosmaster.master][INFO] 2012-12-15 18:00:12,024: +SERVICE [/camera/depth/image/theora/set_parameters] /camera_nodelet_manager http://pc:60620/
[rosmaster.master][INFO] 2012-12-15 18:00:12,025: +PUB [/camera/depth/image/theora/parameter_descriptions] /camera_nodelet_manager http://pc:60620/
[rosmaster.master][INFO] 2012-12-15 18:00:12,026: +PUB [/camera/depth/image/theora/parameter_updates] /camera_nodelet_manager http://pc:60620/
[rosmaster.master][INFO] 2012-12-15 18:00:12,030: +PARAM [/camera/depth/image/theora/optimize_for] by /camera_nodelet_manager
[rosmaster.master][INFO] 2012-12-15 18:00:12,031: +PARAM [/camera/depth/image/theora/target_bitrate] by /camera_nodelet_manager
[rosmaster.master][INFO] 2012-12-15 18:00:12,032: +PARAM [/camera/depth/image/theora/quality] by /camera_nodelet_manager
[rosmaster.master][INFO] 2012-12-15 18:00:12,033: +PUB [/rosout] /set_dr http://pc:46180/
[rosmaster.master][INFO] 2012-12-15 18:00:12,034: +PARAM [/camera/depth/image/theora/keyframe_frequency] by /camera_nodelet_manager
[rosmaster.master][INFO] 2012-12-15 18:00:12,062: publisherUpdate[/rosout] -> http://pc:53768/
[rosmaster.master][INFO] 2012-12-15 18:00:12,281: +PUB [/camera/depth_registered/disparity] /camera_nodelet_manager http://pc:60620/
[rosmaster.master][INFO] 2012-12-15 18:00:12,469: +PUB [/rosout] /depth_detection http://pc:34993/
[rosmaster.master][INFO] 2012-12-15 18:00:12,470: publisherUpdate[/rosout] -> http://pc:53768/
[rosmaster.master][INFO] 2012-12-15 18:00:12,496: +SUB [/camera/depth_registered/image_rect] /depth_detection http://pc:34993/
[rosmaster.master][INFO] 2012-12-15 18:00:12,498: +SUB [/camera/rgb/image_rect_color] /depth_detection http://pc:34993/
[rosmaster.master][INFO] 2012-12-15 18:00:13,524: +PUB [/camera/depth_registered/points] /camera_nodelet_manager http://pc:60620/
[rosmaster.master][INFO] 2012-12-15 18:00:14,161: +PUB [/camera/depth_registered/image/compressed] /camera_nodelet_manager http://pc:60620/
[rosmaster.master][INFO] 2012-12-15 18:00:14,163: +SERVICE [/camera/depth_registered/image/compressed/set_parameters] /camera_nodelet_manager http://pc:60620/
[rosmaster.master][INFO] 2012-12-15 18:00:14,165: +PUB [/camera/depth_registered/image/compressed/parameter_descriptions] /camera_nodelet_manager http://pc:60620/
[rosmaster.master][INFO] 2012-12-15 18:00:14,168: +PUB [/camera/depth_registered/image/compressed/parameter_updates] /camera_nodelet_manager http://pc:60620/
[rosmaster.master][INFO] 2012-12-15 18:00:14,172: +PARAM [/camera/depth_registered/image/compressed/format] by /camera_nodelet_manager
[rosmaster.master][INFO] 2012-12-15 18:00:14,173: +PARAM [/camera/depth_registered/image/compressed/jpeg_quality] by /camera_nodelet_manager
[rosmaster.master][INFO] 2012-12-15 18:00:14,174: +PARAM [/camera/depth_registered/image/compressed/png_level] by /camera_nodelet_manager
[rosmaster.master][INFO] 2012-12-15 18:00:14,175: +PUB [/camera/depth_registered/image] /camera_nodelet_manager http://pc:60620/
[rosmaster.master][INFO] 2012-12-15 18:00:14,177: +PUB [/camera/depth_registered/image/theora] /camera_nodelet_manager http://pc:60620/
[rosmaster.master][INFO] 2012-12-15 18:00:14,179: +SERVICE [/camera/depth_registered/image/theora/set_parameters] /camera_nodelet_manager http://pc:60620/
[rosmaster.master][INFO] 2012-12-15 18:00:14,180: +PUB [/camera/depth_registered/image/theora/parameter_descriptions] /camera_nodelet_manager http://pc:60620/
[rosmaster.master][INFO] 2012-12-15 18:00:14,182: +PUB [/camera/depth_registered/image/theora/parameter_updates] /camera_nodelet_manager http://pc:60620/
[rosmaster.master][INFO] 2012-12-15 18:00:14,186: +PARAM [/camera/depth_registered/image/theora/optimize_for] by /camera_nodelet_manager
[rosmaster.master][INFO] 2012-12-15 18:00:14,187: +PARAM [/camera/depth_registered/image/theora/target_bitrate] by /camera_nodelet_manager
[rosmaster.master][INFO] 2012-12-15 18:00:14,188: +PARAM [/camera/depth_registered/image/theora/quality] by /camera_nodelet_manager
[rosmaster.master][INFO] 2012-12-15 18:00:14,189: +PARAM [/camera/depth_registered/image/theora/keyframe_frequency] by /camera_nodelet_manager
[rosmaster.master][INFO] 2012-12-15 18:00:14,496: +SERVICE [/camera/depth_registered/rectify_depth/get_loggers] /camera/depth_registered/rectify_depth http://pc:44709/
[rosmaster.master][INFO] 2012-12-15 18:00:14,497: +SERVICE [/camera/depth_registered/rectify_depth/set_logger_level] /camera/depth_registered/rectify_depth http://pc:44709/
[rosmaster.master][INFO] 2012-12-15 18:00:14,502: +PARAM [/camera/depth_registered/rectify_depth] by /camera/depth_registered/rectify_depth
[rosmaster.master][INFO] 2012-12-15 18:00:14,587: +PUB [/rosout] /camera_base_link2 http://pc:41899/
[rosmaster.master][INFO] 2012-12-15 18:00:14,590: +SERVICE [/camera_base_link2/get_loggers] /camera_base_link2 http://pc:41899/
[rosmaster.master][INFO] 2012-12-15 18:00:14,592: +SERVICE [/camera_base_link2/set_logger_level] /camera_base_link2 http://pc:41899/
[rosmaster.master][INFO] 2012-12-15 18:00:14,596: +PUB [/tf] /camera_base_link2 http://pc:41899/
[rosmaster.master][INFO] 2012-12-15 18:00:14,669: publisherUpdate[/rosout] -> http://pc:53768/
[rosmaster.master][INFO] 2012-12-15 18:00:14,961: +PUB [/camera/depth/disparity] /camera_nodelet_manager http://pc:60620/
[rosmaster.master][INFO] 2012-12-15 18:00:15,421: +SERVICE [/camera/rgb/rectify_mono/set_parameters] /camera_nodelet_manager http://pc:60620/
[rosmaster.master][INFO] 2012-12-15 18:00:15,422: +PUB [/camera/rgb/rectify_mono/parameter_descriptions] /camera_nodelet_manager http://pc:60620/
[rosmaster.master][INFO] 2012-12-15 18:00:15,423: +PUB [/camera/rgb/rectify_mono/parameter_updates] /camera_nodelet_manager http://pc:60620/
[rosmaster.master][INFO] 2012-12-15 18:00:15,425: +PARAM [/camera/rgb/rectify_mono/interpolation] by /camera_nodelet_manager
[rosmaster.master][INFO] 2012-12-15 18:00:15,426: +PUB [/camera/rgb/image_rect/compressed] /camera_nodelet_manager http://pc:60620/
[rosmaster.master][INFO] 2012-12-15 18:00:15,427: +SERVICE [/camera/rgb/image_rect/compressed/set_parameters] /camera_nodelet_manager http://pc:60620/
[rosmaster.master][INFO] 2012-12-15 18:00:15,428: +PUB [/camera/rgb/image_rect/compressed/parameter_descriptions] /camera_nodelet_manager http://pc:60620/
[rosmaster.master][INFO] 2012-12-15 18:00:15,432: +PUB [/camera/rgb/image_rect/compressed/parameter_updates] /camera_nodelet_manager http://pc:60620/
[rosmaster.master][INFO] 2012-12-15 18:00:15,436: +PARAM [/camera/rgb/image_rect/compressed/format] by /camera_nodelet_manager
[rosmaster.master][INFO] 2012-12-15 18:00:15,436: +PARAM [/camera/rgb/image_rect/compressed/jpeg_quality] by /camera_nodelet_manager
[rosmaster.master][INFO] 2012-12-15 18:00:15,437: +PARAM [/camera/rgb/image_rect/compressed/png_level] by /camera_nodelet_manager
[rosmaster.master][INFO] 2012-12-15 18:00:15,441: +PUB [/camera/rgb/image_rect] /camera_nodelet_manager http://pc:60620/
[rosmaster.master][INFO] 2012-12-15 18:00:15,442: +PUB [/camera/rgb/image_rect/theora] /camera_nodelet_manager http://pc:60620/
[rosmaster.master][INFO] 2012-12-15 18:00:15,443: +SERVICE [/camera/rgb/image_rect/theora/set_parameters] /camera_nodelet_manager http://pc:60620/
[rosmaster.master][INFO] 2012-12-15 18:00:15,444: +PUB [/camera/rgb/image_rect/theora/parameter_descriptions] /camera_nodelet_manager http://pc:60620/
[rosmaster.master][INFO] 2012-12-15 18:00:15,446: +PUB [/camera/rgb/image_rect/theora/parameter_updates] /camera_nodelet_manager http://pc:60620/
[rosmaster.master][INFO] 2012-12-15 18:00:15,453: +PARAM [/camera/rgb/image_rect/theora/optimize_for] by /camera_nodelet_manager
[rosmaster.master][INFO] 2012-12-15 18:00:15,454: +PARAM [/camera/rgb/image_rect/theora/target_bitrate] by /camera_nodelet_manager
[rosmaster.master][INFO] 2012-12-15 18:00:15,455: +PARAM [/camera/rgb/image_rect/theora/quality] by /camera_nodelet_manager
[rosmaster.master][INFO] 2012-12-15 18:00:15,458: +PARAM [/camera/rgb/image_rect/theora/keyframe_frequency] by /camera_nodelet_manager
[rosmaster.master][INFO] 2012-12-15 18:00:15,732: +SUB [/tf] /camera_nodelet_manager http://pc:60620/
[rosmaster.master][INFO] 2012-12-15 18:00:15,736: +SERVICE [/camera_nodelet_manager/tf_frames] /camera_nodelet_manager http://pc:60620/
[rosmaster.master][INFO] 2012-12-15 18:00:16,013: +PUB [/camera/depth_registered/image_rect_raw/compressed] /camera_nodelet_manager http://pc:60620/
[rosmaster.master][INFO] 2012-12-15 18:00:16,016: +SERVICE [/camera/depth_registered/image_rect_raw/compressed/set_parameters] /camera_nodelet_manager http://pc:60620/
[rosmaster.master][INFO] 2012-12-15 18:00:16,018: +PUB [/camera/depth_registered/image_rect_raw/compressed/parameter_descriptions] /camera_nodelet_manager http://pc:60620/
[rosmaster.master][INFO] 2012-12-15 18:00:16,020: +PUB [/camera/depth_registered/image_rect_raw/compressed/parameter_updates] /camera_nodelet_manager http://pc:60620/
[rosmaster.master][INFO] 2012-12-15 18:00:16,030: +PARAM [/camera/depth_registered/image_rect_raw/compressed/format] by /camera_nodelet_manager
[rosmaster.master][INFO] 2012-12-15 18:00:16,032: +PARAM [/camera/depth_registered/image_rect_raw/compressed/jpeg_quality] by /camera_nodelet_manager
[rosmaster.master][INFO] 2012-12-15 18:00:16,034: +PARAM [/camera/depth_registered/image_rect_raw/compressed/png_level] by /camera_nodelet_manager
[rosmaster.master][INFO] 2012-12-15 18:00:16,037: +PUB [/camera/depth_registered/image_rect_raw] /camera_nodelet_manager http://pc:60620/
[rosmaster.master][INFO] 2012-12-15 18:00:16,039: +PUB [/camera/depth_registered/image_rect_raw/theora] /camera_nodelet_manager http://pc:60620/
[rosmaster.master][INFO] 2012-12-15 18:00:16,041: +SERVICE [/camera/depth_registered/image_rect_raw/theora/set_parameters] /camera_nodelet_manager http://pc:60620/
[rosmaster.master][INFO] 2012-12-15 18:00:16,044: +PUB [/camera/depth_registered/image_rect_raw/theora/parameter_descriptions] /camera_nodelet_manager http://pc:60620/
[rosmaster.master][INFO] 2012-12-15 18:00:16,046: +PUB [/camera/depth_registered/image_rect_raw/theora/parameter_updates] /camera_nodelet_manager http://pc:60620/
[rosmaster.master][INFO] 2012-12-15 18:00:16,056: +PARAM [/camera/depth_registered/image_rect_raw/theora/optimize_for] by /camera_nodelet_manager
[rosmaster.master][INFO] 2012-12-15 18:00:16,059: +PARAM [/camera/depth_registered/image_rect_raw/theora/target_bitrate] by /camera_nodelet_manager
[rosmaster.master][INFO] 2012-12-15 18:00:16,061: +PARAM [/camera/depth_registered/image_rect_raw/theora/quality] by /camera_nodelet_manager
[rosmaster.master][INFO] 2012-12-15 18:00:16,064: +PARAM [/camera/depth_registered/image_rect_raw/theora/keyframe_frequency] by /camera_nodelet_manager
[rosmaster.master][INFO] 2012-12-15 18:00:16,066: +PUB [/camera/depth_registered/camera_info] /camera_nodelet_manager http://pc:60620/
[rosmaster.master][INFO] 2012-12-15 18:00:16,338: +SERVICE [/camera/depth/rectify_depth/set_parameters] /camera_nodelet_manager http://pc:60620/
[rosmaster.master][INFO] 2012-12-15 18:00:16,340: +PUB [/camera/depth/rectify_depth/parameter_descriptions] /camera_nodelet_manager http://pc:60620/
[rosmaster.master][INFO] 2012-12-15 18:00:16,343: +PUB [/camera/depth/rectify_depth/parameter_updates] /camera_nodelet_manager http://pc:60620/
[rosmaster.master][INFO] 2012-12-15 18:00:16,351: +PARAM [/camera/depth/rectify_depth/interpolation] by /camera_nodelet_manager
[rosmaster.master][INFO] 2012-12-15 18:00:16,354: +PUB [/camera/depth/image_rect_raw/compressed] /camera_nodelet_manager http://pc:60620/
[rosmaster.master][INFO] 2012-12-15 18:00:16,355: +SERVICE [/camera/depth/image_rect_raw/compressed/set_parameters] /camera_nodelet_manager http://pc:60620/
[rosmaster.master][INFO] 2012-12-15 18:00:16,357: +PUB [/camera/depth/image_rect_raw/compressed/parameter_descriptions] /camera_nodelet_manager http://pc:60620/
[rosmaster.master][INFO] 2012-12-15 18:00:16,358: +PUB [/camera/depth/image_rect_raw/compressed/parameter_updates] /camera_nodelet_manager http://pc:60620/
[rosmaster.master][INFO] 2012-12-15 18:00:16,362: +PARAM [/camera/depth/image_rect_raw/compressed/format] by /camera_nodelet_manager
[rosmaster.master][INFO] 2012-12-15 18:00:16,364: +PARAM [/camera/depth/image_rect_raw/compressed/jpeg_quality] by /camera_nodelet_manager
[rosmaster.master][INFO] 2012-12-15 18:00:16,365: +PARAM [/camera/depth/image_rect_raw/compressed/png_level] by /camera_nodelet_manager
[rosmaster.master][INFO] 2012-12-15 18:00:16,367: +PUB [/camera/depth/image_rect_raw] /camera_nodelet_manager http://pc:60620/
[rosmaster.master][INFO] 2012-12-15 18:00:16,369: +PUB [/camera/depth/image_rect_raw/theora] /camera_nodelet_manager http://pc:60620/
[rosmaster.master][INFO] 2012-12-15 18:00:16,370: +SERVICE [/camera/depth/image_rect_raw/theora/set_parameters] /camera_nodelet_manager http://pc:60620/
[rosmaster.master][INFO] 2012-12-15 18:00:16,372: +PUB [/camera/depth/image_rect_raw/theora/parameter_descriptions] /camera_nodelet_manager http://pc:60620/
[rosmaster.master][INFO] 2012-12-15 18:00:16,375: +PUB [/camera/depth/image_rect_raw/theora/parameter_updates] /camera_nodelet_manager http://pc:60620/
[rosmaster.master][INFO] 2012-12-15 18:00:16,391: +PARAM [/camera/depth/image_rect_raw/theora/optimize_for] by /camera_nodelet_manager
[rosmaster.master][INFO] 2012-12-15 18:00:16,393: +PARAM [/camera/depth/image_rect_raw/theora/target_bitrate] by /camera_nodelet_manager
[rosmaster.master][INFO] 2012-12-15 18:00:16,395: +PARAM [/camera/depth/image_rect_raw/theora/quality] by /camera_nodelet_manager
[rosmaster.master][INFO] 2012-12-15 18:00:16,398: +PARAM [/camera/depth/image_rect_raw/theora/keyframe_frequency] by /camera_nodelet_manager
[rosmaster.master][INFO] 2012-12-15 18:00:16,668: +SERVICE [/camera/ir/rectify_ir/set_parameters] /camera_nodelet_manager http://pc:60620/
[rosmaster.master][INFO] 2012-12-15 18:00:16,670: +PUB [/camera/ir/rectify_ir/parameter_descriptions] /camera_nodelet_manager http://pc:60620/
[rosmaster.master][INFO] 2012-12-15 18:00:16,672: +PUB [/camera/ir/rectify_ir/parameter_updates] /camera_nodelet_manager http://pc:60620/
[rosmaster.master][INFO] 2012-12-15 18:00:16,676: +PARAM [/camera/ir/rectify_ir/interpolation] by /camera_nodelet_manager
[rosmaster.master][INFO] 2012-12-15 18:00:16,678: +PUB [/camera/ir/image_rect/compressed] /camera_nodelet_manager http://pc:60620/
[rosmaster.master][INFO] 2012-12-15 18:00:16,681: +SERVICE [/camera/ir/image_rect/compressed/set_parameters] /camera_nodelet_manager http://pc:60620/
[rosmaster.master][INFO] 2012-12-15 18:00:16,683: +PUB [/camera/ir/image_rect/compressed/parameter_descriptions] /camera_nodelet_manager http://pc:60620/
[rosmaster.master][INFO] 2012-12-15 18:00:16,685: +PUB [/camera/ir/image_rect/compressed/parameter_updates] /camera_nodelet_manager http://pc:60620/
[rosmaster.master][INFO] 2012-12-15 18:00:16,693: +PARAM [/camera/ir/image_rect/compressed/format] by /camera_nodelet_manager
[rosmaster.master][INFO] 2012-12-15 18:00:16,695: +PARAM [/camera/ir/image_rect/compressed/jpeg_quality] by /camera_nodelet_manager
[rosmaster.master][INFO] 2012-12-15 18:00:16,698: +PARAM [/camera/ir/image_rect/compressed/png_level] by /camera_nodelet_manager
[rosmaster.master][INFO] 2012-12-15 18:00:16,701: +PUB [/camera/ir/image_rect] /camera_nodelet_manager http://pc:60620/
[rosmaster.master][INFO] 2012-12-15 18:00:16,704: +PUB [/camera/ir/image_rect/theora] /camera_nodelet_manager http://pc:60620/
[rosmaster.master][INFO] 2012-12-15 18:00:16,708: +SERVICE [/camera/ir/image_rect/theora/set_parameters] /camera_nodelet_manager http://pc:60620/
[rosmaster.master][INFO] 2012-12-15 18:00:16,712: +PUB [/camera/ir/image_rect/theora/parameter_descriptions] /camera_nodelet_manager http://pc:60620/
[rosmaster.master][INFO] 2012-12-15 18:00:16,715: +PUB [/camera/ir/image_rect/theora/parameter_updates] /camera_nodelet_manager http://pc:60620/
[rosmaster.master][INFO] 2012-12-15 18:00:16,726: +PARAM [/camera/ir/image_rect/theora/optimize_for] by /camera_nodelet_manager
[rosmaster.master][INFO] 2012-12-15 18:00:16,728: +PARAM [/camera/ir/image_rect/theora/target_bitrate] by /camera_nodelet_manager
[rosmaster.master][INFO] 2012-12-15 18:00:16,730: +PARAM [/camera/ir/image_rect/theora/quality] by /camera_nodelet_manager
[rosmaster.master][INFO] 2012-12-15 18:00:16,732: +PARAM [/camera/ir/image_rect/theora/keyframe_frequency] by /camera_nodelet_manager
[rosmaster.master][INFO] 2012-12-15 18:00:17,022: +SERVICE [/camera/depth_registered/rectify_depth/set_parameters] /camera_nodelet_manager http://pc:60620/
[rosmaster.master][INFO] 2012-12-15 18:00:17,024: +PUB [/camera/depth_registered/rectify_depth/parameter_descriptions] /camera_nodelet_manager http://pc:60620/
[rosmaster.master][INFO] 2012-12-15 18:00:17,026: +PUB [/camera/depth_registered/rectify_depth/parameter_updates] /camera_nodelet_manager http://pc:60620/
[rosmaster.master][INFO] 2012-12-15 18:00:17,029: +PARAM [/camera/depth_registered/rectify_depth/interpolation] by /camera_nodelet_manager
[rosmaster.master][INFO] 2012-12-15 18:00:17,036: +PARAM [/camera/depth_registered/image_rect_raw/compressed/format] by /camera_nodelet_manager
[rosmaster.master][INFO] 2012-12-15 18:00:17,038: +PARAM [/camera/depth_registered/image_rect_raw/compressed/jpeg_quality] by /camera_nodelet_manager
[rosmaster.master][INFO] 2012-12-15 18:00:17,040: +PARAM [/camera/depth_registered/image_rect_raw/compressed/png_level] by /camera_nodelet_manager
[rosmaster.master][INFO] 2012-12-15 18:00:17,047: +PARAM [/camera/depth_registered/image_rect_raw/theora/optimize_for] by /camera_nodelet_manager
[rosmaster.master][INFO] 2012-12-15 18:00:17,049: +PARAM [/camera/depth_registered/image_rect_raw/theora/target_bitrate] by /camera_nodelet_manager
[rosmaster.master][INFO] 2012-12-15 18:00:17,051: +PARAM [/camera/depth_registered/image_rect_raw/theora/quality] by /camera_nodelet_manager
[rosmaster.master][INFO] 2012-12-15 18:00:17,053: +PARAM [/camera/depth_registered/image_rect_raw/theora/keyframe_frequency] by /camera_nodelet_manager
[rosmaster.master][INFO] 2012-12-15 18:00:17,175: +SERVICE [/camera/driver/set_parameters] /camera_nodelet_manager http://pc:60620/
[rosmaster.master][INFO] 2012-12-15 18:00:17,179: +PUB [/camera/driver/parameter_descriptions] /camera_nodelet_manager http://pc:60620/
[rosmaster.master][INFO] 2012-12-15 18:00:17,181: +PUB [/camera/driver/parameter_updates] /camera_nodelet_manager http://pc:60620/
[rosmaster.master][INFO] 2012-12-15 18:00:17,185: +SUB [/camera/driver/parameter_updates] /set_dr http://pc:46180/
[rosmaster.master][INFO] 2012-12-15 18:00:17,189: +SUB [/camera/driver/parameter_descriptions] /set_dr http://pc:46180/
[rosmaster.master][INFO] 2012-12-15 18:00:17,195: +PARAM [/camera/driver/image_mode] by /camera_nodelet_manager
[rosmaster.master][INFO] 2012-12-15 18:00:17,196: +PARAM [/camera/driver/depth_mode] by /camera_nodelet_manager
[rosmaster.master][INFO] 2012-12-15 18:00:17,198: +PARAM [/camera/driver/depth_registration] by /camera_nodelet_manager
[rosmaster.master][INFO] 2012-12-15 18:00:17,201: +PARAM [/camera/driver/data_skip] by /camera_nodelet_manager
[rosmaster.master][INFO] 2012-12-15 18:00:17,202: +PARAM [/camera/driver/depth_time_offset] by /camera_nodelet_manager
[rosmaster.master][INFO] 2012-12-15 18:00:17,206: +PARAM [/camera/driver/image_time_offset] by /camera_nodelet_manager
[rosmaster.master][INFO] 2012-12-15 18:00:17,208: +PARAM [/camera/driver/depth_ir_offset_x] by /camera_nodelet_manager
[rosmaster.master][INFO] 2012-12-15 18:00:17,209: +PARAM [/camera/driver/depth_ir_offset_y] by /camera_nodelet_manager
[rosmaster.master][INFO] 2012-12-15 18:00:17,210: +PARAM [/camera/driver/z_offset_mm] by /camera_nodelet_manager
[rosmaster.master][INFO] 2012-12-15 18:00:17,219: +SERVICE [/camera/rgb/set_camera_info] /camera_nodelet_manager http://pc:60620/
[rosmaster.master][INFO] 2012-12-15 18:00:17,223: +SERVICE [/camera/ir/set_camera_info] /camera_nodelet_manager http://pc:60620/
[rosmaster.master][INFO] 2012-12-15 18:00:17,248: +PARAM [/camera/driver/image_mode] by /camera_nodelet_manager
[rosmaster.master][INFO] 2012-12-15 18:00:17,249: +PUB [/camera/rgb/image_raw/compressed] /camera_nodelet_manager http://pc:60620/
[rosmaster.master][INFO] 2012-12-15 18:00:17,250: +PARAM [/camera/driver/depth_mode] by /camera_nodelet_manager
[rosmaster.master][INFO] 2012-12-15 18:00:17,252: +SERVICE [/camera/rgb/image_raw/compressed/set_parameters] /camera_nodelet_manager http://pc:60620/
[rosmaster.master][INFO] 2012-12-15 18:00:17,254: +PARAM [/camera/driver/depth_registration] by /camera_nodelet_manager
[rosmaster.master][INFO] 2012-12-15 18:00:17,255: +PUB [/camera/rgb/image_raw/compressed/parameter_descriptions] /camera_nodelet_manager http://pc:60620/
[rosmaster.master][INFO] 2012-12-15 18:00:17,256: +PARAM [/camera/driver/data_skip] by /camera_nodelet_manager
[rosmaster.master][INFO] 2012-12-15 18:00:17,257: +PUB [/camera/rgb/image_raw/compressed/parameter_updates] /camera_nodelet_manager http://pc:60620/
[rosmaster.master][INFO] 2012-12-15 18:00:17,258: +PARAM [/camera/driver/depth_time_offset] by /camera_nodelet_manager
[rosmaster.master][INFO] 2012-12-15 18:00:17,260: +PARAM [/camera/driver/image_time_offset] by /camera_nodelet_manager
[rosmaster.master][INFO] 2012-12-15 18:00:17,263: +PARAM [/camera/driver/depth_ir_offset_x] by /camera_nodelet_manager
[rosmaster.master][INFO] 2012-12-15 18:00:17,265: +PARAM [/camera/driver/depth_ir_offset_y] by /camera_nodelet_manager
[rosmaster.master][INFO] 2012-12-15 18:00:17,266: +PARAM [/camera/rgb/image_raw/compressed/format] by /camera_nodelet_manager
[rosmaster.master][INFO] 2012-12-15 18:00:17,267: +PARAM [/camera/driver/z_offset_mm] by /camera_nodelet_manager
[rosmaster.master][INFO] 2012-12-15 18:00:17,268: +PARAM [/camera/rgb/image_raw/compressed/jpeg_quality] by /camera_nodelet_manager
[rosmaster.master][INFO] 2012-12-15 18:00:17,270: +PARAM [/camera/rgb/image_raw/compressed/png_level] by /camera_nodelet_manager
[rosmaster.master][INFO] 2012-12-15 18:00:17,271: -SUB [/camera/driver/parameter_updates] /set_dr http://pc:46180/
[rosmaster.master][INFO] 2012-12-15 18:00:17,271: -SUB [/camera/driver/parameter_descriptions] /set_dr http://pc:46180/
[rosmaster.master][INFO] 2012-12-15 18:00:17,272: -PUB [/rosout] /set_dr http://pc:46180/
[rosmaster.master][INFO] 2012-12-15 18:00:17,273: +PUB [/camera/rgb/image_raw] /camera_nodelet_manager http://pc:60620/
[rosmaster.master][INFO] 2012-12-15 18:00:17,274: +PUB [/camera/rgb/image_raw/theora] /camera_nodelet_manager http://pc:60620/
[rosmaster.master][INFO] 2012-12-15 18:00:17,275: publisherUpdate[/rosout] -> http://pc:53768/
[rosmaster.master][INFO] 2012-12-15 18:00:17,276: +SERVICE [/camera/rgb/image_raw/theora/set_parameters] /camera_nodelet_manager http://pc:60620/
[rosmaster.master][INFO] 2012-12-15 18:00:17,278: +PUB [/camera/rgb/image_raw/theora/parameter_descriptions] /camera_nodelet_manager http://pc:60620/
[rosmaster.master][INFO] 2012-12-15 18:00:17,279: +PUB [/camera/rgb/image_raw/theora/parameter_updates] /camera_nodelet_manager http://pc:60620/
[rosmaster.master][INFO] 2012-12-15 18:00:17,283: +PARAM [/camera/rgb/image_raw/theora/optimize_for] by /camera_nodelet_manager
[rosmaster.master][INFO] 2012-12-15 18:00:17,284: +PARAM [/camera/rgb/image_raw/theora/target_bitrate] by /camera_nodelet_manager
[rosmaster.master][INFO] 2012-12-15 18:00:17,285: +PARAM [/camera/rgb/image_raw/theora/quality] by /camera_nodelet_manager
[rosmaster.master][INFO] 2012-12-15 18:00:17,286: +PARAM [/camera/rgb/image_raw/theora/keyframe_frequency] by /camera_nodelet_manager
[rosmaster.master][INFO] 2012-12-15 18:00:17,287: +PUB [/camera/rgb/camera_info] /camera_nodelet_manager http://pc:60620/
[rosmaster.master][INFO] 2012-12-15 18:00:17,288: +PUB [/camera/ir/image_raw/compressed] /camera_nodelet_manager http://pc:60620/
[rosmaster.master][INFO] 2012-12-15 18:00:17,289: +SERVICE [/camera/ir/image_raw/compressed/set_parameters] /camera_nodelet_manager http://pc:60620/
[rosmaster.master][INFO] 2012-12-15 18:00:17,290: +PUB [/camera/ir/image_raw/compressed/parameter_descriptions] /camera_nodelet_manager http://pc:60620/
[rosmaster.master][INFO] 2012-12-15 18:00:17,291: +PUB [/camera/ir/image_raw/compressed/parameter_updates] /camera_nodelet_manager http://pc:60620/
[rosmaster.master][INFO] 2012-12-15 18:00:17,295: +PARAM [/camera/ir/image_raw/compressed/format] by /camera_nodelet_manager
[rosmaster.master][INFO] 2012-12-15 18:00:17,296: +PARAM [/camera/ir/image_raw/compressed/jpeg_quality] by /camera_nodelet_manager
[rosmaster.master][INFO] 2012-12-15 18:00:17,296: +PARAM [/camera/ir/image_raw/compressed/png_level] by /camera_nodelet_manager
[rosmaster.master][INFO] 2012-12-15 18:00:17,297: +PUB [/camera/ir/image_raw] /camera_nodelet_manager http://pc:60620/
[rosmaster.master][INFO] 2012-12-15 18:00:17,298: +PUB [/camera/ir/image_raw/theora] /camera_nodelet_manager http://pc:60620/
[rosmaster.master][INFO] 2012-12-15 18:00:17,299: +SERVICE [/camera/ir/image_raw/theora/set_parameters] /camera_nodelet_manager http://pc:60620/
[rosmaster.master][INFO] 2012-12-15 18:00:17,300: +PUB [/camera/ir/image_raw/theora/parameter_descriptions] /camera_nodelet_manager http://pc:60620/
[rosmaster.master][INFO] 2012-12-15 18:00:17,301: +PUB [/camera/ir/image_raw/theora/parameter_updates] /camera_nodelet_manager http://pc:60620/
[rosmaster.master][INFO] 2012-12-15 18:00:17,308: +PARAM [/camera/ir/image_raw/theora/optimize_for] by /camera_nodelet_manager
[rosmaster.master][INFO] 2012-12-15 18:00:17,309: +PARAM [/camera/ir/image_raw/theora/target_bitrate] by /camera_nodelet_manager
[rosmaster.master][INFO] 2012-12-15 18:00:17,310: +PARAM [/camera/ir/image_raw/theora/quality] by /camera_nodelet_manager
[rosmaster.master][INFO] 2012-12-15 18:00:17,311: +PARAM [/camera/ir/image_raw/theora/keyframe_frequency] by /camera_nodelet_manager
[rosmaster.master][INFO] 2012-12-15 18:00:17,312: +PUB [/camera/ir/camera_info] /camera_nodelet_manager http://pc:60620/
[rosmaster.master][INFO] 2012-12-15 18:00:17,313: +PUB [/camera/depth/image_raw/compressed] /camera_nodelet_manager http://pc:60620/
[rosmaster.master][INFO] 2012-12-15 18:00:17,314: +SERVICE [/camera/depth/image_raw/compressed/set_parameters] /camera_nodelet_manager http://pc:60620/
[rosmaster.master][INFO] 2012-12-15 18:00:17,315: +PUB [/camera/depth/image_raw/compressed/parameter_descriptions] /camera_nodelet_manager http://pc:60620/
[rosmaster.master][INFO] 2012-12-15 18:00:17,316: +PUB [/camera/depth/image_raw/compressed/parameter_updates] /camera_nodelet_manager http://pc:60620/
[rosmaster.master][INFO] 2012-12-15 18:00:17,319: +PARAM [/camera/depth/image_raw/compressed/format] by /camera_nodelet_manager
[rosmaster.master][INFO] 2012-12-15 18:00:17,320: +PARAM [/camera/depth/image_raw/compressed/jpeg_quality] by /camera_nodelet_manager
[rosmaster.master][INFO] 2012-12-15 18:00:17,321: +PARAM [/camera/depth/image_raw/compressed/png_level] by /camera_nodelet_manager
[rosmaster.master][INFO] 2012-12-15 18:00:17,322: +PUB [/camera/depth/image_raw] /camera_nodelet_manager http://pc:60620/
[rosmaster.master][INFO] 2012-12-15 18:00:17,323: +PUB [/camera/depth/image_raw/theora] /camera_nodelet_manager http://pc:60620/
[rosmaster.master][INFO] 2012-12-15 18:00:17,326: +SERVICE [/camera/depth/image_raw/theora/set_parameters] /camera_nodelet_manager http://pc:60620/
[rosmaster.master][INFO] 2012-12-15 18:00:17,327: +PUB [/camera/depth/image_raw/theora/parameter_descriptions] /camera_nodelet_manager http://pc:60620/
[rosmaster.master][INFO] 2012-12-15 18:00:17,331: +PUB [/camera/depth/image_raw/theora/parameter_updates] /camera_nodelet_manager http://pc:60620/
[rosmaster.master][INFO] 2012-12-15 18:00:17,341: +PARAM [/camera/depth/image_raw/theora/optimize_for] by /camera_nodelet_manager
[rosmaster.master][INFO] 2012-12-15 18:00:17,342: +PARAM [/camera/depth/image_raw/theora/target_bitrate] by /camera_nodelet_manager
[rosmaster.master][INFO] 2012-12-15 18:00:17,345: +PARAM [/camera/depth/image_raw/theora/quality] by /camera_nodelet_manager
[rosmaster.master][INFO] 2012-12-15 18:00:17,346: +PARAM [/camera/depth/image_raw/theora/keyframe_frequency] by /camera_nodelet_manager
[rosmaster.master][INFO] 2012-12-15 18:00:17,348: +PUB [/camera/depth/camera_info] /camera_nodelet_manager http://pc:60620/
[rosmaster.master][INFO] 2012-12-15 18:00:17,350: +PUB [/camera/projector/camera_info] /camera_nodelet_manager http://pc:60620/
[rosmaster.master][INFO] 2012-12-15 18:00:17,352: +PUB [/camera/depth_registered/image_raw/compressed] /camera_nodelet_manager http://pc:60620/
[rosmaster.master][INFO] 2012-12-15 18:00:17,353: +SERVICE [/camera/depth_registered/image_raw/compressed/set_parameters] /camera_nodelet_manager http://pc:60620/
[rosmaster.master][INFO] 2012-12-15 18:00:17,354: +PUB [/camera/depth_registered/image_raw/compressed/parameter_descriptions] /camera_nodelet_manager http://pc:60620/
[rosmaster.master][INFO] 2012-12-15 18:00:17,355: +PUB [/camera/depth_registered/image_raw/compressed/parameter_updates] /camera_nodelet_manager http://pc:60620/
[rosmaster.master][INFO] 2012-12-15 18:00:17,359: +PARAM [/camera/depth_registered/image_raw/compressed/format] by /camera_nodelet_manager
[rosmaster.master][INFO] 2012-12-15 18:00:17,360: +PARAM [/camera/depth_registered/image_raw/compressed/jpeg_quality] by /camera_nodelet_manager
[rosmaster.master][INFO] 2012-12-15 18:00:17,361: +PARAM [/camera/depth_registered/image_raw/compressed/png_level] by /camera_nodelet_manager
[rosmaster.master][INFO] 2012-12-15 18:00:17,362: +PUB [/camera/depth_registered/image_raw] /camera_nodelet_manager http://pc:60620/
[rosmaster.master][INFO] 2012-12-15 18:00:17,363: +PUB [/camera/depth_registered/image_raw/theora] /camera_nodelet_manager http://pc:60620/
[rosmaster.master][INFO] 2012-12-15 18:00:17,364: +SERVICE [/camera/depth_registered/image_raw/theora/set_parameters] /camera_nodelet_manager http://pc:60620/
[rosmaster.master][INFO] 2012-12-15 18:00:17,365: +PUB [/camera/depth_registered/image_raw/theora/parameter_descriptions] /camera_nodelet_manager http://pc:60620/
[rosmaster.master][INFO] 2012-12-15 18:00:17,366: +PUB [/camera/depth_registered/image_raw/theora/parameter_updates] /camera_nodelet_manager http://pc:60620/
[rosmaster.master][INFO] 2012-12-15 18:00:17,370: +PARAM [/camera/depth_registered/image_raw/theora/optimize_for] by /camera_nodelet_manager
[rosmaster.master][INFO] 2012-12-15 18:00:17,371: +PARAM [/camera/depth_registered/image_raw/theora/target_bitrate] by /camera_nodelet_manager
[rosmaster.master][INFO] 2012-12-15 18:00:17,372: +PARAM [/camera/depth_registered/image_raw/theora/quality] by /camera_nodelet_manager
[rosmaster.master][INFO] 2012-12-15 18:00:17,373: +PUB [/camera/depth/image_rect/compressed] /camera_nodelet_manager http://pc:60620/
[rosmaster.master][INFO] 2012-12-15 18:00:17,374: +PARAM [/camera/depth_registered/image_raw/theora/keyframe_frequency] by /camera_nodelet_manager
[rosmaster.master][INFO] 2012-12-15 18:00:17,376: +SERVICE [/camera/depth/image_rect/compressed/set_parameters] /camera_nodelet_manager http://pc:60620/
[rosmaster.master][INFO] 2012-12-15 18:00:17,378: +PUB [/camera/depth/image_rect/compressed/parameter_descriptions] /camera_nodelet_manager http://pc:60620/
[rosmaster.master][INFO] 2012-12-15 18:00:17,379: +PUB [/camera/depth/image_rect/compressed/parameter_updates] /camera_nodelet_manager http://pc:60620/
[rosmaster.master][INFO] 2012-12-15 18:00:17,383: +PARAM [/camera/depth/image_rect/compressed/format] by /camera_nodelet_manager
[rosmaster.master][INFO] 2012-12-15 18:00:17,385: +PARAM [/camera/depth/image_rect/compressed/jpeg_quality] by /camera_nodelet_manager
[rosmaster.master][INFO] 2012-12-15 18:00:17,387: +PARAM [/camera/depth/image_rect/compressed/png_level] by /camera_nodelet_manager
[rosmaster.master][INFO] 2012-12-15 18:00:17,390: +PUB [/camera/depth/image_rect] /camera_nodelet_manager http://pc:60620/
[rosmaster.master][INFO] 2012-12-15 18:00:17,394: +PUB [/camera/depth/image_rect/theora] /camera_nodelet_manager http://pc:60620/
[rosmaster.master][INFO] 2012-12-15 18:00:17,396: +SERVICE [/camera/depth/image_rect/theora/set_parameters] /camera_nodelet_manager http://pc:60620/
[rosmaster.master][INFO] 2012-12-15 18:00:17,398: +PUB [/camera/depth/image_rect/theora/parameter_descriptions] /camera_nodelet_manager http://pc:60620/
[rosmaster.master][INFO] 2012-12-15 18:00:17,401: +PUB [/camera/depth/image_rect/theora/parameter_updates] /camera_nodelet_manager http://pc:60620/
[rosmaster.master][INFO] 2012-12-15 18:00:17,414: +PARAM [/camera/depth/image_rect/theora/optimize_for] by /camera_nodelet_manager
[rosmaster.master][INFO] 2012-12-15 18:00:17,418: +PARAM [/camera/depth/image_rect/theora/target_bitrate] by /camera_nodelet_manager
[rosmaster.master][INFO] 2012-12-15 18:00:17,421: +PARAM [/camera/depth/image_rect/theora/quality] by /camera_nodelet_manager
[rosmaster.master][INFO] 2012-12-15 18:00:17,423: +PARAM [/camera/depth/image_rect/theora/keyframe_frequency] by /camera_nodelet_manager
[rosmaster.master][INFO] 2012-12-15 18:00:17,707: +PUB [/camera/depth/points] /camera_nodelet_manager http://pc:60620/
[rosmaster.master][INFO] 2012-12-15 18:00:17,982: +SERVICE [/camera/rgb/debayer/set_parameters] /camera_nodelet_manager http://pc:60620/
[rosmaster.master][INFO] 2012-12-15 18:00:17,985: +PUB [/camera/rgb/debayer/parameter_descriptions] /camera_nodelet_manager http://pc:60620/
[rosmaster.master][INFO] 2012-12-15 18:00:17,987: +PUB [/camera/rgb/debayer/parameter_updates] /camera_nodelet_manager http://pc:60620/
[rosmaster.master][INFO] 2012-12-15 18:00:17,992: +PARAM [/camera/rgb/debayer/debayer] by /camera_nodelet_manager
[rosmaster.master][INFO] 2012-12-15 18:00:17,994: +PUB [/camera/rgb/image_mono/compressed] /camera_nodelet_manager http://pc:60620/
[rosmaster.master][INFO] 2012-12-15 18:00:17,996: +SERVICE [/camera/rgb/image_mono/compressed/set_parameters] /camera_nodelet_manager http://pc:60620/
[rosmaster.master][INFO] 2012-12-15 18:00:17,999: +PUB [/camera/rgb/image_mono/compressed/parameter_descriptions] /camera_nodelet_manager http://pc:60620/
[rosmaster.master][INFO] 2012-12-15 18:00:18,001: +PUB [/camera/rgb/image_mono/compressed/parameter_updates] /camera_nodelet_manager http://pc:60620/
[rosmaster.master][INFO] 2012-12-15 18:00:18,012: +PARAM [/camera/rgb/image_mono/compressed/format] by /camera_nodelet_manager
[rosmaster.master][INFO] 2012-12-15 18:00:18,014: +PARAM [/camera/rgb/image_mono/compressed/jpeg_quality] by /camera_nodelet_manager
[rosmaster.master][INFO] 2012-12-15 18:00:18,017: +PARAM [/camera/rgb/image_mono/compressed/png_level] by /camera_nodelet_manager
[rosmaster.master][INFO] 2012-12-15 18:00:18,020: +PUB [/camera/rgb/image_mono] /camera_nodelet_manager http://pc:60620/
[rosmaster.master][INFO] 2012-12-15 18:00:18,023: +PUB [/camera/rgb/image_mono/theora] /camera_nodelet_manager http://pc:60620/
[rosmaster.master][INFO] 2012-12-15 18:00:18,026: +SERVICE [/camera/rgb/image_mono/theora/set_parameters] /camera_nodelet_manager http://pc:60620/
[rosmaster.master][INFO] 2012-12-15 18:00:18,029: +PUB [/camera/rgb/image_mono/theora/parameter_descriptions] /camera_nodelet_manager http://pc:60620/
[rosmaster.master][INFO] 2012-12-15 18:00:18,032: +PUB [/camera/rgb/image_mono/theora/parameter_updates] /camera_nodelet_manager http://pc:60620/
[rosmaster.master][INFO] 2012-12-15 18:00:18,042: +PARAM [/camera/rgb/image_mono/theora/optimize_for] by /camera_nodelet_manager
[rosmaster.master][INFO] 2012-12-15 18:00:18,045: +PARAM [/camera/rgb/image_mono/theora/target_bitrate] by /camera_nodelet_manager
[rosmaster.master][INFO] 2012-12-15 18:00:18,047: +PARAM [/camera/rgb/image_mono/theora/quality] by /camera_nodelet_manager
[rosmaster.master][INFO] 2012-12-15 18:00:18,050: +PARAM [/camera/rgb/image_mono/theora/keyframe_frequency] by /camera_nodelet_manager
[rosmaster.master][INFO] 2012-12-15 18:00:18,052: +PUB [/camera/rgb/image_color/compressed] /camera_nodelet_manager http://pc:60620/
[rosmaster.master][INFO] 2012-12-15 18:00:18,054: +SERVICE [/camera/rgb/image_color/compressed/set_parameters] /camera_nodelet_manager http://pc:60620/
[rosmaster.master][INFO] 2012-12-15 18:00:18,057: +PUB [/camera/rgb/image_color/compressed/parameter_descriptions] /camera_nodelet_manager http://pc:60620/
[rosmaster.master][INFO] 2012-12-15 18:00:18,059: +PUB [/camera/rgb/image_color/compressed/parameter_updates] /camera_nodelet_manager http://pc:60620/
[rosmaster.master][INFO] 2012-12-15 18:00:18,069: +PARAM [/camera/rgb/image_color/compressed/format] by /camera_nodelet_manager
[rosmaster.master][INFO] 2012-12-15 18:00:18,072: +PARAM [/camera/rgb/image_color/compressed/jpeg_quality] by /camera_nodelet_manager
[rosmaster.master][INFO] 2012-12-15 18:00:18,074: +PARAM [/camera/rgb/image_color/compressed/png_level] by /camera_nodelet_manager
[rosmaster.master][INFO] 2012-12-15 18:00:18,077: +PUB [/camera/rgb/image_color] /camera_nodelet_manager http://pc:60620/
[rosmaster.master][INFO] 2012-12-15 18:00:18,080: +PUB [/camera/rgb/image_color/theora] /camera_nodelet_manager http://pc:60620/
[rosmaster.master][INFO] 2012-12-15 18:00:18,083: +SERVICE [/camera/rgb/image_color/theora/set_parameters] /camera_nodelet_manager http://pc:60620/
[rosmaster.master][INFO] 2012-12-15 18:00:18,085: +PUB [/camera/rgb/image_color/theora/parameter_descriptions] /camera_nodelet_manager http://pc:60620/
[rosmaster.master][INFO] 2012-12-15 18:00:18,088: +PUB [/camera/rgb/image_color/theora/parameter_updates] /camera_nodelet_manager http://pc:60620/
[rosmaster.master][INFO] 2012-12-15 18:00:18,098: +PARAM [/camera/rgb/image_color/theora/optimize_for] by /camera_nodelet_manager
[rosmaster.master][INFO] 2012-12-15 18:00:18,100: +PARAM [/camera/rgb/image_color/theora/target_bitrate] by /camera_nodelet_manager
[rosmaster.master][INFO] 2012-12-15 18:00:18,102: +PARAM [/camera/rgb/image_color/theora/quality] by /camera_nodelet_manager
[rosmaster.master][INFO] 2012-12-15 18:00:18,105: +PARAM [/camera/rgb/image_color/theora/keyframe_frequency] by /camera_nodelet_manager
[rosmaster.master][INFO] 2012-12-15 18:00:18,385: +PUB [/camera/depth_registered/image_rect/compressed] /camera_nodelet_manager http://pc:60620/
[rosmaster.master][INFO] 2012-12-15 18:00:18,387: +SERVICE [/camera/depth_registered/image_rect/compressed/set_parameters] /camera_nodelet_manager http://pc:60620/
[rosmaster.master][INFO] 2012-12-15 18:00:18,389: +PUB [/camera/depth_registered/image_rect/compressed/parameter_descriptions] /camera_nodelet_manager http://pc:60620/
[rosmaster.master][INFO] 2012-12-15 18:00:18,391: +PUB [/camera/depth_registered/image_rect/compressed/parameter_updates] /camera_nodelet_manager http://pc:60620/
[rosmaster.master][INFO] 2012-12-15 18:00:18,399: +PARAM [/camera/depth_registered/image_rect/compressed/format] by /camera_nodelet_manager
[rosmaster.master][INFO] 2012-12-15 18:00:18,402: +PARAM [/camera/depth_registered/image_rect/compressed/jpeg_quality] by /camera_nodelet_manager
[rosmaster.master][INFO] 2012-12-15 18:00:18,405: +PARAM [/camera/depth_registered/image_rect/compressed/png_level] by /camera_nodelet_manager
[rosmaster.master][INFO] 2012-12-15 18:00:18,408: +PUB [/camera/depth_registered/image_rect] /camera_nodelet_manager http://pc:60620/
[rosmaster.master][INFO] 2012-12-15 18:00:18,411: +PUB [/camera/depth_registered/image_rect/theora] /camera_nodelet_manager http://pc:60620/
[rosmaster.master][INFO] 2012-12-15 18:00:18,413: +SERVICE [/camera/depth_registered/image_rect/theora/set_parameters] /camera_nodelet_manager http://pc:60620/
[rosmaster.master][INFO] 2012-12-15 18:00:18,415: +PUB [/camera/depth_registered/image_rect/theora/parameter_descriptions] /camera_nodelet_manager http://pc:60620/
[rosmaster.master][INFO] 2012-12-15 18:00:18,418: +PUB [/camera/depth_registered/image_rect/theora/parameter_updates] /camera_nodelet_manager http://pc:60620/
[rosmaster.master][INFO] 2012-12-15 18:00:18,428: +PARAM [/camera/depth_registered/image_rect/theora/optimize_for] by /camera_nodelet_manager
[rosmaster.master][INFO] 2012-12-15 18:00:18,431: +PARAM [/camera/depth_registered/image_rect/theora/target_bitrate] by /camera_nodelet_manager
[rosmaster.master][INFO] 2012-12-15 18:00:18,433: +PARAM [/camera/depth_registered/image_rect/theora/quality] by /camera_nodelet_manager
[rosmaster.master][INFO] 2012-12-15 18:00:18,436: +PARAM [/camera/depth_registered/image_rect/theora/keyframe_frequency] by /camera_nodelet_manager
[rosmaster.master][INFO] 2012-12-15 18:00:18,479: publisherUpdate[/camera/depth_registered/image_rect] -> http://pc:34993/
[rosmaster.master][INFO] 2012-12-15 18:00:18,516: +SUB [/camera/depth_registered/image_rect_raw] /camera_nodelet_manager http://pc:60620/
[rosmaster.master][INFO] 2012-12-15 18:00:18,519: +SUB [/camera/depth/image_rect_raw] /camera_nodelet_manager http://pc:60620/
[rosmaster.master][INFO] 2012-12-15 18:00:18,520: +SUB [/camera/depth_registered/image_raw] /camera_nodelet_manager http://pc:60620/
[rosmaster.master][INFO] 2012-12-15 18:00:18,522: +SUB [/camera/depth_registered/camera_info] /camera_nodelet_manager http://pc:60620/
[rosmaster.master][INFO] 2012-12-15 18:00:18,524: +SUB [/camera/depth/camera_info] /camera_nodelet_manager http://pc:60620/
[rosmaster.master][INFO] 2012-12-15 18:00:18,525: +SUB [/camera/rgb/camera_info] /camera_nodelet_manager http://pc:60620/
[rosmaster.master][INFO] 2012-12-15 18:00:18,526: +SUB [/camera/depth/image_raw] /camera_nodelet_manager http://pc:60620/
[rosmaster.master][INFO] 2012-12-15 18:00:18,727: +SERVICE [/camera/rgb/rectify_color/set_parameters] /camera_nodelet_manager http://pc:60620/
[rosmaster.master][INFO] 2012-12-15 18:00:18,730: +PUB [/camera/rgb/rectify_color/parameter_descriptions] /camera_nodelet_manager http://pc:60620/
[rosmaster.master][INFO] 2012-12-15 18:00:18,732: +PUB [/camera/rgb/rectify_color/parameter_updates] /camera_nodelet_manager http://pc:60620/
[rosmaster.master][INFO] 2012-12-15 18:00:18,737: +PARAM [/camera/rgb/rectify_color/interpolation] by /camera_nodelet_manager
[rosmaster.master][INFO] 2012-12-15 18:00:18,740: +PUB [/camera/rgb/image_rect_color/compressed] /camera_nodelet_manager http://pc:60620/
[rosmaster.master][INFO] 2012-12-15 18:00:18,742: +SERVICE [/camera/rgb/image_rect_color/compressed/set_parameters] /camera_nodelet_manager http://pc:60620/
[rosmaster.master][INFO] 2012-12-15 18:00:18,747: +PUB [/camera/rgb/image_rect_color/compressed/parameter_descriptions] /camera_nodelet_manager http://pc:60620/
[rosmaster.master][INFO] 2012-12-15 18:00:18,750: +PUB [/camera/rgb/image_rect_color/compressed/parameter_updates] /camera_nodelet_manager http://pc:60620/
[rosmaster.master][INFO] 2012-12-15 18:00:18,757: +PARAM [/camera/rgb/image_rect_color/compressed/format] by /camera_nodelet_manager
[rosmaster.master][INFO] 2012-12-15 18:00:18,758: +PARAM [/camera/rgb/image_rect_color/compressed/jpeg_quality] by /camera_nodelet_manager
[rosmaster.master][INFO] 2012-12-15 18:00:18,759: +PARAM [/camera/rgb/image_rect_color/compressed/png_level] by /camera_nodelet_manager
[rosmaster.master][INFO] 2012-12-15 18:00:18,761: +PUB [/camera/rgb/image_rect_color] /camera_nodelet_manager http://pc:60620/
[rosmaster.master][INFO] 2012-12-15 18:00:18,762: +PUB [/camera/rgb/image_rect_color/theora] /camera_nodelet_manager http://pc:60620/
[rosmaster.master][INFO] 2012-12-15 18:00:18,765: +SERVICE [/camera/rgb/image_rect_color/theora/set_parameters] /camera_nodelet_manager http://pc:60620/
[rosmaster.master][INFO] 2012-12-15 18:00:18,768: +PUB [/camera/rgb/image_rect_color/theora/parameter_descriptions] /camera_nodelet_manager http://pc:60620/
[rosmaster.master][INFO] 2012-12-15 18:00:18,770: +PUB [/camera/rgb/image_rect_color/theora/parameter_updates] /camera_nodelet_manager http://pc:60620/
[rosmaster.master][INFO] 2012-12-15 18:00:18,780: +PARAM [/camera/rgb/image_rect_color/theora/optimize_for] by /camera_nodelet_manager
[rosmaster.master][INFO] 2012-12-15 18:00:18,781: publisherUpdate[/camera/rgb/image_rect_color] -> http://pc:34993/
[rosmaster.master][INFO] 2012-12-15 18:00:18,784: +PARAM [/camera/rgb/image_rect_color/theora/target_bitrate] by /camera_nodelet_manager
[rosmaster.master][INFO] 2012-12-15 18:00:18,791: +PARAM [/camera/rgb/image_rect_color/theora/quality] by /camera_nodelet_manager
[rosmaster.master][INFO] 2012-12-15 18:00:18,793: +PARAM [/camera/rgb/image_rect_color/theora/keyframe_frequency] by /camera_nodelet_manager
[rosmaster.master][INFO] 2012-12-15 18:00:18,844: +SUB [/camera/rgb/image_color] /camera_nodelet_manager http://pc:60620/
[rosmaster.master][INFO] 2012-12-15 18:00:18,850: +SUB [/camera/rgb/image_raw] /camera_nodelet_manager http://pc:60620/
[rosmaster.master][INFO] 2012-12-15 18:00:26,787: -SUB [/camera/depth_registered/image_rect] /depth_detection http://pc:34993/
[rosmaster.master][INFO] 2012-12-15 18:00:26,788: -SUB [/camera/rgb/image_rect_color] /depth_detection http://pc:34993/
[rosmaster.master][INFO] 2012-12-15 18:00:26,788: -PUB [/rosout] /depth_detection http://pc:34993/
[rosmaster.master][INFO] 2012-12-15 18:00:26,792: -SUB [/camera/depth_registered/image_rect_raw] /camera_nodelet_manager http://pc:60620/
[rosmaster.master][INFO] 2012-12-15 18:00:26,793: -SUB [/camera/depth_registered/image_raw] /camera_nodelet_manager http://pc:60620/
[rosmaster.master][INFO] 2012-12-15 18:00:26,796: -SUB [/camera/depth_registered/camera_info] /camera_nodelet_manager http://pc:60620/
[rosmaster.master][INFO] 2012-12-15 18:00:26,799: -SUB [/camera/depth/image_rect_raw] /camera_nodelet_manager http://pc:60620/
[rosmaster.master][INFO] 2012-12-15 18:00:26,801: publisherUpdate[/rosout] -> http://pc:53768/
[rosmaster.master][INFO] 2012-12-15 18:00:26,804: -SUB [/camera/depth/image_raw] /camera_nodelet_manager http://pc:60620/
[rosmaster.master][INFO] 2012-12-15 18:00:26,808: -PUB [/camera/depth/disparity] /camera_nodelet_manager http://pc:60620/
[rosmaster.master][INFO] 2012-12-15 18:00:26,811: -SUB [/camera/depth/camera_info] /camera_nodelet_manager http://pc:60620/
[rosmaster.master][INFO] 2012-12-15 18:00:26,813: -PUB [/camera/depth_registered/points] /camera_nodelet_manager http://pc:60620/
[rosmaster.master][INFO] 2012-12-15 18:00:26,815: -PUB [/camera/depth_registered/disparity] /camera_nodelet_manager http://pc:60620/
[rosmaster.master][INFO] 2012-12-15 18:00:26,901: -PUB [/rosout] /camera/depth_registered/metric_rect http://pc:35728/
[rosmaster.master][INFO] 2012-12-15 18:00:26,902: publisherUpdate[/rosout] -> http://pc:53768/
[rosmaster.master][INFO] 2012-12-15 18:00:26,904: -PUB [/rosout] /camera/disparity_depth http://pc:51182/
[rosmaster.master][INFO] 2012-12-15 18:00:26,905: publisherUpdate[/rosout] -> http://pc:53768/
[rosmaster.master][INFO] 2012-12-15 18:00:26,907: -PUB [/rosout] /camera/points_xyzrgb_depth_rgb http://pc:40692/
[rosmaster.master][INFO] 2012-12-15 18:00:26,908: publisherUpdate[/rosout] -> http://pc:53768/
[rosmaster.master][INFO] 2012-12-15 18:00:26,908: -PUB [/rosout] /camera/depth_registered/metric http://pc:58939/
[rosmaster.master][INFO] 2012-12-15 18:00:26,910: -SERVICE [/camera/disparity_depth/get_loggers] /camera/disparity_depth rosrpc://pc:34752
[rosmaster.master][INFO] 2012-12-15 18:00:26,911: publisherUpdate[/rosout] -> http://pc:53768/
[rosmaster.master][INFO] 2012-12-15 18:00:26,913: -SERVICE [/camera/depth_registered/metric_rect/get_loggers] /camera/depth_registered/metric_rect rosrpc://pc:35593
[rosmaster.master][INFO] 2012-12-15 18:00:26,913: -SERVICE [/camera/points_xyzrgb_depth_rgb/get_loggers] /camera/points_xyzrgb_depth_rgb rosrpc://pc:44534
[rosmaster.master][INFO] 2012-12-15 18:00:26,914: -SERVICE [/camera/depth_registered/metric/get_loggers] /camera/depth_registered/metric rosrpc://pc:38984
[rosmaster.master][INFO] 2012-12-15 18:00:26,915: -SERVICE [/camera/disparity_depth/set_logger_level] /camera/disparity_depth rosrpc://pc:34752
[rosmaster.master][INFO] 2012-12-15 18:00:26,919: -SERVICE [/camera/depth_registered/metric_rect/set_logger_level] /camera/depth_registered/metric_rect rosrpc://pc:35593
[rosmaster.master][INFO] 2012-12-15 18:00:26,920: -SERVICE [/camera/points_xyzrgb_depth_rgb/set_logger_level] /camera/points_xyzrgb_depth_rgb rosrpc://pc:44534
[rosmaster.master][INFO] 2012-12-15 18:00:26,922: -SERVICE [/camera/depth_registered/metric/set_logger_level] /camera/depth_registered/metric rosrpc://pc:38984
[rosmaster.master][INFO] 2012-12-15 18:00:26,990: -PUB [/camera/depth_registered/rectify_depth/parameter_descriptions] /camera_nodelet_manager http://pc:60620/
[rosmaster.master][INFO] 2012-12-15 18:00:26,992: -PUB [/camera/depth_registered/rectify_depth/parameter_updates] /camera_nodelet_manager http://pc:60620/
[rosmaster.master][INFO] 2012-12-15 18:00:26,993: -SERVICE [/camera/depth_registered/rectify_depth/set_parameters] /camera_nodelet_manager rosrpc://pc:38245
[rosmaster.master][INFO] 2012-12-15 18:00:26,999: -PUB [/rosout] /camera/disparity_depth_registered http://pc:36618/
[rosmaster.master][INFO] 2012-12-15 18:00:27,000: -SERVICE [/camera/disparity_depth_registered/get_loggers] /camera/disparity_depth_registered rosrpc://pc:56475
[rosmaster.master][INFO] 2012-12-15 18:00:27,001: -SERVICE [/camera/disparity_depth_registered/set_logger_level] /camera/disparity_depth_registered rosrpc://pc:56475
[rosmaster.master][INFO] 2012-12-15 18:00:27,003: -PUB [/rosout] /camera_base_link2 http://pc:41899/
[rosmaster.master][INFO] 2012-12-15 18:00:27,003: publisherUpdate[/rosout] -> http://pc:53768/
[rosmaster.master][INFO] 2012-12-15 18:00:27,005: -PUB [/rosout] /camera_base_link http://pc:43405/
[rosmaster.master][INFO] 2012-12-15 18:00:27,005: publisherUpdate[/rosout] -> http://pc:53768/
[rosmaster.master][INFO] 2012-12-15 18:00:27,007: publisherUpdate[/rosout] -> http://pc:53768/
[rosmaster.master][INFO] 2012-12-15 18:00:27,008: -PUB [/rosout] /camera_base_link3 http://pc:35711/
[rosmaster.master][INFO] 2012-12-15 18:00:27,011: publisherUpdate[/rosout] -> http://pc:53768/
[rosmaster.master][INFO] 2012-12-15 18:00:27,013: -PUB [/rosout] /camera_base_link1 http://pc:41563/
[rosmaster.master][INFO] 2012-12-15 18:00:27,013: -PUB [/tf] /camera_base_link2 http://pc:41899/
[rosmaster.master][INFO] 2012-12-15 18:00:27,014: publisherUpdate[/rosout] -> http://pc:53768/
[rosmaster.master][INFO] 2012-12-15 18:00:27,015: publisherUpdate[/tf] -> http://pc:60620/
[rosmaster.master][INFO] 2012-12-15 18:00:27,018: -PUB [/tf] /camera_base_link http://pc:43405/
[rosmaster.master][INFO] 2012-12-15 18:00:27,020: -PUB [/tf] /camera_base_link3 http://pc:35711/
[rosmaster.master][INFO] 2012-12-15 18:00:27,021: -PUB [/tf] /camera_base_link1 http://pc:41563/
[rosmaster.master][INFO] 2012-12-15 18:00:27,021: publisherUpdate[/tf] -> http://pc:60620/
[rosmaster.master][INFO] 2012-12-15 18:00:27,022: publisherUpdate[/tf] -> http://pc:60620/
[rosmaster.master][INFO] 2012-12-15 18:00:27,023: publisherUpdate[/tf] -> http://pc:60620/
[rosmaster.master][INFO] 2012-12-15 18:00:27,024: -SERVICE [/camera_base_link3/get_loggers] /camera_base_link3 rosrpc://pc:32826
[rosmaster.master][INFO] 2012-12-15 18:00:27,026: -SERVICE [/camera_base_link2/get_loggers] /camera_base_link2 rosrpc://pc:48704
[rosmaster.master][INFO] 2012-12-15 18:00:27,026: -SERVICE [/camera_base_link/get_loggers] /camera_base_link rosrpc://pc:36583
[rosmaster.master][INFO] 2012-12-15 18:00:27,028: -SERVICE [/camera_base_link1/get_loggers] /camera_base_link1 rosrpc://pc:46893
[rosmaster.master][INFO] 2012-12-15 18:00:27,029: -SERVICE [/camera_base_link2/set_logger_level] /camera_base_link2 rosrpc://pc:48704
[rosmaster.master][INFO] 2012-12-15 18:00:27,030: -SERVICE [/camera_base_link3/set_logger_level] /camera_base_link3 rosrpc://pc:32826
[rosmaster.master][INFO] 2012-12-15 18:00:27,031: -SERVICE [/camera_base_link/set_logger_level] /camera_base_link rosrpc://pc:36583
[rosmaster.master][INFO] 2012-12-15 18:00:27,032: -SERVICE [/camera_base_link1/set_logger_level] /camera_base_link1 rosrpc://pc:46893
[rosmaster.master][INFO] 2012-12-15 18:00:27,100: -PUB [/rosout] /camera/depth_registered/rectify_depth http://pc:44709/
[rosmaster.master][INFO] 2012-12-15 18:00:27,101: -SERVICE [/camera/depth_registered/image_rect_raw/compressed/set_parameters] /camera_nodelet_manager rosrpc://pc:38245
[rosmaster.master][INFO] 2012-12-15 18:00:27,102: -SERVICE [/camera/depth_registered/rectify_depth/get_loggers] /camera/depth_registered/rectify_depth rosrpc://pc:51078
[rosmaster.master][INFO] 2012-12-15 18:00:27,105: publisherUpdate[/rosout] -> http://pc:53768/
[rosmaster.master][INFO] 2012-12-15 18:00:27,105: -SERVICE [/camera/depth_registered/image_rect_raw/theora/set_parameters] /camera_nodelet_manager rosrpc://pc:38245
[rosmaster.master][INFO] 2012-12-15 18:00:27,108: -SERVICE [/camera/depth_registered/rectify_depth/set_logger_level] /camera/depth_registered/rectify_depth rosrpc://pc:51078
[rosmaster.master][INFO] 2012-12-15 18:00:27,115: -SUB [/tf] /camera_nodelet_manager http://pc:60620/
[rosmaster.master][INFO] 2012-12-15 18:00:27,116: -SERVICE [/camera_nodelet_manager/tf_frames] /camera_nodelet_manager rosrpc://pc:38245
[rosmaster.master][INFO] 2012-12-15 18:00:27,118: -PUB [/camera/depth/points] /camera_nodelet_manager http://pc:60620/
[rosmaster.master][INFO] 2012-12-15 18:00:27,188: -PUB [/rosout] /camera/depth/metric_rect http://pc:36814/
[rosmaster.master][INFO] 2012-12-15 18:00:27,193: -PUB [/rosout] /camera/depth/points http://pc:39385/
[rosmaster.master][INFO] 2012-12-15 18:00:27,202: -SERVICE [/camera/depth/metric_rect/get_loggers] /camera/depth/metric_rect rosrpc://pc:41292
[rosmaster.master][INFO] 2012-12-15 18:00:27,204: -SERVICE [/camera/depth/points/get_loggers] /camera/depth/points rosrpc://pc:56314
[rosmaster.master][INFO] 2012-12-15 18:00:27,207: -SUB [/camera/rgb/image_color] /camera_nodelet_manager http://pc:60620/
[rosmaster.master][INFO] 2012-12-15 18:00:27,208: publisherUpdate[/rosout] -> http://pc:53768/
[rosmaster.master][INFO] 2012-12-15 18:00:27,211: publisherUpdate[/rosout] -> http://pc:53768/
[rosmaster.master][INFO] 2012-12-15 18:00:27,211: -SERVICE [/camera/depth/metric_rect/set_logger_level] /camera/depth/metric_rect rosrpc://pc:41292
[rosmaster.master][INFO] 2012-12-15 18:00:27,215: -SERVICE [/camera/depth/points/set_logger_level] /camera/depth/points rosrpc://pc:56314
[rosmaster.master][INFO] 2012-12-15 18:00:27,217: -SUB [/camera/rgb/image_raw] /camera_nodelet_manager http://pc:60620/
[rosmaster.master][INFO] 2012-12-15 18:00:27,218: -PUB [/camera/depth/rectify_depth/parameter_descriptions] /camera_nodelet_manager http://pc:60620/
[rosmaster.master][INFO] 2012-12-15 18:00:27,220: -SUB [/camera/rgb/camera_info] /camera_nodelet_manager http://pc:60620/
[rosmaster.master][INFO] 2012-12-15 18:00:27,222: -PUB [/camera/depth/rectify_depth/parameter_updates] /camera_nodelet_manager http://pc:60620/
[rosmaster.master][INFO] 2012-12-15 18:00:27,224: -SERVICE [/camera/depth/rectify_depth/set_parameters] /camera_nodelet_manager rosrpc://pc:38245
[rosmaster.master][INFO] 2012-12-15 18:00:27,225: -PUB [/camera/ir/rectify_ir/parameter_descriptions] /camera_nodelet_manager http://pc:60620/
[rosmaster.master][INFO] 2012-12-15 18:00:27,227: -PUB [/camera/ir/rectify_ir/parameter_updates] /camera_nodelet_manager http://pc:60620/
[rosmaster.master][INFO] 2012-12-15 18:00:27,228: -SERVICE [/camera/ir/rectify_ir/set_parameters] /camera_nodelet_manager rosrpc://pc:38245
[rosmaster.master][INFO] 2012-12-15 18:00:27,229: -PUB [/camera/rgb/rectify_mono/parameter_descriptions] /camera_nodelet_manager http://pc:60620/
[rosmaster.master][INFO] 2012-12-15 18:00:27,231: -PUB [/camera/rgb/rectify_mono/parameter_updates] /camera_nodelet_manager http://pc:60620/
[rosmaster.master][INFO] 2012-12-15 18:00:27,232: -SERVICE [/camera/rgb/rectify_mono/set_parameters] /camera_nodelet_manager rosrpc://pc:38245
[rosmaster.master][INFO] 2012-12-15 18:00:27,234: -PUB [/camera/rgb/debayer/parameter_descriptions] /camera_nodelet_manager http://pc:60620/
[rosmaster.master][INFO] 2012-12-15 18:00:27,235: -PUB [/camera/rgb/debayer/parameter_updates] /camera_nodelet_manager http://pc:60620/
[rosmaster.master][INFO] 2012-12-15 18:00:27,236: -SERVICE [/camera/rgb/debayer/set_parameters] /camera_nodelet_manager rosrpc://pc:38245
[rosmaster.master][INFO] 2012-12-15 18:00:27,287: -PUB [/rosout] /camera/depth/metric http://pc:45836/
[rosmaster.master][INFO] 2012-12-15 18:00:27,291: -PUB [/rosout] /camera/depth/rectify_depth http://pc:36860/
[rosmaster.master][INFO] 2012-12-15 18:00:27,294: -SERVICE [/camera/depth/metric/get_loggers] /camera/depth/metric rosrpc://pc:50691
[rosmaster.master][INFO] 2012-12-15 18:00:27,297: -SERVICE [/camera/depth/rectify_depth/get_loggers] /camera/depth/rectify_depth rosrpc://pc:40362
[rosmaster.master][INFO] 2012-12-15 18:00:27,299: -SERVICE [/camera/depth/metric/set_logger_level] /camera/depth/metric rosrpc://pc:50691
[rosmaster.master][INFO] 2012-12-15 18:00:27,302: -SERVICE [/camera/depth/rectify_depth/set_logger_level] /camera/depth/rectify_depth rosrpc://pc:40362
[rosmaster.master][INFO] 2012-12-15 18:00:27,313: publisherUpdate[/rosout] -> http://pc:53768/
[rosmaster.master][INFO] 2012-12-15 18:00:27,315: publisherUpdate[/rosout] -> http://pc:53768/
[rosmaster.master][INFO] 2012-12-15 18:00:27,380: -PUB [/rosout] /camera/rgb/debayer http://pc:43896/
[rosmaster.master][INFO] 2012-12-15 18:00:27,385: -PUB [/rosout] /camera/rgb/rectify_mono http://pc:45167/
[rosmaster.master][INFO] 2012-12-15 18:00:27,388: -SERVICE [/camera/rgb/debayer/get_loggers] /camera/rgb/debayer rosrpc://pc:34989
[rosmaster.master][INFO] 2012-12-15 18:00:27,393: -PUB [/rosout] /camera/driver http://pc:37979/
[rosmaster.master][INFO] 2012-12-15 18:00:27,395: -PUB [/rosout] /camera/ir/rectify_ir http://pc:39237/
[rosmaster.master][INFO] 2012-12-15 18:00:27,400: -SERVICE [/camera/rgb/rectify_mono/get_loggers] /camera/rgb/rectify_mono rosrpc://pc:59415
[rosmaster.master][INFO] 2012-12-15 18:00:27,408: -SERVICE [/camera/rgb/debayer/set_logger_level] /camera/rgb/debayer rosrpc://pc:34989
[rosmaster.master][INFO] 2012-12-15 18:00:27,410: -SERVICE [/camera/driver/get_loggers] /camera/driver rosrpc://pc:40361
[rosmaster.master][INFO] 2012-12-15 18:00:27,413: -SERVICE [/camera/ir/rectify_ir/get_loggers] /camera/ir/rectify_ir rosrpc://pc:56981
[rosmaster.master][INFO] 2012-12-15 18:00:27,416: -SERVICE [/camera/rgb/rectify_mono/set_logger_level] /camera/rgb/rectify_mono rosrpc://pc:59415
[rosmaster.master][INFO] 2012-12-15 18:00:27,417: publisherUpdate[/rosout] -> http://pc:53768/
[rosmaster.master][INFO] 2012-12-15 18:00:27,420: publisherUpdate[/rosout] -> http://pc:53768/
[rosmaster.master][INFO] 2012-12-15 18:00:27,422: -SERVICE [/camera/driver/set_logger_level] /camera/driver rosrpc://pc:40361
[rosmaster.master][INFO] 2012-12-15 18:00:27,425: publisherUpdate[/rosout] -> http://pc:53768/
[rosmaster.master][INFO] 2012-12-15 18:00:27,428: publisherUpdate[/rosout] -> http://pc:53768/
[rosmaster.master][INFO] 2012-12-15 18:00:27,432: -SERVICE [/camera/ir/rectify_ir/set_logger_level] /camera/ir/rectify_ir rosrpc://pc:56981
[rosmaster.master][INFO] 2012-12-15 18:00:27,433: -SERVICE [/camera/ir/set_camera_info] /camera_nodelet_manager rosrpc://pc:38245
[rosmaster.master][INFO] 2012-12-15 18:00:27,434: -SERVICE [/camera/rgb/set_camera_info] /camera_nodelet_manager rosrpc://pc:38245
[rosmaster.master][INFO] 2012-12-15 18:00:27,435: -PUB [/rosout] /camera/register_depth_rgb http://pc:39643/
[rosmaster.master][INFO] 2012-12-15 18:00:27,436: -PUB [/camera/driver/parameter_descriptions] /camera_nodelet_manager http://pc:60620/
[rosmaster.master][INFO] 2012-12-15 18:00:27,438: -PUB [/camera/driver/parameter_updates] /camera_nodelet_manager http://pc:60620/
[rosmaster.master][INFO] 2012-12-15 18:00:27,440: -SERVICE [/camera/register_depth_rgb/get_loggers] /camera/register_depth_rgb rosrpc://pc:38409
[rosmaster.master][INFO] 2012-12-15 18:00:27,440: -SERVICE [/camera/driver/set_parameters] /camera_nodelet_manager rosrpc://pc:38245
[rosmaster.master][INFO] 2012-12-15 18:00:27,441: -SERVICE [/camera/register_depth_rgb/set_logger_level] /camera/register_depth_rgb rosrpc://pc:38409
[rosmaster.master][INFO] 2012-12-15 18:00:27,519: publisherUpdate[/rosout] -> http://pc:53768/
[rosmaster.master][INFO] 2012-12-15 18:00:27,525: -PUB [/rosout] /camera_nodelet_manager http://pc:60620/
[rosmaster.master][INFO] 2012-12-15 18:00:27,526: publisherUpdate[/rosout] -> http://pc:53768/
[rosmaster.master][INFO] 2012-12-15 18:00:27,527: -PUB [/camera/depth/image/compressed] /camera_nodelet_manager http://pc:60620/
[rosmaster.master][INFO] 2012-12-15 18:00:27,529: -PUB [/camera/depth/image/compressed/parameter_descriptions] /camera_nodelet_manager http://pc:60620/
[rosmaster.master][INFO] 2012-12-15 18:00:27,530: -PUB [/camera/depth/image/compressed/parameter_updates] /camera_nodelet_manager http://pc:60620/
[rosmaster.master][INFO] 2012-12-15 18:00:27,531: -PUB [/camera/depth/image] /camera_nodelet_manager http://pc:60620/
[rosmaster.master][INFO] 2012-12-15 18:00:27,532: -PUB [/camera/depth/image/theora] /camera_nodelet_manager http://pc:60620/
[rosmaster.master][INFO] 2012-12-15 18:00:27,532: -PUB [/camera/depth/image/theora/parameter_descriptions] /camera_nodelet_manager http://pc:60620/
[rosmaster.master][INFO] 2012-12-15 18:00:27,533: -PUB [/camera/depth/image/theora/parameter_updates] /camera_nodelet_manager http://pc:60620/
[rosmaster.master][INFO] 2012-12-15 18:00:27,534: -PUB [/camera/depth_registered/image/compressed] /camera_nodelet_manager http://pc:60620/
[rosmaster.master][INFO] 2012-12-15 18:00:27,535: -PUB [/camera/depth_registered/image/compressed/parameter_descriptions] /camera_nodelet_manager http://pc:60620/
[rosmaster.master][INFO] 2012-12-15 18:00:27,536: -PUB [/camera/depth_registered/image/compressed/parameter_updates] /camera_nodelet_manager http://pc:60620/
[rosmaster.master][INFO] 2012-12-15 18:00:27,536: -PUB [/camera/depth_registered/image] /camera_nodelet_manager http://pc:60620/
[rosmaster.master][INFO] 2012-12-15 18:00:27,537: -PUB [/camera/depth_registered/image/theora] /camera_nodelet_manager http://pc:60620/
[rosmaster.master][INFO] 2012-12-15 18:00:27,538: -PUB [/camera/depth_registered/image/theora/parameter_descriptions] /camera_nodelet_manager http://pc:60620/
[rosmaster.master][INFO] 2012-12-15 18:00:27,540: -PUB [/camera/depth_registered/image/theora/parameter_updates] /camera_nodelet_manager http://pc:60620/
[rosmaster.master][INFO] 2012-12-15 18:00:27,544: -PUB [/camera/rgb/image_rect/compressed] /camera_nodelet_manager http://pc:60620/
[rosmaster.master][INFO] 2012-12-15 18:00:27,545: -PUB [/camera/rgb/image_rect/compressed/parameter_descriptions] /camera_nodelet_manager http://pc:60620/
[rosmaster.master][INFO] 2012-12-15 18:00:27,546: -PUB [/camera/rgb/image_rect/compressed/parameter_updates] /camera_nodelet_manager http://pc:60620/
[rosmaster.master][INFO] 2012-12-15 18:00:27,547: -PUB [/camera/rgb/image_rect] /camera_nodelet_manager http://pc:60620/
[rosmaster.master][INFO] 2012-12-15 18:00:27,547: -PUB [/camera/rgb/image_rect/theora] /camera_nodelet_manager http://pc:60620/
[rosmaster.master][INFO] 2012-12-15 18:00:27,548: -PUB [/camera/rgb/image_rect/theora/parameter_descriptions] /camera_nodelet_manager http://pc:60620/
[rosmaster.master][INFO] 2012-12-15 18:00:27,549: -PUB [/camera/rgb/image_rect/theora/parameter_updates] /camera_nodelet_manager http://pc:60620/
[rosmaster.master][INFO] 2012-12-15 18:00:27,550: -PUB [/camera/depth_registered/image_rect_raw/compressed] /camera_nodelet_manager http://pc:60620/
[rosmaster.master][INFO] 2012-12-15 18:00:27,551: -PUB [/camera/depth_registered/image_rect_raw/compressed/parameter_descriptions] /camera_nodelet_manager http://pc:60620/
[rosmaster.master][INFO] 2012-12-15 18:00:27,552: -PUB [/camera/depth_registered/image_rect_raw/compressed/parameter_updates] /camera_nodelet_manager http://pc:60620/
[rosmaster.master][INFO] 2012-12-15 18:00:27,553: -PUB [/camera/depth_registered/image_rect_raw] /camera_nodelet_manager http://pc:60620/
[rosmaster.master][INFO] 2012-12-15 18:00:27,553: -PUB [/camera/depth_registered/image_rect_raw/theora] /camera_nodelet_manager http://pc:60620/
[rosmaster.master][INFO] 2012-12-15 18:00:27,554: -PUB [/camera/depth_registered/image_rect_raw/theora/parameter_descriptions] /camera_nodelet_manager http://pc:60620/
[rosmaster.master][INFO] 2012-12-15 18:00:27,555: -PUB [/camera/depth_registered/image_rect_raw/theora/parameter_updates] /camera_nodelet_manager http://pc:60620/
[rosmaster.master][INFO] 2012-12-15 18:00:27,556: -PUB [/camera/depth_registered/camera_info] /camera_nodelet_manager http://pc:60620/
[rosmaster.master][INFO] 2012-12-15 18:00:27,557: -PUB [/camera/depth/image_rect_raw/compressed] /camera_nodelet_manager http://pc:60620/
[rosmaster.master][INFO] 2012-12-15 18:00:27,558: -PUB [/camera/depth/image_rect_raw/compressed/parameter_descriptions] /camera_nodelet_manager http://pc:60620/
[rosmaster.master][INFO] 2012-12-15 18:00:27,559: -PUB [/camera/depth/image_rect_raw/compressed/parameter_updates] /camera_nodelet_manager http://pc:60620/
[rosmaster.master][INFO] 2012-12-15 18:00:27,560: -PUB [/camera/depth/image_rect_raw] /camera_nodelet_manager http://pc:60620/
[rosmaster.master][INFO] 2012-12-15 18:00:27,560: -PUB [/camera/depth/image_rect_raw/theora] /camera_nodelet_manager http://pc:60620/
[rosmaster.master][INFO] 2012-12-15 18:00:27,561: -PUB [/camera/depth/image_rect_raw/theora/parameter_descriptions] /camera_nodelet_manager http://pc:60620/
[rosmaster.master][INFO] 2012-12-15 18:00:27,562: -PUB [/camera/depth/image_rect_raw/theora/parameter_updates] /camera_nodelet_manager http://pc:60620/
[rosmaster.master][INFO] 2012-12-15 18:00:27,563: -PUB [/camera/ir/image_rect/compressed] /camera_nodelet_manager http://pc:60620/
[rosmaster.master][INFO] 2012-12-15 18:00:27,564: -PUB [/camera/ir/image_rect/compressed/parameter_descriptions] /camera_nodelet_manager http://pc:60620/
[rosmaster.master][INFO] 2012-12-15 18:00:27,565: -PUB [/camera/ir/image_rect/compressed/parameter_updates] /camera_nodelet_manager http://pc:60620/
[rosmaster.master][INFO] 2012-12-15 18:00:27,566: -PUB [/camera/ir/image_rect] /camera_nodelet_manager http://pc:60620/
[rosmaster.master][INFO] 2012-12-15 18:00:27,566: -PUB [/camera/ir/image_rect/theora] /camera_nodelet_manager http://pc:60620/
[rosmaster.master][INFO] 2012-12-15 18:00:27,567: -PUB [/camera/ir/image_rect/theora/parameter_descriptions] /camera_nodelet_manager http://pc:60620/
[rosmaster.master][INFO] 2012-12-15 18:00:27,568: -PUB [/camera/ir/image_rect/theora/parameter_updates] /camera_nodelet_manager http://pc:60620/
[rosmaster.master][INFO] 2012-12-15 18:00:27,569: -PUB [/camera/rgb/image_raw/compressed] /camera_nodelet_manager http://pc:60620/
[rosmaster.master][INFO] 2012-12-15 18:00:27,570: -PUB [/camera/rgb/image_raw/compressed/parameter_descriptions] /camera_nodelet_manager http://pc:60620/
[rosmaster.master][INFO] 2012-12-15 18:00:27,571: -PUB [/camera/rgb/image_raw/compressed/parameter_updates] /camera_nodelet_manager http://pc:60620/
[rosmaster.master][INFO] 2012-12-15 18:00:27,571: -PUB [/camera/rgb/image_raw] /camera_nodelet_manager http://pc:60620/
[rosmaster.master][INFO] 2012-12-15 18:00:27,572: -PUB [/camera/rgb/image_raw/theora] /camera_nodelet_manager http://pc:60620/
[rosmaster.master][INFO] 2012-12-15 18:00:27,573: -PUB [/camera/rgb/image_raw/theora/parameter_descriptions] /camera_nodelet_manager http://pc:60620/
[rosmaster.master][INFO] 2012-12-15 18:00:27,574: -PUB [/camera/rgb/image_raw/theora/parameter_updates] /camera_nodelet_manager http://pc:60620/
[rosmaster.master][INFO] 2012-12-15 18:00:27,575: -PUB [/camera/rgb/camera_info] /camera_nodelet_manager http://pc:60620/
[rosmaster.master][INFO] 2012-12-15 18:00:27,576: -PUB [/camera/ir/image_raw/compressed] /camera_nodelet_manager http://pc:60620/
[rosmaster.master][INFO] 2012-12-15 18:00:27,577: -PUB [/camera/ir/image_raw/compressed/parameter_descriptions] /camera_nodelet_manager http://pc:60620/
[rosmaster.master][INFO] 2012-12-15 18:00:27,578: -PUB [/camera/ir/image_raw/compressed/parameter_updates] /camera_nodelet_manager http://pc:60620/
[rosmaster.master][INFO] 2012-12-15 18:00:27,579: -PUB [/camera/ir/image_raw] /camera_nodelet_manager http://pc:60620/
[rosmaster.master][INFO] 2012-12-15 18:00:27,580: -PUB [/camera/ir/image_raw/theora] /camera_nodelet_manager http://pc:60620/
[rosmaster.master][INFO] 2012-12-15 18:00:27,581: -PUB [/camera/ir/image_raw/theora/parameter_descriptions] /camera_nodelet_manager http://pc:60620/
[rosmaster.master][INFO] 2012-12-15 18:00:27,582: -PUB [/camera/ir/image_raw/theora/parameter_updates] /camera_nodelet_manager http://pc:60620/
[rosmaster.master][INFO] 2012-12-15 18:00:27,583: -PUB [/camera/ir/camera_info] /camera_nodelet_manager http://pc:60620/
[rosmaster.master][INFO] 2012-12-15 18:00:27,584: -PUB [/camera/depth/image_raw/compressed] /camera_nodelet_manager http://pc:60620/
[rosmaster.master][INFO] 2012-12-15 18:00:27,585: -PUB [/camera/depth/image_raw/compressed/parameter_descriptions] /camera_nodelet_manager http://pc:60620/
[rosmaster.master][INFO] 2012-12-15 18:00:27,587: -PUB [/camera/depth/image_raw/compressed/parameter_updates] /camera_nodelet_manager http://pc:60620/
[rosmaster.master][INFO] 2012-12-15 18:00:27,588: -PUB [/camera/depth/image_raw] /camera_nodelet_manager http://pc:60620/
[rosmaster.master][INFO] 2012-12-15 18:00:27,588: -PUB [/camera/depth/image_raw/theora] /camera_nodelet_manager http://pc:60620/
[rosmaster.master][INFO] 2012-12-15 18:00:27,589: -PUB [/camera/depth/image_raw/theora/parameter_descriptions] /camera_nodelet_manager http://pc:60620/
[rosmaster.master][INFO] 2012-12-15 18:00:27,591: -PUB [/camera/depth/image_raw/theora/parameter_updates] /camera_nodelet_manager http://pc:60620/
[rosmaster.master][INFO] 2012-12-15 18:00:27,592: -PUB [/camera/depth/camera_info] /camera_nodelet_manager http://pc:60620/
[rosmaster.master][INFO] 2012-12-15 18:00:27,593: -PUB [/camera/projector/camera_info] /camera_nodelet_manager http://pc:60620/
[rosmaster.master][INFO] 2012-12-15 18:00:27,593: -PUB [/camera/depth_registered/image_raw/compressed] /camera_nodelet_manager http://pc:60620/
[rosmaster.master][INFO] 2012-12-15 18:00:27,594: -PUB [/camera/depth_registered/image_raw/compressed/parameter_descriptions] /camera_nodelet_manager http://pc:60620/
[rosmaster.master][INFO] 2012-12-15 18:00:27,597: -PUB [/camera/depth_registered/image_raw/compressed/parameter_updates] /camera_nodelet_manager http://pc:60620/
[rosmaster.master][INFO] 2012-12-15 18:00:27,598: -PUB [/camera/depth_registered/image_raw] /camera_nodelet_manager http://pc:60620/
[rosmaster.master][INFO] 2012-12-15 18:00:27,599: -PUB [/camera/depth_registered/image_raw/theora] /camera_nodelet_manager http://pc:60620/
[rosmaster.master][INFO] 2012-12-15 18:00:27,600: -PUB [/camera/depth_registered/image_raw/theora/parameter_descriptions] /camera_nodelet_manager http://pc:60620/
[rosmaster.master][INFO] 2012-12-15 18:00:27,601: -PUB [/camera/depth_registered/image_raw/theora/parameter_updates] /camera_nodelet_manager http://pc:60620/
[rosmaster.master][INFO] 2012-12-15 18:00:27,602: -PUB [/camera/depth/image_rect/compressed] /camera_nodelet_manager http://pc:60620/
[rosmaster.master][INFO] 2012-12-15 18:00:27,603: -PUB [/camera/depth/image_rect/compressed/parameter_descriptions] /camera_nodelet_manager http://pc:60620/
[rosmaster.master][INFO] 2012-12-15 18:00:27,604: -PUB [/camera/depth/image_rect/compressed/parameter_updates] /camera_nodelet_manager http://pc:60620/
[rosmaster.master][INFO] 2012-12-15 18:00:27,605: -PUB [/camera/depth/image_rect] /camera_nodelet_manager http://pc:60620/
[rosmaster.master][INFO] 2012-12-15 18:00:27,606: -PUB [/camera/depth/image_rect/theora] /camera_nodelet_manager http://pc:60620/
[rosmaster.master][INFO] 2012-12-15 18:00:27,607: -PUB [/camera/depth/image_rect/theora/parameter_descriptions] /camera_nodelet_manager http://pc:60620/
[rosmaster.master][INFO] 2012-12-15 18:00:27,608: -PUB [/camera/depth/image_rect/theora/parameter_updates] /camera_nodelet_manager http://pc:60620/
[rosmaster.master][INFO] 2012-12-15 18:00:27,608: -PUB [/camera/rgb/image_mono/compressed] /camera_nodelet_manager http://pc:60620/
[rosmaster.master][INFO] 2012-12-15 18:00:27,609: -PUB [/camera/rgb/image_mono/compressed/parameter_descriptions] /camera_nodelet_manager http://pc:60620/
[rosmaster.master][INFO] 2012-12-15 18:00:27,610: -PUB [/camera/rgb/image_mono/compressed/parameter_updates] /camera_nodelet_manager http://pc:60620/
[rosmaster.master][INFO] 2012-12-15 18:00:27,611: -PUB [/camera/rgb/image_mono] /camera_nodelet_manager http://pc:60620/
[rosmaster.master][INFO] 2012-12-15 18:00:27,612: -PUB [/camera/rgb/image_mono/theora] /camera_nodelet_manager http://pc:60620/
[rosmaster.master][INFO] 2012-12-15 18:00:27,613: -PUB [/camera/rgb/image_mono/theora/parameter_descriptions] /camera_nodelet_manager http://pc:60620/
[rosmaster.master][INFO] 2012-12-15 18:00:27,614: -PUB [/camera/rgb/image_mono/theora/parameter_updates] /camera_nodelet_manager http://pc:60620/
[rosmaster.master][INFO] 2012-12-15 18:00:27,615: -PUB [/camera/rgb/image_color/compressed] /camera_nodelet_manager http://pc:60620/
[rosmaster.master][INFO] 2012-12-15 18:00:27,616: -PUB [/camera/rgb/image_color/compressed/parameter_descriptions] /camera_nodelet_manager http://pc:60620/
[rosmaster.master][INFO] 2012-12-15 18:00:27,616: -PUB [/camera/rgb/image_color/compressed/parameter_updates] /camera_nodelet_manager http://pc:60620/
[rosmaster.master][INFO] 2012-12-15 18:00:27,617: -PUB [/camera/rgb/image_color] /camera_nodelet_manager http://pc:60620/
[rosmaster.master][INFO] 2012-12-15 18:00:27,618: -PUB [/camera/rgb/image_color/theora] /camera_nodelet_manager http://pc:60620/
[rosmaster.master][INFO] 2012-12-15 18:00:27,619: -PUB [/camera/rgb/image_color/theora/parameter_descriptions] /camera_nodelet_manager http://pc:60620/
[rosmaster.master][INFO] 2012-12-15 18:00:27,620: -PUB [/camera/rgb/image_color/theora/parameter_updates] /camera_nodelet_manager http://pc:60620/
[rosmaster.master][INFO] 2012-12-15 18:00:27,621: -PUB [/camera/depth_registered/image_rect/compressed] /camera_nodelet_manager http://pc:60620/
[rosmaster.master][INFO] 2012-12-15 18:00:27,621: -PUB [/camera/depth_registered/image_rect/compressed/parameter_descriptions] /camera_nodelet_manager http://pc:60620/
[rosmaster.master][INFO] 2012-12-15 18:00:27,623: -PUB [/camera/depth_registered/image_rect/compressed/parameter_updates] /camera_nodelet_manager http://pc:60620/
[rosmaster.master][INFO] 2012-12-15 18:00:27,624: -PUB [/camera/depth_registered/image_rect] /camera_nodelet_manager http://pc:60620/
[rosmaster.master][INFO] 2012-12-15 18:00:27,625: -PUB [/camera/depth_registered/image_rect/theora] /camera_nodelet_manager http://pc:60620/
[rosmaster.master][INFO] 2012-12-15 18:00:27,626: -PUB [/camera/depth_registered/image_rect/theora/parameter_descriptions] /camera_nodelet_manager http://pc:60620/
[rosmaster.master][INFO] 2012-12-15 18:00:27,627: -PUB [/camera/depth_registered/image_rect/theora/parameter_updates] /camera_nodelet_manager http://pc:60620/
[rosmaster.master][INFO] 2012-12-15 18:00:27,628: -PUB [/camera/rgb/rectify_color/parameter_descriptions] /camera_nodelet_manager http://pc:60620/
[rosmaster.master][INFO] 2012-12-15 18:00:27,629: -PUB [/camera/rgb/rectify_color/parameter_updates] /camera_nodelet_manager http://pc:60620/
[rosmaster.master][INFO] 2012-12-15 18:00:27,630: -PUB [/camera/rgb/image_rect_color/compressed] /camera_nodelet_manager http://pc:60620/
[rosmaster.master][INFO] 2012-12-15 18:00:27,630: -PUB [/camera/rgb/image_rect_color/compressed/parameter_descriptions] /camera_nodelet_manager http://pc:60620/
[rosmaster.master][INFO] 2012-12-15 18:00:27,631: -PUB [/camera/rgb/image_rect_color/compressed/parameter_updates] /camera_nodelet_manager http://pc:60620/
[rosmaster.master][INFO] 2012-12-15 18:00:27,632: -PUB [/camera/rgb/image_rect_color] /camera_nodelet_manager http://pc:60620/
[rosmaster.master][INFO] 2012-12-15 18:00:27,633: -PUB [/camera/rgb/image_rect_color/theora] /camera_nodelet_manager http://pc:60620/
[rosmaster.master][INFO] 2012-12-15 18:00:27,634: -PUB [/camera/rgb/image_rect_color/theora/parameter_descriptions] /camera_nodelet_manager http://pc:60620/
[rosmaster.master][INFO] 2012-12-15 18:00:27,635: -PUB [/camera/rgb/image_rect_color/theora/parameter_updates] /camera_nodelet_manager http://pc:60620/
[rosmaster.master][INFO] 2012-12-15 18:00:27,636: -SERVICE [/camera_nodelet_manager/get_loggers] /camera_nodelet_manager rosrpc://pc:38245
[rosmaster.master][INFO] 2012-12-15 18:00:27,637: -SERVICE [/camera_nodelet_manager/set_logger_level] /camera_nodelet_manager rosrpc://pc:38245
[rosmaster.master][INFO] 2012-12-15 18:00:27,638: -SERVICE [/camera_nodelet_manager/load_nodelet] /camera_nodelet_manager rosrpc://pc:38245
[rosmaster.master][INFO] 2012-12-15 18:00:27,639: -SERVICE [/camera_nodelet_manager/unload_nodelet] /camera_nodelet_manager rosrpc://pc:38245
[rosmaster.master][INFO] 2012-12-15 18:00:27,640: -SERVICE [/camera_nodelet_manager/list] /camera_nodelet_manager rosrpc://pc:38245
[rosmaster.master][INFO] 2012-12-15 18:00:27,641: -SERVICE [/camera/depth/image/compressed/set_parameters] /camera_nodelet_manager rosrpc://pc:38245
[rosmaster.master][INFO] 2012-12-15 18:00:27,642: -SERVICE [/camera/depth/image/theora/set_parameters] /camera_nodelet_manager rosrpc://pc:38245
[rosmaster.master][INFO] 2012-12-15 18:00:27,643: -SERVICE [/camera/depth_registered/image/compressed/set_parameters] /camera_nodelet_manager rosrpc://pc:38245
[rosmaster.master][INFO] 2012-12-15 18:00:27,643: -SERVICE [/camera/depth_registered/image/theora/set_parameters] /camera_nodelet_manager rosrpc://pc:38245
[rosmaster.master][INFO] 2012-12-15 18:00:27,644: -SERVICE [/camera/rgb/image_rect/compressed/set_parameters] /camera_nodelet_manager rosrpc://pc:38245
[rosmaster.master][INFO] 2012-12-15 18:00:27,645: -SERVICE [/camera/rgb/image_rect/theora/set_parameters] /camera_nodelet_manager rosrpc://pc:38245
[rosmaster.master][INFO] 2012-12-15 18:00:27,646: -SERVICE [/camera/depth/image_rect_raw/compressed/set_parameters] /camera_nodelet_manager rosrpc://pc:38245
[rosmaster.master][INFO] 2012-12-15 18:00:27,647: -SERVICE [/camera/depth/image_rect_raw/theora/set_parameters] /camera_nodelet_manager rosrpc://pc:38245
[rosmaster.master][INFO] 2012-12-15 18:00:27,648: -SERVICE [/camera/ir/image_rect/compressed/set_parameters] /camera_nodelet_manager rosrpc://pc:38245
[rosmaster.master][INFO] 2012-12-15 18:00:27,648: -SERVICE [/camera/ir/image_rect/theora/set_parameters] /camera_nodelet_manager rosrpc://pc:38245
[rosmaster.master][INFO] 2012-12-15 18:00:27,649: -SERVICE [/camera/rgb/image_raw/compressed/set_parameters] /camera_nodelet_manager rosrpc://pc:38245
[rosmaster.master][INFO] 2012-12-15 18:00:27,650: -SERVICE [/camera/rgb/image_raw/theora/set_parameters] /camera_nodelet_manager rosrpc://pc:38245
[rosmaster.master][INFO] 2012-12-15 18:00:27,651: -SERVICE [/camera/ir/image_raw/compressed/set_parameters] /camera_nodelet_manager rosrpc://pc:38245
[rosmaster.master][INFO] 2012-12-15 18:00:27,652: -SERVICE [/camera/ir/image_raw/theora/set_parameters] /camera_nodelet_manager rosrpc://pc:38245
[rosmaster.master][INFO] 2012-12-15 18:00:27,653: -SERVICE [/camera/depth/image_raw/compressed/set_parameters] /camera_nodelet_manager rosrpc://pc:38245
[rosmaster.master][INFO] 2012-12-15 18:00:27,654: -SERVICE [/camera/depth/image_raw/theora/set_parameters] /camera_nodelet_manager rosrpc://pc:38245
[rosmaster.master][INFO] 2012-12-15 18:00:27,654: -SERVICE [/camera/depth_registered/image_raw/compressed/set_parameters] /camera_nodelet_manager rosrpc://pc:38245
[rosmaster.master][INFO] 2012-12-15 18:00:27,655: -SERVICE [/camera/depth_registered/image_raw/theora/set_parameters] /camera_nodelet_manager rosrpc://pc:38245
[rosmaster.master][INFO] 2012-12-15 18:00:27,656: -SERVICE [/camera/depth/image_rect/compressed/set_parameters] /camera_nodelet_manager rosrpc://pc:38245
[rosmaster.master][INFO] 2012-12-15 18:00:27,657: -SERVICE [/camera/depth/image_rect/theora/set_parameters] /camera_nodelet_manager rosrpc://pc:38245
[rosmaster.master][INFO] 2012-12-15 18:00:27,658: -SERVICE [/camera/rgb/image_mono/compressed/set_parameters] /camera_nodelet_manager rosrpc://pc:38245
[rosmaster.master][INFO] 2012-12-15 18:00:27,659: -SERVICE [/camera/rgb/image_mono/theora/set_parameters] /camera_nodelet_manager rosrpc://pc:38245
[rosmaster.master][INFO] 2012-12-15 18:00:27,660: -SERVICE [/camera/rgb/image_color/compressed/set_parameters] /camera_nodelet_manager rosrpc://pc:38245
[rosmaster.master][INFO] 2012-12-15 18:00:27,661: -SERVICE [/camera/rgb/image_color/theora/set_parameters] /camera_nodelet_manager rosrpc://pc:38245
[rosmaster.master][INFO] 2012-12-15 18:00:27,661: -SERVICE [/camera/depth_registered/image_rect/compressed/set_parameters] /camera_nodelet_manager rosrpc://pc:38245
[rosmaster.master][INFO] 2012-12-15 18:00:27,662: -SERVICE [/camera/depth_registered/image_rect/theora/set_parameters] /camera_nodelet_manager rosrpc://pc:38245
[rosmaster.master][INFO] 2012-12-15 18:00:27,664: -SERVICE [/camera/rgb/rectify_color/set_parameters] /camera_nodelet_manager rosrpc://pc:38245
[rosmaster.master][INFO] 2012-12-15 18:00:27,665: -SERVICE [/camera/rgb/image_rect_color/compressed/set_parameters] /camera_nodelet_manager rosrpc://pc:38245
[rosmaster.master][INFO] 2012-12-15 18:00:27,666: -SERVICE [/camera/rgb/image_rect_color/theora/set_parameters] /camera_nodelet_manager rosrpc://pc:38245
[rosmaster.master][INFO] 2012-12-15 18:00:27,788: -PUB [/rosout] /camera/rgb/rectify_color http://pc:49664/
[rosmaster.master][INFO] 2012-12-15 18:00:27,792: -SERVICE [/camera/rgb/rectify_color/get_loggers] /camera/rgb/rectify_color rosrpc://pc:46382
[rosmaster.master][INFO] 2012-12-15 18:00:27,794: -SERVICE [/camera/rgb/rectify_color/set_logger_level] /camera/rgb/rectify_color rosrpc://pc:46382
[rosmaster.master][INFO] 2012-12-15 18:00:27,820: publisherUpdate[/rosout] -> http://pc:53768/
[rosmaster.master][INFO] 2012-12-15 18:00:28,023: -PUB [/rosout_agg] /rosout http://pc:53768/
[rosmaster.master][INFO] 2012-12-15 18:00:28,025: -SUB [/rosout] /rosout http://pc:53768/
[rosmaster.master][INFO] 2012-12-15 18:00:28,026: -SERVICE [/rosout/get_loggers] /rosout rosrpc://pc:53857
[rosmaster.master][INFO] 2012-12-15 18:00:28,027: -SERVICE [/rosout/set_logger_level] /rosout rosrpc://pc:53857
[rosmaster.main][INFO] 2012-12-15 18:00:28,110: keyboard interrupt, will exit
[rosmaster.main][INFO] 2012-12-15 18:00:28,111: stopping master...
