[rosmaster.main][INFO] 2012-12-14 14:39:00,161: initialization complete, waiting for shutdown
[rosmaster.main][INFO] 2012-12-14 14:39:00,162: Starting ROS Master Node
[xmlrpc][INFO] 2012-12-14 14:39:00,163: XML-RPC server binding to 0.0.0.0
[xmlrpc][INFO] 2012-12-14 14:39:00,164: Started XML-RPC server [http://pc:11311/]
[rosmaster.master][INFO] 2012-12-14 14:39:00,164: Master initialized: port[11311], uri[http://pc:11311/]
[xmlrpc][INFO] 2012-12-14 14:39:00,164: xml rpc node: starting XML-RPC server
[rosmaster.master][INFO] 2012-12-14 14:39:00,278: +PARAM [/run_id] by /roslaunch
[rosmaster.master][INFO] 2012-12-14 14:39:00,282: +PARAM [/roslaunch/uris/host_pc__34276] by /roslaunch
[rosmaster.master][INFO] 2012-12-14 14:39:00,308: +PARAM [/rosdistro] by /roslaunch
[rosmaster.master][INFO] 2012-12-14 14:39:00,308: +PARAM [/camera/driver/rgb_frame_id] by /roslaunch
[rosmaster.master][INFO] 2012-12-14 14:39:00,308: +PARAM [/camera/disparity_depth_registered/min_range] by /roslaunch
[rosmaster.master][INFO] 2012-12-14 14:39:00,308: +PARAM [/camera/driver/rgb_camera_info_url] by /roslaunch
[rosmaster.master][INFO] 2012-12-14 14:39:00,309: +PARAM [/camera/depth_registered/rectify_depth/interpolation] by /roslaunch
[rosmaster.master][INFO] 2012-12-14 14:39:00,309: +PARAM [/camera/driver/depth_frame_id] by /roslaunch
[rosmaster.master][INFO] 2012-12-14 14:39:00,309: +PARAM [/camera/depth/rectify_depth/interpolation] by /roslaunch
[rosmaster.master][INFO] 2012-12-14 14:39:00,309: +PARAM [/camera/disparity_depth/max_range] by /roslaunch
[rosmaster.master][INFO] 2012-12-14 14:39:00,309: +PARAM [/rosversion] by /roslaunch
[rosmaster.master][INFO] 2012-12-14 14:39:00,309: +PARAM [/camera/driver/device_id] by /roslaunch
[rosmaster.master][INFO] 2012-12-14 14:39:00,309: +PARAM [/camera/driver/depth_camera_info_url] by /roslaunch
[rosmaster.master][INFO] 2012-12-14 14:39:00,309: +PARAM [/camera/disparity_depth/min_range] by /roslaunch
[rosmaster.master][INFO] 2012-12-14 14:39:00,309: +PARAM [/camera/disparity_depth_registered/max_range] by /roslaunch
[rosmaster.master][INFO] 2012-12-14 14:39:00,312: +SERVICE [/rosout/get_loggers] /rosout http://pc:57013/
[rosmaster.master][INFO] 2012-12-14 14:39:00,313: +SERVICE [/rosout/set_logger_level] /rosout http://pc:57013/
[rosmaster.master][INFO] 2012-12-14 14:39:00,316: +PUB [/rosout_agg] /rosout http://pc:57013/
[rosmaster.master][INFO] 2012-12-14 14:39:00,317: +SUB [/rosout] /rosout http://pc:57013/
[rosmaster.master][INFO] 2012-12-14 14:39:00,351: +PUB [/rosout] /camera/driver http://pc:42595/
[rosmaster.master][INFO] 2012-12-14 14:39:00,352: +PUB [/rosout] /camera/rgb/debayer http://pc:54991/
[rosmaster.master][INFO] 2012-12-14 14:39:00,353: +SERVICE [/camera/driver/get_loggers] /camera/driver http://pc:42595/
[rosmaster.master][INFO] 2012-12-14 14:39:00,355: +SERVICE [/camera/driver/set_logger_level] /camera/driver http://pc:42595/
[rosmaster.master][INFO] 2012-12-14 14:39:00,356: +SERVICE [/camera/rgb/debayer/get_loggers] /camera/rgb/debayer http://pc:54991/
[rosmaster.master][INFO] 2012-12-14 14:39:00,359: +SERVICE [/camera/rgb/debayer/set_logger_level] /camera/rgb/debayer http://pc:54991/
[rosmaster.master][INFO] 2012-12-14 14:39:00,364: publisherUpdate[/rosout] -> http://pc:57013/
[rosmaster.master][INFO] 2012-12-14 14:39:00,368: publisherUpdate[/rosout] -> http://pc:57013/
[rosmaster.master][INFO] 2012-12-14 14:39:00,376: +PARAM [/camera/driver] by /camera/driver
[rosmaster.master][INFO] 2012-12-14 14:39:00,378: +PUB [/rosout] /camera/rgb/rectify_mono http://pc:37355/
[rosmaster.master][INFO] 2012-12-14 14:39:00,393: +SERVICE [/camera/rgb/rectify_mono/get_loggers] /camera/rgb/rectify_mono http://pc:37355/
[rosmaster.master][INFO] 2012-12-14 14:39:00,395: +PUB [/rosout] /camera/rgb/rectify_color http://pc:48792/
[rosmaster.master][INFO] 2012-12-14 14:39:00,398: +SERVICE [/camera/rgb/rectify_mono/set_logger_level] /camera/rgb/rectify_mono http://pc:37355/
[rosmaster.master][INFO] 2012-12-14 14:39:00,402: +PUB [/rosout] /camera/ir/rectify_ir http://pc:35088/
[rosmaster.master][INFO] 2012-12-14 14:39:00,404: +SERVICE [/camera/rgb/rectify_color/get_loggers] /camera/rgb/rectify_color http://pc:48792/
[rosmaster.master][INFO] 2012-12-14 14:39:00,406: +PUB [/rosout] /camera/depth/rectify_depth http://pc:38878/
[rosmaster.master][INFO] 2012-12-14 14:39:00,408: +SERVICE [/camera/ir/rectify_ir/get_loggers] /camera/ir/rectify_ir http://pc:35088/
[rosmaster.master][INFO] 2012-12-14 14:39:00,410: +SERVICE [/camera/rgb/rectify_color/set_logger_level] /camera/rgb/rectify_color http://pc:48792/
[rosmaster.master][INFO] 2012-12-14 14:39:00,411: +SERVICE [/camera/depth/rectify_depth/get_loggers] /camera/depth/rectify_depth http://pc:38878/
[rosmaster.master][INFO] 2012-12-14 14:39:00,419: +SERVICE [/camera/ir/rectify_ir/set_logger_level] /camera/ir/rectify_ir http://pc:35088/
[rosmaster.master][INFO] 2012-12-14 14:39:00,428: +SERVICE [/camera/depth/rectify_depth/set_logger_level] /camera/depth/rectify_depth http://pc:38878/
[rosmaster.master][INFO] 2012-12-14 14:39:00,434: +PUB [/rosout] /camera/depth/metric http://pc:46947/
[rosmaster.master][INFO] 2012-12-14 14:39:00,459: +SERVICE [/camera/depth/metric/get_loggers] /camera/depth/metric http://pc:46947/
[rosmaster.master][INFO] 2012-12-14 14:39:00,467: publisherUpdate[/rosout] -> http://pc:57013/
[rosmaster.master][INFO] 2012-12-14 14:39:00,468: publisherUpdate[/rosout] -> http://pc:57013/
[rosmaster.master][INFO] 2012-12-14 14:39:00,470: publisherUpdate[/rosout] -> http://pc:57013/
[rosmaster.master][INFO] 2012-12-14 14:39:00,471: +PUB [/rosout] /camera/register_depth_rgb http://pc:34918/
[rosmaster.master][INFO] 2012-12-14 14:39:00,473: publisherUpdate[/rosout] -> http://pc:57013/
[rosmaster.master][INFO] 2012-12-14 14:39:00,475: publisherUpdate[/rosout] -> http://pc:57013/
[rosmaster.master][INFO] 2012-12-14 14:39:00,476: publisherUpdate[/rosout] -> http://pc:57013/
[rosmaster.master][INFO] 2012-12-14 14:39:00,485: +SERVICE [/camera/register_depth_rgb/get_loggers] /camera/register_depth_rgb http://pc:34918/
[rosmaster.master][INFO] 2012-12-14 14:39:00,489: +PARAM [/camera/depth/rectify_depth] by /camera/depth/rectify_depth
[rosmaster.master][INFO] 2012-12-14 14:39:00,490: +PUB [/rosout] /camera/depth_registered/rectify_depth http://pc:58773/
[rosmaster.master][INFO] 2012-12-14 14:39:00,492: +PUB [/rosout] /camera/depth_registered/metric http://pc:55885/
[rosmaster.master][INFO] 2012-12-14 14:39:00,498: +SERVICE [/camera/register_depth_rgb/set_logger_level] /camera/register_depth_rgb http://pc:34918/
[rosmaster.master][INFO] 2012-12-14 14:39:00,501: +SERVICE [/camera/depth_registered/rectify_depth/get_loggers] /camera/depth_registered/rectify_depth http://pc:58773/
[rosmaster.master][INFO] 2012-12-14 14:39:00,503: +SERVICE [/camera/depth_registered/metric/get_loggers] /camera/depth_registered/metric http://pc:55885/
[rosmaster.master][INFO] 2012-12-14 14:39:00,504: +PUB [/rosout] /camera/disparity_depth http://pc:36156/
[rosmaster.master][INFO] 2012-12-14 14:39:00,507: +SERVICE [/camera/depth_registered/rectify_depth/set_logger_level] /camera/depth_registered/rectify_depth http://pc:58773/
[rosmaster.master][INFO] 2012-12-14 14:39:00,510: +SERVICE [/camera/depth_registered/metric/set_logger_level] /camera/depth_registered/metric http://pc:55885/
[rosmaster.master][INFO] 2012-12-14 14:39:00,515: +SERVICE [/camera/disparity_depth/get_loggers] /camera/disparity_depth http://pc:36156/
[rosmaster.master][INFO] 2012-12-14 14:39:00,520: +PUB [/rosout] /camera/disparity_depth_registered http://pc:53708/
[rosmaster.master][INFO] 2012-12-14 14:39:00,523: +SERVICE [/camera/disparity_depth/set_logger_level] /camera/disparity_depth http://pc:36156/
[rosmaster.master][INFO] 2012-12-14 14:39:00,525: +PARAM [/camera/depth_registered/rectify_depth] by /camera/depth_registered/rectify_depth
[rosmaster.master][INFO] 2012-12-14 14:39:00,528: +SERVICE [/camera/disparity_depth_registered/get_loggers] /camera/disparity_depth_registered http://pc:53708/
[rosmaster.master][INFO] 2012-12-14 14:39:00,532: +SERVICE [/camera/disparity_depth_registered/set_logger_level] /camera/disparity_depth_registered http://pc:53708/
[rosmaster.master][INFO] 2012-12-14 14:39:00,547: +PARAM [/camera/disparity_depth] by /camera/disparity_depth
[rosmaster.master][INFO] 2012-12-14 14:39:00,554: +PARAM [/camera/disparity_depth_registered] by /camera/disparity_depth_registered
[rosmaster.master][INFO] 2012-12-14 14:39:00,556: +PUB [/rosout] /camera_base_link1 http://pc:54797/
[rosmaster.master][INFO] 2012-12-14 14:39:00,568: publisherUpdate[/rosout] -> http://pc:57013/
[rosmaster.master][INFO] 2012-12-14 14:39:00,569: publisherUpdate[/rosout] -> http://pc:57013/
[rosmaster.master][INFO] 2012-12-14 14:39:00,571: publisherUpdate[/rosout] -> http://pc:57013/
[rosmaster.master][INFO] 2012-12-14 14:39:00,572: +PUB [/rosout] /camera_base_link2 http://pc:34737/
[rosmaster.master][INFO] 2012-12-14 14:39:00,573: publisherUpdate[/rosout] -> http://pc:57013/
[rosmaster.master][INFO] 2012-12-14 14:39:00,574: publisherUpdate[/rosout] -> http://pc:57013/
[rosmaster.master][INFO] 2012-12-14 14:39:00,577: publisherUpdate[/rosout] -> http://pc:57013/
[rosmaster.master][INFO] 2012-12-14 14:39:00,580: +PUB [/rosout] /camera_base_link3 http://pc:56109/
[rosmaster.master][INFO] 2012-12-14 14:39:00,584: +SERVICE [/camera_base_link1/get_loggers] /camera_base_link1 http://pc:54797/
[rosmaster.master][INFO] 2012-12-14 14:39:00,585: +SERVICE [/camera_base_link2/get_loggers] /camera_base_link2 http://pc:34737/
[rosmaster.master][INFO] 2012-12-14 14:39:00,592: +SERVICE [/camera_base_link3/get_loggers] /camera_base_link3 http://pc:56109/
[rosmaster.master][INFO] 2012-12-14 14:39:00,595: +SERVICE [/camera_base_link3/set_logger_level] /camera_base_link3 http://pc:56109/
[rosmaster.master][INFO] 2012-12-14 14:39:00,598: +PUB [/tf] /camera_base_link3 http://pc:56109/
[rosmaster.master][INFO] 2012-12-14 14:39:00,642: +PUB [/rosout] /camera/depth/metric_rect http://pc:46499/
[rosmaster.master][INFO] 2012-12-14 14:39:00,646: +SERVICE [/camera/depth/metric_rect/get_loggers] /camera/depth/metric_rect http://pc:46499/
[rosmaster.master][INFO] 2012-12-14 14:39:00,649: +PUB [/rosout] /camera/depth/points http://pc:51559/
[rosmaster.master][INFO] 2012-12-14 14:39:00,651: +SERVICE [/camera/depth/metric_rect/set_logger_level] /camera/depth/metric_rect http://pc:46499/
[rosmaster.master][INFO] 2012-12-14 14:39:00,653: +SERVICE [/camera/depth/points/get_loggers] /camera/depth/points http://pc:51559/
[rosmaster.master][INFO] 2012-12-14 14:39:00,656: +SERVICE [/camera/depth/points/set_logger_level] /camera/depth/points http://pc:51559/
[rosmaster.master][INFO] 2012-12-14 14:39:00,671: publisherUpdate[/rosout] -> http://pc:57013/
[rosmaster.master][INFO] 2012-12-14 14:39:00,673: publisherUpdate[/rosout] -> http://pc:57013/
[rosmaster.master][INFO] 2012-12-14 14:39:00,688: publisherUpdate[/rosout] -> http://pc:57013/
[rosmaster.master][INFO] 2012-12-14 14:39:00,693: +PUB [/rosout] /camera_nodelet_manager http://pc:44096/
[rosmaster.master][INFO] 2012-12-14 14:39:00,695: +SERVICE [/camera_nodelet_manager/get_loggers] /camera_nodelet_manager http://pc:44096/
[rosmaster.master][INFO] 2012-12-14 14:39:00,696: +SERVICE [/camera_nodelet_manager/set_logger_level] /camera_nodelet_manager http://pc:44096/
[rosmaster.master][INFO] 2012-12-14 14:39:00,699: +SERVICE [/camera_nodelet_manager/load_nodelet] /camera_nodelet_manager http://pc:44096/
[rosmaster.master][INFO] 2012-12-14 14:39:00,700: +SERVICE [/camera_nodelet_manager/unload_nodelet] /camera_nodelet_manager http://pc:44096/
[rosmaster.master][INFO] 2012-12-14 14:39:00,702: +SERVICE [/camera_nodelet_manager/list] /camera_nodelet_manager http://pc:44096/
[rosmaster.master][INFO] 2012-12-14 14:39:00,779: publisherUpdate[/rosout] -> http://pc:57013/
[rosmaster.master][INFO] 2012-12-14 14:39:00,991: +PUB [/rosout] /set_dr http://pc:59620/
[rosmaster.master][INFO] 2012-12-14 14:39:01,006: +PUB [/camera/depth_registered/image/compressed] /camera_nodelet_manager http://pc:44096/
[rosmaster.master][INFO] 2012-12-14 14:39:01,007: +SERVICE [/camera/depth_registered/image/compressed/set_parameters] /camera_nodelet_manager http://pc:44096/
[rosmaster.master][INFO] 2012-12-14 14:39:01,008: +PUB [/camera/depth_registered/image/compressed/parameter_descriptions] /camera_nodelet_manager http://pc:44096/
[rosmaster.master][INFO] 2012-12-14 14:39:01,009: +PUB [/camera/depth_registered/image/compressed/parameter_updates] /camera_nodelet_manager http://pc:44096/
[rosmaster.master][INFO] 2012-12-14 14:39:01,012: +PARAM [/camera/depth_registered/image/compressed/format] by /camera_nodelet_manager
[rosmaster.master][INFO] 2012-12-14 14:39:01,013: +PARAM [/camera/depth_registered/image/compressed/jpeg_quality] by /camera_nodelet_manager
[rosmaster.master][INFO] 2012-12-14 14:39:01,014: +PARAM [/camera/depth_registered/image/compressed/png_level] by /camera_nodelet_manager
[rosmaster.master][INFO] 2012-12-14 14:39:01,015: +PUB [/camera/depth_registered/image] /camera_nodelet_manager http://pc:44096/
[rosmaster.master][INFO] 2012-12-14 14:39:01,018: +PUB [/camera/depth_registered/image/theora] /camera_nodelet_manager http://pc:44096/
[rosmaster.master][INFO] 2012-12-14 14:39:01,019: +SERVICE [/camera/depth_registered/image/theora/set_parameters] /camera_nodelet_manager http://pc:44096/
[rosmaster.master][INFO] 2012-12-14 14:39:01,020: +PUB [/camera/depth_registered/image/theora/parameter_descriptions] /camera_nodelet_manager http://pc:44096/
[rosmaster.master][INFO] 2012-12-14 14:39:01,021: +PUB [/camera/depth_registered/image/theora/parameter_updates] /camera_nodelet_manager http://pc:44096/
[rosmaster.master][INFO] 2012-12-14 14:39:01,026: +PARAM [/camera/depth_registered/image/theora/optimize_for] by /camera_nodelet_manager
[rosmaster.master][INFO] 2012-12-14 14:39:01,026: +PARAM [/camera/depth_registered/image/theora/target_bitrate] by /camera_nodelet_manager
[rosmaster.master][INFO] 2012-12-14 14:39:01,028: +PARAM [/camera/depth_registered/image/theora/quality] by /camera_nodelet_manager
[rosmaster.master][INFO] 2012-12-14 14:39:01,028: +PARAM [/camera/depth_registered/image/theora/keyframe_frequency] by /camera_nodelet_manager
[rosmaster.master][INFO] 2012-12-14 14:39:01,080: publisherUpdate[/rosout] -> http://pc:57013/
[rosmaster.master][INFO] 2012-12-14 14:39:01,392: +PUB [/rosout] /depth_detection http://pc:39760/
[rosmaster.master][INFO] 2012-12-14 14:39:01,452: +SUB [/camera/depth_registered/image_rect] /depth_detection http://pc:39760/
[rosmaster.master][INFO] 2012-12-14 14:39:01,454: +SUB [/camera/rgb/image_rect_color] /depth_detection http://pc:39760/
[rosmaster.master][INFO] 2012-12-14 14:39:01,483: publisherUpdate[/rosout] -> http://pc:57013/
[rosmaster.master][INFO] 2012-12-14 14:39:01,606: +PUB [/camera/depth/points] /camera_nodelet_manager http://pc:44096/
[rosmaster.master][INFO] 2012-12-14 14:39:02,240: +SERVICE [/camera/rgb/debayer/set_parameters] /camera_nodelet_manager http://pc:44096/
[rosmaster.master][INFO] 2012-12-14 14:39:02,244: +PUB [/camera/rgb/debayer/parameter_descriptions] /camera_nodelet_manager http://pc:44096/
[rosmaster.master][INFO] 2012-12-14 14:39:02,249: +PUB [/camera/rgb/debayer/parameter_updates] /camera_nodelet_manager http://pc:44096/
[rosmaster.master][INFO] 2012-12-14 14:39:02,255: +PARAM [/camera/rgb/debayer/debayer] by /camera_nodelet_manager
[rosmaster.master][INFO] 2012-12-14 14:39:02,257: +PUB [/camera/rgb/image_mono/compressed] /camera_nodelet_manager http://pc:44096/
[rosmaster.master][INFO] 2012-12-14 14:39:02,258: +SERVICE [/camera/rgb/image_mono/compressed/set_parameters] /camera_nodelet_manager http://pc:44096/
[rosmaster.master][INFO] 2012-12-14 14:39:02,259: +PUB [/camera/rgb/image_mono/compressed/parameter_descriptions] /camera_nodelet_manager http://pc:44096/
[rosmaster.master][INFO] 2012-12-14 14:39:02,261: +PUB [/camera/rgb/image_mono/compressed/parameter_updates] /camera_nodelet_manager http://pc:44096/
[rosmaster.master][INFO] 2012-12-14 14:39:02,265: +PARAM [/camera/rgb/image_mono/compressed/format] by /camera_nodelet_manager
[rosmaster.master][INFO] 2012-12-14 14:39:02,267: +PARAM [/camera/rgb/image_mono/compressed/jpeg_quality] by /camera_nodelet_manager
[rosmaster.master][INFO] 2012-12-14 14:39:02,268: +PARAM [/camera/rgb/image_mono/compressed/png_level] by /camera_nodelet_manager
[rosmaster.master][INFO] 2012-12-14 14:39:02,269: +PUB [/camera/rgb/image_mono] /camera_nodelet_manager http://pc:44096/
[rosmaster.master][INFO] 2012-12-14 14:39:02,270: +PUB [/camera/rgb/image_mono/theora] /camera_nodelet_manager http://pc:44096/
[rosmaster.master][INFO] 2012-12-14 14:39:02,271: +SERVICE [/camera/rgb/image_mono/theora/set_parameters] /camera_nodelet_manager http://pc:44096/
[rosmaster.master][INFO] 2012-12-14 14:39:02,272: +PUB [/camera/rgb/image_mono/theora/parameter_descriptions] /camera_nodelet_manager http://pc:44096/
[rosmaster.master][INFO] 2012-12-14 14:39:02,273: +PUB [/camera/rgb/image_mono/theora/parameter_updates] /camera_nodelet_manager http://pc:44096/
[rosmaster.master][INFO] 2012-12-14 14:39:02,280: +PARAM [/camera/rgb/image_mono/theora/optimize_for] by /camera_nodelet_manager
[rosmaster.master][INFO] 2012-12-14 14:39:02,281: +PARAM [/camera/rgb/image_mono/theora/target_bitrate] by /camera_nodelet_manager
[rosmaster.master][INFO] 2012-12-14 14:39:02,282: +PARAM [/camera/rgb/image_mono/theora/quality] by /camera_nodelet_manager
[rosmaster.master][INFO] 2012-12-14 14:39:02,283: +PARAM [/camera/rgb/image_mono/theora/keyframe_frequency] by /camera_nodelet_manager
[rosmaster.master][INFO] 2012-12-14 14:39:02,283: +PUB [/camera/rgb/image_color/compressed] /camera_nodelet_manager http://pc:44096/
[rosmaster.master][INFO] 2012-12-14 14:39:02,284: +SERVICE [/camera/rgb/image_color/compressed/set_parameters] /camera_nodelet_manager http://pc:44096/
[rosmaster.master][INFO] 2012-12-14 14:39:02,286: +PUB [/camera/rgb/image_color/compressed/parameter_descriptions] /camera_nodelet_manager http://pc:44096/
[rosmaster.master][INFO] 2012-12-14 14:39:02,287: +PUB [/camera/rgb/image_color/compressed/parameter_updates] /camera_nodelet_manager http://pc:44096/
[rosmaster.master][INFO] 2012-12-14 14:39:02,292: +PARAM [/camera/rgb/image_color/compressed/format] by /camera_nodelet_manager
[rosmaster.master][INFO] 2012-12-14 14:39:02,293: +PARAM [/camera/rgb/image_color/compressed/jpeg_quality] by /camera_nodelet_manager
[rosmaster.master][INFO] 2012-12-14 14:39:02,294: +PARAM [/camera/rgb/image_color/compressed/png_level] by /camera_nodelet_manager
[rosmaster.master][INFO] 2012-12-14 14:39:02,295: +PUB [/camera/rgb/image_color] /camera_nodelet_manager http://pc:44096/
[rosmaster.master][INFO] 2012-12-14 14:39:02,296: +PUB [/camera/rgb/image_color/theora] /camera_nodelet_manager http://pc:44096/
[rosmaster.master][INFO] 2012-12-14 14:39:02,297: +SERVICE [/camera/rgb/image_color/theora/set_parameters] /camera_nodelet_manager http://pc:44096/
[rosmaster.master][INFO] 2012-12-14 14:39:02,298: +PUB [/camera/rgb/image_color/theora/parameter_descriptions] /camera_nodelet_manager http://pc:44096/
[rosmaster.master][INFO] 2012-12-14 14:39:02,300: +PUB [/camera/rgb/image_color/theora/parameter_updates] /camera_nodelet_manager http://pc:44096/
[rosmaster.master][INFO] 2012-12-14 14:39:02,305: +PARAM [/camera/rgb/image_color/theora/optimize_for] by /camera_nodelet_manager
[rosmaster.master][INFO] 2012-12-14 14:39:02,306: +PARAM [/camera/rgb/image_color/theora/target_bitrate] by /camera_nodelet_manager
[rosmaster.master][INFO] 2012-12-14 14:39:02,307: +PARAM [/camera/rgb/image_color/theora/quality] by /camera_nodelet_manager
[rosmaster.master][INFO] 2012-12-14 14:39:02,308: +PARAM [/camera/rgb/image_color/theora/keyframe_frequency] by /camera_nodelet_manager
[rosmaster.master][INFO] 2012-12-14 14:39:02,892: +SERVICE [/camera/depth_registered/rectify_depth/set_parameters] /camera_nodelet_manager http://pc:44096/
[rosmaster.master][INFO] 2012-12-14 14:39:02,896: +PUB [/camera/depth_registered/rectify_depth/parameter_descriptions] /camera_nodelet_manager http://pc:44096/
[rosmaster.master][INFO] 2012-12-14 14:39:02,899: +PUB [/camera/depth_registered/rectify_depth/parameter_updates] /camera_nodelet_manager http://pc:44096/
[rosmaster.master][INFO] 2012-12-14 14:39:02,903: +PARAM [/camera/depth_registered/rectify_depth/interpolation] by /camera_nodelet_manager
[rosmaster.master][INFO] 2012-12-14 14:39:02,905: +PUB [/camera/depth_registered/image_rect_raw/compressed] /camera_nodelet_manager http://pc:44096/
[rosmaster.master][INFO] 2012-12-14 14:39:02,906: +SERVICE [/camera/depth_registered/image_rect_raw/compressed/set_parameters] /camera_nodelet_manager http://pc:44096/
[rosmaster.master][INFO] 2012-12-14 14:39:02,908: +PUB [/camera/depth_registered/image_rect_raw/compressed/parameter_descriptions] /camera_nodelet_manager http://pc:44096/
[rosmaster.master][INFO] 2012-12-14 14:39:02,909: +PUB [/camera/depth_registered/image_rect_raw/compressed/parameter_updates] /camera_nodelet_manager http://pc:44096/
[rosmaster.master][INFO] 2012-12-14 14:39:02,913: +PARAM [/camera/depth_registered/image_rect_raw/compressed/format] by /camera_nodelet_manager
[rosmaster.master][INFO] 2012-12-14 14:39:02,914: +PARAM [/camera/depth_registered/image_rect_raw/compressed/jpeg_quality] by /camera_nodelet_manager
[rosmaster.master][INFO] 2012-12-14 14:39:02,915: +PARAM [/camera/depth_registered/image_rect_raw/compressed/png_level] by /camera_nodelet_manager
[rosmaster.master][INFO] 2012-12-14 14:39:02,916: +PUB [/camera/depth_registered/image_rect_raw] /camera_nodelet_manager http://pc:44096/
[rosmaster.master][INFO] 2012-12-14 14:39:02,917: +PUB [/camera/depth_registered/image_rect_raw/theora] /camera_nodelet_manager http://pc:44096/
[rosmaster.master][INFO] 2012-12-14 14:39:02,918: +SERVICE [/camera/depth_registered/image_rect_raw/theora/set_parameters] /camera_nodelet_manager http://pc:44096/
[rosmaster.master][INFO] 2012-12-14 14:39:02,919: +PUB [/camera/depth_registered/image_rect_raw/theora/parameter_descriptions] /camera_nodelet_manager http://pc:44096/
[rosmaster.master][INFO] 2012-12-14 14:39:02,920: +PUB [/camera/depth_registered/image_rect_raw/theora/parameter_updates] /camera_nodelet_manager http://pc:44096/
[rosmaster.master][INFO] 2012-12-14 14:39:02,924: +PARAM [/camera/depth_registered/image_rect_raw/theora/optimize_for] by /camera_nodelet_manager
[rosmaster.master][INFO] 2012-12-14 14:39:02,925: +PARAM [/camera/depth_registered/image_rect_raw/theora/target_bitrate] by /camera_nodelet_manager
[rosmaster.master][INFO] 2012-12-14 14:39:02,926: +PARAM [/camera/depth_registered/image_rect_raw/theora/quality] by /camera_nodelet_manager
[rosmaster.master][INFO] 2012-12-14 14:39:02,927: +PARAM [/camera/depth_registered/image_rect_raw/theora/keyframe_frequency] by /camera_nodelet_manager
[rosmaster.master][INFO] 2012-12-14 14:39:03,472: +SERVICE [/camera/depth/metric/set_logger_level] /camera/depth/metric http://pc:46947/
[rosmaster.master][INFO] 2012-12-14 14:39:03,483: +PUB [/rosout] /camera/points_xyzrgb_depth_rgb http://pc:45828/
[rosmaster.master][INFO] 2012-12-14 14:39:03,487: +SERVICE [/camera/points_xyzrgb_depth_rgb/get_loggers] /camera/points_xyzrgb_depth_rgb http://pc:45828/
[rosmaster.master][INFO] 2012-12-14 14:39:03,490: +SERVICE [/camera/points_xyzrgb_depth_rgb/set_logger_level] /camera/points_xyzrgb_depth_rgb http://pc:45828/
[rosmaster.master][INFO] 2012-12-14 14:39:03,490: publisherUpdate[/rosout] -> http://pc:57013/
[rosmaster.master][INFO] 2012-12-14 14:39:03,495: +SUB [/tf] /camera_nodelet_manager http://pc:44096/
[rosmaster.master][INFO] 2012-12-14 14:39:03,496: +PUB [/rosout] /camera/depth_registered/metric_rect http://pc:32834/
[rosmaster.master][INFO] 2012-12-14 14:39:03,498: publisherUpdate[/rosout] -> http://pc:57013/
[rosmaster.master][INFO] 2012-12-14 14:39:03,500: +SERVICE [/camera_nodelet_manager/tf_frames] /camera_nodelet_manager http://pc:44096/
[rosmaster.master][INFO] 2012-12-14 14:39:03,501: +SERVICE [/camera/depth_registered/metric_rect/get_loggers] /camera/depth_registered/metric_rect http://pc:32834/
[rosmaster.master][INFO] 2012-12-14 14:39:03,504: +SERVICE [/camera/depth_registered/metric_rect/set_logger_level] /camera/depth_registered/metric_rect http://pc:32834/
[rosmaster.master][INFO] 2012-12-14 14:39:03,518: +PUB [/rosout] /camera_base_link http://pc:60713/
[rosmaster.master][INFO] 2012-12-14 14:39:03,520: +SERVICE [/camera_base_link/get_loggers] /camera_base_link http://pc:60713/
[rosmaster.master][INFO] 2012-12-14 14:39:03,520: +SERVICE [/camera_base_link/set_logger_level] /camera_base_link http://pc:60713/
[rosmaster.master][INFO] 2012-12-14 14:39:03,522: +PUB [/tf] /camera_base_link http://pc:60713/
[rosmaster.master][INFO] 2012-12-14 14:39:03,591: +SERVICE [/camera_base_link1/set_logger_level] /camera_base_link1 http://pc:54797/
[rosmaster.master][INFO] 2012-12-14 14:39:03,593: publisherUpdate[/rosout] -> http://pc:57013/
[rosmaster.master][INFO] 2012-12-14 14:39:03,593: +SERVICE [/camera_base_link2/set_logger_level] /camera_base_link2 http://pc:34737/
[rosmaster.master][INFO] 2012-12-14 14:39:03,595: publisherUpdate[/tf] -> http://pc:44096/
[rosmaster.master][INFO] 2012-12-14 14:39:03,603: +PUB [/tf] /camera_base_link1 http://pc:54797/
[rosmaster.master][INFO] 2012-12-14 14:39:03,604: +PUB [/tf] /camera_base_link2 http://pc:34737/
[rosmaster.master][INFO] 2012-12-14 14:39:03,696: publisherUpdate[/tf] -> http://pc:44096/
[rosmaster.master][INFO] 2012-12-14 14:39:03,697: publisherUpdate[/tf] -> http://pc:44096/
[rosmaster.master][INFO] 2012-12-14 14:39:04,153: +PARAM [/camera/depth_registered/image_rect_raw/compressed/format] by /camera_nodelet_manager
[rosmaster.master][INFO] 2012-12-14 14:39:04,154: +PARAM [/camera/depth_registered/image_rect_raw/compressed/jpeg_quality] by /camera_nodelet_manager
[rosmaster.master][INFO] 2012-12-14 14:39:04,155: +PARAM [/camera/depth_registered/image_rect_raw/compressed/png_level] by /camera_nodelet_manager
[rosmaster.master][INFO] 2012-12-14 14:39:04,161: +PARAM [/camera/depth_registered/image_rect_raw/theora/optimize_for] by /camera_nodelet_manager
[rosmaster.master][INFO] 2012-12-14 14:39:04,162: +PARAM [/camera/depth_registered/image_rect_raw/theora/target_bitrate] by /camera_nodelet_manager
[rosmaster.master][INFO] 2012-12-14 14:39:04,163: +PARAM [/camera/depth_registered/image_rect_raw/theora/quality] by /camera_nodelet_manager
[rosmaster.master][INFO] 2012-12-14 14:39:04,164: +PARAM [/camera/depth_registered/image_rect_raw/theora/keyframe_frequency] by /camera_nodelet_manager
[rosmaster.master][INFO] 2012-12-14 14:39:04,165: +PUB [/camera/depth_registered/camera_info] /camera_nodelet_manager http://pc:44096/
[rosmaster.master][INFO] 2012-12-14 14:39:04,456: +PUB [/camera/depth/disparity] /camera_nodelet_manager http://pc:44096/
[rosmaster.master][INFO] 2012-12-14 14:39:04,729: +PUB [/camera/depth/image_rect/compressed] /camera_nodelet_manager http://pc:44096/
[rosmaster.master][INFO] 2012-12-14 14:39:04,731: +SERVICE [/camera/depth/image_rect/compressed/set_parameters] /camera_nodelet_manager http://pc:44096/
[rosmaster.master][INFO] 2012-12-14 14:39:04,733: +PUB [/camera/depth/image_rect/compressed/parameter_descriptions] /camera_nodelet_manager http://pc:44096/
[rosmaster.master][INFO] 2012-12-14 14:39:04,735: +PUB [/camera/depth/image_rect/compressed/parameter_updates] /camera_nodelet_manager http://pc:44096/
[rosmaster.master][INFO] 2012-12-14 14:39:04,743: +PARAM [/camera/depth/image_rect/compressed/format] by /camera_nodelet_manager
[rosmaster.master][INFO] 2012-12-14 14:39:04,745: +PARAM [/camera/depth/image_rect/compressed/jpeg_quality] by /camera_nodelet_manager
[rosmaster.master][INFO] 2012-12-14 14:39:04,748: +PARAM [/camera/depth/image_rect/compressed/png_level] by /camera_nodelet_manager
[rosmaster.master][INFO] 2012-12-14 14:39:04,751: +PUB [/camera/depth/image_rect] /camera_nodelet_manager http://pc:44096/
[rosmaster.master][INFO] 2012-12-14 14:39:04,754: +PUB [/camera/depth/image_rect/theora] /camera_nodelet_manager http://pc:44096/
[rosmaster.master][INFO] 2012-12-14 14:39:04,757: +SERVICE [/camera/depth/image_rect/theora/set_parameters] /camera_nodelet_manager http://pc:44096/
[rosmaster.master][INFO] 2012-12-14 14:39:04,759: +PUB [/camera/depth/image_rect/theora/parameter_descriptions] /camera_nodelet_manager http://pc:44096/
[rosmaster.master][INFO] 2012-12-14 14:39:04,762: +PUB [/camera/depth/image_rect/theora/parameter_updates] /camera_nodelet_manager http://pc:44096/
[rosmaster.master][INFO] 2012-12-14 14:39:04,772: +PARAM [/camera/depth/image_rect/theora/optimize_for] by /camera_nodelet_manager
[rosmaster.master][INFO] 2012-12-14 14:39:04,774: +PARAM [/camera/depth/image_rect/theora/target_bitrate] by /camera_nodelet_manager
[rosmaster.master][INFO] 2012-12-14 14:39:04,776: +PARAM [/camera/depth/image_rect/theora/quality] by /camera_nodelet_manager
[rosmaster.master][INFO] 2012-12-14 14:39:04,779: +PARAM [/camera/depth/image_rect/theora/keyframe_frequency] by /camera_nodelet_manager
[rosmaster.master][INFO] 2012-12-14 14:39:05,038: +SERVICE [/camera/depth/rectify_depth/set_parameters] /camera_nodelet_manager http://pc:44096/
[rosmaster.master][INFO] 2012-12-14 14:39:05,039: +PUB [/camera/depth/rectify_depth/parameter_descriptions] /camera_nodelet_manager http://pc:44096/
[rosmaster.master][INFO] 2012-12-14 14:39:05,040: +PUB [/camera/depth/rectify_depth/parameter_updates] /camera_nodelet_manager http://pc:44096/
[rosmaster.master][INFO] 2012-12-14 14:39:05,043: +PARAM [/camera/depth/rectify_depth/interpolation] by /camera_nodelet_manager
[rosmaster.master][INFO] 2012-12-14 14:39:05,044: +PUB [/camera/depth/image_rect_raw/compressed] /camera_nodelet_manager http://pc:44096/
[rosmaster.master][INFO] 2012-12-14 14:39:05,045: +SERVICE [/camera/depth/image_rect_raw/compressed/set_parameters] /camera_nodelet_manager http://pc:44096/
[rosmaster.master][INFO] 2012-12-14 14:39:05,047: +PUB [/camera/depth/image_rect_raw/compressed/parameter_descriptions] /camera_nodelet_manager http://pc:44096/
[rosmaster.master][INFO] 2012-12-14 14:39:05,048: +PUB [/camera/depth/image_rect_raw/compressed/parameter_updates] /camera_nodelet_manager http://pc:44096/
[rosmaster.master][INFO] 2012-12-14 14:39:05,053: +PARAM [/camera/depth/image_rect_raw/compressed/format] by /camera_nodelet_manager
[rosmaster.master][INFO] 2012-12-14 14:39:05,054: +PARAM [/camera/depth/image_rect_raw/compressed/jpeg_quality] by /camera_nodelet_manager
[rosmaster.master][INFO] 2012-12-14 14:39:05,056: +PARAM [/camera/depth/image_rect_raw/compressed/png_level] by /camera_nodelet_manager
[rosmaster.master][INFO] 2012-12-14 14:39:05,058: +PUB [/camera/depth/image_rect_raw] /camera_nodelet_manager http://pc:44096/
[rosmaster.master][INFO] 2012-12-14 14:39:05,060: +PUB [/camera/depth/image_rect_raw/theora] /camera_nodelet_manager http://pc:44096/
[rosmaster.master][INFO] 2012-12-14 14:39:05,061: +SERVICE [/camera/depth/image_rect_raw/theora/set_parameters] /camera_nodelet_manager http://pc:44096/
[rosmaster.master][INFO] 2012-12-14 14:39:05,064: +PUB [/camera/depth/image_rect_raw/theora/parameter_descriptions] /camera_nodelet_manager http://pc:44096/
[rosmaster.master][INFO] 2012-12-14 14:39:05,067: +PUB [/camera/depth/image_rect_raw/theora/parameter_updates] /camera_nodelet_manager http://pc:44096/
[rosmaster.master][INFO] 2012-12-14 14:39:05,074: +PARAM [/camera/depth/image_rect_raw/theora/optimize_for] by /camera_nodelet_manager
[rosmaster.master][INFO] 2012-12-14 14:39:05,076: +PARAM [/camera/depth/image_rect_raw/theora/target_bitrate] by /camera_nodelet_manager
[rosmaster.master][INFO] 2012-12-14 14:39:05,079: +PARAM [/camera/depth/image_rect_raw/theora/quality] by /camera_nodelet_manager
[rosmaster.master][INFO] 2012-12-14 14:39:05,081: +PARAM [/camera/depth/image_rect_raw/theora/keyframe_frequency] by /camera_nodelet_manager
[rosmaster.master][INFO] 2012-12-14 14:39:05,362: +SERVICE [/camera/rgb/rectify_mono/set_parameters] /camera_nodelet_manager http://pc:44096/
[rosmaster.master][INFO] 2012-12-14 14:39:05,364: +PUB [/camera/rgb/rectify_mono/parameter_descriptions] /camera_nodelet_manager http://pc:44096/
[rosmaster.master][INFO] 2012-12-14 14:39:05,366: +PUB [/camera/rgb/rectify_mono/parameter_updates] /camera_nodelet_manager http://pc:44096/
[rosmaster.master][INFO] 2012-12-14 14:39:05,368: +PARAM [/camera/rgb/rectify_mono/interpolation] by /camera_nodelet_manager
[rosmaster.master][INFO] 2012-12-14 14:39:05,370: +PUB [/camera/rgb/image_rect/compressed] /camera_nodelet_manager http://pc:44096/
[rosmaster.master][INFO] 2012-12-14 14:39:05,372: +SERVICE [/camera/rgb/image_rect/compressed/set_parameters] /camera_nodelet_manager http://pc:44096/
[rosmaster.master][INFO] 2012-12-14 14:39:05,373: +PUB [/camera/rgb/image_rect/compressed/parameter_descriptions] /camera_nodelet_manager http://pc:44096/
[rosmaster.master][INFO] 2012-12-14 14:39:05,375: +PUB [/camera/rgb/image_rect/compressed/parameter_updates] /camera_nodelet_manager http://pc:44096/
[rosmaster.master][INFO] 2012-12-14 14:39:05,380: +PARAM [/camera/rgb/image_rect/compressed/format] by /camera_nodelet_manager
[rosmaster.master][INFO] 2012-12-14 14:39:05,382: +PARAM [/camera/rgb/image_rect/compressed/jpeg_quality] by /camera_nodelet_manager
[rosmaster.master][INFO] 2012-12-14 14:39:05,383: +PARAM [/camera/rgb/image_rect/compressed/png_level] by /camera_nodelet_manager
[rosmaster.master][INFO] 2012-12-14 14:39:05,385: +PUB [/camera/rgb/image_rect] /camera_nodelet_manager http://pc:44096/
[rosmaster.master][INFO] 2012-12-14 14:39:05,387: +PUB [/camera/rgb/image_rect/theora] /camera_nodelet_manager http://pc:44096/
[rosmaster.master][INFO] 2012-12-14 14:39:05,388: +SERVICE [/camera/rgb/image_rect/theora/set_parameters] /camera_nodelet_manager http://pc:44096/
[rosmaster.master][INFO] 2012-12-14 14:39:05,389: +PUB [/camera/rgb/image_rect/theora/parameter_descriptions] /camera_nodelet_manager http://pc:44096/
[rosmaster.master][INFO] 2012-12-14 14:39:05,391: +PUB [/camera/rgb/image_rect/theora/parameter_updates] /camera_nodelet_manager http://pc:44096/
[rosmaster.master][INFO] 2012-12-14 14:39:05,398: +PARAM [/camera/rgb/image_rect/theora/optimize_for] by /camera_nodelet_manager
[rosmaster.master][INFO] 2012-12-14 14:39:05,400: +PARAM [/camera/rgb/image_rect/theora/target_bitrate] by /camera_nodelet_manager
[rosmaster.master][INFO] 2012-12-14 14:39:05,401: +PARAM [/camera/rgb/image_rect/theora/quality] by /camera_nodelet_manager
[rosmaster.master][INFO] 2012-12-14 14:39:05,404: +PARAM [/camera/rgb/image_rect/theora/keyframe_frequency] by /camera_nodelet_manager
[rosmaster.master][INFO] 2012-12-14 14:39:05,703: +SERVICE [/camera/ir/rectify_ir/set_parameters] /camera_nodelet_manager http://pc:44096/
[rosmaster.master][INFO] 2012-12-14 14:39:05,705: +PUB [/camera/ir/rectify_ir/parameter_descriptions] /camera_nodelet_manager http://pc:44096/
[rosmaster.master][INFO] 2012-12-14 14:39:05,708: +PUB [/camera/ir/rectify_ir/parameter_updates] /camera_nodelet_manager http://pc:44096/
[rosmaster.master][INFO] 2012-12-14 14:39:05,712: +PARAM [/camera/ir/rectify_ir/interpolation] by /camera_nodelet_manager
[rosmaster.master][INFO] 2012-12-14 14:39:05,715: +PUB [/camera/ir/image_rect/compressed] /camera_nodelet_manager http://pc:44096/
[rosmaster.master][INFO] 2012-12-14 14:39:05,717: +SERVICE [/camera/ir/image_rect/compressed/set_parameters] /camera_nodelet_manager http://pc:44096/
[rosmaster.master][INFO] 2012-12-14 14:39:05,720: +PUB [/camera/ir/image_rect/compressed/parameter_descriptions] /camera_nodelet_manager http://pc:44096/
[rosmaster.master][INFO] 2012-12-14 14:39:05,722: +PUB [/camera/ir/image_rect/compressed/parameter_updates] /camera_nodelet_manager http://pc:44096/
[rosmaster.master][INFO] 2012-12-14 14:39:05,730: +PARAM [/camera/ir/image_rect/compressed/format] by /camera_nodelet_manager
[rosmaster.master][INFO] 2012-12-14 14:39:05,733: +PARAM [/camera/ir/image_rect/compressed/jpeg_quality] by /camera_nodelet_manager
[rosmaster.master][INFO] 2012-12-14 14:39:05,735: +PARAM [/camera/ir/image_rect/compressed/png_level] by /camera_nodelet_manager
[rosmaster.master][INFO] 2012-12-14 14:39:05,737: +PUB [/camera/ir/image_rect] /camera_nodelet_manager http://pc:44096/
[rosmaster.master][INFO] 2012-12-14 14:39:05,740: +PUB [/camera/ir/image_rect/theora] /camera_nodelet_manager http://pc:44096/
[rosmaster.master][INFO] 2012-12-14 14:39:05,742: +SERVICE [/camera/ir/image_rect/theora/set_parameters] /camera_nodelet_manager http://pc:44096/
[rosmaster.master][INFO] 2012-12-14 14:39:05,745: +PUB [/camera/ir/image_rect/theora/parameter_descriptions] /camera_nodelet_manager http://pc:44096/
[rosmaster.master][INFO] 2012-12-14 14:39:05,747: +PUB [/camera/ir/image_rect/theora/parameter_updates] /camera_nodelet_manager http://pc:44096/
[rosmaster.master][INFO] 2012-12-14 14:39:05,758: +PARAM [/camera/ir/image_rect/theora/optimize_for] by /camera_nodelet_manager
[rosmaster.master][INFO] 2012-12-14 14:39:05,760: +PARAM [/camera/ir/image_rect/theora/target_bitrate] by /camera_nodelet_manager
[rosmaster.master][INFO] 2012-12-14 14:39:05,762: +PARAM [/camera/ir/image_rect/theora/quality] by /camera_nodelet_manager
[rosmaster.master][INFO] 2012-12-14 14:39:05,765: +PARAM [/camera/ir/image_rect/theora/keyframe_frequency] by /camera_nodelet_manager
[rosmaster.master][INFO] 2012-12-14 14:39:05,839: +SERVICE [/camera/driver/set_parameters] /camera_nodelet_manager http://pc:44096/
[rosmaster.master][INFO] 2012-12-14 14:39:05,840: +PUB [/camera/driver/parameter_descriptions] /camera_nodelet_manager http://pc:44096/
[rosmaster.master][INFO] 2012-12-14 14:39:05,841: +PUB [/camera/driver/parameter_updates] /camera_nodelet_manager http://pc:44096/
[rosmaster.master][INFO] 2012-12-14 14:39:05,847: +SUB [/camera/driver/parameter_updates] /set_dr http://pc:59620/
[rosmaster.master][INFO] 2012-12-14 14:39:05,850: +SUB [/camera/driver/parameter_descriptions] /set_dr http://pc:59620/
[rosmaster.master][INFO] 2012-12-14 14:39:05,854: +PARAM [/camera/driver/image_mode] by /camera_nodelet_manager
[rosmaster.master][INFO] 2012-12-14 14:39:05,855: +PARAM [/camera/driver/depth_mode] by /camera_nodelet_manager
[rosmaster.master][INFO] 2012-12-14 14:39:05,856: +PARAM [/camera/driver/depth_registration] by /camera_nodelet_manager
[rosmaster.master][INFO] 2012-12-14 14:39:05,857: +PARAM [/camera/driver/data_skip] by /camera_nodelet_manager
[rosmaster.master][INFO] 2012-12-14 14:39:05,858: +PARAM [/camera/driver/depth_time_offset] by /camera_nodelet_manager
[rosmaster.master][INFO] 2012-12-14 14:39:05,859: +PARAM [/camera/driver/image_time_offset] by /camera_nodelet_manager
[rosmaster.master][INFO] 2012-12-14 14:39:05,861: +PARAM [/camera/driver/depth_ir_offset_x] by /camera_nodelet_manager
[rosmaster.master][INFO] 2012-12-14 14:39:05,862: +PARAM [/camera/driver/depth_ir_offset_y] by /camera_nodelet_manager
[rosmaster.master][INFO] 2012-12-14 14:39:05,864: +PARAM [/camera/driver/z_offset_mm] by /camera_nodelet_manager
[rosmaster.master][INFO] 2012-12-14 14:39:05,874: +SERVICE [/camera/rgb/set_camera_info] /camera_nodelet_manager http://pc:44096/
[rosmaster.master][INFO] 2012-12-14 14:39:05,876: +SERVICE [/camera/ir/set_camera_info] /camera_nodelet_manager http://pc:44096/
[rosmaster.master][INFO] 2012-12-14 14:39:05,915: +PARAM [/camera/driver/image_mode] by /camera_nodelet_manager
[rosmaster.master][INFO] 2012-12-14 14:39:05,917: +PUB [/camera/rgb/image_raw/compressed] /camera_nodelet_manager http://pc:44096/
[rosmaster.master][INFO] 2012-12-14 14:39:05,918: +PARAM [/camera/driver/depth_mode] by /camera_nodelet_manager
[rosmaster.master][INFO] 2012-12-14 14:39:05,919: +SERVICE [/camera/rgb/image_raw/compressed/set_parameters] /camera_nodelet_manager http://pc:44096/
[rosmaster.master][INFO] 2012-12-14 14:39:05,920: +PARAM [/camera/driver/depth_registration] by /camera_nodelet_manager
[rosmaster.master][INFO] 2012-12-14 14:39:05,921: +PUB [/camera/rgb/image_raw/compressed/parameter_descriptions] /camera_nodelet_manager http://pc:44096/
[rosmaster.master][INFO] 2012-12-14 14:39:05,922: +PARAM [/camera/driver/data_skip] by /camera_nodelet_manager
[rosmaster.master][INFO] 2012-12-14 14:39:05,923: +PUB [/camera/rgb/image_raw/compressed/parameter_updates] /camera_nodelet_manager http://pc:44096/
[rosmaster.master][INFO] 2012-12-14 14:39:05,924: +PARAM [/camera/driver/depth_time_offset] by /camera_nodelet_manager
[rosmaster.master][INFO] 2012-12-14 14:39:05,926: +PARAM [/camera/driver/image_time_offset] by /camera_nodelet_manager
[rosmaster.master][INFO] 2012-12-14 14:39:05,927: +PARAM [/camera/driver/depth_ir_offset_x] by /camera_nodelet_manager
[rosmaster.master][INFO] 2012-12-14 14:39:05,929: +PARAM [/camera/rgb/image_raw/compressed/format] by /camera_nodelet_manager
[rosmaster.master][INFO] 2012-12-14 14:39:05,930: +PARAM [/camera/driver/depth_ir_offset_y] by /camera_nodelet_manager
[rosmaster.master][INFO] 2012-12-14 14:39:05,931: +PARAM [/camera/driver/z_offset_mm] by /camera_nodelet_manager
[rosmaster.master][INFO] 2012-12-14 14:39:05,932: +PARAM [/camera/rgb/image_raw/compressed/jpeg_quality] by /camera_nodelet_manager
[rosmaster.master][INFO] 2012-12-14 14:39:05,934: -SUB [/camera/driver/parameter_updates] /set_dr http://pc:59620/
[rosmaster.master][INFO] 2012-12-14 14:39:05,934: -SUB [/camera/driver/parameter_descriptions] /set_dr http://pc:59620/
[rosmaster.master][INFO] 2012-12-14 14:39:05,934: -PUB [/rosout] /set_dr http://pc:59620/
[rosmaster.master][INFO] 2012-12-14 14:39:05,935: +PARAM [/camera/rgb/image_raw/compressed/png_level] by /camera_nodelet_manager
[rosmaster.master][INFO] 2012-12-14 14:39:05,937: +PUB [/camera/rgb/image_raw] /camera_nodelet_manager http://pc:44096/
[rosmaster.master][INFO] 2012-12-14 14:39:05,938: +PUB [/camera/rgb/image_raw/theora] /camera_nodelet_manager http://pc:44096/
[rosmaster.master][INFO] 2012-12-14 14:39:05,939: +SERVICE [/camera/rgb/image_raw/theora/set_parameters] /camera_nodelet_manager http://pc:44096/
[rosmaster.master][INFO] 2012-12-14 14:39:05,940: +PUB [/camera/rgb/image_raw/theora/parameter_descriptions] /camera_nodelet_manager http://pc:44096/
[rosmaster.master][INFO] 2012-12-14 14:39:05,941: +PUB [/camera/rgb/image_raw/theora/parameter_updates] /camera_nodelet_manager http://pc:44096/
[rosmaster.master][INFO] 2012-12-14 14:39:05,945: +PARAM [/camera/rgb/image_raw/theora/optimize_for] by /camera_nodelet_manager
[rosmaster.master][INFO] 2012-12-14 14:39:05,946: +PARAM [/camera/rgb/image_raw/theora/target_bitrate] by /camera_nodelet_manager
[rosmaster.master][INFO] 2012-12-14 14:39:05,947: +PARAM [/camera/rgb/image_raw/theora/quality] by /camera_nodelet_manager
[rosmaster.master][INFO] 2012-12-14 14:39:05,947: +PARAM [/camera/rgb/image_raw/theora/keyframe_frequency] by /camera_nodelet_manager
[rosmaster.master][INFO] 2012-12-14 14:39:05,948: +PUB [/camera/rgb/camera_info] /camera_nodelet_manager http://pc:44096/
[rosmaster.master][INFO] 2012-12-14 14:39:05,950: +PUB [/camera/ir/image_raw/compressed] /camera_nodelet_manager http://pc:44096/
[rosmaster.master][INFO] 2012-12-14 14:39:05,951: +SERVICE [/camera/ir/image_raw/compressed/set_parameters] /camera_nodelet_manager http://pc:44096/
[rosmaster.master][INFO] 2012-12-14 14:39:05,951: +PUB [/camera/ir/image_raw/compressed/parameter_descriptions] /camera_nodelet_manager http://pc:44096/
[rosmaster.master][INFO] 2012-12-14 14:39:05,952: +PUB [/camera/ir/image_raw/compressed/parameter_updates] /camera_nodelet_manager http://pc:44096/
[rosmaster.master][INFO] 2012-12-14 14:39:05,956: +PARAM [/camera/ir/image_raw/compressed/format] by /camera_nodelet_manager
[rosmaster.master][INFO] 2012-12-14 14:39:05,957: +PARAM [/camera/ir/image_raw/compressed/jpeg_quality] by /camera_nodelet_manager
[rosmaster.master][INFO] 2012-12-14 14:39:05,958: +PARAM [/camera/ir/image_raw/compressed/png_level] by /camera_nodelet_manager
[rosmaster.master][INFO] 2012-12-14 14:39:05,959: +PUB [/camera/ir/image_raw] /camera_nodelet_manager http://pc:44096/
[rosmaster.master][INFO] 2012-12-14 14:39:05,960: +PUB [/camera/ir/image_raw/theora] /camera_nodelet_manager http://pc:44096/
[rosmaster.master][INFO] 2012-12-14 14:39:05,961: +SERVICE [/camera/ir/image_raw/theora/set_parameters] /camera_nodelet_manager http://pc:44096/
[rosmaster.master][INFO] 2012-12-14 14:39:05,962: +PUB [/camera/ir/image_raw/theora/parameter_descriptions] /camera_nodelet_manager http://pc:44096/
[rosmaster.master][INFO] 2012-12-14 14:39:05,963: +PUB [/camera/ir/image_raw/theora/parameter_updates] /camera_nodelet_manager http://pc:44096/
[rosmaster.master][INFO] 2012-12-14 14:39:05,967: +PARAM [/camera/ir/image_raw/theora/optimize_for] by /camera_nodelet_manager
[rosmaster.master][INFO] 2012-12-14 14:39:05,968: +PARAM [/camera/ir/image_raw/theora/target_bitrate] by /camera_nodelet_manager
[rosmaster.master][INFO] 2012-12-14 14:39:05,969: +PARAM [/camera/ir/image_raw/theora/quality] by /camera_nodelet_manager
[rosmaster.master][INFO] 2012-12-14 14:39:05,970: +PARAM [/camera/ir/image_raw/theora/keyframe_frequency] by /camera_nodelet_manager
[rosmaster.master][INFO] 2012-12-14 14:39:05,971: +PUB [/camera/ir/camera_info] /camera_nodelet_manager http://pc:44096/
[rosmaster.master][INFO] 2012-12-14 14:39:05,972: +PUB [/camera/depth/image_raw/compressed] /camera_nodelet_manager http://pc:44096/
[rosmaster.master][INFO] 2012-12-14 14:39:05,973: +SERVICE [/camera/depth/image_raw/compressed/set_parameters] /camera_nodelet_manager http://pc:44096/
[rosmaster.master][INFO] 2012-12-14 14:39:05,974: +PUB [/camera/depth/image_raw/compressed/parameter_descriptions] /camera_nodelet_manager http://pc:44096/
[rosmaster.master][INFO] 2012-12-14 14:39:05,975: +PUB [/camera/depth/image_raw/compressed/parameter_updates] /camera_nodelet_manager http://pc:44096/
[rosmaster.master][INFO] 2012-12-14 14:39:05,978: +PARAM [/camera/depth/image_raw/compressed/format] by /camera_nodelet_manager
[rosmaster.master][INFO] 2012-12-14 14:39:05,979: +PARAM [/camera/depth/image_raw/compressed/jpeg_quality] by /camera_nodelet_manager
[rosmaster.master][INFO] 2012-12-14 14:39:05,980: +PARAM [/camera/depth/image_raw/compressed/png_level] by /camera_nodelet_manager
[rosmaster.master][INFO] 2012-12-14 14:39:05,981: +PUB [/camera/depth/image_raw] /camera_nodelet_manager http://pc:44096/
[rosmaster.master][INFO] 2012-12-14 14:39:05,982: +PUB [/camera/depth/image_raw/theora] /camera_nodelet_manager http://pc:44096/
[rosmaster.master][INFO] 2012-12-14 14:39:05,983: +SERVICE [/camera/depth/image_raw/theora/set_parameters] /camera_nodelet_manager http://pc:44096/
[rosmaster.master][INFO] 2012-12-14 14:39:05,984: +PUB [/camera/depth/image_raw/theora/parameter_descriptions] /camera_nodelet_manager http://pc:44096/
[rosmaster.master][INFO] 2012-12-14 14:39:05,985: +PUB [/camera/depth/image_raw/theora/parameter_updates] /camera_nodelet_manager http://pc:44096/
[rosmaster.master][INFO] 2012-12-14 14:39:05,989: +PARAM [/camera/depth/image_raw/theora/optimize_for] by /camera_nodelet_manager
[rosmaster.master][INFO] 2012-12-14 14:39:05,990: +PARAM [/camera/depth/image_raw/theora/target_bitrate] by /camera_nodelet_manager
[rosmaster.master][INFO] 2012-12-14 14:39:05,991: +PARAM [/camera/depth/image_raw/theora/quality] by /camera_nodelet_manager
[rosmaster.master][INFO] 2012-12-14 14:39:05,992: +PARAM [/camera/depth/image_raw/theora/keyframe_frequency] by /camera_nodelet_manager
[rosmaster.master][INFO] 2012-12-14 14:39:05,993: +PUB [/camera/depth/camera_info] /camera_nodelet_manager http://pc:44096/
[rosmaster.master][INFO] 2012-12-14 14:39:05,994: +PUB [/camera/projector/camera_info] /camera_nodelet_manager http://pc:44096/
[rosmaster.master][INFO] 2012-12-14 14:39:05,995: +PUB [/camera/depth_registered/image_raw/compressed] /camera_nodelet_manager http://pc:44096/
[rosmaster.master][INFO] 2012-12-14 14:39:05,996: +SERVICE [/camera/depth_registered/image_raw/compressed/set_parameters] /camera_nodelet_manager http://pc:44096/
[rosmaster.master][INFO] 2012-12-14 14:39:05,997: +PUB [/camera/depth_registered/image_raw/compressed/parameter_descriptions] /camera_nodelet_manager http://pc:44096/
[rosmaster.master][INFO] 2012-12-14 14:39:05,998: +PUB [/camera/depth_registered/image_raw/compressed/parameter_updates] /camera_nodelet_manager http://pc:44096/
[rosmaster.master][INFO] 2012-12-14 14:39:06,001: +PARAM [/camera/depth_registered/image_raw/compressed/format] by /camera_nodelet_manager
[rosmaster.master][INFO] 2012-12-14 14:39:06,002: publisherUpdate[/rosout] -> http://pc:57013/
[rosmaster.master][INFO] 2012-12-14 14:39:06,003: +PARAM [/camera/depth_registered/image_raw/compressed/jpeg_quality] by /camera_nodelet_manager
[rosmaster.master][INFO] 2012-12-14 14:39:06,005: +PARAM [/camera/depth_registered/image_raw/compressed/png_level] by /camera_nodelet_manager
[rosmaster.master][INFO] 2012-12-14 14:39:06,006: +PUB [/camera/depth_registered/image_raw] /camera_nodelet_manager http://pc:44096/
[rosmaster.master][INFO] 2012-12-14 14:39:06,007: +PUB [/camera/depth_registered/image_raw/theora] /camera_nodelet_manager http://pc:44096/
[rosmaster.master][INFO] 2012-12-14 14:39:06,008: +SERVICE [/camera/depth_registered/image_raw/theora/set_parameters] /camera_nodelet_manager http://pc:44096/
[rosmaster.master][INFO] 2012-12-14 14:39:06,009: +PUB [/camera/depth_registered/image_raw/theora/parameter_descriptions] /camera_nodelet_manager http://pc:44096/
[rosmaster.master][INFO] 2012-12-14 14:39:06,010: +PUB [/camera/depth_registered/image_raw/theora/parameter_updates] /camera_nodelet_manager http://pc:44096/
[rosmaster.master][INFO] 2012-12-14 14:39:06,014: +PARAM [/camera/depth_registered/image_raw/theora/optimize_for] by /camera_nodelet_manager
[rosmaster.master][INFO] 2012-12-14 14:39:06,015: +PARAM [/camera/depth_registered/image_raw/theora/target_bitrate] by /camera_nodelet_manager
[rosmaster.master][INFO] 2012-12-14 14:39:06,017: +PARAM [/camera/depth_registered/image_raw/theora/quality] by /camera_nodelet_manager
[rosmaster.master][INFO] 2012-12-14 14:39:06,018: +PARAM [/camera/depth_registered/image_raw/theora/keyframe_frequency] by /camera_nodelet_manager
[rosmaster.master][INFO] 2012-12-14 14:39:06,073: +PUB [/camera/depth/image/compressed] /camera_nodelet_manager http://pc:44096/
[rosmaster.master][INFO] 2012-12-14 14:39:06,075: +SERVICE [/camera/depth/image/compressed/set_parameters] /camera_nodelet_manager http://pc:44096/
[rosmaster.master][INFO] 2012-12-14 14:39:06,077: +PUB [/camera/depth/image/compressed/parameter_descriptions] /camera_nodelet_manager http://pc:44096/
[rosmaster.master][INFO] 2012-12-14 14:39:06,080: +PUB [/camera/depth/image/compressed/parameter_updates] /camera_nodelet_manager http://pc:44096/
[rosmaster.master][INFO] 2012-12-14 14:39:06,088: +PARAM [/camera/depth/image/compressed/format] by /camera_nodelet_manager
[rosmaster.master][INFO] 2012-12-14 14:39:06,090: +PARAM [/camera/depth/image/compressed/jpeg_quality] by /camera_nodelet_manager
[rosmaster.master][INFO] 2012-12-14 14:39:06,093: +PARAM [/camera/depth/image/compressed/png_level] by /camera_nodelet_manager
[rosmaster.master][INFO] 2012-12-14 14:39:06,096: +PUB [/camera/depth/image] /camera_nodelet_manager http://pc:44096/
[rosmaster.master][INFO] 2012-12-14 14:39:06,099: +PUB [/camera/depth/image/theora] /camera_nodelet_manager http://pc:44096/
[rosmaster.master][INFO] 2012-12-14 14:39:06,103: +SERVICE [/camera/depth/image/theora/set_parameters] /camera_nodelet_manager http://pc:44096/
[rosmaster.master][INFO] 2012-12-14 14:39:06,106: +PUB [/camera/depth/image/theora/parameter_descriptions] /camera_nodelet_manager http://pc:44096/
[rosmaster.master][INFO] 2012-12-14 14:39:06,109: +PUB [/camera/depth/image/theora/parameter_updates] /camera_nodelet_manager http://pc:44096/
[rosmaster.master][INFO] 2012-12-14 14:39:06,121: +PARAM [/camera/depth/image/theora/optimize_for] by /camera_nodelet_manager
[rosmaster.master][INFO] 2012-12-14 14:39:06,123: +PARAM [/camera/depth/image/theora/target_bitrate] by /camera_nodelet_manager
[rosmaster.master][INFO] 2012-12-14 14:39:06,125: +PARAM [/camera/depth/image/theora/quality] by /camera_nodelet_manager
[rosmaster.master][INFO] 2012-12-14 14:39:06,127: +PARAM [/camera/depth/image/theora/keyframe_frequency] by /camera_nodelet_manager
[rosmaster.master][INFO] 2012-12-14 14:39:06,658: +PUB [/camera/depth_registered/points] /camera_nodelet_manager http://pc:44096/
[rosmaster.master][INFO] 2012-12-14 14:39:06,928: +PUB [/camera/depth_registered/image_rect/compressed] /camera_nodelet_manager http://pc:44096/
[rosmaster.master][INFO] 2012-12-14 14:39:06,931: +SERVICE [/camera/depth_registered/image_rect/compressed/set_parameters] /camera_nodelet_manager http://pc:44096/
[rosmaster.master][INFO] 2012-12-14 14:39:06,933: +PUB [/camera/depth_registered/image_rect/compressed/parameter_descriptions] /camera_nodelet_manager http://pc:44096/
[rosmaster.master][INFO] 2012-12-14 14:39:06,936: +PUB [/camera/depth_registered/image_rect/compressed/parameter_updates] /camera_nodelet_manager http://pc:44096/
[rosmaster.master][INFO] 2012-12-14 14:39:06,945: +PARAM [/camera/depth_registered/image_rect/compressed/format] by /camera_nodelet_manager
[rosmaster.master][INFO] 2012-12-14 14:39:06,948: +PARAM [/camera/depth_registered/image_rect/compressed/jpeg_quality] by /camera_nodelet_manager
[rosmaster.master][INFO] 2012-12-14 14:39:06,950: +PARAM [/camera/depth_registered/image_rect/compressed/png_level] by /camera_nodelet_manager
[rosmaster.master][INFO] 2012-12-14 14:39:06,954: +PUB [/camera/depth_registered/image_rect] /camera_nodelet_manager http://pc:44096/
[rosmaster.master][INFO] 2012-12-14 14:39:06,957: +PUB [/camera/depth_registered/image_rect/theora] /camera_nodelet_manager http://pc:44096/
[rosmaster.master][INFO] 2012-12-14 14:39:06,959: +SERVICE [/camera/depth_registered/image_rect/theora/set_parameters] /camera_nodelet_manager http://pc:44096/
[rosmaster.master][INFO] 2012-12-14 14:39:06,962: +PUB [/camera/depth_registered/image_rect/theora/parameter_descriptions] /camera_nodelet_manager http://pc:44096/
[rosmaster.master][INFO] 2012-12-14 14:39:06,964: +PUB [/camera/depth_registered/image_rect/theora/parameter_updates] /camera_nodelet_manager http://pc:44096/
[rosmaster.master][INFO] 2012-12-14 14:39:06,975: +PARAM [/camera/depth_registered/image_rect/theora/optimize_for] by /camera_nodelet_manager
[rosmaster.master][INFO] 2012-12-14 14:39:06,977: +PARAM [/camera/depth_registered/image_rect/theora/target_bitrate] by /camera_nodelet_manager
[rosmaster.master][INFO] 2012-12-14 14:39:06,980: +PARAM [/camera/depth_registered/image_rect/theora/quality] by /camera_nodelet_manager
[rosmaster.master][INFO] 2012-12-14 14:39:06,982: +PARAM [/camera/depth_registered/image_rect/theora/keyframe_frequency] by /camera_nodelet_manager
[rosmaster.master][INFO] 2012-12-14 14:39:07,004: publisherUpdate[/camera/depth_registered/image_rect] -> http://pc:39760/
[rosmaster.master][INFO] 2012-12-14 14:39:07,018: +SUB [/camera/depth_registered/image_rect_raw] /camera_nodelet_manager http://pc:44096/
[rosmaster.master][INFO] 2012-12-14 14:39:07,022: +SUB [/camera/depth_registered/image_raw] /camera_nodelet_manager http://pc:44096/
[rosmaster.master][INFO] 2012-12-14 14:39:07,023: +SUB [/camera/depth/image_rect_raw] /camera_nodelet_manager http://pc:44096/
[rosmaster.master][INFO] 2012-12-14 14:39:07,025: +SUB [/camera/depth_registered/camera_info] /camera_nodelet_manager http://pc:44096/
[rosmaster.master][INFO] 2012-12-14 14:39:07,026: +SUB [/camera/depth/camera_info] /camera_nodelet_manager http://pc:44096/
[rosmaster.master][INFO] 2012-12-14 14:39:07,027: +SUB [/camera/rgb/camera_info] /camera_nodelet_manager http://pc:44096/
[rosmaster.master][INFO] 2012-12-14 14:39:07,028: +SUB [/camera/depth/image_raw] /camera_nodelet_manager http://pc:44096/
[rosmaster.master][INFO] 2012-12-14 14:39:07,289: +PUB [/camera/depth_registered/disparity] /camera_nodelet_manager http://pc:44096/
[rosmaster.master][INFO] 2012-12-14 14:39:07,562: +SERVICE [/camera/rgb/rectify_color/set_parameters] /camera_nodelet_manager http://pc:44096/
[rosmaster.master][INFO] 2012-12-14 14:39:07,564: +PUB [/camera/rgb/rectify_color/parameter_descriptions] /camera_nodelet_manager http://pc:44096/
[rosmaster.master][INFO] 2012-12-14 14:39:07,565: +PUB [/camera/rgb/rectify_color/parameter_updates] /camera_nodelet_manager http://pc:44096/
[rosmaster.master][INFO] 2012-12-14 14:39:07,567: +PARAM [/camera/rgb/rectify_color/interpolation] by /camera_nodelet_manager
[rosmaster.master][INFO] 2012-12-14 14:39:07,569: +PUB [/camera/rgb/image_rect_color/compressed] /camera_nodelet_manager http://pc:44096/
[rosmaster.master][INFO] 2012-12-14 14:39:07,571: +SERVICE [/camera/rgb/image_rect_color/compressed/set_parameters] /camera_nodelet_manager http://pc:44096/
[rosmaster.master][INFO] 2012-12-14 14:39:07,572: +PUB [/camera/rgb/image_rect_color/compressed/parameter_descriptions] /camera_nodelet_manager http://pc:44096/
[rosmaster.master][INFO] 2012-12-14 14:39:07,574: +PUB [/camera/rgb/image_rect_color/compressed/parameter_updates] /camera_nodelet_manager http://pc:44096/
[rosmaster.master][INFO] 2012-12-14 14:39:07,579: +PARAM [/camera/rgb/image_rect_color/compressed/format] by /camera_nodelet_manager
[rosmaster.master][INFO] 2012-12-14 14:39:07,580: +PARAM [/camera/rgb/image_rect_color/compressed/jpeg_quality] by /camera_nodelet_manager
[rosmaster.master][INFO] 2012-12-14 14:39:07,581: +PARAM [/camera/rgb/image_rect_color/compressed/png_level] by /camera_nodelet_manager
[rosmaster.master][INFO] 2012-12-14 14:39:07,582: +PUB [/camera/rgb/image_rect_color] /camera_nodelet_manager http://pc:44096/
[rosmaster.master][INFO] 2012-12-14 14:39:07,584: +PUB [/camera/rgb/image_rect_color/theora] /camera_nodelet_manager http://pc:44096/
[rosmaster.master][INFO] 2012-12-14 14:39:07,585: +SERVICE [/camera/rgb/image_rect_color/theora/set_parameters] /camera_nodelet_manager http://pc:44096/
[rosmaster.master][INFO] 2012-12-14 14:39:07,586: +PUB [/camera/rgb/image_rect_color/theora/parameter_descriptions] /camera_nodelet_manager http://pc:44096/
[rosmaster.master][INFO] 2012-12-14 14:39:07,587: +PUB [/camera/rgb/image_rect_color/theora/parameter_updates] /camera_nodelet_manager http://pc:44096/
[rosmaster.master][INFO] 2012-12-14 14:39:07,592: +PARAM [/camera/rgb/image_rect_color/theora/optimize_for] by /camera_nodelet_manager
[rosmaster.master][INFO] 2012-12-14 14:39:07,593: +PARAM [/camera/rgb/image_rect_color/theora/target_bitrate] by /camera_nodelet_manager
[rosmaster.master][INFO] 2012-12-14 14:39:07,594: +PARAM [/camera/rgb/image_rect_color/theora/quality] by /camera_nodelet_manager
[rosmaster.master][INFO] 2012-12-14 14:39:07,595: +PARAM [/camera/rgb/image_rect_color/theora/keyframe_frequency] by /camera_nodelet_manager
[rosmaster.master][INFO] 2012-12-14 14:39:07,607: publisherUpdate[/camera/rgb/image_rect_color] -> http://pc:39760/
[rosmaster.master][INFO] 2012-12-14 14:39:07,665: +SUB [/camera/rgb/image_color] /camera_nodelet_manager http://pc:44096/
[rosmaster.master][INFO] 2012-12-14 14:39:07,672: +SUB [/camera/rgb/image_raw] /camera_nodelet_manager http://pc:44096/
[rosmaster.master][INFO] 2012-12-14 14:39:41,210: -SUB [/camera/depth_registered/image_rect] /depth_detection http://pc:39760/
[rosmaster.master][INFO] 2012-12-14 14:39:41,211: -SUB [/camera/rgb/image_rect_color] /depth_detection http://pc:39760/
[rosmaster.master][INFO] 2012-12-14 14:39:41,211: -PUB [/rosout] /depth_detection http://pc:39760/
[rosmaster.master][INFO] 2012-12-14 14:39:41,214: -PUB [/camera/depth/disparity] /camera_nodelet_manager http://pc:44096/
[rosmaster.master][INFO] 2012-12-14 14:39:41,217: -PUB [/camera/depth_registered/points] /camera_nodelet_manager http://pc:44096/
[rosmaster.master][INFO] 2012-12-14 14:39:41,218: -PUB [/camera/depth_registered/disparity] /camera_nodelet_manager http://pc:44096/
[rosmaster.master][INFO] 2012-12-14 14:39:41,220: -SUB [/camera/depth_registered/image_rect_raw] /camera_nodelet_manager http://pc:44096/
[rosmaster.master][INFO] 2012-12-14 14:39:41,223: -SUB [/camera/depth_registered/image_raw] /camera_nodelet_manager http://pc:44096/
[rosmaster.master][INFO] 2012-12-14 14:39:41,224: -SUB [/camera/depth_registered/camera_info] /camera_nodelet_manager http://pc:44096/
[rosmaster.master][INFO] 2012-12-14 14:39:41,225: -SUB [/camera/rgb/image_color] /camera_nodelet_manager http://pc:44096/
[rosmaster.master][INFO] 2012-12-14 14:39:41,227: -SUB [/camera/depth/image_rect_raw] /camera_nodelet_manager http://pc:44096/
[rosmaster.master][INFO] 2012-12-14 14:39:41,228: -SUB [/camera/rgb/camera_info] /camera_nodelet_manager http://pc:44096/
[rosmaster.master][INFO] 2012-12-14 14:39:41,229: -SUB [/camera/rgb/image_raw] /camera_nodelet_manager http://pc:44096/
[rosmaster.master][INFO] 2012-12-14 14:39:41,230: -SUB [/camera/depth/image_raw] /camera_nodelet_manager http://pc:44096/
[rosmaster.master][INFO] 2012-12-14 14:39:41,232: -SUB [/camera/depth/camera_info] /camera_nodelet_manager http://pc:44096/
[rosmaster.master][INFO] 2012-12-14 14:39:41,251: -PUB [/rosout] /camera/points_xyzrgb_depth_rgb http://pc:45828/
[rosmaster.master][INFO] 2012-12-14 14:39:41,253: -PUB [/rosout] /camera/depth_registered/metric_rect http://pc:32834/
[rosmaster.master][INFO] 2012-12-14 14:39:41,254: -SERVICE [/camera/points_xyzrgb_depth_rgb/get_loggers] /camera/points_xyzrgb_depth_rgb rosrpc://pc:57780
[rosmaster.master][INFO] 2012-12-14 14:39:41,256: -SERVICE [/camera/depth_registered/metric_rect/get_loggers] /camera/depth_registered/metric_rect rosrpc://pc:56031
[rosmaster.master][INFO] 2012-12-14 14:39:41,257: -SERVICE [/camera/points_xyzrgb_depth_rgb/set_logger_level] /camera/points_xyzrgb_depth_rgb rosrpc://pc:57780
[rosmaster.master][INFO] 2012-12-14 14:39:41,258: -SERVICE [/camera/depth_registered/metric_rect/set_logger_level] /camera/depth_registered/metric_rect rosrpc://pc:56031
[rosmaster.master][INFO] 2012-12-14 14:39:41,264: publisherUpdate[/rosout] -> http://pc:57013/
[rosmaster.master][INFO] 2012-12-14 14:39:41,267: publisherUpdate[/rosout] -> http://pc:57013/
[rosmaster.master][INFO] 2012-12-14 14:39:41,269: publisherUpdate[/rosout] -> http://pc:57013/
[rosmaster.master][INFO] 2012-12-14 14:39:41,334: -PUB [/rosout] /camera/depth_registered/metric http://pc:55885/
[rosmaster.master][INFO] 2012-12-14 14:39:41,336: -SERVICE [/camera/depth_registered/metric/get_loggers] /camera/depth_registered/metric rosrpc://pc:37054
[rosmaster.master][INFO] 2012-12-14 14:39:41,337: -SERVICE [/camera/depth_registered/metric/set_logger_level] /camera/depth_registered/metric rosrpc://pc:37054
[rosmaster.master][INFO] 2012-12-14 14:39:41,338: -PUB [/rosout] /camera/disparity_depth http://pc:36156/
[rosmaster.master][INFO] 2012-12-14 14:39:41,339: -SERVICE [/camera/disparity_depth/get_loggers] /camera/disparity_depth rosrpc://pc:43085
[rosmaster.master][INFO] 2012-12-14 14:39:41,340: -SERVICE [/camera/disparity_depth/set_logger_level] /camera/disparity_depth rosrpc://pc:43085
[rosmaster.master][INFO] 2012-12-14 14:39:41,341: -PUB [/rosout] /camera/disparity_depth_registered http://pc:53708/
[rosmaster.master][INFO] 2012-12-14 14:39:41,342: -SERVICE [/camera/disparity_depth_registered/get_loggers] /camera/disparity_depth_registered rosrpc://pc:49613
[rosmaster.master][INFO] 2012-12-14 14:39:41,343: -SERVICE [/camera/disparity_depth_registered/set_logger_level] /camera/disparity_depth_registered rosrpc://pc:49613
[rosmaster.master][INFO] 2012-12-14 14:39:41,351: -PUB [/rosout] /camera_base_link2 http://pc:34737/
[rosmaster.master][INFO] 2012-12-14 14:39:41,352: -PUB [/rosout] /camera_base_link3 http://pc:56109/
[rosmaster.master][INFO] 2012-12-14 14:39:41,353: -PUB [/tf] /camera_base_link2 http://pc:34737/
[rosmaster.master][INFO] 2012-12-14 14:39:41,354: -PUB [/tf] /camera_base_link3 http://pc:56109/
[rosmaster.master][INFO] 2012-12-14 14:39:41,355: -PUB [/rosout] /camera_base_link1 http://pc:54797/
[rosmaster.master][INFO] 2012-12-14 14:39:41,356: -SERVICE [/camera_base_link2/get_loggers] /camera_base_link2 rosrpc://pc:53917
[rosmaster.master][INFO] 2012-12-14 14:39:41,357: -SERVICE [/camera_base_link3/get_loggers] /camera_base_link3 rosrpc://pc:49254
[rosmaster.master][INFO] 2012-12-14 14:39:41,358: -PUB [/tf] /camera_base_link1 http://pc:54797/
[rosmaster.master][INFO] 2012-12-14 14:39:41,359: -SERVICE [/camera_base_link2/set_logger_level] /camera_base_link2 rosrpc://pc:53917
[rosmaster.master][INFO] 2012-12-14 14:39:41,360: -SERVICE [/camera_base_link3/set_logger_level] /camera_base_link3 rosrpc://pc:49254
[rosmaster.master][INFO] 2012-12-14 14:39:41,361: -SERVICE [/camera_base_link1/get_loggers] /camera_base_link1 rosrpc://pc:59659
[rosmaster.master][INFO] 2012-12-14 14:39:41,362: -SERVICE [/camera_base_link1/set_logger_level] /camera_base_link1 rosrpc://pc:59659
[rosmaster.master][INFO] 2012-12-14 14:39:41,365: publisherUpdate[/rosout] -> http://pc:57013/
[rosmaster.master][INFO] 2012-12-14 14:39:41,365: publisherUpdate[/tf] -> http://pc:44096/
[rosmaster.master][INFO] 2012-12-14 14:39:41,366: publisherUpdate[/tf] -> http://pc:44096/
[rosmaster.master][INFO] 2012-12-14 14:39:41,366: publisherUpdate[/rosout] -> http://pc:57013/
[rosmaster.master][INFO] 2012-12-14 14:39:41,367: publisherUpdate[/tf] -> http://pc:44096/
[rosmaster.master][INFO] 2012-12-14 14:39:41,368: publisherUpdate[/rosout] -> http://pc:57013/
[rosmaster.master][INFO] 2012-12-14 14:39:41,370: publisherUpdate[/rosout] -> http://pc:57013/
[rosmaster.master][INFO] 2012-12-14 14:39:41,371: publisherUpdate[/rosout] -> http://pc:57013/
[rosmaster.master][INFO] 2012-12-14 14:39:41,372: publisherUpdate[/rosout] -> http://pc:57013/
[rosmaster.master][INFO] 2012-12-14 14:39:41,406: -PUB [/camera/depth_registered/rectify_depth/parameter_descriptions] /camera_nodelet_manager http://pc:44096/
[rosmaster.master][INFO] 2012-12-14 14:39:41,407: -PUB [/camera/depth_registered/rectify_depth/parameter_updates] /camera_nodelet_manager http://pc:44096/
[rosmaster.master][INFO] 2012-12-14 14:39:41,408: -SERVICE [/camera/depth_registered/rectify_depth/set_parameters] /camera_nodelet_manager rosrpc://pc:59009
[rosmaster.master][INFO] 2012-12-14 14:39:41,412: -SUB [/tf] /camera_nodelet_manager http://pc:44096/
[rosmaster.master][INFO] 2012-12-14 14:39:41,414: -SERVICE [/camera_nodelet_manager/tf_frames] /camera_nodelet_manager rosrpc://pc:59009
[rosmaster.master][INFO] 2012-12-14 14:39:41,448: -PUB [/rosout] /camera_base_link http://pc:60713/
[rosmaster.master][INFO] 2012-12-14 14:39:41,449: -PUB [/tf] /camera_base_link http://pc:60713/
[rosmaster.master][INFO] 2012-12-14 14:39:41,451: -SERVICE [/camera_base_link/get_loggers] /camera_base_link rosrpc://pc:59746
[rosmaster.master][INFO] 2012-12-14 14:39:41,452: -SERVICE [/camera_base_link/set_logger_level] /camera_base_link rosrpc://pc:59746
[rosmaster.master][INFO] 2012-12-14 14:39:41,468: publisherUpdate[/rosout] -> http://pc:57013/
[rosmaster.master][INFO] 2012-12-14 14:39:41,500: -PUB [/camera/depth/points] /camera_nodelet_manager http://pc:44096/
[rosmaster.master][INFO] 2012-12-14 14:39:41,510: -PUB [/camera/ir/rectify_ir/parameter_descriptions] /camera_nodelet_manager http://pc:44096/
[rosmaster.master][INFO] 2012-12-14 14:39:41,511: -PUB [/camera/ir/rectify_ir/parameter_updates] /camera_nodelet_manager http://pc:44096/
[rosmaster.master][INFO] 2012-12-14 14:39:41,512: -SERVICE [/camera/ir/rectify_ir/set_parameters] /camera_nodelet_manager rosrpc://pc:59009
[rosmaster.master][INFO] 2012-12-14 14:39:41,513: -PUB [/camera/depth/rectify_depth/parameter_descriptions] /camera_nodelet_manager http://pc:44096/
[rosmaster.master][INFO] 2012-12-14 14:39:41,514: -PUB [/camera/depth/rectify_depth/parameter_updates] /camera_nodelet_manager http://pc:44096/
[rosmaster.master][INFO] 2012-12-14 14:39:41,515: -SERVICE [/camera/depth/rectify_depth/set_parameters] /camera_nodelet_manager rosrpc://pc:59009
[rosmaster.master][INFO] 2012-12-14 14:39:41,541: -PUB [/rosout] /camera/depth_registered/rectify_depth http://pc:58773/
[rosmaster.master][INFO] 2012-12-14 14:39:41,544: -PUB [/rosout] /camera/depth/metric http://pc:46947/
[rosmaster.master][INFO] 2012-12-14 14:39:41,544: -PUB [/rosout] /camera/register_depth_rgb http://pc:34918/
[rosmaster.master][INFO] 2012-12-14 14:39:41,546: -SERVICE [/camera/depth/metric/get_loggers] /camera/depth/metric rosrpc://pc:40161
[rosmaster.master][INFO] 2012-12-14 14:39:41,548: -SERVICE [/camera/register_depth_rgb/get_loggers] /camera/register_depth_rgb rosrpc://pc:37173
[rosmaster.master][INFO] 2012-12-14 14:39:41,549: -SERVICE [/camera/depth_registered/rectify_depth/get_loggers] /camera/depth_registered/rectify_depth rosrpc://pc:37403
[rosmaster.master][INFO] 2012-12-14 14:39:41,550: -SERVICE [/camera/register_depth_rgb/set_logger_level] /camera/register_depth_rgb rosrpc://pc:37173
[rosmaster.master][INFO] 2012-12-14 14:39:41,552: -SERVICE [/camera/depth/metric/set_logger_level] /camera/depth/metric rosrpc://pc:40161
[rosmaster.master][INFO] 2012-12-14 14:39:41,552: -SERVICE [/camera/depth_registered/rectify_depth/set_logger_level] /camera/depth_registered/rectify_depth rosrpc://pc:37403
[rosmaster.master][INFO] 2012-12-14 14:39:41,570: publisherUpdate[/rosout] -> http://pc:57013/
[rosmaster.master][INFO] 2012-12-14 14:39:41,573: publisherUpdate[/rosout] -> http://pc:57013/
[rosmaster.master][INFO] 2012-12-14 14:39:41,576: publisherUpdate[/rosout] -> http://pc:57013/
[rosmaster.master][INFO] 2012-12-14 14:39:41,606: -PUB [/camera/rgb/rectify_color/parameter_descriptions] /camera_nodelet_manager http://pc:44096/
[rosmaster.master][INFO] 2012-12-14 14:39:41,609: -PUB [/camera/rgb/rectify_color/parameter_updates] /camera_nodelet_manager http://pc:44096/
[rosmaster.master][INFO] 2012-12-14 14:39:41,611: -SERVICE [/camera/rgb/rectify_color/set_parameters] /camera_nodelet_manager rosrpc://pc:59009
[rosmaster.master][INFO] 2012-12-14 14:39:41,613: -PUB [/camera/rgb/rectify_mono/parameter_descriptions] /camera_nodelet_manager http://pc:44096/
[rosmaster.master][INFO] 2012-12-14 14:39:41,615: -PUB [/camera/rgb/rectify_mono/parameter_updates] /camera_nodelet_manager http://pc:44096/
[rosmaster.master][INFO] 2012-12-14 14:39:41,617: -SERVICE [/camera/rgb/rectify_mono/set_parameters] /camera_nodelet_manager rosrpc://pc:59009
[rosmaster.master][INFO] 2012-12-14 14:39:41,643: -PUB [/rosout] /camera/depth/metric_rect http://pc:46499/
[rosmaster.master][INFO] 2012-12-14 14:39:41,645: -PUB [/rosout] /camera/ir/rectify_ir http://pc:35088/
[rosmaster.master][INFO] 2012-12-14 14:39:41,648: -PUB [/rosout] /camera/depth/rectify_depth http://pc:38878/
[rosmaster.master][INFO] 2012-12-14 14:39:41,651: -PUB [/rosout] /camera/depth/points http://pc:51559/
[rosmaster.master][INFO] 2012-12-14 14:39:41,655: -SERVICE [/camera/depth/metric_rect/get_loggers] /camera/depth/metric_rect rosrpc://pc:37511
[rosmaster.master][INFO] 2012-12-14 14:39:41,657: -SERVICE [/camera/ir/rectify_ir/get_loggers] /camera/ir/rectify_ir rosrpc://pc:55498
[rosmaster.master][INFO] 2012-12-14 14:39:41,662: -SERVICE [/camera/depth/rectify_depth/get_loggers] /camera/depth/rectify_depth rosrpc://pc:34953
[rosmaster.master][INFO] 2012-12-14 14:39:41,663: -SERVICE [/camera/depth/points/get_loggers] /camera/depth/points rosrpc://pc:38316
[rosmaster.master][INFO] 2012-12-14 14:39:41,665: -SERVICE [/camera/depth/metric_rect/set_logger_level] /camera/depth/metric_rect rosrpc://pc:37511
[rosmaster.master][INFO] 2012-12-14 14:39:41,667: -SERVICE [/camera/ir/rectify_ir/set_logger_level] /camera/ir/rectify_ir rosrpc://pc:55498
[rosmaster.master][INFO] 2012-12-14 14:39:41,669: -SERVICE [/camera/depth/rectify_depth/set_logger_level] /camera/depth/rectify_depth rosrpc://pc:34953
[rosmaster.master][INFO] 2012-12-14 14:39:41,671: -SERVICE [/camera/depth/points/set_logger_level] /camera/depth/points rosrpc://pc:38316
[rosmaster.master][INFO] 2012-12-14 14:39:41,672: publisherUpdate[/rosout] -> http://pc:57013/
[rosmaster.master][INFO] 2012-12-14 14:39:41,674: publisherUpdate[/rosout] -> http://pc:57013/
[rosmaster.master][INFO] 2012-12-14 14:39:41,677: publisherUpdate[/rosout] -> http://pc:57013/
[rosmaster.master][INFO] 2012-12-14 14:39:41,678: publisherUpdate[/rosout] -> http://pc:57013/
[rosmaster.master][INFO] 2012-12-14 14:39:41,723: -PUB [/rosout] /camera/rgb/rectify_mono http://pc:37355/
[rosmaster.master][INFO] 2012-12-14 14:39:41,725: -SERVICE [/camera/rgb/rectify_mono/get_loggers] /camera/rgb/rectify_mono rosrpc://pc:60929
[rosmaster.master][INFO] 2012-12-14 14:39:41,726: -SERVICE [/camera/rgb/rectify_mono/set_logger_level] /camera/rgb/rectify_mono rosrpc://pc:60929
[rosmaster.master][INFO] 2012-12-14 14:39:41,741: -PUB [/rosout] /camera/rgb/rectify_color http://pc:48792/
[rosmaster.master][INFO] 2012-12-14 14:39:41,742: -SERVICE [/camera/rgb/rectify_color/get_loggers] /camera/rgb/rectify_color rosrpc://pc:48307
[rosmaster.master][INFO] 2012-12-14 14:39:41,743: -SERVICE [/camera/rgb/rectify_color/set_logger_level] /camera/rgb/rectify_color rosrpc://pc:48307
[rosmaster.master][INFO] 2012-12-14 14:39:41,769: -PUB [/rosout] /camera_nodelet_manager http://pc:44096/
[rosmaster.master][INFO] 2012-12-14 14:39:41,770: -PUB [/camera/depth_registered/image/compressed] /camera_nodelet_manager http://pc:44096/
[rosmaster.master][INFO] 2012-12-14 14:39:41,771: -PUB [/camera/depth_registered/image/compressed/parameter_descriptions] /camera_nodelet_manager http://pc:44096/
[rosmaster.master][INFO] 2012-12-14 14:39:41,773: -PUB [/camera/depth_registered/image/compressed/parameter_updates] /camera_nodelet_manager http://pc:44096/
[rosmaster.master][INFO] 2012-12-14 14:39:41,774: -PUB [/camera/depth_registered/image] /camera_nodelet_manager http://pc:44096/
[rosmaster.master][INFO] 2012-12-14 14:39:41,775: -PUB [/camera/depth_registered/image/theora] /camera_nodelet_manager http://pc:44096/
[rosmaster.master][INFO] 2012-12-14 14:39:41,775: publisherUpdate[/rosout] -> http://pc:57013/
[rosmaster.master][INFO] 2012-12-14 14:39:41,776: -PUB [/camera/depth_registered/image/theora/parameter_descriptions] /camera_nodelet_manager http://pc:44096/
[rosmaster.master][INFO] 2012-12-14 14:39:41,776: publisherUpdate[/rosout] -> http://pc:57013/
[rosmaster.master][INFO] 2012-12-14 14:39:41,778: publisherUpdate[/rosout] -> http://pc:57013/
[rosmaster.master][INFO] 2012-12-14 14:39:41,778: -PUB [/camera/depth_registered/image/theora/parameter_updates] /camera_nodelet_manager http://pc:44096/
[rosmaster.master][INFO] 2012-12-14 14:39:41,779: -PUB [/camera/rgb/debayer/parameter_descriptions] /camera_nodelet_manager http://pc:44096/
[rosmaster.master][INFO] 2012-12-14 14:39:41,780: -PUB [/camera/rgb/debayer/parameter_updates] /camera_nodelet_manager http://pc:44096/
[rosmaster.master][INFO] 2012-12-14 14:39:41,781: -PUB [/camera/rgb/image_mono/compressed] /camera_nodelet_manager http://pc:44096/
[rosmaster.master][INFO] 2012-12-14 14:39:41,782: -PUB [/camera/rgb/image_mono/compressed/parameter_descriptions] /camera_nodelet_manager http://pc:44096/
[rosmaster.master][INFO] 2012-12-14 14:39:41,783: -PUB [/camera/rgb/image_mono/compressed/parameter_updates] /camera_nodelet_manager http://pc:44096/
[rosmaster.master][INFO] 2012-12-14 14:39:41,784: -PUB [/camera/rgb/image_mono] /camera_nodelet_manager http://pc:44096/
[rosmaster.master][INFO] 2012-12-14 14:39:41,785: -PUB [/camera/rgb/image_mono/theora] /camera_nodelet_manager http://pc:44096/
[rosmaster.master][INFO] 2012-12-14 14:39:41,786: -PUB [/camera/rgb/image_mono/theora/parameter_descriptions] /camera_nodelet_manager http://pc:44096/
[rosmaster.master][INFO] 2012-12-14 14:39:41,786: -PUB [/camera/rgb/image_mono/theora/parameter_updates] /camera_nodelet_manager http://pc:44096/
[rosmaster.master][INFO] 2012-12-14 14:39:41,787: -PUB [/camera/rgb/image_color/compressed] /camera_nodelet_manager http://pc:44096/
[rosmaster.master][INFO] 2012-12-14 14:39:41,789: -PUB [/camera/rgb/image_color/compressed/parameter_descriptions] /camera_nodelet_manager http://pc:44096/
[rosmaster.master][INFO] 2012-12-14 14:39:41,790: -PUB [/camera/rgb/image_color/compressed/parameter_updates] /camera_nodelet_manager http://pc:44096/
[rosmaster.master][INFO] 2012-12-14 14:39:41,791: -PUB [/camera/rgb/image_color] /camera_nodelet_manager http://pc:44096/
[rosmaster.master][INFO] 2012-12-14 14:39:41,792: -PUB [/camera/rgb/image_color/theora] /camera_nodelet_manager http://pc:44096/
[rosmaster.master][INFO] 2012-12-14 14:39:41,793: -PUB [/camera/rgb/image_color/theora/parameter_descriptions] /camera_nodelet_manager http://pc:44096/
[rosmaster.master][INFO] 2012-12-14 14:39:41,794: -PUB [/camera/rgb/image_color/theora/parameter_updates] /camera_nodelet_manager http://pc:44096/
[rosmaster.master][INFO] 2012-12-14 14:39:41,795: -PUB [/camera/depth_registered/image_rect_raw/compressed] /camera_nodelet_manager http://pc:44096/
[rosmaster.master][INFO] 2012-12-14 14:39:41,795: -PUB [/camera/depth_registered/image_rect_raw/compressed/parameter_descriptions] /camera_nodelet_manager http://pc:44096/
[rosmaster.master][INFO] 2012-12-14 14:39:41,796: -PUB [/camera/depth_registered/image_rect_raw/compressed/parameter_updates] /camera_nodelet_manager http://pc:44096/
[rosmaster.master][INFO] 2012-12-14 14:39:41,797: -PUB [/camera/depth_registered/image_rect_raw] /camera_nodelet_manager http://pc:44096/
[rosmaster.master][INFO] 2012-12-14 14:39:41,798: -PUB [/camera/depth_registered/image_rect_raw/theora] /camera_nodelet_manager http://pc:44096/
[rosmaster.master][INFO] 2012-12-14 14:39:41,799: -PUB [/camera/depth_registered/image_rect_raw/theora/parameter_descriptions] /camera_nodelet_manager http://pc:44096/
[rosmaster.master][INFO] 2012-12-14 14:39:41,800: -PUB [/camera/depth_registered/image_rect_raw/theora/parameter_updates] /camera_nodelet_manager http://pc:44096/
[rosmaster.master][INFO] 2012-12-14 14:39:41,801: -PUB [/camera/depth_registered/camera_info] /camera_nodelet_manager http://pc:44096/
[rosmaster.master][INFO] 2012-12-14 14:39:41,802: -PUB [/camera/depth/image_rect/compressed] /camera_nodelet_manager http://pc:44096/
[rosmaster.master][INFO] 2012-12-14 14:39:41,803: -PUB [/camera/depth/image_rect/compressed/parameter_descriptions] /camera_nodelet_manager http://pc:44096/
[rosmaster.master][INFO] 2012-12-14 14:39:41,804: -PUB [/camera/depth/image_rect/compressed/parameter_updates] /camera_nodelet_manager http://pc:44096/
[rosmaster.master][INFO] 2012-12-14 14:39:41,805: -PUB [/camera/depth/image_rect] /camera_nodelet_manager http://pc:44096/
[rosmaster.master][INFO] 2012-12-14 14:39:41,806: -PUB [/camera/depth/image_rect/theora] /camera_nodelet_manager http://pc:44096/
[rosmaster.master][INFO] 2012-12-14 14:39:41,807: -PUB [/camera/depth/image_rect/theora/parameter_descriptions] /camera_nodelet_manager http://pc:44096/
[rosmaster.master][INFO] 2012-12-14 14:39:41,808: -PUB [/camera/depth/image_rect/theora/parameter_updates] /camera_nodelet_manager http://pc:44096/
[rosmaster.master][INFO] 2012-12-14 14:39:41,809: -PUB [/camera/depth/image_rect_raw/compressed] /camera_nodelet_manager http://pc:44096/
[rosmaster.master][INFO] 2012-12-14 14:39:41,810: -PUB [/camera/depth/image_rect_raw/compressed/parameter_descriptions] /camera_nodelet_manager http://pc:44096/
[rosmaster.master][INFO] 2012-12-14 14:39:41,810: -PUB [/camera/depth/image_rect_raw/compressed/parameter_updates] /camera_nodelet_manager http://pc:44096/
[rosmaster.master][INFO] 2012-12-14 14:39:41,811: -PUB [/camera/depth/image_rect_raw] /camera_nodelet_manager http://pc:44096/
[rosmaster.master][INFO] 2012-12-14 14:39:41,812: -PUB [/camera/depth/image_rect_raw/theora] /camera_nodelet_manager http://pc:44096/
[rosmaster.master][INFO] 2012-12-14 14:39:41,813: -PUB [/camera/depth/image_rect_raw/theora/parameter_descriptions] /camera_nodelet_manager http://pc:44096/
[rosmaster.master][INFO] 2012-12-14 14:39:41,814: -PUB [/camera/depth/image_rect_raw/theora/parameter_updates] /camera_nodelet_manager http://pc:44096/
[rosmaster.master][INFO] 2012-12-14 14:39:41,815: -PUB [/camera/rgb/image_rect/compressed] /camera_nodelet_manager http://pc:44096/
[rosmaster.master][INFO] 2012-12-14 14:39:41,815: -PUB [/camera/rgb/image_rect/compressed/parameter_descriptions] /camera_nodelet_manager http://pc:44096/
[rosmaster.master][INFO] 2012-12-14 14:39:41,816: -PUB [/camera/rgb/image_rect/compressed/parameter_updates] /camera_nodelet_manager http://pc:44096/
[rosmaster.master][INFO] 2012-12-14 14:39:41,817: -PUB [/camera/rgb/image_rect] /camera_nodelet_manager http://pc:44096/
[rosmaster.master][INFO] 2012-12-14 14:39:41,818: -PUB [/camera/rgb/image_rect/theora] /camera_nodelet_manager http://pc:44096/
[rosmaster.master][INFO] 2012-12-14 14:39:41,820: -PUB [/camera/rgb/image_rect/theora/parameter_descriptions] /camera_nodelet_manager http://pc:44096/
[rosmaster.master][INFO] 2012-12-14 14:39:41,822: -PUB [/camera/rgb/image_rect/theora/parameter_updates] /camera_nodelet_manager http://pc:44096/
[rosmaster.master][INFO] 2012-12-14 14:39:41,823: -PUB [/camera/ir/image_rect/compressed] /camera_nodelet_manager http://pc:44096/
[rosmaster.master][INFO] 2012-12-14 14:39:41,823: -PUB [/camera/ir/image_rect/compressed/parameter_descriptions] /camera_nodelet_manager http://pc:44096/
[rosmaster.master][INFO] 2012-12-14 14:39:41,824: -PUB [/camera/ir/image_rect/compressed/parameter_updates] /camera_nodelet_manager http://pc:44096/
[rosmaster.master][INFO] 2012-12-14 14:39:41,825: -PUB [/camera/ir/image_rect] /camera_nodelet_manager http://pc:44096/
[rosmaster.master][INFO] 2012-12-14 14:39:41,826: -PUB [/camera/ir/image_rect/theora] /camera_nodelet_manager http://pc:44096/
[rosmaster.master][INFO] 2012-12-14 14:39:41,827: -PUB [/camera/ir/image_rect/theora/parameter_descriptions] /camera_nodelet_manager http://pc:44096/
[rosmaster.master][INFO] 2012-12-14 14:39:41,828: -PUB [/camera/ir/image_rect/theora/parameter_updates] /camera_nodelet_manager http://pc:44096/
[rosmaster.master][INFO] 2012-12-14 14:39:41,829: -PUB [/camera/driver/parameter_descriptions] /camera_nodelet_manager http://pc:44096/
[rosmaster.master][INFO] 2012-12-14 14:39:41,830: -PUB [/camera/driver/parameter_updates] /camera_nodelet_manager http://pc:44096/
[rosmaster.master][INFO] 2012-12-14 14:39:41,830: -PUB [/camera/rgb/image_raw/compressed] /camera_nodelet_manager http://pc:44096/
[rosmaster.master][INFO] 2012-12-14 14:39:41,831: -PUB [/camera/rgb/image_raw/compressed/parameter_descriptions] /camera_nodelet_manager http://pc:44096/
[rosmaster.master][INFO] 2012-12-14 14:39:41,832: -PUB [/camera/rgb/image_raw/compressed/parameter_updates] /camera_nodelet_manager http://pc:44096/
[rosmaster.master][INFO] 2012-12-14 14:39:41,834: -PUB [/camera/rgb/image_raw] /camera_nodelet_manager http://pc:44096/
[rosmaster.master][INFO] 2012-12-14 14:39:41,835: -PUB [/camera/rgb/image_raw/theora] /camera_nodelet_manager http://pc:44096/
[rosmaster.master][INFO] 2012-12-14 14:39:41,836: -PUB [/camera/rgb/image_raw/theora/parameter_descriptions] /camera_nodelet_manager http://pc:44096/
[rosmaster.master][INFO] 2012-12-14 14:39:41,837: -PUB [/camera/rgb/image_raw/theora/parameter_updates] /camera_nodelet_manager http://pc:44096/
[rosmaster.master][INFO] 2012-12-14 14:39:41,838: -PUB [/camera/rgb/camera_info] /camera_nodelet_manager http://pc:44096/
[rosmaster.master][INFO] 2012-12-14 14:39:41,839: -PUB [/camera/ir/image_raw/compressed] /camera_nodelet_manager http://pc:44096/
[rosmaster.master][INFO] 2012-12-14 14:39:41,840: -PUB [/camera/ir/image_raw/compressed/parameter_descriptions] /camera_nodelet_manager http://pc:44096/
[rosmaster.master][INFO] 2012-12-14 14:39:41,840: -PUB [/camera/ir/image_raw/compressed/parameter_updates] /camera_nodelet_manager http://pc:44096/
[rosmaster.master][INFO] 2012-12-14 14:39:41,841: -PUB [/camera/ir/image_raw] /camera_nodelet_manager http://pc:44096/
[rosmaster.master][INFO] 2012-12-14 14:39:41,843: -PUB [/camera/ir/image_raw/theora] /camera_nodelet_manager http://pc:44096/
[rosmaster.master][INFO] 2012-12-14 14:39:41,843: -PUB [/camera/ir/image_raw/theora/parameter_descriptions] /camera_nodelet_manager http://pc:44096/
[rosmaster.master][INFO] 2012-12-14 14:39:41,844: -PUB [/camera/ir/image_raw/theora/parameter_updates] /camera_nodelet_manager http://pc:44096/
[rosmaster.master][INFO] 2012-12-14 14:39:41,845: -PUB [/camera/ir/camera_info] /camera_nodelet_manager http://pc:44096/
[rosmaster.master][INFO] 2012-12-14 14:39:41,846: -PUB [/camera/depth/image_raw/compressed] /camera_nodelet_manager http://pc:44096/
[rosmaster.master][INFO] 2012-12-14 14:39:41,847: -PUB [/camera/depth/image_raw/compressed/parameter_descriptions] /camera_nodelet_manager http://pc:44096/
[rosmaster.master][INFO] 2012-12-14 14:39:41,848: -PUB [/camera/depth/image_raw/compressed/parameter_updates] /camera_nodelet_manager http://pc:44096/
[rosmaster.master][INFO] 2012-12-14 14:39:41,848: -PUB [/camera/depth/image_raw] /camera_nodelet_manager http://pc:44096/
[rosmaster.master][INFO] 2012-12-14 14:39:41,849: -PUB [/camera/depth/image_raw/theora] /camera_nodelet_manager http://pc:44096/
[rosmaster.master][INFO] 2012-12-14 14:39:41,850: -PUB [/camera/depth/image_raw/theora/parameter_descriptions] /camera_nodelet_manager http://pc:44096/
[rosmaster.master][INFO] 2012-12-14 14:39:41,851: -PUB [/camera/depth/image_raw/theora/parameter_updates] /camera_nodelet_manager http://pc:44096/
[rosmaster.master][INFO] 2012-12-14 14:39:41,853: -PUB [/camera/depth/camera_info] /camera_nodelet_manager http://pc:44096/
[rosmaster.master][INFO] 2012-12-14 14:39:41,855: -PUB [/camera/projector/camera_info] /camera_nodelet_manager http://pc:44096/
[rosmaster.master][INFO] 2012-12-14 14:39:41,855: -PUB [/camera/depth_registered/image_raw/compressed] /camera_nodelet_manager http://pc:44096/
[rosmaster.master][INFO] 2012-12-14 14:39:41,856: -PUB [/camera/depth_registered/image_raw/compressed/parameter_descriptions] /camera_nodelet_manager http://pc:44096/
[rosmaster.master][INFO] 2012-12-14 14:39:41,857: -PUB [/camera/depth_registered/image_raw/compressed/parameter_updates] /camera_nodelet_manager http://pc:44096/
[rosmaster.master][INFO] 2012-12-14 14:39:41,858: -PUB [/camera/depth_registered/image_raw] /camera_nodelet_manager http://pc:44096/
[rosmaster.master][INFO] 2012-12-14 14:39:41,859: -PUB [/camera/depth_registered/image_raw/theora] /camera_nodelet_manager http://pc:44096/
[rosmaster.master][INFO] 2012-12-14 14:39:41,860: -PUB [/camera/depth_registered/image_raw/theora/parameter_descriptions] /camera_nodelet_manager http://pc:44096/
[rosmaster.master][INFO] 2012-12-14 14:39:41,861: -PUB [/camera/depth_registered/image_raw/theora/parameter_updates] /camera_nodelet_manager http://pc:44096/
[rosmaster.master][INFO] 2012-12-14 14:39:41,862: -PUB [/camera/depth/image/compressed] /camera_nodelet_manager http://pc:44096/
[rosmaster.master][INFO] 2012-12-14 14:39:41,862: -PUB [/camera/depth/image/compressed/parameter_descriptions] /camera_nodelet_manager http://pc:44096/
[rosmaster.master][INFO] 2012-12-14 14:39:41,863: -PUB [/camera/depth/image/compressed/parameter_updates] /camera_nodelet_manager http://pc:44096/
[rosmaster.master][INFO] 2012-12-14 14:39:41,864: -PUB [/camera/depth/image] /camera_nodelet_manager http://pc:44096/
[rosmaster.master][INFO] 2012-12-14 14:39:41,865: -PUB [/camera/depth/image/theora] /camera_nodelet_manager http://pc:44096/
[rosmaster.master][INFO] 2012-12-14 14:39:41,866: -PUB [/camera/depth/image/theora/parameter_descriptions] /camera_nodelet_manager http://pc:44096/
[rosmaster.master][INFO] 2012-12-14 14:39:41,867: -PUB [/camera/depth/image/theora/parameter_updates] /camera_nodelet_manager http://pc:44096/
[rosmaster.master][INFO] 2012-12-14 14:39:41,868: -PUB [/camera/depth_registered/image_rect/compressed] /camera_nodelet_manager http://pc:44096/
[rosmaster.master][INFO] 2012-12-14 14:39:41,869: -PUB [/camera/depth_registered/image_rect/compressed/parameter_descriptions] /camera_nodelet_manager http://pc:44096/
[rosmaster.master][INFO] 2012-12-14 14:39:41,870: -PUB [/camera/depth_registered/image_rect/compressed/parameter_updates] /camera_nodelet_manager http://pc:44096/
[rosmaster.master][INFO] 2012-12-14 14:39:41,871: -PUB [/camera/depth_registered/image_rect] /camera_nodelet_manager http://pc:44096/
[rosmaster.master][INFO] 2012-12-14 14:39:41,872: -PUB [/camera/depth_registered/image_rect/theora] /camera_nodelet_manager http://pc:44096/
[rosmaster.master][INFO] 2012-12-14 14:39:41,873: -PUB [/camera/depth_registered/image_rect/theora/parameter_descriptions] /camera_nodelet_manager http://pc:44096/
[rosmaster.master][INFO] 2012-12-14 14:39:41,873: -PUB [/camera/depth_registered/image_rect/theora/parameter_updates] /camera_nodelet_manager http://pc:44096/
[rosmaster.master][INFO] 2012-12-14 14:39:41,874: -PUB [/camera/rgb/image_rect_color/compressed] /camera_nodelet_manager http://pc:44096/
[rosmaster.master][INFO] 2012-12-14 14:39:41,875: -PUB [/camera/rgb/image_rect_color/compressed/parameter_descriptions] /camera_nodelet_manager http://pc:44096/
[rosmaster.master][INFO] 2012-12-14 14:39:41,876: -PUB [/camera/rgb/image_rect_color/compressed/parameter_updates] /camera_nodelet_manager http://pc:44096/
[rosmaster.master][INFO] 2012-12-14 14:39:41,877: -PUB [/camera/rgb/image_rect_color] /camera_nodelet_manager http://pc:44096/
[rosmaster.master][INFO] 2012-12-14 14:39:41,878: -PUB [/camera/rgb/image_rect_color/theora] /camera_nodelet_manager http://pc:44096/
[rosmaster.master][INFO] 2012-12-14 14:39:41,878: -PUB [/camera/rgb/image_rect_color/theora/parameter_descriptions] /camera_nodelet_manager http://pc:44096/
[rosmaster.master][INFO] 2012-12-14 14:39:41,879: -PUB [/camera/rgb/image_rect_color/theora/parameter_updates] /camera_nodelet_manager http://pc:44096/
[rosmaster.master][INFO] 2012-12-14 14:39:41,880: -SERVICE [/camera_nodelet_manager/get_loggers] /camera_nodelet_manager rosrpc://pc:59009
[rosmaster.master][INFO] 2012-12-14 14:39:41,881: -SERVICE [/camera_nodelet_manager/set_logger_level] /camera_nodelet_manager rosrpc://pc:59009
[rosmaster.master][INFO] 2012-12-14 14:39:41,882: -SERVICE [/camera_nodelet_manager/load_nodelet] /camera_nodelet_manager rosrpc://pc:59009
[rosmaster.master][INFO] 2012-12-14 14:39:41,884: -SERVICE [/camera_nodelet_manager/unload_nodelet] /camera_nodelet_manager rosrpc://pc:59009
[rosmaster.master][INFO] 2012-12-14 14:39:41,885: -SERVICE [/camera_nodelet_manager/list] /camera_nodelet_manager rosrpc://pc:59009
[rosmaster.master][INFO] 2012-12-14 14:39:41,887: -SERVICE [/camera/depth_registered/image/compressed/set_parameters] /camera_nodelet_manager rosrpc://pc:59009
[rosmaster.master][INFO] 2012-12-14 14:39:41,887: -SERVICE [/camera/depth_registered/image/theora/set_parameters] /camera_nodelet_manager rosrpc://pc:59009
[rosmaster.master][INFO] 2012-12-14 14:39:41,888: -SERVICE [/camera/rgb/debayer/set_parameters] /camera_nodelet_manager rosrpc://pc:59009
[rosmaster.master][INFO] 2012-12-14 14:39:41,889: -SERVICE [/camera/rgb/image_mono/compressed/set_parameters] /camera_nodelet_manager rosrpc://pc:59009
[rosmaster.master][INFO] 2012-12-14 14:39:41,890: -SERVICE [/camera/rgb/image_mono/theora/set_parameters] /camera_nodelet_manager rosrpc://pc:59009
[rosmaster.master][INFO] 2012-12-14 14:39:41,891: -SERVICE [/camera/rgb/image_color/compressed/set_parameters] /camera_nodelet_manager rosrpc://pc:59009
[rosmaster.master][INFO] 2012-12-14 14:39:41,892: -SERVICE [/camera/rgb/image_color/theora/set_parameters] /camera_nodelet_manager rosrpc://pc:59009
[rosmaster.master][INFO] 2012-12-14 14:39:41,893: -SERVICE [/camera/depth_registered/image_rect_raw/compressed/set_parameters] /camera_nodelet_manager rosrpc://pc:59009
[rosmaster.master][INFO] 2012-12-14 14:39:41,893: -SERVICE [/camera/depth_registered/image_rect_raw/theora/set_parameters] /camera_nodelet_manager rosrpc://pc:59009
[rosmaster.master][INFO] 2012-12-14 14:39:41,894: -SERVICE [/camera/depth/image_rect/compressed/set_parameters] /camera_nodelet_manager rosrpc://pc:59009
[rosmaster.master][INFO] 2012-12-14 14:39:41,895: -SERVICE [/camera/depth/image_rect/theora/set_parameters] /camera_nodelet_manager rosrpc://pc:59009
[rosmaster.master][INFO] 2012-12-14 14:39:41,896: -SERVICE [/camera/depth/image_rect_raw/compressed/set_parameters] /camera_nodelet_manager rosrpc://pc:59009
[rosmaster.master][INFO] 2012-12-14 14:39:41,897: -SERVICE [/camera/depth/image_rect_raw/theora/set_parameters] /camera_nodelet_manager rosrpc://pc:59009
[rosmaster.master][INFO] 2012-12-14 14:39:41,898: -SERVICE [/camera/rgb/image_rect/compressed/set_parameters] /camera_nodelet_manager rosrpc://pc:59009
[rosmaster.master][INFO] 2012-12-14 14:39:41,899: -SERVICE [/camera/rgb/image_rect/theora/set_parameters] /camera_nodelet_manager rosrpc://pc:59009
[rosmaster.master][INFO] 2012-12-14 14:39:41,900: -SERVICE [/camera/ir/image_rect/compressed/set_parameters] /camera_nodelet_manager rosrpc://pc:59009
[rosmaster.master][INFO] 2012-12-14 14:39:41,901: -SERVICE [/camera/ir/image_rect/theora/set_parameters] /camera_nodelet_manager rosrpc://pc:59009
[rosmaster.master][INFO] 2012-12-14 14:39:41,902: -SERVICE [/camera/driver/set_parameters] /camera_nodelet_manager rosrpc://pc:59009
[rosmaster.master][INFO] 2012-12-14 14:39:41,903: -SERVICE [/camera/rgb/set_camera_info] /camera_nodelet_manager rosrpc://pc:59009
[rosmaster.master][INFO] 2012-12-14 14:39:41,904: -SERVICE [/camera/ir/set_camera_info] /camera_nodelet_manager rosrpc://pc:59009
[rosmaster.master][INFO] 2012-12-14 14:39:41,905: -SERVICE [/camera/rgb/image_raw/compressed/set_parameters] /camera_nodelet_manager rosrpc://pc:59009
[rosmaster.master][INFO] 2012-12-14 14:39:41,905: -SERVICE [/camera/rgb/image_raw/theora/set_parameters] /camera_nodelet_manager rosrpc://pc:59009
[rosmaster.master][INFO] 2012-12-14 14:39:41,906: -SERVICE [/camera/ir/image_raw/compressed/set_parameters] /camera_nodelet_manager rosrpc://pc:59009
[rosmaster.master][INFO] 2012-12-14 14:39:41,907: -SERVICE [/camera/ir/image_raw/theora/set_parameters] /camera_nodelet_manager rosrpc://pc:59009
[rosmaster.master][INFO] 2012-12-14 14:39:41,908: -SERVICE [/camera/depth/image_raw/compressed/set_parameters] /camera_nodelet_manager rosrpc://pc:59009
[rosmaster.master][INFO] 2012-12-14 14:39:41,909: -SERVICE [/camera/depth/image_raw/theora/set_parameters] /camera_nodelet_manager rosrpc://pc:59009
[rosmaster.master][INFO] 2012-12-14 14:39:41,909: -SERVICE [/camera/depth_registered/image_raw/compressed/set_parameters] /camera_nodelet_manager rosrpc://pc:59009
[rosmaster.master][INFO] 2012-12-14 14:39:41,910: -SERVICE [/camera/depth_registered/image_raw/theora/set_parameters] /camera_nodelet_manager rosrpc://pc:59009
[rosmaster.master][INFO] 2012-12-14 14:39:41,911: -SERVICE [/camera/depth/image/compressed/set_parameters] /camera_nodelet_manager rosrpc://pc:59009
[rosmaster.master][INFO] 2012-12-14 14:39:41,912: -SERVICE [/camera/depth/image/theora/set_parameters] /camera_nodelet_manager rosrpc://pc:59009
[rosmaster.master][INFO] 2012-12-14 14:39:41,913: -SERVICE [/camera/depth_registered/image_rect/compressed/set_parameters] /camera_nodelet_manager rosrpc://pc:59009
[rosmaster.master][INFO] 2012-12-14 14:39:41,914: -SERVICE [/camera/depth_registered/image_rect/theora/set_parameters] /camera_nodelet_manager rosrpc://pc:59009
[rosmaster.master][INFO] 2012-12-14 14:39:41,914: -SERVICE [/camera/rgb/image_rect_color/compressed/set_parameters] /camera_nodelet_manager rosrpc://pc:59009
[rosmaster.master][INFO] 2012-12-14 14:39:41,915: -SERVICE [/camera/rgb/image_rect_color/theora/set_parameters] /camera_nodelet_manager rosrpc://pc:59009
[rosmaster.master][INFO] 2012-12-14 14:39:41,925: -PUB [/rosout] /camera/rgb/debayer http://pc:54991/
[rosmaster.master][INFO] 2012-12-14 14:39:41,926: -SERVICE [/camera/rgb/debayer/get_loggers] /camera/rgb/debayer rosrpc://pc:48831
[rosmaster.master][INFO] 2012-12-14 14:39:41,927: -SERVICE [/camera/rgb/debayer/set_logger_level] /camera/rgb/debayer rosrpc://pc:48831
[rosmaster.master][INFO] 2012-12-14 14:39:41,979: publisherUpdate[/rosout] -> http://pc:57013/
[rosmaster.master][INFO] 2012-12-14 14:39:42,028: -PUB [/rosout] /camera/driver http://pc:42595/
[rosmaster.master][INFO] 2012-12-14 14:39:42,032: -SERVICE [/camera/driver/get_loggers] /camera/driver rosrpc://pc:36322
[rosmaster.master][INFO] 2012-12-14 14:39:42,034: -SERVICE [/camera/driver/set_logger_level] /camera/driver rosrpc://pc:36322
[rosmaster.master][INFO] 2012-12-14 14:39:42,079: publisherUpdate[/rosout] -> http://pc:57013/
[rosmaster.master][INFO] 2012-12-14 14:39:43,584: -PUB [/rosout_agg] /rosout http://pc:57013/
[rosmaster.master][INFO] 2012-12-14 14:39:43,585: -SUB [/rosout] /rosout http://pc:57013/
[rosmaster.master][INFO] 2012-12-14 14:39:43,586: -SERVICE [/rosout/get_loggers] /rosout rosrpc://pc:59571
[rosmaster.master][INFO] 2012-12-14 14:39:43,587: -SERVICE [/rosout/set_logger_level] /rosout rosrpc://pc:59571
[rosmaster.main][INFO] 2012-12-14 14:39:43,600: keyboard interrupt, will exit
[rosmaster.main][INFO] 2012-12-14 14:39:43,601: stopping master...
