[rosmaster.main][INFO] 2012-12-15 20:07:47,722: initialization complete, waiting for shutdown
[rosmaster.main][INFO] 2012-12-15 20:07:47,722: Starting ROS Master Node
[xmlrpc][INFO] 2012-12-15 20:07:47,724: XML-RPC server binding to 0.0.0.0
[rosmaster.master][INFO] 2012-12-15 20:07:47,725: Master initialized: port[11311], uri[http://pc:11311/]
[xmlrpc][INFO] 2012-12-15 20:07:47,725: Started XML-RPC server [http://pc:11311/]
[xmlrpc][INFO] 2012-12-15 20:07:47,725: xml rpc node: starting XML-RPC server
[rosmaster.master][INFO] 2012-12-15 20:07:47,745: +PARAM [/run_id] by /roslaunch
[rosmaster.master][INFO] 2012-12-15 20:07:47,753: +PARAM [/roslaunch/uris/host_pc__34331] by /roslaunch
[rosmaster.master][INFO] 2012-12-15 20:07:47,774: +PARAM [/rosdistro] by /roslaunch
[rosmaster.master][INFO] 2012-12-15 20:07:47,775: +PARAM [/camera/driver/rgb_frame_id] by /roslaunch
[rosmaster.master][INFO] 2012-12-15 20:07:47,775: +PARAM [/camera/disparity_depth_registered/min_range] by /roslaunch
[rosmaster.master][INFO] 2012-12-15 20:07:47,775: +PARAM [/camera/driver/rgb_camera_info_url] by /roslaunch
[rosmaster.master][INFO] 2012-12-15 20:07:47,775: +PARAM [/camera/depth_registered/rectify_depth/interpolation] by /roslaunch
[rosmaster.master][INFO] 2012-12-15 20:07:47,775: +PARAM [/camera/driver/depth_frame_id] by /roslaunch
[rosmaster.master][INFO] 2012-12-15 20:07:47,775: +PARAM [/camera/depth/rectify_depth/interpolation] by /roslaunch
[rosmaster.master][INFO] 2012-12-15 20:07:47,776: +PARAM [/camera/disparity_depth/max_range] by /roslaunch
[rosmaster.master][INFO] 2012-12-15 20:07:47,776: +PARAM [/rosversion] by /roslaunch
[rosmaster.master][INFO] 2012-12-15 20:07:47,776: +PARAM [/camera/driver/device_id] by /roslaunch
[rosmaster.master][INFO] 2012-12-15 20:07:47,776: +PARAM [/camera/driver/depth_camera_info_url] by /roslaunch
[rosmaster.master][INFO] 2012-12-15 20:07:47,776: +PARAM [/camera/disparity_depth/min_range] by /roslaunch
[rosmaster.master][INFO] 2012-12-15 20:07:47,776: +PARAM [/camera/disparity_depth_registered/max_range] by /roslaunch
[rosmaster.master][INFO] 2012-12-15 20:07:47,783: +SERVICE [/rosout/get_loggers] /rosout http://pc:41874/
[rosmaster.master][INFO] 2012-12-15 20:07:47,784: +SERVICE [/rosout/set_logger_level] /rosout http://pc:41874/
[rosmaster.master][INFO] 2012-12-15 20:07:47,787: +PUB [/rosout_agg] /rosout http://pc:41874/
[rosmaster.master][INFO] 2012-12-15 20:07:47,789: +SUB [/rosout] /rosout http://pc:41874/
[rosmaster.master][INFO] 2012-12-15 20:07:47,820: +PUB [/rosout] /camera/driver http://pc:42974/
[rosmaster.master][INFO] 2012-12-15 20:07:47,822: +PUB [/rosout] /camera/rgb/debayer http://pc:38290/
[rosmaster.master][INFO] 2012-12-15 20:07:47,823: publisherUpdate[/rosout] -> http://pc:41874/
[rosmaster.master][INFO] 2012-12-15 20:07:47,831: publisherUpdate[/rosout] -> http://pc:41874/
[rosmaster.master][INFO] 2012-12-15 20:07:47,832: +SERVICE [/camera/rgb/debayer/get_loggers] /camera/rgb/debayer http://pc:38290/
[rosmaster.master][INFO] 2012-12-15 20:07:47,837: +SERVICE [/camera/driver/get_loggers] /camera/driver http://pc:42974/
[rosmaster.master][INFO] 2012-12-15 20:07:47,839: +SERVICE [/camera/rgb/debayer/set_logger_level] /camera/rgb/debayer http://pc:38290/
[rosmaster.master][INFO] 2012-12-15 20:07:47,840: +PUB [/rosout] /camera/rgb/rectify_mono http://pc:37131/
[rosmaster.master][INFO] 2012-12-15 20:07:47,842: +SERVICE [/camera/driver/set_logger_level] /camera/driver http://pc:42974/
[rosmaster.master][INFO] 2012-12-15 20:07:47,847: +SERVICE [/camera/rgb/rectify_mono/get_loggers] /camera/rgb/rectify_mono http://pc:37131/
[rosmaster.master][INFO] 2012-12-15 20:07:47,852: +SERVICE [/camera/rgb/rectify_mono/set_logger_level] /camera/rgb/rectify_mono http://pc:37131/
[rosmaster.master][INFO] 2012-12-15 20:07:47,869: +PARAM [/camera/driver] by /camera/driver
[rosmaster.master][INFO] 2012-12-15 20:07:47,870: +PUB [/rosout] /camera/rgb/rectify_color http://pc:39056/
[rosmaster.master][INFO] 2012-12-15 20:07:47,883: +SERVICE [/camera/rgb/rectify_color/get_loggers] /camera/rgb/rectify_color http://pc:39056/
[rosmaster.master][INFO] 2012-12-15 20:07:47,886: +PUB [/rosout] /camera/ir/rectify_ir http://pc:57056/
[rosmaster.master][INFO] 2012-12-15 20:07:47,891: +PUB [/rosout] /camera/depth/rectify_depth http://pc:43199/
[rosmaster.master][INFO] 2012-12-15 20:07:47,892: +PUB [/rosout] /camera/depth/metric_rect http://pc:32956/
[rosmaster.master][INFO] 2012-12-15 20:07:47,898: +SERVICE [/camera/rgb/rectify_color/set_logger_level] /camera/rgb/rectify_color http://pc:39056/
[rosmaster.master][INFO] 2012-12-15 20:07:47,902: +SERVICE [/camera/ir/rectify_ir/get_loggers] /camera/ir/rectify_ir http://pc:57056/
[rosmaster.master][INFO] 2012-12-15 20:07:47,909: +SERVICE [/camera/depth/rectify_depth/get_loggers] /camera/depth/rectify_depth http://pc:43199/
[rosmaster.master][INFO] 2012-12-15 20:07:47,912: +SERVICE [/camera/depth/metric_rect/get_loggers] /camera/depth/metric_rect http://pc:32956/
[rosmaster.master][INFO] 2012-12-15 20:07:47,921: +SERVICE [/camera/depth/rectify_depth/set_logger_level] /camera/depth/rectify_depth http://pc:43199/
[rosmaster.master][INFO] 2012-12-15 20:07:47,923: +SERVICE [/camera/depth/metric_rect/set_logger_level] /camera/depth/metric_rect http://pc:32956/
[rosmaster.master][INFO] 2012-12-15 20:07:47,925: +PUB [/rosout] /camera/depth/metric http://pc:54799/
[rosmaster.master][INFO] 2012-12-15 20:07:47,931: publisherUpdate[/rosout] -> http://pc:41874/
[rosmaster.master][INFO] 2012-12-15 20:07:47,939: publisherUpdate[/rosout] -> http://pc:41874/
[rosmaster.master][INFO] 2012-12-15 20:07:47,940: publisherUpdate[/rosout] -> http://pc:41874/
[rosmaster.master][INFO] 2012-12-15 20:07:47,942: publisherUpdate[/rosout] -> http://pc:41874/
[rosmaster.master][INFO] 2012-12-15 20:07:47,943: publisherUpdate[/rosout] -> http://pc:41874/
[rosmaster.master][INFO] 2012-12-15 20:07:47,949: +PUB [/rosout] /camera/depth/points http://pc:40923/
[rosmaster.master][INFO] 2012-12-15 20:07:47,955: publisherUpdate[/rosout] -> http://pc:41874/
[rosmaster.master][INFO] 2012-12-15 20:07:47,960: publisherUpdate[/rosout] -> http://pc:41874/
[rosmaster.master][INFO] 2012-12-15 20:07:47,970: +SERVICE [/camera/depth/metric/get_loggers] /camera/depth/metric http://pc:54799/
[rosmaster.master][INFO] 2012-12-15 20:07:47,977: +SERVICE [/camera/depth/points/get_loggers] /camera/depth/points http://pc:40923/
[rosmaster.master][INFO] 2012-12-15 20:07:47,978: +PUB [/rosout] /camera/depth_registered/rectify_depth http://pc:36360/
[rosmaster.master][INFO] 2012-12-15 20:07:47,980: +SERVICE [/camera/depth/metric/set_logger_level] /camera/depth/metric http://pc:54799/
[rosmaster.master][INFO] 2012-12-15 20:07:47,982: +PUB [/rosout] /camera/depth_registered/metric_rect http://pc:60821/
[rosmaster.master][INFO] 2012-12-15 20:07:47,985: +SERVICE [/camera/depth/points/set_logger_level] /camera/depth/points http://pc:40923/
[rosmaster.master][INFO] 2012-12-15 20:07:47,988: +SERVICE [/camera/depth_registered/rectify_depth/get_loggers] /camera/depth_registered/rectify_depth http://pc:36360/
[rosmaster.master][INFO] 2012-12-15 20:07:47,991: +PUB [/rosout] /camera/points_xyzrgb_depth_rgb http://pc:55259/
[rosmaster.master][INFO] 2012-12-15 20:07:47,995: +SERVICE [/camera/depth_registered/metric_rect/get_loggers] /camera/depth_registered/metric_rect http://pc:60821/
[rosmaster.master][INFO] 2012-12-15 20:07:47,999: +PUB [/rosout] /camera/disparity_depth_registered http://pc:54892/
[rosmaster.master][INFO] 2012-12-15 20:07:48,001: +SERVICE [/camera/points_xyzrgb_depth_rgb/get_loggers] /camera/points_xyzrgb_depth_rgb http://pc:55259/
[rosmaster.master][INFO] 2012-12-15 20:07:48,003: +SERVICE [/camera/depth_registered/rectify_depth/set_logger_level] /camera/depth_registered/rectify_depth http://pc:36360/
[rosmaster.master][INFO] 2012-12-15 20:07:48,005: +SERVICE [/camera/depth_registered/metric_rect/set_logger_level] /camera/depth_registered/metric_rect http://pc:60821/
[rosmaster.master][INFO] 2012-12-15 20:07:48,007: +SERVICE [/camera/disparity_depth_registered/get_loggers] /camera/disparity_depth_registered http://pc:54892/
[rosmaster.master][INFO] 2012-12-15 20:07:48,010: +SERVICE [/camera/points_xyzrgb_depth_rgb/set_logger_level] /camera/points_xyzrgb_depth_rgb http://pc:55259/
[rosmaster.master][INFO] 2012-12-15 20:07:48,012: +PUB [/rosout] /camera_base_link http://pc:34436/
[rosmaster.master][INFO] 2012-12-15 20:07:48,016: +SERVICE [/camera/disparity_depth_registered/set_logger_level] /camera/disparity_depth_registered http://pc:54892/
[rosmaster.master][INFO] 2012-12-15 20:07:48,021: +SERVICE [/camera_base_link/get_loggers] /camera_base_link http://pc:34436/
[rosmaster.master][INFO] 2012-12-15 20:07:48,029: +PARAM [/camera/depth_registered/rectify_depth] by /camera/depth_registered/rectify_depth
[rosmaster.master][INFO] 2012-12-15 20:07:48,040: +PUB [/rosout] /camera_base_link1 http://pc:58816/
[rosmaster.master][INFO] 2012-12-15 20:07:48,040: publisherUpdate[/rosout] -> http://pc:41874/
[rosmaster.master][INFO] 2012-12-15 20:07:48,042: publisherUpdate[/rosout] -> http://pc:41874/
[rosmaster.master][INFO] 2012-12-15 20:07:48,044: publisherUpdate[/rosout] -> http://pc:41874/
[rosmaster.master][INFO] 2012-12-15 20:07:48,046: publisherUpdate[/rosout] -> http://pc:41874/
[rosmaster.master][INFO] 2012-12-15 20:07:48,047: publisherUpdate[/rosout] -> http://pc:41874/
[rosmaster.master][INFO] 2012-12-15 20:07:48,050: publisherUpdate[/rosout] -> http://pc:41874/
[rosmaster.master][INFO] 2012-12-15 20:07:48,054: +SERVICE [/camera_base_link1/get_loggers] /camera_base_link1 http://pc:58816/
[rosmaster.master][INFO] 2012-12-15 20:07:48,058: +PARAM [/camera/disparity_depth_registered] by /camera/disparity_depth_registered
[rosmaster.master][INFO] 2012-12-15 20:07:48,060: +PUB [/rosout] /camera_base_link3 http://pc:33013/
[rosmaster.master][INFO] 2012-12-15 20:07:48,062: +SERVICE [/camera_base_link1/set_logger_level] /camera_base_link1 http://pc:58816/
[rosmaster.master][INFO] 2012-12-15 20:07:48,070: publisherUpdate[/rosout] -> http://pc:41874/
[rosmaster.master][INFO] 2012-12-15 20:07:48,071: +PUB [/rosout] /camera_base_link2 http://pc:47563/
[rosmaster.master][INFO] 2012-12-15 20:07:48,074: publisherUpdate[/rosout] -> http://pc:41874/
[rosmaster.master][INFO] 2012-12-15 20:07:48,075: +SERVICE [/camera_base_link3/get_loggers] /camera_base_link3 http://pc:33013/
[rosmaster.master][INFO] 2012-12-15 20:07:48,087: +SERVICE [/camera_base_link2/get_loggers] /camera_base_link2 http://pc:47563/
[rosmaster.master][INFO] 2012-12-15 20:07:48,089: +SERVICE [/camera_base_link3/set_logger_level] /camera_base_link3 http://pc:33013/
[rosmaster.master][INFO] 2012-12-15 20:07:48,092: +PUB [/tf] /camera_base_link1 http://pc:58816/
[rosmaster.master][INFO] 2012-12-15 20:07:48,094: +SERVICE [/camera_base_link2/set_logger_level] /camera_base_link2 http://pc:47563/
[rosmaster.master][INFO] 2012-12-15 20:07:48,106: +PUB [/tf] /camera_base_link3 http://pc:33013/
[rosmaster.master][INFO] 2012-12-15 20:07:48,112: +PUB [/tf] /camera_base_link2 http://pc:47563/
[rosmaster.master][INFO] 2012-12-15 20:07:48,131: +SERVICE [/camera/ir/rectify_ir/set_logger_level] /camera/ir/rectify_ir http://pc:57056/
[rosmaster.master][INFO] 2012-12-15 20:07:48,162: +PUB [/rosout] /camera_nodelet_manager http://pc:36254/
[rosmaster.master][INFO] 2012-12-15 20:07:48,165: +SERVICE [/camera_nodelet_manager/get_loggers] /camera_nodelet_manager http://pc:36254/
[rosmaster.master][INFO] 2012-12-15 20:07:48,166: +SERVICE [/camera_nodelet_manager/set_logger_level] /camera_nodelet_manager http://pc:36254/
[rosmaster.master][INFO] 2012-12-15 20:07:48,168: +SERVICE [/camera_nodelet_manager/load_nodelet] /camera_nodelet_manager http://pc:36254/
[rosmaster.master][INFO] 2012-12-15 20:07:48,169: +SERVICE [/camera_nodelet_manager/unload_nodelet] /camera_nodelet_manager http://pc:36254/
[rosmaster.master][INFO] 2012-12-15 20:07:48,170: +SERVICE [/camera_nodelet_manager/list] /camera_nodelet_manager http://pc:36254/
[rosmaster.master][INFO] 2012-12-15 20:07:48,176: publisherUpdate[/rosout] -> http://pc:41874/
[rosmaster.master][INFO] 2012-12-15 20:07:48,487: +PUB [/rosout] /set_dr http://pc:52843/
[rosmaster.master][INFO] 2012-12-15 20:07:48,492: +PUB [/camera/depth_registered/image_rect/compressed] /camera_nodelet_manager http://pc:36254/
[rosmaster.master][INFO] 2012-12-15 20:07:48,494: +SERVICE [/camera/depth_registered/image_rect/compressed/set_parameters] /camera_nodelet_manager http://pc:36254/
[rosmaster.master][INFO] 2012-12-15 20:07:48,495: +PUB [/camera/depth_registered/image_rect/compressed/parameter_descriptions] /camera_nodelet_manager http://pc:36254/
[rosmaster.master][INFO] 2012-12-15 20:07:48,497: +PUB [/camera/depth_registered/image_rect/compressed/parameter_updates] /camera_nodelet_manager http://pc:36254/
[rosmaster.master][INFO] 2012-12-15 20:07:48,502: +PARAM [/camera/depth_registered/image_rect/compressed/format] by /camera_nodelet_manager
[rosmaster.master][INFO] 2012-12-15 20:07:48,503: +PARAM [/camera/depth_registered/image_rect/compressed/jpeg_quality] by /camera_nodelet_manager
[rosmaster.master][INFO] 2012-12-15 20:07:48,504: +PARAM [/camera/depth_registered/image_rect/compressed/png_level] by /camera_nodelet_manager
[rosmaster.master][INFO] 2012-12-15 20:07:48,505: +PUB [/camera/depth_registered/image_rect] /camera_nodelet_manager http://pc:36254/
[rosmaster.master][INFO] 2012-12-15 20:07:48,509: +PUB [/camera/depth_registered/image_rect/theora] /camera_nodelet_manager http://pc:36254/
[rosmaster.master][INFO] 2012-12-15 20:07:48,511: +SERVICE [/camera/depth_registered/image_rect/theora/set_parameters] /camera_nodelet_manager http://pc:36254/
[rosmaster.master][INFO] 2012-12-15 20:07:48,512: +PUB [/camera/depth_registered/image_rect/theora/parameter_descriptions] /camera_nodelet_manager http://pc:36254/
[rosmaster.master][INFO] 2012-12-15 20:07:48,514: +PUB [/camera/depth_registered/image_rect/theora/parameter_updates] /camera_nodelet_manager http://pc:36254/
[rosmaster.master][INFO] 2012-12-15 20:07:48,518: +PARAM [/camera/depth_registered/image_rect/theora/optimize_for] by /camera_nodelet_manager
[rosmaster.master][INFO] 2012-12-15 20:07:48,519: +PARAM [/camera/depth_registered/image_rect/theora/target_bitrate] by /camera_nodelet_manager
[rosmaster.master][INFO] 2012-12-15 20:07:48,520: +PARAM [/camera/depth_registered/image_rect/theora/quality] by /camera_nodelet_manager
[rosmaster.master][INFO] 2012-12-15 20:07:48,521: +PARAM [/camera/depth_registered/image_rect/theora/keyframe_frequency] by /camera_nodelet_manager
[rosmaster.master][INFO] 2012-12-15 20:07:48,544: publisherUpdate[/rosout] -> http://pc:41874/
[rosmaster.master][INFO] 2012-12-15 20:07:48,780: +SERVICE [/camera/depth_registered/rectify_depth/set_parameters] /camera_nodelet_manager http://pc:36254/
[rosmaster.master][INFO] 2012-12-15 20:07:48,781: +PUB [/camera/depth_registered/rectify_depth/parameter_descriptions] /camera_nodelet_manager http://pc:36254/
[rosmaster.master][INFO] 2012-12-15 20:07:48,783: +PUB [/camera/depth_registered/rectify_depth/parameter_updates] /camera_nodelet_manager http://pc:36254/
[rosmaster.master][INFO] 2012-12-15 20:07:48,786: +PARAM [/camera/depth_registered/rectify_depth/interpolation] by /camera_nodelet_manager
[rosmaster.master][INFO] 2012-12-15 20:07:48,788: +PUB [/camera/depth_registered/image_rect_raw/compressed] /camera_nodelet_manager http://pc:36254/
[rosmaster.master][INFO] 2012-12-15 20:07:48,789: +SERVICE [/camera/depth_registered/image_rect_raw/compressed/set_parameters] /camera_nodelet_manager http://pc:36254/
[rosmaster.master][INFO] 2012-12-15 20:07:48,791: +PUB [/camera/depth_registered/image_rect_raw/compressed/parameter_descriptions] /camera_nodelet_manager http://pc:36254/
[rosmaster.master][INFO] 2012-12-15 20:07:48,793: +PUB [/camera/depth_registered/image_rect_raw/compressed/parameter_updates] /camera_nodelet_manager http://pc:36254/
[rosmaster.master][INFO] 2012-12-15 20:07:48,801: +PARAM [/camera/depth_registered/image_rect_raw/compressed/format] by /camera_nodelet_manager
[rosmaster.master][INFO] 2012-12-15 20:07:48,803: +PARAM [/camera/depth_registered/image_rect_raw/compressed/jpeg_quality] by /camera_nodelet_manager
[rosmaster.master][INFO] 2012-12-15 20:07:48,805: +PARAM [/camera/depth_registered/image_rect_raw/compressed/png_level] by /camera_nodelet_manager
[rosmaster.master][INFO] 2012-12-15 20:07:48,808: +PUB [/camera/depth_registered/image_rect_raw] /camera_nodelet_manager http://pc:36254/
[rosmaster.master][INFO] 2012-12-15 20:07:48,812: +PUB [/camera/depth_registered/image_rect_raw/theora] /camera_nodelet_manager http://pc:36254/
[rosmaster.master][INFO] 2012-12-15 20:07:48,814: +SERVICE [/camera/depth_registered/image_rect_raw/theora/set_parameters] /camera_nodelet_manager http://pc:36254/
[rosmaster.master][INFO] 2012-12-15 20:07:48,817: +PUB [/camera/depth_registered/image_rect_raw/theora/parameter_descriptions] /camera_nodelet_manager http://pc:36254/
[rosmaster.master][INFO] 2012-12-15 20:07:48,820: +PUB [/camera/depth_registered/image_rect_raw/theora/parameter_updates] /camera_nodelet_manager http://pc:36254/
[rosmaster.master][INFO] 2012-12-15 20:07:48,833: +PARAM [/camera/depth_registered/image_rect_raw/theora/optimize_for] by /camera_nodelet_manager
[rosmaster.master][INFO] 2012-12-15 20:07:48,835: +PARAM [/camera/depth_registered/image_rect_raw/theora/target_bitrate] by /camera_nodelet_manager
[rosmaster.master][INFO] 2012-12-15 20:07:48,837: +PARAM [/camera/depth_registered/image_rect_raw/theora/quality] by /camera_nodelet_manager
[rosmaster.master][INFO] 2012-12-15 20:07:48,840: +PARAM [/camera/depth_registered/image_rect_raw/theora/keyframe_frequency] by /camera_nodelet_manager
[rosmaster.master][INFO] 2012-12-15 20:07:48,904: +PUB [/rosout] /depth_detection http://pc:53596/
[rosmaster.master][INFO] 2012-12-15 20:07:48,937: +SUB [/camera/depth_registered/image_rect] /depth_detection http://pc:53596/
[rosmaster.master][INFO] 2012-12-15 20:07:48,939: +SUB [/camera/rgb/image_rect_color] /depth_detection http://pc:53596/
[rosmaster.master][INFO] 2012-12-15 20:07:48,949: publisherUpdate[/rosout] -> http://pc:41874/
[rosmaster.master][INFO] 2012-12-15 20:07:48,960: +SUB [/camera/depth_registered/image_rect_raw] /camera_nodelet_manager http://pc:36254/
[rosmaster.master][INFO] 2012-12-15 20:07:48,963: +SUB [/camera/depth_registered/image_raw] /camera_nodelet_manager http://pc:36254/
[rosmaster.master][INFO] 2012-12-15 20:07:48,965: +SUB [/camera/depth_registered/camera_info] /camera_nodelet_manager http://pc:36254/
[rosmaster.master][INFO] 2012-12-15 20:07:49,162: +PUB [/camera/depth/image/compressed] /camera_nodelet_manager http://pc:36254/
[rosmaster.master][INFO] 2012-12-15 20:07:49,163: +SERVICE [/camera/depth/image/compressed/set_parameters] /camera_nodelet_manager http://pc:36254/
[rosmaster.master][INFO] 2012-12-15 20:07:49,165: +PUB [/camera/depth/image/compressed/parameter_descriptions] /camera_nodelet_manager http://pc:36254/
[rosmaster.master][INFO] 2012-12-15 20:07:49,166: +PUB [/camera/depth/image/compressed/parameter_updates] /camera_nodelet_manager http://pc:36254/
[rosmaster.master][INFO] 2012-12-15 20:07:49,171: +PARAM [/camera/depth/image/compressed/format] by /camera_nodelet_manager
[rosmaster.master][INFO] 2012-12-15 20:07:49,172: +PARAM [/camera/depth/image/compressed/jpeg_quality] by /camera_nodelet_manager
[rosmaster.master][INFO] 2012-12-15 20:07:49,173: +PARAM [/camera/depth/image/compressed/png_level] by /camera_nodelet_manager
[rosmaster.master][INFO] 2012-12-15 20:07:49,175: +PUB [/camera/depth/image] /camera_nodelet_manager http://pc:36254/
[rosmaster.master][INFO] 2012-12-15 20:07:49,177: +PUB [/camera/depth/image/theora] /camera_nodelet_manager http://pc:36254/
[rosmaster.master][INFO] 2012-12-15 20:07:49,178: +SERVICE [/camera/depth/image/theora/set_parameters] /camera_nodelet_manager http://pc:36254/
[rosmaster.master][INFO] 2012-12-15 20:07:49,179: +PUB [/camera/depth/image/theora/parameter_descriptions] /camera_nodelet_manager http://pc:36254/
[rosmaster.master][INFO] 2012-12-15 20:07:49,181: +PUB [/camera/depth/image/theora/parameter_updates] /camera_nodelet_manager http://pc:36254/
[rosmaster.master][INFO] 2012-12-15 20:07:49,187: +PARAM [/camera/depth/image/theora/optimize_for] by /camera_nodelet_manager
[rosmaster.master][INFO] 2012-12-15 20:07:49,188: +PARAM [/camera/depth/image/theora/target_bitrate] by /camera_nodelet_manager
[rosmaster.master][INFO] 2012-12-15 20:07:49,189: +PARAM [/camera/depth/image/theora/quality] by /camera_nodelet_manager
[rosmaster.master][INFO] 2012-12-15 20:07:49,191: +PARAM [/camera/depth/image/theora/keyframe_frequency] by /camera_nodelet_manager
[rosmaster.master][INFO] 2012-12-15 20:07:49,472: +PUB [/camera/depth_registered/disparity] /camera_nodelet_manager http://pc:36254/
[rosmaster.master][INFO] 2012-12-15 20:07:49,737: +PUB [/camera/depth/points] /camera_nodelet_manager http://pc:36254/
[rosmaster.master][INFO] 2012-12-15 20:07:50,240: +PUB [/camera/depth_registered/points] /camera_nodelet_manager http://pc:36254/
[rosmaster.master][INFO] 2012-12-15 20:07:50,505: +PUB [/camera/depth/image_rect/compressed] /camera_nodelet_manager http://pc:36254/
[rosmaster.master][INFO] 2012-12-15 20:07:50,507: +SERVICE [/camera/depth/image_rect/compressed/set_parameters] /camera_nodelet_manager http://pc:36254/
[rosmaster.master][INFO] 2012-12-15 20:07:50,509: +PUB [/camera/depth/image_rect/compressed/parameter_descriptions] /camera_nodelet_manager http://pc:36254/
[rosmaster.master][INFO] 2012-12-15 20:07:50,511: +PUB [/camera/depth/image_rect/compressed/parameter_updates] /camera_nodelet_manager http://pc:36254/
[rosmaster.master][INFO] 2012-12-15 20:07:50,515: +PARAM [/camera/depth/image_rect/compressed/format] by /camera_nodelet_manager
[rosmaster.master][INFO] 2012-12-15 20:07:50,517: +PARAM [/camera/depth/image_rect/compressed/jpeg_quality] by /camera_nodelet_manager
[rosmaster.master][INFO] 2012-12-15 20:07:50,519: +PARAM [/camera/depth/image_rect/compressed/png_level] by /camera_nodelet_manager
[rosmaster.master][INFO] 2012-12-15 20:07:50,522: +PUB [/camera/depth/image_rect] /camera_nodelet_manager http://pc:36254/
[rosmaster.master][INFO] 2012-12-15 20:07:50,524: +PUB [/camera/depth/image_rect/theora] /camera_nodelet_manager http://pc:36254/
[rosmaster.master][INFO] 2012-12-15 20:07:50,527: +SERVICE [/camera/depth/image_rect/theora/set_parameters] /camera_nodelet_manager http://pc:36254/
[rosmaster.master][INFO] 2012-12-15 20:07:50,529: +PUB [/camera/depth/image_rect/theora/parameter_descriptions] /camera_nodelet_manager http://pc:36254/
[rosmaster.master][INFO] 2012-12-15 20:07:50,531: +PUB [/camera/depth/image_rect/theora/parameter_updates] /camera_nodelet_manager http://pc:36254/
[rosmaster.master][INFO] 2012-12-15 20:07:50,542: +PARAM [/camera/depth/image_rect/theora/optimize_for] by /camera_nodelet_manager
[rosmaster.master][INFO] 2012-12-15 20:07:50,548: +PARAM [/camera/depth/image_rect/theora/target_bitrate] by /camera_nodelet_manager
[rosmaster.master][INFO] 2012-12-15 20:07:50,550: +PARAM [/camera/depth/image_rect/theora/quality] by /camera_nodelet_manager
[rosmaster.master][INFO] 2012-12-15 20:07:50,553: +PARAM [/camera/depth/image_rect/theora/keyframe_frequency] by /camera_nodelet_manager
[rosmaster.master][INFO] 2012-12-15 20:07:50,826: +SERVICE [/camera/ir/rectify_ir/set_parameters] /camera_nodelet_manager http://pc:36254/
[rosmaster.master][INFO] 2012-12-15 20:07:50,828: +PUB [/camera/ir/rectify_ir/parameter_descriptions] /camera_nodelet_manager http://pc:36254/
[rosmaster.master][INFO] 2012-12-15 20:07:50,831: +PUB [/camera/ir/rectify_ir/parameter_updates] /camera_nodelet_manager http://pc:36254/
[rosmaster.master][INFO] 2012-12-15 20:07:50,835: +PARAM [/camera/ir/rectify_ir/interpolation] by /camera_nodelet_manager
[rosmaster.master][INFO] 2012-12-15 20:07:50,837: +PUB [/camera/ir/image_rect/compressed] /camera_nodelet_manager http://pc:36254/
[rosmaster.master][INFO] 2012-12-15 20:07:50,839: +SERVICE [/camera/ir/image_rect/compressed/set_parameters] /camera_nodelet_manager http://pc:36254/
[rosmaster.master][INFO] 2012-12-15 20:07:50,841: +PUB [/camera/ir/image_rect/compressed/parameter_descriptions] /camera_nodelet_manager http://pc:36254/
[rosmaster.master][INFO] 2012-12-15 20:07:50,843: +PUB [/camera/ir/image_rect/compressed/parameter_updates] /camera_nodelet_manager http://pc:36254/
[rosmaster.master][INFO] 2012-12-15 20:07:50,851: +PARAM [/camera/ir/image_rect/compressed/format] by /camera_nodelet_manager
[rosmaster.master][INFO] 2012-12-15 20:07:50,853: +PARAM [/camera/ir/image_rect/compressed/jpeg_quality] by /camera_nodelet_manager
[rosmaster.master][INFO] 2012-12-15 20:07:50,856: +PARAM [/camera/ir/image_rect/compressed/png_level] by /camera_nodelet_manager
[rosmaster.master][INFO] 2012-12-15 20:07:50,859: +PUB [/camera/ir/image_rect] /camera_nodelet_manager http://pc:36254/
[rosmaster.master][INFO] 2012-12-15 20:07:50,863: +PUB [/camera/ir/image_rect/theora] /camera_nodelet_manager http://pc:36254/
[rosmaster.master][INFO] 2012-12-15 20:07:50,866: +SERVICE [/camera/ir/image_rect/theora/set_parameters] /camera_nodelet_manager http://pc:36254/
[rosmaster.master][INFO] 2012-12-15 20:07:50,867: +PUB [/camera/ir/image_rect/theora/parameter_descriptions] /camera_nodelet_manager http://pc:36254/
[rosmaster.master][INFO] 2012-12-15 20:07:50,869: +PUB [/camera/ir/image_rect/theora/parameter_updates] /camera_nodelet_manager http://pc:36254/
[rosmaster.master][INFO] 2012-12-15 20:07:50,874: +PARAM [/camera/ir/image_rect/theora/optimize_for] by /camera_nodelet_manager
[rosmaster.master][INFO] 2012-12-15 20:07:50,875: +PARAM [/camera/ir/image_rect/theora/target_bitrate] by /camera_nodelet_manager
[rosmaster.master][INFO] 2012-12-15 20:07:50,876: +PARAM [/camera/ir/image_rect/theora/quality] by /camera_nodelet_manager
[rosmaster.master][INFO] 2012-12-15 20:07:50,877: +PARAM [/camera/ir/image_rect/theora/keyframe_frequency] by /camera_nodelet_manager
[rosmaster.master][INFO] 2012-12-15 20:07:50,970: +PUB [/rosout] /camera/depth_registered/metric http://pc:55909/
[rosmaster.master][INFO] 2012-12-15 20:07:50,971: +SERVICE [/camera/depth_registered/metric/get_loggers] /camera/depth_registered/metric http://pc:55909/
[rosmaster.master][INFO] 2012-12-15 20:07:50,972: +SERVICE [/camera/depth_registered/metric/set_logger_level] /camera/depth_registered/metric http://pc:55909/
[rosmaster.master][INFO] 2012-12-15 20:07:50,977: +PUB [/rosout] /camera/register_depth_rgb http://pc:60550/
[rosmaster.master][INFO] 2012-12-15 20:07:50,980: +PARAM [/camera/depth/rectify_depth] by /camera/depth/rectify_depth
[rosmaster.master][INFO] 2012-12-15 20:07:50,981: +PUB [/rosout] /camera/disparity_depth http://pc:33027/
[rosmaster.master][INFO] 2012-12-15 20:07:50,982: +SERVICE [/camera/register_depth_rgb/get_loggers] /camera/register_depth_rgb http://pc:60550/
[rosmaster.master][INFO] 2012-12-15 20:07:50,984: publisherUpdate[/rosout] -> http://pc:41874/
[rosmaster.master][INFO] 2012-12-15 20:07:50,988: +SERVICE [/camera/disparity_depth/get_loggers] /camera/disparity_depth http://pc:33027/
[rosmaster.master][INFO] 2012-12-15 20:07:50,989: publisherUpdate[/rosout] -> http://pc:41874/
[rosmaster.master][INFO] 2012-12-15 20:07:50,990: +SERVICE [/camera/register_depth_rgb/set_logger_level] /camera/register_depth_rgb http://pc:60550/
[rosmaster.master][INFO] 2012-12-15 20:07:50,992: publisherUpdate[/rosout] -> http://pc:41874/
[rosmaster.master][INFO] 2012-12-15 20:07:50,994: +SERVICE [/camera/disparity_depth/set_logger_level] /camera/disparity_depth http://pc:33027/
[rosmaster.master][INFO] 2012-12-15 20:07:51,001: +PARAM [/camera/disparity_depth] by /camera/disparity_depth
[rosmaster.master][INFO] 2012-12-15 20:07:51,023: +SERVICE [/camera_base_link/set_logger_level] /camera_base_link http://pc:34436/
[rosmaster.master][INFO] 2012-12-15 20:07:51,025: +PUB [/tf] /camera_base_link http://pc:34436/
[rosmaster.master][INFO] 2012-12-15 20:07:51,233: +SERVICE [/camera/rgb/debayer/set_parameters] /camera_nodelet_manager http://pc:36254/
[rosmaster.master][INFO] 2012-12-15 20:07:51,235: +PUB [/camera/rgb/debayer/parameter_descriptions] /camera_nodelet_manager http://pc:36254/
[rosmaster.master][INFO] 2012-12-15 20:07:51,237: +PUB [/camera/rgb/debayer/parameter_updates] /camera_nodelet_manager http://pc:36254/
[rosmaster.master][INFO] 2012-12-15 20:07:51,242: +PARAM [/camera/rgb/debayer/debayer] by /camera_nodelet_manager
[rosmaster.master][INFO] 2012-12-15 20:07:51,245: +PUB [/camera/rgb/image_mono/compressed] /camera_nodelet_manager http://pc:36254/
[rosmaster.master][INFO] 2012-12-15 20:07:51,247: +SERVICE [/camera/rgb/image_mono/compressed/set_parameters] /camera_nodelet_manager http://pc:36254/
[rosmaster.master][INFO] 2012-12-15 20:07:51,249: +PUB [/camera/rgb/image_mono/compressed/parameter_descriptions] /camera_nodelet_manager http://pc:36254/
[rosmaster.master][INFO] 2012-12-15 20:07:51,252: +PUB [/camera/rgb/image_mono/compressed/parameter_updates] /camera_nodelet_manager http://pc:36254/
[rosmaster.master][INFO] 2012-12-15 20:07:51,261: +PARAM [/camera/rgb/image_mono/compressed/format] by /camera_nodelet_manager
[rosmaster.master][INFO] 2012-12-15 20:07:51,265: +PARAM [/camera/rgb/image_mono/compressed/jpeg_quality] by /camera_nodelet_manager
[rosmaster.master][INFO] 2012-12-15 20:07:51,268: +PARAM [/camera/rgb/image_mono/compressed/png_level] by /camera_nodelet_manager
[rosmaster.master][INFO] 2012-12-15 20:07:51,271: +PUB [/camera/rgb/image_mono] /camera_nodelet_manager http://pc:36254/
[rosmaster.master][INFO] 2012-12-15 20:07:51,274: +PUB [/camera/rgb/image_mono/theora] /camera_nodelet_manager http://pc:36254/
[rosmaster.master][INFO] 2012-12-15 20:07:51,276: +SERVICE [/camera/rgb/image_mono/theora/set_parameters] /camera_nodelet_manager http://pc:36254/
[rosmaster.master][INFO] 2012-12-15 20:07:51,279: +PUB [/camera/rgb/image_mono/theora/parameter_descriptions] /camera_nodelet_manager http://pc:36254/
[rosmaster.master][INFO] 2012-12-15 20:07:51,281: +PUB [/camera/rgb/image_mono/theora/parameter_updates] /camera_nodelet_manager http://pc:36254/
[rosmaster.master][INFO] 2012-12-15 20:07:51,292: +PARAM [/camera/rgb/image_mono/theora/optimize_for] by /camera_nodelet_manager
[rosmaster.master][INFO] 2012-12-15 20:07:51,295: +PARAM [/camera/rgb/image_mono/theora/target_bitrate] by /camera_nodelet_manager
[rosmaster.master][INFO] 2012-12-15 20:07:51,297: +PARAM [/camera/rgb/image_mono/theora/quality] by /camera_nodelet_manager
[rosmaster.master][INFO] 2012-12-15 20:07:51,300: +PARAM [/camera/rgb/image_mono/theora/keyframe_frequency] by /camera_nodelet_manager
[rosmaster.master][INFO] 2012-12-15 20:07:51,304: +PUB [/camera/rgb/image_color/compressed] /camera_nodelet_manager http://pc:36254/
[rosmaster.master][INFO] 2012-12-15 20:07:51,307: +SERVICE [/camera/rgb/image_color/compressed/set_parameters] /camera_nodelet_manager http://pc:36254/
[rosmaster.master][INFO] 2012-12-15 20:07:51,311: +PUB [/camera/rgb/image_color/compressed/parameter_descriptions] /camera_nodelet_manager http://pc:36254/
[rosmaster.master][INFO] 2012-12-15 20:07:51,314: +PUB [/camera/rgb/image_color/compressed/parameter_updates] /camera_nodelet_manager http://pc:36254/
[rosmaster.master][INFO] 2012-12-15 20:07:51,323: +PARAM [/camera/rgb/image_color/compressed/format] by /camera_nodelet_manager
[rosmaster.master][INFO] 2012-12-15 20:07:51,325: +PARAM [/camera/rgb/image_color/compressed/jpeg_quality] by /camera_nodelet_manager
[rosmaster.master][INFO] 2012-12-15 20:07:51,328: +PARAM [/camera/rgb/image_color/compressed/png_level] by /camera_nodelet_manager
[rosmaster.master][INFO] 2012-12-15 20:07:51,330: +PUB [/camera/rgb/image_color] /camera_nodelet_manager http://pc:36254/
[rosmaster.master][INFO] 2012-12-15 20:07:51,333: +PUB [/camera/rgb/image_color/theora] /camera_nodelet_manager http://pc:36254/
[rosmaster.master][INFO] 2012-12-15 20:07:51,335: +SERVICE [/camera/rgb/image_color/theora/set_parameters] /camera_nodelet_manager http://pc:36254/
[rosmaster.master][INFO] 2012-12-15 20:07:51,337: +PUB [/camera/rgb/image_color/theora/parameter_descriptions] /camera_nodelet_manager http://pc:36254/
[rosmaster.master][INFO] 2012-12-15 20:07:51,340: +PUB [/camera/rgb/image_color/theora/parameter_updates] /camera_nodelet_manager http://pc:36254/
[rosmaster.master][INFO] 2012-12-15 20:07:51,351: +PARAM [/camera/rgb/image_color/theora/optimize_for] by /camera_nodelet_manager
[rosmaster.master][INFO] 2012-12-15 20:07:51,354: +PARAM [/camera/rgb/image_color/theora/target_bitrate] by /camera_nodelet_manager
[rosmaster.master][INFO] 2012-12-15 20:07:51,356: +PARAM [/camera/rgb/image_color/theora/quality] by /camera_nodelet_manager
[rosmaster.master][INFO] 2012-12-15 20:07:51,358: +PARAM [/camera/rgb/image_color/theora/keyframe_frequency] by /camera_nodelet_manager
[rosmaster.master][INFO] 2012-12-15 20:07:51,647: +SERVICE [/camera/rgb/rectify_mono/set_parameters] /camera_nodelet_manager http://pc:36254/
[rosmaster.master][INFO] 2012-12-15 20:07:51,649: +PUB [/camera/rgb/rectify_mono/parameter_descriptions] /camera_nodelet_manager http://pc:36254/
[rosmaster.master][INFO] 2012-12-15 20:07:51,651: +PUB [/camera/rgb/rectify_mono/parameter_updates] /camera_nodelet_manager http://pc:36254/
[rosmaster.master][INFO] 2012-12-15 20:07:51,655: +PARAM [/camera/rgb/rectify_mono/interpolation] by /camera_nodelet_manager
[rosmaster.master][INFO] 2012-12-15 20:07:51,657: +PUB [/camera/rgb/image_rect/compressed] /camera_nodelet_manager http://pc:36254/
[rosmaster.master][INFO] 2012-12-15 20:07:51,660: +SERVICE [/camera/rgb/image_rect/compressed/set_parameters] /camera_nodelet_manager http://pc:36254/
[rosmaster.master][INFO] 2012-12-15 20:07:51,662: +PUB [/camera/rgb/image_rect/compressed/parameter_descriptions] /camera_nodelet_manager http://pc:36254/
[rosmaster.master][INFO] 2012-12-15 20:07:51,665: +PUB [/camera/rgb/image_rect/compressed/parameter_updates] /camera_nodelet_manager http://pc:36254/
[rosmaster.master][INFO] 2012-12-15 20:07:51,675: +PARAM [/camera/rgb/image_rect/compressed/format] by /camera_nodelet_manager
[rosmaster.master][INFO] 2012-12-15 20:07:51,678: +PARAM [/camera/rgb/image_rect/compressed/jpeg_quality] by /camera_nodelet_manager
[rosmaster.master][INFO] 2012-12-15 20:07:51,680: +PARAM [/camera/rgb/image_rect/compressed/png_level] by /camera_nodelet_manager
[rosmaster.master][INFO] 2012-12-15 20:07:51,683: +PUB [/camera/rgb/image_rect] /camera_nodelet_manager http://pc:36254/
[rosmaster.master][INFO] 2012-12-15 20:07:51,685: +PUB [/camera/rgb/image_rect/theora] /camera_nodelet_manager http://pc:36254/
[rosmaster.master][INFO] 2012-12-15 20:07:51,688: +SERVICE [/camera/rgb/image_rect/theora/set_parameters] /camera_nodelet_manager http://pc:36254/
[rosmaster.master][INFO] 2012-12-15 20:07:51,690: +PUB [/camera/rgb/image_rect/theora/parameter_descriptions] /camera_nodelet_manager http://pc:36254/
[rosmaster.master][INFO] 2012-12-15 20:07:51,693: +PUB [/camera/rgb/image_rect/theora/parameter_updates] /camera_nodelet_manager http://pc:36254/
[rosmaster.master][INFO] 2012-12-15 20:07:51,705: +PARAM [/camera/rgb/image_rect/theora/optimize_for] by /camera_nodelet_manager
[rosmaster.master][INFO] 2012-12-15 20:07:51,709: +PARAM [/camera/rgb/image_rect/theora/target_bitrate] by /camera_nodelet_manager
[rosmaster.master][INFO] 2012-12-15 20:07:51,712: +PARAM [/camera/rgb/image_rect/theora/quality] by /camera_nodelet_manager
[rosmaster.master][INFO] 2012-12-15 20:07:51,715: +PARAM [/camera/rgb/image_rect/theora/keyframe_frequency] by /camera_nodelet_manager
[rosmaster.master][INFO] 2012-12-15 20:07:51,989: +SERVICE [/camera/rgb/rectify_color/set_parameters] /camera_nodelet_manager http://pc:36254/
[rosmaster.master][INFO] 2012-12-15 20:07:51,990: +PUB [/camera/rgb/rectify_color/parameter_descriptions] /camera_nodelet_manager http://pc:36254/
[rosmaster.master][INFO] 2012-12-15 20:07:51,991: +PUB [/camera/rgb/rectify_color/parameter_updates] /camera_nodelet_manager http://pc:36254/
[rosmaster.master][INFO] 2012-12-15 20:07:51,993: +PARAM [/camera/rgb/rectify_color/interpolation] by /camera_nodelet_manager
[rosmaster.master][INFO] 2012-12-15 20:07:51,995: +PUB [/camera/rgb/image_rect_color/compressed] /camera_nodelet_manager http://pc:36254/
[rosmaster.master][INFO] 2012-12-15 20:07:51,997: +SERVICE [/camera/rgb/image_rect_color/compressed/set_parameters] /camera_nodelet_manager http://pc:36254/
[rosmaster.master][INFO] 2012-12-15 20:07:51,999: +PUB [/camera/rgb/image_rect_color/compressed/parameter_descriptions] /camera_nodelet_manager http://pc:36254/
[rosmaster.master][INFO] 2012-12-15 20:07:52,001: +PUB [/camera/rgb/image_rect_color/compressed/parameter_updates] /camera_nodelet_manager http://pc:36254/
[rosmaster.master][INFO] 2012-12-15 20:07:52,009: +PARAM [/camera/rgb/image_rect_color/compressed/format] by /camera_nodelet_manager
[rosmaster.master][INFO] 2012-12-15 20:07:52,011: +PARAM [/camera/rgb/image_rect_color/compressed/jpeg_quality] by /camera_nodelet_manager
[rosmaster.master][INFO] 2012-12-15 20:07:52,013: +PARAM [/camera/rgb/image_rect_color/compressed/png_level] by /camera_nodelet_manager
[rosmaster.master][INFO] 2012-12-15 20:07:52,015: +PUB [/camera/rgb/image_rect_color] /camera_nodelet_manager http://pc:36254/
[rosmaster.master][INFO] 2012-12-15 20:07:52,020: +PUB [/camera/rgb/image_rect_color/theora] /camera_nodelet_manager http://pc:36254/
[rosmaster.master][INFO] 2012-12-15 20:07:52,023: +SERVICE [/camera/rgb/image_rect_color/theora/set_parameters] /camera_nodelet_manager http://pc:36254/
[rosmaster.master][INFO] 2012-12-15 20:07:52,025: +PUB [/camera/rgb/image_rect_color/theora/parameter_descriptions] /camera_nodelet_manager http://pc:36254/
[rosmaster.master][INFO] 2012-12-15 20:07:52,028: +PUB [/camera/rgb/image_rect_color/theora/parameter_updates] /camera_nodelet_manager http://pc:36254/
[rosmaster.master][INFO] 2012-12-15 20:07:52,038: +PARAM [/camera/rgb/image_rect_color/theora/optimize_for] by /camera_nodelet_manager
[rosmaster.master][INFO] 2012-12-15 20:07:52,040: +PARAM [/camera/rgb/image_rect_color/theora/target_bitrate] by /camera_nodelet_manager
[rosmaster.master][INFO] 2012-12-15 20:07:52,043: +PARAM [/camera/rgb/image_rect_color/theora/quality] by /camera_nodelet_manager
[rosmaster.master][INFO] 2012-12-15 20:07:52,045: +PARAM [/camera/rgb/image_rect_color/theora/keyframe_frequency] by /camera_nodelet_manager
[rosmaster.master][INFO] 2012-12-15 20:07:52,056: publisherUpdate[/camera/rgb/image_rect_color] -> http://pc:53596/
[rosmaster.master][INFO] 2012-12-15 20:07:52,069: +SUB [/camera/rgb/image_color] /camera_nodelet_manager http://pc:36254/
[rosmaster.master][INFO] 2012-12-15 20:07:52,070: +SUB [/camera/rgb/camera_info] /camera_nodelet_manager http://pc:36254/
[rosmaster.master][INFO] 2012-12-15 20:07:52,072: +SUB [/camera/rgb/image_raw] /camera_nodelet_manager http://pc:36254/
[rosmaster.master][INFO] 2012-12-15 20:07:52,323: +PUB [/camera/depth_registered/image/compressed] /camera_nodelet_manager http://pc:36254/
[rosmaster.master][INFO] 2012-12-15 20:07:52,325: +SERVICE [/camera/depth_registered/image/compressed/set_parameters] /camera_nodelet_manager http://pc:36254/
[rosmaster.master][INFO] 2012-12-15 20:07:52,327: +PUB [/camera/depth_registered/image/compressed/parameter_descriptions] /camera_nodelet_manager http://pc:36254/
[rosmaster.master][INFO] 2012-12-15 20:07:52,331: +PUB [/camera/depth_registered/image/compressed/parameter_updates] /camera_nodelet_manager http://pc:36254/
[rosmaster.master][INFO] 2012-12-15 20:07:52,342: +PARAM [/camera/depth_registered/image/compressed/format] by /camera_nodelet_manager
[rosmaster.master][INFO] 2012-12-15 20:07:52,345: +PARAM [/camera/depth_registered/image/compressed/jpeg_quality] by /camera_nodelet_manager
[rosmaster.master][INFO] 2012-12-15 20:07:52,348: +PARAM [/camera/depth_registered/image/compressed/png_level] by /camera_nodelet_manager
[rosmaster.master][INFO] 2012-12-15 20:07:52,352: +PUB [/camera/depth_registered/image] /camera_nodelet_manager http://pc:36254/
[rosmaster.master][INFO] 2012-12-15 20:07:52,355: +PUB [/camera/depth_registered/image/theora] /camera_nodelet_manager http://pc:36254/
[rosmaster.master][INFO] 2012-12-15 20:07:52,357: +SERVICE [/camera/depth_registered/image/theora/set_parameters] /camera_nodelet_manager http://pc:36254/
[rosmaster.master][INFO] 2012-12-15 20:07:52,359: +PUB [/camera/depth_registered/image/theora/parameter_descriptions] /camera_nodelet_manager http://pc:36254/
[rosmaster.master][INFO] 2012-12-15 20:07:52,362: +PUB [/camera/depth_registered/image/theora/parameter_updates] /camera_nodelet_manager http://pc:36254/
[rosmaster.master][INFO] 2012-12-15 20:07:52,371: +PARAM [/camera/depth_registered/image/theora/optimize_for] by /camera_nodelet_manager
[rosmaster.master][INFO] 2012-12-15 20:07:52,373: +PARAM [/camera/depth_registered/image/theora/target_bitrate] by /camera_nodelet_manager
[rosmaster.master][INFO] 2012-12-15 20:07:52,375: +PARAM [/camera/depth_registered/image/theora/quality] by /camera_nodelet_manager
[rosmaster.master][INFO] 2012-12-15 20:07:52,377: +PARAM [/camera/depth_registered/image/theora/keyframe_frequency] by /camera_nodelet_manager
[rosmaster.master][INFO] 2012-12-15 20:07:52,646: +SUB [/tf] /camera_nodelet_manager http://pc:36254/
[rosmaster.master][INFO] 2012-12-15 20:07:52,651: +SERVICE [/camera_nodelet_manager/tf_frames] /camera_nodelet_manager http://pc:36254/
[rosmaster.master][INFO] 2012-12-15 20:07:52,936: +PARAM [/camera/depth_registered/image_rect_raw/compressed/format] by /camera_nodelet_manager
[rosmaster.master][INFO] 2012-12-15 20:07:52,938: +PARAM [/camera/depth_registered/image_rect_raw/compressed/jpeg_quality] by /camera_nodelet_manager
[rosmaster.master][INFO] 2012-12-15 20:07:52,942: +PARAM [/camera/depth_registered/image_rect_raw/compressed/png_level] by /camera_nodelet_manager
[rosmaster.master][INFO] 2012-12-15 20:07:52,959: +PARAM [/camera/depth_registered/image_rect_raw/theora/optimize_for] by /camera_nodelet_manager
[rosmaster.master][INFO] 2012-12-15 20:07:52,962: +PARAM [/camera/depth_registered/image_rect_raw/theora/target_bitrate] by /camera_nodelet_manager
[rosmaster.master][INFO] 2012-12-15 20:07:52,965: +PARAM [/camera/depth_registered/image_rect_raw/theora/quality] by /camera_nodelet_manager
[rosmaster.master][INFO] 2012-12-15 20:07:52,968: +PARAM [/camera/depth_registered/image_rect_raw/theora/keyframe_frequency] by /camera_nodelet_manager
[rosmaster.master][INFO] 2012-12-15 20:07:52,970: +PUB [/camera/depth_registered/camera_info] /camera_nodelet_manager http://pc:36254/
[rosmaster.master][INFO] 2012-12-15 20:07:52,976: +SUB [/camera/depth/image_rect_raw] /camera_nodelet_manager http://pc:36254/
[rosmaster.master][INFO] 2012-12-15 20:07:52,978: +SUB [/camera/depth/camera_info] /camera_nodelet_manager http://pc:36254/
[rosmaster.master][INFO] 2012-12-15 20:07:52,998: publisherUpdate[/camera/depth_registered/camera_info] -> http://pc:36254/
[rosmaster.master][INFO] 2012-12-15 20:07:53,250: +SERVICE [/camera/depth/rectify_depth/set_parameters] /camera_nodelet_manager http://pc:36254/
[rosmaster.master][INFO] 2012-12-15 20:07:53,252: +PUB [/camera/depth/rectify_depth/parameter_descriptions] /camera_nodelet_manager http://pc:36254/
[rosmaster.master][INFO] 2012-12-15 20:07:53,254: +PUB [/camera/depth/rectify_depth/parameter_updates] /camera_nodelet_manager http://pc:36254/
[rosmaster.master][INFO] 2012-12-15 20:07:53,258: +PARAM [/camera/depth/rectify_depth/interpolation] by /camera_nodelet_manager
[rosmaster.master][INFO] 2012-12-15 20:07:53,261: +PUB [/camera/depth/image_rect_raw/compressed] /camera_nodelet_manager http://pc:36254/
[rosmaster.master][INFO] 2012-12-15 20:07:53,263: +SERVICE [/camera/depth/image_rect_raw/compressed/set_parameters] /camera_nodelet_manager http://pc:36254/
[rosmaster.master][INFO] 2012-12-15 20:07:53,267: +PUB [/camera/depth/image_rect_raw/compressed/parameter_descriptions] /camera_nodelet_manager http://pc:36254/
[rosmaster.master][INFO] 2012-12-15 20:07:53,270: +PUB [/camera/depth/image_rect_raw/compressed/parameter_updates] /camera_nodelet_manager http://pc:36254/
[rosmaster.master][INFO] 2012-12-15 20:07:53,279: +PARAM [/camera/depth/image_rect_raw/compressed/format] by /camera_nodelet_manager
[rosmaster.master][INFO] 2012-12-15 20:07:53,281: +PARAM [/camera/depth/image_rect_raw/compressed/jpeg_quality] by /camera_nodelet_manager
[rosmaster.master][INFO] 2012-12-15 20:07:53,284: +PARAM [/camera/depth/image_rect_raw/compressed/png_level] by /camera_nodelet_manager
[rosmaster.master][INFO] 2012-12-15 20:07:53,286: +PUB [/camera/depth/image_rect_raw] /camera_nodelet_manager http://pc:36254/
[rosmaster.master][INFO] 2012-12-15 20:07:53,289: +PUB [/camera/depth/image_rect_raw/theora] /camera_nodelet_manager http://pc:36254/
[rosmaster.master][INFO] 2012-12-15 20:07:53,292: +SERVICE [/camera/depth/image_rect_raw/theora/set_parameters] /camera_nodelet_manager http://pc:36254/
[rosmaster.master][INFO] 2012-12-15 20:07:53,294: +PUB [/camera/depth/image_rect_raw/theora/parameter_descriptions] /camera_nodelet_manager http://pc:36254/
[rosmaster.master][INFO] 2012-12-15 20:07:53,299: +PUB [/camera/depth/image_rect_raw/theora/parameter_updates] /camera_nodelet_manager http://pc:36254/
[rosmaster.master][INFO] 2012-12-15 20:07:53,300: publisherUpdate[/camera/depth/image_rect_raw] -> http://pc:36254/
[rosmaster.master][INFO] 2012-12-15 20:07:53,312: +PARAM [/camera/depth/image_rect_raw/theora/optimize_for] by /camera_nodelet_manager
[rosmaster.master][INFO] 2012-12-15 20:07:53,315: +PARAM [/camera/depth/image_rect_raw/theora/target_bitrate] by /camera_nodelet_manager
[rosmaster.master][INFO] 2012-12-15 20:07:53,317: +PARAM [/camera/depth/image_rect_raw/theora/quality] by /camera_nodelet_manager
[rosmaster.master][INFO] 2012-12-15 20:07:53,320: +PARAM [/camera/depth/image_rect_raw/theora/keyframe_frequency] by /camera_nodelet_manager
[rosmaster.master][INFO] 2012-12-15 20:07:53,326: +SUB [/camera/depth/image_raw] /camera_nodelet_manager http://pc:36254/
[rosmaster.master][INFO] 2012-12-15 20:07:53,621: +PUB [/camera/depth/disparity] /camera_nodelet_manager http://pc:36254/
[rosmaster.master][INFO] 2012-12-15 20:07:56,755: +SERVICE [/camera/driver/set_parameters] /camera_nodelet_manager http://pc:36254/
[rosmaster.master][INFO] 2012-12-15 20:07:56,757: +PUB [/camera/driver/parameter_descriptions] /camera_nodelet_manager http://pc:36254/
[rosmaster.master][INFO] 2012-12-15 20:07:56,760: +PUB [/camera/driver/parameter_updates] /camera_nodelet_manager http://pc:36254/
[rosmaster.master][INFO] 2012-12-15 20:07:56,782: +PARAM [/camera/driver/image_mode] by /camera_nodelet_manager
[rosmaster.master][INFO] 2012-12-15 20:07:56,785: +PARAM [/camera/driver/depth_mode] by /camera_nodelet_manager
[rosmaster.master][INFO] 2012-12-15 20:07:56,788: +PARAM [/camera/driver/depth_registration] by /camera_nodelet_manager
[rosmaster.master][INFO] 2012-12-15 20:07:56,791: +PARAM [/camera/driver/data_skip] by /camera_nodelet_manager
[rosmaster.master][INFO] 2012-12-15 20:07:56,793: +PARAM [/camera/driver/depth_time_offset] by /camera_nodelet_manager
[rosmaster.master][INFO] 2012-12-15 20:07:56,795: +PARAM [/camera/driver/image_time_offset] by /camera_nodelet_manager
[rosmaster.master][INFO] 2012-12-15 20:07:56,796: +PARAM [/camera/driver/depth_ir_offset_x] by /camera_nodelet_manager
[rosmaster.master][INFO] 2012-12-15 20:07:56,797: +PARAM [/camera/driver/depth_ir_offset_y] by /camera_nodelet_manager
[rosmaster.master][INFO] 2012-12-15 20:07:56,798: +PARAM [/camera/driver/z_offset_mm] by /camera_nodelet_manager
[rosmaster.master][INFO] 2012-12-15 20:07:56,820: +SERVICE [/camera/rgb/set_camera_info] /camera_nodelet_manager http://pc:36254/
[rosmaster.master][INFO] 2012-12-15 20:07:56,827: +SERVICE [/camera/ir/set_camera_info] /camera_nodelet_manager http://pc:36254/
[rosmaster.master][INFO] 2012-12-15 20:07:56,830: +PUB [/camera/rgb/image_raw/compressed] /camera_nodelet_manager http://pc:36254/
[rosmaster.master][INFO] 2012-12-15 20:07:56,832: +SERVICE [/camera/rgb/image_raw/compressed/set_parameters] /camera_nodelet_manager http://pc:36254/
[rosmaster.master][INFO] 2012-12-15 20:07:56,834: +PUB [/camera/rgb/image_raw/compressed/parameter_descriptions] /camera_nodelet_manager http://pc:36254/
[rosmaster.master][INFO] 2012-12-15 20:07:56,836: +PUB [/camera/rgb/image_raw/compressed/parameter_updates] /camera_nodelet_manager http://pc:36254/
[rosmaster.master][INFO] 2012-12-15 20:07:56,843: +PARAM [/camera/rgb/image_raw/compressed/format] by /camera_nodelet_manager
[rosmaster.master][INFO] 2012-12-15 20:07:56,845: +PARAM [/camera/rgb/image_raw/compressed/jpeg_quality] by /camera_nodelet_manager
[rosmaster.master][INFO] 2012-12-15 20:07:56,847: +PARAM [/camera/rgb/image_raw/compressed/png_level] by /camera_nodelet_manager
[rosmaster.master][INFO] 2012-12-15 20:07:56,848: +PUB [/camera/rgb/image_raw] /camera_nodelet_manager http://pc:36254/
[rosmaster.master][INFO] 2012-12-15 20:07:56,850: +PUB [/camera/rgb/image_raw/theora] /camera_nodelet_manager http://pc:36254/
[rosmaster.master][INFO] 2012-12-15 20:07:56,852: +SERVICE [/camera/rgb/image_raw/theora/set_parameters] /camera_nodelet_manager http://pc:36254/
[rosmaster.master][INFO] 2012-12-15 20:07:56,855: +PUB [/camera/rgb/image_raw/theora/parameter_descriptions] /camera_nodelet_manager http://pc:36254/
[rosmaster.master][INFO] 2012-12-15 20:07:56,857: +PUB [/camera/rgb/image_raw/theora/parameter_updates] /camera_nodelet_manager http://pc:36254/
[rosmaster.master][INFO] 2012-12-15 20:07:56,864: +PARAM [/camera/rgb/image_raw/theora/optimize_for] by /camera_nodelet_manager
[rosmaster.master][INFO] 2012-12-15 20:07:56,867: +PARAM [/camera/rgb/image_raw/theora/target_bitrate] by /camera_nodelet_manager
[rosmaster.master][INFO] 2012-12-15 20:07:56,868: publisherUpdate[/camera/rgb/image_raw] -> http://pc:36254/
[rosmaster.master][INFO] 2012-12-15 20:07:56,870: +PARAM [/camera/rgb/image_raw/theora/quality] by /camera_nodelet_manager
[rosmaster.master][INFO] 2012-12-15 20:07:56,872: +PARAM [/camera/rgb/image_raw/theora/keyframe_frequency] by /camera_nodelet_manager
[rosmaster.master][INFO] 2012-12-15 20:07:56,874: +PUB [/camera/rgb/camera_info] /camera_nodelet_manager http://pc:36254/
[rosmaster.master][INFO] 2012-12-15 20:07:56,876: +PUB [/camera/ir/image_raw/compressed] /camera_nodelet_manager http://pc:36254/
[rosmaster.master][INFO] 2012-12-15 20:07:56,878: +SERVICE [/camera/ir/image_raw/compressed/set_parameters] /camera_nodelet_manager http://pc:36254/
[rosmaster.master][INFO] 2012-12-15 20:07:56,881: +PUB [/camera/ir/image_raw/compressed/parameter_descriptions] /camera_nodelet_manager http://pc:36254/
[rosmaster.master][INFO] 2012-12-15 20:07:56,883: +PUB [/camera/ir/image_raw/compressed/parameter_updates] /camera_nodelet_manager http://pc:36254/
[rosmaster.master][INFO] 2012-12-15 20:07:56,892: +PARAM [/camera/ir/image_raw/compressed/format] by /camera_nodelet_manager
[rosmaster.master][INFO] 2012-12-15 20:07:56,894: +PARAM [/camera/ir/image_raw/compressed/jpeg_quality] by /camera_nodelet_manager
[rosmaster.master][INFO] 2012-12-15 20:07:56,896: +PARAM [/camera/ir/image_raw/compressed/png_level] by /camera_nodelet_manager
[rosmaster.master][INFO] 2012-12-15 20:07:56,898: +PUB [/camera/ir/image_raw] /camera_nodelet_manager http://pc:36254/
[rosmaster.master][INFO] 2012-12-15 20:07:56,901: +PUB [/camera/ir/image_raw/theora] /camera_nodelet_manager http://pc:36254/
[rosmaster.master][INFO] 2012-12-15 20:07:56,904: +SERVICE [/camera/ir/image_raw/theora/set_parameters] /camera_nodelet_manager http://pc:36254/
[rosmaster.master][INFO] 2012-12-15 20:07:56,906: +PUB [/camera/ir/image_raw/theora/parameter_descriptions] /camera_nodelet_manager http://pc:36254/
[rosmaster.master][INFO] 2012-12-15 20:07:56,909: +PUB [/camera/ir/image_raw/theora/parameter_updates] /camera_nodelet_manager http://pc:36254/
[rosmaster.master][INFO] 2012-12-15 20:07:56,910: publisherUpdate[/camera/rgb/camera_info] -> http://pc:36254/
[rosmaster.master][INFO] 2012-12-15 20:07:56,923: +PARAM [/camera/ir/image_raw/theora/optimize_for] by /camera_nodelet_manager
[rosmaster.master][INFO] 2012-12-15 20:07:56,925: +PARAM [/camera/ir/image_raw/theora/target_bitrate] by /camera_nodelet_manager
[rosmaster.master][INFO] 2012-12-15 20:07:56,928: +PARAM [/camera/ir/image_raw/theora/quality] by /camera_nodelet_manager
[rosmaster.master][INFO] 2012-12-15 20:07:56,930: +PARAM [/camera/ir/image_raw/theora/keyframe_frequency] by /camera_nodelet_manager
[rosmaster.master][INFO] 2012-12-15 20:07:56,933: +PUB [/camera/ir/camera_info] /camera_nodelet_manager http://pc:36254/
[rosmaster.master][INFO] 2012-12-15 20:07:56,935: +PUB [/camera/depth/image_raw/compressed] /camera_nodelet_manager http://pc:36254/
[rosmaster.master][INFO] 2012-12-15 20:07:56,938: +SERVICE [/camera/depth/image_raw/compressed/set_parameters] /camera_nodelet_manager http://pc:36254/
[rosmaster.master][INFO] 2012-12-15 20:07:56,940: +PUB [/camera/depth/image_raw/compressed/parameter_descriptions] /camera_nodelet_manager http://pc:36254/
[rosmaster.master][INFO] 2012-12-15 20:07:56,944: +PUB [/camera/depth/image_raw/compressed/parameter_updates] /camera_nodelet_manager http://pc:36254/
[rosmaster.master][INFO] 2012-12-15 20:07:56,953: +PARAM [/camera/depth/image_raw/compressed/format] by /camera_nodelet_manager
[rosmaster.master][INFO] 2012-12-15 20:07:56,955: +PARAM [/camera/depth/image_raw/compressed/jpeg_quality] by /camera_nodelet_manager
[rosmaster.master][INFO] 2012-12-15 20:07:56,957: +PARAM [/camera/depth/image_raw/compressed/png_level] by /camera_nodelet_manager
[rosmaster.master][INFO] 2012-12-15 20:07:56,960: +PUB [/camera/depth/image_raw] /camera_nodelet_manager http://pc:36254/
[rosmaster.master][INFO] 2012-12-15 20:07:56,963: +PUB [/camera/depth/image_raw/theora] /camera_nodelet_manager http://pc:36254/
[rosmaster.master][INFO] 2012-12-15 20:07:56,965: +SERVICE [/camera/depth/image_raw/theora/set_parameters] /camera_nodelet_manager http://pc:36254/
[rosmaster.master][INFO] 2012-12-15 20:07:56,967: +PUB [/camera/depth/image_raw/theora/parameter_descriptions] /camera_nodelet_manager http://pc:36254/
[rosmaster.master][INFO] 2012-12-15 20:07:56,970: +PUB [/camera/depth/image_raw/theora/parameter_updates] /camera_nodelet_manager http://pc:36254/
[rosmaster.master][INFO] 2012-12-15 20:07:56,971: publisherUpdate[/camera/depth/image_raw] -> http://pc:36254/
[rosmaster.master][INFO] 2012-12-15 20:07:56,982: +SUB [/camera/driver/parameter_updates] /set_dr http://pc:52843/
[rosmaster.master][INFO] 2012-12-15 20:07:56,989: +SUB [/camera/driver/parameter_descriptions] /set_dr http://pc:52843/
[rosmaster.master][INFO] 2012-12-15 20:07:56,994: +PARAM [/camera/depth/image_raw/theora/optimize_for] by /camera_nodelet_manager
[rosmaster.master][INFO] 2012-12-15 20:07:56,996: +PARAM [/camera/depth/image_raw/theora/target_bitrate] by /camera_nodelet_manager
[rosmaster.master][INFO] 2012-12-15 20:07:56,998: +PARAM [/camera/depth/image_raw/theora/quality] by /camera_nodelet_manager
[rosmaster.master][INFO] 2012-12-15 20:07:57,001: +PARAM [/camera/depth/image_raw/theora/keyframe_frequency] by /camera_nodelet_manager
[rosmaster.master][INFO] 2012-12-15 20:07:57,004: +PUB [/camera/depth/camera_info] /camera_nodelet_manager http://pc:36254/
[rosmaster.master][INFO] 2012-12-15 20:07:57,007: +PUB [/camera/projector/camera_info] /camera_nodelet_manager http://pc:36254/
[rosmaster.master][INFO] 2012-12-15 20:07:57,011: +PUB [/camera/depth_registered/image_raw/compressed] /camera_nodelet_manager http://pc:36254/
[rosmaster.master][INFO] 2012-12-15 20:07:57,013: publisherUpdate[/camera/depth/camera_info] -> http://pc:36254/
[rosmaster.master][INFO] 2012-12-15 20:07:57,017: +SERVICE [/camera/depth_registered/image_raw/compressed/set_parameters] /camera_nodelet_manager http://pc:36254/
[rosmaster.master][INFO] 2012-12-15 20:07:57,023: +PUB [/camera/depth_registered/image_raw/compressed/parameter_descriptions] /camera_nodelet_manager http://pc:36254/
[rosmaster.master][INFO] 2012-12-15 20:07:57,028: +PUB [/camera/depth_registered/image_raw/compressed/parameter_updates] /camera_nodelet_manager http://pc:36254/
[rosmaster.master][INFO] 2012-12-15 20:07:57,038: +PARAM [/camera/depth_registered/image_raw/compressed/format] by /camera_nodelet_manager
[rosmaster.master][INFO] 2012-12-15 20:07:57,041: +PARAM [/camera/depth_registered/image_raw/compressed/jpeg_quality] by /camera_nodelet_manager
[rosmaster.master][INFO] 2012-12-15 20:07:57,043: +PARAM [/camera/depth_registered/image_raw/compressed/png_level] by /camera_nodelet_manager
[rosmaster.master][INFO] 2012-12-15 20:07:57,047: +PUB [/camera/depth_registered/image_raw] /camera_nodelet_manager http://pc:36254/
[rosmaster.master][INFO] 2012-12-15 20:07:57,049: +PUB [/camera/depth_registered/image_raw/theora] /camera_nodelet_manager http://pc:36254/
[rosmaster.master][INFO] 2012-12-15 20:07:57,052: +SERVICE [/camera/depth_registered/image_raw/theora/set_parameters] /camera_nodelet_manager http://pc:36254/
[rosmaster.master][INFO] 2012-12-15 20:07:57,054: +PUB [/camera/depth_registered/image_raw/theora/parameter_descriptions] /camera_nodelet_manager http://pc:36254/
[rosmaster.master][INFO] 2012-12-15 20:07:57,057: +PUB [/camera/depth_registered/image_raw/theora/parameter_updates] /camera_nodelet_manager http://pc:36254/
[rosmaster.master][INFO] 2012-12-15 20:07:57,069: +PARAM [/camera/depth_registered/image_raw/theora/optimize_for] by /camera_nodelet_manager
[rosmaster.master][INFO] 2012-12-15 20:07:57,072: +PARAM [/camera/depth_registered/image_raw/theora/target_bitrate] by /camera_nodelet_manager
[rosmaster.master][INFO] 2012-12-15 20:07:57,073: publisherUpdate[/camera/depth_registered/image_raw] -> http://pc:36254/
[rosmaster.master][INFO] 2012-12-15 20:07:57,075: +PARAM [/camera/depth_registered/image_raw/theora/quality] by /camera_nodelet_manager
[rosmaster.master][INFO] 2012-12-15 20:07:57,078: +PARAM [/camera/depth_registered/image_raw/theora/keyframe_frequency] by /camera_nodelet_manager
[rosmaster.master][INFO] 2012-12-15 20:08:00,928: +PARAM [/camera/driver/image_mode] by /camera_nodelet_manager
[rosmaster.master][INFO] 2012-12-15 20:08:00,931: +PARAM [/camera/driver/depth_mode] by /camera_nodelet_manager
[rosmaster.master][INFO] 2012-12-15 20:08:00,935: +PARAM [/camera/driver/depth_registration] by /camera_nodelet_manager
[rosmaster.master][INFO] 2012-12-15 20:08:00,939: +PARAM [/camera/driver/data_skip] by /camera_nodelet_manager
[rosmaster.master][INFO] 2012-12-15 20:08:00,943: +PARAM [/camera/driver/depth_time_offset] by /camera_nodelet_manager
[rosmaster.master][INFO] 2012-12-15 20:08:00,948: +PARAM [/camera/driver/image_time_offset] by /camera_nodelet_manager
[rosmaster.master][INFO] 2012-12-15 20:08:00,950: +PARAM [/camera/driver/depth_ir_offset_x] by /camera_nodelet_manager
[rosmaster.master][INFO] 2012-12-15 20:08:00,952: +PARAM [/camera/driver/depth_ir_offset_y] by /camera_nodelet_manager
[rosmaster.master][INFO] 2012-12-15 20:08:00,953: +PARAM [/camera/driver/z_offset_mm] by /camera_nodelet_manager
[rosmaster.master][INFO] 2012-12-15 20:08:00,957: -SUB [/camera/driver/parameter_updates] /set_dr http://pc:52843/
[rosmaster.master][INFO] 2012-12-15 20:08:00,957: -SUB [/camera/driver/parameter_descriptions] /set_dr http://pc:52843/
[rosmaster.master][INFO] 2012-12-15 20:08:00,957: -PUB [/rosout] /set_dr http://pc:52843/
[rosmaster.master][INFO] 2012-12-15 20:08:00,982: -SUB [/camera/depth_registered/image_rect] /depth_detection http://pc:53596/
[rosmaster.master][INFO] 2012-12-15 20:08:00,982: -SUB [/camera/rgb/image_rect_color] /depth_detection http://pc:53596/
[rosmaster.master][INFO] 2012-12-15 20:08:00,982: -PUB [/rosout] /depth_detection http://pc:53596/
[rosmaster.master][INFO] 2012-12-15 20:08:00,983: publisherUpdate[/rosout] -> http://pc:41874/
[rosmaster.master][INFO] 2012-12-15 20:08:00,985: publisherUpdate[/rosout] -> http://pc:41874/
[rosmaster.master][INFO] 2012-12-15 20:08:00,986: -SUB [/camera/depth_registered/image_rect_raw] /camera_nodelet_manager http://pc:36254/
[rosmaster.master][INFO] 2012-12-15 20:08:00,988: -SUB [/camera/depth_registered/image_raw] /camera_nodelet_manager http://pc:36254/
[rosmaster.master][INFO] 2012-12-15 20:08:00,989: -SUB [/camera/depth_registered/camera_info] /camera_nodelet_manager http://pc:36254/
[rosmaster.master][INFO] 2012-12-15 20:08:00,991: -SUB [/camera/depth/image_rect_raw] /camera_nodelet_manager http://pc:36254/
[rosmaster.master][INFO] 2012-12-15 20:08:00,992: -SUB [/camera/depth/image_raw] /camera_nodelet_manager http://pc:36254/
[rosmaster.master][INFO] 2012-12-15 20:08:00,994: -SUB [/camera/depth/camera_info] /camera_nodelet_manager http://pc:36254/
[rosmaster.master][INFO] 2012-12-15 20:08:01,385: -SUB [/camera/rgb/image_color] /camera_nodelet_manager http://pc:36254/
[rosmaster.master][INFO] 2012-12-15 20:08:01,389: -SUB [/camera/rgb/camera_info] /camera_nodelet_manager http://pc:36254/
[rosmaster.master][INFO] 2012-12-15 20:08:01,391: -SUB [/camera/rgb/image_raw] /camera_nodelet_manager http://pc:36254/
[rosmaster.master][INFO] 2012-12-15 20:08:13,428: -PUB [/camera/depth_registered/disparity] /camera_nodelet_manager http://pc:36254/
[rosmaster.master][INFO] 2012-12-15 20:08:13,432: -PUB [/camera/depth/disparity] /camera_nodelet_manager http://pc:36254/
[rosmaster.master][INFO] 2012-12-15 20:08:13,436: -PUB [/camera/depth_registered/points] /camera_nodelet_manager http://pc:36254/
[rosmaster.master][INFO] 2012-12-15 20:08:13,439: -PUB [/camera/depth_registered/rectify_depth/parameter_descriptions] /camera_nodelet_manager http://pc:36254/
[rosmaster.master][INFO] 2012-12-15 20:08:13,441: -PUB [/camera/depth_registered/rectify_depth/parameter_updates] /camera_nodelet_manager http://pc:36254/
[rosmaster.master][INFO] 2012-12-15 20:08:13,443: -SERVICE [/camera/depth_registered/rectify_depth/set_parameters] /camera_nodelet_manager rosrpc://pc:41647
[rosmaster.master][INFO] 2012-12-15 20:08:13,519: -PUB [/rosout] /camera/depth_registered/metric_rect http://pc:60821/
[rosmaster.master][INFO] 2012-12-15 20:08:13,522: -PUB [/rosout] /camera/points_xyzrgb_depth_rgb http://pc:55259/
[rosmaster.master][INFO] 2012-12-15 20:08:13,525: -PUB [/rosout] /camera/disparity_depth_registered http://pc:54892/
[rosmaster.master][INFO] 2012-12-15 20:08:13,528: -SERVICE [/camera/depth_registered/metric_rect/get_loggers] /camera/depth_registered/metric_rect rosrpc://pc:42627
[rosmaster.master][INFO] 2012-12-15 20:08:13,530: -SERVICE [/camera/points_xyzrgb_depth_rgb/get_loggers] /camera/points_xyzrgb_depth_rgb rosrpc://pc:40873
[rosmaster.master][INFO] 2012-12-15 20:08:13,533: -SERVICE [/camera/disparity_depth_registered/get_loggers] /camera/disparity_depth_registered rosrpc://pc:56881
[rosmaster.master][INFO] 2012-12-15 20:08:13,536: -PUB [/rosout] /camera/disparity_depth http://pc:33027/
[rosmaster.master][INFO] 2012-12-15 20:08:13,537: -PUB [/rosout] /camera/depth_registered/metric http://pc:55909/
[rosmaster.master][INFO] 2012-12-15 20:08:13,541: -SERVICE [/camera/depth_registered/metric_rect/set_logger_level] /camera/depth_registered/metric_rect rosrpc://pc:42627
[rosmaster.master][INFO] 2012-12-15 20:08:13,543: -SERVICE [/camera/points_xyzrgb_depth_rgb/set_logger_level] /camera/points_xyzrgb_depth_rgb rosrpc://pc:40873
[rosmaster.master][INFO] 2012-12-15 20:08:13,546: -SERVICE [/camera/disparity_depth_registered/set_logger_level] /camera/disparity_depth_registered rosrpc://pc:56881
[rosmaster.master][INFO] 2012-12-15 20:08:13,547: publisherUpdate[/rosout] -> http://pc:41874/
[rosmaster.master][INFO] 2012-12-15 20:08:13,550: -SERVICE [/camera/disparity_depth/get_loggers] /camera/disparity_depth rosrpc://pc:39409
[rosmaster.master][INFO] 2012-12-15 20:08:13,552: publisherUpdate[/rosout] -> http://pc:41874/
[rosmaster.master][INFO] 2012-12-15 20:08:13,555: -SERVICE [/camera/depth_registered/metric/get_loggers] /camera/depth_registered/metric rosrpc://pc:53925
[rosmaster.master][INFO] 2012-12-15 20:08:13,557: -SERVICE [/camera/disparity_depth/set_logger_level] /camera/disparity_depth rosrpc://pc:39409
[rosmaster.master][INFO] 2012-12-15 20:08:13,558: publisherUpdate[/rosout] -> http://pc:41874/
[rosmaster.master][INFO] 2012-12-15 20:08:13,562: -SERVICE [/camera/depth_registered/metric/set_logger_level] /camera/depth_registered/metric rosrpc://pc:53925
[rosmaster.master][INFO] 2012-12-15 20:08:13,564: publisherUpdate[/rosout] -> http://pc:41874/
[rosmaster.master][INFO] 2012-12-15 20:08:13,567: publisherUpdate[/rosout] -> http://pc:41874/
[rosmaster.master][INFO] 2012-12-15 20:08:13,602: -PUB [/rosout] /camera_base_link3 http://pc:33013/
[rosmaster.master][INFO] 2012-12-15 20:08:13,607: -PUB [/rosout] /camera_base_link2 http://pc:47563/
[rosmaster.master][INFO] 2012-12-15 20:08:13,607: publisherUpdate[/rosout] -> http://pc:41874/
[rosmaster.master][INFO] 2012-12-15 20:08:13,609: -PUB [/rosout] /camera_base_link1 http://pc:58816/
[rosmaster.master][INFO] 2012-12-15 20:08:13,613: -PUB [/rosout] /camera_base_link http://pc:34436/
[rosmaster.master][INFO] 2012-12-15 20:08:13,614: publisherUpdate[/rosout] -> http://pc:41874/
[rosmaster.master][INFO] 2012-12-15 20:08:13,618: -PUB [/tf] /camera_base_link3 http://pc:33013/
[rosmaster.master][INFO] 2012-12-15 20:08:13,622: publisherUpdate[/rosout] -> http://pc:41874/
[rosmaster.master][INFO] 2012-12-15 20:08:13,624: -PUB [/tf] /camera_base_link2 http://pc:47563/
[rosmaster.master][INFO] 2012-12-15 20:08:13,631: publisherUpdate[/rosout] -> http://pc:41874/
[rosmaster.master][INFO] 2012-12-15 20:08:13,634: -PUB [/tf] /camera_base_link1 http://pc:58816/
[rosmaster.master][INFO] 2012-12-15 20:08:13,637: publisherUpdate[/tf] -> http://pc:36254/
[rosmaster.master][INFO] 2012-12-15 20:08:13,638: -PUB [/rosout] /camera/depth_registered/rectify_depth http://pc:36360/
[rosmaster.master][INFO] 2012-12-15 20:08:13,644: -SERVICE [/camera_base_link3/get_loggers] /camera_base_link3 rosrpc://pc:40183
[rosmaster.master][INFO] 2012-12-15 20:08:13,645: publisherUpdate[/tf] -> http://pc:36254/
[rosmaster.master][INFO] 2012-12-15 20:08:13,646: -PUB [/tf] /camera_base_link http://pc:34436/
[rosmaster.master][INFO] 2012-12-15 20:08:13,651: publisherUpdate[/tf] -> http://pc:36254/
[rosmaster.master][INFO] 2012-12-15 20:08:13,652: -SERVICE [/camera_base_link2/get_loggers] /camera_base_link2 rosrpc://pc:57997
[rosmaster.master][INFO] 2012-12-15 20:08:13,655: -SERVICE [/camera_base_link1/get_loggers] /camera_base_link1 rosrpc://pc:53541
[rosmaster.master][INFO] 2012-12-15 20:08:13,660: publisherUpdate[/rosout] -> http://pc:41874/
[rosmaster.master][INFO] 2012-12-15 20:08:13,663: publisherUpdate[/tf] -> http://pc:36254/
[rosmaster.master][INFO] 2012-12-15 20:08:13,664: -SERVICE [/camera/depth_registered/rectify_depth/get_loggers] /camera/depth_registered/rectify_depth rosrpc://pc:58971
[rosmaster.master][INFO] 2012-12-15 20:08:13,666: -SERVICE [/camera_base_link3/set_logger_level] /camera_base_link3 rosrpc://pc:40183
[rosmaster.master][INFO] 2012-12-15 20:08:13,667: -SERVICE [/camera_base_link/get_loggers] /camera_base_link rosrpc://pc:55451
[rosmaster.master][INFO] 2012-12-15 20:08:13,670: -SERVICE [/camera_base_link2/set_logger_level] /camera_base_link2 rosrpc://pc:57997
[rosmaster.master][INFO] 2012-12-15 20:08:13,675: -SERVICE [/camera_base_link1/set_logger_level] /camera_base_link1 rosrpc://pc:53541
[rosmaster.master][INFO] 2012-12-15 20:08:13,678: -SERVICE [/camera/depth_registered/rectify_depth/set_logger_level] /camera/depth_registered/rectify_depth rosrpc://pc:58971
[rosmaster.master][INFO] 2012-12-15 20:08:13,679: -SERVICE [/camera_base_link/set_logger_level] /camera_base_link rosrpc://pc:55451
[rosmaster.master][INFO] 2012-12-15 20:08:13,684: -SUB [/tf] /camera_nodelet_manager http://pc:36254/
[rosmaster.master][INFO] 2012-12-15 20:08:13,686: -SERVICE [/camera_nodelet_manager/tf_frames] /camera_nodelet_manager rosrpc://pc:41647
[rosmaster.master][INFO] 2012-12-15 20:08:13,730: -PUB [/rosout] /camera/register_depth_rgb http://pc:60550/
[rosmaster.master][INFO] 2012-12-15 20:08:13,736: -SERVICE [/camera/register_depth_rgb/get_loggers] /camera/register_depth_rgb rosrpc://pc:44516
[rosmaster.master][INFO] 2012-12-15 20:08:13,746: -PUB [/camera/depth/points] /camera_nodelet_manager http://pc:36254/
[rosmaster.master][INFO] 2012-12-15 20:08:13,750: -SERVICE [/camera/register_depth_rgb/set_logger_level] /camera/register_depth_rgb rosrpc://pc:44516
[rosmaster.master][INFO] 2012-12-15 20:08:13,766: publisherUpdate[/rosout] -> http://pc:41874/
[rosmaster.master][INFO] 2012-12-15 20:08:13,834: -PUB [/camera/ir/rectify_ir/parameter_descriptions] /camera_nodelet_manager http://pc:36254/
[rosmaster.master][INFO] 2012-12-15 20:08:13,840: -PUB [/camera/ir/rectify_ir/parameter_updates] /camera_nodelet_manager http://pc:36254/
[rosmaster.master][INFO] 2012-12-15 20:08:13,843: -SERVICE [/camera/ir/rectify_ir/set_parameters] /camera_nodelet_manager rosrpc://pc:41647
[rosmaster.master][INFO] 2012-12-15 20:08:13,844: -PUB [/camera/depth/rectify_depth/parameter_descriptions] /camera_nodelet_manager http://pc:36254/
[rosmaster.master][INFO] 2012-12-15 20:08:13,845: -PUB [/camera/depth/rectify_depth/parameter_updates] /camera_nodelet_manager http://pc:36254/
[rosmaster.master][INFO] 2012-12-15 20:08:13,846: -SERVICE [/camera/depth/rectify_depth/set_parameters] /camera_nodelet_manager rosrpc://pc:41647
[rosmaster.master][INFO] 2012-12-15 20:08:13,848: -PUB [/camera/rgb/rectify_mono/parameter_descriptions] /camera_nodelet_manager http://pc:36254/
[rosmaster.master][INFO] 2012-12-15 20:08:13,850: -PUB [/camera/rgb/rectify_mono/parameter_updates] /camera_nodelet_manager http://pc:36254/
[rosmaster.master][INFO] 2012-12-15 20:08:13,852: -SERVICE [/camera/rgb/rectify_mono/set_parameters] /camera_nodelet_manager rosrpc://pc:41647
[rosmaster.master][INFO] 2012-12-15 20:08:13,854: -PUB [/camera/rgb/debayer/parameter_descriptions] /camera_nodelet_manager http://pc:36254/
[rosmaster.master][INFO] 2012-12-15 20:08:13,856: -PUB [/camera/rgb/debayer/parameter_updates] /camera_nodelet_manager http://pc:36254/
[rosmaster.master][INFO] 2012-12-15 20:08:13,858: -SERVICE [/camera/rgb/debayer/set_parameters] /camera_nodelet_manager rosrpc://pc:41647
[rosmaster.master][INFO] 2012-12-15 20:08:13,864: -PUB [/camera/rgb/rectify_color/parameter_descriptions] /camera_nodelet_manager http://pc:36254/
[rosmaster.master][INFO] 2012-12-15 20:08:13,867: -PUB [/camera/rgb/rectify_color/parameter_updates] /camera_nodelet_manager http://pc:36254/
[rosmaster.master][INFO] 2012-12-15 20:08:13,869: -SERVICE [/camera/rgb/rectify_color/set_parameters] /camera_nodelet_manager rosrpc://pc:41647
[rosmaster.master][INFO] 2012-12-15 20:08:13,872: -SERVICE [/camera/ir/set_camera_info] /camera_nodelet_manager rosrpc://pc:41647
[rosmaster.master][INFO] 2012-12-15 20:08:13,874: -SERVICE [/camera/rgb/set_camera_info] /camera_nodelet_manager rosrpc://pc:41647
[rosmaster.master][INFO] 2012-12-15 20:08:13,877: -PUB [/camera/driver/parameter_descriptions] /camera_nodelet_manager http://pc:36254/
[rosmaster.master][INFO] 2012-12-15 20:08:13,879: -PUB [/camera/driver/parameter_updates] /camera_nodelet_manager http://pc:36254/
[rosmaster.master][INFO] 2012-12-15 20:08:13,881: -SERVICE [/camera/driver/set_parameters] /camera_nodelet_manager rosrpc://pc:41647
[rosmaster.master][INFO] 2012-12-15 20:08:13,884: -PUB [/rosout] /camera/rgb/debayer http://pc:38290/
[rosmaster.master][INFO] 2012-12-15 20:08:13,887: -SERVICE [/camera/rgb/debayer/get_loggers] /camera/rgb/debayer rosrpc://pc:42433
[rosmaster.master][INFO] 2012-12-15 20:08:13,889: -SERVICE [/camera/rgb/debayer/set_logger_level] /camera/rgb/debayer rosrpc://pc:42433
[rosmaster.master][INFO] 2012-12-15 20:08:13,910: publisherUpdate[/rosout] -> http://pc:41874/
[rosmaster.master][INFO] 2012-12-15 20:08:13,915: -PUB [/rosout] /camera/ir/rectify_ir http://pc:57056/
[rosmaster.master][INFO] 2012-12-15 20:08:13,919: -PUB [/rosout] /camera/depth/metric_rect http://pc:32956/
[rosmaster.master][INFO] 2012-12-15 20:08:13,921: -PUB [/rosout] /camera/depth/points http://pc:40923/
[rosmaster.master][INFO] 2012-12-15 20:08:13,925: -PUB [/rosout] /camera/depth/metric http://pc:54799/
[rosmaster.master][INFO] 2012-12-15 20:08:13,928: -PUB [/rosout] /camera/depth/rectify_depth http://pc:43199/
[rosmaster.master][INFO] 2012-12-15 20:08:13,932: -SERVICE [/camera/ir/rectify_ir/get_loggers] /camera/ir/rectify_ir rosrpc://pc:38672
[rosmaster.master][INFO] 2012-12-15 20:08:13,935: -SERVICE [/camera/depth/metric_rect/get_loggers] /camera/depth/metric_rect rosrpc://pc:57817
[rosmaster.master][INFO] 2012-12-15 20:08:13,936: -SERVICE [/camera/depth/points/get_loggers] /camera/depth/points rosrpc://pc:53096
[rosmaster.master][INFO] 2012-12-15 20:08:13,937: -SERVICE [/camera/depth/metric/get_loggers] /camera/depth/metric rosrpc://pc:52067
[rosmaster.master][INFO] 2012-12-15 20:08:13,939: -SERVICE [/camera/depth/rectify_depth/get_loggers] /camera/depth/rectify_depth rosrpc://pc:45097
[rosmaster.master][INFO] 2012-12-15 20:08:13,943: -SERVICE [/camera/ir/rectify_ir/set_logger_level] /camera/ir/rectify_ir rosrpc://pc:38672
[rosmaster.master][INFO] 2012-12-15 20:08:13,947: -SERVICE [/camera/depth/points/set_logger_level] /camera/depth/points rosrpc://pc:53096
[rosmaster.master][INFO] 2012-12-15 20:08:13,952: -SERVICE [/camera/depth/metric_rect/set_logger_level] /camera/depth/metric_rect rosrpc://pc:57817
[rosmaster.master][INFO] 2012-12-15 20:08:13,953: -SERVICE [/camera/depth/rectify_depth/set_logger_level] /camera/depth/rectify_depth rosrpc://pc:45097
[rosmaster.master][INFO] 2012-12-15 20:08:13,954: -SERVICE [/camera/depth/metric/set_logger_level] /camera/depth/metric rosrpc://pc:52067
[rosmaster.master][INFO] 2012-12-15 20:08:13,969: publisherUpdate[/rosout] -> http://pc:41874/
[rosmaster.master][INFO] 2012-12-15 20:08:13,971: publisherUpdate[/rosout] -> http://pc:41874/
[rosmaster.master][INFO] 2012-12-15 20:08:13,973: publisherUpdate[/rosout] -> http://pc:41874/
[rosmaster.master][INFO] 2012-12-15 20:08:13,975: publisherUpdate[/rosout] -> http://pc:41874/
[rosmaster.master][INFO] 2012-12-15 20:08:13,977: publisherUpdate[/rosout] -> http://pc:41874/
[rosmaster.master][INFO] 2012-12-15 20:08:13,984: -PUB [/rosout] /camera/rgb/rectify_mono http://pc:37131/
[rosmaster.master][INFO] 2012-12-15 20:08:13,988: -SERVICE [/camera/rgb/rectify_mono/get_loggers] /camera/rgb/rectify_mono rosrpc://pc:54656
[rosmaster.master][INFO] 2012-12-15 20:08:13,992: -SERVICE [/camera/rgb/rectify_mono/set_logger_level] /camera/rgb/rectify_mono rosrpc://pc:54656
[rosmaster.master][INFO] 2012-12-15 20:08:14,013: publisherUpdate[/rosout] -> http://pc:41874/
[rosmaster.master][INFO] 2012-12-15 20:08:14,017: -PUB [/rosout] /camera/rgb/rectify_color http://pc:39056/
[rosmaster.master][INFO] 2012-12-15 20:08:14,019: -SERVICE [/camera/rgb/rectify_color/get_loggers] /camera/rgb/rectify_color rosrpc://pc:33363
[rosmaster.master][INFO] 2012-12-15 20:08:14,022: -SERVICE [/camera/rgb/rectify_color/set_logger_level] /camera/rgb/rectify_color rosrpc://pc:33363
[rosmaster.master][INFO] 2012-12-15 20:08:14,069: -PUB [/rosout] /camera_nodelet_manager http://pc:36254/
[rosmaster.master][INFO] 2012-12-15 20:08:14,073: -PUB [/camera/depth_registered/image_rect/compressed] /camera_nodelet_manager http://pc:36254/
[rosmaster.master][INFO] 2012-12-15 20:08:14,074: publisherUpdate[/rosout] -> http://pc:41874/
[rosmaster.master][INFO] 2012-12-15 20:08:14,076: publisherUpdate[/rosout] -> http://pc:41874/
[rosmaster.master][INFO] 2012-12-15 20:08:14,079: -PUB [/camera/depth_registered/image_rect/compressed/parameter_descriptions] /camera_nodelet_manager http://pc:36254/
[rosmaster.master][INFO] 2012-12-15 20:08:14,081: -PUB [/camera/depth_registered/image_rect/compressed/parameter_updates] /camera_nodelet_manager http://pc:36254/
[rosmaster.master][INFO] 2012-12-15 20:08:14,084: -PUB [/camera/depth_registered/image_rect] /camera_nodelet_manager http://pc:36254/
[rosmaster.master][INFO] 2012-12-15 20:08:14,087: -PUB [/camera/depth_registered/image_rect/theora] /camera_nodelet_manager http://pc:36254/
[rosmaster.master][INFO] 2012-12-15 20:08:14,089: -PUB [/camera/depth_registered/image_rect/theora/parameter_descriptions] /camera_nodelet_manager http://pc:36254/
[rosmaster.master][INFO] 2012-12-15 20:08:14,091: -PUB [/camera/depth_registered/image_rect/theora/parameter_updates] /camera_nodelet_manager http://pc:36254/
[rosmaster.master][INFO] 2012-12-15 20:08:14,094: -PUB [/camera/depth_registered/image_rect_raw/compressed] /camera_nodelet_manager http://pc:36254/
[rosmaster.master][INFO] 2012-12-15 20:08:14,099: -PUB [/camera/depth_registered/image_rect_raw/compressed/parameter_descriptions] /camera_nodelet_manager http://pc:36254/
[rosmaster.master][INFO] 2012-12-15 20:08:14,103: -PUB [/camera/depth_registered/image_rect_raw/compressed/parameter_updates] /camera_nodelet_manager http://pc:36254/
[rosmaster.master][INFO] 2012-12-15 20:08:14,106: -PUB [/camera/depth_registered/image_rect_raw] /camera_nodelet_manager http://pc:36254/
[rosmaster.master][INFO] 2012-12-15 20:08:14,109: -PUB [/camera/depth_registered/image_rect_raw/theora] /camera_nodelet_manager http://pc:36254/
[rosmaster.master][INFO] 2012-12-15 20:08:14,111: -PUB [/camera/depth_registered/image_rect_raw/theora/parameter_descriptions] /camera_nodelet_manager http://pc:36254/
[rosmaster.master][INFO] 2012-12-15 20:08:14,114: -PUB [/camera/depth_registered/image_rect_raw/theora/parameter_updates] /camera_nodelet_manager http://pc:36254/
[rosmaster.master][INFO] 2012-12-15 20:08:14,116: -PUB [/camera/depth/image/compressed] /camera_nodelet_manager http://pc:36254/
[rosmaster.master][INFO] 2012-12-15 20:08:14,119: -PUB [/camera/depth/image/compressed/parameter_descriptions] /camera_nodelet_manager http://pc:36254/
[rosmaster.master][INFO] 2012-12-15 20:08:14,121: -PUB [/camera/depth/image/compressed/parameter_updates] /camera_nodelet_manager http://pc:36254/
[rosmaster.master][INFO] 2012-12-15 20:08:14,123: -PUB [/camera/depth/image] /camera_nodelet_manager http://pc:36254/
[rosmaster.master][INFO] 2012-12-15 20:08:14,128: -PUB [/camera/depth/image/theora] /camera_nodelet_manager http://pc:36254/
[rosmaster.master][INFO] 2012-12-15 20:08:14,130: -PUB [/camera/depth/image/theora/parameter_descriptions] /camera_nodelet_manager http://pc:36254/
[rosmaster.master][INFO] 2012-12-15 20:08:14,133: -PUB [/camera/depth/image/theora/parameter_updates] /camera_nodelet_manager http://pc:36254/
[rosmaster.master][INFO] 2012-12-15 20:08:14,135: -PUB [/camera/depth/image_rect/compressed] /camera_nodelet_manager http://pc:36254/
[rosmaster.master][INFO] 2012-12-15 20:08:14,138: -PUB [/camera/depth/image_rect/compressed/parameter_descriptions] /camera_nodelet_manager http://pc:36254/
[rosmaster.master][INFO] 2012-12-15 20:08:14,141: -PUB [/camera/depth/image_rect/compressed/parameter_updates] /camera_nodelet_manager http://pc:36254/
[rosmaster.master][INFO] 2012-12-15 20:08:14,144: -PUB [/camera/depth/image_rect] /camera_nodelet_manager http://pc:36254/
[rosmaster.master][INFO] 2012-12-15 20:08:14,147: -PUB [/camera/depth/image_rect/theora] /camera_nodelet_manager http://pc:36254/
[rosmaster.master][INFO] 2012-12-15 20:08:14,150: -PUB [/camera/depth/image_rect/theora/parameter_descriptions] /camera_nodelet_manager http://pc:36254/
[rosmaster.master][INFO] 2012-12-15 20:08:14,153: -PUB [/camera/depth/image_rect/theora/parameter_updates] /camera_nodelet_manager http://pc:36254/
[rosmaster.master][INFO] 2012-12-15 20:08:14,155: -PUB [/camera/ir/image_rect/compressed] /camera_nodelet_manager http://pc:36254/
[rosmaster.master][INFO] 2012-12-15 20:08:14,157: -PUB [/camera/ir/image_rect/compressed/parameter_descriptions] /camera_nodelet_manager http://pc:36254/
[rosmaster.master][INFO] 2012-12-15 20:08:14,159: -PUB [/camera/ir/image_rect/compressed/parameter_updates] /camera_nodelet_manager http://pc:36254/
[rosmaster.master][INFO] 2012-12-15 20:08:14,162: -PUB [/camera/ir/image_rect] /camera_nodelet_manager http://pc:36254/
[rosmaster.master][INFO] 2012-12-15 20:08:14,164: -PUB [/camera/ir/image_rect/theora] /camera_nodelet_manager http://pc:36254/
[rosmaster.master][INFO] 2012-12-15 20:08:14,167: -PUB [/camera/ir/image_rect/theora/parameter_descriptions] /camera_nodelet_manager http://pc:36254/
[rosmaster.master][INFO] 2012-12-15 20:08:14,169: -PUB [/camera/ir/image_rect/theora/parameter_updates] /camera_nodelet_manager http://pc:36254/
[rosmaster.master][INFO] 2012-12-15 20:08:14,171: -PUB [/camera/rgb/image_mono/compressed] /camera_nodelet_manager http://pc:36254/
[rosmaster.master][INFO] 2012-12-15 20:08:14,173: -PUB [/camera/rgb/image_mono/compressed/parameter_descriptions] /camera_nodelet_manager http://pc:36254/
[rosmaster.master][INFO] 2012-12-15 20:08:14,175: -PUB [/camera/rgb/image_mono/compressed/parameter_updates] /camera_nodelet_manager http://pc:36254/
[rosmaster.master][INFO] 2012-12-15 20:08:14,177: -PUB [/camera/rgb/image_mono] /camera_nodelet_manager http://pc:36254/
[rosmaster.master][INFO] 2012-12-15 20:08:14,180: -PUB [/camera/rgb/image_mono/theora] /camera_nodelet_manager http://pc:36254/
[rosmaster.master][INFO] 2012-12-15 20:08:14,183: -PUB [/camera/rgb/image_mono/theora/parameter_descriptions] /camera_nodelet_manager http://pc:36254/
[rosmaster.master][INFO] 2012-12-15 20:08:14,185: -PUB [/camera/rgb/image_mono/theora/parameter_updates] /camera_nodelet_manager http://pc:36254/
[rosmaster.master][INFO] 2012-12-15 20:08:14,188: -PUB [/camera/rgb/image_color/compressed] /camera_nodelet_manager http://pc:36254/
[rosmaster.master][INFO] 2012-12-15 20:08:14,191: -PUB [/camera/rgb/image_color/compressed/parameter_descriptions] /camera_nodelet_manager http://pc:36254/
[rosmaster.master][INFO] 2012-12-15 20:08:14,193: -PUB [/camera/rgb/image_color/compressed/parameter_updates] /camera_nodelet_manager http://pc:36254/
[rosmaster.master][INFO] 2012-12-15 20:08:14,195: -PUB [/camera/rgb/image_color] /camera_nodelet_manager http://pc:36254/
[rosmaster.master][INFO] 2012-12-15 20:08:14,198: -PUB [/camera/rgb/image_color/theora] /camera_nodelet_manager http://pc:36254/
[rosmaster.master][INFO] 2012-12-15 20:08:14,200: -PUB [/camera/rgb/image_color/theora/parameter_descriptions] /camera_nodelet_manager http://pc:36254/
[rosmaster.master][INFO] 2012-12-15 20:08:14,202: -PUB [/camera/rgb/image_color/theora/parameter_updates] /camera_nodelet_manager http://pc:36254/
[rosmaster.master][INFO] 2012-12-15 20:08:14,204: -PUB [/camera/rgb/image_rect/compressed] /camera_nodelet_manager http://pc:36254/
[rosmaster.master][INFO] 2012-12-15 20:08:14,206: -PUB [/camera/rgb/image_rect/compressed/parameter_descriptions] /camera_nodelet_manager http://pc:36254/
[rosmaster.master][INFO] 2012-12-15 20:08:14,208: -PUB [/camera/rgb/image_rect/compressed/parameter_updates] /camera_nodelet_manager http://pc:36254/
[rosmaster.master][INFO] 2012-12-15 20:08:14,210: -PUB [/camera/rgb/image_rect] /camera_nodelet_manager http://pc:36254/
[rosmaster.master][INFO] 2012-12-15 20:08:14,213: -PUB [/camera/rgb/image_rect/theora] /camera_nodelet_manager http://pc:36254/
[rosmaster.master][INFO] 2012-12-15 20:08:14,216: -PUB [/camera/rgb/image_rect/theora/parameter_descriptions] /camera_nodelet_manager http://pc:36254/
[rosmaster.master][INFO] 2012-12-15 20:08:14,218: -PUB [/camera/rgb/image_rect/theora/parameter_updates] /camera_nodelet_manager http://pc:36254/
[rosmaster.master][INFO] 2012-12-15 20:08:14,220: -PUB [/camera/rgb/image_rect_color/compressed] /camera_nodelet_manager http://pc:36254/
[rosmaster.master][INFO] 2012-12-15 20:08:14,223: -PUB [/camera/rgb/image_rect_color/compressed/parameter_descriptions] /camera_nodelet_manager http://pc:36254/
[rosmaster.master][INFO] 2012-12-15 20:08:14,226: -PUB [/camera/rgb/image_rect_color/compressed/parameter_updates] /camera_nodelet_manager http://pc:36254/
[rosmaster.master][INFO] 2012-12-15 20:08:14,230: -PUB [/camera/rgb/image_rect_color] /camera_nodelet_manager http://pc:36254/
[rosmaster.master][INFO] 2012-12-15 20:08:14,232: -PUB [/camera/rgb/image_rect_color/theora] /camera_nodelet_manager http://pc:36254/
[rosmaster.master][INFO] 2012-12-15 20:08:14,235: -PUB [/camera/rgb/image_rect_color/theora/parameter_descriptions] /camera_nodelet_manager http://pc:36254/
[rosmaster.master][INFO] 2012-12-15 20:08:14,237: -PUB [/camera/rgb/image_rect_color/theora/parameter_updates] /camera_nodelet_manager http://pc:36254/
[rosmaster.master][INFO] 2012-12-15 20:08:14,240: -PUB [/camera/depth_registered/image/compressed] /camera_nodelet_manager http://pc:36254/
[rosmaster.master][INFO] 2012-12-15 20:08:14,242: -PUB [/camera/depth_registered/image/compressed/parameter_descriptions] /camera_nodelet_manager http://pc:36254/
[rosmaster.master][INFO] 2012-12-15 20:08:14,244: -PUB [/camera/depth_registered/image/compressed/parameter_updates] /camera_nodelet_manager http://pc:36254/
[rosmaster.master][INFO] 2012-12-15 20:08:14,247: -PUB [/camera/depth_registered/image] /camera_nodelet_manager http://pc:36254/
[rosmaster.master][INFO] 2012-12-15 20:08:14,249: -PUB [/camera/depth_registered/image/theora] /camera_nodelet_manager http://pc:36254/
[rosmaster.master][INFO] 2012-12-15 20:08:14,251: -PUB [/camera/depth_registered/image/theora/parameter_descriptions] /camera_nodelet_manager http://pc:36254/
[rosmaster.master][INFO] 2012-12-15 20:08:14,253: -PUB [/camera/depth_registered/image/theora/parameter_updates] /camera_nodelet_manager http://pc:36254/
[rosmaster.master][INFO] 2012-12-15 20:08:14,256: -PUB [/camera/depth_registered/camera_info] /camera_nodelet_manager http://pc:36254/
[rosmaster.master][INFO] 2012-12-15 20:08:14,258: -PUB [/camera/depth/image_rect_raw/compressed] /camera_nodelet_manager http://pc:36254/
[rosmaster.master][INFO] 2012-12-15 20:08:14,260: -PUB [/camera/depth/image_rect_raw/compressed/parameter_descriptions] /camera_nodelet_manager http://pc:36254/
[rosmaster.master][INFO] 2012-12-15 20:08:14,262: -PUB [/camera/depth/image_rect_raw/compressed/parameter_updates] /camera_nodelet_manager http://pc:36254/
[rosmaster.master][INFO] 2012-12-15 20:08:14,265: -PUB [/camera/depth/image_rect_raw] /camera_nodelet_manager http://pc:36254/
[rosmaster.master][INFO] 2012-12-15 20:08:14,268: -PUB [/camera/depth/image_rect_raw/theora] /camera_nodelet_manager http://pc:36254/
[rosmaster.master][INFO] 2012-12-15 20:08:14,271: -PUB [/camera/depth/image_rect_raw/theora/parameter_descriptions] /camera_nodelet_manager http://pc:36254/
[rosmaster.master][INFO] 2012-12-15 20:08:14,274: -PUB [/camera/depth/image_rect_raw/theora/parameter_updates] /camera_nodelet_manager http://pc:36254/
[rosmaster.master][INFO] 2012-12-15 20:08:14,277: -PUB [/camera/rgb/image_raw/compressed] /camera_nodelet_manager http://pc:36254/
[rosmaster.master][INFO] 2012-12-15 20:08:14,279: -PUB [/camera/rgb/image_raw/compressed/parameter_descriptions] /camera_nodelet_manager http://pc:36254/
[rosmaster.master][INFO] 2012-12-15 20:08:14,281: -PUB [/camera/rgb/image_raw/compressed/parameter_updates] /camera_nodelet_manager http://pc:36254/
[rosmaster.master][INFO] 2012-12-15 20:08:14,283: -PUB [/camera/rgb/image_raw] /camera_nodelet_manager http://pc:36254/
[rosmaster.master][INFO] 2012-12-15 20:08:14,286: -PUB [/camera/rgb/image_raw/theora] /camera_nodelet_manager http://pc:36254/
[rosmaster.master][INFO] 2012-12-15 20:08:14,288: -PUB [/camera/rgb/image_raw/theora/parameter_descriptions] /camera_nodelet_manager http://pc:36254/
[rosmaster.master][INFO] 2012-12-15 20:08:14,290: -PUB [/camera/rgb/image_raw/theora/parameter_updates] /camera_nodelet_manager http://pc:36254/
[rosmaster.master][INFO] 2012-12-15 20:08:14,293: -PUB [/camera/rgb/camera_info] /camera_nodelet_manager http://pc:36254/
[rosmaster.master][INFO] 2012-12-15 20:08:14,295: -PUB [/camera/ir/image_raw/compressed] /camera_nodelet_manager http://pc:36254/
[rosmaster.master][INFO] 2012-12-15 20:08:14,297: -PUB [/camera/ir/image_raw/compressed/parameter_descriptions] /camera_nodelet_manager http://pc:36254/
[rosmaster.master][INFO] 2012-12-15 20:08:14,301: -PUB [/camera/ir/image_raw/compressed/parameter_updates] /camera_nodelet_manager http://pc:36254/
[rosmaster.master][INFO] 2012-12-15 20:08:14,303: -PUB [/camera/ir/image_raw] /camera_nodelet_manager http://pc:36254/
[rosmaster.master][INFO] 2012-12-15 20:08:14,306: -PUB [/camera/ir/image_raw/theora] /camera_nodelet_manager http://pc:36254/
[rosmaster.master][INFO] 2012-12-15 20:08:14,308: -PUB [/camera/ir/image_raw/theora/parameter_descriptions] /camera_nodelet_manager http://pc:36254/
[rosmaster.master][INFO] 2012-12-15 20:08:14,311: -PUB [/camera/ir/image_raw/theora/parameter_updates] /camera_nodelet_manager http://pc:36254/
[rosmaster.master][INFO] 2012-12-15 20:08:14,313: -PUB [/camera/ir/camera_info] /camera_nodelet_manager http://pc:36254/
[rosmaster.master][INFO] 2012-12-15 20:08:14,316: -PUB [/camera/depth/image_raw/compressed] /camera_nodelet_manager http://pc:36254/
[rosmaster.master][INFO] 2012-12-15 20:08:14,318: -PUB [/camera/depth/image_raw/compressed/parameter_descriptions] /camera_nodelet_manager http://pc:36254/
[rosmaster.master][INFO] 2012-12-15 20:08:14,320: -PUB [/camera/depth/image_raw/compressed/parameter_updates] /camera_nodelet_manager http://pc:36254/
[rosmaster.master][INFO] 2012-12-15 20:08:14,323: -PUB [/camera/depth/image_raw] /camera_nodelet_manager http://pc:36254/
[rosmaster.master][INFO] 2012-12-15 20:08:14,325: -PUB [/camera/depth/image_raw/theora] /camera_nodelet_manager http://pc:36254/
[rosmaster.master][INFO] 2012-12-15 20:08:14,327: -PUB [/camera/depth/image_raw/theora/parameter_descriptions] /camera_nodelet_manager http://pc:36254/
[rosmaster.master][INFO] 2012-12-15 20:08:14,329: -PUB [/camera/depth/image_raw/theora/parameter_updates] /camera_nodelet_manager http://pc:36254/
[rosmaster.master][INFO] 2012-12-15 20:08:14,331: -PUB [/camera/depth/camera_info] /camera_nodelet_manager http://pc:36254/
[rosmaster.master][INFO] 2012-12-15 20:08:14,333: -PUB [/camera/projector/camera_info] /camera_nodelet_manager http://pc:36254/
[rosmaster.master][INFO] 2012-12-15 20:08:14,335: -PUB [/camera/depth_registered/image_raw/compressed] /camera_nodelet_manager http://pc:36254/
[rosmaster.master][INFO] 2012-12-15 20:08:14,340: -PUB [/camera/depth_registered/image_raw/compressed/parameter_descriptions] /camera_nodelet_manager http://pc:36254/
[rosmaster.master][INFO] 2012-12-15 20:08:14,343: -PUB [/camera/depth_registered/image_raw/compressed/parameter_updates] /camera_nodelet_manager http://pc:36254/
[rosmaster.master][INFO] 2012-12-15 20:08:14,345: -PUB [/camera/depth_registered/image_raw] /camera_nodelet_manager http://pc:36254/
[rosmaster.master][INFO] 2012-12-15 20:08:14,348: -PUB [/camera/depth_registered/image_raw/theora] /camera_nodelet_manager http://pc:36254/
[rosmaster.master][INFO] 2012-12-15 20:08:14,350: -PUB [/camera/depth_registered/image_raw/theora/parameter_descriptions] /camera_nodelet_manager http://pc:36254/
[rosmaster.master][INFO] 2012-12-15 20:08:14,353: -PUB [/camera/depth_registered/image_raw/theora/parameter_updates] /camera_nodelet_manager http://pc:36254/
[rosmaster.master][INFO] 2012-12-15 20:08:14,355: -SERVICE [/camera_nodelet_manager/get_loggers] /camera_nodelet_manager rosrpc://pc:41647
[rosmaster.master][INFO] 2012-12-15 20:08:14,358: -SERVICE [/camera_nodelet_manager/set_logger_level] /camera_nodelet_manager rosrpc://pc:41647
[rosmaster.master][INFO] 2012-12-15 20:08:14,360: -SERVICE [/camera_nodelet_manager/load_nodelet] /camera_nodelet_manager rosrpc://pc:41647
[rosmaster.master][INFO] 2012-12-15 20:08:14,362: -SERVICE [/camera_nodelet_manager/unload_nodelet] /camera_nodelet_manager rosrpc://pc:41647
[rosmaster.master][INFO] 2012-12-15 20:08:14,385: -PUB [/rosout] /camera/driver http://pc:42974/
[rosmaster.master][INFO] 2012-12-15 20:08:14,388: -SERVICE [/camera/driver/get_loggers] /camera/driver rosrpc://pc:47165
[rosmaster.master][INFO] 2012-12-15 20:08:14,391: -SERVICE [/camera/driver/set_logger_level] /camera/driver rosrpc://pc:47165
[rosmaster.master][INFO] 2012-12-15 20:08:14,417: publisherUpdate[/rosout] -> http://pc:41874/
[rosmaster.master][INFO] 2012-12-15 20:08:19,126: -PUB [/rosout_agg] /rosout http://pc:41874/
[rosmaster.master][INFO] 2012-12-15 20:08:19,127: -SUB [/rosout] /rosout http://pc:41874/
[rosmaster.master][INFO] 2012-12-15 20:08:19,128: -SERVICE [/rosout/get_loggers] /rosout rosrpc://pc:43434
[rosmaster.master][INFO] 2012-12-15 20:08:19,129: -SERVICE [/rosout/set_logger_level] /rosout rosrpc://pc:43434
[rosmaster.main][INFO] 2012-12-15 20:08:19,152: keyboard interrupt, will exit
[rosmaster.main][INFO] 2012-12-15 20:08:19,152: stopping master...
