[rosmaster.main][INFO] 2012-12-15 16:57:23,549: initialization complete, waiting for shutdown
[rosmaster.main][INFO] 2012-12-15 16:57:23,549: Starting ROS Master Node
[xmlrpc][INFO] 2012-12-15 16:57:23,550: XML-RPC server binding to 0.0.0.0
[xmlrpc][INFO] 2012-12-15 16:57:23,551: Started XML-RPC server [http://pc:11311/]
[rosmaster.master][INFO] 2012-12-15 16:57:23,552: Master initialized: port[11311], uri[http://pc:11311/]
[xmlrpc][INFO] 2012-12-15 16:57:23,552: xml rpc node: starting XML-RPC server
[rosmaster.master][INFO] 2012-12-15 16:57:23,563: +PARAM [/run_id] by /roslaunch
[rosmaster.master][INFO] 2012-12-15 16:57:23,565: +PARAM [/roslaunch/uris/host_pc__35259] by /roslaunch
[rosmaster.master][INFO] 2012-12-15 16:57:23,594: +PARAM [/rosdistro] by /roslaunch
[rosmaster.master][INFO] 2012-12-15 16:57:23,595: +PARAM [/camera/driver/rgb_frame_id] by /roslaunch
[rosmaster.master][INFO] 2012-12-15 16:57:23,595: +PARAM [/camera/disparity_depth_registered/min_range] by /roslaunch
[rosmaster.master][INFO] 2012-12-15 16:57:23,595: +PARAM [/camera/driver/rgb_camera_info_url] by /roslaunch
[rosmaster.master][INFO] 2012-12-15 16:57:23,595: +PARAM [/camera/depth_registered/rectify_depth/interpolation] by /roslaunch
[rosmaster.master][INFO] 2012-12-15 16:57:23,595: +PARAM [/camera/driver/depth_frame_id] by /roslaunch
[rosmaster.master][INFO] 2012-12-15 16:57:23,595: +PARAM [/camera/depth/rectify_depth/interpolation] by /roslaunch
[rosmaster.master][INFO] 2012-12-15 16:57:23,595: +PARAM [/camera/disparity_depth/max_range] by /roslaunch
[rosmaster.master][INFO] 2012-12-15 16:57:23,595: +PARAM [/rosversion] by /roslaunch
[rosmaster.master][INFO] 2012-12-15 16:57:23,596: +PARAM [/camera/driver/device_id] by /roslaunch
[rosmaster.master][INFO] 2012-12-15 16:57:23,596: +PARAM [/camera/driver/depth_camera_info_url] by /roslaunch
[rosmaster.master][INFO] 2012-12-15 16:57:23,596: +PARAM [/camera/disparity_depth/min_range] by /roslaunch
[rosmaster.master][INFO] 2012-12-15 16:57:23,596: +PARAM [/camera/disparity_depth_registered/max_range] by /roslaunch
[rosmaster.master][INFO] 2012-12-15 16:57:23,603: +SERVICE [/rosout/get_loggers] /rosout http://pc:44788/
[rosmaster.master][INFO] 2012-12-15 16:57:23,605: +SERVICE [/rosout/set_logger_level] /rosout http://pc:44788/
[rosmaster.master][INFO] 2012-12-15 16:57:23,608: +PUB [/rosout_agg] /rosout http://pc:44788/
[rosmaster.master][INFO] 2012-12-15 16:57:23,610: +SUB [/rosout] /rosout http://pc:44788/
[rosmaster.master][INFO] 2012-12-15 16:57:23,629: +PUB [/rosout] /camera/driver http://pc:57249/
[rosmaster.master][INFO] 2012-12-15 16:57:23,631: +SERVICE [/camera/driver/get_loggers] /camera/driver http://pc:57249/
[rosmaster.master][INFO] 2012-12-15 16:57:23,632: +SERVICE [/camera/driver/set_logger_level] /camera/driver http://pc:57249/
[rosmaster.master][INFO] 2012-12-15 16:57:23,638: +PARAM [/camera/driver] by /camera/driver
[rosmaster.master][INFO] 2012-12-15 16:57:23,643: +PUB [/rosout] /camera/rgb/debayer http://pc:53489/
[rosmaster.master][INFO] 2012-12-15 16:57:23,645: +SERVICE [/camera/rgb/debayer/get_loggers] /camera/rgb/debayer http://pc:53489/
[rosmaster.master][INFO] 2012-12-15 16:57:23,646: +SERVICE [/camera/rgb/debayer/set_logger_level] /camera/rgb/debayer http://pc:53489/
[rosmaster.master][INFO] 2012-12-15 16:57:23,654: publisherUpdate[/rosout] -> http://pc:44788/
[rosmaster.master][INFO] 2012-12-15 16:57:23,662: publisherUpdate[/rosout] -> http://pc:44788/
[rosmaster.master][INFO] 2012-12-15 16:57:23,673: +PUB [/rosout] /camera/rgb/rectify_mono http://pc:60572/
[rosmaster.master][INFO] 2012-12-15 16:57:23,676: +PUB [/rosout] /camera/rgb/rectify_color http://pc:53100/
[rosmaster.master][INFO] 2012-12-15 16:57:23,686: +PUB [/rosout] /camera/ir/rectify_ir http://pc:50959/
[rosmaster.master][INFO] 2012-12-15 16:57:23,686: +SERVICE [/camera/rgb/rectify_mono/get_loggers] /camera/rgb/rectify_mono http://pc:60572/
[rosmaster.master][INFO] 2012-12-15 16:57:23,687: +SERVICE [/camera/rgb/rectify_color/get_loggers] /camera/rgb/rectify_color http://pc:53100/
[rosmaster.master][INFO] 2012-12-15 16:57:23,689: +SERVICE [/camera/rgb/rectify_mono/set_logger_level] /camera/rgb/rectify_mono http://pc:60572/
[rosmaster.master][INFO] 2012-12-15 16:57:23,699: +SERVICE [/camera/rgb/rectify_color/set_logger_level] /camera/rgb/rectify_color http://pc:53100/
[rosmaster.master][INFO] 2012-12-15 16:57:23,705: +SERVICE [/camera/ir/rectify_ir/get_loggers] /camera/ir/rectify_ir http://pc:50959/
[rosmaster.master][INFO] 2012-12-15 16:57:23,719: +PUB [/rosout] /camera/depth/rectify_depth http://pc:34961/
[rosmaster.master][INFO] 2012-12-15 16:57:23,722: +SERVICE [/camera/ir/rectify_ir/set_logger_level] /camera/ir/rectify_ir http://pc:50959/
[rosmaster.master][INFO] 2012-12-15 16:57:23,729: +PUB [/rosout] /camera/depth/metric_rect http://pc:36031/
[rosmaster.master][INFO] 2012-12-15 16:57:23,731: +SERVICE [/camera/depth/rectify_depth/get_loggers] /camera/depth/rectify_depth http://pc:34961/
[rosmaster.master][INFO] 2012-12-15 16:57:23,745: +SERVICE [/camera/depth/metric_rect/get_loggers] /camera/depth/metric_rect http://pc:36031/
[rosmaster.master][INFO] 2012-12-15 16:57:23,747: +PUB [/rosout] /camera/depth/points http://pc:56295/
[rosmaster.master][INFO] 2012-12-15 16:57:23,756: publisherUpdate[/rosout] -> http://pc:44788/
[rosmaster.master][INFO] 2012-12-15 16:57:23,758: publisherUpdate[/rosout] -> http://pc:44788/
[rosmaster.master][INFO] 2012-12-15 16:57:23,759: publisherUpdate[/rosout] -> http://pc:44788/
[rosmaster.master][INFO] 2012-12-15 16:57:23,760: publisherUpdate[/rosout] -> http://pc:44788/
[rosmaster.master][INFO] 2012-12-15 16:57:23,762: publisherUpdate[/rosout] -> http://pc:44788/
[rosmaster.master][INFO] 2012-12-15 16:57:23,763: +SERVICE [/camera/depth/points/get_loggers] /camera/depth/points http://pc:56295/
[rosmaster.master][INFO] 2012-12-15 16:57:23,765: publisherUpdate[/rosout] -> http://pc:44788/
[rosmaster.master][INFO] 2012-12-15 16:57:23,769: +PUB [/rosout] /camera/depth_registered/rectify_depth http://pc:43776/
[rosmaster.master][INFO] 2012-12-15 16:57:23,773: +SERVICE [/camera/depth/points/set_logger_level] /camera/depth/points http://pc:56295/
[rosmaster.master][INFO] 2012-12-15 16:57:23,775: +PUB [/rosout] /camera/depth_registered/metric_rect http://pc:36956/
[rosmaster.master][INFO] 2012-12-15 16:57:23,784: +SERVICE [/camera/depth_registered/rectify_depth/get_loggers] /camera/depth_registered/rectify_depth http://pc:43776/
[rosmaster.master][INFO] 2012-12-15 16:57:23,786: +PUB [/rosout] /camera/depth_registered/metric http://pc:41672/
[rosmaster.master][INFO] 2012-12-15 16:57:23,796: +SERVICE [/camera/depth_registered/rectify_depth/set_logger_level] /camera/depth_registered/rectify_depth http://pc:43776/
[rosmaster.master][INFO] 2012-12-15 16:57:23,798: +SERVICE [/camera/depth_registered/metric/get_loggers] /camera/depth_registered/metric http://pc:41672/
[rosmaster.master][INFO] 2012-12-15 16:57:23,804: +PUB [/rosout] /camera/points_xyzrgb_depth_rgb http://pc:56807/
[rosmaster.master][INFO] 2012-12-15 16:57:23,805: +SERVICE [/camera/depth_registered/metric/set_logger_level] /camera/depth_registered/metric http://pc:41672/
[rosmaster.master][INFO] 2012-12-15 16:57:23,807: +PUB [/rosout] /camera/disparity_depth_registered http://pc:45906/
[rosmaster.master][INFO] 2012-12-15 16:57:23,812: +SERVICE [/camera/points_xyzrgb_depth_rgb/get_loggers] /camera/points_xyzrgb_depth_rgb http://pc:56807/
[rosmaster.master][INFO] 2012-12-15 16:57:23,820: +PARAM [/camera/depth_registered/rectify_depth] by /camera/depth_registered/rectify_depth
[rosmaster.master][INFO] 2012-12-15 16:57:23,822: +SERVICE [/camera/points_xyzrgb_depth_rgb/set_logger_level] /camera/points_xyzrgb_depth_rgb http://pc:56807/
[rosmaster.master][INFO] 2012-12-15 16:57:23,840: +PUB [/rosout] /camera_base_link1 http://pc:36158/
[rosmaster.master][INFO] 2012-12-15 16:57:23,853: +SERVICE [/camera_base_link1/get_loggers] /camera_base_link1 http://pc:36158/
[rosmaster.master][INFO] 2012-12-15 16:57:23,855: +PUB [/rosout] /camera_base_link2 http://pc:44292/
[rosmaster.master][INFO] 2012-12-15 16:57:23,859: publisherUpdate[/rosout] -> http://pc:44788/
[rosmaster.master][INFO] 2012-12-15 16:57:23,861: publisherUpdate[/rosout] -> http://pc:44788/
[rosmaster.master][INFO] 2012-12-15 16:57:23,866: +SERVICE [/camera_base_link1/set_logger_level] /camera_base_link1 http://pc:36158/
[rosmaster.master][INFO] 2012-12-15 16:57:23,867: publisherUpdate[/rosout] -> http://pc:44788/
[rosmaster.master][INFO] 2012-12-15 16:57:23,869: publisherUpdate[/rosout] -> http://pc:44788/
[rosmaster.master][INFO] 2012-12-15 16:57:23,870: publisherUpdate[/rosout] -> http://pc:44788/
[rosmaster.master][INFO] 2012-12-15 16:57:23,872: publisherUpdate[/rosout] -> http://pc:44788/
[rosmaster.master][INFO] 2012-12-15 16:57:23,873: publisherUpdate[/rosout] -> http://pc:44788/
[rosmaster.master][INFO] 2012-12-15 16:57:23,878: +PUB [/rosout] /camera_base_link3 http://pc:53854/
[rosmaster.master][INFO] 2012-12-15 16:57:23,884: +SERVICE [/camera_base_link2/get_loggers] /camera_base_link2 http://pc:44292/
[rosmaster.master][INFO] 2012-12-15 16:57:23,896: +SERVICE [/camera_base_link2/set_logger_level] /camera_base_link2 http://pc:44292/
[rosmaster.master][INFO] 2012-12-15 16:57:23,900: +PUB [/tf] /camera_base_link2 http://pc:44292/
[rosmaster.master][INFO] 2012-12-15 16:57:23,947: +SERVICE [/camera/depth/rectify_depth/set_logger_level] /camera/depth/rectify_depth http://pc:34961/
[rosmaster.master][INFO] 2012-12-15 16:57:23,949: +PUB [/rosout] /camera/depth/metric http://pc:43597/
[rosmaster.master][INFO] 2012-12-15 16:57:23,955: +SERVICE [/camera/depth/metric/get_loggers] /camera/depth/metric http://pc:43597/
[rosmaster.master][INFO] 2012-12-15 16:57:23,959: +PARAM [/camera/depth/rectify_depth] by /camera/depth/rectify_depth
[rosmaster.master][INFO] 2012-12-15 16:57:23,960: +SERVICE [/camera/depth/metric/set_logger_level] /camera/depth/metric http://pc:43597/
[rosmaster.master][INFO] 2012-12-15 16:57:23,966: publisherUpdate[/rosout] -> http://pc:44788/
[rosmaster.master][INFO] 2012-12-15 16:57:23,975: publisherUpdate[/rosout] -> http://pc:44788/
[rosmaster.master][INFO] 2012-12-15 16:57:24,008: +PUB [/rosout] /camera_nodelet_manager http://pc:46468/
[rosmaster.master][INFO] 2012-12-15 16:57:24,012: +SERVICE [/camera_nodelet_manager/get_loggers] /camera_nodelet_manager http://pc:46468/
[rosmaster.master][INFO] 2012-12-15 16:57:24,015: +SERVICE [/camera_nodelet_manager/set_logger_level] /camera_nodelet_manager http://pc:46468/
[rosmaster.master][INFO] 2012-12-15 16:57:24,018: +SERVICE [/camera_nodelet_manager/load_nodelet] /camera_nodelet_manager http://pc:46468/
[rosmaster.master][INFO] 2012-12-15 16:57:24,019: +SERVICE [/camera_nodelet_manager/unload_nodelet] /camera_nodelet_manager http://pc:46468/
[rosmaster.master][INFO] 2012-12-15 16:57:24,021: +SERVICE [/camera_nodelet_manager/list] /camera_nodelet_manager http://pc:46468/
[rosmaster.master][INFO] 2012-12-15 16:57:24,074: publisherUpdate[/rosout] -> http://pc:44788/
[rosmaster.master][INFO] 2012-12-15 16:57:24,272: +PUB [/rosout] /set_dr http://pc:34991/
[rosmaster.master][INFO] 2012-12-15 16:57:24,277: publisherUpdate[/rosout] -> http://pc:44788/
[rosmaster.master][INFO] 2012-12-15 16:57:24,323: +SERVICE [/camera/ir/rectify_ir/set_parameters] /camera_nodelet_manager http://pc:46468/
[rosmaster.master][INFO] 2012-12-15 16:57:24,324: +PUB [/camera/ir/rectify_ir/parameter_descriptions] /camera_nodelet_manager http://pc:46468/
[rosmaster.master][INFO] 2012-12-15 16:57:24,325: +PUB [/camera/ir/rectify_ir/parameter_updates] /camera_nodelet_manager http://pc:46468/
[rosmaster.master][INFO] 2012-12-15 16:57:24,327: +PARAM [/camera/ir/rectify_ir/interpolation] by /camera_nodelet_manager
[rosmaster.master][INFO] 2012-12-15 16:57:24,330: +PUB [/camera/ir/image_rect/compressed] /camera_nodelet_manager http://pc:46468/
[rosmaster.master][INFO] 2012-12-15 16:57:24,331: +SERVICE [/camera/ir/image_rect/compressed/set_parameters] /camera_nodelet_manager http://pc:46468/
[rosmaster.master][INFO] 2012-12-15 16:57:24,332: +PUB [/camera/ir/image_rect/compressed/parameter_descriptions] /camera_nodelet_manager http://pc:46468/
[rosmaster.master][INFO] 2012-12-15 16:57:24,333: +PUB [/camera/ir/image_rect/compressed/parameter_updates] /camera_nodelet_manager http://pc:46468/
[rosmaster.master][INFO] 2012-12-15 16:57:24,336: +PARAM [/camera/ir/image_rect/compressed/format] by /camera_nodelet_manager
[rosmaster.master][INFO] 2012-12-15 16:57:24,337: +PARAM [/camera/ir/image_rect/compressed/jpeg_quality] by /camera_nodelet_manager
[rosmaster.master][INFO] 2012-12-15 16:57:24,338: +PARAM [/camera/ir/image_rect/compressed/png_level] by /camera_nodelet_manager
[rosmaster.master][INFO] 2012-12-15 16:57:24,340: +PUB [/camera/ir/image_rect] /camera_nodelet_manager http://pc:46468/
[rosmaster.master][INFO] 2012-12-15 16:57:24,343: +PUB [/camera/ir/image_rect/theora] /camera_nodelet_manager http://pc:46468/
[rosmaster.master][INFO] 2012-12-15 16:57:24,344: +SERVICE [/camera/ir/image_rect/theora/set_parameters] /camera_nodelet_manager http://pc:46468/
[rosmaster.master][INFO] 2012-12-15 16:57:24,345: +PUB [/camera/ir/image_rect/theora/parameter_descriptions] /camera_nodelet_manager http://pc:46468/
[rosmaster.master][INFO] 2012-12-15 16:57:24,346: +PUB [/camera/ir/image_rect/theora/parameter_updates] /camera_nodelet_manager http://pc:46468/
[rosmaster.master][INFO] 2012-12-15 16:57:24,350: +PARAM [/camera/ir/image_rect/theora/optimize_for] by /camera_nodelet_manager
[rosmaster.master][INFO] 2012-12-15 16:57:24,351: +PARAM [/camera/ir/image_rect/theora/target_bitrate] by /camera_nodelet_manager
[rosmaster.master][INFO] 2012-12-15 16:57:24,352: +PARAM [/camera/ir/image_rect/theora/quality] by /camera_nodelet_manager
[rosmaster.master][INFO] 2012-12-15 16:57:24,353: +PARAM [/camera/ir/image_rect/theora/keyframe_frequency] by /camera_nodelet_manager
[rosmaster.master][INFO] 2012-12-15 16:57:24,644: +PUB [/rosout] /depth_detection http://pc:49540/
[rosmaster.master][INFO] 2012-12-15 16:57:24,666: +SUB [/camera/depth_registered/image_rect] /depth_detection http://pc:49540/
[rosmaster.master][INFO] 2012-12-15 16:57:24,668: +SUB [/camera/rgb/image_rect_color] /depth_detection http://pc:49540/
[rosmaster.master][INFO] 2012-12-15 16:57:24,679: publisherUpdate[/rosout] -> http://pc:44788/
[rosmaster.master][INFO] 2012-12-15 16:57:25,033: +SERVICE [/camera/rgb/rectify_mono/set_parameters] /camera_nodelet_manager http://pc:46468/
[rosmaster.master][INFO] 2012-12-15 16:57:25,035: +PUB [/camera/rgb/rectify_mono/parameter_descriptions] /camera_nodelet_manager http://pc:46468/
[rosmaster.master][INFO] 2012-12-15 16:57:25,036: +PUB [/camera/rgb/rectify_mono/parameter_updates] /camera_nodelet_manager http://pc:46468/
[rosmaster.master][INFO] 2012-12-15 16:57:25,040: +PARAM [/camera/rgb/rectify_mono/interpolation] by /camera_nodelet_manager
[rosmaster.master][INFO] 2012-12-15 16:57:25,043: +PUB [/camera/rgb/image_rect/compressed] /camera_nodelet_manager http://pc:46468/
[rosmaster.master][INFO] 2012-12-15 16:57:25,044: +SERVICE [/camera/rgb/image_rect/compressed/set_parameters] /camera_nodelet_manager http://pc:46468/
[rosmaster.master][INFO] 2012-12-15 16:57:25,045: +PUB [/camera/rgb/image_rect/compressed/parameter_descriptions] /camera_nodelet_manager http://pc:46468/
[rosmaster.master][INFO] 2012-12-15 16:57:25,046: +PUB [/camera/rgb/image_rect/compressed/parameter_updates] /camera_nodelet_manager http://pc:46468/
[rosmaster.master][INFO] 2012-12-15 16:57:25,049: +PARAM [/camera/rgb/image_rect/compressed/format] by /camera_nodelet_manager
[rosmaster.master][INFO] 2012-12-15 16:57:25,050: +PARAM [/camera/rgb/image_rect/compressed/jpeg_quality] by /camera_nodelet_manager
[rosmaster.master][INFO] 2012-12-15 16:57:25,051: +PARAM [/camera/rgb/image_rect/compressed/png_level] by /camera_nodelet_manager
[rosmaster.master][INFO] 2012-12-15 16:57:25,053: +PUB [/camera/rgb/image_rect] /camera_nodelet_manager http://pc:46468/
[rosmaster.master][INFO] 2012-12-15 16:57:25,054: +PUB [/camera/rgb/image_rect/theora] /camera_nodelet_manager http://pc:46468/
[rosmaster.master][INFO] 2012-12-15 16:57:25,055: +SERVICE [/camera/rgb/image_rect/theora/set_parameters] /camera_nodelet_manager http://pc:46468/
[rosmaster.master][INFO] 2012-12-15 16:57:25,056: +PUB [/camera/rgb/image_rect/theora/parameter_descriptions] /camera_nodelet_manager http://pc:46468/
[rosmaster.master][INFO] 2012-12-15 16:57:25,057: +PUB [/camera/rgb/image_rect/theora/parameter_updates] /camera_nodelet_manager http://pc:46468/
[rosmaster.master][INFO] 2012-12-15 16:57:25,061: +PARAM [/camera/rgb/image_rect/theora/optimize_for] by /camera_nodelet_manager
[rosmaster.master][INFO] 2012-12-15 16:57:25,062: +PARAM [/camera/rgb/image_rect/theora/target_bitrate] by /camera_nodelet_manager
[rosmaster.master][INFO] 2012-12-15 16:57:25,063: +PARAM [/camera/rgb/image_rect/theora/quality] by /camera_nodelet_manager
[rosmaster.master][INFO] 2012-12-15 16:57:25,063: +PARAM [/camera/rgb/image_rect/theora/keyframe_frequency] by /camera_nodelet_manager
[rosmaster.master][INFO] 2012-12-15 16:57:25,693: +PUB [/camera/depth_registered/image/compressed] /camera_nodelet_manager http://pc:46468/
[rosmaster.master][INFO] 2012-12-15 16:57:25,695: +SERVICE [/camera/depth_registered/image/compressed/set_parameters] /camera_nodelet_manager http://pc:46468/
[rosmaster.master][INFO] 2012-12-15 16:57:25,697: +PUB [/camera/depth_registered/image/compressed/parameter_descriptions] /camera_nodelet_manager http://pc:46468/
[rosmaster.master][INFO] 2012-12-15 16:57:25,700: +PUB [/camera/depth_registered/image/compressed/parameter_updates] /camera_nodelet_manager http://pc:46468/
[rosmaster.master][INFO] 2012-12-15 16:57:25,704: +PARAM [/camera/depth_registered/image/compressed/format] by /camera_nodelet_manager
[rosmaster.master][INFO] 2012-12-15 16:57:25,705: +PARAM [/camera/depth_registered/image/compressed/jpeg_quality] by /camera_nodelet_manager
[rosmaster.master][INFO] 2012-12-15 16:57:25,706: +PARAM [/camera/depth_registered/image/compressed/png_level] by /camera_nodelet_manager
[rosmaster.master][INFO] 2012-12-15 16:57:25,707: +PUB [/camera/depth_registered/image] /camera_nodelet_manager http://pc:46468/
[rosmaster.master][INFO] 2012-12-15 16:57:25,709: +PUB [/camera/depth_registered/image/theora] /camera_nodelet_manager http://pc:46468/
[rosmaster.master][INFO] 2012-12-15 16:57:25,710: +SERVICE [/camera/depth_registered/image/theora/set_parameters] /camera_nodelet_manager http://pc:46468/
[rosmaster.master][INFO] 2012-12-15 16:57:25,711: +PUB [/camera/depth_registered/image/theora/parameter_descriptions] /camera_nodelet_manager http://pc:46468/
[rosmaster.master][INFO] 2012-12-15 16:57:25,712: +PUB [/camera/depth_registered/image/theora/parameter_updates] /camera_nodelet_manager http://pc:46468/
[rosmaster.master][INFO] 2012-12-15 16:57:25,717: +PARAM [/camera/depth_registered/image/theora/optimize_for] by /camera_nodelet_manager
[rosmaster.master][INFO] 2012-12-15 16:57:25,718: +PARAM [/camera/depth_registered/image/theora/target_bitrate] by /camera_nodelet_manager
[rosmaster.master][INFO] 2012-12-15 16:57:25,719: +PARAM [/camera/depth_registered/image/theora/quality] by /camera_nodelet_manager
[rosmaster.master][INFO] 2012-12-15 16:57:25,720: +PARAM [/camera/depth_registered/image/theora/keyframe_frequency] by /camera_nodelet_manager
[rosmaster.master][INFO] 2012-12-15 16:57:26,328: +PUB [/camera/depth/points] /camera_nodelet_manager http://pc:46468/
[rosmaster.master][INFO] 2012-12-15 16:57:26,756: +PUB [/rosout] /camera/register_depth_rgb http://pc:53275/
[rosmaster.master][INFO] 2012-12-15 16:57:26,758: +SERVICE [/camera/depth/metric_rect/set_logger_level] /camera/depth/metric_rect http://pc:36031/
[rosmaster.master][INFO] 2012-12-15 16:57:26,761: +SERVICE [/camera/register_depth_rgb/get_loggers] /camera/register_depth_rgb http://pc:53275/
[rosmaster.master][INFO] 2012-12-15 16:57:26,767: +SERVICE [/camera/register_depth_rgb/set_logger_level] /camera/register_depth_rgb http://pc:53275/
[rosmaster.master][INFO] 2012-12-15 16:57:26,783: publisherUpdate[/rosout] -> http://pc:44788/
[rosmaster.master][INFO] 2012-12-15 16:57:26,786: +SERVICE [/camera/depth_registered/metric_rect/get_loggers] /camera/depth_registered/metric_rect http://pc:36956/
[rosmaster.master][INFO] 2012-12-15 16:57:26,791: +PUB [/rosout] /camera/disparity_depth http://pc:60975/
[rosmaster.master][INFO] 2012-12-15 16:57:26,792: +SERVICE [/camera/depth_registered/metric_rect/set_logger_level] /camera/depth_registered/metric_rect http://pc:36956/
[rosmaster.master][INFO] 2012-12-15 16:57:26,793: +SERVICE [/camera/disparity_depth/get_loggers] /camera/disparity_depth http://pc:60975/
[rosmaster.master][INFO] 2012-12-15 16:57:26,795: +SERVICE [/camera/disparity_depth/set_logger_level] /camera/disparity_depth http://pc:60975/
[rosmaster.master][INFO] 2012-12-15 16:57:26,801: +PARAM [/camera/disparity_depth] by /camera/disparity_depth
[rosmaster.master][INFO] 2012-12-15 16:57:26,814: +SERVICE [/camera/disparity_depth_registered/get_loggers] /camera/disparity_depth_registered http://pc:45906/
[rosmaster.master][INFO] 2012-12-15 16:57:26,815: +PUB [/rosout] /camera_base_link http://pc:46104/
[rosmaster.master][INFO] 2012-12-15 16:57:26,816: +SERVICE [/camera/disparity_depth_registered/set_logger_level] /camera/disparity_depth_registered http://pc:45906/
[rosmaster.master][INFO] 2012-12-15 16:57:26,817: +SERVICE [/camera_base_link/get_loggers] /camera_base_link http://pc:46104/
[rosmaster.master][INFO] 2012-12-15 16:57:26,819: +SERVICE [/camera_base_link/set_logger_level] /camera_base_link http://pc:46104/
[rosmaster.master][INFO] 2012-12-15 16:57:26,822: +PARAM [/camera/disparity_depth_registered] by /camera/disparity_depth_registered
[rosmaster.master][INFO] 2012-12-15 16:57:26,823: +PUB [/tf] /camera_base_link http://pc:46104/
[rosmaster.master][INFO] 2012-12-15 16:57:26,881: +PUB [/tf] /camera_base_link1 http://pc:36158/
[rosmaster.master][INFO] 2012-12-15 16:57:26,885: publisherUpdate[/rosout] -> http://pc:44788/
[rosmaster.master][INFO] 2012-12-15 16:57:26,887: +SERVICE [/camera_base_link3/get_loggers] /camera_base_link3 http://pc:53854/
[rosmaster.master][INFO] 2012-12-15 16:57:26,889: publisherUpdate[/rosout] -> http://pc:44788/
[rosmaster.master][INFO] 2012-12-15 16:57:26,891: +SERVICE [/camera_base_link3/set_logger_level] /camera_base_link3 http://pc:53854/
[rosmaster.master][INFO] 2012-12-15 16:57:26,899: +PUB [/tf] /camera_base_link3 http://pc:53854/
[rosmaster.master][INFO] 2012-12-15 16:57:27,111: +SERVICE [/camera/depth/rectify_depth/set_parameters] /camera_nodelet_manager http://pc:46468/
[rosmaster.master][INFO] 2012-12-15 16:57:27,114: +PUB [/camera/depth/rectify_depth/parameter_descriptions] /camera_nodelet_manager http://pc:46468/
[rosmaster.master][INFO] 2012-12-15 16:57:27,117: +PUB [/camera/depth/rectify_depth/parameter_updates] /camera_nodelet_manager http://pc:46468/
[rosmaster.master][INFO] 2012-12-15 16:57:27,120: +PARAM [/camera/depth/rectify_depth/interpolation] by /camera_nodelet_manager
[rosmaster.master][INFO] 2012-12-15 16:57:27,121: +PUB [/camera/depth/image_rect_raw/compressed] /camera_nodelet_manager http://pc:46468/
[rosmaster.master][INFO] 2012-12-15 16:57:27,122: +SERVICE [/camera/depth/image_rect_raw/compressed/set_parameters] /camera_nodelet_manager http://pc:46468/
[rosmaster.master][INFO] 2012-12-15 16:57:27,123: +PUB [/camera/depth/image_rect_raw/compressed/parameter_descriptions] /camera_nodelet_manager http://pc:46468/
[rosmaster.master][INFO] 2012-12-15 16:57:27,124: +PUB [/camera/depth/image_rect_raw/compressed/parameter_updates] /camera_nodelet_manager http://pc:46468/
[rosmaster.master][INFO] 2012-12-15 16:57:27,128: +PARAM [/camera/depth/image_rect_raw/compressed/format] by /camera_nodelet_manager
[rosmaster.master][INFO] 2012-12-15 16:57:27,129: +PARAM [/camera/depth/image_rect_raw/compressed/jpeg_quality] by /camera_nodelet_manager
[rosmaster.master][INFO] 2012-12-15 16:57:27,130: +PARAM [/camera/depth/image_rect_raw/compressed/png_level] by /camera_nodelet_manager
[rosmaster.master][INFO] 2012-12-15 16:57:27,131: +PUB [/camera/depth/image_rect_raw] /camera_nodelet_manager http://pc:46468/
[rosmaster.master][INFO] 2012-12-15 16:57:27,136: +PUB [/camera/depth/image_rect_raw/theora] /camera_nodelet_manager http://pc:46468/
[rosmaster.master][INFO] 2012-12-15 16:57:27,137: +SERVICE [/camera/depth/image_rect_raw/theora/set_parameters] /camera_nodelet_manager http://pc:46468/
[rosmaster.master][INFO] 2012-12-15 16:57:27,138: +PUB [/camera/depth/image_rect_raw/theora/parameter_descriptions] /camera_nodelet_manager http://pc:46468/
[rosmaster.master][INFO] 2012-12-15 16:57:27,138: +PUB [/camera/depth/image_rect_raw/theora/parameter_updates] /camera_nodelet_manager http://pc:46468/
[rosmaster.master][INFO] 2012-12-15 16:57:27,143: +PARAM [/camera/depth/image_rect_raw/theora/optimize_for] by /camera_nodelet_manager
[rosmaster.master][INFO] 2012-12-15 16:57:27,144: +PARAM [/camera/depth/image_rect_raw/theora/target_bitrate] by /camera_nodelet_manager
[rosmaster.master][INFO] 2012-12-15 16:57:27,144: +PARAM [/camera/depth/image_rect_raw/theora/quality] by /camera_nodelet_manager
[rosmaster.master][INFO] 2012-12-15 16:57:27,145: +PARAM [/camera/depth/image_rect_raw/theora/keyframe_frequency] by /camera_nodelet_manager
[rosmaster.master][INFO] 2012-12-15 16:57:27,669: +PUB [/camera/depth_registered/points] /camera_nodelet_manager http://pc:46468/
[rosmaster.master][INFO] 2012-12-15 16:57:27,931: +SERVICE [/camera/depth_registered/rectify_depth/set_parameters] /camera_nodelet_manager http://pc:46468/
[rosmaster.master][INFO] 2012-12-15 16:57:27,933: +PUB [/camera/depth_registered/rectify_depth/parameter_descriptions] /camera_nodelet_manager http://pc:46468/
[rosmaster.master][INFO] 2012-12-15 16:57:27,936: +PUB [/camera/depth_registered/rectify_depth/parameter_updates] /camera_nodelet_manager http://pc:46468/
[rosmaster.master][INFO] 2012-12-15 16:57:27,940: +PARAM [/camera/depth_registered/rectify_depth/interpolation] by /camera_nodelet_manager
[rosmaster.master][INFO] 2012-12-15 16:57:27,942: +PUB [/camera/depth_registered/image_rect_raw/compressed] /camera_nodelet_manager http://pc:46468/
[rosmaster.master][INFO] 2012-12-15 16:57:27,944: +SERVICE [/camera/depth_registered/image_rect_raw/compressed/set_parameters] /camera_nodelet_manager http://pc:46468/
[rosmaster.master][INFO] 2012-12-15 16:57:27,947: +PUB [/camera/depth_registered/image_rect_raw/compressed/parameter_descriptions] /camera_nodelet_manager http://pc:46468/
[rosmaster.master][INFO] 2012-12-15 16:57:27,949: +PUB [/camera/depth_registered/image_rect_raw/compressed/parameter_updates] /camera_nodelet_manager http://pc:46468/
[rosmaster.master][INFO] 2012-12-15 16:57:27,956: +PARAM [/camera/depth_registered/image_rect_raw/compressed/format] by /camera_nodelet_manager
[rosmaster.master][INFO] 2012-12-15 16:57:27,958: +PARAM [/camera/depth_registered/image_rect_raw/compressed/jpeg_quality] by /camera_nodelet_manager
[rosmaster.master][INFO] 2012-12-15 16:57:27,961: +PARAM [/camera/depth_registered/image_rect_raw/compressed/png_level] by /camera_nodelet_manager
[rosmaster.master][INFO] 2012-12-15 16:57:27,963: +PUB [/camera/depth_registered/image_rect_raw] /camera_nodelet_manager http://pc:46468/
[rosmaster.master][INFO] 2012-12-15 16:57:27,966: +PUB [/camera/depth_registered/image_rect_raw/theora] /camera_nodelet_manager http://pc:46468/
[rosmaster.master][INFO] 2012-12-15 16:57:27,968: +SERVICE [/camera/depth_registered/image_rect_raw/theora/set_parameters] /camera_nodelet_manager http://pc:46468/
[rosmaster.master][INFO] 2012-12-15 16:57:27,971: +PUB [/camera/depth_registered/image_rect_raw/theora/parameter_descriptions] /camera_nodelet_manager http://pc:46468/
[rosmaster.master][INFO] 2012-12-15 16:57:27,973: +PUB [/camera/depth_registered/image_rect_raw/theora/parameter_updates] /camera_nodelet_manager http://pc:46468/
[rosmaster.master][INFO] 2012-12-15 16:57:27,983: +PARAM [/camera/depth_registered/image_rect_raw/theora/optimize_for] by /camera_nodelet_manager
[rosmaster.master][INFO] 2012-12-15 16:57:27,985: +PARAM [/camera/depth_registered/image_rect_raw/theora/target_bitrate] by /camera_nodelet_manager
[rosmaster.master][INFO] 2012-12-15 16:57:27,988: +PARAM [/camera/depth_registered/image_rect_raw/theora/quality] by /camera_nodelet_manager
[rosmaster.master][INFO] 2012-12-15 16:57:27,990: +PARAM [/camera/depth_registered/image_rect_raw/theora/keyframe_frequency] by /camera_nodelet_manager
[rosmaster.master][INFO] 2012-12-15 16:57:28,255: +PUB [/camera/depth/image/compressed] /camera_nodelet_manager http://pc:46468/
[rosmaster.master][INFO] 2012-12-15 16:57:28,257: +SERVICE [/camera/depth/image/compressed/set_parameters] /camera_nodelet_manager http://pc:46468/
[rosmaster.master][INFO] 2012-12-15 16:57:28,260: +PUB [/camera/depth/image/compressed/parameter_descriptions] /camera_nodelet_manager http://pc:46468/
[rosmaster.master][INFO] 2012-12-15 16:57:28,262: +PUB [/camera/depth/image/compressed/parameter_updates] /camera_nodelet_manager http://pc:46468/
[rosmaster.master][INFO] 2012-12-15 16:57:28,270: +PARAM [/camera/depth/image/compressed/format] by /camera_nodelet_manager
[rosmaster.master][INFO] 2012-12-15 16:57:28,273: +PARAM [/camera/depth/image/compressed/jpeg_quality] by /camera_nodelet_manager
[rosmaster.master][INFO] 2012-12-15 16:57:28,275: +PARAM [/camera/depth/image/compressed/png_level] by /camera_nodelet_manager
[rosmaster.master][INFO] 2012-12-15 16:57:28,278: +PUB [/camera/depth/image] /camera_nodelet_manager http://pc:46468/
[rosmaster.master][INFO] 2012-12-15 16:57:28,280: +PUB [/camera/depth/image/theora] /camera_nodelet_manager http://pc:46468/
[rosmaster.master][INFO] 2012-12-15 16:57:28,282: +SERVICE [/camera/depth/image/theora/set_parameters] /camera_nodelet_manager http://pc:46468/
[rosmaster.master][INFO] 2012-12-15 16:57:28,285: +PUB [/camera/depth/image/theora/parameter_descriptions] /camera_nodelet_manager http://pc:46468/
[rosmaster.master][INFO] 2012-12-15 16:57:28,287: +PUB [/camera/depth/image/theora/parameter_updates] /camera_nodelet_manager http://pc:46468/
[rosmaster.master][INFO] 2012-12-15 16:57:28,298: +PARAM [/camera/depth/image/theora/optimize_for] by /camera_nodelet_manager
[rosmaster.master][INFO] 2012-12-15 16:57:28,300: +PARAM [/camera/depth/image/theora/target_bitrate] by /camera_nodelet_manager
[rosmaster.master][INFO] 2012-12-15 16:57:28,302: +PARAM [/camera/depth/image/theora/quality] by /camera_nodelet_manager
[rosmaster.master][INFO] 2012-12-15 16:57:28,305: +PARAM [/camera/depth/image/theora/keyframe_frequency] by /camera_nodelet_manager
[rosmaster.master][INFO] 2012-12-15 16:57:28,570: +PUB [/camera/depth/image_rect/compressed] /camera_nodelet_manager http://pc:46468/
[rosmaster.master][INFO] 2012-12-15 16:57:28,573: +SERVICE [/camera/depth/image_rect/compressed/set_parameters] /camera_nodelet_manager http://pc:46468/
[rosmaster.master][INFO] 2012-12-15 16:57:28,575: +PUB [/camera/depth/image_rect/compressed/parameter_descriptions] /camera_nodelet_manager http://pc:46468/
[rosmaster.master][INFO] 2012-12-15 16:57:28,577: +PUB [/camera/depth/image_rect/compressed/parameter_updates] /camera_nodelet_manager http://pc:46468/
[rosmaster.master][INFO] 2012-12-15 16:57:28,584: +PARAM [/camera/depth/image_rect/compressed/format] by /camera_nodelet_manager
[rosmaster.master][INFO] 2012-12-15 16:57:28,586: +PARAM [/camera/depth/image_rect/compressed/jpeg_quality] by /camera_nodelet_manager
[rosmaster.master][INFO] 2012-12-15 16:57:28,589: +PARAM [/camera/depth/image_rect/compressed/png_level] by /camera_nodelet_manager
[rosmaster.master][INFO] 2012-12-15 16:57:28,591: +PUB [/camera/depth/image_rect] /camera_nodelet_manager http://pc:46468/
[rosmaster.master][INFO] 2012-12-15 16:57:28,594: +PUB [/camera/depth/image_rect/theora] /camera_nodelet_manager http://pc:46468/
[rosmaster.master][INFO] 2012-12-15 16:57:28,597: +SERVICE [/camera/depth/image_rect/theora/set_parameters] /camera_nodelet_manager http://pc:46468/
[rosmaster.master][INFO] 2012-12-15 16:57:28,599: +PUB [/camera/depth/image_rect/theora/parameter_descriptions] /camera_nodelet_manager http://pc:46468/
[rosmaster.master][INFO] 2012-12-15 16:57:28,601: +PUB [/camera/depth/image_rect/theora/parameter_updates] /camera_nodelet_manager http://pc:46468/
[rosmaster.master][INFO] 2012-12-15 16:57:28,611: +PARAM [/camera/depth/image_rect/theora/optimize_for] by /camera_nodelet_manager
[rosmaster.master][INFO] 2012-12-15 16:57:28,613: +PARAM [/camera/depth/image_rect/theora/target_bitrate] by /camera_nodelet_manager
[rosmaster.master][INFO] 2012-12-15 16:57:28,615: +PARAM [/camera/depth/image_rect/theora/quality] by /camera_nodelet_manager
[rosmaster.master][INFO] 2012-12-15 16:57:28,617: +PARAM [/camera/depth/image_rect/theora/keyframe_frequency] by /camera_nodelet_manager
[rosmaster.master][INFO] 2012-12-15 16:57:28,867: +SERVICE [/camera/driver/set_parameters] /camera_nodelet_manager http://pc:46468/
[rosmaster.master][INFO] 2012-12-15 16:57:28,869: +PUB [/camera/driver/parameter_descriptions] /camera_nodelet_manager http://pc:46468/
[rosmaster.master][INFO] 2012-12-15 16:57:28,871: +PUB [/camera/driver/parameter_updates] /camera_nodelet_manager http://pc:46468/
[rosmaster.master][INFO] 2012-12-15 16:57:28,881: +PARAM [/camera/driver/image_mode] by /camera_nodelet_manager
[rosmaster.master][INFO] 2012-12-15 16:57:28,882: +PARAM [/camera/driver/depth_mode] by /camera_nodelet_manager
[rosmaster.master][INFO] 2012-12-15 16:57:28,883: +PARAM [/camera/driver/depth_registration] by /camera_nodelet_manager
[rosmaster.master][INFO] 2012-12-15 16:57:28,884: +PARAM [/camera/driver/data_skip] by /camera_nodelet_manager
[rosmaster.master][INFO] 2012-12-15 16:57:28,885: +PARAM [/camera/driver/depth_time_offset] by /camera_nodelet_manager
[rosmaster.master][INFO] 2012-12-15 16:57:28,885: +PARAM [/camera/driver/image_time_offset] by /camera_nodelet_manager
[rosmaster.master][INFO] 2012-12-15 16:57:28,886: +PARAM [/camera/driver/depth_ir_offset_x] by /camera_nodelet_manager
[rosmaster.master][INFO] 2012-12-15 16:57:28,887: +PARAM [/camera/driver/depth_ir_offset_y] by /camera_nodelet_manager
[rosmaster.master][INFO] 2012-12-15 16:57:28,888: +PARAM [/camera/driver/z_offset_mm] by /camera_nodelet_manager
[rosmaster.master][INFO] 2012-12-15 16:57:28,891: +SERVICE [/camera/rgb/rectify_color/set_parameters] /camera_nodelet_manager http://pc:46468/
[rosmaster.master][INFO] 2012-12-15 16:57:28,895: +PUB [/camera/rgb/rectify_color/parameter_descriptions] /camera_nodelet_manager http://pc:46468/
[rosmaster.master][INFO] 2012-12-15 16:57:28,898: +PUB [/camera/rgb/rectify_color/parameter_updates] /camera_nodelet_manager http://pc:46468/
[rosmaster.master][INFO] 2012-12-15 16:57:28,903: +PARAM [/camera/rgb/rectify_color/interpolation] by /camera_nodelet_manager
[rosmaster.master][INFO] 2012-12-15 16:57:28,906: +PUB [/camera/rgb/image_rect_color/compressed] /camera_nodelet_manager http://pc:46468/
[rosmaster.master][INFO] 2012-12-15 16:57:28,909: +SERVICE [/camera/rgb/image_rect_color/compressed/set_parameters] /camera_nodelet_manager http://pc:46468/
[rosmaster.master][INFO] 2012-12-15 16:57:28,911: +SERVICE [/camera/rgb/set_camera_info] /camera_nodelet_manager http://pc:46468/
[rosmaster.master][INFO] 2012-12-15 16:57:28,913: +PUB [/camera/rgb/image_rect_color/compressed/parameter_descriptions] /camera_nodelet_manager http://pc:46468/
[rosmaster.master][INFO] 2012-12-15 16:57:28,916: +SERVICE [/camera/ir/set_camera_info] /camera_nodelet_manager http://pc:46468/
[rosmaster.master][INFO] 2012-12-15 16:57:28,917: +PUB [/camera/rgb/image_rect_color/compressed/parameter_updates] /camera_nodelet_manager http://pc:46468/
[rosmaster.master][INFO] 2012-12-15 16:57:28,919: +PUB [/camera/rgb/image_raw/compressed] /camera_nodelet_manager http://pc:46468/
[rosmaster.master][INFO] 2012-12-15 16:57:28,924: +SERVICE [/camera/rgb/image_raw/compressed/set_parameters] /camera_nodelet_manager http://pc:46468/
[rosmaster.master][INFO] 2012-12-15 16:57:28,928: +PUB [/camera/rgb/image_raw/compressed/parameter_descriptions] /camera_nodelet_manager http://pc:46468/
[rosmaster.master][INFO] 2012-12-15 16:57:28,932: +PARAM [/camera/rgb/image_rect_color/compressed/format] by /camera_nodelet_manager
[rosmaster.master][INFO] 2012-12-15 16:57:28,935: +PUB [/camera/rgb/image_raw/compressed/parameter_updates] /camera_nodelet_manager http://pc:46468/
[rosmaster.master][INFO] 2012-12-15 16:57:28,936: +PARAM [/camera/rgb/image_rect_color/compressed/jpeg_quality] by /camera_nodelet_manager
[rosmaster.master][INFO] 2012-12-15 16:57:28,942: +PARAM [/camera/rgb/image_rect_color/compressed/png_level] by /camera_nodelet_manager
[rosmaster.master][INFO] 2012-12-15 16:57:28,946: +PUB [/camera/rgb/image_rect_color] /camera_nodelet_manager http://pc:46468/
[rosmaster.master][INFO] 2012-12-15 16:57:28,950: +PUB [/camera/rgb/image_rect_color/theora] /camera_nodelet_manager http://pc:46468/
[rosmaster.master][INFO] 2012-12-15 16:57:28,952: +PARAM [/camera/rgb/image_raw/compressed/format] by /camera_nodelet_manager
[rosmaster.master][INFO] 2012-12-15 16:57:28,954: +SERVICE [/camera/rgb/image_rect_color/theora/set_parameters] /camera_nodelet_manager http://pc:46468/
[rosmaster.master][INFO] 2012-12-15 16:57:28,955: +PARAM [/camera/rgb/image_raw/compressed/jpeg_quality] by /camera_nodelet_manager
[rosmaster.master][INFO] 2012-12-15 16:57:28,958: +PUB [/camera/rgb/image_rect_color/theora/parameter_descriptions] /camera_nodelet_manager http://pc:46468/
[rosmaster.master][INFO] 2012-12-15 16:57:28,961: +PARAM [/camera/rgb/image_raw/compressed/png_level] by /camera_nodelet_manager
[rosmaster.master][INFO] 2012-12-15 16:57:28,963: +PUB [/camera/rgb/image_rect_color/theora/parameter_updates] /camera_nodelet_manager http://pc:46468/
[rosmaster.master][INFO] 2012-12-15 16:57:28,965: +PUB [/camera/rgb/image_raw] /camera_nodelet_manager http://pc:46468/
[rosmaster.master][INFO] 2012-12-15 16:57:28,969: +PUB [/camera/rgb/image_raw/theora] /camera_nodelet_manager http://pc:46468/
[rosmaster.master][INFO] 2012-12-15 16:57:28,973: +SERVICE [/camera/rgb/image_raw/theora/set_parameters] /camera_nodelet_manager http://pc:46468/
[rosmaster.master][INFO] 2012-12-15 16:57:28,977: +PUB [/camera/rgb/image_raw/theora/parameter_descriptions] /camera_nodelet_manager http://pc:46468/
[rosmaster.master][INFO] 2012-12-15 16:57:28,981: +PUB [/camera/rgb/image_raw/theora/parameter_updates] /camera_nodelet_manager http://pc:46468/
[rosmaster.master][INFO] 2012-12-15 16:57:28,982: +PARAM [/camera/rgb/image_rect_color/theora/optimize_for] by /camera_nodelet_manager
[rosmaster.master][INFO] 2012-12-15 16:57:28,987: +PARAM [/camera/rgb/image_rect_color/theora/target_bitrate] by /camera_nodelet_manager
[rosmaster.master][INFO] 2012-12-15 16:57:28,989: publisherUpdate[/camera/rgb/image_rect_color] -> http://pc:49540/
[rosmaster.master][INFO] 2012-12-15 16:57:28,993: +PARAM [/camera/rgb/image_rect_color/theora/quality] by /camera_nodelet_manager
[rosmaster.master][INFO] 2012-12-15 16:57:28,998: +PARAM [/camera/rgb/image_rect_color/theora/keyframe_frequency] by /camera_nodelet_manager
[rosmaster.master][INFO] 2012-12-15 16:57:29,002: +PARAM [/camera/rgb/image_raw/theora/optimize_for] by /camera_nodelet_manager
[rosmaster.master][INFO] 2012-12-15 16:57:29,004: +PARAM [/camera/rgb/image_raw/theora/target_bitrate] by /camera_nodelet_manager
[rosmaster.master][INFO] 2012-12-15 16:57:29,007: +PARAM [/camera/rgb/image_raw/theora/quality] by /camera_nodelet_manager
[rosmaster.master][INFO] 2012-12-15 16:57:29,009: +PARAM [/camera/rgb/image_raw/theora/keyframe_frequency] by /camera_nodelet_manager
[rosmaster.master][INFO] 2012-12-15 16:57:29,012: +PUB [/camera/rgb/camera_info] /camera_nodelet_manager http://pc:46468/
[rosmaster.master][INFO] 2012-12-15 16:57:29,014: +PUB [/camera/ir/image_raw/compressed] /camera_nodelet_manager http://pc:46468/
[rosmaster.master][INFO] 2012-12-15 16:57:29,015: +SERVICE [/camera/ir/image_raw/compressed/set_parameters] /camera_nodelet_manager http://pc:46468/
[rosmaster.master][INFO] 2012-12-15 16:57:29,016: +PUB [/camera/ir/image_raw/compressed/parameter_descriptions] /camera_nodelet_manager http://pc:46468/
[rosmaster.master][INFO] 2012-12-15 16:57:29,017: +PUB [/camera/ir/image_raw/compressed/parameter_updates] /camera_nodelet_manager http://pc:46468/
[rosmaster.master][INFO] 2012-12-15 16:57:29,020: +PARAM [/camera/ir/image_raw/compressed/format] by /camera_nodelet_manager
[rosmaster.master][INFO] 2012-12-15 16:57:29,021: +PARAM [/camera/ir/image_raw/compressed/jpeg_quality] by /camera_nodelet_manager
[rosmaster.master][INFO] 2012-12-15 16:57:29,022: +PARAM [/camera/ir/image_raw/compressed/png_level] by /camera_nodelet_manager
[rosmaster.master][INFO] 2012-12-15 16:57:29,023: +PUB [/camera/ir/image_raw] /camera_nodelet_manager http://pc:46468/
[rosmaster.master][INFO] 2012-12-15 16:57:29,024: +PUB [/camera/ir/image_raw/theora] /camera_nodelet_manager http://pc:46468/
[rosmaster.master][INFO] 2012-12-15 16:57:29,026: +SERVICE [/camera/ir/image_raw/theora/set_parameters] /camera_nodelet_manager http://pc:46468/
[rosmaster.master][INFO] 2012-12-15 16:57:29,027: +PUB [/camera/ir/image_raw/theora/parameter_descriptions] /camera_nodelet_manager http://pc:46468/
[rosmaster.master][INFO] 2012-12-15 16:57:29,028: +PUB [/camera/ir/image_raw/theora/parameter_updates] /camera_nodelet_manager http://pc:46468/
[rosmaster.master][INFO] 2012-12-15 16:57:29,031: +PARAM [/camera/ir/image_raw/theora/optimize_for] by /camera_nodelet_manager
[rosmaster.master][INFO] 2012-12-15 16:57:29,032: +PARAM [/camera/ir/image_raw/theora/target_bitrate] by /camera_nodelet_manager
[rosmaster.master][INFO] 2012-12-15 16:57:29,033: +PARAM [/camera/ir/image_raw/theora/quality] by /camera_nodelet_manager
[rosmaster.master][INFO] 2012-12-15 16:57:29,034: +PARAM [/camera/ir/image_raw/theora/keyframe_frequency] by /camera_nodelet_manager
[rosmaster.master][INFO] 2012-12-15 16:57:29,035: +PUB [/camera/ir/camera_info] /camera_nodelet_manager http://pc:46468/
[rosmaster.master][INFO] 2012-12-15 16:57:29,036: +PUB [/camera/depth/image_raw/compressed] /camera_nodelet_manager http://pc:46468/
[rosmaster.master][INFO] 2012-12-15 16:57:29,037: +SERVICE [/camera/depth/image_raw/compressed/set_parameters] /camera_nodelet_manager http://pc:46468/
[rosmaster.master][INFO] 2012-12-15 16:57:29,038: +PUB [/camera/depth/image_raw/compressed/parameter_descriptions] /camera_nodelet_manager http://pc:46468/
[rosmaster.master][INFO] 2012-12-15 16:57:29,039: +PUB [/camera/depth/image_raw/compressed/parameter_updates] /camera_nodelet_manager http://pc:46468/
[rosmaster.master][INFO] 2012-12-15 16:57:29,045: +PARAM [/camera/depth/image_raw/compressed/format] by /camera_nodelet_manager
[rosmaster.master][INFO] 2012-12-15 16:57:29,047: +SUB [/camera/rgb/image_color] /camera_nodelet_manager http://pc:46468/
[rosmaster.master][INFO] 2012-12-15 16:57:29,047: +PARAM [/camera/depth/image_raw/compressed/jpeg_quality] by /camera_nodelet_manager
[rosmaster.master][INFO] 2012-12-15 16:57:29,048: +SUB [/camera/rgb/camera_info] /camera_nodelet_manager http://pc:46468/
[rosmaster.master][INFO] 2012-12-15 16:57:29,050: +PARAM [/camera/depth/image_raw/compressed/png_level] by /camera_nodelet_manager
[rosmaster.master][INFO] 2012-12-15 16:57:29,051: +PUB [/camera/depth/image_raw] /camera_nodelet_manager http://pc:46468/
[rosmaster.master][INFO] 2012-12-15 16:57:29,052: +PUB [/camera/depth/image_raw/theora] /camera_nodelet_manager http://pc:46468/
[rosmaster.master][INFO] 2012-12-15 16:57:29,053: +SERVICE [/camera/depth/image_raw/theora/set_parameters] /camera_nodelet_manager http://pc:46468/
[rosmaster.master][INFO] 2012-12-15 16:57:29,054: +PUB [/camera/depth/image_raw/theora/parameter_descriptions] /camera_nodelet_manager http://pc:46468/
[rosmaster.master][INFO] 2012-12-15 16:57:29,055: +PUB [/camera/depth/image_raw/theora/parameter_updates] /camera_nodelet_manager http://pc:46468/
[rosmaster.master][INFO] 2012-12-15 16:57:29,059: +PARAM [/camera/depth/image_raw/theora/optimize_for] by /camera_nodelet_manager
[rosmaster.master][INFO] 2012-12-15 16:57:29,060: +PARAM [/camera/depth/image_raw/theora/target_bitrate] by /camera_nodelet_manager
[rosmaster.master][INFO] 2012-12-15 16:57:29,061: +PARAM [/camera/depth/image_raw/theora/quality] by /camera_nodelet_manager
[rosmaster.master][INFO] 2012-12-15 16:57:29,061: +PARAM [/camera/depth/image_raw/theora/keyframe_frequency] by /camera_nodelet_manager
[rosmaster.master][INFO] 2012-12-15 16:57:29,063: +PUB [/camera/depth/camera_info] /camera_nodelet_manager http://pc:46468/
[rosmaster.master][INFO] 2012-12-15 16:57:29,064: +PUB [/camera/projector/camera_info] /camera_nodelet_manager http://pc:46468/
[rosmaster.master][INFO] 2012-12-15 16:57:29,065: +PUB [/camera/depth_registered/image_raw/compressed] /camera_nodelet_manager http://pc:46468/
[rosmaster.master][INFO] 2012-12-15 16:57:29,066: +SERVICE [/camera/depth_registered/image_raw/compressed/set_parameters] /camera_nodelet_manager http://pc:46468/
[rosmaster.master][INFO] 2012-12-15 16:57:29,067: +PUB [/camera/depth_registered/image_raw/compressed/parameter_descriptions] /camera_nodelet_manager http://pc:46468/
[rosmaster.master][INFO] 2012-12-15 16:57:29,068: +PUB [/camera/depth_registered/image_raw/compressed/parameter_updates] /camera_nodelet_manager http://pc:46468/
[rosmaster.master][INFO] 2012-12-15 16:57:29,071: +PARAM [/camera/depth_registered/image_raw/compressed/format] by /camera_nodelet_manager
[rosmaster.master][INFO] 2012-12-15 16:57:29,072: +PARAM [/camera/depth_registered/image_raw/compressed/jpeg_quality] by /camera_nodelet_manager
[rosmaster.master][INFO] 2012-12-15 16:57:29,073: +PARAM [/camera/depth_registered/image_raw/compressed/png_level] by /camera_nodelet_manager
[rosmaster.master][INFO] 2012-12-15 16:57:29,074: +PUB [/camera/depth_registered/image_raw] /camera_nodelet_manager http://pc:46468/
[rosmaster.master][INFO] 2012-12-15 16:57:29,075: +PUB [/camera/depth_registered/image_raw/theora] /camera_nodelet_manager http://pc:46468/
[rosmaster.master][INFO] 2012-12-15 16:57:29,076: +SERVICE [/camera/depth_registered/image_raw/theora/set_parameters] /camera_nodelet_manager http://pc:46468/
[rosmaster.master][INFO] 2012-12-15 16:57:29,077: +PUB [/camera/depth_registered/image_raw/theora/parameter_descriptions] /camera_nodelet_manager http://pc:46468/
[rosmaster.master][INFO] 2012-12-15 16:57:29,078: +PUB [/camera/depth_registered/image_raw/theora/parameter_updates] /camera_nodelet_manager http://pc:46468/
[rosmaster.master][INFO] 2012-12-15 16:57:29,082: +PARAM [/camera/depth_registered/image_raw/theora/optimize_for] by /camera_nodelet_manager
[rosmaster.master][INFO] 2012-12-15 16:57:29,083: +PARAM [/camera/depth_registered/image_raw/theora/target_bitrate] by /camera_nodelet_manager
[rosmaster.master][INFO] 2012-12-15 16:57:29,084: +PARAM [/camera/depth_registered/image_raw/theora/quality] by /camera_nodelet_manager
[rosmaster.master][INFO] 2012-12-15 16:57:29,085: +PARAM [/camera/depth_registered/image_raw/theora/keyframe_frequency] by /camera_nodelet_manager
[rosmaster.master][INFO] 2012-12-15 16:57:29,086: +PUB [/camera/depth_registered/camera_info] /camera_nodelet_manager http://pc:46468/
[rosmaster.master][INFO] 2012-12-15 16:57:29,123: +SUB [/camera/driver/parameter_updates] /set_dr http://pc:34991/
[rosmaster.master][INFO] 2012-12-15 16:57:29,128: +SUB [/camera/driver/parameter_descriptions] /set_dr http://pc:34991/
[rosmaster.master][INFO] 2012-12-15 16:57:29,284: +PUB [/camera/depth_registered/image_rect/compressed] /camera_nodelet_manager http://pc:46468/
[rosmaster.master][INFO] 2012-12-15 16:57:29,287: +SERVICE [/camera/depth_registered/image_rect/compressed/set_parameters] /camera_nodelet_manager http://pc:46468/
[rosmaster.master][INFO] 2012-12-15 16:57:29,289: +PUB [/camera/depth_registered/image_rect/compressed/parameter_descriptions] /camera_nodelet_manager http://pc:46468/
[rosmaster.master][INFO] 2012-12-15 16:57:29,291: +PUB [/camera/depth_registered/image_rect/compressed/parameter_updates] /camera_nodelet_manager http://pc:46468/
[rosmaster.master][INFO] 2012-12-15 16:57:29,300: +PARAM [/camera/depth_registered/image_rect/compressed/format] by /camera_nodelet_manager
[rosmaster.master][INFO] 2012-12-15 16:57:29,302: +PARAM [/camera/depth_registered/image_rect/compressed/jpeg_quality] by /camera_nodelet_manager
[rosmaster.master][INFO] 2012-12-15 16:57:29,304: +PARAM [/camera/depth_registered/image_rect/compressed/png_level] by /camera_nodelet_manager
[rosmaster.master][INFO] 2012-12-15 16:57:29,307: +PUB [/camera/depth_registered/image_rect] /camera_nodelet_manager http://pc:46468/
[rosmaster.master][INFO] 2012-12-15 16:57:29,310: +PUB [/camera/depth_registered/image_rect/theora] /camera_nodelet_manager http://pc:46468/
[rosmaster.master][INFO] 2012-12-15 16:57:29,312: +SERVICE [/camera/depth_registered/image_rect/theora/set_parameters] /camera_nodelet_manager http://pc:46468/
[rosmaster.master][INFO] 2012-12-15 16:57:29,315: +PUB [/camera/depth_registered/image_rect/theora/parameter_descriptions] /camera_nodelet_manager http://pc:46468/
[rosmaster.master][INFO] 2012-12-15 16:57:29,317: +PUB [/camera/depth_registered/image_rect/theora/parameter_updates] /camera_nodelet_manager http://pc:46468/
[rosmaster.master][INFO] 2012-12-15 16:57:29,326: +PARAM [/camera/depth_registered/image_rect/theora/optimize_for] by /camera_nodelet_manager
[rosmaster.master][INFO] 2012-12-15 16:57:29,329: +PARAM [/camera/depth_registered/image_rect/theora/target_bitrate] by /camera_nodelet_manager
[rosmaster.master][INFO] 2012-12-15 16:57:29,331: +PARAM [/camera/depth_registered/image_rect/theora/quality] by /camera_nodelet_manager
[rosmaster.master][INFO] 2012-12-15 16:57:29,333: +PARAM [/camera/depth_registered/image_rect/theora/keyframe_frequency] by /camera_nodelet_manager
[rosmaster.master][INFO] 2012-12-15 16:57:29,392: publisherUpdate[/camera/depth_registered/image_rect] -> http://pc:49540/
[rosmaster.master][INFO] 2012-12-15 16:57:29,407: +SUB [/camera/depth_registered/image_rect_raw] /camera_nodelet_manager http://pc:46468/
[rosmaster.master][INFO] 2012-12-15 16:57:29,410: +SUB [/camera/depth_registered/image_raw] /camera_nodelet_manager http://pc:46468/
[rosmaster.master][INFO] 2012-12-15 16:57:29,411: +SUB [/camera/depth_registered/camera_info] /camera_nodelet_manager http://pc:46468/
[rosmaster.master][INFO] 2012-12-15 16:57:29,619: +PUB [/camera/depth/disparity] /camera_nodelet_manager http://pc:46468/
[rosmaster.master][INFO] 2012-12-15 16:57:29,898: +SUB [/tf] /camera_nodelet_manager http://pc:46468/
[rosmaster.master][INFO] 2012-12-15 16:57:29,903: +SERVICE [/camera_nodelet_manager/tf_frames] /camera_nodelet_manager http://pc:46468/
[rosmaster.master][INFO] 2012-12-15 16:57:30,194: +PARAM [/camera/depth_registered/image_rect_raw/compressed/format] by /camera_nodelet_manager
[rosmaster.master][INFO] 2012-12-15 16:57:30,196: +PARAM [/camera/depth_registered/image_rect_raw/compressed/jpeg_quality] by /camera_nodelet_manager
[rosmaster.master][INFO] 2012-12-15 16:57:30,197: +PARAM [/camera/depth_registered/image_rect_raw/compressed/png_level] by /camera_nodelet_manager
[rosmaster.master][INFO] 2012-12-15 16:57:30,207: +PARAM [/camera/depth_registered/image_rect_raw/theora/optimize_for] by /camera_nodelet_manager
[rosmaster.master][INFO] 2012-12-15 16:57:30,209: +PARAM [/camera/depth_registered/image_rect_raw/theora/target_bitrate] by /camera_nodelet_manager
[rosmaster.master][INFO] 2012-12-15 16:57:30,211: +PARAM [/camera/depth_registered/image_rect_raw/theora/quality] by /camera_nodelet_manager
[rosmaster.master][INFO] 2012-12-15 16:57:30,214: +PARAM [/camera/depth_registered/image_rect_raw/theora/keyframe_frequency] by /camera_nodelet_manager
[rosmaster.master][INFO] 2012-12-15 16:57:30,221: +SUB [/camera/depth/image_rect_raw] /camera_nodelet_manager http://pc:46468/
[rosmaster.master][INFO] 2012-12-15 16:57:30,225: +SUB [/camera/depth/camera_info] /camera_nodelet_manager http://pc:46468/
[rosmaster.master][INFO] 2012-12-15 16:57:30,227: +SUB [/camera/depth/image_raw] /camera_nodelet_manager http://pc:46468/
[rosmaster.master][INFO] 2012-12-15 16:57:30,507: +PUB [/camera/depth_registered/disparity] /camera_nodelet_manager http://pc:46468/
[rosmaster.master][INFO] 2012-12-15 16:57:30,776: +SERVICE [/camera/rgb/debayer/set_parameters] /camera_nodelet_manager http://pc:46468/
[rosmaster.master][INFO] 2012-12-15 16:57:30,779: +PUB [/camera/rgb/debayer/parameter_descriptions] /camera_nodelet_manager http://pc:46468/
[rosmaster.master][INFO] 2012-12-15 16:57:30,781: +PUB [/camera/rgb/debayer/parameter_updates] /camera_nodelet_manager http://pc:46468/
[rosmaster.master][INFO] 2012-12-15 16:57:30,785: +PARAM [/camera/rgb/debayer/debayer] by /camera_nodelet_manager
[rosmaster.master][INFO] 2012-12-15 16:57:30,788: +PUB [/camera/rgb/image_mono/compressed] /camera_nodelet_manager http://pc:46468/
[rosmaster.master][INFO] 2012-12-15 16:57:30,790: +SERVICE [/camera/rgb/image_mono/compressed/set_parameters] /camera_nodelet_manager http://pc:46468/
[rosmaster.master][INFO] 2012-12-15 16:57:30,792: +PUB [/camera/rgb/image_mono/compressed/parameter_descriptions] /camera_nodelet_manager http://pc:46468/
[rosmaster.master][INFO] 2012-12-15 16:57:30,795: +PUB [/camera/rgb/image_mono/compressed/parameter_updates] /camera_nodelet_manager http://pc:46468/
[rosmaster.master][INFO] 2012-12-15 16:57:30,803: +PARAM [/camera/rgb/image_mono/compressed/format] by /camera_nodelet_manager
[rosmaster.master][INFO] 2012-12-15 16:57:30,806: +PARAM [/camera/rgb/image_mono/compressed/jpeg_quality] by /camera_nodelet_manager
[rosmaster.master][INFO] 2012-12-15 16:57:30,808: +PARAM [/camera/rgb/image_mono/compressed/png_level] by /camera_nodelet_manager
[rosmaster.master][INFO] 2012-12-15 16:57:30,811: +PUB [/camera/rgb/image_mono] /camera_nodelet_manager http://pc:46468/
[rosmaster.master][INFO] 2012-12-15 16:57:30,814: +PUB [/camera/rgb/image_mono/theora] /camera_nodelet_manager http://pc:46468/
[rosmaster.master][INFO] 2012-12-15 16:57:30,816: +SERVICE [/camera/rgb/image_mono/theora/set_parameters] /camera_nodelet_manager http://pc:46468/
[rosmaster.master][INFO] 2012-12-15 16:57:30,818: +PUB [/camera/rgb/image_mono/theora/parameter_descriptions] /camera_nodelet_manager http://pc:46468/
[rosmaster.master][INFO] 2012-12-15 16:57:30,821: +PUB [/camera/rgb/image_mono/theora/parameter_updates] /camera_nodelet_manager http://pc:46468/
[rosmaster.master][INFO] 2012-12-15 16:57:30,832: +PARAM [/camera/rgb/image_mono/theora/optimize_for] by /camera_nodelet_manager
[rosmaster.master][INFO] 2012-12-15 16:57:30,835: +PARAM [/camera/rgb/image_mono/theora/target_bitrate] by /camera_nodelet_manager
[rosmaster.master][INFO] 2012-12-15 16:57:30,837: +PARAM [/camera/rgb/image_mono/theora/quality] by /camera_nodelet_manager
[rosmaster.master][INFO] 2012-12-15 16:57:30,839: +PARAM [/camera/rgb/image_mono/theora/keyframe_frequency] by /camera_nodelet_manager
[rosmaster.master][INFO] 2012-12-15 16:57:30,842: +PUB [/camera/rgb/image_color/compressed] /camera_nodelet_manager http://pc:46468/
[rosmaster.master][INFO] 2012-12-15 16:57:30,845: +SERVICE [/camera/rgb/image_color/compressed/set_parameters] /camera_nodelet_manager http://pc:46468/
[rosmaster.master][INFO] 2012-12-15 16:57:30,847: +PUB [/camera/rgb/image_color/compressed/parameter_descriptions] /camera_nodelet_manager http://pc:46468/
[rosmaster.master][INFO] 2012-12-15 16:57:30,850: +PUB [/camera/rgb/image_color/compressed/parameter_updates] /camera_nodelet_manager http://pc:46468/
[rosmaster.master][INFO] 2012-12-15 16:57:30,858: +PARAM [/camera/rgb/image_color/compressed/format] by /camera_nodelet_manager
[rosmaster.master][INFO] 2012-12-15 16:57:30,860: +PARAM [/camera/rgb/image_color/compressed/jpeg_quality] by /camera_nodelet_manager
[rosmaster.master][INFO] 2012-12-15 16:57:30,863: +PARAM [/camera/rgb/image_color/compressed/png_level] by /camera_nodelet_manager
[rosmaster.master][INFO] 2012-12-15 16:57:30,866: +PUB [/camera/rgb/image_color] /camera_nodelet_manager http://pc:46468/
[rosmaster.master][INFO] 2012-12-15 16:57:30,868: +PUB [/camera/rgb/image_color/theora] /camera_nodelet_manager http://pc:46468/
[rosmaster.master][INFO] 2012-12-15 16:57:30,870: +SERVICE [/camera/rgb/image_color/theora/set_parameters] /camera_nodelet_manager http://pc:46468/
[rosmaster.master][INFO] 2012-12-15 16:57:30,873: +PUB [/camera/rgb/image_color/theora/parameter_descriptions] /camera_nodelet_manager http://pc:46468/
[rosmaster.master][INFO] 2012-12-15 16:57:30,875: +PUB [/camera/rgb/image_color/theora/parameter_updates] /camera_nodelet_manager http://pc:46468/
[rosmaster.master][INFO] 2012-12-15 16:57:30,885: +PARAM [/camera/rgb/image_color/theora/optimize_for] by /camera_nodelet_manager
[rosmaster.master][INFO] 2012-12-15 16:57:30,887: +PARAM [/camera/rgb/image_color/theora/target_bitrate] by /camera_nodelet_manager
[rosmaster.master][INFO] 2012-12-15 16:57:30,890: +PARAM [/camera/rgb/image_color/theora/quality] by /camera_nodelet_manager
[rosmaster.master][INFO] 2012-12-15 16:57:30,892: +PARAM [/camera/rgb/image_color/theora/keyframe_frequency] by /camera_nodelet_manager
[rosmaster.master][INFO] 2012-12-15 16:57:30,896: publisherUpdate[/camera/rgb/image_color] -> http://pc:46468/
[rosmaster.master][INFO] 2012-12-15 16:57:30,898: +SUB [/camera/rgb/image_raw] /camera_nodelet_manager http://pc:46468/
[rosmaster.master][INFO] 2012-12-15 16:57:32,246: +PARAM [/camera/driver/image_mode] by /camera_nodelet_manager
[rosmaster.master][INFO] 2012-12-15 16:57:32,248: +PARAM [/camera/driver/depth_mode] by /camera_nodelet_manager
[rosmaster.master][INFO] 2012-12-15 16:57:32,249: +PARAM [/camera/driver/depth_registration] by /camera_nodelet_manager
[rosmaster.master][INFO] 2012-12-15 16:57:32,252: +PARAM [/camera/driver/data_skip] by /camera_nodelet_manager
[rosmaster.master][INFO] 2012-12-15 16:57:32,254: +PARAM [/camera/driver/depth_time_offset] by /camera_nodelet_manager
[rosmaster.master][INFO] 2012-12-15 16:57:32,257: +PARAM [/camera/driver/image_time_offset] by /camera_nodelet_manager
[rosmaster.master][INFO] 2012-12-15 16:57:32,259: +PARAM [/camera/driver/depth_ir_offset_x] by /camera_nodelet_manager
[rosmaster.master][INFO] 2012-12-15 16:57:32,261: +PARAM [/camera/driver/depth_ir_offset_y] by /camera_nodelet_manager
[rosmaster.master][INFO] 2012-12-15 16:57:32,263: +PARAM [/camera/driver/z_offset_mm] by /camera_nodelet_manager
[rosmaster.master][INFO] 2012-12-15 16:57:32,269: -SUB [/camera/driver/parameter_updates] /set_dr http://pc:34991/
[rosmaster.master][INFO] 2012-12-15 16:57:32,269: -SUB [/camera/driver/parameter_descriptions] /set_dr http://pc:34991/
[rosmaster.master][INFO] 2012-12-15 16:57:32,270: -PUB [/rosout] /set_dr http://pc:34991/
[rosmaster.master][INFO] 2012-12-15 16:57:32,301: publisherUpdate[/rosout] -> http://pc:44788/
[rosmaster.master][INFO] 2012-12-15 16:57:34,472: -SUB [/camera/depth_registered/image_rect] /depth_detection http://pc:49540/
[rosmaster.master][INFO] 2012-12-15 16:57:34,473: -SUB [/camera/rgb/image_rect_color] /depth_detection http://pc:49540/
[rosmaster.master][INFO] 2012-12-15 16:57:34,473: -PUB [/rosout] /depth_detection http://pc:49540/
[rosmaster.master][INFO] 2012-12-15 16:57:34,480: -PUB [/camera/depth/disparity] /camera_nodelet_manager http://pc:46468/
[rosmaster.master][INFO] 2012-12-15 16:57:34,484: -SUB [/camera/rgb/image_color] /camera_nodelet_manager http://pc:46468/
[rosmaster.master][INFO] 2012-12-15 16:57:34,486: -PUB [/camera/depth_registered/points] /camera_nodelet_manager http://pc:46468/
[rosmaster.master][INFO] 2012-12-15 16:57:34,487: -SUB [/camera/depth_registered/image_rect_raw] /camera_nodelet_manager http://pc:46468/
[rosmaster.master][INFO] 2012-12-15 16:57:34,488: -PUB [/camera/depth_registered/disparity] /camera_nodelet_manager http://pc:46468/
[rosmaster.master][INFO] 2012-12-15 16:57:34,490: -SUB [/camera/rgb/image_raw] /camera_nodelet_manager http://pc:46468/
[rosmaster.master][INFO] 2012-12-15 16:57:34,491: -SUB [/camera/depth_registered/image_raw] /camera_nodelet_manager http://pc:46468/
[rosmaster.master][INFO] 2012-12-15 16:57:34,493: -SUB [/camera/depth_registered/camera_info] /camera_nodelet_manager http://pc:46468/
[rosmaster.master][INFO] 2012-12-15 16:57:34,494: -SUB [/camera/depth/image_rect_raw] /camera_nodelet_manager http://pc:46468/
[rosmaster.master][INFO] 2012-12-15 16:57:34,496: -SUB [/camera/rgb/camera_info] /camera_nodelet_manager http://pc:46468/
[rosmaster.master][INFO] 2012-12-15 16:57:34,497: -SUB [/camera/depth/image_raw] /camera_nodelet_manager http://pc:46468/
[rosmaster.master][INFO] 2012-12-15 16:57:34,498: -SUB [/camera/depth/camera_info] /camera_nodelet_manager http://pc:46468/
[rosmaster.master][INFO] 2012-12-15 16:57:34,506: publisherUpdate[/rosout] -> http://pc:44788/
[rosmaster.master][INFO] 2012-12-15 16:57:34,595: -PUB [/rosout] /camera/depth_registered/metric_rect http://pc:36956/
[rosmaster.master][INFO] 2012-12-15 16:57:34,597: -PUB [/rosout] /camera/points_xyzrgb_depth_rgb http://pc:56807/
[rosmaster.master][INFO] 2012-12-15 16:57:34,602: -PUB [/rosout] /camera/disparity_depth_registered http://pc:45906/
[rosmaster.master][INFO] 2012-12-15 16:57:34,605: -PUB [/rosout] /camera/depth_registered/metric http://pc:41672/
[rosmaster.master][INFO] 2012-12-15 16:57:34,607: -SERVICE [/camera/points_xyzrgb_depth_rgb/get_loggers] /camera/points_xyzrgb_depth_rgb rosrpc://pc:35204
[rosmaster.master][INFO] 2012-12-15 16:57:34,608: -SERVICE [/camera/depth_registered/metric_rect/get_loggers] /camera/depth_registered/metric_rect rosrpc://pc:58550
[rosmaster.master][INFO] 2012-12-15 16:57:34,609: publisherUpdate[/rosout] -> http://pc:44788/
[rosmaster.master][INFO] 2012-12-15 16:57:34,610: -PUB [/rosout] /camera/disparity_depth http://pc:60975/
[rosmaster.master][INFO] 2012-12-15 16:57:34,611: -SERVICE [/camera/disparity_depth_registered/get_loggers] /camera/disparity_depth_registered rosrpc://pc:52587
[rosmaster.master][INFO] 2012-12-15 16:57:34,612: publisherUpdate[/rosout] -> http://pc:44788/
[rosmaster.master][INFO] 2012-12-15 16:57:34,614: publisherUpdate[/rosout] -> http://pc:44788/
[rosmaster.master][INFO] 2012-12-15 16:57:34,615: -SERVICE [/camera/depth_registered/metric/get_loggers] /camera/depth_registered/metric rosrpc://pc:33882
[rosmaster.master][INFO] 2012-12-15 16:57:34,616: publisherUpdate[/rosout] -> http://pc:44788/
[rosmaster.master][INFO] 2012-12-15 16:57:34,618: -SERVICE [/camera/points_xyzrgb_depth_rgb/set_logger_level] /camera/points_xyzrgb_depth_rgb rosrpc://pc:35204
[rosmaster.master][INFO] 2012-12-15 16:57:34,619: -SERVICE [/camera/depth_registered/metric_rect/set_logger_level] /camera/depth_registered/metric_rect rosrpc://pc:58550
[rosmaster.master][INFO] 2012-12-15 16:57:34,620: -SERVICE [/camera/disparity_depth_registered/set_logger_level] /camera/disparity_depth_registered rosrpc://pc:52587
[rosmaster.master][INFO] 2012-12-15 16:57:34,620: publisherUpdate[/rosout] -> http://pc:44788/
[rosmaster.master][INFO] 2012-12-15 16:57:34,622: -SERVICE [/camera/disparity_depth/get_loggers] /camera/disparity_depth rosrpc://pc:54660
[rosmaster.master][INFO] 2012-12-15 16:57:34,624: -PUB [/rosout] /camera_base_link3 http://pc:53854/
[rosmaster.master][INFO] 2012-12-15 16:57:34,625: -SERVICE [/camera/depth_registered/metric/set_logger_level] /camera/depth_registered/metric rosrpc://pc:33882
[rosmaster.master][INFO] 2012-12-15 16:57:34,626: -PUB [/rosout] /camera_base_link1 http://pc:36158/
[rosmaster.master][INFO] 2012-12-15 16:57:34,627: -PUB [/rosout] /camera_base_link2 http://pc:44292/
[rosmaster.master][INFO] 2012-12-15 16:57:34,629: -SERVICE [/camera/disparity_depth/set_logger_level] /camera/disparity_depth rosrpc://pc:54660
[rosmaster.master][INFO] 2012-12-15 16:57:34,630: -PUB [/tf] /camera_base_link3 http://pc:53854/
[rosmaster.master][INFO] 2012-12-15 16:57:34,632: -PUB [/tf] /camera_base_link2 http://pc:44292/
[rosmaster.master][INFO] 2012-12-15 16:57:34,634: -PUB [/tf] /camera_base_link1 http://pc:36158/
[rosmaster.master][INFO] 2012-12-15 16:57:34,635: -SERVICE [/camera_base_link3/get_loggers] /camera_base_link3 rosrpc://pc:53840
[rosmaster.master][INFO] 2012-12-15 16:57:34,637: -SERVICE [/camera_base_link2/get_loggers] /camera_base_link2 rosrpc://pc:53356
[rosmaster.master][INFO] 2012-12-15 16:57:34,638: -SERVICE [/camera_base_link1/get_loggers] /camera_base_link1 rosrpc://pc:59544
[rosmaster.master][INFO] 2012-12-15 16:57:34,640: -SERVICE [/camera_base_link3/set_logger_level] /camera_base_link3 rosrpc://pc:53840
[rosmaster.master][INFO] 2012-12-15 16:57:34,641: -SERVICE [/camera_base_link2/set_logger_level] /camera_base_link2 rosrpc://pc:53356
[rosmaster.master][INFO] 2012-12-15 16:57:34,643: -SERVICE [/camera_base_link1/set_logger_level] /camera_base_link1 rosrpc://pc:59544
[rosmaster.master][INFO] 2012-12-15 16:57:34,710: publisherUpdate[/rosout] -> http://pc:44788/
[rosmaster.master][INFO] 2012-12-15 16:57:34,712: publisherUpdate[/rosout] -> http://pc:44788/
[rosmaster.master][INFO] 2012-12-15 16:57:34,712: publisherUpdate[/tf] -> http://pc:46468/
[rosmaster.master][INFO] 2012-12-15 16:57:34,713: publisherUpdate[/tf] -> http://pc:46468/
[rosmaster.master][INFO] 2012-12-15 16:57:34,713: publisherUpdate[/rosout] -> http://pc:44788/
[rosmaster.master][INFO] 2012-12-15 16:57:34,714: publisherUpdate[/tf] -> http://pc:46468/
[rosmaster.master][INFO] 2012-12-15 16:57:34,719: -PUB [/rosout] /camera_base_link http://pc:46104/
[rosmaster.master][INFO] 2012-12-15 16:57:34,720: -PUB [/tf] /camera_base_link http://pc:46104/
[rosmaster.master][INFO] 2012-12-15 16:57:34,721: -SERVICE [/camera_base_link/get_loggers] /camera_base_link rosrpc://pc:49599
[rosmaster.master][INFO] 2012-12-15 16:57:34,722: -SERVICE [/camera_base_link/set_logger_level] /camera_base_link rosrpc://pc:49599
[rosmaster.master][INFO] 2012-12-15 16:57:34,723: publisherUpdate[/rosout] -> http://pc:44788/
[rosmaster.master][INFO] 2012-12-15 16:57:34,724: publisherUpdate[/tf] -> http://pc:46468/
[rosmaster.master][INFO] 2012-12-15 16:57:34,765: -PUB [/camera/depth_registered/rectify_depth/parameter_descriptions] /camera_nodelet_manager http://pc:46468/
[rosmaster.master][INFO] 2012-12-15 16:57:34,767: -PUB [/camera/depth_registered/rectify_depth/parameter_updates] /camera_nodelet_manager http://pc:46468/
[rosmaster.master][INFO] 2012-12-15 16:57:34,769: -SERVICE [/camera/depth_registered/rectify_depth/set_parameters] /camera_nodelet_manager rosrpc://pc:39952
[rosmaster.master][INFO] 2012-12-15 16:57:34,778: -SUB [/tf] /camera_nodelet_manager http://pc:46468/
[rosmaster.master][INFO] 2012-12-15 16:57:34,779: -SERVICE [/camera_nodelet_manager/tf_frames] /camera_nodelet_manager rosrpc://pc:39952
[rosmaster.master][INFO] 2012-12-15 16:57:34,781: -PUB [/camera/depth/points] /camera_nodelet_manager http://pc:46468/
[rosmaster.master][INFO] 2012-12-15 16:57:34,804: -PUB [/rosout] /camera/register_depth_rgb http://pc:53275/
[rosmaster.master][INFO] 2012-12-15 16:57:34,807: -SERVICE [/camera/register_depth_rgb/get_loggers] /camera/register_depth_rgb rosrpc://pc:41057
[rosmaster.master][INFO] 2012-12-15 16:57:34,809: -SERVICE [/camera/register_depth_rgb/set_logger_level] /camera/register_depth_rgb rosrpc://pc:41057
[rosmaster.master][INFO] 2012-12-15 16:57:34,815: publisherUpdate[/rosout] -> http://pc:44788/
[rosmaster.master][INFO] 2012-12-15 16:57:34,877: -PUB [/camera/depth/rectify_depth/parameter_descriptions] /camera_nodelet_manager http://pc:46468/
[rosmaster.master][INFO] 2012-12-15 16:57:34,881: -PUB [/camera/depth/rectify_depth/parameter_updates] /camera_nodelet_manager http://pc:46468/
[rosmaster.master][INFO] 2012-12-15 16:57:34,885: -SERVICE [/camera/depth/rectify_depth/set_parameters] /camera_nodelet_manager rosrpc://pc:39952
[rosmaster.master][INFO] 2012-12-15 16:57:34,891: -PUB [/camera/ir/rectify_ir/parameter_descriptions] /camera_nodelet_manager http://pc:46468/
[rosmaster.master][INFO] 2012-12-15 16:57:34,894: -PUB [/rosout] /camera/depth_registered/rectify_depth http://pc:43776/
[rosmaster.master][INFO] 2012-12-15 16:57:34,896: -PUB [/rosout] /camera/depth/metric http://pc:43597/
[rosmaster.master][INFO] 2012-12-15 16:57:34,897: -PUB [/rosout] /camera/depth/points http://pc:56295/
[rosmaster.master][INFO] 2012-12-15 16:57:34,899: -PUB [/rosout] /camera/depth/metric_rect http://pc:36031/
[rosmaster.master][INFO] 2012-12-15 16:57:34,900: -PUB [/camera/ir/rectify_ir/parameter_updates] /camera_nodelet_manager http://pc:46468/
[rosmaster.master][INFO] 2012-12-15 16:57:34,900: -SERVICE [/camera/depth_registered/rectify_depth/get_loggers] /camera/depth_registered/rectify_depth rosrpc://pc:50394
[rosmaster.master][INFO] 2012-12-15 16:57:34,902: -SERVICE [/camera/depth/metric/get_loggers] /camera/depth/metric rosrpc://pc:36823
[rosmaster.master][INFO] 2012-12-15 16:57:34,903: -SERVICE [/camera/depth/points/get_loggers] /camera/depth/points rosrpc://pc:40803
[rosmaster.master][INFO] 2012-12-15 16:57:34,903: -SERVICE [/camera/ir/rectify_ir/set_parameters] /camera_nodelet_manager rosrpc://pc:39952
[rosmaster.master][INFO] 2012-12-15 16:57:34,904: -SERVICE [/camera/depth/metric_rect/get_loggers] /camera/depth/metric_rect rosrpc://pc:53343
[rosmaster.master][INFO] 2012-12-15 16:57:34,905: -SERVICE [/camera/depth_registered/rectify_depth/set_logger_level] /camera/depth_registered/rectify_depth rosrpc://pc:50394
[rosmaster.master][INFO] 2012-12-15 16:57:34,906: -SERVICE [/camera/depth/metric/set_logger_level] /camera/depth/metric rosrpc://pc:36823
[rosmaster.master][INFO] 2012-12-15 16:57:34,908: -SERVICE [/camera/depth/points/set_logger_level] /camera/depth/points rosrpc://pc:40803
[rosmaster.master][INFO] 2012-12-15 16:57:34,908: -PUB [/camera/rgb/rectify_color/parameter_descriptions] /camera_nodelet_manager http://pc:46468/
[rosmaster.master][INFO] 2012-12-15 16:57:34,910: -SERVICE [/camera/depth/metric_rect/set_logger_level] /camera/depth/metric_rect rosrpc://pc:53343
[rosmaster.master][INFO] 2012-12-15 16:57:34,911: -PUB [/camera/rgb/rectify_color/parameter_updates] /camera_nodelet_manager http://pc:46468/
[rosmaster.master][INFO] 2012-12-15 16:57:34,913: -SERVICE [/camera/rgb/rectify_color/set_parameters] /camera_nodelet_manager rosrpc://pc:39952
[rosmaster.master][INFO] 2012-12-15 16:57:34,915: -PUB [/camera/rgb/debayer/parameter_descriptions] /camera_nodelet_manager http://pc:46468/
[rosmaster.master][INFO] 2012-12-15 16:57:34,916: publisherUpdate[/rosout] -> http://pc:44788/
[rosmaster.master][INFO] 2012-12-15 16:57:34,917: publisherUpdate[/rosout] -> http://pc:44788/
[rosmaster.master][INFO] 2012-12-15 16:57:34,920: -PUB [/camera/rgb/debayer/parameter_updates] /camera_nodelet_manager http://pc:46468/
[rosmaster.master][INFO] 2012-12-15 16:57:34,921: publisherUpdate[/rosout] -> http://pc:44788/
[rosmaster.master][INFO] 2012-12-15 16:57:34,923: publisherUpdate[/rosout] -> http://pc:44788/
[rosmaster.master][INFO] 2012-12-15 16:57:34,926: -SERVICE [/camera/rgb/debayer/set_parameters] /camera_nodelet_manager rosrpc://pc:39952
[rosmaster.master][INFO] 2012-12-15 16:57:34,929: -PUB [/camera/rgb/rectify_mono/parameter_descriptions] /camera_nodelet_manager http://pc:46468/
[rosmaster.master][INFO] 2012-12-15 16:57:34,931: -PUB [/camera/rgb/rectify_mono/parameter_updates] /camera_nodelet_manager http://pc:46468/
[rosmaster.master][INFO] 2012-12-15 16:57:34,934: -SERVICE [/camera/rgb/rectify_mono/set_parameters] /camera_nodelet_manager rosrpc://pc:39952
[rosmaster.master][INFO] 2012-12-15 16:57:34,983: -PUB [/rosout] /camera/rgb/debayer http://pc:53489/
[rosmaster.master][INFO] 2012-12-15 16:57:34,987: -SERVICE [/camera/rgb/debayer/get_loggers] /camera/rgb/debayer rosrpc://pc:51795
[rosmaster.master][INFO] 2012-12-15 16:57:34,990: -SERVICE [/camera/rgb/debayer/set_logger_level] /camera/rgb/debayer rosrpc://pc:51795
[rosmaster.master][INFO] 2012-12-15 16:57:34,996: -PUB [/rosout] /camera/rgb/rectify_color http://pc:53100/
[rosmaster.master][INFO] 2012-12-15 16:57:34,998: -PUB [/rosout] /camera/depth/rectify_depth http://pc:34961/
[rosmaster.master][INFO] 2012-12-15 16:57:35,001: -PUB [/rosout] /camera/ir/rectify_ir http://pc:50959/
[rosmaster.master][INFO] 2012-12-15 16:57:35,008: -SERVICE [/camera/rgb/rectify_color/get_loggers] /camera/rgb/rectify_color rosrpc://pc:40089
[rosmaster.master][INFO] 2012-12-15 16:57:35,011: -SERVICE [/camera/depth/rectify_depth/get_loggers] /camera/depth/rectify_depth rosrpc://pc:41055
[rosmaster.master][INFO] 2012-12-15 16:57:35,014: -SERVICE [/camera/ir/rectify_ir/get_loggers] /camera/ir/rectify_ir rosrpc://pc:48805
[rosmaster.master][INFO] 2012-12-15 16:57:35,017: -SERVICE [/camera/rgb/rectify_color/set_logger_level] /camera/rgb/rectify_color rosrpc://pc:40089
[rosmaster.master][INFO] 2012-12-15 16:57:35,018: -SERVICE [/camera/depth/rectify_depth/set_logger_level] /camera/depth/rectify_depth rosrpc://pc:41055
[rosmaster.master][INFO] 2012-12-15 16:57:35,018: publisherUpdate[/rosout] -> http://pc:44788/
[rosmaster.master][INFO] 2012-12-15 16:57:35,020: publisherUpdate[/rosout] -> http://pc:44788/
[rosmaster.master][INFO] 2012-12-15 16:57:35,020: -SERVICE [/camera/ir/rectify_ir/set_logger_level] /camera/ir/rectify_ir rosrpc://pc:48805
[rosmaster.master][INFO] 2012-12-15 16:57:35,021: publisherUpdate[/rosout] -> http://pc:44788/
[rosmaster.master][INFO] 2012-12-15 16:57:35,023: publisherUpdate[/rosout] -> http://pc:44788/
[rosmaster.master][INFO] 2012-12-15 16:57:35,075: -SERVICE [/camera/ir/set_camera_info] /camera_nodelet_manager rosrpc://pc:39952
[rosmaster.master][INFO] 2012-12-15 16:57:35,077: -SERVICE [/camera/rgb/set_camera_info] /camera_nodelet_manager rosrpc://pc:39952
[rosmaster.master][INFO] 2012-12-15 16:57:35,078: -PUB [/camera/driver/parameter_descriptions] /camera_nodelet_manager http://pc:46468/
[rosmaster.master][INFO] 2012-12-15 16:57:35,079: -PUB [/camera/driver/parameter_updates] /camera_nodelet_manager http://pc:46468/
[rosmaster.master][INFO] 2012-12-15 16:57:35,080: -SERVICE [/camera/driver/set_parameters] /camera_nodelet_manager rosrpc://pc:39952
[rosmaster.master][INFO] 2012-12-15 16:57:35,082: -PUB [/rosout] /camera/driver http://pc:57249/
[rosmaster.master][INFO] 2012-12-15 16:57:35,084: -SERVICE [/camera/driver/get_loggers] /camera/driver rosrpc://pc:34486
[rosmaster.master][INFO] 2012-12-15 16:57:35,085: -SERVICE [/camera/driver/set_logger_level] /camera/driver rosrpc://pc:34486
[rosmaster.master][INFO] 2012-12-15 16:57:35,086: -PUB [/rosout] /camera/rgb/rectify_mono http://pc:60572/
[rosmaster.master][INFO] 2012-12-15 16:57:35,087: -SERVICE [/camera/rgb/rectify_mono/get_loggers] /camera/rgb/rectify_mono rosrpc://pc:52203
[rosmaster.master][INFO] 2012-12-15 16:57:35,088: -SERVICE [/camera/rgb/rectify_mono/set_logger_level] /camera/rgb/rectify_mono rosrpc://pc:52203
[rosmaster.master][INFO] 2012-12-15 16:57:35,124: publisherUpdate[/rosout] -> http://pc:44788/
[rosmaster.master][INFO] 2012-12-15 16:57:35,125: publisherUpdate[/rosout] -> http://pc:44788/
[rosmaster.master][INFO] 2012-12-15 16:57:35,226: -PUB [/rosout] /camera_nodelet_manager http://pc:46468/
[rosmaster.master][INFO] 2012-12-15 16:57:35,227: publisherUpdate[/rosout] -> http://pc:44788/
[rosmaster.master][INFO] 2012-12-15 16:57:35,229: -PUB [/camera/ir/image_rect/compressed] /camera_nodelet_manager http://pc:46468/
[rosmaster.master][INFO] 2012-12-15 16:57:35,230: -PUB [/camera/ir/image_rect/compressed/parameter_descriptions] /camera_nodelet_manager http://pc:46468/
[rosmaster.master][INFO] 2012-12-15 16:57:35,231: -PUB [/camera/ir/image_rect/compressed/parameter_updates] /camera_nodelet_manager http://pc:46468/
[rosmaster.master][INFO] 2012-12-15 16:57:35,232: -PUB [/camera/ir/image_rect] /camera_nodelet_manager http://pc:46468/
[rosmaster.master][INFO] 2012-12-15 16:57:35,233: -PUB [/camera/ir/image_rect/theora] /camera_nodelet_manager http://pc:46468/
[rosmaster.master][INFO] 2012-12-15 16:57:35,234: -PUB [/camera/ir/image_rect/theora/parameter_descriptions] /camera_nodelet_manager http://pc:46468/
[rosmaster.master][INFO] 2012-12-15 16:57:35,235: -PUB [/camera/ir/image_rect/theora/parameter_updates] /camera_nodelet_manager http://pc:46468/
[rosmaster.master][INFO] 2012-12-15 16:57:35,236: -PUB [/camera/rgb/image_rect/compressed] /camera_nodelet_manager http://pc:46468/
[rosmaster.master][INFO] 2012-12-15 16:57:35,236: -PUB [/camera/rgb/image_rect/compressed/parameter_descriptions] /camera_nodelet_manager http://pc:46468/
[rosmaster.master][INFO] 2012-12-15 16:57:35,237: -PUB [/camera/rgb/image_rect/compressed/parameter_updates] /camera_nodelet_manager http://pc:46468/
[rosmaster.master][INFO] 2012-12-15 16:57:35,238: -PUB [/camera/rgb/image_rect] /camera_nodelet_manager http://pc:46468/
[rosmaster.master][INFO] 2012-12-15 16:57:35,239: -PUB [/camera/rgb/image_rect/theora] /camera_nodelet_manager http://pc:46468/
[rosmaster.master][INFO] 2012-12-15 16:57:35,240: -PUB [/camera/rgb/image_rect/theora/parameter_descriptions] /camera_nodelet_manager http://pc:46468/
[rosmaster.master][INFO] 2012-12-15 16:57:35,241: -PUB [/camera/rgb/image_rect/theora/parameter_updates] /camera_nodelet_manager http://pc:46468/
[rosmaster.master][INFO] 2012-12-15 16:57:35,242: -PUB [/camera/depth_registered/image/compressed] /camera_nodelet_manager http://pc:46468/
[rosmaster.master][INFO] 2012-12-15 16:57:35,243: -PUB [/camera/depth_registered/image/compressed/parameter_descriptions] /camera_nodelet_manager http://pc:46468/
[rosmaster.master][INFO] 2012-12-15 16:57:35,244: -PUB [/camera/depth_registered/image/compressed/parameter_updates] /camera_nodelet_manager http://pc:46468/
[rosmaster.master][INFO] 2012-12-15 16:57:35,245: -PUB [/camera/depth_registered/image] /camera_nodelet_manager http://pc:46468/
[rosmaster.master][INFO] 2012-12-15 16:57:35,247: -PUB [/camera/depth_registered/image/theora] /camera_nodelet_manager http://pc:46468/
[rosmaster.master][INFO] 2012-12-15 16:57:35,248: -PUB [/camera/depth_registered/image/theora/parameter_descriptions] /camera_nodelet_manager http://pc:46468/
[rosmaster.master][INFO] 2012-12-15 16:57:35,249: -PUB [/camera/depth_registered/image/theora/parameter_updates] /camera_nodelet_manager http://pc:46468/
[rosmaster.master][INFO] 2012-12-15 16:57:35,249: -PUB [/camera/depth/image_rect_raw/compressed] /camera_nodelet_manager http://pc:46468/
[rosmaster.master][INFO] 2012-12-15 16:57:35,250: -PUB [/camera/depth/image_rect_raw/compressed/parameter_descriptions] /camera_nodelet_manager http://pc:46468/
[rosmaster.master][INFO] 2012-12-15 16:57:35,251: -PUB [/camera/depth/image_rect_raw/compressed/parameter_updates] /camera_nodelet_manager http://pc:46468/
[rosmaster.master][INFO] 2012-12-15 16:57:35,252: -PUB [/camera/depth/image_rect_raw] /camera_nodelet_manager http://pc:46468/
[rosmaster.master][INFO] 2012-12-15 16:57:35,253: -PUB [/camera/depth/image_rect_raw/theora] /camera_nodelet_manager http://pc:46468/
[rosmaster.master][INFO] 2012-12-15 16:57:35,254: -PUB [/camera/depth/image_rect_raw/theora/parameter_descriptions] /camera_nodelet_manager http://pc:46468/
[rosmaster.master][INFO] 2012-12-15 16:57:35,254: -PUB [/camera/depth/image_rect_raw/theora/parameter_updates] /camera_nodelet_manager http://pc:46468/
[rosmaster.master][INFO] 2012-12-15 16:57:35,255: -PUB [/camera/depth_registered/image_rect_raw/compressed] /camera_nodelet_manager http://pc:46468/
[rosmaster.master][INFO] 2012-12-15 16:57:35,256: -PUB [/camera/depth_registered/image_rect_raw/compressed/parameter_descriptions] /camera_nodelet_manager http://pc:46468/
[rosmaster.master][INFO] 2012-12-15 16:57:35,257: -PUB [/camera/depth_registered/image_rect_raw/compressed/parameter_updates] /camera_nodelet_manager http://pc:46468/
[rosmaster.master][INFO] 2012-12-15 16:57:35,257: -PUB [/camera/depth_registered/image_rect_raw] /camera_nodelet_manager http://pc:46468/
[rosmaster.master][INFO] 2012-12-15 16:57:35,259: -PUB [/camera/depth_registered/image_rect_raw/theora] /camera_nodelet_manager http://pc:46468/
[rosmaster.master][INFO] 2012-12-15 16:57:35,260: -PUB [/camera/depth_registered/image_rect_raw/theora/parameter_descriptions] /camera_nodelet_manager http://pc:46468/
[rosmaster.master][INFO] 2012-12-15 16:57:35,261: -PUB [/camera/depth_registered/image_rect_raw/theora/parameter_updates] /camera_nodelet_manager http://pc:46468/
[rosmaster.master][INFO] 2012-12-15 16:57:35,263: -PUB [/camera/depth/image/compressed] /camera_nodelet_manager http://pc:46468/
[rosmaster.master][INFO] 2012-12-15 16:57:35,263: -PUB [/camera/depth/image/compressed/parameter_descriptions] /camera_nodelet_manager http://pc:46468/
[rosmaster.master][INFO] 2012-12-15 16:57:35,264: -PUB [/camera/depth/image/compressed/parameter_updates] /camera_nodelet_manager http://pc:46468/
[rosmaster.master][INFO] 2012-12-15 16:57:35,265: -PUB [/camera/depth/image] /camera_nodelet_manager http://pc:46468/
[rosmaster.master][INFO] 2012-12-15 16:57:35,266: -PUB [/camera/depth/image/theora] /camera_nodelet_manager http://pc:46468/
[rosmaster.master][INFO] 2012-12-15 16:57:35,268: -PUB [/camera/depth/image/theora/parameter_descriptions] /camera_nodelet_manager http://pc:46468/
[rosmaster.master][INFO] 2012-12-15 16:57:35,269: -PUB [/camera/depth/image/theora/parameter_updates] /camera_nodelet_manager http://pc:46468/
[rosmaster.master][INFO] 2012-12-15 16:57:35,270: -PUB [/camera/depth/image_rect/compressed] /camera_nodelet_manager http://pc:46468/
[rosmaster.master][INFO] 2012-12-15 16:57:35,271: -PUB [/camera/depth/image_rect/compressed/parameter_descriptions] /camera_nodelet_manager http://pc:46468/
[rosmaster.master][INFO] 2012-12-15 16:57:35,272: -PUB [/camera/depth/image_rect/compressed/parameter_updates] /camera_nodelet_manager http://pc:46468/
[rosmaster.master][INFO] 2012-12-15 16:57:35,272: -PUB [/camera/depth/image_rect] /camera_nodelet_manager http://pc:46468/
[rosmaster.master][INFO] 2012-12-15 16:57:35,273: -PUB [/camera/depth/image_rect/theora] /camera_nodelet_manager http://pc:46468/
[rosmaster.master][INFO] 2012-12-15 16:57:35,274: -PUB [/camera/depth/image_rect/theora/parameter_descriptions] /camera_nodelet_manager http://pc:46468/
[rosmaster.master][INFO] 2012-12-15 16:57:35,275: -PUB [/camera/depth/image_rect/theora/parameter_updates] /camera_nodelet_manager http://pc:46468/
[rosmaster.master][INFO] 2012-12-15 16:57:35,277: -PUB [/camera/rgb/image_rect_color/compressed] /camera_nodelet_manager http://pc:46468/
[rosmaster.master][INFO] 2012-12-15 16:57:35,278: -PUB [/camera/rgb/image_rect_color/compressed/parameter_descriptions] /camera_nodelet_manager http://pc:46468/
[rosmaster.master][INFO] 2012-12-15 16:57:35,279: -PUB [/camera/rgb/image_rect_color/compressed/parameter_updates] /camera_nodelet_manager http://pc:46468/
[rosmaster.master][INFO] 2012-12-15 16:57:35,280: -PUB [/camera/rgb/image_raw/compressed] /camera_nodelet_manager http://pc:46468/
[rosmaster.master][INFO] 2012-12-15 16:57:35,281: -PUB [/camera/rgb/image_raw/compressed/parameter_descriptions] /camera_nodelet_manager http://pc:46468/
[rosmaster.master][INFO] 2012-12-15 16:57:35,282: -PUB [/camera/rgb/image_raw/compressed/parameter_updates] /camera_nodelet_manager http://pc:46468/
[rosmaster.master][INFO] 2012-12-15 16:57:35,283: -PUB [/camera/rgb/image_rect_color] /camera_nodelet_manager http://pc:46468/
[rosmaster.master][INFO] 2012-12-15 16:57:35,284: -PUB [/camera/rgb/image_rect_color/theora] /camera_nodelet_manager http://pc:46468/
[rosmaster.master][INFO] 2012-12-15 16:57:35,285: -PUB [/camera/rgb/image_rect_color/theora/parameter_descriptions] /camera_nodelet_manager http://pc:46468/
[rosmaster.master][INFO] 2012-12-15 16:57:35,285: -PUB [/camera/rgb/image_rect_color/theora/parameter_updates] /camera_nodelet_manager http://pc:46468/
[rosmaster.master][INFO] 2012-12-15 16:57:35,286: -PUB [/camera/rgb/image_raw] /camera_nodelet_manager http://pc:46468/
[rosmaster.master][INFO] 2012-12-15 16:57:35,287: -PUB [/camera/rgb/image_raw/theora] /camera_nodelet_manager http://pc:46468/
[rosmaster.master][INFO] 2012-12-15 16:57:35,288: -PUB [/camera/rgb/image_raw/theora/parameter_descriptions] /camera_nodelet_manager http://pc:46468/
[rosmaster.master][INFO] 2012-12-15 16:57:35,289: -PUB [/camera/rgb/image_raw/theora/parameter_updates] /camera_nodelet_manager http://pc:46468/
[rosmaster.master][INFO] 2012-12-15 16:57:35,291: -PUB [/camera/rgb/camera_info] /camera_nodelet_manager http://pc:46468/
[rosmaster.master][INFO] 2012-12-15 16:57:35,292: -PUB [/camera/ir/image_raw/compressed] /camera_nodelet_manager http://pc:46468/
[rosmaster.master][INFO] 2012-12-15 16:57:35,294: -PUB [/camera/ir/image_raw/compressed/parameter_descriptions] /camera_nodelet_manager http://pc:46468/
[rosmaster.master][INFO] 2012-12-15 16:57:35,295: -PUB [/camera/ir/image_raw/compressed/parameter_updates] /camera_nodelet_manager http://pc:46468/
[rosmaster.master][INFO] 2012-12-15 16:57:35,296: -PUB [/camera/ir/image_raw] /camera_nodelet_manager http://pc:46468/
[rosmaster.master][INFO] 2012-12-15 16:57:35,297: -PUB [/camera/ir/image_raw/theora] /camera_nodelet_manager http://pc:46468/
[rosmaster.master][INFO] 2012-12-15 16:57:35,297: -PUB [/camera/ir/image_raw/theora/parameter_descriptions] /camera_nodelet_manager http://pc:46468/
[rosmaster.master][INFO] 2012-12-15 16:57:35,298: -PUB [/camera/ir/image_raw/theora/parameter_updates] /camera_nodelet_manager http://pc:46468/
[rosmaster.master][INFO] 2012-12-15 16:57:35,299: -PUB [/camera/ir/camera_info] /camera_nodelet_manager http://pc:46468/
[rosmaster.master][INFO] 2012-12-15 16:57:35,300: -PUB [/camera/depth/image_raw/compressed] /camera_nodelet_manager http://pc:46468/
[rosmaster.master][INFO] 2012-12-15 16:57:35,301: -PUB [/camera/depth/image_raw/compressed/parameter_descriptions] /camera_nodelet_manager http://pc:46468/
[rosmaster.master][INFO] 2012-12-15 16:57:35,301: -PUB [/camera/depth/image_raw/compressed/parameter_updates] /camera_nodelet_manager http://pc:46468/
[rosmaster.master][INFO] 2012-12-15 16:57:35,302: -PUB [/camera/depth/image_raw] /camera_nodelet_manager http://pc:46468/
[rosmaster.master][INFO] 2012-12-15 16:57:35,303: -PUB [/camera/depth/image_raw/theora] /camera_nodelet_manager http://pc:46468/
[rosmaster.master][INFO] 2012-12-15 16:57:35,304: -PUB [/camera/depth/image_raw/theora/parameter_descriptions] /camera_nodelet_manager http://pc:46468/
[rosmaster.master][INFO] 2012-12-15 16:57:35,305: -PUB [/camera/depth/image_raw/theora/parameter_updates] /camera_nodelet_manager http://pc:46468/
[rosmaster.master][INFO] 2012-12-15 16:57:35,306: -PUB [/camera/depth/camera_info] /camera_nodelet_manager http://pc:46468/
[rosmaster.master][INFO] 2012-12-15 16:57:35,307: -PUB [/camera/projector/camera_info] /camera_nodelet_manager http://pc:46468/
[rosmaster.master][INFO] 2012-12-15 16:57:35,308: -PUB [/camera/depth_registered/image_raw/compressed] /camera_nodelet_manager http://pc:46468/
[rosmaster.master][INFO] 2012-12-15 16:57:35,310: -PUB [/camera/depth_registered/image_raw/compressed/parameter_descriptions] /camera_nodelet_manager http://pc:46468/
[rosmaster.master][INFO] 2012-12-15 16:57:35,311: -PUB [/camera/depth_registered/image_raw/compressed/parameter_updates] /camera_nodelet_manager http://pc:46468/
[rosmaster.master][INFO] 2012-12-15 16:57:35,312: -PUB [/camera/depth_registered/image_raw] /camera_nodelet_manager http://pc:46468/
[rosmaster.master][INFO] 2012-12-15 16:57:35,312: -PUB [/camera/depth_registered/image_raw/theora] /camera_nodelet_manager http://pc:46468/
[rosmaster.master][INFO] 2012-12-15 16:57:35,313: -PUB [/camera/depth_registered/image_raw/theora/parameter_descriptions] /camera_nodelet_manager http://pc:46468/
[rosmaster.master][INFO] 2012-12-15 16:57:35,314: -PUB [/camera/depth_registered/image_raw/theora/parameter_updates] /camera_nodelet_manager http://pc:46468/
[rosmaster.master][INFO] 2012-12-15 16:57:35,315: -PUB [/camera/depth_registered/camera_info] /camera_nodelet_manager http://pc:46468/
[rosmaster.master][INFO] 2012-12-15 16:57:35,316: -PUB [/camera/depth_registered/image_rect/compressed] /camera_nodelet_manager http://pc:46468/
[rosmaster.master][INFO] 2012-12-15 16:57:35,316: -PUB [/camera/depth_registered/image_rect/compressed/parameter_descriptions] /camera_nodelet_manager http://pc:46468/
[rosmaster.master][INFO] 2012-12-15 16:57:35,317: -PUB [/camera/depth_registered/image_rect/compressed/parameter_updates] /camera_nodelet_manager http://pc:46468/
[rosmaster.master][INFO] 2012-12-15 16:57:35,318: -PUB [/camera/depth_registered/image_rect] /camera_nodelet_manager http://pc:46468/
[rosmaster.master][INFO] 2012-12-15 16:57:35,319: -PUB [/camera/depth_registered/image_rect/theora] /camera_nodelet_manager http://pc:46468/
[rosmaster.master][INFO] 2012-12-15 16:57:35,320: -PUB [/camera/depth_registered/image_rect/theora/parameter_descriptions] /camera_nodelet_manager http://pc:46468/
[rosmaster.master][INFO] 2012-12-15 16:57:35,321: -PUB [/camera/depth_registered/image_rect/theora/parameter_updates] /camera_nodelet_manager http://pc:46468/
[rosmaster.master][INFO] 2012-12-15 16:57:35,322: -PUB [/camera/rgb/image_mono/compressed] /camera_nodelet_manager http://pc:46468/
[rosmaster.master][INFO] 2012-12-15 16:57:35,323: -PUB [/camera/rgb/image_mono/compressed/parameter_descriptions] /camera_nodelet_manager http://pc:46468/
[rosmaster.master][INFO] 2012-12-15 16:57:35,324: -PUB [/camera/rgb/image_mono/compressed/parameter_updates] /camera_nodelet_manager http://pc:46468/
[rosmaster.master][INFO] 2012-12-15 16:57:35,326: -PUB [/camera/rgb/image_mono] /camera_nodelet_manager http://pc:46468/
[rosmaster.master][INFO] 2012-12-15 16:57:35,326: -PUB [/camera/rgb/image_mono/theora] /camera_nodelet_manager http://pc:46468/
[rosmaster.master][INFO] 2012-12-15 16:57:35,327: -PUB [/camera/rgb/image_mono/theora/parameter_descriptions] /camera_nodelet_manager http://pc:46468/
[rosmaster.master][INFO] 2012-12-15 16:57:35,328: -PUB [/camera/rgb/image_mono/theora/parameter_updates] /camera_nodelet_manager http://pc:46468/
[rosmaster.master][INFO] 2012-12-15 16:57:35,329: -PUB [/camera/rgb/image_color/compressed] /camera_nodelet_manager http://pc:46468/
[rosmaster.master][INFO] 2012-12-15 16:57:35,330: -PUB [/camera/rgb/image_color/compressed/parameter_descriptions] /camera_nodelet_manager http://pc:46468/
[rosmaster.master][INFO] 2012-12-15 16:57:35,331: -PUB [/camera/rgb/image_color/compressed/parameter_updates] /camera_nodelet_manager http://pc:46468/
[rosmaster.master][INFO] 2012-12-15 16:57:35,331: -PUB [/camera/rgb/image_color] /camera_nodelet_manager http://pc:46468/
[rosmaster.master][INFO] 2012-12-15 16:57:35,333: -PUB [/camera/rgb/image_color/theora] /camera_nodelet_manager http://pc:46468/
[rosmaster.master][INFO] 2012-12-15 16:57:35,334: -PUB [/camera/rgb/image_color/theora/parameter_descriptions] /camera_nodelet_manager http://pc:46468/
[rosmaster.master][INFO] 2012-12-15 16:57:35,334: -PUB [/camera/rgb/image_color/theora/parameter_updates] /camera_nodelet_manager http://pc:46468/
[rosmaster.master][INFO] 2012-12-15 16:57:35,335: -SERVICE [/camera_nodelet_manager/get_loggers] /camera_nodelet_manager rosrpc://pc:39952
[rosmaster.master][INFO] 2012-12-15 16:57:35,336: -SERVICE [/camera_nodelet_manager/set_logger_level] /camera_nodelet_manager rosrpc://pc:39952
[rosmaster.master][INFO] 2012-12-15 16:57:35,337: -SERVICE [/camera_nodelet_manager/load_nodelet] /camera_nodelet_manager rosrpc://pc:39952
[rosmaster.master][INFO] 2012-12-15 16:57:35,339: -SERVICE [/camera_nodelet_manager/unload_nodelet] /camera_nodelet_manager rosrpc://pc:39952
[rosmaster.master][INFO] 2012-12-15 16:57:35,340: -SERVICE [/camera_nodelet_manager/list] /camera_nodelet_manager rosrpc://pc:39952
[rosmaster.master][INFO] 2012-12-15 16:57:35,342: -SERVICE [/camera/ir/image_rect/compressed/set_parameters] /camera_nodelet_manager rosrpc://pc:39952
[rosmaster.master][INFO] 2012-12-15 16:57:35,343: -SERVICE [/camera/ir/image_rect/theora/set_parameters] /camera_nodelet_manager rosrpc://pc:39952
[rosmaster.master][INFO] 2012-12-15 16:57:35,344: -SERVICE [/camera/rgb/image_rect/compressed/set_parameters] /camera_nodelet_manager rosrpc://pc:39952
[rosmaster.master][INFO] 2012-12-15 16:57:35,345: -SERVICE [/camera/rgb/image_rect/theora/set_parameters] /camera_nodelet_manager rosrpc://pc:39952
[rosmaster.master][INFO] 2012-12-15 16:57:35,346: -SERVICE [/camera/depth_registered/image/compressed/set_parameters] /camera_nodelet_manager rosrpc://pc:39952
[rosmaster.master][INFO] 2012-12-15 16:57:35,347: -SERVICE [/camera/depth_registered/image/theora/set_parameters] /camera_nodelet_manager rosrpc://pc:39952
[rosmaster.master][INFO] 2012-12-15 16:57:35,347: -SERVICE [/camera/depth/image_rect_raw/compressed/set_parameters] /camera_nodelet_manager rosrpc://pc:39952
[rosmaster.master][INFO] 2012-12-15 16:57:35,348: -SERVICE [/camera/depth/image_rect_raw/theora/set_parameters] /camera_nodelet_manager rosrpc://pc:39952
[rosmaster.master][INFO] 2012-12-15 16:57:35,349: -SERVICE [/camera/depth_registered/image_rect_raw/compressed/set_parameters] /camera_nodelet_manager rosrpc://pc:39952
[rosmaster.master][INFO] 2012-12-15 16:57:35,350: -SERVICE [/camera/depth_registered/image_rect_raw/theora/set_parameters] /camera_nodelet_manager rosrpc://pc:39952
[rosmaster.master][INFO] 2012-12-15 16:57:35,351: -SERVICE [/camera/depth/image/compressed/set_parameters] /camera_nodelet_manager rosrpc://pc:39952
[rosmaster.master][INFO] 2012-12-15 16:57:35,352: -SERVICE [/camera/depth/image/theora/set_parameters] /camera_nodelet_manager rosrpc://pc:39952
[rosmaster.master][INFO] 2012-12-15 16:57:35,353: -SERVICE [/camera/depth/image_rect/compressed/set_parameters] /camera_nodelet_manager rosrpc://pc:39952
[rosmaster.master][INFO] 2012-12-15 16:57:35,354: -SERVICE [/camera/depth/image_rect/theora/set_parameters] /camera_nodelet_manager rosrpc://pc:39952
[rosmaster.master][INFO] 2012-12-15 16:57:35,355: -SERVICE [/camera/rgb/image_rect_color/compressed/set_parameters] /camera_nodelet_manager rosrpc://pc:39952
[rosmaster.master][INFO] 2012-12-15 16:57:35,356: -SERVICE [/camera/rgb/image_raw/compressed/set_parameters] /camera_nodelet_manager rosrpc://pc:39952
[rosmaster.master][INFO] 2012-12-15 16:57:35,358: -SERVICE [/camera/rgb/image_rect_color/theora/set_parameters] /camera_nodelet_manager rosrpc://pc:39952
[rosmaster.master][INFO] 2012-12-15 16:57:35,359: -SERVICE [/camera/rgb/image_raw/theora/set_parameters] /camera_nodelet_manager rosrpc://pc:39952
[rosmaster.master][INFO] 2012-12-15 16:57:35,360: -SERVICE [/camera/ir/image_raw/compressed/set_parameters] /camera_nodelet_manager rosrpc://pc:39952
[rosmaster.master][INFO] 2012-12-15 16:57:35,360: -SERVICE [/camera/ir/image_raw/theora/set_parameters] /camera_nodelet_manager rosrpc://pc:39952
[rosmaster.master][INFO] 2012-12-15 16:57:35,361: -SERVICE [/camera/depth/image_raw/compressed/set_parameters] /camera_nodelet_manager rosrpc://pc:39952
[rosmaster.master][INFO] 2012-12-15 16:57:35,362: -SERVICE [/camera/depth/image_raw/theora/set_parameters] /camera_nodelet_manager rosrpc://pc:39952
[rosmaster.master][INFO] 2012-12-15 16:57:35,363: -SERVICE [/camera/depth_registered/image_raw/compressed/set_parameters] /camera_nodelet_manager rosrpc://pc:39952
[rosmaster.master][INFO] 2012-12-15 16:57:35,364: -SERVICE [/camera/depth_registered/image_raw/theora/set_parameters] /camera_nodelet_manager rosrpc://pc:39952
[rosmaster.master][INFO] 2012-12-15 16:57:35,365: -SERVICE [/camera/depth_registered/image_rect/compressed/set_parameters] /camera_nodelet_manager rosrpc://pc:39952
[rosmaster.master][INFO] 2012-12-15 16:57:35,365: -SERVICE [/camera/depth_registered/image_rect/theora/set_parameters] /camera_nodelet_manager rosrpc://pc:39952
[rosmaster.master][INFO] 2012-12-15 16:57:35,366: -SERVICE [/camera/rgb/image_mono/compressed/set_parameters] /camera_nodelet_manager rosrpc://pc:39952
[rosmaster.master][INFO] 2012-12-15 16:57:35,367: -SERVICE [/camera/rgb/image_mono/theora/set_parameters] /camera_nodelet_manager rosrpc://pc:39952
[rosmaster.master][INFO] 2012-12-15 16:57:35,368: -SERVICE [/camera/rgb/image_color/compressed/set_parameters] /camera_nodelet_manager rosrpc://pc:39952
[rosmaster.master][INFO] 2012-12-15 16:57:35,369: -SERVICE [/camera/rgb/image_color/theora/set_parameters] /camera_nodelet_manager rosrpc://pc:39952
[rosmaster.master][INFO] 2012-12-15 16:57:35,629: -PUB [/rosout_agg] /rosout http://pc:44788/
[rosmaster.master][INFO] 2012-12-15 16:57:35,630: -SUB [/rosout] /rosout http://pc:44788/
[rosmaster.master][INFO] 2012-12-15 16:57:35,631: -SERVICE [/rosout/get_loggers] /rosout rosrpc://pc:60208
[rosmaster.master][INFO] 2012-12-15 16:57:35,632: -SERVICE [/rosout/set_logger_level] /rosout rosrpc://pc:60208
[rosmaster.main][INFO] 2012-12-15 16:57:35,668: keyboard interrupt, will exit
[rosmaster.main][INFO] 2012-12-15 16:57:35,669: stopping master...
