[rosmaster.main][INFO] 2012-12-15 17:59:27,207: initialization complete, waiting for shutdown
[rosmaster.main][INFO] 2012-12-15 17:59:27,207: Starting ROS Master Node
[xmlrpc][INFO] 2012-12-15 17:59:27,208: XML-RPC server binding to 0.0.0.0
[xmlrpc][INFO] 2012-12-15 17:59:27,209: Started XML-RPC server [http://pc:11311/]
[rosmaster.master][INFO] 2012-12-15 17:59:27,209: Master initialized: port[11311], uri[http://pc:11311/]
[xmlrpc][INFO] 2012-12-15 17:59:27,209: xml rpc node: starting XML-RPC server
[rosmaster.master][INFO] 2012-12-15 17:59:27,324: +PARAM [/run_id] by /roslaunch
[rosmaster.master][INFO] 2012-12-15 17:59:27,328: +PARAM [/roslaunch/uris/host_pc__60474] by /roslaunch
[rosmaster.master][INFO] 2012-12-15 17:59:27,356: +PARAM [/rosdistro] by /roslaunch
[rosmaster.master][INFO] 2012-12-15 17:59:27,356: +PARAM [/camera/driver/rgb_frame_id] by /roslaunch
[rosmaster.master][INFO] 2012-12-15 17:59:27,356: +PARAM [/camera/disparity_depth_registered/min_range] by /roslaunch
[rosmaster.master][INFO] 2012-12-15 17:59:27,356: +PARAM [/camera/driver/rgb_camera_info_url] by /roslaunch
[rosmaster.master][INFO] 2012-12-15 17:59:27,356: +PARAM [/camera/depth_registered/rectify_depth/interpolation] by /roslaunch
[rosmaster.master][INFO] 2012-12-15 17:59:27,357: +PARAM [/camera/driver/depth_frame_id] by /roslaunch
[rosmaster.master][INFO] 2012-12-15 17:59:27,357: +PARAM [/camera/depth/rectify_depth/interpolation] by /roslaunch
[rosmaster.master][INFO] 2012-12-15 17:59:27,357: +PARAM [/camera/disparity_depth/max_range] by /roslaunch
[rosmaster.master][INFO] 2012-12-15 17:59:27,357: +PARAM [/rosversion] by /roslaunch
[rosmaster.master][INFO] 2012-12-15 17:59:27,357: +PARAM [/camera/driver/device_id] by /roslaunch
[rosmaster.master][INFO] 2012-12-15 17:59:27,357: +PARAM [/camera/driver/depth_camera_info_url] by /roslaunch
[rosmaster.master][INFO] 2012-12-15 17:59:27,357: +PARAM [/camera/disparity_depth/min_range] by /roslaunch
[rosmaster.master][INFO] 2012-12-15 17:59:27,357: +PARAM [/camera/disparity_depth_registered/max_range] by /roslaunch
[rosmaster.master][INFO] 2012-12-15 17:59:27,362: +SERVICE [/rosout/get_loggers] /rosout http://pc:49817/
[rosmaster.master][INFO] 2012-12-15 17:59:27,364: +SERVICE [/rosout/set_logger_level] /rosout http://pc:49817/
[rosmaster.master][INFO] 2012-12-15 17:59:27,367: +PUB [/rosout_agg] /rosout http://pc:49817/
[rosmaster.master][INFO] 2012-12-15 17:59:27,368: +SUB [/rosout] /rosout http://pc:49817/
[rosmaster.master][INFO] 2012-12-15 17:59:27,398: +PUB [/rosout] /camera/driver http://pc:59321/
[rosmaster.master][INFO] 2012-12-15 17:59:27,399: +SERVICE [/camera/driver/get_loggers] /camera/driver http://pc:59321/
[rosmaster.master][INFO] 2012-12-15 17:59:27,401: +SERVICE [/camera/driver/set_logger_level] /camera/driver http://pc:59321/
[rosmaster.master][INFO] 2012-12-15 17:59:27,408: publisherUpdate[/rosout] -> http://pc:49817/
[rosmaster.master][INFO] 2012-12-15 17:59:27,410: +PARAM [/camera/driver] by /camera/driver
[rosmaster.master][INFO] 2012-12-15 17:59:27,420: +PUB [/rosout] /camera/rgb/debayer http://pc:55281/
[rosmaster.master][INFO] 2012-12-15 17:59:27,426: +SERVICE [/camera/rgb/debayer/get_loggers] /camera/rgb/debayer http://pc:55281/
[rosmaster.master][INFO] 2012-12-15 17:59:27,428: +PUB [/rosout] /camera/rgb/rectify_mono http://pc:58813/
[rosmaster.master][INFO] 2012-12-15 17:59:27,430: +SERVICE [/camera/rgb/rectify_mono/get_loggers] /camera/rgb/rectify_mono http://pc:58813/
[rosmaster.master][INFO] 2012-12-15 17:59:27,433: +SERVICE [/camera/rgb/debayer/set_logger_level] /camera/rgb/debayer http://pc:55281/
[rosmaster.master][INFO] 2012-12-15 17:59:27,434: +SERVICE [/camera/rgb/rectify_mono/set_logger_level] /camera/rgb/rectify_mono http://pc:58813/
[rosmaster.master][INFO] 2012-12-15 17:59:27,436: +PUB [/rosout] /camera/rgb/rectify_color http://pc:48896/
[rosmaster.master][INFO] 2012-12-15 17:59:27,442: +SERVICE [/camera/rgb/rectify_color/get_loggers] /camera/rgb/rectify_color http://pc:48896/
[rosmaster.master][INFO] 2012-12-15 17:59:27,455: +SERVICE [/camera/rgb/rectify_color/set_logger_level] /camera/rgb/rectify_color http://pc:48896/
[rosmaster.master][INFO] 2012-12-15 17:59:27,469: +PUB [/rosout] /camera/ir/rectify_ir http://pc:53823/
[rosmaster.master][INFO] 2012-12-15 17:59:27,474: +PUB [/rosout] /camera/depth/rectify_depth http://pc:32875/
[rosmaster.master][INFO] 2012-12-15 17:59:27,478: +SERVICE [/camera/ir/rectify_ir/get_loggers] /camera/ir/rectify_ir http://pc:53823/
[rosmaster.master][INFO] 2012-12-15 17:59:27,480: +PUB [/rosout] /camera/depth/metric_rect http://pc:54913/
[rosmaster.master][INFO] 2012-12-15 17:59:27,481: +PUB [/rosout] /camera/depth/metric http://pc:59249/
[rosmaster.master][INFO] 2012-12-15 17:59:27,483: +SERVICE [/camera/depth/rectify_depth/get_loggers] /camera/depth/rectify_depth http://pc:32875/
[rosmaster.master][INFO] 2012-12-15 17:59:27,486: +SERVICE [/camera/ir/rectify_ir/set_logger_level] /camera/ir/rectify_ir http://pc:53823/
[rosmaster.master][INFO] 2012-12-15 17:59:27,491: +SERVICE [/camera/depth/metric_rect/get_loggers] /camera/depth/metric_rect http://pc:54913/
[rosmaster.master][INFO] 2012-12-15 17:59:27,495: +SERVICE [/camera/depth/metric/get_loggers] /camera/depth/metric http://pc:59249/
[rosmaster.master][INFO] 2012-12-15 17:59:27,501: +SERVICE [/camera/depth/rectify_depth/set_logger_level] /camera/depth/rectify_depth http://pc:32875/
[rosmaster.master][INFO] 2012-12-15 17:59:27,509: publisherUpdate[/rosout] -> http://pc:49817/
[rosmaster.master][INFO] 2012-12-15 17:59:27,513: publisherUpdate[/rosout] -> http://pc:49817/
[rosmaster.master][INFO] 2012-12-15 17:59:27,514: publisherUpdate[/rosout] -> http://pc:49817/
[rosmaster.master][INFO] 2012-12-15 17:59:27,515: publisherUpdate[/rosout] -> http://pc:49817/
[rosmaster.master][INFO] 2012-12-15 17:59:27,517: publisherUpdate[/rosout] -> http://pc:49817/
[rosmaster.master][INFO] 2012-12-15 17:59:27,518: publisherUpdate[/rosout] -> http://pc:49817/
[rosmaster.master][INFO] 2012-12-15 17:59:27,519: publisherUpdate[/rosout] -> http://pc:49817/
[rosmaster.master][INFO] 2012-12-15 17:59:27,523: +SERVICE [/camera/depth/metric_rect/set_logger_level] /camera/depth/metric_rect http://pc:54913/
[rosmaster.master][INFO] 2012-12-15 17:59:27,525: +SERVICE [/camera/depth/metric/set_logger_level] /camera/depth/metric http://pc:59249/
[rosmaster.master][INFO] 2012-12-15 17:59:27,535: +PUB [/rosout] /camera/register_depth_rgb http://pc:50721/
[rosmaster.master][INFO] 2012-12-15 17:59:27,551: +SERVICE [/camera/register_depth_rgb/get_loggers] /camera/register_depth_rgb http://pc:50721/
[rosmaster.master][INFO] 2012-12-15 17:59:27,555: +PARAM [/camera/depth/rectify_depth] by /camera/depth/rectify_depth
[rosmaster.master][INFO] 2012-12-15 17:59:27,557: +PUB [/rosout] /camera/depth_registered/metric_rect http://pc:36651/
[rosmaster.master][INFO] 2012-12-15 17:59:27,562: +SERVICE [/camera/register_depth_rgb/set_logger_level] /camera/register_depth_rgb http://pc:50721/
[rosmaster.master][INFO] 2012-12-15 17:59:27,583: +SERVICE [/camera/depth_registered/metric_rect/get_loggers] /camera/depth_registered/metric_rect http://pc:36651/
[rosmaster.master][INFO] 2012-12-15 17:59:27,590: +PUB [/rosout] /camera/points_xyzrgb_depth_rgb http://pc:59560/
[rosmaster.master][INFO] 2012-12-15 17:59:27,612: publisherUpdate[/rosout] -> http://pc:49817/
[rosmaster.master][INFO] 2012-12-15 17:59:27,616: publisherUpdate[/rosout] -> http://pc:49817/
[rosmaster.master][INFO] 2012-12-15 17:59:27,617: publisherUpdate[/rosout] -> http://pc:49817/
[rosmaster.master][INFO] 2012-12-15 17:59:27,621: +PUB [/rosout] /camera/depth_registered/metric http://pc:60301/
[rosmaster.master][INFO] 2012-12-15 17:59:27,627: +PUB [/rosout] /camera/disparity_depth http://pc:45464/
[rosmaster.master][INFO] 2012-12-15 17:59:27,629: +SERVICE [/camera/points_xyzrgb_depth_rgb/get_loggers] /camera/points_xyzrgb_depth_rgb http://pc:59560/
[rosmaster.master][INFO] 2012-12-15 17:59:27,632: publisherUpdate[/rosout] -> http://pc:49817/
[rosmaster.master][INFO] 2012-12-15 17:59:27,633: +PUB [/rosout] /camera/disparity_depth_registered http://pc:55352/
[rosmaster.master][INFO] 2012-12-15 17:59:27,634: +SERVICE [/camera/depth_registered/metric/get_loggers] /camera/depth_registered/metric http://pc:60301/
[rosmaster.master][INFO] 2012-12-15 17:59:27,635: publisherUpdate[/rosout] -> http://pc:49817/
[rosmaster.master][INFO] 2012-12-15 17:59:27,637: +SERVICE [/camera/disparity_depth/get_loggers] /camera/disparity_depth http://pc:45464/
[rosmaster.master][INFO] 2012-12-15 17:59:27,638: publisherUpdate[/rosout] -> http://pc:49817/
[rosmaster.master][INFO] 2012-12-15 17:59:27,640: +SERVICE [/camera/points_xyzrgb_depth_rgb/set_logger_level] /camera/points_xyzrgb_depth_rgb http://pc:59560/
[rosmaster.master][INFO] 2012-12-15 17:59:27,649: +PUB [/rosout] /camera_base_link1 http://pc:41587/
[rosmaster.master][INFO] 2012-12-15 17:59:27,651: +SERVICE [/camera/depth_registered/metric/set_logger_level] /camera/depth_registered/metric http://pc:60301/
[rosmaster.master][INFO] 2012-12-15 17:59:27,659: +SERVICE [/camera/disparity_depth_registered/get_loggers] /camera/disparity_depth_registered http://pc:55352/
[rosmaster.master][INFO] 2012-12-15 17:59:27,665: +SERVICE [/camera/disparity_depth/set_logger_level] /camera/disparity_depth http://pc:45464/
[rosmaster.master][INFO] 2012-12-15 17:59:27,675: +SERVICE [/camera_base_link1/get_loggers] /camera_base_link1 http://pc:41587/
[rosmaster.master][INFO] 2012-12-15 17:59:27,681: +PUB [/rosout] /camera_base_link3 http://pc:50245/
[rosmaster.master][INFO] 2012-12-15 17:59:27,682: +SERVICE [/camera_base_link1/set_logger_level] /camera_base_link1 http://pc:41587/
[rosmaster.master][INFO] 2012-12-15 17:59:27,687: +SERVICE [/camera/disparity_depth_registered/set_logger_level] /camera/disparity_depth_registered http://pc:55352/
[rosmaster.master][INFO] 2012-12-15 17:59:27,695: +SERVICE [/camera_base_link3/get_loggers] /camera_base_link3 http://pc:50245/
[rosmaster.master][INFO] 2012-12-15 17:59:27,703: +PARAM [/camera/disparity_depth] by /camera/disparity_depth
[rosmaster.master][INFO] 2012-12-15 17:59:27,708: +SERVICE [/camera_base_link3/set_logger_level] /camera_base_link3 http://pc:50245/
[rosmaster.master][INFO] 2012-12-15 17:59:27,709: +PUB [/tf] /camera_base_link1 http://pc:41587/
[rosmaster.master][INFO] 2012-12-15 17:59:27,723: +PARAM [/camera/disparity_depth_registered] by /camera/disparity_depth_registered
[rosmaster.master][INFO] 2012-12-15 17:59:27,725: +PUB [/tf] /camera_base_link3 http://pc:50245/
[rosmaster.master][INFO] 2012-12-15 17:59:27,726: publisherUpdate[/rosout] -> http://pc:49817/
[rosmaster.master][INFO] 2012-12-15 17:59:27,730: publisherUpdate[/rosout] -> http://pc:49817/
[rosmaster.master][INFO] 2012-12-15 17:59:27,793: +PUB [/rosout] /camera_nodelet_manager http://pc:37882/
[rosmaster.master][INFO] 2012-12-15 17:59:27,796: +SERVICE [/camera_nodelet_manager/get_loggers] /camera_nodelet_manager http://pc:37882/
[rosmaster.master][INFO] 2012-12-15 17:59:27,803: +SERVICE [/camera_nodelet_manager/set_logger_level] /camera_nodelet_manager http://pc:37882/
[rosmaster.master][INFO] 2012-12-15 17:59:27,813: +SERVICE [/camera_nodelet_manager/load_nodelet] /camera_nodelet_manager http://pc:37882/
[rosmaster.master][INFO] 2012-12-15 17:59:27,816: +SERVICE [/camera_nodelet_manager/unload_nodelet] /camera_nodelet_manager http://pc:37882/
[rosmaster.master][INFO] 2012-12-15 17:59:27,833: publisherUpdate[/rosout] -> http://pc:49817/
[rosmaster.master][INFO] 2012-12-15 17:59:27,836: +SERVICE [/camera_nodelet_manager/list] /camera_nodelet_manager http://pc:37882/
[rosmaster.master][INFO] 2012-12-15 17:59:28,001: +PUB [/rosout] /set_dr http://pc:46027/
[rosmaster.master][INFO] 2012-12-15 17:59:28,036: publisherUpdate[/rosout] -> http://pc:49817/
[rosmaster.master][INFO] 2012-12-15 17:59:28,201: +PUB [/camera/depth/disparity] /camera_nodelet_manager http://pc:37882/
[rosmaster.master][INFO] 2012-12-15 17:59:28,445: +SERVICE [/camera/ir/rectify_ir/set_parameters] /camera_nodelet_manager http://pc:37882/
[rosmaster.master][INFO] 2012-12-15 17:59:28,446: +PUB [/camera/ir/rectify_ir/parameter_descriptions] /camera_nodelet_manager http://pc:37882/
[rosmaster.master][INFO] 2012-12-15 17:59:28,447: +PUB [/camera/ir/rectify_ir/parameter_updates] /camera_nodelet_manager http://pc:37882/
[rosmaster.master][INFO] 2012-12-15 17:59:28,449: +PARAM [/camera/ir/rectify_ir/interpolation] by /camera_nodelet_manager
[rosmaster.master][INFO] 2012-12-15 17:59:28,454: +PUB [/camera/ir/image_rect/compressed] /camera_nodelet_manager http://pc:37882/
[rosmaster.master][INFO] 2012-12-15 17:59:28,456: +SERVICE [/camera/ir/image_rect/compressed/set_parameters] /camera_nodelet_manager http://pc:37882/
[rosmaster.master][INFO] 2012-12-15 17:59:28,457: +PUB [/camera/ir/image_rect/compressed/parameter_descriptions] /camera_nodelet_manager http://pc:37882/
[rosmaster.master][INFO] 2012-12-15 17:59:28,458: +PUB [/camera/ir/image_rect/compressed/parameter_updates] /camera_nodelet_manager http://pc:37882/
[rosmaster.master][INFO] 2012-12-15 17:59:28,466: +PARAM [/camera/ir/image_rect/compressed/format] by /camera_nodelet_manager
[rosmaster.master][INFO] 2012-12-15 17:59:28,469: +PARAM [/camera/ir/image_rect/compressed/jpeg_quality] by /camera_nodelet_manager
[rosmaster.master][INFO] 2012-12-15 17:59:28,472: +PARAM [/camera/ir/image_rect/compressed/png_level] by /camera_nodelet_manager
[rosmaster.master][INFO] 2012-12-15 17:59:28,475: +PUB [/camera/ir/image_rect] /camera_nodelet_manager http://pc:37882/
[rosmaster.master][INFO] 2012-12-15 17:59:28,483: +PUB [/camera/ir/image_rect/theora] /camera_nodelet_manager http://pc:37882/
[rosmaster.master][INFO] 2012-12-15 17:59:28,485: +SERVICE [/camera/ir/image_rect/theora/set_parameters] /camera_nodelet_manager http://pc:37882/
[rosmaster.master][INFO] 2012-12-15 17:59:28,488: +PUB [/camera/ir/image_rect/theora/parameter_descriptions] /camera_nodelet_manager http://pc:37882/
[rosmaster.master][INFO] 2012-12-15 17:59:28,490: +PUB [/camera/ir/image_rect/theora/parameter_updates] /camera_nodelet_manager http://pc:37882/
[rosmaster.master][INFO] 2012-12-15 17:59:28,500: +PARAM [/camera/ir/image_rect/theora/optimize_for] by /camera_nodelet_manager
[rosmaster.master][INFO] 2012-12-15 17:59:28,503: +PARAM [/camera/ir/image_rect/theora/target_bitrate] by /camera_nodelet_manager
[rosmaster.master][INFO] 2012-12-15 17:59:28,505: +PARAM [/camera/ir/image_rect/theora/quality] by /camera_nodelet_manager
[rosmaster.master][INFO] 2012-12-15 17:59:28,509: +PARAM [/camera/ir/image_rect/theora/keyframe_frequency] by /camera_nodelet_manager
[rosmaster.master][INFO] 2012-12-15 17:59:28,591: +PUB [/rosout] /depth_detection http://pc:48709/
[rosmaster.master][INFO] 2012-12-15 17:59:28,638: publisherUpdate[/rosout] -> http://pc:49817/
[rosmaster.master][INFO] 2012-12-15 17:59:28,647: +SUB [/camera/depth_registered/image_rect] /depth_detection http://pc:48709/
[rosmaster.master][INFO] 2012-12-15 17:59:28,650: +SUB [/camera/rgb/image_rect_color] /depth_detection http://pc:48709/
[rosmaster.master][INFO] 2012-12-15 17:59:28,832: +SERVICE [/camera/rgb/debayer/set_parameters] /camera_nodelet_manager http://pc:37882/
[rosmaster.master][INFO] 2012-12-15 17:59:28,833: +PUB [/camera/rgb/debayer/parameter_descriptions] /camera_nodelet_manager http://pc:37882/
[rosmaster.master][INFO] 2012-12-15 17:59:28,834: +PUB [/camera/rgb/debayer/parameter_updates] /camera_nodelet_manager http://pc:37882/
[rosmaster.master][INFO] 2012-12-15 17:59:28,836: +PARAM [/camera/rgb/debayer/debayer] by /camera_nodelet_manager
[rosmaster.master][INFO] 2012-12-15 17:59:28,837: +PUB [/camera/rgb/image_mono/compressed] /camera_nodelet_manager http://pc:37882/
[rosmaster.master][INFO] 2012-12-15 17:59:28,838: +SERVICE [/camera/rgb/image_mono/compressed/set_parameters] /camera_nodelet_manager http://pc:37882/
[rosmaster.master][INFO] 2012-12-15 17:59:28,840: +PUB [/camera/rgb/image_mono/compressed/parameter_descriptions] /camera_nodelet_manager http://pc:37882/
[rosmaster.master][INFO] 2012-12-15 17:59:28,841: +PUB [/camera/rgb/image_mono/compressed/parameter_updates] /camera_nodelet_manager http://pc:37882/
[rosmaster.master][INFO] 2012-12-15 17:59:28,844: +PARAM [/camera/rgb/image_mono/compressed/format] by /camera_nodelet_manager
[rosmaster.master][INFO] 2012-12-15 17:59:28,845: +PARAM [/camera/rgb/image_mono/compressed/jpeg_quality] by /camera_nodelet_manager
[rosmaster.master][INFO] 2012-12-15 17:59:28,846: +PARAM [/camera/rgb/image_mono/compressed/png_level] by /camera_nodelet_manager
[rosmaster.master][INFO] 2012-12-15 17:59:28,847: +PUB [/camera/rgb/image_mono] /camera_nodelet_manager http://pc:37882/
[rosmaster.master][INFO] 2012-12-15 17:59:28,848: +PUB [/camera/rgb/image_mono/theora] /camera_nodelet_manager http://pc:37882/
[rosmaster.master][INFO] 2012-12-15 17:59:28,849: +SERVICE [/camera/rgb/image_mono/theora/set_parameters] /camera_nodelet_manager http://pc:37882/
[rosmaster.master][INFO] 2012-12-15 17:59:28,850: +PUB [/camera/rgb/image_mono/theora/parameter_descriptions] /camera_nodelet_manager http://pc:37882/
[rosmaster.master][INFO] 2012-12-15 17:59:28,851: +PUB [/camera/rgb/image_mono/theora/parameter_updates] /camera_nodelet_manager http://pc:37882/
[rosmaster.master][INFO] 2012-12-15 17:59:28,855: +PARAM [/camera/rgb/image_mono/theora/optimize_for] by /camera_nodelet_manager
[rosmaster.master][INFO] 2012-12-15 17:59:28,856: +PARAM [/camera/rgb/image_mono/theora/target_bitrate] by /camera_nodelet_manager
[rosmaster.master][INFO] 2012-12-15 17:59:28,857: +PARAM [/camera/rgb/image_mono/theora/quality] by /camera_nodelet_manager
[rosmaster.master][INFO] 2012-12-15 17:59:28,858: +PARAM [/camera/rgb/image_mono/theora/keyframe_frequency] by /camera_nodelet_manager
[rosmaster.master][INFO] 2012-12-15 17:59:28,859: +PUB [/camera/rgb/image_color/compressed] /camera_nodelet_manager http://pc:37882/
[rosmaster.master][INFO] 2012-12-15 17:59:28,860: +SERVICE [/camera/rgb/image_color/compressed/set_parameters] /camera_nodelet_manager http://pc:37882/
[rosmaster.master][INFO] 2012-12-15 17:59:28,861: +PUB [/camera/rgb/image_color/compressed/parameter_descriptions] /camera_nodelet_manager http://pc:37882/
[rosmaster.master][INFO] 2012-12-15 17:59:28,862: +PUB [/camera/rgb/image_color/compressed/parameter_updates] /camera_nodelet_manager http://pc:37882/
[rosmaster.master][INFO] 2012-12-15 17:59:28,867: +PARAM [/camera/rgb/image_color/compressed/format] by /camera_nodelet_manager
[rosmaster.master][INFO] 2012-12-15 17:59:28,869: +PARAM [/camera/rgb/image_color/compressed/jpeg_quality] by /camera_nodelet_manager
[rosmaster.master][INFO] 2012-12-15 17:59:28,869: +PARAM [/camera/rgb/image_color/compressed/png_level] by /camera_nodelet_manager
[rosmaster.master][INFO] 2012-12-15 17:59:28,871: +PUB [/camera/rgb/image_color] /camera_nodelet_manager http://pc:37882/
[rosmaster.master][INFO] 2012-12-15 17:59:28,872: +PUB [/camera/rgb/image_color/theora] /camera_nodelet_manager http://pc:37882/
[rosmaster.master][INFO] 2012-12-15 17:59:28,872: +SERVICE [/camera/rgb/image_color/theora/set_parameters] /camera_nodelet_manager http://pc:37882/
[rosmaster.master][INFO] 2012-12-15 17:59:28,873: +PUB [/camera/rgb/image_color/theora/parameter_descriptions] /camera_nodelet_manager http://pc:37882/
[rosmaster.master][INFO] 2012-12-15 17:59:28,874: +PUB [/camera/rgb/image_color/theora/parameter_updates] /camera_nodelet_manager http://pc:37882/
[rosmaster.master][INFO] 2012-12-15 17:59:28,879: +PARAM [/camera/rgb/image_color/theora/optimize_for] by /camera_nodelet_manager
[rosmaster.master][INFO] 2012-12-15 17:59:28,880: +PARAM [/camera/rgb/image_color/theora/target_bitrate] by /camera_nodelet_manager
[rosmaster.master][INFO] 2012-12-15 17:59:28,881: +PARAM [/camera/rgb/image_color/theora/quality] by /camera_nodelet_manager
[rosmaster.master][INFO] 2012-12-15 17:59:28,882: +PARAM [/camera/rgb/image_color/theora/keyframe_frequency] by /camera_nodelet_manager
[rosmaster.master][INFO] 2012-12-15 17:59:29,146: +SERVICE [/camera/rgb/rectify_mono/set_parameters] /camera_nodelet_manager http://pc:37882/
[rosmaster.master][INFO] 2012-12-15 17:59:29,148: +PUB [/camera/rgb/rectify_mono/parameter_descriptions] /camera_nodelet_manager http://pc:37882/
[rosmaster.master][INFO] 2012-12-15 17:59:29,150: +PUB [/camera/rgb/rectify_mono/parameter_updates] /camera_nodelet_manager http://pc:37882/
[rosmaster.master][INFO] 2012-12-15 17:59:29,153: +PARAM [/camera/rgb/rectify_mono/interpolation] by /camera_nodelet_manager
[rosmaster.master][INFO] 2012-12-15 17:59:29,154: +PUB [/camera/rgb/image_rect/compressed] /camera_nodelet_manager http://pc:37882/
[rosmaster.master][INFO] 2012-12-15 17:59:29,156: +SERVICE [/camera/rgb/image_rect/compressed/set_parameters] /camera_nodelet_manager http://pc:37882/
[rosmaster.master][INFO] 2012-12-15 17:59:29,157: +PUB [/camera/rgb/image_rect/compressed/parameter_descriptions] /camera_nodelet_manager http://pc:37882/
[rosmaster.master][INFO] 2012-12-15 17:59:29,158: +PUB [/camera/rgb/image_rect/compressed/parameter_updates] /camera_nodelet_manager http://pc:37882/
[rosmaster.master][INFO] 2012-12-15 17:59:29,163: +PARAM [/camera/rgb/image_rect/compressed/format] by /camera_nodelet_manager
[rosmaster.master][INFO] 2012-12-15 17:59:29,164: +PARAM [/camera/rgb/image_rect/compressed/jpeg_quality] by /camera_nodelet_manager
[rosmaster.master][INFO] 2012-12-15 17:59:29,166: +PARAM [/camera/rgb/image_rect/compressed/png_level] by /camera_nodelet_manager
[rosmaster.master][INFO] 2012-12-15 17:59:29,169: +PUB [/camera/rgb/image_rect] /camera_nodelet_manager http://pc:37882/
[rosmaster.master][INFO] 2012-12-15 17:59:29,171: +PUB [/camera/rgb/image_rect/theora] /camera_nodelet_manager http://pc:37882/
[rosmaster.master][INFO] 2012-12-15 17:59:29,172: +SERVICE [/camera/rgb/image_rect/theora/set_parameters] /camera_nodelet_manager http://pc:37882/
[rosmaster.master][INFO] 2012-12-15 17:59:29,174: +PUB [/camera/rgb/image_rect/theora/parameter_descriptions] /camera_nodelet_manager http://pc:37882/
[rosmaster.master][INFO] 2012-12-15 17:59:29,176: +PUB [/camera/rgb/image_rect/theora/parameter_updates] /camera_nodelet_manager http://pc:37882/
[rosmaster.master][INFO] 2012-12-15 17:59:29,181: +PARAM [/camera/rgb/image_rect/theora/optimize_for] by /camera_nodelet_manager
[rosmaster.master][INFO] 2012-12-15 17:59:29,182: +PARAM [/camera/rgb/image_rect/theora/target_bitrate] by /camera_nodelet_manager
[rosmaster.master][INFO] 2012-12-15 17:59:29,183: +PARAM [/camera/rgb/image_rect/theora/quality] by /camera_nodelet_manager
[rosmaster.master][INFO] 2012-12-15 17:59:29,183: +PARAM [/camera/rgb/image_rect/theora/keyframe_frequency] by /camera_nodelet_manager
[rosmaster.master][INFO] 2012-12-15 17:59:29,461: +PUB [/camera/depth_registered/disparity] /camera_nodelet_manager http://pc:37882/
[rosmaster.master][INFO] 2012-12-15 17:59:29,737: +SERVICE [/camera/depth/rectify_depth/set_parameters] /camera_nodelet_manager http://pc:37882/
[rosmaster.master][INFO] 2012-12-15 17:59:29,739: +PUB [/camera/depth/rectify_depth/parameter_descriptions] /camera_nodelet_manager http://pc:37882/
[rosmaster.master][INFO] 2012-12-15 17:59:29,741: +PUB [/camera/depth/rectify_depth/parameter_updates] /camera_nodelet_manager http://pc:37882/
[rosmaster.master][INFO] 2012-12-15 17:59:29,745: +PARAM [/camera/depth/rectify_depth/interpolation] by /camera_nodelet_manager
[rosmaster.master][INFO] 2012-12-15 17:59:29,748: +PUB [/camera/depth/image_rect_raw/compressed] /camera_nodelet_manager http://pc:37882/
[rosmaster.master][INFO] 2012-12-15 17:59:29,750: +SERVICE [/camera/depth/image_rect_raw/compressed/set_parameters] /camera_nodelet_manager http://pc:37882/
[rosmaster.master][INFO] 2012-12-15 17:59:29,753: +PUB [/camera/depth/image_rect_raw/compressed/parameter_descriptions] /camera_nodelet_manager http://pc:37882/
[rosmaster.master][INFO] 2012-12-15 17:59:29,755: +PUB [/camera/depth/image_rect_raw/compressed/parameter_updates] /camera_nodelet_manager http://pc:37882/
[rosmaster.master][INFO] 2012-12-15 17:59:29,763: +PARAM [/camera/depth/image_rect_raw/compressed/format] by /camera_nodelet_manager
[rosmaster.master][INFO] 2012-12-15 17:59:29,766: +PARAM [/camera/depth/image_rect_raw/compressed/jpeg_quality] by /camera_nodelet_manager
[rosmaster.master][INFO] 2012-12-15 17:59:29,768: +PARAM [/camera/depth/image_rect_raw/compressed/png_level] by /camera_nodelet_manager
[rosmaster.master][INFO] 2012-12-15 17:59:29,771: +PUB [/camera/depth/image_rect_raw] /camera_nodelet_manager http://pc:37882/
[rosmaster.master][INFO] 2012-12-15 17:59:29,774: +PUB [/camera/depth/image_rect_raw/theora] /camera_nodelet_manager http://pc:37882/
[rosmaster.master][INFO] 2012-12-15 17:59:29,776: +SERVICE [/camera/depth/image_rect_raw/theora/set_parameters] /camera_nodelet_manager http://pc:37882/
[rosmaster.master][INFO] 2012-12-15 17:59:29,779: +PUB [/camera/depth/image_rect_raw/theora/parameter_descriptions] /camera_nodelet_manager http://pc:37882/
[rosmaster.master][INFO] 2012-12-15 17:59:29,781: +PUB [/camera/depth/image_rect_raw/theora/parameter_updates] /camera_nodelet_manager http://pc:37882/
[rosmaster.master][INFO] 2012-12-15 17:59:29,791: +PARAM [/camera/depth/image_rect_raw/theora/optimize_for] by /camera_nodelet_manager
[rosmaster.master][INFO] 2012-12-15 17:59:29,794: +PARAM [/camera/depth/image_rect_raw/theora/target_bitrate] by /camera_nodelet_manager
[rosmaster.master][INFO] 2012-12-15 17:59:29,796: +PARAM [/camera/depth/image_rect_raw/theora/quality] by /camera_nodelet_manager
[rosmaster.master][INFO] 2012-12-15 17:59:29,799: +PARAM [/camera/depth/image_rect_raw/theora/keyframe_frequency] by /camera_nodelet_manager
[rosmaster.master][INFO] 2012-12-15 17:59:30,519: +PUB [/rosout] /camera/depth/points http://pc:53375/
[rosmaster.master][INFO] 2012-12-15 17:59:30,520: +SERVICE [/camera/depth/points/get_loggers] /camera/depth/points http://pc:53375/
[rosmaster.master][INFO] 2012-12-15 17:59:30,521: +SERVICE [/camera/depth/points/set_logger_level] /camera/depth/points http://pc:53375/
[rosmaster.master][INFO] 2012-12-15 17:59:30,536: +PUB [/rosout] /camera/depth_registered/rectify_depth http://pc:37234/
[rosmaster.master][INFO] 2012-12-15 17:59:30,538: +SERVICE [/camera/depth_registered/rectify_depth/get_loggers] /camera/depth_registered/rectify_depth http://pc:37234/
[rosmaster.master][INFO] 2012-12-15 17:59:30,539: +SERVICE [/camera/depth_registered/rectify_depth/set_logger_level] /camera/depth_registered/rectify_depth http://pc:37234/
[rosmaster.master][INFO] 2012-12-15 17:59:30,544: +PARAM [/camera/depth_registered/rectify_depth] by /camera/depth_registered/rectify_depth
[rosmaster.master][INFO] 2012-12-15 17:59:30,549: publisherUpdate[/rosout] -> http://pc:49817/
[rosmaster.master][INFO] 2012-12-15 17:59:30,552: publisherUpdate[/rosout] -> http://pc:49817/
[rosmaster.master][INFO] 2012-12-15 17:59:30,590: +SERVICE [/camera/depth_registered/metric_rect/set_logger_level] /camera/depth_registered/metric_rect http://pc:36651/
[rosmaster.master][INFO] 2012-12-15 17:59:30,602: +PUB [/rosout] /camera_base_link http://pc:33849/
[rosmaster.master][INFO] 2012-12-15 17:59:30,603: +SERVICE [/camera_base_link/get_loggers] /camera_base_link http://pc:33849/
[rosmaster.master][INFO] 2012-12-15 17:59:30,605: +SERVICE [/camera_base_link/set_logger_level] /camera_base_link http://pc:33849/
[rosmaster.master][INFO] 2012-12-15 17:59:30,608: +PUB [/tf] /camera_base_link http://pc:33849/
[rosmaster.master][INFO] 2012-12-15 17:59:30,616: +PUB [/rosout] /camera_base_link2 http://pc:38473/
[rosmaster.master][INFO] 2012-12-15 17:59:30,617: +SERVICE [/camera_base_link2/get_loggers] /camera_base_link2 http://pc:38473/
[rosmaster.master][INFO] 2012-12-15 17:59:30,618: +SERVICE [/camera_base_link2/set_logger_level] /camera_base_link2 http://pc:38473/
[rosmaster.master][INFO] 2012-12-15 17:59:30,620: +PUB [/tf] /camera_base_link2 http://pc:38473/
[rosmaster.master][INFO] 2012-12-15 17:59:30,650: publisherUpdate[/rosout] -> http://pc:49817/
[rosmaster.master][INFO] 2012-12-15 17:59:30,653: publisherUpdate[/rosout] -> http://pc:49817/
[rosmaster.master][INFO] 2012-12-15 17:59:31,072: +PUB [/camera/depth/points] /camera_nodelet_manager http://pc:37882/
[rosmaster.master][INFO] 2012-12-15 17:59:31,646: +SERVICE [/camera/depth_registered/rectify_depth/set_parameters] /camera_nodelet_manager http://pc:37882/
[rosmaster.master][INFO] 2012-12-15 17:59:31,648: +PUB [/camera/depth_registered/rectify_depth/parameter_descriptions] /camera_nodelet_manager http://pc:37882/
[rosmaster.master][INFO] 2012-12-15 17:59:31,649: +PUB [/camera/depth_registered/rectify_depth/parameter_updates] /camera_nodelet_manager http://pc:37882/
[rosmaster.master][INFO] 2012-12-15 17:59:31,653: +PARAM [/camera/depth_registered/rectify_depth/interpolation] by /camera_nodelet_manager
[rosmaster.master][INFO] 2012-12-15 17:59:31,655: +PUB [/camera/depth_registered/image_rect_raw/compressed] /camera_nodelet_manager http://pc:37882/
[rosmaster.master][INFO] 2012-12-15 17:59:31,656: +SERVICE [/camera/depth_registered/image_rect_raw/compressed/set_parameters] /camera_nodelet_manager http://pc:37882/
[rosmaster.master][INFO] 2012-12-15 17:59:31,657: +PUB [/camera/depth_registered/image_rect_raw/compressed/parameter_descriptions] /camera_nodelet_manager http://pc:37882/
[rosmaster.master][INFO] 2012-12-15 17:59:31,658: +PUB [/camera/depth_registered/image_rect_raw/compressed/parameter_updates] /camera_nodelet_manager http://pc:37882/
[rosmaster.master][INFO] 2012-12-15 17:59:31,661: +PARAM [/camera/depth_registered/image_rect_raw/compressed/format] by /camera_nodelet_manager
[rosmaster.master][INFO] 2012-12-15 17:59:31,662: +PARAM [/camera/depth_registered/image_rect_raw/compressed/jpeg_quality] by /camera_nodelet_manager
[rosmaster.master][INFO] 2012-12-15 17:59:31,662: +PARAM [/camera/depth_registered/image_rect_raw/compressed/png_level] by /camera_nodelet_manager
[rosmaster.master][INFO] 2012-12-15 17:59:31,664: +PUB [/camera/depth_registered/image_rect_raw] /camera_nodelet_manager http://pc:37882/
[rosmaster.master][INFO] 2012-12-15 17:59:31,665: +PUB [/camera/depth_registered/image_rect_raw/theora] /camera_nodelet_manager http://pc:37882/
[rosmaster.master][INFO] 2012-12-15 17:59:31,667: +SERVICE [/camera/depth_registered/image_rect_raw/theora/set_parameters] /camera_nodelet_manager http://pc:37882/
[rosmaster.master][INFO] 2012-12-15 17:59:31,669: +PUB [/camera/depth_registered/image_rect_raw/theora/parameter_descriptions] /camera_nodelet_manager http://pc:37882/
[rosmaster.master][INFO] 2012-12-15 17:59:31,670: +PUB [/camera/depth_registered/image_rect_raw/theora/parameter_updates] /camera_nodelet_manager http://pc:37882/
[rosmaster.master][INFO] 2012-12-15 17:59:31,675: +PARAM [/camera/depth_registered/image_rect_raw/theora/optimize_for] by /camera_nodelet_manager
[rosmaster.master][INFO] 2012-12-15 17:59:31,676: +PARAM [/camera/depth_registered/image_rect_raw/theora/target_bitrate] by /camera_nodelet_manager
[rosmaster.master][INFO] 2012-12-15 17:59:31,677: +PARAM [/camera/depth_registered/image_rect_raw/theora/quality] by /camera_nodelet_manager
[rosmaster.master][INFO] 2012-12-15 17:59:31,678: +PARAM [/camera/depth_registered/image_rect_raw/theora/keyframe_frequency] by /camera_nodelet_manager
[rosmaster.master][INFO] 2012-12-15 17:59:32,106: +PUB [/camera/depth/image/compressed] /camera_nodelet_manager http://pc:37882/
[rosmaster.master][INFO] 2012-12-15 17:59:32,109: +SERVICE [/camera/depth/image/compressed/set_parameters] /camera_nodelet_manager http://pc:37882/
[rosmaster.master][INFO] 2012-12-15 17:59:32,112: +PUB [/camera/depth/image/compressed/parameter_descriptions] /camera_nodelet_manager http://pc:37882/
[rosmaster.master][INFO] 2012-12-15 17:59:32,114: +PUB [/camera/depth/image/compressed/parameter_updates] /camera_nodelet_manager http://pc:37882/
[rosmaster.master][INFO] 2012-12-15 17:59:32,120: +PARAM [/camera/depth/image/compressed/format] by /camera_nodelet_manager
[rosmaster.master][INFO] 2012-12-15 17:59:32,122: +PARAM [/camera/depth/image/compressed/jpeg_quality] by /camera_nodelet_manager
[rosmaster.master][INFO] 2012-12-15 17:59:32,124: +PARAM [/camera/depth/image/compressed/png_level] by /camera_nodelet_manager
[rosmaster.master][INFO] 2012-12-15 17:59:32,127: +PUB [/camera/depth/image] /camera_nodelet_manager http://pc:37882/
[rosmaster.master][INFO] 2012-12-15 17:59:32,130: +PUB [/camera/depth/image/theora] /camera_nodelet_manager http://pc:37882/
[rosmaster.master][INFO] 2012-12-15 17:59:32,132: +SERVICE [/camera/depth/image/theora/set_parameters] /camera_nodelet_manager http://pc:37882/
[rosmaster.master][INFO] 2012-12-15 17:59:32,135: +PUB [/camera/depth/image/theora/parameter_descriptions] /camera_nodelet_manager http://pc:37882/
[rosmaster.master][INFO] 2012-12-15 17:59:32,138: +PUB [/camera/depth/image/theora/parameter_updates] /camera_nodelet_manager http://pc:37882/
[rosmaster.master][INFO] 2012-12-15 17:59:32,152: +PARAM [/camera/depth/image/theora/optimize_for] by /camera_nodelet_manager
[rosmaster.master][INFO] 2012-12-15 17:59:32,155: +PARAM [/camera/depth/image/theora/target_bitrate] by /camera_nodelet_manager
[rosmaster.master][INFO] 2012-12-15 17:59:32,157: +PARAM [/camera/depth/image/theora/quality] by /camera_nodelet_manager
[rosmaster.master][INFO] 2012-12-15 17:59:32,160: +PARAM [/camera/depth/image/theora/keyframe_frequency] by /camera_nodelet_manager
[rosmaster.master][INFO] 2012-12-15 17:59:32,450: +SERVICE [/camera/rgb/rectify_color/set_parameters] /camera_nodelet_manager http://pc:37882/
[rosmaster.master][INFO] 2012-12-15 17:59:32,452: +PUB [/camera/rgb/rectify_color/parameter_descriptions] /camera_nodelet_manager http://pc:37882/
[rosmaster.master][INFO] 2012-12-15 17:59:32,455: +PUB [/camera/rgb/rectify_color/parameter_updates] /camera_nodelet_manager http://pc:37882/
[rosmaster.master][INFO] 2012-12-15 17:59:32,459: +PARAM [/camera/rgb/rectify_color/interpolation] by /camera_nodelet_manager
[rosmaster.master][INFO] 2012-12-15 17:59:32,461: +PUB [/camera/rgb/image_rect_color/compressed] /camera_nodelet_manager http://pc:37882/
[rosmaster.master][INFO] 2012-12-15 17:59:32,463: +SERVICE [/camera/rgb/image_rect_color/compressed/set_parameters] /camera_nodelet_manager http://pc:37882/
[rosmaster.master][INFO] 2012-12-15 17:59:32,466: +PUB [/camera/rgb/image_rect_color/compressed/parameter_descriptions] /camera_nodelet_manager http://pc:37882/
[rosmaster.master][INFO] 2012-12-15 17:59:32,470: +PUB [/camera/rgb/image_rect_color/compressed/parameter_updates] /camera_nodelet_manager http://pc:37882/
[rosmaster.master][INFO] 2012-12-15 17:59:32,479: +PARAM [/camera/rgb/image_rect_color/compressed/format] by /camera_nodelet_manager
[rosmaster.master][INFO] 2012-12-15 17:59:32,481: +PARAM [/camera/rgb/image_rect_color/compressed/jpeg_quality] by /camera_nodelet_manager
[rosmaster.master][INFO] 2012-12-15 17:59:32,484: +PARAM [/camera/rgb/image_rect_color/compressed/png_level] by /camera_nodelet_manager
[rosmaster.master][INFO] 2012-12-15 17:59:32,486: +PUB [/camera/rgb/image_rect_color] /camera_nodelet_manager http://pc:37882/
[rosmaster.master][INFO] 2012-12-15 17:59:32,489: +PUB [/camera/rgb/image_rect_color/theora] /camera_nodelet_manager http://pc:37882/
[rosmaster.master][INFO] 2012-12-15 17:59:32,492: +SERVICE [/camera/rgb/image_rect_color/theora/set_parameters] /camera_nodelet_manager http://pc:37882/
[rosmaster.master][INFO] 2012-12-15 17:59:32,494: +PUB [/camera/rgb/image_rect_color/theora/parameter_descriptions] /camera_nodelet_manager http://pc:37882/
[rosmaster.master][INFO] 2012-12-15 17:59:32,497: +PUB [/camera/rgb/image_rect_color/theora/parameter_updates] /camera_nodelet_manager http://pc:37882/
[rosmaster.master][INFO] 2012-12-15 17:59:32,510: +PARAM [/camera/rgb/image_rect_color/theora/optimize_for] by /camera_nodelet_manager
[rosmaster.master][INFO] 2012-12-15 17:59:32,512: +PARAM [/camera/rgb/image_rect_color/theora/target_bitrate] by /camera_nodelet_manager
[rosmaster.master][INFO] 2012-12-15 17:59:32,514: +PARAM [/camera/rgb/image_rect_color/theora/quality] by /camera_nodelet_manager
[rosmaster.master][INFO] 2012-12-15 17:59:32,517: +PARAM [/camera/rgb/image_rect_color/theora/keyframe_frequency] by /camera_nodelet_manager
[rosmaster.master][INFO] 2012-12-15 17:59:32,555: publisherUpdate[/camera/rgb/image_rect_color] -> http://pc:48709/
[rosmaster.master][INFO] 2012-12-15 17:59:32,567: +SUB [/camera/rgb/image_color] /camera_nodelet_manager http://pc:37882/
[rosmaster.master][INFO] 2012-12-15 17:59:32,568: +SUB [/camera/rgb/camera_info] /camera_nodelet_manager http://pc:37882/
[rosmaster.master][INFO] 2012-12-15 17:59:32,570: +SUB [/camera/rgb/image_raw] /camera_nodelet_manager http://pc:37882/
[rosmaster.master][INFO] 2012-12-15 17:59:32,800: +PUB [/camera/depth_registered/image_rect/compressed] /camera_nodelet_manager http://pc:37882/
[rosmaster.master][INFO] 2012-12-15 17:59:32,802: +SERVICE [/camera/depth_registered/image_rect/compressed/set_parameters] /camera_nodelet_manager http://pc:37882/
[rosmaster.master][INFO] 2012-12-15 17:59:32,805: +PUB [/camera/depth_registered/image_rect/compressed/parameter_descriptions] /camera_nodelet_manager http://pc:37882/
[rosmaster.master][INFO] 2012-12-15 17:59:32,807: +PUB [/camera/depth_registered/image_rect/compressed/parameter_updates] /camera_nodelet_manager http://pc:37882/
[rosmaster.master][INFO] 2012-12-15 17:59:32,815: +PARAM [/camera/depth_registered/image_rect/compressed/format] by /camera_nodelet_manager
[rosmaster.master][INFO] 2012-12-15 17:59:32,817: +PARAM [/camera/depth_registered/image_rect/compressed/jpeg_quality] by /camera_nodelet_manager
[rosmaster.master][INFO] 2012-12-15 17:59:32,819: +PARAM [/camera/depth_registered/image_rect/compressed/png_level] by /camera_nodelet_manager
[rosmaster.master][INFO] 2012-12-15 17:59:32,822: +PUB [/camera/depth_registered/image_rect] /camera_nodelet_manager http://pc:37882/
[rosmaster.master][INFO] 2012-12-15 17:59:32,825: +PUB [/camera/depth_registered/image_rect/theora] /camera_nodelet_manager http://pc:37882/
[rosmaster.master][INFO] 2012-12-15 17:59:32,829: +SERVICE [/camera/depth_registered/image_rect/theora/set_parameters] /camera_nodelet_manager http://pc:37882/
[rosmaster.master][INFO] 2012-12-15 17:59:32,832: +PUB [/camera/depth_registered/image_rect/theora/parameter_descriptions] /camera_nodelet_manager http://pc:37882/
[rosmaster.master][INFO] 2012-12-15 17:59:32,835: +PUB [/camera/depth_registered/image_rect/theora/parameter_updates] /camera_nodelet_manager http://pc:37882/
[rosmaster.master][INFO] 2012-12-15 17:59:32,845: +PARAM [/camera/depth_registered/image_rect/theora/optimize_for] by /camera_nodelet_manager
[rosmaster.master][INFO] 2012-12-15 17:59:32,848: +PARAM [/camera/depth_registered/image_rect/theora/target_bitrate] by /camera_nodelet_manager
[rosmaster.master][INFO] 2012-12-15 17:59:32,851: +PARAM [/camera/depth_registered/image_rect/theora/quality] by /camera_nodelet_manager
[rosmaster.master][INFO] 2012-12-15 17:59:32,855: +PARAM [/camera/depth_registered/image_rect/theora/keyframe_frequency] by /camera_nodelet_manager
[rosmaster.master][INFO] 2012-12-15 17:59:32,858: publisherUpdate[/camera/depth_registered/image_rect] -> http://pc:48709/
[rosmaster.master][INFO] 2012-12-15 17:59:32,882: +SUB [/camera/depth_registered/image_rect_raw] /camera_nodelet_manager http://pc:37882/
[rosmaster.master][INFO] 2012-12-15 17:59:32,884: +SUB [/camera/depth_registered/image_raw] /camera_nodelet_manager http://pc:37882/
[rosmaster.master][INFO] 2012-12-15 17:59:32,885: +SUB [/camera/depth_registered/camera_info] /camera_nodelet_manager http://pc:37882/
[rosmaster.master][INFO] 2012-12-15 17:59:33,139: +SUB [/tf] /camera_nodelet_manager http://pc:37882/
[rosmaster.master][INFO] 2012-12-15 17:59:33,144: +SERVICE [/camera_nodelet_manager/tf_frames] /camera_nodelet_manager http://pc:37882/
[rosmaster.master][INFO] 2012-12-15 17:59:33,429: +PARAM [/camera/depth_registered/image_rect_raw/compressed/format] by /camera_nodelet_manager
[rosmaster.master][INFO] 2012-12-15 17:59:33,430: +PARAM [/camera/depth_registered/image_rect_raw/compressed/jpeg_quality] by /camera_nodelet_manager
[rosmaster.master][INFO] 2012-12-15 17:59:33,431: +PARAM [/camera/depth_registered/image_rect_raw/compressed/png_level] by /camera_nodelet_manager
[rosmaster.master][INFO] 2012-12-15 17:59:33,436: +PARAM [/camera/depth_registered/image_rect_raw/theora/optimize_for] by /camera_nodelet_manager
[rosmaster.master][INFO] 2012-12-15 17:59:33,437: +PARAM [/camera/depth_registered/image_rect_raw/theora/target_bitrate] by /camera_nodelet_manager
[rosmaster.master][INFO] 2012-12-15 17:59:33,438: +PARAM [/camera/depth_registered/image_rect_raw/theora/quality] by /camera_nodelet_manager
[rosmaster.master][INFO] 2012-12-15 17:59:33,439: +PARAM [/camera/depth_registered/image_rect_raw/theora/keyframe_frequency] by /camera_nodelet_manager
[rosmaster.master][INFO] 2012-12-15 17:59:33,440: +PUB [/camera/depth_registered/camera_info] /camera_nodelet_manager http://pc:37882/
[rosmaster.master][INFO] 2012-12-15 17:59:33,442: +SUB [/camera/depth/image_rect_raw] /camera_nodelet_manager http://pc:37882/
[rosmaster.master][INFO] 2012-12-15 17:59:33,444: +SUB [/camera/depth/camera_info] /camera_nodelet_manager http://pc:37882/
[rosmaster.master][INFO] 2012-12-15 17:59:33,447: +SUB [/camera/depth/image_raw] /camera_nodelet_manager http://pc:37882/
[rosmaster.master][INFO] 2012-12-15 17:59:33,460: publisherUpdate[/camera/depth_registered/camera_info] -> http://pc:37882/
[rosmaster.master][INFO] 2012-12-15 17:59:33,736: +SERVICE [/camera/driver/set_parameters] /camera_nodelet_manager http://pc:37882/
[rosmaster.master][INFO] 2012-12-15 17:59:33,738: +PUB [/camera/driver/parameter_descriptions] /camera_nodelet_manager http://pc:37882/
[rosmaster.master][INFO] 2012-12-15 17:59:33,741: +PUB [/camera/driver/parameter_updates] /camera_nodelet_manager http://pc:37882/
[rosmaster.master][INFO] 2012-12-15 17:59:33,752: +PARAM [/camera/driver/image_mode] by /camera_nodelet_manager
[rosmaster.master][INFO] 2012-12-15 17:59:33,753: +PARAM [/camera/driver/depth_mode] by /camera_nodelet_manager
[rosmaster.master][INFO] 2012-12-15 17:59:33,754: +PARAM [/camera/driver/depth_registration] by /camera_nodelet_manager
[rosmaster.master][INFO] 2012-12-15 17:59:33,755: +PARAM [/camera/driver/data_skip] by /camera_nodelet_manager
[rosmaster.master][INFO] 2012-12-15 17:59:33,756: +PARAM [/camera/driver/depth_time_offset] by /camera_nodelet_manager
[rosmaster.master][INFO] 2012-12-15 17:59:33,757: +PARAM [/camera/driver/image_time_offset] by /camera_nodelet_manager
[rosmaster.master][INFO] 2012-12-15 17:59:33,757: +PARAM [/camera/driver/depth_ir_offset_x] by /camera_nodelet_manager
[rosmaster.master][INFO] 2012-12-15 17:59:33,758: +PARAM [/camera/driver/depth_ir_offset_y] by /camera_nodelet_manager
[rosmaster.master][INFO] 2012-12-15 17:59:33,760: +PARAM [/camera/driver/z_offset_mm] by /camera_nodelet_manager
[rosmaster.master][INFO] 2012-12-15 17:59:33,762: +SUB [/camera/driver/parameter_updates] /set_dr http://pc:46027/
[rosmaster.master][INFO] 2012-12-15 17:59:33,764: +PUB [/camera/depth/image_rect/compressed] /camera_nodelet_manager http://pc:37882/
[rosmaster.master][INFO] 2012-12-15 17:59:33,766: +SUB [/camera/driver/parameter_descriptions] /set_dr http://pc:46027/
[rosmaster.master][INFO] 2012-12-15 17:59:33,768: +SERVICE [/camera/depth/image_rect/compressed/set_parameters] /camera_nodelet_manager http://pc:37882/
[rosmaster.master][INFO] 2012-12-15 17:59:33,773: +PUB [/camera/depth/image_rect/compressed/parameter_descriptions] /camera_nodelet_manager http://pc:37882/
[rosmaster.master][INFO] 2012-12-15 17:59:33,776: +PUB [/camera/depth/image_rect/compressed/parameter_updates] /camera_nodelet_manager http://pc:37882/
[rosmaster.master][INFO] 2012-12-15 17:59:33,790: +SERVICE [/camera/rgb/set_camera_info] /camera_nodelet_manager http://pc:37882/
[rosmaster.master][INFO] 2012-12-15 17:59:33,791: +PARAM [/camera/depth/image_rect/compressed/format] by /camera_nodelet_manager
[rosmaster.master][INFO] 2012-12-15 17:59:33,794: +SERVICE [/camera/ir/set_camera_info] /camera_nodelet_manager http://pc:37882/
[rosmaster.master][INFO] 2012-12-15 17:59:33,795: +PARAM [/camera/depth/image_rect/compressed/jpeg_quality] by /camera_nodelet_manager
[rosmaster.master][INFO] 2012-12-15 17:59:33,798: +PARAM [/camera/depth/image_rect/compressed/png_level] by /camera_nodelet_manager
[rosmaster.master][INFO] 2012-12-15 17:59:33,801: +PUB [/camera/depth/image_rect] /camera_nodelet_manager http://pc:37882/
[rosmaster.master][INFO] 2012-12-15 17:59:33,803: +PUB [/camera/depth/image_rect/theora] /camera_nodelet_manager http://pc:37882/
[rosmaster.master][INFO] 2012-12-15 17:59:33,806: +SERVICE [/camera/depth/image_rect/theora/set_parameters] /camera_nodelet_manager http://pc:37882/
[rosmaster.master][INFO] 2012-12-15 17:59:33,808: +PUB [/camera/depth/image_rect/theora/parameter_descriptions] /camera_nodelet_manager http://pc:37882/
[rosmaster.master][INFO] 2012-12-15 17:59:33,810: +PUB [/camera/depth/image_rect/theora/parameter_updates] /camera_nodelet_manager http://pc:37882/
[rosmaster.master][INFO] 2012-12-15 17:59:33,817: +PARAM [/camera/depth/image_rect/theora/optimize_for] by /camera_nodelet_manager
[rosmaster.master][INFO] 2012-12-15 17:59:33,818: +PARAM [/camera/depth/image_rect/theora/target_bitrate] by /camera_nodelet_manager
[rosmaster.master][INFO] 2012-12-15 17:59:33,820: +PUB [/camera/rgb/image_raw/compressed] /camera_nodelet_manager http://pc:37882/
[rosmaster.master][INFO] 2012-12-15 17:59:33,821: +PARAM [/camera/driver/image_mode] by /camera_nodelet_manager
[rosmaster.master][INFO] 2012-12-15 17:59:33,823: +SERVICE [/camera/rgb/image_raw/compressed/set_parameters] /camera_nodelet_manager http://pc:37882/
[rosmaster.master][INFO] 2012-12-15 17:59:33,825: +PARAM [/camera/depth/image_rect/theora/quality] by /camera_nodelet_manager
[rosmaster.master][INFO] 2012-12-15 17:59:33,826: +PUB [/camera/rgb/image_raw/compressed/parameter_descriptions] /camera_nodelet_manager http://pc:37882/
[rosmaster.master][INFO] 2012-12-15 17:59:33,827: +PARAM [/camera/driver/depth_mode] by /camera_nodelet_manager
[rosmaster.master][INFO] 2012-12-15 17:59:33,828: +PUB [/camera/rgb/image_raw/compressed/parameter_updates] /camera_nodelet_manager http://pc:37882/
[rosmaster.master][INFO] 2012-12-15 17:59:33,829: +PARAM [/camera/depth/image_rect/theora/keyframe_frequency] by /camera_nodelet_manager
[rosmaster.master][INFO] 2012-12-15 17:59:33,831: +PARAM [/camera/driver/depth_registration] by /camera_nodelet_manager
[rosmaster.master][INFO] 2012-12-15 17:59:33,832: +PARAM [/camera/driver/data_skip] by /camera_nodelet_manager
[rosmaster.master][INFO] 2012-12-15 17:59:33,834: +PARAM [/camera/driver/depth_time_offset] by /camera_nodelet_manager
[rosmaster.master][INFO] 2012-12-15 17:59:33,835: +PARAM [/camera/driver/image_time_offset] by /camera_nodelet_manager
[rosmaster.master][INFO] 2012-12-15 17:59:33,836: +PARAM [/camera/driver/depth_ir_offset_x] by /camera_nodelet_manager
[rosmaster.master][INFO] 2012-12-15 17:59:33,837: +PARAM [/camera/rgb/image_raw/compressed/format] by /camera_nodelet_manager
[rosmaster.master][INFO] 2012-12-15 17:59:33,838: +PARAM [/camera/driver/depth_ir_offset_y] by /camera_nodelet_manager
[rosmaster.master][INFO] 2012-12-15 17:59:33,839: +PARAM [/camera/rgb/image_raw/compressed/jpeg_quality] by /camera_nodelet_manager
[rosmaster.master][INFO] 2012-12-15 17:59:33,840: +PARAM [/camera/driver/z_offset_mm] by /camera_nodelet_manager
[rosmaster.master][INFO] 2012-12-15 17:59:33,841: +PARAM [/camera/rgb/image_raw/compressed/png_level] by /camera_nodelet_manager
[rosmaster.master][INFO] 2012-12-15 17:59:33,842: -SUB [/camera/driver/parameter_updates] /set_dr http://pc:46027/
[rosmaster.master][INFO] 2012-12-15 17:59:33,843: -SUB [/camera/driver/parameter_descriptions] /set_dr http://pc:46027/
[rosmaster.master][INFO] 2012-12-15 17:59:33,844: +PUB [/camera/rgb/image_raw] /camera_nodelet_manager http://pc:37882/
[rosmaster.master][INFO] 2012-12-15 17:59:33,844: -PUB [/rosout] /set_dr http://pc:46027/
[rosmaster.master][INFO] 2012-12-15 17:59:33,845: +PUB [/camera/rgb/image_raw/theora] /camera_nodelet_manager http://pc:37882/
[rosmaster.master][INFO] 2012-12-15 17:59:33,847: +SERVICE [/camera/rgb/image_raw/theora/set_parameters] /camera_nodelet_manager http://pc:37882/
[rosmaster.master][INFO] 2012-12-15 17:59:33,848: +PUB [/camera/rgb/image_raw/theora/parameter_descriptions] /camera_nodelet_manager http://pc:37882/
[rosmaster.master][INFO] 2012-12-15 17:59:33,850: +PUB [/camera/rgb/image_raw/theora/parameter_updates] /camera_nodelet_manager http://pc:37882/
[rosmaster.master][INFO] 2012-12-15 17:59:33,853: +PARAM [/camera/rgb/image_raw/theora/optimize_for] by /camera_nodelet_manager
[rosmaster.master][INFO] 2012-12-15 17:59:33,854: +PARAM [/camera/rgb/image_raw/theora/target_bitrate] by /camera_nodelet_manager
[rosmaster.master][INFO] 2012-12-15 17:59:33,855: +PARAM [/camera/rgb/image_raw/theora/quality] by /camera_nodelet_manager
[rosmaster.master][INFO] 2012-12-15 17:59:33,856: +PARAM [/camera/rgb/image_raw/theora/keyframe_frequency] by /camera_nodelet_manager
[rosmaster.master][INFO] 2012-12-15 17:59:33,857: +PUB [/camera/rgb/camera_info] /camera_nodelet_manager http://pc:37882/
[rosmaster.master][INFO] 2012-12-15 17:59:33,858: +PUB [/camera/ir/image_raw/compressed] /camera_nodelet_manager http://pc:37882/
[rosmaster.master][INFO] 2012-12-15 17:59:33,859: +SERVICE [/camera/ir/image_raw/compressed/set_parameters] /camera_nodelet_manager http://pc:37882/
[rosmaster.master][INFO] 2012-12-15 17:59:33,860: +PUB [/camera/ir/image_raw/compressed/parameter_descriptions] /camera_nodelet_manager http://pc:37882/
[rosmaster.master][INFO] 2012-12-15 17:59:33,862: +PUB [/camera/ir/image_raw/compressed/parameter_updates] /camera_nodelet_manager http://pc:37882/
[rosmaster.master][INFO] 2012-12-15 17:59:33,862: publisherUpdate[/camera/rgb/image_raw] -> http://pc:37882/
[rosmaster.master][INFO] 2012-12-15 17:59:33,863: publisherUpdate[/rosout] -> http://pc:49817/
[rosmaster.master][INFO] 2012-12-15 17:59:33,864: publisherUpdate[/camera/rgb/camera_info] -> http://pc:37882/
[rosmaster.master][INFO] 2012-12-15 17:59:33,870: +PARAM [/camera/ir/image_raw/compressed/format] by /camera_nodelet_manager
[rosmaster.master][INFO] 2012-12-15 17:59:33,871: +PARAM [/camera/ir/image_raw/compressed/jpeg_quality] by /camera_nodelet_manager
[rosmaster.master][INFO] 2012-12-15 17:59:33,871: +PARAM [/camera/ir/image_raw/compressed/png_level] by /camera_nodelet_manager
[rosmaster.master][INFO] 2012-12-15 17:59:33,873: +PUB [/camera/ir/image_raw] /camera_nodelet_manager http://pc:37882/
[rosmaster.master][INFO] 2012-12-15 17:59:33,874: +PUB [/camera/ir/image_raw/theora] /camera_nodelet_manager http://pc:37882/
[rosmaster.master][INFO] 2012-12-15 17:59:33,875: +SERVICE [/camera/ir/image_raw/theora/set_parameters] /camera_nodelet_manager http://pc:37882/
[rosmaster.master][INFO] 2012-12-15 17:59:33,875: +PUB [/camera/ir/image_raw/theora/parameter_descriptions] /camera_nodelet_manager http://pc:37882/
[rosmaster.master][INFO] 2012-12-15 17:59:33,876: +PUB [/camera/ir/image_raw/theora/parameter_updates] /camera_nodelet_manager http://pc:37882/
[rosmaster.master][INFO] 2012-12-15 17:59:33,880: +PARAM [/camera/ir/image_raw/theora/optimize_for] by /camera_nodelet_manager
[rosmaster.master][INFO] 2012-12-15 17:59:33,881: +PARAM [/camera/ir/image_raw/theora/target_bitrate] by /camera_nodelet_manager
[rosmaster.master][INFO] 2012-12-15 17:59:33,882: +PARAM [/camera/ir/image_raw/theora/quality] by /camera_nodelet_manager
[rosmaster.master][INFO] 2012-12-15 17:59:33,883: +PARAM [/camera/ir/image_raw/theora/keyframe_frequency] by /camera_nodelet_manager
[rosmaster.master][INFO] 2012-12-15 17:59:33,884: +PUB [/camera/ir/camera_info] /camera_nodelet_manager http://pc:37882/
[rosmaster.master][INFO] 2012-12-15 17:59:33,885: +PUB [/camera/depth/image_raw/compressed] /camera_nodelet_manager http://pc:37882/
[rosmaster.master][INFO] 2012-12-15 17:59:33,886: +SERVICE [/camera/depth/image_raw/compressed/set_parameters] /camera_nodelet_manager http://pc:37882/
[rosmaster.master][INFO] 2012-12-15 17:59:33,887: +PUB [/camera/depth/image_raw/compressed/parameter_descriptions] /camera_nodelet_manager http://pc:37882/
[rosmaster.master][INFO] 2012-12-15 17:59:33,888: +PUB [/camera/depth/image_raw/compressed/parameter_updates] /camera_nodelet_manager http://pc:37882/
[rosmaster.master][INFO] 2012-12-15 17:59:33,891: +PARAM [/camera/depth/image_raw/compressed/format] by /camera_nodelet_manager
[rosmaster.master][INFO] 2012-12-15 17:59:33,892: +PARAM [/camera/depth/image_raw/compressed/jpeg_quality] by /camera_nodelet_manager
[rosmaster.master][INFO] 2012-12-15 17:59:33,893: +PARAM [/camera/depth/image_raw/compressed/png_level] by /camera_nodelet_manager
[rosmaster.master][INFO] 2012-12-15 17:59:33,894: +PUB [/camera/depth/image_raw] /camera_nodelet_manager http://pc:37882/
[rosmaster.master][INFO] 2012-12-15 17:59:33,895: +PUB [/camera/depth/image_raw/theora] /camera_nodelet_manager http://pc:37882/
[rosmaster.master][INFO] 2012-12-15 17:59:33,896: +SERVICE [/camera/depth/image_raw/theora/set_parameters] /camera_nodelet_manager http://pc:37882/
[rosmaster.master][INFO] 2012-12-15 17:59:33,897: +PUB [/camera/depth/image_raw/theora/parameter_descriptions] /camera_nodelet_manager http://pc:37882/
[rosmaster.master][INFO] 2012-12-15 17:59:33,898: +PUB [/camera/depth/image_raw/theora/parameter_updates] /camera_nodelet_manager http://pc:37882/
[rosmaster.master][INFO] 2012-12-15 17:59:33,902: +PARAM [/camera/depth/image_raw/theora/optimize_for] by /camera_nodelet_manager
[rosmaster.master][INFO] 2012-12-15 17:59:33,903: +PARAM [/camera/depth/image_raw/theora/target_bitrate] by /camera_nodelet_manager
[rosmaster.master][INFO] 2012-12-15 17:59:33,905: +PARAM [/camera/depth/image_raw/theora/quality] by /camera_nodelet_manager
[rosmaster.master][INFO] 2012-12-15 17:59:33,907: +PARAM [/camera/depth/image_raw/theora/keyframe_frequency] by /camera_nodelet_manager
[rosmaster.master][INFO] 2012-12-15 17:59:33,909: +PUB [/camera/depth/camera_info] /camera_nodelet_manager http://pc:37882/
[rosmaster.master][INFO] 2012-12-15 17:59:33,910: +PUB [/camera/projector/camera_info] /camera_nodelet_manager http://pc:37882/
[rosmaster.master][INFO] 2012-12-15 17:59:33,912: +PUB [/camera/depth_registered/image_raw/compressed] /camera_nodelet_manager http://pc:37882/
[rosmaster.master][INFO] 2012-12-15 17:59:33,912: +SERVICE [/camera/depth_registered/image_raw/compressed/set_parameters] /camera_nodelet_manager http://pc:37882/
[rosmaster.master][INFO] 2012-12-15 17:59:33,913: +PUB [/camera/depth_registered/image_raw/compressed/parameter_descriptions] /camera_nodelet_manager http://pc:37882/
[rosmaster.master][INFO] 2012-12-15 17:59:33,915: +PUB [/camera/depth_registered/image_raw/compressed/parameter_updates] /camera_nodelet_manager http://pc:37882/
[rosmaster.master][INFO] 2012-12-15 17:59:33,918: +PARAM [/camera/depth_registered/image_raw/compressed/format] by /camera_nodelet_manager
[rosmaster.master][INFO] 2012-12-15 17:59:33,919: +PARAM [/camera/depth_registered/image_raw/compressed/jpeg_quality] by /camera_nodelet_manager
[rosmaster.master][INFO] 2012-12-15 17:59:33,920: +PARAM [/camera/depth_registered/image_raw/compressed/png_level] by /camera_nodelet_manager
[rosmaster.master][INFO] 2012-12-15 17:59:33,921: +PUB [/camera/depth_registered/image_raw] /camera_nodelet_manager http://pc:37882/
[rosmaster.master][INFO] 2012-12-15 17:59:33,922: +PUB [/camera/depth_registered/image_raw/theora] /camera_nodelet_manager http://pc:37882/
[rosmaster.master][INFO] 2012-12-15 17:59:33,923: +SERVICE [/camera/depth_registered/image_raw/theora/set_parameters] /camera_nodelet_manager http://pc:37882/
[rosmaster.master][INFO] 2012-12-15 17:59:33,924: +PUB [/camera/depth_registered/image_raw/theora/parameter_descriptions] /camera_nodelet_manager http://pc:37882/
[rosmaster.master][INFO] 2012-12-15 17:59:33,927: +PUB [/camera/depth_registered/image_raw/theora/parameter_updates] /camera_nodelet_manager http://pc:37882/
[rosmaster.master][INFO] 2012-12-15 17:59:33,935: +PARAM [/camera/depth_registered/image_raw/theora/optimize_for] by /camera_nodelet_manager
[rosmaster.master][INFO] 2012-12-15 17:59:33,936: +PARAM [/camera/depth_registered/image_raw/theora/target_bitrate] by /camera_nodelet_manager
[rosmaster.master][INFO] 2012-12-15 17:59:33,937: +PARAM [/camera/depth_registered/image_raw/theora/quality] by /camera_nodelet_manager
[rosmaster.master][INFO] 2012-12-15 17:59:33,938: +PARAM [/camera/depth_registered/image_raw/theora/keyframe_frequency] by /camera_nodelet_manager
[rosmaster.master][INFO] 2012-12-15 17:59:33,965: publisherUpdate[/camera/depth/image_raw] -> http://pc:37882/
[rosmaster.master][INFO] 2012-12-15 17:59:33,966: publisherUpdate[/camera/depth/camera_info] -> http://pc:37882/
[rosmaster.master][INFO] 2012-12-15 17:59:33,966: publisherUpdate[/camera/depth_registered/image_raw] -> http://pc:37882/
[rosmaster.master][INFO] 2012-12-15 17:59:34,378: +PUB [/camera/depth_registered/points] /camera_nodelet_manager http://pc:37882/
[rosmaster.master][INFO] 2012-12-15 17:59:34,652: +PUB [/camera/depth_registered/image/compressed] /camera_nodelet_manager http://pc:37882/
[rosmaster.master][INFO] 2012-12-15 17:59:34,654: +SERVICE [/camera/depth_registered/image/compressed/set_parameters] /camera_nodelet_manager http://pc:37882/
[rosmaster.master][INFO] 2012-12-15 17:59:34,657: +PUB [/camera/depth_registered/image/compressed/parameter_descriptions] /camera_nodelet_manager http://pc:37882/
[rosmaster.master][INFO] 2012-12-15 17:59:34,659: +PUB [/camera/depth_registered/image/compressed/parameter_updates] /camera_nodelet_manager http://pc:37882/
[rosmaster.master][INFO] 2012-12-15 17:59:34,668: +PARAM [/camera/depth_registered/image/compressed/format] by /camera_nodelet_manager
[rosmaster.master][INFO] 2012-12-15 17:59:34,671: +PARAM [/camera/depth_registered/image/compressed/jpeg_quality] by /camera_nodelet_manager
[rosmaster.master][INFO] 2012-12-15 17:59:34,674: +PARAM [/camera/depth_registered/image/compressed/png_level] by /camera_nodelet_manager
[rosmaster.master][INFO] 2012-12-15 17:59:34,677: +PUB [/camera/depth_registered/image] /camera_nodelet_manager http://pc:37882/
[rosmaster.master][INFO] 2012-12-15 17:59:34,679: +PUB [/camera/depth_registered/image/theora] /camera_nodelet_manager http://pc:37882/
[rosmaster.master][INFO] 2012-12-15 17:59:34,682: +SERVICE [/camera/depth_registered/image/theora/set_parameters] /camera_nodelet_manager http://pc:37882/
[rosmaster.master][INFO] 2012-12-15 17:59:34,685: +PUB [/camera/depth_registered/image/theora/parameter_descriptions] /camera_nodelet_manager http://pc:37882/
[rosmaster.master][INFO] 2012-12-15 17:59:34,687: +PUB [/camera/depth_registered/image/theora/parameter_updates] /camera_nodelet_manager http://pc:37882/
[rosmaster.master][INFO] 2012-12-15 17:59:34,697: +PARAM [/camera/depth_registered/image/theora/optimize_for] by /camera_nodelet_manager
[rosmaster.master][INFO] 2012-12-15 17:59:34,699: +PARAM [/camera/depth_registered/image/theora/target_bitrate] by /camera_nodelet_manager
[rosmaster.master][INFO] 2012-12-15 17:59:34,701: +PARAM [/camera/depth_registered/image/theora/quality] by /camera_nodelet_manager
[rosmaster.master][INFO] 2012-12-15 17:59:34,704: +PARAM [/camera/depth_registered/image/theora/keyframe_frequency] by /camera_nodelet_manager
[rosmaster.master][INFO] 2012-12-15 17:59:41,038: -SUB [/camera/depth_registered/image_rect] /depth_detection http://pc:48709/
[rosmaster.master][INFO] 2012-12-15 17:59:41,039: -SUB [/camera/rgb/image_rect_color] /depth_detection http://pc:48709/
[rosmaster.master][INFO] 2012-12-15 17:59:41,039: -PUB [/rosout] /depth_detection http://pc:48709/
[rosmaster.master][INFO] 2012-12-15 17:59:41,043: -SUB [/camera/depth_registered/image_rect_raw] /camera_nodelet_manager http://pc:37882/
[rosmaster.master][INFO] 2012-12-15 17:59:41,048: -SUB [/camera/depth_registered/image_raw] /camera_nodelet_manager http://pc:37882/
[rosmaster.master][INFO] 2012-12-15 17:59:41,051: -PUB [/camera/depth_registered/disparity] /camera_nodelet_manager http://pc:37882/
[rosmaster.master][INFO] 2012-12-15 17:59:41,053: -SUB [/camera/depth_registered/camera_info] /camera_nodelet_manager http://pc:37882/
[rosmaster.master][INFO] 2012-12-15 17:59:41,057: -SUB [/camera/depth/image_rect_raw] /camera_nodelet_manager http://pc:37882/
[rosmaster.master][INFO] 2012-12-15 17:59:41,058: -PUB [/camera/depth/disparity] /camera_nodelet_manager http://pc:37882/
[rosmaster.master][INFO] 2012-12-15 17:59:41,063: -SUB [/camera/depth/image_raw] /camera_nodelet_manager http://pc:37882/
[rosmaster.master][INFO] 2012-12-15 17:59:41,065: -PUB [/camera/depth_registered/points] /camera_nodelet_manager http://pc:37882/
[rosmaster.master][INFO] 2012-12-15 17:59:41,066: -SUB [/camera/depth/camera_info] /camera_nodelet_manager http://pc:37882/
[rosmaster.master][INFO] 2012-12-15 17:59:41,079: publisherUpdate[/rosout] -> http://pc:49817/
[rosmaster.master][INFO] 2012-12-15 17:59:41,155: -PUB [/rosout] /camera/disparity_depth http://pc:45464/
[rosmaster.master][INFO] 2012-12-15 17:59:41,159: -PUB [/rosout] /camera/disparity_depth_registered http://pc:55352/
[rosmaster.master][INFO] 2012-12-15 17:59:41,160: -PUB [/rosout] /camera/depth_registered/metric_rect http://pc:36651/
[rosmaster.master][INFO] 2012-12-15 17:59:41,162: -PUB [/rosout] /camera/depth_registered/metric http://pc:60301/
[rosmaster.master][INFO] 2012-12-15 17:59:41,164: -SERVICE [/camera/disparity_depth/get_loggers] /camera/disparity_depth rosrpc://pc:37366
[rosmaster.master][INFO] 2012-12-15 17:59:41,166: -SERVICE [/camera/depth_registered/metric/get_loggers] /camera/depth_registered/metric rosrpc://pc:35916
[rosmaster.master][INFO] 2012-12-15 17:59:41,167: -SERVICE [/camera/disparity_depth_registered/get_loggers] /camera/disparity_depth_registered rosrpc://pc:44674
[rosmaster.master][INFO] 2012-12-15 17:59:41,168: -SERVICE [/camera/depth_registered/metric_rect/get_loggers] /camera/depth_registered/metric_rect rosrpc://pc:58212
[rosmaster.master][INFO] 2012-12-15 17:59:41,169: -SERVICE [/camera/disparity_depth/set_logger_level] /camera/disparity_depth rosrpc://pc:37366
[rosmaster.master][INFO] 2012-12-15 17:59:41,171: -SERVICE [/camera/depth_registered/metric/set_logger_level] /camera/depth_registered/metric rosrpc://pc:35916
[rosmaster.master][INFO] 2012-12-15 17:59:41,172: -SERVICE [/camera/disparity_depth_registered/set_logger_level] /camera/disparity_depth_registered rosrpc://pc:44674
[rosmaster.master][INFO] 2012-12-15 17:59:41,172: -SERVICE [/camera/depth_registered/metric_rect/set_logger_level] /camera/depth_registered/metric_rect rosrpc://pc:58212
[rosmaster.master][INFO] 2012-12-15 17:59:41,179: publisherUpdate[/rosout] -> http://pc:49817/
[rosmaster.master][INFO] 2012-12-15 17:59:41,181: publisherUpdate[/rosout] -> http://pc:49817/
[rosmaster.master][INFO] 2012-12-15 17:59:41,183: publisherUpdate[/rosout] -> http://pc:49817/
[rosmaster.master][INFO] 2012-12-15 17:59:41,185: publisherUpdate[/rosout] -> http://pc:49817/
[rosmaster.master][INFO] 2012-12-15 17:59:41,194: -PUB [/rosout] /camera_base_link3 http://pc:50245/
[rosmaster.master][INFO] 2012-12-15 17:59:41,195: -PUB [/tf] /camera_base_link3 http://pc:50245/
[rosmaster.master][INFO] 2012-12-15 17:59:41,197: -SERVICE [/camera_base_link3/get_loggers] /camera_base_link3 rosrpc://pc:60327
[rosmaster.master][INFO] 2012-12-15 17:59:41,199: -SERVICE [/camera_base_link3/set_logger_level] /camera_base_link3 rosrpc://pc:60327
[rosmaster.master][INFO] 2012-12-15 17:59:41,253: -PUB [/rosout] /camera/points_xyzrgb_depth_rgb http://pc:59560/
[rosmaster.master][INFO] 2012-12-15 17:59:41,254: -PUB [/camera/depth_registered/rectify_depth/parameter_descriptions] /camera_nodelet_manager http://pc:37882/
[rosmaster.master][INFO] 2012-12-15 17:59:41,256: -SERVICE [/camera/points_xyzrgb_depth_rgb/get_loggers] /camera/points_xyzrgb_depth_rgb rosrpc://pc:33321
[rosmaster.master][INFO] 2012-12-15 17:59:41,258: -SERVICE [/camera/points_xyzrgb_depth_rgb/set_logger_level] /camera/points_xyzrgb_depth_rgb rosrpc://pc:33321
[rosmaster.master][INFO] 2012-12-15 17:59:41,259: -PUB [/camera/depth_registered/rectify_depth/parameter_updates] /camera_nodelet_manager http://pc:37882/
[rosmaster.master][INFO] 2012-12-15 17:59:41,260: -SERVICE [/camera/depth_registered/rectify_depth/set_parameters] /camera_nodelet_manager rosrpc://pc:42230
[rosmaster.master][INFO] 2012-12-15 17:59:41,279: publisherUpdate[/rosout] -> http://pc:49817/
[rosmaster.master][INFO] 2012-12-15 17:59:41,281: publisherUpdate[/tf] -> http://pc:37882/
[rosmaster.master][INFO] 2012-12-15 17:59:41,283: publisherUpdate[/rosout] -> http://pc:49817/
[rosmaster.master][INFO] 2012-12-15 17:59:41,294: -PUB [/rosout] /camera_base_link http://pc:33849/
[rosmaster.master][INFO] 2012-12-15 17:59:41,295: -PUB [/rosout] /camera_base_link2 http://pc:38473/
[rosmaster.master][INFO] 2012-12-15 17:59:41,297: -PUB [/tf] /camera_base_link http://pc:33849/
[rosmaster.master][INFO] 2012-12-15 17:59:41,298: -PUB [/rosout] /camera_base_link1 http://pc:41587/
[rosmaster.master][INFO] 2012-12-15 17:59:41,299: -PUB [/tf] /camera_base_link2 http://pc:38473/
[rosmaster.master][INFO] 2012-12-15 17:59:41,300: -SERVICE [/camera_base_link/get_loggers] /camera_base_link rosrpc://pc:46325
[rosmaster.master][INFO] 2012-12-15 17:59:41,301: -PUB [/tf] /camera_base_link1 http://pc:41587/
[rosmaster.master][INFO] 2012-12-15 17:59:41,303: -SERVICE [/camera_base_link2/get_loggers] /camera_base_link2 rosrpc://pc:56814
[rosmaster.master][INFO] 2012-12-15 17:59:41,305: -SERVICE [/camera_base_link1/get_loggers] /camera_base_link1 rosrpc://pc:32848
[rosmaster.master][INFO] 2012-12-15 17:59:41,306: -SERVICE [/camera_base_link2/set_logger_level] /camera_base_link2 rosrpc://pc:56814
[rosmaster.master][INFO] 2012-12-15 17:59:41,307: -SERVICE [/camera_base_link1/set_logger_level] /camera_base_link1 rosrpc://pc:32848
[rosmaster.master][INFO] 2012-12-15 17:59:41,309: -SERVICE [/camera_base_link/set_logger_level] /camera_base_link rosrpc://pc:46325
[rosmaster.master][INFO] 2012-12-15 17:59:41,357: -SUB [/tf] /camera_nodelet_manager http://pc:37882/
[rosmaster.master][INFO] 2012-12-15 17:59:41,360: -SERVICE [/camera_nodelet_manager/tf_frames] /camera_nodelet_manager rosrpc://pc:42230
[rosmaster.master][INFO] 2012-12-15 17:59:41,365: -PUB [/camera/depth/points] /camera_nodelet_manager http://pc:37882/
[rosmaster.master][INFO] 2012-12-15 17:59:41,375: -PUB [/rosout] /camera/depth_registered/rectify_depth http://pc:37234/
[rosmaster.master][INFO] 2012-12-15 17:59:41,377: -SERVICE [/camera/depth_registered/rectify_depth/get_loggers] /camera/depth_registered/rectify_depth rosrpc://pc:48805
[rosmaster.master][INFO] 2012-12-15 17:59:41,380: -SERVICE [/camera/depth_registered/rectify_depth/set_logger_level] /camera/depth_registered/rectify_depth rosrpc://pc:48805
[rosmaster.master][INFO] 2012-12-15 17:59:41,383: publisherUpdate[/rosout] -> http://pc:49817/
[rosmaster.master][INFO] 2012-12-15 17:59:41,385: publisherUpdate[/tf] -> http://pc:37882/
[rosmaster.master][INFO] 2012-12-15 17:59:41,387: publisherUpdate[/tf] -> http://pc:37882/
[rosmaster.master][INFO] 2012-12-15 17:59:41,389: publisherUpdate[/rosout] -> http://pc:49817/
[rosmaster.master][INFO] 2012-12-15 17:59:41,390: publisherUpdate[/tf] -> http://pc:37882/
[rosmaster.master][INFO] 2012-12-15 17:59:41,393: publisherUpdate[/rosout] -> http://pc:49817/
[rosmaster.master][INFO] 2012-12-15 17:59:41,396: publisherUpdate[/rosout] -> http://pc:49817/
[rosmaster.master][INFO] 2012-12-15 17:59:41,455: -PUB [/rosout] /camera/register_depth_rgb http://pc:50721/
[rosmaster.master][INFO] 2012-12-15 17:59:41,463: -SERVICE [/camera/register_depth_rgb/get_loggers] /camera/register_depth_rgb rosrpc://pc:37512
[rosmaster.master][INFO] 2012-12-15 17:59:41,464: -SUB [/camera/rgb/image_color] /camera_nodelet_manager http://pc:37882/
[rosmaster.master][INFO] 2012-12-15 17:59:41,466: -PUB [/camera/depth/rectify_depth/parameter_descriptions] /camera_nodelet_manager http://pc:37882/
[rosmaster.master][INFO] 2012-12-15 17:59:41,469: -SUB [/camera/rgb/camera_info] /camera_nodelet_manager http://pc:37882/
[rosmaster.master][INFO] 2012-12-15 17:59:41,470: -SERVICE [/camera/register_depth_rgb/set_logger_level] /camera/register_depth_rgb rosrpc://pc:37512
[rosmaster.master][INFO] 2012-12-15 17:59:41,470: -PUB [/camera/depth/rectify_depth/parameter_updates] /camera_nodelet_manager http://pc:37882/
[rosmaster.master][INFO] 2012-12-15 17:59:41,472: -SERVICE [/camera/depth/rectify_depth/set_parameters] /camera_nodelet_manager rosrpc://pc:42230
[rosmaster.master][INFO] 2012-12-15 17:59:41,474: -SUB [/camera/rgb/image_raw] /camera_nodelet_manager http://pc:37882/
[rosmaster.master][INFO] 2012-12-15 17:59:41,475: -PUB [/camera/ir/rectify_ir/parameter_descriptions] /camera_nodelet_manager http://pc:37882/
[rosmaster.master][INFO] 2012-12-15 17:59:41,476: -PUB [/rosout] /camera/depth/points http://pc:53375/
[rosmaster.master][INFO] 2012-12-15 17:59:41,477: -PUB [/camera/ir/rectify_ir/parameter_updates] /camera_nodelet_manager http://pc:37882/
[rosmaster.master][INFO] 2012-12-15 17:59:41,478: -SERVICE [/camera/depth/points/get_loggers] /camera/depth/points rosrpc://pc:43384
[rosmaster.master][INFO] 2012-12-15 17:59:41,479: -SERVICE [/camera/ir/rectify_ir/set_parameters] /camera_nodelet_manager rosrpc://pc:42230
[rosmaster.master][INFO] 2012-12-15 17:59:41,480: -SERVICE [/camera/depth/points/set_logger_level] /camera/depth/points rosrpc://pc:43384
[rosmaster.master][INFO] 2012-12-15 17:59:41,482: -PUB [/camera/rgb/rectify_mono/parameter_descriptions] /camera_nodelet_manager http://pc:37882/
[rosmaster.master][INFO] 2012-12-15 17:59:41,483: -PUB [/camera/rgb/rectify_mono/parameter_updates] /camera_nodelet_manager http://pc:37882/
[rosmaster.master][INFO] 2012-12-15 17:59:41,484: -SERVICE [/camera/rgb/rectify_mono/set_parameters] /camera_nodelet_manager rosrpc://pc:42230
[rosmaster.master][INFO] 2012-12-15 17:59:41,485: -PUB [/camera/rgb/rectify_color/parameter_descriptions] /camera_nodelet_manager http://pc:37882/
[rosmaster.master][INFO] 2012-12-15 17:59:41,486: -PUB [/camera/rgb/rectify_color/parameter_updates] /camera_nodelet_manager http://pc:37882/
[rosmaster.master][INFO] 2012-12-15 17:59:41,487: -SERVICE [/camera/rgb/rectify_color/set_parameters] /camera_nodelet_manager rosrpc://pc:42230
[rosmaster.master][INFO] 2012-12-15 17:59:41,488: publisherUpdate[/rosout] -> http://pc:49817/
[rosmaster.master][INFO] 2012-12-15 17:59:41,489: publisherUpdate[/rosout] -> http://pc:49817/
[rosmaster.master][INFO] 2012-12-15 17:59:41,546: -PUB [/camera/rgb/debayer/parameter_descriptions] /camera_nodelet_manager http://pc:37882/
[rosmaster.master][INFO] 2012-12-15 17:59:41,550: -PUB [/rosout] /camera/depth/metric http://pc:59249/
[rosmaster.master][INFO] 2012-12-15 17:59:41,552: -PUB [/camera/rgb/debayer/parameter_updates] /camera_nodelet_manager http://pc:37882/
[rosmaster.master][INFO] 2012-12-15 17:59:41,553: -PUB [/rosout] /camera/depth/rectify_depth http://pc:32875/
[rosmaster.master][INFO] 2012-12-15 17:59:41,555: -PUB [/rosout] /camera/ir/rectify_ir http://pc:53823/
[rosmaster.master][INFO] 2012-12-15 17:59:41,556: -SERVICE [/camera/depth/metric/get_loggers] /camera/depth/metric rosrpc://pc:38299
[rosmaster.master][INFO] 2012-12-15 17:59:41,557: -SERVICE [/camera/rgb/debayer/set_parameters] /camera_nodelet_manager rosrpc://pc:42230
[rosmaster.master][INFO] 2012-12-15 17:59:41,558: -SERVICE [/camera/depth/rectify_depth/get_loggers] /camera/depth/rectify_depth rosrpc://pc:37958
[rosmaster.master][INFO] 2012-12-15 17:59:41,559: -SERVICE [/camera/ir/rectify_ir/get_loggers] /camera/ir/rectify_ir rosrpc://pc:53519
[rosmaster.master][INFO] 2012-12-15 17:59:41,560: -SERVICE [/camera/depth/metric/set_logger_level] /camera/depth/metric rosrpc://pc:38299
[rosmaster.master][INFO] 2012-12-15 17:59:41,561: -SERVICE [/camera/depth/rectify_depth/set_logger_level] /camera/depth/rectify_depth rosrpc://pc:37958
[rosmaster.master][INFO] 2012-12-15 17:59:41,562: -SERVICE [/camera/ir/rectify_ir/set_logger_level] /camera/ir/rectify_ir rosrpc://pc:53519
[rosmaster.master][INFO] 2012-12-15 17:59:41,590: publisherUpdate[/rosout] -> http://pc:49817/
[rosmaster.master][INFO] 2012-12-15 17:59:41,593: publisherUpdate[/rosout] -> http://pc:49817/
[rosmaster.master][INFO] 2012-12-15 17:59:41,595: publisherUpdate[/rosout] -> http://pc:49817/
[rosmaster.master][INFO] 2012-12-15 17:59:41,640: -PUB [/rosout] /camera/driver http://pc:59321/
[rosmaster.master][INFO] 2012-12-15 17:59:41,643: -SERVICE [/camera/driver/get_loggers] /camera/driver rosrpc://pc:41282
[rosmaster.master][INFO] 2012-12-15 17:59:41,645: -SERVICE [/camera/driver/set_logger_level] /camera/driver rosrpc://pc:41282
[rosmaster.master][INFO] 2012-12-15 17:59:41,651: -PUB [/rosout] /camera/rgb/rectify_mono http://pc:58813/
[rosmaster.master][INFO] 2012-12-15 17:59:41,655: -PUB [/rosout] /camera/rgb/rectify_color http://pc:48896/
[rosmaster.master][INFO] 2012-12-15 17:59:41,659: -PUB [/rosout] /camera/depth/metric_rect http://pc:54913/
[rosmaster.master][INFO] 2012-12-15 17:59:41,665: -SERVICE [/camera/rgb/rectify_mono/get_loggers] /camera/rgb/rectify_mono rosrpc://pc:39707
[rosmaster.master][INFO] 2012-12-15 17:59:41,671: -SERVICE [/camera/rgb/rectify_color/get_loggers] /camera/rgb/rectify_color rosrpc://pc:44866
[rosmaster.master][INFO] 2012-12-15 17:59:41,674: -SERVICE [/camera/depth/metric_rect/get_loggers] /camera/depth/metric_rect rosrpc://pc:40035
[rosmaster.master][INFO] 2012-12-15 17:59:41,675: -SERVICE [/camera/ir/set_camera_info] /camera_nodelet_manager rosrpc://pc:42230
[rosmaster.master][INFO] 2012-12-15 17:59:41,677: -SERVICE [/camera/rgb/rectify_mono/set_logger_level] /camera/rgb/rectify_mono rosrpc://pc:39707
[rosmaster.master][INFO] 2012-12-15 17:59:41,678: -SERVICE [/camera/rgb/rectify_color/set_logger_level] /camera/rgb/rectify_color rosrpc://pc:44866
[rosmaster.master][INFO] 2012-12-15 17:59:41,678: -SERVICE [/camera/depth/metric_rect/set_logger_level] /camera/depth/metric_rect rosrpc://pc:40035
[rosmaster.master][INFO] 2012-12-15 17:59:41,679: -SERVICE [/camera/rgb/set_camera_info] /camera_nodelet_manager rosrpc://pc:42230
[rosmaster.master][INFO] 2012-12-15 17:59:41,680: -PUB [/camera/driver/parameter_descriptions] /camera_nodelet_manager http://pc:37882/
[rosmaster.master][INFO] 2012-12-15 17:59:41,681: -PUB [/camera/driver/parameter_updates] /camera_nodelet_manager http://pc:37882/
[rosmaster.master][INFO] 2012-12-15 17:59:41,686: -SERVICE [/camera/driver/set_parameters] /camera_nodelet_manager rosrpc://pc:42230
[rosmaster.master][INFO] 2012-12-15 17:59:41,693: publisherUpdate[/rosout] -> http://pc:49817/
[rosmaster.master][INFO] 2012-12-15 17:59:41,694: publisherUpdate[/rosout] -> http://pc:49817/
[rosmaster.master][INFO] 2012-12-15 17:59:41,695: publisherUpdate[/rosout] -> http://pc:49817/
[rosmaster.master][INFO] 2012-12-15 17:59:41,697: publisherUpdate[/rosout] -> http://pc:49817/
[rosmaster.master][INFO] 2012-12-15 17:59:41,740: -PUB [/rosout] /camera/rgb/debayer http://pc:55281/
[rosmaster.master][INFO] 2012-12-15 17:59:41,742: -SERVICE [/camera/rgb/debayer/get_loggers] /camera/rgb/debayer rosrpc://pc:43878
[rosmaster.master][INFO] 2012-12-15 17:59:41,743: -SERVICE [/camera/rgb/debayer/set_logger_level] /camera/rgb/debayer rosrpc://pc:43878
[rosmaster.master][INFO] 2012-12-15 17:59:41,793: -PUB [/rosout] /camera_nodelet_manager http://pc:37882/
[rosmaster.master][INFO] 2012-12-15 17:59:41,795: -PUB [/camera/ir/image_rect/compressed] /camera_nodelet_manager http://pc:37882/
[rosmaster.master][INFO] 2012-12-15 17:59:41,796: -PUB [/camera/ir/image_rect/compressed/parameter_descriptions] /camera_nodelet_manager http://pc:37882/
[rosmaster.master][INFO] 2012-12-15 17:59:41,797: -PUB [/camera/ir/image_rect/compressed/parameter_updates] /camera_nodelet_manager http://pc:37882/
[rosmaster.master][INFO] 2012-12-15 17:59:41,798: publisherUpdate[/rosout] -> http://pc:49817/
[rosmaster.master][INFO] 2012-12-15 17:59:41,799: -PUB [/camera/ir/image_rect] /camera_nodelet_manager http://pc:37882/
[rosmaster.master][INFO] 2012-12-15 17:59:41,799: publisherUpdate[/rosout] -> http://pc:49817/
[rosmaster.master][INFO] 2012-12-15 17:59:41,801: -PUB [/camera/ir/image_rect/theora] /camera_nodelet_manager http://pc:37882/
[rosmaster.master][INFO] 2012-12-15 17:59:41,802: -PUB [/camera/ir/image_rect/theora/parameter_descriptions] /camera_nodelet_manager http://pc:37882/
[rosmaster.master][INFO] 2012-12-15 17:59:41,803: -PUB [/camera/ir/image_rect/theora/parameter_updates] /camera_nodelet_manager http://pc:37882/
[rosmaster.master][INFO] 2012-12-15 17:59:41,805: -PUB [/camera/rgb/image_mono/compressed] /camera_nodelet_manager http://pc:37882/
[rosmaster.master][INFO] 2012-12-15 17:59:41,806: -PUB [/camera/rgb/image_mono/compressed/parameter_descriptions] /camera_nodelet_manager http://pc:37882/
[rosmaster.master][INFO] 2012-12-15 17:59:41,807: -PUB [/camera/rgb/image_mono/compressed/parameter_updates] /camera_nodelet_manager http://pc:37882/
[rosmaster.master][INFO] 2012-12-15 17:59:41,808: -PUB [/camera/rgb/image_mono] /camera_nodelet_manager http://pc:37882/
[rosmaster.master][INFO] 2012-12-15 17:59:41,809: -PUB [/camera/rgb/image_mono/theora] /camera_nodelet_manager http://pc:37882/
[rosmaster.master][INFO] 2012-12-15 17:59:41,810: -PUB [/camera/rgb/image_mono/theora/parameter_descriptions] /camera_nodelet_manager http://pc:37882/
[rosmaster.master][INFO] 2012-12-15 17:59:41,811: -PUB [/camera/rgb/image_mono/theora/parameter_updates] /camera_nodelet_manager http://pc:37882/
[rosmaster.master][INFO] 2012-12-15 17:59:41,812: -PUB [/camera/rgb/image_color/compressed] /camera_nodelet_manager http://pc:37882/
[rosmaster.master][INFO] 2012-12-15 17:59:41,813: -PUB [/camera/rgb/image_color/compressed/parameter_descriptions] /camera_nodelet_manager http://pc:37882/
[rosmaster.master][INFO] 2012-12-15 17:59:41,814: -PUB [/camera/rgb/image_color/compressed/parameter_updates] /camera_nodelet_manager http://pc:37882/
[rosmaster.master][INFO] 2012-12-15 17:59:41,815: -PUB [/camera/rgb/image_color] /camera_nodelet_manager http://pc:37882/
[rosmaster.master][INFO] 2012-12-15 17:59:41,816: -PUB [/camera/rgb/image_color/theora] /camera_nodelet_manager http://pc:37882/
[rosmaster.master][INFO] 2012-12-15 17:59:41,817: -PUB [/camera/rgb/image_color/theora/parameter_descriptions] /camera_nodelet_manager http://pc:37882/
[rosmaster.master][INFO] 2012-12-15 17:59:41,817: -PUB [/camera/rgb/image_color/theora/parameter_updates] /camera_nodelet_manager http://pc:37882/
[rosmaster.master][INFO] 2012-12-15 17:59:41,818: -PUB [/camera/rgb/image_rect/compressed] /camera_nodelet_manager http://pc:37882/
[rosmaster.master][INFO] 2012-12-15 17:59:41,820: -PUB [/camera/rgb/image_rect/compressed/parameter_descriptions] /camera_nodelet_manager http://pc:37882/
[rosmaster.master][INFO] 2012-12-15 17:59:41,821: -PUB [/camera/rgb/image_rect/compressed/parameter_updates] /camera_nodelet_manager http://pc:37882/
[rosmaster.master][INFO] 2012-12-15 17:59:41,823: -PUB [/camera/rgb/image_rect] /camera_nodelet_manager http://pc:37882/
[rosmaster.master][INFO] 2012-12-15 17:59:41,824: -PUB [/camera/rgb/image_rect/theora] /camera_nodelet_manager http://pc:37882/
[rosmaster.master][INFO] 2012-12-15 17:59:41,825: -PUB [/camera/rgb/image_rect/theora/parameter_descriptions] /camera_nodelet_manager http://pc:37882/
[rosmaster.master][INFO] 2012-12-15 17:59:41,826: -PUB [/camera/rgb/image_rect/theora/parameter_updates] /camera_nodelet_manager http://pc:37882/
[rosmaster.master][INFO] 2012-12-15 17:59:41,827: -PUB [/camera/depth/image_rect_raw/compressed] /camera_nodelet_manager http://pc:37882/
[rosmaster.master][INFO] 2012-12-15 17:59:41,828: -PUB [/camera/depth/image_rect_raw/compressed/parameter_descriptions] /camera_nodelet_manager http://pc:37882/
[rosmaster.master][INFO] 2012-12-15 17:59:41,829: -PUB [/camera/depth/image_rect_raw/compressed/parameter_updates] /camera_nodelet_manager http://pc:37882/
[rosmaster.master][INFO] 2012-12-15 17:59:41,830: -PUB [/camera/depth/image_rect_raw] /camera_nodelet_manager http://pc:37882/
[rosmaster.master][INFO] 2012-12-15 17:59:41,831: -PUB [/camera/depth/image_rect_raw/theora] /camera_nodelet_manager http://pc:37882/
[rosmaster.master][INFO] 2012-12-15 17:59:41,832: -PUB [/camera/depth/image_rect_raw/theora/parameter_descriptions] /camera_nodelet_manager http://pc:37882/
[rosmaster.master][INFO] 2012-12-15 17:59:41,833: -PUB [/camera/depth/image_rect_raw/theora/parameter_updates] /camera_nodelet_manager http://pc:37882/
[rosmaster.master][INFO] 2012-12-15 17:59:41,833: -PUB [/camera/depth_registered/image_rect_raw/compressed] /camera_nodelet_manager http://pc:37882/
[rosmaster.master][INFO] 2012-12-15 17:59:41,834: -PUB [/camera/depth_registered/image_rect_raw/compressed/parameter_descriptions] /camera_nodelet_manager http://pc:37882/
[rosmaster.master][INFO] 2012-12-15 17:59:41,835: -PUB [/camera/depth_registered/image_rect_raw/compressed/parameter_updates] /camera_nodelet_manager http://pc:37882/
[rosmaster.master][INFO] 2012-12-15 17:59:41,836: -PUB [/camera/depth_registered/image_rect_raw] /camera_nodelet_manager http://pc:37882/
[rosmaster.master][INFO] 2012-12-15 17:59:41,837: -PUB [/camera/depth_registered/image_rect_raw/theora] /camera_nodelet_manager http://pc:37882/
[rosmaster.master][INFO] 2012-12-15 17:59:41,838: -PUB [/camera/depth_registered/image_rect_raw/theora/parameter_descriptions] /camera_nodelet_manager http://pc:37882/
[rosmaster.master][INFO] 2012-12-15 17:59:41,840: -PUB [/camera/depth_registered/image_rect_raw/theora/parameter_updates] /camera_nodelet_manager http://pc:37882/
[rosmaster.master][INFO] 2012-12-15 17:59:41,842: -PUB [/camera/depth/image/compressed] /camera_nodelet_manager http://pc:37882/
[rosmaster.master][INFO] 2012-12-15 17:59:41,843: -PUB [/camera/depth/image/compressed/parameter_descriptions] /camera_nodelet_manager http://pc:37882/
[rosmaster.master][INFO] 2012-12-15 17:59:41,844: -PUB [/camera/depth/image/compressed/parameter_updates] /camera_nodelet_manager http://pc:37882/
[rosmaster.master][INFO] 2012-12-15 17:59:41,845: -PUB [/camera/depth/image] /camera_nodelet_manager http://pc:37882/
[rosmaster.master][INFO] 2012-12-15 17:59:41,847: -PUB [/camera/depth/image/theora] /camera_nodelet_manager http://pc:37882/
[rosmaster.master][INFO] 2012-12-15 17:59:41,847: -PUB [/camera/depth/image/theora/parameter_descriptions] /camera_nodelet_manager http://pc:37882/
[rosmaster.master][INFO] 2012-12-15 17:59:41,848: -PUB [/camera/depth/image/theora/parameter_updates] /camera_nodelet_manager http://pc:37882/
[rosmaster.master][INFO] 2012-12-15 17:59:41,849: -PUB [/camera/rgb/image_rect_color/compressed] /camera_nodelet_manager http://pc:37882/
[rosmaster.master][INFO] 2012-12-15 17:59:41,850: -PUB [/camera/rgb/image_rect_color/compressed/parameter_descriptions] /camera_nodelet_manager http://pc:37882/
[rosmaster.master][INFO] 2012-12-15 17:59:41,851: -PUB [/camera/rgb/image_rect_color/compressed/parameter_updates] /camera_nodelet_manager http://pc:37882/
[rosmaster.master][INFO] 2012-12-15 17:59:41,852: -PUB [/camera/rgb/image_rect_color] /camera_nodelet_manager http://pc:37882/
[rosmaster.master][INFO] 2012-12-15 17:59:41,853: -PUB [/camera/rgb/image_rect_color/theora] /camera_nodelet_manager http://pc:37882/
[rosmaster.master][INFO] 2012-12-15 17:59:41,854: -PUB [/camera/rgb/image_rect_color/theora/parameter_descriptions] /camera_nodelet_manager http://pc:37882/
[rosmaster.master][INFO] 2012-12-15 17:59:41,855: -PUB [/camera/rgb/image_rect_color/theora/parameter_updates] /camera_nodelet_manager http://pc:37882/
[rosmaster.master][INFO] 2012-12-15 17:59:41,856: -PUB [/camera/depth_registered/image_rect/compressed] /camera_nodelet_manager http://pc:37882/
[rosmaster.master][INFO] 2012-12-15 17:59:41,857: -PUB [/camera/depth_registered/image_rect/compressed/parameter_descriptions] /camera_nodelet_manager http://pc:37882/
[rosmaster.master][INFO] 2012-12-15 17:59:41,858: -PUB [/camera/depth_registered/image_rect/compressed/parameter_updates] /camera_nodelet_manager http://pc:37882/
[rosmaster.master][INFO] 2012-12-15 17:59:41,859: -PUB [/camera/depth_registered/image_rect] /camera_nodelet_manager http://pc:37882/
[rosmaster.master][INFO] 2012-12-15 17:59:41,862: -PUB [/camera/depth_registered/image_rect/theora] /camera_nodelet_manager http://pc:37882/
[rosmaster.master][INFO] 2012-12-15 17:59:41,864: -PUB [/camera/depth_registered/image_rect/theora/parameter_descriptions] /camera_nodelet_manager http://pc:37882/
[rosmaster.master][INFO] 2012-12-15 17:59:41,865: -PUB [/camera/depth_registered/image_rect/theora/parameter_updates] /camera_nodelet_manager http://pc:37882/
[rosmaster.master][INFO] 2012-12-15 17:59:41,866: -PUB [/camera/depth_registered/camera_info] /camera_nodelet_manager http://pc:37882/
[rosmaster.master][INFO] 2012-12-15 17:59:41,867: -PUB [/camera/depth/image_rect/compressed] /camera_nodelet_manager http://pc:37882/
[rosmaster.master][INFO] 2012-12-15 17:59:41,868: -PUB [/camera/depth/image_rect/compressed/parameter_descriptions] /camera_nodelet_manager http://pc:37882/
[rosmaster.master][INFO] 2012-12-15 17:59:41,869: -PUB [/camera/depth/image_rect/compressed/parameter_updates] /camera_nodelet_manager http://pc:37882/
[rosmaster.master][INFO] 2012-12-15 17:59:41,870: -PUB [/camera/depth/image_rect] /camera_nodelet_manager http://pc:37882/
[rosmaster.master][INFO] 2012-12-15 17:59:41,871: -PUB [/camera/depth/image_rect/theora] /camera_nodelet_manager http://pc:37882/
[rosmaster.master][INFO] 2012-12-15 17:59:41,871: -PUB [/camera/depth/image_rect/theora/parameter_descriptions] /camera_nodelet_manager http://pc:37882/
[rosmaster.master][INFO] 2012-12-15 17:59:41,872: -PUB [/camera/depth/image_rect/theora/parameter_updates] /camera_nodelet_manager http://pc:37882/
[rosmaster.master][INFO] 2012-12-15 17:59:41,873: -PUB [/camera/rgb/image_raw/compressed] /camera_nodelet_manager http://pc:37882/
[rosmaster.master][INFO] 2012-12-15 17:59:41,874: -PUB [/camera/rgb/image_raw/compressed/parameter_descriptions] /camera_nodelet_manager http://pc:37882/
[rosmaster.master][INFO] 2012-12-15 17:59:41,876: -PUB [/camera/rgb/image_raw/compressed/parameter_updates] /camera_nodelet_manager http://pc:37882/
[rosmaster.master][INFO] 2012-12-15 17:59:41,877: -PUB [/camera/rgb/image_raw] /camera_nodelet_manager http://pc:37882/
[rosmaster.master][INFO] 2012-12-15 17:59:41,878: -PUB [/camera/rgb/image_raw/theora] /camera_nodelet_manager http://pc:37882/
[rosmaster.master][INFO] 2012-12-15 17:59:41,879: -PUB [/camera/rgb/image_raw/theora/parameter_descriptions] /camera_nodelet_manager http://pc:37882/
[rosmaster.master][INFO] 2012-12-15 17:59:41,880: -PUB [/camera/rgb/image_raw/theora/parameter_updates] /camera_nodelet_manager http://pc:37882/
[rosmaster.master][INFO] 2012-12-15 17:59:41,881: -PUB [/camera/rgb/camera_info] /camera_nodelet_manager http://pc:37882/
[rosmaster.master][INFO] 2012-12-15 17:59:41,882: -PUB [/camera/ir/image_raw/compressed] /camera_nodelet_manager http://pc:37882/
[rosmaster.master][INFO] 2012-12-15 17:59:41,883: -PUB [/camera/ir/image_raw/compressed/parameter_descriptions] /camera_nodelet_manager http://pc:37882/
[rosmaster.master][INFO] 2012-12-15 17:59:41,883: -PUB [/camera/ir/image_raw/compressed/parameter_updates] /camera_nodelet_manager http://pc:37882/
[rosmaster.master][INFO] 2012-12-15 17:59:41,884: -PUB [/camera/ir/image_raw] /camera_nodelet_manager http://pc:37882/
[rosmaster.master][INFO] 2012-12-15 17:59:41,885: -PUB [/camera/ir/image_raw/theora] /camera_nodelet_manager http://pc:37882/
[rosmaster.master][INFO] 2012-12-15 17:59:41,886: -PUB [/camera/ir/image_raw/theora/parameter_descriptions] /camera_nodelet_manager http://pc:37882/
[rosmaster.master][INFO] 2012-12-15 17:59:41,887: -PUB [/camera/ir/image_raw/theora/parameter_updates] /camera_nodelet_manager http://pc:37882/
[rosmaster.master][INFO] 2012-12-15 17:59:41,888: -PUB [/camera/ir/camera_info] /camera_nodelet_manager http://pc:37882/
[rosmaster.master][INFO] 2012-12-15 17:59:41,889: -PUB [/camera/depth/image_raw/compressed] /camera_nodelet_manager http://pc:37882/
[rosmaster.master][INFO] 2012-12-15 17:59:41,889: -PUB [/camera/depth/image_raw/compressed/parameter_descriptions] /camera_nodelet_manager http://pc:37882/
[rosmaster.master][INFO] 2012-12-15 17:59:41,891: -PUB [/camera/depth/image_raw/compressed/parameter_updates] /camera_nodelet_manager http://pc:37882/
[rosmaster.master][INFO] 2012-12-15 17:59:41,892: -PUB [/camera/depth/image_raw] /camera_nodelet_manager http://pc:37882/
[rosmaster.master][INFO] 2012-12-15 17:59:41,894: -PUB [/camera/depth/image_raw/theora] /camera_nodelet_manager http://pc:37882/
[rosmaster.master][INFO] 2012-12-15 17:59:41,895: -PUB [/camera/depth/image_raw/theora/parameter_descriptions] /camera_nodelet_manager http://pc:37882/
[rosmaster.master][INFO] 2012-12-15 17:59:41,896: -PUB [/camera/depth/image_raw/theora/parameter_updates] /camera_nodelet_manager http://pc:37882/
[rosmaster.master][INFO] 2012-12-15 17:59:41,897: -PUB [/camera/depth/camera_info] /camera_nodelet_manager http://pc:37882/
[rosmaster.master][INFO] 2012-12-15 17:59:41,898: -PUB [/camera/projector/camera_info] /camera_nodelet_manager http://pc:37882/
[rosmaster.master][INFO] 2012-12-15 17:59:41,899: -PUB [/camera/depth_registered/image_raw/compressed] /camera_nodelet_manager http://pc:37882/
[rosmaster.master][INFO] 2012-12-15 17:59:41,899: -PUB [/camera/depth_registered/image_raw/compressed/parameter_descriptions] /camera_nodelet_manager http://pc:37882/
[rosmaster.master][INFO] 2012-12-15 17:59:41,900: -PUB [/camera/depth_registered/image_raw/compressed/parameter_updates] /camera_nodelet_manager http://pc:37882/
[rosmaster.master][INFO] 2012-12-15 17:59:41,901: -PUB [/camera/depth_registered/image_raw] /camera_nodelet_manager http://pc:37882/
[rosmaster.master][INFO] 2012-12-15 17:59:41,903: -PUB [/camera/depth_registered/image_raw/theora] /camera_nodelet_manager http://pc:37882/
[rosmaster.master][INFO] 2012-12-15 17:59:41,906: -PUB [/camera/depth_registered/image_raw/theora/parameter_descriptions] /camera_nodelet_manager http://pc:37882/
[rosmaster.master][INFO] 2012-12-15 17:59:41,908: -PUB [/camera/depth_registered/image_raw/theora/parameter_updates] /camera_nodelet_manager http://pc:37882/
[rosmaster.master][INFO] 2012-12-15 17:59:41,909: -PUB [/camera/depth_registered/image/compressed] /camera_nodelet_manager http://pc:37882/
[rosmaster.master][INFO] 2012-12-15 17:59:41,910: -PUB [/camera/depth_registered/image/compressed/parameter_descriptions] /camera_nodelet_manager http://pc:37882/
[rosmaster.master][INFO] 2012-12-15 17:59:41,911: -PUB [/camera/depth_registered/image/compressed/parameter_updates] /camera_nodelet_manager http://pc:37882/
[rosmaster.master][INFO] 2012-12-15 17:59:41,912: -PUB [/camera/depth_registered/image] /camera_nodelet_manager http://pc:37882/
[rosmaster.master][INFO] 2012-12-15 17:59:41,913: -PUB [/camera/depth_registered/image/theora] /camera_nodelet_manager http://pc:37882/
[rosmaster.master][INFO] 2012-12-15 17:59:41,914: -PUB [/camera/depth_registered/image/theora/parameter_descriptions] /camera_nodelet_manager http://pc:37882/
[rosmaster.master][INFO] 2012-12-15 17:59:41,915: -PUB [/camera/depth_registered/image/theora/parameter_updates] /camera_nodelet_manager http://pc:37882/
[rosmaster.master][INFO] 2012-12-15 17:59:41,916: -SERVICE [/camera_nodelet_manager/get_loggers] /camera_nodelet_manager rosrpc://pc:42230
[rosmaster.master][INFO] 2012-12-15 17:59:41,916: -SERVICE [/camera_nodelet_manager/set_logger_level] /camera_nodelet_manager rosrpc://pc:42230
[rosmaster.master][INFO] 2012-12-15 17:59:41,917: -SERVICE [/camera_nodelet_manager/load_nodelet] /camera_nodelet_manager rosrpc://pc:42230
[rosmaster.master][INFO] 2012-12-15 17:59:41,918: -SERVICE [/camera_nodelet_manager/unload_nodelet] /camera_nodelet_manager rosrpc://pc:42230
[rosmaster.master][INFO] 2012-12-15 17:59:41,919: -SERVICE [/camera_nodelet_manager/list] /camera_nodelet_manager rosrpc://pc:42230
[rosmaster.master][INFO] 2012-12-15 17:59:41,920: -SERVICE [/camera/ir/image_rect/compressed/set_parameters] /camera_nodelet_manager rosrpc://pc:42230
[rosmaster.master][INFO] 2012-12-15 17:59:41,921: -SERVICE [/camera/ir/image_rect/theora/set_parameters] /camera_nodelet_manager rosrpc://pc:42230
[rosmaster.master][INFO] 2012-12-15 17:59:41,922: -SERVICE [/camera/rgb/image_mono/compressed/set_parameters] /camera_nodelet_manager rosrpc://pc:42230
[rosmaster.master][INFO] 2012-12-15 17:59:41,923: -SERVICE [/camera/rgb/image_mono/theora/set_parameters] /camera_nodelet_manager rosrpc://pc:42230
[rosmaster.master][INFO] 2012-12-15 17:59:41,924: -SERVICE [/camera/rgb/image_color/compressed/set_parameters] /camera_nodelet_manager rosrpc://pc:42230
[rosmaster.master][INFO] 2012-12-15 17:59:41,925: -SERVICE [/camera/rgb/image_color/theora/set_parameters] /camera_nodelet_manager rosrpc://pc:42230
[rosmaster.master][INFO] 2012-12-15 17:59:41,926: -SERVICE [/camera/rgb/image_rect/compressed/set_parameters] /camera_nodelet_manager rosrpc://pc:42230
[rosmaster.master][INFO] 2012-12-15 17:59:41,927: -SERVICE [/camera/rgb/image_rect/theora/set_parameters] /camera_nodelet_manager rosrpc://pc:42230
[rosmaster.master][INFO] 2012-12-15 17:59:41,927: -SERVICE [/camera/depth/image_rect_raw/compressed/set_parameters] /camera_nodelet_manager rosrpc://pc:42230
[rosmaster.master][INFO] 2012-12-15 17:59:41,928: -SERVICE [/camera/depth/image_rect_raw/theora/set_parameters] /camera_nodelet_manager rosrpc://pc:42230
[rosmaster.master][INFO] 2012-12-15 17:59:41,929: -SERVICE [/camera/depth_registered/image_rect_raw/compressed/set_parameters] /camera_nodelet_manager rosrpc://pc:42230
[rosmaster.master][INFO] 2012-12-15 17:59:41,930: -SERVICE [/camera/depth_registered/image_rect_raw/theora/set_parameters] /camera_nodelet_manager rosrpc://pc:42230
[rosmaster.master][INFO] 2012-12-15 17:59:41,931: -SERVICE [/camera/depth/image/compressed/set_parameters] /camera_nodelet_manager rosrpc://pc:42230
[rosmaster.master][INFO] 2012-12-15 17:59:41,932: -SERVICE [/camera/depth/image/theora/set_parameters] /camera_nodelet_manager rosrpc://pc:42230
[rosmaster.master][INFO] 2012-12-15 17:59:41,932: -SERVICE [/camera/rgb/image_rect_color/compressed/set_parameters] /camera_nodelet_manager rosrpc://pc:42230
[rosmaster.master][INFO] 2012-12-15 17:59:41,933: -SERVICE [/camera/rgb/image_rect_color/theora/set_parameters] /camera_nodelet_manager rosrpc://pc:42230
[rosmaster.master][INFO] 2012-12-15 17:59:41,934: -SERVICE [/camera/depth_registered/image_rect/compressed/set_parameters] /camera_nodelet_manager rosrpc://pc:42230
[rosmaster.master][INFO] 2012-12-15 17:59:41,935: -SERVICE [/camera/depth_registered/image_rect/theora/set_parameters] /camera_nodelet_manager rosrpc://pc:42230
[rosmaster.master][INFO] 2012-12-15 17:59:41,936: -SERVICE [/camera/depth/image_rect/compressed/set_parameters] /camera_nodelet_manager rosrpc://pc:42230
[rosmaster.master][INFO] 2012-12-15 17:59:41,937: -SERVICE [/camera/depth/image_rect/theora/set_parameters] /camera_nodelet_manager rosrpc://pc:42230
[rosmaster.master][INFO] 2012-12-15 17:59:41,937: -SERVICE [/camera/rgb/image_raw/compressed/set_parameters] /camera_nodelet_manager rosrpc://pc:42230
[rosmaster.master][INFO] 2012-12-15 17:59:41,938: -SERVICE [/camera/rgb/image_raw/theora/set_parameters] /camera_nodelet_manager rosrpc://pc:42230
[rosmaster.master][INFO] 2012-12-15 17:59:41,939: -SERVICE [/camera/ir/image_raw/compressed/set_parameters] /camera_nodelet_manager rosrpc://pc:42230
[rosmaster.master][INFO] 2012-12-15 17:59:41,940: -SERVICE [/camera/ir/image_raw/theora/set_parameters] /camera_nodelet_manager rosrpc://pc:42230
[rosmaster.master][INFO] 2012-12-15 17:59:41,941: -SERVICE [/camera/depth/image_raw/compressed/set_parameters] /camera_nodelet_manager rosrpc://pc:42230
[rosmaster.master][INFO] 2012-12-15 17:59:41,942: -SERVICE [/camera/depth/image_raw/theora/set_parameters] /camera_nodelet_manager rosrpc://pc:42230
[rosmaster.master][INFO] 2012-12-15 17:59:41,945: -SERVICE [/camera/depth_registered/image_raw/compressed/set_parameters] /camera_nodelet_manager rosrpc://pc:42230
[rosmaster.master][INFO] 2012-12-15 17:59:41,946: -SERVICE [/camera/depth_registered/image_raw/theora/set_parameters] /camera_nodelet_manager rosrpc://pc:42230
[rosmaster.master][INFO] 2012-12-15 17:59:41,947: -SERVICE [/camera/depth_registered/image/compressed/set_parameters] /camera_nodelet_manager rosrpc://pc:42230
[rosmaster.master][INFO] 2012-12-15 17:59:41,948: -SERVICE [/camera/depth_registered/image/theora/set_parameters] /camera_nodelet_manager rosrpc://pc:42230
[rosmaster.master][INFO] 2012-12-15 17:59:42,302: -PUB [/rosout_agg] /rosout http://pc:49817/
[rosmaster.master][INFO] 2012-12-15 17:59:42,303: -SUB [/rosout] /rosout http://pc:49817/
[rosmaster.master][INFO] 2012-12-15 17:59:42,304: -SERVICE [/rosout/get_loggers] /rosout rosrpc://pc:33241
[rosmaster.master][INFO] 2012-12-15 17:59:42,306: -SERVICE [/rosout/set_logger_level] /rosout rosrpc://pc:33241
[rosmaster.main][INFO] 2012-12-15 17:59:42,360: keyboard interrupt, will exit
[rosmaster.main][INFO] 2012-12-15 17:59:42,361: stopping master...
