[rosmaster.main][INFO] 2012-12-15 16:04:07,703: initialization complete, waiting for shutdown
[rosmaster.main][INFO] 2012-12-15 16:04:07,703: Starting ROS Master Node
[xmlrpc][INFO] 2012-12-15 16:04:07,704: XML-RPC server binding to 0.0.0.0
[xmlrpc][INFO] 2012-12-15 16:04:07,705: Started XML-RPC server [http://pc:11311/]
[rosmaster.master][INFO] 2012-12-15 16:04:07,705: Master initialized: port[11311], uri[http://pc:11311/]
[xmlrpc][INFO] 2012-12-15 16:04:07,706: xml rpc node: starting XML-RPC server
[rosmaster.master][INFO] 2012-12-15 16:04:07,816: +PARAM [/run_id] by /roslaunch
[rosmaster.master][INFO] 2012-12-15 16:04:07,820: +PARAM [/roslaunch/uris/host_pc__50348] by /roslaunch
[rosmaster.master][INFO] 2012-12-15 16:04:07,848: +PARAM [/rosdistro] by /roslaunch
[rosmaster.master][INFO] 2012-12-15 16:04:07,848: +PARAM [/camera/driver/rgb_frame_id] by /roslaunch
[rosmaster.master][INFO] 2012-12-15 16:04:07,848: +PARAM [/camera/disparity_depth_registered/min_range] by /roslaunch
[rosmaster.master][INFO] 2012-12-15 16:04:07,848: +PARAM [/camera/driver/rgb_camera_info_url] by /roslaunch
[rosmaster.master][INFO] 2012-12-15 16:04:07,849: +PARAM [/camera/depth_registered/rectify_depth/interpolation] by /roslaunch
[rosmaster.master][INFO] 2012-12-15 16:04:07,849: +PARAM [/camera/driver/depth_frame_id] by /roslaunch
[rosmaster.master][INFO] 2012-12-15 16:04:07,849: +PARAM [/camera/depth/rectify_depth/interpolation] by /roslaunch
[rosmaster.master][INFO] 2012-12-15 16:04:07,849: +PARAM [/camera/disparity_depth/max_range] by /roslaunch
[rosmaster.master][INFO] 2012-12-15 16:04:07,849: +PARAM [/rosversion] by /roslaunch
[rosmaster.master][INFO] 2012-12-15 16:04:07,850: +PARAM [/camera/driver/device_id] by /roslaunch
[rosmaster.master][INFO] 2012-12-15 16:04:07,850: +PARAM [/camera/driver/depth_camera_info_url] by /roslaunch
[rosmaster.master][INFO] 2012-12-15 16:04:07,850: +PARAM [/camera/disparity_depth/min_range] by /roslaunch
[rosmaster.master][INFO] 2012-12-15 16:04:07,850: +PARAM [/camera/disparity_depth_registered/max_range] by /roslaunch
[rosmaster.master][INFO] 2012-12-15 16:04:07,855: +SERVICE [/rosout/get_loggers] /rosout http://pc:36735/
[rosmaster.master][INFO] 2012-12-15 16:04:07,856: +SERVICE [/rosout/set_logger_level] /rosout http://pc:36735/
[rosmaster.master][INFO] 2012-12-15 16:04:07,858: +PUB [/rosout_agg] /rosout http://pc:36735/
[rosmaster.master][INFO] 2012-12-15 16:04:07,859: +SUB [/rosout] /rosout http://pc:36735/
[rosmaster.master][INFO] 2012-12-15 16:04:07,888: +PUB [/rosout] /camera/driver http://pc:37312/
[rosmaster.master][INFO] 2012-12-15 16:04:07,889: +SERVICE [/camera/driver/get_loggers] /camera/driver http://pc:37312/
[rosmaster.master][INFO] 2012-12-15 16:04:07,890: +SERVICE [/camera/driver/set_logger_level] /camera/driver http://pc:37312/
[rosmaster.master][INFO] 2012-12-15 16:04:07,895: +PARAM [/camera/driver] by /camera/driver
[rosmaster.master][INFO] 2012-12-15 16:04:07,899: +PUB [/rosout] /camera/rgb/debayer http://pc:40792/
[rosmaster.master][INFO] 2012-12-15 16:04:07,900: +SERVICE [/camera/rgb/debayer/get_loggers] /camera/rgb/debayer http://pc:40792/
[rosmaster.master][INFO] 2012-12-15 16:04:07,901: +SERVICE [/camera/rgb/debayer/set_logger_level] /camera/rgb/debayer http://pc:40792/
[rosmaster.master][INFO] 2012-12-15 16:04:07,904: publisherUpdate[/rosout] -> http://pc:36735/
[rosmaster.master][INFO] 2012-12-15 16:04:07,912: publisherUpdate[/rosout] -> http://pc:36735/
[rosmaster.master][INFO] 2012-12-15 16:04:07,918: publisherUpdate[/rosout] -> http://pc:36735/
[rosmaster.master][INFO] 2012-12-15 16:04:07,914: +PUB [/rosout] /camera/rgb/rectify_mono http://pc:52126/
[rosmaster.master][INFO] 2012-12-15 16:04:07,923: +SERVICE [/camera/rgb/rectify_mono/get_loggers] /camera/rgb/rectify_mono http://pc:52126/
[rosmaster.master][INFO] 2012-12-15 16:04:07,927: +SERVICE [/camera/rgb/rectify_mono/set_logger_level] /camera/rgb/rectify_mono http://pc:52126/
[rosmaster.master][INFO] 2012-12-15 16:04:07,931: +PUB [/rosout] /camera/rgb/rectify_color http://pc:34325/
[rosmaster.master][INFO] 2012-12-15 16:04:07,934: +SERVICE [/camera/rgb/rectify_color/get_loggers] /camera/rgb/rectify_color http://pc:34325/
[rosmaster.master][INFO] 2012-12-15 16:04:07,939: +SERVICE [/camera/rgb/rectify_color/set_logger_level] /camera/rgb/rectify_color http://pc:34325/
[rosmaster.master][INFO] 2012-12-15 16:04:07,942: +PUB [/rosout] /camera/ir/rectify_ir http://pc:36163/
[rosmaster.master][INFO] 2012-12-15 16:04:07,948: +SERVICE [/camera/ir/rectify_ir/get_loggers] /camera/ir/rectify_ir http://pc:36163/
[rosmaster.master][INFO] 2012-12-15 16:04:07,954: +SERVICE [/camera/ir/rectify_ir/set_logger_level] /camera/ir/rectify_ir http://pc:36163/
[rosmaster.master][INFO] 2012-12-15 16:04:07,960: +PUB [/rosout] /camera/depth/rectify_depth http://pc:45328/
[rosmaster.master][INFO] 2012-12-15 16:04:07,967: +SERVICE [/camera/depth/rectify_depth/get_loggers] /camera/depth/rectify_depth http://pc:45328/
[rosmaster.master][INFO] 2012-12-15 16:04:07,971: +PUB [/rosout] /camera/depth/metric_rect http://pc:46786/
[rosmaster.master][INFO] 2012-12-15 16:04:07,979: +SERVICE [/camera/depth/rectify_depth/set_logger_level] /camera/depth/rectify_depth http://pc:45328/
[rosmaster.master][INFO] 2012-12-15 16:04:07,986: +SERVICE [/camera/depth/metric_rect/get_loggers] /camera/depth/metric_rect http://pc:46786/
[rosmaster.master][INFO] 2012-12-15 16:04:07,993: +SERVICE [/camera/depth/metric_rect/set_logger_level] /camera/depth/metric_rect http://pc:46786/
[rosmaster.master][INFO] 2012-12-15 16:04:07,995: +PUB [/rosout] /camera/depth/metric http://pc:57872/
[rosmaster.master][INFO] 2012-12-15 16:04:07,997: +PUB [/rosout] /camera/depth/points http://pc:44227/
[rosmaster.master][INFO] 2012-12-15 16:04:08,002: +SERVICE [/camera/depth/metric/get_loggers] /camera/depth/metric http://pc:57872/
[rosmaster.master][INFO] 2012-12-15 16:04:08,003: +PARAM [/camera/depth/rectify_depth] by /camera/depth/rectify_depth
[rosmaster.master][INFO] 2012-12-15 16:04:08,007: +SERVICE [/camera/depth/points/get_loggers] /camera/depth/points http://pc:44227/
[rosmaster.master][INFO] 2012-12-15 16:04:08,012: publisherUpdate[/rosout] -> http://pc:36735/
[rosmaster.master][INFO] 2012-12-15 16:04:08,013: +SERVICE [/camera/depth/metric/set_logger_level] /camera/depth/metric http://pc:57872/
[rosmaster.master][INFO] 2012-12-15 16:04:08,016: publisherUpdate[/rosout] -> http://pc:36735/
[rosmaster.master][INFO] 2012-12-15 16:04:08,017: publisherUpdate[/rosout] -> http://pc:36735/
[rosmaster.master][INFO] 2012-12-15 16:04:08,019: publisherUpdate[/rosout] -> http://pc:36735/
[rosmaster.master][INFO] 2012-12-15 16:04:08,020: publisherUpdate[/rosout] -> http://pc:36735/
[rosmaster.master][INFO] 2012-12-15 16:04:08,022: publisherUpdate[/rosout] -> http://pc:36735/
[rosmaster.master][INFO] 2012-12-15 16:04:08,031: +SERVICE [/camera/depth/points/set_logger_level] /camera/depth/points http://pc:44227/
[rosmaster.master][INFO] 2012-12-15 16:04:08,046: +PUB [/rosout] /camera/depth_registered/rectify_depth http://pc:57296/
[rosmaster.master][INFO] 2012-12-15 16:04:08,051: +PUB [/rosout] /camera/depth_registered/metric_rect http://pc:49633/
[rosmaster.master][INFO] 2012-12-15 16:04:08,062: +SERVICE [/camera/depth_registered/rectify_depth/get_loggers] /camera/depth_registered/rectify_depth http://pc:57296/
[rosmaster.master][INFO] 2012-12-15 16:04:08,065: +SERVICE [/camera/depth_registered/metric_rect/get_loggers] /camera/depth_registered/metric_rect http://pc:49633/
[rosmaster.master][INFO] 2012-12-15 16:04:08,069: +PUB [/rosout] /camera/depth_registered/metric http://pc:35737/
[rosmaster.master][INFO] 2012-12-15 16:04:08,075: +SERVICE [/camera/depth_registered/metric_rect/set_logger_level] /camera/depth_registered/metric_rect http://pc:49633/
[rosmaster.master][INFO] 2012-12-15 16:04:08,077: +PUB [/rosout] /camera/points_xyzrgb_depth_rgb http://pc:44833/
[rosmaster.master][INFO] 2012-12-15 16:04:08,079: +SERVICE [/camera/depth_registered/metric/get_loggers] /camera/depth_registered/metric http://pc:35737/
[rosmaster.master][INFO] 2012-12-15 16:04:08,082: +SERVICE [/camera/points_xyzrgb_depth_rgb/get_loggers] /camera/points_xyzrgb_depth_rgb http://pc:44833/
[rosmaster.master][INFO] 2012-12-15 16:04:08,084: +SERVICE [/camera/depth_registered/metric/set_logger_level] /camera/depth_registered/metric http://pc:35737/
[rosmaster.master][INFO] 2012-12-15 16:04:08,089: +SERVICE [/camera/points_xyzrgb_depth_rgb/set_logger_level] /camera/points_xyzrgb_depth_rgb http://pc:44833/
[rosmaster.master][INFO] 2012-12-15 16:04:08,091: +PUB [/rosout] /camera/disparity_depth_registered http://pc:57851/
[rosmaster.master][INFO] 2012-12-15 16:04:08,104: +SERVICE [/camera/disparity_depth_registered/get_loggers] /camera/disparity_depth_registered http://pc:57851/
[rosmaster.master][INFO] 2012-12-15 16:04:08,109: +SERVICE [/camera/disparity_depth_registered/set_logger_level] /camera/disparity_depth_registered http://pc:57851/
[rosmaster.master][INFO] 2012-12-15 16:04:08,118: publisherUpdate[/rosout] -> http://pc:36735/
[rosmaster.master][INFO] 2012-12-15 16:04:08,130: publisherUpdate[/rosout] -> http://pc:36735/
[rosmaster.master][INFO] 2012-12-15 16:04:08,138: publisherUpdate[/rosout] -> http://pc:36735/
[rosmaster.master][INFO] 2012-12-15 16:04:08,140: publisherUpdate[/rosout] -> http://pc:36735/
[rosmaster.master][INFO] 2012-12-15 16:04:08,141: publisherUpdate[/rosout] -> http://pc:36735/
[rosmaster.master][INFO] 2012-12-15 16:04:08,147: +PUB [/rosout] /camera_base_link1 http://pc:57597/
[rosmaster.master][INFO] 2012-12-15 16:04:08,151: +PUB [/rosout] /camera_base_link2 http://pc:57108/
[rosmaster.master][INFO] 2012-12-15 16:04:08,152: +SERVICE [/camera_base_link1/get_loggers] /camera_base_link1 http://pc:57597/
[rosmaster.master][INFO] 2012-12-15 16:04:08,153: +PARAM [/camera/disparity_depth_registered] by /camera/disparity_depth_registered
[rosmaster.master][INFO] 2012-12-15 16:04:08,155: +SERVICE [/camera_base_link2/get_loggers] /camera_base_link2 http://pc:57108/
[rosmaster.master][INFO] 2012-12-15 16:04:08,158: +SERVICE [/camera_base_link1/set_logger_level] /camera_base_link1 http://pc:57597/
[rosmaster.master][INFO] 2012-12-15 16:04:08,160: +SERVICE [/camera_base_link2/set_logger_level] /camera_base_link2 http://pc:57108/
[rosmaster.master][INFO] 2012-12-15 16:04:08,168: +PUB [/tf] /camera_base_link2 http://pc:57108/
[rosmaster.master][INFO] 2012-12-15 16:04:08,169: +PUB [/tf] /camera_base_link1 http://pc:57597/
[rosmaster.master][INFO] 2012-12-15 16:04:08,220: publisherUpdate[/rosout] -> http://pc:36735/
[rosmaster.master][INFO] 2012-12-15 16:04:08,222: publisherUpdate[/rosout] -> http://pc:36735/
[rosmaster.master][INFO] 2012-12-15 16:04:08,243: +PUB [/rosout] /camera/register_depth_rgb http://pc:52040/
[rosmaster.master][INFO] 2012-12-15 16:04:08,244: publisherUpdate[/rosout] -> http://pc:36735/
[rosmaster.master][INFO] 2012-12-15 16:04:08,253: +SERVICE [/camera/register_depth_rgb/get_loggers] /camera/register_depth_rgb http://pc:52040/
[rosmaster.master][INFO] 2012-12-15 16:04:08,260: +SERVICE [/camera/register_depth_rgb/set_logger_level] /camera/register_depth_rgb http://pc:52040/
[rosmaster.master][INFO] 2012-12-15 16:04:08,264: +PUB [/rosout] /camera_nodelet_manager http://pc:54347/
[rosmaster.master][INFO] 2012-12-15 16:04:08,266: +SERVICE [/camera_nodelet_manager/get_loggers] /camera_nodelet_manager http://pc:54347/
[rosmaster.master][INFO] 2012-12-15 16:04:08,268: +SERVICE [/camera_nodelet_manager/set_logger_level] /camera_nodelet_manager http://pc:54347/
[rosmaster.master][INFO] 2012-12-15 16:04:08,272: +SERVICE [/camera_nodelet_manager/load_nodelet] /camera_nodelet_manager http://pc:54347/
[rosmaster.master][INFO] 2012-12-15 16:04:08,274: +SERVICE [/camera_nodelet_manager/unload_nodelet] /camera_nodelet_manager http://pc:54347/
[rosmaster.master][INFO] 2012-12-15 16:04:08,275: +SERVICE [/camera_nodelet_manager/list] /camera_nodelet_manager http://pc:54347/
[rosmaster.master][INFO] 2012-12-15 16:04:08,326: publisherUpdate[/rosout] -> http://pc:36735/
[rosmaster.master][INFO] 2012-12-15 16:04:08,353: +PUB [/rosout] /camera_base_link3 http://pc:49611/
[rosmaster.master][INFO] 2012-12-15 16:04:08,354: +SERVICE [/camera_base_link3/get_loggers] /camera_base_link3 http://pc:49611/
[rosmaster.master][INFO] 2012-12-15 16:04:08,356: +SERVICE [/camera_base_link3/set_logger_level] /camera_base_link3 http://pc:49611/
[rosmaster.master][INFO] 2012-12-15 16:04:08,359: +PUB [/tf] /camera_base_link3 http://pc:49611/
[rosmaster.master][INFO] 2012-12-15 16:04:08,429: publisherUpdate[/rosout] -> http://pc:36735/
[rosmaster.master][INFO] 2012-12-15 16:04:08,574: +PUB [/rosout] /set_dr http://pc:41310/
[rosmaster.master][INFO] 2012-12-15 16:04:08,586: +SERVICE [/camera/rgb/rectify_color/set_parameters] /camera_nodelet_manager http://pc:54347/
[rosmaster.master][INFO] 2012-12-15 16:04:08,588: +PUB [/camera/rgb/rectify_color/parameter_descriptions] /camera_nodelet_manager http://pc:54347/
[rosmaster.master][INFO] 2012-12-15 16:04:08,590: +PUB [/camera/rgb/rectify_color/parameter_updates] /camera_nodelet_manager http://pc:54347/
[rosmaster.master][INFO] 2012-12-15 16:04:08,592: +PARAM [/camera/rgb/rectify_color/interpolation] by /camera_nodelet_manager
[rosmaster.master][INFO] 2012-12-15 16:04:08,597: +PUB [/camera/rgb/image_rect_color/compressed] /camera_nodelet_manager http://pc:54347/
[rosmaster.master][INFO] 2012-12-15 16:04:08,598: +SERVICE [/camera/rgb/image_rect_color/compressed/set_parameters] /camera_nodelet_manager http://pc:54347/
[rosmaster.master][INFO] 2012-12-15 16:04:08,599: +PUB [/camera/rgb/image_rect_color/compressed/parameter_descriptions] /camera_nodelet_manager http://pc:54347/
[rosmaster.master][INFO] 2012-12-15 16:04:08,600: +PUB [/camera/rgb/image_rect_color/compressed/parameter_updates] /camera_nodelet_manager http://pc:54347/
[rosmaster.master][INFO] 2012-12-15 16:04:08,603: +PARAM [/camera/rgb/image_rect_color/compressed/format] by /camera_nodelet_manager
[rosmaster.master][INFO] 2012-12-15 16:04:08,604: +PARAM [/camera/rgb/image_rect_color/compressed/jpeg_quality] by /camera_nodelet_manager
[rosmaster.master][INFO] 2012-12-15 16:04:08,605: +PARAM [/camera/rgb/image_rect_color/compressed/png_level] by /camera_nodelet_manager
[rosmaster.master][INFO] 2012-12-15 16:04:08,607: +PUB [/camera/rgb/image_rect_color] /camera_nodelet_manager http://pc:54347/
[rosmaster.master][INFO] 2012-12-15 16:04:08,610: +PUB [/camera/rgb/image_rect_color/theora] /camera_nodelet_manager http://pc:54347/
[rosmaster.master][INFO] 2012-12-15 16:04:08,612: +SERVICE [/camera/rgb/image_rect_color/theora/set_parameters] /camera_nodelet_manager http://pc:54347/
[rosmaster.master][INFO] 2012-12-15 16:04:08,613: +PUB [/camera/rgb/image_rect_color/theora/parameter_descriptions] /camera_nodelet_manager http://pc:54347/
[rosmaster.master][INFO] 2012-12-15 16:04:08,614: +PUB [/camera/rgb/image_rect_color/theora/parameter_updates] /camera_nodelet_manager http://pc:54347/
[rosmaster.master][INFO] 2012-12-15 16:04:08,618: +PARAM [/camera/rgb/image_rect_color/theora/optimize_for] by /camera_nodelet_manager
[rosmaster.master][INFO] 2012-12-15 16:04:08,619: +PARAM [/camera/rgb/image_rect_color/theora/target_bitrate] by /camera_nodelet_manager
[rosmaster.master][INFO] 2012-12-15 16:04:08,620: +PARAM [/camera/rgb/image_rect_color/theora/quality] by /camera_nodelet_manager
[rosmaster.master][INFO] 2012-12-15 16:04:08,621: +PARAM [/camera/rgb/image_rect_color/theora/keyframe_frequency] by /camera_nodelet_manager
[rosmaster.master][INFO] 2012-12-15 16:04:08,633: publisherUpdate[/rosout] -> http://pc:36735/
[rosmaster.master][INFO] 2012-12-15 16:04:08,965: +PUB [/camera/depth_registered/disparity] /camera_nodelet_manager http://pc:54347/
[rosmaster.master][INFO] 2012-12-15 16:04:09,036: +PUB [/rosout] /depth_detection http://pc:33369/
[rosmaster.master][INFO] 2012-12-15 16:04:09,053: publisherUpdate[/rosout] -> http://pc:36735/
[rosmaster.master][INFO] 2012-12-15 16:04:09,064: +SUB [/camera/depth_registered/image_rect] /depth_detection http://pc:33369/
[rosmaster.master][INFO] 2012-12-15 16:04:09,066: +SUB [/camera/rgb/image_rect_color] /depth_detection http://pc:33369/
[rosmaster.master][INFO] 2012-12-15 16:04:09,077: +SUB [/camera/rgb/image_color] /camera_nodelet_manager http://pc:54347/
[rosmaster.master][INFO] 2012-12-15 16:04:09,079: +SUB [/camera/rgb/camera_info] /camera_nodelet_manager http://pc:54347/
[rosmaster.master][INFO] 2012-12-15 16:04:09,543: +PUB [/camera/depth_registered/image/compressed] /camera_nodelet_manager http://pc:54347/
[rosmaster.master][INFO] 2012-12-15 16:04:09,544: +SERVICE [/camera/depth_registered/image/compressed/set_parameters] /camera_nodelet_manager http://pc:54347/
[rosmaster.master][INFO] 2012-12-15 16:04:09,546: +PUB [/camera/depth_registered/image/compressed/parameter_descriptions] /camera_nodelet_manager http://pc:54347/
[rosmaster.master][INFO] 2012-12-15 16:04:09,548: +PUB [/camera/depth_registered/image/compressed/parameter_updates] /camera_nodelet_manager http://pc:54347/
[rosmaster.master][INFO] 2012-12-15 16:04:09,552: +PARAM [/camera/depth_registered/image/compressed/format] by /camera_nodelet_manager
[rosmaster.master][INFO] 2012-12-15 16:04:09,553: +PARAM [/camera/depth_registered/image/compressed/jpeg_quality] by /camera_nodelet_manager
[rosmaster.master][INFO] 2012-12-15 16:04:09,554: +PARAM [/camera/depth_registered/image/compressed/png_level] by /camera_nodelet_manager
[rosmaster.master][INFO] 2012-12-15 16:04:09,556: +PUB [/camera/depth_registered/image] /camera_nodelet_manager http://pc:54347/
[rosmaster.master][INFO] 2012-12-15 16:04:09,558: +PUB [/camera/depth_registered/image/theora] /camera_nodelet_manager http://pc:54347/
[rosmaster.master][INFO] 2012-12-15 16:04:09,559: +SERVICE [/camera/depth_registered/image/theora/set_parameters] /camera_nodelet_manager http://pc:54347/
[rosmaster.master][INFO] 2012-12-15 16:04:09,560: +PUB [/camera/depth_registered/image/theora/parameter_descriptions] /camera_nodelet_manager http://pc:54347/
[rosmaster.master][INFO] 2012-12-15 16:04:09,561: +PUB [/camera/depth_registered/image/theora/parameter_updates] /camera_nodelet_manager http://pc:54347/
[rosmaster.master][INFO] 2012-12-15 16:04:09,565: +PARAM [/camera/depth_registered/image/theora/optimize_for] by /camera_nodelet_manager
[rosmaster.master][INFO] 2012-12-15 16:04:09,566: +PARAM [/camera/depth_registered/image/theora/target_bitrate] by /camera_nodelet_manager
[rosmaster.master][INFO] 2012-12-15 16:04:09,567: +PARAM [/camera/depth_registered/image/theora/quality] by /camera_nodelet_manager
[rosmaster.master][INFO] 2012-12-15 16:04:09,568: +PARAM [/camera/depth_registered/image/theora/keyframe_frequency] by /camera_nodelet_manager
[rosmaster.master][INFO] 2012-12-15 16:04:10,255: +SERVICE [/camera/rgb/debayer/set_parameters] /camera_nodelet_manager http://pc:54347/
[rosmaster.master][INFO] 2012-12-15 16:04:10,257: +PUB [/camera/rgb/debayer/parameter_descriptions] /camera_nodelet_manager http://pc:54347/
[rosmaster.master][INFO] 2012-12-15 16:04:10,259: +PUB [/camera/rgb/debayer/parameter_updates] /camera_nodelet_manager http://pc:54347/
[rosmaster.master][INFO] 2012-12-15 16:04:10,260: +PARAM [/camera/rgb/debayer/debayer] by /camera_nodelet_manager
[rosmaster.master][INFO] 2012-12-15 16:04:10,262: +PUB [/camera/rgb/image_mono/compressed] /camera_nodelet_manager http://pc:54347/
[rosmaster.master][INFO] 2012-12-15 16:04:10,263: +SERVICE [/camera/rgb/image_mono/compressed/set_parameters] /camera_nodelet_manager http://pc:54347/
[rosmaster.master][INFO] 2012-12-15 16:04:10,264: +PUB [/camera/rgb/image_mono/compressed/parameter_descriptions] /camera_nodelet_manager http://pc:54347/
[rosmaster.master][INFO] 2012-12-15 16:04:10,264: +PUB [/camera/rgb/image_mono/compressed/parameter_updates] /camera_nodelet_manager http://pc:54347/
[rosmaster.master][INFO] 2012-12-15 16:04:10,268: +PARAM [/camera/rgb/image_mono/compressed/format] by /camera_nodelet_manager
[rosmaster.master][INFO] 2012-12-15 16:04:10,269: +PARAM [/camera/rgb/image_mono/compressed/jpeg_quality] by /camera_nodelet_manager
[rosmaster.master][INFO] 2012-12-15 16:04:10,270: +PARAM [/camera/rgb/image_mono/compressed/png_level] by /camera_nodelet_manager
[rosmaster.master][INFO] 2012-12-15 16:04:10,271: +PUB [/camera/rgb/image_mono] /camera_nodelet_manager http://pc:54347/
[rosmaster.master][INFO] 2012-12-15 16:04:10,272: +PUB [/camera/rgb/image_mono/theora] /camera_nodelet_manager http://pc:54347/
[rosmaster.master][INFO] 2012-12-15 16:04:10,273: +SERVICE [/camera/rgb/image_mono/theora/set_parameters] /camera_nodelet_manager http://pc:54347/
[rosmaster.master][INFO] 2012-12-15 16:04:10,274: +PUB [/camera/rgb/image_mono/theora/parameter_descriptions] /camera_nodelet_manager http://pc:54347/
[rosmaster.master][INFO] 2012-12-15 16:04:10,275: +PUB [/camera/rgb/image_mono/theora/parameter_updates] /camera_nodelet_manager http://pc:54347/
[rosmaster.master][INFO] 2012-12-15 16:04:10,279: +PARAM [/camera/rgb/image_mono/theora/optimize_for] by /camera_nodelet_manager
[rosmaster.master][INFO] 2012-12-15 16:04:10,280: +PARAM [/camera/rgb/image_mono/theora/target_bitrate] by /camera_nodelet_manager
[rosmaster.master][INFO] 2012-12-15 16:04:10,281: +PARAM [/camera/rgb/image_mono/theora/quality] by /camera_nodelet_manager
[rosmaster.master][INFO] 2012-12-15 16:04:10,282: +PARAM [/camera/rgb/image_mono/theora/keyframe_frequency] by /camera_nodelet_manager
[rosmaster.master][INFO] 2012-12-15 16:04:10,283: +PUB [/camera/rgb/image_color/compressed] /camera_nodelet_manager http://pc:54347/
[rosmaster.master][INFO] 2012-12-15 16:04:10,284: +SERVICE [/camera/rgb/image_color/compressed/set_parameters] /camera_nodelet_manager http://pc:54347/
[rosmaster.master][INFO] 2012-12-15 16:04:10,285: +PUB [/camera/rgb/image_color/compressed/parameter_descriptions] /camera_nodelet_manager http://pc:54347/
[rosmaster.master][INFO] 2012-12-15 16:04:10,287: +PUB [/camera/rgb/image_color/compressed/parameter_updates] /camera_nodelet_manager http://pc:54347/
[rosmaster.master][INFO] 2012-12-15 16:04:10,290: +PARAM [/camera/rgb/image_color/compressed/format] by /camera_nodelet_manager
[rosmaster.master][INFO] 2012-12-15 16:04:10,291: +PARAM [/camera/rgb/image_color/compressed/jpeg_quality] by /camera_nodelet_manager
[rosmaster.master][INFO] 2012-12-15 16:04:10,293: +PARAM [/camera/rgb/image_color/compressed/png_level] by /camera_nodelet_manager
[rosmaster.master][INFO] 2012-12-15 16:04:10,294: +PUB [/camera/rgb/image_color] /camera_nodelet_manager http://pc:54347/
[rosmaster.master][INFO] 2012-12-15 16:04:10,295: +PUB [/camera/rgb/image_color/theora] /camera_nodelet_manager http://pc:54347/
[rosmaster.master][INFO] 2012-12-15 16:04:10,296: +SERVICE [/camera/rgb/image_color/theora/set_parameters] /camera_nodelet_manager http://pc:54347/
[rosmaster.master][INFO] 2012-12-15 16:04:10,297: +PUB [/camera/rgb/image_color/theora/parameter_descriptions] /camera_nodelet_manager http://pc:54347/
[rosmaster.master][INFO] 2012-12-15 16:04:10,298: +PUB [/camera/rgb/image_color/theora/parameter_updates] /camera_nodelet_manager http://pc:54347/
[rosmaster.master][INFO] 2012-12-15 16:04:10,302: +PARAM [/camera/rgb/image_color/theora/optimize_for] by /camera_nodelet_manager
[rosmaster.master][INFO] 2012-12-15 16:04:10,303: +PARAM [/camera/rgb/image_color/theora/target_bitrate] by /camera_nodelet_manager
[rosmaster.master][INFO] 2012-12-15 16:04:10,304: +PARAM [/camera/rgb/image_color/theora/quality] by /camera_nodelet_manager
[rosmaster.master][INFO] 2012-12-15 16:04:10,305: +PARAM [/camera/rgb/image_color/theora/keyframe_frequency] by /camera_nodelet_manager
[rosmaster.master][INFO] 2012-12-15 16:04:10,308: +SUB [/camera/rgb/image_raw] /camera_nodelet_manager http://pc:54347/
[rosmaster.master][INFO] 2012-12-15 16:04:10,337: publisherUpdate[/camera/rgb/image_color] -> http://pc:54347/
[rosmaster.master][INFO] 2012-12-15 16:04:10,877: +SERVICE [/camera/ir/rectify_ir/set_parameters] /camera_nodelet_manager http://pc:54347/
[rosmaster.master][INFO] 2012-12-15 16:04:10,879: +PUB [/camera/ir/rectify_ir/parameter_descriptions] /camera_nodelet_manager http://pc:54347/
[rosmaster.master][INFO] 2012-12-15 16:04:10,881: +PUB [/camera/ir/rectify_ir/parameter_updates] /camera_nodelet_manager http://pc:54347/
[rosmaster.master][INFO] 2012-12-15 16:04:10,883: +PARAM [/camera/ir/rectify_ir/interpolation] by /camera_nodelet_manager
[rosmaster.master][INFO] 2012-12-15 16:04:10,885: +PUB [/camera/ir/image_rect/compressed] /camera_nodelet_manager http://pc:54347/
[rosmaster.master][INFO] 2012-12-15 16:04:10,887: +SERVICE [/camera/ir/image_rect/compressed/set_parameters] /camera_nodelet_manager http://pc:54347/
[rosmaster.master][INFO] 2012-12-15 16:04:10,888: +PUB [/camera/ir/image_rect/compressed/parameter_descriptions] /camera_nodelet_manager http://pc:54347/
[rosmaster.master][INFO] 2012-12-15 16:04:10,890: +PUB [/camera/ir/image_rect/compressed/parameter_updates] /camera_nodelet_manager http://pc:54347/
[rosmaster.master][INFO] 2012-12-15 16:04:10,895: +PARAM [/camera/ir/image_rect/compressed/format] by /camera_nodelet_manager
[rosmaster.master][INFO] 2012-12-15 16:04:10,896: +PARAM [/camera/ir/image_rect/compressed/jpeg_quality] by /camera_nodelet_manager
[rosmaster.master][INFO] 2012-12-15 16:04:10,897: +PARAM [/camera/ir/image_rect/compressed/png_level] by /camera_nodelet_manager
[rosmaster.master][INFO] 2012-12-15 16:04:10,898: +PUB [/camera/ir/image_rect] /camera_nodelet_manager http://pc:54347/
[rosmaster.master][INFO] 2012-12-15 16:04:10,899: +PUB [/camera/ir/image_rect/theora] /camera_nodelet_manager http://pc:54347/
[rosmaster.master][INFO] 2012-12-15 16:04:10,900: +SERVICE [/camera/ir/image_rect/theora/set_parameters] /camera_nodelet_manager http://pc:54347/
[rosmaster.master][INFO] 2012-12-15 16:04:10,901: +PUB [/camera/ir/image_rect/theora/parameter_descriptions] /camera_nodelet_manager http://pc:54347/
[rosmaster.master][INFO] 2012-12-15 16:04:10,902: +PUB [/camera/ir/image_rect/theora/parameter_updates] /camera_nodelet_manager http://pc:54347/
[rosmaster.master][INFO] 2012-12-15 16:04:10,906: +PARAM [/camera/ir/image_rect/theora/optimize_for] by /camera_nodelet_manager
[rosmaster.master][INFO] 2012-12-15 16:04:10,907: +PARAM [/camera/ir/image_rect/theora/target_bitrate] by /camera_nodelet_manager
[rosmaster.master][INFO] 2012-12-15 16:04:10,908: +PARAM [/camera/ir/image_rect/theora/quality] by /camera_nodelet_manager
[rosmaster.master][INFO] 2012-12-15 16:04:10,909: +PARAM [/camera/ir/image_rect/theora/keyframe_frequency] by /camera_nodelet_manager
[rosmaster.master][INFO] 2012-12-15 16:04:11,071: +SERVICE [/camera/depth_registered/rectify_depth/set_logger_level] /camera/depth_registered/rectify_depth http://pc:57296/
[rosmaster.master][INFO] 2012-12-15 16:04:11,073: +PUB [/rosout] /camera/disparity_depth http://pc:40006/
[rosmaster.master][INFO] 2012-12-15 16:04:11,076: +SERVICE [/camera/disparity_depth/get_loggers] /camera/disparity_depth http://pc:40006/
[rosmaster.master][INFO] 2012-12-15 16:04:11,077: +PARAM [/camera/depth_registered/rectify_depth] by /camera/depth_registered/rectify_depth
[rosmaster.master][INFO] 2012-12-15 16:04:11,078: +SERVICE [/camera/disparity_depth/set_logger_level] /camera/disparity_depth http://pc:40006/
[rosmaster.master][INFO] 2012-12-15 16:04:11,082: +PARAM [/camera/disparity_depth] by /camera/disparity_depth
[rosmaster.master][INFO] 2012-12-15 16:04:11,103: +PUB [/rosout] /camera_base_link http://pc:44056/
[rosmaster.master][INFO] 2012-12-15 16:04:11,105: +SERVICE [/camera_base_link/get_loggers] /camera_base_link http://pc:44056/
[rosmaster.master][INFO] 2012-12-15 16:04:11,107: +SERVICE [/camera_base_link/set_logger_level] /camera_base_link http://pc:44056/
[rosmaster.master][INFO] 2012-12-15 16:04:11,111: +PUB [/tf] /camera_base_link http://pc:44056/
[rosmaster.master][INFO] 2012-12-15 16:04:11,139: publisherUpdate[/rosout] -> http://pc:36735/
[rosmaster.master][INFO] 2012-12-15 16:04:11,142: publisherUpdate[/rosout] -> http://pc:36735/
[rosmaster.master][INFO] 2012-12-15 16:04:11,494: +SUB [/tf] /camera_nodelet_manager http://pc:54347/
[rosmaster.master][INFO] 2012-12-15 16:04:11,502: +SERVICE [/camera_nodelet_manager/tf_frames] /camera_nodelet_manager http://pc:54347/
[rosmaster.master][INFO] 2012-12-15 16:04:11,946: +PUB [/camera/depth_registered/image_rect_raw/compressed] /camera_nodelet_manager http://pc:54347/
[rosmaster.master][INFO] 2012-12-15 16:04:11,948: +SERVICE [/camera/depth_registered/image_rect_raw/compressed/set_parameters] /camera_nodelet_manager http://pc:54347/
[rosmaster.master][INFO] 2012-12-15 16:04:11,950: +PUB [/camera/depth_registered/image_rect_raw/compressed/parameter_descriptions] /camera_nodelet_manager http://pc:54347/
[rosmaster.master][INFO] 2012-12-15 16:04:11,953: +PUB [/camera/depth_registered/image_rect_raw/compressed/parameter_updates] /camera_nodelet_manager http://pc:54347/
[rosmaster.master][INFO] 2012-12-15 16:04:11,964: +PARAM [/camera/depth_registered/image_rect_raw/compressed/format] by /camera_nodelet_manager
[rosmaster.master][INFO] 2012-12-15 16:04:11,965: +PARAM [/camera/depth_registered/image_rect_raw/compressed/jpeg_quality] by /camera_nodelet_manager
[rosmaster.master][INFO] 2012-12-15 16:04:11,966: +PARAM [/camera/depth_registered/image_rect_raw/compressed/png_level] by /camera_nodelet_manager
[rosmaster.master][INFO] 2012-12-15 16:04:11,968: +PUB [/camera/depth_registered/image_rect_raw] /camera_nodelet_manager http://pc:54347/
[rosmaster.master][INFO] 2012-12-15 16:04:11,969: +PUB [/camera/depth_registered/image_rect_raw/theora] /camera_nodelet_manager http://pc:54347/
[rosmaster.master][INFO] 2012-12-15 16:04:11,970: +SERVICE [/camera/depth_registered/image_rect_raw/theora/set_parameters] /camera_nodelet_manager http://pc:54347/
[rosmaster.master][INFO] 2012-12-15 16:04:11,972: +PUB [/camera/depth_registered/image_rect_raw/theora/parameter_descriptions] /camera_nodelet_manager http://pc:54347/
[rosmaster.master][INFO] 2012-12-15 16:04:11,974: +PUB [/camera/depth_registered/image_rect_raw/theora/parameter_updates] /camera_nodelet_manager http://pc:54347/
[rosmaster.master][INFO] 2012-12-15 16:04:11,983: +PARAM [/camera/depth_registered/image_rect_raw/theora/optimize_for] by /camera_nodelet_manager
[rosmaster.master][INFO] 2012-12-15 16:04:11,984: +PARAM [/camera/depth_registered/image_rect_raw/theora/target_bitrate] by /camera_nodelet_manager
[rosmaster.master][INFO] 2012-12-15 16:04:11,986: +PARAM [/camera/depth_registered/image_rect_raw/theora/quality] by /camera_nodelet_manager
[rosmaster.master][INFO] 2012-12-15 16:04:11,988: +PARAM [/camera/depth_registered/image_rect_raw/theora/keyframe_frequency] by /camera_nodelet_manager
[rosmaster.master][INFO] 2012-12-15 16:04:11,989: +PUB [/camera/depth_registered/camera_info] /camera_nodelet_manager http://pc:54347/
[rosmaster.master][INFO] 2012-12-15 16:04:12,270: +PUB [/camera/depth/image/compressed] /camera_nodelet_manager http://pc:54347/
[rosmaster.master][INFO] 2012-12-15 16:04:12,272: +SERVICE [/camera/depth/image/compressed/set_parameters] /camera_nodelet_manager http://pc:54347/
[rosmaster.master][INFO] 2012-12-15 16:04:12,275: +PUB [/camera/depth/image/compressed/parameter_descriptions] /camera_nodelet_manager http://pc:54347/
[rosmaster.master][INFO] 2012-12-15 16:04:12,277: +PUB [/camera/depth/image/compressed/parameter_updates] /camera_nodelet_manager http://pc:54347/
[rosmaster.master][INFO] 2012-12-15 16:04:12,285: +PARAM [/camera/depth/image/compressed/format] by /camera_nodelet_manager
[rosmaster.master][INFO] 2012-12-15 16:04:12,287: +PARAM [/camera/depth/image/compressed/jpeg_quality] by /camera_nodelet_manager
[rosmaster.master][INFO] 2012-12-15 16:04:12,289: +PARAM [/camera/depth/image/compressed/png_level] by /camera_nodelet_manager
[rosmaster.master][INFO] 2012-12-15 16:04:12,292: +PUB [/camera/depth/image] /camera_nodelet_manager http://pc:54347/
[rosmaster.master][INFO] 2012-12-15 16:04:12,295: +PUB [/camera/depth/image/theora] /camera_nodelet_manager http://pc:54347/
[rosmaster.master][INFO] 2012-12-15 16:04:12,297: +SERVICE [/camera/depth/image/theora/set_parameters] /camera_nodelet_manager http://pc:54347/
[rosmaster.master][INFO] 2012-12-15 16:04:12,300: +PUB [/camera/depth/image/theora/parameter_descriptions] /camera_nodelet_manager http://pc:54347/
[rosmaster.master][INFO] 2012-12-15 16:04:12,303: +PUB [/camera/depth/image/theora/parameter_updates] /camera_nodelet_manager http://pc:54347/
[rosmaster.master][INFO] 2012-12-15 16:04:12,312: +PARAM [/camera/depth/image/theora/optimize_for] by /camera_nodelet_manager
[rosmaster.master][INFO] 2012-12-15 16:04:12,315: +PARAM [/camera/depth/image/theora/target_bitrate] by /camera_nodelet_manager
[rosmaster.master][INFO] 2012-12-15 16:04:12,317: +PARAM [/camera/depth/image/theora/quality] by /camera_nodelet_manager
[rosmaster.master][INFO] 2012-12-15 16:04:12,320: +PARAM [/camera/depth/image/theora/keyframe_frequency] by /camera_nodelet_manager
[rosmaster.master][INFO] 2012-12-15 16:04:12,597: +SERVICE [/camera/rgb/rectify_mono/set_parameters] /camera_nodelet_manager http://pc:54347/
[rosmaster.master][INFO] 2012-12-15 16:04:12,599: +PUB [/camera/rgb/rectify_mono/parameter_descriptions] /camera_nodelet_manager http://pc:54347/
[rosmaster.master][INFO] 2012-12-15 16:04:12,601: +PUB [/camera/rgb/rectify_mono/parameter_updates] /camera_nodelet_manager http://pc:54347/
[rosmaster.master][INFO] 2012-12-15 16:04:12,605: +PARAM [/camera/rgb/rectify_mono/interpolation] by /camera_nodelet_manager
[rosmaster.master][INFO] 2012-12-15 16:04:12,608: +PUB [/camera/rgb/image_rect/compressed] /camera_nodelet_manager http://pc:54347/
[rosmaster.master][INFO] 2012-12-15 16:04:12,610: +SERVICE [/camera/rgb/image_rect/compressed/set_parameters] /camera_nodelet_manager http://pc:54347/
[rosmaster.master][INFO] 2012-12-15 16:04:12,613: +PUB [/camera/rgb/image_rect/compressed/parameter_descriptions] /camera_nodelet_manager http://pc:54347/
[rosmaster.master][INFO] 2012-12-15 16:04:12,616: +PUB [/camera/rgb/image_rect/compressed/parameter_updates] /camera_nodelet_manager http://pc:54347/
[rosmaster.master][INFO] 2012-12-15 16:04:12,624: +PARAM [/camera/rgb/image_rect/compressed/format] by /camera_nodelet_manager
[rosmaster.master][INFO] 2012-12-15 16:04:12,626: +PARAM [/camera/rgb/image_rect/compressed/jpeg_quality] by /camera_nodelet_manager
[rosmaster.master][INFO] 2012-12-15 16:04:12,628: +PARAM [/camera/rgb/image_rect/compressed/png_level] by /camera_nodelet_manager
[rosmaster.master][INFO] 2012-12-15 16:04:12,631: +PUB [/camera/rgb/image_rect] /camera_nodelet_manager http://pc:54347/
[rosmaster.master][INFO] 2012-12-15 16:04:12,634: +PUB [/camera/rgb/image_rect/theora] /camera_nodelet_manager http://pc:54347/
[rosmaster.master][INFO] 2012-12-15 16:04:12,636: +SERVICE [/camera/rgb/image_rect/theora/set_parameters] /camera_nodelet_manager http://pc:54347/
[rosmaster.master][INFO] 2012-12-15 16:04:12,639: +PUB [/camera/rgb/image_rect/theora/parameter_descriptions] /camera_nodelet_manager http://pc:54347/
[rosmaster.master][INFO] 2012-12-15 16:04:12,641: +PUB [/camera/rgb/image_rect/theora/parameter_updates] /camera_nodelet_manager http://pc:54347/
[rosmaster.master][INFO] 2012-12-15 16:04:12,653: +PARAM [/camera/rgb/image_rect/theora/optimize_for] by /camera_nodelet_manager
[rosmaster.master][INFO] 2012-12-15 16:04:12,655: +PARAM [/camera/rgb/image_rect/theora/target_bitrate] by /camera_nodelet_manager
[rosmaster.master][INFO] 2012-12-15 16:04:12,658: +PARAM [/camera/rgb/image_rect/theora/quality] by /camera_nodelet_manager
[rosmaster.master][INFO] 2012-12-15 16:04:12,661: +PARAM [/camera/rgb/image_rect/theora/keyframe_frequency] by /camera_nodelet_manager
[rosmaster.master][INFO] 2012-12-15 16:04:12,942: +PUB [/camera/depth/points] /camera_nodelet_manager http://pc:54347/
[rosmaster.master][INFO] 2012-12-15 16:04:13,228: +SERVICE [/camera/depth_registered/rectify_depth/set_parameters] /camera_nodelet_manager http://pc:54347/
[rosmaster.master][INFO] 2012-12-15 16:04:13,230: +PUB [/camera/depth_registered/rectify_depth/parameter_descriptions] /camera_nodelet_manager http://pc:54347/
[rosmaster.master][INFO] 2012-12-15 16:04:13,232: +PUB [/camera/depth_registered/rectify_depth/parameter_updates] /camera_nodelet_manager http://pc:54347/
[rosmaster.master][INFO] 2012-12-15 16:04:13,237: +PARAM [/camera/depth_registered/rectify_depth/interpolation] by /camera_nodelet_manager
[rosmaster.master][INFO] 2012-12-15 16:04:13,247: +PARAM [/camera/depth_registered/image_rect_raw/compressed/format] by /camera_nodelet_manager
[rosmaster.master][INFO] 2012-12-15 16:04:13,251: +PARAM [/camera/depth_registered/image_rect_raw/compressed/jpeg_quality] by /camera_nodelet_manager
[rosmaster.master][INFO] 2012-12-15 16:04:13,256: +PARAM [/camera/depth_registered/image_rect_raw/compressed/png_level] by /camera_nodelet_manager
[rosmaster.master][INFO] 2012-12-15 16:04:13,270: +PARAM [/camera/depth_registered/image_rect_raw/theora/optimize_for] by /camera_nodelet_manager
[rosmaster.master][INFO] 2012-12-15 16:04:13,274: +PARAM [/camera/depth_registered/image_rect_raw/theora/target_bitrate] by /camera_nodelet_manager
[rosmaster.master][INFO] 2012-12-15 16:04:13,279: +PARAM [/camera/depth_registered/image_rect_raw/theora/quality] by /camera_nodelet_manager
[rosmaster.master][INFO] 2012-12-15 16:04:13,282: +PARAM [/camera/depth_registered/image_rect_raw/theora/keyframe_frequency] by /camera_nodelet_manager
[rosmaster.master][INFO] 2012-12-15 16:04:13,559: +SERVICE [/camera/driver/set_parameters] /camera_nodelet_manager http://pc:54347/
[rosmaster.master][INFO] 2012-12-15 16:04:13,560: +PUB [/camera/driver/parameter_descriptions] /camera_nodelet_manager http://pc:54347/
[rosmaster.master][INFO] 2012-12-15 16:04:13,562: +PUB [/camera/driver/parameter_updates] /camera_nodelet_manager http://pc:54347/
[rosmaster.master][INFO] 2012-12-15 16:04:13,578: +PARAM [/camera/driver/image_mode] by /camera_nodelet_manager
[rosmaster.master][INFO] 2012-12-15 16:04:13,581: +PARAM [/camera/driver/depth_mode] by /camera_nodelet_manager
[rosmaster.master][INFO] 2012-12-15 16:04:13,582: +PARAM [/camera/driver/depth_registration] by /camera_nodelet_manager
[rosmaster.master][INFO] 2012-12-15 16:04:13,584: +PARAM [/camera/driver/data_skip] by /camera_nodelet_manager
[rosmaster.master][INFO] 2012-12-15 16:04:13,585: +PARAM [/camera/driver/depth_time_offset] by /camera_nodelet_manager
[rosmaster.master][INFO] 2012-12-15 16:04:13,586: +PARAM [/camera/driver/image_time_offset] by /camera_nodelet_manager
[rosmaster.master][INFO] 2012-12-15 16:04:13,587: +PARAM [/camera/driver/depth_ir_offset_x] by /camera_nodelet_manager
[rosmaster.master][INFO] 2012-12-15 16:04:13,588: +PARAM [/camera/driver/depth_ir_offset_y] by /camera_nodelet_manager
[rosmaster.master][INFO] 2012-12-15 16:04:13,589: +PARAM [/camera/driver/z_offset_mm] by /camera_nodelet_manager
[rosmaster.master][INFO] 2012-12-15 16:04:13,601: +SERVICE [/camera/rgb/set_camera_info] /camera_nodelet_manager http://pc:54347/
[rosmaster.master][INFO] 2012-12-15 16:04:13,603: +SERVICE [/camera/ir/set_camera_info] /camera_nodelet_manager http://pc:54347/
[rosmaster.master][INFO] 2012-12-15 16:04:13,605: +PUB [/camera/rgb/image_raw/compressed] /camera_nodelet_manager http://pc:54347/
[rosmaster.master][INFO] 2012-12-15 16:04:13,606: +SERVICE [/camera/rgb/image_raw/compressed/set_parameters] /camera_nodelet_manager http://pc:54347/
[rosmaster.master][INFO] 2012-12-15 16:04:13,607: +PUB [/camera/rgb/image_raw/compressed/parameter_descriptions] /camera_nodelet_manager http://pc:54347/
[rosmaster.master][INFO] 2012-12-15 16:04:13,608: +PUB [/camera/rgb/image_raw/compressed/parameter_updates] /camera_nodelet_manager http://pc:54347/
[rosmaster.master][INFO] 2012-12-15 16:04:13,612: +PARAM [/camera/rgb/image_raw/compressed/format] by /camera_nodelet_manager
[rosmaster.master][INFO] 2012-12-15 16:04:13,614: +PARAM [/camera/rgb/image_raw/compressed/jpeg_quality] by /camera_nodelet_manager
[rosmaster.master][INFO] 2012-12-15 16:04:13,616: +PARAM [/camera/rgb/image_raw/compressed/png_level] by /camera_nodelet_manager
[rosmaster.master][INFO] 2012-12-15 16:04:13,618: +PUB [/camera/rgb/image_raw] /camera_nodelet_manager http://pc:54347/
[rosmaster.master][INFO] 2012-12-15 16:04:13,623: +PUB [/camera/rgb/image_raw/theora] /camera_nodelet_manager http://pc:54347/
[rosmaster.master][INFO] 2012-12-15 16:04:13,625: +PUB [/camera/depth/disparity] /camera_nodelet_manager http://pc:54347/
[rosmaster.master][INFO] 2012-12-15 16:04:13,627: +SERVICE [/camera/rgb/image_raw/theora/set_parameters] /camera_nodelet_manager http://pc:54347/
[rosmaster.master][INFO] 2012-12-15 16:04:13,628: +PUB [/camera/rgb/image_raw/theora/parameter_descriptions] /camera_nodelet_manager http://pc:54347/
[rosmaster.master][INFO] 2012-12-15 16:04:13,631: +PUB [/camera/rgb/image_raw/theora/parameter_updates] /camera_nodelet_manager http://pc:54347/
[rosmaster.master][INFO] 2012-12-15 16:04:13,645: publisherUpdate[/camera/rgb/image_raw] -> http://pc:54347/
[rosmaster.master][INFO] 2012-12-15 16:04:13,648: +PARAM [/camera/rgb/image_raw/theora/optimize_for] by /camera_nodelet_manager
[rosmaster.master][INFO] 2012-12-15 16:04:13,649: +PARAM [/camera/rgb/image_raw/theora/target_bitrate] by /camera_nodelet_manager
[rosmaster.master][INFO] 2012-12-15 16:04:13,650: +PARAM [/camera/rgb/image_raw/theora/quality] by /camera_nodelet_manager
[rosmaster.master][INFO] 2012-12-15 16:04:13,651: +PARAM [/camera/rgb/image_raw/theora/keyframe_frequency] by /camera_nodelet_manager
[rosmaster.master][INFO] 2012-12-15 16:04:13,653: +PUB [/camera/rgb/camera_info] /camera_nodelet_manager http://pc:54347/
[rosmaster.master][INFO] 2012-12-15 16:04:13,654: +PUB [/camera/ir/image_raw/compressed] /camera_nodelet_manager http://pc:54347/
[rosmaster.master][INFO] 2012-12-15 16:04:13,655: +SERVICE [/camera/ir/image_raw/compressed/set_parameters] /camera_nodelet_manager http://pc:54347/
[rosmaster.master][INFO] 2012-12-15 16:04:13,656: +PUB [/camera/ir/image_raw/compressed/parameter_descriptions] /camera_nodelet_manager http://pc:54347/
[rosmaster.master][INFO] 2012-12-15 16:04:13,657: +PUB [/camera/ir/image_raw/compressed/parameter_updates] /camera_nodelet_manager http://pc:54347/
[rosmaster.master][INFO] 2012-12-15 16:04:13,660: +PARAM [/camera/ir/image_raw/compressed/format] by /camera_nodelet_manager
[rosmaster.master][INFO] 2012-12-15 16:04:13,661: +PARAM [/camera/ir/image_raw/compressed/jpeg_quality] by /camera_nodelet_manager
[rosmaster.master][INFO] 2012-12-15 16:04:13,662: +PARAM [/camera/ir/image_raw/compressed/png_level] by /camera_nodelet_manager
[rosmaster.master][INFO] 2012-12-15 16:04:13,663: +PUB [/camera/ir/image_raw] /camera_nodelet_manager http://pc:54347/
[rosmaster.master][INFO] 2012-12-15 16:04:13,664: +PUB [/camera/ir/image_raw/theora] /camera_nodelet_manager http://pc:54347/
[rosmaster.master][INFO] 2012-12-15 16:04:13,664: publisherUpdate[/camera/rgb/camera_info] -> http://pc:54347/
[rosmaster.master][INFO] 2012-12-15 16:04:13,666: +SERVICE [/camera/ir/image_raw/theora/set_parameters] /camera_nodelet_manager http://pc:54347/
[rosmaster.master][INFO] 2012-12-15 16:04:13,667: +PUB [/camera/ir/image_raw/theora/parameter_descriptions] /camera_nodelet_manager http://pc:54347/
[rosmaster.master][INFO] 2012-12-15 16:04:13,668: +PUB [/camera/ir/image_raw/theora/parameter_updates] /camera_nodelet_manager http://pc:54347/
[rosmaster.master][INFO] 2012-12-15 16:04:13,672: +PARAM [/camera/ir/image_raw/theora/optimize_for] by /camera_nodelet_manager
[rosmaster.master][INFO] 2012-12-15 16:04:13,673: +PARAM [/camera/ir/image_raw/theora/target_bitrate] by /camera_nodelet_manager
[rosmaster.master][INFO] 2012-12-15 16:04:13,674: +PARAM [/camera/ir/image_raw/theora/quality] by /camera_nodelet_manager
[rosmaster.master][INFO] 2012-12-15 16:04:13,675: +PARAM [/camera/ir/image_raw/theora/keyframe_frequency] by /camera_nodelet_manager
[rosmaster.master][INFO] 2012-12-15 16:04:13,676: +PUB [/camera/ir/camera_info] /camera_nodelet_manager http://pc:54347/
[rosmaster.master][INFO] 2012-12-15 16:04:13,677: +PUB [/camera/depth/image_raw/compressed] /camera_nodelet_manager http://pc:54347/
[rosmaster.master][INFO] 2012-12-15 16:04:13,678: +SERVICE [/camera/depth/image_raw/compressed/set_parameters] /camera_nodelet_manager http://pc:54347/
[rosmaster.master][INFO] 2012-12-15 16:04:13,679: +PUB [/camera/depth/image_raw/compressed/parameter_descriptions] /camera_nodelet_manager http://pc:54347/
[rosmaster.master][INFO] 2012-12-15 16:04:13,680: +PUB [/camera/depth/image_raw/compressed/parameter_updates] /camera_nodelet_manager http://pc:54347/
[rosmaster.master][INFO] 2012-12-15 16:04:13,684: +PARAM [/camera/depth/image_raw/compressed/format] by /camera_nodelet_manager
[rosmaster.master][INFO] 2012-12-15 16:04:13,685: +PARAM [/camera/depth/image_raw/compressed/jpeg_quality] by /camera_nodelet_manager
[rosmaster.master][INFO] 2012-12-15 16:04:13,686: +PARAM [/camera/depth/image_raw/compressed/png_level] by /camera_nodelet_manager
[rosmaster.master][INFO] 2012-12-15 16:04:13,687: +PUB [/camera/depth/image_raw] /camera_nodelet_manager http://pc:54347/
[rosmaster.master][INFO] 2012-12-15 16:04:13,688: +PUB [/camera/depth/image_raw/theora] /camera_nodelet_manager http://pc:54347/
[rosmaster.master][INFO] 2012-12-15 16:04:13,689: +SERVICE [/camera/depth/image_raw/theora/set_parameters] /camera_nodelet_manager http://pc:54347/
[rosmaster.master][INFO] 2012-12-15 16:04:13,690: +PUB [/camera/depth/image_raw/theora/parameter_descriptions] /camera_nodelet_manager http://pc:54347/
[rosmaster.master][INFO] 2012-12-15 16:04:13,691: +PUB [/camera/depth/image_raw/theora/parameter_updates] /camera_nodelet_manager http://pc:54347/
[rosmaster.master][INFO] 2012-12-15 16:04:13,695: +PARAM [/camera/depth/image_raw/theora/optimize_for] by /camera_nodelet_manager
[rosmaster.master][INFO] 2012-12-15 16:04:13,696: +PARAM [/camera/depth/image_raw/theora/target_bitrate] by /camera_nodelet_manager
[rosmaster.master][INFO] 2012-12-15 16:04:13,696: +PARAM [/camera/depth/image_raw/theora/quality] by /camera_nodelet_manager
[rosmaster.master][INFO] 2012-12-15 16:04:13,697: +PARAM [/camera/depth/image_raw/theora/keyframe_frequency] by /camera_nodelet_manager
[rosmaster.master][INFO] 2012-12-15 16:04:13,698: +PUB [/camera/depth/camera_info] /camera_nodelet_manager http://pc:54347/
[rosmaster.master][INFO] 2012-12-15 16:04:13,699: +PUB [/camera/projector/camera_info] /camera_nodelet_manager http://pc:54347/
[rosmaster.master][INFO] 2012-12-15 16:04:13,700: +PUB [/camera/depth_registered/image_raw/compressed] /camera_nodelet_manager http://pc:54347/
[rosmaster.master][INFO] 2012-12-15 16:04:13,702: +SERVICE [/camera/depth_registered/image_raw/compressed/set_parameters] /camera_nodelet_manager http://pc:54347/
[rosmaster.master][INFO] 2012-12-15 16:04:13,703: +PUB [/camera/depth_registered/image_raw/compressed/parameter_descriptions] /camera_nodelet_manager http://pc:54347/
[rosmaster.master][INFO] 2012-12-15 16:04:13,704: +PUB [/camera/depth_registered/image_raw/compressed/parameter_updates] /camera_nodelet_manager http://pc:54347/
[rosmaster.master][INFO] 2012-12-15 16:04:13,707: +PARAM [/camera/depth_registered/image_raw/compressed/format] by /camera_nodelet_manager
[rosmaster.master][INFO] 2012-12-15 16:04:13,708: +PARAM [/camera/depth_registered/image_raw/compressed/jpeg_quality] by /camera_nodelet_manager
[rosmaster.master][INFO] 2012-12-15 16:04:13,709: +PARAM [/camera/depth_registered/image_raw/compressed/png_level] by /camera_nodelet_manager
[rosmaster.master][INFO] 2012-12-15 16:04:13,710: +PUB [/camera/depth_registered/image_raw] /camera_nodelet_manager http://pc:54347/
[rosmaster.master][INFO] 2012-12-15 16:04:13,711: +PUB [/camera/depth_registered/image_raw/theora] /camera_nodelet_manager http://pc:54347/
[rosmaster.master][INFO] 2012-12-15 16:04:13,712: +SERVICE [/camera/depth_registered/image_raw/theora/set_parameters] /camera_nodelet_manager http://pc:54347/
[rosmaster.master][INFO] 2012-12-15 16:04:13,713: +PUB [/camera/depth_registered/image_raw/theora/parameter_descriptions] /camera_nodelet_manager http://pc:54347/
[rosmaster.master][INFO] 2012-12-15 16:04:13,715: +PUB [/camera/depth_registered/image_raw/theora/parameter_updates] /camera_nodelet_manager http://pc:54347/
[rosmaster.master][INFO] 2012-12-15 16:04:13,719: +PARAM [/camera/depth_registered/image_raw/theora/optimize_for] by /camera_nodelet_manager
[rosmaster.master][INFO] 2012-12-15 16:04:13,720: +PARAM [/camera/depth_registered/image_raw/theora/target_bitrate] by /camera_nodelet_manager
[rosmaster.master][INFO] 2012-12-15 16:04:13,721: +PARAM [/camera/depth_registered/image_raw/theora/quality] by /camera_nodelet_manager
[rosmaster.master][INFO] 2012-12-15 16:04:13,722: +PARAM [/camera/depth_registered/image_raw/theora/keyframe_frequency] by /camera_nodelet_manager
[rosmaster.master][INFO] 2012-12-15 16:04:13,728: +SUB [/camera/driver/parameter_updates] /set_dr http://pc:41310/
[rosmaster.master][INFO] 2012-12-15 16:04:13,729: +SUB [/camera/driver/parameter_descriptions] /set_dr http://pc:41310/
[rosmaster.master][INFO] 2012-12-15 16:04:14,180: +PUB [/camera/depth_registered/points] /camera_nodelet_manager http://pc:54347/
[rosmaster.master][INFO] 2012-12-15 16:04:14,478: +PUB [/camera/depth_registered/image_rect/compressed] /camera_nodelet_manager http://pc:54347/
[rosmaster.master][INFO] 2012-12-15 16:04:14,481: +SERVICE [/camera/depth_registered/image_rect/compressed/set_parameters] /camera_nodelet_manager http://pc:54347/
[rosmaster.master][INFO] 2012-12-15 16:04:14,483: +PUB [/camera/depth_registered/image_rect/compressed/parameter_descriptions] /camera_nodelet_manager http://pc:54347/
[rosmaster.master][INFO] 2012-12-15 16:04:14,486: +PUB [/camera/depth_registered/image_rect/compressed/parameter_updates] /camera_nodelet_manager http://pc:54347/
[rosmaster.master][INFO] 2012-12-15 16:04:14,494: +PARAM [/camera/depth_registered/image_rect/compressed/format] by /camera_nodelet_manager
[rosmaster.master][INFO] 2012-12-15 16:04:14,496: +PARAM [/camera/depth_registered/image_rect/compressed/jpeg_quality] by /camera_nodelet_manager
[rosmaster.master][INFO] 2012-12-15 16:04:14,498: +PARAM [/camera/depth_registered/image_rect/compressed/png_level] by /camera_nodelet_manager
[rosmaster.master][INFO] 2012-12-15 16:04:14,501: +PUB [/camera/depth_registered/image_rect] /camera_nodelet_manager http://pc:54347/
[rosmaster.master][INFO] 2012-12-15 16:04:14,504: +PUB [/camera/depth_registered/image_rect/theora] /camera_nodelet_manager http://pc:54347/
[rosmaster.master][INFO] 2012-12-15 16:04:14,507: +SERVICE [/camera/depth_registered/image_rect/theora/set_parameters] /camera_nodelet_manager http://pc:54347/
[rosmaster.master][INFO] 2012-12-15 16:04:14,510: +PUB [/camera/depth_registered/image_rect/theora/parameter_descriptions] /camera_nodelet_manager http://pc:54347/
[rosmaster.master][INFO] 2012-12-15 16:04:14,513: +PUB [/camera/depth_registered/image_rect/theora/parameter_updates] /camera_nodelet_manager http://pc:54347/
[rosmaster.master][INFO] 2012-12-15 16:04:14,526: +PARAM [/camera/depth_registered/image_rect/theora/optimize_for] by /camera_nodelet_manager
[rosmaster.master][INFO] 2012-12-15 16:04:14,529: +PARAM [/camera/depth_registered/image_rect/theora/target_bitrate] by /camera_nodelet_manager
[rosmaster.master][INFO] 2012-12-15 16:04:14,531: +PARAM [/camera/depth_registered/image_rect/theora/quality] by /camera_nodelet_manager
[rosmaster.master][INFO] 2012-12-15 16:04:14,533: +PARAM [/camera/depth_registered/image_rect/theora/keyframe_frequency] by /camera_nodelet_manager
[rosmaster.master][INFO] 2012-12-15 16:04:14,548: publisherUpdate[/camera/depth_registered/image_rect] -> http://pc:33369/
[rosmaster.master][INFO] 2012-12-15 16:04:14,575: +SUB [/camera/depth_registered/image_rect_raw] /camera_nodelet_manager http://pc:54347/
[rosmaster.master][INFO] 2012-12-15 16:04:14,577: +SUB [/camera/depth/image_rect_raw] /camera_nodelet_manager http://pc:54347/
[rosmaster.master][INFO] 2012-12-15 16:04:14,579: +SUB [/camera/depth_registered/image_raw] /camera_nodelet_manager http://pc:54347/
[rosmaster.master][INFO] 2012-12-15 16:04:14,580: +SUB [/camera/depth/camera_info] /camera_nodelet_manager http://pc:54347/
[rosmaster.master][INFO] 2012-12-15 16:04:14,581: +SUB [/camera/depth_registered/camera_info] /camera_nodelet_manager http://pc:54347/
[rosmaster.master][INFO] 2012-12-15 16:04:14,825: +PUB [/camera/depth/image_rect/compressed] /camera_nodelet_manager http://pc:54347/
[rosmaster.master][INFO] 2012-12-15 16:04:14,827: +SERVICE [/camera/depth/image_rect/compressed/set_parameters] /camera_nodelet_manager http://pc:54347/
[rosmaster.master][INFO] 2012-12-15 16:04:14,830: +PUB [/camera/depth/image_rect/compressed/parameter_descriptions] /camera_nodelet_manager http://pc:54347/
[rosmaster.master][INFO] 2012-12-15 16:04:14,832: +PUB [/camera/depth/image_rect/compressed/parameter_updates] /camera_nodelet_manager http://pc:54347/
[rosmaster.master][INFO] 2012-12-15 16:04:14,840: +PARAM [/camera/depth/image_rect/compressed/format] by /camera_nodelet_manager
[rosmaster.master][INFO] 2012-12-15 16:04:14,842: +PARAM [/camera/depth/image_rect/compressed/jpeg_quality] by /camera_nodelet_manager
[rosmaster.master][INFO] 2012-12-15 16:04:14,844: +PARAM [/camera/depth/image_rect/compressed/png_level] by /camera_nodelet_manager
[rosmaster.master][INFO] 2012-12-15 16:04:14,847: +PUB [/camera/depth/image_rect] /camera_nodelet_manager http://pc:54347/
[rosmaster.master][INFO] 2012-12-15 16:04:14,850: +PUB [/camera/depth/image_rect/theora] /camera_nodelet_manager http://pc:54347/
[rosmaster.master][INFO] 2012-12-15 16:04:14,852: +SERVICE [/camera/depth/image_rect/theora/set_parameters] /camera_nodelet_manager http://pc:54347/
[rosmaster.master][INFO] 2012-12-15 16:04:14,856: +PUB [/camera/depth/image_rect/theora/parameter_descriptions] /camera_nodelet_manager http://pc:54347/
[rosmaster.master][INFO] 2012-12-15 16:04:14,859: +PUB [/camera/depth/image_rect/theora/parameter_updates] /camera_nodelet_manager http://pc:54347/
[rosmaster.master][INFO] 2012-12-15 16:04:14,871: +PARAM [/camera/depth/image_rect/theora/optimize_for] by /camera_nodelet_manager
[rosmaster.master][INFO] 2012-12-15 16:04:14,873: +PARAM [/camera/depth/image_rect/theora/target_bitrate] by /camera_nodelet_manager
[rosmaster.master][INFO] 2012-12-15 16:04:14,875: +PARAM [/camera/depth/image_rect/theora/quality] by /camera_nodelet_manager
[rosmaster.master][INFO] 2012-12-15 16:04:14,878: +PARAM [/camera/depth/image_rect/theora/keyframe_frequency] by /camera_nodelet_manager
[rosmaster.master][INFO] 2012-12-15 16:04:15,150: +SERVICE [/camera/depth/rectify_depth/set_parameters] /camera_nodelet_manager http://pc:54347/
[rosmaster.master][INFO] 2012-12-15 16:04:15,152: +PUB [/camera/depth/rectify_depth/parameter_descriptions] /camera_nodelet_manager http://pc:54347/
[rosmaster.master][INFO] 2012-12-15 16:04:15,155: +PUB [/camera/depth/rectify_depth/parameter_updates] /camera_nodelet_manager http://pc:54347/
[rosmaster.master][INFO] 2012-12-15 16:04:15,159: +PARAM [/camera/depth/rectify_depth/interpolation] by /camera_nodelet_manager
[rosmaster.master][INFO] 2012-12-15 16:04:15,162: +PUB [/camera/depth/image_rect_raw/compressed] /camera_nodelet_manager http://pc:54347/
[rosmaster.master][INFO] 2012-12-15 16:04:15,164: +SERVICE [/camera/depth/image_rect_raw/compressed/set_parameters] /camera_nodelet_manager http://pc:54347/
[rosmaster.master][INFO] 2012-12-15 16:04:15,166: +PUB [/camera/depth/image_rect_raw/compressed/parameter_descriptions] /camera_nodelet_manager http://pc:54347/
[rosmaster.master][INFO] 2012-12-15 16:04:15,169: +PUB [/camera/depth/image_rect_raw/compressed/parameter_updates] /camera_nodelet_manager http://pc:54347/
[rosmaster.master][INFO] 2012-12-15 16:04:15,178: +PARAM [/camera/depth/image_rect_raw/compressed/format] by /camera_nodelet_manager
[rosmaster.master][INFO] 2012-12-15 16:04:15,181: +PARAM [/camera/depth/image_rect_raw/compressed/jpeg_quality] by /camera_nodelet_manager
[rosmaster.master][INFO] 2012-12-15 16:04:15,184: +PARAM [/camera/depth/image_rect_raw/compressed/png_level] by /camera_nodelet_manager
[rosmaster.master][INFO] 2012-12-15 16:04:15,189: +PUB [/camera/depth/image_rect_raw] /camera_nodelet_manager http://pc:54347/
[rosmaster.master][INFO] 2012-12-15 16:04:15,192: +PUB [/camera/depth/image_rect_raw/theora] /camera_nodelet_manager http://pc:54347/
[rosmaster.master][INFO] 2012-12-15 16:04:15,194: +SERVICE [/camera/depth/image_rect_raw/theora/set_parameters] /camera_nodelet_manager http://pc:54347/
[rosmaster.master][INFO] 2012-12-15 16:04:15,197: +PUB [/camera/depth/image_rect_raw/theora/parameter_descriptions] /camera_nodelet_manager http://pc:54347/
[rosmaster.master][INFO] 2012-12-15 16:04:15,200: +PUB [/camera/depth/image_rect_raw/theora/parameter_updates] /camera_nodelet_manager http://pc:54347/
[rosmaster.master][INFO] 2012-12-15 16:04:15,210: +PARAM [/camera/depth/image_rect_raw/theora/optimize_for] by /camera_nodelet_manager
[rosmaster.master][INFO] 2012-12-15 16:04:15,212: +PARAM [/camera/depth/image_rect_raw/theora/target_bitrate] by /camera_nodelet_manager
[rosmaster.master][INFO] 2012-12-15 16:04:15,215: +PARAM [/camera/depth/image_rect_raw/theora/quality] by /camera_nodelet_manager
[rosmaster.master][INFO] 2012-12-15 16:04:15,217: +PARAM [/camera/depth/image_rect_raw/theora/keyframe_frequency] by /camera_nodelet_manager
[rosmaster.master][INFO] 2012-12-15 16:04:15,222: +SUB [/camera/depth/image_raw] /camera_nodelet_manager http://pc:54347/
[rosmaster.master][INFO] 2012-12-15 16:04:15,255: publisherUpdate[/camera/depth/image_rect_raw] -> http://pc:54347/
[rosmaster.master][INFO] 2012-12-15 16:04:16,887: +PARAM [/camera/driver/image_mode] by /camera_nodelet_manager
[rosmaster.master][INFO] 2012-12-15 16:04:16,888: +PARAM [/camera/driver/depth_mode] by /camera_nodelet_manager
[rosmaster.master][INFO] 2012-12-15 16:04:16,890: +PARAM [/camera/driver/depth_registration] by /camera_nodelet_manager
[rosmaster.master][INFO] 2012-12-15 16:04:16,892: +PARAM [/camera/driver/data_skip] by /camera_nodelet_manager
[rosmaster.master][INFO] 2012-12-15 16:04:16,894: +PARAM [/camera/driver/depth_time_offset] by /camera_nodelet_manager
[rosmaster.master][INFO] 2012-12-15 16:04:16,895: +PARAM [/camera/driver/image_time_offset] by /camera_nodelet_manager
[rosmaster.master][INFO] 2012-12-15 16:04:16,896: +PARAM [/camera/driver/depth_ir_offset_x] by /camera_nodelet_manager
[rosmaster.master][INFO] 2012-12-15 16:04:16,898: +PARAM [/camera/driver/depth_ir_offset_y] by /camera_nodelet_manager
[rosmaster.master][INFO] 2012-12-15 16:04:16,899: +PARAM [/camera/driver/z_offset_mm] by /camera_nodelet_manager
[rosmaster.master][INFO] 2012-12-15 16:04:16,903: -SUB [/camera/driver/parameter_updates] /set_dr http://pc:41310/
[rosmaster.master][INFO] 2012-12-15 16:04:16,903: -SUB [/camera/driver/parameter_descriptions] /set_dr http://pc:41310/
[rosmaster.master][INFO] 2012-12-15 16:04:16,904: -PUB [/rosout] /set_dr http://pc:41310/
[rosmaster.master][INFO] 2012-12-15 16:04:16,961: publisherUpdate[/rosout] -> http://pc:36735/
[rosmaster.master][INFO] 2012-12-15 16:04:20,064: -PUB [/camera/depth_registered/disparity] /camera_nodelet_manager http://pc:54347/
[rosmaster.master][INFO] 2012-12-15 16:04:20,067: -SUB [/camera/depth_registered/image_rect] /depth_detection http://pc:33369/
[rosmaster.master][INFO] 2012-12-15 16:04:20,068: -SUB [/camera/rgb/image_rect_color] /depth_detection http://pc:33369/
[rosmaster.master][INFO] 2012-12-15 16:04:20,069: -PUB [/rosout] /depth_detection http://pc:33369/
[rosmaster.master][INFO] 2012-12-15 16:04:20,069: -PUB [/camera/depth/disparity] /camera_nodelet_manager http://pc:54347/
[rosmaster.master][INFO] 2012-12-15 16:04:20,071: -PUB [/camera/depth_registered/points] /camera_nodelet_manager http://pc:54347/
[rosmaster.master][INFO] 2012-12-15 16:04:20,071: publisherUpdate[/rosout] -> http://pc:36735/
[rosmaster.master][INFO] 2012-12-15 16:04:20,074: -SUB [/camera/depth_registered/image_rect_raw] /camera_nodelet_manager http://pc:54347/
[rosmaster.master][INFO] 2012-12-15 16:04:20,076: -SUB [/camera/depth_registered/image_raw] /camera_nodelet_manager http://pc:54347/
[rosmaster.master][INFO] 2012-12-15 16:04:20,078: -SUB [/camera/depth_registered/camera_info] /camera_nodelet_manager http://pc:54347/
[rosmaster.master][INFO] 2012-12-15 16:04:20,081: -SUB [/camera/depth/image_rect_raw] /camera_nodelet_manager http://pc:54347/
[rosmaster.master][INFO] 2012-12-15 16:04:20,082: -SUB [/camera/rgb/image_color] /camera_nodelet_manager http://pc:54347/
[rosmaster.master][INFO] 2012-12-15 16:04:20,084: -SUB [/camera/depth/image_raw] /camera_nodelet_manager http://pc:54347/
[rosmaster.master][INFO] 2012-12-15 16:04:20,086: -SUB [/camera/rgb/image_raw] /camera_nodelet_manager http://pc:54347/
[rosmaster.master][INFO] 2012-12-15 16:04:20,088: -SUB [/camera/rgb/camera_info] /camera_nodelet_manager http://pc:54347/
[rosmaster.master][INFO] 2012-12-15 16:04:20,090: -SUB [/camera/depth/camera_info] /camera_nodelet_manager http://pc:54347/
[rosmaster.master][INFO] 2012-12-15 16:04:20,148: -PUB [/rosout] /camera/depth_registered/metric http://pc:35737/
[rosmaster.master][INFO] 2012-12-15 16:04:20,151: -PUB [/rosout] /camera/depth_registered/metric_rect http://pc:49633/
[rosmaster.master][INFO] 2012-12-15 16:04:20,153: -PUB [/rosout] /camera/points_xyzrgb_depth_rgb http://pc:44833/
[rosmaster.master][INFO] 2012-12-15 16:04:20,157: -SERVICE [/camera/depth_registered/metric/get_loggers] /camera/depth_registered/metric rosrpc://pc:59187
[rosmaster.master][INFO] 2012-12-15 16:04:20,159: -SERVICE [/camera/depth_registered/metric_rect/get_loggers] /camera/depth_registered/metric_rect rosrpc://pc:54479
[rosmaster.master][INFO] 2012-12-15 16:04:20,162: -SERVICE [/camera/depth_registered/metric/set_logger_level] /camera/depth_registered/metric rosrpc://pc:59187
[rosmaster.master][INFO] 2012-12-15 16:04:20,165: -SERVICE [/camera/points_xyzrgb_depth_rgb/get_loggers] /camera/points_xyzrgb_depth_rgb rosrpc://pc:35825
[rosmaster.master][INFO] 2012-12-15 16:04:20,168: publisherUpdate[/rosout] -> http://pc:36735/
[rosmaster.master][INFO] 2012-12-15 16:04:20,168: -PUB [/rosout] /camera/disparity_depth http://pc:40006/
[rosmaster.master][INFO] 2012-12-15 16:04:20,171: -SERVICE [/camera/depth_registered/metric_rect/set_logger_level] /camera/depth_registered/metric_rect rosrpc://pc:54479
[rosmaster.master][INFO] 2012-12-15 16:04:20,173: publisherUpdate[/rosout] -> http://pc:36735/
[rosmaster.master][INFO] 2012-12-15 16:04:20,177: -SERVICE [/camera/points_xyzrgb_depth_rgb/set_logger_level] /camera/points_xyzrgb_depth_rgb rosrpc://pc:35825
[rosmaster.master][INFO] 2012-12-15 16:04:20,179: -SERVICE [/camera/disparity_depth/get_loggers] /camera/disparity_depth rosrpc://pc:52240
[rosmaster.master][INFO] 2012-12-15 16:04:20,181: publisherUpdate[/rosout] -> http://pc:36735/
[rosmaster.master][INFO] 2012-12-15 16:04:20,184: -SERVICE [/camera/disparity_depth/set_logger_level] /camera/disparity_depth rosrpc://pc:52240
[rosmaster.master][INFO] 2012-12-15 16:04:20,185: publisherUpdate[/rosout] -> http://pc:36735/
[rosmaster.master][INFO] 2012-12-15 16:04:20,247: -PUB [/rosout] /camera/disparity_depth_registered http://pc:57851/
[rosmaster.master][INFO] 2012-12-15 16:04:20,252: -SERVICE [/camera/disparity_depth_registered/get_loggers] /camera/disparity_depth_registered rosrpc://pc:33178
[rosmaster.master][INFO] 2012-12-15 16:04:20,258: -SERVICE [/camera/disparity_depth_registered/set_logger_level] /camera/disparity_depth_registered rosrpc://pc:33178
[rosmaster.master][INFO] 2012-12-15 16:04:20,261: -PUB [/rosout] /camera_base_link3 http://pc:49611/
[rosmaster.master][INFO] 2012-12-15 16:04:20,265: -PUB [/rosout] /camera_base_link1 http://pc:57597/
[rosmaster.master][INFO] 2012-12-15 16:04:20,267: -PUB [/rosout] /camera_base_link2 http://pc:57108/
[rosmaster.master][INFO] 2012-12-15 16:04:20,270: -PUB [/rosout] /camera_base_link http://pc:44056/
[rosmaster.master][INFO] 2012-12-15 16:04:20,274: -PUB [/tf] /camera_base_link3 http://pc:49611/
[rosmaster.master][INFO] 2012-12-15 16:04:20,274: publisherUpdate[/rosout] -> http://pc:36735/
[rosmaster.master][INFO] 2012-12-15 16:04:20,278: -PUB [/tf] /camera_base_link http://pc:44056/
[rosmaster.master][INFO] 2012-12-15 16:04:20,278: publisherUpdate[/tf] -> http://pc:54347/
[rosmaster.master][INFO] 2012-12-15 16:04:20,281: -PUB [/tf] /camera_base_link2 http://pc:57108/
[rosmaster.master][INFO] 2012-12-15 16:04:20,283: publisherUpdate[/rosout] -> http://pc:36735/
[rosmaster.master][INFO] 2012-12-15 16:04:20,285: publisherUpdate[/tf] -> http://pc:54347/
[rosmaster.master][INFO] 2012-12-15 16:04:20,288: -PUB [/tf] /camera_base_link1 http://pc:57597/
[rosmaster.master][INFO] 2012-12-15 16:04:20,289: publisherUpdate[/rosout] -> http://pc:36735/
[rosmaster.master][INFO] 2012-12-15 16:04:20,291: publisherUpdate[/tf] -> http://pc:54347/
[rosmaster.master][INFO] 2012-12-15 16:04:20,292: -SERVICE [/camera_base_link3/get_loggers] /camera_base_link3 rosrpc://pc:33422
[rosmaster.master][INFO] 2012-12-15 16:04:20,297: publisherUpdate[/rosout] -> http://pc:36735/
[rosmaster.master][INFO] 2012-12-15 16:04:20,299: publisherUpdate[/tf] -> http://pc:54347/
[rosmaster.master][INFO] 2012-12-15 16:04:20,299: -SERVICE [/camera_base_link/get_loggers] /camera_base_link rosrpc://pc:48077
[rosmaster.master][INFO] 2012-12-15 16:04:20,304: publisherUpdate[/rosout] -> http://pc:36735/
[rosmaster.master][INFO] 2012-12-15 16:04:20,305: -SERVICE [/camera_base_link2/get_loggers] /camera_base_link2 rosrpc://pc:42985
[rosmaster.master][INFO] 2012-12-15 16:04:20,309: -SERVICE [/camera_base_link1/get_loggers] /camera_base_link1 rosrpc://pc:60196
[rosmaster.master][INFO] 2012-12-15 16:04:20,310: -SERVICE [/camera_base_link3/set_logger_level] /camera_base_link3 rosrpc://pc:33422
[rosmaster.master][INFO] 2012-12-15 16:04:20,311: -SERVICE [/camera_base_link/set_logger_level] /camera_base_link rosrpc://pc:48077
[rosmaster.master][INFO] 2012-12-15 16:04:20,314: -SERVICE [/camera_base_link2/set_logger_level] /camera_base_link2 rosrpc://pc:42985
[rosmaster.master][INFO] 2012-12-15 16:04:20,316: -SERVICE [/camera_base_link1/set_logger_level] /camera_base_link1 rosrpc://pc:60196
[rosmaster.master][INFO] 2012-12-15 16:04:20,368: -PUB [/camera/depth_registered/rectify_depth/parameter_descriptions] /camera_nodelet_manager http://pc:54347/
[rosmaster.master][INFO] 2012-12-15 16:04:20,371: -PUB [/camera/depth_registered/rectify_depth/parameter_updates] /camera_nodelet_manager http://pc:54347/
[rosmaster.master][INFO] 2012-12-15 16:04:20,378: -SERVICE [/camera/depth_registered/rectify_depth/set_parameters] /camera_nodelet_manager rosrpc://pc:57064
[rosmaster.master][INFO] 2012-12-15 16:04:20,382: -SERVICE [/camera/depth_registered/image_rect_raw/compressed/set_parameters] /camera_nodelet_manager rosrpc://pc:57064
[rosmaster.master][INFO] 2012-12-15 16:04:20,385: -SERVICE [/camera/depth_registered/image_rect_raw/theora/set_parameters] /camera_nodelet_manager rosrpc://pc:57064
[rosmaster.master][INFO] 2012-12-15 16:04:20,392: -SUB [/tf] /camera_nodelet_manager http://pc:54347/
[rosmaster.master][INFO] 2012-12-15 16:04:20,397: -SERVICE [/camera_nodelet_manager/tf_frames] /camera_nodelet_manager rosrpc://pc:57064
[rosmaster.master][INFO] 2012-12-15 16:04:20,448: -PUB [/camera/depth/points] /camera_nodelet_manager http://pc:54347/
[rosmaster.master][INFO] 2012-12-15 16:04:20,470: -PUB [/rosout] /camera/depth/points http://pc:44227/
[rosmaster.master][INFO] 2012-12-15 16:04:20,472: -PUB [/rosout] /camera/depth_registered/rectify_depth http://pc:57296/
[rosmaster.master][INFO] 2012-12-15 16:04:20,476: -PUB [/camera/rgb/rectify_color/parameter_descriptions] /camera_nodelet_manager http://pc:54347/
[rosmaster.master][INFO] 2012-12-15 16:04:20,477: -SERVICE [/camera/depth/points/get_loggers] /camera/depth/points rosrpc://pc:54880
[rosmaster.master][INFO] 2012-12-15 16:04:20,479: -SERVICE [/camera/depth_registered/rectify_depth/get_loggers] /camera/depth_registered/rectify_depth rosrpc://pc:60486
[rosmaster.master][INFO] 2012-12-15 16:04:20,480: -PUB [/camera/rgb/rectify_color/parameter_updates] /camera_nodelet_manager http://pc:54347/
[rosmaster.master][INFO] 2012-12-15 16:04:20,481: -SERVICE [/camera/depth/points/set_logger_level] /camera/depth/points rosrpc://pc:54880
[rosmaster.master][INFO] 2012-12-15 16:04:20,483: -SERVICE [/camera/depth_registered/rectify_depth/set_logger_level] /camera/depth_registered/rectify_depth rosrpc://pc:60486
[rosmaster.master][INFO] 2012-12-15 16:04:20,484: -SERVICE [/camera/rgb/rectify_color/set_parameters] /camera_nodelet_manager rosrpc://pc:57064
[rosmaster.master][INFO] 2012-12-15 16:04:20,486: -PUB [/camera/ir/rectify_ir/parameter_descriptions] /camera_nodelet_manager http://pc:54347/
[rosmaster.master][INFO] 2012-12-15 16:04:20,488: -PUB [/camera/ir/rectify_ir/parameter_updates] /camera_nodelet_manager http://pc:54347/
[rosmaster.master][INFO] 2012-12-15 16:04:20,489: -SERVICE [/camera/ir/rectify_ir/set_parameters] /camera_nodelet_manager rosrpc://pc:57064
[rosmaster.master][INFO] 2012-12-15 16:04:20,491: -PUB [/camera/depth/rectify_depth/parameter_descriptions] /camera_nodelet_manager http://pc:54347/
[rosmaster.master][INFO] 2012-12-15 16:04:20,492: -PUB [/camera/depth/rectify_depth/parameter_updates] /camera_nodelet_manager http://pc:54347/
[rosmaster.master][INFO] 2012-12-15 16:04:20,493: publisherUpdate[/rosout] -> http://pc:36735/
[rosmaster.master][INFO] 2012-12-15 16:04:20,496: publisherUpdate[/rosout] -> http://pc:36735/
[rosmaster.master][INFO] 2012-12-15 16:04:20,497: -SERVICE [/camera/depth/rectify_depth/set_parameters] /camera_nodelet_manager rosrpc://pc:57064
[rosmaster.master][INFO] 2012-12-15 16:04:20,501: -PUB [/camera/rgb/rectify_mono/parameter_descriptions] /camera_nodelet_manager http://pc:54347/
[rosmaster.master][INFO] 2012-12-15 16:04:20,503: -PUB [/camera/rgb/rectify_mono/parameter_updates] /camera_nodelet_manager http://pc:54347/
[rosmaster.master][INFO] 2012-12-15 16:04:20,506: -SERVICE [/camera/rgb/rectify_mono/set_parameters] /camera_nodelet_manager rosrpc://pc:57064
[rosmaster.master][INFO] 2012-12-15 16:04:20,549: -PUB [/rosout] /camera/register_depth_rgb http://pc:52040/
[rosmaster.master][INFO] 2012-12-15 16:04:20,552: -SERVICE [/camera/register_depth_rgb/get_loggers] /camera/register_depth_rgb rosrpc://pc:53260
[rosmaster.master][INFO] 2012-12-15 16:04:20,554: -SERVICE [/camera/register_depth_rgb/set_logger_level] /camera/register_depth_rgb rosrpc://pc:53260
[rosmaster.master][INFO] 2012-12-15 16:04:20,567: -PUB [/rosout] /camera/depth/metric http://pc:57872/
[rosmaster.master][INFO] 2012-12-15 16:04:20,570: -PUB [/rosout] /camera/depth/metric_rect http://pc:46786/
[rosmaster.master][INFO] 2012-12-15 16:04:20,573: -PUB [/rosout] /camera/depth/rectify_depth http://pc:45328/
[rosmaster.master][INFO] 2012-12-15 16:04:20,578: -SERVICE [/camera/depth/metric_rect/get_loggers] /camera/depth/metric_rect rosrpc://pc:33371
[rosmaster.master][INFO] 2012-12-15 16:04:20,581: -SERVICE [/camera/depth/metric/get_loggers] /camera/depth/metric rosrpc://pc:40617
[rosmaster.master][INFO] 2012-12-15 16:04:20,585: -SERVICE [/camera/depth/rectify_depth/get_loggers] /camera/depth/rectify_depth rosrpc://pc:45005
[rosmaster.master][INFO] 2012-12-15 16:04:20,587: -SERVICE [/camera/depth/metric/set_logger_level] /camera/depth/metric rosrpc://pc:40617
[rosmaster.master][INFO] 2012-12-15 16:04:20,590: -SERVICE [/camera/depth/metric_rect/set_logger_level] /camera/depth/metric_rect rosrpc://pc:33371
[rosmaster.master][INFO] 2012-12-15 16:04:20,591: -SERVICE [/camera/depth/rectify_depth/set_logger_level] /camera/depth/rectify_depth rosrpc://pc:45005
[rosmaster.master][INFO] 2012-12-15 16:04:20,598: publisherUpdate[/rosout] -> http://pc:36735/
[rosmaster.master][INFO] 2012-12-15 16:04:20,601: publisherUpdate[/rosout] -> http://pc:36735/
[rosmaster.master][INFO] 2012-12-15 16:04:20,602: publisherUpdate[/rosout] -> http://pc:36735/
[rosmaster.master][INFO] 2012-12-15 16:04:20,604: publisherUpdate[/rosout] -> http://pc:36735/
[rosmaster.master][INFO] 2012-12-15 16:04:20,647: -PUB [/rosout] /camera/rgb/rectify_mono http://pc:52126/
[rosmaster.master][INFO] 2012-12-15 16:04:20,651: -PUB [/rosout] /camera/rgb/rectify_color http://pc:34325/
[rosmaster.master][INFO] 2012-12-15 16:04:20,653: -PUB [/camera/rgb/debayer/parameter_descriptions] /camera_nodelet_manager http://pc:54347/
[rosmaster.master][INFO] 2012-12-15 16:04:20,659: -PUB [/camera/rgb/debayer/parameter_updates] /camera_nodelet_manager http://pc:54347/
[rosmaster.master][INFO] 2012-12-15 16:04:20,661: -SERVICE [/camera/rgb/rectify_color/get_loggers] /camera/rgb/rectify_color rosrpc://pc:55236
[rosmaster.master][INFO] 2012-12-15 16:04:20,662: -SERVICE [/camera/rgb/rectify_mono/get_loggers] /camera/rgb/rectify_mono rosrpc://pc:43151
[rosmaster.master][INFO] 2012-12-15 16:04:20,668: -SERVICE [/camera/rgb/rectify_color/set_logger_level] /camera/rgb/rectify_color rosrpc://pc:55236
[rosmaster.master][INFO] 2012-12-15 16:04:20,671: -SERVICE [/camera/rgb/rectify_mono/set_logger_level] /camera/rgb/rectify_mono rosrpc://pc:43151
[rosmaster.master][INFO] 2012-12-15 16:04:20,679: -SERVICE [/camera/rgb/debayer/set_parameters] /camera_nodelet_manager rosrpc://pc:57064
[rosmaster.master][INFO] 2012-12-15 16:04:20,682: -PUB [/rosout] /camera/ir/rectify_ir http://pc:36163/
[rosmaster.master][INFO] 2012-12-15 16:04:20,686: -SERVICE [/camera/ir/rectify_ir/get_loggers] /camera/ir/rectify_ir rosrpc://pc:60212
[rosmaster.master][INFO] 2012-12-15 16:04:20,688: -SERVICE [/camera/ir/rectify_ir/set_logger_level] /camera/ir/rectify_ir rosrpc://pc:60212
[rosmaster.master][INFO] 2012-12-15 16:04:20,704: -PUB [/rosout] /camera_nodelet_manager http://pc:54347/
[rosmaster.master][INFO] 2012-12-15 16:04:20,705: publisherUpdate[/rosout] -> http://pc:36735/
[rosmaster.master][INFO] 2012-12-15 16:04:20,707: publisherUpdate[/rosout] -> http://pc:36735/
[rosmaster.master][INFO] 2012-12-15 16:04:20,707: -PUB [/camera/rgb/image_rect_color/compressed] /camera_nodelet_manager http://pc:54347/
[rosmaster.master][INFO] 2012-12-15 16:04:20,708: publisherUpdate[/rosout] -> http://pc:36735/
[rosmaster.master][INFO] 2012-12-15 16:04:20,709: publisherUpdate[/rosout] -> http://pc:36735/
[rosmaster.master][INFO] 2012-12-15 16:04:20,711: -PUB [/camera/rgb/image_rect_color/compressed/parameter_descriptions] /camera_nodelet_manager http://pc:54347/
[rosmaster.master][INFO] 2012-12-15 16:04:20,712: -PUB [/camera/rgb/image_rect_color/compressed/parameter_updates] /camera_nodelet_manager http://pc:54347/
[rosmaster.master][INFO] 2012-12-15 16:04:20,714: -PUB [/camera/rgb/image_rect_color] /camera_nodelet_manager http://pc:54347/
[rosmaster.master][INFO] 2012-12-15 16:04:20,716: -PUB [/camera/rgb/image_rect_color/theora] /camera_nodelet_manager http://pc:54347/
[rosmaster.master][INFO] 2012-12-15 16:04:20,717: -PUB [/camera/rgb/image_rect_color/theora/parameter_descriptions] /camera_nodelet_manager http://pc:54347/
[rosmaster.master][INFO] 2012-12-15 16:04:20,718: -PUB [/camera/rgb/image_rect_color/theora/parameter_updates] /camera_nodelet_manager http://pc:54347/
[rosmaster.master][INFO] 2012-12-15 16:04:20,720: -PUB [/camera/depth_registered/image/compressed] /camera_nodelet_manager http://pc:54347/
[rosmaster.master][INFO] 2012-12-15 16:04:20,721: -PUB [/camera/depth_registered/image/compressed/parameter_descriptions] /camera_nodelet_manager http://pc:54347/
[rosmaster.master][INFO] 2012-12-15 16:04:20,722: -PUB [/camera/depth_registered/image/compressed/parameter_updates] /camera_nodelet_manager http://pc:54347/
[rosmaster.master][INFO] 2012-12-15 16:04:20,724: -PUB [/camera/depth_registered/image] /camera_nodelet_manager http://pc:54347/
[rosmaster.master][INFO] 2012-12-15 16:04:20,726: -PUB [/camera/depth_registered/image/theora] /camera_nodelet_manager http://pc:54347/
[rosmaster.master][INFO] 2012-12-15 16:04:20,727: -PUB [/camera/depth_registered/image/theora/parameter_descriptions] /camera_nodelet_manager http://pc:54347/
[rosmaster.master][INFO] 2012-12-15 16:04:20,729: -PUB [/camera/depth_registered/image/theora/parameter_updates] /camera_nodelet_manager http://pc:54347/
[rosmaster.master][INFO] 2012-12-15 16:04:20,730: -PUB [/camera/rgb/image_mono/compressed] /camera_nodelet_manager http://pc:54347/
[rosmaster.master][INFO] 2012-12-15 16:04:20,732: -PUB [/camera/rgb/image_mono/compressed/parameter_descriptions] /camera_nodelet_manager http://pc:54347/
[rosmaster.master][INFO] 2012-12-15 16:04:20,733: -PUB [/camera/rgb/image_mono/compressed/parameter_updates] /camera_nodelet_manager http://pc:54347/
[rosmaster.master][INFO] 2012-12-15 16:04:20,734: -PUB [/camera/rgb/image_mono] /camera_nodelet_manager http://pc:54347/
[rosmaster.master][INFO] 2012-12-15 16:04:20,735: -PUB [/camera/rgb/image_mono/theora] /camera_nodelet_manager http://pc:54347/
[rosmaster.master][INFO] 2012-12-15 16:04:20,737: -PUB [/camera/rgb/image_mono/theora/parameter_descriptions] /camera_nodelet_manager http://pc:54347/
[rosmaster.master][INFO] 2012-12-15 16:04:20,738: -PUB [/camera/rgb/image_mono/theora/parameter_updates] /camera_nodelet_manager http://pc:54347/
[rosmaster.master][INFO] 2012-12-15 16:04:20,740: -PUB [/camera/rgb/image_color/compressed] /camera_nodelet_manager http://pc:54347/
[rosmaster.master][INFO] 2012-12-15 16:04:20,741: -PUB [/camera/rgb/image_color/compressed/parameter_descriptions] /camera_nodelet_manager http://pc:54347/
[rosmaster.master][INFO] 2012-12-15 16:04:20,742: -PUB [/camera/rgb/image_color/compressed/parameter_updates] /camera_nodelet_manager http://pc:54347/
[rosmaster.master][INFO] 2012-12-15 16:04:20,744: -PUB [/camera/rgb/image_color] /camera_nodelet_manager http://pc:54347/
[rosmaster.master][INFO] 2012-12-15 16:04:20,745: -PUB [/camera/rgb/image_color/theora] /camera_nodelet_manager http://pc:54347/
[rosmaster.master][INFO] 2012-12-15 16:04:20,746: -PUB [/camera/rgb/image_color/theora/parameter_descriptions] /camera_nodelet_manager http://pc:54347/
[rosmaster.master][INFO] 2012-12-15 16:04:20,748: -PUB [/rosout] /camera/rgb/debayer http://pc:40792/
[rosmaster.master][INFO] 2012-12-15 16:04:20,750: -PUB [/camera/rgb/image_color/theora/parameter_updates] /camera_nodelet_manager http://pc:54347/
[rosmaster.master][INFO] 2012-12-15 16:04:20,751: -SERVICE [/camera/rgb/debayer/get_loggers] /camera/rgb/debayer rosrpc://pc:52443
[rosmaster.master][INFO] 2012-12-15 16:04:20,752: -PUB [/camera/ir/image_rect/compressed] /camera_nodelet_manager http://pc:54347/
[rosmaster.master][INFO] 2012-12-15 16:04:20,753: -SERVICE [/camera/rgb/debayer/set_logger_level] /camera/rgb/debayer rosrpc://pc:52443
[rosmaster.master][INFO] 2012-12-15 16:04:20,754: -PUB [/camera/ir/image_rect/compressed/parameter_descriptions] /camera_nodelet_manager http://pc:54347/
[rosmaster.master][INFO] 2012-12-15 16:04:20,756: -PUB [/camera/ir/image_rect/compressed/parameter_updates] /camera_nodelet_manager http://pc:54347/
[rosmaster.master][INFO] 2012-12-15 16:04:20,760: -PUB [/camera/ir/image_rect] /camera_nodelet_manager http://pc:54347/
[rosmaster.master][INFO] 2012-12-15 16:04:20,761: -PUB [/camera/ir/image_rect/theora] /camera_nodelet_manager http://pc:54347/
[rosmaster.master][INFO] 2012-12-15 16:04:20,763: -PUB [/camera/ir/image_rect/theora/parameter_descriptions] /camera_nodelet_manager http://pc:54347/
[rosmaster.master][INFO] 2012-12-15 16:04:20,764: -PUB [/camera/ir/image_rect/theora/parameter_updates] /camera_nodelet_manager http://pc:54347/
[rosmaster.master][INFO] 2012-12-15 16:04:20,768: -PUB [/camera/depth_registered/image_rect_raw/compressed] /camera_nodelet_manager http://pc:54347/
[rosmaster.master][INFO] 2012-12-15 16:04:20,769: -PUB [/camera/depth_registered/image_rect_raw/compressed/parameter_descriptions] /camera_nodelet_manager http://pc:54347/
[rosmaster.master][INFO] 2012-12-15 16:04:20,771: -PUB [/camera/depth_registered/image_rect_raw/compressed/parameter_updates] /camera_nodelet_manager http://pc:54347/
[rosmaster.master][INFO] 2012-12-15 16:04:20,779: -PUB [/camera/depth_registered/image_rect_raw] /camera_nodelet_manager http://pc:54347/
[rosmaster.master][INFO] 2012-12-15 16:04:20,780: -PUB [/camera/depth_registered/image_rect_raw/theora] /camera_nodelet_manager http://pc:54347/
[rosmaster.master][INFO] 2012-12-15 16:04:20,781: -PUB [/camera/depth_registered/image_rect_raw/theora/parameter_descriptions] /camera_nodelet_manager http://pc:54347/
[rosmaster.master][INFO] 2012-12-15 16:04:20,783: -PUB [/camera/depth_registered/image_rect_raw/theora/parameter_updates] /camera_nodelet_manager http://pc:54347/
[rosmaster.master][INFO] 2012-12-15 16:04:20,785: -PUB [/camera/depth_registered/camera_info] /camera_nodelet_manager http://pc:54347/
[rosmaster.master][INFO] 2012-12-15 16:04:20,786: -PUB [/camera/depth/image/compressed] /camera_nodelet_manager http://pc:54347/
[rosmaster.master][INFO] 2012-12-15 16:04:20,788: -PUB [/camera/depth/image/compressed/parameter_descriptions] /camera_nodelet_manager http://pc:54347/
[rosmaster.master][INFO] 2012-12-15 16:04:20,789: -PUB [/camera/depth/image/compressed/parameter_updates] /camera_nodelet_manager http://pc:54347/
[rosmaster.master][INFO] 2012-12-15 16:04:20,791: -PUB [/camera/depth/image] /camera_nodelet_manager http://pc:54347/
[rosmaster.master][INFO] 2012-12-15 16:04:20,792: -PUB [/camera/depth/image/theora] /camera_nodelet_manager http://pc:54347/
[rosmaster.master][INFO] 2012-12-15 16:04:20,794: -PUB [/camera/depth/image/theora/parameter_descriptions] /camera_nodelet_manager http://pc:54347/
[rosmaster.master][INFO] 2012-12-15 16:04:20,795: -PUB [/camera/depth/image/theora/parameter_updates] /camera_nodelet_manager http://pc:54347/
[rosmaster.master][INFO] 2012-12-15 16:04:20,796: -PUB [/camera/rgb/image_rect/compressed] /camera_nodelet_manager http://pc:54347/
[rosmaster.master][INFO] 2012-12-15 16:04:20,798: -PUB [/camera/rgb/image_rect/compressed/parameter_descriptions] /camera_nodelet_manager http://pc:54347/
[rosmaster.master][INFO] 2012-12-15 16:04:20,800: -PUB [/camera/rgb/image_rect/compressed/parameter_updates] /camera_nodelet_manager http://pc:54347/
[rosmaster.master][INFO] 2012-12-15 16:04:20,801: -PUB [/camera/rgb/image_rect] /camera_nodelet_manager http://pc:54347/
[rosmaster.master][INFO] 2012-12-15 16:04:20,802: -PUB [/camera/rgb/image_rect/theora] /camera_nodelet_manager http://pc:54347/
[rosmaster.master][INFO] 2012-12-15 16:04:20,804: -PUB [/camera/rgb/image_rect/theora/parameter_descriptions] /camera_nodelet_manager http://pc:54347/
[rosmaster.master][INFO] 2012-12-15 16:04:20,805: -PUB [/camera/rgb/image_rect/theora/parameter_updates] /camera_nodelet_manager http://pc:54347/
[rosmaster.master][INFO] 2012-12-15 16:04:20,807: -PUB [/camera/driver/parameter_descriptions] /camera_nodelet_manager http://pc:54347/
[rosmaster.master][INFO] 2012-12-15 16:04:20,808: publisherUpdate[/rosout] -> http://pc:36735/
[rosmaster.master][INFO] 2012-12-15 16:04:20,809: -PUB [/camera/driver/parameter_updates] /camera_nodelet_manager http://pc:54347/
[rosmaster.master][INFO] 2012-12-15 16:04:20,811: -PUB [/camera/rgb/image_raw/compressed] /camera_nodelet_manager http://pc:54347/
[rosmaster.master][INFO] 2012-12-15 16:04:20,812: -PUB [/camera/rgb/image_raw/compressed/parameter_descriptions] /camera_nodelet_manager http://pc:54347/
[rosmaster.master][INFO] 2012-12-15 16:04:20,813: -PUB [/camera/rgb/image_raw/compressed/parameter_updates] /camera_nodelet_manager http://pc:54347/
[rosmaster.master][INFO] 2012-12-15 16:04:20,815: -PUB [/camera/rgb/image_raw] /camera_nodelet_manager http://pc:54347/
[rosmaster.master][INFO] 2012-12-15 16:04:20,816: -PUB [/camera/rgb/image_raw/theora] /camera_nodelet_manager http://pc:54347/
[rosmaster.master][INFO] 2012-12-15 16:04:20,817: -PUB [/camera/rgb/image_raw/theora/parameter_descriptions] /camera_nodelet_manager http://pc:54347/
[rosmaster.master][INFO] 2012-12-15 16:04:20,819: -PUB [/camera/rgb/image_raw/theora/parameter_updates] /camera_nodelet_manager http://pc:54347/
[rosmaster.master][INFO] 2012-12-15 16:04:20,820: -PUB [/camera/rgb/camera_info] /camera_nodelet_manager http://pc:54347/
[rosmaster.master][INFO] 2012-12-15 16:04:20,822: -PUB [/camera/ir/image_raw/compressed] /camera_nodelet_manager http://pc:54347/
[rosmaster.master][INFO] 2012-12-15 16:04:20,823: -PUB [/camera/ir/image_raw/compressed/parameter_descriptions] /camera_nodelet_manager http://pc:54347/
[rosmaster.master][INFO] 2012-12-15 16:04:20,824: -PUB [/camera/ir/image_raw/compressed/parameter_updates] /camera_nodelet_manager http://pc:54347/
[rosmaster.master][INFO] 2012-12-15 16:04:20,825: -PUB [/camera/ir/image_raw] /camera_nodelet_manager http://pc:54347/
[rosmaster.master][INFO] 2012-12-15 16:04:20,827: -PUB [/camera/ir/image_raw/theora] /camera_nodelet_manager http://pc:54347/
[rosmaster.master][INFO] 2012-12-15 16:04:20,828: -PUB [/camera/ir/image_raw/theora/parameter_descriptions] /camera_nodelet_manager http://pc:54347/
[rosmaster.master][INFO] 2012-12-15 16:04:20,829: -PUB [/camera/ir/image_raw/theora/parameter_updates] /camera_nodelet_manager http://pc:54347/
[rosmaster.master][INFO] 2012-12-15 16:04:20,830: -PUB [/camera/ir/camera_info] /camera_nodelet_manager http://pc:54347/
[rosmaster.master][INFO] 2012-12-15 16:04:20,832: -PUB [/camera/depth/image_raw/compressed] /camera_nodelet_manager http://pc:54347/
[rosmaster.master][INFO] 2012-12-15 16:04:20,833: -PUB [/camera/depth/image_raw/compressed/parameter_descriptions] /camera_nodelet_manager http://pc:54347/
[rosmaster.master][INFO] 2012-12-15 16:04:20,834: -PUB [/camera/depth/image_raw/compressed/parameter_updates] /camera_nodelet_manager http://pc:54347/
[rosmaster.master][INFO] 2012-12-15 16:04:20,836: -PUB [/camera/depth/image_raw] /camera_nodelet_manager http://pc:54347/
[rosmaster.master][INFO] 2012-12-15 16:04:20,839: -PUB [/camera/depth/image_raw/theora] /camera_nodelet_manager http://pc:54347/
[rosmaster.master][INFO] 2012-12-15 16:04:20,840: -PUB [/camera/depth/image_raw/theora/parameter_descriptions] /camera_nodelet_manager http://pc:54347/
[rosmaster.master][INFO] 2012-12-15 16:04:20,841: -PUB [/camera/depth/image_raw/theora/parameter_updates] /camera_nodelet_manager http://pc:54347/
[rosmaster.master][INFO] 2012-12-15 16:04:20,843: -PUB [/camera/depth/camera_info] /camera_nodelet_manager http://pc:54347/
[rosmaster.master][INFO] 2012-12-15 16:04:20,844: -PUB [/camera/projector/camera_info] /camera_nodelet_manager http://pc:54347/
[rosmaster.master][INFO] 2012-12-15 16:04:20,845: -PUB [/camera/depth_registered/image_raw/compressed] /camera_nodelet_manager http://pc:54347/
[rosmaster.master][INFO] 2012-12-15 16:04:20,846: -PUB [/camera/depth_registered/image_raw/compressed/parameter_descriptions] /camera_nodelet_manager http://pc:54347/
[rosmaster.master][INFO] 2012-12-15 16:04:20,848: -PUB [/camera/depth_registered/image_raw/compressed/parameter_updates] /camera_nodelet_manager http://pc:54347/
[rosmaster.master][INFO] 2012-12-15 16:04:20,851: -PUB [/camera/depth_registered/image_raw] /camera_nodelet_manager http://pc:54347/
[rosmaster.master][INFO] 2012-12-15 16:04:20,852: -PUB [/camera/depth_registered/image_raw/theora] /camera_nodelet_manager http://pc:54347/
[rosmaster.master][INFO] 2012-12-15 16:04:20,854: -PUB [/camera/depth_registered/image_raw/theora/parameter_descriptions] /camera_nodelet_manager http://pc:54347/
[rosmaster.master][INFO] 2012-12-15 16:04:20,855: -PUB [/camera/depth_registered/image_raw/theora/parameter_updates] /camera_nodelet_manager http://pc:54347/
[rosmaster.master][INFO] 2012-12-15 16:04:20,857: -PUB [/camera/depth_registered/image_rect/compressed] /camera_nodelet_manager http://pc:54347/
[rosmaster.master][INFO] 2012-12-15 16:04:20,858: -PUB [/camera/depth_registered/image_rect/compressed/parameter_descriptions] /camera_nodelet_manager http://pc:54347/
[rosmaster.master][INFO] 2012-12-15 16:04:20,860: -PUB [/camera/depth_registered/image_rect/compressed/parameter_updates] /camera_nodelet_manager http://pc:54347/
[rosmaster.master][INFO] 2012-12-15 16:04:20,861: -PUB [/camera/depth_registered/image_rect] /camera_nodelet_manager http://pc:54347/
[rosmaster.master][INFO] 2012-12-15 16:04:20,863: -PUB [/camera/depth_registered/image_rect/theora] /camera_nodelet_manager http://pc:54347/
[rosmaster.master][INFO] 2012-12-15 16:04:20,864: -PUB [/camera/depth_registered/image_rect/theora/parameter_descriptions] /camera_nodelet_manager http://pc:54347/
[rosmaster.master][INFO] 2012-12-15 16:04:20,866: -PUB [/camera/depth_registered/image_rect/theora/parameter_updates] /camera_nodelet_manager http://pc:54347/
[rosmaster.master][INFO] 2012-12-15 16:04:20,867: -PUB [/camera/depth/image_rect/compressed] /camera_nodelet_manager http://pc:54347/
[rosmaster.master][INFO] 2012-12-15 16:04:20,869: -PUB [/camera/depth/image_rect/compressed/parameter_descriptions] /camera_nodelet_manager http://pc:54347/
[rosmaster.master][INFO] 2012-12-15 16:04:20,870: -PUB [/camera/depth/image_rect/compressed/parameter_updates] /camera_nodelet_manager http://pc:54347/
[rosmaster.master][INFO] 2012-12-15 16:04:20,872: -PUB [/camera/depth/image_rect] /camera_nodelet_manager http://pc:54347/
[rosmaster.master][INFO] 2012-12-15 16:04:20,873: -PUB [/camera/depth/image_rect/theora] /camera_nodelet_manager http://pc:54347/
[rosmaster.master][INFO] 2012-12-15 16:04:20,874: -PUB [/camera/depth/image_rect/theora/parameter_descriptions] /camera_nodelet_manager http://pc:54347/
[rosmaster.master][INFO] 2012-12-15 16:04:20,876: -PUB [/camera/depth/image_rect/theora/parameter_updates] /camera_nodelet_manager http://pc:54347/
[rosmaster.master][INFO] 2012-12-15 16:04:20,877: -PUB [/camera/depth/image_rect_raw/compressed] /camera_nodelet_manager http://pc:54347/
[rosmaster.master][INFO] 2012-12-15 16:04:20,879: -PUB [/camera/depth/image_rect_raw/compressed/parameter_descriptions] /camera_nodelet_manager http://pc:54347/
[rosmaster.master][INFO] 2012-12-15 16:04:20,880: -PUB [/camera/depth/image_rect_raw/compressed/parameter_updates] /camera_nodelet_manager http://pc:54347/
[rosmaster.master][INFO] 2012-12-15 16:04:20,882: -PUB [/camera/depth/image_rect_raw] /camera_nodelet_manager http://pc:54347/
[rosmaster.master][INFO] 2012-12-15 16:04:20,883: -PUB [/camera/depth/image_rect_raw/theora] /camera_nodelet_manager http://pc:54347/
[rosmaster.master][INFO] 2012-12-15 16:04:20,884: -PUB [/camera/depth/image_rect_raw/theora/parameter_descriptions] /camera_nodelet_manager http://pc:54347/
[rosmaster.master][INFO] 2012-12-15 16:04:20,886: -PUB [/camera/depth/image_rect_raw/theora/parameter_updates] /camera_nodelet_manager http://pc:54347/
[rosmaster.master][INFO] 2012-12-15 16:04:20,888: -SERVICE [/camera_nodelet_manager/get_loggers] /camera_nodelet_manager rosrpc://pc:57064
[rosmaster.master][INFO] 2012-12-15 16:04:20,890: -SERVICE [/camera_nodelet_manager/set_logger_level] /camera_nodelet_manager rosrpc://pc:57064
[rosmaster.master][INFO] 2012-12-15 16:04:20,892: -SERVICE [/camera_nodelet_manager/load_nodelet] /camera_nodelet_manager rosrpc://pc:57064
[rosmaster.master][INFO] 2012-12-15 16:04:20,893: -SERVICE [/camera_nodelet_manager/unload_nodelet] /camera_nodelet_manager rosrpc://pc:57064
[rosmaster.master][INFO] 2012-12-15 16:04:20,895: -SERVICE [/camera_nodelet_manager/list] /camera_nodelet_manager rosrpc://pc:57064
[rosmaster.master][INFO] 2012-12-15 16:04:20,896: -SERVICE [/camera/rgb/image_rect_color/compressed/set_parameters] /camera_nodelet_manager rosrpc://pc:57064
[rosmaster.master][INFO] 2012-12-15 16:04:20,897: -SERVICE [/camera/rgb/image_rect_color/theora/set_parameters] /camera_nodelet_manager rosrpc://pc:57064
[rosmaster.master][INFO] 2012-12-15 16:04:20,898: -SERVICE [/camera/depth_registered/image/compressed/set_parameters] /camera_nodelet_manager rosrpc://pc:57064
[rosmaster.master][INFO] 2012-12-15 16:04:20,900: -SERVICE [/camera/depth_registered/image/theora/set_parameters] /camera_nodelet_manager rosrpc://pc:57064
[rosmaster.master][INFO] 2012-12-15 16:04:20,900: -SERVICE [/camera/rgb/image_mono/compressed/set_parameters] /camera_nodelet_manager rosrpc://pc:57064
[rosmaster.master][INFO] 2012-12-15 16:04:20,901: -SERVICE [/camera/rgb/image_mono/theora/set_parameters] /camera_nodelet_manager rosrpc://pc:57064
[rosmaster.master][INFO] 2012-12-15 16:04:20,902: -SERVICE [/camera/rgb/image_color/compressed/set_parameters] /camera_nodelet_manager rosrpc://pc:57064
[rosmaster.master][INFO] 2012-12-15 16:04:20,903: -SERVICE [/camera/rgb/image_color/theora/set_parameters] /camera_nodelet_manager rosrpc://pc:57064
[rosmaster.master][INFO] 2012-12-15 16:04:20,904: -SERVICE [/camera/ir/image_rect/compressed/set_parameters] /camera_nodelet_manager rosrpc://pc:57064
[rosmaster.master][INFO] 2012-12-15 16:04:20,904: -SERVICE [/camera/ir/image_rect/theora/set_parameters] /camera_nodelet_manager rosrpc://pc:57064
[rosmaster.master][INFO] 2012-12-15 16:04:20,905: -SERVICE [/camera/depth/image/compressed/set_parameters] /camera_nodelet_manager rosrpc://pc:57064
[rosmaster.master][INFO] 2012-12-15 16:04:20,906: -SERVICE [/camera/depth/image/theora/set_parameters] /camera_nodelet_manager rosrpc://pc:57064
[rosmaster.master][INFO] 2012-12-15 16:04:20,907: -SERVICE [/camera/rgb/image_rect/compressed/set_parameters] /camera_nodelet_manager rosrpc://pc:57064
[rosmaster.master][INFO] 2012-12-15 16:04:20,908: -SERVICE [/camera/rgb/image_rect/theora/set_parameters] /camera_nodelet_manager rosrpc://pc:57064
[rosmaster.master][INFO] 2012-12-15 16:04:20,909: -SERVICE [/camera/driver/set_parameters] /camera_nodelet_manager rosrpc://pc:57064
[rosmaster.master][INFO] 2012-12-15 16:04:20,910: -SERVICE [/camera/rgb/set_camera_info] /camera_nodelet_manager rosrpc://pc:57064
[rosmaster.master][INFO] 2012-12-15 16:04:20,911: -SERVICE [/camera/ir/set_camera_info] /camera_nodelet_manager rosrpc://pc:57064
[rosmaster.master][INFO] 2012-12-15 16:04:20,913: -SERVICE [/camera/rgb/image_raw/compressed/set_parameters] /camera_nodelet_manager rosrpc://pc:57064
[rosmaster.master][INFO] 2012-12-15 16:04:20,915: -SERVICE [/camera/rgb/image_raw/theora/set_parameters] /camera_nodelet_manager rosrpc://pc:57064
[rosmaster.master][INFO] 2012-12-15 16:04:20,916: -SERVICE [/camera/ir/image_raw/compressed/set_parameters] /camera_nodelet_manager rosrpc://pc:57064
[rosmaster.master][INFO] 2012-12-15 16:04:20,918: -SERVICE [/camera/ir/image_raw/theora/set_parameters] /camera_nodelet_manager rosrpc://pc:57064
[rosmaster.master][INFO] 2012-12-15 16:04:20,919: -SERVICE [/camera/depth/image_raw/compressed/set_parameters] /camera_nodelet_manager rosrpc://pc:57064
[rosmaster.master][INFO] 2012-12-15 16:04:20,920: -SERVICE [/camera/depth/image_raw/theora/set_parameters] /camera_nodelet_manager rosrpc://pc:57064
[rosmaster.master][INFO] 2012-12-15 16:04:20,921: -SERVICE [/camera/depth_registered/image_raw/compressed/set_parameters] /camera_nodelet_manager rosrpc://pc:57064
[rosmaster.master][INFO] 2012-12-15 16:04:20,922: -SERVICE [/camera/depth_registered/image_raw/theora/set_parameters] /camera_nodelet_manager rosrpc://pc:57064
[rosmaster.master][INFO] 2012-12-15 16:04:20,923: -SERVICE [/camera/depth_registered/image_rect/compressed/set_parameters] /camera_nodelet_manager rosrpc://pc:57064
[rosmaster.master][INFO] 2012-12-15 16:04:20,924: -SERVICE [/camera/depth_registered/image_rect/theora/set_parameters] /camera_nodelet_manager rosrpc://pc:57064
[rosmaster.master][INFO] 2012-12-15 16:04:20,925: -SERVICE [/camera/depth/image_rect/compressed/set_parameters] /camera_nodelet_manager rosrpc://pc:57064
[rosmaster.master][INFO] 2012-12-15 16:04:20,926: -SERVICE [/camera/depth/image_rect/theora/set_parameters] /camera_nodelet_manager rosrpc://pc:57064
[rosmaster.master][INFO] 2012-12-15 16:04:20,927: -SERVICE [/camera/depth/image_rect_raw/compressed/set_parameters] /camera_nodelet_manager rosrpc://pc:57064
[rosmaster.master][INFO] 2012-12-15 16:04:20,927: -SERVICE [/camera/depth/image_rect_raw/theora/set_parameters] /camera_nodelet_manager rosrpc://pc:57064
[rosmaster.master][INFO] 2012-12-15 16:04:21,048: -PUB [/rosout] /camera/driver http://pc:37312/
[rosmaster.master][INFO] 2012-12-15 16:04:21,051: -SERVICE [/camera/driver/get_loggers] /camera/driver rosrpc://pc:43686
[rosmaster.master][INFO] 2012-12-15 16:04:21,054: -SERVICE [/camera/driver/set_logger_level] /camera/driver rosrpc://pc:43686
[rosmaster.master][INFO] 2012-12-15 16:04:21,109: publisherUpdate[/rosout] -> http://pc:36735/
[rosmaster.master][INFO] 2012-12-15 16:04:21,612: -PUB [/rosout_agg] /rosout http://pc:36735/
[rosmaster.master][INFO] 2012-12-15 16:04:21,613: -SUB [/rosout] /rosout http://pc:36735/
[rosmaster.master][INFO] 2012-12-15 16:04:21,614: -SERVICE [/rosout/get_loggers] /rosout rosrpc://pc:56172
[rosmaster.master][INFO] 2012-12-15 16:04:21,615: -SERVICE [/rosout/set_logger_level] /rosout rosrpc://pc:56172
[rosmaster.main][INFO] 2012-12-15 16:04:21,679: keyboard interrupt, will exit
[rosmaster.main][INFO] 2012-12-15 16:04:21,680: stopping master...
