[rosmaster.main][INFO] 2012-12-14 14:45:19,750: initialization complete, waiting for shutdown
[rosmaster.main][INFO] 2012-12-14 14:45:19,750: Starting ROS Master Node
[xmlrpc][INFO] 2012-12-14 14:45:19,751: XML-RPC server binding to 0.0.0.0
[xmlrpc][INFO] 2012-12-14 14:45:19,751: Started XML-RPC server [http://pc:11311/]
[rosmaster.master][INFO] 2012-12-14 14:45:19,751: Master initialized: port[11311], uri[http://pc:11311/]
[xmlrpc][INFO] 2012-12-14 14:45:19,751: xml rpc node: starting XML-RPC server
[rosmaster.master][INFO] 2012-12-14 14:45:19,863: +PARAM [/run_id] by /roslaunch
[rosmaster.master][INFO] 2012-12-14 14:45:19,867: +PARAM [/roslaunch/uris/host_pc__38397] by /roslaunch
[rosmaster.master][INFO] 2012-12-14 14:45:19,896: +PARAM [/rosdistro] by /roslaunch
[rosmaster.master][INFO] 2012-12-14 14:45:19,896: +PARAM [/camera/driver/rgb_frame_id] by /roslaunch
[rosmaster.master][INFO] 2012-12-14 14:45:19,897: +PARAM [/camera/disparity_depth_registered/min_range] by /roslaunch
[rosmaster.master][INFO] 2012-12-14 14:45:19,897: +PARAM [/camera/driver/rgb_camera_info_url] by /roslaunch
[rosmaster.master][INFO] 2012-12-14 14:45:19,897: +PARAM [/camera/depth_registered/rectify_depth/interpolation] by /roslaunch
[rosmaster.master][INFO] 2012-12-14 14:45:19,897: +PARAM [/camera/driver/depth_frame_id] by /roslaunch
[rosmaster.master][INFO] 2012-12-14 14:45:19,897: +PARAM [/camera/depth/rectify_depth/interpolation] by /roslaunch
[rosmaster.master][INFO] 2012-12-14 14:45:19,897: +PARAM [/camera/disparity_depth/max_range] by /roslaunch
[rosmaster.master][INFO] 2012-12-14 14:45:19,897: +PARAM [/rosversion] by /roslaunch
[rosmaster.master][INFO] 2012-12-14 14:45:19,898: +PARAM [/camera/driver/device_id] by /roslaunch
[rosmaster.master][INFO] 2012-12-14 14:45:19,898: +PARAM [/camera/driver/depth_camera_info_url] by /roslaunch
[rosmaster.master][INFO] 2012-12-14 14:45:19,899: +PARAM [/camera/disparity_depth/min_range] by /roslaunch
[rosmaster.master][INFO] 2012-12-14 14:45:19,899: +PARAM [/camera/disparity_depth_registered/max_range] by /roslaunch
[rosmaster.master][INFO] 2012-12-14 14:45:19,901: +SERVICE [/rosout/get_loggers] /rosout http://pc:37606/
[rosmaster.master][INFO] 2012-12-14 14:45:19,902: +SERVICE [/rosout/set_logger_level] /rosout http://pc:37606/
[rosmaster.master][INFO] 2012-12-14 14:45:19,905: +PUB [/rosout_agg] /rosout http://pc:37606/
[rosmaster.master][INFO] 2012-12-14 14:45:19,907: +SUB [/rosout] /rosout http://pc:37606/
[rosmaster.master][INFO] 2012-12-14 14:45:19,939: +PUB [/rosout] /camera/driver http://pc:59649/
[rosmaster.master][INFO] 2012-12-14 14:45:19,943: +SERVICE [/camera/driver/get_loggers] /camera/driver http://pc:59649/
[rosmaster.master][INFO] 2012-12-14 14:45:19,944: +SERVICE [/camera/driver/set_logger_level] /camera/driver http://pc:59649/
[rosmaster.master][INFO] 2012-12-14 14:45:19,949: +PARAM [/camera/driver] by /camera/driver
[rosmaster.master][INFO] 2012-12-14 14:45:19,950: +PUB [/rosout] /camera/rgb/debayer http://pc:42300/
[rosmaster.master][INFO] 2012-12-14 14:45:19,952: publisherUpdate[/rosout] -> http://pc:37606/
[rosmaster.master][INFO] 2012-12-14 14:45:19,961: +SERVICE [/camera/rgb/debayer/get_loggers] /camera/rgb/debayer http://pc:42300/
[rosmaster.master][INFO] 2012-12-14 14:45:19,962: publisherUpdate[/rosout] -> http://pc:37606/
[rosmaster.master][INFO] 2012-12-14 14:45:19,964: +SERVICE [/camera/rgb/debayer/set_logger_level] /camera/rgb/debayer http://pc:42300/
[rosmaster.master][INFO] 2012-12-14 14:45:19,967: +PUB [/rosout] /camera/rgb/rectify_mono http://pc:54791/
[rosmaster.master][INFO] 2012-12-14 14:45:19,969: +SERVICE [/camera/rgb/rectify_mono/get_loggers] /camera/rgb/rectify_mono http://pc:54791/
[rosmaster.master][INFO] 2012-12-14 14:45:19,970: +SERVICE [/camera/rgb/rectify_mono/set_logger_level] /camera/rgb/rectify_mono http://pc:54791/
[rosmaster.master][INFO] 2012-12-14 14:45:19,986: +PUB [/rosout] /camera/rgb/rectify_color http://pc:34178/
[rosmaster.master][INFO] 2012-12-14 14:45:19,998: +PUB [/rosout] /camera/ir/rectify_ir http://pc:41715/
[rosmaster.master][INFO] 2012-12-14 14:45:20,000: +SERVICE [/camera/rgb/rectify_color/get_loggers] /camera/rgb/rectify_color http://pc:34178/
[rosmaster.master][INFO] 2012-12-14 14:45:20,002: +SERVICE [/camera/ir/rectify_ir/get_loggers] /camera/ir/rectify_ir http://pc:41715/
[rosmaster.master][INFO] 2012-12-14 14:45:20,004: +PUB [/rosout] /camera/depth/rectify_depth http://pc:48002/
[rosmaster.master][INFO] 2012-12-14 14:45:20,005: +SERVICE [/camera/rgb/rectify_color/set_logger_level] /camera/rgb/rectify_color http://pc:34178/
[rosmaster.master][INFO] 2012-12-14 14:45:20,007: +SERVICE [/camera/ir/rectify_ir/set_logger_level] /camera/ir/rectify_ir http://pc:41715/
[rosmaster.master][INFO] 2012-12-14 14:45:20,010: +SERVICE [/camera/depth/rectify_depth/get_loggers] /camera/depth/rectify_depth http://pc:48002/
[rosmaster.master][INFO] 2012-12-14 14:45:20,016: +SERVICE [/camera/depth/rectify_depth/set_logger_level] /camera/depth/rectify_depth http://pc:48002/
[rosmaster.master][INFO] 2012-12-14 14:45:20,031: +PUB [/rosout] /camera/depth/metric_rect http://pc:52644/
[rosmaster.master][INFO] 2012-12-14 14:45:20,044: +PUB [/rosout] /camera/depth/metric http://pc:58729/
[rosmaster.master][INFO] 2012-12-14 14:45:20,045: +PUB [/rosout] /camera/depth/points http://pc:45827/
[rosmaster.master][INFO] 2012-12-14 14:45:20,048: +PARAM [/camera/depth/rectify_depth] by /camera/depth/rectify_depth
[rosmaster.master][INFO] 2012-12-14 14:45:20,049: +SERVICE [/camera/depth/metric/get_loggers] /camera/depth/metric http://pc:58729/
[rosmaster.master][INFO] 2012-12-14 14:45:20,050: +SERVICE [/camera/depth/points/get_loggers] /camera/depth/points http://pc:45827/
[rosmaster.master][INFO] 2012-12-14 14:45:20,052: +SERVICE [/camera/depth/metric/set_logger_level] /camera/depth/metric http://pc:58729/
[rosmaster.master][INFO] 2012-12-14 14:45:20,053: +SERVICE [/camera/depth/points/set_logger_level] /camera/depth/points http://pc:45827/
[rosmaster.master][INFO] 2012-12-14 14:45:20,053: publisherUpdate[/rosout] -> http://pc:37606/
[rosmaster.master][INFO] 2012-12-14 14:45:20,055: publisherUpdate[/rosout] -> http://pc:37606/
[rosmaster.master][INFO] 2012-12-14 14:45:20,058: publisherUpdate[/rosout] -> http://pc:37606/
[rosmaster.master][INFO] 2012-12-14 14:45:20,059: publisherUpdate[/rosout] -> http://pc:37606/
[rosmaster.master][INFO] 2012-12-14 14:45:20,060: publisherUpdate[/rosout] -> http://pc:37606/
[rosmaster.master][INFO] 2012-12-14 14:45:20,062: publisherUpdate[/rosout] -> http://pc:37606/
[rosmaster.master][INFO] 2012-12-14 14:45:20,063: publisherUpdate[/rosout] -> http://pc:37606/
[rosmaster.master][INFO] 2012-12-14 14:45:20,077: +PUB [/rosout] /camera/depth_registered/rectify_depth http://pc:47952/
[rosmaster.master][INFO] 2012-12-14 14:45:20,079: +PUB [/rosout] /camera/register_depth_rgb http://pc:59713/
[rosmaster.master][INFO] 2012-12-14 14:45:20,080: +SERVICE [/camera/depth_registered/rectify_depth/get_loggers] /camera/depth_registered/rectify_depth http://pc:47952/
[rosmaster.master][INFO] 2012-12-14 14:45:20,083: +SERVICE [/camera/register_depth_rgb/get_loggers] /camera/register_depth_rgb http://pc:59713/
[rosmaster.master][INFO] 2012-12-14 14:45:20,090: +SERVICE [/camera/depth_registered/rectify_depth/set_logger_level] /camera/depth_registered/rectify_depth http://pc:47952/
[rosmaster.master][INFO] 2012-12-14 14:45:20,092: +SERVICE [/camera/register_depth_rgb/set_logger_level] /camera/register_depth_rgb http://pc:59713/
[rosmaster.master][INFO] 2012-12-14 14:45:20,114: +PUB [/rosout] /camera/depth_registered/metric http://pc:60854/
[rosmaster.master][INFO] 2012-12-14 14:45:20,118: +PUB [/rosout] /camera/depth_registered/metric_rect http://pc:36043/
[rosmaster.master][INFO] 2012-12-14 14:45:20,120: +SERVICE [/camera/depth_registered/metric/get_loggers] /camera/depth_registered/metric http://pc:60854/
[rosmaster.master][INFO] 2012-12-14 14:45:20,132: +SERVICE [/camera/depth_registered/metric_rect/get_loggers] /camera/depth_registered/metric_rect http://pc:36043/
[rosmaster.master][INFO] 2012-12-14 14:45:20,138: +SERVICE [/camera/depth_registered/metric/set_logger_level] /camera/depth_registered/metric http://pc:60854/
[rosmaster.master][INFO] 2012-12-14 14:45:20,141: +PUB [/rosout] /camera/points_xyzrgb_depth_rgb http://pc:52929/
[rosmaster.master][INFO] 2012-12-14 14:45:20,143: +PUB [/rosout] /camera/disparity_depth http://pc:53923/
[rosmaster.master][INFO] 2012-12-14 14:45:20,149: +SERVICE [/camera/depth_registered/metric_rect/set_logger_level] /camera/depth_registered/metric_rect http://pc:36043/
[rosmaster.master][INFO] 2012-12-14 14:45:20,152: +SERVICE [/camera/disparity_depth/get_loggers] /camera/disparity_depth http://pc:53923/
[rosmaster.master][INFO] 2012-12-14 14:45:20,155: publisherUpdate[/rosout] -> http://pc:37606/
[rosmaster.master][INFO] 2012-12-14 14:45:20,157: publisherUpdate[/rosout] -> http://pc:37606/
[rosmaster.master][INFO] 2012-12-14 14:45:20,159: +PUB [/rosout] /camera/disparity_depth_registered http://pc:35190/
[rosmaster.master][INFO] 2012-12-14 14:45:20,160: +SERVICE [/camera/disparity_depth/set_logger_level] /camera/disparity_depth http://pc:53923/
[rosmaster.master][INFO] 2012-12-14 14:45:20,166: +PUB [/rosout] /camera_base_link http://pc:60321/
[rosmaster.master][INFO] 2012-12-14 14:45:20,169: publisherUpdate[/rosout] -> http://pc:37606/
[rosmaster.master][INFO] 2012-12-14 14:45:20,171: publisherUpdate[/rosout] -> http://pc:37606/
[rosmaster.master][INFO] 2012-12-14 14:45:20,172: publisherUpdate[/rosout] -> http://pc:37606/
[rosmaster.master][INFO] 2012-12-14 14:45:20,174: publisherUpdate[/rosout] -> http://pc:37606/
[rosmaster.master][INFO] 2012-12-14 14:45:20,176: +SERVICE [/camera/disparity_depth_registered/get_loggers] /camera/disparity_depth_registered http://pc:35190/
[rosmaster.master][INFO] 2012-12-14 14:45:20,179: publisherUpdate[/rosout] -> http://pc:37606/
[rosmaster.master][INFO] 2012-12-14 14:45:20,180: +SERVICE [/camera_base_link/get_loggers] /camera_base_link http://pc:60321/
[rosmaster.master][INFO] 2012-12-14 14:45:20,180: publisherUpdate[/rosout] -> http://pc:37606/
[rosmaster.master][INFO] 2012-12-14 14:45:20,192: +SERVICE [/camera/disparity_depth_registered/set_logger_level] /camera/disparity_depth_registered http://pc:35190/
[rosmaster.master][INFO] 2012-12-14 14:45:20,194: +SERVICE [/camera_base_link/set_logger_level] /camera_base_link http://pc:60321/
[rosmaster.master][INFO] 2012-12-14 14:45:20,211: +PUB [/rosout] /camera_base_link1 http://pc:56307/
[rosmaster.master][INFO] 2012-12-14 14:45:20,212: +PUB [/rosout] /camera_base_link2 http://pc:41738/
[rosmaster.master][INFO] 2012-12-14 14:45:20,220: +PUB [/tf] /camera_base_link http://pc:60321/
[rosmaster.master][INFO] 2012-12-14 14:45:20,222: +SERVICE [/camera_base_link1/get_loggers] /camera_base_link1 http://pc:56307/
[rosmaster.master][INFO] 2012-12-14 14:45:20,223: +PUB [/rosout] /camera_base_link3 http://pc:48482/
[rosmaster.master][INFO] 2012-12-14 14:45:20,225: +SERVICE [/camera_base_link2/get_loggers] /camera_base_link2 http://pc:41738/
[rosmaster.master][INFO] 2012-12-14 14:45:20,229: +SERVICE [/camera_base_link1/set_logger_level] /camera_base_link1 http://pc:56307/
[rosmaster.master][INFO] 2012-12-14 14:45:20,232: +SERVICE [/camera_base_link3/get_loggers] /camera_base_link3 http://pc:48482/
[rosmaster.master][INFO] 2012-12-14 14:45:20,233: +SERVICE [/camera_base_link2/set_logger_level] /camera_base_link2 http://pc:41738/
[rosmaster.master][INFO] 2012-12-14 14:45:20,236: +PUB [/tf] /camera_base_link1 http://pc:56307/
[rosmaster.master][INFO] 2012-12-14 14:45:20,239: +SERVICE [/camera_base_link3/set_logger_level] /camera_base_link3 http://pc:48482/
[rosmaster.master][INFO] 2012-12-14 14:45:20,242: +PUB [/tf] /camera_base_link2 http://pc:41738/
[rosmaster.master][INFO] 2012-12-14 14:45:20,248: +SERVICE [/camera/depth/metric_rect/get_loggers] /camera/depth/metric_rect http://pc:52644/
[rosmaster.master][INFO] 2012-12-14 14:45:20,249: +PUB [/tf] /camera_base_link3 http://pc:48482/
[rosmaster.master][INFO] 2012-12-14 14:45:20,252: +SERVICE [/camera/depth/metric_rect/set_logger_level] /camera/depth/metric_rect http://pc:52644/
[rosmaster.master][INFO] 2012-12-14 14:45:20,270: publisherUpdate[/rosout] -> http://pc:37606/
[rosmaster.master][INFO] 2012-12-14 14:45:20,272: publisherUpdate[/rosout] -> http://pc:37606/
[rosmaster.master][INFO] 2012-12-14 14:45:20,278: publisherUpdate[/rosout] -> http://pc:37606/
[rosmaster.master][INFO] 2012-12-14 14:45:20,293: +PUB [/rosout] /camera_nodelet_manager http://pc:47069/
[rosmaster.master][INFO] 2012-12-14 14:45:20,294: +SERVICE [/camera_nodelet_manager/get_loggers] /camera_nodelet_manager http://pc:47069/
[rosmaster.master][INFO] 2012-12-14 14:45:20,295: +SERVICE [/camera_nodelet_manager/set_logger_level] /camera_nodelet_manager http://pc:47069/
[rosmaster.master][INFO] 2012-12-14 14:45:20,297: +SERVICE [/camera_nodelet_manager/load_nodelet] /camera_nodelet_manager http://pc:47069/
[rosmaster.master][INFO] 2012-12-14 14:45:20,300: +SERVICE [/camera_nodelet_manager/unload_nodelet] /camera_nodelet_manager http://pc:47069/
[rosmaster.master][INFO] 2012-12-14 14:45:20,303: +SERVICE [/camera_nodelet_manager/list] /camera_nodelet_manager http://pc:47069/
[rosmaster.master][INFO] 2012-12-14 14:45:20,340: +PARAM [/camera/depth_registered/rectify_depth] by /camera/depth_registered/rectify_depth
[rosmaster.master][INFO] 2012-12-14 14:45:20,370: publisherUpdate[/rosout] -> http://pc:37606/
[rosmaster.master][INFO] 2012-12-14 14:45:20,611: +SERVICE [/camera/rgb/rectify_color/set_parameters] /camera_nodelet_manager http://pc:47069/
[rosmaster.master][INFO] 2012-12-14 14:45:20,612: +PUB [/camera/rgb/rectify_color/parameter_descriptions] /camera_nodelet_manager http://pc:47069/
[rosmaster.master][INFO] 2012-12-14 14:45:20,613: +PUB [/camera/rgb/rectify_color/parameter_updates] /camera_nodelet_manager http://pc:47069/
[rosmaster.master][INFO] 2012-12-14 14:45:20,615: +PARAM [/camera/rgb/rectify_color/interpolation] by /camera_nodelet_manager
[rosmaster.master][INFO] 2012-12-14 14:45:20,618: +PUB [/camera/rgb/image_rect_color/compressed] /camera_nodelet_manager http://pc:47069/
[rosmaster.master][INFO] 2012-12-14 14:45:20,620: +SERVICE [/camera/rgb/image_rect_color/compressed/set_parameters] /camera_nodelet_manager http://pc:47069/
[rosmaster.master][INFO] 2012-12-14 14:45:20,621: +PUB [/camera/rgb/image_rect_color/compressed/parameter_descriptions] /camera_nodelet_manager http://pc:47069/
[rosmaster.master][INFO] 2012-12-14 14:45:20,622: +PUB [/camera/rgb/image_rect_color/compressed/parameter_updates] /camera_nodelet_manager http://pc:47069/
[rosmaster.master][INFO] 2012-12-14 14:45:20,625: +PARAM [/camera/rgb/image_rect_color/compressed/format] by /camera_nodelet_manager
[rosmaster.master][INFO] 2012-12-14 14:45:20,626: +PARAM [/camera/rgb/image_rect_color/compressed/jpeg_quality] by /camera_nodelet_manager
[rosmaster.master][INFO] 2012-12-14 14:45:20,627: +PARAM [/camera/rgb/image_rect_color/compressed/png_level] by /camera_nodelet_manager
[rosmaster.master][INFO] 2012-12-14 14:45:20,628: +PUB [/camera/rgb/image_rect_color] /camera_nodelet_manager http://pc:47069/
[rosmaster.master][INFO] 2012-12-14 14:45:20,631: +PUB [/camera/rgb/image_rect_color/theora] /camera_nodelet_manager http://pc:47069/
[rosmaster.master][INFO] 2012-12-14 14:45:20,632: +SERVICE [/camera/rgb/image_rect_color/theora/set_parameters] /camera_nodelet_manager http://pc:47069/
[rosmaster.master][INFO] 2012-12-14 14:45:20,633: +PUB [/camera/rgb/image_rect_color/theora/parameter_descriptions] /camera_nodelet_manager http://pc:47069/
[rosmaster.master][INFO] 2012-12-14 14:45:20,635: +PUB [/camera/rgb/image_rect_color/theora/parameter_updates] /camera_nodelet_manager http://pc:47069/
[rosmaster.master][INFO] 2012-12-14 14:45:20,639: +PARAM [/camera/rgb/image_rect_color/theora/optimize_for] by /camera_nodelet_manager
[rosmaster.master][INFO] 2012-12-14 14:45:20,640: +PARAM [/camera/rgb/image_rect_color/theora/target_bitrate] by /camera_nodelet_manager
[rosmaster.master][INFO] 2012-12-14 14:45:20,640: +PARAM [/camera/rgb/image_rect_color/theora/quality] by /camera_nodelet_manager
[rosmaster.master][INFO] 2012-12-14 14:45:20,642: +PARAM [/camera/rgb/image_rect_color/theora/keyframe_frequency] by /camera_nodelet_manager
[rosmaster.master][INFO] 2012-12-14 14:45:20,675: +PUB [/rosout] /set_dr http://pc:38302/
[rosmaster.master][INFO] 2012-12-14 14:45:20,680: publisherUpdate[/rosout] -> http://pc:37606/
[rosmaster.master][INFO] 2012-12-14 14:45:20,875: +PUB [/camera/depth_registered/image/compressed] /camera_nodelet_manager http://pc:47069/
[rosmaster.master][INFO] 2012-12-14 14:45:20,876: +SERVICE [/camera/depth_registered/image/compressed/set_parameters] /camera_nodelet_manager http://pc:47069/
[rosmaster.master][INFO] 2012-12-14 14:45:20,877: +PUB [/camera/depth_registered/image/compressed/parameter_descriptions] /camera_nodelet_manager http://pc:47069/
[rosmaster.master][INFO] 2012-12-14 14:45:20,878: +PUB [/camera/depth_registered/image/compressed/parameter_updates] /camera_nodelet_manager http://pc:47069/
[rosmaster.master][INFO] 2012-12-14 14:45:20,881: +PARAM [/camera/depth_registered/image/compressed/format] by /camera_nodelet_manager
[rosmaster.master][INFO] 2012-12-14 14:45:20,882: +PARAM [/camera/depth_registered/image/compressed/jpeg_quality] by /camera_nodelet_manager
[rosmaster.master][INFO] 2012-12-14 14:45:20,883: +PARAM [/camera/depth_registered/image/compressed/png_level] by /camera_nodelet_manager
[rosmaster.master][INFO] 2012-12-14 14:45:20,884: +PUB [/camera/depth_registered/image] /camera_nodelet_manager http://pc:47069/
[rosmaster.master][INFO] 2012-12-14 14:45:20,885: +PUB [/camera/depth_registered/image/theora] /camera_nodelet_manager http://pc:47069/
[rosmaster.master][INFO] 2012-12-14 14:45:20,886: +SERVICE [/camera/depth_registered/image/theora/set_parameters] /camera_nodelet_manager http://pc:47069/
[rosmaster.master][INFO] 2012-12-14 14:45:20,887: +PUB [/camera/depth_registered/image/theora/parameter_descriptions] /camera_nodelet_manager http://pc:47069/
[rosmaster.master][INFO] 2012-12-14 14:45:20,888: +PUB [/camera/depth_registered/image/theora/parameter_updates] /camera_nodelet_manager http://pc:47069/
[rosmaster.master][INFO] 2012-12-14 14:45:20,892: +PARAM [/camera/depth_registered/image/theora/optimize_for] by /camera_nodelet_manager
[rosmaster.master][INFO] 2012-12-14 14:45:20,892: +PARAM [/camera/depth_registered/image/theora/target_bitrate] by /camera_nodelet_manager
[rosmaster.master][INFO] 2012-12-14 14:45:20,893: +PARAM [/camera/depth_registered/image/theora/quality] by /camera_nodelet_manager
[rosmaster.master][INFO] 2012-12-14 14:45:20,894: +PARAM [/camera/depth_registered/image/theora/keyframe_frequency] by /camera_nodelet_manager
[rosmaster.master][INFO] 2012-12-14 14:45:21,042: +PUB [/rosout] /depth_detection http://pc:46473/
[rosmaster.master][INFO] 2012-12-14 14:45:21,068: +SUB [/camera/depth_registered/image_rect] /depth_detection http://pc:46473/
[rosmaster.master][INFO] 2012-12-14 14:45:21,073: +SUB [/camera/rgb/image_rect_color] /depth_detection http://pc:46473/
[rosmaster.master][INFO] 2012-12-14 14:45:21,075: publisherUpdate[/rosout] -> http://pc:37606/
[rosmaster.master][INFO] 2012-12-14 14:45:21,086: +SUB [/camera/rgb/image_color] /camera_nodelet_manager http://pc:47069/
[rosmaster.master][INFO] 2012-12-14 14:45:21,088: +SUB [/camera/rgb/camera_info] /camera_nodelet_manager http://pc:47069/
[rosmaster.master][INFO] 2012-12-14 14:45:21,155: +SERVICE [/camera/depth/rectify_depth/set_parameters] /camera_nodelet_manager http://pc:47069/
[rosmaster.master][INFO] 2012-12-14 14:45:21,156: +PUB [/camera/depth/rectify_depth/parameter_descriptions] /camera_nodelet_manager http://pc:47069/
[rosmaster.master][INFO] 2012-12-14 14:45:21,157: +PUB [/camera/depth/rectify_depth/parameter_updates] /camera_nodelet_manager http://pc:47069/
[rosmaster.master][INFO] 2012-12-14 14:45:21,159: +PARAM [/camera/depth/rectify_depth/interpolation] by /camera_nodelet_manager
[rosmaster.master][INFO] 2012-12-14 14:45:21,160: +PUB [/camera/depth/image_rect_raw/compressed] /camera_nodelet_manager http://pc:47069/
[rosmaster.master][INFO] 2012-12-14 14:45:21,161: +SERVICE [/camera/depth/image_rect_raw/compressed/set_parameters] /camera_nodelet_manager http://pc:47069/
[rosmaster.master][INFO] 2012-12-14 14:45:21,161: +PUB [/camera/depth/image_rect_raw/compressed/parameter_descriptions] /camera_nodelet_manager http://pc:47069/
[rosmaster.master][INFO] 2012-12-14 14:45:21,163: +PUB [/camera/depth/image_rect_raw/compressed/parameter_updates] /camera_nodelet_manager http://pc:47069/
[rosmaster.master][INFO] 2012-12-14 14:45:21,168: +PARAM [/camera/depth/image_rect_raw/compressed/format] by /camera_nodelet_manager
[rosmaster.master][INFO] 2012-12-14 14:45:21,169: +PARAM [/camera/depth/image_rect_raw/compressed/jpeg_quality] by /camera_nodelet_manager
[rosmaster.master][INFO] 2012-12-14 14:45:21,171: +PARAM [/camera/depth/image_rect_raw/compressed/png_level] by /camera_nodelet_manager
[rosmaster.master][INFO] 2012-12-14 14:45:21,173: +PUB [/camera/depth/image_rect_raw] /camera_nodelet_manager http://pc:47069/
[rosmaster.master][INFO] 2012-12-14 14:45:21,175: +PUB [/camera/depth/image_rect_raw/theora] /camera_nodelet_manager http://pc:47069/
[rosmaster.master][INFO] 2012-12-14 14:45:21,177: +SERVICE [/camera/depth/image_rect_raw/theora/set_parameters] /camera_nodelet_manager http://pc:47069/
[rosmaster.master][INFO] 2012-12-14 14:45:21,178: +PUB [/camera/depth/image_rect_raw/theora/parameter_descriptions] /camera_nodelet_manager http://pc:47069/
[rosmaster.master][INFO] 2012-12-14 14:45:21,180: +PUB [/camera/depth/image_rect_raw/theora/parameter_updates] /camera_nodelet_manager http://pc:47069/
[rosmaster.master][INFO] 2012-12-14 14:45:21,184: +PARAM [/camera/depth/image_rect_raw/theora/optimize_for] by /camera_nodelet_manager
[rosmaster.master][INFO] 2012-12-14 14:45:21,185: +PARAM [/camera/depth/image_rect_raw/theora/target_bitrate] by /camera_nodelet_manager
[rosmaster.master][INFO] 2012-12-14 14:45:21,187: +PARAM [/camera/depth/image_rect_raw/theora/quality] by /camera_nodelet_manager
[rosmaster.master][INFO] 2012-12-14 14:45:21,188: +PARAM [/camera/depth/image_rect_raw/theora/keyframe_frequency] by /camera_nodelet_manager
[rosmaster.master][INFO] 2012-12-14 14:45:21,807: +PUB [/camera/depth/points] /camera_nodelet_manager http://pc:47069/
[rosmaster.master][INFO] 2012-12-14 14:45:22,424: +PUB [/camera/depth/image/compressed] /camera_nodelet_manager http://pc:47069/
[rosmaster.master][INFO] 2012-12-14 14:45:22,427: +SERVICE [/camera/depth/image/compressed/set_parameters] /camera_nodelet_manager http://pc:47069/
[rosmaster.master][INFO] 2012-12-14 14:45:22,429: +PUB [/camera/depth/image/compressed/parameter_descriptions] /camera_nodelet_manager http://pc:47069/
[rosmaster.master][INFO] 2012-12-14 14:45:22,432: +PUB [/camera/depth/image/compressed/parameter_updates] /camera_nodelet_manager http://pc:47069/
[rosmaster.master][INFO] 2012-12-14 14:45:22,438: +PARAM [/camera/depth/image/compressed/format] by /camera_nodelet_manager
[rosmaster.master][INFO] 2012-12-14 14:45:22,439: +PARAM [/camera/depth/image/compressed/jpeg_quality] by /camera_nodelet_manager
[rosmaster.master][INFO] 2012-12-14 14:45:22,440: +PARAM [/camera/depth/image/compressed/png_level] by /camera_nodelet_manager
[rosmaster.master][INFO] 2012-12-14 14:45:22,441: +PUB [/camera/depth/image] /camera_nodelet_manager http://pc:47069/
[rosmaster.master][INFO] 2012-12-14 14:45:22,442: +PUB [/camera/depth/image/theora] /camera_nodelet_manager http://pc:47069/
[rosmaster.master][INFO] 2012-12-14 14:45:22,443: +SERVICE [/camera/depth/image/theora/set_parameters] /camera_nodelet_manager http://pc:47069/
[rosmaster.master][INFO] 2012-12-14 14:45:22,444: +PUB [/camera/depth/image/theora/parameter_descriptions] /camera_nodelet_manager http://pc:47069/
[rosmaster.master][INFO] 2012-12-14 14:45:22,445: +PUB [/camera/depth/image/theora/parameter_updates] /camera_nodelet_manager http://pc:47069/
[rosmaster.master][INFO] 2012-12-14 14:45:22,450: +PARAM [/camera/depth/image/theora/optimize_for] by /camera_nodelet_manager
[rosmaster.master][INFO] 2012-12-14 14:45:22,451: +PARAM [/camera/depth/image/theora/target_bitrate] by /camera_nodelet_manager
[rosmaster.master][INFO] 2012-12-14 14:45:22,451: +PARAM [/camera/depth/image/theora/quality] by /camera_nodelet_manager
[rosmaster.master][INFO] 2012-12-14 14:45:22,452: +PARAM [/camera/depth/image/theora/keyframe_frequency] by /camera_nodelet_manager
[rosmaster.master][INFO] 2012-12-14 14:45:23,151: +SERVICE [/camera/points_xyzrgb_depth_rgb/get_loggers] /camera/points_xyzrgb_depth_rgb http://pc:52929/
[rosmaster.master][INFO] 2012-12-14 14:45:23,153: +SERVICE [/camera/points_xyzrgb_depth_rgb/set_logger_level] /camera/points_xyzrgb_depth_rgb http://pc:52929/
[rosmaster.master][INFO] 2012-12-14 14:45:23,180: +PUB [/camera/depth/image_rect/compressed] /camera_nodelet_manager http://pc:47069/
[rosmaster.master][INFO] 2012-12-14 14:45:23,181: +SERVICE [/camera/depth/image_rect/compressed/set_parameters] /camera_nodelet_manager http://pc:47069/
[rosmaster.master][INFO] 2012-12-14 14:45:23,183: +PUB [/camera/depth/image_rect/compressed/parameter_descriptions] /camera_nodelet_manager http://pc:47069/
[rosmaster.master][INFO] 2012-12-14 14:45:23,186: +PUB [/camera/depth/image_rect/compressed/parameter_updates] /camera_nodelet_manager http://pc:47069/
[rosmaster.master][INFO] 2012-12-14 14:45:23,194: +PARAM [/camera/disparity_depth] by /camera/disparity_depth
[rosmaster.master][INFO] 2012-12-14 14:45:23,195: +PARAM [/camera/depth/image_rect/compressed/format] by /camera_nodelet_manager
[rosmaster.master][INFO] 2012-12-14 14:45:23,196: +PARAM [/camera/depth/image_rect/compressed/jpeg_quality] by /camera_nodelet_manager
[rosmaster.master][INFO] 2012-12-14 14:45:23,198: +PARAM [/camera/depth/image_rect/compressed/png_level] by /camera_nodelet_manager
[rosmaster.master][INFO] 2012-12-14 14:45:23,200: +PUB [/camera/depth/image_rect] /camera_nodelet_manager http://pc:47069/
[rosmaster.master][INFO] 2012-12-14 14:45:23,201: +PUB [/camera/depth/image_rect/theora] /camera_nodelet_manager http://pc:47069/
[rosmaster.master][INFO] 2012-12-14 14:45:23,202: +SERVICE [/camera/depth/image_rect/theora/set_parameters] /camera_nodelet_manager http://pc:47069/
[rosmaster.master][INFO] 2012-12-14 14:45:23,203: +PUB [/camera/depth/image_rect/theora/parameter_descriptions] /camera_nodelet_manager http://pc:47069/
[rosmaster.master][INFO] 2012-12-14 14:45:23,204: +PUB [/camera/depth/image_rect/theora/parameter_updates] /camera_nodelet_manager http://pc:47069/
[rosmaster.master][INFO] 2012-12-14 14:45:23,210: +PARAM [/camera/depth/image_rect/theora/optimize_for] by /camera_nodelet_manager
[rosmaster.master][INFO] 2012-12-14 14:45:23,211: +PARAM [/camera/depth/image_rect/theora/target_bitrate] by /camera_nodelet_manager
[rosmaster.master][INFO] 2012-12-14 14:45:23,212: +PARAM [/camera/depth/image_rect/theora/quality] by /camera_nodelet_manager
[rosmaster.master][INFO] 2012-12-14 14:45:23,213: +PARAM [/camera/depth/image_rect/theora/keyframe_frequency] by /camera_nodelet_manager
[rosmaster.master][INFO] 2012-12-14 14:45:23,223: +PARAM [/camera/disparity_depth_registered] by /camera/disparity_depth_registered
[rosmaster.master][INFO] 2012-12-14 14:45:23,932: +SERVICE [/camera/ir/rectify_ir/set_parameters] /camera_nodelet_manager http://pc:47069/
[rosmaster.master][INFO] 2012-12-14 14:45:23,936: +PUB [/camera/ir/rectify_ir/parameter_descriptions] /camera_nodelet_manager http://pc:47069/
[rosmaster.master][INFO] 2012-12-14 14:45:23,938: +PUB [/camera/ir/rectify_ir/parameter_updates] /camera_nodelet_manager http://pc:47069/
[rosmaster.master][INFO] 2012-12-14 14:45:23,941: +PARAM [/camera/ir/rectify_ir/interpolation] by /camera_nodelet_manager
[rosmaster.master][INFO] 2012-12-14 14:45:23,942: +PUB [/camera/ir/image_rect/compressed] /camera_nodelet_manager http://pc:47069/
[rosmaster.master][INFO] 2012-12-14 14:45:23,943: +SERVICE [/camera/ir/image_rect/compressed/set_parameters] /camera_nodelet_manager http://pc:47069/
[rosmaster.master][INFO] 2012-12-14 14:45:23,944: +PUB [/camera/ir/image_rect/compressed/parameter_descriptions] /camera_nodelet_manager http://pc:47069/
[rosmaster.master][INFO] 2012-12-14 14:45:23,945: +PUB [/camera/ir/image_rect/compressed/parameter_updates] /camera_nodelet_manager http://pc:47069/
[rosmaster.master][INFO] 2012-12-14 14:45:23,948: +PARAM [/camera/ir/image_rect/compressed/format] by /camera_nodelet_manager
[rosmaster.master][INFO] 2012-12-14 14:45:23,949: +PARAM [/camera/ir/image_rect/compressed/jpeg_quality] by /camera_nodelet_manager
[rosmaster.master][INFO] 2012-12-14 14:45:23,950: +PARAM [/camera/ir/image_rect/compressed/png_level] by /camera_nodelet_manager
[rosmaster.master][INFO] 2012-12-14 14:45:23,951: +PUB [/camera/ir/image_rect] /camera_nodelet_manager http://pc:47069/
[rosmaster.master][INFO] 2012-12-14 14:45:23,952: +PUB [/camera/ir/image_rect/theora] /camera_nodelet_manager http://pc:47069/
[rosmaster.master][INFO] 2012-12-14 14:45:23,953: +SERVICE [/camera/ir/image_rect/theora/set_parameters] /camera_nodelet_manager http://pc:47069/
[rosmaster.master][INFO] 2012-12-14 14:45:23,954: +PUB [/camera/ir/image_rect/theora/parameter_descriptions] /camera_nodelet_manager http://pc:47069/
[rosmaster.master][INFO] 2012-12-14 14:45:23,955: +PUB [/camera/ir/image_rect/theora/parameter_updates] /camera_nodelet_manager http://pc:47069/
[rosmaster.master][INFO] 2012-12-14 14:45:23,959: +PARAM [/camera/ir/image_rect/theora/optimize_for] by /camera_nodelet_manager
[rosmaster.master][INFO] 2012-12-14 14:45:23,960: +PARAM [/camera/ir/image_rect/theora/target_bitrate] by /camera_nodelet_manager
[rosmaster.master][INFO] 2012-12-14 14:45:23,961: +PARAM [/camera/ir/image_rect/theora/quality] by /camera_nodelet_manager
[rosmaster.master][INFO] 2012-12-14 14:45:23,962: +PARAM [/camera/ir/image_rect/theora/keyframe_frequency] by /camera_nodelet_manager
[rosmaster.master][INFO] 2012-12-14 14:45:24,234: +SERVICE [/camera/depth_registered/rectify_depth/set_parameters] /camera_nodelet_manager http://pc:47069/
[rosmaster.master][INFO] 2012-12-14 14:45:24,237: +PUB [/camera/depth_registered/rectify_depth/parameter_descriptions] /camera_nodelet_manager http://pc:47069/
[rosmaster.master][INFO] 2012-12-14 14:45:24,239: +PUB [/camera/depth_registered/rectify_depth/parameter_updates] /camera_nodelet_manager http://pc:47069/
[rosmaster.master][INFO] 2012-12-14 14:45:24,243: +PARAM [/camera/depth_registered/rectify_depth/interpolation] by /camera_nodelet_manager
[rosmaster.master][INFO] 2012-12-14 14:45:24,246: +PUB [/camera/depth_registered/image_rect_raw/compressed] /camera_nodelet_manager http://pc:47069/
[rosmaster.master][INFO] 2012-12-14 14:45:24,248: +SERVICE [/camera/depth_registered/image_rect_raw/compressed/set_parameters] /camera_nodelet_manager http://pc:47069/
[rosmaster.master][INFO] 2012-12-14 14:45:24,251: +PUB [/camera/depth_registered/image_rect_raw/compressed/parameter_descriptions] /camera_nodelet_manager http://pc:47069/
[rosmaster.master][INFO] 2012-12-14 14:45:24,253: +PUB [/camera/depth_registered/image_rect_raw/compressed/parameter_updates] /camera_nodelet_manager http://pc:47069/
[rosmaster.master][INFO] 2012-12-14 14:45:24,261: +PARAM [/camera/depth_registered/image_rect_raw/compressed/format] by /camera_nodelet_manager
[rosmaster.master][INFO] 2012-12-14 14:45:24,263: +PARAM [/camera/depth_registered/image_rect_raw/compressed/jpeg_quality] by /camera_nodelet_manager
[rosmaster.master][INFO] 2012-12-14 14:45:24,266: +PARAM [/camera/depth_registered/image_rect_raw/compressed/png_level] by /camera_nodelet_manager
[rosmaster.master][INFO] 2012-12-14 14:45:24,268: +PUB [/camera/depth_registered/image_rect_raw] /camera_nodelet_manager http://pc:47069/
[rosmaster.master][INFO] 2012-12-14 14:45:24,271: +PUB [/camera/depth_registered/image_rect_raw/theora] /camera_nodelet_manager http://pc:47069/
[rosmaster.master][INFO] 2012-12-14 14:45:24,274: +SERVICE [/camera/depth_registered/image_rect_raw/theora/set_parameters] /camera_nodelet_manager http://pc:47069/
[rosmaster.master][INFO] 2012-12-14 14:45:24,276: +PUB [/camera/depth_registered/image_rect_raw/theora/parameter_descriptions] /camera_nodelet_manager http://pc:47069/
[rosmaster.master][INFO] 2012-12-14 14:45:24,278: +PUB [/camera/depth_registered/image_rect_raw/theora/parameter_updates] /camera_nodelet_manager http://pc:47069/
[rosmaster.master][INFO] 2012-12-14 14:45:24,288: +PARAM [/camera/depth_registered/image_rect_raw/theora/optimize_for] by /camera_nodelet_manager
[rosmaster.master][INFO] 2012-12-14 14:45:24,291: +PARAM [/camera/depth_registered/image_rect_raw/theora/target_bitrate] by /camera_nodelet_manager
[rosmaster.master][INFO] 2012-12-14 14:45:24,293: +PARAM [/camera/depth_registered/image_rect_raw/theora/quality] by /camera_nodelet_manager
[rosmaster.master][INFO] 2012-12-14 14:45:24,295: +PARAM [/camera/depth_registered/image_rect_raw/theora/keyframe_frequency] by /camera_nodelet_manager
[rosmaster.master][INFO] 2012-12-14 14:45:24,567: +SERVICE [/camera/rgb/rectify_mono/set_parameters] /camera_nodelet_manager http://pc:47069/
[rosmaster.master][INFO] 2012-12-14 14:45:24,569: +PUB [/camera/rgb/rectify_mono/parameter_descriptions] /camera_nodelet_manager http://pc:47069/
[rosmaster.master][INFO] 2012-12-14 14:45:24,571: +PUB [/camera/rgb/rectify_mono/parameter_updates] /camera_nodelet_manager http://pc:47069/
[rosmaster.master][INFO] 2012-12-14 14:45:24,575: +PARAM [/camera/rgb/rectify_mono/interpolation] by /camera_nodelet_manager
[rosmaster.master][INFO] 2012-12-14 14:45:24,578: +PUB [/camera/rgb/image_rect/compressed] /camera_nodelet_manager http://pc:47069/
[rosmaster.master][INFO] 2012-12-14 14:45:24,580: +SERVICE [/camera/rgb/image_rect/compressed/set_parameters] /camera_nodelet_manager http://pc:47069/
[rosmaster.master][INFO] 2012-12-14 14:45:24,583: +PUB [/camera/rgb/image_rect/compressed/parameter_descriptions] /camera_nodelet_manager http://pc:47069/
[rosmaster.master][INFO] 2012-12-14 14:45:24,585: +PUB [/camera/rgb/image_rect/compressed/parameter_updates] /camera_nodelet_manager http://pc:47069/
[rosmaster.master][INFO] 2012-12-14 14:45:24,594: +PARAM [/camera/rgb/image_rect/compressed/format] by /camera_nodelet_manager
[rosmaster.master][INFO] 2012-12-14 14:45:24,596: +PARAM [/camera/rgb/image_rect/compressed/jpeg_quality] by /camera_nodelet_manager
[rosmaster.master][INFO] 2012-12-14 14:45:24,598: +PARAM [/camera/rgb/image_rect/compressed/png_level] by /camera_nodelet_manager
[rosmaster.master][INFO] 2012-12-14 14:45:24,601: +PUB [/camera/rgb/image_rect] /camera_nodelet_manager http://pc:47069/
[rosmaster.master][INFO] 2012-12-14 14:45:24,603: +PUB [/camera/rgb/image_rect/theora] /camera_nodelet_manager http://pc:47069/
[rosmaster.master][INFO] 2012-12-14 14:45:24,606: +SERVICE [/camera/rgb/image_rect/theora/set_parameters] /camera_nodelet_manager http://pc:47069/
[rosmaster.master][INFO] 2012-12-14 14:45:24,608: +PUB [/camera/rgb/image_rect/theora/parameter_descriptions] /camera_nodelet_manager http://pc:47069/
[rosmaster.master][INFO] 2012-12-14 14:45:24,611: +PUB [/camera/rgb/image_rect/theora/parameter_updates] /camera_nodelet_manager http://pc:47069/
[rosmaster.master][INFO] 2012-12-14 14:45:24,623: +PARAM [/camera/rgb/image_rect/theora/optimize_for] by /camera_nodelet_manager
[rosmaster.master][INFO] 2012-12-14 14:45:24,625: +PARAM [/camera/rgb/image_rect/theora/target_bitrate] by /camera_nodelet_manager
[rosmaster.master][INFO] 2012-12-14 14:45:24,627: +PARAM [/camera/rgb/image_rect/theora/quality] by /camera_nodelet_manager
[rosmaster.master][INFO] 2012-12-14 14:45:24,629: +PARAM [/camera/rgb/image_rect/theora/keyframe_frequency] by /camera_nodelet_manager
[rosmaster.master][INFO] 2012-12-14 14:45:24,902: +SUB [/tf] /camera_nodelet_manager http://pc:47069/
[rosmaster.master][INFO] 2012-12-14 14:45:24,907: +SERVICE [/camera_nodelet_manager/tf_frames] /camera_nodelet_manager http://pc:47069/
[rosmaster.master][INFO] 2012-12-14 14:45:25,188: +PARAM [/camera/depth_registered/image_rect_raw/compressed/format] by /camera_nodelet_manager
[rosmaster.master][INFO] 2012-12-14 14:45:25,190: +PARAM [/camera/depth_registered/image_rect_raw/compressed/jpeg_quality] by /camera_nodelet_manager
[rosmaster.master][INFO] 2012-12-14 14:45:25,193: +PARAM [/camera/depth_registered/image_rect_raw/compressed/png_level] by /camera_nodelet_manager
[rosmaster.master][INFO] 2012-12-14 14:45:25,205: +PARAM [/camera/depth_registered/image_rect_raw/theora/optimize_for] by /camera_nodelet_manager
[rosmaster.master][INFO] 2012-12-14 14:45:25,208: +PARAM [/camera/depth_registered/image_rect_raw/theora/target_bitrate] by /camera_nodelet_manager
[rosmaster.master][INFO] 2012-12-14 14:45:25,211: +PARAM [/camera/depth_registered/image_rect_raw/theora/quality] by /camera_nodelet_manager
[rosmaster.master][INFO] 2012-12-14 14:45:25,214: +PARAM [/camera/depth_registered/image_rect_raw/theora/keyframe_frequency] by /camera_nodelet_manager
[rosmaster.master][INFO] 2012-12-14 14:45:25,217: +PUB [/camera/depth_registered/camera_info] /camera_nodelet_manager http://pc:47069/
[rosmaster.master][INFO] 2012-12-14 14:45:25,494: +PUB [/camera/depth_registered/image_rect/compressed] /camera_nodelet_manager http://pc:47069/
[rosmaster.master][INFO] 2012-12-14 14:45:25,497: +SERVICE [/camera/depth_registered/image_rect/compressed/set_parameters] /camera_nodelet_manager http://pc:47069/
[rosmaster.master][INFO] 2012-12-14 14:45:25,498: +PUB [/camera/depth_registered/image_rect/compressed/parameter_descriptions] /camera_nodelet_manager http://pc:47069/
[rosmaster.master][INFO] 2012-12-14 14:45:25,499: +PUB [/camera/depth_registered/image_rect/compressed/parameter_updates] /camera_nodelet_manager http://pc:47069/
[rosmaster.master][INFO] 2012-12-14 14:45:25,502: +PARAM [/camera/depth_registered/image_rect/compressed/format] by /camera_nodelet_manager
[rosmaster.master][INFO] 2012-12-14 14:45:25,503: +PARAM [/camera/depth_registered/image_rect/compressed/jpeg_quality] by /camera_nodelet_manager
[rosmaster.master][INFO] 2012-12-14 14:45:25,504: +PARAM [/camera/depth_registered/image_rect/compressed/png_level] by /camera_nodelet_manager
[rosmaster.master][INFO] 2012-12-14 14:45:25,505: +PUB [/camera/depth_registered/image_rect] /camera_nodelet_manager http://pc:47069/
[rosmaster.master][INFO] 2012-12-14 14:45:25,507: +PUB [/camera/depth_registered/image_rect/theora] /camera_nodelet_manager http://pc:47069/
[rosmaster.master][INFO] 2012-12-14 14:45:25,508: +SERVICE [/camera/depth_registered/image_rect/theora/set_parameters] /camera_nodelet_manager http://pc:47069/
[rosmaster.master][INFO] 2012-12-14 14:45:25,510: +PUB [/camera/depth_registered/image_rect/theora/parameter_descriptions] /camera_nodelet_manager http://pc:47069/
[rosmaster.master][INFO] 2012-12-14 14:45:25,511: +PUB [/camera/depth_registered/image_rect/theora/parameter_updates] /camera_nodelet_manager http://pc:47069/
[rosmaster.master][INFO] 2012-12-14 14:45:25,515: +PARAM [/camera/depth_registered/image_rect/theora/optimize_for] by /camera_nodelet_manager
[rosmaster.master][INFO] 2012-12-14 14:45:25,516: +PARAM [/camera/depth_registered/image_rect/theora/target_bitrate] by /camera_nodelet_manager
[rosmaster.master][INFO] 2012-12-14 14:45:25,517: +PARAM [/camera/depth_registered/image_rect/theora/quality] by /camera_nodelet_manager
[rosmaster.master][INFO] 2012-12-14 14:45:25,518: +PARAM [/camera/depth_registered/image_rect/theora/keyframe_frequency] by /camera_nodelet_manager
[rosmaster.master][INFO] 2012-12-14 14:45:25,585: publisherUpdate[/camera/depth_registered/image_rect] -> http://pc:46473/
[rosmaster.master][INFO] 2012-12-14 14:45:25,591: +SUB [/camera/depth_registered/image_rect_raw] /camera_nodelet_manager http://pc:47069/
[rosmaster.master][INFO] 2012-12-14 14:45:25,594: +SUB [/camera/depth_registered/image_raw] /camera_nodelet_manager http://pc:47069/
[rosmaster.master][INFO] 2012-12-14 14:45:25,596: +SUB [/camera/depth_registered/camera_info] /camera_nodelet_manager http://pc:47069/
[rosmaster.master][INFO] 2012-12-14 14:45:25,597: +SUB [/camera/depth/image_rect_raw] /camera_nodelet_manager http://pc:47069/
[rosmaster.master][INFO] 2012-12-14 14:45:25,599: +SUB [/camera/depth/camera_info] /camera_nodelet_manager http://pc:47069/
[rosmaster.master][INFO] 2012-12-14 14:45:25,601: +SUB [/camera/depth/image_raw] /camera_nodelet_manager http://pc:47069/
[rosmaster.master][INFO] 2012-12-14 14:45:25,685: +SERVICE [/camera/driver/set_parameters] /camera_nodelet_manager http://pc:47069/
[rosmaster.master][INFO] 2012-12-14 14:45:25,686: +PUB [/camera/driver/parameter_descriptions] /camera_nodelet_manager http://pc:47069/
[rosmaster.master][INFO] 2012-12-14 14:45:25,687: +PUB [/camera/driver/parameter_updates] /camera_nodelet_manager http://pc:47069/
[rosmaster.master][INFO] 2012-12-14 14:45:25,695: +PARAM [/camera/driver/image_mode] by /camera_nodelet_manager
[rosmaster.master][INFO] 2012-12-14 14:45:25,696: +PARAM [/camera/driver/depth_mode] by /camera_nodelet_manager
[rosmaster.master][INFO] 2012-12-14 14:45:25,697: +PARAM [/camera/driver/depth_registration] by /camera_nodelet_manager
[rosmaster.master][INFO] 2012-12-14 14:45:25,698: +PARAM [/camera/driver/data_skip] by /camera_nodelet_manager
[rosmaster.master][INFO] 2012-12-14 14:45:25,699: +PARAM [/camera/driver/depth_time_offset] by /camera_nodelet_manager
[rosmaster.master][INFO] 2012-12-14 14:45:25,701: +PARAM [/camera/driver/image_time_offset] by /camera_nodelet_manager
[rosmaster.master][INFO] 2012-12-14 14:45:25,702: +PARAM [/camera/driver/depth_ir_offset_x] by /camera_nodelet_manager
[rosmaster.master][INFO] 2012-12-14 14:45:25,703: +PARAM [/camera/driver/depth_ir_offset_y] by /camera_nodelet_manager
[rosmaster.master][INFO] 2012-12-14 14:45:25,704: +PARAM [/camera/driver/z_offset_mm] by /camera_nodelet_manager
[rosmaster.master][INFO] 2012-12-14 14:45:25,712: +SERVICE [/camera/rgb/set_camera_info] /camera_nodelet_manager http://pc:47069/
[rosmaster.master][INFO] 2012-12-14 14:45:25,714: +SERVICE [/camera/ir/set_camera_info] /camera_nodelet_manager http://pc:47069/
[rosmaster.master][INFO] 2012-12-14 14:45:25,715: +PUB [/camera/rgb/image_raw/compressed] /camera_nodelet_manager http://pc:47069/
[rosmaster.master][INFO] 2012-12-14 14:45:25,716: +SERVICE [/camera/rgb/image_raw/compressed/set_parameters] /camera_nodelet_manager http://pc:47069/
[rosmaster.master][INFO] 2012-12-14 14:45:25,717: +PUB [/camera/rgb/image_raw/compressed/parameter_descriptions] /camera_nodelet_manager http://pc:47069/
[rosmaster.master][INFO] 2012-12-14 14:45:25,718: +PUB [/camera/rgb/image_raw/compressed/parameter_updates] /camera_nodelet_manager http://pc:47069/
[rosmaster.master][INFO] 2012-12-14 14:45:25,721: +PARAM [/camera/rgb/image_raw/compressed/format] by /camera_nodelet_manager
[rosmaster.master][INFO] 2012-12-14 14:45:25,722: +PARAM [/camera/rgb/image_raw/compressed/jpeg_quality] by /camera_nodelet_manager
[rosmaster.master][INFO] 2012-12-14 14:45:25,723: +PARAM [/camera/rgb/image_raw/compressed/png_level] by /camera_nodelet_manager
[rosmaster.master][INFO] 2012-12-14 14:45:25,724: +PUB [/camera/rgb/image_raw] /camera_nodelet_manager http://pc:47069/
[rosmaster.master][INFO] 2012-12-14 14:45:25,725: +PUB [/camera/rgb/image_raw/theora] /camera_nodelet_manager http://pc:47069/
[rosmaster.master][INFO] 2012-12-14 14:45:25,726: +SERVICE [/camera/rgb/image_raw/theora/set_parameters] /camera_nodelet_manager http://pc:47069/
[rosmaster.master][INFO] 2012-12-14 14:45:25,727: +PUB [/camera/rgb/image_raw/theora/parameter_descriptions] /camera_nodelet_manager http://pc:47069/
[rosmaster.master][INFO] 2012-12-14 14:45:25,728: +PUB [/camera/rgb/image_raw/theora/parameter_updates] /camera_nodelet_manager http://pc:47069/
[rosmaster.master][INFO] 2012-12-14 14:45:25,736: +PARAM [/camera/rgb/image_raw/theora/optimize_for] by /camera_nodelet_manager
[rosmaster.master][INFO] 2012-12-14 14:45:25,739: +PARAM [/camera/rgb/image_raw/theora/target_bitrate] by /camera_nodelet_manager
[rosmaster.master][INFO] 2012-12-14 14:45:25,740: +PARAM [/camera/rgb/image_raw/theora/quality] by /camera_nodelet_manager
[rosmaster.master][INFO] 2012-12-14 14:45:25,741: +PARAM [/camera/rgb/image_raw/theora/keyframe_frequency] by /camera_nodelet_manager
[rosmaster.master][INFO] 2012-12-14 14:45:25,742: +PUB [/camera/rgb/camera_info] /camera_nodelet_manager http://pc:47069/
[rosmaster.master][INFO] 2012-12-14 14:45:25,745: +PUB [/camera/ir/image_raw/compressed] /camera_nodelet_manager http://pc:47069/
[rosmaster.master][INFO] 2012-12-14 14:45:25,746: +SERVICE [/camera/ir/image_raw/compressed/set_parameters] /camera_nodelet_manager http://pc:47069/
[rosmaster.master][INFO] 2012-12-14 14:45:25,747: +PUB [/camera/ir/image_raw/compressed/parameter_descriptions] /camera_nodelet_manager http://pc:47069/
[rosmaster.master][INFO] 2012-12-14 14:45:25,749: +PUB [/camera/ir/image_raw/compressed/parameter_updates] /camera_nodelet_manager http://pc:47069/
[rosmaster.master][INFO] 2012-12-14 14:45:25,752: +PARAM [/camera/ir/image_raw/compressed/format] by /camera_nodelet_manager
[rosmaster.master][INFO] 2012-12-14 14:45:25,753: +PARAM [/camera/ir/image_raw/compressed/jpeg_quality] by /camera_nodelet_manager
[rosmaster.master][INFO] 2012-12-14 14:45:25,754: +PARAM [/camera/ir/image_raw/compressed/png_level] by /camera_nodelet_manager
[rosmaster.master][INFO] 2012-12-14 14:45:25,756: +PUB [/camera/ir/image_raw] /camera_nodelet_manager http://pc:47069/
[rosmaster.master][INFO] 2012-12-14 14:45:25,757: +PUB [/camera/ir/image_raw/theora] /camera_nodelet_manager http://pc:47069/
[rosmaster.master][INFO] 2012-12-14 14:45:25,758: +SERVICE [/camera/ir/image_raw/theora/set_parameters] /camera_nodelet_manager http://pc:47069/
[rosmaster.master][INFO] 2012-12-14 14:45:25,759: +PUB [/camera/ir/image_raw/theora/parameter_descriptions] /camera_nodelet_manager http://pc:47069/
[rosmaster.master][INFO] 2012-12-14 14:45:25,760: +PUB [/camera/ir/image_raw/theora/parameter_updates] /camera_nodelet_manager http://pc:47069/
[rosmaster.master][INFO] 2012-12-14 14:45:25,764: +PARAM [/camera/ir/image_raw/theora/optimize_for] by /camera_nodelet_manager
[rosmaster.master][INFO] 2012-12-14 14:45:25,765: +PARAM [/camera/ir/image_raw/theora/target_bitrate] by /camera_nodelet_manager
[rosmaster.master][INFO] 2012-12-14 14:45:25,766: +PARAM [/camera/ir/image_raw/theora/quality] by /camera_nodelet_manager
[rosmaster.master][INFO] 2012-12-14 14:45:25,767: +PARAM [/camera/ir/image_raw/theora/keyframe_frequency] by /camera_nodelet_manager
[rosmaster.master][INFO] 2012-12-14 14:45:25,768: +PUB [/camera/ir/camera_info] /camera_nodelet_manager http://pc:47069/
[rosmaster.master][INFO] 2012-12-14 14:45:25,769: +PUB [/camera/depth/image_raw/compressed] /camera_nodelet_manager http://pc:47069/
[rosmaster.master][INFO] 2012-12-14 14:45:25,770: +SERVICE [/camera/depth/image_raw/compressed/set_parameters] /camera_nodelet_manager http://pc:47069/
[rosmaster.master][INFO] 2012-12-14 14:45:25,771: +PUB [/camera/depth/image_raw/compressed/parameter_descriptions] /camera_nodelet_manager http://pc:47069/
[rosmaster.master][INFO] 2012-12-14 14:45:25,772: +PUB [/camera/depth/image_raw/compressed/parameter_updates] /camera_nodelet_manager http://pc:47069/
[rosmaster.master][INFO] 2012-12-14 14:45:25,776: +PARAM [/camera/depth/image_raw/compressed/format] by /camera_nodelet_manager
[rosmaster.master][INFO] 2012-12-14 14:45:25,776: +PARAM [/camera/depth/image_raw/compressed/jpeg_quality] by /camera_nodelet_manager
[rosmaster.master][INFO] 2012-12-14 14:45:25,777: +PARAM [/camera/depth/image_raw/compressed/png_level] by /camera_nodelet_manager
[rosmaster.master][INFO] 2012-12-14 14:45:25,779: +PUB [/camera/depth/image_raw] /camera_nodelet_manager http://pc:47069/
[rosmaster.master][INFO] 2012-12-14 14:45:25,780: +PUB [/camera/depth/image_raw/theora] /camera_nodelet_manager http://pc:47069/
[rosmaster.master][INFO] 2012-12-14 14:45:25,781: +SERVICE [/camera/depth/image_raw/theora/set_parameters] /camera_nodelet_manager http://pc:47069/
[rosmaster.master][INFO] 2012-12-14 14:45:25,782: +PUB [/camera/depth/image_raw/theora/parameter_descriptions] /camera_nodelet_manager http://pc:47069/
[rosmaster.master][INFO] 2012-12-14 14:45:25,783: +PUB [/camera/depth/image_raw/theora/parameter_updates] /camera_nodelet_manager http://pc:47069/
[rosmaster.master][INFO] 2012-12-14 14:45:25,787: +PARAM [/camera/depth/image_raw/theora/optimize_for] by /camera_nodelet_manager
[rosmaster.master][INFO] 2012-12-14 14:45:25,787: +PARAM [/camera/depth/image_raw/theora/target_bitrate] by /camera_nodelet_manager
[rosmaster.master][INFO] 2012-12-14 14:45:25,788: publisherUpdate[/camera/rgb/camera_info] -> http://pc:47069/
[rosmaster.master][INFO] 2012-12-14 14:45:25,789: publisherUpdate[/camera/depth/image_raw] -> http://pc:47069/
[rosmaster.master][INFO] 2012-12-14 14:45:25,790: +PARAM [/camera/depth/image_raw/theora/quality] by /camera_nodelet_manager
[rosmaster.master][INFO] 2012-12-14 14:45:25,791: +PARAM [/camera/depth/image_raw/theora/keyframe_frequency] by /camera_nodelet_manager
[rosmaster.master][INFO] 2012-12-14 14:45:25,792: +PUB [/camera/depth/camera_info] /camera_nodelet_manager http://pc:47069/
[rosmaster.master][INFO] 2012-12-14 14:45:25,793: +PUB [/camera/projector/camera_info] /camera_nodelet_manager http://pc:47069/
[rosmaster.master][INFO] 2012-12-14 14:45:25,794: +PUB [/camera/depth_registered/image_raw/compressed] /camera_nodelet_manager http://pc:47069/
[rosmaster.master][INFO] 2012-12-14 14:45:25,795: publisherUpdate[/camera/depth/camera_info] -> http://pc:47069/
[rosmaster.master][INFO] 2012-12-14 14:45:25,796: +SERVICE [/camera/depth_registered/image_raw/compressed/set_parameters] /camera_nodelet_manager http://pc:47069/
[rosmaster.master][INFO] 2012-12-14 14:45:25,797: +PUB [/camera/depth_registered/image_raw/compressed/parameter_descriptions] /camera_nodelet_manager http://pc:47069/
[rosmaster.master][INFO] 2012-12-14 14:45:25,798: +PUB [/camera/depth_registered/image_raw/compressed/parameter_updates] /camera_nodelet_manager http://pc:47069/
[rosmaster.master][INFO] 2012-12-14 14:45:25,801: +PARAM [/camera/depth_registered/image_raw/compressed/format] by /camera_nodelet_manager
[rosmaster.master][INFO] 2012-12-14 14:45:25,803: +PARAM [/camera/depth_registered/image_raw/compressed/jpeg_quality] by /camera_nodelet_manager
[rosmaster.master][INFO] 2012-12-14 14:45:25,804: +PARAM [/camera/depth_registered/image_raw/compressed/png_level] by /camera_nodelet_manager
[rosmaster.master][INFO] 2012-12-14 14:45:25,805: +PUB [/camera/depth_registered/image_raw] /camera_nodelet_manager http://pc:47069/
[rosmaster.master][INFO] 2012-12-14 14:45:25,806: +PUB [/camera/depth_registered/image_raw/theora] /camera_nodelet_manager http://pc:47069/
[rosmaster.master][INFO] 2012-12-14 14:45:25,807: +SERVICE [/camera/depth_registered/image_raw/theora/set_parameters] /camera_nodelet_manager http://pc:47069/
[rosmaster.master][INFO] 2012-12-14 14:45:25,808: +PUB [/camera/depth_registered/image_raw/theora/parameter_descriptions] /camera_nodelet_manager http://pc:47069/
[rosmaster.master][INFO] 2012-12-14 14:45:25,809: +PUB [/camera/depth_registered/image_raw/theora/parameter_updates] /camera_nodelet_manager http://pc:47069/
[rosmaster.master][INFO] 2012-12-14 14:45:25,813: +PARAM [/camera/depth_registered/image_raw/theora/optimize_for] by /camera_nodelet_manager
[rosmaster.master][INFO] 2012-12-14 14:45:25,814: +PARAM [/camera/depth_registered/image_raw/theora/target_bitrate] by /camera_nodelet_manager
[rosmaster.master][INFO] 2012-12-14 14:45:25,815: +PARAM [/camera/depth_registered/image_raw/theora/quality] by /camera_nodelet_manager
[rosmaster.master][INFO] 2012-12-14 14:45:25,816: +PARAM [/camera/depth_registered/image_raw/theora/keyframe_frequency] by /camera_nodelet_manager
[rosmaster.master][INFO] 2012-12-14 14:45:25,829: +SUB [/camera/driver/parameter_updates] /set_dr http://pc:38302/
[rosmaster.master][INFO] 2012-12-14 14:45:25,831: +SUB [/camera/driver/parameter_descriptions] /set_dr http://pc:38302/
[rosmaster.master][INFO] 2012-12-14 14:45:25,890: publisherUpdate[/camera/depth_registered/image_raw] -> http://pc:47069/
[rosmaster.master][INFO] 2012-12-14 14:45:26,047: +PUB [/camera/depth_registered/points] /camera_nodelet_manager http://pc:47069/
[rosmaster.master][INFO] 2012-12-14 14:45:26,332: +PUB [/camera/depth/disparity] /camera_nodelet_manager http://pc:47069/
[rosmaster.master][INFO] 2012-12-14 14:45:26,611: +SERVICE [/camera/rgb/debayer/set_parameters] /camera_nodelet_manager http://pc:47069/
[rosmaster.master][INFO] 2012-12-14 14:45:26,613: +PUB [/camera/rgb/debayer/parameter_descriptions] /camera_nodelet_manager http://pc:47069/
[rosmaster.master][INFO] 2012-12-14 14:45:26,615: +PUB [/camera/rgb/debayer/parameter_updates] /camera_nodelet_manager http://pc:47069/
[rosmaster.master][INFO] 2012-12-14 14:45:26,620: +PARAM [/camera/rgb/debayer/debayer] by /camera_nodelet_manager
[rosmaster.master][INFO] 2012-12-14 14:45:26,624: +PUB [/camera/rgb/image_mono/compressed] /camera_nodelet_manager http://pc:47069/
[rosmaster.master][INFO] 2012-12-14 14:45:26,627: +SERVICE [/camera/rgb/image_mono/compressed/set_parameters] /camera_nodelet_manager http://pc:47069/
[rosmaster.master][INFO] 2012-12-14 14:45:26,629: +PUB [/camera/rgb/image_mono/compressed/parameter_descriptions] /camera_nodelet_manager http://pc:47069/
[rosmaster.master][INFO] 2012-12-14 14:45:26,632: +PUB [/camera/rgb/image_mono/compressed/parameter_updates] /camera_nodelet_manager http://pc:47069/
[rosmaster.master][INFO] 2012-12-14 14:45:26,641: +PARAM [/camera/rgb/image_mono/compressed/format] by /camera_nodelet_manager
[rosmaster.master][INFO] 2012-12-14 14:45:26,643: +PARAM [/camera/rgb/image_mono/compressed/jpeg_quality] by /camera_nodelet_manager
[rosmaster.master][INFO] 2012-12-14 14:45:26,646: +PARAM [/camera/rgb/image_mono/compressed/png_level] by /camera_nodelet_manager
[rosmaster.master][INFO] 2012-12-14 14:45:26,648: +PUB [/camera/rgb/image_mono] /camera_nodelet_manager http://pc:47069/
[rosmaster.master][INFO] 2012-12-14 14:45:26,651: +PUB [/camera/rgb/image_mono/theora] /camera_nodelet_manager http://pc:47069/
[rosmaster.master][INFO] 2012-12-14 14:45:26,654: +SERVICE [/camera/rgb/image_mono/theora/set_parameters] /camera_nodelet_manager http://pc:47069/
[rosmaster.master][INFO] 2012-12-14 14:45:26,656: +PUB [/camera/rgb/image_mono/theora/parameter_descriptions] /camera_nodelet_manager http://pc:47069/
[rosmaster.master][INFO] 2012-12-14 14:45:26,659: +PUB [/camera/rgb/image_mono/theora/parameter_updates] /camera_nodelet_manager http://pc:47069/
[rosmaster.master][INFO] 2012-12-14 14:45:26,669: +PARAM [/camera/rgb/image_mono/theora/optimize_for] by /camera_nodelet_manager
[rosmaster.master][INFO] 2012-12-14 14:45:26,671: +PARAM [/camera/rgb/image_mono/theora/target_bitrate] by /camera_nodelet_manager
[rosmaster.master][INFO] 2012-12-14 14:45:26,674: +PARAM [/camera/rgb/image_mono/theora/quality] by /camera_nodelet_manager
[rosmaster.master][INFO] 2012-12-14 14:45:26,676: +PARAM [/camera/rgb/image_mono/theora/keyframe_frequency] by /camera_nodelet_manager
[rosmaster.master][INFO] 2012-12-14 14:45:26,679: +PUB [/camera/rgb/image_color/compressed] /camera_nodelet_manager http://pc:47069/
[rosmaster.master][INFO] 2012-12-14 14:45:26,681: +SERVICE [/camera/rgb/image_color/compressed/set_parameters] /camera_nodelet_manager http://pc:47069/
[rosmaster.master][INFO] 2012-12-14 14:45:26,684: +PUB [/camera/rgb/image_color/compressed/parameter_descriptions] /camera_nodelet_manager http://pc:47069/
[rosmaster.master][INFO] 2012-12-14 14:45:26,686: +PUB [/camera/rgb/image_color/compressed/parameter_updates] /camera_nodelet_manager http://pc:47069/
[rosmaster.master][INFO] 2012-12-14 14:45:26,695: +PARAM [/camera/rgb/image_color/compressed/format] by /camera_nodelet_manager
[rosmaster.master][INFO] 2012-12-14 14:45:26,697: +PARAM [/camera/rgb/image_color/compressed/jpeg_quality] by /camera_nodelet_manager
[rosmaster.master][INFO] 2012-12-14 14:45:26,700: +PARAM [/camera/rgb/image_color/compressed/png_level] by /camera_nodelet_manager
[rosmaster.master][INFO] 2012-12-14 14:45:26,704: +PUB [/camera/rgb/image_color] /camera_nodelet_manager http://pc:47069/
[rosmaster.master][INFO] 2012-12-14 14:45:26,707: +PUB [/camera/rgb/image_color/theora] /camera_nodelet_manager http://pc:47069/
[rosmaster.master][INFO] 2012-12-14 14:45:26,710: +SERVICE [/camera/rgb/image_color/theora/set_parameters] /camera_nodelet_manager http://pc:47069/
[rosmaster.master][INFO] 2012-12-14 14:45:26,712: +PUB [/camera/rgb/image_color/theora/parameter_descriptions] /camera_nodelet_manager http://pc:47069/
[rosmaster.master][INFO] 2012-12-14 14:45:26,715: +PUB [/camera/rgb/image_color/theora/parameter_updates] /camera_nodelet_manager http://pc:47069/
[rosmaster.master][INFO] 2012-12-14 14:45:26,725: +PARAM [/camera/rgb/image_color/theora/optimize_for] by /camera_nodelet_manager
[rosmaster.master][INFO] 2012-12-14 14:45:26,728: +PARAM [/camera/rgb/image_color/theora/target_bitrate] by /camera_nodelet_manager
[rosmaster.master][INFO] 2012-12-14 14:45:26,730: +PARAM [/camera/rgb/image_color/theora/quality] by /camera_nodelet_manager
[rosmaster.master][INFO] 2012-12-14 14:45:26,732: +PARAM [/camera/rgb/image_color/theora/keyframe_frequency] by /camera_nodelet_manager
[rosmaster.master][INFO] 2012-12-14 14:45:26,737: +SUB [/camera/rgb/image_raw] /camera_nodelet_manager http://pc:47069/
[rosmaster.master][INFO] 2012-12-14 14:45:26,793: publisherUpdate[/camera/rgb/image_color] -> http://pc:47069/
[rosmaster.master][INFO] 2012-12-14 14:45:27,027: +PUB [/camera/depth_registered/disparity] /camera_nodelet_manager http://pc:47069/
[rosmaster.master][INFO] 2012-12-14 14:45:29,659: +PARAM [/camera/driver/image_mode] by /camera_nodelet_manager
[rosmaster.master][INFO] 2012-12-14 14:45:29,661: +PARAM [/camera/driver/depth_mode] by /camera_nodelet_manager
[rosmaster.master][INFO] 2012-12-14 14:45:29,663: +PARAM [/camera/driver/depth_registration] by /camera_nodelet_manager
[rosmaster.master][INFO] 2012-12-14 14:45:29,667: +PARAM [/camera/driver/data_skip] by /camera_nodelet_manager
[rosmaster.master][INFO] 2012-12-14 14:45:29,669: +PARAM [/camera/driver/depth_time_offset] by /camera_nodelet_manager
[rosmaster.master][INFO] 2012-12-14 14:45:29,674: +PARAM [/camera/driver/image_time_offset] by /camera_nodelet_manager
[rosmaster.master][INFO] 2012-12-14 14:45:29,687: +PARAM [/camera/driver/depth_ir_offset_x] by /camera_nodelet_manager
[rosmaster.master][INFO] 2012-12-14 14:45:29,689: +PARAM [/camera/driver/depth_ir_offset_y] by /camera_nodelet_manager
[rosmaster.master][INFO] 2012-12-14 14:45:29,690: +PARAM [/camera/driver/z_offset_mm] by /camera_nodelet_manager
[rosmaster.master][INFO] 2012-12-14 14:45:29,695: -SUB [/camera/driver/parameter_updates] /set_dr http://pc:38302/
[rosmaster.master][INFO] 2012-12-14 14:45:29,695: -SUB [/camera/driver/parameter_descriptions] /set_dr http://pc:38302/
[rosmaster.master][INFO] 2012-12-14 14:45:29,695: -PUB [/rosout] /set_dr http://pc:38302/
[rosmaster.master][INFO] 2012-12-14 14:45:29,700: publisherUpdate[/rosout] -> http://pc:37606/
[rosmaster.master][INFO] 2012-12-14 14:46:01,601: -SUB [/camera/depth_registered/image_rect] /depth_detection http://pc:46473/
[rosmaster.master][INFO] 2012-12-14 14:46:01,601: -SUB [/camera/rgb/image_rect_color] /depth_detection http://pc:46473/
[rosmaster.master][INFO] 2012-12-14 14:46:01,602: -PUB [/rosout] /depth_detection http://pc:46473/
[rosmaster.master][INFO] 2012-12-14 14:46:01,605: -SUB [/camera/depth_registered/image_rect_raw] /camera_nodelet_manager http://pc:47069/
[rosmaster.master][INFO] 2012-12-14 14:46:01,614: -PUB [/camera/depth/disparity] /camera_nodelet_manager http://pc:47069/
[rosmaster.master][INFO] 2012-12-14 14:46:01,618: -SUB [/camera/depth_registered/image_raw] /camera_nodelet_manager http://pc:47069/
[rosmaster.master][INFO] 2012-12-14 14:46:01,622: -PUB [/camera/depth_registered/points] /camera_nodelet_manager http://pc:47069/
[rosmaster.master][INFO] 2012-12-14 14:46:01,623: -SUB [/camera/rgb/image_color] /camera_nodelet_manager http://pc:47069/
[rosmaster.master][INFO] 2012-12-14 14:46:01,625: -SUB [/camera/depth_registered/camera_info] /camera_nodelet_manager http://pc:47069/
[rosmaster.master][INFO] 2012-12-14 14:46:01,626: -PUB [/camera/depth_registered/disparity] /camera_nodelet_manager http://pc:47069/
[rosmaster.master][INFO] 2012-12-14 14:46:01,630: -SUB [/camera/rgb/image_raw] /camera_nodelet_manager http://pc:47069/
[rosmaster.master][INFO] 2012-12-14 14:46:01,633: -SUB [/camera/depth/image_rect_raw] /camera_nodelet_manager http://pc:47069/
[rosmaster.master][INFO] 2012-12-14 14:46:01,635: -SUB [/camera/rgb/camera_info] /camera_nodelet_manager http://pc:47069/
[rosmaster.master][INFO] 2012-12-14 14:46:01,636: -SUB [/camera/depth/image_raw] /camera_nodelet_manager http://pc:47069/
[rosmaster.master][INFO] 2012-12-14 14:46:01,637: -PUB [/rosout] /camera/disparity_depth http://pc:53923/
[rosmaster.master][INFO] 2012-12-14 14:46:01,638: -SUB [/camera/depth/camera_info] /camera_nodelet_manager http://pc:47069/
[rosmaster.master][INFO] 2012-12-14 14:46:01,639: -SERVICE [/camera/disparity_depth/get_loggers] /camera/disparity_depth rosrpc://pc:34663
[rosmaster.master][INFO] 2012-12-14 14:46:01,640: -SERVICE [/camera/disparity_depth/set_logger_level] /camera/disparity_depth rosrpc://pc:34663
[rosmaster.master][INFO] 2012-12-14 14:46:01,655: publisherUpdate[/rosout] -> http://pc:37606/
[rosmaster.master][INFO] 2012-12-14 14:46:01,658: publisherUpdate[/rosout] -> http://pc:37606/
[rosmaster.master][INFO] 2012-12-14 14:46:01,729: -PUB [/rosout] /camera/depth_registered/metric http://pc:60854/
[rosmaster.master][INFO] 2012-12-14 14:46:01,731: -SERVICE [/camera/depth_registered/metric/get_loggers] /camera/depth_registered/metric rosrpc://pc:44208
[rosmaster.master][INFO] 2012-12-14 14:46:01,732: -SERVICE [/camera/depth_registered/metric/set_logger_level] /camera/depth_registered/metric rosrpc://pc:44208
[rosmaster.master][INFO] 2012-12-14 14:46:01,733: -PUB [/rosout] /camera/disparity_depth_registered http://pc:35190/
[rosmaster.master][INFO] 2012-12-14 14:46:01,734: -PUB [/rosout] /camera/depth_registered/metric_rect http://pc:36043/
[rosmaster.master][INFO] 2012-12-14 14:46:01,735: -PUB [/rosout] /camera_base_link2 http://pc:41738/
[rosmaster.master][INFO] 2012-12-14 14:46:01,737: -PUB [/rosout] /camera/points_xyzrgb_depth_rgb http://pc:52929/
[rosmaster.master][INFO] 2012-12-14 14:46:01,739: -SERVICE [/camera/disparity_depth_registered/get_loggers] /camera/disparity_depth_registered rosrpc://pc:56210
[rosmaster.master][INFO] 2012-12-14 14:46:01,740: -SERVICE [/camera/depth_registered/metric_rect/get_loggers] /camera/depth_registered/metric_rect rosrpc://pc:33788
[rosmaster.master][INFO] 2012-12-14 14:46:01,741: -PUB [/rosout] /camera_base_link1 http://pc:56307/
[rosmaster.master][INFO] 2012-12-14 14:46:01,742: -PUB [/rosout] /camera_base_link3 http://pc:48482/
[rosmaster.master][INFO] 2012-12-14 14:46:01,742: -PUB [/tf] /camera_base_link2 http://pc:41738/
[rosmaster.master][INFO] 2012-12-14 14:46:01,742: -SERVICE [/camera/points_xyzrgb_depth_rgb/get_loggers] /camera/points_xyzrgb_depth_rgb rosrpc://pc:47085
[rosmaster.master][INFO] 2012-12-14 14:46:01,743: -SERVICE [/camera/disparity_depth_registered/set_logger_level] /camera/disparity_depth_registered rosrpc://pc:56210
[rosmaster.master][INFO] 2012-12-14 14:46:01,745: -SERVICE [/camera/depth_registered/metric_rect/set_logger_level] /camera/depth_registered/metric_rect rosrpc://pc:33788
[rosmaster.master][INFO] 2012-12-14 14:46:01,746: -PUB [/tf] /camera_base_link3 http://pc:48482/
[rosmaster.master][INFO] 2012-12-14 14:46:01,747: -SERVICE [/camera_base_link2/get_loggers] /camera_base_link2 rosrpc://pc:39928
[rosmaster.master][INFO] 2012-12-14 14:46:01,748: -SERVICE [/camera/points_xyzrgb_depth_rgb/set_logger_level] /camera/points_xyzrgb_depth_rgb rosrpc://pc:47085
[rosmaster.master][INFO] 2012-12-14 14:46:01,749: -PUB [/tf] /camera_base_link1 http://pc:56307/
[rosmaster.master][INFO] 2012-12-14 14:46:01,750: -SERVICE [/camera_base_link3/get_loggers] /camera_base_link3 rosrpc://pc:49815
[rosmaster.master][INFO] 2012-12-14 14:46:01,751: -SERVICE [/camera_base_link2/set_logger_level] /camera_base_link2 rosrpc://pc:39928
[rosmaster.master][INFO] 2012-12-14 14:46:01,752: -SERVICE [/camera_base_link1/get_loggers] /camera_base_link1 rosrpc://pc:56729
[rosmaster.master][INFO] 2012-12-14 14:46:01,753: -SERVICE [/camera_base_link3/set_logger_level] /camera_base_link3 rosrpc://pc:49815
[rosmaster.master][INFO] 2012-12-14 14:46:01,753: -SERVICE [/camera_base_link1/set_logger_level] /camera_base_link1 rosrpc://pc:56729
[rosmaster.master][INFO] 2012-12-14 14:46:01,756: publisherUpdate[/rosout] -> http://pc:37606/
[rosmaster.master][INFO] 2012-12-14 14:46:01,757: publisherUpdate[/tf] -> http://pc:47069/
[rosmaster.master][INFO] 2012-12-14 14:46:01,757: publisherUpdate[/tf] -> http://pc:47069/
[rosmaster.master][INFO] 2012-12-14 14:46:01,758: publisherUpdate[/rosout] -> http://pc:37606/
[rosmaster.master][INFO] 2012-12-14 14:46:01,759: publisherUpdate[/tf] -> http://pc:47069/
[rosmaster.master][INFO] 2012-12-14 14:46:01,760: publisherUpdate[/rosout] -> http://pc:37606/
[rosmaster.master][INFO] 2012-12-14 14:46:01,761: publisherUpdate[/rosout] -> http://pc:37606/
[rosmaster.master][INFO] 2012-12-14 14:46:01,763: publisherUpdate[/rosout] -> http://pc:37606/
[rosmaster.master][INFO] 2012-12-14 14:46:01,764: publisherUpdate[/rosout] -> http://pc:37606/
[rosmaster.master][INFO] 2012-12-14 14:46:01,764: publisherUpdate[/rosout] -> http://pc:37606/
[rosmaster.master][INFO] 2012-12-14 14:46:01,811: -PUB [/camera/depth_registered/rectify_depth/parameter_descriptions] /camera_nodelet_manager http://pc:47069/
[rosmaster.master][INFO] 2012-12-14 14:46:01,812: -PUB [/camera/depth_registered/rectify_depth/parameter_updates] /camera_nodelet_manager http://pc:47069/
[rosmaster.master][INFO] 2012-12-14 14:46:01,813: -SERVICE [/camera/depth_registered/rectify_depth/set_parameters] /camera_nodelet_manager rosrpc://pc:58327
[rosmaster.master][INFO] 2012-12-14 14:46:01,838: -PUB [/rosout] /camera_base_link http://pc:60321/
[rosmaster.master][INFO] 2012-12-14 14:46:01,839: -PUB [/tf] /camera_base_link http://pc:60321/
[rosmaster.master][INFO] 2012-12-14 14:46:01,840: -SERVICE [/camera_base_link/get_loggers] /camera_base_link rosrpc://pc:43824
[rosmaster.master][INFO] 2012-12-14 14:46:01,842: -SERVICE [/camera_base_link/set_logger_level] /camera_base_link rosrpc://pc:43824
[rosmaster.master][INFO] 2012-12-14 14:46:01,860: publisherUpdate[/rosout] -> http://pc:37606/
[rosmaster.master][INFO] 2012-12-14 14:46:01,861: publisherUpdate[/tf] -> http://pc:47069/
[rosmaster.master][INFO] 2012-12-14 14:46:01,921: -SUB [/tf] /camera_nodelet_manager http://pc:47069/
[rosmaster.master][INFO] 2012-12-14 14:46:01,922: -SERVICE [/camera_nodelet_manager/tf_frames] /camera_nodelet_manager rosrpc://pc:58327
[rosmaster.master][INFO] 2012-12-14 14:46:01,924: -PUB [/camera/depth/points] /camera_nodelet_manager http://pc:47069/
[rosmaster.master][INFO] 2012-12-14 14:46:01,926: -PUB [/camera/depth/rectify_depth/parameter_descriptions] /camera_nodelet_manager http://pc:47069/
[rosmaster.master][INFO] 2012-12-14 14:46:01,927: -PUB [/camera/depth/rectify_depth/parameter_updates] /camera_nodelet_manager http://pc:47069/
[rosmaster.master][INFO] 2012-12-14 14:46:01,929: -SERVICE [/camera/depth/rectify_depth/set_parameters] /camera_nodelet_manager rosrpc://pc:58327
[rosmaster.master][INFO] 2012-12-14 14:46:01,933: -PUB [/rosout] /camera/depth_registered/rectify_depth http://pc:47952/
[rosmaster.master][INFO] 2012-12-14 14:46:01,934: -SERVICE [/camera/depth_registered/rectify_depth/get_loggers] /camera/depth_registered/rectify_depth rosrpc://pc:56806
[rosmaster.master][INFO] 2012-12-14 14:46:01,940: -SERVICE [/camera/depth_registered/rectify_depth/set_logger_level] /camera/depth_registered/rectify_depth rosrpc://pc:56806
[rosmaster.master][INFO] 2012-12-14 14:46:01,963: publisherUpdate[/rosout] -> http://pc:37606/
[rosmaster.master][INFO] 2012-12-14 14:46:01,999: -PUB [/camera/ir/rectify_ir/parameter_descriptions] /camera_nodelet_manager http://pc:47069/
[rosmaster.master][INFO] 2012-12-14 14:46:02,003: -PUB [/camera/ir/rectify_ir/parameter_updates] /camera_nodelet_manager http://pc:47069/
[rosmaster.master][INFO] 2012-12-14 14:46:02,011: -SERVICE [/camera/ir/rectify_ir/set_parameters] /camera_nodelet_manager rosrpc://pc:58327
[rosmaster.master][INFO] 2012-12-14 14:46:02,016: -PUB [/camera/rgb/rectify_color/parameter_descriptions] /camera_nodelet_manager http://pc:47069/
[rosmaster.master][INFO] 2012-12-14 14:46:02,019: -PUB [/camera/rgb/rectify_color/parameter_updates] /camera_nodelet_manager http://pc:47069/
[rosmaster.master][INFO] 2012-12-14 14:46:02,022: -SERVICE [/camera/rgb/rectify_color/set_parameters] /camera_nodelet_manager rosrpc://pc:58327
[rosmaster.master][INFO] 2012-12-14 14:46:02,027: -PUB [/camera/rgb/rectify_mono/parameter_descriptions] /camera_nodelet_manager http://pc:47069/
[rosmaster.master][INFO] 2012-12-14 14:46:02,030: -PUB [/camera/rgb/rectify_mono/parameter_updates] /camera_nodelet_manager http://pc:47069/
[rosmaster.master][INFO] 2012-12-14 14:46:02,034: -PUB [/rosout] /camera/register_depth_rgb http://pc:59713/
[rosmaster.master][INFO] 2012-12-14 14:46:02,037: -PUB [/rosout] /camera/depth/rectify_depth http://pc:48002/
[rosmaster.master][INFO] 2012-12-14 14:46:02,039: -PUB [/rosout] /camera/depth/points http://pc:45827/
[rosmaster.master][INFO] 2012-12-14 14:46:02,042: -PUB [/rosout] /camera/depth/metric_rect http://pc:52644/
[rosmaster.master][INFO] 2012-12-14 14:46:02,045: -SERVICE [/camera/rgb/rectify_mono/set_parameters] /camera_nodelet_manager rosrpc://pc:58327
[rosmaster.master][INFO] 2012-12-14 14:46:02,047: -SERVICE [/camera/register_depth_rgb/get_loggers] /camera/register_depth_rgb rosrpc://pc:37485
[rosmaster.master][INFO] 2012-12-14 14:46:02,048: -PUB [/rosout] /camera/depth/metric http://pc:58729/
[rosmaster.master][INFO] 2012-12-14 14:46:02,051: -SERVICE [/camera/depth/rectify_depth/get_loggers] /camera/depth/rectify_depth rosrpc://pc:40432
[rosmaster.master][INFO] 2012-12-14 14:46:02,055: -SERVICE [/camera/depth/metric_rect/get_loggers] /camera/depth/metric_rect rosrpc://pc:57214
[rosmaster.master][INFO] 2012-12-14 14:46:02,058: -SERVICE [/camera/depth/points/get_loggers] /camera/depth/points rosrpc://pc:41437
[rosmaster.master][INFO] 2012-12-14 14:46:02,060: -SERVICE [/camera/register_depth_rgb/set_logger_level] /camera/register_depth_rgb rosrpc://pc:37485
[rosmaster.master][INFO] 2012-12-14 14:46:02,061: -SERVICE [/camera/depth/metric/get_loggers] /camera/depth/metric rosrpc://pc:59928
[rosmaster.master][INFO] 2012-12-14 14:46:02,064: publisherUpdate[/rosout] -> http://pc:37606/
[rosmaster.master][INFO] 2012-12-14 14:46:02,065: -SERVICE [/camera/depth/metric_rect/set_logger_level] /camera/depth/metric_rect rosrpc://pc:57214
[rosmaster.master][INFO] 2012-12-14 14:46:02,068: publisherUpdate[/rosout] -> http://pc:37606/
[rosmaster.master][INFO] 2012-12-14 14:46:02,069: -SERVICE [/camera/depth/rectify_depth/set_logger_level] /camera/depth/rectify_depth rosrpc://pc:40432
[rosmaster.master][INFO] 2012-12-14 14:46:02,072: publisherUpdate[/rosout] -> http://pc:37606/
[rosmaster.master][INFO] 2012-12-14 14:46:02,074: -SERVICE [/camera/depth/points/set_logger_level] /camera/depth/points rosrpc://pc:41437
[rosmaster.master][INFO] 2012-12-14 14:46:02,075: publisherUpdate[/rosout] -> http://pc:37606/
[rosmaster.master][INFO] 2012-12-14 14:46:02,077: -SERVICE [/camera/depth/metric/set_logger_level] /camera/depth/metric rosrpc://pc:59928
[rosmaster.master][INFO] 2012-12-14 14:46:02,080: publisherUpdate[/rosout] -> http://pc:37606/
[rosmaster.master][INFO] 2012-12-14 14:46:02,118: -PUB [/camera/rgb/debayer/parameter_descriptions] /camera_nodelet_manager http://pc:47069/
[rosmaster.master][INFO] 2012-12-14 14:46:02,121: -PUB [/camera/rgb/debayer/parameter_updates] /camera_nodelet_manager http://pc:47069/
[rosmaster.master][INFO] 2012-12-14 14:46:02,124: -SERVICE [/camera/rgb/debayer/set_parameters] /camera_nodelet_manager rosrpc://pc:58327
[rosmaster.master][INFO] 2012-12-14 14:46:02,130: -PUB [/rosout] /camera/rgb/rectify_mono http://pc:54791/
[rosmaster.master][INFO] 2012-12-14 14:46:02,135: -PUB [/rosout] /camera/ir/rectify_ir http://pc:41715/
[rosmaster.master][INFO] 2012-12-14 14:46:02,137: -SERVICE [/camera/rgb/rectify_mono/get_loggers] /camera/rgb/rectify_mono rosrpc://pc:47079
[rosmaster.master][INFO] 2012-12-14 14:46:02,139: -PUB [/rosout] /camera/rgb/rectify_color http://pc:34178/
[rosmaster.master][INFO] 2012-12-14 14:46:02,144: -SERVICE [/camera/rgb/rectify_mono/set_logger_level] /camera/rgb/rectify_mono rosrpc://pc:47079
[rosmaster.master][INFO] 2012-12-14 14:46:02,145: -SERVICE [/camera/ir/rectify_ir/get_loggers] /camera/ir/rectify_ir rosrpc://pc:47239
[rosmaster.master][INFO] 2012-12-14 14:46:02,148: -SERVICE [/camera/rgb/rectify_color/get_loggers] /camera/rgb/rectify_color rosrpc://pc:44605
[rosmaster.master][INFO] 2012-12-14 14:46:02,151: -SERVICE [/camera/ir/rectify_ir/set_logger_level] /camera/ir/rectify_ir rosrpc://pc:47239
[rosmaster.master][INFO] 2012-12-14 14:46:02,154: -SERVICE [/camera/rgb/rectify_color/set_logger_level] /camera/rgb/rectify_color rosrpc://pc:44605
[rosmaster.master][INFO] 2012-12-14 14:46:02,165: publisherUpdate[/rosout] -> http://pc:37606/
[rosmaster.master][INFO] 2012-12-14 14:46:02,167: publisherUpdate[/rosout] -> http://pc:37606/
[rosmaster.master][INFO] 2012-12-14 14:46:02,169: publisherUpdate[/rosout] -> http://pc:37606/
[rosmaster.master][INFO] 2012-12-14 14:46:02,219: -SERVICE [/camera/ir/set_camera_info] /camera_nodelet_manager rosrpc://pc:58327
[rosmaster.master][INFO] 2012-12-14 14:46:02,221: -SERVICE [/camera/rgb/set_camera_info] /camera_nodelet_manager rosrpc://pc:58327
[rosmaster.master][INFO] 2012-12-14 14:46:02,224: -PUB [/camera/driver/parameter_descriptions] /camera_nodelet_manager http://pc:47069/
[rosmaster.master][INFO] 2012-12-14 14:46:02,226: -PUB [/camera/driver/parameter_updates] /camera_nodelet_manager http://pc:47069/
[rosmaster.master][INFO] 2012-12-14 14:46:02,229: -PUB [/rosout] /camera/rgb/debayer http://pc:42300/
[rosmaster.master][INFO] 2012-12-14 14:46:02,231: -SERVICE [/camera/driver/set_parameters] /camera_nodelet_manager rosrpc://pc:58327
[rosmaster.master][INFO] 2012-12-14 14:46:02,234: -SERVICE [/camera/rgb/debayer/get_loggers] /camera/rgb/debayer rosrpc://pc:45857
[rosmaster.master][INFO] 2012-12-14 14:46:02,237: -SERVICE [/camera/rgb/debayer/set_logger_level] /camera/rgb/debayer rosrpc://pc:45857
[rosmaster.master][INFO] 2012-12-14 14:46:02,268: publisherUpdate[/rosout] -> http://pc:37606/
[rosmaster.master][INFO] 2012-12-14 14:46:02,365: -PUB [/rosout] /camera_nodelet_manager http://pc:47069/
[rosmaster.master][INFO] 2012-12-14 14:46:02,368: -PUB [/camera/rgb/image_rect_color/compressed] /camera_nodelet_manager http://pc:47069/
[rosmaster.master][INFO] 2012-12-14 14:46:02,370: -PUB [/camera/rgb/image_rect_color/compressed/parameter_descriptions] /camera_nodelet_manager http://pc:47069/
[rosmaster.master][INFO] 2012-12-14 14:46:02,371: publisherUpdate[/rosout] -> http://pc:37606/
[rosmaster.master][INFO] 2012-12-14 14:46:02,375: -PUB [/camera/rgb/image_rect_color/compressed/parameter_updates] /camera_nodelet_manager http://pc:47069/
[rosmaster.master][INFO] 2012-12-14 14:46:02,378: -PUB [/camera/rgb/image_rect_color] /camera_nodelet_manager http://pc:47069/
[rosmaster.master][INFO] 2012-12-14 14:46:02,380: -PUB [/camera/rgb/image_rect_color/theora] /camera_nodelet_manager http://pc:47069/
[rosmaster.master][INFO] 2012-12-14 14:46:02,382: -PUB [/camera/rgb/image_rect_color/theora/parameter_descriptions] /camera_nodelet_manager http://pc:47069/
[rosmaster.master][INFO] 2012-12-14 14:46:02,385: -PUB [/camera/rgb/image_rect_color/theora/parameter_updates] /camera_nodelet_manager http://pc:47069/
[rosmaster.master][INFO] 2012-12-14 14:46:02,387: -PUB [/camera/depth_registered/image/compressed] /camera_nodelet_manager http://pc:47069/
[rosmaster.master][INFO] 2012-12-14 14:46:02,390: -PUB [/camera/depth_registered/image/compressed/parameter_descriptions] /camera_nodelet_manager http://pc:47069/
[rosmaster.master][INFO] 2012-12-14 14:46:02,393: -PUB [/camera/depth_registered/image/compressed/parameter_updates] /camera_nodelet_manager http://pc:47069/
[rosmaster.master][INFO] 2012-12-14 14:46:02,395: -PUB [/camera/depth_registered/image] /camera_nodelet_manager http://pc:47069/
[rosmaster.master][INFO] 2012-12-14 14:46:02,397: -PUB [/camera/depth_registered/image/theora] /camera_nodelet_manager http://pc:47069/
[rosmaster.master][INFO] 2012-12-14 14:46:02,400: -PUB [/camera/depth_registered/image/theora/parameter_descriptions] /camera_nodelet_manager http://pc:47069/
[rosmaster.master][INFO] 2012-12-14 14:46:02,402: -PUB [/camera/depth_registered/image/theora/parameter_updates] /camera_nodelet_manager http://pc:47069/
[rosmaster.master][INFO] 2012-12-14 14:46:02,405: -PUB [/camera/depth/image_rect_raw/compressed] /camera_nodelet_manager http://pc:47069/
[rosmaster.master][INFO] 2012-12-14 14:46:02,409: -PUB [/camera/depth/image_rect_raw/compressed/parameter_descriptions] /camera_nodelet_manager http://pc:47069/
[rosmaster.master][INFO] 2012-12-14 14:46:02,411: -PUB [/camera/depth/image_rect_raw/compressed/parameter_updates] /camera_nodelet_manager http://pc:47069/
[rosmaster.master][INFO] 2012-12-14 14:46:02,414: -PUB [/camera/depth/image_rect_raw] /camera_nodelet_manager http://pc:47069/
[rosmaster.master][INFO] 2012-12-14 14:46:02,416: -PUB [/camera/depth/image_rect_raw/theora] /camera_nodelet_manager http://pc:47069/
[rosmaster.master][INFO] 2012-12-14 14:46:02,419: -PUB [/camera/depth/image_rect_raw/theora/parameter_descriptions] /camera_nodelet_manager http://pc:47069/
[rosmaster.master][INFO] 2012-12-14 14:46:02,422: -PUB [/camera/depth/image_rect_raw/theora/parameter_updates] /camera_nodelet_manager http://pc:47069/
[rosmaster.master][INFO] 2012-12-14 14:46:02,424: -PUB [/camera/depth/image/compressed] /camera_nodelet_manager http://pc:47069/
[rosmaster.master][INFO] 2012-12-14 14:46:02,427: -PUB [/camera/depth/image/compressed/parameter_descriptions] /camera_nodelet_manager http://pc:47069/
[rosmaster.master][INFO] 2012-12-14 14:46:02,430: -PUB [/camera/depth/image/compressed/parameter_updates] /camera_nodelet_manager http://pc:47069/
[rosmaster.master][INFO] 2012-12-14 14:46:02,434: -PUB [/camera/depth/image] /camera_nodelet_manager http://pc:47069/
[rosmaster.master][INFO] 2012-12-14 14:46:02,437: -PUB [/camera/depth/image/theora] /camera_nodelet_manager http://pc:47069/
[rosmaster.master][INFO] 2012-12-14 14:46:02,440: -PUB [/camera/depth/image/theora/parameter_descriptions] /camera_nodelet_manager http://pc:47069/
[rosmaster.master][INFO] 2012-12-14 14:46:02,442: -PUB [/camera/depth/image/theora/parameter_updates] /camera_nodelet_manager http://pc:47069/
[rosmaster.master][INFO] 2012-12-14 14:46:02,445: -PUB [/camera/depth/image_rect/compressed] /camera_nodelet_manager http://pc:47069/
[rosmaster.master][INFO] 2012-12-14 14:46:02,447: -PUB [/camera/depth/image_rect/compressed/parameter_descriptions] /camera_nodelet_manager http://pc:47069/
[rosmaster.master][INFO] 2012-12-14 14:46:02,449: -PUB [/camera/depth/image_rect/compressed/parameter_updates] /camera_nodelet_manager http://pc:47069/
[rosmaster.master][INFO] 2012-12-14 14:46:02,451: -PUB [/camera/depth/image_rect] /camera_nodelet_manager http://pc:47069/
[rosmaster.master][INFO] 2012-12-14 14:46:02,454: -PUB [/camera/depth/image_rect/theora] /camera_nodelet_manager http://pc:47069/
[rosmaster.master][INFO] 2012-12-14 14:46:02,457: -PUB [/camera/depth/image_rect/theora/parameter_descriptions] /camera_nodelet_manager http://pc:47069/
[rosmaster.master][INFO] 2012-12-14 14:46:02,459: -PUB [/camera/depth/image_rect/theora/parameter_updates] /camera_nodelet_manager http://pc:47069/
[rosmaster.master][INFO] 2012-12-14 14:46:02,461: -PUB [/camera/ir/image_rect/compressed] /camera_nodelet_manager http://pc:47069/
[rosmaster.master][INFO] 2012-12-14 14:46:02,463: -PUB [/camera/ir/image_rect/compressed/parameter_descriptions] /camera_nodelet_manager http://pc:47069/
[rosmaster.master][INFO] 2012-12-14 14:46:02,465: -PUB [/camera/ir/image_rect/compressed/parameter_updates] /camera_nodelet_manager http://pc:47069/
[rosmaster.master][INFO] 2012-12-14 14:46:02,468: -PUB [/camera/ir/image_rect] /camera_nodelet_manager http://pc:47069/
[rosmaster.master][INFO] 2012-12-14 14:46:02,472: -PUB [/camera/ir/image_rect/theora] /camera_nodelet_manager http://pc:47069/
[rosmaster.master][INFO] 2012-12-14 14:46:02,475: -PUB [/camera/ir/image_rect/theora/parameter_descriptions] /camera_nodelet_manager http://pc:47069/
[rosmaster.master][INFO] 2012-12-14 14:46:02,478: -PUB [/camera/ir/image_rect/theora/parameter_updates] /camera_nodelet_manager http://pc:47069/
[rosmaster.master][INFO] 2012-12-14 14:46:02,480: -PUB [/camera/depth_registered/image_rect_raw/compressed] /camera_nodelet_manager http://pc:47069/
[rosmaster.master][INFO] 2012-12-14 14:46:02,482: -PUB [/camera/depth_registered/image_rect_raw/compressed/parameter_descriptions] /camera_nodelet_manager http://pc:47069/
[rosmaster.master][INFO] 2012-12-14 14:46:02,485: -PUB [/camera/depth_registered/image_rect_raw/compressed/parameter_updates] /camera_nodelet_manager http://pc:47069/
[rosmaster.master][INFO] 2012-12-14 14:46:02,488: -PUB [/camera/depth_registered/image_rect_raw] /camera_nodelet_manager http://pc:47069/
[rosmaster.master][INFO] 2012-12-14 14:46:02,490: -PUB [/camera/depth_registered/image_rect_raw/theora] /camera_nodelet_manager http://pc:47069/
[rosmaster.master][INFO] 2012-12-14 14:46:02,493: -PUB [/camera/depth_registered/image_rect_raw/theora/parameter_descriptions] /camera_nodelet_manager http://pc:47069/
[rosmaster.master][INFO] 2012-12-14 14:46:02,495: -PUB [/camera/depth_registered/image_rect_raw/theora/parameter_updates] /camera_nodelet_manager http://pc:47069/
[rosmaster.master][INFO] 2012-12-14 14:46:02,497: -PUB [/camera/rgb/image_rect/compressed] /camera_nodelet_manager http://pc:47069/
[rosmaster.master][INFO] 2012-12-14 14:46:02,500: -PUB [/camera/rgb/image_rect/compressed/parameter_descriptions] /camera_nodelet_manager http://pc:47069/
[rosmaster.master][INFO] 2012-12-14 14:46:02,503: -PUB [/camera/rgb/image_rect/compressed/parameter_updates] /camera_nodelet_manager http://pc:47069/
[rosmaster.master][INFO] 2012-12-14 14:46:02,506: -PUB [/camera/rgb/image_rect] /camera_nodelet_manager http://pc:47069/
[rosmaster.master][INFO] 2012-12-14 14:46:02,508: -PUB [/camera/rgb/image_rect/theora] /camera_nodelet_manager http://pc:47069/
[rosmaster.master][INFO] 2012-12-14 14:46:02,510: -PUB [/camera/rgb/image_rect/theora/parameter_descriptions] /camera_nodelet_manager http://pc:47069/
[rosmaster.master][INFO] 2012-12-14 14:46:02,513: -PUB [/camera/rgb/image_rect/theora/parameter_updates] /camera_nodelet_manager http://pc:47069/
[rosmaster.master][INFO] 2012-12-14 14:46:02,515: -PUB [/camera/depth_registered/camera_info] /camera_nodelet_manager http://pc:47069/
[rosmaster.master][INFO] 2012-12-14 14:46:02,518: -PUB [/camera/depth_registered/image_rect/compressed] /camera_nodelet_manager http://pc:47069/
[rosmaster.master][INFO] 2012-12-14 14:46:02,521: -PUB [/camera/depth_registered/image_rect/compressed/parameter_descriptions] /camera_nodelet_manager http://pc:47069/
[rosmaster.master][INFO] 2012-12-14 14:46:02,523: -PUB [/camera/depth_registered/image_rect/compressed/parameter_updates] /camera_nodelet_manager http://pc:47069/
[rosmaster.master][INFO] 2012-12-14 14:46:02,525: -PUB [/camera/depth_registered/image_rect] /camera_nodelet_manager http://pc:47069/
[rosmaster.master][INFO] 2012-12-14 14:46:02,528: -PUB [/camera/depth_registered/image_rect/theora] /camera_nodelet_manager http://pc:47069/
[rosmaster.master][INFO] 2012-12-14 14:46:02,530: -PUB [/camera/depth_registered/image_rect/theora/parameter_descriptions] /camera_nodelet_manager http://pc:47069/
[rosmaster.master][INFO] 2012-12-14 14:46:02,533: -PUB [/camera/depth_registered/image_rect/theora/parameter_updates] /camera_nodelet_manager http://pc:47069/
[rosmaster.master][INFO] 2012-12-14 14:46:02,536: -PUB [/camera/rgb/image_raw/compressed] /camera_nodelet_manager http://pc:47069/
[rosmaster.master][INFO] 2012-12-14 14:46:02,538: -PUB [/camera/rgb/image_raw/compressed/parameter_descriptions] /camera_nodelet_manager http://pc:47069/
[rosmaster.master][INFO] 2012-12-14 14:46:02,540: -PUB [/camera/rgb/image_raw/compressed/parameter_updates] /camera_nodelet_manager http://pc:47069/
[rosmaster.master][INFO] 2012-12-14 14:46:02,543: -PUB [/camera/rgb/image_raw] /camera_nodelet_manager http://pc:47069/
[rosmaster.master][INFO] 2012-12-14 14:46:02,545: -PUB [/camera/rgb/image_raw/theora] /camera_nodelet_manager http://pc:47069/
[rosmaster.master][INFO] 2012-12-14 14:46:02,548: -PUB [/camera/rgb/image_raw/theora/parameter_descriptions] /camera_nodelet_manager http://pc:47069/
[rosmaster.master][INFO] 2012-12-14 14:46:02,551: -PUB [/camera/rgb/image_raw/theora/parameter_updates] /camera_nodelet_manager http://pc:47069/
[rosmaster.master][INFO] 2012-12-14 14:46:02,553: -PUB [/camera/rgb/camera_info] /camera_nodelet_manager http://pc:47069/
[rosmaster.master][INFO] 2012-12-14 14:46:02,555: -PUB [/camera/ir/image_raw/compressed] /camera_nodelet_manager http://pc:47069/
[rosmaster.master][INFO] 2012-12-14 14:46:02,558: -PUB [/camera/ir/image_raw/compressed/parameter_descriptions] /camera_nodelet_manager http://pc:47069/
[rosmaster.master][INFO] 2012-12-14 14:46:02,560: -PUB [/camera/ir/image_raw/compressed/parameter_updates] /camera_nodelet_manager http://pc:47069/
[rosmaster.master][INFO] 2012-12-14 14:46:02,563: -PUB [/camera/ir/image_raw] /camera_nodelet_manager http://pc:47069/
[rosmaster.master][INFO] 2012-12-14 14:46:02,565: -PUB [/camera/ir/image_raw/theora] /camera_nodelet_manager http://pc:47069/
[rosmaster.master][INFO] 2012-12-14 14:46:02,568: -PUB [/camera/ir/image_raw/theora/parameter_descriptions] /camera_nodelet_manager http://pc:47069/
[rosmaster.master][INFO] 2012-12-14 14:46:02,570: -PUB [/camera/ir/image_raw/theora/parameter_updates] /camera_nodelet_manager http://pc:47069/
[rosmaster.master][INFO] 2012-12-14 14:46:02,573: -PUB [/camera/ir/camera_info] /camera_nodelet_manager http://pc:47069/
[rosmaster.master][INFO] 2012-12-14 14:46:02,575: -PUB [/camera/depth/image_raw/compressed] /camera_nodelet_manager http://pc:47069/
[rosmaster.master][INFO] 2012-12-14 14:46:02,577: -PUB [/camera/depth/image_raw/compressed/parameter_descriptions] /camera_nodelet_manager http://pc:47069/
[rosmaster.master][INFO] 2012-12-14 14:46:02,580: -PUB [/camera/depth/image_raw/compressed/parameter_updates] /camera_nodelet_manager http://pc:47069/
[rosmaster.master][INFO] 2012-12-14 14:46:02,582: -PUB [/camera/depth/image_raw] /camera_nodelet_manager http://pc:47069/
[rosmaster.master][INFO] 2012-12-14 14:46:02,584: -PUB [/camera/depth/image_raw/theora] /camera_nodelet_manager http://pc:47069/
[rosmaster.master][INFO] 2012-12-14 14:46:02,586: -PUB [/camera/depth/image_raw/theora/parameter_descriptions] /camera_nodelet_manager http://pc:47069/
[rosmaster.master][INFO] 2012-12-14 14:46:02,589: -PUB [/camera/depth/image_raw/theora/parameter_updates] /camera_nodelet_manager http://pc:47069/
[rosmaster.master][INFO] 2012-12-14 14:46:02,591: -PUB [/camera/depth/camera_info] /camera_nodelet_manager http://pc:47069/
[rosmaster.master][INFO] 2012-12-14 14:46:02,593: -PUB [/camera/projector/camera_info] /camera_nodelet_manager http://pc:47069/
[rosmaster.master][INFO] 2012-12-14 14:46:02,596: -PUB [/camera/depth_registered/image_raw/compressed] /camera_nodelet_manager http://pc:47069/
[rosmaster.master][INFO] 2012-12-14 14:46:02,599: -PUB [/camera/depth_registered/image_raw/compressed/parameter_descriptions] /camera_nodelet_manager http://pc:47069/
[rosmaster.master][INFO] 2012-12-14 14:46:02,602: -PUB [/camera/depth_registered/image_raw/compressed/parameter_updates] /camera_nodelet_manager http://pc:47069/
[rosmaster.master][INFO] 2012-12-14 14:46:02,604: -PUB [/camera/depth_registered/image_raw] /camera_nodelet_manager http://pc:47069/
[rosmaster.master][INFO] 2012-12-14 14:46:02,606: -PUB [/camera/depth_registered/image_raw/theora] /camera_nodelet_manager http://pc:47069/
[rosmaster.master][INFO] 2012-12-14 14:46:02,608: -PUB [/camera/depth_registered/image_raw/theora/parameter_descriptions] /camera_nodelet_manager http://pc:47069/
[rosmaster.master][INFO] 2012-12-14 14:46:02,611: -PUB [/camera/depth_registered/image_raw/theora/parameter_updates] /camera_nodelet_manager http://pc:47069/
[rosmaster.master][INFO] 2012-12-14 14:46:02,613: -PUB [/camera/rgb/image_mono/compressed] /camera_nodelet_manager http://pc:47069/
[rosmaster.master][INFO] 2012-12-14 14:46:02,615: -PUB [/camera/rgb/image_mono/compressed/parameter_descriptions] /camera_nodelet_manager http://pc:47069/
[rosmaster.master][INFO] 2012-12-14 14:46:02,618: -PUB [/camera/rgb/image_mono/compressed/parameter_updates] /camera_nodelet_manager http://pc:47069/
[rosmaster.master][INFO] 2012-12-14 14:46:02,620: -PUB [/camera/rgb/image_mono] /camera_nodelet_manager http://pc:47069/
[rosmaster.master][INFO] 2012-12-14 14:46:02,622: -PUB [/camera/rgb/image_mono/theora] /camera_nodelet_manager http://pc:47069/
[rosmaster.master][INFO] 2012-12-14 14:46:02,624: -PUB [/camera/rgb/image_mono/theora/parameter_descriptions] /camera_nodelet_manager http://pc:47069/
[rosmaster.master][INFO] 2012-12-14 14:46:02,626: -PUB [/camera/rgb/image_mono/theora/parameter_updates] /camera_nodelet_manager http://pc:47069/
[rosmaster.master][INFO] 2012-12-14 14:46:02,629: -PUB [/camera/rgb/image_color/compressed] /camera_nodelet_manager http://pc:47069/
[rosmaster.master][INFO] 2012-12-14 14:46:02,631: -PUB [/camera/rgb/image_color/compressed/parameter_descriptions] /camera_nodelet_manager http://pc:47069/
[rosmaster.master][INFO] 2012-12-14 14:46:02,633: -PUB [/camera/rgb/image_color/compressed/parameter_updates] /camera_nodelet_manager http://pc:47069/
[rosmaster.master][INFO] 2012-12-14 14:46:02,635: -PUB [/camera/rgb/image_color] /camera_nodelet_manager http://pc:47069/
[rosmaster.master][INFO] 2012-12-14 14:46:02,638: -PUB [/camera/rgb/image_color/theora] /camera_nodelet_manager http://pc:47069/
[rosmaster.master][INFO] 2012-12-14 14:46:02,640: -PUB [/camera/rgb/image_color/theora/parameter_descriptions] /camera_nodelet_manager http://pc:47069/
[rosmaster.master][INFO] 2012-12-14 14:46:02,643: -PUB [/camera/rgb/image_color/theora/parameter_updates] /camera_nodelet_manager http://pc:47069/
[rosmaster.master][INFO] 2012-12-14 14:46:02,646: -SERVICE [/camera_nodelet_manager/get_loggers] /camera_nodelet_manager rosrpc://pc:58327
[rosmaster.master][INFO] 2012-12-14 14:46:02,649: -SERVICE [/camera_nodelet_manager/set_logger_level] /camera_nodelet_manager rosrpc://pc:58327
[rosmaster.master][INFO] 2012-12-14 14:46:02,651: -SERVICE [/camera_nodelet_manager/load_nodelet] /camera_nodelet_manager rosrpc://pc:58327
[rosmaster.master][INFO] 2012-12-14 14:46:02,653: -SERVICE [/camera_nodelet_manager/unload_nodelet] /camera_nodelet_manager rosrpc://pc:58327
[rosmaster.master][INFO] 2012-12-14 14:46:02,732: -PUB [/rosout] /camera/driver http://pc:59649/
[rosmaster.master][INFO] 2012-12-14 14:46:02,735: -SERVICE [/camera/driver/get_loggers] /camera/driver rosrpc://pc:37765
[rosmaster.master][INFO] 2012-12-14 14:46:02,737: -SERVICE [/camera/driver/set_logger_level] /camera/driver rosrpc://pc:37765
[rosmaster.master][INFO] 2012-12-14 14:46:02,774: publisherUpdate[/rosout] -> http://pc:37606/
[rosmaster.master][INFO] 2012-12-14 14:46:05,780: -PUB [/rosout_agg] /rosout http://pc:37606/
[rosmaster.master][INFO] 2012-12-14 14:46:05,781: -SUB [/rosout] /rosout http://pc:37606/
[rosmaster.master][INFO] 2012-12-14 14:46:05,782: -SERVICE [/rosout/get_loggers] /rosout rosrpc://pc:36204
[rosmaster.master][INFO] 2012-12-14 14:46:05,783: -SERVICE [/rosout/set_logger_level] /rosout rosrpc://pc:36204
[rosmaster.main][INFO] 2012-12-14 14:46:05,807: keyboard interrupt, will exit
[rosmaster.main][INFO] 2012-12-14 14:46:05,807: stopping master...
