[rosmaster.main][INFO] 2012-12-15 18:07:06,533: initialization complete, waiting for shutdown
[rosmaster.main][INFO] 2012-12-15 18:07:06,533: Starting ROS Master Node
[xmlrpc][INFO] 2012-12-15 18:07:06,534: XML-RPC server binding to 0.0.0.0
[xmlrpc][INFO] 2012-12-15 18:07:06,534: Started XML-RPC server [http://pc:11311/]
[rosmaster.master][INFO] 2012-12-15 18:07:06,534: Master initialized: port[11311], uri[http://pc:11311/]
[xmlrpc][INFO] 2012-12-15 18:07:06,534: xml rpc node: starting XML-RPC server
[rosmaster.master][INFO] 2012-12-15 18:07:06,640: +PARAM [/run_id] by /roslaunch
[rosmaster.master][INFO] 2012-12-15 18:07:06,645: +PARAM [/roslaunch/uris/host_pc__54338] by /roslaunch
[rosmaster.master][INFO] 2012-12-15 18:07:06,669: +PARAM [/rosdistro] by /roslaunch
[rosmaster.master][INFO] 2012-12-15 18:07:06,669: +PARAM [/camera/driver/rgb_frame_id] by /roslaunch
[rosmaster.master][INFO] 2012-12-15 18:07:06,669: +PARAM [/camera/disparity_depth_registered/min_range] by /roslaunch
[rosmaster.master][INFO] 2012-12-15 18:07:06,669: +PARAM [/camera/driver/rgb_camera_info_url] by /roslaunch
[rosmaster.master][INFO] 2012-12-15 18:07:06,669: +PARAM [/camera/depth_registered/rectify_depth/interpolation] by /roslaunch
[rosmaster.master][INFO] 2012-12-15 18:07:06,669: +PARAM [/camera/driver/depth_frame_id] by /roslaunch
[rosmaster.master][INFO] 2012-12-15 18:07:06,670: +PARAM [/camera/depth/rectify_depth/interpolation] by /roslaunch
[rosmaster.master][INFO] 2012-12-15 18:07:06,670: +PARAM [/camera/disparity_depth/max_range] by /roslaunch
[rosmaster.master][INFO] 2012-12-15 18:07:06,670: +PARAM [/rosversion] by /roslaunch
[rosmaster.master][INFO] 2012-12-15 18:07:06,670: +PARAM [/camera/driver/device_id] by /roslaunch
[rosmaster.master][INFO] 2012-12-15 18:07:06,670: +PARAM [/camera/driver/depth_camera_info_url] by /roslaunch
[rosmaster.master][INFO] 2012-12-15 18:07:06,670: +PARAM [/camera/disparity_depth/min_range] by /roslaunch
[rosmaster.master][INFO] 2012-12-15 18:07:06,670: +PARAM [/camera/disparity_depth_registered/max_range] by /roslaunch
[rosmaster.master][INFO] 2012-12-15 18:07:06,677: +SERVICE [/rosout/get_loggers] /rosout http://pc:45555/
[rosmaster.master][INFO] 2012-12-15 18:07:06,679: +SERVICE [/rosout/set_logger_level] /rosout http://pc:45555/
[rosmaster.master][INFO] 2012-12-15 18:07:06,684: +PUB [/rosout_agg] /rosout http://pc:45555/
[rosmaster.master][INFO] 2012-12-15 18:07:06,686: +SUB [/rosout] /rosout http://pc:45555/
[rosmaster.master][INFO] 2012-12-15 18:07:06,706: +PUB [/rosout] /camera/driver http://pc:52578/
[rosmaster.master][INFO] 2012-12-15 18:07:06,708: +SERVICE [/camera/driver/get_loggers] /camera/driver http://pc:52578/
[rosmaster.master][INFO] 2012-12-15 18:07:06,710: +SERVICE [/camera/driver/set_logger_level] /camera/driver http://pc:52578/
[rosmaster.master][INFO] 2012-12-15 18:07:06,715: +PARAM [/camera/driver] by /camera/driver
[rosmaster.master][INFO] 2012-12-15 18:07:06,721: +PUB [/rosout] /camera/rgb/debayer http://pc:42159/
[rosmaster.master][INFO] 2012-12-15 18:07:06,723: +SERVICE [/camera/rgb/debayer/get_loggers] /camera/rgb/debayer http://pc:42159/
[rosmaster.master][INFO] 2012-12-15 18:07:06,733: +SERVICE [/camera/rgb/debayer/set_logger_level] /camera/rgb/debayer http://pc:42159/
[rosmaster.master][INFO] 2012-12-15 18:07:06,733: publisherUpdate[/rosout] -> http://pc:45555/
[rosmaster.master][INFO] 2012-12-15 18:07:06,741: publisherUpdate[/rosout] -> http://pc:45555/
[rosmaster.master][INFO] 2012-12-15 18:07:06,747: +PUB [/rosout] /camera/rgb/rectify_mono http://pc:44667/
[rosmaster.master][INFO] 2012-12-15 18:07:06,756: +SERVICE [/camera/rgb/rectify_mono/get_loggers] /camera/rgb/rectify_mono http://pc:44667/
[rosmaster.master][INFO] 2012-12-15 18:07:06,757: +PUB [/rosout] /camera/rgb/rectify_color http://pc:43375/
[rosmaster.master][INFO] 2012-12-15 18:07:06,764: +SERVICE [/camera/rgb/rectify_mono/set_logger_level] /camera/rgb/rectify_mono http://pc:44667/
[rosmaster.master][INFO] 2012-12-15 18:07:06,783: +SERVICE [/camera/rgb/rectify_color/get_loggers] /camera/rgb/rectify_color http://pc:43375/
[rosmaster.master][INFO] 2012-12-15 18:07:06,785: +PUB [/rosout] /camera/ir/rectify_ir http://pc:41312/
[rosmaster.master][INFO] 2012-12-15 18:07:06,791: +SERVICE [/camera/ir/rectify_ir/get_loggers] /camera/ir/rectify_ir http://pc:41312/
[rosmaster.master][INFO] 2012-12-15 18:07:06,801: +SERVICE [/camera/rgb/rectify_color/set_logger_level] /camera/rgb/rectify_color http://pc:43375/
[rosmaster.master][INFO] 2012-12-15 18:07:06,803: +PUB [/rosout] /camera/depth/rectify_depth http://pc:45716/
[rosmaster.master][INFO] 2012-12-15 18:07:06,809: +SERVICE [/camera/ir/rectify_ir/set_logger_level] /camera/ir/rectify_ir http://pc:41312/
[rosmaster.master][INFO] 2012-12-15 18:07:06,812: +SERVICE [/camera/depth/rectify_depth/get_loggers] /camera/depth/rectify_depth http://pc:45716/
[rosmaster.master][INFO] 2012-12-15 18:07:06,820: +PUB [/rosout] /camera/depth/metric_rect http://pc:57613/
[rosmaster.master][INFO] 2012-12-15 18:07:06,831: +SERVICE [/camera/depth/metric_rect/get_loggers] /camera/depth/metric_rect http://pc:57613/
[rosmaster.master][INFO] 2012-12-15 18:07:06,832: +SERVICE [/camera/depth/rectify_depth/set_logger_level] /camera/depth/rectify_depth http://pc:45716/
[rosmaster.master][INFO] 2012-12-15 18:07:06,835: publisherUpdate[/rosout] -> http://pc:45555/
[rosmaster.master][INFO] 2012-12-15 18:07:06,837: publisherUpdate[/rosout] -> http://pc:45555/
[rosmaster.master][INFO] 2012-12-15 18:07:06,839: publisherUpdate[/rosout] -> http://pc:45555/
[rosmaster.master][INFO] 2012-12-15 18:07:06,841: publisherUpdate[/rosout] -> http://pc:45555/
[rosmaster.master][INFO] 2012-12-15 18:07:06,843: publisherUpdate[/rosout] -> http://pc:45555/
[rosmaster.master][INFO] 2012-12-15 18:07:06,852: +PUB [/rosout] /camera/depth/points http://pc:39823/
[rosmaster.master][INFO] 2012-12-15 18:07:06,855: +SERVICE [/camera/depth/metric_rect/set_logger_level] /camera/depth/metric_rect http://pc:57613/
[rosmaster.master][INFO] 2012-12-15 18:07:06,864: +PUB [/rosout] /camera/register_depth_rgb http://pc:38323/
[rosmaster.master][INFO] 2012-12-15 18:07:06,867: +SERVICE [/camera/depth/points/get_loggers] /camera/depth/points http://pc:39823/
[rosmaster.master][INFO] 2012-12-15 18:07:06,871: +PUB [/rosout] /camera/depth_registered/metric_rect http://pc:41555/
[rosmaster.master][INFO] 2012-12-15 18:07:06,880: +SERVICE [/camera/register_depth_rgb/get_loggers] /camera/register_depth_rgb http://pc:38323/
[rosmaster.master][INFO] 2012-12-15 18:07:06,889: +SERVICE [/camera/depth/points/set_logger_level] /camera/depth/points http://pc:39823/
[rosmaster.master][INFO] 2012-12-15 18:07:06,890: +PARAM [/camera/depth/rectify_depth] by /camera/depth/rectify_depth
[rosmaster.master][INFO] 2012-12-15 18:07:06,892: +SERVICE [/camera/depth_registered/metric_rect/get_loggers] /camera/depth_registered/metric_rect http://pc:41555/
[rosmaster.master][INFO] 2012-12-15 18:07:06,896: +PUB [/rosout] /camera/depth_registered/metric http://pc:38907/
[rosmaster.master][INFO] 2012-12-15 18:07:06,916: +SERVICE [/camera/depth_registered/metric_rect/set_logger_level] /camera/depth_registered/metric_rect http://pc:41555/
[rosmaster.master][INFO] 2012-12-15 18:07:06,918: +SERVICE [/camera/depth_registered/metric/get_loggers] /camera/depth_registered/metric http://pc:38907/
[rosmaster.master][INFO] 2012-12-15 18:07:06,928: +SERVICE [/camera/depth_registered/metric/set_logger_level] /camera/depth_registered/metric http://pc:38907/
[rosmaster.master][INFO] 2012-12-15 18:07:06,943: publisherUpdate[/rosout] -> http://pc:45555/
[rosmaster.master][INFO] 2012-12-15 18:07:06,947: publisherUpdate[/rosout] -> http://pc:45555/
[rosmaster.master][INFO] 2012-12-15 18:07:06,948: publisherUpdate[/rosout] -> http://pc:45555/
[rosmaster.master][INFO] 2012-12-15 18:07:06,950: publisherUpdate[/rosout] -> http://pc:45555/
[rosmaster.master][INFO] 2012-12-15 18:07:06,971: +PUB [/rosout] /camera_base_link2 http://pc:55693/
[rosmaster.master][INFO] 2012-12-15 18:07:06,974: +PUB [/rosout] /camera_base_link3 http://pc:55942/
[rosmaster.master][INFO] 2012-12-15 18:07:06,978: +SERVICE [/camera_base_link3/get_loggers] /camera_base_link3 http://pc:55942/
[rosmaster.master][INFO] 2012-12-15 18:07:06,980: +SERVICE [/camera_base_link3/set_logger_level] /camera_base_link3 http://pc:55942/
[rosmaster.master][INFO] 2012-12-15 18:07:06,983: +PUB [/tf] /camera_base_link3 http://pc:55942/
[rosmaster.master][INFO] 2012-12-15 18:07:06,986: +SERVICE [/camera_base_link2/get_loggers] /camera_base_link2 http://pc:55693/
[rosmaster.master][INFO] 2012-12-15 18:07:06,991: +SERVICE [/camera_base_link2/set_logger_level] /camera_base_link2 http://pc:55693/
[rosmaster.master][INFO] 2012-12-15 18:07:07,008: +PUB [/tf] /camera_base_link2 http://pc:55693/
[rosmaster.master][INFO] 2012-12-15 18:07:07,035: +PUB [/rosout] /camera_nodelet_manager http://pc:55780/
[rosmaster.master][INFO] 2012-12-15 18:07:07,041: +PUB [/rosout] /camera/depth/metric http://pc:60138/
[rosmaster.master][INFO] 2012-12-15 18:07:07,043: +SERVICE [/camera_nodelet_manager/get_loggers] /camera_nodelet_manager http://pc:55780/
[rosmaster.master][INFO] 2012-12-15 18:07:07,047: publisherUpdate[/rosout] -> http://pc:45555/
[rosmaster.master][INFO] 2012-12-15 18:07:07,048: +SERVICE [/camera/depth/metric/get_loggers] /camera/depth/metric http://pc:60138/
[rosmaster.master][INFO] 2012-12-15 18:07:07,051: publisherUpdate[/rosout] -> http://pc:45555/
[rosmaster.master][INFO] 2012-12-15 18:07:07,053: +SERVICE [/camera_nodelet_manager/set_logger_level] /camera_nodelet_manager http://pc:55780/
[rosmaster.master][INFO] 2012-12-15 18:07:07,054: publisherUpdate[/rosout] -> http://pc:45555/
[rosmaster.master][INFO] 2012-12-15 18:07:07,061: publisherUpdate[/rosout] -> http://pc:45555/
[rosmaster.master][INFO] 2012-12-15 18:07:07,067: +SERVICE [/camera/depth/metric/set_logger_level] /camera/depth/metric http://pc:60138/
[rosmaster.master][INFO] 2012-12-15 18:07:07,068: +SERVICE [/camera_nodelet_manager/load_nodelet] /camera_nodelet_manager http://pc:55780/
[rosmaster.master][INFO] 2012-12-15 18:07:07,075: +SERVICE [/camera_nodelet_manager/unload_nodelet] /camera_nodelet_manager http://pc:55780/
[rosmaster.master][INFO] 2012-12-15 18:07:07,082: +SERVICE [/camera_nodelet_manager/list] /camera_nodelet_manager http://pc:55780/
[rosmaster.master][INFO] 2012-12-15 18:07:07,347: +PUB [/rosout] /set_dr http://pc:49887/
[rosmaster.master][INFO] 2012-12-15 18:07:07,352: publisherUpdate[/rosout] -> http://pc:45555/
[rosmaster.master][INFO] 2012-12-15 18:07:07,390: +SERVICE [/camera/rgb/rectify_mono/set_parameters] /camera_nodelet_manager http://pc:55780/
[rosmaster.master][INFO] 2012-12-15 18:07:07,391: +PUB [/camera/rgb/rectify_mono/parameter_descriptions] /camera_nodelet_manager http://pc:55780/
[rosmaster.master][INFO] 2012-12-15 18:07:07,393: +PUB [/camera/rgb/rectify_mono/parameter_updates] /camera_nodelet_manager http://pc:55780/
[rosmaster.master][INFO] 2012-12-15 18:07:07,396: +PARAM [/camera/rgb/rectify_mono/interpolation] by /camera_nodelet_manager
[rosmaster.master][INFO] 2012-12-15 18:07:07,400: +PUB [/camera/rgb/image_rect/compressed] /camera_nodelet_manager http://pc:55780/
[rosmaster.master][INFO] 2012-12-15 18:07:07,401: +SERVICE [/camera/rgb/image_rect/compressed/set_parameters] /camera_nodelet_manager http://pc:55780/
[rosmaster.master][INFO] 2012-12-15 18:07:07,402: +PUB [/camera/rgb/image_rect/compressed/parameter_descriptions] /camera_nodelet_manager http://pc:55780/
[rosmaster.master][INFO] 2012-12-15 18:07:07,403: +PUB [/camera/rgb/image_rect/compressed/parameter_updates] /camera_nodelet_manager http://pc:55780/
[rosmaster.master][INFO] 2012-12-15 18:07:07,407: +PARAM [/camera/rgb/image_rect/compressed/format] by /camera_nodelet_manager
[rosmaster.master][INFO] 2012-12-15 18:07:07,407: +PARAM [/camera/rgb/image_rect/compressed/jpeg_quality] by /camera_nodelet_manager
[rosmaster.master][INFO] 2012-12-15 18:07:07,408: +PARAM [/camera/rgb/image_rect/compressed/png_level] by /camera_nodelet_manager
[rosmaster.master][INFO] 2012-12-15 18:07:07,410: +PUB [/camera/rgb/image_rect] /camera_nodelet_manager http://pc:55780/
[rosmaster.master][INFO] 2012-12-15 18:07:07,413: +PUB [/camera/rgb/image_rect/theora] /camera_nodelet_manager http://pc:55780/
[rosmaster.master][INFO] 2012-12-15 18:07:07,414: +SERVICE [/camera/rgb/image_rect/theora/set_parameters] /camera_nodelet_manager http://pc:55780/
[rosmaster.master][INFO] 2012-12-15 18:07:07,415: +PUB [/camera/rgb/image_rect/theora/parameter_descriptions] /camera_nodelet_manager http://pc:55780/
[rosmaster.master][INFO] 2012-12-15 18:07:07,416: +PUB [/camera/rgb/image_rect/theora/parameter_updates] /camera_nodelet_manager http://pc:55780/
[rosmaster.master][INFO] 2012-12-15 18:07:07,420: +PARAM [/camera/rgb/image_rect/theora/optimize_for] by /camera_nodelet_manager
[rosmaster.master][INFO] 2012-12-15 18:07:07,421: +PARAM [/camera/rgb/image_rect/theora/target_bitrate] by /camera_nodelet_manager
[rosmaster.master][INFO] 2012-12-15 18:07:07,422: +PARAM [/camera/rgb/image_rect/theora/quality] by /camera_nodelet_manager
[rosmaster.master][INFO] 2012-12-15 18:07:07,424: +PARAM [/camera/rgb/image_rect/theora/keyframe_frequency] by /camera_nodelet_manager
[rosmaster.master][INFO] 2012-12-15 18:07:07,730: +SERVICE [/camera/rgb/debayer/set_parameters] /camera_nodelet_manager http://pc:55780/
[rosmaster.master][INFO] 2012-12-15 18:07:07,732: +PUB [/camera/rgb/debayer/parameter_descriptions] /camera_nodelet_manager http://pc:55780/
[rosmaster.master][INFO] 2012-12-15 18:07:07,735: +PUB [/camera/rgb/debayer/parameter_updates] /camera_nodelet_manager http://pc:55780/
[rosmaster.master][INFO] 2012-12-15 18:07:07,739: +PARAM [/camera/rgb/debayer/debayer] by /camera_nodelet_manager
[rosmaster.master][INFO] 2012-12-15 18:07:07,743: +PUB [/camera/rgb/image_mono/compressed] /camera_nodelet_manager http://pc:55780/
[rosmaster.master][INFO] 2012-12-15 18:07:07,747: +SERVICE [/camera/rgb/image_mono/compressed/set_parameters] /camera_nodelet_manager http://pc:55780/
[rosmaster.master][INFO] 2012-12-15 18:07:07,750: +PUB [/camera/rgb/image_mono/compressed/parameter_descriptions] /camera_nodelet_manager http://pc:55780/
[rosmaster.master][INFO] 2012-12-15 18:07:07,751: +PUB [/camera/rgb/image_mono/compressed/parameter_updates] /camera_nodelet_manager http://pc:55780/
[rosmaster.master][INFO] 2012-12-15 18:07:07,754: +PARAM [/camera/rgb/image_mono/compressed/format] by /camera_nodelet_manager
[rosmaster.master][INFO] 2012-12-15 18:07:07,755: +PARAM [/camera/rgb/image_mono/compressed/jpeg_quality] by /camera_nodelet_manager
[rosmaster.master][INFO] 2012-12-15 18:07:07,757: +PARAM [/camera/rgb/image_mono/compressed/png_level] by /camera_nodelet_manager
[rosmaster.master][INFO] 2012-12-15 18:07:07,759: +PUB [/camera/rgb/image_mono] /camera_nodelet_manager http://pc:55780/
[rosmaster.master][INFO] 2012-12-15 18:07:07,761: +PUB [/camera/rgb/image_mono/theora] /camera_nodelet_manager http://pc:55780/
[rosmaster.master][INFO] 2012-12-15 18:07:07,762: +SERVICE [/camera/rgb/image_mono/theora/set_parameters] /camera_nodelet_manager http://pc:55780/
[rosmaster.master][INFO] 2012-12-15 18:07:07,764: +PUB [/camera/rgb/image_mono/theora/parameter_descriptions] /camera_nodelet_manager http://pc:55780/
[rosmaster.master][INFO] 2012-12-15 18:07:07,765: +PUB [/camera/rgb/image_mono/theora/parameter_updates] /camera_nodelet_manager http://pc:55780/
[rosmaster.master][INFO] 2012-12-15 18:07:07,772: +PARAM [/camera/rgb/image_mono/theora/optimize_for] by /camera_nodelet_manager
[rosmaster.master][INFO] 2012-12-15 18:07:07,773: +PARAM [/camera/rgb/image_mono/theora/target_bitrate] by /camera_nodelet_manager
[rosmaster.master][INFO] 2012-12-15 18:07:07,775: +PARAM [/camera/rgb/image_mono/theora/quality] by /camera_nodelet_manager
[rosmaster.master][INFO] 2012-12-15 18:07:07,777: +PARAM [/camera/rgb/image_mono/theora/keyframe_frequency] by /camera_nodelet_manager
[rosmaster.master][INFO] 2012-12-15 18:07:07,779: +PUB [/camera/rgb/image_color/compressed] /camera_nodelet_manager http://pc:55780/
[rosmaster.master][INFO] 2012-12-15 18:07:07,782: +SERVICE [/camera/rgb/image_color/compressed/set_parameters] /camera_nodelet_manager http://pc:55780/
[rosmaster.master][INFO] 2012-12-15 18:07:07,785: +PUB [/camera/rgb/image_color/compressed/parameter_descriptions] /camera_nodelet_manager http://pc:55780/
[rosmaster.master][INFO] 2012-12-15 18:07:07,793: +PUB [/camera/rgb/image_color/compressed/parameter_updates] /camera_nodelet_manager http://pc:55780/
[rosmaster.master][INFO] 2012-12-15 18:07:07,799: +PARAM [/camera/rgb/image_color/compressed/format] by /camera_nodelet_manager
[rosmaster.master][INFO] 2012-12-15 18:07:07,800: +PARAM [/camera/rgb/image_color/compressed/jpeg_quality] by /camera_nodelet_manager
[rosmaster.master][INFO] 2012-12-15 18:07:07,801: +PARAM [/camera/rgb/image_color/compressed/png_level] by /camera_nodelet_manager
[rosmaster.master][INFO] 2012-12-15 18:07:07,802: +PUB [/camera/rgb/image_color] /camera_nodelet_manager http://pc:55780/
[rosmaster.master][INFO] 2012-12-15 18:07:07,803: +PUB [/camera/rgb/image_color/theora] /camera_nodelet_manager http://pc:55780/
[rosmaster.master][INFO] 2012-12-15 18:07:07,804: +SERVICE [/camera/rgb/image_color/theora/set_parameters] /camera_nodelet_manager http://pc:55780/
[rosmaster.master][INFO] 2012-12-15 18:07:07,805: +PUB [/camera/rgb/image_color/theora/parameter_descriptions] /camera_nodelet_manager http://pc:55780/
[rosmaster.master][INFO] 2012-12-15 18:07:07,806: +PUB [/camera/rgb/image_color/theora/parameter_updates] /camera_nodelet_manager http://pc:55780/
[rosmaster.master][INFO] 2012-12-15 18:07:07,810: +PARAM [/camera/rgb/image_color/theora/optimize_for] by /camera_nodelet_manager
[rosmaster.master][INFO] 2012-12-15 18:07:07,812: +PARAM [/camera/rgb/image_color/theora/target_bitrate] by /camera_nodelet_manager
[rosmaster.master][INFO] 2012-12-15 18:07:07,813: +PARAM [/camera/rgb/image_color/theora/quality] by /camera_nodelet_manager
[rosmaster.master][INFO] 2012-12-15 18:07:07,813: +PARAM [/camera/rgb/image_color/theora/keyframe_frequency] by /camera_nodelet_manager
[rosmaster.master][INFO] 2012-12-15 18:07:07,830: +PUB [/rosout] /depth_detection http://pc:51487/
[rosmaster.master][INFO] 2012-12-15 18:07:07,855: publisherUpdate[/rosout] -> http://pc:45555/
[rosmaster.master][INFO] 2012-12-15 18:07:07,875: +SUB [/camera/depth_registered/image_rect] /depth_detection http://pc:51487/
[rosmaster.master][INFO] 2012-12-15 18:07:07,877: +SUB [/camera/rgb/image_rect_color] /depth_detection http://pc:51487/
[rosmaster.master][INFO] 2012-12-15 18:07:08,519: +SERVICE [/camera/rgb/rectify_color/set_parameters] /camera_nodelet_manager http://pc:55780/
[rosmaster.master][INFO] 2012-12-15 18:07:08,522: +PUB [/camera/rgb/rectify_color/parameter_descriptions] /camera_nodelet_manager http://pc:55780/
[rosmaster.master][INFO] 2012-12-15 18:07:08,524: +PUB [/camera/rgb/rectify_color/parameter_updates] /camera_nodelet_manager http://pc:55780/
[rosmaster.master][INFO] 2012-12-15 18:07:08,529: +PARAM [/camera/rgb/rectify_color/interpolation] by /camera_nodelet_manager
[rosmaster.master][INFO] 2012-12-15 18:07:08,530: +PUB [/camera/rgb/image_rect_color/compressed] /camera_nodelet_manager http://pc:55780/
[rosmaster.master][INFO] 2012-12-15 18:07:08,531: +SERVICE [/camera/rgb/image_rect_color/compressed/set_parameters] /camera_nodelet_manager http://pc:55780/
[rosmaster.master][INFO] 2012-12-15 18:07:08,532: +PUB [/camera/rgb/image_rect_color/compressed/parameter_descriptions] /camera_nodelet_manager http://pc:55780/
[rosmaster.master][INFO] 2012-12-15 18:07:08,533: +PUB [/camera/rgb/image_rect_color/compressed/parameter_updates] /camera_nodelet_manager http://pc:55780/
[rosmaster.master][INFO] 2012-12-15 18:07:08,537: +PARAM [/camera/rgb/image_rect_color/compressed/format] by /camera_nodelet_manager
[rosmaster.master][INFO] 2012-12-15 18:07:08,538: +PARAM [/camera/rgb/image_rect_color/compressed/jpeg_quality] by /camera_nodelet_manager
[rosmaster.master][INFO] 2012-12-15 18:07:08,540: +PARAM [/camera/rgb/image_rect_color/compressed/png_level] by /camera_nodelet_manager
[rosmaster.master][INFO] 2012-12-15 18:07:08,542: +PUB [/camera/rgb/image_rect_color] /camera_nodelet_manager http://pc:55780/
[rosmaster.master][INFO] 2012-12-15 18:07:08,544: +PUB [/camera/rgb/image_rect_color/theora] /camera_nodelet_manager http://pc:55780/
[rosmaster.master][INFO] 2012-12-15 18:07:08,546: +SERVICE [/camera/rgb/image_rect_color/theora/set_parameters] /camera_nodelet_manager http://pc:55780/
[rosmaster.master][INFO] 2012-12-15 18:07:08,547: +PUB [/camera/rgb/image_rect_color/theora/parameter_descriptions] /camera_nodelet_manager http://pc:55780/
[rosmaster.master][INFO] 2012-12-15 18:07:08,548: +PUB [/camera/rgb/image_rect_color/theora/parameter_updates] /camera_nodelet_manager http://pc:55780/
[rosmaster.master][INFO] 2012-12-15 18:07:08,552: +PARAM [/camera/rgb/image_rect_color/theora/optimize_for] by /camera_nodelet_manager
[rosmaster.master][INFO] 2012-12-15 18:07:08,553: +PARAM [/camera/rgb/image_rect_color/theora/target_bitrate] by /camera_nodelet_manager
[rosmaster.master][INFO] 2012-12-15 18:07:08,554: +PARAM [/camera/rgb/image_rect_color/theora/quality] by /camera_nodelet_manager
[rosmaster.master][INFO] 2012-12-15 18:07:08,555: +PARAM [/camera/rgb/image_rect_color/theora/keyframe_frequency] by /camera_nodelet_manager
[rosmaster.master][INFO] 2012-12-15 18:07:08,559: publisherUpdate[/camera/rgb/image_rect_color] -> http://pc:51487/
[rosmaster.master][INFO] 2012-12-15 18:07:08,595: +SUB [/camera/rgb/image_color] /camera_nodelet_manager http://pc:55780/
[rosmaster.master][INFO] 2012-12-15 18:07:08,596: +SUB [/camera/rgb/camera_info] /camera_nodelet_manager http://pc:55780/
[rosmaster.master][INFO] 2012-12-15 18:07:08,599: +SUB [/camera/rgb/image_raw] /camera_nodelet_manager http://pc:55780/
[rosmaster.master][INFO] 2012-12-15 18:07:09,191: +PUB [/camera/depth_registered/image/compressed] /camera_nodelet_manager http://pc:55780/
[rosmaster.master][INFO] 2012-12-15 18:07:09,192: +SERVICE [/camera/depth_registered/image/compressed/set_parameters] /camera_nodelet_manager http://pc:55780/
[rosmaster.master][INFO] 2012-12-15 18:07:09,193: +PUB [/camera/depth_registered/image/compressed/parameter_descriptions] /camera_nodelet_manager http://pc:55780/
[rosmaster.master][INFO] 2012-12-15 18:07:09,196: +PUB [/camera/depth_registered/image/compressed/parameter_updates] /camera_nodelet_manager http://pc:55780/
[rosmaster.master][INFO] 2012-12-15 18:07:09,203: +PARAM [/camera/depth_registered/image/compressed/format] by /camera_nodelet_manager
[rosmaster.master][INFO] 2012-12-15 18:07:09,204: +PARAM [/camera/depth_registered/image/compressed/jpeg_quality] by /camera_nodelet_manager
[rosmaster.master][INFO] 2012-12-15 18:07:09,206: +PARAM [/camera/depth_registered/image/compressed/png_level] by /camera_nodelet_manager
[rosmaster.master][INFO] 2012-12-15 18:07:09,207: +PUB [/camera/depth_registered/image] /camera_nodelet_manager http://pc:55780/
[rosmaster.master][INFO] 2012-12-15 18:07:09,209: +PUB [/camera/depth_registered/image/theora] /camera_nodelet_manager http://pc:55780/
[rosmaster.master][INFO] 2012-12-15 18:07:09,210: +SERVICE [/camera/depth_registered/image/theora/set_parameters] /camera_nodelet_manager http://pc:55780/
[rosmaster.master][INFO] 2012-12-15 18:07:09,211: +PUB [/camera/depth_registered/image/theora/parameter_descriptions] /camera_nodelet_manager http://pc:55780/
[rosmaster.master][INFO] 2012-12-15 18:07:09,212: +PUB [/camera/depth_registered/image/theora/parameter_updates] /camera_nodelet_manager http://pc:55780/
[rosmaster.master][INFO] 2012-12-15 18:07:09,216: +PARAM [/camera/depth_registered/image/theora/optimize_for] by /camera_nodelet_manager
[rosmaster.master][INFO] 2012-12-15 18:07:09,217: +PARAM [/camera/depth_registered/image/theora/target_bitrate] by /camera_nodelet_manager
[rosmaster.master][INFO] 2012-12-15 18:07:09,217: +PARAM [/camera/depth_registered/image/theora/quality] by /camera_nodelet_manager
[rosmaster.master][INFO] 2012-12-15 18:07:09,218: +PARAM [/camera/depth_registered/image/theora/keyframe_frequency] by /camera_nodelet_manager
[rosmaster.master][INFO] 2012-12-15 18:07:09,789: +SERVICE [/camera/depth/rectify_depth/set_parameters] /camera_nodelet_manager http://pc:55780/
[rosmaster.master][INFO] 2012-12-15 18:07:09,792: +PUB [/camera/depth/rectify_depth/parameter_descriptions] /camera_nodelet_manager http://pc:55780/
[rosmaster.master][INFO] 2012-12-15 18:07:09,794: +PUB [/camera/depth/rectify_depth/parameter_updates] /camera_nodelet_manager http://pc:55780/
[rosmaster.master][INFO] 2012-12-15 18:07:09,797: +PARAM [/camera/depth/rectify_depth/interpolation] by /camera_nodelet_manager
[rosmaster.master][INFO] 2012-12-15 18:07:09,798: +PUB [/camera/depth/image_rect_raw/compressed] /camera_nodelet_manager http://pc:55780/
[rosmaster.master][INFO] 2012-12-15 18:07:09,800: +SERVICE [/camera/depth/image_rect_raw/compressed/set_parameters] /camera_nodelet_manager http://pc:55780/
[rosmaster.master][INFO] 2012-12-15 18:07:09,802: +PUB [/camera/depth/image_rect_raw/compressed/parameter_descriptions] /camera_nodelet_manager http://pc:55780/
[rosmaster.master][INFO] 2012-12-15 18:07:09,803: +PUB [/camera/depth/image_rect_raw/compressed/parameter_updates] /camera_nodelet_manager http://pc:55780/
[rosmaster.master][INFO] 2012-12-15 18:07:09,806: +PARAM [/camera/depth/image_rect_raw/compressed/format] by /camera_nodelet_manager
[rosmaster.master][INFO] 2012-12-15 18:07:09,807: +PARAM [/camera/depth/image_rect_raw/compressed/jpeg_quality] by /camera_nodelet_manager
[rosmaster.master][INFO] 2012-12-15 18:07:09,808: +PARAM [/camera/depth/image_rect_raw/compressed/png_level] by /camera_nodelet_manager
[rosmaster.master][INFO] 2012-12-15 18:07:09,809: +PUB [/camera/depth/image_rect_raw] /camera_nodelet_manager http://pc:55780/
[rosmaster.master][INFO] 2012-12-15 18:07:09,810: +PUB [/camera/depth/image_rect_raw/theora] /camera_nodelet_manager http://pc:55780/
[rosmaster.master][INFO] 2012-12-15 18:07:09,811: +SERVICE [/camera/depth/image_rect_raw/theora/set_parameters] /camera_nodelet_manager http://pc:55780/
[rosmaster.master][INFO] 2012-12-15 18:07:09,812: +PUB [/camera/depth/image_rect_raw/theora/parameter_descriptions] /camera_nodelet_manager http://pc:55780/
[rosmaster.master][INFO] 2012-12-15 18:07:09,813: +PUB [/camera/depth/image_rect_raw/theora/parameter_updates] /camera_nodelet_manager http://pc:55780/
[rosmaster.master][INFO] 2012-12-15 18:07:09,821: +PARAM [/camera/depth/image_rect_raw/theora/optimize_for] by /camera_nodelet_manager
[rosmaster.master][INFO] 2012-12-15 18:07:09,822: +PARAM [/camera/depth/image_rect_raw/theora/target_bitrate] by /camera_nodelet_manager
[rosmaster.master][INFO] 2012-12-15 18:07:09,823: +PARAM [/camera/depth/image_rect_raw/theora/quality] by /camera_nodelet_manager
[rosmaster.master][INFO] 2012-12-15 18:07:09,824: +PARAM [/camera/depth/image_rect_raw/theora/keyframe_frequency] by /camera_nodelet_manager
[rosmaster.master][INFO] 2012-12-15 18:07:09,832: +PUB [/rosout] /camera/depth_registered/rectify_depth http://pc:41566/
[rosmaster.master][INFO] 2012-12-15 18:07:09,833: +SERVICE [/camera/depth_registered/rectify_depth/get_loggers] /camera/depth_registered/rectify_depth http://pc:41566/
[rosmaster.master][INFO] 2012-12-15 18:07:09,834: +SERVICE [/camera/depth_registered/rectify_depth/set_logger_level] /camera/depth_registered/rectify_depth http://pc:41566/
[rosmaster.master][INFO] 2012-12-15 18:07:09,837: +PARAM [/camera/depth_registered/rectify_depth] by /camera/depth_registered/rectify_depth
[rosmaster.master][INFO] 2012-12-15 18:07:09,861: publisherUpdate[/rosout] -> http://pc:45555/
[rosmaster.master][INFO] 2012-12-15 18:07:09,887: +SERVICE [/camera/register_depth_rgb/set_logger_level] /camera/register_depth_rgb http://pc:38323/
[rosmaster.master][INFO] 2012-12-15 18:07:09,889: +PUB [/rosout] /camera/points_xyzrgb_depth_rgb http://pc:34112/
[rosmaster.master][INFO] 2012-12-15 18:07:09,891: +SERVICE [/camera/points_xyzrgb_depth_rgb/get_loggers] /camera/points_xyzrgb_depth_rgb http://pc:34112/
[rosmaster.master][INFO] 2012-12-15 18:07:09,893: +SERVICE [/camera/points_xyzrgb_depth_rgb/set_logger_level] /camera/points_xyzrgb_depth_rgb http://pc:34112/
[rosmaster.master][INFO] 2012-12-15 18:07:09,904: +PUB [/rosout] /camera/disparity_depth http://pc:41215/
[rosmaster.master][INFO] 2012-12-15 18:07:09,906: +SERVICE [/camera/disparity_depth/get_loggers] /camera/disparity_depth http://pc:41215/
[rosmaster.master][INFO] 2012-12-15 18:07:09,908: +SERVICE [/camera/disparity_depth/set_logger_level] /camera/disparity_depth http://pc:41215/
[rosmaster.master][INFO] 2012-12-15 18:07:09,914: +PUB [/rosout] /camera_base_link http://pc:52107/
[rosmaster.master][INFO] 2012-12-15 18:07:09,917: +SERVICE [/camera_base_link/get_loggers] /camera_base_link http://pc:52107/
[rosmaster.master][INFO] 2012-12-15 18:07:09,917: +PARAM [/camera/disparity_depth] by /camera/disparity_depth
[rosmaster.master][INFO] 2012-12-15 18:07:09,919: +SERVICE [/camera_base_link/set_logger_level] /camera_base_link http://pc:52107/
[rosmaster.master][INFO] 2012-12-15 18:07:09,922: +PUB [/tf] /camera_base_link http://pc:52107/
[rosmaster.master][INFO] 2012-12-15 18:07:09,928: +PUB [/rosout] /camera_base_link1 http://pc:42546/
[rosmaster.master][INFO] 2012-12-15 18:07:09,929: +PUB [/rosout] /camera/disparity_depth_registered http://pc:38854/
[rosmaster.master][INFO] 2012-12-15 18:07:09,930: +SERVICE [/camera_base_link1/get_loggers] /camera_base_link1 http://pc:42546/
[rosmaster.master][INFO] 2012-12-15 18:07:09,931: +SERVICE [/camera/disparity_depth_registered/get_loggers] /camera/disparity_depth_registered http://pc:38854/
[rosmaster.master][INFO] 2012-12-15 18:07:09,932: +SERVICE [/camera_base_link1/set_logger_level] /camera_base_link1 http://pc:42546/
[rosmaster.master][INFO] 2012-12-15 18:07:09,933: +SERVICE [/camera/disparity_depth_registered/set_logger_level] /camera/disparity_depth_registered http://pc:38854/
[rosmaster.master][INFO] 2012-12-15 18:07:09,936: +PUB [/tf] /camera_base_link1 http://pc:42546/
[rosmaster.master][INFO] 2012-12-15 18:07:09,937: +PARAM [/camera/disparity_depth_registered] by /camera/disparity_depth_registered
[rosmaster.master][INFO] 2012-12-15 18:07:09,963: publisherUpdate[/rosout] -> http://pc:45555/
[rosmaster.master][INFO] 2012-12-15 18:07:09,965: publisherUpdate[/rosout] -> http://pc:45555/
[rosmaster.master][INFO] 2012-12-15 18:07:09,966: publisherUpdate[/rosout] -> http://pc:45555/
[rosmaster.master][INFO] 2012-12-15 18:07:09,968: publisherUpdate[/rosout] -> http://pc:45555/
[rosmaster.master][INFO] 2012-12-15 18:07:09,969: publisherUpdate[/rosout] -> http://pc:45555/
[rosmaster.master][INFO] 2012-12-15 18:07:10,415: +PUB [/camera/depth/points] /camera_nodelet_manager http://pc:55780/
[rosmaster.master][INFO] 2012-12-15 18:07:10,890: +PUB [/camera/depth/image/compressed] /camera_nodelet_manager http://pc:55780/
[rosmaster.master][INFO] 2012-12-15 18:07:10,893: +SERVICE [/camera/depth/image/compressed/set_parameters] /camera_nodelet_manager http://pc:55780/
[rosmaster.master][INFO] 2012-12-15 18:07:10,895: +PUB [/camera/depth/image/compressed/parameter_descriptions] /camera_nodelet_manager http://pc:55780/
[rosmaster.master][INFO] 2012-12-15 18:07:10,899: +PUB [/camera/depth/image/compressed/parameter_updates] /camera_nodelet_manager http://pc:55780/
[rosmaster.master][INFO] 2012-12-15 18:07:10,909: +PARAM [/camera/depth/image/compressed/format] by /camera_nodelet_manager
[rosmaster.master][INFO] 2012-12-15 18:07:10,910: +PARAM [/camera/depth/image/compressed/jpeg_quality] by /camera_nodelet_manager
[rosmaster.master][INFO] 2012-12-15 18:07:10,911: +PARAM [/camera/depth/image/compressed/png_level] by /camera_nodelet_manager
[rosmaster.master][INFO] 2012-12-15 18:07:10,913: +PUB [/camera/depth/image] /camera_nodelet_manager http://pc:55780/
[rosmaster.master][INFO] 2012-12-15 18:07:10,915: +PUB [/camera/depth/image/theora] /camera_nodelet_manager http://pc:55780/
[rosmaster.master][INFO] 2012-12-15 18:07:10,916: +SERVICE [/camera/depth/image/theora/set_parameters] /camera_nodelet_manager http://pc:55780/
[rosmaster.master][INFO] 2012-12-15 18:07:10,919: +PUB [/camera/depth/image/theora/parameter_descriptions] /camera_nodelet_manager http://pc:55780/
[rosmaster.master][INFO] 2012-12-15 18:07:10,921: +PUB [/camera/depth/image/theora/parameter_updates] /camera_nodelet_manager http://pc:55780/
[rosmaster.master][INFO] 2012-12-15 18:07:10,931: +PARAM [/camera/depth/image/theora/optimize_for] by /camera_nodelet_manager
[rosmaster.master][INFO] 2012-12-15 18:07:10,934: +PARAM [/camera/depth/image/theora/target_bitrate] by /camera_nodelet_manager
[rosmaster.master][INFO] 2012-12-15 18:07:10,936: +PARAM [/camera/depth/image/theora/quality] by /camera_nodelet_manager
[rosmaster.master][INFO] 2012-12-15 18:07:10,938: +PARAM [/camera/depth/image/theora/keyframe_frequency] by /camera_nodelet_manager
[rosmaster.master][INFO] 2012-12-15 18:07:11,218: +SERVICE [/camera/depth_registered/rectify_depth/set_parameters] /camera_nodelet_manager http://pc:55780/
[rosmaster.master][INFO] 2012-12-15 18:07:11,220: +PUB [/camera/depth_registered/rectify_depth/parameter_descriptions] /camera_nodelet_manager http://pc:55780/
[rosmaster.master][INFO] 2012-12-15 18:07:11,222: +PUB [/camera/depth_registered/rectify_depth/parameter_updates] /camera_nodelet_manager http://pc:55780/
[rosmaster.master][INFO] 2012-12-15 18:07:11,226: +PARAM [/camera/depth_registered/rectify_depth/interpolation] by /camera_nodelet_manager
[rosmaster.master][INFO] 2012-12-15 18:07:11,228: +PUB [/camera/depth_registered/image_rect_raw/compressed] /camera_nodelet_manager http://pc:55780/
[rosmaster.master][INFO] 2012-12-15 18:07:11,230: +SERVICE [/camera/depth_registered/image_rect_raw/compressed/set_parameters] /camera_nodelet_manager http://pc:55780/
[rosmaster.master][INFO] 2012-12-15 18:07:11,232: +PUB [/camera/depth_registered/image_rect_raw/compressed/parameter_descriptions] /camera_nodelet_manager http://pc:55780/
[rosmaster.master][INFO] 2012-12-15 18:07:11,233: +PUB [/camera/depth_registered/image_rect_raw/compressed/parameter_updates] /camera_nodelet_manager http://pc:55780/
[rosmaster.master][INFO] 2012-12-15 18:07:11,238: +PARAM [/camera/depth_registered/image_rect_raw/compressed/format] by /camera_nodelet_manager
[rosmaster.master][INFO] 2012-12-15 18:07:11,239: +PARAM [/camera/depth_registered/image_rect_raw/compressed/jpeg_quality] by /camera_nodelet_manager
[rosmaster.master][INFO] 2012-12-15 18:07:11,240: +PARAM [/camera/depth_registered/image_rect_raw/compressed/png_level] by /camera_nodelet_manager
[rosmaster.master][INFO] 2012-12-15 18:07:11,242: +PUB [/camera/depth_registered/image_rect_raw] /camera_nodelet_manager http://pc:55780/
[rosmaster.master][INFO] 2012-12-15 18:07:11,244: +PUB [/camera/depth_registered/image_rect_raw/theora] /camera_nodelet_manager http://pc:55780/
[rosmaster.master][INFO] 2012-12-15 18:07:11,246: +SERVICE [/camera/depth_registered/image_rect_raw/theora/set_parameters] /camera_nodelet_manager http://pc:55780/
[rosmaster.master][INFO] 2012-12-15 18:07:11,248: +PUB [/camera/depth_registered/image_rect_raw/theora/parameter_descriptions] /camera_nodelet_manager http://pc:55780/
[rosmaster.master][INFO] 2012-12-15 18:07:11,250: +PUB [/camera/depth_registered/image_rect_raw/theora/parameter_updates] /camera_nodelet_manager http://pc:55780/
[rosmaster.master][INFO] 2012-12-15 18:07:11,261: +PARAM [/camera/depth_registered/image_rect_raw/theora/optimize_for] by /camera_nodelet_manager
[rosmaster.master][INFO] 2012-12-15 18:07:11,264: +PARAM [/camera/depth_registered/image_rect_raw/theora/target_bitrate] by /camera_nodelet_manager
[rosmaster.master][INFO] 2012-12-15 18:07:11,266: +PARAM [/camera/depth_registered/image_rect_raw/theora/quality] by /camera_nodelet_manager
[rosmaster.master][INFO] 2012-12-15 18:07:11,269: +PARAM [/camera/depth_registered/image_rect_raw/theora/keyframe_frequency] by /camera_nodelet_manager
[rosmaster.master][INFO] 2012-12-15 18:07:11,550: +SERVICE [/camera/ir/rectify_ir/set_parameters] /camera_nodelet_manager http://pc:55780/
[rosmaster.master][INFO] 2012-12-15 18:07:11,552: +PUB [/camera/ir/rectify_ir/parameter_descriptions] /camera_nodelet_manager http://pc:55780/
[rosmaster.master][INFO] 2012-12-15 18:07:11,554: +PUB [/camera/ir/rectify_ir/parameter_updates] /camera_nodelet_manager http://pc:55780/
[rosmaster.master][INFO] 2012-12-15 18:07:11,558: +PARAM [/camera/ir/rectify_ir/interpolation] by /camera_nodelet_manager
[rosmaster.master][INFO] 2012-12-15 18:07:11,561: +PUB [/camera/ir/image_rect/compressed] /camera_nodelet_manager http://pc:55780/
[rosmaster.master][INFO] 2012-12-15 18:07:11,563: +SERVICE [/camera/ir/image_rect/compressed/set_parameters] /camera_nodelet_manager http://pc:55780/
[rosmaster.master][INFO] 2012-12-15 18:07:11,565: +PUB [/camera/ir/image_rect/compressed/parameter_descriptions] /camera_nodelet_manager http://pc:55780/
[rosmaster.master][INFO] 2012-12-15 18:07:11,567: +PUB [/camera/ir/image_rect/compressed/parameter_updates] /camera_nodelet_manager http://pc:55780/
[rosmaster.master][INFO] 2012-12-15 18:07:11,576: +PARAM [/camera/ir/image_rect/compressed/format] by /camera_nodelet_manager
[rosmaster.master][INFO] 2012-12-15 18:07:11,580: +PARAM [/camera/ir/image_rect/compressed/jpeg_quality] by /camera_nodelet_manager
[rosmaster.master][INFO] 2012-12-15 18:07:11,584: +PARAM [/camera/ir/image_rect/compressed/png_level] by /camera_nodelet_manager
[rosmaster.master][INFO] 2012-12-15 18:07:11,587: +PUB [/camera/ir/image_rect] /camera_nodelet_manager http://pc:55780/
[rosmaster.master][INFO] 2012-12-15 18:07:11,590: +PUB [/camera/ir/image_rect/theora] /camera_nodelet_manager http://pc:55780/
[rosmaster.master][INFO] 2012-12-15 18:07:11,593: +SERVICE [/camera/ir/image_rect/theora/set_parameters] /camera_nodelet_manager http://pc:55780/
[rosmaster.master][INFO] 2012-12-15 18:07:11,595: +PUB [/camera/ir/image_rect/theora/parameter_descriptions] /camera_nodelet_manager http://pc:55780/
[rosmaster.master][INFO] 2012-12-15 18:07:11,600: +PUB [/camera/ir/image_rect/theora/parameter_updates] /camera_nodelet_manager http://pc:55780/
[rosmaster.master][INFO] 2012-12-15 18:07:11,611: +PARAM [/camera/ir/image_rect/theora/optimize_for] by /camera_nodelet_manager
[rosmaster.master][INFO] 2012-12-15 18:07:11,613: +PARAM [/camera/ir/image_rect/theora/target_bitrate] by /camera_nodelet_manager
[rosmaster.master][INFO] 2012-12-15 18:07:11,615: +PARAM [/camera/ir/image_rect/theora/quality] by /camera_nodelet_manager
[rosmaster.master][INFO] 2012-12-15 18:07:11,618: +PARAM [/camera/ir/image_rect/theora/keyframe_frequency] by /camera_nodelet_manager
[rosmaster.master][INFO] 2012-12-15 18:07:11,912: +SUB [/tf] /camera_nodelet_manager http://pc:55780/
[rosmaster.master][INFO] 2012-12-15 18:07:11,917: +SERVICE [/camera_nodelet_manager/tf_frames] /camera_nodelet_manager http://pc:55780/
[rosmaster.master][INFO] 2012-12-15 18:07:12,212: +PARAM [/camera/depth_registered/image_rect_raw/compressed/format] by /camera_nodelet_manager
[rosmaster.master][INFO] 2012-12-15 18:07:12,214: +PARAM [/camera/depth_registered/image_rect_raw/compressed/jpeg_quality] by /camera_nodelet_manager
[rosmaster.master][INFO] 2012-12-15 18:07:12,220: +PARAM [/camera/depth_registered/image_rect_raw/compressed/png_level] by /camera_nodelet_manager
[rosmaster.master][INFO] 2012-12-15 18:07:12,230: +PARAM [/camera/depth_registered/image_rect_raw/theora/optimize_for] by /camera_nodelet_manager
[rosmaster.master][INFO] 2012-12-15 18:07:12,231: +PARAM [/camera/depth_registered/image_rect_raw/theora/target_bitrate] by /camera_nodelet_manager
[rosmaster.master][INFO] 2012-12-15 18:07:12,233: +PARAM [/camera/depth_registered/image_rect_raw/theora/quality] by /camera_nodelet_manager
[rosmaster.master][INFO] 2012-12-15 18:07:12,234: +PARAM [/camera/depth_registered/image_rect_raw/theora/keyframe_frequency] by /camera_nodelet_manager
[rosmaster.master][INFO] 2012-12-15 18:07:12,235: +PUB [/camera/depth_registered/camera_info] /camera_nodelet_manager http://pc:55780/
[rosmaster.master][INFO] 2012-12-15 18:07:12,406: +SERVICE [/camera/driver/set_parameters] /camera_nodelet_manager http://pc:55780/
[rosmaster.master][INFO] 2012-12-15 18:07:12,407: +PUB [/camera/driver/parameter_descriptions] /camera_nodelet_manager http://pc:55780/
[rosmaster.master][INFO] 2012-12-15 18:07:12,408: +PUB [/camera/driver/parameter_updates] /camera_nodelet_manager http://pc:55780/
[rosmaster.master][INFO] 2012-12-15 18:07:12,416: +PARAM [/camera/driver/image_mode] by /camera_nodelet_manager
[rosmaster.master][INFO] 2012-12-15 18:07:12,418: +PARAM [/camera/driver/depth_mode] by /camera_nodelet_manager
[rosmaster.master][INFO] 2012-12-15 18:07:12,420: +PARAM [/camera/driver/depth_registration] by /camera_nodelet_manager
[rosmaster.master][INFO] 2012-12-15 18:07:12,421: +PARAM [/camera/driver/data_skip] by /camera_nodelet_manager
[rosmaster.master][INFO] 2012-12-15 18:07:12,423: +PARAM [/camera/driver/depth_time_offset] by /camera_nodelet_manager
[rosmaster.master][INFO] 2012-12-15 18:07:12,425: +PARAM [/camera/driver/image_time_offset] by /camera_nodelet_manager
[rosmaster.master][INFO] 2012-12-15 18:07:12,427: +PARAM [/camera/driver/depth_ir_offset_x] by /camera_nodelet_manager
[rosmaster.master][INFO] 2012-12-15 18:07:12,428: +PARAM [/camera/driver/depth_ir_offset_y] by /camera_nodelet_manager
[rosmaster.master][INFO] 2012-12-15 18:07:12,429: +PARAM [/camera/driver/z_offset_mm] by /camera_nodelet_manager
[rosmaster.master][INFO] 2012-12-15 18:07:12,438: +SERVICE [/camera/rgb/set_camera_info] /camera_nodelet_manager http://pc:55780/
[rosmaster.master][INFO] 2012-12-15 18:07:12,440: +SERVICE [/camera/ir/set_camera_info] /camera_nodelet_manager http://pc:55780/
[rosmaster.master][INFO] 2012-12-15 18:07:12,442: +PUB [/camera/rgb/image_raw/compressed] /camera_nodelet_manager http://pc:55780/
[rosmaster.master][INFO] 2012-12-15 18:07:12,443: +SERVICE [/camera/rgb/image_raw/compressed/set_parameters] /camera_nodelet_manager http://pc:55780/
[rosmaster.master][INFO] 2012-12-15 18:07:12,444: +PUB [/camera/rgb/image_raw/compressed/parameter_descriptions] /camera_nodelet_manager http://pc:55780/
[rosmaster.master][INFO] 2012-12-15 18:07:12,445: +PUB [/camera/rgb/image_raw/compressed/parameter_updates] /camera_nodelet_manager http://pc:55780/
[rosmaster.master][INFO] 2012-12-15 18:07:12,450: +PARAM [/camera/rgb/image_raw/compressed/format] by /camera_nodelet_manager
[rosmaster.master][INFO] 2012-12-15 18:07:12,451: +PARAM [/camera/rgb/image_raw/compressed/jpeg_quality] by /camera_nodelet_manager
[rosmaster.master][INFO] 2012-12-15 18:07:12,453: +PARAM [/camera/rgb/image_raw/compressed/png_level] by /camera_nodelet_manager
[rosmaster.master][INFO] 2012-12-15 18:07:12,454: +PUB [/camera/rgb/image_raw] /camera_nodelet_manager http://pc:55780/
[rosmaster.master][INFO] 2012-12-15 18:07:12,456: +PUB [/camera/rgb/image_raw/theora] /camera_nodelet_manager http://pc:55780/
[rosmaster.master][INFO] 2012-12-15 18:07:12,457: +SERVICE [/camera/rgb/image_raw/theora/set_parameters] /camera_nodelet_manager http://pc:55780/
[rosmaster.master][INFO] 2012-12-15 18:07:12,458: +PUB [/camera/rgb/image_raw/theora/parameter_descriptions] /camera_nodelet_manager http://pc:55780/
[rosmaster.master][INFO] 2012-12-15 18:07:12,459: +PUB [/camera/rgb/image_raw/theora/parameter_updates] /camera_nodelet_manager http://pc:55780/
[rosmaster.master][INFO] 2012-12-15 18:07:12,466: +PARAM [/camera/rgb/image_raw/theora/optimize_for] by /camera_nodelet_manager
[rosmaster.master][INFO] 2012-12-15 18:07:12,467: +PARAM [/camera/rgb/image_raw/theora/target_bitrate] by /camera_nodelet_manager
[rosmaster.master][INFO] 2012-12-15 18:07:12,467: publisherUpdate[/camera/rgb/image_raw] -> http://pc:55780/
[rosmaster.master][INFO] 2012-12-15 18:07:12,468: +PARAM [/camera/rgb/image_raw/theora/quality] by /camera_nodelet_manager
[rosmaster.master][INFO] 2012-12-15 18:07:12,470: +PARAM [/camera/rgb/image_raw/theora/keyframe_frequency] by /camera_nodelet_manager
[rosmaster.master][INFO] 2012-12-15 18:07:12,471: +PUB [/camera/rgb/camera_info] /camera_nodelet_manager http://pc:55780/
[rosmaster.master][INFO] 2012-12-15 18:07:12,472: +PUB [/camera/ir/image_raw/compressed] /camera_nodelet_manager http://pc:55780/
[rosmaster.master][INFO] 2012-12-15 18:07:12,473: +SERVICE [/camera/ir/image_raw/compressed/set_parameters] /camera_nodelet_manager http://pc:55780/
[rosmaster.master][INFO] 2012-12-15 18:07:12,474: +PUB [/camera/ir/image_raw/compressed/parameter_descriptions] /camera_nodelet_manager http://pc:55780/
[rosmaster.master][INFO] 2012-12-15 18:07:12,475: +PUB [/camera/ir/image_raw/compressed/parameter_updates] /camera_nodelet_manager http://pc:55780/
[rosmaster.master][INFO] 2012-12-15 18:07:12,475: publisherUpdate[/camera/rgb/camera_info] -> http://pc:55780/
[rosmaster.master][INFO] 2012-12-15 18:07:12,479: +PARAM [/camera/ir/image_raw/compressed/format] by /camera_nodelet_manager
[rosmaster.master][INFO] 2012-12-15 18:07:12,480: +PARAM [/camera/ir/image_raw/compressed/jpeg_quality] by /camera_nodelet_manager
[rosmaster.master][INFO] 2012-12-15 18:07:12,481: +PARAM [/camera/ir/image_raw/compressed/png_level] by /camera_nodelet_manager
[rosmaster.master][INFO] 2012-12-15 18:07:12,484: +PUB [/camera/ir/image_raw] /camera_nodelet_manager http://pc:55780/
[rosmaster.master][INFO] 2012-12-15 18:07:12,486: +PUB [/camera/ir/image_raw/theora] /camera_nodelet_manager http://pc:55780/
[rosmaster.master][INFO] 2012-12-15 18:07:12,488: +SERVICE [/camera/ir/image_raw/theora/set_parameters] /camera_nodelet_manager http://pc:55780/
[rosmaster.master][INFO] 2012-12-15 18:07:12,489: +PUB [/camera/ir/image_raw/theora/parameter_descriptions] /camera_nodelet_manager http://pc:55780/
[rosmaster.master][INFO] 2012-12-15 18:07:12,491: +PUB [/camera/ir/image_raw/theora/parameter_updates] /camera_nodelet_manager http://pc:55780/
[rosmaster.master][INFO] 2012-12-15 18:07:12,498: +PARAM [/camera/ir/image_raw/theora/optimize_for] by /camera_nodelet_manager
[rosmaster.master][INFO] 2012-12-15 18:07:12,499: +PARAM [/camera/ir/image_raw/theora/target_bitrate] by /camera_nodelet_manager
[rosmaster.master][INFO] 2012-12-15 18:07:12,500: +PARAM [/camera/ir/image_raw/theora/quality] by /camera_nodelet_manager
[rosmaster.master][INFO] 2012-12-15 18:07:12,507: +PARAM [/camera/ir/image_raw/theora/keyframe_frequency] by /camera_nodelet_manager
[rosmaster.master][INFO] 2012-12-15 18:07:12,509: +SUB [/camera/driver/parameter_updates] /set_dr http://pc:49887/
[rosmaster.master][INFO] 2012-12-15 18:07:12,512: +SUB [/camera/driver/parameter_descriptions] /set_dr http://pc:49887/
[rosmaster.master][INFO] 2012-12-15 18:07:12,513: +PUB [/camera/ir/camera_info] /camera_nodelet_manager http://pc:55780/
[rosmaster.master][INFO] 2012-12-15 18:07:12,514: +PUB [/camera/depth/image_raw/compressed] /camera_nodelet_manager http://pc:55780/
[rosmaster.master][INFO] 2012-12-15 18:07:12,516: +SERVICE [/camera/depth/image_raw/compressed/set_parameters] /camera_nodelet_manager http://pc:55780/
[rosmaster.master][INFO] 2012-12-15 18:07:12,517: +PUB [/camera/depth/image_raw/compressed/parameter_descriptions] /camera_nodelet_manager http://pc:55780/
[rosmaster.master][INFO] 2012-12-15 18:07:12,519: +PUB [/camera/depth/image_raw/compressed/parameter_updates] /camera_nodelet_manager http://pc:55780/
[rosmaster.master][INFO] 2012-12-15 18:07:12,523: +PARAM [/camera/depth/image_raw/compressed/format] by /camera_nodelet_manager
[rosmaster.master][INFO] 2012-12-15 18:07:12,524: +PARAM [/camera/depth/image_raw/compressed/jpeg_quality] by /camera_nodelet_manager
[rosmaster.master][INFO] 2012-12-15 18:07:12,525: +PARAM [/camera/depth/image_raw/compressed/png_level] by /camera_nodelet_manager
[rosmaster.master][INFO] 2012-12-15 18:07:12,526: +PUB [/camera/depth/image_raw] /camera_nodelet_manager http://pc:55780/
[rosmaster.master][INFO] 2012-12-15 18:07:12,527: +PUB [/camera/depth/image_raw/theora] /camera_nodelet_manager http://pc:55780/
[rosmaster.master][INFO] 2012-12-15 18:07:12,528: +SERVICE [/camera/depth/image_raw/theora/set_parameters] /camera_nodelet_manager http://pc:55780/
[rosmaster.master][INFO] 2012-12-15 18:07:12,529: +PUB [/camera/depth/image_raw/theora/parameter_descriptions] /camera_nodelet_manager http://pc:55780/
[rosmaster.master][INFO] 2012-12-15 18:07:12,530: +PUB [/camera/depth/image_raw/theora/parameter_updates] /camera_nodelet_manager http://pc:55780/
[rosmaster.master][INFO] 2012-12-15 18:07:12,534: +PARAM [/camera/depth/image_raw/theora/optimize_for] by /camera_nodelet_manager
[rosmaster.master][INFO] 2012-12-15 18:07:12,536: +PARAM [/camera/depth/image_raw/theora/target_bitrate] by /camera_nodelet_manager
[rosmaster.master][INFO] 2012-12-15 18:07:12,537: +PARAM [/camera/depth/image_raw/theora/quality] by /camera_nodelet_manager
[rosmaster.master][INFO] 2012-12-15 18:07:12,537: +PARAM [/camera/depth/image_raw/theora/keyframe_frequency] by /camera_nodelet_manager
[rosmaster.master][INFO] 2012-12-15 18:07:12,538: +PUB [/camera/depth/camera_info] /camera_nodelet_manager http://pc:55780/
[rosmaster.master][INFO] 2012-12-15 18:07:12,539: +PUB [/camera/projector/camera_info] /camera_nodelet_manager http://pc:55780/
[rosmaster.master][INFO] 2012-12-15 18:07:12,541: +PUB [/camera/depth_registered/image_raw/compressed] /camera_nodelet_manager http://pc:55780/
[rosmaster.master][INFO] 2012-12-15 18:07:12,542: +SERVICE [/camera/depth_registered/image_raw/compressed/set_parameters] /camera_nodelet_manager http://pc:55780/
[rosmaster.master][INFO] 2012-12-15 18:07:12,544: +PUB [/camera/depth_registered/image_raw/compressed/parameter_descriptions] /camera_nodelet_manager http://pc:55780/
[rosmaster.master][INFO] 2012-12-15 18:07:12,546: +PUB [/camera/depth_registered/image_raw/compressed/parameter_updates] /camera_nodelet_manager http://pc:55780/
[rosmaster.master][INFO] 2012-12-15 18:07:12,549: +PARAM [/camera/depth_registered/image_raw/compressed/format] by /camera_nodelet_manager
[rosmaster.master][INFO] 2012-12-15 18:07:12,550: +PARAM [/camera/depth_registered/image_raw/compressed/jpeg_quality] by /camera_nodelet_manager
[rosmaster.master][INFO] 2012-12-15 18:07:12,551: +PARAM [/camera/depth_registered/image_raw/compressed/png_level] by /camera_nodelet_manager
[rosmaster.master][INFO] 2012-12-15 18:07:12,552: +PUB [/camera/depth_registered/image_raw] /camera_nodelet_manager http://pc:55780/
[rosmaster.master][INFO] 2012-12-15 18:07:12,553: +PUB [/camera/depth_registered/image_raw/theora] /camera_nodelet_manager http://pc:55780/
[rosmaster.master][INFO] 2012-12-15 18:07:12,554: +SERVICE [/camera/depth_registered/image_raw/theora/set_parameters] /camera_nodelet_manager http://pc:55780/
[rosmaster.master][INFO] 2012-12-15 18:07:12,555: +PUB [/camera/depth_registered/image_raw/theora/parameter_descriptions] /camera_nodelet_manager http://pc:55780/
[rosmaster.master][INFO] 2012-12-15 18:07:12,556: +PUB [/camera/depth_registered/image_raw/theora/parameter_updates] /camera_nodelet_manager http://pc:55780/
[rosmaster.master][INFO] 2012-12-15 18:07:12,560: +PARAM [/camera/depth_registered/image_raw/theora/optimize_for] by /camera_nodelet_manager
[rosmaster.master][INFO] 2012-12-15 18:07:12,561: +PARAM [/camera/depth_registered/image_raw/theora/target_bitrate] by /camera_nodelet_manager
[rosmaster.master][INFO] 2012-12-15 18:07:12,562: +PARAM [/camera/depth_registered/image_raw/theora/quality] by /camera_nodelet_manager
[rosmaster.master][INFO] 2012-12-15 18:07:12,563: +PARAM [/camera/depth_registered/image_raw/theora/keyframe_frequency] by /camera_nodelet_manager
[rosmaster.master][INFO] 2012-12-15 18:07:12,802: +PUB [/camera/depth_registered/points] /camera_nodelet_manager http://pc:55780/
[rosmaster.master][INFO] 2012-12-15 18:07:13,097: +PUB [/camera/depth/disparity] /camera_nodelet_manager http://pc:55780/
[rosmaster.master][INFO] 2012-12-15 18:07:13,382: +PUB [/camera/depth_registered/disparity] /camera_nodelet_manager http://pc:55780/
[rosmaster.master][INFO] 2012-12-15 18:07:13,671: +PUB [/camera/depth/image_rect/compressed] /camera_nodelet_manager http://pc:55780/
[rosmaster.master][INFO] 2012-12-15 18:07:13,673: +SERVICE [/camera/depth/image_rect/compressed/set_parameters] /camera_nodelet_manager http://pc:55780/
[rosmaster.master][INFO] 2012-12-15 18:07:13,676: +PUB [/camera/depth/image_rect/compressed/parameter_descriptions] /camera_nodelet_manager http://pc:55780/
[rosmaster.master][INFO] 2012-12-15 18:07:13,678: +PUB [/camera/depth/image_rect/compressed/parameter_updates] /camera_nodelet_manager http://pc:55780/
[rosmaster.master][INFO] 2012-12-15 18:07:13,686: +PARAM [/camera/depth/image_rect/compressed/format] by /camera_nodelet_manager
[rosmaster.master][INFO] 2012-12-15 18:07:13,688: +PARAM [/camera/depth/image_rect/compressed/jpeg_quality] by /camera_nodelet_manager
[rosmaster.master][INFO] 2012-12-15 18:07:13,691: +PARAM [/camera/depth/image_rect/compressed/png_level] by /camera_nodelet_manager
[rosmaster.master][INFO] 2012-12-15 18:07:13,695: +PUB [/camera/depth/image_rect] /camera_nodelet_manager http://pc:55780/
[rosmaster.master][INFO] 2012-12-15 18:07:13,697: +PUB [/camera/depth/image_rect/theora] /camera_nodelet_manager http://pc:55780/
[rosmaster.master][INFO] 2012-12-15 18:07:13,700: +SERVICE [/camera/depth/image_rect/theora/set_parameters] /camera_nodelet_manager http://pc:55780/
[rosmaster.master][INFO] 2012-12-15 18:07:13,702: +PUB [/camera/depth/image_rect/theora/parameter_descriptions] /camera_nodelet_manager http://pc:55780/
[rosmaster.master][INFO] 2012-12-15 18:07:13,707: +PUB [/camera/depth/image_rect/theora/parameter_updates] /camera_nodelet_manager http://pc:55780/
[rosmaster.master][INFO] 2012-12-15 18:07:13,719: +PARAM [/camera/depth/image_rect/theora/optimize_for] by /camera_nodelet_manager
[rosmaster.master][INFO] 2012-12-15 18:07:13,721: +PARAM [/camera/depth/image_rect/theora/target_bitrate] by /camera_nodelet_manager
[rosmaster.master][INFO] 2012-12-15 18:07:13,724: +PARAM [/camera/depth/image_rect/theora/quality] by /camera_nodelet_manager
[rosmaster.master][INFO] 2012-12-15 18:07:13,726: +PARAM [/camera/depth/image_rect/theora/keyframe_frequency] by /camera_nodelet_manager
[rosmaster.master][INFO] 2012-12-15 18:07:14,005: +PUB [/camera/depth_registered/image_rect/compressed] /camera_nodelet_manager http://pc:55780/
[rosmaster.master][INFO] 2012-12-15 18:07:14,007: +SERVICE [/camera/depth_registered/image_rect/compressed/set_parameters] /camera_nodelet_manager http://pc:55780/
[rosmaster.master][INFO] 2012-12-15 18:07:14,009: +PUB [/camera/depth_registered/image_rect/compressed/parameter_descriptions] /camera_nodelet_manager http://pc:55780/
[rosmaster.master][INFO] 2012-12-15 18:07:14,012: +PUB [/camera/depth_registered/image_rect/compressed/parameter_updates] /camera_nodelet_manager http://pc:55780/
[rosmaster.master][INFO] 2012-12-15 18:07:14,020: +PARAM [/camera/depth_registered/image_rect/compressed/format] by /camera_nodelet_manager
[rosmaster.master][INFO] 2012-12-15 18:07:14,022: +PARAM [/camera/depth_registered/image_rect/compressed/jpeg_quality] by /camera_nodelet_manager
[rosmaster.master][INFO] 2012-12-15 18:07:14,026: +PARAM [/camera/depth_registered/image_rect/compressed/png_level] by /camera_nodelet_manager
[rosmaster.master][INFO] 2012-12-15 18:07:14,030: +PUB [/camera/depth_registered/image_rect] /camera_nodelet_manager http://pc:55780/
[rosmaster.master][INFO] 2012-12-15 18:07:14,033: +PUB [/camera/depth_registered/image_rect/theora] /camera_nodelet_manager http://pc:55780/
[rosmaster.master][INFO] 2012-12-15 18:07:14,035: +SERVICE [/camera/depth_registered/image_rect/theora/set_parameters] /camera_nodelet_manager http://pc:55780/
[rosmaster.master][INFO] 2012-12-15 18:07:14,038: +PUB [/camera/depth_registered/image_rect/theora/parameter_descriptions] /camera_nodelet_manager http://pc:55780/
[rosmaster.master][INFO] 2012-12-15 18:07:14,041: +PUB [/camera/depth_registered/image_rect/theora/parameter_updates] /camera_nodelet_manager http://pc:55780/
[rosmaster.master][INFO] 2012-12-15 18:07:14,051: +PARAM [/camera/depth_registered/image_rect/theora/optimize_for] by /camera_nodelet_manager
[rosmaster.master][INFO] 2012-12-15 18:07:14,054: +PARAM [/camera/depth_registered/image_rect/theora/target_bitrate] by /camera_nodelet_manager
[rosmaster.master][INFO] 2012-12-15 18:07:14,057: +PARAM [/camera/depth_registered/image_rect/theora/quality] by /camera_nodelet_manager
[rosmaster.master][INFO] 2012-12-15 18:07:14,060: +PARAM [/camera/depth_registered/image_rect/theora/keyframe_frequency] by /camera_nodelet_manager
[rosmaster.master][INFO] 2012-12-15 18:07:14,072: publisherUpdate[/camera/depth_registered/image_rect] -> http://pc:51487/
[rosmaster.master][INFO] 2012-12-15 18:07:14,101: +SUB [/camera/depth_registered/image_rect_raw] /camera_nodelet_manager http://pc:55780/
[rosmaster.master][INFO] 2012-12-15 18:07:14,110: +SUB [/camera/depth_registered/image_raw] /camera_nodelet_manager http://pc:55780/
[rosmaster.master][INFO] 2012-12-15 18:07:14,113: +SUB [/camera/depth/image_rect_raw] /camera_nodelet_manager http://pc:55780/
[rosmaster.master][INFO] 2012-12-15 18:07:14,115: +SUB [/camera/depth_registered/camera_info] /camera_nodelet_manager http://pc:55780/
[rosmaster.master][INFO] 2012-12-15 18:07:14,120: +SUB [/camera/depth/camera_info] /camera_nodelet_manager http://pc:55780/
[rosmaster.master][INFO] 2012-12-15 18:07:14,122: +SUB [/camera/depth/image_raw] /camera_nodelet_manager http://pc:55780/
[rosmaster.master][INFO] 2012-12-15 18:07:15,713: +PARAM [/camera/driver/image_mode] by /camera_nodelet_manager
[rosmaster.master][INFO] 2012-12-15 18:07:15,714: +PARAM [/camera/driver/depth_mode] by /camera_nodelet_manager
[rosmaster.master][INFO] 2012-12-15 18:07:15,716: +PARAM [/camera/driver/depth_registration] by /camera_nodelet_manager
[rosmaster.master][INFO] 2012-12-15 18:07:15,717: +PARAM [/camera/driver/data_skip] by /camera_nodelet_manager
[rosmaster.master][INFO] 2012-12-15 18:07:15,718: +PARAM [/camera/driver/depth_time_offset] by /camera_nodelet_manager
[rosmaster.master][INFO] 2012-12-15 18:07:15,720: +PARAM [/camera/driver/image_time_offset] by /camera_nodelet_manager
[rosmaster.master][INFO] 2012-12-15 18:07:15,721: +PARAM [/camera/driver/depth_ir_offset_x] by /camera_nodelet_manager
[rosmaster.master][INFO] 2012-12-15 18:07:15,722: +PARAM [/camera/driver/depth_ir_offset_y] by /camera_nodelet_manager
[rosmaster.master][INFO] 2012-12-15 18:07:15,724: +PARAM [/camera/driver/z_offset_mm] by /camera_nodelet_manager
[rosmaster.master][INFO] 2012-12-15 18:07:15,727: -SUB [/camera/driver/parameter_updates] /set_dr http://pc:49887/
[rosmaster.master][INFO] 2012-12-15 18:07:15,727: -SUB [/camera/driver/parameter_descriptions] /set_dr http://pc:49887/
[rosmaster.master][INFO] 2012-12-15 18:07:15,727: -PUB [/rosout] /set_dr http://pc:49887/
[rosmaster.master][INFO] 2012-12-15 18:07:15,776: publisherUpdate[/rosout] -> http://pc:45555/
[rosmaster.master][INFO] 2012-12-15 18:07:30,001: -SUB [/camera/depth_registered/image_rect] /depth_detection http://pc:51487/
[rosmaster.master][INFO] 2012-12-15 18:07:30,001: -SUB [/camera/rgb/image_rect_color] /depth_detection http://pc:51487/
[rosmaster.master][INFO] 2012-12-15 18:07:30,001: -PUB [/rosout] /depth_detection http://pc:51487/
[rosmaster.master][INFO] 2012-12-15 18:07:30,002: publisherUpdate[/rosout] -> http://pc:45555/
[rosmaster.master][INFO] 2012-12-15 18:07:30,006: -SUB [/camera/depth_registered/image_rect_raw] /camera_nodelet_manager http://pc:55780/
[rosmaster.master][INFO] 2012-12-15 18:07:30,011: -SUB [/camera/depth_registered/image_raw] /camera_nodelet_manager http://pc:55780/
[rosmaster.master][INFO] 2012-12-15 18:07:30,019: -SUB [/camera/depth_registered/camera_info] /camera_nodelet_manager http://pc:55780/
[rosmaster.master][INFO] 2012-12-15 18:07:30,024: -PUB [/camera/depth/disparity] /camera_nodelet_manager http://pc:55780/
[rosmaster.master][INFO] 2012-12-15 18:07:30,026: -PUB [/camera/depth_registered/disparity] /camera_nodelet_manager http://pc:55780/
[rosmaster.master][INFO] 2012-12-15 18:07:30,028: -PUB [/camera/depth_registered/points] /camera_nodelet_manager http://pc:55780/
[rosmaster.master][INFO] 2012-12-15 18:07:30,030: -SUB [/camera/depth/image_rect_raw] /camera_nodelet_manager http://pc:55780/
[rosmaster.master][INFO] 2012-12-15 18:07:30,032: -SUB [/camera/rgb/image_color] /camera_nodelet_manager http://pc:55780/
[rosmaster.master][INFO] 2012-12-15 18:07:30,033: -SUB [/camera/depth/image_raw] /camera_nodelet_manager http://pc:55780/
[rosmaster.master][INFO] 2012-12-15 18:07:30,034: -SUB [/camera/depth/camera_info] /camera_nodelet_manager http://pc:55780/
[rosmaster.master][INFO] 2012-12-15 18:07:30,036: -SUB [/camera/rgb/image_raw] /camera_nodelet_manager http://pc:55780/
[rosmaster.master][INFO] 2012-12-15 18:07:30,037: -SUB [/camera/rgb/camera_info] /camera_nodelet_manager http://pc:55780/
[rosmaster.master][INFO] 2012-12-15 18:07:30,097: -PUB [/rosout] /camera/depth_registered/metric_rect http://pc:41555/
[rosmaster.master][INFO] 2012-12-15 18:07:30,101: -PUB [/rosout] /camera/depth_registered/metric http://pc:38907/
[rosmaster.master][INFO] 2012-12-15 18:07:30,104: -PUB [/rosout] /camera/disparity_depth http://pc:41215/
[rosmaster.master][INFO] 2012-12-15 18:07:30,106: -PUB [/rosout] /camera/disparity_depth_registered http://pc:38854/
[rosmaster.master][INFO] 2012-12-15 18:07:30,106: publisherUpdate[/rosout] -> http://pc:45555/
[rosmaster.master][INFO] 2012-12-15 18:07:30,111: -SERVICE [/camera/depth_registered/metric_rect/get_loggers] /camera/depth_registered/metric_rect rosrpc://pc:39962
[rosmaster.master][INFO] 2012-12-15 18:07:30,112: publisherUpdate[/rosout] -> http://pc:45555/
[rosmaster.master][INFO] 2012-12-15 18:07:30,115: -SERVICE [/camera/depth_registered/metric/get_loggers] /camera/depth_registered/metric rosrpc://pc:35800
[rosmaster.master][INFO] 2012-12-15 18:07:30,118: -SERVICE [/camera/disparity_depth/get_loggers] /camera/disparity_depth rosrpc://pc:32796
[rosmaster.master][INFO] 2012-12-15 18:07:30,120: publisherUpdate[/rosout] -> http://pc:45555/
[rosmaster.master][INFO] 2012-12-15 18:07:30,122: -SERVICE [/camera/disparity_depth_registered/get_loggers] /camera/disparity_depth_registered rosrpc://pc:37774
[rosmaster.master][INFO] 2012-12-15 18:07:30,125: publisherUpdate[/rosout] -> http://pc:45555/
[rosmaster.master][INFO] 2012-12-15 18:07:30,125: -SERVICE [/camera/depth_registered/metric/set_logger_level] /camera/depth_registered/metric rosrpc://pc:35800
[rosmaster.master][INFO] 2012-12-15 18:07:30,127: -SERVICE [/camera/depth_registered/metric_rect/set_logger_level] /camera/depth_registered/metric_rect rosrpc://pc:39962
[rosmaster.master][INFO] 2012-12-15 18:07:30,128: -SERVICE [/camera/disparity_depth/set_logger_level] /camera/disparity_depth rosrpc://pc:32796
[rosmaster.master][INFO] 2012-12-15 18:07:30,131: -PUB [/rosout] /camera_base_link3 http://pc:55942/
[rosmaster.master][INFO] 2012-12-15 18:07:30,132: -SERVICE [/camera/disparity_depth_registered/set_logger_level] /camera/disparity_depth_registered rosrpc://pc:37774
[rosmaster.master][INFO] 2012-12-15 18:07:30,137: -PUB [/rosout] /camera_base_link2 http://pc:55693/
[rosmaster.master][INFO] 2012-12-15 18:07:30,139: -PUB [/tf] /camera_base_link3 http://pc:55942/
[rosmaster.master][INFO] 2012-12-15 18:07:30,143: -PUB [/tf] /camera_base_link2 http://pc:55693/
[rosmaster.master][INFO] 2012-12-15 18:07:30,145: -SERVICE [/camera_base_link3/get_loggers] /camera_base_link3 rosrpc://pc:45217
[rosmaster.master][INFO] 2012-12-15 18:07:30,148: -SERVICE [/camera_base_link2/get_loggers] /camera_base_link2 rosrpc://pc:38858
[rosmaster.master][INFO] 2012-12-15 18:07:30,150: -SERVICE [/camera_base_link3/set_logger_level] /camera_base_link3 rosrpc://pc:45217
[rosmaster.master][INFO] 2012-12-15 18:07:30,152: -SERVICE [/camera_base_link2/set_logger_level] /camera_base_link2 rosrpc://pc:38858
[rosmaster.master][INFO] 2012-12-15 18:07:30,201: -PUB [/rosout] /camera/points_xyzrgb_depth_rgb http://pc:34112/
[rosmaster.master][INFO] 2012-12-15 18:07:30,204: -SERVICE [/camera/points_xyzrgb_depth_rgb/get_loggers] /camera/points_xyzrgb_depth_rgb rosrpc://pc:47526
[rosmaster.master][INFO] 2012-12-15 18:07:30,206: -SERVICE [/camera/points_xyzrgb_depth_rgb/set_logger_level] /camera/points_xyzrgb_depth_rgb rosrpc://pc:47526
[rosmaster.master][INFO] 2012-12-15 18:07:30,207: publisherUpdate[/tf] -> http://pc:55780/
[rosmaster.master][INFO] 2012-12-15 18:07:30,207: publisherUpdate[/rosout] -> http://pc:45555/
[rosmaster.master][INFO] 2012-12-15 18:07:30,211: publisherUpdate[/tf] -> http://pc:55780/
[rosmaster.master][INFO] 2012-12-15 18:07:30,214: publisherUpdate[/rosout] -> http://pc:45555/
[rosmaster.master][INFO] 2012-12-15 18:07:30,220: publisherUpdate[/rosout] -> http://pc:45555/
[rosmaster.master][INFO] 2012-12-15 18:07:30,231: -PUB [/rosout] /camera_base_link http://pc:52107/
[rosmaster.master][INFO] 2012-12-15 18:07:30,233: -PUB [/rosout] /camera_base_link1 http://pc:42546/
[rosmaster.master][INFO] 2012-12-15 18:07:30,238: -PUB [/camera/depth_registered/rectify_depth/parameter_descriptions] /camera_nodelet_manager http://pc:55780/
[rosmaster.master][INFO] 2012-12-15 18:07:30,240: -PUB [/tf] /camera_base_link1 http://pc:42546/
[rosmaster.master][INFO] 2012-12-15 18:07:30,242: -PUB [/tf] /camera_base_link http://pc:52107/
[rosmaster.master][INFO] 2012-12-15 18:07:30,242: -PUB [/camera/depth_registered/rectify_depth/parameter_updates] /camera_nodelet_manager http://pc:55780/
[rosmaster.master][INFO] 2012-12-15 18:07:30,244: -SERVICE [/camera_base_link1/get_loggers] /camera_base_link1 rosrpc://pc:35497
[rosmaster.master][INFO] 2012-12-15 18:07:30,245: -SERVICE [/camera_base_link/get_loggers] /camera_base_link rosrpc://pc:52193
[rosmaster.master][INFO] 2012-12-15 18:07:30,248: -SERVICE [/camera/depth_registered/rectify_depth/set_parameters] /camera_nodelet_manager rosrpc://pc:54371
[rosmaster.master][INFO] 2012-12-15 18:07:30,250: -SERVICE [/camera_base_link1/set_logger_level] /camera_base_link1 rosrpc://pc:35497
[rosmaster.master][INFO] 2012-12-15 18:07:30,251: -SERVICE [/camera_base_link/set_logger_level] /camera_base_link rosrpc://pc:52193
[rosmaster.master][INFO] 2012-12-15 18:07:30,301: -PUB [/rosout] /camera/depth_registered/rectify_depth http://pc:41566/
[rosmaster.master][INFO] 2012-12-15 18:07:30,308: -SERVICE [/camera/depth_registered/rectify_depth/get_loggers] /camera/depth_registered/rectify_depth rosrpc://pc:43680
[rosmaster.master][INFO] 2012-12-15 18:07:30,316: -SERVICE [/camera/depth_registered/rectify_depth/set_logger_level] /camera/depth_registered/rectify_depth rosrpc://pc:43680
[rosmaster.master][INFO] 2012-12-15 18:07:30,316: publisherUpdate[/rosout] -> http://pc:45555/
[rosmaster.master][INFO] 2012-12-15 18:07:30,319: publisherUpdate[/rosout] -> http://pc:45555/
[rosmaster.master][INFO] 2012-12-15 18:07:30,320: -SUB [/tf] /camera_nodelet_manager http://pc:55780/
[rosmaster.master][INFO] 2012-12-15 18:07:30,321: publisherUpdate[/tf] -> http://pc:55780/
[rosmaster.master][INFO] 2012-12-15 18:07:30,323: publisherUpdate[/tf] -> http://pc:55780/
[rosmaster.master][INFO] 2012-12-15 18:07:30,324: publisherUpdate[/rosout] -> http://pc:45555/
[rosmaster.master][INFO] 2012-12-15 18:07:30,324: -SERVICE [/camera_nodelet_manager/tf_frames] /camera_nodelet_manager rosrpc://pc:54371
[rosmaster.master][INFO] 2012-12-15 18:07:30,326: -PUB [/camera/depth/points] /camera_nodelet_manager http://pc:55780/
[rosmaster.master][INFO] 2012-12-15 18:07:30,395: -PUB [/rosout] /camera/depth/points http://pc:39823/
[rosmaster.master][INFO] 2012-12-15 18:07:30,398: -SERVICE [/camera/depth/points/get_loggers] /camera/depth/points rosrpc://pc:48359
[rosmaster.master][INFO] 2012-12-15 18:07:30,401: -SERVICE [/camera/depth/points/set_logger_level] /camera/depth/points rosrpc://pc:48359
[rosmaster.master][INFO] 2012-12-15 18:07:30,426: publisherUpdate[/rosout] -> http://pc:45555/
[rosmaster.master][INFO] 2012-12-15 18:07:30,436: -PUB [/camera/ir/rectify_ir/parameter_descriptions] /camera_nodelet_manager http://pc:55780/
[rosmaster.master][INFO] 2012-12-15 18:07:30,442: -PUB [/camera/ir/rectify_ir/parameter_updates] /camera_nodelet_manager http://pc:55780/
[rosmaster.master][INFO] 2012-12-15 18:07:30,445: -SERVICE [/camera/ir/rectify_ir/set_parameters] /camera_nodelet_manager rosrpc://pc:54371
[rosmaster.master][INFO] 2012-12-15 18:07:30,447: -PUB [/camera/depth/rectify_depth/parameter_descriptions] /camera_nodelet_manager http://pc:55780/
[rosmaster.master][INFO] 2012-12-15 18:07:30,448: -PUB [/camera/depth/rectify_depth/parameter_updates] /camera_nodelet_manager http://pc:55780/
[rosmaster.master][INFO] 2012-12-15 18:07:30,449: -SERVICE [/camera/depth/rectify_depth/set_parameters] /camera_nodelet_manager rosrpc://pc:54371
[rosmaster.master][INFO] 2012-12-15 18:07:30,451: -PUB [/camera/rgb/rectify_mono/parameter_descriptions] /camera_nodelet_manager http://pc:55780/
[rosmaster.master][INFO] 2012-12-15 18:07:30,452: -PUB [/camera/rgb/rectify_mono/parameter_updates] /camera_nodelet_manager http://pc:55780/
[rosmaster.master][INFO] 2012-12-15 18:07:30,454: -SERVICE [/camera/rgb/rectify_mono/set_parameters] /camera_nodelet_manager rosrpc://pc:54371
[rosmaster.master][INFO] 2012-12-15 18:07:30,457: -PUB [/camera/rgb/rectify_color/parameter_descriptions] /camera_nodelet_manager http://pc:55780/
[rosmaster.master][INFO] 2012-12-15 18:07:30,461: -PUB [/camera/rgb/rectify_color/parameter_updates] /camera_nodelet_manager http://pc:55780/
[rosmaster.master][INFO] 2012-12-15 18:07:30,463: -SERVICE [/camera/rgb/rectify_color/set_parameters] /camera_nodelet_manager rosrpc://pc:54371
[rosmaster.master][INFO] 2012-12-15 18:07:30,465: -PUB [/camera/rgb/debayer/parameter_descriptions] /camera_nodelet_manager http://pc:55780/
[rosmaster.master][INFO] 2012-12-15 18:07:30,467: -PUB [/camera/rgb/debayer/parameter_updates] /camera_nodelet_manager http://pc:55780/
[rosmaster.master][INFO] 2012-12-15 18:07:30,469: -SERVICE [/camera/rgb/debayer/set_parameters] /camera_nodelet_manager rosrpc://pc:54371
[rosmaster.master][INFO] 2012-12-15 18:07:30,499: -PUB [/rosout] /camera/register_depth_rgb http://pc:38323/
[rosmaster.master][INFO] 2012-12-15 18:07:30,501: -PUB [/rosout] /camera/depth/metric http://pc:60138/
[rosmaster.master][INFO] 2012-12-15 18:07:30,503: -SERVICE [/camera/register_depth_rgb/get_loggers] /camera/register_depth_rgb rosrpc://pc:49002
[rosmaster.master][INFO] 2012-12-15 18:07:30,506: -SERVICE [/camera/depth/metric/get_loggers] /camera/depth/metric rosrpc://pc:34217
[rosmaster.master][INFO] 2012-12-15 18:07:30,510: -SERVICE [/camera/register_depth_rgb/set_logger_level] /camera/register_depth_rgb rosrpc://pc:49002
[rosmaster.master][INFO] 2012-12-15 18:07:30,512: -SERVICE [/camera/depth/metric/set_logger_level] /camera/depth/metric rosrpc://pc:34217
[rosmaster.master][INFO] 2012-12-15 18:07:30,530: publisherUpdate[/rosout] -> http://pc:45555/
[rosmaster.master][INFO] 2012-12-15 18:07:30,532: publisherUpdate[/rosout] -> http://pc:45555/
[rosmaster.master][INFO] 2012-12-15 18:07:30,577: -PUB [/rosout] /camera/driver http://pc:52578/
[rosmaster.master][INFO] 2012-12-15 18:07:30,580: -PUB [/rosout] /camera/rgb/debayer http://pc:42159/
[rosmaster.master][INFO] 2012-12-15 18:07:30,584: -PUB [/rosout] /camera/rgb/rectify_mono http://pc:44667/
[rosmaster.master][INFO] 2012-12-15 18:07:30,587: -SERVICE [/camera/driver/get_loggers] /camera/driver rosrpc://pc:35221
[rosmaster.master][INFO] 2012-12-15 18:07:30,591: -PUB [/rosout] /camera/ir/rectify_ir http://pc:41312/
[rosmaster.master][INFO] 2012-12-15 18:07:30,594: -PUB [/rosout] /camera/depth/rectify_depth http://pc:45716/
[rosmaster.master][INFO] 2012-12-15 18:07:30,596: -PUB [/rosout] /camera/depth/metric_rect http://pc:57613/
[rosmaster.master][INFO] 2012-12-15 18:07:30,599: -PUB [/rosout] /camera/rgb/rectify_color http://pc:43375/
[rosmaster.master][INFO] 2012-12-15 18:07:30,600: -SERVICE [/camera/rgb/debayer/get_loggers] /camera/rgb/debayer rosrpc://pc:57252
[rosmaster.master][INFO] 2012-12-15 18:07:30,603: -SERVICE [/camera/rgb/rectify_mono/get_loggers] /camera/rgb/rectify_mono rosrpc://pc:56766
[rosmaster.master][INFO] 2012-12-15 18:07:30,605: -SERVICE [/camera/driver/set_logger_level] /camera/driver rosrpc://pc:35221
[rosmaster.master][INFO] 2012-12-15 18:07:30,609: -SERVICE [/camera/ir/rectify_ir/get_loggers] /camera/ir/rectify_ir rosrpc://pc:43745
[rosmaster.master][INFO] 2012-12-15 18:07:30,611: -SERVICE [/camera/depth/rectify_depth/get_loggers] /camera/depth/rectify_depth rosrpc://pc:40236
[rosmaster.master][INFO] 2012-12-15 18:07:30,613: -SERVICE [/camera/depth/metric_rect/get_loggers] /camera/depth/metric_rect rosrpc://pc:34208
[rosmaster.master][INFO] 2012-12-15 18:07:30,617: -SERVICE [/camera/rgb/rectify_color/get_loggers] /camera/rgb/rectify_color rosrpc://pc:48064
[rosmaster.master][INFO] 2012-12-15 18:07:30,620: -SERVICE [/camera/rgb/debayer/set_logger_level] /camera/rgb/debayer rosrpc://pc:57252
[rosmaster.master][INFO] 2012-12-15 18:07:30,621: -SERVICE [/camera/ir/set_camera_info] /camera_nodelet_manager rosrpc://pc:54371
[rosmaster.master][INFO] 2012-12-15 18:07:30,624: -SERVICE [/camera/rgb/rectify_mono/set_logger_level] /camera/rgb/rectify_mono rosrpc://pc:56766
[rosmaster.master][INFO] 2012-12-15 18:07:30,627: -SERVICE [/camera/ir/rectify_ir/set_logger_level] /camera/ir/rectify_ir rosrpc://pc:43745
[rosmaster.master][INFO] 2012-12-15 18:07:30,630: -SERVICE [/camera/depth/rectify_depth/set_logger_level] /camera/depth/rectify_depth rosrpc://pc:40236
[rosmaster.master][INFO] 2012-12-15 18:07:30,631: -SERVICE [/camera/depth/metric_rect/set_logger_level] /camera/depth/metric_rect rosrpc://pc:34208
[rosmaster.master][INFO] 2012-12-15 18:07:30,633: publisherUpdate[/rosout] -> http://pc:45555/
[rosmaster.master][INFO] 2012-12-15 18:07:30,635: -SERVICE [/camera/rgb/rectify_color/set_logger_level] /camera/rgb/rectify_color rosrpc://pc:48064
[rosmaster.master][INFO] 2012-12-15 18:07:30,639: publisherUpdate[/rosout] -> http://pc:45555/
[rosmaster.master][INFO] 2012-12-15 18:07:30,640: -SERVICE [/camera/rgb/set_camera_info] /camera_nodelet_manager rosrpc://pc:54371
[rosmaster.master][INFO] 2012-12-15 18:07:30,645: publisherUpdate[/rosout] -> http://pc:45555/
[rosmaster.master][INFO] 2012-12-15 18:07:30,647: publisherUpdate[/rosout] -> http://pc:45555/
[rosmaster.master][INFO] 2012-12-15 18:07:30,647: -PUB [/camera/driver/parameter_descriptions] /camera_nodelet_manager http://pc:55780/
[rosmaster.master][INFO] 2012-12-15 18:07:30,648: publisherUpdate[/rosout] -> http://pc:45555/
[rosmaster.master][INFO] 2012-12-15 18:07:30,650: publisherUpdate[/rosout] -> http://pc:45555/
[rosmaster.master][INFO] 2012-12-15 18:07:30,651: publisherUpdate[/rosout] -> http://pc:45555/
[rosmaster.master][INFO] 2012-12-15 18:07:30,652: -PUB [/camera/driver/parameter_updates] /camera_nodelet_manager http://pc:55780/
[rosmaster.master][INFO] 2012-12-15 18:07:30,653: -SERVICE [/camera/driver/set_parameters] /camera_nodelet_manager rosrpc://pc:54371
[rosmaster.master][INFO] 2012-12-15 18:07:30,725: -PUB [/rosout] /camera_nodelet_manager http://pc:55780/
[rosmaster.master][INFO] 2012-12-15 18:07:30,726: -PUB [/camera/rgb/image_rect/compressed] /camera_nodelet_manager http://pc:55780/
[rosmaster.master][INFO] 2012-12-15 18:07:30,728: -PUB [/camera/rgb/image_rect/compressed/parameter_descriptions] /camera_nodelet_manager http://pc:55780/
[rosmaster.master][INFO] 2012-12-15 18:07:30,729: -PUB [/camera/rgb/image_rect/compressed/parameter_updates] /camera_nodelet_manager http://pc:55780/
[rosmaster.master][INFO] 2012-12-15 18:07:30,731: -PUB [/camera/rgb/image_rect] /camera_nodelet_manager http://pc:55780/
[rosmaster.master][INFO] 2012-12-15 18:07:30,731: -PUB [/camera/rgb/image_rect/theora] /camera_nodelet_manager http://pc:55780/
[rosmaster.master][INFO] 2012-12-15 18:07:30,732: -PUB [/camera/rgb/image_rect/theora/parameter_descriptions] /camera_nodelet_manager http://pc:55780/
[rosmaster.master][INFO] 2012-12-15 18:07:30,733: -PUB [/camera/rgb/image_rect/theora/parameter_updates] /camera_nodelet_manager http://pc:55780/
[rosmaster.master][INFO] 2012-12-15 18:07:30,734: -PUB [/camera/rgb/image_mono/compressed] /camera_nodelet_manager http://pc:55780/
[rosmaster.master][INFO] 2012-12-15 18:07:30,734: publisherUpdate[/rosout] -> http://pc:45555/
[rosmaster.master][INFO] 2012-12-15 18:07:30,736: -PUB [/camera/rgb/image_mono/compressed/parameter_descriptions] /camera_nodelet_manager http://pc:55780/
[rosmaster.master][INFO] 2012-12-15 18:07:30,738: -PUB [/camera/rgb/image_mono/compressed/parameter_updates] /camera_nodelet_manager http://pc:55780/
[rosmaster.master][INFO] 2012-12-15 18:07:30,739: -PUB [/camera/rgb/image_mono] /camera_nodelet_manager http://pc:55780/
[rosmaster.master][INFO] 2012-12-15 18:07:30,741: -PUB [/camera/rgb/image_mono/theora] /camera_nodelet_manager http://pc:55780/
[rosmaster.master][INFO] 2012-12-15 18:07:30,741: -PUB [/camera/rgb/image_mono/theora/parameter_descriptions] /camera_nodelet_manager http://pc:55780/
[rosmaster.master][INFO] 2012-12-15 18:07:30,742: -PUB [/camera/rgb/image_mono/theora/parameter_updates] /camera_nodelet_manager http://pc:55780/
[rosmaster.master][INFO] 2012-12-15 18:07:30,743: -PUB [/camera/rgb/image_color/compressed] /camera_nodelet_manager http://pc:55780/
[rosmaster.master][INFO] 2012-12-15 18:07:30,744: -PUB [/camera/rgb/image_color/compressed/parameter_descriptions] /camera_nodelet_manager http://pc:55780/
[rosmaster.master][INFO] 2012-12-15 18:07:30,745: -PUB [/camera/rgb/image_color/compressed/parameter_updates] /camera_nodelet_manager http://pc:55780/
[rosmaster.master][INFO] 2012-12-15 18:07:30,746: -PUB [/camera/rgb/image_color] /camera_nodelet_manager http://pc:55780/
[rosmaster.master][INFO] 2012-12-15 18:07:30,746: -PUB [/camera/rgb/image_color/theora] /camera_nodelet_manager http://pc:55780/
[rosmaster.master][INFO] 2012-12-15 18:07:30,747: -PUB [/camera/rgb/image_color/theora/parameter_descriptions] /camera_nodelet_manager http://pc:55780/
[rosmaster.master][INFO] 2012-12-15 18:07:30,748: -PUB [/camera/rgb/image_color/theora/parameter_updates] /camera_nodelet_manager http://pc:55780/
[rosmaster.master][INFO] 2012-12-15 18:07:30,749: -PUB [/camera/rgb/image_rect_color/compressed] /camera_nodelet_manager http://pc:55780/
[rosmaster.master][INFO] 2012-12-15 18:07:30,750: -PUB [/camera/rgb/image_rect_color/compressed/parameter_descriptions] /camera_nodelet_manager http://pc:55780/
[rosmaster.master][INFO] 2012-12-15 18:07:30,751: -PUB [/camera/rgb/image_rect_color/compressed/parameter_updates] /camera_nodelet_manager http://pc:55780/
[rosmaster.master][INFO] 2012-12-15 18:07:30,751: -PUB [/camera/rgb/image_rect_color] /camera_nodelet_manager http://pc:55780/
[rosmaster.master][INFO] 2012-12-15 18:07:30,752: -PUB [/camera/rgb/image_rect_color/theora] /camera_nodelet_manager http://pc:55780/
[rosmaster.master][INFO] 2012-12-15 18:07:30,753: -PUB [/camera/rgb/image_rect_color/theora/parameter_descriptions] /camera_nodelet_manager http://pc:55780/
[rosmaster.master][INFO] 2012-12-15 18:07:30,754: -PUB [/camera/rgb/image_rect_color/theora/parameter_updates] /camera_nodelet_manager http://pc:55780/
[rosmaster.master][INFO] 2012-12-15 18:07:30,756: -PUB [/camera/depth_registered/image/compressed] /camera_nodelet_manager http://pc:55780/
[rosmaster.master][INFO] 2012-12-15 18:07:30,757: -PUB [/camera/depth_registered/image/compressed/parameter_descriptions] /camera_nodelet_manager http://pc:55780/
[rosmaster.master][INFO] 2012-12-15 18:07:30,758: -PUB [/camera/depth_registered/image/compressed/parameter_updates] /camera_nodelet_manager http://pc:55780/
[rosmaster.master][INFO] 2012-12-15 18:07:30,760: -PUB [/camera/depth_registered/image] /camera_nodelet_manager http://pc:55780/
[rosmaster.master][INFO] 2012-12-15 18:07:30,761: -PUB [/camera/depth_registered/image/theora] /camera_nodelet_manager http://pc:55780/
[rosmaster.master][INFO] 2012-12-15 18:07:30,762: -PUB [/camera/depth_registered/image/theora/parameter_descriptions] /camera_nodelet_manager http://pc:55780/
[rosmaster.master][INFO] 2012-12-15 18:07:30,763: -PUB [/camera/depth_registered/image/theora/parameter_updates] /camera_nodelet_manager http://pc:55780/
[rosmaster.master][INFO] 2012-12-15 18:07:30,763: -PUB [/camera/depth/image_rect_raw/compressed] /camera_nodelet_manager http://pc:55780/
[rosmaster.master][INFO] 2012-12-15 18:07:30,764: -PUB [/camera/depth/image_rect_raw/compressed/parameter_descriptions] /camera_nodelet_manager http://pc:55780/
[rosmaster.master][INFO] 2012-12-15 18:07:30,765: -PUB [/camera/depth/image_rect_raw/compressed/parameter_updates] /camera_nodelet_manager http://pc:55780/
[rosmaster.master][INFO] 2012-12-15 18:07:30,766: -PUB [/camera/depth/image_rect_raw] /camera_nodelet_manager http://pc:55780/
[rosmaster.master][INFO] 2012-12-15 18:07:30,767: -PUB [/camera/depth/image_rect_raw/theora] /camera_nodelet_manager http://pc:55780/
[rosmaster.master][INFO] 2012-12-15 18:07:30,767: -PUB [/camera/depth/image_rect_raw/theora/parameter_descriptions] /camera_nodelet_manager http://pc:55780/
[rosmaster.master][INFO] 2012-12-15 18:07:30,768: -PUB [/camera/depth/image_rect_raw/theora/parameter_updates] /camera_nodelet_manager http://pc:55780/
[rosmaster.master][INFO] 2012-12-15 18:07:30,769: -PUB [/camera/depth/image/compressed] /camera_nodelet_manager http://pc:55780/
[rosmaster.master][INFO] 2012-12-15 18:07:30,770: -PUB [/camera/depth/image/compressed/parameter_descriptions] /camera_nodelet_manager http://pc:55780/
[rosmaster.master][INFO] 2012-12-15 18:07:30,771: -PUB [/camera/depth/image/compressed/parameter_updates] /camera_nodelet_manager http://pc:55780/
[rosmaster.master][INFO] 2012-12-15 18:07:30,771: -PUB [/camera/depth/image] /camera_nodelet_manager http://pc:55780/
[rosmaster.master][INFO] 2012-12-15 18:07:30,772: -PUB [/camera/depth/image/theora] /camera_nodelet_manager http://pc:55780/
[rosmaster.master][INFO] 2012-12-15 18:07:30,773: -PUB [/camera/depth/image/theora/parameter_descriptions] /camera_nodelet_manager http://pc:55780/
[rosmaster.master][INFO] 2012-12-15 18:07:30,774: -PUB [/camera/depth/image/theora/parameter_updates] /camera_nodelet_manager http://pc:55780/
[rosmaster.master][INFO] 2012-12-15 18:07:30,775: -PUB [/camera/depth_registered/image_rect_raw/compressed] /camera_nodelet_manager http://pc:55780/
[rosmaster.master][INFO] 2012-12-15 18:07:30,776: -PUB [/camera/depth_registered/image_rect_raw/compressed/parameter_descriptions] /camera_nodelet_manager http://pc:55780/
[rosmaster.master][INFO] 2012-12-15 18:07:30,778: -PUB [/camera/depth_registered/image_rect_raw/compressed/parameter_updates] /camera_nodelet_manager http://pc:55780/
[rosmaster.master][INFO] 2012-12-15 18:07:30,780: -PUB [/camera/depth_registered/image_rect_raw] /camera_nodelet_manager http://pc:55780/
[rosmaster.master][INFO] 2012-12-15 18:07:30,781: -PUB [/camera/depth_registered/image_rect_raw/theora] /camera_nodelet_manager http://pc:55780/
[rosmaster.master][INFO] 2012-12-15 18:07:30,782: -PUB [/camera/depth_registered/image_rect_raw/theora/parameter_descriptions] /camera_nodelet_manager http://pc:55780/
[rosmaster.master][INFO] 2012-12-15 18:07:30,783: -PUB [/camera/depth_registered/image_rect_raw/theora/parameter_updates] /camera_nodelet_manager http://pc:55780/
[rosmaster.master][INFO] 2012-12-15 18:07:30,784: -PUB [/camera/ir/image_rect/compressed] /camera_nodelet_manager http://pc:55780/
[rosmaster.master][INFO] 2012-12-15 18:07:30,784: -PUB [/camera/ir/image_rect/compressed/parameter_descriptions] /camera_nodelet_manager http://pc:55780/
[rosmaster.master][INFO] 2012-12-15 18:07:30,785: -PUB [/camera/ir/image_rect/compressed/parameter_updates] /camera_nodelet_manager http://pc:55780/
[rosmaster.master][INFO] 2012-12-15 18:07:30,787: -PUB [/camera/ir/image_rect] /camera_nodelet_manager http://pc:55780/
[rosmaster.master][INFO] 2012-12-15 18:07:30,787: -PUB [/camera/ir/image_rect/theora] /camera_nodelet_manager http://pc:55780/
[rosmaster.master][INFO] 2012-12-15 18:07:30,788: -PUB [/camera/ir/image_rect/theora/parameter_descriptions] /camera_nodelet_manager http://pc:55780/
[rosmaster.master][INFO] 2012-12-15 18:07:30,791: -PUB [/camera/ir/image_rect/theora/parameter_updates] /camera_nodelet_manager http://pc:55780/
[rosmaster.master][INFO] 2012-12-15 18:07:30,792: -PUB [/camera/depth_registered/camera_info] /camera_nodelet_manager http://pc:55780/
[rosmaster.master][INFO] 2012-12-15 18:07:30,793: -PUB [/camera/rgb/image_raw/compressed] /camera_nodelet_manager http://pc:55780/
[rosmaster.master][INFO] 2012-12-15 18:07:30,794: -PUB [/camera/rgb/image_raw/compressed/parameter_descriptions] /camera_nodelet_manager http://pc:55780/
[rosmaster.master][INFO] 2012-12-15 18:07:30,795: -PUB [/camera/rgb/image_raw/compressed/parameter_updates] /camera_nodelet_manager http://pc:55780/
[rosmaster.master][INFO] 2012-12-15 18:07:30,796: -PUB [/camera/rgb/image_raw] /camera_nodelet_manager http://pc:55780/
[rosmaster.master][INFO] 2012-12-15 18:07:30,796: -PUB [/camera/rgb/image_raw/theora] /camera_nodelet_manager http://pc:55780/
[rosmaster.master][INFO] 2012-12-15 18:07:30,797: -PUB [/camera/rgb/image_raw/theora/parameter_descriptions] /camera_nodelet_manager http://pc:55780/
[rosmaster.master][INFO] 2012-12-15 18:07:30,798: -PUB [/camera/rgb/image_raw/theora/parameter_updates] /camera_nodelet_manager http://pc:55780/
[rosmaster.master][INFO] 2012-12-15 18:07:30,799: -PUB [/camera/rgb/camera_info] /camera_nodelet_manager http://pc:55780/
[rosmaster.master][INFO] 2012-12-15 18:07:30,800: -PUB [/camera/ir/image_raw/compressed] /camera_nodelet_manager http://pc:55780/
[rosmaster.master][INFO] 2012-12-15 18:07:30,801: -PUB [/camera/ir/image_raw/compressed/parameter_descriptions] /camera_nodelet_manager http://pc:55780/
[rosmaster.master][INFO] 2012-12-15 18:07:30,802: -PUB [/camera/ir/image_raw/compressed/parameter_updates] /camera_nodelet_manager http://pc:55780/
[rosmaster.master][INFO] 2012-12-15 18:07:30,803: -PUB [/camera/ir/image_raw] /camera_nodelet_manager http://pc:55780/
[rosmaster.master][INFO] 2012-12-15 18:07:30,804: -PUB [/camera/ir/image_raw/theora] /camera_nodelet_manager http://pc:55780/
[rosmaster.master][INFO] 2012-12-15 18:07:30,804: -PUB [/camera/ir/image_raw/theora/parameter_descriptions] /camera_nodelet_manager http://pc:55780/
[rosmaster.master][INFO] 2012-12-15 18:07:30,805: -PUB [/camera/ir/image_raw/theora/parameter_updates] /camera_nodelet_manager http://pc:55780/
[rosmaster.master][INFO] 2012-12-15 18:07:30,806: -PUB [/camera/ir/camera_info] /camera_nodelet_manager http://pc:55780/
[rosmaster.master][INFO] 2012-12-15 18:07:30,807: -PUB [/camera/depth/image_raw/compressed] /camera_nodelet_manager http://pc:55780/
[rosmaster.master][INFO] 2012-12-15 18:07:30,808: -PUB [/camera/depth/image_raw/compressed/parameter_descriptions] /camera_nodelet_manager http://pc:55780/
[rosmaster.master][INFO] 2012-12-15 18:07:30,809: -PUB [/camera/depth/image_raw/compressed/parameter_updates] /camera_nodelet_manager http://pc:55780/
[rosmaster.master][INFO] 2012-12-15 18:07:30,810: -PUB [/camera/depth/image_raw] /camera_nodelet_manager http://pc:55780/
[rosmaster.master][INFO] 2012-12-15 18:07:30,810: -PUB [/camera/depth/image_raw/theora] /camera_nodelet_manager http://pc:55780/
[rosmaster.master][INFO] 2012-12-15 18:07:30,811: -PUB [/camera/depth/image_raw/theora/parameter_descriptions] /camera_nodelet_manager http://pc:55780/
[rosmaster.master][INFO] 2012-12-15 18:07:30,812: -PUB [/camera/depth/image_raw/theora/parameter_updates] /camera_nodelet_manager http://pc:55780/
[rosmaster.master][INFO] 2012-12-15 18:07:30,813: -PUB [/camera/depth/camera_info] /camera_nodelet_manager http://pc:55780/
[rosmaster.master][INFO] 2012-12-15 18:07:30,814: -PUB [/camera/projector/camera_info] /camera_nodelet_manager http://pc:55780/
[rosmaster.master][INFO] 2012-12-15 18:07:30,815: -PUB [/camera/depth_registered/image_raw/compressed] /camera_nodelet_manager http://pc:55780/
[rosmaster.master][INFO] 2012-12-15 18:07:30,816: -PUB [/camera/depth_registered/image_raw/compressed/parameter_descriptions] /camera_nodelet_manager http://pc:55780/
[rosmaster.master][INFO] 2012-12-15 18:07:30,818: -PUB [/camera/depth_registered/image_raw/compressed/parameter_updates] /camera_nodelet_manager http://pc:55780/
[rosmaster.master][INFO] 2012-12-15 18:07:30,819: -PUB [/camera/depth_registered/image_raw] /camera_nodelet_manager http://pc:55780/
[rosmaster.master][INFO] 2012-12-15 18:07:30,821: -PUB [/camera/depth_registered/image_raw/theora] /camera_nodelet_manager http://pc:55780/
[rosmaster.master][INFO] 2012-12-15 18:07:30,822: -PUB [/camera/depth_registered/image_raw/theora/parameter_descriptions] /camera_nodelet_manager http://pc:55780/
[rosmaster.master][INFO] 2012-12-15 18:07:30,823: -PUB [/camera/depth_registered/image_raw/theora/parameter_updates] /camera_nodelet_manager http://pc:55780/
[rosmaster.master][INFO] 2012-12-15 18:07:30,824: -PUB [/camera/depth/image_rect/compressed] /camera_nodelet_manager http://pc:55780/
[rosmaster.master][INFO] 2012-12-15 18:07:30,825: -PUB [/camera/depth/image_rect/compressed/parameter_descriptions] /camera_nodelet_manager http://pc:55780/
[rosmaster.master][INFO] 2012-12-15 18:07:30,826: -PUB [/camera/depth/image_rect/compressed/parameter_updates] /camera_nodelet_manager http://pc:55780/
[rosmaster.master][INFO] 2012-12-15 18:07:30,827: -PUB [/camera/depth/image_rect] /camera_nodelet_manager http://pc:55780/
[rosmaster.master][INFO] 2012-12-15 18:07:30,828: -PUB [/camera/depth/image_rect/theora] /camera_nodelet_manager http://pc:55780/
[rosmaster.master][INFO] 2012-12-15 18:07:30,829: -PUB [/camera/depth/image_rect/theora/parameter_descriptions] /camera_nodelet_manager http://pc:55780/
[rosmaster.master][INFO] 2012-12-15 18:07:30,829: -PUB [/camera/depth/image_rect/theora/parameter_updates] /camera_nodelet_manager http://pc:55780/
[rosmaster.master][INFO] 2012-12-15 18:07:30,831: -PUB [/camera/depth_registered/image_rect/compressed] /camera_nodelet_manager http://pc:55780/
[rosmaster.master][INFO] 2012-12-15 18:07:30,832: -PUB [/camera/depth_registered/image_rect/compressed/parameter_descriptions] /camera_nodelet_manager http://pc:55780/
[rosmaster.master][INFO] 2012-12-15 18:07:30,833: -PUB [/camera/depth_registered/image_rect/compressed/parameter_updates] /camera_nodelet_manager http://pc:55780/
[rosmaster.master][INFO] 2012-12-15 18:07:30,834: -PUB [/camera/depth_registered/image_rect] /camera_nodelet_manager http://pc:55780/
[rosmaster.master][INFO] 2012-12-15 18:07:30,835: -PUB [/camera/depth_registered/image_rect/theora] /camera_nodelet_manager http://pc:55780/
[rosmaster.master][INFO] 2012-12-15 18:07:30,836: -PUB [/camera/depth_registered/image_rect/theora/parameter_descriptions] /camera_nodelet_manager http://pc:55780/
[rosmaster.master][INFO] 2012-12-15 18:07:30,837: -PUB [/camera/depth_registered/image_rect/theora/parameter_updates] /camera_nodelet_manager http://pc:55780/
[rosmaster.master][INFO] 2012-12-15 18:07:30,838: -SERVICE [/camera_nodelet_manager/get_loggers] /camera_nodelet_manager rosrpc://pc:54371
[rosmaster.master][INFO] 2012-12-15 18:07:30,839: -SERVICE [/camera_nodelet_manager/set_logger_level] /camera_nodelet_manager rosrpc://pc:54371
[rosmaster.master][INFO] 2012-12-15 18:07:30,840: -SERVICE [/camera_nodelet_manager/load_nodelet] /camera_nodelet_manager rosrpc://pc:54371
[rosmaster.master][INFO] 2012-12-15 18:07:30,840: -SERVICE [/camera_nodelet_manager/unload_nodelet] /camera_nodelet_manager rosrpc://pc:54371
[rosmaster.master][INFO] 2012-12-15 18:07:30,841: -SERVICE [/camera_nodelet_manager/list] /camera_nodelet_manager rosrpc://pc:54371
[rosmaster.master][INFO] 2012-12-15 18:07:30,842: -SERVICE [/camera/rgb/image_rect/compressed/set_parameters] /camera_nodelet_manager rosrpc://pc:54371
[rosmaster.master][INFO] 2012-12-15 18:07:30,843: -SERVICE [/camera/rgb/image_rect/theora/set_parameters] /camera_nodelet_manager rosrpc://pc:54371
[rosmaster.master][INFO] 2012-12-15 18:07:30,844: -SERVICE [/camera/rgb/image_mono/compressed/set_parameters] /camera_nodelet_manager rosrpc://pc:54371
[rosmaster.master][INFO] 2012-12-15 18:07:30,845: -SERVICE [/camera/rgb/image_mono/theora/set_parameters] /camera_nodelet_manager rosrpc://pc:54371
[rosmaster.master][INFO] 2012-12-15 18:07:30,846: -SERVICE [/camera/rgb/image_color/compressed/set_parameters] /camera_nodelet_manager rosrpc://pc:54371
[rosmaster.master][INFO] 2012-12-15 18:07:30,847: -SERVICE [/camera/rgb/image_color/theora/set_parameters] /camera_nodelet_manager rosrpc://pc:54371
[rosmaster.master][INFO] 2012-12-15 18:07:30,848: -SERVICE [/camera/rgb/image_rect_color/compressed/set_parameters] /camera_nodelet_manager rosrpc://pc:54371
[rosmaster.master][INFO] 2012-12-15 18:07:30,848: -SERVICE [/camera/rgb/image_rect_color/theora/set_parameters] /camera_nodelet_manager rosrpc://pc:54371
[rosmaster.master][INFO] 2012-12-15 18:07:30,849: -SERVICE [/camera/depth_registered/image/compressed/set_parameters] /camera_nodelet_manager rosrpc://pc:54371
[rosmaster.master][INFO] 2012-12-15 18:07:30,850: -SERVICE [/camera/depth_registered/image/theora/set_parameters] /camera_nodelet_manager rosrpc://pc:54371
[rosmaster.master][INFO] 2012-12-15 18:07:30,851: -SERVICE [/camera/depth/image_rect_raw/compressed/set_parameters] /camera_nodelet_manager rosrpc://pc:54371
[rosmaster.master][INFO] 2012-12-15 18:07:30,852: -SERVICE [/camera/depth/image_rect_raw/theora/set_parameters] /camera_nodelet_manager rosrpc://pc:54371
[rosmaster.master][INFO] 2012-12-15 18:07:30,853: -SERVICE [/camera/depth/image/compressed/set_parameters] /camera_nodelet_manager rosrpc://pc:54371
[rosmaster.master][INFO] 2012-12-15 18:07:30,854: -SERVICE [/camera/depth/image/theora/set_parameters] /camera_nodelet_manager rosrpc://pc:54371
[rosmaster.master][INFO] 2012-12-15 18:07:30,855: -SERVICE [/camera/depth_registered/image_rect_raw/compressed/set_parameters] /camera_nodelet_manager rosrpc://pc:54371
[rosmaster.master][INFO] 2012-12-15 18:07:30,855: -SERVICE [/camera/depth_registered/image_rect_raw/theora/set_parameters] /camera_nodelet_manager rosrpc://pc:54371
[rosmaster.master][INFO] 2012-12-15 18:07:30,856: -SERVICE [/camera/ir/image_rect/compressed/set_parameters] /camera_nodelet_manager rosrpc://pc:54371
[rosmaster.master][INFO] 2012-12-15 18:07:30,857: -SERVICE [/camera/ir/image_rect/theora/set_parameters] /camera_nodelet_manager rosrpc://pc:54371
[rosmaster.master][INFO] 2012-12-15 18:07:30,859: -SERVICE [/camera/rgb/image_raw/compressed/set_parameters] /camera_nodelet_manager rosrpc://pc:54371
[rosmaster.master][INFO] 2012-12-15 18:07:30,861: -SERVICE [/camera/rgb/image_raw/theora/set_parameters] /camera_nodelet_manager rosrpc://pc:54371
[rosmaster.master][INFO] 2012-12-15 18:07:30,862: -SERVICE [/camera/ir/image_raw/compressed/set_parameters] /camera_nodelet_manager rosrpc://pc:54371
[rosmaster.master][INFO] 2012-12-15 18:07:30,864: -SERVICE [/camera/ir/image_raw/theora/set_parameters] /camera_nodelet_manager rosrpc://pc:54371
[rosmaster.master][INFO] 2012-12-15 18:07:30,865: -SERVICE [/camera/depth/image_raw/compressed/set_parameters] /camera_nodelet_manager rosrpc://pc:54371
[rosmaster.master][INFO] 2012-12-15 18:07:30,865: -SERVICE [/camera/depth/image_raw/theora/set_parameters] /camera_nodelet_manager rosrpc://pc:54371
[rosmaster.master][INFO] 2012-12-15 18:07:30,866: -SERVICE [/camera/depth_registered/image_raw/compressed/set_parameters] /camera_nodelet_manager rosrpc://pc:54371
[rosmaster.master][INFO] 2012-12-15 18:07:30,867: -SERVICE [/camera/depth_registered/image_raw/theora/set_parameters] /camera_nodelet_manager rosrpc://pc:54371
[rosmaster.master][INFO] 2012-12-15 18:07:30,868: -SERVICE [/camera/depth/image_rect/compressed/set_parameters] /camera_nodelet_manager rosrpc://pc:54371
[rosmaster.master][INFO] 2012-12-15 18:07:30,869: -SERVICE [/camera/depth/image_rect/theora/set_parameters] /camera_nodelet_manager rosrpc://pc:54371
[rosmaster.master][INFO] 2012-12-15 18:07:30,870: -SERVICE [/camera/depth_registered/image_rect/compressed/set_parameters] /camera_nodelet_manager rosrpc://pc:54371
[rosmaster.master][INFO] 2012-12-15 18:07:30,871: -SERVICE [/camera/depth_registered/image_rect/theora/set_parameters] /camera_nodelet_manager rosrpc://pc:54371
[rosmaster.master][INFO] 2012-12-15 18:07:32,439: -PUB [/rosout_agg] /rosout http://pc:45555/
[rosmaster.master][INFO] 2012-12-15 18:07:32,440: -SUB [/rosout] /rosout http://pc:45555/
[rosmaster.master][INFO] 2012-12-15 18:07:32,441: -SERVICE [/rosout/get_loggers] /rosout rosrpc://pc:60924
[rosmaster.master][INFO] 2012-12-15 18:07:32,442: -SERVICE [/rosout/set_logger_level] /rosout rosrpc://pc:60924
[rosmaster.main][INFO] 2012-12-15 18:07:32,504: keyboard interrupt, will exit
[rosmaster.main][INFO] 2012-12-15 18:07:32,505: stopping master...
