[rosmaster.main][INFO] 2012-12-14 17:27:59,139: initialization complete, waiting for shutdown
[rosmaster.main][INFO] 2012-12-14 17:27:59,139: Starting ROS Master Node
[xmlrpc][INFO] 2012-12-14 17:27:59,140: XML-RPC server binding to 0.0.0.0
[xmlrpc][INFO] 2012-12-14 17:27:59,141: Started XML-RPC server [http://pc:11311/]
[rosmaster.master][INFO] 2012-12-14 17:27:59,142: Master initialized: port[11311], uri[http://pc:11311/]
[xmlrpc][INFO] 2012-12-14 17:27:59,142: xml rpc node: starting XML-RPC server
[rosmaster.master][INFO] 2012-12-14 17:27:59,159: +PARAM [/run_id] by /roslaunch
[rosmaster.master][INFO] 2012-12-14 17:27:59,163: +PARAM [/roslaunch/uris/host_pc__45036] by /roslaunch
[rosmaster.master][INFO] 2012-12-14 17:27:59,193: +PARAM [/rosdistro] by /roslaunch
[rosmaster.master][INFO] 2012-12-14 17:27:59,194: +PARAM [/camera/driver/rgb_frame_id] by /roslaunch
[rosmaster.master][INFO] 2012-12-14 17:27:59,194: +PARAM [/camera/disparity_depth_registered/min_range] by /roslaunch
[rosmaster.master][INFO] 2012-12-14 17:27:59,195: +PARAM [/camera/driver/rgb_camera_info_url] by /roslaunch
[rosmaster.master][INFO] 2012-12-14 17:27:59,196: +PARAM [/camera/depth_registered/rectify_depth/interpolation] by /roslaunch
[rosmaster.master][INFO] 2012-12-14 17:27:59,196: +PARAM [/camera/driver/depth_frame_id] by /roslaunch
[rosmaster.master][INFO] 2012-12-14 17:27:59,196: +PARAM [/camera/depth/rectify_depth/interpolation] by /roslaunch
[rosmaster.master][INFO] 2012-12-14 17:27:59,196: +PARAM [/camera/disparity_depth/max_range] by /roslaunch
[rosmaster.master][INFO] 2012-12-14 17:27:59,196: +PARAM [/rosversion] by /roslaunch
[rosmaster.master][INFO] 2012-12-14 17:27:59,197: +PARAM [/camera/driver/device_id] by /roslaunch
[rosmaster.master][INFO] 2012-12-14 17:27:59,197: +PARAM [/camera/driver/depth_camera_info_url] by /roslaunch
[rosmaster.master][INFO] 2012-12-14 17:27:59,197: +PARAM [/camera/disparity_depth/min_range] by /roslaunch
[rosmaster.master][INFO] 2012-12-14 17:27:59,197: +PARAM [/camera/disparity_depth_registered/max_range] by /roslaunch
[rosmaster.master][INFO] 2012-12-14 17:27:59,204: +SERVICE [/rosout/get_loggers] /rosout http://pc:48506/
[rosmaster.master][INFO] 2012-12-14 17:27:59,205: +SERVICE [/rosout/set_logger_level] /rosout http://pc:48506/
[rosmaster.master][INFO] 2012-12-14 17:27:59,208: +PUB [/rosout_agg] /rosout http://pc:48506/
[rosmaster.master][INFO] 2012-12-14 17:27:59,209: +SUB [/rosout] /rosout http://pc:48506/
[rosmaster.master][INFO] 2012-12-14 17:27:59,229: +PUB [/rosout] /camera/driver http://pc:42595/
[rosmaster.master][INFO] 2012-12-14 17:27:59,231: +SERVICE [/camera/driver/get_loggers] /camera/driver http://pc:42595/
[rosmaster.master][INFO] 2012-12-14 17:27:59,233: +SERVICE [/camera/driver/set_logger_level] /camera/driver http://pc:42595/
[rosmaster.master][INFO] 2012-12-14 17:27:59,238: +PARAM [/camera/driver] by /camera/driver
[rosmaster.master][INFO] 2012-12-14 17:27:59,239: publisherUpdate[/rosout] -> http://pc:48506/
[rosmaster.master][INFO] 2012-12-14 17:27:59,248: +PUB [/rosout] /camera/rgb/debayer http://pc:34713/
[rosmaster.master][INFO] 2012-12-14 17:27:59,254: +SERVICE [/camera/rgb/debayer/get_loggers] /camera/rgb/debayer http://pc:34713/
[rosmaster.master][INFO] 2012-12-14 17:27:59,263: +SERVICE [/camera/rgb/debayer/set_logger_level] /camera/rgb/debayer http://pc:34713/
[rosmaster.master][INFO] 2012-12-14 17:27:59,268: +PUB [/rosout] /camera/rgb/rectify_mono http://pc:60970/
[rosmaster.master][INFO] 2012-12-14 17:27:59,271: +PUB [/rosout] /camera/rgb/rectify_color http://pc:50280/
[rosmaster.master][INFO] 2012-12-14 17:27:59,272: +PUB [/rosout] /camera/ir/rectify_ir http://pc:42085/
[rosmaster.master][INFO] 2012-12-14 17:27:59,281: +SERVICE [/camera/rgb/rectify_mono/get_loggers] /camera/rgb/rectify_mono http://pc:60970/
[rosmaster.master][INFO] 2012-12-14 17:27:59,285: +SERVICE [/camera/rgb/rectify_color/get_loggers] /camera/rgb/rectify_color http://pc:50280/
[rosmaster.master][INFO] 2012-12-14 17:27:59,293: +SERVICE [/camera/ir/rectify_ir/get_loggers] /camera/ir/rectify_ir http://pc:42085/
[rosmaster.master][INFO] 2012-12-14 17:27:59,299: +SERVICE [/camera/rgb/rectify_mono/set_logger_level] /camera/rgb/rectify_mono http://pc:60970/
[rosmaster.master][INFO] 2012-12-14 17:27:59,304: +SERVICE [/camera/rgb/rectify_color/set_logger_level] /camera/rgb/rectify_color http://pc:50280/
[rosmaster.master][INFO] 2012-12-14 17:27:59,305: +PUB [/rosout] /camera/depth/rectify_depth http://pc:46002/
[rosmaster.master][INFO] 2012-12-14 17:27:59,312: +SERVICE [/camera/ir/rectify_ir/set_logger_level] /camera/ir/rectify_ir http://pc:42085/
[rosmaster.master][INFO] 2012-12-14 17:27:59,315: +PUB [/rosout] /camera/depth/metric_rect http://pc:58870/
[rosmaster.master][INFO] 2012-12-14 17:27:59,324: +SERVICE [/camera/depth/rectify_depth/get_loggers] /camera/depth/rectify_depth http://pc:46002/
[rosmaster.master][INFO] 2012-12-14 17:27:59,329: +PUB [/rosout] /camera/depth/metric http://pc:43288/
[rosmaster.master][INFO] 2012-12-14 17:27:59,332: +SERVICE [/camera/depth/metric_rect/get_loggers] /camera/depth/metric_rect http://pc:58870/
[rosmaster.master][INFO] 2012-12-14 17:27:59,335: +PUB [/rosout] /camera/depth/points http://pc:52620/
[rosmaster.master][INFO] 2012-12-14 17:27:59,341: publisherUpdate[/rosout] -> http://pc:48506/
[rosmaster.master][INFO] 2012-12-14 17:27:59,343: publisherUpdate[/rosout] -> http://pc:48506/
[rosmaster.master][INFO] 2012-12-14 17:27:59,344: publisherUpdate[/rosout] -> http://pc:48506/
[rosmaster.master][INFO] 2012-12-14 17:27:59,346: publisherUpdate[/rosout] -> http://pc:48506/
[rosmaster.master][INFO] 2012-12-14 17:27:59,347: publisherUpdate[/rosout] -> http://pc:48506/
[rosmaster.master][INFO] 2012-12-14 17:27:59,348: publisherUpdate[/rosout] -> http://pc:48506/
[rosmaster.master][INFO] 2012-12-14 17:27:59,354: publisherUpdate[/rosout] -> http://pc:48506/
[rosmaster.master][INFO] 2012-12-14 17:27:59,356: publisherUpdate[/rosout] -> http://pc:48506/
[rosmaster.master][INFO] 2012-12-14 17:27:59,357: +SERVICE [/camera/depth/metric/get_loggers] /camera/depth/metric http://pc:43288/
[rosmaster.master][INFO] 2012-12-14 17:27:59,369: +SERVICE [/camera/depth/metric_rect/set_logger_level] /camera/depth/metric_rect http://pc:58870/
[rosmaster.master][INFO] 2012-12-14 17:27:59,382: +SERVICE [/camera/depth/metric/set_logger_level] /camera/depth/metric http://pc:43288/
[rosmaster.master][INFO] 2012-12-14 17:27:59,385: +PUB [/rosout] /camera/depth_registered/rectify_depth http://pc:42871/
[rosmaster.master][INFO] 2012-12-14 17:27:59,393: +PUB [/rosout] /camera/depth_registered/metric http://pc:60245/
[rosmaster.master][INFO] 2012-12-14 17:27:59,395: +SERVICE [/camera/depth_registered/rectify_depth/get_loggers] /camera/depth_registered/rectify_depth http://pc:42871/
[rosmaster.master][INFO] 2012-12-14 17:27:59,398: +PUB [/rosout] /camera/disparity_depth_registered http://pc:56278/
[rosmaster.master][INFO] 2012-12-14 17:27:59,400: +PUB [/rosout] /camera/disparity_depth http://pc:47180/
[rosmaster.master][INFO] 2012-12-14 17:27:59,401: +SERVICE [/camera/depth_registered/metric/get_loggers] /camera/depth_registered/metric http://pc:60245/
[rosmaster.master][INFO] 2012-12-14 17:27:59,407: +SERVICE [/camera/depth_registered/rectify_depth/set_logger_level] /camera/depth_registered/rectify_depth http://pc:42871/
[rosmaster.master][INFO] 2012-12-14 17:27:59,411: +SERVICE [/camera/disparity_depth_registered/get_loggers] /camera/disparity_depth_registered http://pc:56278/
[rosmaster.master][INFO] 2012-12-14 17:27:59,415: +SERVICE [/camera/disparity_depth/get_loggers] /camera/disparity_depth http://pc:47180/
[rosmaster.master][INFO] 2012-12-14 17:27:59,427: +SERVICE [/camera/disparity_depth_registered/set_logger_level] /camera/disparity_depth_registered http://pc:56278/
[rosmaster.master][INFO] 2012-12-14 17:27:59,429: +SERVICE [/camera/disparity_depth/set_logger_level] /camera/disparity_depth http://pc:47180/
[rosmaster.master][INFO] 2012-12-14 17:27:59,431: +PUB [/rosout] /camera_base_link1 http://pc:44301/
[rosmaster.master][INFO] 2012-12-14 17:27:59,441: +PUB [/rosout] /camera_base_link2 http://pc:55628/
[rosmaster.master][INFO] 2012-12-14 17:27:59,442: publisherUpdate[/rosout] -> http://pc:48506/
[rosmaster.master][INFO] 2012-12-14 17:27:59,444: publisherUpdate[/rosout] -> http://pc:48506/
[rosmaster.master][INFO] 2012-12-14 17:27:59,446: +SERVICE [/camera_base_link1/get_loggers] /camera_base_link1 http://pc:44301/
[rosmaster.master][INFO] 2012-12-14 17:27:59,450: +PUB [/rosout] /camera_base_link3 http://pc:39676/
[rosmaster.master][INFO] 2012-12-14 17:27:59,454: +SERVICE [/camera_base_link2/get_loggers] /camera_base_link2 http://pc:55628/
[rosmaster.master][INFO] 2012-12-14 17:27:59,456: publisherUpdate[/rosout] -> http://pc:48506/
[rosmaster.master][INFO] 2012-12-14 17:27:59,458: publisherUpdate[/rosout] -> http://pc:48506/
[rosmaster.master][INFO] 2012-12-14 17:27:59,460: +PARAM [/camera/disparity_depth] by /camera/disparity_depth
[rosmaster.master][INFO] 2012-12-14 17:27:59,461: publisherUpdate[/rosout] -> http://pc:48506/
[rosmaster.master][INFO] 2012-12-14 17:27:59,462: +SERVICE [/camera_base_link1/set_logger_level] /camera_base_link1 http://pc:44301/
[rosmaster.master][INFO] 2012-12-14 17:27:59,463: publisherUpdate[/rosout] -> http://pc:48506/
[rosmaster.master][INFO] 2012-12-14 17:27:59,464: +PARAM [/camera/disparity_depth_registered] by /camera/disparity_depth_registered
[rosmaster.master][INFO] 2012-12-14 17:27:59,468: publisherUpdate[/rosout] -> http://pc:48506/
[rosmaster.master][INFO] 2012-12-14 17:27:59,470: +SERVICE [/camera_base_link2/set_logger_level] /camera_base_link2 http://pc:55628/
[rosmaster.master][INFO] 2012-12-14 17:27:59,483: +PUB [/tf] /camera_base_link2 http://pc:55628/
[rosmaster.master][INFO] 2012-12-14 17:27:59,486: +PUB [/tf] /camera_base_link1 http://pc:44301/
[rosmaster.master][INFO] 2012-12-14 17:27:59,537: +PUB [/rosout] /camera/register_depth_rgb http://pc:35258/
[rosmaster.master][INFO] 2012-12-14 17:27:59,540: +SERVICE [/camera/register_depth_rgb/get_loggers] /camera/register_depth_rgb http://pc:35258/
[rosmaster.master][INFO] 2012-12-14 17:27:59,542: +SERVICE [/camera/depth/rectify_depth/set_logger_level] /camera/depth/rectify_depth http://pc:46002/
[rosmaster.master][INFO] 2012-12-14 17:27:59,544: publisherUpdate[/rosout] -> http://pc:48506/
[rosmaster.master][INFO] 2012-12-14 17:27:59,546: +SERVICE [/camera/register_depth_rgb/set_logger_level] /camera/register_depth_rgb http://pc:35258/
[rosmaster.master][INFO] 2012-12-14 17:27:59,555: +PARAM [/camera/depth/rectify_depth] by /camera/depth/rectify_depth
[rosmaster.master][INFO] 2012-12-14 17:27:59,582: +PUB [/rosout] /camera_nodelet_manager http://pc:48426/
[rosmaster.master][INFO] 2012-12-14 17:27:59,584: +SERVICE [/camera_nodelet_manager/get_loggers] /camera_nodelet_manager http://pc:48426/
[rosmaster.master][INFO] 2012-12-14 17:27:59,585: +SERVICE [/camera_nodelet_manager/set_logger_level] /camera_nodelet_manager http://pc:48426/
[rosmaster.master][INFO] 2012-12-14 17:27:59,589: +SERVICE [/camera_nodelet_manager/load_nodelet] /camera_nodelet_manager http://pc:48426/
[rosmaster.master][INFO] 2012-12-14 17:27:59,592: +SERVICE [/camera_nodelet_manager/unload_nodelet] /camera_nodelet_manager http://pc:48426/
[rosmaster.master][INFO] 2012-12-14 17:27:59,597: +SERVICE [/camera_nodelet_manager/list] /camera_nodelet_manager http://pc:48426/
[rosmaster.master][INFO] 2012-12-14 17:27:59,648: publisherUpdate[/rosout] -> http://pc:48506/
[rosmaster.master][INFO] 2012-12-14 17:27:59,853: +PUB [/rosout] /set_dr http://pc:45225/
[rosmaster.master][INFO] 2012-12-14 17:27:59,861: publisherUpdate[/rosout] -> http://pc:48506/
[rosmaster.master][INFO] 2012-12-14 17:27:59,894: +PUB [/camera/depth_registered/disparity] /camera_nodelet_manager http://pc:48426/
[rosmaster.master][INFO] 2012-12-14 17:28:00,263: +PUB [/rosout] /depth_detection http://pc:36936/
[rosmaster.master][INFO] 2012-12-14 17:28:00,264: publisherUpdate[/rosout] -> http://pc:48506/
[rosmaster.master][INFO] 2012-12-14 17:28:00,304: +SUB [/camera/depth_registered/image_rect] /depth_detection http://pc:36936/
[rosmaster.master][INFO] 2012-12-14 17:28:00,306: +SUB [/camera/rgb/image_rect_color] /depth_detection http://pc:36936/
[rosmaster.master][INFO] 2012-12-14 17:28:00,661: +SERVICE [/camera/rgb/rectify_color/set_parameters] /camera_nodelet_manager http://pc:48426/
[rosmaster.master][INFO] 2012-12-14 17:28:00,663: +PUB [/camera/rgb/rectify_color/parameter_descriptions] /camera_nodelet_manager http://pc:48426/
[rosmaster.master][INFO] 2012-12-14 17:28:00,664: +PUB [/camera/rgb/rectify_color/parameter_updates] /camera_nodelet_manager http://pc:48426/
[rosmaster.master][INFO] 2012-12-14 17:28:00,666: +PARAM [/camera/rgb/rectify_color/interpolation] by /camera_nodelet_manager
[rosmaster.master][INFO] 2012-12-14 17:28:00,670: +PUB [/camera/rgb/image_rect_color/compressed] /camera_nodelet_manager http://pc:48426/
[rosmaster.master][INFO] 2012-12-14 17:28:00,672: +SERVICE [/camera/rgb/image_rect_color/compressed/set_parameters] /camera_nodelet_manager http://pc:48426/
[rosmaster.master][INFO] 2012-12-14 17:28:00,673: +PUB [/camera/rgb/image_rect_color/compressed/parameter_descriptions] /camera_nodelet_manager http://pc:48426/
[rosmaster.master][INFO] 2012-12-14 17:28:00,674: +PUB [/camera/rgb/image_rect_color/compressed/parameter_updates] /camera_nodelet_manager http://pc:48426/
[rosmaster.master][INFO] 2012-12-14 17:28:00,679: +PARAM [/camera/rgb/image_rect_color/compressed/format] by /camera_nodelet_manager
[rosmaster.master][INFO] 2012-12-14 17:28:00,680: +PARAM [/camera/rgb/image_rect_color/compressed/jpeg_quality] by /camera_nodelet_manager
[rosmaster.master][INFO] 2012-12-14 17:28:00,681: +PARAM [/camera/rgb/image_rect_color/compressed/png_level] by /camera_nodelet_manager
[rosmaster.master][INFO] 2012-12-14 17:28:00,682: +PUB [/camera/rgb/image_rect_color] /camera_nodelet_manager http://pc:48426/
[rosmaster.master][INFO] 2012-12-14 17:28:00,687: +PUB [/camera/rgb/image_rect_color/theora] /camera_nodelet_manager http://pc:48426/
[rosmaster.master][INFO] 2012-12-14 17:28:00,688: +SERVICE [/camera/rgb/image_rect_color/theora/set_parameters] /camera_nodelet_manager http://pc:48426/
[rosmaster.master][INFO] 2012-12-14 17:28:00,689: +PUB [/camera/rgb/image_rect_color/theora/parameter_descriptions] /camera_nodelet_manager http://pc:48426/
[rosmaster.master][INFO] 2012-12-14 17:28:00,690: +PUB [/camera/rgb/image_rect_color/theora/parameter_updates] /camera_nodelet_manager http://pc:48426/
[rosmaster.master][INFO] 2012-12-14 17:28:00,695: +PARAM [/camera/rgb/image_rect_color/theora/optimize_for] by /camera_nodelet_manager
[rosmaster.master][INFO] 2012-12-14 17:28:00,696: +PARAM [/camera/rgb/image_rect_color/theora/target_bitrate] by /camera_nodelet_manager
[rosmaster.master][INFO] 2012-12-14 17:28:00,697: +PARAM [/camera/rgb/image_rect_color/theora/quality] by /camera_nodelet_manager
[rosmaster.master][INFO] 2012-12-14 17:28:00,698: +PARAM [/camera/rgb/image_rect_color/theora/keyframe_frequency] by /camera_nodelet_manager
[rosmaster.master][INFO] 2012-12-14 17:28:00,751: publisherUpdate[/camera/rgb/image_rect_color] -> http://pc:36936/
[rosmaster.master][INFO] 2012-12-14 17:28:00,779: +SUB [/camera/rgb/image_color] /camera_nodelet_manager http://pc:48426/
[rosmaster.master][INFO] 2012-12-14 17:28:00,780: +SUB [/camera/rgb/camera_info] /camera_nodelet_manager http://pc:48426/
[rosmaster.master][INFO] 2012-12-14 17:28:01,441: +SUB [/tf] /camera_nodelet_manager http://pc:48426/
[rosmaster.master][INFO] 2012-12-14 17:28:01,445: +SERVICE [/camera_nodelet_manager/tf_frames] /camera_nodelet_manager http://pc:48426/
[rosmaster.master][INFO] 2012-12-14 17:28:01,956: +PUB [/camera/depth_registered/image_rect_raw/compressed] /camera_nodelet_manager http://pc:48426/
[rosmaster.master][INFO] 2012-12-14 17:28:01,959: +SERVICE [/camera/depth_registered/image_rect_raw/compressed/set_parameters] /camera_nodelet_manager http://pc:48426/
[rosmaster.master][INFO] 2012-12-14 17:28:01,961: +PUB [/camera/depth_registered/image_rect_raw/compressed/parameter_descriptions] /camera_nodelet_manager http://pc:48426/
[rosmaster.master][INFO] 2012-12-14 17:28:01,963: +PUB [/camera/depth_registered/image_rect_raw/compressed/parameter_updates] /camera_nodelet_manager http://pc:48426/
[rosmaster.master][INFO] 2012-12-14 17:28:01,968: +PARAM [/camera/depth_registered/image_rect_raw/compressed/format] by /camera_nodelet_manager
[rosmaster.master][INFO] 2012-12-14 17:28:01,969: +PARAM [/camera/depth_registered/image_rect_raw/compressed/jpeg_quality] by /camera_nodelet_manager
[rosmaster.master][INFO] 2012-12-14 17:28:01,970: +PARAM [/camera/depth_registered/image_rect_raw/compressed/png_level] by /camera_nodelet_manager
[rosmaster.master][INFO] 2012-12-14 17:28:01,971: +PUB [/camera/depth_registered/image_rect_raw] /camera_nodelet_manager http://pc:48426/
[rosmaster.master][INFO] 2012-12-14 17:28:01,972: +PUB [/camera/depth_registered/image_rect_raw/theora] /camera_nodelet_manager http://pc:48426/
[rosmaster.master][INFO] 2012-12-14 17:28:01,973: +SERVICE [/camera/depth_registered/image_rect_raw/theora/set_parameters] /camera_nodelet_manager http://pc:48426/
[rosmaster.master][INFO] 2012-12-14 17:28:01,974: +PUB [/camera/depth_registered/image_rect_raw/theora/parameter_descriptions] /camera_nodelet_manager http://pc:48426/
[rosmaster.master][INFO] 2012-12-14 17:28:01,975: +PUB [/camera/depth_registered/image_rect_raw/theora/parameter_updates] /camera_nodelet_manager http://pc:48426/
[rosmaster.master][INFO] 2012-12-14 17:28:01,980: +PARAM [/camera/depth_registered/image_rect_raw/theora/optimize_for] by /camera_nodelet_manager
[rosmaster.master][INFO] 2012-12-14 17:28:01,981: +PARAM [/camera/depth_registered/image_rect_raw/theora/target_bitrate] by /camera_nodelet_manager
[rosmaster.master][INFO] 2012-12-14 17:28:01,982: +PARAM [/camera/depth_registered/image_rect_raw/theora/quality] by /camera_nodelet_manager
[rosmaster.master][INFO] 2012-12-14 17:28:01,983: +PARAM [/camera/depth_registered/image_rect_raw/theora/keyframe_frequency] by /camera_nodelet_manager
[rosmaster.master][INFO] 2012-12-14 17:28:01,984: +PUB [/camera/depth_registered/camera_info] /camera_nodelet_manager http://pc:48426/
[rosmaster.master][INFO] 2012-12-14 17:28:02,343: +SERVICE [/camera/depth/points/get_loggers] /camera/depth/points http://pc:52620/
[rosmaster.master][INFO] 2012-12-14 17:28:02,345: +PUB [/rosout] /camera/depth_registered/metric_rect http://pc:58101/
[rosmaster.master][INFO] 2012-12-14 17:28:02,345: +SERVICE [/camera/depth/points/set_logger_level] /camera/depth/points http://pc:52620/
[rosmaster.master][INFO] 2012-12-14 17:28:02,347: +SERVICE [/camera/depth_registered/metric_rect/get_loggers] /camera/depth_registered/metric_rect http://pc:58101/
[rosmaster.master][INFO] 2012-12-14 17:28:02,349: +SERVICE [/camera/depth_registered/metric_rect/set_logger_level] /camera/depth_registered/metric_rect http://pc:58101/
[rosmaster.master][INFO] 2012-12-14 17:28:02,357: publisherUpdate[/rosout] -> http://pc:48506/
[rosmaster.master][INFO] 2012-12-14 17:28:02,369: +PUB [/rosout] /camera/points_xyzrgb_depth_rgb http://pc:40465/
[rosmaster.master][INFO] 2012-12-14 17:28:02,369: publisherUpdate[/rosout] -> http://pc:48506/
[rosmaster.master][INFO] 2012-12-14 17:28:02,372: +SERVICE [/camera/points_xyzrgb_depth_rgb/get_loggers] /camera/points_xyzrgb_depth_rgb http://pc:40465/
[rosmaster.master][INFO] 2012-12-14 17:28:02,373: +SERVICE [/camera/points_xyzrgb_depth_rgb/set_logger_level] /camera/points_xyzrgb_depth_rgb http://pc:40465/
[rosmaster.master][INFO] 2012-12-14 17:28:02,416: +PUB [/rosout] /camera_base_link http://pc:53764/
[rosmaster.master][INFO] 2012-12-14 17:28:02,419: +SERVICE [/camera/depth_registered/metric/set_logger_level] /camera/depth_registered/metric http://pc:60245/
[rosmaster.master][INFO] 2012-12-14 17:28:02,423: +SERVICE [/camera_base_link/get_loggers] /camera_base_link http://pc:53764/
[rosmaster.master][INFO] 2012-12-14 17:28:02,426: +SERVICE [/camera_base_link/set_logger_level] /camera_base_link http://pc:53764/
[rosmaster.master][INFO] 2012-12-14 17:28:02,434: +PARAM [/camera/depth_registered/rectify_depth] by /camera/depth_registered/rectify_depth
[rosmaster.master][INFO] 2012-12-14 17:28:02,436: +PUB [/tf] /camera_base_link http://pc:53764/
[rosmaster.master][INFO] 2012-12-14 17:28:02,454: +SERVICE [/camera_base_link3/get_loggers] /camera_base_link3 http://pc:39676/
[rosmaster.master][INFO] 2012-12-14 17:28:02,456: +SERVICE [/camera_base_link3/set_logger_level] /camera_base_link3 http://pc:39676/
[rosmaster.master][INFO] 2012-12-14 17:28:02,457: +PUB [/tf] /camera_base_link3 http://pc:39676/
[rosmaster.master][INFO] 2012-12-14 17:28:02,459: publisherUpdate[/rosout] -> http://pc:48506/
[rosmaster.master][INFO] 2012-12-14 17:28:02,462: publisherUpdate[/tf] -> http://pc:48426/
[rosmaster.master][INFO] 2012-12-14 17:28:02,463: publisherUpdate[/tf] -> http://pc:48426/
[rosmaster.master][INFO] 2012-12-14 17:28:02,635: +SERVICE [/camera/depth/rectify_depth/set_parameters] /camera_nodelet_manager http://pc:48426/
[rosmaster.master][INFO] 2012-12-14 17:28:02,638: +PUB [/camera/depth/rectify_depth/parameter_descriptions] /camera_nodelet_manager http://pc:48426/
[rosmaster.master][INFO] 2012-12-14 17:28:02,641: +PUB [/camera/depth/rectify_depth/parameter_updates] /camera_nodelet_manager http://pc:48426/
[rosmaster.master][INFO] 2012-12-14 17:28:02,646: +PARAM [/camera/depth/rectify_depth/interpolation] by /camera_nodelet_manager
[rosmaster.master][INFO] 2012-12-14 17:28:02,649: +PUB [/camera/depth/image_rect_raw/compressed] /camera_nodelet_manager http://pc:48426/
[rosmaster.master][INFO] 2012-12-14 17:28:02,651: +SERVICE [/camera/depth/image_rect_raw/compressed/set_parameters] /camera_nodelet_manager http://pc:48426/
[rosmaster.master][INFO] 2012-12-14 17:28:02,652: +PUB [/camera/depth/image_rect_raw/compressed/parameter_descriptions] /camera_nodelet_manager http://pc:48426/
[rosmaster.master][INFO] 2012-12-14 17:28:02,653: +PUB [/camera/depth/image_rect_raw/compressed/parameter_updates] /camera_nodelet_manager http://pc:48426/
[rosmaster.master][INFO] 2012-12-14 17:28:02,656: +PARAM [/camera/depth/image_rect_raw/compressed/format] by /camera_nodelet_manager
[rosmaster.master][INFO] 2012-12-14 17:28:02,657: +PARAM [/camera/depth/image_rect_raw/compressed/jpeg_quality] by /camera_nodelet_manager
[rosmaster.master][INFO] 2012-12-14 17:28:02,658: +PARAM [/camera/depth/image_rect_raw/compressed/png_level] by /camera_nodelet_manager
[rosmaster.master][INFO] 2012-12-14 17:28:02,659: +PUB [/camera/depth/image_rect_raw] /camera_nodelet_manager http://pc:48426/
[rosmaster.master][INFO] 2012-12-14 17:28:02,660: +PUB [/camera/depth/image_rect_raw/theora] /camera_nodelet_manager http://pc:48426/
[rosmaster.master][INFO] 2012-12-14 17:28:02,661: +SERVICE [/camera/depth/image_rect_raw/theora/set_parameters] /camera_nodelet_manager http://pc:48426/
[rosmaster.master][INFO] 2012-12-14 17:28:02,662: +PUB [/camera/depth/image_rect_raw/theora/parameter_descriptions] /camera_nodelet_manager http://pc:48426/
[rosmaster.master][INFO] 2012-12-14 17:28:02,663: +PUB [/camera/depth/image_rect_raw/theora/parameter_updates] /camera_nodelet_manager http://pc:48426/
[rosmaster.master][INFO] 2012-12-14 17:28:02,667: +PARAM [/camera/depth/image_rect_raw/theora/optimize_for] by /camera_nodelet_manager
[rosmaster.master][INFO] 2012-12-14 17:28:02,668: +PARAM [/camera/depth/image_rect_raw/theora/target_bitrate] by /camera_nodelet_manager
[rosmaster.master][INFO] 2012-12-14 17:28:02,669: +PARAM [/camera/depth/image_rect_raw/theora/quality] by /camera_nodelet_manager
[rosmaster.master][INFO] 2012-12-14 17:28:02,670: +PARAM [/camera/depth/image_rect_raw/theora/keyframe_frequency] by /camera_nodelet_manager
[rosmaster.master][INFO] 2012-12-14 17:28:03,078: +PUB [/camera/depth/image_rect/compressed] /camera_nodelet_manager http://pc:48426/
[rosmaster.master][INFO] 2012-12-14 17:28:03,080: +SERVICE [/camera/depth/image_rect/compressed/set_parameters] /camera_nodelet_manager http://pc:48426/
[rosmaster.master][INFO] 2012-12-14 17:28:03,081: +PUB [/camera/depth/image_rect/compressed/parameter_descriptions] /camera_nodelet_manager http://pc:48426/
[rosmaster.master][INFO] 2012-12-14 17:28:03,084: +PUB [/camera/depth/image_rect/compressed/parameter_updates] /camera_nodelet_manager http://pc:48426/
[rosmaster.master][INFO] 2012-12-14 17:28:03,092: +PARAM [/camera/depth/image_rect/compressed/format] by /camera_nodelet_manager
[rosmaster.master][INFO] 2012-12-14 17:28:03,094: +PARAM [/camera/depth/image_rect/compressed/jpeg_quality] by /camera_nodelet_manager
[rosmaster.master][INFO] 2012-12-14 17:28:03,097: +PARAM [/camera/depth/image_rect/compressed/png_level] by /camera_nodelet_manager
[rosmaster.master][INFO] 2012-12-14 17:28:03,099: +PUB [/camera/depth/image_rect] /camera_nodelet_manager http://pc:48426/
[rosmaster.master][INFO] 2012-12-14 17:28:03,102: +PUB [/camera/depth/image_rect/theora] /camera_nodelet_manager http://pc:48426/
[rosmaster.master][INFO] 2012-12-14 17:28:03,104: +SERVICE [/camera/depth/image_rect/theora/set_parameters] /camera_nodelet_manager http://pc:48426/
[rosmaster.master][INFO] 2012-12-14 17:28:03,106: +PUB [/camera/depth/image_rect/theora/parameter_descriptions] /camera_nodelet_manager http://pc:48426/
[rosmaster.master][INFO] 2012-12-14 17:28:03,109: +PUB [/camera/depth/image_rect/theora/parameter_updates] /camera_nodelet_manager http://pc:48426/
[rosmaster.master][INFO] 2012-12-14 17:28:03,118: +PARAM [/camera/depth/image_rect/theora/optimize_for] by /camera_nodelet_manager
[rosmaster.master][INFO] 2012-12-14 17:28:03,120: +PARAM [/camera/depth/image_rect/theora/target_bitrate] by /camera_nodelet_manager
[rosmaster.master][INFO] 2012-12-14 17:28:03,122: +PARAM [/camera/depth/image_rect/theora/quality] by /camera_nodelet_manager
[rosmaster.master][INFO] 2012-12-14 17:28:03,124: +PARAM [/camera/depth/image_rect/theora/keyframe_frequency] by /camera_nodelet_manager
[rosmaster.master][INFO] 2012-12-14 17:28:03,393: +SERVICE [/camera/rgb/rectify_mono/set_parameters] /camera_nodelet_manager http://pc:48426/
[rosmaster.master][INFO] 2012-12-14 17:28:03,395: +PUB [/camera/rgb/rectify_mono/parameter_descriptions] /camera_nodelet_manager http://pc:48426/
[rosmaster.master][INFO] 2012-12-14 17:28:03,398: +PUB [/camera/rgb/rectify_mono/parameter_updates] /camera_nodelet_manager http://pc:48426/
[rosmaster.master][INFO] 2012-12-14 17:28:03,401: +PARAM [/camera/rgb/rectify_mono/interpolation] by /camera_nodelet_manager
[rosmaster.master][INFO] 2012-12-14 17:28:03,404: +PUB [/camera/rgb/image_rect/compressed] /camera_nodelet_manager http://pc:48426/
[rosmaster.master][INFO] 2012-12-14 17:28:03,406: +SERVICE [/camera/rgb/image_rect/compressed/set_parameters] /camera_nodelet_manager http://pc:48426/
[rosmaster.master][INFO] 2012-12-14 17:28:03,408: +PUB [/camera/rgb/image_rect/compressed/parameter_descriptions] /camera_nodelet_manager http://pc:48426/
[rosmaster.master][INFO] 2012-12-14 17:28:03,411: +PUB [/camera/rgb/image_rect/compressed/parameter_updates] /camera_nodelet_manager http://pc:48426/
[rosmaster.master][INFO] 2012-12-14 17:28:03,419: +PARAM [/camera/rgb/image_rect/compressed/format] by /camera_nodelet_manager
[rosmaster.master][INFO] 2012-12-14 17:28:03,421: +PARAM [/camera/rgb/image_rect/compressed/jpeg_quality] by /camera_nodelet_manager
[rosmaster.master][INFO] 2012-12-14 17:28:03,423: +PARAM [/camera/rgb/image_rect/compressed/png_level] by /camera_nodelet_manager
[rosmaster.master][INFO] 2012-12-14 17:28:03,425: +PUB [/camera/rgb/image_rect] /camera_nodelet_manager http://pc:48426/
[rosmaster.master][INFO] 2012-12-14 17:28:03,428: +PUB [/camera/rgb/image_rect/theora] /camera_nodelet_manager http://pc:48426/
[rosmaster.master][INFO] 2012-12-14 17:28:03,431: +SERVICE [/camera/rgb/image_rect/theora/set_parameters] /camera_nodelet_manager http://pc:48426/
[rosmaster.master][INFO] 2012-12-14 17:28:03,433: +PUB [/camera/rgb/image_rect/theora/parameter_descriptions] /camera_nodelet_manager http://pc:48426/
[rosmaster.master][INFO] 2012-12-14 17:28:03,436: +PUB [/camera/rgb/image_rect/theora/parameter_updates] /camera_nodelet_manager http://pc:48426/
[rosmaster.master][INFO] 2012-12-14 17:28:03,447: +PARAM [/camera/rgb/image_rect/theora/optimize_for] by /camera_nodelet_manager
[rosmaster.master][INFO] 2012-12-14 17:28:03,449: +PARAM [/camera/rgb/image_rect/theora/target_bitrate] by /camera_nodelet_manager
[rosmaster.master][INFO] 2012-12-14 17:28:03,451: +PARAM [/camera/rgb/image_rect/theora/quality] by /camera_nodelet_manager
[rosmaster.master][INFO] 2012-12-14 17:28:03,453: +PARAM [/camera/rgb/image_rect/theora/keyframe_frequency] by /camera_nodelet_manager
[rosmaster.master][INFO] 2012-12-14 17:28:03,733: +PUB [/camera/depth/disparity] /camera_nodelet_manager http://pc:48426/
[rosmaster.master][INFO] 2012-12-14 17:28:04,011: +SERVICE [/camera/ir/rectify_ir/set_parameters] /camera_nodelet_manager http://pc:48426/
[rosmaster.master][INFO] 2012-12-14 17:28:04,013: +PUB [/camera/ir/rectify_ir/parameter_descriptions] /camera_nodelet_manager http://pc:48426/
[rosmaster.master][INFO] 2012-12-14 17:28:04,015: +PUB [/camera/ir/rectify_ir/parameter_updates] /camera_nodelet_manager http://pc:48426/
[rosmaster.master][INFO] 2012-12-14 17:28:04,019: +PARAM [/camera/ir/rectify_ir/interpolation] by /camera_nodelet_manager
[rosmaster.master][INFO] 2012-12-14 17:28:04,022: +PUB [/camera/ir/image_rect/compressed] /camera_nodelet_manager http://pc:48426/
[rosmaster.master][INFO] 2012-12-14 17:28:04,024: +SERVICE [/camera/ir/image_rect/compressed/set_parameters] /camera_nodelet_manager http://pc:48426/
[rosmaster.master][INFO] 2012-12-14 17:28:04,027: +PUB [/camera/ir/image_rect/compressed/parameter_descriptions] /camera_nodelet_manager http://pc:48426/
[rosmaster.master][INFO] 2012-12-14 17:28:04,029: +PUB [/camera/ir/image_rect/compressed/parameter_updates] /camera_nodelet_manager http://pc:48426/
[rosmaster.master][INFO] 2012-12-14 17:28:04,037: +PARAM [/camera/ir/image_rect/compressed/format] by /camera_nodelet_manager
[rosmaster.master][INFO] 2012-12-14 17:28:04,039: +PARAM [/camera/ir/image_rect/compressed/jpeg_quality] by /camera_nodelet_manager
[rosmaster.master][INFO] 2012-12-14 17:28:04,043: +PARAM [/camera/ir/image_rect/compressed/png_level] by /camera_nodelet_manager
[rosmaster.master][INFO] 2012-12-14 17:28:04,045: +PUB [/camera/ir/image_rect] /camera_nodelet_manager http://pc:48426/
[rosmaster.master][INFO] 2012-12-14 17:28:04,048: +PUB [/camera/ir/image_rect/theora] /camera_nodelet_manager http://pc:48426/
[rosmaster.master][INFO] 2012-12-14 17:28:04,051: +SERVICE [/camera/ir/image_rect/theora/set_parameters] /camera_nodelet_manager http://pc:48426/
[rosmaster.master][INFO] 2012-12-14 17:28:04,053: +PUB [/camera/ir/image_rect/theora/parameter_descriptions] /camera_nodelet_manager http://pc:48426/
[rosmaster.master][INFO] 2012-12-14 17:28:04,055: +PUB [/camera/ir/image_rect/theora/parameter_updates] /camera_nodelet_manager http://pc:48426/
[rosmaster.master][INFO] 2012-12-14 17:28:04,065: +PARAM [/camera/ir/image_rect/theora/optimize_for] by /camera_nodelet_manager
[rosmaster.master][INFO] 2012-12-14 17:28:04,067: +PARAM [/camera/ir/image_rect/theora/target_bitrate] by /camera_nodelet_manager
[rosmaster.master][INFO] 2012-12-14 17:28:04,069: +PARAM [/camera/ir/image_rect/theora/quality] by /camera_nodelet_manager
[rosmaster.master][INFO] 2012-12-14 17:28:04,071: +PARAM [/camera/ir/image_rect/theora/keyframe_frequency] by /camera_nodelet_manager
[rosmaster.master][INFO] 2012-12-14 17:28:04,352: +PUB [/camera/depth/points] /camera_nodelet_manager http://pc:48426/
[rosmaster.master][INFO] 2012-12-14 17:28:04,594: +SERVICE [/camera/driver/set_parameters] /camera_nodelet_manager http://pc:48426/
[rosmaster.master][INFO] 2012-12-14 17:28:04,595: +PUB [/camera/driver/parameter_descriptions] /camera_nodelet_manager http://pc:48426/
[rosmaster.master][INFO] 2012-12-14 17:28:04,597: +PUB [/camera/driver/parameter_updates] /camera_nodelet_manager http://pc:48426/
[rosmaster.master][INFO] 2012-12-14 17:28:04,612: +PARAM [/camera/driver/image_mode] by /camera_nodelet_manager
[rosmaster.master][INFO] 2012-12-14 17:28:04,615: +PARAM [/camera/driver/depth_mode] by /camera_nodelet_manager
[rosmaster.master][INFO] 2012-12-14 17:28:04,616: +PARAM [/camera/driver/depth_registration] by /camera_nodelet_manager
[rosmaster.master][INFO] 2012-12-14 17:28:04,619: +PARAM [/camera/driver/data_skip] by /camera_nodelet_manager
[rosmaster.master][INFO] 2012-12-14 17:28:04,620: +PARAM [/camera/driver/depth_time_offset] by /camera_nodelet_manager
[rosmaster.master][INFO] 2012-12-14 17:28:04,621: +PARAM [/camera/driver/image_time_offset] by /camera_nodelet_manager
[rosmaster.master][INFO] 2012-12-14 17:28:04,622: +PARAM [/camera/driver/depth_ir_offset_x] by /camera_nodelet_manager
[rosmaster.master][INFO] 2012-12-14 17:28:04,624: +PARAM [/camera/driver/depth_ir_offset_y] by /camera_nodelet_manager
[rosmaster.master][INFO] 2012-12-14 17:28:04,625: +PARAM [/camera/driver/z_offset_mm] by /camera_nodelet_manager
[rosmaster.master][INFO] 2012-12-14 17:28:04,634: +SERVICE [/camera/rgb/set_camera_info] /camera_nodelet_manager http://pc:48426/
[rosmaster.master][INFO] 2012-12-14 17:28:04,635: +SERVICE [/camera/ir/set_camera_info] /camera_nodelet_manager http://pc:48426/
[rosmaster.master][INFO] 2012-12-14 17:28:04,637: +PUB [/camera/rgb/image_raw/compressed] /camera_nodelet_manager http://pc:48426/
[rosmaster.master][INFO] 2012-12-14 17:28:04,638: +SERVICE [/camera/rgb/image_raw/compressed/set_parameters] /camera_nodelet_manager http://pc:48426/
[rosmaster.master][INFO] 2012-12-14 17:28:04,640: +PUB [/camera/rgb/image_raw/compressed/parameter_descriptions] /camera_nodelet_manager http://pc:48426/
[rosmaster.master][INFO] 2012-12-14 17:28:04,641: +PUB [/camera/rgb/image_raw/compressed/parameter_updates] /camera_nodelet_manager http://pc:48426/
[rosmaster.master][INFO] 2012-12-14 17:28:04,645: +PARAM [/camera/rgb/image_raw/compressed/format] by /camera_nodelet_manager
[rosmaster.master][INFO] 2012-12-14 17:28:04,646: +PARAM [/camera/rgb/image_raw/compressed/jpeg_quality] by /camera_nodelet_manager
[rosmaster.master][INFO] 2012-12-14 17:28:04,647: +PUB [/camera/depth_registered/image_rect/compressed] /camera_nodelet_manager http://pc:48426/
[rosmaster.master][INFO] 2012-12-14 17:28:04,648: +PARAM [/camera/rgb/image_raw/compressed/png_level] by /camera_nodelet_manager
[rosmaster.master][INFO] 2012-12-14 17:28:04,649: +SERVICE [/camera/depth_registered/image_rect/compressed/set_parameters] /camera_nodelet_manager http://pc:48426/
[rosmaster.master][INFO] 2012-12-14 17:28:04,650: +PUB [/camera/rgb/image_raw] /camera_nodelet_manager http://pc:48426/
[rosmaster.master][INFO] 2012-12-14 17:28:04,651: +PUB [/camera/depth_registered/image_rect/compressed/parameter_descriptions] /camera_nodelet_manager http://pc:48426/
[rosmaster.master][INFO] 2012-12-14 17:28:04,652: +PUB [/camera/rgb/image_raw/theora] /camera_nodelet_manager http://pc:48426/
[rosmaster.master][INFO] 2012-12-14 17:28:04,653: +PUB [/camera/depth_registered/image_rect/compressed/parameter_updates] /camera_nodelet_manager http://pc:48426/
[rosmaster.master][INFO] 2012-12-14 17:28:04,654: +SERVICE [/camera/rgb/image_raw/theora/set_parameters] /camera_nodelet_manager http://pc:48426/
[rosmaster.master][INFO] 2012-12-14 17:28:04,657: +PUB [/camera/rgb/image_raw/theora/parameter_descriptions] /camera_nodelet_manager http://pc:48426/
[rosmaster.master][INFO] 2012-12-14 17:28:04,660: +PUB [/camera/rgb/image_raw/theora/parameter_updates] /camera_nodelet_manager http://pc:48426/
[rosmaster.master][INFO] 2012-12-14 17:28:04,663: +PARAM [/camera/depth_registered/image_rect/compressed/format] by /camera_nodelet_manager
[rosmaster.master][INFO] 2012-12-14 17:28:04,665: +PARAM [/camera/depth_registered/image_rect/compressed/jpeg_quality] by /camera_nodelet_manager
[rosmaster.master][INFO] 2012-12-14 17:28:04,669: +PARAM [/camera/depth_registered/image_rect/compressed/png_level] by /camera_nodelet_manager
[rosmaster.master][INFO] 2012-12-14 17:28:04,673: +PUB [/camera/depth_registered/image_rect] /camera_nodelet_manager http://pc:48426/
[rosmaster.master][INFO] 2012-12-14 17:28:04,674: publisherUpdate[/camera/depth_registered/image_rect] -> http://pc:36936/
[rosmaster.master][INFO] 2012-12-14 17:28:04,678: +PARAM [/camera/rgb/image_raw/theora/optimize_for] by /camera_nodelet_manager
[rosmaster.master][INFO] 2012-12-14 17:28:04,682: +PUB [/camera/depth_registered/image_rect/theora] /camera_nodelet_manager http://pc:48426/
[rosmaster.master][INFO] 2012-12-14 17:28:04,684: +PARAM [/camera/rgb/image_raw/theora/target_bitrate] by /camera_nodelet_manager
[rosmaster.master][INFO] 2012-12-14 17:28:04,686: +SERVICE [/camera/depth_registered/image_rect/theora/set_parameters] /camera_nodelet_manager http://pc:48426/
[rosmaster.master][INFO] 2012-12-14 17:28:04,688: +PARAM [/camera/rgb/image_raw/theora/quality] by /camera_nodelet_manager
[rosmaster.master][INFO] 2012-12-14 17:28:04,690: +PUB [/camera/depth_registered/image_rect/theora/parameter_descriptions] /camera_nodelet_manager http://pc:48426/
[rosmaster.master][INFO] 2012-12-14 17:28:04,691: +PARAM [/camera/rgb/image_raw/theora/keyframe_frequency] by /camera_nodelet_manager
[rosmaster.master][INFO] 2012-12-14 17:28:04,693: +PUB [/camera/depth_registered/image_rect/theora/parameter_updates] /camera_nodelet_manager http://pc:48426/
[rosmaster.master][INFO] 2012-12-14 17:28:04,696: +PUB [/camera/rgb/camera_info] /camera_nodelet_manager http://pc:48426/
[rosmaster.master][INFO] 2012-12-14 17:28:04,702: +PUB [/camera/ir/image_raw/compressed] /camera_nodelet_manager http://pc:48426/
[rosmaster.master][INFO] 2012-12-14 17:28:04,709: +SERVICE [/camera/ir/image_raw/compressed/set_parameters] /camera_nodelet_manager http://pc:48426/
[rosmaster.master][INFO] 2012-12-14 17:28:04,712: +SUB [/camera/driver/parameter_updates] /set_dr http://pc:45225/
[rosmaster.master][INFO] 2012-12-14 17:28:04,714: +PARAM [/camera/depth_registered/image_rect/theora/optimize_for] by /camera_nodelet_manager
[rosmaster.master][INFO] 2012-12-14 17:28:04,717: +PUB [/camera/ir/image_raw/compressed/parameter_descriptions] /camera_nodelet_manager http://pc:48426/
[rosmaster.master][INFO] 2012-12-14 17:28:04,720: +SUB [/camera/driver/parameter_descriptions] /set_dr http://pc:45225/
[rosmaster.master][INFO] 2012-12-14 17:28:04,721: +PARAM [/camera/depth_registered/image_rect/theora/target_bitrate] by /camera_nodelet_manager
[rosmaster.master][INFO] 2012-12-14 17:28:04,727: +PUB [/camera/ir/image_raw/compressed/parameter_updates] /camera_nodelet_manager http://pc:48426/
[rosmaster.master][INFO] 2012-12-14 17:28:04,729: +PARAM [/camera/depth_registered/image_rect/theora/quality] by /camera_nodelet_manager
[rosmaster.master][INFO] 2012-12-14 17:28:04,734: +PARAM [/camera/depth_registered/image_rect/theora/keyframe_frequency] by /camera_nodelet_manager
[rosmaster.master][INFO] 2012-12-14 17:28:04,746: +PARAM [/camera/ir/image_raw/compressed/format] by /camera_nodelet_manager
[rosmaster.master][INFO] 2012-12-14 17:28:04,748: +SUB [/camera/depth_registered/image_rect_raw] /camera_nodelet_manager http://pc:48426/
[rosmaster.master][INFO] 2012-12-14 17:28:04,750: +PARAM [/camera/ir/image_raw/compressed/jpeg_quality] by /camera_nodelet_manager
[rosmaster.master][INFO] 2012-12-14 17:28:04,752: +PARAM [/camera/ir/image_raw/compressed/png_level] by /camera_nodelet_manager
[rosmaster.master][INFO] 2012-12-14 17:28:04,753: +SUB [/camera/depth/image_rect_raw] /camera_nodelet_manager http://pc:48426/
[rosmaster.master][INFO] 2012-12-14 17:28:04,754: +PUB [/camera/ir/image_raw] /camera_nodelet_manager http://pc:48426/
[rosmaster.master][INFO] 2012-12-14 17:28:04,756: +SUB [/camera/depth/camera_info] /camera_nodelet_manager http://pc:48426/
[rosmaster.master][INFO] 2012-12-14 17:28:04,757: +PUB [/camera/ir/image_raw/theora] /camera_nodelet_manager http://pc:48426/
[rosmaster.master][INFO] 2012-12-14 17:28:04,758: +SUB [/camera/depth/image_raw] /camera_nodelet_manager http://pc:48426/
[rosmaster.master][INFO] 2012-12-14 17:28:04,759: +SERVICE [/camera/ir/image_raw/theora/set_parameters] /camera_nodelet_manager http://pc:48426/
[rosmaster.master][INFO] 2012-12-14 17:28:04,760: +PUB [/camera/ir/image_raw/theora/parameter_descriptions] /camera_nodelet_manager http://pc:48426/
[rosmaster.master][INFO] 2012-12-14 17:28:04,761: +PUB [/camera/ir/image_raw/theora/parameter_updates] /camera_nodelet_manager http://pc:48426/
[rosmaster.master][INFO] 2012-12-14 17:28:04,765: +PARAM [/camera/ir/image_raw/theora/optimize_for] by /camera_nodelet_manager
[rosmaster.master][INFO] 2012-12-14 17:28:04,766: +PARAM [/camera/ir/image_raw/theora/target_bitrate] by /camera_nodelet_manager
[rosmaster.master][INFO] 2012-12-14 17:28:04,766: +PARAM [/camera/ir/image_raw/theora/quality] by /camera_nodelet_manager
[rosmaster.master][INFO] 2012-12-14 17:28:04,767: +PARAM [/camera/ir/image_raw/theora/keyframe_frequency] by /camera_nodelet_manager
[rosmaster.master][INFO] 2012-12-14 17:28:04,767: publisherUpdate[/camera/rgb/camera_info] -> http://pc:48426/
[rosmaster.master][INFO] 2012-12-14 17:28:04,769: +PUB [/camera/ir/camera_info] /camera_nodelet_manager http://pc:48426/
[rosmaster.master][INFO] 2012-12-14 17:28:04,770: +PUB [/camera/depth/image_raw/compressed] /camera_nodelet_manager http://pc:48426/
[rosmaster.master][INFO] 2012-12-14 17:28:04,771: +SERVICE [/camera/depth/image_raw/compressed/set_parameters] /camera_nodelet_manager http://pc:48426/
[rosmaster.master][INFO] 2012-12-14 17:28:04,772: +PUB [/camera/depth/image_raw/compressed/parameter_descriptions] /camera_nodelet_manager http://pc:48426/
[rosmaster.master][INFO] 2012-12-14 17:28:04,773: +PUB [/camera/depth/image_raw/compressed/parameter_updates] /camera_nodelet_manager http://pc:48426/
[rosmaster.master][INFO] 2012-12-14 17:28:04,776: +PARAM [/camera/depth/image_raw/compressed/format] by /camera_nodelet_manager
[rosmaster.master][INFO] 2012-12-14 17:28:04,777: +PARAM [/camera/depth/image_raw/compressed/jpeg_quality] by /camera_nodelet_manager
[rosmaster.master][INFO] 2012-12-14 17:28:04,778: +PARAM [/camera/depth/image_raw/compressed/png_level] by /camera_nodelet_manager
[rosmaster.master][INFO] 2012-12-14 17:28:04,779: +PUB [/camera/depth/image_raw] /camera_nodelet_manager http://pc:48426/
[rosmaster.master][INFO] 2012-12-14 17:28:04,781: +PUB [/camera/depth/image_raw/theora] /camera_nodelet_manager http://pc:48426/
[rosmaster.master][INFO] 2012-12-14 17:28:04,781: publisherUpdate[/camera/depth/image_raw] -> http://pc:48426/
[rosmaster.master][INFO] 2012-12-14 17:28:04,782: +SERVICE [/camera/depth/image_raw/theora/set_parameters] /camera_nodelet_manager http://pc:48426/
[rosmaster.master][INFO] 2012-12-14 17:28:04,783: +PUB [/camera/depth/image_raw/theora/parameter_descriptions] /camera_nodelet_manager http://pc:48426/
[rosmaster.master][INFO] 2012-12-14 17:28:04,784: +PUB [/camera/depth/image_raw/theora/parameter_updates] /camera_nodelet_manager http://pc:48426/
[rosmaster.master][INFO] 2012-12-14 17:28:04,788: +PARAM [/camera/depth/image_raw/theora/optimize_for] by /camera_nodelet_manager
[rosmaster.master][INFO] 2012-12-14 17:28:04,789: +PARAM [/camera/depth/image_raw/theora/target_bitrate] by /camera_nodelet_manager
[rosmaster.master][INFO] 2012-12-14 17:28:04,790: +PARAM [/camera/depth/image_raw/theora/quality] by /camera_nodelet_manager
[rosmaster.master][INFO] 2012-12-14 17:28:04,791: +PARAM [/camera/depth/image_raw/theora/keyframe_frequency] by /camera_nodelet_manager
[rosmaster.master][INFO] 2012-12-14 17:28:04,792: +PUB [/camera/depth/camera_info] /camera_nodelet_manager http://pc:48426/
[rosmaster.master][INFO] 2012-12-14 17:28:04,793: +PUB [/camera/projector/camera_info] /camera_nodelet_manager http://pc:48426/
[rosmaster.master][INFO] 2012-12-14 17:28:04,794: +PUB [/camera/depth_registered/image_raw/compressed] /camera_nodelet_manager http://pc:48426/
[rosmaster.master][INFO] 2012-12-14 17:28:04,795: +SERVICE [/camera/depth_registered/image_raw/compressed/set_parameters] /camera_nodelet_manager http://pc:48426/
[rosmaster.master][INFO] 2012-12-14 17:28:04,796: +PUB [/camera/depth_registered/image_raw/compressed/parameter_descriptions] /camera_nodelet_manager http://pc:48426/
[rosmaster.master][INFO] 2012-12-14 17:28:04,797: +PUB [/camera/depth_registered/image_raw/compressed/parameter_updates] /camera_nodelet_manager http://pc:48426/
[rosmaster.master][INFO] 2012-12-14 17:28:04,800: +PARAM [/camera/depth_registered/image_raw/compressed/format] by /camera_nodelet_manager
[rosmaster.master][INFO] 2012-12-14 17:28:04,801: +PARAM [/camera/depth_registered/image_raw/compressed/jpeg_quality] by /camera_nodelet_manager
[rosmaster.master][INFO] 2012-12-14 17:28:04,802: +PARAM [/camera/depth_registered/image_raw/compressed/png_level] by /camera_nodelet_manager
[rosmaster.master][INFO] 2012-12-14 17:28:04,803: +PUB [/camera/depth_registered/image_raw] /camera_nodelet_manager http://pc:48426/
[rosmaster.master][INFO] 2012-12-14 17:28:04,804: +PUB [/camera/depth_registered/image_raw/theora] /camera_nodelet_manager http://pc:48426/
[rosmaster.master][INFO] 2012-12-14 17:28:04,805: +SERVICE [/camera/depth_registered/image_raw/theora/set_parameters] /camera_nodelet_manager http://pc:48426/
[rosmaster.master][INFO] 2012-12-14 17:28:04,806: +PUB [/camera/depth_registered/image_raw/theora/parameter_descriptions] /camera_nodelet_manager http://pc:48426/
[rosmaster.master][INFO] 2012-12-14 17:28:04,807: +PUB [/camera/depth_registered/image_raw/theora/parameter_updates] /camera_nodelet_manager http://pc:48426/
[rosmaster.master][INFO] 2012-12-14 17:28:04,811: +PARAM [/camera/depth_registered/image_raw/theora/optimize_for] by /camera_nodelet_manager
[rosmaster.master][INFO] 2012-12-14 17:28:04,812: +PARAM [/camera/depth_registered/image_raw/theora/target_bitrate] by /camera_nodelet_manager
[rosmaster.master][INFO] 2012-12-14 17:28:04,813: +PARAM [/camera/depth_registered/image_raw/theora/quality] by /camera_nodelet_manager
[rosmaster.master][INFO] 2012-12-14 17:28:04,814: +PARAM [/camera/depth_registered/image_raw/theora/keyframe_frequency] by /camera_nodelet_manager
[rosmaster.master][INFO] 2012-12-14 17:28:04,870: publisherUpdate[/camera/depth/camera_info] -> http://pc:48426/
[rosmaster.master][INFO] 2012-12-14 17:28:05,006: +SERVICE [/camera/rgb/debayer/set_parameters] /camera_nodelet_manager http://pc:48426/
[rosmaster.master][INFO] 2012-12-14 17:28:05,009: +PUB [/camera/rgb/debayer/parameter_descriptions] /camera_nodelet_manager http://pc:48426/
[rosmaster.master][INFO] 2012-12-14 17:28:05,011: +PUB [/camera/rgb/debayer/parameter_updates] /camera_nodelet_manager http://pc:48426/
[rosmaster.master][INFO] 2012-12-14 17:28:05,015: +PARAM [/camera/rgb/debayer/debayer] by /camera_nodelet_manager
[rosmaster.master][INFO] 2012-12-14 17:28:05,017: +PUB [/camera/rgb/image_mono/compressed] /camera_nodelet_manager http://pc:48426/
[rosmaster.master][INFO] 2012-12-14 17:28:05,020: +SERVICE [/camera/rgb/image_mono/compressed/set_parameters] /camera_nodelet_manager http://pc:48426/
[rosmaster.master][INFO] 2012-12-14 17:28:05,023: +PUB [/camera/rgb/image_mono/compressed/parameter_descriptions] /camera_nodelet_manager http://pc:48426/
[rosmaster.master][INFO] 2012-12-14 17:28:05,025: +PUB [/camera/rgb/image_mono/compressed/parameter_updates] /camera_nodelet_manager http://pc:48426/
[rosmaster.master][INFO] 2012-12-14 17:28:05,034: +PARAM [/camera/rgb/image_mono/compressed/format] by /camera_nodelet_manager
[rosmaster.master][INFO] 2012-12-14 17:28:05,037: +PARAM [/camera/rgb/image_mono/compressed/jpeg_quality] by /camera_nodelet_manager
[rosmaster.master][INFO] 2012-12-14 17:28:05,039: +PARAM [/camera/rgb/image_mono/compressed/png_level] by /camera_nodelet_manager
[rosmaster.master][INFO] 2012-12-14 17:28:05,042: +PUB [/camera/rgb/image_mono] /camera_nodelet_manager http://pc:48426/
[rosmaster.master][INFO] 2012-12-14 17:28:05,045: +PUB [/camera/rgb/image_mono/theora] /camera_nodelet_manager http://pc:48426/
[rosmaster.master][INFO] 2012-12-14 17:28:05,047: +SERVICE [/camera/rgb/image_mono/theora/set_parameters] /camera_nodelet_manager http://pc:48426/
[rosmaster.master][INFO] 2012-12-14 17:28:05,049: +PUB [/camera/rgb/image_mono/theora/parameter_descriptions] /camera_nodelet_manager http://pc:48426/
[rosmaster.master][INFO] 2012-12-14 17:28:05,052: +PUB [/camera/rgb/image_mono/theora/parameter_updates] /camera_nodelet_manager http://pc:48426/
[rosmaster.master][INFO] 2012-12-14 17:28:05,061: +PARAM [/camera/rgb/image_mono/theora/optimize_for] by /camera_nodelet_manager
[rosmaster.master][INFO] 2012-12-14 17:28:05,064: +PARAM [/camera/rgb/image_mono/theora/target_bitrate] by /camera_nodelet_manager
[rosmaster.master][INFO] 2012-12-14 17:28:05,066: +PARAM [/camera/rgb/image_mono/theora/quality] by /camera_nodelet_manager
[rosmaster.master][INFO] 2012-12-14 17:28:05,068: +PARAM [/camera/rgb/image_mono/theora/keyframe_frequency] by /camera_nodelet_manager
[rosmaster.master][INFO] 2012-12-14 17:28:05,071: +PUB [/camera/rgb/image_color/compressed] /camera_nodelet_manager http://pc:48426/
[rosmaster.master][INFO] 2012-12-14 17:28:05,074: +SERVICE [/camera/rgb/image_color/compressed/set_parameters] /camera_nodelet_manager http://pc:48426/
[rosmaster.master][INFO] 2012-12-14 17:28:05,077: +PUB [/camera/rgb/image_color/compressed/parameter_descriptions] /camera_nodelet_manager http://pc:48426/
[rosmaster.master][INFO] 2012-12-14 17:28:05,079: +PUB [/camera/rgb/image_color/compressed/parameter_updates] /camera_nodelet_manager http://pc:48426/
[rosmaster.master][INFO] 2012-12-14 17:28:05,088: +PARAM [/camera/rgb/image_color/compressed/format] by /camera_nodelet_manager
[rosmaster.master][INFO] 2012-12-14 17:28:05,090: +PARAM [/camera/rgb/image_color/compressed/jpeg_quality] by /camera_nodelet_manager
[rosmaster.master][INFO] 2012-12-14 17:28:05,093: +PARAM [/camera/rgb/image_color/compressed/png_level] by /camera_nodelet_manager
[rosmaster.master][INFO] 2012-12-14 17:28:05,096: +PUB [/camera/rgb/image_color] /camera_nodelet_manager http://pc:48426/
[rosmaster.master][INFO] 2012-12-14 17:28:05,099: +PUB [/camera/rgb/image_color/theora] /camera_nodelet_manager http://pc:48426/
[rosmaster.master][INFO] 2012-12-14 17:28:05,101: +SERVICE [/camera/rgb/image_color/theora/set_parameters] /camera_nodelet_manager http://pc:48426/
[rosmaster.master][INFO] 2012-12-14 17:28:05,104: +PUB [/camera/rgb/image_color/theora/parameter_descriptions] /camera_nodelet_manager http://pc:48426/
[rosmaster.master][INFO] 2012-12-14 17:28:05,106: +PUB [/camera/rgb/image_color/theora/parameter_updates] /camera_nodelet_manager http://pc:48426/
[rosmaster.master][INFO] 2012-12-14 17:28:05,116: +PARAM [/camera/rgb/image_color/theora/optimize_for] by /camera_nodelet_manager
[rosmaster.master][INFO] 2012-12-14 17:28:05,118: +PARAM [/camera/rgb/image_color/theora/target_bitrate] by /camera_nodelet_manager
[rosmaster.master][INFO] 2012-12-14 17:28:05,120: +PARAM [/camera/rgb/image_color/theora/quality] by /camera_nodelet_manager
[rosmaster.master][INFO] 2012-12-14 17:28:05,122: +PARAM [/camera/rgb/image_color/theora/keyframe_frequency] by /camera_nodelet_manager
[rosmaster.master][INFO] 2012-12-14 17:28:05,128: +SUB [/camera/rgb/image_raw] /camera_nodelet_manager http://pc:48426/
[rosmaster.master][INFO] 2012-12-14 17:28:05,172: publisherUpdate[/camera/rgb/image_color] -> http://pc:48426/
[rosmaster.master][INFO] 2012-12-14 17:28:05,671: +PUB [/camera/depth_registered/points] /camera_nodelet_manager http://pc:48426/
[rosmaster.master][INFO] 2012-12-14 17:28:05,953: +PUB [/camera/depth/image/compressed] /camera_nodelet_manager http://pc:48426/
[rosmaster.master][INFO] 2012-12-14 17:28:05,956: +SERVICE [/camera/depth/image/compressed/set_parameters] /camera_nodelet_manager http://pc:48426/
[rosmaster.master][INFO] 2012-12-14 17:28:05,958: +PUB [/camera/depth/image/compressed/parameter_descriptions] /camera_nodelet_manager http://pc:48426/
[rosmaster.master][INFO] 2012-12-14 17:28:05,960: +PUB [/camera/depth/image/compressed/parameter_updates] /camera_nodelet_manager http://pc:48426/
[rosmaster.master][INFO] 2012-12-14 17:28:05,969: +PARAM [/camera/depth/image/compressed/format] by /camera_nodelet_manager
[rosmaster.master][INFO] 2012-12-14 17:28:05,972: +PARAM [/camera/depth/image/compressed/jpeg_quality] by /camera_nodelet_manager
[rosmaster.master][INFO] 2012-12-14 17:28:05,974: +PARAM [/camera/depth/image/compressed/png_level] by /camera_nodelet_manager
[rosmaster.master][INFO] 2012-12-14 17:28:05,977: +PUB [/camera/depth/image] /camera_nodelet_manager http://pc:48426/
[rosmaster.master][INFO] 2012-12-14 17:28:05,980: +PUB [/camera/depth/image/theora] /camera_nodelet_manager http://pc:48426/
[rosmaster.master][INFO] 2012-12-14 17:28:05,982: +SERVICE [/camera/depth/image/theora/set_parameters] /camera_nodelet_manager http://pc:48426/
[rosmaster.master][INFO] 2012-12-14 17:28:05,985: +PUB [/camera/depth/image/theora/parameter_descriptions] /camera_nodelet_manager http://pc:48426/
[rosmaster.master][INFO] 2012-12-14 17:28:05,988: +PUB [/camera/depth/image/theora/parameter_updates] /camera_nodelet_manager http://pc:48426/
[rosmaster.master][INFO] 2012-12-14 17:28:05,998: +PARAM [/camera/depth/image/theora/optimize_for] by /camera_nodelet_manager
[rosmaster.master][INFO] 2012-12-14 17:28:06,001: +PARAM [/camera/depth/image/theora/target_bitrate] by /camera_nodelet_manager
[rosmaster.master][INFO] 2012-12-14 17:28:06,003: +PARAM [/camera/depth/image/theora/quality] by /camera_nodelet_manager
[rosmaster.master][INFO] 2012-12-14 17:28:06,005: +PARAM [/camera/depth/image/theora/keyframe_frequency] by /camera_nodelet_manager
[rosmaster.master][INFO] 2012-12-14 17:28:06,276: +PUB [/camera/depth_registered/image/compressed] /camera_nodelet_manager http://pc:48426/
[rosmaster.master][INFO] 2012-12-14 17:28:06,279: +SERVICE [/camera/depth_registered/image/compressed/set_parameters] /camera_nodelet_manager http://pc:48426/
[rosmaster.master][INFO] 2012-12-14 17:28:06,281: +PUB [/camera/depth_registered/image/compressed/parameter_descriptions] /camera_nodelet_manager http://pc:48426/
[rosmaster.master][INFO] 2012-12-14 17:28:06,283: +PUB [/camera/depth_registered/image/compressed/parameter_updates] /camera_nodelet_manager http://pc:48426/
[rosmaster.master][INFO] 2012-12-14 17:28:06,291: +PARAM [/camera/depth_registered/image/compressed/format] by /camera_nodelet_manager
[rosmaster.master][INFO] 2012-12-14 17:28:06,294: +PARAM [/camera/depth_registered/image/compressed/jpeg_quality] by /camera_nodelet_manager
[rosmaster.master][INFO] 2012-12-14 17:28:06,296: +PARAM [/camera/depth_registered/image/compressed/png_level] by /camera_nodelet_manager
[rosmaster.master][INFO] 2012-12-14 17:28:06,299: +PUB [/camera/depth_registered/image] /camera_nodelet_manager http://pc:48426/
[rosmaster.master][INFO] 2012-12-14 17:28:06,302: +PUB [/camera/depth_registered/image/theora] /camera_nodelet_manager http://pc:48426/
[rosmaster.master][INFO] 2012-12-14 17:28:06,305: +SERVICE [/camera/depth_registered/image/theora/set_parameters] /camera_nodelet_manager http://pc:48426/
[rosmaster.master][INFO] 2012-12-14 17:28:06,308: +PUB [/camera/depth_registered/image/theora/parameter_descriptions] /camera_nodelet_manager http://pc:48426/
[rosmaster.master][INFO] 2012-12-14 17:28:06,310: +PUB [/camera/depth_registered/image/theora/parameter_updates] /camera_nodelet_manager http://pc:48426/
[rosmaster.master][INFO] 2012-12-14 17:28:06,321: +PARAM [/camera/depth_registered/image/theora/optimize_for] by /camera_nodelet_manager
[rosmaster.master][INFO] 2012-12-14 17:28:06,324: +PARAM [/camera/depth_registered/image/theora/target_bitrate] by /camera_nodelet_manager
[rosmaster.master][INFO] 2012-12-14 17:28:06,326: +PARAM [/camera/depth_registered/image/theora/quality] by /camera_nodelet_manager
[rosmaster.master][INFO] 2012-12-14 17:28:06,329: +PARAM [/camera/depth_registered/image/theora/keyframe_frequency] by /camera_nodelet_manager
[rosmaster.master][INFO] 2012-12-14 17:28:06,609: +SERVICE [/camera/depth_registered/rectify_depth/set_parameters] /camera_nodelet_manager http://pc:48426/
[rosmaster.master][INFO] 2012-12-14 17:28:06,611: +PUB [/camera/depth_registered/rectify_depth/parameter_descriptions] /camera_nodelet_manager http://pc:48426/
[rosmaster.master][INFO] 2012-12-14 17:28:06,614: +PUB [/camera/depth_registered/rectify_depth/parameter_updates] /camera_nodelet_manager http://pc:48426/
[rosmaster.master][INFO] 2012-12-14 17:28:06,618: +PARAM [/camera/depth_registered/rectify_depth/interpolation] by /camera_nodelet_manager
[rosmaster.master][INFO] 2012-12-14 17:28:06,627: +PARAM [/camera/depth_registered/image_rect_raw/compressed/format] by /camera_nodelet_manager
[rosmaster.master][INFO] 2012-12-14 17:28:06,630: +PARAM [/camera/depth_registered/image_rect_raw/compressed/jpeg_quality] by /camera_nodelet_manager
[rosmaster.master][INFO] 2012-12-14 17:28:06,634: +PARAM [/camera/depth_registered/image_rect_raw/compressed/png_level] by /camera_nodelet_manager
[rosmaster.master][INFO] 2012-12-14 17:28:06,642: +PARAM [/camera/depth_registered/image_rect_raw/theora/optimize_for] by /camera_nodelet_manager
[rosmaster.master][INFO] 2012-12-14 17:28:06,643: +PARAM [/camera/depth_registered/image_rect_raw/theora/target_bitrate] by /camera_nodelet_manager
[rosmaster.master][INFO] 2012-12-14 17:28:06,644: +PARAM [/camera/depth_registered/image_rect_raw/theora/quality] by /camera_nodelet_manager
[rosmaster.master][INFO] 2012-12-14 17:28:06,646: +PARAM [/camera/depth_registered/image_rect_raw/theora/keyframe_frequency] by /camera_nodelet_manager
[rosmaster.master][INFO] 2012-12-14 17:28:06,651: +SUB [/camera/depth_registered/image_raw] /camera_nodelet_manager http://pc:48426/
[rosmaster.master][INFO] 2012-12-14 17:28:06,654: +SUB [/camera/depth_registered/camera_info] /camera_nodelet_manager http://pc:48426/
[rosmaster.master][INFO] 2012-12-14 17:28:07,972: +PARAM [/camera/driver/image_mode] by /camera_nodelet_manager
[rosmaster.master][INFO] 2012-12-14 17:28:07,974: +PARAM [/camera/driver/depth_mode] by /camera_nodelet_manager
[rosmaster.master][INFO] 2012-12-14 17:28:07,977: +PARAM [/camera/driver/depth_registration] by /camera_nodelet_manager
[rosmaster.master][INFO] 2012-12-14 17:28:07,979: +PARAM [/camera/driver/data_skip] by /camera_nodelet_manager
[rosmaster.master][INFO] 2012-12-14 17:28:07,982: +PARAM [/camera/driver/depth_time_offset] by /camera_nodelet_manager
[rosmaster.master][INFO] 2012-12-14 17:28:07,984: +PARAM [/camera/driver/image_time_offset] by /camera_nodelet_manager
[rosmaster.master][INFO] 2012-12-14 17:28:07,986: +PARAM [/camera/driver/depth_ir_offset_x] by /camera_nodelet_manager
[rosmaster.master][INFO] 2012-12-14 17:28:07,988: +PARAM [/camera/driver/depth_ir_offset_y] by /camera_nodelet_manager
[rosmaster.master][INFO] 2012-12-14 17:28:07,990: +PARAM [/camera/driver/z_offset_mm] by /camera_nodelet_manager
[rosmaster.master][INFO] 2012-12-14 17:28:07,997: -SUB [/camera/driver/parameter_updates] /set_dr http://pc:45225/
[rosmaster.master][INFO] 2012-12-14 17:28:07,997: -SUB [/camera/driver/parameter_descriptions] /set_dr http://pc:45225/
[rosmaster.master][INFO] 2012-12-14 17:28:07,998: -PUB [/rosout] /set_dr http://pc:45225/
[rosmaster.master][INFO] 2012-12-14 17:28:08,080: publisherUpdate[/rosout] -> http://pc:48506/
[rosmaster.master][INFO] 2012-12-14 17:28:09,366: -SUB [/camera/depth_registered/image_rect] /depth_detection http://pc:36936/
[rosmaster.master][INFO] 2012-12-14 17:28:09,366: -SUB [/camera/rgb/image_rect_color] /depth_detection http://pc:36936/
[rosmaster.master][INFO] 2012-12-14 17:28:09,366: -PUB [/rosout] /depth_detection http://pc:36936/
[rosmaster.master][INFO] 2012-12-14 17:28:09,376: -SUB [/camera/rgb/image_color] /camera_nodelet_manager http://pc:48426/
[rosmaster.master][INFO] 2012-12-14 17:28:09,378: -PUB [/camera/depth/disparity] /camera_nodelet_manager http://pc:48426/
[rosmaster.master][INFO] 2012-12-14 17:28:09,383: -SUB [/camera/rgb/image_raw] /camera_nodelet_manager http://pc:48426/
[rosmaster.master][INFO] 2012-12-14 17:28:09,385: -PUB [/camera/depth_registered/disparity] /camera_nodelet_manager http://pc:48426/
[rosmaster.master][INFO] 2012-12-14 17:28:09,387: publisherUpdate[/rosout] -> http://pc:48506/
[rosmaster.master][INFO] 2012-12-14 17:28:09,391: -PUB [/camera/depth_registered/points] /camera_nodelet_manager http://pc:48426/
[rosmaster.master][INFO] 2012-12-14 17:28:09,394: -SUB [/camera/depth_registered/image_rect_raw] /camera_nodelet_manager http://pc:48426/
[rosmaster.master][INFO] 2012-12-14 17:28:09,396: -SUB [/camera/depth_registered/image_raw] /camera_nodelet_manager http://pc:48426/
[rosmaster.master][INFO] 2012-12-14 17:28:09,398: -SUB [/camera/depth_registered/camera_info] /camera_nodelet_manager http://pc:48426/
[rosmaster.master][INFO] 2012-12-14 17:28:09,402: -SUB [/camera/depth/image_rect_raw] /camera_nodelet_manager http://pc:48426/
[rosmaster.master][INFO] 2012-12-14 17:28:09,404: -SUB [/camera/rgb/camera_info] /camera_nodelet_manager http://pc:48426/
[rosmaster.master][INFO] 2012-12-14 17:28:09,407: -SUB [/camera/depth/image_raw] /camera_nodelet_manager http://pc:48426/
[rosmaster.master][INFO] 2012-12-14 17:28:09,409: -SUB [/camera/depth/camera_info] /camera_nodelet_manager http://pc:48426/
[rosmaster.master][INFO] 2012-12-14 17:28:09,467: -PUB [/rosout] /camera/disparity_depth http://pc:47180/
[rosmaster.master][INFO] 2012-12-14 17:28:09,470: -PUB [/rosout] /camera/depth_registered/metric http://pc:60245/
[rosmaster.master][INFO] 2012-12-14 17:28:09,473: -PUB [/rosout] /camera/disparity_depth_registered http://pc:56278/
[rosmaster.master][INFO] 2012-12-14 17:28:09,476: -SERVICE [/camera/depth_registered/metric/get_loggers] /camera/depth_registered/metric rosrpc://pc:54167
[rosmaster.master][INFO] 2012-12-14 17:28:09,479: -SERVICE [/camera/disparity_depth/get_loggers] /camera/disparity_depth rosrpc://pc:48866
[rosmaster.master][INFO] 2012-12-14 17:28:09,480: -PUB [/rosout] /camera/depth_registered/metric_rect http://pc:58101/
[rosmaster.master][INFO] 2012-12-14 17:28:09,482: -PUB [/rosout] /camera_base_link3 http://pc:39676/
[rosmaster.master][INFO] 2012-12-14 17:28:09,485: -SERVICE [/camera/disparity_depth_registered/get_loggers] /camera/disparity_depth_registered rosrpc://pc:57689
[rosmaster.master][INFO] 2012-12-14 17:28:09,487: -SERVICE [/camera/depth_registered/metric/set_logger_level] /camera/depth_registered/metric rosrpc://pc:54167
[rosmaster.master][INFO] 2012-12-14 17:28:09,490: -SERVICE [/camera/disparity_depth/set_logger_level] /camera/disparity_depth rosrpc://pc:48866
[rosmaster.master][INFO] 2012-12-14 17:28:09,490: publisherUpdate[/rosout] -> http://pc:48506/
[rosmaster.master][INFO] 2012-12-14 17:28:09,493: -SERVICE [/camera/depth_registered/metric_rect/get_loggers] /camera/depth_registered/metric_rect rosrpc://pc:32847
[rosmaster.master][INFO] 2012-12-14 17:28:09,495: publisherUpdate[/rosout] -> http://pc:48506/
[rosmaster.master][INFO] 2012-12-14 17:28:09,496: -PUB [/tf] /camera_base_link3 http://pc:39676/
[rosmaster.master][INFO] 2012-12-14 17:28:09,501: -SERVICE [/camera/disparity_depth_registered/set_logger_level] /camera/disparity_depth_registered rosrpc://pc:57689
[rosmaster.master][INFO] 2012-12-14 17:28:09,502: publisherUpdate[/rosout] -> http://pc:48506/
[rosmaster.master][INFO] 2012-12-14 17:28:09,504: -SERVICE [/camera/depth_registered/metric_rect/set_logger_level] /camera/depth_registered/metric_rect rosrpc://pc:32847
[rosmaster.master][INFO] 2012-12-14 17:28:09,508: -SERVICE [/camera_base_link3/get_loggers] /camera_base_link3 rosrpc://pc:49131
[rosmaster.master][INFO] 2012-12-14 17:28:09,509: publisherUpdate[/rosout] -> http://pc:48506/
[rosmaster.master][INFO] 2012-12-14 17:28:09,512: -SERVICE [/camera_base_link3/set_logger_level] /camera_base_link3 rosrpc://pc:49131
[rosmaster.master][INFO] 2012-12-14 17:28:09,513: publisherUpdate[/rosout] -> http://pc:48506/
[rosmaster.master][INFO] 2012-12-14 17:28:09,516: publisherUpdate[/tf] -> http://pc:48426/
[rosmaster.master][INFO] 2012-12-14 17:28:09,576: -PUB [/rosout] /camera/points_xyzrgb_depth_rgb http://pc:40465/
[rosmaster.master][INFO] 2012-12-14 17:28:09,579: -PUB [/rosout] /camera_base_link http://pc:53764/
[rosmaster.master][INFO] 2012-12-14 17:28:09,581: -SERVICE [/camera/points_xyzrgb_depth_rgb/get_loggers] /camera/points_xyzrgb_depth_rgb rosrpc://pc:47793
[rosmaster.master][INFO] 2012-12-14 17:28:09,584: -SERVICE [/camera/points_xyzrgb_depth_rgb/set_logger_level] /camera/points_xyzrgb_depth_rgb rosrpc://pc:47793
[rosmaster.master][INFO] 2012-12-14 17:28:09,586: -PUB [/tf] /camera_base_link http://pc:53764/
[rosmaster.master][INFO] 2012-12-14 17:28:09,590: -SERVICE [/camera_base_link/get_loggers] /camera_base_link rosrpc://pc:50591
[rosmaster.master][INFO] 2012-12-14 17:28:09,592: -PUB [/rosout] /camera_base_link1 http://pc:44301/
[rosmaster.master][INFO] 2012-12-14 17:28:09,594: publisherUpdate[/rosout] -> http://pc:48506/
[rosmaster.master][INFO] 2012-12-14 17:28:09,595: publisherUpdate[/tf] -> http://pc:48426/
[rosmaster.master][INFO] 2012-12-14 17:28:09,596: -PUB [/rosout] /camera_base_link2 http://pc:55628/
[rosmaster.master][INFO] 2012-12-14 17:28:09,600: publisherUpdate[/rosout] -> http://pc:48506/
[rosmaster.master][INFO] 2012-12-14 17:28:09,602: -SERVICE [/camera_base_link/set_logger_level] /camera_base_link rosrpc://pc:50591
[rosmaster.master][INFO] 2012-12-14 17:28:09,605: publisherUpdate[/rosout] -> http://pc:48506/
[rosmaster.master][INFO] 2012-12-14 17:28:09,606: -PUB [/tf] /camera_base_link1 http://pc:44301/
[rosmaster.master][INFO] 2012-12-14 17:28:09,609: -PUB [/tf] /camera_base_link2 http://pc:55628/
[rosmaster.master][INFO] 2012-12-14 17:28:09,610: publisherUpdate[/rosout] -> http://pc:48506/
[rosmaster.master][INFO] 2012-12-14 17:28:09,614: -SERVICE [/camera_base_link1/get_loggers] /camera_base_link1 rosrpc://pc:52912
[rosmaster.master][INFO] 2012-12-14 17:28:09,616: publisherUpdate[/tf] -> http://pc:48426/
[rosmaster.master][INFO] 2012-12-14 17:28:09,617: -SERVICE [/camera_base_link2/get_loggers] /camera_base_link2 rosrpc://pc:41299
[rosmaster.master][INFO] 2012-12-14 17:28:09,619: -SERVICE [/camera_base_link1/set_logger_level] /camera_base_link1 rosrpc://pc:52912
[rosmaster.master][INFO] 2012-12-14 17:28:09,620: publisherUpdate[/tf] -> http://pc:48426/
[rosmaster.master][INFO] 2012-12-14 17:28:09,624: -SERVICE [/camera_base_link2/set_logger_level] /camera_base_link2 rosrpc://pc:41299
[rosmaster.master][INFO] 2012-12-14 17:28:09,695: -PUB [/camera/depth_registered/rectify_depth/parameter_descriptions] /camera_nodelet_manager http://pc:48426/
[rosmaster.master][INFO] 2012-12-14 17:28:09,700: -PUB [/camera/depth_registered/rectify_depth/parameter_updates] /camera_nodelet_manager http://pc:48426/
[rosmaster.master][INFO] 2012-12-14 17:28:09,703: -SERVICE [/camera/depth_registered/rectify_depth/set_parameters] /camera_nodelet_manager rosrpc://pc:51910
[rosmaster.master][INFO] 2012-12-14 17:28:09,707: -PUB [/camera/depth/points] /camera_nodelet_manager http://pc:48426/
[rosmaster.master][INFO] 2012-12-14 17:28:09,710: -SERVICE [/camera/depth_registered/image_rect_raw/compressed/set_parameters] /camera_nodelet_manager rosrpc://pc:51910
[rosmaster.master][INFO] 2012-12-14 17:28:09,714: -SERVICE [/camera/depth_registered/image_rect_raw/theora/set_parameters] /camera_nodelet_manager rosrpc://pc:51910
[rosmaster.master][INFO] 2012-12-14 17:28:09,726: -SUB [/tf] /camera_nodelet_manager http://pc:48426/
[rosmaster.master][INFO] 2012-12-14 17:28:09,729: -SERVICE [/camera_nodelet_manager/tf_frames] /camera_nodelet_manager rosrpc://pc:51910
[rosmaster.master][INFO] 2012-12-14 17:28:09,765: -PUB [/rosout] /camera/depth/points http://pc:52620/
[rosmaster.master][INFO] 2012-12-14 17:28:09,769: -PUB [/rosout] /camera/depth_registered/rectify_depth http://pc:42871/
[rosmaster.master][INFO] 2012-12-14 17:28:09,779: -PUB [/rosout] /camera/register_depth_rgb http://pc:35258/
[rosmaster.master][INFO] 2012-12-14 17:28:09,782: -SERVICE [/camera/depth/points/get_loggers] /camera/depth/points rosrpc://pc:38258
[rosmaster.master][INFO] 2012-12-14 17:28:09,789: -SERVICE [/camera/depth_registered/rectify_depth/get_loggers] /camera/depth_registered/rectify_depth rosrpc://pc:42139
[rosmaster.master][INFO] 2012-12-14 17:28:09,800: publisherUpdate[/rosout] -> http://pc:48506/
[rosmaster.master][INFO] 2012-12-14 17:28:09,804: -SERVICE [/camera/register_depth_rgb/get_loggers] /camera/register_depth_rgb rosrpc://pc:48529
[rosmaster.master][INFO] 2012-12-14 17:28:09,805: publisherUpdate[/rosout] -> http://pc:48506/
[rosmaster.master][INFO] 2012-12-14 17:28:09,807: -SERVICE [/camera/depth_registered/rectify_depth/set_logger_level] /camera/depth_registered/rectify_depth rosrpc://pc:42139
[rosmaster.master][INFO] 2012-12-14 17:28:09,810: publisherUpdate[/rosout] -> http://pc:48506/
[rosmaster.master][INFO] 2012-12-14 17:28:09,817: -PUB [/camera/depth/rectify_depth/parameter_descriptions] /camera_nodelet_manager http://pc:48426/
[rosmaster.master][INFO] 2012-12-14 17:28:09,819: -SERVICE [/camera/register_depth_rgb/set_logger_level] /camera/register_depth_rgb rosrpc://pc:48529
[rosmaster.master][INFO] 2012-12-14 17:28:09,820: -PUB [/camera/depth/rectify_depth/parameter_updates] /camera_nodelet_manager http://pc:48426/
[rosmaster.master][INFO] 2012-12-14 17:28:09,822: -SERVICE [/camera/depth/rectify_depth/set_parameters] /camera_nodelet_manager rosrpc://pc:51910
[rosmaster.master][INFO] 2012-12-14 17:28:09,824: -PUB [/camera/ir/rectify_ir/parameter_descriptions] /camera_nodelet_manager http://pc:48426/
[rosmaster.master][INFO] 2012-12-14 17:28:09,825: -PUB [/camera/ir/rectify_ir/parameter_updates] /camera_nodelet_manager http://pc:48426/
[rosmaster.master][INFO] 2012-12-14 17:28:09,826: -SERVICE [/camera/ir/rectify_ir/set_parameters] /camera_nodelet_manager rosrpc://pc:51910
[rosmaster.master][INFO] 2012-12-14 17:28:09,828: -PUB [/camera/rgb/rectify_mono/parameter_descriptions] /camera_nodelet_manager http://pc:48426/
[rosmaster.master][INFO] 2012-12-14 17:28:09,830: -PUB [/camera/rgb/rectify_mono/parameter_updates] /camera_nodelet_manager http://pc:48426/
[rosmaster.master][INFO] 2012-12-14 17:28:09,832: -SERVICE [/camera/rgb/rectify_mono/set_parameters] /camera_nodelet_manager rosrpc://pc:51910
[rosmaster.master][INFO] 2012-12-14 17:28:09,834: -PUB [/camera/rgb/rectify_color/parameter_descriptions] /camera_nodelet_manager http://pc:48426/
[rosmaster.master][INFO] 2012-12-14 17:28:09,837: -PUB [/camera/rgb/rectify_color/parameter_updates] /camera_nodelet_manager http://pc:48426/
[rosmaster.master][INFO] 2012-12-14 17:28:09,839: -SERVICE [/camera/rgb/rectify_color/set_parameters] /camera_nodelet_manager rosrpc://pc:51910
[rosmaster.master][INFO] 2012-12-14 17:28:09,863: -PUB [/rosout] /camera/depth/metric_rect http://pc:58870/
[rosmaster.master][INFO] 2012-12-14 17:28:09,866: -PUB [/rosout] /camera/depth/rectify_depth http://pc:46002/
[rosmaster.master][INFO] 2012-12-14 17:28:09,868: -PUB [/rosout] /camera/depth/metric http://pc:43288/
[rosmaster.master][INFO] 2012-12-14 17:28:09,871: -PUB [/rosout] /camera/ir/rectify_ir http://pc:42085/
[rosmaster.master][INFO] 2012-12-14 17:28:09,873: -SERVICE [/camera/depth/metric_rect/get_loggers] /camera/depth/metric_rect rosrpc://pc:58534
[rosmaster.master][INFO] 2012-12-14 17:28:09,876: -SERVICE [/camera/depth/rectify_depth/get_loggers] /camera/depth/rectify_depth rosrpc://pc:41319
[rosmaster.master][INFO] 2012-12-14 17:28:09,878: -SERVICE [/camera/depth/metric/get_loggers] /camera/depth/metric rosrpc://pc:55840
[rosmaster.master][INFO] 2012-12-14 17:28:09,880: -SERVICE [/camera/ir/rectify_ir/get_loggers] /camera/ir/rectify_ir rosrpc://pc:60239
[rosmaster.master][INFO] 2012-12-14 17:28:09,882: -SERVICE [/camera/depth/metric_rect/set_logger_level] /camera/depth/metric_rect rosrpc://pc:58534
[rosmaster.master][INFO] 2012-12-14 17:28:09,885: -SERVICE [/camera/depth/rectify_depth/set_logger_level] /camera/depth/rectify_depth rosrpc://pc:41319
[rosmaster.master][INFO] 2012-12-14 17:28:09,887: -SERVICE [/camera/depth/metric/set_logger_level] /camera/depth/metric rosrpc://pc:55840
[rosmaster.master][INFO] 2012-12-14 17:28:09,889: -SERVICE [/camera/ir/rectify_ir/set_logger_level] /camera/ir/rectify_ir rosrpc://pc:60239
[rosmaster.master][INFO] 2012-12-14 17:28:09,914: publisherUpdate[/rosout] -> http://pc:48506/
[rosmaster.master][INFO] 2012-12-14 17:28:09,916: publisherUpdate[/rosout] -> http://pc:48506/
[rosmaster.master][INFO] 2012-12-14 17:28:09,918: publisherUpdate[/rosout] -> http://pc:48506/
[rosmaster.master][INFO] 2012-12-14 17:28:09,920: publisherUpdate[/rosout] -> http://pc:48506/
[rosmaster.master][INFO] 2012-12-14 17:28:09,965: -PUB [/rosout] /camera/rgb/rectify_color http://pc:50280/
[rosmaster.master][INFO] 2012-12-14 17:28:09,968: -PUB [/rosout] /camera/rgb/rectify_mono http://pc:60970/
[rosmaster.master][INFO] 2012-12-14 17:28:09,970: -SERVICE [/camera/rgb/rectify_color/get_loggers] /camera/rgb/rectify_color rosrpc://pc:47291
[rosmaster.master][INFO] 2012-12-14 17:28:09,974: -SERVICE [/camera/rgb/rectify_mono/get_loggers] /camera/rgb/rectify_mono rosrpc://pc:48592
[rosmaster.master][INFO] 2012-12-14 17:28:09,977: -SERVICE [/camera/rgb/rectify_mono/set_logger_level] /camera/rgb/rectify_mono rosrpc://pc:48592
[rosmaster.master][INFO] 2012-12-14 17:28:09,980: -SERVICE [/camera/rgb/rectify_color/set_logger_level] /camera/rgb/rectify_color rosrpc://pc:47291
[rosmaster.master][INFO] 2012-12-14 17:28:10,019: publisherUpdate[/rosout] -> http://pc:48506/
[rosmaster.master][INFO] 2012-12-14 17:28:10,021: publisherUpdate[/rosout] -> http://pc:48506/
[rosmaster.master][INFO] 2012-12-14 17:28:10,024: -PUB [/rosout] /camera_nodelet_manager http://pc:48426/
[rosmaster.master][INFO] 2012-12-14 17:28:10,024: publisherUpdate[/rosout] -> http://pc:48506/
[rosmaster.master][INFO] 2012-12-14 17:28:10,026: -PUB [/camera/rgb/image_rect_color/compressed] /camera_nodelet_manager http://pc:48426/
[rosmaster.master][INFO] 2012-12-14 17:28:10,027: -PUB [/camera/rgb/image_rect_color/compressed/parameter_descriptions] /camera_nodelet_manager http://pc:48426/
[rosmaster.master][INFO] 2012-12-14 17:28:10,029: -PUB [/camera/rgb/image_rect_color/compressed/parameter_updates] /camera_nodelet_manager http://pc:48426/
[rosmaster.master][INFO] 2012-12-14 17:28:10,030: -PUB [/camera/rgb/image_rect_color] /camera_nodelet_manager http://pc:48426/
[rosmaster.master][INFO] 2012-12-14 17:28:10,031: -PUB [/camera/rgb/image_rect_color/theora] /camera_nodelet_manager http://pc:48426/
[rosmaster.master][INFO] 2012-12-14 17:28:10,032: -PUB [/camera/rgb/image_rect_color/theora/parameter_descriptions] /camera_nodelet_manager http://pc:48426/
[rosmaster.master][INFO] 2012-12-14 17:28:10,033: -PUB [/camera/rgb/image_rect_color/theora/parameter_updates] /camera_nodelet_manager http://pc:48426/
[rosmaster.master][INFO] 2012-12-14 17:28:10,034: -PUB [/camera/depth_registered/image_rect_raw/compressed] /camera_nodelet_manager http://pc:48426/
[rosmaster.master][INFO] 2012-12-14 17:28:10,036: -PUB [/camera/depth_registered/image_rect_raw/compressed/parameter_descriptions] /camera_nodelet_manager http://pc:48426/
[rosmaster.master][INFO] 2012-12-14 17:28:10,037: -PUB [/camera/depth_registered/image_rect_raw/compressed/parameter_updates] /camera_nodelet_manager http://pc:48426/
[rosmaster.master][INFO] 2012-12-14 17:28:10,038: -PUB [/camera/depth_registered/image_rect_raw] /camera_nodelet_manager http://pc:48426/
[rosmaster.master][INFO] 2012-12-14 17:28:10,039: -PUB [/camera/depth_registered/image_rect_raw/theora] /camera_nodelet_manager http://pc:48426/
[rosmaster.master][INFO] 2012-12-14 17:28:10,041: -PUB [/camera/depth_registered/image_rect_raw/theora/parameter_descriptions] /camera_nodelet_manager http://pc:48426/
[rosmaster.master][INFO] 2012-12-14 17:28:10,042: -PUB [/camera/depth_registered/image_rect_raw/theora/parameter_updates] /camera_nodelet_manager http://pc:48426/
[rosmaster.master][INFO] 2012-12-14 17:28:10,043: -PUB [/camera/depth_registered/camera_info] /camera_nodelet_manager http://pc:48426/
[rosmaster.master][INFO] 2012-12-14 17:28:10,044: -PUB [/camera/depth/image_rect_raw/compressed] /camera_nodelet_manager http://pc:48426/
[rosmaster.master][INFO] 2012-12-14 17:28:10,045: -PUB [/camera/depth/image_rect_raw/compressed/parameter_descriptions] /camera_nodelet_manager http://pc:48426/
[rosmaster.master][INFO] 2012-12-14 17:28:10,046: -PUB [/camera/depth/image_rect_raw/compressed/parameter_updates] /camera_nodelet_manager http://pc:48426/
[rosmaster.master][INFO] 2012-12-14 17:28:10,047: -PUB [/camera/depth/image_rect_raw] /camera_nodelet_manager http://pc:48426/
[rosmaster.master][INFO] 2012-12-14 17:28:10,049: -PUB [/camera/depth/image_rect_raw/theora] /camera_nodelet_manager http://pc:48426/
[rosmaster.master][INFO] 2012-12-14 17:28:10,050: -PUB [/camera/depth/image_rect_raw/theora/parameter_descriptions] /camera_nodelet_manager http://pc:48426/
[rosmaster.master][INFO] 2012-12-14 17:28:10,051: -SERVICE [/camera/depth/points/set_logger_level] /camera/depth/points rosrpc://pc:38258
[rosmaster.master][INFO] 2012-12-14 17:28:10,052: -PUB [/camera/depth/image_rect_raw/theora/parameter_updates] /camera_nodelet_manager http://pc:48426/
[rosmaster.master][INFO] 2012-12-14 17:28:10,053: -PUB [/camera/depth/image_rect/compressed] /camera_nodelet_manager http://pc:48426/
[rosmaster.master][INFO] 2012-12-14 17:28:10,054: -PUB [/camera/depth/image_rect/compressed/parameter_descriptions] /camera_nodelet_manager http://pc:48426/
[rosmaster.master][INFO] 2012-12-14 17:28:10,055: -PUB [/camera/depth/image_rect/compressed/parameter_updates] /camera_nodelet_manager http://pc:48426/
[rosmaster.master][INFO] 2012-12-14 17:28:10,058: -PUB [/camera/depth/image_rect] /camera_nodelet_manager http://pc:48426/
[rosmaster.master][INFO] 2012-12-14 17:28:10,065: -PUB [/camera/depth/image_rect/theora] /camera_nodelet_manager http://pc:48426/
[rosmaster.master][INFO] 2012-12-14 17:28:10,069: -PUB [/camera/depth/image_rect/theora/parameter_descriptions] /camera_nodelet_manager http://pc:48426/
[rosmaster.master][INFO] 2012-12-14 17:28:10,070: -PUB [/camera/depth/image_rect/theora/parameter_updates] /camera_nodelet_manager http://pc:48426/
[rosmaster.master][INFO] 2012-12-14 17:28:10,072: -PUB [/camera/rgb/image_rect/compressed] /camera_nodelet_manager http://pc:48426/
[rosmaster.master][INFO] 2012-12-14 17:28:10,075: -PUB [/camera/rgb/image_rect/compressed/parameter_descriptions] /camera_nodelet_manager http://pc:48426/
[rosmaster.master][INFO] 2012-12-14 17:28:10,076: -PUB [/camera/rgb/image_rect/compressed/parameter_updates] /camera_nodelet_manager http://pc:48426/
[rosmaster.master][INFO] 2012-12-14 17:28:10,077: -PUB [/camera/rgb/image_rect] /camera_nodelet_manager http://pc:48426/
[rosmaster.master][INFO] 2012-12-14 17:28:10,079: -PUB [/camera/rgb/image_rect/theora] /camera_nodelet_manager http://pc:48426/
[rosmaster.master][INFO] 2012-12-14 17:28:10,080: -PUB [/camera/rgb/image_rect/theora/parameter_descriptions] /camera_nodelet_manager http://pc:48426/
[rosmaster.master][INFO] 2012-12-14 17:28:10,081: -PUB [/camera/rgb/image_rect/theora/parameter_updates] /camera_nodelet_manager http://pc:48426/
[rosmaster.master][INFO] 2012-12-14 17:28:10,084: -PUB [/camera/ir/image_rect/compressed] /camera_nodelet_manager http://pc:48426/
[rosmaster.master][INFO] 2012-12-14 17:28:10,085: -PUB [/camera/ir/image_rect/compressed/parameter_descriptions] /camera_nodelet_manager http://pc:48426/
[rosmaster.master][INFO] 2012-12-14 17:28:10,086: -PUB [/camera/ir/image_rect/compressed/parameter_updates] /camera_nodelet_manager http://pc:48426/
[rosmaster.master][INFO] 2012-12-14 17:28:10,088: -PUB [/camera/ir/image_rect] /camera_nodelet_manager http://pc:48426/
[rosmaster.master][INFO] 2012-12-14 17:28:10,089: -PUB [/camera/ir/image_rect/theora] /camera_nodelet_manager http://pc:48426/
[rosmaster.master][INFO] 2012-12-14 17:28:10,091: -PUB [/camera/ir/image_rect/theora/parameter_descriptions] /camera_nodelet_manager http://pc:48426/
[rosmaster.master][INFO] 2012-12-14 17:28:10,092: -PUB [/camera/ir/image_rect/theora/parameter_updates] /camera_nodelet_manager http://pc:48426/
[rosmaster.master][INFO] 2012-12-14 17:28:10,093: -PUB [/camera/driver/parameter_descriptions] /camera_nodelet_manager http://pc:48426/
[rosmaster.master][INFO] 2012-12-14 17:28:10,095: -PUB [/camera/driver/parameter_updates] /camera_nodelet_manager http://pc:48426/
[rosmaster.master][INFO] 2012-12-14 17:28:10,096: -PUB [/camera/rgb/image_raw/compressed] /camera_nodelet_manager http://pc:48426/
[rosmaster.master][INFO] 2012-12-14 17:28:10,097: -PUB [/camera/rgb/image_raw/compressed/parameter_descriptions] /camera_nodelet_manager http://pc:48426/
[rosmaster.master][INFO] 2012-12-14 17:28:10,099: -PUB [/camera/rgb/image_raw/compressed/parameter_updates] /camera_nodelet_manager http://pc:48426/
[rosmaster.master][INFO] 2012-12-14 17:28:10,100: -PUB [/camera/depth_registered/image_rect/compressed] /camera_nodelet_manager http://pc:48426/
[rosmaster.master][INFO] 2012-12-14 17:28:10,101: -PUB [/camera/rgb/image_raw] /camera_nodelet_manager http://pc:48426/
[rosmaster.master][INFO] 2012-12-14 17:28:10,102: -PUB [/camera/depth_registered/image_rect/compressed/parameter_descriptions] /camera_nodelet_manager http://pc:48426/
[rosmaster.master][INFO] 2012-12-14 17:28:10,103: -PUB [/camera/rgb/image_raw/theora] /camera_nodelet_manager http://pc:48426/
[rosmaster.master][INFO] 2012-12-14 17:28:10,104: -PUB [/camera/depth_registered/image_rect/compressed/parameter_updates] /camera_nodelet_manager http://pc:48426/
[rosmaster.master][INFO] 2012-12-14 17:28:10,105: -PUB [/camera/rgb/image_raw/theora/parameter_descriptions] /camera_nodelet_manager http://pc:48426/
[rosmaster.master][INFO] 2012-12-14 17:28:10,107: -PUB [/camera/rgb/image_raw/theora/parameter_updates] /camera_nodelet_manager http://pc:48426/
[rosmaster.master][INFO] 2012-12-14 17:28:10,108: -PUB [/camera/depth_registered/image_rect] /camera_nodelet_manager http://pc:48426/
[rosmaster.master][INFO] 2012-12-14 17:28:10,109: -PUB [/camera/depth_registered/image_rect/theora] /camera_nodelet_manager http://pc:48426/
[rosmaster.master][INFO] 2012-12-14 17:28:10,110: -PUB [/camera/depth_registered/image_rect/theora/parameter_descriptions] /camera_nodelet_manager http://pc:48426/
[rosmaster.master][INFO] 2012-12-14 17:28:10,111: -PUB [/camera/depth_registered/image_rect/theora/parameter_updates] /camera_nodelet_manager http://pc:48426/
[rosmaster.master][INFO] 2012-12-14 17:28:10,112: -PUB [/camera/rgb/camera_info] /camera_nodelet_manager http://pc:48426/
[rosmaster.master][INFO] 2012-12-14 17:28:10,113: -PUB [/camera/ir/image_raw/compressed] /camera_nodelet_manager http://pc:48426/
[rosmaster.master][INFO] 2012-12-14 17:28:10,114: -PUB [/camera/ir/image_raw/compressed/parameter_descriptions] /camera_nodelet_manager http://pc:48426/
[rosmaster.master][INFO] 2012-12-14 17:28:10,116: -PUB [/camera/ir/image_raw/compressed/parameter_updates] /camera_nodelet_manager http://pc:48426/
[rosmaster.master][INFO] 2012-12-14 17:28:10,117: -PUB [/camera/ir/image_raw] /camera_nodelet_manager http://pc:48426/
[rosmaster.master][INFO] 2012-12-14 17:28:10,118: -PUB [/camera/ir/image_raw/theora] /camera_nodelet_manager http://pc:48426/
[rosmaster.master][INFO] 2012-12-14 17:28:10,121: -PUB [/camera/ir/image_raw/theora/parameter_descriptions] /camera_nodelet_manager http://pc:48426/
[rosmaster.master][INFO] 2012-12-14 17:28:10,123: -PUB [/camera/ir/image_raw/theora/parameter_updates] /camera_nodelet_manager http://pc:48426/
[rosmaster.master][INFO] 2012-12-14 17:28:10,124: -PUB [/camera/ir/camera_info] /camera_nodelet_manager http://pc:48426/
[rosmaster.master][INFO] 2012-12-14 17:28:10,125: -PUB [/camera/depth/image_raw/compressed] /camera_nodelet_manager http://pc:48426/
[rosmaster.master][INFO] 2012-12-14 17:28:10,127: -PUB [/camera/depth/image_raw/compressed/parameter_descriptions] /camera_nodelet_manager http://pc:48426/
[rosmaster.master][INFO] 2012-12-14 17:28:10,128: -PUB [/camera/depth/image_raw/compressed/parameter_updates] /camera_nodelet_manager http://pc:48426/
[rosmaster.master][INFO] 2012-12-14 17:28:10,129: -PUB [/camera/depth/image_raw] /camera_nodelet_manager http://pc:48426/
[rosmaster.master][INFO] 2012-12-14 17:28:10,130: -PUB [/camera/depth/image_raw/theora] /camera_nodelet_manager http://pc:48426/
[rosmaster.master][INFO] 2012-12-14 17:28:10,131: -PUB [/camera/depth/image_raw/theora/parameter_descriptions] /camera_nodelet_manager http://pc:48426/
[rosmaster.master][INFO] 2012-12-14 17:28:10,132: -PUB [/camera/depth/image_raw/theora/parameter_updates] /camera_nodelet_manager http://pc:48426/
[rosmaster.master][INFO] 2012-12-14 17:28:10,134: -PUB [/camera/depth/camera_info] /camera_nodelet_manager http://pc:48426/
[rosmaster.master][INFO] 2012-12-14 17:28:10,135: -PUB [/camera/projector/camera_info] /camera_nodelet_manager http://pc:48426/
[rosmaster.master][INFO] 2012-12-14 17:28:10,136: -PUB [/camera/depth_registered/image_raw/compressed] /camera_nodelet_manager http://pc:48426/
[rosmaster.master][INFO] 2012-12-14 17:28:10,137: -PUB [/camera/depth_registered/image_raw/compressed/parameter_descriptions] /camera_nodelet_manager http://pc:48426/
[rosmaster.master][INFO] 2012-12-14 17:28:10,138: -PUB [/camera/depth_registered/image_raw/compressed/parameter_updates] /camera_nodelet_manager http://pc:48426/
[rosmaster.master][INFO] 2012-12-14 17:28:10,141: -PUB [/camera/depth_registered/image_raw] /camera_nodelet_manager http://pc:48426/
[rosmaster.master][INFO] 2012-12-14 17:28:10,142: -PUB [/camera/depth_registered/image_raw/theora] /camera_nodelet_manager http://pc:48426/
[rosmaster.master][INFO] 2012-12-14 17:28:10,143: -PUB [/camera/depth_registered/image_raw/theora/parameter_descriptions] /camera_nodelet_manager http://pc:48426/
[rosmaster.master][INFO] 2012-12-14 17:28:10,145: -PUB [/camera/depth_registered/image_raw/theora/parameter_updates] /camera_nodelet_manager http://pc:48426/
[rosmaster.master][INFO] 2012-12-14 17:28:10,146: -PUB [/camera/rgb/debayer/parameter_descriptions] /camera_nodelet_manager http://pc:48426/
[rosmaster.master][INFO] 2012-12-14 17:28:10,147: -PUB [/camera/rgb/debayer/parameter_updates] /camera_nodelet_manager http://pc:48426/
[rosmaster.master][INFO] 2012-12-14 17:28:10,148: -PUB [/camera/rgb/image_mono/compressed] /camera_nodelet_manager http://pc:48426/
[rosmaster.master][INFO] 2012-12-14 17:28:10,149: -PUB [/camera/rgb/image_mono/compressed/parameter_descriptions] /camera_nodelet_manager http://pc:48426/
[rosmaster.master][INFO] 2012-12-14 17:28:10,150: -PUB [/camera/rgb/image_mono/compressed/parameter_updates] /camera_nodelet_manager http://pc:48426/
[rosmaster.master][INFO] 2012-12-14 17:28:10,152: -PUB [/camera/rgb/image_mono] /camera_nodelet_manager http://pc:48426/
[rosmaster.master][INFO] 2012-12-14 17:28:10,153: -PUB [/camera/rgb/image_mono/theora] /camera_nodelet_manager http://pc:48426/
[rosmaster.master][INFO] 2012-12-14 17:28:10,155: -PUB [/camera/rgb/image_mono/theora/parameter_descriptions] /camera_nodelet_manager http://pc:48426/
[rosmaster.master][INFO] 2012-12-14 17:28:10,156: -PUB [/camera/rgb/image_mono/theora/parameter_updates] /camera_nodelet_manager http://pc:48426/
[rosmaster.master][INFO] 2012-12-14 17:28:10,157: -PUB [/camera/rgb/image_color/compressed] /camera_nodelet_manager http://pc:48426/
[rosmaster.master][INFO] 2012-12-14 17:28:10,159: -PUB [/camera/rgb/image_color/compressed/parameter_descriptions] /camera_nodelet_manager http://pc:48426/
[rosmaster.master][INFO] 2012-12-14 17:28:10,160: -PUB [/camera/rgb/image_color/compressed/parameter_updates] /camera_nodelet_manager http://pc:48426/
[rosmaster.master][INFO] 2012-12-14 17:28:10,161: -PUB [/camera/rgb/image_color] /camera_nodelet_manager http://pc:48426/
[rosmaster.master][INFO] 2012-12-14 17:28:10,162: -PUB [/camera/rgb/image_color/theora] /camera_nodelet_manager http://pc:48426/
[rosmaster.master][INFO] 2012-12-14 17:28:10,164: -PUB [/camera/rgb/image_color/theora/parameter_descriptions] /camera_nodelet_manager http://pc:48426/
[rosmaster.master][INFO] 2012-12-14 17:28:10,165: -PUB [/camera/rgb/image_color/theora/parameter_updates] /camera_nodelet_manager http://pc:48426/
[rosmaster.master][INFO] 2012-12-14 17:28:10,166: -PUB [/camera/depth/image/compressed] /camera_nodelet_manager http://pc:48426/
[rosmaster.master][INFO] 2012-12-14 17:28:10,167: -PUB [/camera/depth/image/compressed/parameter_descriptions] /camera_nodelet_manager http://pc:48426/
[rosmaster.master][INFO] 2012-12-14 17:28:10,169: -PUB [/camera/depth/image/compressed/parameter_updates] /camera_nodelet_manager http://pc:48426/
[rosmaster.master][INFO] 2012-12-14 17:28:10,170: -PUB [/camera/depth/image] /camera_nodelet_manager http://pc:48426/
[rosmaster.master][INFO] 2012-12-14 17:28:10,171: -PUB [/camera/depth/image/theora] /camera_nodelet_manager http://pc:48426/
[rosmaster.master][INFO] 2012-12-14 17:28:10,172: -PUB [/camera/depth/image/theora/parameter_descriptions] /camera_nodelet_manager http://pc:48426/
[rosmaster.master][INFO] 2012-12-14 17:28:10,174: -PUB [/camera/depth/image/theora/parameter_updates] /camera_nodelet_manager http://pc:48426/
[rosmaster.master][INFO] 2012-12-14 17:28:10,176: -PUB [/camera/depth_registered/image/compressed] /camera_nodelet_manager http://pc:48426/
[rosmaster.master][INFO] 2012-12-14 17:28:10,177: -PUB [/camera/depth_registered/image/compressed/parameter_descriptions] /camera_nodelet_manager http://pc:48426/
[rosmaster.master][INFO] 2012-12-14 17:28:10,178: -PUB [/camera/depth_registered/image/compressed/parameter_updates] /camera_nodelet_manager http://pc:48426/
[rosmaster.master][INFO] 2012-12-14 17:28:10,179: -PUB [/camera/depth_registered/image] /camera_nodelet_manager http://pc:48426/
[rosmaster.master][INFO] 2012-12-14 17:28:10,181: -PUB [/camera/depth_registered/image/theora] /camera_nodelet_manager http://pc:48426/
[rosmaster.master][INFO] 2012-12-14 17:28:10,182: -PUB [/camera/depth_registered/image/theora/parameter_descriptions] /camera_nodelet_manager http://pc:48426/
[rosmaster.master][INFO] 2012-12-14 17:28:10,183: -PUB [/camera/depth_registered/image/theora/parameter_updates] /camera_nodelet_manager http://pc:48426/
[rosmaster.master][INFO] 2012-12-14 17:28:10,184: -SERVICE [/camera_nodelet_manager/get_loggers] /camera_nodelet_manager rosrpc://pc:51910
[rosmaster.master][INFO] 2012-12-14 17:28:10,185: -SERVICE [/camera_nodelet_manager/set_logger_level] /camera_nodelet_manager rosrpc://pc:51910
[rosmaster.master][INFO] 2012-12-14 17:28:10,185: -SERVICE [/camera_nodelet_manager/load_nodelet] /camera_nodelet_manager rosrpc://pc:51910
[rosmaster.master][INFO] 2012-12-14 17:28:10,186: -SERVICE [/camera_nodelet_manager/unload_nodelet] /camera_nodelet_manager rosrpc://pc:51910
[rosmaster.master][INFO] 2012-12-14 17:28:10,187: -SERVICE [/camera_nodelet_manager/list] /camera_nodelet_manager rosrpc://pc:51910
[rosmaster.master][INFO] 2012-12-14 17:28:10,188: -SERVICE [/camera/rgb/image_rect_color/compressed/set_parameters] /camera_nodelet_manager rosrpc://pc:51910
[rosmaster.master][INFO] 2012-12-14 17:28:10,188: -SERVICE [/camera/rgb/image_rect_color/theora/set_parameters] /camera_nodelet_manager rosrpc://pc:51910
[rosmaster.master][INFO] 2012-12-14 17:28:10,189: -SERVICE [/camera/depth/image_rect_raw/compressed/set_parameters] /camera_nodelet_manager rosrpc://pc:51910
[rosmaster.master][INFO] 2012-12-14 17:28:10,190: -SERVICE [/camera/depth/image_rect_raw/theora/set_parameters] /camera_nodelet_manager rosrpc://pc:51910
[rosmaster.master][INFO] 2012-12-14 17:28:10,191: -SERVICE [/camera/depth/image_rect/compressed/set_parameters] /camera_nodelet_manager rosrpc://pc:51910
[rosmaster.master][INFO] 2012-12-14 17:28:10,192: -SERVICE [/camera/depth/image_rect/theora/set_parameters] /camera_nodelet_manager rosrpc://pc:51910
[rosmaster.master][INFO] 2012-12-14 17:28:10,193: -SERVICE [/camera/rgb/image_rect/compressed/set_parameters] /camera_nodelet_manager rosrpc://pc:51910
[rosmaster.master][INFO] 2012-12-14 17:28:10,194: -SERVICE [/camera/rgb/image_rect/theora/set_parameters] /camera_nodelet_manager rosrpc://pc:51910
[rosmaster.master][INFO] 2012-12-14 17:28:10,195: -SERVICE [/camera/ir/image_rect/compressed/set_parameters] /camera_nodelet_manager rosrpc://pc:51910
[rosmaster.master][INFO] 2012-12-14 17:28:10,196: -SERVICE [/camera/ir/image_rect/theora/set_parameters] /camera_nodelet_manager rosrpc://pc:51910
[rosmaster.master][INFO] 2012-12-14 17:28:10,197: -SERVICE [/camera/driver/set_parameters] /camera_nodelet_manager rosrpc://pc:51910
[rosmaster.master][INFO] 2012-12-14 17:28:10,198: -SERVICE [/camera/rgb/set_camera_info] /camera_nodelet_manager rosrpc://pc:51910
[rosmaster.master][INFO] 2012-12-14 17:28:10,199: -SERVICE [/camera/ir/set_camera_info] /camera_nodelet_manager rosrpc://pc:51910
[rosmaster.master][INFO] 2012-12-14 17:28:10,199: -SERVICE [/camera/rgb/image_raw/compressed/set_parameters] /camera_nodelet_manager rosrpc://pc:51910
[rosmaster.master][INFO] 2012-12-14 17:28:10,200: -SERVICE [/camera/depth_registered/image_rect/compressed/set_parameters] /camera_nodelet_manager rosrpc://pc:51910
[rosmaster.master][INFO] 2012-12-14 17:28:10,201: -SERVICE [/camera/rgb/image_raw/theora/set_parameters] /camera_nodelet_manager rosrpc://pc:51910
[rosmaster.master][INFO] 2012-12-14 17:28:10,202: -SERVICE [/camera/depth_registered/image_rect/theora/set_parameters] /camera_nodelet_manager rosrpc://pc:51910
[rosmaster.master][INFO] 2012-12-14 17:28:10,203: -SERVICE [/camera/ir/image_raw/compressed/set_parameters] /camera_nodelet_manager rosrpc://pc:51910
[rosmaster.master][INFO] 2012-12-14 17:28:10,204: -SERVICE [/camera/ir/image_raw/theora/set_parameters] /camera_nodelet_manager rosrpc://pc:51910
[rosmaster.master][INFO] 2012-12-14 17:28:10,205: -SERVICE [/camera/depth/image_raw/compressed/set_parameters] /camera_nodelet_manager rosrpc://pc:51910
[rosmaster.master][INFO] 2012-12-14 17:28:10,206: -SERVICE [/camera/depth/image_raw/theora/set_parameters] /camera_nodelet_manager rosrpc://pc:51910
[rosmaster.master][INFO] 2012-12-14 17:28:10,207: -SERVICE [/camera/depth_registered/image_raw/compressed/set_parameters] /camera_nodelet_manager rosrpc://pc:51910
[rosmaster.master][INFO] 2012-12-14 17:28:10,208: -SERVICE [/camera/depth_registered/image_raw/theora/set_parameters] /camera_nodelet_manager rosrpc://pc:51910
[rosmaster.master][INFO] 2012-12-14 17:28:10,209: -SERVICE [/camera/rgb/debayer/set_parameters] /camera_nodelet_manager rosrpc://pc:51910
[rosmaster.master][INFO] 2012-12-14 17:28:10,210: -SERVICE [/camera/rgb/image_mono/compressed/set_parameters] /camera_nodelet_manager rosrpc://pc:51910
[rosmaster.master][INFO] 2012-12-14 17:28:10,211: -SERVICE [/camera/rgb/image_mono/theora/set_parameters] /camera_nodelet_manager rosrpc://pc:51910
[rosmaster.master][INFO] 2012-12-14 17:28:10,212: -SERVICE [/camera/rgb/image_color/compressed/set_parameters] /camera_nodelet_manager rosrpc://pc:51910
[rosmaster.master][INFO] 2012-12-14 17:28:10,213: -SERVICE [/camera/rgb/image_color/theora/set_parameters] /camera_nodelet_manager rosrpc://pc:51910
[rosmaster.master][INFO] 2012-12-14 17:28:10,213: -SERVICE [/camera/depth/image/compressed/set_parameters] /camera_nodelet_manager rosrpc://pc:51910
[rosmaster.master][INFO] 2012-12-14 17:28:10,214: -SERVICE [/camera/depth/image/theora/set_parameters] /camera_nodelet_manager rosrpc://pc:51910
[rosmaster.master][INFO] 2012-12-14 17:28:10,215: -SERVICE [/camera/depth_registered/image/compressed/set_parameters] /camera_nodelet_manager rosrpc://pc:51910
[rosmaster.master][INFO] 2012-12-14 17:28:10,216: -SERVICE [/camera/depth_registered/image/theora/set_parameters] /camera_nodelet_manager rosrpc://pc:51910
[rosmaster.master][INFO] 2012-12-14 17:28:10,273: -PUB [/rosout] /camera/driver http://pc:42595/
[rosmaster.master][INFO] 2012-12-14 17:28:10,277: -SERVICE [/camera/driver/get_loggers] /camera/driver rosrpc://pc:35810
[rosmaster.master][INFO] 2012-12-14 17:28:10,279: -SERVICE [/camera/driver/set_logger_level] /camera/driver rosrpc://pc:35810
[rosmaster.master][INFO] 2012-12-14 17:28:10,322: publisherUpdate[/rosout] -> http://pc:48506/
[rosmaster.master][INFO] 2012-12-14 17:28:10,364: -PUB [/rosout] /camera/rgb/debayer http://pc:34713/
[rosmaster.master][INFO] 2012-12-14 17:28:10,367: -SERVICE [/camera/rgb/debayer/get_loggers] /camera/rgb/debayer rosrpc://pc:34828
[rosmaster.master][INFO] 2012-12-14 17:28:10,370: -SERVICE [/camera/rgb/debayer/set_logger_level] /camera/rgb/debayer rosrpc://pc:34828
[rosmaster.master][INFO] 2012-12-14 17:28:10,424: publisherUpdate[/rosout] -> http://pc:48506/
[rosmaster.master][INFO] 2012-12-14 17:28:10,826: -PUB [/rosout_agg] /rosout http://pc:48506/
[rosmaster.master][INFO] 2012-12-14 17:28:10,828: -SUB [/rosout] /rosout http://pc:48506/
[rosmaster.master][INFO] 2012-12-14 17:28:10,828: -SERVICE [/rosout/get_loggers] /rosout rosrpc://pc:41415
[rosmaster.master][INFO] 2012-12-14 17:28:10,829: -SERVICE [/rosout/set_logger_level] /rosout rosrpc://pc:41415
[rosmaster.main][INFO] 2012-12-14 17:28:10,895: keyboard interrupt, will exit
[rosmaster.main][INFO] 2012-12-14 17:28:10,895: stopping master...
