[rosmaster.main][INFO] 2012-12-15 15:28:39,803: initialization complete, waiting for shutdown
[rosmaster.main][INFO] 2012-12-15 15:28:39,803: Starting ROS Master Node
[xmlrpc][INFO] 2012-12-15 15:28:39,805: XML-RPC server binding to 0.0.0.0
[xmlrpc][INFO] 2012-12-15 15:28:39,806: Started XML-RPC server [http://pc:11311/]
[rosmaster.master][INFO] 2012-12-15 15:28:39,806: Master initialized: port[11311], uri[http://pc:11311/]
[xmlrpc][INFO] 2012-12-15 15:28:39,806: xml rpc node: starting XML-RPC server
[rosmaster.master][INFO] 2012-12-15 15:28:39,920: +PARAM [/run_id] by /roslaunch
[rosmaster.master][INFO] 2012-12-15 15:28:39,924: +PARAM [/roslaunch/uris/host_pc__36807] by /roslaunch
[rosmaster.master][INFO] 2012-12-15 15:28:39,977: +PARAM [/rosdistro] by /roslaunch
[rosmaster.master][INFO] 2012-12-15 15:28:39,977: +PARAM [/camera/driver/rgb_frame_id] by /roslaunch
[rosmaster.master][INFO] 2012-12-15 15:28:39,978: +PARAM [/camera/disparity_depth_registered/min_range] by /roslaunch
[rosmaster.master][INFO] 2012-12-15 15:28:39,978: +PARAM [/camera/driver/rgb_camera_info_url] by /roslaunch
[rosmaster.master][INFO] 2012-12-15 15:28:39,978: +PARAM [/camera/depth_registered/rectify_depth/interpolation] by /roslaunch
[rosmaster.master][INFO] 2012-12-15 15:28:39,979: +PARAM [/camera/driver/depth_frame_id] by /roslaunch
[rosmaster.master][INFO] 2012-12-15 15:28:39,979: +PARAM [/camera/depth/rectify_depth/interpolation] by /roslaunch
[rosmaster.master][INFO] 2012-12-15 15:28:39,979: +PARAM [/camera/disparity_depth/max_range] by /roslaunch
[rosmaster.master][INFO] 2012-12-15 15:28:39,979: +PARAM [/rosversion] by /roslaunch
[rosmaster.master][INFO] 2012-12-15 15:28:39,980: +PARAM [/camera/driver/device_id] by /roslaunch
[rosmaster.master][INFO] 2012-12-15 15:28:39,980: +PARAM [/camera/driver/depth_camera_info_url] by /roslaunch
[rosmaster.master][INFO] 2012-12-15 15:28:39,980: +PARAM [/camera/disparity_depth/min_range] by /roslaunch
[rosmaster.master][INFO] 2012-12-15 15:28:39,981: +PARAM [/camera/disparity_depth_registered/max_range] by /roslaunch
[rosmaster.master][INFO] 2012-12-15 15:28:41,498: +PUB [/rosout] /set_dr http://pc:38589/
[rosmaster.master][INFO] 2012-12-15 15:28:41,809: +PUB [/rosout] /camera_base_link1 http://pc:38915/
[rosmaster.master][INFO] 2012-12-15 15:28:41,811: +PUB [/rosout] /camera/depth_registered/rectify_depth http://pc:57436/
[rosmaster.master][INFO] 2012-12-15 15:28:41,811: +PUB [/rosout] /camera/points_xyzrgb_depth_rgb http://pc:41206/
[rosmaster.master][INFO] 2012-12-15 15:28:41,812: +PUB [/rosout] /camera/disparity_depth_registered http://pc:57748/
[rosmaster.master][INFO] 2012-12-15 15:28:41,814: +PUB [/rosout] /camera/depth/points http://pc:42817/
[rosmaster.master][INFO] 2012-12-15 15:28:41,815: +PUB [/rosout] /camera/disparity_depth http://pc:50333/
[rosmaster.master][INFO] 2012-12-15 15:28:41,816: +SERVICE [/rosout/get_loggers] /rosout http://pc:46003/
[rosmaster.master][INFO] 2012-12-15 15:28:41,817: +SERVICE [/camera_base_link1/get_loggers] /camera_base_link1 http://pc:38915/
[rosmaster.master][INFO] 2012-12-15 15:28:41,818: +SERVICE [/camera/depth_registered/rectify_depth/get_loggers] /camera/depth_registered/rectify_depth http://pc:57436/
[rosmaster.master][INFO] 2012-12-15 15:28:41,820: +SERVICE [/camera/points_xyzrgb_depth_rgb/get_loggers] /camera/points_xyzrgb_depth_rgb http://pc:41206/
[rosmaster.master][INFO] 2012-12-15 15:28:41,822: +SERVICE [/camera/disparity_depth_registered/get_loggers] /camera/disparity_depth_registered http://pc:57748/
[rosmaster.master][INFO] 2012-12-15 15:28:41,824: +SERVICE [/camera/depth/points/get_loggers] /camera/depth/points http://pc:42817/
[rosmaster.master][INFO] 2012-12-15 15:28:41,825: +SERVICE [/camera/disparity_depth/get_loggers] /camera/disparity_depth http://pc:50333/
[rosmaster.master][INFO] 2012-12-15 15:28:41,827: +SERVICE [/rosout/set_logger_level] /rosout http://pc:46003/
[rosmaster.master][INFO] 2012-12-15 15:28:41,829: +SERVICE [/camera_base_link1/set_logger_level] /camera_base_link1 http://pc:38915/
[rosmaster.master][INFO] 2012-12-15 15:28:41,831: +SERVICE [/camera/depth_registered/rectify_depth/set_logger_level] /camera/depth_registered/rectify_depth http://pc:57436/
[rosmaster.master][INFO] 2012-12-15 15:28:41,832: +SERVICE [/camera/points_xyzrgb_depth_rgb/set_logger_level] /camera/points_xyzrgb_depth_rgb http://pc:41206/
[rosmaster.master][INFO] 2012-12-15 15:28:41,834: +SERVICE [/camera/disparity_depth_registered/set_logger_level] /camera/disparity_depth_registered http://pc:57748/
[rosmaster.master][INFO] 2012-12-15 15:28:41,836: +SERVICE [/camera/depth/points/set_logger_level] /camera/depth/points http://pc:42817/
[rosmaster.master][INFO] 2012-12-15 15:28:41,838: +SERVICE [/camera/disparity_depth/set_logger_level] /camera/disparity_depth http://pc:50333/
[rosmaster.master][INFO] 2012-12-15 15:28:41,850: +PUB [/rosout_agg] /rosout http://pc:46003/
[rosmaster.master][INFO] 2012-12-15 15:28:41,851: +PUB [/tf] /camera_base_link1 http://pc:38915/
[rosmaster.master][INFO] 2012-12-15 15:28:41,859: +SUB [/rosout] /rosout http://pc:46003/
[rosmaster.master][INFO] 2012-12-15 15:28:41,865: +PARAM [/camera/depth_registered/rectify_depth] by /camera/depth_registered/rectify_depth
[rosmaster.master][INFO] 2012-12-15 15:28:41,867: +PARAM [/camera/disparity_depth_registered] by /camera/disparity_depth_registered
[rosmaster.master][INFO] 2012-12-15 15:28:41,870: +PARAM [/camera/disparity_depth] by /camera/disparity_depth
[rosmaster.master][INFO] 2012-12-15 15:28:42,003: +PUB [/rosout] /camera_base_link2 http://pc:46943/
[rosmaster.master][INFO] 2012-12-15 15:28:42,007: +PUB [/rosout] /camera/depth_registered/metric_rect http://pc:39258/
[rosmaster.master][INFO] 2012-12-15 15:28:42,010: publisherUpdate[/rosout] -> http://pc:46003/
[rosmaster.master][INFO] 2012-12-15 15:28:42,013: +SERVICE [/camera_base_link2/get_loggers] /camera_base_link2 http://pc:46943/
[rosmaster.master][INFO] 2012-12-15 15:28:42,015: +SERVICE [/camera/depth_registered/metric_rect/get_loggers] /camera/depth_registered/metric_rect http://pc:39258/
[rosmaster.master][INFO] 2012-12-15 15:28:42,017: publisherUpdate[/rosout] -> http://pc:46003/
[rosmaster.master][INFO] 2012-12-15 15:28:42,018: +SERVICE [/camera_base_link2/set_logger_level] /camera_base_link2 http://pc:46943/
[rosmaster.master][INFO] 2012-12-15 15:28:42,019: +SERVICE [/camera/depth_registered/metric_rect/set_logger_level] /camera/depth_registered/metric_rect http://pc:39258/
[rosmaster.master][INFO] 2012-12-15 15:28:42,022: +PUB [/tf] /camera_base_link2 http://pc:46943/
[rosmaster.master][INFO] 2012-12-15 15:28:44,810: +PUB [/rosout] /camera/driver http://pc:38671/
[rosmaster.master][INFO] 2012-12-15 15:28:44,813: +PUB [/rosout] /camera/depth/metric http://pc:38330/
[rosmaster.master][INFO] 2012-12-15 15:28:44,815: +PUB [/rosout] /camera/depth/rectify_depth http://pc:60164/
[rosmaster.master][INFO] 2012-12-15 15:28:44,818: publisherUpdate[/rosout] -> http://pc:46003/
[rosmaster.master][INFO] 2012-12-15 15:28:44,820: +PUB [/rosout] /camera/rgb/rectify_mono http://pc:43459/
[rosmaster.master][INFO] 2012-12-15 15:28:44,821: publisherUpdate[/rosout] -> http://pc:46003/
[rosmaster.master][INFO] 2012-12-15 15:28:44,822: +PUB [/rosout] /camera/ir/rectify_ir http://pc:50894/
[rosmaster.master][INFO] 2012-12-15 15:28:44,824: publisherUpdate[/rosout] -> http://pc:46003/
[rosmaster.master][INFO] 2012-12-15 15:28:44,825: +PUB [/rosout] /camera/register_depth_rgb http://pc:34856/
[rosmaster.master][INFO] 2012-12-15 15:28:44,826: publisherUpdate[/rosout] -> http://pc:46003/
[rosmaster.master][INFO] 2012-12-15 15:28:44,829: +SERVICE [/camera/depth/metric/get_loggers] /camera/depth/metric http://pc:38330/
[rosmaster.master][INFO] 2012-12-15 15:28:44,829: publisherUpdate[/rosout] -> http://pc:46003/
[rosmaster.master][INFO] 2012-12-15 15:28:44,831: +SERVICE [/camera/depth/rectify_depth/get_loggers] /camera/depth/rectify_depth http://pc:60164/
[rosmaster.master][INFO] 2012-12-15 15:28:44,833: publisherUpdate[/rosout] -> http://pc:46003/
[rosmaster.master][INFO] 2012-12-15 15:28:44,835: +PUB [/rosout] /camera/rgb/debayer http://pc:53081/
[rosmaster.master][INFO] 2012-12-15 15:28:44,837: publisherUpdate[/rosout] -> http://pc:46003/
[rosmaster.master][INFO] 2012-12-15 15:28:44,839: +SERVICE [/camera/rgb/rectify_mono/get_loggers] /camera/rgb/rectify_mono http://pc:43459/
[rosmaster.master][INFO] 2012-12-15 15:28:44,842: +SERVICE [/camera/ir/rectify_ir/get_loggers] /camera/ir/rectify_ir http://pc:50894/
[rosmaster.master][INFO] 2012-12-15 15:28:44,844: +SERVICE [/camera/register_depth_rgb/get_loggers] /camera/register_depth_rgb http://pc:34856/
[rosmaster.master][INFO] 2012-12-15 15:28:44,846: +SERVICE [/camera/depth/metric/set_logger_level] /camera/depth/metric http://pc:38330/
[rosmaster.master][INFO] 2012-12-15 15:28:44,849: +SERVICE [/camera/depth/rectify_depth/set_logger_level] /camera/depth/rectify_depth http://pc:60164/
[rosmaster.master][INFO] 2012-12-15 15:28:44,849: +SERVICE [/camera/rgb/debayer/get_loggers] /camera/rgb/debayer http://pc:53081/
[rosmaster.master][INFO] 2012-12-15 15:28:44,851: +SERVICE [/camera/rgb/rectify_mono/set_logger_level] /camera/rgb/rectify_mono http://pc:43459/
[rosmaster.master][INFO] 2012-12-15 15:28:44,851: +SERVICE [/camera/ir/rectify_ir/set_logger_level] /camera/ir/rectify_ir http://pc:50894/
[rosmaster.master][INFO] 2012-12-15 15:28:44,854: +SERVICE [/camera/register_depth_rgb/set_logger_level] /camera/register_depth_rgb http://pc:34856/
[rosmaster.master][INFO] 2012-12-15 15:28:44,857: +SERVICE [/camera/rgb/debayer/set_logger_level] /camera/rgb/debayer http://pc:53081/
[rosmaster.master][INFO] 2012-12-15 15:28:44,877: +PARAM [/camera/depth/rectify_depth] by /camera/depth/rectify_depth
[rosmaster.master][INFO] 2012-12-15 15:28:45,037: +PUB [/rosout] /camera/rgb/rectify_color http://pc:41778/
[rosmaster.master][INFO] 2012-12-15 15:28:45,040: +PUB [/rosout] /camera_base_link3 http://pc:49080/
[rosmaster.master][INFO] 2012-12-15 15:28:45,043: publisherUpdate[/rosout] -> http://pc:46003/
[rosmaster.master][INFO] 2012-12-15 15:28:45,044: +SERVICE [/camera/rgb/rectify_color/get_loggers] /camera/rgb/rectify_color http://pc:41778/
[rosmaster.master][INFO] 2012-12-15 15:28:45,045: publisherUpdate[/rosout] -> http://pc:46003/
[rosmaster.master][INFO] 2012-12-15 15:28:45,050: +SERVICE [/camera_base_link3/get_loggers] /camera_base_link3 http://pc:49080/
[rosmaster.master][INFO] 2012-12-15 15:28:45,052: +SERVICE [/camera/rgb/rectify_color/set_logger_level] /camera/rgb/rectify_color http://pc:41778/
[rosmaster.master][INFO] 2012-12-15 15:28:45,054: +SERVICE [/camera_base_link3/set_logger_level] /camera_base_link3 http://pc:49080/
[rosmaster.master][INFO] 2012-12-15 15:28:45,063: +PUB [/tf] /camera_base_link3 http://pc:49080/
[rosmaster.master][INFO] 2012-12-15 15:28:47,815: +SERVICE [/camera/driver/get_loggers] /camera/driver http://pc:38671/
[rosmaster.master][INFO] 2012-12-15 15:28:47,819: +PUB [/rosout] /camera/depth_registered/metric http://pc:54718/
[rosmaster.master][INFO] 2012-12-15 15:28:47,827: +SERVICE [/camera/driver/set_logger_level] /camera/driver http://pc:38671/
[rosmaster.master][INFO] 2012-12-15 15:28:47,831: +SERVICE [/camera/depth_registered/metric/get_loggers] /camera/depth_registered/metric http://pc:54718/
[rosmaster.master][INFO] 2012-12-15 15:28:47,833: +PUB [/rosout] /camera_base_link http://pc:58197/
[rosmaster.master][INFO] 2012-12-15 15:28:47,834: publisherUpdate[/rosout] -> http://pc:46003/
[rosmaster.master][INFO] 2012-12-15 15:28:47,840: publisherUpdate[/rosout] -> http://pc:46003/
[rosmaster.master][INFO] 2012-12-15 15:28:47,844: +SERVICE [/camera/depth_registered/metric/set_logger_level] /camera/depth_registered/metric http://pc:54718/
[rosmaster.master][INFO] 2012-12-15 15:28:47,862: +PARAM [/camera/driver] by /camera/driver
[rosmaster.master][INFO] 2012-12-15 15:28:48,060: +PUB [/rosout] /camera/depth/metric_rect http://pc:45152/
[rosmaster.master][INFO] 2012-12-15 15:28:48,070: +SERVICE [/camera/depth/metric_rect/get_loggers] /camera/depth/metric_rect http://pc:45152/
[rosmaster.master][INFO] 2012-12-15 15:28:48,075: +SERVICE [/camera/depth/metric_rect/set_logger_level] /camera/depth/metric_rect http://pc:45152/
[rosmaster.master][INFO] 2012-12-15 15:28:48,144: publisherUpdate[/rosout] -> http://pc:46003/
[rosmaster.master][INFO] 2012-12-15 15:28:50,845: +SERVICE [/camera_base_link/get_loggers] /camera_base_link http://pc:58197/
[rosmaster.master][INFO] 2012-12-15 15:28:50,855: +SERVICE [/camera_base_link/set_logger_level] /camera_base_link http://pc:58197/
[rosmaster.master][INFO] 2012-12-15 15:28:50,872: +PUB [/tf] /camera_base_link http://pc:58197/
[rosmaster.master][INFO] 2012-12-15 15:28:54,788: +PUB [/rosout] /camera_nodelet_manager http://pc:44340/
[rosmaster.master][INFO] 2012-12-15 15:28:54,797: +SERVICE [/camera_nodelet_manager/get_loggers] /camera_nodelet_manager http://pc:44340/
[rosmaster.master][INFO] 2012-12-15 15:28:54,804: publisherUpdate[/rosout] -> http://pc:46003/
[rosmaster.master][INFO] 2012-12-15 15:28:54,814: +SERVICE [/camera_nodelet_manager/set_logger_level] /camera_nodelet_manager http://pc:44340/
[rosmaster.master][INFO] 2012-12-15 15:28:54,833: +SERVICE [/camera_nodelet_manager/load_nodelet] /camera_nodelet_manager http://pc:44340/
[rosmaster.master][INFO] 2012-12-15 15:28:54,842: +SERVICE [/camera_nodelet_manager/unload_nodelet] /camera_nodelet_manager http://pc:44340/
[rosmaster.master][INFO] 2012-12-15 15:28:54,858: +SERVICE [/camera_nodelet_manager/list] /camera_nodelet_manager http://pc:44340/
[rosmaster.master][INFO] 2012-12-15 15:28:55,492: +SUB [/tf] /camera_nodelet_manager http://pc:44340/
[rosmaster.master][INFO] 2012-12-15 15:28:55,497: +SERVICE [/camera_nodelet_manager/tf_frames] /camera_nodelet_manager http://pc:44340/
[rosmaster.master][INFO] 2012-12-15 15:28:55,860: +PUB [/camera/depth_registered/image_rect_raw/compressed] /camera_nodelet_manager http://pc:44340/
[rosmaster.master][INFO] 2012-12-15 15:28:55,863: +SERVICE [/camera/depth_registered/image_rect_raw/compressed/set_parameters] /camera_nodelet_manager http://pc:44340/
[rosmaster.master][INFO] 2012-12-15 15:28:55,865: +PUB [/camera/depth_registered/image_rect_raw/compressed/parameter_descriptions] /camera_nodelet_manager http://pc:44340/
[rosmaster.master][INFO] 2012-12-15 15:28:55,868: +PUB [/camera/depth_registered/image_rect_raw/compressed/parameter_updates] /camera_nodelet_manager http://pc:44340/
[rosmaster.master][INFO] 2012-12-15 15:28:55,877: +PARAM [/camera/depth_registered/image_rect_raw/compressed/format] by /camera_nodelet_manager
[rosmaster.master][INFO] 2012-12-15 15:28:55,880: +PARAM [/camera/depth_registered/image_rect_raw/compressed/jpeg_quality] by /camera_nodelet_manager
[rosmaster.master][INFO] 2012-12-15 15:28:55,883: +PARAM [/camera/depth_registered/image_rect_raw/compressed/png_level] by /camera_nodelet_manager
[rosmaster.master][INFO] 2012-12-15 15:28:55,886: +PUB [/camera/depth_registered/image_rect_raw] /camera_nodelet_manager http://pc:44340/
[rosmaster.master][INFO] 2012-12-15 15:28:55,978: +PUB [/camera/depth_registered/image_rect_raw/theora] /camera_nodelet_manager http://pc:44340/
[rosmaster.master][INFO] 2012-12-15 15:28:55,981: +SERVICE [/camera/depth_registered/image_rect_raw/theora/set_parameters] /camera_nodelet_manager http://pc:44340/
[rosmaster.master][INFO] 2012-12-15 15:28:55,983: +PUB [/camera/depth_registered/image_rect_raw/theora/parameter_descriptions] /camera_nodelet_manager http://pc:44340/
[rosmaster.master][INFO] 2012-12-15 15:28:55,986: +PUB [/camera/depth_registered/image_rect_raw/theora/parameter_updates] /camera_nodelet_manager http://pc:44340/
[rosmaster.master][INFO] 2012-12-15 15:28:55,996: +PARAM [/camera/depth_registered/image_rect_raw/theora/optimize_for] by /camera_nodelet_manager
[rosmaster.master][INFO] 2012-12-15 15:28:55,999: +PARAM [/camera/depth_registered/image_rect_raw/theora/target_bitrate] by /camera_nodelet_manager
[rosmaster.master][INFO] 2012-12-15 15:28:56,001: +PARAM [/camera/depth_registered/image_rect_raw/theora/quality] by /camera_nodelet_manager
[rosmaster.master][INFO] 2012-12-15 15:28:56,003: +PARAM [/camera/depth_registered/image_rect_raw/theora/keyframe_frequency] by /camera_nodelet_manager
[rosmaster.master][INFO] 2012-12-15 15:28:56,006: +PUB [/camera/depth_registered/camera_info] /camera_nodelet_manager http://pc:44340/
[rosmaster.master][INFO] 2012-12-15 15:28:56,285: +PUB [/camera/depth/image_rect/compressed] /camera_nodelet_manager http://pc:44340/
[rosmaster.master][INFO] 2012-12-15 15:28:56,286: +SERVICE [/camera/depth/image_rect/compressed/set_parameters] /camera_nodelet_manager http://pc:44340/
[rosmaster.master][INFO] 2012-12-15 15:28:56,287: +PUB [/camera/depth/image_rect/compressed/parameter_descriptions] /camera_nodelet_manager http://pc:44340/
[rosmaster.master][INFO] 2012-12-15 15:28:56,288: +PUB [/camera/depth/image_rect/compressed/parameter_updates] /camera_nodelet_manager http://pc:44340/
[rosmaster.master][INFO] 2012-12-15 15:28:56,293: +PARAM [/camera/depth/image_rect/compressed/format] by /camera_nodelet_manager
[rosmaster.master][INFO] 2012-12-15 15:28:56,294: +PARAM [/camera/depth/image_rect/compressed/jpeg_quality] by /camera_nodelet_manager
[rosmaster.master][INFO] 2012-12-15 15:28:56,295: +PARAM [/camera/depth/image_rect/compressed/png_level] by /camera_nodelet_manager
[rosmaster.master][INFO] 2012-12-15 15:28:56,297: +PUB [/camera/depth/image_rect] /camera_nodelet_manager http://pc:44340/
[rosmaster.master][INFO] 2012-12-15 15:28:56,298: +PUB [/camera/depth/image_rect/theora] /camera_nodelet_manager http://pc:44340/
[rosmaster.master][INFO] 2012-12-15 15:28:56,300: +SERVICE [/camera/depth/image_rect/theora/set_parameters] /camera_nodelet_manager http://pc:44340/
[rosmaster.master][INFO] 2012-12-15 15:28:56,302: +PUB [/camera/depth/image_rect/theora/parameter_descriptions] /camera_nodelet_manager http://pc:44340/
[rosmaster.master][INFO] 2012-12-15 15:28:56,304: +PUB [/camera/depth/image_rect/theora/parameter_updates] /camera_nodelet_manager http://pc:44340/
[rosmaster.master][INFO] 2012-12-15 15:28:56,314: +PARAM [/camera/depth/image_rect/theora/optimize_for] by /camera_nodelet_manager
[rosmaster.master][INFO] 2012-12-15 15:28:56,318: +PARAM [/camera/depth/image_rect/theora/target_bitrate] by /camera_nodelet_manager
[rosmaster.master][INFO] 2012-12-15 15:28:56,320: +PARAM [/camera/depth/image_rect/theora/quality] by /camera_nodelet_manager
[rosmaster.master][INFO] 2012-12-15 15:28:56,322: +PARAM [/camera/depth/image_rect/theora/keyframe_frequency] by /camera_nodelet_manager
[rosmaster.master][INFO] 2012-12-15 15:28:56,641: +SERVICE [/camera/depth/rectify_depth/set_parameters] /camera_nodelet_manager http://pc:44340/
[rosmaster.master][INFO] 2012-12-15 15:28:56,643: +PUB [/camera/depth/rectify_depth/parameter_descriptions] /camera_nodelet_manager http://pc:44340/
[rosmaster.master][INFO] 2012-12-15 15:28:56,646: +PUB [/camera/depth/rectify_depth/parameter_updates] /camera_nodelet_manager http://pc:44340/
[rosmaster.master][INFO] 2012-12-15 15:28:56,650: +PARAM [/camera/depth/rectify_depth/interpolation] by /camera_nodelet_manager
[rosmaster.master][INFO] 2012-12-15 15:28:56,653: +PUB [/camera/depth/image_rect_raw/compressed] /camera_nodelet_manager http://pc:44340/
[rosmaster.master][INFO] 2012-12-15 15:28:56,655: +SERVICE [/camera/depth/image_rect_raw/compressed/set_parameters] /camera_nodelet_manager http://pc:44340/
[rosmaster.master][INFO] 2012-12-15 15:28:56,658: +PUB [/camera/depth/image_rect_raw/compressed/parameter_descriptions] /camera_nodelet_manager http://pc:44340/
[rosmaster.master][INFO] 2012-12-15 15:28:56,660: +PUB [/camera/depth/image_rect_raw/compressed/parameter_updates] /camera_nodelet_manager http://pc:44340/
[rosmaster.master][INFO] 2012-12-15 15:28:56,669: +PARAM [/camera/depth/image_rect_raw/compressed/format] by /camera_nodelet_manager
[rosmaster.master][INFO] 2012-12-15 15:28:56,672: +PARAM [/camera/depth/image_rect_raw/compressed/jpeg_quality] by /camera_nodelet_manager
[rosmaster.master][INFO] 2012-12-15 15:28:56,674: +PARAM [/camera/depth/image_rect_raw/compressed/png_level] by /camera_nodelet_manager
[rosmaster.master][INFO] 2012-12-15 15:28:56,678: +PUB [/camera/depth/image_rect_raw] /camera_nodelet_manager http://pc:44340/
[rosmaster.master][INFO] 2012-12-15 15:28:56,682: +PUB [/camera/depth/image_rect_raw/theora] /camera_nodelet_manager http://pc:44340/
[rosmaster.master][INFO] 2012-12-15 15:28:56,685: +SERVICE [/camera/depth/image_rect_raw/theora/set_parameters] /camera_nodelet_manager http://pc:44340/
[rosmaster.master][INFO] 2012-12-15 15:28:56,688: +PUB [/camera/depth/image_rect_raw/theora/parameter_descriptions] /camera_nodelet_manager http://pc:44340/
[rosmaster.master][INFO] 2012-12-15 15:28:56,691: +PUB [/camera/depth/image_rect_raw/theora/parameter_updates] /camera_nodelet_manager http://pc:44340/
[rosmaster.master][INFO] 2012-12-15 15:28:56,701: +PARAM [/camera/depth/image_rect_raw/theora/optimize_for] by /camera_nodelet_manager
[rosmaster.master][INFO] 2012-12-15 15:28:56,703: +PARAM [/camera/depth/image_rect_raw/theora/target_bitrate] by /camera_nodelet_manager
[rosmaster.master][INFO] 2012-12-15 15:28:56,705: +PARAM [/camera/depth/image_rect_raw/theora/quality] by /camera_nodelet_manager
[rosmaster.master][INFO] 2012-12-15 15:28:56,707: +PARAM [/camera/depth/image_rect_raw/theora/keyframe_frequency] by /camera_nodelet_manager
[rosmaster.master][INFO] 2012-12-15 15:28:56,977: +SERVICE [/camera/rgb/debayer/set_parameters] /camera_nodelet_manager http://pc:44340/
[rosmaster.master][INFO] 2012-12-15 15:28:56,979: +PUB [/camera/rgb/debayer/parameter_descriptions] /camera_nodelet_manager http://pc:44340/
[rosmaster.master][INFO] 2012-12-15 15:28:56,982: +PUB [/camera/rgb/debayer/parameter_updates] /camera_nodelet_manager http://pc:44340/
[rosmaster.master][INFO] 2012-12-15 15:28:56,986: +PARAM [/camera/rgb/debayer/debayer] by /camera_nodelet_manager
[rosmaster.master][INFO] 2012-12-15 15:28:56,989: +PUB [/camera/rgb/image_mono/compressed] /camera_nodelet_manager http://pc:44340/
[rosmaster.master][INFO] 2012-12-15 15:28:56,992: +SERVICE [/camera/rgb/image_mono/compressed/set_parameters] /camera_nodelet_manager http://pc:44340/
[rosmaster.master][INFO] 2012-12-15 15:28:56,994: +PUB [/camera/rgb/image_mono/compressed/parameter_descriptions] /camera_nodelet_manager http://pc:44340/
[rosmaster.master][INFO] 2012-12-15 15:28:56,997: +PUB [/camera/rgb/image_mono/compressed/parameter_updates] /camera_nodelet_manager http://pc:44340/
[rosmaster.master][INFO] 2012-12-15 15:28:57,004: +PARAM [/camera/rgb/image_mono/compressed/format] by /camera_nodelet_manager
[rosmaster.master][INFO] 2012-12-15 15:28:57,008: +PARAM [/camera/rgb/image_mono/compressed/jpeg_quality] by /camera_nodelet_manager
[rosmaster.master][INFO] 2012-12-15 15:28:57,011: +PARAM [/camera/rgb/image_mono/compressed/png_level] by /camera_nodelet_manager
[rosmaster.master][INFO] 2012-12-15 15:28:57,013: +PUB [/camera/rgb/image_mono] /camera_nodelet_manager http://pc:44340/
[rosmaster.master][INFO] 2012-12-15 15:28:57,016: +PUB [/camera/rgb/image_mono/theora] /camera_nodelet_manager http://pc:44340/
[rosmaster.master][INFO] 2012-12-15 15:28:57,018: +SERVICE [/camera/rgb/image_mono/theora/set_parameters] /camera_nodelet_manager http://pc:44340/
[rosmaster.master][INFO] 2012-12-15 15:28:57,020: +PUB [/camera/rgb/image_mono/theora/parameter_descriptions] /camera_nodelet_manager http://pc:44340/
[rosmaster.master][INFO] 2012-12-15 15:28:57,023: +PUB [/camera/rgb/image_mono/theora/parameter_updates] /camera_nodelet_manager http://pc:44340/
[rosmaster.master][INFO] 2012-12-15 15:28:57,030: +PARAM [/camera/rgb/image_mono/theora/optimize_for] by /camera_nodelet_manager
[rosmaster.master][INFO] 2012-12-15 15:28:57,031: +PARAM [/camera/rgb/image_mono/theora/target_bitrate] by /camera_nodelet_manager
[rosmaster.master][INFO] 2012-12-15 15:28:57,032: +PARAM [/camera/rgb/image_mono/theora/quality] by /camera_nodelet_manager
[rosmaster.master][INFO] 2012-12-15 15:28:57,034: +PARAM [/camera/rgb/image_mono/theora/keyframe_frequency] by /camera_nodelet_manager
[rosmaster.master][INFO] 2012-12-15 15:28:57,036: +PUB [/camera/rgb/image_color/compressed] /camera_nodelet_manager http://pc:44340/
[rosmaster.master][INFO] 2012-12-15 15:28:57,039: +SERVICE [/camera/rgb/image_color/compressed/set_parameters] /camera_nodelet_manager http://pc:44340/
[rosmaster.master][INFO] 2012-12-15 15:28:57,042: +PUB [/camera/rgb/image_color/compressed/parameter_descriptions] /camera_nodelet_manager http://pc:44340/
[rosmaster.master][INFO] 2012-12-15 15:28:57,044: +PUB [/camera/rgb/image_color/compressed/parameter_updates] /camera_nodelet_manager http://pc:44340/
[rosmaster.master][INFO] 2012-12-15 15:28:57,052: +PARAM [/camera/rgb/image_color/compressed/format] by /camera_nodelet_manager
[rosmaster.master][INFO] 2012-12-15 15:28:57,054: +PARAM [/camera/rgb/image_color/compressed/jpeg_quality] by /camera_nodelet_manager
[rosmaster.master][INFO] 2012-12-15 15:28:57,057: +PARAM [/camera/rgb/image_color/compressed/png_level] by /camera_nodelet_manager
[rosmaster.master][INFO] 2012-12-15 15:28:57,060: +PUB [/camera/rgb/image_color] /camera_nodelet_manager http://pc:44340/
[rosmaster.master][INFO] 2012-12-15 15:28:57,063: +PUB [/camera/rgb/image_color/theora] /camera_nodelet_manager http://pc:44340/
[rosmaster.master][INFO] 2012-12-15 15:28:57,066: +SERVICE [/camera/rgb/image_color/theora/set_parameters] /camera_nodelet_manager http://pc:44340/
[rosmaster.master][INFO] 2012-12-15 15:28:57,069: +PUB [/camera/rgb/image_color/theora/parameter_descriptions] /camera_nodelet_manager http://pc:44340/
[rosmaster.master][INFO] 2012-12-15 15:28:57,073: +PUB [/camera/rgb/image_color/theora/parameter_updates] /camera_nodelet_manager http://pc:44340/
[rosmaster.master][INFO] 2012-12-15 15:28:57,083: +PARAM [/camera/rgb/image_color/theora/optimize_for] by /camera_nodelet_manager
[rosmaster.master][INFO] 2012-12-15 15:28:57,086: +PARAM [/camera/rgb/image_color/theora/target_bitrate] by /camera_nodelet_manager
[rosmaster.master][INFO] 2012-12-15 15:28:57,088: +PARAM [/camera/rgb/image_color/theora/quality] by /camera_nodelet_manager
[rosmaster.master][INFO] 2012-12-15 15:28:57,091: +PARAM [/camera/rgb/image_color/theora/keyframe_frequency] by /camera_nodelet_manager
[rosmaster.master][INFO] 2012-12-15 15:28:57,365: +SERVICE [/camera/depth_registered/rectify_depth/set_parameters] /camera_nodelet_manager http://pc:44340/
[rosmaster.master][INFO] 2012-12-15 15:28:57,367: +PUB [/camera/depth_registered/rectify_depth/parameter_descriptions] /camera_nodelet_manager http://pc:44340/
[rosmaster.master][INFO] 2012-12-15 15:28:57,370: +PUB [/camera/depth_registered/rectify_depth/parameter_updates] /camera_nodelet_manager http://pc:44340/
[rosmaster.master][INFO] 2012-12-15 15:28:57,374: +PARAM [/camera/depth_registered/rectify_depth/interpolation] by /camera_nodelet_manager
[rosmaster.master][INFO] 2012-12-15 15:28:57,386: +PARAM [/camera/depth_registered/image_rect_raw/compressed/format] by /camera_nodelet_manager
[rosmaster.master][INFO] 2012-12-15 15:28:57,389: +PARAM [/camera/depth_registered/image_rect_raw/compressed/jpeg_quality] by /camera_nodelet_manager
[rosmaster.master][INFO] 2012-12-15 15:28:57,392: +PARAM [/camera/depth_registered/image_rect_raw/compressed/png_level] by /camera_nodelet_manager
[rosmaster.master][INFO] 2012-12-15 15:28:57,404: +PARAM [/camera/depth_registered/image_rect_raw/theora/optimize_for] by /camera_nodelet_manager
[rosmaster.master][INFO] 2012-12-15 15:28:57,407: +PARAM [/camera/depth_registered/image_rect_raw/theora/target_bitrate] by /camera_nodelet_manager
[rosmaster.master][INFO] 2012-12-15 15:28:57,414: +PARAM [/camera/depth_registered/image_rect_raw/theora/quality] by /camera_nodelet_manager
[rosmaster.master][INFO] 2012-12-15 15:28:57,417: +PARAM [/camera/depth_registered/image_rect_raw/theora/keyframe_frequency] by /camera_nodelet_manager
[rosmaster.master][INFO] 2012-12-15 15:28:58,414: +PUB [/camera/depth/disparity] /camera_nodelet_manager http://pc:44340/
[rosmaster.master][INFO] 2012-12-15 15:28:59,055: +PUB [/camera/depth_registered/image_rect/compressed] /camera_nodelet_manager http://pc:44340/
[rosmaster.master][INFO] 2012-12-15 15:28:59,057: +SERVICE [/camera/depth_registered/image_rect/compressed/set_parameters] /camera_nodelet_manager http://pc:44340/
[rosmaster.master][INFO] 2012-12-15 15:28:59,059: +PUB [/camera/depth_registered/image_rect/compressed/parameter_descriptions] /camera_nodelet_manager http://pc:44340/
[rosmaster.master][INFO] 2012-12-15 15:28:59,062: +PUB [/camera/depth_registered/image_rect/compressed/parameter_updates] /camera_nodelet_manager http://pc:44340/
[rosmaster.master][INFO] 2012-12-15 15:28:59,067: +PARAM [/camera/depth_registered/image_rect/compressed/format] by /camera_nodelet_manager
[rosmaster.master][INFO] 2012-12-15 15:28:59,069: +PARAM [/camera/depth_registered/image_rect/compressed/jpeg_quality] by /camera_nodelet_manager
[rosmaster.master][INFO] 2012-12-15 15:28:59,070: +PARAM [/camera/depth_registered/image_rect/compressed/png_level] by /camera_nodelet_manager
[rosmaster.master][INFO] 2012-12-15 15:28:59,072: +PUB [/camera/depth_registered/image_rect] /camera_nodelet_manager http://pc:44340/
[rosmaster.master][INFO] 2012-12-15 15:28:59,073: +PUB [/camera/depth_registered/image_rect/theora] /camera_nodelet_manager http://pc:44340/
[rosmaster.master][INFO] 2012-12-15 15:28:59,074: +SERVICE [/camera/depth_registered/image_rect/theora/set_parameters] /camera_nodelet_manager http://pc:44340/
[rosmaster.master][INFO] 2012-12-15 15:28:59,075: +PUB [/camera/depth_registered/image_rect/theora/parameter_descriptions] /camera_nodelet_manager http://pc:44340/
[rosmaster.master][INFO] 2012-12-15 15:28:59,076: +PUB [/camera/depth_registered/image_rect/theora/parameter_updates] /camera_nodelet_manager http://pc:44340/
[rosmaster.master][INFO] 2012-12-15 15:28:59,080: +PARAM [/camera/depth_registered/image_rect/theora/optimize_for] by /camera_nodelet_manager
[rosmaster.master][INFO] 2012-12-15 15:28:59,081: +PARAM [/camera/depth_registered/image_rect/theora/target_bitrate] by /camera_nodelet_manager
[rosmaster.master][INFO] 2012-12-15 15:28:59,082: +PARAM [/camera/depth_registered/image_rect/theora/quality] by /camera_nodelet_manager
[rosmaster.master][INFO] 2012-12-15 15:28:59,083: +PARAM [/camera/depth_registered/image_rect/theora/keyframe_frequency] by /camera_nodelet_manager
[rosmaster.master][INFO] 2012-12-15 15:28:59,702: +PUB [/camera/depth_registered/image/compressed] /camera_nodelet_manager http://pc:44340/
[rosmaster.master][INFO] 2012-12-15 15:28:59,705: +SERVICE [/camera/depth_registered/image/compressed/set_parameters] /camera_nodelet_manager http://pc:44340/
[rosmaster.master][INFO] 2012-12-15 15:28:59,708: +PUB [/camera/depth_registered/image/compressed/parameter_descriptions] /camera_nodelet_manager http://pc:44340/
[rosmaster.master][INFO] 2012-12-15 15:28:59,711: +PUB [/camera/depth_registered/image/compressed/parameter_updates] /camera_nodelet_manager http://pc:44340/
[rosmaster.master][INFO] 2012-12-15 15:28:59,720: +PARAM [/camera/depth_registered/image/compressed/format] by /camera_nodelet_manager
[rosmaster.master][INFO] 2012-12-15 15:28:59,722: +PARAM [/camera/depth_registered/image/compressed/jpeg_quality] by /camera_nodelet_manager
[rosmaster.master][INFO] 2012-12-15 15:28:59,723: +PARAM [/camera/depth_registered/image/compressed/png_level] by /camera_nodelet_manager
[rosmaster.master][INFO] 2012-12-15 15:28:59,725: +PUB [/camera/depth_registered/image] /camera_nodelet_manager http://pc:44340/
[rosmaster.master][INFO] 2012-12-15 15:28:59,726: +PUB [/camera/depth_registered/image/theora] /camera_nodelet_manager http://pc:44340/
[rosmaster.master][INFO] 2012-12-15 15:28:59,727: +SERVICE [/camera/depth_registered/image/theora/set_parameters] /camera_nodelet_manager http://pc:44340/
[rosmaster.master][INFO] 2012-12-15 15:28:59,728: +PUB [/camera/depth_registered/image/theora/parameter_descriptions] /camera_nodelet_manager http://pc:44340/
[rosmaster.master][INFO] 2012-12-15 15:28:59,729: +PUB [/camera/depth_registered/image/theora/parameter_updates] /camera_nodelet_manager http://pc:44340/
[rosmaster.master][INFO] 2012-12-15 15:28:59,733: +PARAM [/camera/depth_registered/image/theora/optimize_for] by /camera_nodelet_manager
[rosmaster.master][INFO] 2012-12-15 15:28:59,734: +PARAM [/camera/depth_registered/image/theora/target_bitrate] by /camera_nodelet_manager
[rosmaster.master][INFO] 2012-12-15 15:28:59,734: +PARAM [/camera/depth_registered/image/theora/quality] by /camera_nodelet_manager
[rosmaster.master][INFO] 2012-12-15 15:28:59,735: +PARAM [/camera/depth_registered/image/theora/keyframe_frequency] by /camera_nodelet_manager
[rosmaster.master][INFO] 2012-12-15 15:29:00,512: +PUB [/camera/depth/points] /camera_nodelet_manager http://pc:44340/
[rosmaster.master][INFO] 2012-12-15 15:29:00,854: +SERVICE [/camera/ir/rectify_ir/set_parameters] /camera_nodelet_manager http://pc:44340/
[rosmaster.master][INFO] 2012-12-15 15:29:00,856: +PUB [/camera/ir/rectify_ir/parameter_descriptions] /camera_nodelet_manager http://pc:44340/
[rosmaster.master][INFO] 2012-12-15 15:29:00,858: +PUB [/camera/ir/rectify_ir/parameter_updates] /camera_nodelet_manager http://pc:44340/
[rosmaster.master][INFO] 2012-12-15 15:29:00,860: +PARAM [/camera/ir/rectify_ir/interpolation] by /camera_nodelet_manager
[rosmaster.master][INFO] 2012-12-15 15:29:00,900: +PUB [/camera/ir/image_rect/compressed] /camera_nodelet_manager http://pc:44340/
[rosmaster.master][INFO] 2012-12-15 15:29:00,902: +SERVICE [/camera/ir/image_rect/compressed/set_parameters] /camera_nodelet_manager http://pc:44340/
[rosmaster.master][INFO] 2012-12-15 15:29:00,904: +PUB [/camera/ir/image_rect/compressed/parameter_descriptions] /camera_nodelet_manager http://pc:44340/
[rosmaster.master][INFO] 2012-12-15 15:29:00,906: +PUB [/camera/ir/image_rect/compressed/parameter_updates] /camera_nodelet_manager http://pc:44340/
[rosmaster.master][INFO] 2012-12-15 15:29:00,913: +PARAM [/camera/ir/image_rect/compressed/format] by /camera_nodelet_manager
[rosmaster.master][INFO] 2012-12-15 15:29:00,915: +PARAM [/camera/ir/image_rect/compressed/jpeg_quality] by /camera_nodelet_manager
[rosmaster.master][INFO] 2012-12-15 15:29:00,916: +PARAM [/camera/ir/image_rect/compressed/png_level] by /camera_nodelet_manager
[rosmaster.master][INFO] 2012-12-15 15:29:01,013: +PUB [/camera/ir/image_rect] /camera_nodelet_manager http://pc:44340/
[rosmaster.master][INFO] 2012-12-15 15:29:01,028: +PUB [/camera/ir/image_rect/theora] /camera_nodelet_manager http://pc:44340/
[rosmaster.master][INFO] 2012-12-15 15:29:01,031: +SERVICE [/camera/ir/image_rect/theora/set_parameters] /camera_nodelet_manager http://pc:44340/
[rosmaster.master][INFO] 2012-12-15 15:29:01,034: +PUB [/camera/ir/image_rect/theora/parameter_descriptions] /camera_nodelet_manager http://pc:44340/
[rosmaster.master][INFO] 2012-12-15 15:29:01,037: +PUB [/camera/ir/image_rect/theora/parameter_updates] /camera_nodelet_manager http://pc:44340/
[rosmaster.master][INFO] 2012-12-15 15:29:01,047: +PARAM [/camera/ir/image_rect/theora/optimize_for] by /camera_nodelet_manager
[rosmaster.master][INFO] 2012-12-15 15:29:01,048: +PARAM [/camera/ir/image_rect/theora/target_bitrate] by /camera_nodelet_manager
[rosmaster.master][INFO] 2012-12-15 15:29:01,049: +PARAM [/camera/ir/image_rect/theora/quality] by /camera_nodelet_manager
[rosmaster.master][INFO] 2012-12-15 15:29:01,050: +PARAM [/camera/ir/image_rect/theora/keyframe_frequency] by /camera_nodelet_manager
[rosmaster.master][INFO] 2012-12-15 15:29:01,350: +PUB [/camera/depth_registered/disparity] /camera_nodelet_manager http://pc:44340/
[rosmaster.master][INFO] 2012-12-15 15:29:01,637: +PUB [/camera/depth/image/compressed] /camera_nodelet_manager http://pc:44340/
[rosmaster.master][INFO] 2012-12-15 15:29:01,639: +SERVICE [/camera/depth/image/compressed/set_parameters] /camera_nodelet_manager http://pc:44340/
[rosmaster.master][INFO] 2012-12-15 15:29:01,642: +PUB [/camera/depth/image/compressed/parameter_descriptions] /camera_nodelet_manager http://pc:44340/
[rosmaster.master][INFO] 2012-12-15 15:29:01,644: +PUB [/camera/depth/image/compressed/parameter_updates] /camera_nodelet_manager http://pc:44340/
[rosmaster.master][INFO] 2012-12-15 15:29:01,652: +PARAM [/camera/depth/image/compressed/format] by /camera_nodelet_manager
[rosmaster.master][INFO] 2012-12-15 15:29:01,654: +PARAM [/camera/depth/image/compressed/jpeg_quality] by /camera_nodelet_manager
[rosmaster.master][INFO] 2012-12-15 15:29:01,657: +PARAM [/camera/depth/image/compressed/png_level] by /camera_nodelet_manager
[rosmaster.master][INFO] 2012-12-15 15:29:01,659: +PUB [/camera/depth/image] /camera_nodelet_manager http://pc:44340/
[rosmaster.master][INFO] 2012-12-15 15:29:01,663: +PUB [/camera/depth/image/theora] /camera_nodelet_manager http://pc:44340/
[rosmaster.master][INFO] 2012-12-15 15:29:01,666: +SERVICE [/camera/depth/image/theora/set_parameters] /camera_nodelet_manager http://pc:44340/
[rosmaster.master][INFO] 2012-12-15 15:29:01,669: +PUB [/camera/depth/image/theora/parameter_descriptions] /camera_nodelet_manager http://pc:44340/
[rosmaster.master][INFO] 2012-12-15 15:29:01,673: +PUB [/camera/depth/image/theora/parameter_updates] /camera_nodelet_manager http://pc:44340/
[rosmaster.master][INFO] 2012-12-15 15:29:01,685: +PARAM [/camera/depth/image/theora/optimize_for] by /camera_nodelet_manager
[rosmaster.master][INFO] 2012-12-15 15:29:01,687: +PARAM [/camera/depth/image/theora/target_bitrate] by /camera_nodelet_manager
[rosmaster.master][INFO] 2012-12-15 15:29:01,689: +PARAM [/camera/depth/image/theora/quality] by /camera_nodelet_manager
[rosmaster.master][INFO] 2012-12-15 15:29:01,692: +PARAM [/camera/depth/image/theora/keyframe_frequency] by /camera_nodelet_manager
[rosmaster.master][INFO] 2012-12-15 15:29:02,247: +PUB [/camera/depth_registered/points] /camera_nodelet_manager http://pc:44340/
[rosmaster.master][INFO] 2012-12-15 15:29:02,522: +SERVICE [/camera/rgb/rectify_color/set_parameters] /camera_nodelet_manager http://pc:44340/
[rosmaster.master][INFO] 2012-12-15 15:29:02,525: +PUB [/camera/rgb/rectify_color/parameter_descriptions] /camera_nodelet_manager http://pc:44340/
[rosmaster.master][INFO] 2012-12-15 15:29:02,527: +PUB [/camera/rgb/rectify_color/parameter_updates] /camera_nodelet_manager http://pc:44340/
[rosmaster.master][INFO] 2012-12-15 15:29:02,532: +PARAM [/camera/rgb/rectify_color/interpolation] by /camera_nodelet_manager
[rosmaster.master][INFO] 2012-12-15 15:29:02,534: +PUB [/camera/rgb/image_rect_color/compressed] /camera_nodelet_manager http://pc:44340/
[rosmaster.master][INFO] 2012-12-15 15:29:02,537: +SERVICE [/camera/rgb/image_rect_color/compressed/set_parameters] /camera_nodelet_manager http://pc:44340/
[rosmaster.master][INFO] 2012-12-15 15:29:02,541: +PUB [/camera/rgb/image_rect_color/compressed/parameter_descriptions] /camera_nodelet_manager http://pc:44340/
[rosmaster.master][INFO] 2012-12-15 15:29:02,545: +PUB [/camera/rgb/image_rect_color/compressed/parameter_updates] /camera_nodelet_manager http://pc:44340/
[rosmaster.master][INFO] 2012-12-15 15:29:02,554: +PARAM [/camera/rgb/image_rect_color/compressed/format] by /camera_nodelet_manager
[rosmaster.master][INFO] 2012-12-15 15:29:02,557: +PARAM [/camera/rgb/image_rect_color/compressed/jpeg_quality] by /camera_nodelet_manager
[rosmaster.master][INFO] 2012-12-15 15:29:02,561: +PARAM [/camera/rgb/image_rect_color/compressed/png_level] by /camera_nodelet_manager
[rosmaster.master][INFO] 2012-12-15 15:29:02,564: +PUB [/camera/rgb/image_rect_color] /camera_nodelet_manager http://pc:44340/
[rosmaster.master][INFO] 2012-12-15 15:29:02,568: +PUB [/camera/rgb/image_rect_color/theora] /camera_nodelet_manager http://pc:44340/
[rosmaster.master][INFO] 2012-12-15 15:29:02,571: +SERVICE [/camera/rgb/image_rect_color/theora/set_parameters] /camera_nodelet_manager http://pc:44340/
[rosmaster.master][INFO] 2012-12-15 15:29:02,574: +PUB [/camera/rgb/image_rect_color/theora/parameter_descriptions] /camera_nodelet_manager http://pc:44340/
[rosmaster.master][INFO] 2012-12-15 15:29:02,576: +PUB [/camera/rgb/image_rect_color/theora/parameter_updates] /camera_nodelet_manager http://pc:44340/
[rosmaster.master][INFO] 2012-12-15 15:29:02,583: +PARAM [/camera/rgb/image_rect_color/theora/optimize_for] by /camera_nodelet_manager
[rosmaster.master][INFO] 2012-12-15 15:29:02,586: +PARAM [/camera/rgb/image_rect_color/theora/target_bitrate] by /camera_nodelet_manager
[rosmaster.master][INFO] 2012-12-15 15:29:02,588: +PARAM [/camera/rgb/image_rect_color/theora/quality] by /camera_nodelet_manager
[rosmaster.master][INFO] 2012-12-15 15:29:02,591: +PARAM [/camera/rgb/image_rect_color/theora/keyframe_frequency] by /camera_nodelet_manager
[rosmaster.master][INFO] 2012-12-15 15:29:02,817: +SERVICE [/camera/driver/set_parameters] /camera_nodelet_manager http://pc:44340/
[rosmaster.master][INFO] 2012-12-15 15:29:02,818: +PUB [/camera/driver/parameter_descriptions] /camera_nodelet_manager http://pc:44340/
[rosmaster.master][INFO] 2012-12-15 15:29:02,820: +PUB [/camera/driver/parameter_updates] /camera_nodelet_manager http://pc:44340/
[rosmaster.master][INFO] 2012-12-15 15:29:02,828: +PARAM [/camera/driver/image_mode] by /camera_nodelet_manager
[rosmaster.master][INFO] 2012-12-15 15:29:02,829: +PARAM [/camera/driver/depth_mode] by /camera_nodelet_manager
[rosmaster.master][INFO] 2012-12-15 15:29:02,830: +PARAM [/camera/driver/depth_registration] by /camera_nodelet_manager
[rosmaster.master][INFO] 2012-12-15 15:29:02,832: +PARAM [/camera/driver/data_skip] by /camera_nodelet_manager
[rosmaster.master][INFO] 2012-12-15 15:29:02,833: +PARAM [/camera/driver/depth_time_offset] by /camera_nodelet_manager
[rosmaster.master][INFO] 2012-12-15 15:29:02,835: +PARAM [/camera/driver/image_time_offset] by /camera_nodelet_manager
[rosmaster.master][INFO] 2012-12-15 15:29:02,836: +PARAM [/camera/driver/depth_ir_offset_x] by /camera_nodelet_manager
[rosmaster.master][INFO] 2012-12-15 15:29:02,837: +PARAM [/camera/driver/depth_ir_offset_y] by /camera_nodelet_manager
[rosmaster.master][INFO] 2012-12-15 15:29:02,838: +PARAM [/camera/driver/z_offset_mm] by /camera_nodelet_manager
[rosmaster.master][INFO] 2012-12-15 15:29:02,850: +SERVICE [/camera/rgb/set_camera_info] /camera_nodelet_manager http://pc:44340/
[rosmaster.master][INFO] 2012-12-15 15:29:02,851: +SERVICE [/camera/ir/set_camera_info] /camera_nodelet_manager http://pc:44340/
[rosmaster.master][INFO] 2012-12-15 15:29:02,855: +PUB [/camera/rgb/image_raw/compressed] /camera_nodelet_manager http://pc:44340/
[rosmaster.master][INFO] 2012-12-15 15:29:02,857: +SERVICE [/camera/rgb/image_raw/compressed/set_parameters] /camera_nodelet_manager http://pc:44340/
[rosmaster.master][INFO] 2012-12-15 15:29:02,859: +PUB [/camera/rgb/image_raw/compressed/parameter_descriptions] /camera_nodelet_manager http://pc:44340/
[rosmaster.master][INFO] 2012-12-15 15:29:02,864: +PUB [/camera/rgb/image_raw/compressed/parameter_updates] /camera_nodelet_manager http://pc:44340/
[rosmaster.master][INFO] 2012-12-15 15:29:02,875: +PARAM [/camera/rgb/image_raw/compressed/format] by /camera_nodelet_manager
[rosmaster.master][INFO] 2012-12-15 15:29:02,876: +PARAM [/camera/rgb/image_raw/compressed/jpeg_quality] by /camera_nodelet_manager
[rosmaster.master][INFO] 2012-12-15 15:29:02,878: +PARAM [/camera/rgb/image_raw/compressed/png_level] by /camera_nodelet_manager
[rosmaster.master][INFO] 2012-12-15 15:29:02,879: +PUB [/camera/rgb/image_raw] /camera_nodelet_manager http://pc:44340/
[rosmaster.master][INFO] 2012-12-15 15:29:02,880: +PUB [/camera/rgb/image_raw/theora] /camera_nodelet_manager http://pc:44340/
[rosmaster.master][INFO] 2012-12-15 15:29:02,881: +SERVICE [/camera/rgb/image_raw/theora/set_parameters] /camera_nodelet_manager http://pc:44340/
[rosmaster.master][INFO] 2012-12-15 15:29:02,882: +PUB [/camera/rgb/image_raw/theora/parameter_descriptions] /camera_nodelet_manager http://pc:44340/
[rosmaster.master][INFO] 2012-12-15 15:29:02,883: +PUB [/camera/rgb/image_raw/theora/parameter_updates] /camera_nodelet_manager http://pc:44340/
[rosmaster.master][INFO] 2012-12-15 15:29:02,887: +PARAM [/camera/rgb/image_raw/theora/optimize_for] by /camera_nodelet_manager
[rosmaster.master][INFO] 2012-12-15 15:29:02,888: +PARAM [/camera/rgb/image_raw/theora/target_bitrate] by /camera_nodelet_manager
[rosmaster.master][INFO] 2012-12-15 15:29:02,889: +PARAM [/camera/rgb/image_raw/theora/quality] by /camera_nodelet_manager
[rosmaster.master][INFO] 2012-12-15 15:29:02,890: +PARAM [/camera/rgb/image_raw/theora/keyframe_frequency] by /camera_nodelet_manager
[rosmaster.master][INFO] 2012-12-15 15:29:02,891: +PUB [/camera/rgb/camera_info] /camera_nodelet_manager http://pc:44340/
[rosmaster.master][INFO] 2012-12-15 15:29:02,893: +PUB [/camera/ir/image_raw/compressed] /camera_nodelet_manager http://pc:44340/
[rosmaster.master][INFO] 2012-12-15 15:29:02,894: +SERVICE [/camera/rgb/rectify_mono/set_parameters] /camera_nodelet_manager http://pc:44340/
[rosmaster.master][INFO] 2012-12-15 15:29:02,895: +SERVICE [/camera/ir/image_raw/compressed/set_parameters] /camera_nodelet_manager http://pc:44340/
[rosmaster.master][INFO] 2012-12-15 15:29:02,895: +PUB [/camera/rgb/rectify_mono/parameter_descriptions] /camera_nodelet_manager http://pc:44340/
[rosmaster.master][INFO] 2012-12-15 15:29:02,896: +PUB [/camera/ir/image_raw/compressed/parameter_descriptions] /camera_nodelet_manager http://pc:44340/
[rosmaster.master][INFO] 2012-12-15 15:29:02,897: +PUB [/camera/rgb/rectify_mono/parameter_updates] /camera_nodelet_manager http://pc:44340/
[rosmaster.master][INFO] 2012-12-15 15:29:02,898: +PUB [/camera/ir/image_raw/compressed/parameter_updates] /camera_nodelet_manager http://pc:44340/
[rosmaster.master][INFO] 2012-12-15 15:29:02,902: +PARAM [/camera/rgb/rectify_mono/interpolation] by /camera_nodelet_manager
[rosmaster.master][INFO] 2012-12-15 15:29:02,906: +PUB [/camera/rgb/image_rect/compressed] /camera_nodelet_manager http://pc:44340/
[rosmaster.master][INFO] 2012-12-15 15:29:02,907: +PARAM [/camera/ir/image_raw/compressed/format] by /camera_nodelet_manager
[rosmaster.master][INFO] 2012-12-15 15:29:02,909: +SERVICE [/camera/rgb/image_rect/compressed/set_parameters] /camera_nodelet_manager http://pc:44340/
[rosmaster.master][INFO] 2012-12-15 15:29:02,911: +PARAM [/camera/ir/image_raw/compressed/jpeg_quality] by /camera_nodelet_manager
[rosmaster.master][INFO] 2012-12-15 15:29:02,913: +PUB [/camera/rgb/image_rect/compressed/parameter_descriptions] /camera_nodelet_manager http://pc:44340/
[rosmaster.master][INFO] 2012-12-15 15:29:02,915: +PARAM [/camera/ir/image_raw/compressed/png_level] by /camera_nodelet_manager
[rosmaster.master][INFO] 2012-12-15 15:29:02,918: +PUB [/camera/rgb/image_rect/compressed/parameter_updates] /camera_nodelet_manager http://pc:44340/
[rosmaster.master][INFO] 2012-12-15 15:29:02,920: +PUB [/camera/ir/image_raw] /camera_nodelet_manager http://pc:44340/
[rosmaster.master][INFO] 2012-12-15 15:29:02,924: +PUB [/camera/ir/image_raw/theora] /camera_nodelet_manager http://pc:44340/
[rosmaster.master][INFO] 2012-12-15 15:29:02,928: +SERVICE [/camera/ir/image_raw/theora/set_parameters] /camera_nodelet_manager http://pc:44340/
[rosmaster.master][INFO] 2012-12-15 15:29:02,935: +PARAM [/camera/rgb/image_rect/compressed/format] by /camera_nodelet_manager
[rosmaster.master][INFO] 2012-12-15 15:29:02,938: +PUB [/camera/ir/image_raw/theora/parameter_descriptions] /camera_nodelet_manager http://pc:44340/
[rosmaster.master][INFO] 2012-12-15 15:29:02,941: +PARAM [/camera/rgb/image_rect/compressed/jpeg_quality] by /camera_nodelet_manager
[rosmaster.master][INFO] 2012-12-15 15:29:02,943: +PARAM [/camera/rgb/image_rect/compressed/png_level] by /camera_nodelet_manager
[rosmaster.master][INFO] 2012-12-15 15:29:02,945: +PUB [/camera/ir/image_raw/theora/parameter_updates] /camera_nodelet_manager http://pc:44340/
[rosmaster.master][INFO] 2012-12-15 15:29:02,948: +PUB [/camera/rgb/image_rect] /camera_nodelet_manager http://pc:44340/
[rosmaster.master][INFO] 2012-12-15 15:29:02,952: +PUB [/camera/rgb/image_rect/theora] /camera_nodelet_manager http://pc:44340/
[rosmaster.master][INFO] 2012-12-15 15:29:02,956: +SERVICE [/camera/rgb/image_rect/theora/set_parameters] /camera_nodelet_manager http://pc:44340/
[rosmaster.master][INFO] 2012-12-15 15:29:02,960: +PUB [/camera/rgb/image_rect/theora/parameter_descriptions] /camera_nodelet_manager http://pc:44340/
[rosmaster.master][INFO] 2012-12-15 15:29:02,965: +PARAM [/camera/ir/image_raw/theora/optimize_for] by /camera_nodelet_manager
[rosmaster.master][INFO] 2012-12-15 15:29:02,967: +PUB [/camera/rgb/image_rect/theora/parameter_updates] /camera_nodelet_manager http://pc:44340/
[rosmaster.master][INFO] 2012-12-15 15:29:02,969: +PARAM [/camera/ir/image_raw/theora/target_bitrate] by /camera_nodelet_manager
[rosmaster.master][INFO] 2012-12-15 15:29:02,973: +PARAM [/camera/ir/image_raw/theora/quality] by /camera_nodelet_manager
[rosmaster.master][INFO] 2012-12-15 15:29:02,979: +PARAM [/camera/ir/image_raw/theora/keyframe_frequency] by /camera_nodelet_manager
[rosmaster.master][INFO] 2012-12-15 15:29:02,984: +PARAM [/camera/rgb/image_rect/theora/optimize_for] by /camera_nodelet_manager
[rosmaster.master][INFO] 2012-12-15 15:29:02,985: +PUB [/camera/ir/camera_info] /camera_nodelet_manager http://pc:44340/
[rosmaster.master][INFO] 2012-12-15 15:29:02,988: +PARAM [/camera/rgb/image_rect/theora/target_bitrate] by /camera_nodelet_manager
[rosmaster.master][INFO] 2012-12-15 15:29:02,991: +PUB [/camera/depth/image_raw/compressed] /camera_nodelet_manager http://pc:44340/
[rosmaster.master][INFO] 2012-12-15 15:29:02,993: +PARAM [/camera/rgb/image_rect/theora/quality] by /camera_nodelet_manager
[rosmaster.master][INFO] 2012-12-15 15:29:02,995: +SERVICE [/camera/depth/image_raw/compressed/set_parameters] /camera_nodelet_manager http://pc:44340/
[rosmaster.master][INFO] 2012-12-15 15:29:02,997: +PARAM [/camera/rgb/image_rect/theora/keyframe_frequency] by /camera_nodelet_manager
[rosmaster.master][INFO] 2012-12-15 15:29:03,002: +PUB [/camera/depth/image_raw/compressed/parameter_descriptions] /camera_nodelet_manager http://pc:44340/
[rosmaster.master][INFO] 2012-12-15 15:29:03,005: +PUB [/camera/depth/image_raw/compressed/parameter_updates] /camera_nodelet_manager http://pc:44340/
[rosmaster.master][INFO] 2012-12-15 15:29:03,007: +SUB [/camera/driver/parameter_updates] /set_dr http://pc:38589/
[rosmaster.master][INFO] 2012-12-15 15:29:03,015: +SUB [/camera/driver/parameter_descriptions] /set_dr http://pc:38589/
[rosmaster.master][INFO] 2012-12-15 15:29:03,019: +PARAM [/camera/depth/image_raw/compressed/format] by /camera_nodelet_manager
[rosmaster.master][INFO] 2012-12-15 15:29:03,021: +PARAM [/camera/depth/image_raw/compressed/jpeg_quality] by /camera_nodelet_manager
[rosmaster.master][INFO] 2012-12-15 15:29:03,023: +PARAM [/camera/depth/image_raw/compressed/png_level] by /camera_nodelet_manager
[rosmaster.master][INFO] 2012-12-15 15:29:03,026: +PUB [/camera/depth/image_raw] /camera_nodelet_manager http://pc:44340/
[rosmaster.master][INFO] 2012-12-15 15:29:03,029: +PUB [/camera/depth/image_raw/theora] /camera_nodelet_manager http://pc:44340/
[rosmaster.master][INFO] 2012-12-15 15:29:03,032: +SERVICE [/camera/depth/image_raw/theora/set_parameters] /camera_nodelet_manager http://pc:44340/
[rosmaster.master][INFO] 2012-12-15 15:29:03,036: +PUB [/camera/depth/image_raw/theora/parameter_descriptions] /camera_nodelet_manager http://pc:44340/
[rosmaster.master][INFO] 2012-12-15 15:29:03,039: +PUB [/camera/depth/image_raw/theora/parameter_updates] /camera_nodelet_manager http://pc:44340/
[rosmaster.master][INFO] 2012-12-15 15:29:03,054: +PARAM [/camera/depth/image_raw/theora/optimize_for] by /camera_nodelet_manager
[rosmaster.master][INFO] 2012-12-15 15:29:03,057: +PARAM [/camera/depth/image_raw/theora/target_bitrate] by /camera_nodelet_manager
[rosmaster.master][INFO] 2012-12-15 15:29:03,060: +PARAM [/camera/depth/image_raw/theora/quality] by /camera_nodelet_manager
[rosmaster.master][INFO] 2012-12-15 15:29:03,063: +PARAM [/camera/depth/image_raw/theora/keyframe_frequency] by /camera_nodelet_manager
[rosmaster.master][INFO] 2012-12-15 15:29:03,065: +PUB [/camera/depth/camera_info] /camera_nodelet_manager http://pc:44340/
[rosmaster.master][INFO] 2012-12-15 15:29:03,069: +PUB [/camera/projector/camera_info] /camera_nodelet_manager http://pc:44340/
[rosmaster.master][INFO] 2012-12-15 15:29:03,099: +PARAM [/camera/driver/image_mode] by /camera_nodelet_manager
[rosmaster.master][INFO] 2012-12-15 15:29:03,100: +PUB [/camera/depth_registered/image_raw/compressed] /camera_nodelet_manager http://pc:44340/
[rosmaster.master][INFO] 2012-12-15 15:29:03,101: +PARAM [/camera/driver/depth_mode] by /camera_nodelet_manager
[rosmaster.master][INFO] 2012-12-15 15:29:03,103: +PARAM [/camera/driver/depth_registration] by /camera_nodelet_manager
[rosmaster.master][INFO] 2012-12-15 15:29:03,105: +SERVICE [/camera/depth_registered/image_raw/compressed/set_parameters] /camera_nodelet_manager http://pc:44340/
[rosmaster.master][INFO] 2012-12-15 15:29:03,107: +PARAM [/camera/driver/data_skip] by /camera_nodelet_manager
[rosmaster.master][INFO] 2012-12-15 15:29:03,108: +PUB [/camera/depth_registered/image_raw/compressed/parameter_descriptions] /camera_nodelet_manager http://pc:44340/
[rosmaster.master][INFO] 2012-12-15 15:29:03,110: +PARAM [/camera/driver/depth_time_offset] by /camera_nodelet_manager
[rosmaster.master][INFO] 2012-12-15 15:29:03,111: +PUB [/camera/depth_registered/image_raw/compressed/parameter_updates] /camera_nodelet_manager http://pc:44340/
[rosmaster.master][INFO] 2012-12-15 15:29:03,113: +PARAM [/camera/driver/image_time_offset] by /camera_nodelet_manager
[rosmaster.master][INFO] 2012-12-15 15:29:03,116: +PARAM [/camera/driver/depth_ir_offset_x] by /camera_nodelet_manager
[rosmaster.master][INFO] 2012-12-15 15:29:03,120: +PARAM [/camera/driver/depth_ir_offset_y] by /camera_nodelet_manager
[rosmaster.master][INFO] 2012-12-15 15:29:03,124: +PARAM [/camera/driver/z_offset_mm] by /camera_nodelet_manager
[rosmaster.master][INFO] 2012-12-15 15:29:03,126: +PARAM [/camera/depth_registered/image_raw/compressed/format] by /camera_nodelet_manager
[rosmaster.master][INFO] 2012-12-15 15:29:03,129: +PARAM [/camera/depth_registered/image_raw/compressed/jpeg_quality] by /camera_nodelet_manager
[rosmaster.master][INFO] 2012-12-15 15:29:03,132: -SUB [/camera/driver/parameter_updates] /set_dr http://pc:38589/
[rosmaster.master][INFO] 2012-12-15 15:29:03,132: -SUB [/camera/driver/parameter_descriptions] /set_dr http://pc:38589/
[rosmaster.master][INFO] 2012-12-15 15:29:03,134: +PARAM [/camera/depth_registered/image_raw/compressed/png_level] by /camera_nodelet_manager
[rosmaster.master][INFO] 2012-12-15 15:29:03,134: -PUB [/rosout] /set_dr http://pc:38589/
[rosmaster.master][INFO] 2012-12-15 15:29:03,136: +PUB [/camera/depth_registered/image_raw] /camera_nodelet_manager http://pc:44340/
[rosmaster.master][INFO] 2012-12-15 15:29:03,140: +PUB [/camera/depth_registered/image_raw/theora] /camera_nodelet_manager http://pc:44340/
[rosmaster.master][INFO] 2012-12-15 15:29:03,142: +SERVICE [/camera/depth_registered/image_raw/theora/set_parameters] /camera_nodelet_manager http://pc:44340/
[rosmaster.master][INFO] 2012-12-15 15:29:03,144: +PUB [/camera/depth_registered/image_raw/theora/parameter_descriptions] /camera_nodelet_manager http://pc:44340/
[rosmaster.master][INFO] 2012-12-15 15:29:03,146: +PUB [/camera/depth_registered/image_raw/theora/parameter_updates] /camera_nodelet_manager http://pc:44340/
[rosmaster.master][INFO] 2012-12-15 15:29:03,155: +PARAM [/camera/depth_registered/image_raw/theora/optimize_for] by /camera_nodelet_manager
[rosmaster.master][INFO] 2012-12-15 15:29:03,158: +PARAM [/camera/depth_registered/image_raw/theora/target_bitrate] by /camera_nodelet_manager
[rosmaster.master][INFO] 2012-12-15 15:29:03,160: +PARAM [/camera/depth_registered/image_raw/theora/quality] by /camera_nodelet_manager
[rosmaster.master][INFO] 2012-12-15 15:29:03,162: +PARAM [/camera/depth_registered/image_raw/theora/keyframe_frequency] by /camera_nodelet_manager
[rosmaster.master][INFO] 2012-12-15 15:29:03,198: publisherUpdate[/rosout] -> http://pc:46003/
[rosmaster.master][INFO] 2012-12-15 15:30:05,596: -PUB [/camera/depth_registered/disparity] /camera_nodelet_manager http://pc:44340/
[rosmaster.master][INFO] 2012-12-15 15:30:05,600: -PUB [/camera/depth/disparity] /camera_nodelet_manager http://pc:44340/
[rosmaster.master][INFO] 2012-12-15 15:30:05,603: -PUB [/camera/depth_registered/points] /camera_nodelet_manager http://pc:44340/
[rosmaster.master][INFO] 2012-12-15 15:30:05,611: -PUB [/camera/depth_registered/rectify_depth/parameter_descriptions] /camera_nodelet_manager http://pc:44340/
[rosmaster.master][INFO] 2012-12-15 15:30:05,614: -PUB [/camera/depth_registered/rectify_depth/parameter_updates] /camera_nodelet_manager http://pc:44340/
[rosmaster.master][INFO] 2012-12-15 15:30:05,617: -SERVICE [/camera/depth_registered/rectify_depth/set_parameters] /camera_nodelet_manager rosrpc://pc:36127
[rosmaster.master][INFO] 2012-12-15 15:30:05,639: -PUB [/rosout] /camera/depth_registered/rectify_depth http://pc:57436/
[rosmaster.master][INFO] 2012-12-15 15:30:05,639: publisherUpdate[/rosout] -> http://pc:46003/
[rosmaster.master][INFO] 2012-12-15 15:30:05,644: publisherUpdate[/rosout] -> http://pc:46003/
[rosmaster.master][INFO] 2012-12-15 15:30:05,643: -PUB [/rosout] /camera/disparity_depth_registered http://pc:57748/
[rosmaster.master][INFO] 2012-12-15 15:30:05,650: -PUB [/rosout] /camera/points_xyzrgb_depth_rgb http://pc:41206/
[rosmaster.master][INFO] 2012-12-15 15:30:05,653: -SERVICE [/camera/depth_registered/rectify_depth/get_loggers] /camera/depth_registered/rectify_depth rosrpc://pc:40257
[rosmaster.master][INFO] 2012-12-15 15:30:05,656: -PUB [/rosout] /camera/depth_registered/metric_rect http://pc:39258/
[rosmaster.master][INFO] 2012-12-15 15:30:05,658: -SERVICE [/camera/disparity_depth_registered/get_loggers] /camera/disparity_depth_registered rosrpc://pc:42856
[rosmaster.master][INFO] 2012-12-15 15:30:05,659: -PUB [/rosout] /camera/depth_registered/metric http://pc:54718/
[rosmaster.master][INFO] 2012-12-15 15:30:05,661: -SERVICE [/camera/points_xyzrgb_depth_rgb/get_loggers] /camera/points_xyzrgb_depth_rgb rosrpc://pc:52724
[rosmaster.master][INFO] 2012-12-15 15:30:05,664: -SERVICE [/camera/depth_registered/rectify_depth/set_logger_level] /camera/depth_registered/rectify_depth rosrpc://pc:40257
[rosmaster.master][INFO] 2012-12-15 15:30:05,666: -SERVICE [/camera/depth_registered/metric_rect/get_loggers] /camera/depth_registered/metric_rect rosrpc://pc:50575
[rosmaster.master][INFO] 2012-12-15 15:30:05,669: -SERVICE [/camera/disparity_depth_registered/set_logger_level] /camera/disparity_depth_registered rosrpc://pc:42856
[rosmaster.master][INFO] 2012-12-15 15:30:05,672: -SERVICE [/camera/depth_registered/metric/get_loggers] /camera/depth_registered/metric rosrpc://pc:51696
[rosmaster.master][INFO] 2012-12-15 15:30:05,674: -SERVICE [/camera/points_xyzrgb_depth_rgb/set_logger_level] /camera/points_xyzrgb_depth_rgb rosrpc://pc:52724
[rosmaster.master][INFO] 2012-12-15 15:30:05,677: -SERVICE [/camera/depth_registered/metric_rect/set_logger_level] /camera/depth_registered/metric_rect rosrpc://pc:50575
[rosmaster.master][INFO] 2012-12-15 15:30:05,679: -SERVICE [/camera/depth_registered/metric/set_logger_level] /camera/depth_registered/metric rosrpc://pc:51696
[rosmaster.master][INFO] 2012-12-15 15:30:05,713: -PUB [/rosout] /camera_base_link3 http://pc:49080/
[rosmaster.master][INFO] 2012-12-15 15:30:05,716: -PUB [/rosout] /camera_base_link1 http://pc:38915/
[rosmaster.master][INFO] 2012-12-15 15:30:05,718: -PUB [/tf] /camera_base_link3 http://pc:49080/
[rosmaster.master][INFO] 2012-12-15 15:30:05,721: -PUB [/rosout] /camera_base_link2 http://pc:46943/
[rosmaster.master][INFO] 2012-12-15 15:30:05,725: -PUB [/rosout] /camera_base_link http://pc:58197/
[rosmaster.master][INFO] 2012-12-15 15:30:05,725: publisherUpdate[/rosout] -> http://pc:46003/
[rosmaster.master][INFO] 2012-12-15 15:30:05,726: publisherUpdate[/tf] -> http://pc:44340/
[rosmaster.master][INFO] 2012-12-15 15:30:05,727: -PUB [/tf] /camera_base_link1 http://pc:38915/
[rosmaster.master][INFO] 2012-12-15 15:30:05,731: publisherUpdate[/rosout] -> http://pc:46003/
[rosmaster.master][INFO] 2012-12-15 15:30:05,734: -SERVICE [/camera_base_link3/get_loggers] /camera_base_link3 rosrpc://pc:33758
[rosmaster.master][INFO] 2012-12-15 15:30:05,736: publisherUpdate[/tf] -> http://pc:44340/
[rosmaster.master][INFO] 2012-12-15 15:30:05,739: publisherUpdate[/rosout] -> http://pc:46003/
[rosmaster.master][INFO] 2012-12-15 15:30:05,740: -PUB [/tf] /camera_base_link2 http://pc:46943/
[rosmaster.master][INFO] 2012-12-15 15:30:05,745: publisherUpdate[/tf] -> http://pc:44340/
[rosmaster.master][INFO] 2012-12-15 15:30:05,746: publisherUpdate[/rosout] -> http://pc:46003/
[rosmaster.master][INFO] 2012-12-15 15:30:05,751: -PUB [/tf] /camera_base_link http://pc:58197/
[rosmaster.master][INFO] 2012-12-15 15:30:05,753: publisherUpdate[/rosout] -> http://pc:46003/
[rosmaster.master][INFO] 2012-12-15 15:30:05,753: -PUB [/rosout] /camera/disparity_depth http://pc:50333/
[rosmaster.master][INFO] 2012-12-15 15:30:05,759: -SERVICE [/camera_base_link1/get_loggers] /camera_base_link1 rosrpc://pc:40646
[rosmaster.master][INFO] 2012-12-15 15:30:05,761: publisherUpdate[/rosout] -> http://pc:46003/
[rosmaster.master][INFO] 2012-12-15 15:30:05,762: -SERVICE [/camera_base_link3/set_logger_level] /camera_base_link3 rosrpc://pc:33758
[rosmaster.master][INFO] 2012-12-15 15:30:05,766: -SERVICE [/camera_base_link/get_loggers] /camera_base_link rosrpc://pc:44631
[rosmaster.master][INFO] 2012-12-15 15:30:05,767: publisherUpdate[/rosout] -> http://pc:46003/
[rosmaster.master][INFO] 2012-12-15 15:30:05,770: -SERVICE [/camera/disparity_depth/get_loggers] /camera/disparity_depth rosrpc://pc:36476
[rosmaster.master][INFO] 2012-12-15 15:30:05,772: publisherUpdate[/tf] -> http://pc:44340/
[rosmaster.master][INFO] 2012-12-15 15:30:05,774: -SERVICE [/camera_base_link2/get_loggers] /camera_base_link2 rosrpc://pc:52628
[rosmaster.master][INFO] 2012-12-15 15:30:05,776: publisherUpdate[/rosout] -> http://pc:46003/
[rosmaster.master][INFO] 2012-12-15 15:30:05,778: -SERVICE [/camera_base_link1/set_logger_level] /camera_base_link1 rosrpc://pc:40646
[rosmaster.master][INFO] 2012-12-15 15:30:05,781: -SERVICE [/camera_base_link/set_logger_level] /camera_base_link rosrpc://pc:44631
[rosmaster.master][INFO] 2012-12-15 15:30:05,784: -SERVICE [/camera/disparity_depth/set_logger_level] /camera/disparity_depth rosrpc://pc:36476
[rosmaster.master][INFO] 2012-12-15 15:30:05,792: -SERVICE [/camera_base_link2/set_logger_level] /camera_base_link2 rosrpc://pc:52628
[rosmaster.master][INFO] 2012-12-15 15:30:05,797: -SERVICE [/camera/depth_registered/image_rect_raw/compressed/set_parameters] /camera_nodelet_manager rosrpc://pc:36127
[rosmaster.master][INFO] 2012-12-15 15:30:05,799: -SERVICE [/camera/depth_registered/image_rect_raw/theora/set_parameters] /camera_nodelet_manager rosrpc://pc:36127
[rosmaster.master][INFO] 2012-12-15 15:30:05,808: -SUB [/tf] /camera_nodelet_manager http://pc:44340/
[rosmaster.master][INFO] 2012-12-15 15:30:05,811: -SERVICE [/camera_nodelet_manager/tf_frames] /camera_nodelet_manager rosrpc://pc:36127
[rosmaster.master][INFO] 2012-12-15 15:30:05,869: -PUB [/rosout] /camera/register_depth_rgb http://pc:34856/
[rosmaster.master][INFO] 2012-12-15 15:30:05,878: -SERVICE [/camera/register_depth_rgb/get_loggers] /camera/register_depth_rgb rosrpc://pc:40159
[rosmaster.master][INFO] 2012-12-15 15:30:05,882: -PUB [/camera/depth/points] /camera_nodelet_manager http://pc:44340/
[rosmaster.master][INFO] 2012-12-15 15:30:05,883: publisherUpdate[/rosout] -> http://pc:46003/
[rosmaster.master][INFO] 2012-12-15 15:30:05,886: -SERVICE [/camera/register_depth_rgb/set_logger_level] /camera/register_depth_rgb rosrpc://pc:40159
[rosmaster.master][INFO] 2012-12-15 15:30:05,895: -PUB [/camera/depth/rectify_depth/parameter_descriptions] /camera_nodelet_manager http://pc:44340/
[rosmaster.master][INFO] 2012-12-15 15:30:05,896: -PUB [/camera/depth/rectify_depth/parameter_updates] /camera_nodelet_manager http://pc:44340/
[rosmaster.master][INFO] 2012-12-15 15:30:05,897: -SERVICE [/camera/depth/rectify_depth/set_parameters] /camera_nodelet_manager rosrpc://pc:36127
[rosmaster.master][INFO] 2012-12-15 15:30:05,899: -PUB [/camera/ir/rectify_ir/parameter_descriptions] /camera_nodelet_manager http://pc:44340/
[rosmaster.master][INFO] 2012-12-15 15:30:05,900: -PUB [/camera/ir/rectify_ir/parameter_updates] /camera_nodelet_manager http://pc:44340/
[rosmaster.master][INFO] 2012-12-15 15:30:05,901: -SERVICE [/camera/ir/rectify_ir/set_parameters] /camera_nodelet_manager rosrpc://pc:36127
[rosmaster.master][INFO] 2012-12-15 15:30:05,940: -PUB [/rosout] /camera/depth/points http://pc:42817/
[rosmaster.master][INFO] 2012-12-15 15:30:05,943: -SERVICE [/camera/depth/points/get_loggers] /camera/depth/points rosrpc://pc:39126
[rosmaster.master][INFO] 2012-12-15 15:30:05,946: -SERVICE [/camera/depth/points/set_logger_level] /camera/depth/points rosrpc://pc:39126
[rosmaster.master][INFO] 2012-12-15 15:30:05,951: publisherUpdate[/rosout] -> http://pc:46003/
[rosmaster.master][INFO] 2012-12-15 15:30:05,955: -PUB [/camera/rgb/rectify_color/parameter_descriptions] /camera_nodelet_manager http://pc:44340/
[rosmaster.master][INFO] 2012-12-15 15:30:05,959: -PUB [/camera/rgb/rectify_color/parameter_updates] /camera_nodelet_manager http://pc:44340/
[rosmaster.master][INFO] 2012-12-15 15:30:05,963: -PUB [/rosout] /camera/depth/rectify_depth http://pc:60164/
[rosmaster.master][INFO] 2012-12-15 15:30:05,966: -SERVICE [/camera/rgb/rectify_color/set_parameters] /camera_nodelet_manager rosrpc://pc:36127
[rosmaster.master][INFO] 2012-12-15 15:30:05,969: -PUB [/rosout] /camera/ir/rectify_ir http://pc:50894/
[rosmaster.master][INFO] 2012-12-15 15:30:05,972: -PUB [/rosout] /camera/depth/metric http://pc:38330/
[rosmaster.master][INFO] 2012-12-15 15:30:05,978: -SERVICE [/camera/depth/rectify_depth/get_loggers] /camera/depth/rectify_depth rosrpc://pc:36655
[rosmaster.master][INFO] 2012-12-15 15:30:05,982: -SERVICE [/camera/depth/metric/get_loggers] /camera/depth/metric rosrpc://pc:46248
[rosmaster.master][INFO] 2012-12-15 15:30:05,991: -SERVICE [/camera/ir/rectify_ir/get_loggers] /camera/ir/rectify_ir rosrpc://pc:54404
[rosmaster.master][INFO] 2012-12-15 15:30:05,991: publisherUpdate[/rosout] -> http://pc:46003/
[rosmaster.master][INFO] 2012-12-15 15:30:05,995: publisherUpdate[/rosout] -> http://pc:46003/
[rosmaster.master][INFO] 2012-12-15 15:30:05,997: publisherUpdate[/rosout] -> http://pc:46003/
[rosmaster.master][INFO] 2012-12-15 15:30:06,001: -SERVICE [/camera/depth/rectify_depth/set_logger_level] /camera/depth/rectify_depth rosrpc://pc:36655
[rosmaster.master][INFO] 2012-12-15 15:30:06,004: -SERVICE [/camera/depth/metric/set_logger_level] /camera/depth/metric rosrpc://pc:46248
[rosmaster.master][INFO] 2012-12-15 15:30:06,008: -SERVICE [/camera/ir/rectify_ir/set_logger_level] /camera/ir/rectify_ir rosrpc://pc:54404
[rosmaster.master][INFO] 2012-12-15 15:30:06,058: -PUB [/rosout] /camera/depth/metric_rect http://pc:45152/
[rosmaster.master][INFO] 2012-12-15 15:30:06,059: -SERVICE [/camera/depth/metric_rect/get_loggers] /camera/depth/metric_rect rosrpc://pc:52579
[rosmaster.master][INFO] 2012-12-15 15:30:06,060: -SERVICE [/camera/depth/metric_rect/set_logger_level] /camera/depth/metric_rect rosrpc://pc:52579
[rosmaster.master][INFO] 2012-12-15 15:30:06,065: -PUB [/rosout] /camera/rgb/rectify_color http://pc:41778/
[rosmaster.master][INFO] 2012-12-15 15:30:06,066: -SERVICE [/camera/rgb/rectify_color/get_loggers] /camera/rgb/rectify_color rosrpc://pc:38440
[rosmaster.master][INFO] 2012-12-15 15:30:06,067: -SERVICE [/camera/rgb/rectify_color/set_logger_level] /camera/rgb/rectify_color rosrpc://pc:38440
[rosmaster.master][INFO] 2012-12-15 15:30:06,076: -PUB [/rosout] /camera_nodelet_manager http://pc:44340/
[rosmaster.master][INFO] 2012-12-15 15:30:06,077: -PUB [/camera/depth_registered/image_rect_raw/compressed] /camera_nodelet_manager http://pc:44340/
[rosmaster.master][INFO] 2012-12-15 15:30:06,078: -PUB [/camera/depth_registered/image_rect_raw/compressed/parameter_descriptions] /camera_nodelet_manager http://pc:44340/
[rosmaster.master][INFO] 2012-12-15 15:30:06,079: -PUB [/camera/depth_registered/image_rect_raw/compressed/parameter_updates] /camera_nodelet_manager http://pc:44340/
[rosmaster.master][INFO] 2012-12-15 15:30:06,080: -PUB [/camera/depth_registered/image_rect_raw] /camera_nodelet_manager http://pc:44340/
[rosmaster.master][INFO] 2012-12-15 15:30:06,081: -PUB [/camera/depth_registered/image_rect_raw/theora] /camera_nodelet_manager http://pc:44340/
[rosmaster.master][INFO] 2012-12-15 15:30:06,082: -PUB [/camera/depth_registered/image_rect_raw/theora/parameter_descriptions] /camera_nodelet_manager http://pc:44340/
[rosmaster.master][INFO] 2012-12-15 15:30:06,083: -PUB [/camera/depth_registered/image_rect_raw/theora/parameter_updates] /camera_nodelet_manager http://pc:44340/
[rosmaster.master][INFO] 2012-12-15 15:30:06,083: -PUB [/camera/depth_registered/camera_info] /camera_nodelet_manager http://pc:44340/
[rosmaster.master][INFO] 2012-12-15 15:30:06,084: -PUB [/camera/depth/image_rect/compressed] /camera_nodelet_manager http://pc:44340/
[rosmaster.master][INFO] 2012-12-15 15:30:06,085: -PUB [/camera/depth/image_rect/compressed/parameter_descriptions] /camera_nodelet_manager http://pc:44340/
[rosmaster.master][INFO] 2012-12-15 15:30:06,086: -PUB [/camera/depth/image_rect/compressed/parameter_updates] /camera_nodelet_manager http://pc:44340/
[rosmaster.master][INFO] 2012-12-15 15:30:06,087: -PUB [/camera/depth/image_rect] /camera_nodelet_manager http://pc:44340/
[rosmaster.master][INFO] 2012-12-15 15:30:06,088: -PUB [/camera/depth/image_rect/theora] /camera_nodelet_manager http://pc:44340/
[rosmaster.master][INFO] 2012-12-15 15:30:06,089: -PUB [/camera/depth/image_rect/theora/parameter_descriptions] /camera_nodelet_manager http://pc:44340/
[rosmaster.master][INFO] 2012-12-15 15:30:06,090: -PUB [/camera/depth/image_rect/theora/parameter_updates] /camera_nodelet_manager http://pc:44340/
[rosmaster.master][INFO] 2012-12-15 15:30:06,091: -PUB [/camera/depth/image_rect_raw/compressed] /camera_nodelet_manager http://pc:44340/
[rosmaster.master][INFO] 2012-12-15 15:30:06,092: -PUB [/camera/depth/image_rect_raw/compressed/parameter_descriptions] /camera_nodelet_manager http://pc:44340/
[rosmaster.master][INFO] 2012-12-15 15:30:06,093: -PUB [/camera/depth/image_rect_raw/compressed/parameter_updates] /camera_nodelet_manager http://pc:44340/
[rosmaster.master][INFO] 2012-12-15 15:30:06,094: -PUB [/camera/depth/image_rect_raw] /camera_nodelet_manager http://pc:44340/
[rosmaster.master][INFO] 2012-12-15 15:30:06,095: -PUB [/camera/depth/image_rect_raw/theora] /camera_nodelet_manager http://pc:44340/
[rosmaster.master][INFO] 2012-12-15 15:30:06,096: -PUB [/camera/depth/image_rect_raw/theora/parameter_descriptions] /camera_nodelet_manager http://pc:44340/
[rosmaster.master][INFO] 2012-12-15 15:30:06,097: -PUB [/camera/depth/image_rect_raw/theora/parameter_updates] /camera_nodelet_manager http://pc:44340/
[rosmaster.master][INFO] 2012-12-15 15:30:06,097: -PUB [/camera/rgb/debayer/parameter_descriptions] /camera_nodelet_manager http://pc:44340/
[rosmaster.master][INFO] 2012-12-15 15:30:06,098: -PUB [/camera/rgb/debayer/parameter_updates] /camera_nodelet_manager http://pc:44340/
[rosmaster.master][INFO] 2012-12-15 15:30:06,099: -PUB [/camera/rgb/image_mono/compressed] /camera_nodelet_manager http://pc:44340/
[rosmaster.master][INFO] 2012-12-15 15:30:06,100: -PUB [/camera/rgb/image_mono/compressed/parameter_descriptions] /camera_nodelet_manager http://pc:44340/
[rosmaster.master][INFO] 2012-12-15 15:30:06,100: publisherUpdate[/rosout] -> http://pc:46003/
[rosmaster.master][INFO] 2012-12-15 15:30:06,101: publisherUpdate[/rosout] -> http://pc:46003/
[rosmaster.master][INFO] 2012-12-15 15:30:06,102: -PUB [/camera/rgb/image_mono/compressed/parameter_updates] /camera_nodelet_manager http://pc:44340/
[rosmaster.master][INFO] 2012-12-15 15:30:06,102: publisherUpdate[/rosout] -> http://pc:46003/
[rosmaster.master][INFO] 2012-12-15 15:30:06,104: -PUB [/camera/rgb/image_mono] /camera_nodelet_manager http://pc:44340/
[rosmaster.master][INFO] 2012-12-15 15:30:06,105: -PUB [/camera/rgb/image_mono/theora] /camera_nodelet_manager http://pc:44340/
[rosmaster.master][INFO] 2012-12-15 15:30:06,105: -PUB [/camera/rgb/image_mono/theora/parameter_descriptions] /camera_nodelet_manager http://pc:44340/
[rosmaster.master][INFO] 2012-12-15 15:30:06,106: -PUB [/camera/rgb/image_mono/theora/parameter_updates] /camera_nodelet_manager http://pc:44340/
[rosmaster.master][INFO] 2012-12-15 15:30:06,107: -PUB [/camera/rgb/image_color/compressed] /camera_nodelet_manager http://pc:44340/
[rosmaster.master][INFO] 2012-12-15 15:30:06,108: -PUB [/camera/rgb/image_color/compressed/parameter_descriptions] /camera_nodelet_manager http://pc:44340/
[rosmaster.master][INFO] 2012-12-15 15:30:06,109: -PUB [/camera/rgb/image_color/compressed/parameter_updates] /camera_nodelet_manager http://pc:44340/
[rosmaster.master][INFO] 2012-12-15 15:30:06,109: -PUB [/camera/rgb/image_color] /camera_nodelet_manager http://pc:44340/
[rosmaster.master][INFO] 2012-12-15 15:30:06,110: -PUB [/camera/rgb/image_color/theora] /camera_nodelet_manager http://pc:44340/
[rosmaster.master][INFO] 2012-12-15 15:30:06,111: -PUB [/camera/rgb/image_color/theora/parameter_descriptions] /camera_nodelet_manager http://pc:44340/
[rosmaster.master][INFO] 2012-12-15 15:30:06,112: -PUB [/camera/rgb/image_color/theora/parameter_updates] /camera_nodelet_manager http://pc:44340/
[rosmaster.master][INFO] 2012-12-15 15:30:06,113: -PUB [/camera/depth_registered/image_rect/compressed] /camera_nodelet_manager http://pc:44340/
[rosmaster.master][INFO] 2012-12-15 15:30:06,113: -PUB [/camera/depth_registered/image_rect/compressed/parameter_descriptions] /camera_nodelet_manager http://pc:44340/
[rosmaster.master][INFO] 2012-12-15 15:30:06,114: -PUB [/camera/depth_registered/image_rect/compressed/parameter_updates] /camera_nodelet_manager http://pc:44340/
[rosmaster.master][INFO] 2012-12-15 15:30:06,115: -PUB [/camera/depth_registered/image_rect] /camera_nodelet_manager http://pc:44340/
[rosmaster.master][INFO] 2012-12-15 15:30:06,116: -PUB [/camera/depth_registered/image_rect/theora] /camera_nodelet_manager http://pc:44340/
[rosmaster.master][INFO] 2012-12-15 15:30:06,117: -PUB [/camera/depth_registered/image_rect/theora/parameter_descriptions] /camera_nodelet_manager http://pc:44340/
[rosmaster.master][INFO] 2012-12-15 15:30:06,117: -PUB [/camera/depth_registered/image_rect/theora/parameter_updates] /camera_nodelet_manager http://pc:44340/
[rosmaster.master][INFO] 2012-12-15 15:30:06,118: -PUB [/camera/depth_registered/image/compressed] /camera_nodelet_manager http://pc:44340/
[rosmaster.master][INFO] 2012-12-15 15:30:06,119: -PUB [/camera/depth_registered/image/compressed/parameter_descriptions] /camera_nodelet_manager http://pc:44340/
[rosmaster.master][INFO] 2012-12-15 15:30:06,120: -PUB [/camera/depth_registered/image/compressed/parameter_updates] /camera_nodelet_manager http://pc:44340/
[rosmaster.master][INFO] 2012-12-15 15:30:06,121: -PUB [/camera/depth_registered/image] /camera_nodelet_manager http://pc:44340/
[rosmaster.master][INFO] 2012-12-15 15:30:06,122: -PUB [/camera/depth_registered/image/theora] /camera_nodelet_manager http://pc:44340/
[rosmaster.master][INFO] 2012-12-15 15:30:06,122: -PUB [/camera/depth_registered/image/theora/parameter_descriptions] /camera_nodelet_manager http://pc:44340/
[rosmaster.master][INFO] 2012-12-15 15:30:06,123: -PUB [/camera/depth_registered/image/theora/parameter_updates] /camera_nodelet_manager http://pc:44340/
[rosmaster.master][INFO] 2012-12-15 15:30:06,124: -PUB [/camera/ir/image_rect/compressed] /camera_nodelet_manager http://pc:44340/
[rosmaster.master][INFO] 2012-12-15 15:30:06,125: -PUB [/camera/ir/image_rect/compressed/parameter_descriptions] /camera_nodelet_manager http://pc:44340/
[rosmaster.master][INFO] 2012-12-15 15:30:06,126: -PUB [/camera/ir/image_rect/compressed/parameter_updates] /camera_nodelet_manager http://pc:44340/
[rosmaster.master][INFO] 2012-12-15 15:30:06,127: -PUB [/camera/ir/image_rect] /camera_nodelet_manager http://pc:44340/
[rosmaster.master][INFO] 2012-12-15 15:30:06,127: -PUB [/camera/ir/image_rect/theora] /camera_nodelet_manager http://pc:44340/
[rosmaster.master][INFO] 2012-12-15 15:30:06,128: -PUB [/camera/ir/image_rect/theora/parameter_descriptions] /camera_nodelet_manager http://pc:44340/
[rosmaster.master][INFO] 2012-12-15 15:30:06,129: -PUB [/camera/ir/image_rect/theora/parameter_updates] /camera_nodelet_manager http://pc:44340/
[rosmaster.master][INFO] 2012-12-15 15:30:06,130: -PUB [/camera/depth/image/compressed] /camera_nodelet_manager http://pc:44340/
[rosmaster.master][INFO] 2012-12-15 15:30:06,131: -PUB [/camera/depth/image/compressed/parameter_descriptions] /camera_nodelet_manager http://pc:44340/
[rosmaster.master][INFO] 2012-12-15 15:30:06,132: -PUB [/camera/depth/image/compressed/parameter_updates] /camera_nodelet_manager http://pc:44340/
[rosmaster.master][INFO] 2012-12-15 15:30:06,134: -PUB [/camera/depth/image] /camera_nodelet_manager http://pc:44340/
[rosmaster.master][INFO] 2012-12-15 15:30:06,135: -PUB [/camera/depth/image/theora] /camera_nodelet_manager http://pc:44340/
[rosmaster.master][INFO] 2012-12-15 15:30:06,136: -PUB [/camera/depth/image/theora/parameter_descriptions] /camera_nodelet_manager http://pc:44340/
[rosmaster.master][INFO] 2012-12-15 15:30:06,137: -PUB [/camera/depth/image/theora/parameter_updates] /camera_nodelet_manager http://pc:44340/
[rosmaster.master][INFO] 2012-12-15 15:30:06,138: -PUB [/camera/rgb/image_rect_color/compressed] /camera_nodelet_manager http://pc:44340/
[rosmaster.master][INFO] 2012-12-15 15:30:06,139: -PUB [/camera/rgb/image_rect_color/compressed/parameter_descriptions] /camera_nodelet_manager http://pc:44340/
[rosmaster.master][INFO] 2012-12-15 15:30:06,141: -PUB [/camera/rgb/image_rect_color/compressed/parameter_updates] /camera_nodelet_manager http://pc:44340/
[rosmaster.master][INFO] 2012-12-15 15:30:06,141: -PUB [/camera/rgb/image_rect_color] /camera_nodelet_manager http://pc:44340/
[rosmaster.master][INFO] 2012-12-15 15:30:06,142: -PUB [/camera/rgb/image_rect_color/theora] /camera_nodelet_manager http://pc:44340/
[rosmaster.master][INFO] 2012-12-15 15:30:06,143: -PUB [/camera/rgb/image_rect_color/theora/parameter_descriptions] /camera_nodelet_manager http://pc:44340/
[rosmaster.master][INFO] 2012-12-15 15:30:06,144: -PUB [/camera/rgb/image_rect_color/theora/parameter_updates] /camera_nodelet_manager http://pc:44340/
[rosmaster.master][INFO] 2012-12-15 15:30:06,145: -PUB [/camera/driver/parameter_descriptions] /camera_nodelet_manager http://pc:44340/
[rosmaster.master][INFO] 2012-12-15 15:30:06,146: -PUB [/camera/driver/parameter_updates] /camera_nodelet_manager http://pc:44340/
[rosmaster.master][INFO] 2012-12-15 15:30:06,147: -PUB [/camera/rgb/image_raw/compressed] /camera_nodelet_manager http://pc:44340/
[rosmaster.master][INFO] 2012-12-15 15:30:06,147: -PUB [/camera/rgb/image_raw/compressed/parameter_descriptions] /camera_nodelet_manager http://pc:44340/
[rosmaster.master][INFO] 2012-12-15 15:30:06,148: -PUB [/camera/rgb/image_raw/compressed/parameter_updates] /camera_nodelet_manager http://pc:44340/
[rosmaster.master][INFO] 2012-12-15 15:30:06,149: -PUB [/camera/rgb/image_raw] /camera_nodelet_manager http://pc:44340/
[rosmaster.master][INFO] 2012-12-15 15:30:06,150: -PUB [/camera/rgb/image_raw/theora] /camera_nodelet_manager http://pc:44340/
[rosmaster.master][INFO] 2012-12-15 15:30:06,151: -PUB [/camera/rgb/image_raw/theora/parameter_descriptions] /camera_nodelet_manager http://pc:44340/
[rosmaster.master][INFO] 2012-12-15 15:30:06,152: -PUB [/camera/rgb/image_raw/theora/parameter_updates] /camera_nodelet_manager http://pc:44340/
[rosmaster.master][INFO] 2012-12-15 15:30:06,153: -PUB [/camera/rgb/camera_info] /camera_nodelet_manager http://pc:44340/
[rosmaster.master][INFO] 2012-12-15 15:30:06,154: -PUB [/camera/ir/image_raw/compressed] /camera_nodelet_manager http://pc:44340/
[rosmaster.master][INFO] 2012-12-15 15:30:06,155: -PUB [/camera/rgb/rectify_mono/parameter_descriptions] /camera_nodelet_manager http://pc:44340/
[rosmaster.master][INFO] 2012-12-15 15:30:06,155: -PUB [/camera/ir/image_raw/compressed/parameter_descriptions] /camera_nodelet_manager http://pc:44340/
[rosmaster.master][INFO] 2012-12-15 15:30:06,156: -PUB [/camera/rgb/rectify_mono/parameter_updates] /camera_nodelet_manager http://pc:44340/
[rosmaster.master][INFO] 2012-12-15 15:30:06,157: -PUB [/camera/ir/image_raw/compressed/parameter_updates] /camera_nodelet_manager http://pc:44340/
[rosmaster.master][INFO] 2012-12-15 15:30:06,158: -PUB [/camera/rgb/image_rect/compressed] /camera_nodelet_manager http://pc:44340/
[rosmaster.master][INFO] 2012-12-15 15:30:06,159: -PUB [/camera/rgb/image_rect/compressed/parameter_descriptions] /camera_nodelet_manager http://pc:44340/
[rosmaster.master][INFO] 2012-12-15 15:30:06,160: -PUB [/camera/rgb/image_rect/compressed/parameter_updates] /camera_nodelet_manager http://pc:44340/
[rosmaster.master][INFO] 2012-12-15 15:30:06,161: -PUB [/camera/ir/image_raw] /camera_nodelet_manager http://pc:44340/
[rosmaster.master][INFO] 2012-12-15 15:30:06,162: -PUB [/camera/ir/image_raw/theora] /camera_nodelet_manager http://pc:44340/
[rosmaster.master][INFO] 2012-12-15 15:30:06,163: -PUB [/camera/ir/image_raw/theora/parameter_descriptions] /camera_nodelet_manager http://pc:44340/
[rosmaster.master][INFO] 2012-12-15 15:30:06,164: -PUB [/camera/ir/image_raw/theora/parameter_updates] /camera_nodelet_manager http://pc:44340/
[rosmaster.master][INFO] 2012-12-15 15:30:06,165: -PUB [/camera/rgb/image_rect] /camera_nodelet_manager http://pc:44340/
[rosmaster.master][INFO] 2012-12-15 15:30:06,166: -PUB [/camera/rgb/image_rect/theora] /camera_nodelet_manager http://pc:44340/
[rosmaster.master][INFO] 2012-12-15 15:30:06,167: -PUB [/camera/rgb/image_rect/theora/parameter_descriptions] /camera_nodelet_manager http://pc:44340/
[rosmaster.master][INFO] 2012-12-15 15:30:06,168: -PUB [/camera/rgb/image_rect/theora/parameter_updates] /camera_nodelet_manager http://pc:44340/
[rosmaster.master][INFO] 2012-12-15 15:30:06,169: -PUB [/camera/ir/camera_info] /camera_nodelet_manager http://pc:44340/
[rosmaster.master][INFO] 2012-12-15 15:30:06,169: -PUB [/camera/depth/image_raw/compressed] /camera_nodelet_manager http://pc:44340/
[rosmaster.master][INFO] 2012-12-15 15:30:06,170: -PUB [/camera/depth/image_raw/compressed/parameter_descriptions] /camera_nodelet_manager http://pc:44340/
[rosmaster.master][INFO] 2012-12-15 15:30:06,171: -PUB [/camera/depth/image_raw/compressed/parameter_updates] /camera_nodelet_manager http://pc:44340/
[rosmaster.master][INFO] 2012-12-15 15:30:06,172: -PUB [/camera/depth/image_raw] /camera_nodelet_manager http://pc:44340/
[rosmaster.master][INFO] 2012-12-15 15:30:06,173: -PUB [/camera/depth/image_raw/theora] /camera_nodelet_manager http://pc:44340/
[rosmaster.master][INFO] 2012-12-15 15:30:06,174: -PUB [/camera/depth/image_raw/theora/parameter_descriptions] /camera_nodelet_manager http://pc:44340/
[rosmaster.master][INFO] 2012-12-15 15:30:06,175: -PUB [/camera/depth/image_raw/theora/parameter_updates] /camera_nodelet_manager http://pc:44340/
[rosmaster.master][INFO] 2012-12-15 15:30:06,175: -PUB [/camera/depth/camera_info] /camera_nodelet_manager http://pc:44340/
[rosmaster.master][INFO] 2012-12-15 15:30:06,176: -PUB [/camera/projector/camera_info] /camera_nodelet_manager http://pc:44340/
[rosmaster.master][INFO] 2012-12-15 15:30:06,177: -PUB [/camera/depth_registered/image_raw/compressed] /camera_nodelet_manager http://pc:44340/
[rosmaster.master][INFO] 2012-12-15 15:30:06,178: -PUB [/camera/depth_registered/image_raw/compressed/parameter_descriptions] /camera_nodelet_manager http://pc:44340/
[rosmaster.master][INFO] 2012-12-15 15:30:06,179: -PUB [/camera/depth_registered/image_raw/compressed/parameter_updates] /camera_nodelet_manager http://pc:44340/
[rosmaster.master][INFO] 2012-12-15 15:30:06,180: -PUB [/camera/depth_registered/image_raw] /camera_nodelet_manager http://pc:44340/
[rosmaster.master][INFO] 2012-12-15 15:30:06,181: -PUB [/camera/depth_registered/image_raw/theora] /camera_nodelet_manager http://pc:44340/
[rosmaster.master][INFO] 2012-12-15 15:30:06,181: -PUB [/camera/depth_registered/image_raw/theora/parameter_descriptions] /camera_nodelet_manager http://pc:44340/
[rosmaster.master][INFO] 2012-12-15 15:30:06,182: -PUB [/camera/depth_registered/image_raw/theora/parameter_updates] /camera_nodelet_manager http://pc:44340/
[rosmaster.master][INFO] 2012-12-15 15:30:06,183: -SERVICE [/camera_nodelet_manager/get_loggers] /camera_nodelet_manager rosrpc://pc:36127
[rosmaster.master][INFO] 2012-12-15 15:30:06,184: -SERVICE [/camera_nodelet_manager/set_logger_level] /camera_nodelet_manager rosrpc://pc:36127
[rosmaster.master][INFO] 2012-12-15 15:30:06,185: -SERVICE [/camera_nodelet_manager/load_nodelet] /camera_nodelet_manager rosrpc://pc:36127
[rosmaster.master][INFO] 2012-12-15 15:30:06,186: -SERVICE [/camera_nodelet_manager/unload_nodelet] /camera_nodelet_manager rosrpc://pc:36127
[rosmaster.master][INFO] 2012-12-15 15:30:06,187: -SERVICE [/camera_nodelet_manager/list] /camera_nodelet_manager rosrpc://pc:36127
[rosmaster.master][INFO] 2012-12-15 15:30:06,188: -SERVICE [/camera/depth/image_rect/compressed/set_parameters] /camera_nodelet_manager rosrpc://pc:36127
[rosmaster.master][INFO] 2012-12-15 15:30:06,188: -SERVICE [/camera/depth/image_rect/theora/set_parameters] /camera_nodelet_manager rosrpc://pc:36127
[rosmaster.master][INFO] 2012-12-15 15:30:06,189: -SERVICE [/camera/depth/image_rect_raw/compressed/set_parameters] /camera_nodelet_manager rosrpc://pc:36127
[rosmaster.master][INFO] 2012-12-15 15:30:06,190: -SERVICE [/camera/depth/image_rect_raw/theora/set_parameters] /camera_nodelet_manager rosrpc://pc:36127
[rosmaster.master][INFO] 2012-12-15 15:30:06,191: -SERVICE [/camera/rgb/debayer/set_parameters] /camera_nodelet_manager rosrpc://pc:36127
[rosmaster.master][INFO] 2012-12-15 15:30:06,192: -SERVICE [/camera/rgb/image_mono/compressed/set_parameters] /camera_nodelet_manager rosrpc://pc:36127
[rosmaster.master][INFO] 2012-12-15 15:30:06,193: -SERVICE [/camera/rgb/image_mono/theora/set_parameters] /camera_nodelet_manager rosrpc://pc:36127
[rosmaster.master][INFO] 2012-12-15 15:30:06,194: -SERVICE [/camera/rgb/image_color/compressed/set_parameters] /camera_nodelet_manager rosrpc://pc:36127
[rosmaster.master][INFO] 2012-12-15 15:30:06,195: -SERVICE [/camera/rgb/image_color/theora/set_parameters] /camera_nodelet_manager rosrpc://pc:36127
[rosmaster.master][INFO] 2012-12-15 15:30:06,196: -SERVICE [/camera/depth_registered/image_rect/compressed/set_parameters] /camera_nodelet_manager rosrpc://pc:36127
[rosmaster.master][INFO] 2012-12-15 15:30:06,196: -SERVICE [/camera/depth_registered/image_rect/theora/set_parameters] /camera_nodelet_manager rosrpc://pc:36127
[rosmaster.master][INFO] 2012-12-15 15:30:06,197: -SERVICE [/camera/depth_registered/image/compressed/set_parameters] /camera_nodelet_manager rosrpc://pc:36127
[rosmaster.master][INFO] 2012-12-15 15:30:06,198: -SERVICE [/camera/depth_registered/image/theora/set_parameters] /camera_nodelet_manager rosrpc://pc:36127
[rosmaster.master][INFO] 2012-12-15 15:30:06,199: -SERVICE [/camera/ir/image_rect/compressed/set_parameters] /camera_nodelet_manager rosrpc://pc:36127
[rosmaster.master][INFO] 2012-12-15 15:30:06,200: -SERVICE [/camera/ir/image_rect/theora/set_parameters] /camera_nodelet_manager rosrpc://pc:36127
[rosmaster.master][INFO] 2012-12-15 15:30:06,201: -SERVICE [/camera/depth/image/compressed/set_parameters] /camera_nodelet_manager rosrpc://pc:36127
[rosmaster.master][INFO] 2012-12-15 15:30:06,202: -SERVICE [/camera/depth/image/theora/set_parameters] /camera_nodelet_manager rosrpc://pc:36127
[rosmaster.master][INFO] 2012-12-15 15:30:06,203: -SERVICE [/camera/rgb/image_rect_color/compressed/set_parameters] /camera_nodelet_manager rosrpc://pc:36127
[rosmaster.master][INFO] 2012-12-15 15:30:06,203: -SERVICE [/camera/rgb/image_rect_color/theora/set_parameters] /camera_nodelet_manager rosrpc://pc:36127
[rosmaster.master][INFO] 2012-12-15 15:30:06,205: -SERVICE [/camera/driver/set_parameters] /camera_nodelet_manager rosrpc://pc:36127
[rosmaster.master][INFO] 2012-12-15 15:30:06,207: -SERVICE [/camera/rgb/set_camera_info] /camera_nodelet_manager rosrpc://pc:36127
[rosmaster.master][INFO] 2012-12-15 15:30:06,208: -SERVICE [/camera/ir/set_camera_info] /camera_nodelet_manager rosrpc://pc:36127
[rosmaster.master][INFO] 2012-12-15 15:30:06,209: -SERVICE [/camera/rgb/image_raw/compressed/set_parameters] /camera_nodelet_manager rosrpc://pc:36127
[rosmaster.master][INFO] 2012-12-15 15:30:06,210: -SERVICE [/camera/rgb/image_raw/theora/set_parameters] /camera_nodelet_manager rosrpc://pc:36127
[rosmaster.master][INFO] 2012-12-15 15:30:06,211: -SERVICE [/camera/rgb/rectify_mono/set_parameters] /camera_nodelet_manager rosrpc://pc:36127
[rosmaster.master][INFO] 2012-12-15 15:30:06,211: -SERVICE [/camera/ir/image_raw/compressed/set_parameters] /camera_nodelet_manager rosrpc://pc:36127
[rosmaster.master][INFO] 2012-12-15 15:30:06,212: -SERVICE [/camera/rgb/image_rect/compressed/set_parameters] /camera_nodelet_manager rosrpc://pc:36127
[rosmaster.master][INFO] 2012-12-15 15:30:06,213: -SERVICE [/camera/ir/image_raw/theora/set_parameters] /camera_nodelet_manager rosrpc://pc:36127
[rosmaster.master][INFO] 2012-12-15 15:30:06,214: -SERVICE [/camera/rgb/image_rect/theora/set_parameters] /camera_nodelet_manager rosrpc://pc:36127
[rosmaster.master][INFO] 2012-12-15 15:30:06,215: -SERVICE [/camera/depth/image_raw/compressed/set_parameters] /camera_nodelet_manager rosrpc://pc:36127
[rosmaster.master][INFO] 2012-12-15 15:30:06,215: -SERVICE [/camera/depth/image_raw/theora/set_parameters] /camera_nodelet_manager rosrpc://pc:36127
[rosmaster.master][INFO] 2012-12-15 15:30:06,216: -SERVICE [/camera/depth_registered/image_raw/compressed/set_parameters] /camera_nodelet_manager rosrpc://pc:36127
[rosmaster.master][INFO] 2012-12-15 15:30:06,217: -SERVICE [/camera/depth_registered/image_raw/theora/set_parameters] /camera_nodelet_manager rosrpc://pc:36127
[rosmaster.master][INFO] 2012-12-15 15:30:06,259: -PUB [/rosout] /camera/driver http://pc:38671/
[rosmaster.master][INFO] 2012-12-15 15:30:06,261: -SERVICE [/camera/driver/get_loggers] /camera/driver rosrpc://pc:57049
[rosmaster.master][INFO] 2012-12-15 15:30:06,262: -PUB [/rosout] /camera/rgb/debayer http://pc:53081/
[rosmaster.master][INFO] 2012-12-15 15:30:06,262: -SERVICE [/camera/driver/set_logger_level] /camera/driver rosrpc://pc:57049
[rosmaster.master][INFO] 2012-12-15 15:30:06,263: -SERVICE [/camera/rgb/debayer/get_loggers] /camera/rgb/debayer rosrpc://pc:44957
[rosmaster.master][INFO] 2012-12-15 15:30:06,264: -SERVICE [/camera/rgb/debayer/set_logger_level] /camera/rgb/debayer rosrpc://pc:44957
[rosmaster.master][INFO] 2012-12-15 15:30:06,267: -PUB [/rosout] /camera/rgb/rectify_mono http://pc:43459/
[rosmaster.master][INFO] 2012-12-15 15:30:06,268: -SERVICE [/camera/rgb/rectify_mono/get_loggers] /camera/rgb/rectify_mono rosrpc://pc:51173
[rosmaster.master][INFO] 2012-12-15 15:30:06,269: -SERVICE [/camera/rgb/rectify_mono/set_logger_level] /camera/rgb/rectify_mono rosrpc://pc:51173
[rosmaster.master][INFO] 2012-12-15 15:30:06,304: publisherUpdate[/rosout] -> http://pc:46003/
[rosmaster.master][INFO] 2012-12-15 15:30:06,306: publisherUpdate[/rosout] -> http://pc:46003/
[rosmaster.master][INFO] 2012-12-15 15:30:06,307: publisherUpdate[/rosout] -> http://pc:46003/
[rosmaster.master][INFO] 2012-12-15 15:30:06,910: -PUB [/rosout_agg] /rosout http://pc:46003/
[rosmaster.master][INFO] 2012-12-15 15:30:06,911: -SUB [/rosout] /rosout http://pc:46003/
[rosmaster.master][INFO] 2012-12-15 15:30:06,912: -SERVICE [/rosout/get_loggers] /rosout rosrpc://pc:40436
[rosmaster.master][INFO] 2012-12-15 15:30:06,913: -SERVICE [/rosout/set_logger_level] /rosout rosrpc://pc:40436
[rosmaster.main][INFO] 2012-12-15 15:30:06,991: keyboard interrupt, will exit
[rosmaster.main][INFO] 2012-12-15 15:30:06,991: stopping master...
