[rosmaster.main][INFO] 2012-12-16 00:29:20,175: initialization complete, waiting for shutdown
[rosmaster.main][INFO] 2012-12-16 00:29:20,176: Starting ROS Master Node
[xmlrpc][INFO] 2012-12-16 00:29:20,176: XML-RPC server binding to 0.0.0.0
[xmlrpc][INFO] 2012-12-16 00:29:20,177: Started XML-RPC server [http://pc:11311/]
[xmlrpc][INFO] 2012-12-16 00:29:20,178: xml rpc node: starting XML-RPC server
[rosmaster.master][INFO] 2012-12-16 00:29:20,178: Master initialized: port[11311], uri[http://pc:11311/]
[rosmaster.master][INFO] 2012-12-16 00:29:20,288: +PARAM [/run_id] by /roslaunch
[rosmaster.master][INFO] 2012-12-16 00:29:20,293: +PARAM [/roslaunch/uris/host_pc__55068] by /roslaunch
[rosmaster.master][INFO] 2012-12-16 00:29:20,325: +PARAM [/rosdistro] by /roslaunch
[rosmaster.master][INFO] 2012-12-16 00:29:20,325: +PARAM [/camera/driver/rgb_frame_id] by /roslaunch
[rosmaster.master][INFO] 2012-12-16 00:29:20,325: +PARAM [/camera/disparity_depth_registered/min_range] by /roslaunch
[rosmaster.master][INFO] 2012-12-16 00:29:20,325: +PARAM [/camera/driver/rgb_camera_info_url] by /roslaunch
[rosmaster.master][INFO] 2012-12-16 00:29:20,326: +PARAM [/camera/depth_registered/rectify_depth/interpolation] by /roslaunch
[rosmaster.master][INFO] 2012-12-16 00:29:20,326: +PARAM [/camera/driver/depth_frame_id] by /roslaunch
[rosmaster.master][INFO] 2012-12-16 00:29:20,326: +PARAM [/camera/depth/rectify_depth/interpolation] by /roslaunch
[rosmaster.master][INFO] 2012-12-16 00:29:20,326: +PARAM [/camera/disparity_depth/max_range] by /roslaunch
[rosmaster.master][INFO] 2012-12-16 00:29:20,327: +PARAM [/rosversion] by /roslaunch
[rosmaster.master][INFO] 2012-12-16 00:29:20,327: +PARAM [/camera/driver/device_id] by /roslaunch
[rosmaster.master][INFO] 2012-12-16 00:29:20,327: +PARAM [/camera/driver/depth_camera_info_url] by /roslaunch
[rosmaster.master][INFO] 2012-12-16 00:29:20,327: +PARAM [/camera/disparity_depth/min_range] by /roslaunch
[rosmaster.master][INFO] 2012-12-16 00:29:20,327: +PARAM [/camera/disparity_depth_registered/max_range] by /roslaunch
[rosmaster.master][INFO] 2012-12-16 00:29:20,332: +SERVICE [/rosout/get_loggers] /rosout http://pc:50433/
[rosmaster.master][INFO] 2012-12-16 00:29:20,333: +SERVICE [/rosout/set_logger_level] /rosout http://pc:50433/
[rosmaster.master][INFO] 2012-12-16 00:29:20,336: +PUB [/rosout_agg] /rosout http://pc:50433/
[rosmaster.master][INFO] 2012-12-16 00:29:20,338: +SUB [/rosout] /rosout http://pc:50433/
[rosmaster.master][INFO] 2012-12-16 00:29:20,380: +PUB [/rosout] /camera/driver http://pc:51777/
[rosmaster.master][INFO] 2012-12-16 00:29:20,382: +SERVICE [/camera/driver/get_loggers] /camera/driver http://pc:51777/
[rosmaster.master][INFO] 2012-12-16 00:29:20,384: +SERVICE [/camera/driver/set_logger_level] /camera/driver http://pc:51777/
[rosmaster.master][INFO] 2012-12-16 00:29:20,393: +PARAM [/camera/driver] by /camera/driver
[rosmaster.master][INFO] 2012-12-16 00:29:20,394: +PUB [/rosout] /camera/rgb/debayer http://pc:60917/
[rosmaster.master][INFO] 2012-12-16 00:29:20,403: +SERVICE [/camera/rgb/debayer/get_loggers] /camera/rgb/debayer http://pc:60917/
[rosmaster.master][INFO] 2012-12-16 00:29:20,405: +SERVICE [/camera/rgb/debayer/set_logger_level] /camera/rgb/debayer http://pc:60917/
[rosmaster.master][INFO] 2012-12-16 00:29:20,407: +PUB [/rosout] /camera/rgb/rectify_mono http://pc:33787/
[rosmaster.master][INFO] 2012-12-16 00:29:20,409: +SERVICE [/camera/rgb/rectify_mono/get_loggers] /camera/rgb/rectify_mono http://pc:33787/
[rosmaster.master][INFO] 2012-12-16 00:29:20,413: +SERVICE [/camera/rgb/rectify_mono/set_logger_level] /camera/rgb/rectify_mono http://pc:33787/
[rosmaster.master][INFO] 2012-12-16 00:29:20,434: +PUB [/rosout] /camera/ir/rectify_ir http://pc:32834/
[rosmaster.master][INFO] 2012-12-16 00:29:20,435: +SERVICE [/camera/ir/rectify_ir/get_loggers] /camera/ir/rectify_ir http://pc:32834/
[rosmaster.master][INFO] 2012-12-16 00:29:20,437: +PUB [/rosout] /camera/rgb/rectify_color http://pc:40063/
[rosmaster.master][INFO] 2012-12-16 00:29:20,442: +SERVICE [/camera/ir/rectify_ir/set_logger_level] /camera/ir/rectify_ir http://pc:32834/
[rosmaster.master][INFO] 2012-12-16 00:29:20,442: +SERVICE [/camera/rgb/rectify_color/get_loggers] /camera/rgb/rectify_color http://pc:40063/
[rosmaster.master][INFO] 2012-12-16 00:29:20,450: +SERVICE [/camera/rgb/rectify_color/set_logger_level] /camera/rgb/rectify_color http://pc:40063/
[rosmaster.master][INFO] 2012-12-16 00:29:20,472: +PUB [/rosout] /camera/depth/rectify_depth http://pc:53203/
[rosmaster.master][INFO] 2012-12-16 00:29:20,475: +SERVICE [/camera/depth/rectify_depth/get_loggers] /camera/depth/rectify_depth http://pc:53203/
[rosmaster.master][INFO] 2012-12-16 00:29:20,478: publisherUpdate[/rosout] -> http://pc:50433/
[rosmaster.master][INFO] 2012-12-16 00:29:20,481: +SERVICE [/camera/depth/rectify_depth/set_logger_level] /camera/depth/rectify_depth http://pc:53203/
[rosmaster.master][INFO] 2012-12-16 00:29:20,490: +PUB [/rosout] /camera/depth/metric_rect http://pc:60399/
[rosmaster.master][INFO] 2012-12-16 00:29:20,493: +SERVICE [/camera/depth/metric_rect/get_loggers] /camera/depth/metric_rect http://pc:60399/
[rosmaster.master][INFO] 2012-12-16 00:29:20,495: +PARAM [/camera/depth/rectify_depth] by /camera/depth/rectify_depth
[rosmaster.master][INFO] 2012-12-16 00:29:20,498: +SERVICE [/camera/depth/metric_rect/set_logger_level] /camera/depth/metric_rect http://pc:60399/
[rosmaster.master][INFO] 2012-12-16 00:29:20,501: publisherUpdate[/rosout] -> http://pc:50433/
[rosmaster.master][INFO] 2012-12-16 00:29:20,502: publisherUpdate[/rosout] -> http://pc:50433/
[rosmaster.master][INFO] 2012-12-16 00:29:20,503: publisherUpdate[/rosout] -> http://pc:50433/
[rosmaster.master][INFO] 2012-12-16 00:29:20,506: publisherUpdate[/rosout] -> http://pc:50433/
[rosmaster.master][INFO] 2012-12-16 00:29:20,508: publisherUpdate[/rosout] -> http://pc:50433/
[rosmaster.master][INFO] 2012-12-16 00:29:20,509: publisherUpdate[/rosout] -> http://pc:50433/
[rosmaster.master][INFO] 2012-12-16 00:29:20,513: +PUB [/rosout] /camera/depth/metric http://pc:32770/
[rosmaster.master][INFO] 2012-12-16 00:29:20,522: +SERVICE [/camera/depth/metric/get_loggers] /camera/depth/metric http://pc:32770/
[rosmaster.master][INFO] 2012-12-16 00:29:20,532: +SERVICE [/camera/depth/metric/set_logger_level] /camera/depth/metric http://pc:32770/
[rosmaster.master][INFO] 2012-12-16 00:29:20,539: +PUB [/rosout] /camera/depth/points http://pc:54234/
[rosmaster.master][INFO] 2012-12-16 00:29:20,554: +PUB [/rosout] /camera/register_depth_rgb http://pc:53751/
[rosmaster.master][INFO] 2012-12-16 00:29:20,556: +SERVICE [/camera/depth/points/get_loggers] /camera/depth/points http://pc:54234/
[rosmaster.master][INFO] 2012-12-16 00:29:20,576: +SERVICE [/camera/register_depth_rgb/get_loggers] /camera/register_depth_rgb http://pc:53751/
[rosmaster.master][INFO] 2012-12-16 00:29:20,586: publisherUpdate[/rosout] -> http://pc:50433/
[rosmaster.master][INFO] 2012-12-16 00:29:20,589: publisherUpdate[/rosout] -> http://pc:50433/
[rosmaster.master][INFO] 2012-12-16 00:29:20,591: publisherUpdate[/rosout] -> http://pc:50433/
[rosmaster.master][INFO] 2012-12-16 00:29:20,594: +SERVICE [/camera/register_depth_rgb/set_logger_level] /camera/register_depth_rgb http://pc:53751/
[rosmaster.master][INFO] 2012-12-16 00:29:20,612: +PUB [/rosout] /camera/depth_registered/metric http://pc:42441/
[rosmaster.master][INFO] 2012-12-16 00:29:20,619: +SERVICE [/camera/depth_registered/metric/get_loggers] /camera/depth_registered/metric http://pc:42441/
[rosmaster.master][INFO] 2012-12-16 00:29:20,624: +SERVICE [/camera/depth_registered/metric/set_logger_level] /camera/depth_registered/metric http://pc:42441/
[rosmaster.master][INFO] 2012-12-16 00:29:20,631: +PUB [/rosout] /camera/disparity_depth_registered http://pc:48475/
[rosmaster.master][INFO] 2012-12-16 00:29:20,637: +PUB [/rosout] /camera_base_link1 http://pc:39495/
[rosmaster.master][INFO] 2012-12-16 00:29:20,639: +SERVICE [/camera/disparity_depth_registered/get_loggers] /camera/disparity_depth_registered http://pc:48475/
[rosmaster.master][INFO] 2012-12-16 00:29:20,643: +SERVICE [/camera_base_link1/get_loggers] /camera_base_link1 http://pc:39495/
[rosmaster.master][INFO] 2012-12-16 00:29:20,651: +SERVICE [/camera/disparity_depth_registered/set_logger_level] /camera/disparity_depth_registered http://pc:48475/
[rosmaster.master][INFO] 2012-12-16 00:29:20,657: +SERVICE [/camera_base_link1/set_logger_level] /camera_base_link1 http://pc:39495/
[rosmaster.master][INFO] 2012-12-16 00:29:20,663: +PUB [/rosout] /camera_base_link2 http://pc:47366/
[rosmaster.master][INFO] 2012-12-16 00:29:20,678: +SERVICE [/camera_base_link2/get_loggers] /camera_base_link2 http://pc:47366/
[rosmaster.master][INFO] 2012-12-16 00:29:20,679: +PARAM [/camera/disparity_depth_registered] by /camera/disparity_depth_registered
[rosmaster.master][INFO] 2012-12-16 00:29:20,682: +PUB [/tf] /camera_base_link1 http://pc:39495/
[rosmaster.master][INFO] 2012-12-16 00:29:20,686: +SERVICE [/camera_base_link2/set_logger_level] /camera_base_link2 http://pc:47366/
[rosmaster.master][INFO] 2012-12-16 00:29:20,686: publisherUpdate[/rosout] -> http://pc:50433/
[rosmaster.master][INFO] 2012-12-16 00:29:20,698: publisherUpdate[/rosout] -> http://pc:50433/
[rosmaster.master][INFO] 2012-12-16 00:29:20,702: publisherUpdate[/rosout] -> http://pc:50433/
[rosmaster.master][INFO] 2012-12-16 00:29:20,703: publisherUpdate[/rosout] -> http://pc:50433/
[rosmaster.master][INFO] 2012-12-16 00:29:20,711: +PUB [/tf] /camera_base_link2 http://pc:47366/
[rosmaster.master][INFO] 2012-12-16 00:29:20,760: +PUB [/rosout] /camera/depth_registered/metric_rect http://pc:42945/
[rosmaster.master][INFO] 2012-12-16 00:29:20,781: +PUB [/rosout] /camera/depth_registered/rectify_depth http://pc:50084/
[rosmaster.master][INFO] 2012-12-16 00:29:20,785: +SERVICE [/camera/depth_registered/metric_rect/get_loggers] /camera/depth_registered/metric_rect http://pc:42945/
[rosmaster.master][INFO] 2012-12-16 00:29:20,793: +SERVICE [/camera/depth_registered/metric_rect/set_logger_level] /camera/depth_registered/metric_rect http://pc:42945/
[rosmaster.master][INFO] 2012-12-16 00:29:20,794: +SERVICE [/camera/depth_registered/rectify_depth/get_loggers] /camera/depth_registered/rectify_depth http://pc:50084/
[rosmaster.master][INFO] 2012-12-16 00:29:20,795: publisherUpdate[/rosout] -> http://pc:50433/
[rosmaster.master][INFO] 2012-12-16 00:29:20,797: publisherUpdate[/rosout] -> http://pc:50433/
[rosmaster.master][INFO] 2012-12-16 00:29:20,801: +PUB [/rosout] /camera_nodelet_manager http://pc:39463/
[rosmaster.master][INFO] 2012-12-16 00:29:20,803: +SERVICE [/camera/depth_registered/rectify_depth/set_logger_level] /camera/depth_registered/rectify_depth http://pc:50084/
[rosmaster.master][INFO] 2012-12-16 00:29:20,805: publisherUpdate[/rosout] -> http://pc:50433/
[rosmaster.master][INFO] 2012-12-16 00:29:20,810: +SERVICE [/camera_nodelet_manager/get_loggers] /camera_nodelet_manager http://pc:39463/
[rosmaster.master][INFO] 2012-12-16 00:29:20,822: +SERVICE [/camera_nodelet_manager/set_logger_level] /camera_nodelet_manager http://pc:39463/
[rosmaster.master][INFO] 2012-12-16 00:29:20,826: +PARAM [/camera/depth_registered/rectify_depth] by /camera/depth_registered/rectify_depth
[rosmaster.master][INFO] 2012-12-16 00:29:20,827: +SERVICE [/camera_nodelet_manager/load_nodelet] /camera_nodelet_manager http://pc:39463/
[rosmaster.master][INFO] 2012-12-16 00:29:20,829: +SERVICE [/camera_nodelet_manager/unload_nodelet] /camera_nodelet_manager http://pc:39463/
[rosmaster.master][INFO] 2012-12-16 00:29:20,834: +SERVICE [/camera_nodelet_manager/list] /camera_nodelet_manager http://pc:39463/
[rosmaster.master][INFO] 2012-12-16 00:29:21,097: +PUB [/rosout] /set_dr http://pc:45866/
[rosmaster.master][INFO] 2012-12-16 00:29:21,099: publisherUpdate[/rosout] -> http://pc:50433/
[rosmaster.master][INFO] 2012-12-16 00:29:21,165: +SERVICE [/camera/depth_registered/rectify_depth/set_parameters] /camera_nodelet_manager http://pc:39463/
[rosmaster.master][INFO] 2012-12-16 00:29:21,167: +PUB [/camera/depth_registered/rectify_depth/parameter_descriptions] /camera_nodelet_manager http://pc:39463/
[rosmaster.master][INFO] 2012-12-16 00:29:21,169: +PUB [/camera/depth_registered/rectify_depth/parameter_updates] /camera_nodelet_manager http://pc:39463/
[rosmaster.master][INFO] 2012-12-16 00:29:21,171: +PARAM [/camera/depth_registered/rectify_depth/interpolation] by /camera_nodelet_manager
[rosmaster.master][INFO] 2012-12-16 00:29:21,175: +PUB [/camera/depth_registered/image_rect_raw/compressed] /camera_nodelet_manager http://pc:39463/
[rosmaster.master][INFO] 2012-12-16 00:29:21,176: +SERVICE [/camera/depth_registered/image_rect_raw/compressed/set_parameters] /camera_nodelet_manager http://pc:39463/
[rosmaster.master][INFO] 2012-12-16 00:29:21,177: +PUB [/camera/depth_registered/image_rect_raw/compressed/parameter_descriptions] /camera_nodelet_manager http://pc:39463/
[rosmaster.master][INFO] 2012-12-16 00:29:21,178: +PUB [/camera/depth_registered/image_rect_raw/compressed/parameter_updates] /camera_nodelet_manager http://pc:39463/
[rosmaster.master][INFO] 2012-12-16 00:29:21,181: +PARAM [/camera/depth_registered/image_rect_raw/compressed/format] by /camera_nodelet_manager
[rosmaster.master][INFO] 2012-12-16 00:29:21,183: +PARAM [/camera/depth_registered/image_rect_raw/compressed/jpeg_quality] by /camera_nodelet_manager
[rosmaster.master][INFO] 2012-12-16 00:29:21,184: +PARAM [/camera/depth_registered/image_rect_raw/compressed/png_level] by /camera_nodelet_manager
[rosmaster.master][INFO] 2012-12-16 00:29:21,186: +PUB [/camera/depth_registered/image_rect_raw] /camera_nodelet_manager http://pc:39463/
[rosmaster.master][INFO] 2012-12-16 00:29:21,190: +PUB [/camera/depth_registered/image_rect_raw/theora] /camera_nodelet_manager http://pc:39463/
[rosmaster.master][INFO] 2012-12-16 00:29:21,192: +SERVICE [/camera/depth_registered/image_rect_raw/theora/set_parameters] /camera_nodelet_manager http://pc:39463/
[rosmaster.master][INFO] 2012-12-16 00:29:21,193: +PUB [/camera/depth_registered/image_rect_raw/theora/parameter_descriptions] /camera_nodelet_manager http://pc:39463/
[rosmaster.master][INFO] 2012-12-16 00:29:21,195: +PUB [/camera/depth_registered/image_rect_raw/theora/parameter_updates] /camera_nodelet_manager http://pc:39463/
[rosmaster.master][INFO] 2012-12-16 00:29:21,199: +PARAM [/camera/depth_registered/image_rect_raw/theora/optimize_for] by /camera_nodelet_manager
[rosmaster.master][INFO] 2012-12-16 00:29:21,200: +PARAM [/camera/depth_registered/image_rect_raw/theora/target_bitrate] by /camera_nodelet_manager
[rosmaster.master][INFO] 2012-12-16 00:29:21,201: +PARAM [/camera/depth_registered/image_rect_raw/theora/quality] by /camera_nodelet_manager
[rosmaster.master][INFO] 2012-12-16 00:29:21,203: +PARAM [/camera/depth_registered/image_rect_raw/theora/keyframe_frequency] by /camera_nodelet_manager
[rosmaster.master][INFO] 2012-12-16 00:29:21,477: +SERVICE [/camera/rgb/rectify_mono/set_parameters] /camera_nodelet_manager http://pc:39463/
[rosmaster.master][INFO] 2012-12-16 00:29:21,479: +PUB [/camera/rgb/rectify_mono/parameter_descriptions] /camera_nodelet_manager http://pc:39463/
[rosmaster.master][INFO] 2012-12-16 00:29:21,481: +PUB [/camera/rgb/rectify_mono/parameter_updates] /camera_nodelet_manager http://pc:39463/
[rosmaster.master][INFO] 2012-12-16 00:29:21,486: +PARAM [/camera/rgb/rectify_mono/interpolation] by /camera_nodelet_manager
[rosmaster.master][INFO] 2012-12-16 00:29:21,490: +PUB [/camera/rgb/image_rect/compressed] /camera_nodelet_manager http://pc:39463/
[rosmaster.master][INFO] 2012-12-16 00:29:21,494: +SERVICE [/camera/rgb/image_rect/compressed/set_parameters] /camera_nodelet_manager http://pc:39463/
[rosmaster.master][INFO] 2012-12-16 00:29:21,495: +PUB [/camera/rgb/image_rect/compressed/parameter_descriptions] /camera_nodelet_manager http://pc:39463/
[rosmaster.master][INFO] 2012-12-16 00:29:21,496: +PUB [/camera/rgb/image_rect/compressed/parameter_updates] /camera_nodelet_manager http://pc:39463/
[rosmaster.master][INFO] 2012-12-16 00:29:21,500: +PARAM [/camera/rgb/image_rect/compressed/format] by /camera_nodelet_manager
[rosmaster.master][INFO] 2012-12-16 00:29:21,502: +PARAM [/camera/rgb/image_rect/compressed/jpeg_quality] by /camera_nodelet_manager
[rosmaster.master][INFO] 2012-12-16 00:29:21,504: +PARAM [/camera/rgb/image_rect/compressed/png_level] by /camera_nodelet_manager
[rosmaster.master][INFO] 2012-12-16 00:29:21,506: +PUB [/camera/rgb/image_rect] /camera_nodelet_manager http://pc:39463/
[rosmaster.master][INFO] 2012-12-16 00:29:21,508: +PUB [/camera/rgb/image_rect/theora] /camera_nodelet_manager http://pc:39463/
[rosmaster.master][INFO] 2012-12-16 00:29:21,509: +SERVICE [/camera/rgb/image_rect/theora/set_parameters] /camera_nodelet_manager http://pc:39463/
[rosmaster.master][INFO] 2012-12-16 00:29:21,510: +PUB [/camera/rgb/image_rect/theora/parameter_descriptions] /camera_nodelet_manager http://pc:39463/
[rosmaster.master][INFO] 2012-12-16 00:29:21,512: +PUB [/camera/rgb/image_rect/theora/parameter_updates] /camera_nodelet_manager http://pc:39463/
[rosmaster.master][INFO] 2012-12-16 00:29:21,517: +PARAM [/camera/rgb/image_rect/theora/optimize_for] by /camera_nodelet_manager
[rosmaster.master][INFO] 2012-12-16 00:29:21,519: +PARAM [/camera/rgb/image_rect/theora/target_bitrate] by /camera_nodelet_manager
[rosmaster.master][INFO] 2012-12-16 00:29:21,522: +PARAM [/camera/rgb/image_rect/theora/quality] by /camera_nodelet_manager
[rosmaster.master][INFO] 2012-12-16 00:29:21,524: +PARAM [/camera/rgb/image_rect/theora/keyframe_frequency] by /camera_nodelet_manager
[rosmaster.master][INFO] 2012-12-16 00:29:21,581: +PUB [/rosout] /depth_detection http://pc:32901/
[rosmaster.master][INFO] 2012-12-16 00:29:21,604: publisherUpdate[/rosout] -> http://pc:50433/
[rosmaster.master][INFO] 2012-12-16 00:29:21,647: +SUB [/camera/depth_registered/image_rect] /depth_detection http://pc:32901/
[rosmaster.master][INFO] 2012-12-16 00:29:21,649: +SUB [/camera/rgb/image_rect_color] /depth_detection http://pc:32901/
[rosmaster.master][INFO] 2012-12-16 00:29:21,831: +SERVICE [/camera/depth/rectify_depth/set_parameters] /camera_nodelet_manager http://pc:39463/
[rosmaster.master][INFO] 2012-12-16 00:29:21,833: +PUB [/camera/depth/rectify_depth/parameter_descriptions] /camera_nodelet_manager http://pc:39463/
[rosmaster.master][INFO] 2012-12-16 00:29:21,834: +PUB [/camera/depth/rectify_depth/parameter_updates] /camera_nodelet_manager http://pc:39463/
[rosmaster.master][INFO] 2012-12-16 00:29:21,836: +PARAM [/camera/depth/rectify_depth/interpolation] by /camera_nodelet_manager
[rosmaster.master][INFO] 2012-12-16 00:29:21,837: +PUB [/camera/depth/image_rect_raw/compressed] /camera_nodelet_manager http://pc:39463/
[rosmaster.master][INFO] 2012-12-16 00:29:21,838: +SERVICE [/camera/depth/image_rect_raw/compressed/set_parameters] /camera_nodelet_manager http://pc:39463/
[rosmaster.master][INFO] 2012-12-16 00:29:21,839: +PUB [/camera/depth/image_rect_raw/compressed/parameter_descriptions] /camera_nodelet_manager http://pc:39463/
[rosmaster.master][INFO] 2012-12-16 00:29:21,840: +PUB [/camera/depth/image_rect_raw/compressed/parameter_updates] /camera_nodelet_manager http://pc:39463/
[rosmaster.master][INFO] 2012-12-16 00:29:21,844: +PARAM [/camera/depth/image_rect_raw/compressed/format] by /camera_nodelet_manager
[rosmaster.master][INFO] 2012-12-16 00:29:21,848: +PARAM [/camera/depth/image_rect_raw/compressed/jpeg_quality] by /camera_nodelet_manager
[rosmaster.master][INFO] 2012-12-16 00:29:21,849: +PARAM [/camera/depth/image_rect_raw/compressed/png_level] by /camera_nodelet_manager
[rosmaster.master][INFO] 2012-12-16 00:29:21,850: +PUB [/camera/depth/image_rect_raw] /camera_nodelet_manager http://pc:39463/
[rosmaster.master][INFO] 2012-12-16 00:29:21,851: +PUB [/camera/depth/image_rect_raw/theora] /camera_nodelet_manager http://pc:39463/
[rosmaster.master][INFO] 2012-12-16 00:29:21,852: +SERVICE [/camera/depth/image_rect_raw/theora/set_parameters] /camera_nodelet_manager http://pc:39463/
[rosmaster.master][INFO] 2012-12-16 00:29:21,854: +PUB [/camera/depth/image_rect_raw/theora/parameter_descriptions] /camera_nodelet_manager http://pc:39463/
[rosmaster.master][INFO] 2012-12-16 00:29:21,855: +PUB [/camera/depth/image_rect_raw/theora/parameter_updates] /camera_nodelet_manager http://pc:39463/
[rosmaster.master][INFO] 2012-12-16 00:29:21,859: +PARAM [/camera/depth/image_rect_raw/theora/optimize_for] by /camera_nodelet_manager
[rosmaster.master][INFO] 2012-12-16 00:29:21,860: +PARAM [/camera/depth/image_rect_raw/theora/target_bitrate] by /camera_nodelet_manager
[rosmaster.master][INFO] 2012-12-16 00:29:21,860: +PARAM [/camera/depth/image_rect_raw/theora/quality] by /camera_nodelet_manager
[rosmaster.master][INFO] 2012-12-16 00:29:21,861: +PARAM [/camera/depth/image_rect_raw/theora/keyframe_frequency] by /camera_nodelet_manager
[rosmaster.master][INFO] 2012-12-16 00:29:22,144: +SERVICE [/camera/rgb/debayer/set_parameters] /camera_nodelet_manager http://pc:39463/
[rosmaster.master][INFO] 2012-12-16 00:29:22,146: +PUB [/camera/rgb/debayer/parameter_descriptions] /camera_nodelet_manager http://pc:39463/
[rosmaster.master][INFO] 2012-12-16 00:29:22,147: +PUB [/camera/rgb/debayer/parameter_updates] /camera_nodelet_manager http://pc:39463/
[rosmaster.master][INFO] 2012-12-16 00:29:22,150: +PARAM [/camera/rgb/debayer/debayer] by /camera_nodelet_manager
[rosmaster.master][INFO] 2012-12-16 00:29:22,153: +PUB [/camera/rgb/image_mono/compressed] /camera_nodelet_manager http://pc:39463/
[rosmaster.master][INFO] 2012-12-16 00:29:22,155: +SERVICE [/camera/rgb/image_mono/compressed/set_parameters] /camera_nodelet_manager http://pc:39463/
[rosmaster.master][INFO] 2012-12-16 00:29:22,157: +PUB [/camera/rgb/image_mono/compressed/parameter_descriptions] /camera_nodelet_manager http://pc:39463/
[rosmaster.master][INFO] 2012-12-16 00:29:22,160: +PUB [/camera/rgb/image_mono/compressed/parameter_updates] /camera_nodelet_manager http://pc:39463/
[rosmaster.master][INFO] 2012-12-16 00:29:22,170: +PARAM [/camera/rgb/image_mono/compressed/format] by /camera_nodelet_manager
[rosmaster.master][INFO] 2012-12-16 00:29:22,174: +PARAM [/camera/rgb/image_mono/compressed/jpeg_quality] by /camera_nodelet_manager
[rosmaster.master][INFO] 2012-12-16 00:29:22,178: +PARAM [/camera/rgb/image_mono/compressed/png_level] by /camera_nodelet_manager
[rosmaster.master][INFO] 2012-12-16 00:29:22,180: +PUB [/camera/rgb/image_mono] /camera_nodelet_manager http://pc:39463/
[rosmaster.master][INFO] 2012-12-16 00:29:22,182: +PUB [/camera/rgb/image_mono/theora] /camera_nodelet_manager http://pc:39463/
[rosmaster.master][INFO] 2012-12-16 00:29:22,183: +SERVICE [/camera/rgb/image_mono/theora/set_parameters] /camera_nodelet_manager http://pc:39463/
[rosmaster.master][INFO] 2012-12-16 00:29:22,184: +PUB [/camera/rgb/image_mono/theora/parameter_descriptions] /camera_nodelet_manager http://pc:39463/
[rosmaster.master][INFO] 2012-12-16 00:29:22,185: +PUB [/camera/rgb/image_mono/theora/parameter_updates] /camera_nodelet_manager http://pc:39463/
[rosmaster.master][INFO] 2012-12-16 00:29:22,194: +PARAM [/camera/rgb/image_mono/theora/optimize_for] by /camera_nodelet_manager
[rosmaster.master][INFO] 2012-12-16 00:29:22,194: +PARAM [/camera/rgb/image_mono/theora/target_bitrate] by /camera_nodelet_manager
[rosmaster.master][INFO] 2012-12-16 00:29:22,195: +PARAM [/camera/rgb/image_mono/theora/quality] by /camera_nodelet_manager
[rosmaster.master][INFO] 2012-12-16 00:29:22,197: +PARAM [/camera/rgb/image_mono/theora/keyframe_frequency] by /camera_nodelet_manager
[rosmaster.master][INFO] 2012-12-16 00:29:22,198: +PUB [/camera/rgb/image_color/compressed] /camera_nodelet_manager http://pc:39463/
[rosmaster.master][INFO] 2012-12-16 00:29:22,199: +SERVICE [/camera/rgb/image_color/compressed/set_parameters] /camera_nodelet_manager http://pc:39463/
[rosmaster.master][INFO] 2012-12-16 00:29:22,200: +PUB [/camera/rgb/image_color/compressed/parameter_descriptions] /camera_nodelet_manager http://pc:39463/
[rosmaster.master][INFO] 2012-12-16 00:29:22,201: +PUB [/camera/rgb/image_color/compressed/parameter_updates] /camera_nodelet_manager http://pc:39463/
[rosmaster.master][INFO] 2012-12-16 00:29:22,208: +PARAM [/camera/rgb/image_color/compressed/format] by /camera_nodelet_manager
[rosmaster.master][INFO] 2012-12-16 00:29:22,210: +PARAM [/camera/rgb/image_color/compressed/jpeg_quality] by /camera_nodelet_manager
[rosmaster.master][INFO] 2012-12-16 00:29:22,212: +PARAM [/camera/rgb/image_color/compressed/png_level] by /camera_nodelet_manager
[rosmaster.master][INFO] 2012-12-16 00:29:22,214: +PUB [/camera/rgb/image_color] /camera_nodelet_manager http://pc:39463/
[rosmaster.master][INFO] 2012-12-16 00:29:22,215: +PUB [/camera/rgb/image_color/theora] /camera_nodelet_manager http://pc:39463/
[rosmaster.master][INFO] 2012-12-16 00:29:22,217: +SERVICE [/camera/rgb/image_color/theora/set_parameters] /camera_nodelet_manager http://pc:39463/
[rosmaster.master][INFO] 2012-12-16 00:29:22,218: +PUB [/camera/rgb/image_color/theora/parameter_descriptions] /camera_nodelet_manager http://pc:39463/
[rosmaster.master][INFO] 2012-12-16 00:29:22,219: +PUB [/camera/rgb/image_color/theora/parameter_updates] /camera_nodelet_manager http://pc:39463/
[rosmaster.master][INFO] 2012-12-16 00:29:22,222: +PARAM [/camera/rgb/image_color/theora/optimize_for] by /camera_nodelet_manager
[rosmaster.master][INFO] 2012-12-16 00:29:22,223: +PARAM [/camera/rgb/image_color/theora/target_bitrate] by /camera_nodelet_manager
[rosmaster.master][INFO] 2012-12-16 00:29:22,224: +PARAM [/camera/rgb/image_color/theora/quality] by /camera_nodelet_manager
[rosmaster.master][INFO] 2012-12-16 00:29:22,225: +PARAM [/camera/rgb/image_color/theora/keyframe_frequency] by /camera_nodelet_manager
[rosmaster.master][INFO] 2012-12-16 00:29:22,508: +PUB [/camera/depth_registered/image/compressed] /camera_nodelet_manager http://pc:39463/
[rosmaster.master][INFO] 2012-12-16 00:29:22,510: +SERVICE [/camera/depth_registered/image/compressed/set_parameters] /camera_nodelet_manager http://pc:39463/
[rosmaster.master][INFO] 2012-12-16 00:29:22,512: +PUB [/camera/depth_registered/image/compressed/parameter_descriptions] /camera_nodelet_manager http://pc:39463/
[rosmaster.master][INFO] 2012-12-16 00:29:22,515: +PUB [/camera/depth_registered/image/compressed/parameter_updates] /camera_nodelet_manager http://pc:39463/
[rosmaster.master][INFO] 2012-12-16 00:29:22,522: +PARAM [/camera/depth_registered/image/compressed/format] by /camera_nodelet_manager
[rosmaster.master][INFO] 2012-12-16 00:29:22,524: +PARAM [/camera/depth_registered/image/compressed/jpeg_quality] by /camera_nodelet_manager
[rosmaster.master][INFO] 2012-12-16 00:29:22,528: +PARAM [/camera/depth_registered/image/compressed/png_level] by /camera_nodelet_manager
[rosmaster.master][INFO] 2012-12-16 00:29:22,530: +PUB [/camera/depth_registered/image] /camera_nodelet_manager http://pc:39463/
[rosmaster.master][INFO] 2012-12-16 00:29:22,533: +PUB [/camera/depth_registered/image/theora] /camera_nodelet_manager http://pc:39463/
[rosmaster.master][INFO] 2012-12-16 00:29:22,536: +SERVICE [/camera/depth_registered/image/theora/set_parameters] /camera_nodelet_manager http://pc:39463/
[rosmaster.master][INFO] 2012-12-16 00:29:22,538: +PUB [/camera/depth_registered/image/theora/parameter_descriptions] /camera_nodelet_manager http://pc:39463/
[rosmaster.master][INFO] 2012-12-16 00:29:22,541: +PUB [/camera/depth_registered/image/theora/parameter_updates] /camera_nodelet_manager http://pc:39463/
[rosmaster.master][INFO] 2012-12-16 00:29:22,551: +PARAM [/camera/depth_registered/image/theora/optimize_for] by /camera_nodelet_manager
[rosmaster.master][INFO] 2012-12-16 00:29:22,553: +PARAM [/camera/depth_registered/image/theora/target_bitrate] by /camera_nodelet_manager
[rosmaster.master][INFO] 2012-12-16 00:29:22,556: +PARAM [/camera/depth_registered/image/theora/quality] by /camera_nodelet_manager
[rosmaster.master][INFO] 2012-12-16 00:29:22,558: +PARAM [/camera/depth_registered/image/theora/keyframe_frequency] by /camera_nodelet_manager
[rosmaster.master][INFO] 2012-12-16 00:29:22,827: +SUB [/tf] /camera_nodelet_manager http://pc:39463/
[rosmaster.master][INFO] 2012-12-16 00:29:22,832: +SERVICE [/camera_nodelet_manager/tf_frames] /camera_nodelet_manager http://pc:39463/
[rosmaster.master][INFO] 2012-12-16 00:29:23,132: +PARAM [/camera/depth_registered/image_rect_raw/compressed/format] by /camera_nodelet_manager
[rosmaster.master][INFO] 2012-12-16 00:29:23,134: +PARAM [/camera/depth_registered/image_rect_raw/compressed/jpeg_quality] by /camera_nodelet_manager
[rosmaster.master][INFO] 2012-12-16 00:29:23,137: +PARAM [/camera/depth_registered/image_rect_raw/compressed/png_level] by /camera_nodelet_manager
[rosmaster.master][INFO] 2012-12-16 00:29:23,143: +PARAM [/camera/depth_registered/image_rect_raw/theora/optimize_for] by /camera_nodelet_manager
[rosmaster.master][INFO] 2012-12-16 00:29:23,144: +PARAM [/camera/depth_registered/image_rect_raw/theora/target_bitrate] by /camera_nodelet_manager
[rosmaster.master][INFO] 2012-12-16 00:29:23,145: +PARAM [/camera/depth_registered/image_rect_raw/theora/quality] by /camera_nodelet_manager
[rosmaster.master][INFO] 2012-12-16 00:29:23,146: +PARAM [/camera/depth_registered/image_rect_raw/theora/keyframe_frequency] by /camera_nodelet_manager
[rosmaster.master][INFO] 2012-12-16 00:29:23,148: +PUB [/camera/depth_registered/camera_info] /camera_nodelet_manager http://pc:39463/
[rosmaster.master][INFO] 2012-12-16 00:29:23,405: +SERVICE [/camera/ir/rectify_ir/set_parameters] /camera_nodelet_manager http://pc:39463/
[rosmaster.master][INFO] 2012-12-16 00:29:23,407: +PUB [/camera/ir/rectify_ir/parameter_descriptions] /camera_nodelet_manager http://pc:39463/
[rosmaster.master][INFO] 2012-12-16 00:29:23,410: +PUB [/camera/ir/rectify_ir/parameter_updates] /camera_nodelet_manager http://pc:39463/
[rosmaster.master][INFO] 2012-12-16 00:29:23,414: +PARAM [/camera/ir/rectify_ir/interpolation] by /camera_nodelet_manager
[rosmaster.master][INFO] 2012-12-16 00:29:23,416: +PUB [/camera/ir/image_rect/compressed] /camera_nodelet_manager http://pc:39463/
[rosmaster.master][INFO] 2012-12-16 00:29:23,418: +SERVICE [/camera/ir/image_rect/compressed/set_parameters] /camera_nodelet_manager http://pc:39463/
[rosmaster.master][INFO] 2012-12-16 00:29:23,420: +PUB [/camera/ir/image_rect/compressed/parameter_descriptions] /camera_nodelet_manager http://pc:39463/
[rosmaster.master][INFO] 2012-12-16 00:29:23,421: +PUB [/camera/ir/image_rect/compressed/parameter_updates] /camera_nodelet_manager http://pc:39463/
[rosmaster.master][INFO] 2012-12-16 00:29:23,427: +PARAM [/camera/ir/image_rect/compressed/format] by /camera_nodelet_manager
[rosmaster.master][INFO] 2012-12-16 00:29:23,430: +PARAM [/camera/ir/image_rect/compressed/jpeg_quality] by /camera_nodelet_manager
[rosmaster.master][INFO] 2012-12-16 00:29:23,433: +PARAM [/camera/ir/image_rect/compressed/png_level] by /camera_nodelet_manager
[rosmaster.master][INFO] 2012-12-16 00:29:23,435: +PUB [/camera/ir/image_rect] /camera_nodelet_manager http://pc:39463/
[rosmaster.master][INFO] 2012-12-16 00:29:23,438: +PUB [/camera/ir/image_rect/theora] /camera_nodelet_manager http://pc:39463/
[rosmaster.master][INFO] 2012-12-16 00:29:23,440: +SERVICE [/camera/ir/image_rect/theora/set_parameters] /camera_nodelet_manager http://pc:39463/
[rosmaster.master][INFO] 2012-12-16 00:29:23,443: +PUB [/camera/ir/image_rect/theora/parameter_descriptions] /camera_nodelet_manager http://pc:39463/
[rosmaster.master][INFO] 2012-12-16 00:29:23,445: +PUB [/camera/ir/image_rect/theora/parameter_updates] /camera_nodelet_manager http://pc:39463/
[rosmaster.master][INFO] 2012-12-16 00:29:23,459: +PARAM [/camera/ir/image_rect/theora/optimize_for] by /camera_nodelet_manager
[rosmaster.master][INFO] 2012-12-16 00:29:23,461: +PARAM [/camera/ir/image_rect/theora/target_bitrate] by /camera_nodelet_manager
[rosmaster.master][INFO] 2012-12-16 00:29:23,464: +PARAM [/camera/ir/image_rect/theora/quality] by /camera_nodelet_manager
[rosmaster.master][INFO] 2012-12-16 00:29:23,466: +PARAM [/camera/ir/image_rect/theora/keyframe_frequency] by /camera_nodelet_manager
[rosmaster.master][INFO] 2012-12-16 00:29:23,567: +SERVICE [/camera/depth/points/set_logger_level] /camera/depth/points http://pc:54234/
[rosmaster.master][INFO] 2012-12-16 00:29:23,577: +PUB [/rosout] /camera/points_xyzrgb_depth_rgb http://pc:48573/
[rosmaster.master][INFO] 2012-12-16 00:29:23,580: +SERVICE [/camera/points_xyzrgb_depth_rgb/get_loggers] /camera/points_xyzrgb_depth_rgb http://pc:48573/
[rosmaster.master][INFO] 2012-12-16 00:29:23,582: +SERVICE [/camera/points_xyzrgb_depth_rgb/set_logger_level] /camera/points_xyzrgb_depth_rgb http://pc:48573/
[rosmaster.master][INFO] 2012-12-16 00:29:23,610: +PUB [/rosout] /camera/disparity_depth http://pc:55840/
[rosmaster.master][INFO] 2012-12-16 00:29:23,610: publisherUpdate[/rosout] -> http://pc:50433/
[rosmaster.master][INFO] 2012-12-16 00:29:23,612: publisherUpdate[/rosout] -> http://pc:50433/
[rosmaster.master][INFO] 2012-12-16 00:29:23,613: +PUB [/rosout] /camera_base_link http://pc:52965/
[rosmaster.master][INFO] 2012-12-16 00:29:23,615: publisherUpdate[/rosout] -> http://pc:50433/
[rosmaster.master][INFO] 2012-12-16 00:29:23,616: +SERVICE [/camera_base_link/get_loggers] /camera_base_link http://pc:52965/
[rosmaster.master][INFO] 2012-12-16 00:29:23,617: +SERVICE [/camera/disparity_depth/get_loggers] /camera/disparity_depth http://pc:55840/
[rosmaster.master][INFO] 2012-12-16 00:29:23,619: +SERVICE [/camera_base_link/set_logger_level] /camera_base_link http://pc:52965/
[rosmaster.master][INFO] 2012-12-16 00:29:23,619: +SERVICE [/camera/disparity_depth/set_logger_level] /camera/disparity_depth http://pc:55840/
[rosmaster.master][INFO] 2012-12-16 00:29:23,622: +PUB [/tf] /camera_base_link http://pc:52965/
[rosmaster.master][INFO] 2012-12-16 00:29:23,625: +PARAM [/camera/disparity_depth] by /camera/disparity_depth
[rosmaster.master][INFO] 2012-12-16 00:29:23,676: +PUB [/rosout] /camera_base_link3 http://pc:57442/
[rosmaster.master][INFO] 2012-12-16 00:29:23,678: +SERVICE [/camera_base_link3/get_loggers] /camera_base_link3 http://pc:57442/
[rosmaster.master][INFO] 2012-12-16 00:29:23,679: +SERVICE [/camera_base_link3/set_logger_level] /camera_base_link3 http://pc:57442/
[rosmaster.master][INFO] 2012-12-16 00:29:23,681: +PUB [/tf] /camera_base_link3 http://pc:57442/
[rosmaster.master][INFO] 2012-12-16 00:29:23,717: publisherUpdate[/tf] -> http://pc:39463/
[rosmaster.master][INFO] 2012-12-16 00:29:23,719: publisherUpdate[/rosout] -> http://pc:50433/
[rosmaster.master][INFO] 2012-12-16 00:29:23,722: publisherUpdate[/tf] -> http://pc:39463/
[rosmaster.master][INFO] 2012-12-16 00:29:23,754: +PUB [/camera/depth_registered/image_rect/compressed] /camera_nodelet_manager http://pc:39463/
[rosmaster.master][INFO] 2012-12-16 00:29:23,757: +SERVICE [/camera/depth_registered/image_rect/compressed/set_parameters] /camera_nodelet_manager http://pc:39463/
[rosmaster.master][INFO] 2012-12-16 00:29:23,759: +PUB [/camera/depth_registered/image_rect/compressed/parameter_descriptions] /camera_nodelet_manager http://pc:39463/
[rosmaster.master][INFO] 2012-12-16 00:29:23,762: +PUB [/camera/depth_registered/image_rect/compressed/parameter_updates] /camera_nodelet_manager http://pc:39463/
[rosmaster.master][INFO] 2012-12-16 00:29:23,769: +PARAM [/camera/depth_registered/image_rect/compressed/format] by /camera_nodelet_manager
[rosmaster.master][INFO] 2012-12-16 00:29:23,772: +PARAM [/camera/depth_registered/image_rect/compressed/jpeg_quality] by /camera_nodelet_manager
[rosmaster.master][INFO] 2012-12-16 00:29:23,774: +PARAM [/camera/depth_registered/image_rect/compressed/png_level] by /camera_nodelet_manager
[rosmaster.master][INFO] 2012-12-16 00:29:23,776: +PUB [/camera/depth_registered/image_rect] /camera_nodelet_manager http://pc:39463/
[rosmaster.master][INFO] 2012-12-16 00:29:23,777: +PUB [/camera/depth_registered/image_rect/theora] /camera_nodelet_manager http://pc:39463/
[rosmaster.master][INFO] 2012-12-16 00:29:23,778: +SERVICE [/camera/depth_registered/image_rect/theora/set_parameters] /camera_nodelet_manager http://pc:39463/
[rosmaster.master][INFO] 2012-12-16 00:29:23,781: +PUB [/camera/depth_registered/image_rect/theora/parameter_descriptions] /camera_nodelet_manager http://pc:39463/
[rosmaster.master][INFO] 2012-12-16 00:29:23,784: +PUB [/camera/depth_registered/image_rect/theora/parameter_updates] /camera_nodelet_manager http://pc:39463/
[rosmaster.master][INFO] 2012-12-16 00:29:23,789: +PARAM [/camera/depth_registered/image_rect/theora/optimize_for] by /camera_nodelet_manager
[rosmaster.master][INFO] 2012-12-16 00:29:23,790: +PARAM [/camera/depth_registered/image_rect/theora/target_bitrate] by /camera_nodelet_manager
[rosmaster.master][INFO] 2012-12-16 00:29:23,791: +PARAM [/camera/depth_registered/image_rect/theora/quality] by /camera_nodelet_manager
[rosmaster.master][INFO] 2012-12-16 00:29:23,792: +PARAM [/camera/depth_registered/image_rect/theora/keyframe_frequency] by /camera_nodelet_manager
[rosmaster.master][INFO] 2012-12-16 00:29:23,820: publisherUpdate[/camera/depth_registered/image_rect] -> http://pc:32901/
[rosmaster.master][INFO] 2012-12-16 00:29:23,866: +SUB [/camera/depth_registered/image_rect_raw] /camera_nodelet_manager http://pc:39463/
[rosmaster.master][INFO] 2012-12-16 00:29:23,868: +SUB [/camera/depth_registered/image_raw] /camera_nodelet_manager http://pc:39463/
[rosmaster.master][INFO] 2012-12-16 00:29:23,869: +SUB [/camera/depth/image_rect_raw] /camera_nodelet_manager http://pc:39463/
[rosmaster.master][INFO] 2012-12-16 00:29:23,871: +SUB [/camera/depth_registered/camera_info] /camera_nodelet_manager http://pc:39463/
[rosmaster.master][INFO] 2012-12-16 00:29:23,872: +SUB [/camera/depth/camera_info] /camera_nodelet_manager http://pc:39463/
[rosmaster.master][INFO] 2012-12-16 00:29:23,874: +SUB [/camera/rgb/camera_info] /camera_nodelet_manager http://pc:39463/
[rosmaster.master][INFO] 2012-12-16 00:29:23,875: +SUB [/camera/depth/image_raw] /camera_nodelet_manager http://pc:39463/
[rosmaster.master][INFO] 2012-12-16 00:29:24,066: +PUB [/camera/depth_registered/disparity] /camera_nodelet_manager http://pc:39463/
[rosmaster.master][INFO] 2012-12-16 00:29:24,714: +PUB [/camera/depth/points] /camera_nodelet_manager http://pc:39463/
[rosmaster.master][INFO] 2012-12-16 00:29:25,957: +PUB [/camera/depth_registered/points] /camera_nodelet_manager http://pc:39463/
[rosmaster.master][INFO] 2012-12-16 00:29:26,569: +PUB [/camera/depth/image_rect/compressed] /camera_nodelet_manager http://pc:39463/
[rosmaster.master][INFO] 2012-12-16 00:29:26,573: +SERVICE [/camera/depth/image_rect/compressed/set_parameters] /camera_nodelet_manager http://pc:39463/
[rosmaster.master][INFO] 2012-12-16 00:29:26,576: +PUB [/camera/depth/image_rect/compressed/parameter_descriptions] /camera_nodelet_manager http://pc:39463/
[rosmaster.master][INFO] 2012-12-16 00:29:26,582: +PUB [/camera/depth/image_rect/compressed/parameter_updates] /camera_nodelet_manager http://pc:39463/
[rosmaster.master][INFO] 2012-12-16 00:29:26,588: +PARAM [/camera/depth/image_rect/compressed/format] by /camera_nodelet_manager
[rosmaster.master][INFO] 2012-12-16 00:29:26,589: +PARAM [/camera/depth/image_rect/compressed/jpeg_quality] by /camera_nodelet_manager
[rosmaster.master][INFO] 2012-12-16 00:29:26,591: +PARAM [/camera/depth/image_rect/compressed/png_level] by /camera_nodelet_manager
[rosmaster.master][INFO] 2012-12-16 00:29:26,593: +PUB [/camera/depth/image_rect] /camera_nodelet_manager http://pc:39463/
[rosmaster.master][INFO] 2012-12-16 00:29:26,594: +PUB [/camera/depth/image_rect/theora] /camera_nodelet_manager http://pc:39463/
[rosmaster.master][INFO] 2012-12-16 00:29:26,595: +SERVICE [/camera/depth/image_rect/theora/set_parameters] /camera_nodelet_manager http://pc:39463/
[rosmaster.master][INFO] 2012-12-16 00:29:26,596: +PUB [/camera/depth/image_rect/theora/parameter_descriptions] /camera_nodelet_manager http://pc:39463/
[rosmaster.master][INFO] 2012-12-16 00:29:26,597: +PUB [/camera/depth/image_rect/theora/parameter_updates] /camera_nodelet_manager http://pc:39463/
[rosmaster.master][INFO] 2012-12-16 00:29:26,602: +PARAM [/camera/depth/image_rect/theora/optimize_for] by /camera_nodelet_manager
[rosmaster.master][INFO] 2012-12-16 00:29:26,603: +PARAM [/camera/depth/image_rect/theora/target_bitrate] by /camera_nodelet_manager
[rosmaster.master][INFO] 2012-12-16 00:29:26,605: +PARAM [/camera/depth/image_rect/theora/quality] by /camera_nodelet_manager
[rosmaster.master][INFO] 2012-12-16 00:29:26,606: +PARAM [/camera/depth/image_rect/theora/keyframe_frequency] by /camera_nodelet_manager
[rosmaster.master][INFO] 2012-12-16 00:29:27,228: +PUB [/camera/depth/disparity] /camera_nodelet_manager http://pc:39463/
[rosmaster.master][INFO] 2012-12-16 00:29:27,514: +SERVICE [/camera/rgb/rectify_color/set_parameters] /camera_nodelet_manager http://pc:39463/
[rosmaster.master][INFO] 2012-12-16 00:29:27,516: +PUB [/camera/rgb/rectify_color/parameter_descriptions] /camera_nodelet_manager http://pc:39463/
[rosmaster.master][INFO] 2012-12-16 00:29:27,519: +PUB [/camera/rgb/rectify_color/parameter_updates] /camera_nodelet_manager http://pc:39463/
[rosmaster.master][INFO] 2012-12-16 00:29:27,523: +PARAM [/camera/rgb/rectify_color/interpolation] by /camera_nodelet_manager
[rosmaster.master][INFO] 2012-12-16 00:29:27,526: +PUB [/camera/rgb/image_rect_color/compressed] /camera_nodelet_manager http://pc:39463/
[rosmaster.master][INFO] 2012-12-16 00:29:27,529: +SERVICE [/camera/rgb/image_rect_color/compressed/set_parameters] /camera_nodelet_manager http://pc:39463/
[rosmaster.master][INFO] 2012-12-16 00:29:27,533: +PUB [/camera/rgb/image_rect_color/compressed/parameter_descriptions] /camera_nodelet_manager http://pc:39463/
[rosmaster.master][INFO] 2012-12-16 00:29:27,536: +PUB [/camera/rgb/image_rect_color/compressed/parameter_updates] /camera_nodelet_manager http://pc:39463/
[rosmaster.master][INFO] 2012-12-16 00:29:27,545: +PARAM [/camera/rgb/image_rect_color/compressed/format] by /camera_nodelet_manager
[rosmaster.master][INFO] 2012-12-16 00:29:27,547: +PARAM [/camera/rgb/image_rect_color/compressed/jpeg_quality] by /camera_nodelet_manager
[rosmaster.master][INFO] 2012-12-16 00:29:27,549: +PARAM [/camera/rgb/image_rect_color/compressed/png_level] by /camera_nodelet_manager
[rosmaster.master][INFO] 2012-12-16 00:29:27,551: +PUB [/camera/rgb/image_rect_color] /camera_nodelet_manager http://pc:39463/
[rosmaster.master][INFO] 2012-12-16 00:29:27,553: +PUB [/camera/rgb/image_rect_color/theora] /camera_nodelet_manager http://pc:39463/
[rosmaster.master][INFO] 2012-12-16 00:29:27,555: +SERVICE [/camera/rgb/image_rect_color/theora/set_parameters] /camera_nodelet_manager http://pc:39463/
[rosmaster.master][INFO] 2012-12-16 00:29:27,558: +PUB [/camera/rgb/image_rect_color/theora/parameter_descriptions] /camera_nodelet_manager http://pc:39463/
[rosmaster.master][INFO] 2012-12-16 00:29:27,560: +PUB [/camera/rgb/image_rect_color/theora/parameter_updates] /camera_nodelet_manager http://pc:39463/
[rosmaster.master][INFO] 2012-12-16 00:29:27,573: +PARAM [/camera/rgb/image_rect_color/theora/optimize_for] by /camera_nodelet_manager
[rosmaster.master][INFO] 2012-12-16 00:29:27,576: +PARAM [/camera/rgb/image_rect_color/theora/target_bitrate] by /camera_nodelet_manager
[rosmaster.master][INFO] 2012-12-16 00:29:27,578: +PARAM [/camera/rgb/image_rect_color/theora/quality] by /camera_nodelet_manager
[rosmaster.master][INFO] 2012-12-16 00:29:27,579: +PARAM [/camera/rgb/image_rect_color/theora/keyframe_frequency] by /camera_nodelet_manager
[rosmaster.master][INFO] 2012-12-16 00:29:27,630: publisherUpdate[/camera/rgb/image_rect_color] -> http://pc:32901/
[rosmaster.master][INFO] 2012-12-16 00:29:27,681: +SUB [/camera/rgb/image_color] /camera_nodelet_manager http://pc:39463/
[rosmaster.master][INFO] 2012-12-16 00:29:27,686: +SUB [/camera/rgb/image_raw] /camera_nodelet_manager http://pc:39463/
[rosmaster.master][INFO] 2012-12-16 00:29:27,860: +PUB [/camera/depth/image/compressed] /camera_nodelet_manager http://pc:39463/
[rosmaster.master][INFO] 2012-12-16 00:29:27,863: +SERVICE [/camera/depth/image/compressed/set_parameters] /camera_nodelet_manager http://pc:39463/
[rosmaster.master][INFO] 2012-12-16 00:29:27,865: +PUB [/camera/depth/image/compressed/parameter_descriptions] /camera_nodelet_manager http://pc:39463/
[rosmaster.master][INFO] 2012-12-16 00:29:27,868: +PUB [/camera/depth/image/compressed/parameter_updates] /camera_nodelet_manager http://pc:39463/
[rosmaster.master][INFO] 2012-12-16 00:29:27,877: +PARAM [/camera/depth/image/compressed/format] by /camera_nodelet_manager
[rosmaster.master][INFO] 2012-12-16 00:29:27,880: +PARAM [/camera/depth/image/compressed/jpeg_quality] by /camera_nodelet_manager
[rosmaster.master][INFO] 2012-12-16 00:29:27,882: +PARAM [/camera/depth/image/compressed/png_level] by /camera_nodelet_manager
[rosmaster.master][INFO] 2012-12-16 00:29:27,887: +PUB [/camera/depth/image] /camera_nodelet_manager http://pc:39463/
[rosmaster.master][INFO] 2012-12-16 00:29:27,892: +PUB [/camera/depth/image/theora] /camera_nodelet_manager http://pc:39463/
[rosmaster.master][INFO] 2012-12-16 00:29:27,896: +SERVICE [/camera/depth/image/theora/set_parameters] /camera_nodelet_manager http://pc:39463/
[rosmaster.master][INFO] 2012-12-16 00:29:27,899: +PUB [/camera/depth/image/theora/parameter_descriptions] /camera_nodelet_manager http://pc:39463/
[rosmaster.master][INFO] 2012-12-16 00:29:27,901: +PUB [/camera/depth/image/theora/parameter_updates] /camera_nodelet_manager http://pc:39463/
[rosmaster.master][INFO] 2012-12-16 00:29:27,911: +PARAM [/camera/depth/image/theora/optimize_for] by /camera_nodelet_manager
[rosmaster.master][INFO] 2012-12-16 00:29:27,914: +PARAM [/camera/depth/image/theora/target_bitrate] by /camera_nodelet_manager
[rosmaster.master][INFO] 2012-12-16 00:29:27,916: +PARAM [/camera/depth/image/theora/quality] by /camera_nodelet_manager
[rosmaster.master][INFO] 2012-12-16 00:29:27,919: +PARAM [/camera/depth/image/theora/keyframe_frequency] by /camera_nodelet_manager
[rosmaster.master][INFO] 2012-12-16 00:29:28,988: +SERVICE [/camera/driver/set_parameters] /camera_nodelet_manager http://pc:39463/
[rosmaster.master][INFO] 2012-12-16 00:29:28,989: +PUB [/camera/driver/parameter_descriptions] /camera_nodelet_manager http://pc:39463/
[rosmaster.master][INFO] 2012-12-16 00:29:28,992: +PUB [/camera/driver/parameter_updates] /camera_nodelet_manager http://pc:39463/
[rosmaster.master][INFO] 2012-12-16 00:29:29,012: +PARAM [/camera/driver/image_mode] by /camera_nodelet_manager
[rosmaster.master][INFO] 2012-12-16 00:29:29,016: +PARAM [/camera/driver/depth_mode] by /camera_nodelet_manager
[rosmaster.master][INFO] 2012-12-16 00:29:29,019: +PARAM [/camera/driver/depth_registration] by /camera_nodelet_manager
[rosmaster.master][INFO] 2012-12-16 00:29:29,022: +PARAM [/camera/driver/data_skip] by /camera_nodelet_manager
[rosmaster.master][INFO] 2012-12-16 00:29:29,024: +PARAM [/camera/driver/depth_time_offset] by /camera_nodelet_manager
[rosmaster.master][INFO] 2012-12-16 00:29:29,027: +PARAM [/camera/driver/image_time_offset] by /camera_nodelet_manager
[rosmaster.master][INFO] 2012-12-16 00:29:29,030: +PARAM [/camera/driver/depth_ir_offset_x] by /camera_nodelet_manager
[rosmaster.master][INFO] 2012-12-16 00:29:29,032: +PARAM [/camera/driver/depth_ir_offset_y] by /camera_nodelet_manager
[rosmaster.master][INFO] 2012-12-16 00:29:29,035: +PARAM [/camera/driver/z_offset_mm] by /camera_nodelet_manager
[rosmaster.master][INFO] 2012-12-16 00:29:29,058: +SERVICE [/camera/rgb/set_camera_info] /camera_nodelet_manager http://pc:39463/
[rosmaster.master][INFO] 2012-12-16 00:29:29,063: +SERVICE [/camera/ir/set_camera_info] /camera_nodelet_manager http://pc:39463/
[rosmaster.master][INFO] 2012-12-16 00:29:29,067: +PUB [/camera/rgb/image_raw/compressed] /camera_nodelet_manager http://pc:39463/
[rosmaster.master][INFO] 2012-12-16 00:29:29,068: +SERVICE [/camera/rgb/image_raw/compressed/set_parameters] /camera_nodelet_manager http://pc:39463/
[rosmaster.master][INFO] 2012-12-16 00:29:29,069: +PUB [/camera/rgb/image_raw/compressed/parameter_descriptions] /camera_nodelet_manager http://pc:39463/
[rosmaster.master][INFO] 2012-12-16 00:29:29,070: +PUB [/camera/rgb/image_raw/compressed/parameter_updates] /camera_nodelet_manager http://pc:39463/
[rosmaster.master][INFO] 2012-12-16 00:29:29,075: +PARAM [/camera/rgb/image_raw/compressed/format] by /camera_nodelet_manager
[rosmaster.master][INFO] 2012-12-16 00:29:29,077: +PARAM [/camera/rgb/image_raw/compressed/jpeg_quality] by /camera_nodelet_manager
[rosmaster.master][INFO] 2012-12-16 00:29:29,078: +PARAM [/camera/rgb/image_raw/compressed/png_level] by /camera_nodelet_manager
[rosmaster.master][INFO] 2012-12-16 00:29:29,080: +PUB [/camera/rgb/image_raw] /camera_nodelet_manager http://pc:39463/
[rosmaster.master][INFO] 2012-12-16 00:29:29,081: +PUB [/camera/rgb/image_raw/theora] /camera_nodelet_manager http://pc:39463/
[rosmaster.master][INFO] 2012-12-16 00:29:29,083: +SERVICE [/camera/rgb/image_raw/theora/set_parameters] /camera_nodelet_manager http://pc:39463/
[rosmaster.master][INFO] 2012-12-16 00:29:29,084: +PUB [/camera/rgb/image_raw/theora/parameter_descriptions] /camera_nodelet_manager http://pc:39463/
[rosmaster.master][INFO] 2012-12-16 00:29:29,086: +PUB [/camera/rgb/image_raw/theora/parameter_updates] /camera_nodelet_manager http://pc:39463/
[rosmaster.master][INFO] 2012-12-16 00:29:29,090: +PARAM [/camera/rgb/image_raw/theora/optimize_for] by /camera_nodelet_manager
[rosmaster.master][INFO] 2012-12-16 00:29:29,091: +PARAM [/camera/rgb/image_raw/theora/target_bitrate] by /camera_nodelet_manager
[rosmaster.master][INFO] 2012-12-16 00:29:29,092: +PARAM [/camera/rgb/image_raw/theora/quality] by /camera_nodelet_manager
[rosmaster.master][INFO] 2012-12-16 00:29:29,094: +PARAM [/camera/rgb/image_raw/theora/keyframe_frequency] by /camera_nodelet_manager
[rosmaster.master][INFO] 2012-12-16 00:29:29,095: +PUB [/camera/rgb/camera_info] /camera_nodelet_manager http://pc:39463/
[rosmaster.master][INFO] 2012-12-16 00:29:29,096: +PUB [/camera/ir/image_raw/compressed] /camera_nodelet_manager http://pc:39463/
[rosmaster.master][INFO] 2012-12-16 00:29:29,097: +SERVICE [/camera/ir/image_raw/compressed/set_parameters] /camera_nodelet_manager http://pc:39463/
[rosmaster.master][INFO] 2012-12-16 00:29:29,098: +PUB [/camera/ir/image_raw/compressed/parameter_descriptions] /camera_nodelet_manager http://pc:39463/
[rosmaster.master][INFO] 2012-12-16 00:29:29,100: +PUB [/camera/ir/image_raw/compressed/parameter_updates] /camera_nodelet_manager http://pc:39463/
[rosmaster.master][INFO] 2012-12-16 00:29:29,106: +PARAM [/camera/ir/image_raw/compressed/format] by /camera_nodelet_manager
[rosmaster.master][INFO] 2012-12-16 00:29:29,109: +PARAM [/camera/ir/image_raw/compressed/jpeg_quality] by /camera_nodelet_manager
[rosmaster.master][INFO] 2012-12-16 00:29:29,111: +PARAM [/camera/ir/image_raw/compressed/png_level] by /camera_nodelet_manager
[rosmaster.master][INFO] 2012-12-16 00:29:29,114: +PUB [/camera/ir/image_raw] /camera_nodelet_manager http://pc:39463/
[rosmaster.master][INFO] 2012-12-16 00:29:29,117: +PUB [/camera/ir/image_raw/theora] /camera_nodelet_manager http://pc:39463/
[rosmaster.master][INFO] 2012-12-16 00:29:29,119: +SERVICE [/camera/ir/image_raw/theora/set_parameters] /camera_nodelet_manager http://pc:39463/
[rosmaster.master][INFO] 2012-12-16 00:29:29,122: +PUB [/camera/ir/image_raw/theora/parameter_descriptions] /camera_nodelet_manager http://pc:39463/
[rosmaster.master][INFO] 2012-12-16 00:29:29,126: +PUB [/camera/ir/image_raw/theora/parameter_updates] /camera_nodelet_manager http://pc:39463/
[rosmaster.master][INFO] 2012-12-16 00:29:29,136: publisherUpdate[/camera/rgb/image_raw] -> http://pc:39463/
[rosmaster.master][INFO] 2012-12-16 00:29:29,138: publisherUpdate[/camera/rgb/camera_info] -> http://pc:39463/
[rosmaster.master][INFO] 2012-12-16 00:29:29,142: +PARAM [/camera/ir/image_raw/theora/optimize_for] by /camera_nodelet_manager
[rosmaster.master][INFO] 2012-12-16 00:29:29,144: +PARAM [/camera/ir/image_raw/theora/target_bitrate] by /camera_nodelet_manager
[rosmaster.master][INFO] 2012-12-16 00:29:29,146: +PARAM [/camera/ir/image_raw/theora/quality] by /camera_nodelet_manager
[rosmaster.master][INFO] 2012-12-16 00:29:29,148: +PARAM [/camera/ir/image_raw/theora/keyframe_frequency] by /camera_nodelet_manager
[rosmaster.master][INFO] 2012-12-16 00:29:29,150: +PUB [/camera/ir/camera_info] /camera_nodelet_manager http://pc:39463/
[rosmaster.master][INFO] 2012-12-16 00:29:29,153: +PUB [/camera/depth/image_raw/compressed] /camera_nodelet_manager http://pc:39463/
[rosmaster.master][INFO] 2012-12-16 00:29:29,155: +SERVICE [/camera/depth/image_raw/compressed/set_parameters] /camera_nodelet_manager http://pc:39463/
[rosmaster.master][INFO] 2012-12-16 00:29:29,158: +PUB [/camera/depth/image_raw/compressed/parameter_descriptions] /camera_nodelet_manager http://pc:39463/
[rosmaster.master][INFO] 2012-12-16 00:29:29,161: +PUB [/camera/depth/image_raw/compressed/parameter_updates] /camera_nodelet_manager http://pc:39463/
[rosmaster.master][INFO] 2012-12-16 00:29:29,170: +PARAM [/camera/depth/image_raw/compressed/format] by /camera_nodelet_manager
[rosmaster.master][INFO] 2012-12-16 00:29:29,173: +PARAM [/camera/depth/image_raw/compressed/jpeg_quality] by /camera_nodelet_manager
[rosmaster.master][INFO] 2012-12-16 00:29:29,176: +PARAM [/camera/depth/image_raw/compressed/png_level] by /camera_nodelet_manager
[rosmaster.master][INFO] 2012-12-16 00:29:29,180: +PUB [/camera/depth/image_raw] /camera_nodelet_manager http://pc:39463/
[rosmaster.master][INFO] 2012-12-16 00:29:29,183: +PUB [/camera/depth/image_raw/theora] /camera_nodelet_manager http://pc:39463/
[rosmaster.master][INFO] 2012-12-16 00:29:29,185: +SERVICE [/camera/depth/image_raw/theora/set_parameters] /camera_nodelet_manager http://pc:39463/
[rosmaster.master][INFO] 2012-12-16 00:29:29,188: +PUB [/camera/depth/image_raw/theora/parameter_descriptions] /camera_nodelet_manager http://pc:39463/
[rosmaster.master][INFO] 2012-12-16 00:29:29,191: +PUB [/camera/depth/image_raw/theora/parameter_updates] /camera_nodelet_manager http://pc:39463/
[rosmaster.master][INFO] 2012-12-16 00:29:29,201: +PARAM [/camera/depth/image_raw/theora/optimize_for] by /camera_nodelet_manager
[rosmaster.master][INFO] 2012-12-16 00:29:29,203: +PARAM [/camera/depth/image_raw/theora/target_bitrate] by /camera_nodelet_manager
[rosmaster.master][INFO] 2012-12-16 00:29:29,205: +PARAM [/camera/depth/image_raw/theora/quality] by /camera_nodelet_manager
[rosmaster.master][INFO] 2012-12-16 00:29:29,208: +PARAM [/camera/depth/image_raw/theora/keyframe_frequency] by /camera_nodelet_manager
[rosmaster.master][INFO] 2012-12-16 00:29:29,212: +PUB [/camera/depth/camera_info] /camera_nodelet_manager http://pc:39463/
[rosmaster.master][INFO] 2012-12-16 00:29:29,217: +PUB [/camera/projector/camera_info] /camera_nodelet_manager http://pc:39463/
[rosmaster.master][INFO] 2012-12-16 00:29:29,220: +PUB [/camera/depth_registered/image_raw/compressed] /camera_nodelet_manager http://pc:39463/
[rosmaster.master][INFO] 2012-12-16 00:29:29,222: +SERVICE [/camera/depth_registered/image_raw/compressed/set_parameters] /camera_nodelet_manager http://pc:39463/
[rosmaster.master][INFO] 2012-12-16 00:29:29,226: +PUB [/camera/depth_registered/image_raw/compressed/parameter_descriptions] /camera_nodelet_manager http://pc:39463/
[rosmaster.master][INFO] 2012-12-16 00:29:29,229: +PUB [/camera/depth_registered/image_raw/compressed/parameter_updates] /camera_nodelet_manager http://pc:39463/
[rosmaster.master][INFO] 2012-12-16 00:29:29,236: publisherUpdate[/camera/depth/image_raw] -> http://pc:39463/
[rosmaster.master][INFO] 2012-12-16 00:29:29,238: +PARAM [/camera/depth_registered/image_raw/compressed/format] by /camera_nodelet_manager
[rosmaster.master][INFO] 2012-12-16 00:29:29,239: publisherUpdate[/camera/depth/camera_info] -> http://pc:39463/
[rosmaster.master][INFO] 2012-12-16 00:29:29,243: +PARAM [/camera/depth_registered/image_raw/compressed/jpeg_quality] by /camera_nodelet_manager
[rosmaster.master][INFO] 2012-12-16 00:29:29,245: +PARAM [/camera/depth_registered/image_raw/compressed/png_level] by /camera_nodelet_manager
[rosmaster.master][INFO] 2012-12-16 00:29:29,248: +PUB [/camera/depth_registered/image_raw] /camera_nodelet_manager http://pc:39463/
[rosmaster.master][INFO] 2012-12-16 00:29:29,251: +PUB [/camera/depth_registered/image_raw/theora] /camera_nodelet_manager http://pc:39463/
[rosmaster.master][INFO] 2012-12-16 00:29:29,254: +SERVICE [/camera/depth_registered/image_raw/theora/set_parameters] /camera_nodelet_manager http://pc:39463/
[rosmaster.master][INFO] 2012-12-16 00:29:29,258: +PUB [/camera/depth_registered/image_raw/theora/parameter_descriptions] /camera_nodelet_manager http://pc:39463/
[rosmaster.master][INFO] 2012-12-16 00:29:29,261: +PUB [/camera/depth_registered/image_raw/theora/parameter_updates] /camera_nodelet_manager http://pc:39463/
[rosmaster.master][INFO] 2012-12-16 00:29:29,273: +PARAM [/camera/depth_registered/image_raw/theora/optimize_for] by /camera_nodelet_manager
[rosmaster.master][INFO] 2012-12-16 00:29:29,275: +PARAM [/camera/depth_registered/image_raw/theora/target_bitrate] by /camera_nodelet_manager
[rosmaster.master][INFO] 2012-12-16 00:29:29,278: +PARAM [/camera/depth_registered/image_raw/theora/quality] by /camera_nodelet_manager
[rosmaster.master][INFO] 2012-12-16 00:29:29,285: +PARAM [/camera/depth_registered/image_raw/theora/keyframe_frequency] by /camera_nodelet_manager
[rosmaster.master][INFO] 2012-12-16 00:29:29,290: +SUB [/camera/driver/parameter_updates] /set_dr http://pc:45866/
[rosmaster.master][INFO] 2012-12-16 00:29:29,296: +SUB [/camera/driver/parameter_descriptions] /set_dr http://pc:45866/
[rosmaster.master][INFO] 2012-12-16 00:29:29,341: publisherUpdate[/camera/depth_registered/image_raw] -> http://pc:39463/
[rosmaster.master][INFO] 2012-12-16 00:29:33,139: +PARAM [/camera/driver/image_mode] by /camera_nodelet_manager
[rosmaster.master][INFO] 2012-12-16 00:29:33,140: +PARAM [/camera/driver/depth_mode] by /camera_nodelet_manager
[rosmaster.master][INFO] 2012-12-16 00:29:33,141: +PARAM [/camera/driver/depth_registration] by /camera_nodelet_manager
[rosmaster.master][INFO] 2012-12-16 00:29:33,144: +PARAM [/camera/driver/data_skip] by /camera_nodelet_manager
[rosmaster.master][INFO] 2012-12-16 00:29:33,146: +PARAM [/camera/driver/depth_time_offset] by /camera_nodelet_manager
[rosmaster.master][INFO] 2012-12-16 00:29:33,148: +PARAM [/camera/driver/image_time_offset] by /camera_nodelet_manager
[rosmaster.master][INFO] 2012-12-16 00:29:33,149: +PARAM [/camera/driver/depth_ir_offset_x] by /camera_nodelet_manager
[rosmaster.master][INFO] 2012-12-16 00:29:33,150: +PARAM [/camera/driver/depth_ir_offset_y] by /camera_nodelet_manager
[rosmaster.master][INFO] 2012-12-16 00:29:33,152: +PARAM [/camera/driver/z_offset_mm] by /camera_nodelet_manager
[rosmaster.master][INFO] 2012-12-16 00:29:33,155: -SUB [/camera/driver/parameter_updates] /set_dr http://pc:45866/
[rosmaster.master][INFO] 2012-12-16 00:29:33,155: -SUB [/camera/driver/parameter_descriptions] /set_dr http://pc:45866/
[rosmaster.master][INFO] 2012-12-16 00:29:33,155: -PUB [/rosout] /set_dr http://pc:45866/
[rosmaster.master][INFO] 2012-12-16 00:29:33,249: publisherUpdate[/rosout] -> http://pc:50433/
[rosmaster.master][INFO] 2012-12-16 00:30:10,834: -PUB [/camera/depth_registered/disparity] /camera_nodelet_manager http://pc:39463/
[rosmaster.master][INFO] 2012-12-16 00:30:10,840: -SUB [/camera/depth_registered/image_rect] /depth_detection http://pc:32901/
[rosmaster.master][INFO] 2012-12-16 00:30:10,840: -SUB [/camera/rgb/image_rect_color] /depth_detection http://pc:32901/
[rosmaster.master][INFO] 2012-12-16 00:30:10,840: -PUB [/rosout] /depth_detection http://pc:32901/
[rosmaster.master][INFO] 2012-12-16 00:30:10,843: -PUB [/camera/depth_registered/points] /camera_nodelet_manager http://pc:39463/
[rosmaster.master][INFO] 2012-12-16 00:30:10,848: -PUB [/camera/depth/disparity] /camera_nodelet_manager http://pc:39463/
[rosmaster.master][INFO] 2012-12-16 00:30:10,850: -SUB [/camera/depth_registered/image_rect_raw] /camera_nodelet_manager http://pc:39463/
[rosmaster.master][INFO] 2012-12-16 00:30:10,853: -SUB [/camera/depth_registered/image_raw] /camera_nodelet_manager http://pc:39463/
[rosmaster.master][INFO] 2012-12-16 00:30:10,855: -SUB [/camera/depth_registered/camera_info] /camera_nodelet_manager http://pc:39463/
[rosmaster.master][INFO] 2012-12-16 00:30:10,857: -SUB [/camera/rgb/image_color] /camera_nodelet_manager http://pc:39463/
[rosmaster.master][INFO] 2012-12-16 00:30:10,859: -SUB [/camera/depth/image_rect_raw] /camera_nodelet_manager http://pc:39463/
[rosmaster.master][INFO] 2012-12-16 00:30:10,861: -SUB [/camera/rgb/image_raw] /camera_nodelet_manager http://pc:39463/
[rosmaster.master][INFO] 2012-12-16 00:30:10,862: -SUB [/camera/rgb/camera_info] /camera_nodelet_manager http://pc:39463/
[rosmaster.master][INFO] 2012-12-16 00:30:10,863: -SUB [/camera/depth/image_raw] /camera_nodelet_manager http://pc:39463/
[rosmaster.master][INFO] 2012-12-16 00:30:10,864: -SUB [/camera/depth/camera_info] /camera_nodelet_manager http://pc:39463/
[rosmaster.master][INFO] 2012-12-16 00:30:10,880: -PUB [/rosout] /camera/disparity_depth http://pc:55840/
[rosmaster.master][INFO] 2012-12-16 00:30:10,882: -SERVICE [/camera/disparity_depth/get_loggers] /camera/disparity_depth rosrpc://pc:53734
[rosmaster.master][INFO] 2012-12-16 00:30:10,883: -SERVICE [/camera/disparity_depth/set_logger_level] /camera/disparity_depth rosrpc://pc:53734
[rosmaster.master][INFO] 2012-12-16 00:30:10,908: publisherUpdate[/rosout] -> http://pc:50433/
[rosmaster.master][INFO] 2012-12-16 00:30:10,910: publisherUpdate[/rosout] -> http://pc:50433/
[rosmaster.master][INFO] 2012-12-16 00:30:10,974: -PUB [/rosout] /camera/depth_registered/metric http://pc:42441/
[rosmaster.master][INFO] 2012-12-16 00:30:10,975: -PUB [/rosout] /camera_base_link1 http://pc:39495/
[rosmaster.master][INFO] 2012-12-16 00:30:10,976: -PUB [/tf] /camera_base_link1 http://pc:39495/
[rosmaster.master][INFO] 2012-12-16 00:30:10,977: -SERVICE [/camera/depth_registered/metric/get_loggers] /camera/depth_registered/metric rosrpc://pc:48112
[rosmaster.master][INFO] 2012-12-16 00:30:10,978: -SERVICE [/camera/depth_registered/metric/set_logger_level] /camera/depth_registered/metric rosrpc://pc:48112
[rosmaster.master][INFO] 2012-12-16 00:30:10,979: -SERVICE [/camera_base_link1/get_loggers] /camera_base_link1 rosrpc://pc:48312
[rosmaster.master][INFO] 2012-12-16 00:30:10,982: -PUB [/rosout] /camera/points_xyzrgb_depth_rgb http://pc:48573/
[rosmaster.master][INFO] 2012-12-16 00:30:10,983: -PUB [/rosout] /camera/depth_registered/metric_rect http://pc:42945/
[rosmaster.master][INFO] 2012-12-16 00:30:10,985: -PUB [/rosout] /camera/disparity_depth_registered http://pc:48475/
[rosmaster.master][INFO] 2012-12-16 00:30:10,986: -PUB [/rosout] /camera_base_link2 http://pc:47366/
[rosmaster.master][INFO] 2012-12-16 00:30:10,987: -SERVICE [/camera_base_link1/set_logger_level] /camera_base_link1 rosrpc://pc:48312
[rosmaster.master][INFO] 2012-12-16 00:30:10,988: -SERVICE [/camera/points_xyzrgb_depth_rgb/get_loggers] /camera/points_xyzrgb_depth_rgb rosrpc://pc:42047
[rosmaster.master][INFO] 2012-12-16 00:30:10,989: -SERVICE [/camera/depth_registered/metric_rect/get_loggers] /camera/depth_registered/metric_rect rosrpc://pc:34628
[rosmaster.master][INFO] 2012-12-16 00:30:10,990: -SERVICE [/camera/disparity_depth_registered/get_loggers] /camera/disparity_depth_registered rosrpc://pc:50885
[rosmaster.master][INFO] 2012-12-16 00:30:10,991: -PUB [/tf] /camera_base_link2 http://pc:47366/
[rosmaster.master][INFO] 2012-12-16 00:30:10,993: -SERVICE [/camera/points_xyzrgb_depth_rgb/set_logger_level] /camera/points_xyzrgb_depth_rgb rosrpc://pc:42047
[rosmaster.master][INFO] 2012-12-16 00:30:10,994: -SERVICE [/camera/depth_registered/metric_rect/set_logger_level] /camera/depth_registered/metric_rect rosrpc://pc:34628
[rosmaster.master][INFO] 2012-12-16 00:30:10,994: -SERVICE [/camera/disparity_depth_registered/set_logger_level] /camera/disparity_depth_registered rosrpc://pc:50885
[rosmaster.master][INFO] 2012-12-16 00:30:10,995: -SERVICE [/camera_base_link2/get_loggers] /camera_base_link2 rosrpc://pc:47383
[rosmaster.master][INFO] 2012-12-16 00:30:10,996: -PUB [/rosout] /camera_base_link3 http://pc:57442/
[rosmaster.master][INFO] 2012-12-16 00:30:10,997: -SERVICE [/camera_base_link2/set_logger_level] /camera_base_link2 rosrpc://pc:47383
[rosmaster.master][INFO] 2012-12-16 00:30:10,998: -PUB [/tf] /camera_base_link3 http://pc:57442/
[rosmaster.master][INFO] 2012-12-16 00:30:11,000: -SERVICE [/camera_base_link3/get_loggers] /camera_base_link3 rosrpc://pc:42564
[rosmaster.master][INFO] 2012-12-16 00:30:11,002: -SERVICE [/camera_base_link3/set_logger_level] /camera_base_link3 rosrpc://pc:42564
[rosmaster.master][INFO] 2012-12-16 00:30:11,003: -PUB [/rosout] /camera_base_link http://pc:52965/
[rosmaster.master][INFO] 2012-12-16 00:30:11,005: -PUB [/tf] /camera_base_link http://pc:52965/
[rosmaster.master][INFO] 2012-12-16 00:30:11,007: -SERVICE [/camera_base_link/get_loggers] /camera_base_link rosrpc://pc:34483
[rosmaster.master][INFO] 2012-12-16 00:30:11,009: publisherUpdate[/rosout] -> http://pc:50433/
[rosmaster.master][INFO] 2012-12-16 00:30:11,011: publisherUpdate[/rosout] -> http://pc:50433/
[rosmaster.master][INFO] 2012-12-16 00:30:11,011: -SERVICE [/camera_base_link/set_logger_level] /camera_base_link rosrpc://pc:34483
[rosmaster.master][INFO] 2012-12-16 00:30:11,012: publisherUpdate[/tf] -> http://pc:39463/
[rosmaster.master][INFO] 2012-12-16 00:30:11,013: publisherUpdate[/rosout] -> http://pc:50433/
[rosmaster.master][INFO] 2012-12-16 00:30:11,014: publisherUpdate[/tf] -> http://pc:39463/
[rosmaster.master][INFO] 2012-12-16 00:30:11,015: publisherUpdate[/rosout] -> http://pc:50433/
[rosmaster.master][INFO] 2012-12-16 00:30:11,016: publisherUpdate[/rosout] -> http://pc:50433/
[rosmaster.master][INFO] 2012-12-16 00:30:11,018: publisherUpdate[/rosout] -> http://pc:50433/
[rosmaster.master][INFO] 2012-12-16 00:30:11,019: publisherUpdate[/tf] -> http://pc:39463/
[rosmaster.master][INFO] 2012-12-16 00:30:11,020: publisherUpdate[/tf] -> http://pc:39463/
[rosmaster.master][INFO] 2012-12-16 00:30:11,021: publisherUpdate[/rosout] -> http://pc:50433/
[rosmaster.master][INFO] 2012-12-16 00:30:11,023: publisherUpdate[/rosout] -> http://pc:50433/
[rosmaster.master][INFO] 2012-12-16 00:30:11,034: -PUB [/camera/depth_registered/rectify_depth/parameter_descriptions] /camera_nodelet_manager http://pc:39463/
[rosmaster.master][INFO] 2012-12-16 00:30:11,036: -PUB [/camera/depth_registered/rectify_depth/parameter_updates] /camera_nodelet_manager http://pc:39463/
[rosmaster.master][INFO] 2012-12-16 00:30:11,037: -SERVICE [/camera/depth_registered/rectify_depth/set_parameters] /camera_nodelet_manager rosrpc://pc:54325
[rosmaster.master][INFO] 2012-12-16 00:30:11,080: -PUB [/rosout] /camera/depth_registered/rectify_depth http://pc:50084/
[rosmaster.master][INFO] 2012-12-16 00:30:11,081: -SERVICE [/camera/depth_registered/rectify_depth/get_loggers] /camera/depth_registered/rectify_depth rosrpc://pc:46522
[rosmaster.master][INFO] 2012-12-16 00:30:11,082: -SERVICE [/camera/depth_registered/rectify_depth/set_logger_level] /camera/depth_registered/rectify_depth rosrpc://pc:46522
[rosmaster.master][INFO] 2012-12-16 00:30:11,114: publisherUpdate[/rosout] -> http://pc:50433/
[rosmaster.master][INFO] 2012-12-16 00:30:11,142: -SUB [/tf] /camera_nodelet_manager http://pc:39463/
[rosmaster.master][INFO] 2012-12-16 00:30:11,143: -SERVICE [/camera_nodelet_manager/tf_frames] /camera_nodelet_manager rosrpc://pc:54325
[rosmaster.master][INFO] 2012-12-16 00:30:11,144: -PUB [/camera/depth/points] /camera_nodelet_manager http://pc:39463/
[rosmaster.master][INFO] 2012-12-16 00:30:11,146: -PUB [/camera/depth/rectify_depth/parameter_descriptions] /camera_nodelet_manager http://pc:39463/
[rosmaster.master][INFO] 2012-12-16 00:30:11,147: -PUB [/camera/depth/rectify_depth/parameter_updates] /camera_nodelet_manager http://pc:39463/
[rosmaster.master][INFO] 2012-12-16 00:30:11,148: -SERVICE [/camera/depth/rectify_depth/set_parameters] /camera_nodelet_manager rosrpc://pc:54325
[rosmaster.master][INFO] 2012-12-16 00:30:11,179: -PUB [/rosout] /camera/register_depth_rgb http://pc:53751/
[rosmaster.master][INFO] 2012-12-16 00:30:11,182: -SERVICE [/camera/register_depth_rgb/get_loggers] /camera/register_depth_rgb rosrpc://pc:50633
[rosmaster.master][INFO] 2012-12-16 00:30:11,183: -SERVICE [/camera/register_depth_rgb/set_logger_level] /camera/register_depth_rgb rosrpc://pc:50633
[rosmaster.master][INFO] 2012-12-16 00:30:11,215: publisherUpdate[/rosout] -> http://pc:50433/
[rosmaster.master][INFO] 2012-12-16 00:30:11,239: -PUB [/camera/ir/rectify_ir/parameter_descriptions] /camera_nodelet_manager http://pc:39463/
[rosmaster.master][INFO] 2012-12-16 00:30:11,241: -PUB [/camera/ir/rectify_ir/parameter_updates] /camera_nodelet_manager http://pc:39463/
[rosmaster.master][INFO] 2012-12-16 00:30:11,243: -SERVICE [/camera/ir/rectify_ir/set_parameters] /camera_nodelet_manager rosrpc://pc:54325
[rosmaster.master][INFO] 2012-12-16 00:30:11,245: -PUB [/camera/rgb/rectify_mono/parameter_descriptions] /camera_nodelet_manager http://pc:39463/
[rosmaster.master][INFO] 2012-12-16 00:30:11,246: -PUB [/camera/rgb/rectify_mono/parameter_updates] /camera_nodelet_manager http://pc:39463/
[rosmaster.master][INFO] 2012-12-16 00:30:11,248: -SERVICE [/camera/rgb/rectify_mono/set_parameters] /camera_nodelet_manager rosrpc://pc:54325
[rosmaster.master][INFO] 2012-12-16 00:30:11,249: -PUB [/camera/rgb/rectify_color/parameter_descriptions] /camera_nodelet_manager http://pc:39463/
[rosmaster.master][INFO] 2012-12-16 00:30:11,250: -PUB [/camera/rgb/rectify_color/parameter_updates] /camera_nodelet_manager http://pc:39463/
[rosmaster.master][INFO] 2012-12-16 00:30:11,251: -SERVICE [/camera/rgb/rectify_color/set_parameters] /camera_nodelet_manager rosrpc://pc:54325
[rosmaster.master][INFO] 2012-12-16 00:30:11,252: -PUB [/camera/rgb/debayer/parameter_descriptions] /camera_nodelet_manager http://pc:39463/
[rosmaster.master][INFO] 2012-12-16 00:30:11,253: -PUB [/camera/rgb/debayer/parameter_updates] /camera_nodelet_manager http://pc:39463/
[rosmaster.master][INFO] 2012-12-16 00:30:11,255: -SERVICE [/camera/rgb/debayer/set_parameters] /camera_nodelet_manager rosrpc://pc:54325
[rosmaster.master][INFO] 2012-12-16 00:30:11,263: -PUB [/rosout] /camera/depth/metric_rect http://pc:60399/
[rosmaster.master][INFO] 2012-12-16 00:30:11,264: -SERVICE [/camera/depth/metric_rect/get_loggers] /camera/depth/metric_rect rosrpc://pc:39959
[rosmaster.master][INFO] 2012-12-16 00:30:11,265: -SERVICE [/camera/depth/metric_rect/set_logger_level] /camera/depth/metric_rect rosrpc://pc:39959
[rosmaster.master][INFO] 2012-12-16 00:30:11,267: -PUB [/rosout] /camera/depth/rectify_depth http://pc:53203/
[rosmaster.master][INFO] 2012-12-16 00:30:11,268: -PUB [/rosout] /camera/rgb/rectify_mono http://pc:33787/
[rosmaster.master][INFO] 2012-12-16 00:30:11,270: -SERVICE [/camera/depth/rectify_depth/get_loggers] /camera/depth/rectify_depth rosrpc://pc:60348
[rosmaster.master][INFO] 2012-12-16 00:30:11,271: -PUB [/rosout] /camera/rgb/debayer http://pc:60917/
[rosmaster.master][INFO] 2012-12-16 00:30:11,271: -PUB [/rosout] /camera/depth/metric http://pc:32770/
[rosmaster.master][INFO] 2012-12-16 00:30:11,272: -SERVICE [/camera/rgb/rectify_mono/get_loggers] /camera/rgb/rectify_mono rosrpc://pc:39619
[rosmaster.master][INFO] 2012-12-16 00:30:11,273: -SERVICE [/camera/depth/rectify_depth/set_logger_level] /camera/depth/rectify_depth rosrpc://pc:60348
[rosmaster.master][INFO] 2012-12-16 00:30:11,275: -SERVICE [/camera/rgb/debayer/get_loggers] /camera/rgb/debayer rosrpc://pc:41145
[rosmaster.master][INFO] 2012-12-16 00:30:11,276: -SERVICE [/camera/depth/metric/get_loggers] /camera/depth/metric rosrpc://pc:41212
[rosmaster.master][INFO] 2012-12-16 00:30:11,277: -SERVICE [/camera/rgb/rectify_mono/set_logger_level] /camera/rgb/rectify_mono rosrpc://pc:39619
[rosmaster.master][INFO] 2012-12-16 00:30:11,277: -PUB [/rosout] /camera/depth/points http://pc:54234/
[rosmaster.master][INFO] 2012-12-16 00:30:11,278: -SERVICE [/camera/rgb/debayer/set_logger_level] /camera/rgb/debayer rosrpc://pc:41145
[rosmaster.master][INFO] 2012-12-16 00:30:11,279: -SERVICE [/camera/depth/metric/set_logger_level] /camera/depth/metric rosrpc://pc:41212
[rosmaster.master][INFO] 2012-12-16 00:30:11,280: -SERVICE [/camera/depth/points/get_loggers] /camera/depth/points rosrpc://pc:48028
[rosmaster.master][INFO] 2012-12-16 00:30:11,281: -SERVICE [/camera/depth/points/set_logger_level] /camera/depth/points rosrpc://pc:48028
[rosmaster.master][INFO] 2012-12-16 00:30:11,317: publisherUpdate[/rosout] -> http://pc:50433/
[rosmaster.master][INFO] 2012-12-16 00:30:11,318: publisherUpdate[/rosout] -> http://pc:50433/
[rosmaster.master][INFO] 2012-12-16 00:30:11,319: publisherUpdate[/rosout] -> http://pc:50433/
[rosmaster.master][INFO] 2012-12-16 00:30:11,319: publisherUpdate[/rosout] -> http://pc:50433/
[rosmaster.master][INFO] 2012-12-16 00:30:11,320: publisherUpdate[/rosout] -> http://pc:50433/
[rosmaster.master][INFO] 2012-12-16 00:30:11,321: publisherUpdate[/rosout] -> http://pc:50433/
[rosmaster.master][INFO] 2012-12-16 00:30:11,367: -PUB [/rosout] /camera/ir/rectify_ir http://pc:32834/
[rosmaster.master][INFO] 2012-12-16 00:30:11,372: -PUB [/rosout] /camera/rgb/rectify_color http://pc:40063/
[rosmaster.master][INFO] 2012-12-16 00:30:11,373: -PUB [/rosout] /camera/driver http://pc:51777/
[rosmaster.master][INFO] 2012-12-16 00:30:11,374: -SERVICE [/camera/ir/rectify_ir/get_loggers] /camera/ir/rectify_ir rosrpc://pc:56956
[rosmaster.master][INFO] 2012-12-16 00:30:11,376: -SERVICE [/camera/driver/get_loggers] /camera/driver rosrpc://pc:44538
[rosmaster.master][INFO] 2012-12-16 00:30:11,377: -SERVICE [/camera/ir/rectify_ir/set_logger_level] /camera/ir/rectify_ir rosrpc://pc:56956
[rosmaster.master][INFO] 2012-12-16 00:30:11,379: -SERVICE [/camera/driver/set_logger_level] /camera/driver rosrpc://pc:44538
[rosmaster.master][INFO] 2012-12-16 00:30:11,379: -SERVICE [/camera/rgb/rectify_color/get_loggers] /camera/rgb/rectify_color rosrpc://pc:58971
[rosmaster.master][INFO] 2012-12-16 00:30:11,381: -SERVICE [/camera/rgb/rectify_color/set_logger_level] /camera/rgb/rectify_color rosrpc://pc:58971
[rosmaster.master][INFO] 2012-12-16 00:30:11,421: publisherUpdate[/rosout] -> http://pc:50433/
[rosmaster.master][INFO] 2012-12-16 00:30:11,423: publisherUpdate[/rosout] -> http://pc:50433/
[rosmaster.master][INFO] 2012-12-16 00:30:11,424: publisherUpdate[/rosout] -> http://pc:50433/
[rosmaster.master][INFO] 2012-12-16 00:30:11,437: -SERVICE [/camera/ir/set_camera_info] /camera_nodelet_manager rosrpc://pc:54325
[rosmaster.master][INFO] 2012-12-16 00:30:11,440: -SERVICE [/camera/rgb/set_camera_info] /camera_nodelet_manager rosrpc://pc:54325
[rosmaster.master][INFO] 2012-12-16 00:30:11,443: -PUB [/camera/driver/parameter_descriptions] /camera_nodelet_manager http://pc:39463/
[rosmaster.master][INFO] 2012-12-16 00:30:11,446: -PUB [/camera/driver/parameter_updates] /camera_nodelet_manager http://pc:39463/
[rosmaster.master][INFO] 2012-12-16 00:30:11,462: -SERVICE [/camera/driver/set_parameters] /camera_nodelet_manager rosrpc://pc:54325
[rosmaster.master][INFO] 2012-12-16 00:30:11,523: -PUB [/rosout] /camera_nodelet_manager http://pc:39463/
[rosmaster.master][INFO] 2012-12-16 00:30:11,524: publisherUpdate[/rosout] -> http://pc:50433/
[rosmaster.master][INFO] 2012-12-16 00:30:11,525: -PUB [/camera/depth_registered/image_rect_raw/compressed] /camera_nodelet_manager http://pc:39463/
[rosmaster.master][INFO] 2012-12-16 00:30:11,527: -PUB [/camera/depth_registered/image_rect_raw/compressed/parameter_descriptions] /camera_nodelet_manager http://pc:39463/
[rosmaster.master][INFO] 2012-12-16 00:30:11,529: -PUB [/camera/depth_registered/image_rect_raw/compressed/parameter_updates] /camera_nodelet_manager http://pc:39463/
[rosmaster.master][INFO] 2012-12-16 00:30:11,530: -PUB [/camera/depth_registered/image_rect_raw] /camera_nodelet_manager http://pc:39463/
[rosmaster.master][INFO] 2012-12-16 00:30:11,531: -PUB [/camera/depth_registered/image_rect_raw/theora] /camera_nodelet_manager http://pc:39463/
[rosmaster.master][INFO] 2012-12-16 00:30:11,533: -PUB [/camera/depth_registered/image_rect_raw/theora/parameter_descriptions] /camera_nodelet_manager http://pc:39463/
[rosmaster.master][INFO] 2012-12-16 00:30:11,534: -PUB [/camera/depth_registered/image_rect_raw/theora/parameter_updates] /camera_nodelet_manager http://pc:39463/
[rosmaster.master][INFO] 2012-12-16 00:30:11,536: -PUB [/camera/rgb/image_rect/compressed] /camera_nodelet_manager http://pc:39463/
[rosmaster.master][INFO] 2012-12-16 00:30:11,537: -PUB [/camera/rgb/image_rect/compressed/parameter_descriptions] /camera_nodelet_manager http://pc:39463/
[rosmaster.master][INFO] 2012-12-16 00:30:11,539: -PUB [/camera/rgb/image_rect/compressed/parameter_updates] /camera_nodelet_manager http://pc:39463/
[rosmaster.master][INFO] 2012-12-16 00:30:11,540: -PUB [/camera/rgb/image_rect] /camera_nodelet_manager http://pc:39463/
[rosmaster.master][INFO] 2012-12-16 00:30:11,545: -PUB [/camera/rgb/image_rect/theora] /camera_nodelet_manager http://pc:39463/
[rosmaster.master][INFO] 2012-12-16 00:30:11,549: -PUB [/camera/rgb/image_rect/theora/parameter_descriptions] /camera_nodelet_manager http://pc:39463/
[rosmaster.master][INFO] 2012-12-16 00:30:11,550: -PUB [/camera/rgb/image_rect/theora/parameter_updates] /camera_nodelet_manager http://pc:39463/
[rosmaster.master][INFO] 2012-12-16 00:30:11,552: -PUB [/camera/depth/image_rect_raw/compressed] /camera_nodelet_manager http://pc:39463/
[rosmaster.master][INFO] 2012-12-16 00:30:11,553: -PUB [/camera/depth/image_rect_raw/compressed/parameter_descriptions] /camera_nodelet_manager http://pc:39463/
[rosmaster.master][INFO] 2012-12-16 00:30:11,554: -PUB [/camera/depth/image_rect_raw/compressed/parameter_updates] /camera_nodelet_manager http://pc:39463/
[rosmaster.master][INFO] 2012-12-16 00:30:11,556: -PUB [/camera/depth/image_rect_raw] /camera_nodelet_manager http://pc:39463/
[rosmaster.master][INFO] 2012-12-16 00:30:11,557: -PUB [/camera/depth/image_rect_raw/theora] /camera_nodelet_manager http://pc:39463/
[rosmaster.master][INFO] 2012-12-16 00:30:11,558: -PUB [/camera/depth/image_rect_raw/theora/parameter_descriptions] /camera_nodelet_manager http://pc:39463/
[rosmaster.master][INFO] 2012-12-16 00:30:11,560: -PUB [/camera/depth/image_rect_raw/theora/parameter_updates] /camera_nodelet_manager http://pc:39463/
[rosmaster.master][INFO] 2012-12-16 00:30:11,561: -PUB [/camera/rgb/image_mono/compressed] /camera_nodelet_manager http://pc:39463/
[rosmaster.master][INFO] 2012-12-16 00:30:11,562: -PUB [/camera/rgb/image_mono/compressed/parameter_descriptions] /camera_nodelet_manager http://pc:39463/
[rosmaster.master][INFO] 2012-12-16 00:30:11,563: -PUB [/camera/rgb/image_mono/compressed/parameter_updates] /camera_nodelet_manager http://pc:39463/
[rosmaster.master][INFO] 2012-12-16 00:30:11,570: -PUB [/camera/rgb/image_mono] /camera_nodelet_manager http://pc:39463/
[rosmaster.master][INFO] 2012-12-16 00:30:11,572: -PUB [/camera/rgb/image_mono/theora] /camera_nodelet_manager http://pc:39463/
[rosmaster.master][INFO] 2012-12-16 00:30:11,573: -PUB [/camera/rgb/image_mono/theora/parameter_descriptions] /camera_nodelet_manager http://pc:39463/
[rosmaster.master][INFO] 2012-12-16 00:30:11,574: -PUB [/camera/rgb/image_mono/theora/parameter_updates] /camera_nodelet_manager http://pc:39463/
[rosmaster.master][INFO] 2012-12-16 00:30:11,575: -PUB [/camera/rgb/image_color/compressed] /camera_nodelet_manager http://pc:39463/
[rosmaster.master][INFO] 2012-12-16 00:30:11,577: -PUB [/camera/rgb/image_color/compressed/parameter_descriptions] /camera_nodelet_manager http://pc:39463/
[rosmaster.master][INFO] 2012-12-16 00:30:11,578: -PUB [/camera/rgb/image_color/compressed/parameter_updates] /camera_nodelet_manager http://pc:39463/
[rosmaster.master][INFO] 2012-12-16 00:30:11,579: -PUB [/camera/rgb/image_color] /camera_nodelet_manager http://pc:39463/
[rosmaster.master][INFO] 2012-12-16 00:30:11,580: -PUB [/camera/rgb/image_color/theora] /camera_nodelet_manager http://pc:39463/
[rosmaster.master][INFO] 2012-12-16 00:30:11,581: -PUB [/camera/rgb/image_color/theora/parameter_descriptions] /camera_nodelet_manager http://pc:39463/
[rosmaster.master][INFO] 2012-12-16 00:30:11,582: -PUB [/camera/rgb/image_color/theora/parameter_updates] /camera_nodelet_manager http://pc:39463/
[rosmaster.master][INFO] 2012-12-16 00:30:11,584: -PUB [/camera/depth_registered/image/compressed] /camera_nodelet_manager http://pc:39463/
[rosmaster.master][INFO] 2012-12-16 00:30:11,588: -PUB [/camera/depth_registered/image/compressed/parameter_descriptions] /camera_nodelet_manager http://pc:39463/
[rosmaster.master][INFO] 2012-12-16 00:30:11,589: -PUB [/camera/depth_registered/image/compressed/parameter_updates] /camera_nodelet_manager http://pc:39463/
[rosmaster.master][INFO] 2012-12-16 00:30:11,590: -PUB [/camera/depth_registered/image] /camera_nodelet_manager http://pc:39463/
[rosmaster.master][INFO] 2012-12-16 00:30:11,592: -PUB [/camera/depth_registered/image/theora] /camera_nodelet_manager http://pc:39463/
[rosmaster.master][INFO] 2012-12-16 00:30:11,593: -PUB [/camera/depth_registered/image/theora/parameter_descriptions] /camera_nodelet_manager http://pc:39463/
[rosmaster.master][INFO] 2012-12-16 00:30:11,594: -PUB [/camera/depth_registered/image/theora/parameter_updates] /camera_nodelet_manager http://pc:39463/
[rosmaster.master][INFO] 2012-12-16 00:30:11,596: -PUB [/camera/depth_registered/camera_info] /camera_nodelet_manager http://pc:39463/
[rosmaster.master][INFO] 2012-12-16 00:30:11,597: -PUB [/camera/ir/image_rect/compressed] /camera_nodelet_manager http://pc:39463/
[rosmaster.master][INFO] 2012-12-16 00:30:11,598: -PUB [/camera/ir/image_rect/compressed/parameter_descriptions] /camera_nodelet_manager http://pc:39463/
[rosmaster.master][INFO] 2012-12-16 00:30:11,599: -PUB [/camera/ir/image_rect/compressed/parameter_updates] /camera_nodelet_manager http://pc:39463/
[rosmaster.master][INFO] 2012-12-16 00:30:11,601: -PUB [/camera/ir/image_rect] /camera_nodelet_manager http://pc:39463/
[rosmaster.master][INFO] 2012-12-16 00:30:11,602: -PUB [/camera/ir/image_rect/theora] /camera_nodelet_manager http://pc:39463/
[rosmaster.master][INFO] 2012-12-16 00:30:11,603: -PUB [/camera/ir/image_rect/theora/parameter_descriptions] /camera_nodelet_manager http://pc:39463/
[rosmaster.master][INFO] 2012-12-16 00:30:11,605: -PUB [/camera/ir/image_rect/theora/parameter_updates] /camera_nodelet_manager http://pc:39463/
[rosmaster.master][INFO] 2012-12-16 00:30:11,607: -PUB [/camera/depth_registered/image_rect/compressed] /camera_nodelet_manager http://pc:39463/
[rosmaster.master][INFO] 2012-12-16 00:30:11,608: -PUB [/camera/depth_registered/image_rect/compressed/parameter_descriptions] /camera_nodelet_manager http://pc:39463/
[rosmaster.master][INFO] 2012-12-16 00:30:11,610: -PUB [/camera/depth_registered/image_rect/compressed/parameter_updates] /camera_nodelet_manager http://pc:39463/
[rosmaster.master][INFO] 2012-12-16 00:30:11,611: -PUB [/camera/depth_registered/image_rect] /camera_nodelet_manager http://pc:39463/
[rosmaster.master][INFO] 2012-12-16 00:30:11,613: -PUB [/camera/depth_registered/image_rect/theora] /camera_nodelet_manager http://pc:39463/
[rosmaster.master][INFO] 2012-12-16 00:30:11,614: -PUB [/camera/depth_registered/image_rect/theora/parameter_descriptions] /camera_nodelet_manager http://pc:39463/
[rosmaster.master][INFO] 2012-12-16 00:30:11,615: -PUB [/camera/depth_registered/image_rect/theora/parameter_updates] /camera_nodelet_manager http://pc:39463/
[rosmaster.master][INFO] 2012-12-16 00:30:11,617: -PUB [/camera/depth/image_rect/compressed] /camera_nodelet_manager http://pc:39463/
[rosmaster.master][INFO] 2012-12-16 00:30:11,618: -PUB [/camera/depth/image_rect/compressed/parameter_descriptions] /camera_nodelet_manager http://pc:39463/
[rosmaster.master][INFO] 2012-12-16 00:30:11,619: -PUB [/camera/depth/image_rect/compressed/parameter_updates] /camera_nodelet_manager http://pc:39463/
[rosmaster.master][INFO] 2012-12-16 00:30:11,621: -PUB [/camera/depth/image_rect] /camera_nodelet_manager http://pc:39463/
[rosmaster.master][INFO] 2012-12-16 00:30:11,622: -PUB [/camera/depth/image_rect/theora] /camera_nodelet_manager http://pc:39463/
[rosmaster.master][INFO] 2012-12-16 00:30:11,623: -PUB [/camera/depth/image_rect/theora/parameter_descriptions] /camera_nodelet_manager http://pc:39463/
[rosmaster.master][INFO] 2012-12-16 00:30:11,624: -PUB [/camera/depth/image_rect/theora/parameter_updates] /camera_nodelet_manager http://pc:39463/
[rosmaster.master][INFO] 2012-12-16 00:30:11,626: -PUB [/camera/rgb/image_rect_color/compressed] /camera_nodelet_manager http://pc:39463/
[rosmaster.master][INFO] 2012-12-16 00:30:11,627: -PUB [/camera/rgb/image_rect_color/compressed/parameter_descriptions] /camera_nodelet_manager http://pc:39463/
[rosmaster.master][INFO] 2012-12-16 00:30:11,629: -PUB [/camera/rgb/image_rect_color/compressed/parameter_updates] /camera_nodelet_manager http://pc:39463/
[rosmaster.master][INFO] 2012-12-16 00:30:11,630: -PUB [/camera/rgb/image_rect_color] /camera_nodelet_manager http://pc:39463/
[rosmaster.master][INFO] 2012-12-16 00:30:11,631: -PUB [/camera/rgb/image_rect_color/theora] /camera_nodelet_manager http://pc:39463/
[rosmaster.master][INFO] 2012-12-16 00:30:11,633: -PUB [/camera/rgb/image_rect_color/theora/parameter_descriptions] /camera_nodelet_manager http://pc:39463/
[rosmaster.master][INFO] 2012-12-16 00:30:11,635: -PUB [/camera/rgb/image_rect_color/theora/parameter_updates] /camera_nodelet_manager http://pc:39463/
[rosmaster.master][INFO] 2012-12-16 00:30:11,636: -PUB [/camera/depth/image/compressed] /camera_nodelet_manager http://pc:39463/
[rosmaster.master][INFO] 2012-12-16 00:30:11,637: -PUB [/camera/depth/image/compressed/parameter_descriptions] /camera_nodelet_manager http://pc:39463/
[rosmaster.master][INFO] 2012-12-16 00:30:11,639: -PUB [/camera/depth/image/compressed/parameter_updates] /camera_nodelet_manager http://pc:39463/
[rosmaster.master][INFO] 2012-12-16 00:30:11,640: -PUB [/camera/depth/image] /camera_nodelet_manager http://pc:39463/
[rosmaster.master][INFO] 2012-12-16 00:30:11,642: -PUB [/camera/depth/image/theora] /camera_nodelet_manager http://pc:39463/
[rosmaster.master][INFO] 2012-12-16 00:30:11,644: -PUB [/camera/depth/image/theora/parameter_descriptions] /camera_nodelet_manager http://pc:39463/
[rosmaster.master][INFO] 2012-12-16 00:30:11,646: -PUB [/camera/depth/image/theora/parameter_updates] /camera_nodelet_manager http://pc:39463/
[rosmaster.master][INFO] 2012-12-16 00:30:11,647: -PUB [/camera/rgb/image_raw/compressed] /camera_nodelet_manager http://pc:39463/
[rosmaster.master][INFO] 2012-12-16 00:30:11,648: -PUB [/camera/rgb/image_raw/compressed/parameter_descriptions] /camera_nodelet_manager http://pc:39463/
[rosmaster.master][INFO] 2012-12-16 00:30:11,649: -PUB [/camera/rgb/image_raw/compressed/parameter_updates] /camera_nodelet_manager http://pc:39463/
[rosmaster.master][INFO] 2012-12-16 00:30:11,651: -PUB [/camera/rgb/image_raw] /camera_nodelet_manager http://pc:39463/
[rosmaster.master][INFO] 2012-12-16 00:30:11,652: -PUB [/camera/rgb/image_raw/theora] /camera_nodelet_manager http://pc:39463/
[rosmaster.master][INFO] 2012-12-16 00:30:11,654: -PUB [/camera/rgb/image_raw/theora/parameter_descriptions] /camera_nodelet_manager http://pc:39463/
[rosmaster.master][INFO] 2012-12-16 00:30:11,655: -PUB [/camera/rgb/image_raw/theora/parameter_updates] /camera_nodelet_manager http://pc:39463/
[rosmaster.master][INFO] 2012-12-16 00:30:11,657: -PUB [/camera/rgb/camera_info] /camera_nodelet_manager http://pc:39463/
[rosmaster.master][INFO] 2012-12-16 00:30:11,658: -PUB [/camera/ir/image_raw/compressed] /camera_nodelet_manager http://pc:39463/
[rosmaster.master][INFO] 2012-12-16 00:30:11,660: -PUB [/camera/ir/image_raw/compressed/parameter_descriptions] /camera_nodelet_manager http://pc:39463/
[rosmaster.master][INFO] 2012-12-16 00:30:11,661: -PUB [/camera/ir/image_raw/compressed/parameter_updates] /camera_nodelet_manager http://pc:39463/
[rosmaster.master][INFO] 2012-12-16 00:30:11,662: -PUB [/camera/ir/image_raw] /camera_nodelet_manager http://pc:39463/
[rosmaster.master][INFO] 2012-12-16 00:30:11,663: -PUB [/camera/ir/image_raw/theora] /camera_nodelet_manager http://pc:39463/
[rosmaster.master][INFO] 2012-12-16 00:30:11,664: -PUB [/camera/ir/image_raw/theora/parameter_descriptions] /camera_nodelet_manager http://pc:39463/
[rosmaster.master][INFO] 2012-12-16 00:30:11,665: -PUB [/camera/ir/image_raw/theora/parameter_updates] /camera_nodelet_manager http://pc:39463/
[rosmaster.master][INFO] 2012-12-16 00:30:11,666: -PUB [/camera/ir/camera_info] /camera_nodelet_manager http://pc:39463/
[rosmaster.master][INFO] 2012-12-16 00:30:11,667: -PUB [/camera/depth/image_raw/compressed] /camera_nodelet_manager http://pc:39463/
[rosmaster.master][INFO] 2012-12-16 00:30:11,668: -PUB [/camera/depth/image_raw/compressed/parameter_descriptions] /camera_nodelet_manager http://pc:39463/
[rosmaster.master][INFO] 2012-12-16 00:30:11,669: -PUB [/camera/depth/image_raw/compressed/parameter_updates] /camera_nodelet_manager http://pc:39463/
[rosmaster.master][INFO] 2012-12-16 00:30:11,670: -PUB [/camera/depth/image_raw] /camera_nodelet_manager http://pc:39463/
[rosmaster.master][INFO] 2012-12-16 00:30:11,670: -PUB [/camera/depth/image_raw/theora] /camera_nodelet_manager http://pc:39463/
[rosmaster.master][INFO] 2012-12-16 00:30:11,671: -PUB [/camera/depth/image_raw/theora/parameter_descriptions] /camera_nodelet_manager http://pc:39463/
[rosmaster.master][INFO] 2012-12-16 00:30:11,672: -PUB [/camera/depth/image_raw/theora/parameter_updates] /camera_nodelet_manager http://pc:39463/
[rosmaster.master][INFO] 2012-12-16 00:30:11,673: -PUB [/camera/depth/camera_info] /camera_nodelet_manager http://pc:39463/
[rosmaster.master][INFO] 2012-12-16 00:30:11,674: -PUB [/camera/projector/camera_info] /camera_nodelet_manager http://pc:39463/
[rosmaster.master][INFO] 2012-12-16 00:30:11,675: -PUB [/camera/depth_registered/image_raw/compressed] /camera_nodelet_manager http://pc:39463/
[rosmaster.master][INFO] 2012-12-16 00:30:11,675: -PUB [/camera/depth_registered/image_raw/compressed/parameter_descriptions] /camera_nodelet_manager http://pc:39463/
[rosmaster.master][INFO] 2012-12-16 00:30:11,676: -PUB [/camera/depth_registered/image_raw/compressed/parameter_updates] /camera_nodelet_manager http://pc:39463/
[rosmaster.master][INFO] 2012-12-16 00:30:11,677: -PUB [/camera/depth_registered/image_raw] /camera_nodelet_manager http://pc:39463/
[rosmaster.master][INFO] 2012-12-16 00:30:11,678: -PUB [/camera/depth_registered/image_raw/theora] /camera_nodelet_manager http://pc:39463/
[rosmaster.master][INFO] 2012-12-16 00:30:11,679: -PUB [/camera/depth_registered/image_raw/theora/parameter_descriptions] /camera_nodelet_manager http://pc:39463/
[rosmaster.master][INFO] 2012-12-16 00:30:11,679: -PUB [/camera/depth_registered/image_raw/theora/parameter_updates] /camera_nodelet_manager http://pc:39463/
[rosmaster.master][INFO] 2012-12-16 00:30:11,681: -SERVICE [/camera_nodelet_manager/get_loggers] /camera_nodelet_manager rosrpc://pc:54325
[rosmaster.master][INFO] 2012-12-16 00:30:11,682: -SERVICE [/camera_nodelet_manager/set_logger_level] /camera_nodelet_manager rosrpc://pc:54325
[rosmaster.master][INFO] 2012-12-16 00:30:11,683: -SERVICE [/camera_nodelet_manager/load_nodelet] /camera_nodelet_manager rosrpc://pc:54325
[rosmaster.master][INFO] 2012-12-16 00:30:11,685: -SERVICE [/camera_nodelet_manager/unload_nodelet] /camera_nodelet_manager rosrpc://pc:54325
[rosmaster.master][INFO] 2012-12-16 00:30:11,686: -SERVICE [/camera_nodelet_manager/list] /camera_nodelet_manager rosrpc://pc:54325
[rosmaster.master][INFO] 2012-12-16 00:30:11,688: -SERVICE [/camera/depth_registered/image_rect_raw/compressed/set_parameters] /camera_nodelet_manager rosrpc://pc:54325
[rosmaster.master][INFO] 2012-12-16 00:30:11,689: -SERVICE [/camera/depth_registered/image_rect_raw/theora/set_parameters] /camera_nodelet_manager rosrpc://pc:54325
[rosmaster.master][INFO] 2012-12-16 00:30:11,690: -SERVICE [/camera/rgb/image_rect/compressed/set_parameters] /camera_nodelet_manager rosrpc://pc:54325
[rosmaster.master][INFO] 2012-12-16 00:30:11,691: -SERVICE [/camera/rgb/image_rect/theora/set_parameters] /camera_nodelet_manager rosrpc://pc:54325
[rosmaster.master][INFO] 2012-12-16 00:30:11,691: -SERVICE [/camera/depth/image_rect_raw/compressed/set_parameters] /camera_nodelet_manager rosrpc://pc:54325
[rosmaster.master][INFO] 2012-12-16 00:30:11,692: -SERVICE [/camera/depth/image_rect_raw/theora/set_parameters] /camera_nodelet_manager rosrpc://pc:54325
[rosmaster.master][INFO] 2012-12-16 00:30:11,693: -SERVICE [/camera/rgb/image_mono/compressed/set_parameters] /camera_nodelet_manager rosrpc://pc:54325
[rosmaster.master][INFO] 2012-12-16 00:30:11,694: -SERVICE [/camera/rgb/image_mono/theora/set_parameters] /camera_nodelet_manager rosrpc://pc:54325
[rosmaster.master][INFO] 2012-12-16 00:30:11,695: -SERVICE [/camera/rgb/image_color/compressed/set_parameters] /camera_nodelet_manager rosrpc://pc:54325
[rosmaster.master][INFO] 2012-12-16 00:30:11,696: -SERVICE [/camera/rgb/image_color/theora/set_parameters] /camera_nodelet_manager rosrpc://pc:54325
[rosmaster.master][INFO] 2012-12-16 00:30:11,697: -SERVICE [/camera/depth_registered/image/compressed/set_parameters] /camera_nodelet_manager rosrpc://pc:54325
[rosmaster.master][INFO] 2012-12-16 00:30:11,698: -SERVICE [/camera/depth_registered/image/theora/set_parameters] /camera_nodelet_manager rosrpc://pc:54325
[rosmaster.master][INFO] 2012-12-16 00:30:11,698: -SERVICE [/camera/ir/image_rect/compressed/set_parameters] /camera_nodelet_manager rosrpc://pc:54325
[rosmaster.master][INFO] 2012-12-16 00:30:11,699: -SERVICE [/camera/ir/image_rect/theora/set_parameters] /camera_nodelet_manager rosrpc://pc:54325
[rosmaster.master][INFO] 2012-12-16 00:30:11,700: -SERVICE [/camera/depth_registered/image_rect/compressed/set_parameters] /camera_nodelet_manager rosrpc://pc:54325
[rosmaster.master][INFO] 2012-12-16 00:30:11,701: -SERVICE [/camera/depth_registered/image_rect/theora/set_parameters] /camera_nodelet_manager rosrpc://pc:54325
[rosmaster.master][INFO] 2012-12-16 00:30:11,702: -SERVICE [/camera/depth/image_rect/compressed/set_parameters] /camera_nodelet_manager rosrpc://pc:54325
[rosmaster.master][INFO] 2012-12-16 00:30:11,703: -SERVICE [/camera/depth/image_rect/theora/set_parameters] /camera_nodelet_manager rosrpc://pc:54325
[rosmaster.master][INFO] 2012-12-16 00:30:11,703: -SERVICE [/camera/rgb/image_rect_color/compressed/set_parameters] /camera_nodelet_manager rosrpc://pc:54325
[rosmaster.master][INFO] 2012-12-16 00:30:11,704: -SERVICE [/camera/rgb/image_rect_color/theora/set_parameters] /camera_nodelet_manager rosrpc://pc:54325
[rosmaster.master][INFO] 2012-12-16 00:30:11,705: -SERVICE [/camera/depth/image/compressed/set_parameters] /camera_nodelet_manager rosrpc://pc:54325
[rosmaster.master][INFO] 2012-12-16 00:30:11,706: -SERVICE [/camera/depth/image/theora/set_parameters] /camera_nodelet_manager rosrpc://pc:54325
[rosmaster.master][INFO] 2012-12-16 00:30:11,707: -SERVICE [/camera/rgb/image_raw/compressed/set_parameters] /camera_nodelet_manager rosrpc://pc:54325
[rosmaster.master][INFO] 2012-12-16 00:30:11,708: -SERVICE [/camera/rgb/image_raw/theora/set_parameters] /camera_nodelet_manager rosrpc://pc:54325
[rosmaster.master][INFO] 2012-12-16 00:30:11,708: -SERVICE [/camera/ir/image_raw/compressed/set_parameters] /camera_nodelet_manager rosrpc://pc:54325
[rosmaster.master][INFO] 2012-12-16 00:30:11,709: -SERVICE [/camera/ir/image_raw/theora/set_parameters] /camera_nodelet_manager rosrpc://pc:54325
[rosmaster.master][INFO] 2012-12-16 00:30:11,710: -SERVICE [/camera/depth/image_raw/compressed/set_parameters] /camera_nodelet_manager rosrpc://pc:54325
[rosmaster.master][INFO] 2012-12-16 00:30:11,711: -SERVICE [/camera/depth/image_raw/theora/set_parameters] /camera_nodelet_manager rosrpc://pc:54325
[rosmaster.master][INFO] 2012-12-16 00:30:11,712: -SERVICE [/camera/depth_registered/image_raw/compressed/set_parameters] /camera_nodelet_manager rosrpc://pc:54325
[rosmaster.master][INFO] 2012-12-16 00:30:11,713: -SERVICE [/camera/depth_registered/image_raw/theora/set_parameters] /camera_nodelet_manager rosrpc://pc:54325
[rosmaster.master][INFO] 2012-12-16 00:30:12,026: -PUB [/rosout_agg] /rosout http://pc:50433/
[rosmaster.master][INFO] 2012-12-16 00:30:12,027: -SUB [/rosout] /rosout http://pc:50433/
[rosmaster.master][INFO] 2012-12-16 00:30:12,028: -SERVICE [/rosout/get_loggers] /rosout rosrpc://pc:53159
[rosmaster.master][INFO] 2012-12-16 00:30:12,029: -SERVICE [/rosout/set_logger_level] /rosout rosrpc://pc:53159
[rosmaster.main][INFO] 2012-12-16 00:30:12,039: keyboard interrupt, will exit
[rosmaster.main][INFO] 2012-12-16 00:30:12,039: stopping master...
