[rosmaster.main][INFO] 2012-12-15 18:01:41,988: initialization complete, waiting for shutdown
[rosmaster.main][INFO] 2012-12-15 18:01:41,988: Starting ROS Master Node
[xmlrpc][INFO] 2012-12-15 18:01:41,989: XML-RPC server binding to 0.0.0.0
[xmlrpc][INFO] 2012-12-15 18:01:41,990: Started XML-RPC server [http://pc:11311/]
[rosmaster.master][INFO] 2012-12-15 18:01:41,990: Master initialized: port[11311], uri[http://pc:11311/]
[xmlrpc][INFO] 2012-12-15 18:01:41,990: xml rpc node: starting XML-RPC server
[rosmaster.master][INFO] 2012-12-15 18:01:42,095: +PARAM [/run_id] by /roslaunch
[rosmaster.master][INFO] 2012-12-15 18:01:42,099: +PARAM [/roslaunch/uris/host_pc__52602] by /roslaunch
[rosmaster.master][INFO] 2012-12-15 18:01:42,125: +PARAM [/rosdistro] by /roslaunch
[rosmaster.master][INFO] 2012-12-15 18:01:42,126: +PARAM [/camera/driver/rgb_frame_id] by /roslaunch
[rosmaster.master][INFO] 2012-12-15 18:01:42,126: +PARAM [/camera/disparity_depth_registered/min_range] by /roslaunch
[rosmaster.master][INFO] 2012-12-15 18:01:42,126: +PARAM [/camera/driver/rgb_camera_info_url] by /roslaunch
[rosmaster.master][INFO] 2012-12-15 18:01:42,126: +PARAM [/camera/depth_registered/rectify_depth/interpolation] by /roslaunch
[rosmaster.master][INFO] 2012-12-15 18:01:42,126: +PARAM [/camera/driver/depth_frame_id] by /roslaunch
[rosmaster.master][INFO] 2012-12-15 18:01:42,127: +PARAM [/camera/depth/rectify_depth/interpolation] by /roslaunch
[rosmaster.master][INFO] 2012-12-15 18:01:42,127: +PARAM [/camera/disparity_depth/max_range] by /roslaunch
[rosmaster.master][INFO] 2012-12-15 18:01:42,127: +PARAM [/rosversion] by /roslaunch
[rosmaster.master][INFO] 2012-12-15 18:01:42,127: +PARAM [/camera/driver/device_id] by /roslaunch
[rosmaster.master][INFO] 2012-12-15 18:01:42,127: +PARAM [/camera/driver/depth_camera_info_url] by /roslaunch
[rosmaster.master][INFO] 2012-12-15 18:01:42,127: +PARAM [/camera/disparity_depth/min_range] by /roslaunch
[rosmaster.master][INFO] 2012-12-15 18:01:42,127: +PARAM [/camera/disparity_depth_registered/max_range] by /roslaunch
[rosmaster.master][INFO] 2012-12-15 18:01:42,133: +SERVICE [/rosout/get_loggers] /rosout http://pc:37349/
[rosmaster.master][INFO] 2012-12-15 18:01:42,134: +SERVICE [/rosout/set_logger_level] /rosout http://pc:37349/
[rosmaster.master][INFO] 2012-12-15 18:01:42,138: +PUB [/rosout_agg] /rosout http://pc:37349/
[rosmaster.master][INFO] 2012-12-15 18:01:42,145: +SUB [/rosout] /rosout http://pc:37349/
[rosmaster.master][INFO] 2012-12-15 18:01:42,163: +PUB [/rosout] /camera/driver http://pc:57896/
[rosmaster.master][INFO] 2012-12-15 18:01:42,165: +SERVICE [/camera/driver/get_loggers] /camera/driver http://pc:57896/
[rosmaster.master][INFO] 2012-12-15 18:01:42,166: +SERVICE [/camera/driver/set_logger_level] /camera/driver http://pc:57896/
[rosmaster.master][INFO] 2012-12-15 18:01:42,171: +PARAM [/camera/driver] by /camera/driver
[rosmaster.master][INFO] 2012-12-15 18:01:42,174: +PUB [/rosout] /camera/rgb/debayer http://pc:57924/
[rosmaster.master][INFO] 2012-12-15 18:01:42,176: +SERVICE [/camera/rgb/debayer/get_loggers] /camera/rgb/debayer http://pc:57924/
[rosmaster.master][INFO] 2012-12-15 18:01:42,176: +SERVICE [/camera/rgb/debayer/set_logger_level] /camera/rgb/debayer http://pc:57924/
[rosmaster.master][INFO] 2012-12-15 18:01:42,183: +PUB [/rosout] /camera/rgb/rectify_mono http://pc:45217/
[rosmaster.master][INFO] 2012-12-15 18:01:42,184: +SERVICE [/camera/rgb/rectify_mono/get_loggers] /camera/rgb/rectify_mono http://pc:45217/
[rosmaster.master][INFO] 2012-12-15 18:01:42,188: +SERVICE [/camera/rgb/rectify_mono/set_logger_level] /camera/rgb/rectify_mono http://pc:45217/
[rosmaster.master][INFO] 2012-12-15 18:01:42,189: publisherUpdate[/rosout] -> http://pc:37349/
[rosmaster.master][INFO] 2012-12-15 18:01:42,192: publisherUpdate[/rosout] -> http://pc:37349/
[rosmaster.master][INFO] 2012-12-15 18:01:42,202: publisherUpdate[/rosout] -> http://pc:37349/
[rosmaster.master][INFO] 2012-12-15 18:01:42,221: +PUB [/rosout] /camera/rgb/rectify_color http://pc:50060/
[rosmaster.master][INFO] 2012-12-15 18:01:42,224: +PUB [/rosout] /camera/ir/rectify_ir http://pc:42213/
[rosmaster.master][INFO] 2012-12-15 18:01:42,226: +SERVICE [/camera/rgb/rectify_color/get_loggers] /camera/rgb/rectify_color http://pc:50060/
[rosmaster.master][INFO] 2012-12-15 18:01:42,229: +SERVICE [/camera/ir/rectify_ir/get_loggers] /camera/ir/rectify_ir http://pc:42213/
[rosmaster.master][INFO] 2012-12-15 18:01:42,234: +SERVICE [/camera/rgb/rectify_color/set_logger_level] /camera/rgb/rectify_color http://pc:50060/
[rosmaster.master][INFO] 2012-12-15 18:01:42,235: +SERVICE [/camera/ir/rectify_ir/set_logger_level] /camera/ir/rectify_ir http://pc:42213/
[rosmaster.master][INFO] 2012-12-15 18:01:42,237: +PUB [/rosout] /camera/depth/rectify_depth http://pc:57014/
[rosmaster.master][INFO] 2012-12-15 18:01:42,249: +SERVICE [/camera/depth/rectify_depth/get_loggers] /camera/depth/rectify_depth http://pc:57014/
[rosmaster.master][INFO] 2012-12-15 18:01:42,260: +PUB [/rosout] /camera/depth/metric_rect http://pc:38212/
[rosmaster.master][INFO] 2012-12-15 18:01:42,264: +SERVICE [/camera/depth/rectify_depth/set_logger_level] /camera/depth/rectify_depth http://pc:57014/
[rosmaster.master][INFO] 2012-12-15 18:01:42,269: +SERVICE [/camera/depth/metric_rect/get_loggers] /camera/depth/metric_rect http://pc:38212/
[rosmaster.master][INFO] 2012-12-15 18:01:42,273: +PUB [/rosout] /camera/depth/metric http://pc:42230/
[rosmaster.master][INFO] 2012-12-15 18:01:42,276: +PUB [/rosout] /camera/depth/points http://pc:59019/
[rosmaster.master][INFO] 2012-12-15 18:01:42,280: +SERVICE [/camera/depth/metric_rect/set_logger_level] /camera/depth/metric_rect http://pc:38212/
[rosmaster.master][INFO] 2012-12-15 18:01:42,287: +SERVICE [/camera/depth/metric/get_loggers] /camera/depth/metric http://pc:42230/
[rosmaster.master][INFO] 2012-12-15 18:01:42,289: publisherUpdate[/rosout] -> http://pc:37349/
[rosmaster.master][INFO] 2012-12-15 18:01:42,289: +SERVICE [/camera/depth/points/get_loggers] /camera/depth/points http://pc:59019/
[rosmaster.master][INFO] 2012-12-15 18:01:42,291: publisherUpdate[/rosout] -> http://pc:37349/
[rosmaster.master][INFO] 2012-12-15 18:01:42,293: publisherUpdate[/rosout] -> http://pc:37349/
[rosmaster.master][INFO] 2012-12-15 18:01:42,299: publisherUpdate[/rosout] -> http://pc:37349/
[rosmaster.master][INFO] 2012-12-15 18:01:42,300: publisherUpdate[/rosout] -> http://pc:37349/
[rosmaster.master][INFO] 2012-12-15 18:01:42,307: publisherUpdate[/rosout] -> http://pc:37349/
[rosmaster.master][INFO] 2012-12-15 18:01:42,320: +PARAM [/camera/depth/rectify_depth] by /camera/depth/rectify_depth
[rosmaster.master][INFO] 2012-12-15 18:01:42,322: +SERVICE [/camera/depth/metric/set_logger_level] /camera/depth/metric http://pc:42230/
[rosmaster.master][INFO] 2012-12-15 18:01:42,325: +SERVICE [/camera/depth/points/set_logger_level] /camera/depth/points http://pc:59019/
[rosmaster.master][INFO] 2012-12-15 18:01:42,332: +PUB [/rosout] /camera/register_depth_rgb http://pc:45072/
[rosmaster.master][INFO] 2012-12-15 18:01:42,342: +SERVICE [/camera/register_depth_rgb/get_loggers] /camera/register_depth_rgb http://pc:45072/
[rosmaster.master][INFO] 2012-12-15 18:01:42,345: +PUB [/rosout] /camera/depth_registered/metric_rect http://pc:36223/
[rosmaster.master][INFO] 2012-12-15 18:01:42,351: +PUB [/rosout] /camera/points_xyzrgb_depth_rgb http://pc:39828/
[rosmaster.master][INFO] 2012-12-15 18:01:42,355: +PUB [/rosout] /camera/disparity_depth http://pc:54201/
[rosmaster.master][INFO] 2012-12-15 18:01:42,356: +SERVICE [/camera/register_depth_rgb/set_logger_level] /camera/register_depth_rgb http://pc:45072/
[rosmaster.master][INFO] 2012-12-15 18:01:42,357: +SERVICE [/camera/depth_registered/metric_rect/get_loggers] /camera/depth_registered/metric_rect http://pc:36223/
[rosmaster.master][INFO] 2012-12-15 18:01:42,361: +PUB [/rosout] /camera/disparity_depth_registered http://pc:60738/
[rosmaster.master][INFO] 2012-12-15 18:01:42,363: +SERVICE [/camera/disparity_depth/get_loggers] /camera/disparity_depth http://pc:54201/
[rosmaster.master][INFO] 2012-12-15 18:01:42,364: +SERVICE [/camera/points_xyzrgb_depth_rgb/get_loggers] /camera/points_xyzrgb_depth_rgb http://pc:39828/
[rosmaster.master][INFO] 2012-12-15 18:01:42,372: +SERVICE [/camera/depth_registered/metric_rect/set_logger_level] /camera/depth_registered/metric_rect http://pc:36223/
[rosmaster.master][INFO] 2012-12-15 18:01:42,380: +SERVICE [/camera/disparity_depth_registered/get_loggers] /camera/disparity_depth_registered http://pc:60738/
[rosmaster.master][INFO] 2012-12-15 18:01:42,384: +SERVICE [/camera/disparity_depth/set_logger_level] /camera/disparity_depth http://pc:54201/
[rosmaster.master][INFO] 2012-12-15 18:01:42,386: +SERVICE [/camera/points_xyzrgb_depth_rgb/set_logger_level] /camera/points_xyzrgb_depth_rgb http://pc:39828/
[rosmaster.master][INFO] 2012-12-15 18:01:42,390: publisherUpdate[/rosout] -> http://pc:37349/
[rosmaster.master][INFO] 2012-12-15 18:01:42,392: publisherUpdate[/rosout] -> http://pc:37349/
[rosmaster.master][INFO] 2012-12-15 18:01:42,393: +SERVICE [/camera/disparity_depth_registered/set_logger_level] /camera/disparity_depth_registered http://pc:60738/
[rosmaster.master][INFO] 2012-12-15 18:01:42,411: +PUB [/rosout] /camera_base_link3 http://pc:36234/
[rosmaster.master][INFO] 2012-12-15 18:01:42,412: publisherUpdate[/rosout] -> http://pc:37349/
[rosmaster.master][INFO] 2012-12-15 18:01:42,417: publisherUpdate[/rosout] -> http://pc:37349/
[rosmaster.master][INFO] 2012-12-15 18:01:42,419: +SERVICE [/camera_base_link3/get_loggers] /camera_base_link3 http://pc:36234/
[rosmaster.master][INFO] 2012-12-15 18:01:42,420: publisherUpdate[/rosout] -> http://pc:37349/
[rosmaster.master][INFO] 2012-12-15 18:01:42,421: publisherUpdate[/rosout] -> http://pc:37349/
[rosmaster.master][INFO] 2012-12-15 18:01:42,423: +PARAM [/camera/disparity_depth] by /camera/disparity_depth
[rosmaster.master][INFO] 2012-12-15 18:01:42,424: +PARAM [/camera/disparity_depth_registered] by /camera/disparity_depth_registered
[rosmaster.master][INFO] 2012-12-15 18:01:42,426: +SERVICE [/camera_base_link3/set_logger_level] /camera_base_link3 http://pc:36234/
[rosmaster.master][INFO] 2012-12-15 18:01:42,435: +PUB [/tf] /camera_base_link3 http://pc:36234/
[rosmaster.master][INFO] 2012-12-15 18:01:42,567: +PUB [/rosout] /camera_nodelet_manager http://pc:51747/
[rosmaster.master][INFO] 2012-12-15 18:01:42,570: +SERVICE [/camera_nodelet_manager/get_loggers] /camera_nodelet_manager http://pc:51747/
[rosmaster.master][INFO] 2012-12-15 18:01:42,572: +SERVICE [/camera_nodelet_manager/set_logger_level] /camera_nodelet_manager http://pc:51747/
[rosmaster.master][INFO] 2012-12-15 18:01:42,575: +SERVICE [/camera_nodelet_manager/load_nodelet] /camera_nodelet_manager http://pc:51747/
[rosmaster.master][INFO] 2012-12-15 18:01:42,577: +SERVICE [/camera_nodelet_manager/unload_nodelet] /camera_nodelet_manager http://pc:51747/
[rosmaster.master][INFO] 2012-12-15 18:01:42,579: +SERVICE [/camera_nodelet_manager/list] /camera_nodelet_manager http://pc:51747/
[rosmaster.master][INFO] 2012-12-15 18:01:42,620: publisherUpdate[/rosout] -> http://pc:37349/
[rosmaster.master][INFO] 2012-12-15 18:01:42,806: +PUB [/rosout] /set_dr http://pc:53899/
[rosmaster.master][INFO] 2012-12-15 18:01:42,822: publisherUpdate[/rosout] -> http://pc:37349/
[rosmaster.master][INFO] 2012-12-15 18:01:42,876: +PUB [/camera/depth/image/compressed] /camera_nodelet_manager http://pc:51747/
[rosmaster.master][INFO] 2012-12-15 18:01:42,878: +SERVICE [/camera/depth/image/compressed/set_parameters] /camera_nodelet_manager http://pc:51747/
[rosmaster.master][INFO] 2012-12-15 18:01:42,879: +PUB [/camera/depth/image/compressed/parameter_descriptions] /camera_nodelet_manager http://pc:51747/
[rosmaster.master][INFO] 2012-12-15 18:01:42,880: +PUB [/camera/depth/image/compressed/parameter_updates] /camera_nodelet_manager http://pc:51747/
[rosmaster.master][INFO] 2012-12-15 18:01:42,883: +PARAM [/camera/depth/image/compressed/format] by /camera_nodelet_manager
[rosmaster.master][INFO] 2012-12-15 18:01:42,884: +PARAM [/camera/depth/image/compressed/jpeg_quality] by /camera_nodelet_manager
[rosmaster.master][INFO] 2012-12-15 18:01:42,885: +PARAM [/camera/depth/image/compressed/png_level] by /camera_nodelet_manager
[rosmaster.master][INFO] 2012-12-15 18:01:42,886: +PUB [/camera/depth/image] /camera_nodelet_manager http://pc:51747/
[rosmaster.master][INFO] 2012-12-15 18:01:42,889: +PUB [/camera/depth/image/theora] /camera_nodelet_manager http://pc:51747/
[rosmaster.master][INFO] 2012-12-15 18:01:42,890: +SERVICE [/camera/depth/image/theora/set_parameters] /camera_nodelet_manager http://pc:51747/
[rosmaster.master][INFO] 2012-12-15 18:01:42,891: +PUB [/camera/depth/image/theora/parameter_descriptions] /camera_nodelet_manager http://pc:51747/
[rosmaster.master][INFO] 2012-12-15 18:01:42,892: +PUB [/camera/depth/image/theora/parameter_updates] /camera_nodelet_manager http://pc:51747/
[rosmaster.master][INFO] 2012-12-15 18:01:42,897: +PARAM [/camera/depth/image/theora/optimize_for] by /camera_nodelet_manager
[rosmaster.master][INFO] 2012-12-15 18:01:42,898: +PARAM [/camera/depth/image/theora/target_bitrate] by /camera_nodelet_manager
[rosmaster.master][INFO] 2012-12-15 18:01:42,899: +PARAM [/camera/depth/image/theora/quality] by /camera_nodelet_manager
[rosmaster.master][INFO] 2012-12-15 18:01:42,900: +PARAM [/camera/depth/image/theora/keyframe_frequency] by /camera_nodelet_manager
[rosmaster.master][INFO] 2012-12-15 18:01:43,248: +PUB [/rosout] /depth_detection http://pc:40266/
[rosmaster.master][INFO] 2012-12-15 18:01:43,323: publisherUpdate[/rosout] -> http://pc:37349/
[rosmaster.master][INFO] 2012-12-15 18:01:43,349: +SUB [/camera/depth_registered/image_rect] /depth_detection http://pc:40266/
[rosmaster.master][INFO] 2012-12-15 18:01:43,351: +SUB [/camera/rgb/image_rect_color] /depth_detection http://pc:40266/
[rosmaster.master][INFO] 2012-12-15 18:01:43,422: +PUB [/camera/depth_registered/points] /camera_nodelet_manager http://pc:51747/
[rosmaster.master][INFO] 2012-12-15 18:01:43,742: +PUB [/camera/depth/disparity] /camera_nodelet_manager http://pc:51747/
[rosmaster.master][INFO] 2012-12-15 18:01:44,009: +SERVICE [/camera/rgb/rectify_color/set_parameters] /camera_nodelet_manager http://pc:51747/
[rosmaster.master][INFO] 2012-12-15 18:01:44,011: +PUB [/camera/rgb/rectify_color/parameter_descriptions] /camera_nodelet_manager http://pc:51747/
[rosmaster.master][INFO] 2012-12-15 18:01:44,013: +PUB [/camera/rgb/rectify_color/parameter_updates] /camera_nodelet_manager http://pc:51747/
[rosmaster.master][INFO] 2012-12-15 18:01:44,016: +PARAM [/camera/rgb/rectify_color/interpolation] by /camera_nodelet_manager
[rosmaster.master][INFO] 2012-12-15 18:01:44,018: +PUB [/camera/rgb/image_rect_color/compressed] /camera_nodelet_manager http://pc:51747/
[rosmaster.master][INFO] 2012-12-15 18:01:44,019: +SERVICE [/camera/rgb/image_rect_color/compressed/set_parameters] /camera_nodelet_manager http://pc:51747/
[rosmaster.master][INFO] 2012-12-15 18:01:44,022: +PUB [/camera/rgb/image_rect_color/compressed/parameter_descriptions] /camera_nodelet_manager http://pc:51747/
[rosmaster.master][INFO] 2012-12-15 18:01:44,024: +PUB [/camera/rgb/image_rect_color/compressed/parameter_updates] /camera_nodelet_manager http://pc:51747/
[rosmaster.master][INFO] 2012-12-15 18:01:44,030: +PARAM [/camera/rgb/image_rect_color/compressed/format] by /camera_nodelet_manager
[rosmaster.master][INFO] 2012-12-15 18:01:44,032: +PARAM [/camera/rgb/image_rect_color/compressed/jpeg_quality] by /camera_nodelet_manager
[rosmaster.master][INFO] 2012-12-15 18:01:44,033: +PARAM [/camera/rgb/image_rect_color/compressed/png_level] by /camera_nodelet_manager
[rosmaster.master][INFO] 2012-12-15 18:01:44,035: +PUB [/camera/rgb/image_rect_color] /camera_nodelet_manager http://pc:51747/
[rosmaster.master][INFO] 2012-12-15 18:01:44,037: +PUB [/camera/rgb/image_rect_color/theora] /camera_nodelet_manager http://pc:51747/
[rosmaster.master][INFO] 2012-12-15 18:01:44,039: +SERVICE [/camera/rgb/image_rect_color/theora/set_parameters] /camera_nodelet_manager http://pc:51747/
[rosmaster.master][INFO] 2012-12-15 18:01:44,041: +PUB [/camera/rgb/image_rect_color/theora/parameter_descriptions] /camera_nodelet_manager http://pc:51747/
[rosmaster.master][INFO] 2012-12-15 18:01:44,043: +PUB [/camera/rgb/image_rect_color/theora/parameter_updates] /camera_nodelet_manager http://pc:51747/
[rosmaster.master][INFO] 2012-12-15 18:01:44,049: +PARAM [/camera/rgb/image_rect_color/theora/optimize_for] by /camera_nodelet_manager
[rosmaster.master][INFO] 2012-12-15 18:01:44,050: +PARAM [/camera/rgb/image_rect_color/theora/target_bitrate] by /camera_nodelet_manager
[rosmaster.master][INFO] 2012-12-15 18:01:44,052: +PARAM [/camera/rgb/image_rect_color/theora/quality] by /camera_nodelet_manager
[rosmaster.master][INFO] 2012-12-15 18:01:44,054: +PARAM [/camera/rgb/image_rect_color/theora/keyframe_frequency] by /camera_nodelet_manager
[rosmaster.master][INFO] 2012-12-15 18:01:44,126: publisherUpdate[/camera/rgb/image_rect_color] -> http://pc:40266/
[rosmaster.master][INFO] 2012-12-15 18:01:44,174: +SUB [/camera/rgb/image_color] /camera_nodelet_manager http://pc:51747/
[rosmaster.master][INFO] 2012-12-15 18:01:44,176: +SUB [/camera/rgb/camera_info] /camera_nodelet_manager http://pc:51747/
[rosmaster.master][INFO] 2012-12-15 18:01:44,709: +PUB [/camera/depth_registered/disparity] /camera_nodelet_manager http://pc:51747/
[rosmaster.master][INFO] 2012-12-15 18:01:45,321: +PUB [/rosout] /camera/depth_registered/metric http://pc:36918/
[rosmaster.master][INFO] 2012-12-15 18:01:45,322: +SERVICE [/camera/depth_registered/metric/get_loggers] /camera/depth_registered/metric http://pc:36918/
[rosmaster.master][INFO] 2012-12-15 18:01:45,324: +SERVICE [/camera/depth_registered/metric/set_logger_level] /camera/depth_registered/metric http://pc:36918/
[rosmaster.master][INFO] 2012-12-15 18:01:45,327: +PUB [/rosout] /camera/depth_registered/rectify_depth http://pc:54652/
[rosmaster.master][INFO] 2012-12-15 18:01:45,328: publisherUpdate[/rosout] -> http://pc:37349/
[rosmaster.master][INFO] 2012-12-15 18:01:45,331: publisherUpdate[/rosout] -> http://pc:37349/
[rosmaster.master][INFO] 2012-12-15 18:01:45,335: +SERVICE [/camera/depth_registered/rectify_depth/get_loggers] /camera/depth_registered/rectify_depth http://pc:54652/
[rosmaster.master][INFO] 2012-12-15 18:01:45,343: +SERVICE [/camera/depth_registered/rectify_depth/set_logger_level] /camera/depth_registered/rectify_depth http://pc:54652/
[rosmaster.master][INFO] 2012-12-15 18:01:45,354: +PARAM [/camera/depth_registered/rectify_depth] by /camera/depth_registered/rectify_depth
[rosmaster.master][INFO] 2012-12-15 18:01:45,370: +PUB [/rosout] /camera_base_link http://pc:47981/
[rosmaster.master][INFO] 2012-12-15 18:01:45,372: +SERVICE [/camera_base_link/get_loggers] /camera_base_link http://pc:47981/
[rosmaster.master][INFO] 2012-12-15 18:01:45,373: +SERVICE [/camera_base_link/set_logger_level] /camera_base_link http://pc:47981/
[rosmaster.master][INFO] 2012-12-15 18:01:45,378: +PUB [/rosout] /camera_base_link1 http://pc:56486/
[rosmaster.master][INFO] 2012-12-15 18:01:45,380: +PUB [/tf] /camera_base_link http://pc:47981/
[rosmaster.master][INFO] 2012-12-15 18:01:45,381: +SERVICE [/camera_base_link1/get_loggers] /camera_base_link1 http://pc:56486/
[rosmaster.master][INFO] 2012-12-15 18:01:45,383: +SERVICE [/camera_base_link1/set_logger_level] /camera_base_link1 http://pc:56486/
[rosmaster.master][INFO] 2012-12-15 18:01:45,385: +PUB [/tf] /camera_base_link1 http://pc:56486/
[rosmaster.master][INFO] 2012-12-15 18:01:45,398: +PUB [/rosout] /camera_base_link2 http://pc:35841/
[rosmaster.master][INFO] 2012-12-15 18:01:45,400: +SERVICE [/camera_base_link2/get_loggers] /camera_base_link2 http://pc:35841/
[rosmaster.master][INFO] 2012-12-15 18:01:45,401: +SERVICE [/camera_base_link2/set_logger_level] /camera_base_link2 http://pc:35841/
[rosmaster.master][INFO] 2012-12-15 18:01:45,403: +PUB [/tf] /camera_base_link2 http://pc:35841/
[rosmaster.master][INFO] 2012-12-15 18:01:45,430: publisherUpdate[/rosout] -> http://pc:37349/
[rosmaster.master][INFO] 2012-12-15 18:01:45,432: publisherUpdate[/rosout] -> http://pc:37349/
[rosmaster.master][INFO] 2012-12-15 18:01:45,435: publisherUpdate[/rosout] -> http://pc:37349/
[rosmaster.master][INFO] 2012-12-15 18:01:45,458: +SERVICE [/camera/ir/rectify_ir/set_parameters] /camera_nodelet_manager http://pc:51747/
[rosmaster.master][INFO] 2012-12-15 18:01:45,460: +PUB [/camera/ir/rectify_ir/parameter_descriptions] /camera_nodelet_manager http://pc:51747/
[rosmaster.master][INFO] 2012-12-15 18:01:45,463: +PUB [/camera/ir/rectify_ir/parameter_updates] /camera_nodelet_manager http://pc:51747/
[rosmaster.master][INFO] 2012-12-15 18:01:45,466: +PARAM [/camera/ir/rectify_ir/interpolation] by /camera_nodelet_manager
[rosmaster.master][INFO] 2012-12-15 18:01:45,467: +PUB [/camera/ir/image_rect/compressed] /camera_nodelet_manager http://pc:51747/
[rosmaster.master][INFO] 2012-12-15 18:01:45,468: +SERVICE [/camera/ir/image_rect/compressed/set_parameters] /camera_nodelet_manager http://pc:51747/
[rosmaster.master][INFO] 2012-12-15 18:01:45,469: +PUB [/camera/ir/image_rect/compressed/parameter_descriptions] /camera_nodelet_manager http://pc:51747/
[rosmaster.master][INFO] 2012-12-15 18:01:45,470: +PUB [/camera/ir/image_rect/compressed/parameter_updates] /camera_nodelet_manager http://pc:51747/
[rosmaster.master][INFO] 2012-12-15 18:01:45,473: +PARAM [/camera/ir/image_rect/compressed/format] by /camera_nodelet_manager
[rosmaster.master][INFO] 2012-12-15 18:01:45,474: +PARAM [/camera/ir/image_rect/compressed/jpeg_quality] by /camera_nodelet_manager
[rosmaster.master][INFO] 2012-12-15 18:01:45,475: +PARAM [/camera/ir/image_rect/compressed/png_level] by /camera_nodelet_manager
[rosmaster.master][INFO] 2012-12-15 18:01:45,476: +PUB [/camera/ir/image_rect] /camera_nodelet_manager http://pc:51747/
[rosmaster.master][INFO] 2012-12-15 18:01:45,477: +PUB [/camera/ir/image_rect/theora] /camera_nodelet_manager http://pc:51747/
[rosmaster.master][INFO] 2012-12-15 18:01:45,478: +SERVICE [/camera/ir/image_rect/theora/set_parameters] /camera_nodelet_manager http://pc:51747/
[rosmaster.master][INFO] 2012-12-15 18:01:45,479: +PUB [/camera/ir/image_rect/theora/parameter_descriptions] /camera_nodelet_manager http://pc:51747/
[rosmaster.master][INFO] 2012-12-15 18:01:45,480: +PUB [/camera/ir/image_rect/theora/parameter_updates] /camera_nodelet_manager http://pc:51747/
[rosmaster.master][INFO] 2012-12-15 18:01:45,484: +PARAM [/camera/ir/image_rect/theora/optimize_for] by /camera_nodelet_manager
[rosmaster.master][INFO] 2012-12-15 18:01:45,485: +PARAM [/camera/ir/image_rect/theora/target_bitrate] by /camera_nodelet_manager
[rosmaster.master][INFO] 2012-12-15 18:01:45,486: +PARAM [/camera/ir/image_rect/theora/quality] by /camera_nodelet_manager
[rosmaster.master][INFO] 2012-12-15 18:01:45,487: +PARAM [/camera/ir/image_rect/theora/keyframe_frequency] by /camera_nodelet_manager
[rosmaster.master][INFO] 2012-12-15 18:01:46,116: +PUB [/camera/depth_registered/image_rect/compressed] /camera_nodelet_manager http://pc:51747/
[rosmaster.master][INFO] 2012-12-15 18:01:46,119: +SERVICE [/camera/depth_registered/image_rect/compressed/set_parameters] /camera_nodelet_manager http://pc:51747/
[rosmaster.master][INFO] 2012-12-15 18:01:46,121: +PUB [/camera/depth_registered/image_rect/compressed/parameter_descriptions] /camera_nodelet_manager http://pc:51747/
[rosmaster.master][INFO] 2012-12-15 18:01:46,123: +PUB [/camera/depth_registered/image_rect/compressed/parameter_updates] /camera_nodelet_manager http://pc:51747/
[rosmaster.master][INFO] 2012-12-15 18:01:46,128: +PARAM [/camera/depth_registered/image_rect/compressed/format] by /camera_nodelet_manager
[rosmaster.master][INFO] 2012-12-15 18:01:46,129: +PARAM [/camera/depth_registered/image_rect/compressed/jpeg_quality] by /camera_nodelet_manager
[rosmaster.master][INFO] 2012-12-15 18:01:46,130: +PARAM [/camera/depth_registered/image_rect/compressed/png_level] by /camera_nodelet_manager
[rosmaster.master][INFO] 2012-12-15 18:01:46,131: +PUB [/camera/depth_registered/image_rect] /camera_nodelet_manager http://pc:51747/
[rosmaster.master][INFO] 2012-12-15 18:01:46,131: publisherUpdate[/camera/depth_registered/image_rect] -> http://pc:40266/
[rosmaster.master][INFO] 2012-12-15 18:01:46,133: +PUB [/camera/depth_registered/image_rect/theora] /camera_nodelet_manager http://pc:51747/
[rosmaster.master][INFO] 2012-12-15 18:01:46,134: +SERVICE [/camera/depth_registered/image_rect/theora/set_parameters] /camera_nodelet_manager http://pc:51747/
[rosmaster.master][INFO] 2012-12-15 18:01:46,135: +PUB [/camera/depth_registered/image_rect/theora/parameter_descriptions] /camera_nodelet_manager http://pc:51747/
[rosmaster.master][INFO] 2012-12-15 18:01:46,136: +PUB [/camera/depth_registered/image_rect/theora/parameter_updates] /camera_nodelet_manager http://pc:51747/
[rosmaster.master][INFO] 2012-12-15 18:01:46,141: +PARAM [/camera/depth_registered/image_rect/theora/optimize_for] by /camera_nodelet_manager
[rosmaster.master][INFO] 2012-12-15 18:01:46,142: +PARAM [/camera/depth_registered/image_rect/theora/target_bitrate] by /camera_nodelet_manager
[rosmaster.master][INFO] 2012-12-15 18:01:46,144: +PARAM [/camera/depth_registered/image_rect/theora/quality] by /camera_nodelet_manager
[rosmaster.master][INFO] 2012-12-15 18:01:46,147: +PARAM [/camera/depth_registered/image_rect/theora/keyframe_frequency] by /camera_nodelet_manager
[rosmaster.master][INFO] 2012-12-15 18:01:46,166: +SUB [/camera/depth_registered/image_rect_raw] /camera_nodelet_manager http://pc:51747/
[rosmaster.master][INFO] 2012-12-15 18:01:46,749: +SERVICE [/camera/rgb/debayer/set_parameters] /camera_nodelet_manager http://pc:51747/
[rosmaster.master][INFO] 2012-12-15 18:01:46,754: +PUB [/camera/rgb/debayer/parameter_descriptions] /camera_nodelet_manager http://pc:51747/
[rosmaster.master][INFO] 2012-12-15 18:01:46,757: +PUB [/camera/rgb/debayer/parameter_updates] /camera_nodelet_manager http://pc:51747/
[rosmaster.master][INFO] 2012-12-15 18:01:46,761: +PARAM [/camera/rgb/debayer/debayer] by /camera_nodelet_manager
[rosmaster.master][INFO] 2012-12-15 18:01:46,763: +PUB [/camera/rgb/image_mono/compressed] /camera_nodelet_manager http://pc:51747/
[rosmaster.master][INFO] 2012-12-15 18:01:46,764: +SERVICE [/camera/rgb/image_mono/compressed/set_parameters] /camera_nodelet_manager http://pc:51747/
[rosmaster.master][INFO] 2012-12-15 18:01:46,765: +PUB [/camera/rgb/image_mono/compressed/parameter_descriptions] /camera_nodelet_manager http://pc:51747/
[rosmaster.master][INFO] 2012-12-15 18:01:46,767: +PUB [/camera/rgb/image_mono/compressed/parameter_updates] /camera_nodelet_manager http://pc:51747/
[rosmaster.master][INFO] 2012-12-15 18:01:46,771: +PARAM [/camera/rgb/image_mono/compressed/format] by /camera_nodelet_manager
[rosmaster.master][INFO] 2012-12-15 18:01:46,772: +PARAM [/camera/rgb/image_mono/compressed/jpeg_quality] by /camera_nodelet_manager
[rosmaster.master][INFO] 2012-12-15 18:01:46,773: +PARAM [/camera/rgb/image_mono/compressed/png_level] by /camera_nodelet_manager
[rosmaster.master][INFO] 2012-12-15 18:01:46,774: +PUB [/camera/rgb/image_mono] /camera_nodelet_manager http://pc:51747/
[rosmaster.master][INFO] 2012-12-15 18:01:46,775: +PUB [/camera/rgb/image_mono/theora] /camera_nodelet_manager http://pc:51747/
[rosmaster.master][INFO] 2012-12-15 18:01:46,776: +SERVICE [/camera/rgb/image_mono/theora/set_parameters] /camera_nodelet_manager http://pc:51747/
[rosmaster.master][INFO] 2012-12-15 18:01:46,777: +PUB [/camera/rgb/image_mono/theora/parameter_descriptions] /camera_nodelet_manager http://pc:51747/
[rosmaster.master][INFO] 2012-12-15 18:01:46,778: +PUB [/camera/rgb/image_mono/theora/parameter_updates] /camera_nodelet_manager http://pc:51747/
[rosmaster.master][INFO] 2012-12-15 18:01:46,782: +PARAM [/camera/rgb/image_mono/theora/optimize_for] by /camera_nodelet_manager
[rosmaster.master][INFO] 2012-12-15 18:01:46,783: +PARAM [/camera/rgb/image_mono/theora/target_bitrate] by /camera_nodelet_manager
[rosmaster.master][INFO] 2012-12-15 18:01:46,784: +PARAM [/camera/rgb/image_mono/theora/quality] by /camera_nodelet_manager
[rosmaster.master][INFO] 2012-12-15 18:01:46,785: +PARAM [/camera/rgb/image_mono/theora/keyframe_frequency] by /camera_nodelet_manager
[rosmaster.master][INFO] 2012-12-15 18:01:46,787: +PUB [/camera/rgb/image_color/compressed] /camera_nodelet_manager http://pc:51747/
[rosmaster.master][INFO] 2012-12-15 18:01:46,788: +SERVICE [/camera/rgb/image_color/compressed/set_parameters] /camera_nodelet_manager http://pc:51747/
[rosmaster.master][INFO] 2012-12-15 18:01:46,789: +PUB [/camera/rgb/image_color/compressed/parameter_descriptions] /camera_nodelet_manager http://pc:51747/
[rosmaster.master][INFO] 2012-12-15 18:01:46,790: +PUB [/camera/rgb/image_color/compressed/parameter_updates] /camera_nodelet_manager http://pc:51747/
[rosmaster.master][INFO] 2012-12-15 18:01:46,802: +PARAM [/camera/rgb/image_color/compressed/format] by /camera_nodelet_manager
[rosmaster.master][INFO] 2012-12-15 18:01:46,805: +PARAM [/camera/rgb/image_color/compressed/jpeg_quality] by /camera_nodelet_manager
[rosmaster.master][INFO] 2012-12-15 18:01:46,807: +PARAM [/camera/rgb/image_color/compressed/png_level] by /camera_nodelet_manager
[rosmaster.master][INFO] 2012-12-15 18:01:46,809: +PUB [/camera/rgb/image_color] /camera_nodelet_manager http://pc:51747/
[rosmaster.master][INFO] 2012-12-15 18:01:46,811: +PUB [/camera/rgb/image_color/theora] /camera_nodelet_manager http://pc:51747/
[rosmaster.master][INFO] 2012-12-15 18:01:46,812: +SERVICE [/camera/rgb/image_color/theora/set_parameters] /camera_nodelet_manager http://pc:51747/
[rosmaster.master][INFO] 2012-12-15 18:01:46,813: +PUB [/camera/rgb/image_color/theora/parameter_descriptions] /camera_nodelet_manager http://pc:51747/
[rosmaster.master][INFO] 2012-12-15 18:01:46,814: +PUB [/camera/rgb/image_color/theora/parameter_updates] /camera_nodelet_manager http://pc:51747/
[rosmaster.master][INFO] 2012-12-15 18:01:46,819: +PARAM [/camera/rgb/image_color/theora/optimize_for] by /camera_nodelet_manager
[rosmaster.master][INFO] 2012-12-15 18:01:46,819: +PARAM [/camera/rgb/image_color/theora/target_bitrate] by /camera_nodelet_manager
[rosmaster.master][INFO] 2012-12-15 18:01:46,820: +PARAM [/camera/rgb/image_color/theora/quality] by /camera_nodelet_manager
[rosmaster.master][INFO] 2012-12-15 18:01:46,821: +PARAM [/camera/rgb/image_color/theora/keyframe_frequency] by /camera_nodelet_manager
[rosmaster.master][INFO] 2012-12-15 18:01:46,825: +SUB [/camera/rgb/image_raw] /camera_nodelet_manager http://pc:51747/
[rosmaster.master][INFO] 2012-12-15 18:01:46,835: publisherUpdate[/camera/rgb/image_color] -> http://pc:51747/
[rosmaster.master][INFO] 2012-12-15 18:01:47,213: +SERVICE [/camera/depth/rectify_depth/set_parameters] /camera_nodelet_manager http://pc:51747/
[rosmaster.master][INFO] 2012-12-15 18:01:47,215: +PUB [/camera/depth/rectify_depth/parameter_descriptions] /camera_nodelet_manager http://pc:51747/
[rosmaster.master][INFO] 2012-12-15 18:01:47,218: +PUB [/camera/depth/rectify_depth/parameter_updates] /camera_nodelet_manager http://pc:51747/
[rosmaster.master][INFO] 2012-12-15 18:01:47,223: +PARAM [/camera/depth/rectify_depth/interpolation] by /camera_nodelet_manager
[rosmaster.master][INFO] 2012-12-15 18:01:47,226: +PUB [/camera/depth/image_rect_raw/compressed] /camera_nodelet_manager http://pc:51747/
[rosmaster.master][INFO] 2012-12-15 18:01:47,228: +SERVICE [/camera/depth/image_rect_raw/compressed/set_parameters] /camera_nodelet_manager http://pc:51747/
[rosmaster.master][INFO] 2012-12-15 18:01:47,231: +PUB [/camera/depth/image_rect_raw/compressed/parameter_descriptions] /camera_nodelet_manager http://pc:51747/
[rosmaster.master][INFO] 2012-12-15 18:01:47,234: +PUB [/camera/depth/image_rect_raw/compressed/parameter_updates] /camera_nodelet_manager http://pc:51747/
[rosmaster.master][INFO] 2012-12-15 18:01:47,243: +PARAM [/camera/depth/image_rect_raw/compressed/format] by /camera_nodelet_manager
[rosmaster.master][INFO] 2012-12-15 18:01:47,246: +PARAM [/camera/depth/image_rect_raw/compressed/jpeg_quality] by /camera_nodelet_manager
[rosmaster.master][INFO] 2012-12-15 18:01:47,248: +PARAM [/camera/depth/image_rect_raw/compressed/png_level] by /camera_nodelet_manager
[rosmaster.master][INFO] 2012-12-15 18:01:47,252: +PUB [/camera/depth/image_rect_raw] /camera_nodelet_manager http://pc:51747/
[rosmaster.master][INFO] 2012-12-15 18:01:47,254: +PUB [/camera/depth/image_rect_raw/theora] /camera_nodelet_manager http://pc:51747/
[rosmaster.master][INFO] 2012-12-15 18:01:47,257: +SERVICE [/camera/depth/image_rect_raw/theora/set_parameters] /camera_nodelet_manager http://pc:51747/
[rosmaster.master][INFO] 2012-12-15 18:01:47,260: +PUB [/camera/depth/image_rect_raw/theora/parameter_descriptions] /camera_nodelet_manager http://pc:51747/
[rosmaster.master][INFO] 2012-12-15 18:01:47,263: +PUB [/camera/depth/image_rect_raw/theora/parameter_updates] /camera_nodelet_manager http://pc:51747/
[rosmaster.master][INFO] 2012-12-15 18:01:47,274: +PARAM [/camera/depth/image_rect_raw/theora/optimize_for] by /camera_nodelet_manager
[rosmaster.master][INFO] 2012-12-15 18:01:47,276: +PARAM [/camera/depth/image_rect_raw/theora/target_bitrate] by /camera_nodelet_manager
[rosmaster.master][INFO] 2012-12-15 18:01:47,279: +PARAM [/camera/depth/image_rect_raw/theora/quality] by /camera_nodelet_manager
[rosmaster.master][INFO] 2012-12-15 18:01:47,281: +PARAM [/camera/depth/image_rect_raw/theora/keyframe_frequency] by /camera_nodelet_manager
[rosmaster.master][INFO] 2012-12-15 18:01:47,574: +SERVICE [/camera/rgb/rectify_mono/set_parameters] /camera_nodelet_manager http://pc:51747/
[rosmaster.master][INFO] 2012-12-15 18:01:47,576: +PUB [/camera/rgb/rectify_mono/parameter_descriptions] /camera_nodelet_manager http://pc:51747/
[rosmaster.master][INFO] 2012-12-15 18:01:47,579: +PUB [/camera/rgb/rectify_mono/parameter_updates] /camera_nodelet_manager http://pc:51747/
[rosmaster.master][INFO] 2012-12-15 18:01:47,583: +PARAM [/camera/rgb/rectify_mono/interpolation] by /camera_nodelet_manager
[rosmaster.master][INFO] 2012-12-15 18:01:47,586: +PUB [/camera/rgb/image_rect/compressed] /camera_nodelet_manager http://pc:51747/
[rosmaster.master][INFO] 2012-12-15 18:01:47,588: +SERVICE [/camera/rgb/image_rect/compressed/set_parameters] /camera_nodelet_manager http://pc:51747/
[rosmaster.master][INFO] 2012-12-15 18:01:47,591: +PUB [/camera/rgb/image_rect/compressed/parameter_descriptions] /camera_nodelet_manager http://pc:51747/
[rosmaster.master][INFO] 2012-12-15 18:01:47,593: +PUB [/camera/rgb/image_rect/compressed/parameter_updates] /camera_nodelet_manager http://pc:51747/
[rosmaster.master][INFO] 2012-12-15 18:01:47,602: +PARAM [/camera/rgb/image_rect/compressed/format] by /camera_nodelet_manager
[rosmaster.master][INFO] 2012-12-15 18:01:47,605: +PARAM [/camera/rgb/image_rect/compressed/jpeg_quality] by /camera_nodelet_manager
[rosmaster.master][INFO] 2012-12-15 18:01:47,607: +PARAM [/camera/rgb/image_rect/compressed/png_level] by /camera_nodelet_manager
[rosmaster.master][INFO] 2012-12-15 18:01:47,610: +PUB [/camera/rgb/image_rect] /camera_nodelet_manager http://pc:51747/
[rosmaster.master][INFO] 2012-12-15 18:01:47,612: +PUB [/camera/rgb/image_rect/theora] /camera_nodelet_manager http://pc:51747/
[rosmaster.master][INFO] 2012-12-15 18:01:47,615: +SERVICE [/camera/rgb/image_rect/theora/set_parameters] /camera_nodelet_manager http://pc:51747/
[rosmaster.master][INFO] 2012-12-15 18:01:47,617: +PUB [/camera/rgb/image_rect/theora/parameter_descriptions] /camera_nodelet_manager http://pc:51747/
[rosmaster.master][INFO] 2012-12-15 18:01:47,619: +PUB [/camera/rgb/image_rect/theora/parameter_updates] /camera_nodelet_manager http://pc:51747/
[rosmaster.master][INFO] 2012-12-15 18:01:47,632: +PARAM [/camera/rgb/image_rect/theora/optimize_for] by /camera_nodelet_manager
[rosmaster.master][INFO] 2012-12-15 18:01:47,635: +PARAM [/camera/rgb/image_rect/theora/target_bitrate] by /camera_nodelet_manager
[rosmaster.master][INFO] 2012-12-15 18:01:47,637: +PARAM [/camera/rgb/image_rect/theora/quality] by /camera_nodelet_manager
[rosmaster.master][INFO] 2012-12-15 18:01:47,639: +PARAM [/camera/rgb/image_rect/theora/keyframe_frequency] by /camera_nodelet_manager
[rosmaster.master][INFO] 2012-12-15 18:01:47,918: +PUB [/camera/depth/image_rect/compressed] /camera_nodelet_manager http://pc:51747/
[rosmaster.master][INFO] 2012-12-15 18:01:47,920: +SERVICE [/camera/depth/image_rect/compressed/set_parameters] /camera_nodelet_manager http://pc:51747/
[rosmaster.master][INFO] 2012-12-15 18:01:47,922: +PUB [/camera/depth/image_rect/compressed/parameter_descriptions] /camera_nodelet_manager http://pc:51747/
[rosmaster.master][INFO] 2012-12-15 18:01:47,925: +PUB [/camera/depth/image_rect/compressed/parameter_updates] /camera_nodelet_manager http://pc:51747/
[rosmaster.master][INFO] 2012-12-15 18:01:47,933: +PARAM [/camera/depth/image_rect/compressed/format] by /camera_nodelet_manager
[rosmaster.master][INFO] 2012-12-15 18:01:47,935: +PARAM [/camera/depth/image_rect/compressed/jpeg_quality] by /camera_nodelet_manager
[rosmaster.master][INFO] 2012-12-15 18:01:47,937: +PARAM [/camera/depth/image_rect/compressed/png_level] by /camera_nodelet_manager
[rosmaster.master][INFO] 2012-12-15 18:01:47,940: +PUB [/camera/depth/image_rect] /camera_nodelet_manager http://pc:51747/
[rosmaster.master][INFO] 2012-12-15 18:01:47,946: +PUB [/camera/depth/image_rect/theora] /camera_nodelet_manager http://pc:51747/
[rosmaster.master][INFO] 2012-12-15 18:01:47,949: +SERVICE [/camera/depth/image_rect/theora/set_parameters] /camera_nodelet_manager http://pc:51747/
[rosmaster.master][INFO] 2012-12-15 18:01:47,952: +PUB [/camera/depth/image_rect/theora/parameter_descriptions] /camera_nodelet_manager http://pc:51747/
[rosmaster.master][INFO] 2012-12-15 18:01:47,955: +PUB [/camera/depth/image_rect/theora/parameter_updates] /camera_nodelet_manager http://pc:51747/
[rosmaster.master][INFO] 2012-12-15 18:01:47,965: +PARAM [/camera/depth/image_rect/theora/optimize_for] by /camera_nodelet_manager
[rosmaster.master][INFO] 2012-12-15 18:01:47,970: +PARAM [/camera/depth/image_rect/theora/target_bitrate] by /camera_nodelet_manager
[rosmaster.master][INFO] 2012-12-15 18:01:47,972: +PARAM [/camera/depth/image_rect/theora/quality] by /camera_nodelet_manager
[rosmaster.master][INFO] 2012-12-15 18:01:47,975: +PARAM [/camera/depth/image_rect/theora/keyframe_frequency] by /camera_nodelet_manager
[rosmaster.master][INFO] 2012-12-15 18:01:48,250: +PUB [/camera/depth_registered/image/compressed] /camera_nodelet_manager http://pc:51747/
[rosmaster.master][INFO] 2012-12-15 18:01:48,253: +SERVICE [/camera/depth_registered/image/compressed/set_parameters] /camera_nodelet_manager http://pc:51747/
[rosmaster.master][INFO] 2012-12-15 18:01:48,255: +PUB [/camera/depth_registered/image/compressed/parameter_descriptions] /camera_nodelet_manager http://pc:51747/
[rosmaster.master][INFO] 2012-12-15 18:01:48,258: +PUB [/camera/depth_registered/image/compressed/parameter_updates] /camera_nodelet_manager http://pc:51747/
[rosmaster.master][INFO] 2012-12-15 18:01:48,265: +PARAM [/camera/depth_registered/image/compressed/format] by /camera_nodelet_manager
[rosmaster.master][INFO] 2012-12-15 18:01:48,266: +PARAM [/camera/depth_registered/image/compressed/jpeg_quality] by /camera_nodelet_manager
[rosmaster.master][INFO] 2012-12-15 18:01:48,267: +PARAM [/camera/depth_registered/image/compressed/png_level] by /camera_nodelet_manager
[rosmaster.master][INFO] 2012-12-15 18:01:48,269: +PUB [/camera/depth_registered/image] /camera_nodelet_manager http://pc:51747/
[rosmaster.master][INFO] 2012-12-15 18:01:48,273: +PUB [/camera/depth_registered/image/theora] /camera_nodelet_manager http://pc:51747/
[rosmaster.master][INFO] 2012-12-15 18:01:48,275: +SERVICE [/camera/depth_registered/image/theora/set_parameters] /camera_nodelet_manager http://pc:51747/
[rosmaster.master][INFO] 2012-12-15 18:01:48,278: +PUB [/camera/depth_registered/image/theora/parameter_descriptions] /camera_nodelet_manager http://pc:51747/
[rosmaster.master][INFO] 2012-12-15 18:01:48,281: +PUB [/camera/depth_registered/image/theora/parameter_updates] /camera_nodelet_manager http://pc:51747/
[rosmaster.master][INFO] 2012-12-15 18:01:48,292: +PARAM [/camera/depth_registered/image/theora/optimize_for] by /camera_nodelet_manager
[rosmaster.master][INFO] 2012-12-15 18:01:48,294: +PARAM [/camera/depth_registered/image/theora/target_bitrate] by /camera_nodelet_manager
[rosmaster.master][INFO] 2012-12-15 18:01:48,296: +PARAM [/camera/depth_registered/image/theora/quality] by /camera_nodelet_manager
[rosmaster.master][INFO] 2012-12-15 18:01:48,299: +PARAM [/camera/depth_registered/image/theora/keyframe_frequency] by /camera_nodelet_manager
[rosmaster.master][INFO] 2012-12-15 18:01:48,570: +PUB [/camera/depth/points] /camera_nodelet_manager http://pc:51747/
[rosmaster.master][INFO] 2012-12-15 18:01:48,825: +SERVICE [/camera/driver/set_parameters] /camera_nodelet_manager http://pc:51747/
[rosmaster.master][INFO] 2012-12-15 18:01:48,827: +PUB [/camera/driver/parameter_descriptions] /camera_nodelet_manager http://pc:51747/
[rosmaster.master][INFO] 2012-12-15 18:01:48,830: +PUB [/camera/driver/parameter_updates] /camera_nodelet_manager http://pc:51747/
[rosmaster.master][INFO] 2012-12-15 18:01:48,843: +PARAM [/camera/driver/image_mode] by /camera_nodelet_manager
[rosmaster.master][INFO] 2012-12-15 18:01:48,844: +PARAM [/camera/driver/depth_mode] by /camera_nodelet_manager
[rosmaster.master][INFO] 2012-12-15 18:01:48,846: +PARAM [/camera/driver/depth_registration] by /camera_nodelet_manager
[rosmaster.master][INFO] 2012-12-15 18:01:48,847: +PARAM [/camera/driver/data_skip] by /camera_nodelet_manager
[rosmaster.master][INFO] 2012-12-15 18:01:48,848: +PARAM [/camera/driver/depth_time_offset] by /camera_nodelet_manager
[rosmaster.master][INFO] 2012-12-15 18:01:48,849: +PARAM [/camera/driver/image_time_offset] by /camera_nodelet_manager
[rosmaster.master][INFO] 2012-12-15 18:01:48,850: +PARAM [/camera/driver/depth_ir_offset_x] by /camera_nodelet_manager
[rosmaster.master][INFO] 2012-12-15 18:01:48,851: +PARAM [/camera/driver/depth_ir_offset_y] by /camera_nodelet_manager
[rosmaster.master][INFO] 2012-12-15 18:01:48,852: +PARAM [/camera/driver/z_offset_mm] by /camera_nodelet_manager
[rosmaster.master][INFO] 2012-12-15 18:01:48,863: +SERVICE [/camera/rgb/set_camera_info] /camera_nodelet_manager http://pc:51747/
[rosmaster.master][INFO] 2012-12-15 18:01:48,864: +SERVICE [/camera/ir/set_camera_info] /camera_nodelet_manager http://pc:51747/
[rosmaster.master][INFO] 2012-12-15 18:01:48,867: +SERVICE [/camera/depth_registered/rectify_depth/set_parameters] /camera_nodelet_manager http://pc:51747/
[rosmaster.master][INFO] 2012-12-15 18:01:48,868: +PUB [/camera/rgb/image_raw/compressed] /camera_nodelet_manager http://pc:51747/
[rosmaster.master][INFO] 2012-12-15 18:01:48,870: +PUB [/camera/depth_registered/rectify_depth/parameter_descriptions] /camera_nodelet_manager http://pc:51747/
[rosmaster.master][INFO] 2012-12-15 18:01:48,871: +SERVICE [/camera/rgb/image_raw/compressed/set_parameters] /camera_nodelet_manager http://pc:51747/
[rosmaster.master][INFO] 2012-12-15 18:01:48,872: +PUB [/camera/depth_registered/rectify_depth/parameter_updates] /camera_nodelet_manager http://pc:51747/
[rosmaster.master][INFO] 2012-12-15 18:01:48,873: +PUB [/camera/rgb/image_raw/compressed/parameter_descriptions] /camera_nodelet_manager http://pc:51747/
[rosmaster.master][INFO] 2012-12-15 18:01:48,875: +PUB [/camera/rgb/image_raw/compressed/parameter_updates] /camera_nodelet_manager http://pc:51747/
[rosmaster.master][INFO] 2012-12-15 18:01:48,877: +PARAM [/camera/depth_registered/rectify_depth/interpolation] by /camera_nodelet_manager
[rosmaster.master][INFO] 2012-12-15 18:01:48,880: +SUB [/camera/driver/parameter_updates] /set_dr http://pc:53899/
[rosmaster.master][INFO] 2012-12-15 18:01:48,881: +PUB [/camera/depth_registered/image_rect_raw/compressed] /camera_nodelet_manager http://pc:51747/
[rosmaster.master][INFO] 2012-12-15 18:01:48,883: +SUB [/camera/driver/parameter_descriptions] /set_dr http://pc:53899/
[rosmaster.master][INFO] 2012-12-15 18:01:48,885: +SERVICE [/camera/depth_registered/image_rect_raw/compressed/set_parameters] /camera_nodelet_manager http://pc:51747/
[rosmaster.master][INFO] 2012-12-15 18:01:48,887: +PARAM [/camera/rgb/image_raw/compressed/format] by /camera_nodelet_manager
[rosmaster.master][INFO] 2012-12-15 18:01:48,888: +PUB [/camera/depth_registered/image_rect_raw/compressed/parameter_descriptions] /camera_nodelet_manager http://pc:51747/
[rosmaster.master][INFO] 2012-12-15 18:01:48,890: +PARAM [/camera/rgb/image_raw/compressed/jpeg_quality] by /camera_nodelet_manager
[rosmaster.master][INFO] 2012-12-15 18:01:48,891: +PUB [/camera/depth_registered/image_rect_raw/compressed/parameter_updates] /camera_nodelet_manager http://pc:51747/
[rosmaster.master][INFO] 2012-12-15 18:01:48,893: +PARAM [/camera/rgb/image_raw/compressed/png_level] by /camera_nodelet_manager
[rosmaster.master][INFO] 2012-12-15 18:01:48,896: +PUB [/camera/rgb/image_raw] /camera_nodelet_manager http://pc:51747/
[rosmaster.master][INFO] 2012-12-15 18:01:48,899: +PUB [/camera/rgb/image_raw/theora] /camera_nodelet_manager http://pc:51747/
[rosmaster.master][INFO] 2012-12-15 18:01:48,903: +SERVICE [/camera/rgb/image_raw/theora/set_parameters] /camera_nodelet_manager http://pc:51747/
[rosmaster.master][INFO] 2012-12-15 18:01:48,905: +PARAM [/camera/depth_registered/image_rect_raw/compressed/format] by /camera_nodelet_manager
[rosmaster.master][INFO] 2012-12-15 18:01:48,908: +PUB [/camera/rgb/image_raw/theora/parameter_descriptions] /camera_nodelet_manager http://pc:51747/
[rosmaster.master][INFO] 2012-12-15 18:01:48,911: +PARAM [/camera/depth_registered/image_rect_raw/compressed/jpeg_quality] by /camera_nodelet_manager
[rosmaster.master][INFO] 2012-12-15 18:01:48,915: +PARAM [/camera/depth_registered/image_rect_raw/compressed/png_level] by /camera_nodelet_manager
[rosmaster.master][INFO] 2012-12-15 18:01:48,916: +PUB [/camera/rgb/image_raw/theora/parameter_updates] /camera_nodelet_manager http://pc:51747/
[rosmaster.master][INFO] 2012-12-15 18:01:48,920: +PUB [/camera/depth_registered/image_rect_raw] /camera_nodelet_manager http://pc:51747/
[rosmaster.master][INFO] 2012-12-15 18:01:48,925: +PUB [/camera/depth_registered/image_rect_raw/theora] /camera_nodelet_manager http://pc:51747/
[rosmaster.master][INFO] 2012-12-15 18:01:48,930: +SERVICE [/camera/depth_registered/image_rect_raw/theora/set_parameters] /camera_nodelet_manager http://pc:51747/
[rosmaster.master][INFO] 2012-12-15 18:01:48,934: +PUB [/camera/depth_registered/image_rect_raw/theora/parameter_descriptions] /camera_nodelet_manager http://pc:51747/
[rosmaster.master][INFO] 2012-12-15 18:01:48,936: +PARAM [/camera/rgb/image_raw/theora/optimize_for] by /camera_nodelet_manager
[rosmaster.master][INFO] 2012-12-15 18:01:48,937: +PUB [/camera/depth_registered/image_rect_raw/theora/parameter_updates] /camera_nodelet_manager http://pc:51747/
[rosmaster.master][INFO] 2012-12-15 18:01:48,940: publisherUpdate[/camera/rgb/image_raw] -> http://pc:51747/
[rosmaster.master][INFO] 2012-12-15 18:01:48,941: publisherUpdate[/camera/depth_registered/image_rect_raw] -> http://pc:51747/
[rosmaster.master][INFO] 2012-12-15 18:01:48,942: +PARAM [/camera/rgb/image_raw/theora/target_bitrate] by /camera_nodelet_manager
[rosmaster.master][INFO] 2012-12-15 18:01:48,946: +PARAM [/camera/rgb/image_raw/theora/quality] by /camera_nodelet_manager
[rosmaster.master][INFO] 2012-12-15 18:01:48,949: +PARAM [/camera/rgb/image_raw/theora/keyframe_frequency] by /camera_nodelet_manager
[rosmaster.master][INFO] 2012-12-15 18:01:48,951: +PARAM [/camera/depth_registered/image_rect_raw/theora/optimize_for] by /camera_nodelet_manager
[rosmaster.master][INFO] 2012-12-15 18:01:48,952: +PUB [/camera/rgb/camera_info] /camera_nodelet_manager http://pc:51747/
[rosmaster.master][INFO] 2012-12-15 18:01:48,953: +PARAM [/camera/depth_registered/image_rect_raw/theora/target_bitrate] by /camera_nodelet_manager
[rosmaster.master][INFO] 2012-12-15 18:01:48,955: +PUB [/camera/ir/image_raw/compressed] /camera_nodelet_manager http://pc:51747/
[rosmaster.master][INFO] 2012-12-15 18:01:48,957: +PARAM [/camera/depth_registered/image_rect_raw/theora/quality] by /camera_nodelet_manager
[rosmaster.master][INFO] 2012-12-15 18:01:48,958: +SERVICE [/camera/ir/image_raw/compressed/set_parameters] /camera_nodelet_manager http://pc:51747/
[rosmaster.master][INFO] 2012-12-15 18:01:48,960: +PARAM [/camera/depth_registered/image_rect_raw/theora/keyframe_frequency] by /camera_nodelet_manager
[rosmaster.master][INFO] 2012-12-15 18:01:48,962: +PUB [/camera/ir/image_raw/compressed/parameter_descriptions] /camera_nodelet_manager http://pc:51747/
[rosmaster.master][INFO] 2012-12-15 18:01:48,965: +PUB [/camera/ir/image_raw/compressed/parameter_updates] /camera_nodelet_manager http://pc:51747/
[rosmaster.master][INFO] 2012-12-15 18:01:48,971: +SUB [/camera/depth_registered/image_raw] /camera_nodelet_manager http://pc:51747/
[rosmaster.master][INFO] 2012-12-15 18:01:48,973: +SUB [/camera/depth_registered/camera_info] /camera_nodelet_manager http://pc:51747/
[rosmaster.master][INFO] 2012-12-15 18:01:48,975: +PARAM [/camera/ir/image_raw/compressed/format] by /camera_nodelet_manager
[rosmaster.master][INFO] 2012-12-15 18:01:48,976: +PARAM [/camera/ir/image_raw/compressed/jpeg_quality] by /camera_nodelet_manager
[rosmaster.master][INFO] 2012-12-15 18:01:48,977: +PARAM [/camera/ir/image_raw/compressed/png_level] by /camera_nodelet_manager
[rosmaster.master][INFO] 2012-12-15 18:01:48,978: +PUB [/camera/ir/image_raw] /camera_nodelet_manager http://pc:51747/
[rosmaster.master][INFO] 2012-12-15 18:01:48,980: +PUB [/camera/ir/image_raw/theora] /camera_nodelet_manager http://pc:51747/
[rosmaster.master][INFO] 2012-12-15 18:01:48,982: +SERVICE [/camera/ir/image_raw/theora/set_parameters] /camera_nodelet_manager http://pc:51747/
[rosmaster.master][INFO] 2012-12-15 18:01:48,983: +PUB [/camera/ir/image_raw/theora/parameter_descriptions] /camera_nodelet_manager http://pc:51747/
[rosmaster.master][INFO] 2012-12-15 18:01:48,984: +PUB [/camera/ir/image_raw/theora/parameter_updates] /camera_nodelet_manager http://pc:51747/
[rosmaster.master][INFO] 2012-12-15 18:01:48,988: +PARAM [/camera/ir/image_raw/theora/optimize_for] by /camera_nodelet_manager
[rosmaster.master][INFO] 2012-12-15 18:01:48,989: +PARAM [/camera/ir/image_raw/theora/target_bitrate] by /camera_nodelet_manager
[rosmaster.master][INFO] 2012-12-15 18:01:48,991: +PARAM [/camera/ir/image_raw/theora/quality] by /camera_nodelet_manager
[rosmaster.master][INFO] 2012-12-15 18:01:48,993: +PARAM [/camera/ir/image_raw/theora/keyframe_frequency] by /camera_nodelet_manager
[rosmaster.master][INFO] 2012-12-15 18:01:48,994: +PUB [/camera/ir/camera_info] /camera_nodelet_manager http://pc:51747/
[rosmaster.master][INFO] 2012-12-15 18:01:48,995: +PUB [/camera/depth/image_raw/compressed] /camera_nodelet_manager http://pc:51747/
[rosmaster.master][INFO] 2012-12-15 18:01:48,996: +SERVICE [/camera/depth/image_raw/compressed/set_parameters] /camera_nodelet_manager http://pc:51747/
[rosmaster.master][INFO] 2012-12-15 18:01:48,997: +PUB [/camera/depth/image_raw/compressed/parameter_descriptions] /camera_nodelet_manager http://pc:51747/
[rosmaster.master][INFO] 2012-12-15 18:01:48,998: +PUB [/camera/depth/image_raw/compressed/parameter_updates] /camera_nodelet_manager http://pc:51747/
[rosmaster.master][INFO] 2012-12-15 18:01:49,002: +PARAM [/camera/depth/image_raw/compressed/format] by /camera_nodelet_manager
[rosmaster.master][INFO] 2012-12-15 18:01:49,004: +PARAM [/camera/depth/image_raw/compressed/jpeg_quality] by /camera_nodelet_manager
[rosmaster.master][INFO] 2012-12-15 18:01:49,005: +PARAM [/camera/depth/image_raw/compressed/png_level] by /camera_nodelet_manager
[rosmaster.master][INFO] 2012-12-15 18:01:49,006: +PUB [/camera/depth/image_raw] /camera_nodelet_manager http://pc:51747/
[rosmaster.master][INFO] 2012-12-15 18:01:49,008: +PUB [/camera/depth/image_raw/theora] /camera_nodelet_manager http://pc:51747/
[rosmaster.master][INFO] 2012-12-15 18:01:49,009: +SERVICE [/camera/depth/image_raw/theora/set_parameters] /camera_nodelet_manager http://pc:51747/
[rosmaster.master][INFO] 2012-12-15 18:01:49,010: +PUB [/camera/depth/image_raw/theora/parameter_descriptions] /camera_nodelet_manager http://pc:51747/
[rosmaster.master][INFO] 2012-12-15 18:01:49,011: +PUB [/camera/depth/image_raw/theora/parameter_updates] /camera_nodelet_manager http://pc:51747/
[rosmaster.master][INFO] 2012-12-15 18:01:49,015: +PARAM [/camera/depth/image_raw/theora/optimize_for] by /camera_nodelet_manager
[rosmaster.master][INFO] 2012-12-15 18:01:49,015: +PARAM [/camera/depth/image_raw/theora/target_bitrate] by /camera_nodelet_manager
[rosmaster.master][INFO] 2012-12-15 18:01:49,016: +PARAM [/camera/depth/image_raw/theora/quality] by /camera_nodelet_manager
[rosmaster.master][INFO] 2012-12-15 18:01:49,017: +PARAM [/camera/depth/image_raw/theora/keyframe_frequency] by /camera_nodelet_manager
[rosmaster.master][INFO] 2012-12-15 18:01:49,018: +PUB [/camera/depth/camera_info] /camera_nodelet_manager http://pc:51747/
[rosmaster.master][INFO] 2012-12-15 18:01:49,019: +PUB [/camera/projector/camera_info] /camera_nodelet_manager http://pc:51747/
[rosmaster.master][INFO] 2012-12-15 18:01:49,020: +PUB [/camera/depth_registered/image_raw/compressed] /camera_nodelet_manager http://pc:51747/
[rosmaster.master][INFO] 2012-12-15 18:01:49,023: +SERVICE [/camera/depth_registered/image_raw/compressed/set_parameters] /camera_nodelet_manager http://pc:51747/
[rosmaster.master][INFO] 2012-12-15 18:01:49,025: +PUB [/camera/depth_registered/image_raw/compressed/parameter_descriptions] /camera_nodelet_manager http://pc:51747/
[rosmaster.master][INFO] 2012-12-15 18:01:49,028: +PUB [/camera/depth_registered/image_raw/compressed/parameter_updates] /camera_nodelet_manager http://pc:51747/
[rosmaster.master][INFO] 2012-12-15 18:01:49,031: +PARAM [/camera/depth_registered/image_raw/compressed/format] by /camera_nodelet_manager
[rosmaster.master][INFO] 2012-12-15 18:01:49,032: +PARAM [/camera/depth_registered/image_raw/compressed/jpeg_quality] by /camera_nodelet_manager
[rosmaster.master][INFO] 2012-12-15 18:01:49,033: +PARAM [/camera/depth_registered/image_raw/compressed/png_level] by /camera_nodelet_manager
[rosmaster.master][INFO] 2012-12-15 18:01:49,034: +PUB [/camera/depth_registered/image_raw] /camera_nodelet_manager http://pc:51747/
[rosmaster.master][INFO] 2012-12-15 18:01:49,035: +PUB [/camera/depth_registered/image_raw/theora] /camera_nodelet_manager http://pc:51747/
[rosmaster.master][INFO] 2012-12-15 18:01:49,037: +SERVICE [/camera/depth_registered/image_raw/theora/set_parameters] /camera_nodelet_manager http://pc:51747/
[rosmaster.master][INFO] 2012-12-15 18:01:49,037: +PUB [/camera/depth_registered/image_raw/theora/parameter_descriptions] /camera_nodelet_manager http://pc:51747/
[rosmaster.master][INFO] 2012-12-15 18:01:49,038: +PUB [/camera/depth_registered/image_raw/theora/parameter_updates] /camera_nodelet_manager http://pc:51747/
[rosmaster.master][INFO] 2012-12-15 18:01:49,041: publisherUpdate[/camera/rgb/camera_info] -> http://pc:51747/
[rosmaster.master][INFO] 2012-12-15 18:01:49,042: publisherUpdate[/camera/depth_registered/image_raw] -> http://pc:51747/
[rosmaster.master][INFO] 2012-12-15 18:01:49,046: +PARAM [/camera/depth_registered/image_raw/theora/optimize_for] by /camera_nodelet_manager
[rosmaster.master][INFO] 2012-12-15 18:01:49,047: +PARAM [/camera/depth_registered/image_raw/theora/target_bitrate] by /camera_nodelet_manager
[rosmaster.master][INFO] 2012-12-15 18:01:49,048: +PARAM [/camera/depth_registered/image_raw/theora/quality] by /camera_nodelet_manager
[rosmaster.master][INFO] 2012-12-15 18:01:49,049: +PARAM [/camera/depth_registered/image_raw/theora/keyframe_frequency] by /camera_nodelet_manager
[rosmaster.master][INFO] 2012-12-15 18:01:49,050: +PUB [/camera/depth_registered/camera_info] /camera_nodelet_manager http://pc:51747/
[rosmaster.master][INFO] 2012-12-15 18:01:49,143: publisherUpdate[/camera/depth_registered/camera_info] -> http://pc:51747/
[rosmaster.master][INFO] 2012-12-15 18:01:49,268: +SUB [/tf] /camera_nodelet_manager http://pc:51747/
[rosmaster.master][INFO] 2012-12-15 18:01:49,271: +SERVICE [/camera_nodelet_manager/tf_frames] /camera_nodelet_manager http://pc:51747/
[rosmaster.master][INFO] 2012-12-15 18:01:49,554: +PARAM [/camera/depth_registered/image_rect_raw/compressed/format] by /camera_nodelet_manager
[rosmaster.master][INFO] 2012-12-15 18:01:49,557: +PARAM [/camera/depth_registered/image_rect_raw/compressed/jpeg_quality] by /camera_nodelet_manager
[rosmaster.master][INFO] 2012-12-15 18:01:49,560: +PARAM [/camera/depth_registered/image_rect_raw/compressed/png_level] by /camera_nodelet_manager
[rosmaster.master][INFO] 2012-12-15 18:01:49,573: +PARAM [/camera/depth_registered/image_rect_raw/theora/optimize_for] by /camera_nodelet_manager
[rosmaster.master][INFO] 2012-12-15 18:01:49,577: +PARAM [/camera/depth_registered/image_rect_raw/theora/target_bitrate] by /camera_nodelet_manager
[rosmaster.master][INFO] 2012-12-15 18:01:49,580: +PARAM [/camera/depth_registered/image_rect_raw/theora/quality] by /camera_nodelet_manager
[rosmaster.master][INFO] 2012-12-15 18:01:49,583: +PARAM [/camera/depth_registered/image_rect_raw/theora/keyframe_frequency] by /camera_nodelet_manager
[rosmaster.master][INFO] 2012-12-15 18:01:49,592: +SUB [/camera/depth/image_rect_raw] /camera_nodelet_manager http://pc:51747/
[rosmaster.master][INFO] 2012-12-15 18:01:49,595: +SUB [/camera/depth/camera_info] /camera_nodelet_manager http://pc:51747/
[rosmaster.master][INFO] 2012-12-15 18:01:49,601: +SUB [/camera/depth/image_raw] /camera_nodelet_manager http://pc:51747/
[rosmaster.master][INFO] 2012-12-15 18:01:52,206: +PARAM [/camera/driver/image_mode] by /camera_nodelet_manager
[rosmaster.master][INFO] 2012-12-15 18:01:52,207: +PARAM [/camera/driver/depth_mode] by /camera_nodelet_manager
[rosmaster.master][INFO] 2012-12-15 18:01:52,210: +PARAM [/camera/driver/depth_registration] by /camera_nodelet_manager
[rosmaster.master][INFO] 2012-12-15 18:01:52,211: +PARAM [/camera/driver/data_skip] by /camera_nodelet_manager
[rosmaster.master][INFO] 2012-12-15 18:01:52,212: +PARAM [/camera/driver/depth_time_offset] by /camera_nodelet_manager
[rosmaster.master][INFO] 2012-12-15 18:01:52,214: +PARAM [/camera/driver/image_time_offset] by /camera_nodelet_manager
[rosmaster.master][INFO] 2012-12-15 18:01:52,215: +PARAM [/camera/driver/depth_ir_offset_x] by /camera_nodelet_manager
[rosmaster.master][INFO] 2012-12-15 18:01:52,216: +PARAM [/camera/driver/depth_ir_offset_y] by /camera_nodelet_manager
[rosmaster.master][INFO] 2012-12-15 18:01:52,218: +PARAM [/camera/driver/z_offset_mm] by /camera_nodelet_manager
[rosmaster.master][INFO] 2012-12-15 18:01:52,221: -SUB [/camera/driver/parameter_updates] /set_dr http://pc:53899/
[rosmaster.master][INFO] 2012-12-15 18:01:52,221: -SUB [/camera/driver/parameter_descriptions] /set_dr http://pc:53899/
[rosmaster.master][INFO] 2012-12-15 18:01:52,221: -PUB [/rosout] /set_dr http://pc:53899/
[rosmaster.master][INFO] 2012-12-15 18:01:52,249: publisherUpdate[/rosout] -> http://pc:37349/
[rosmaster.master][INFO] 2012-12-15 18:02:00,723: -SUB [/camera/depth_registered/image_rect] /depth_detection http://pc:40266/
[rosmaster.master][INFO] 2012-12-15 18:02:00,724: -SUB [/camera/rgb/image_rect_color] /depth_detection http://pc:40266/
[rosmaster.master][INFO] 2012-12-15 18:02:00,724: -PUB [/rosout] /depth_detection http://pc:40266/
[rosmaster.master][INFO] 2012-12-15 18:02:00,730: -SUB [/camera/depth_registered/image_rect_raw] /camera_nodelet_manager http://pc:51747/
[rosmaster.master][INFO] 2012-12-15 18:02:00,734: -SUB [/camera/depth_registered/image_raw] /camera_nodelet_manager http://pc:51747/
[rosmaster.master][INFO] 2012-12-15 18:02:00,738: -PUB [/camera/depth_registered/disparity] /camera_nodelet_manager http://pc:51747/
[rosmaster.master][INFO] 2012-12-15 18:02:00,744: -SUB [/camera/depth_registered/camera_info] /camera_nodelet_manager http://pc:51747/
[rosmaster.master][INFO] 2012-12-15 18:02:00,750: -SUB [/camera/depth/image_rect_raw] /camera_nodelet_manager http://pc:51747/
[rosmaster.master][INFO] 2012-12-15 18:02:00,752: -PUB [/camera/depth_registered/points] /camera_nodelet_manager http://pc:51747/
[rosmaster.master][INFO] 2012-12-15 18:02:00,753: -SUB [/camera/rgb/image_color] /camera_nodelet_manager http://pc:51747/
[rosmaster.master][INFO] 2012-12-15 18:02:00,754: -PUB [/camera/depth/disparity] /camera_nodelet_manager http://pc:51747/
[rosmaster.master][INFO] 2012-12-15 18:02:00,756: -SUB [/camera/depth/image_raw] /camera_nodelet_manager http://pc:51747/
[rosmaster.master][INFO] 2012-12-15 18:02:00,757: -SUB [/camera/depth/camera_info] /camera_nodelet_manager http://pc:51747/
[rosmaster.master][INFO] 2012-12-15 18:02:00,760: -SUB [/camera/rgb/camera_info] /camera_nodelet_manager http://pc:51747/
[rosmaster.master][INFO] 2012-12-15 18:02:00,761: -SUB [/camera/rgb/image_raw] /camera_nodelet_manager http://pc:51747/
[rosmaster.master][INFO] 2012-12-15 18:02:00,762: publisherUpdate[/rosout] -> http://pc:37349/
[rosmaster.master][INFO] 2012-12-15 18:02:00,854: -PUB [/rosout] /camera/depth_registered/metric_rect http://pc:36223/
[rosmaster.master][INFO] 2012-12-15 18:02:00,856: -PUB [/rosout] /camera/disparity_depth http://pc:54201/
[rosmaster.master][INFO] 2012-12-15 18:02:00,859: -PUB [/rosout] /camera/disparity_depth_registered http://pc:60738/
[rosmaster.master][INFO] 2012-12-15 18:02:00,862: -PUB [/rosout] /camera/points_xyzrgb_depth_rgb http://pc:39828/
[rosmaster.master][INFO] 2012-12-15 18:02:00,864: publisherUpdate[/rosout] -> http://pc:37349/
[rosmaster.master][INFO] 2012-12-15 18:02:00,867: -SERVICE [/camera/depth_registered/metric_rect/get_loggers] /camera/depth_registered/metric_rect rosrpc://pc:50125
[rosmaster.master][INFO] 2012-12-15 18:02:00,868: publisherUpdate[/rosout] -> http://pc:37349/
[rosmaster.master][INFO] 2012-12-15 18:02:00,869: -PUB [/rosout] /camera/depth_registered/metric http://pc:36918/
[rosmaster.master][INFO] 2012-12-15 18:02:00,871: -SERVICE [/camera/disparity_depth/get_loggers] /camera/disparity_depth rosrpc://pc:47325
[rosmaster.master][INFO] 2012-12-15 18:02:00,871: publisherUpdate[/rosout] -> http://pc:37349/
[rosmaster.master][INFO] 2012-12-15 18:02:00,873: -PUB [/rosout] /camera_base_link2 http://pc:35841/
[rosmaster.master][INFO] 2012-12-15 18:02:00,873: publisherUpdate[/rosout] -> http://pc:37349/
[rosmaster.master][INFO] 2012-12-15 18:02:00,874: -PUB [/rosout] /camera_base_link3 http://pc:36234/
[rosmaster.master][INFO] 2012-12-15 18:02:00,875: -SERVICE [/camera/points_xyzrgb_depth_rgb/get_loggers] /camera/points_xyzrgb_depth_rgb rosrpc://pc:52839
[rosmaster.master][INFO] 2012-12-15 18:02:00,876: publisherUpdate[/rosout] -> http://pc:37349/
[rosmaster.master][INFO] 2012-12-15 18:02:00,878: -SERVICE [/camera/disparity_depth_registered/get_loggers] /camera/disparity_depth_registered rosrpc://pc:48077
[rosmaster.master][INFO] 2012-12-15 18:02:00,878: publisherUpdate[/rosout] -> http://pc:37349/
[rosmaster.master][INFO] 2012-12-15 18:02:00,880: -SERVICE [/camera/depth_registered/metric_rect/set_logger_level] /camera/depth_registered/metric_rect rosrpc://pc:50125
[rosmaster.master][INFO] 2012-12-15 18:02:00,881: publisherUpdate[/rosout] -> http://pc:37349/
[rosmaster.master][INFO] 2012-12-15 18:02:00,881: -SERVICE [/camera/depth_registered/metric/get_loggers] /camera/depth_registered/metric rosrpc://pc:44261
[rosmaster.master][INFO] 2012-12-15 18:02:00,883: -SERVICE [/camera/disparity_depth/set_logger_level] /camera/disparity_depth rosrpc://pc:47325
[rosmaster.master][INFO] 2012-12-15 18:02:00,884: -PUB [/tf] /camera_base_link2 http://pc:35841/
[rosmaster.master][INFO] 2012-12-15 18:02:00,885: -PUB [/tf] /camera_base_link3 http://pc:36234/
[rosmaster.master][INFO] 2012-12-15 18:02:00,887: -SERVICE [/camera/points_xyzrgb_depth_rgb/set_logger_level] /camera/points_xyzrgb_depth_rgb rosrpc://pc:52839
[rosmaster.master][INFO] 2012-12-15 18:02:00,888: -SERVICE [/camera/disparity_depth_registered/set_logger_level] /camera/disparity_depth_registered rosrpc://pc:48077
[rosmaster.master][INFO] 2012-12-15 18:02:00,888: -SERVICE [/camera/depth_registered/metric/set_logger_level] /camera/depth_registered/metric rosrpc://pc:44261
[rosmaster.master][INFO] 2012-12-15 18:02:00,890: -SERVICE [/camera_base_link2/get_loggers] /camera_base_link2 rosrpc://pc:57835
[rosmaster.master][INFO] 2012-12-15 18:02:00,891: -SERVICE [/camera_base_link3/get_loggers] /camera_base_link3 rosrpc://pc:53609
[rosmaster.master][INFO] 2012-12-15 18:02:00,892: -SERVICE [/camera_base_link2/set_logger_level] /camera_base_link2 rosrpc://pc:57835
[rosmaster.master][INFO] 2012-12-15 18:02:00,893: -SERVICE [/camera_base_link3/set_logger_level] /camera_base_link3 rosrpc://pc:53609
[rosmaster.master][INFO] 2012-12-15 18:02:00,933: -PUB [/camera/depth_registered/rectify_depth/parameter_descriptions] /camera_nodelet_manager http://pc:51747/
[rosmaster.master][INFO] 2012-12-15 18:02:00,935: -PUB [/camera/depth_registered/rectify_depth/parameter_updates] /camera_nodelet_manager http://pc:51747/
[rosmaster.master][INFO] 2012-12-15 18:02:00,936: -SERVICE [/camera/depth_registered/rectify_depth/set_parameters] /camera_nodelet_manager rosrpc://pc:56493
[rosmaster.master][INFO] 2012-12-15 18:02:00,959: -PUB [/rosout] /camera_base_link1 http://pc:56486/
[rosmaster.master][INFO] 2012-12-15 18:02:00,961: -PUB [/tf] /camera_base_link1 http://pc:56486/
[rosmaster.master][INFO] 2012-12-15 18:02:00,962: -PUB [/rosout] /camera_base_link http://pc:47981/
[rosmaster.master][INFO] 2012-12-15 18:02:00,963: -SERVICE [/camera_base_link1/get_loggers] /camera_base_link1 rosrpc://pc:36113
[rosmaster.master][INFO] 2012-12-15 18:02:00,964: -PUB [/tf] /camera_base_link http://pc:47981/
[rosmaster.master][INFO] 2012-12-15 18:02:00,965: publisherUpdate[/tf] -> http://pc:51747/
[rosmaster.master][INFO] 2012-12-15 18:02:00,966: publisherUpdate[/tf] -> http://pc:51747/
[rosmaster.master][INFO] 2012-12-15 18:02:00,966: -SERVICE [/camera_base_link1/set_logger_level] /camera_base_link1 rosrpc://pc:36113
[rosmaster.master][INFO] 2012-12-15 18:02:00,967: publisherUpdate[/rosout] -> http://pc:37349/
[rosmaster.master][INFO] 2012-12-15 18:02:00,968: publisherUpdate[/tf] -> http://pc:51747/
[rosmaster.master][INFO] 2012-12-15 18:02:00,969: -SERVICE [/camera_base_link/get_loggers] /camera_base_link rosrpc://pc:36385
[rosmaster.master][INFO] 2012-12-15 18:02:00,970: publisherUpdate[/rosout] -> http://pc:37349/
[rosmaster.master][INFO] 2012-12-15 18:02:00,970: publisherUpdate[/tf] -> http://pc:51747/
[rosmaster.master][INFO] 2012-12-15 18:02:00,972: -SERVICE [/camera_base_link/set_logger_level] /camera_base_link rosrpc://pc:36385
[rosmaster.master][INFO] 2012-12-15 18:02:01,037: -SUB [/tf] /camera_nodelet_manager http://pc:51747/
[rosmaster.master][INFO] 2012-12-15 18:02:01,040: -SERVICE [/camera_nodelet_manager/tf_frames] /camera_nodelet_manager rosrpc://pc:56493
[rosmaster.master][INFO] 2012-12-15 18:02:01,041: -PUB [/camera/depth/points] /camera_nodelet_manager http://pc:51747/
[rosmaster.master][INFO] 2012-12-15 18:02:01,058: -PUB [/rosout] /camera/depth_registered/rectify_depth http://pc:54652/
[rosmaster.master][INFO] 2012-12-15 18:02:01,061: -SERVICE [/camera/depth_registered/rectify_depth/get_loggers] /camera/depth_registered/rectify_depth rosrpc://pc:57004
[rosmaster.master][INFO] 2012-12-15 18:02:01,063: -SERVICE [/camera/depth_registered/rectify_depth/set_logger_level] /camera/depth_registered/rectify_depth rosrpc://pc:57004
[rosmaster.master][INFO] 2012-12-15 18:02:01,072: publisherUpdate[/rosout] -> http://pc:37349/
[rosmaster.master][INFO] 2012-12-15 18:02:01,145: -PUB [/camera/depth/rectify_depth/parameter_descriptions] /camera_nodelet_manager http://pc:51747/
[rosmaster.master][INFO] 2012-12-15 18:02:01,153: -PUB [/camera/depth/rectify_depth/parameter_updates] /camera_nodelet_manager http://pc:51747/
[rosmaster.master][INFO] 2012-12-15 18:02:01,156: -PUB [/rosout] /camera/depth/points http://pc:59019/
[rosmaster.master][INFO] 2012-12-15 18:02:01,158: -PUB [/rosout] /camera/register_depth_rgb http://pc:45072/
[rosmaster.master][INFO] 2012-12-15 18:02:01,159: -PUB [/rosout] /camera/depth/metric http://pc:42230/
[rosmaster.master][INFO] 2012-12-15 18:02:01,160: -SERVICE [/camera/depth/rectify_depth/set_parameters] /camera_nodelet_manager rosrpc://pc:56493
[rosmaster.master][INFO] 2012-12-15 18:02:01,164: -SERVICE [/camera/depth/points/get_loggers] /camera/depth/points rosrpc://pc:42962
[rosmaster.master][INFO] 2012-12-15 18:02:01,165: -SERVICE [/camera/register_depth_rgb/get_loggers] /camera/register_depth_rgb rosrpc://pc:42301
[rosmaster.master][INFO] 2012-12-15 18:02:01,166: -SERVICE [/camera/depth/metric/get_loggers] /camera/depth/metric rosrpc://pc:38940
[rosmaster.master][INFO] 2012-12-15 18:02:01,167: -PUB [/camera/rgb/rectify_color/parameter_descriptions] /camera_nodelet_manager http://pc:51747/
[rosmaster.master][INFO] 2012-12-15 18:02:01,169: -SERVICE [/camera/depth/points/set_logger_level] /camera/depth/points rosrpc://pc:42962
[rosmaster.master][INFO] 2012-12-15 18:02:01,170: -SERVICE [/camera/register_depth_rgb/set_logger_level] /camera/register_depth_rgb rosrpc://pc:42301
[rosmaster.master][INFO] 2012-12-15 18:02:01,171: -SERVICE [/camera/depth/metric/set_logger_level] /camera/depth/metric rosrpc://pc:38940
[rosmaster.master][INFO] 2012-12-15 18:02:01,172: -PUB [/camera/rgb/rectify_color/parameter_updates] /camera_nodelet_manager http://pc:51747/
[rosmaster.master][INFO] 2012-12-15 18:02:01,173: publisherUpdate[/rosout] -> http://pc:37349/
[rosmaster.master][INFO] 2012-12-15 18:02:01,174: -SERVICE [/camera/rgb/rectify_color/set_parameters] /camera_nodelet_manager rosrpc://pc:56493
[rosmaster.master][INFO] 2012-12-15 18:02:01,175: publisherUpdate[/rosout] -> http://pc:37349/
[rosmaster.master][INFO] 2012-12-15 18:02:01,177: publisherUpdate[/rosout] -> http://pc:37349/
[rosmaster.master][INFO] 2012-12-15 18:02:01,178: -PUB [/camera/rgb/debayer/parameter_descriptions] /camera_nodelet_manager http://pc:51747/
[rosmaster.master][INFO] 2012-12-15 18:02:01,180: -PUB [/camera/rgb/debayer/parameter_updates] /camera_nodelet_manager http://pc:51747/
[rosmaster.master][INFO] 2012-12-15 18:02:01,183: -SERVICE [/camera/rgb/debayer/set_parameters] /camera_nodelet_manager rosrpc://pc:56493
[rosmaster.master][INFO] 2012-12-15 18:02:01,185: -PUB [/camera/ir/rectify_ir/parameter_descriptions] /camera_nodelet_manager http://pc:51747/
[rosmaster.master][INFO] 2012-12-15 18:02:01,187: -PUB [/camera/ir/rectify_ir/parameter_updates] /camera_nodelet_manager http://pc:51747/
[rosmaster.master][INFO] 2012-12-15 18:02:01,188: -SERVICE [/camera/ir/rectify_ir/set_parameters] /camera_nodelet_manager rosrpc://pc:56493
[rosmaster.master][INFO] 2012-12-15 18:02:01,190: -PUB [/camera/rgb/rectify_mono/parameter_descriptions] /camera_nodelet_manager http://pc:51747/
[rosmaster.master][INFO] 2012-12-15 18:02:01,192: -PUB [/camera/rgb/rectify_mono/parameter_updates] /camera_nodelet_manager http://pc:51747/
[rosmaster.master][INFO] 2012-12-15 18:02:01,194: -SERVICE [/camera/rgb/rectify_mono/set_parameters] /camera_nodelet_manager rosrpc://pc:56493
[rosmaster.master][INFO] 2012-12-15 18:02:01,236: -PUB [/rosout] /camera/rgb/debayer http://pc:57924/
[rosmaster.master][INFO] 2012-12-15 18:02:01,242: -SERVICE [/camera/rgb/debayer/get_loggers] /camera/rgb/debayer rosrpc://pc:51947
[rosmaster.master][INFO] 2012-12-15 18:02:01,246: -SERVICE [/camera/rgb/debayer/set_logger_level] /camera/rgb/debayer rosrpc://pc:51947
[rosmaster.master][INFO] 2012-12-15 18:02:01,253: -PUB [/rosout] /camera/depth/metric_rect http://pc:38212/
[rosmaster.master][INFO] 2012-12-15 18:02:01,256: -PUB [/rosout] /camera/depth/rectify_depth http://pc:57014/
[rosmaster.master][INFO] 2012-12-15 18:02:01,264: -SERVICE [/camera/depth/metric_rect/get_loggers] /camera/depth/metric_rect rosrpc://pc:49189
[rosmaster.master][INFO] 2012-12-15 18:02:01,268: -SERVICE [/camera/depth/rectify_depth/get_loggers] /camera/depth/rectify_depth rosrpc://pc:46201
[rosmaster.master][INFO] 2012-12-15 18:02:01,270: -SERVICE [/camera/depth/metric_rect/set_logger_level] /camera/depth/metric_rect rosrpc://pc:49189
[rosmaster.master][INFO] 2012-12-15 18:02:01,273: -SERVICE [/camera/depth/rectify_depth/set_logger_level] /camera/depth/rectify_depth rosrpc://pc:46201
[rosmaster.master][INFO] 2012-12-15 18:02:01,274: publisherUpdate[/rosout] -> http://pc:37349/
[rosmaster.master][INFO] 2012-12-15 18:02:01,277: publisherUpdate[/rosout] -> http://pc:37349/
[rosmaster.master][INFO] 2012-12-15 18:02:01,279: publisherUpdate[/rosout] -> http://pc:37349/
[rosmaster.master][INFO] 2012-12-15 18:02:01,332: -PUB [/rosout] /camera/rgb/rectify_mono http://pc:45217/
[rosmaster.master][INFO] 2012-12-15 18:02:01,335: -PUB [/rosout] /camera/driver http://pc:57896/
[rosmaster.master][INFO] 2012-12-15 18:02:01,337: -SERVICE [/camera/ir/set_camera_info] /camera_nodelet_manager rosrpc://pc:56493
[rosmaster.master][INFO] 2012-12-15 18:02:01,343: -PUB [/rosout] /camera/rgb/rectify_color http://pc:50060/
[rosmaster.master][INFO] 2012-12-15 18:02:01,348: -SERVICE [/camera/rgb/rectify_mono/get_loggers] /camera/rgb/rectify_mono rosrpc://pc:33509
[rosmaster.master][INFO] 2012-12-15 18:02:01,352: -SERVICE [/camera/driver/get_loggers] /camera/driver rosrpc://pc:50450
[rosmaster.master][INFO] 2012-12-15 18:02:01,354: -SERVICE [/camera/rgb/rectify_color/get_loggers] /camera/rgb/rectify_color rosrpc://pc:40342
[rosmaster.master][INFO] 2012-12-15 18:02:01,356: -SERVICE [/camera/rgb/rectify_mono/set_logger_level] /camera/rgb/rectify_mono rosrpc://pc:33509
[rosmaster.master][INFO] 2012-12-15 18:02:01,357: -SERVICE [/camera/rgb/set_camera_info] /camera_nodelet_manager rosrpc://pc:56493
[rosmaster.master][INFO] 2012-12-15 18:02:01,358: -PUB [/rosout] /camera/ir/rectify_ir http://pc:42213/
[rosmaster.master][INFO] 2012-12-15 18:02:01,360: -SERVICE [/camera/rgb/rectify_color/set_logger_level] /camera/rgb/rectify_color rosrpc://pc:40342
[rosmaster.master][INFO] 2012-12-15 18:02:01,361: -SERVICE [/camera/driver/set_logger_level] /camera/driver rosrpc://pc:50450
[rosmaster.master][INFO] 2012-12-15 18:02:01,362: -PUB [/camera/driver/parameter_descriptions] /camera_nodelet_manager http://pc:51747/
[rosmaster.master][INFO] 2012-12-15 18:02:01,364: -SERVICE [/camera/ir/rectify_ir/get_loggers] /camera/ir/rectify_ir rosrpc://pc:41448
[rosmaster.master][INFO] 2012-12-15 18:02:01,366: -PUB [/camera/driver/parameter_updates] /camera_nodelet_manager http://pc:51747/
[rosmaster.master][INFO] 2012-12-15 18:02:01,367: -SERVICE [/camera/ir/rectify_ir/set_logger_level] /camera/ir/rectify_ir rosrpc://pc:41448
[rosmaster.master][INFO] 2012-12-15 18:02:01,368: -SERVICE [/camera/driver/set_parameters] /camera_nodelet_manager rosrpc://pc:56493
[rosmaster.master][INFO] 2012-12-15 18:02:01,380: publisherUpdate[/rosout] -> http://pc:37349/
[rosmaster.master][INFO] 2012-12-15 18:02:01,381: publisherUpdate[/rosout] -> http://pc:37349/
[rosmaster.master][INFO] 2012-12-15 18:02:01,382: publisherUpdate[/rosout] -> http://pc:37349/
[rosmaster.master][INFO] 2012-12-15 18:02:01,383: publisherUpdate[/rosout] -> http://pc:37349/
[rosmaster.master][INFO] 2012-12-15 18:02:01,474: -PUB [/rosout] /camera_nodelet_manager http://pc:51747/
[rosmaster.master][INFO] 2012-12-15 18:02:01,475: -PUB [/camera/depth/image/compressed] /camera_nodelet_manager http://pc:51747/
[rosmaster.master][INFO] 2012-12-15 18:02:01,476: -PUB [/camera/depth/image/compressed/parameter_descriptions] /camera_nodelet_manager http://pc:51747/
[rosmaster.master][INFO] 2012-12-15 18:02:01,477: -PUB [/camera/depth/image/compressed/parameter_updates] /camera_nodelet_manager http://pc:51747/
[rosmaster.master][INFO] 2012-12-15 18:02:01,478: -PUB [/camera/depth/image] /camera_nodelet_manager http://pc:51747/
[rosmaster.master][INFO] 2012-12-15 18:02:01,479: -PUB [/camera/depth/image/theora] /camera_nodelet_manager http://pc:51747/
[rosmaster.master][INFO] 2012-12-15 18:02:01,480: -PUB [/camera/depth/image/theora/parameter_descriptions] /camera_nodelet_manager http://pc:51747/
[rosmaster.master][INFO] 2012-12-15 18:02:01,481: -PUB [/camera/depth/image/theora/parameter_updates] /camera_nodelet_manager http://pc:51747/
[rosmaster.master][INFO] 2012-12-15 18:02:01,482: -PUB [/camera/rgb/image_rect_color/compressed] /camera_nodelet_manager http://pc:51747/
[rosmaster.master][INFO] 2012-12-15 18:02:01,482: publisherUpdate[/rosout] -> http://pc:37349/
[rosmaster.master][INFO] 2012-12-15 18:02:01,484: -PUB [/camera/rgb/image_rect_color/compressed/parameter_descriptions] /camera_nodelet_manager http://pc:51747/
[rosmaster.master][INFO] 2012-12-15 18:02:01,486: -PUB [/camera/rgb/image_rect_color/compressed/parameter_updates] /camera_nodelet_manager http://pc:51747/
[rosmaster.master][INFO] 2012-12-15 18:02:01,487: -PUB [/camera/rgb/image_rect_color] /camera_nodelet_manager http://pc:51747/
[rosmaster.master][INFO] 2012-12-15 18:02:01,488: -PUB [/camera/rgb/image_rect_color/theora] /camera_nodelet_manager http://pc:51747/
[rosmaster.master][INFO] 2012-12-15 18:02:01,489: -PUB [/camera/rgb/image_rect_color/theora/parameter_descriptions] /camera_nodelet_manager http://pc:51747/
[rosmaster.master][INFO] 2012-12-15 18:02:01,490: -PUB [/camera/rgb/image_rect_color/theora/parameter_updates] /camera_nodelet_manager http://pc:51747/
[rosmaster.master][INFO] 2012-12-15 18:02:01,491: -PUB [/camera/ir/image_rect/compressed] /camera_nodelet_manager http://pc:51747/
[rosmaster.master][INFO] 2012-12-15 18:02:01,492: -PUB [/camera/ir/image_rect/compressed/parameter_descriptions] /camera_nodelet_manager http://pc:51747/
[rosmaster.master][INFO] 2012-12-15 18:02:01,493: -PUB [/camera/ir/image_rect/compressed/parameter_updates] /camera_nodelet_manager http://pc:51747/
[rosmaster.master][INFO] 2012-12-15 18:02:01,493: -PUB [/camera/ir/image_rect] /camera_nodelet_manager http://pc:51747/
[rosmaster.master][INFO] 2012-12-15 18:02:01,494: -PUB [/camera/ir/image_rect/theora] /camera_nodelet_manager http://pc:51747/
[rosmaster.master][INFO] 2012-12-15 18:02:01,495: -PUB [/camera/ir/image_rect/theora/parameter_descriptions] /camera_nodelet_manager http://pc:51747/
[rosmaster.master][INFO] 2012-12-15 18:02:01,496: -PUB [/camera/ir/image_rect/theora/parameter_updates] /camera_nodelet_manager http://pc:51747/
[rosmaster.master][INFO] 2012-12-15 18:02:01,497: -PUB [/camera/depth_registered/image_rect/compressed] /camera_nodelet_manager http://pc:51747/
[rosmaster.master][INFO] 2012-12-15 18:02:01,498: -PUB [/camera/depth_registered/image_rect/compressed/parameter_descriptions] /camera_nodelet_manager http://pc:51747/
[rosmaster.master][INFO] 2012-12-15 18:02:01,499: -PUB [/camera/depth_registered/image_rect/compressed/parameter_updates] /camera_nodelet_manager http://pc:51747/
[rosmaster.master][INFO] 2012-12-15 18:02:01,501: -PUB [/camera/depth_registered/image_rect] /camera_nodelet_manager http://pc:51747/
[rosmaster.master][INFO] 2012-12-15 18:02:01,502: -PUB [/camera/depth_registered/image_rect/theora] /camera_nodelet_manager http://pc:51747/
[rosmaster.master][INFO] 2012-12-15 18:02:01,504: -PUB [/camera/depth_registered/image_rect/theora/parameter_descriptions] /camera_nodelet_manager http://pc:51747/
[rosmaster.master][INFO] 2012-12-15 18:02:01,506: -PUB [/camera/depth_registered/image_rect/theora/parameter_updates] /camera_nodelet_manager http://pc:51747/
[rosmaster.master][INFO] 2012-12-15 18:02:01,508: -PUB [/camera/rgb/image_mono/compressed] /camera_nodelet_manager http://pc:51747/
[rosmaster.master][INFO] 2012-12-15 18:02:01,509: -PUB [/camera/rgb/image_mono/compressed/parameter_descriptions] /camera_nodelet_manager http://pc:51747/
[rosmaster.master][INFO] 2012-12-15 18:02:01,510: -PUB [/camera/rgb/image_mono/compressed/parameter_updates] /camera_nodelet_manager http://pc:51747/
[rosmaster.master][INFO] 2012-12-15 18:02:01,511: -PUB [/camera/rgb/image_mono] /camera_nodelet_manager http://pc:51747/
[rosmaster.master][INFO] 2012-12-15 18:02:01,512: -PUB [/camera/rgb/image_mono/theora] /camera_nodelet_manager http://pc:51747/
[rosmaster.master][INFO] 2012-12-15 18:02:01,513: -PUB [/camera/rgb/image_mono/theora/parameter_descriptions] /camera_nodelet_manager http://pc:51747/
[rosmaster.master][INFO] 2012-12-15 18:02:01,514: -PUB [/camera/rgb/image_mono/theora/parameter_updates] /camera_nodelet_manager http://pc:51747/
[rosmaster.master][INFO] 2012-12-15 18:02:01,515: -PUB [/camera/rgb/image_color/compressed] /camera_nodelet_manager http://pc:51747/
[rosmaster.master][INFO] 2012-12-15 18:02:01,516: -PUB [/camera/rgb/image_color/compressed/parameter_descriptions] /camera_nodelet_manager http://pc:51747/
[rosmaster.master][INFO] 2012-12-15 18:02:01,517: -PUB [/camera/rgb/image_color/compressed/parameter_updates] /camera_nodelet_manager http://pc:51747/
[rosmaster.master][INFO] 2012-12-15 18:02:01,519: -PUB [/camera/rgb/image_color] /camera_nodelet_manager http://pc:51747/
[rosmaster.master][INFO] 2012-12-15 18:02:01,519: -PUB [/camera/rgb/image_color/theora] /camera_nodelet_manager http://pc:51747/
[rosmaster.master][INFO] 2012-12-15 18:02:01,520: -PUB [/camera/rgb/image_color/theora/parameter_descriptions] /camera_nodelet_manager http://pc:51747/
[rosmaster.master][INFO] 2012-12-15 18:02:01,521: -PUB [/camera/rgb/image_color/theora/parameter_updates] /camera_nodelet_manager http://pc:51747/
[rosmaster.master][INFO] 2012-12-15 18:02:01,522: -PUB [/camera/depth/image_rect_raw/compressed] /camera_nodelet_manager http://pc:51747/
[rosmaster.master][INFO] 2012-12-15 18:02:01,523: -PUB [/camera/depth/image_rect_raw/compressed/parameter_descriptions] /camera_nodelet_manager http://pc:51747/
[rosmaster.master][INFO] 2012-12-15 18:02:01,524: -PUB [/camera/depth/image_rect_raw/compressed/parameter_updates] /camera_nodelet_manager http://pc:51747/
[rosmaster.master][INFO] 2012-12-15 18:02:01,525: -PUB [/camera/depth/image_rect_raw] /camera_nodelet_manager http://pc:51747/
[rosmaster.master][INFO] 2012-12-15 18:02:01,526: -PUB [/camera/depth/image_rect_raw/theora] /camera_nodelet_manager http://pc:51747/
[rosmaster.master][INFO] 2012-12-15 18:02:01,527: -PUB [/camera/depth/image_rect_raw/theora/parameter_descriptions] /camera_nodelet_manager http://pc:51747/
[rosmaster.master][INFO] 2012-12-15 18:02:01,527: -PUB [/camera/depth/image_rect_raw/theora/parameter_updates] /camera_nodelet_manager http://pc:51747/
[rosmaster.master][INFO] 2012-12-15 18:02:01,528: -PUB [/camera/rgb/image_rect/compressed] /camera_nodelet_manager http://pc:51747/
[rosmaster.master][INFO] 2012-12-15 18:02:01,529: -PUB [/camera/rgb/image_rect/compressed/parameter_descriptions] /camera_nodelet_manager http://pc:51747/
[rosmaster.master][INFO] 2012-12-15 18:02:01,530: -PUB [/camera/rgb/image_rect/compressed/parameter_updates] /camera_nodelet_manager http://pc:51747/
[rosmaster.master][INFO] 2012-12-15 18:02:01,531: -PUB [/camera/rgb/image_rect] /camera_nodelet_manager http://pc:51747/
[rosmaster.master][INFO] 2012-12-15 18:02:01,533: -PUB [/camera/rgb/image_rect/theora] /camera_nodelet_manager http://pc:51747/
[rosmaster.master][INFO] 2012-12-15 18:02:01,534: -PUB [/camera/rgb/image_rect/theora/parameter_descriptions] /camera_nodelet_manager http://pc:51747/
[rosmaster.master][INFO] 2012-12-15 18:02:01,537: -PUB [/camera/rgb/image_rect/theora/parameter_updates] /camera_nodelet_manager http://pc:51747/
[rosmaster.master][INFO] 2012-12-15 18:02:01,538: -PUB [/camera/depth/image_rect/compressed] /camera_nodelet_manager http://pc:51747/
[rosmaster.master][INFO] 2012-12-15 18:02:01,540: -PUB [/camera/depth/image_rect/compressed/parameter_descriptions] /camera_nodelet_manager http://pc:51747/
[rosmaster.master][INFO] 2012-12-15 18:02:01,542: -PUB [/camera/depth/image_rect/compressed/parameter_updates] /camera_nodelet_manager http://pc:51747/
[rosmaster.master][INFO] 2012-12-15 18:02:01,543: -PUB [/camera/depth/image_rect] /camera_nodelet_manager http://pc:51747/
[rosmaster.master][INFO] 2012-12-15 18:02:01,544: -PUB [/camera/depth/image_rect/theora] /camera_nodelet_manager http://pc:51747/
[rosmaster.master][INFO] 2012-12-15 18:02:01,545: -PUB [/camera/depth/image_rect/theora/parameter_descriptions] /camera_nodelet_manager http://pc:51747/
[rosmaster.master][INFO] 2012-12-15 18:02:01,546: -PUB [/camera/depth/image_rect/theora/parameter_updates] /camera_nodelet_manager http://pc:51747/
[rosmaster.master][INFO] 2012-12-15 18:02:01,548: -PUB [/camera/depth_registered/image/compressed] /camera_nodelet_manager http://pc:51747/
[rosmaster.master][INFO] 2012-12-15 18:02:01,549: -PUB [/camera/depth_registered/image/compressed/parameter_descriptions] /camera_nodelet_manager http://pc:51747/
[rosmaster.master][INFO] 2012-12-15 18:02:01,551: -PUB [/camera/depth_registered/image/compressed/parameter_updates] /camera_nodelet_manager http://pc:51747/
[rosmaster.master][INFO] 2012-12-15 18:02:01,552: -PUB [/camera/depth_registered/image] /camera_nodelet_manager http://pc:51747/
[rosmaster.master][INFO] 2012-12-15 18:02:01,553: -PUB [/camera/depth_registered/image/theora] /camera_nodelet_manager http://pc:51747/
[rosmaster.master][INFO] 2012-12-15 18:02:01,554: -PUB [/camera/depth_registered/image/theora/parameter_descriptions] /camera_nodelet_manager http://pc:51747/
[rosmaster.master][INFO] 2012-12-15 18:02:01,555: -PUB [/camera/depth_registered/image/theora/parameter_updates] /camera_nodelet_manager http://pc:51747/
[rosmaster.master][INFO] 2012-12-15 18:02:01,556: -PUB [/camera/rgb/image_raw/compressed] /camera_nodelet_manager http://pc:51747/
[rosmaster.master][INFO] 2012-12-15 18:02:01,556: -PUB [/camera/rgb/image_raw/compressed/parameter_descriptions] /camera_nodelet_manager http://pc:51747/
[rosmaster.master][INFO] 2012-12-15 18:02:01,557: -PUB [/camera/rgb/image_raw/compressed/parameter_updates] /camera_nodelet_manager http://pc:51747/
[rosmaster.master][INFO] 2012-12-15 18:02:01,558: -PUB [/camera/depth_registered/image_rect_raw/compressed] /camera_nodelet_manager http://pc:51747/
[rosmaster.master][INFO] 2012-12-15 18:02:01,559: -PUB [/camera/depth_registered/image_rect_raw/compressed/parameter_descriptions] /camera_nodelet_manager http://pc:51747/
[rosmaster.master][INFO] 2012-12-15 18:02:01,560: -PUB [/camera/depth_registered/image_rect_raw/compressed/parameter_updates] /camera_nodelet_manager http://pc:51747/
[rosmaster.master][INFO] 2012-12-15 18:02:01,564: -PUB [/camera/rgb/image_raw] /camera_nodelet_manager http://pc:51747/
[rosmaster.master][INFO] 2012-12-15 18:02:01,565: -PUB [/camera/rgb/image_raw/theora] /camera_nodelet_manager http://pc:51747/
[rosmaster.master][INFO] 2012-12-15 18:02:01,567: -PUB [/camera/rgb/image_raw/theora/parameter_descriptions] /camera_nodelet_manager http://pc:51747/
[rosmaster.master][INFO] 2012-12-15 18:02:01,568: -PUB [/camera/rgb/image_raw/theora/parameter_updates] /camera_nodelet_manager http://pc:51747/
[rosmaster.master][INFO] 2012-12-15 18:02:01,569: -PUB [/camera/depth_registered/image_rect_raw] /camera_nodelet_manager http://pc:51747/
[rosmaster.master][INFO] 2012-12-15 18:02:01,571: -PUB [/camera/depth_registered/image_rect_raw/theora] /camera_nodelet_manager http://pc:51747/
[rosmaster.master][INFO] 2012-12-15 18:02:01,572: -PUB [/camera/depth_registered/image_rect_raw/theora/parameter_descriptions] /camera_nodelet_manager http://pc:51747/
[rosmaster.master][INFO] 2012-12-15 18:02:01,573: -PUB [/camera/depth_registered/image_rect_raw/theora/parameter_updates] /camera_nodelet_manager http://pc:51747/
[rosmaster.master][INFO] 2012-12-15 18:02:01,574: -PUB [/camera/rgb/camera_info] /camera_nodelet_manager http://pc:51747/
[rosmaster.master][INFO] 2012-12-15 18:02:01,575: -PUB [/camera/ir/image_raw/compressed] /camera_nodelet_manager http://pc:51747/
[rosmaster.master][INFO] 2012-12-15 18:02:01,576: -PUB [/camera/ir/image_raw/compressed/parameter_descriptions] /camera_nodelet_manager http://pc:51747/
[rosmaster.master][INFO] 2012-12-15 18:02:01,577: -PUB [/camera/ir/image_raw/compressed/parameter_updates] /camera_nodelet_manager http://pc:51747/
[rosmaster.master][INFO] 2012-12-15 18:02:01,578: -PUB [/camera/ir/image_raw] /camera_nodelet_manager http://pc:51747/
[rosmaster.master][INFO] 2012-12-15 18:02:01,579: -PUB [/camera/ir/image_raw/theora] /camera_nodelet_manager http://pc:51747/
[rosmaster.master][INFO] 2012-12-15 18:02:01,581: -PUB [/camera/ir/image_raw/theora/parameter_descriptions] /camera_nodelet_manager http://pc:51747/
[rosmaster.master][INFO] 2012-12-15 18:02:01,582: -PUB [/camera/ir/image_raw/theora/parameter_updates] /camera_nodelet_manager http://pc:51747/
[rosmaster.master][INFO] 2012-12-15 18:02:01,583: -PUB [/camera/ir/camera_info] /camera_nodelet_manager http://pc:51747/
[rosmaster.master][INFO] 2012-12-15 18:02:01,584: -PUB [/camera/depth/image_raw/compressed] /camera_nodelet_manager http://pc:51747/
[rosmaster.master][INFO] 2012-12-15 18:02:01,585: -PUB [/camera/depth/image_raw/compressed/parameter_descriptions] /camera_nodelet_manager http://pc:51747/
[rosmaster.master][INFO] 2012-12-15 18:02:01,586: -PUB [/camera/depth/image_raw/compressed/parameter_updates] /camera_nodelet_manager http://pc:51747/
[rosmaster.master][INFO] 2012-12-15 18:02:01,587: -PUB [/camera/depth/image_raw] /camera_nodelet_manager http://pc:51747/
[rosmaster.master][INFO] 2012-12-15 18:02:01,588: -PUB [/camera/depth/image_raw/theora] /camera_nodelet_manager http://pc:51747/
[rosmaster.master][INFO] 2012-12-15 18:02:01,588: -PUB [/camera/depth/image_raw/theora/parameter_descriptions] /camera_nodelet_manager http://pc:51747/
[rosmaster.master][INFO] 2012-12-15 18:02:01,589: -PUB [/camera/depth/image_raw/theora/parameter_updates] /camera_nodelet_manager http://pc:51747/
[rosmaster.master][INFO] 2012-12-15 18:02:01,590: -PUB [/camera/depth/camera_info] /camera_nodelet_manager http://pc:51747/
[rosmaster.master][INFO] 2012-12-15 18:02:01,591: -PUB [/camera/projector/camera_info] /camera_nodelet_manager http://pc:51747/
[rosmaster.master][INFO] 2012-12-15 18:02:01,592: -PUB [/camera/depth_registered/image_raw/compressed] /camera_nodelet_manager http://pc:51747/
[rosmaster.master][INFO] 2012-12-15 18:02:01,593: -PUB [/camera/depth_registered/image_raw/compressed/parameter_descriptions] /camera_nodelet_manager http://pc:51747/
[rosmaster.master][INFO] 2012-12-15 18:02:01,594: -PUB [/camera/depth_registered/image_raw/compressed/parameter_updates] /camera_nodelet_manager http://pc:51747/
[rosmaster.master][INFO] 2012-12-15 18:02:01,595: -PUB [/camera/depth_registered/image_raw] /camera_nodelet_manager http://pc:51747/
[rosmaster.master][INFO] 2012-12-15 18:02:01,596: -PUB [/camera/depth_registered/image_raw/theora] /camera_nodelet_manager http://pc:51747/
[rosmaster.master][INFO] 2012-12-15 18:02:01,597: -PUB [/camera/depth_registered/image_raw/theora/parameter_descriptions] /camera_nodelet_manager http://pc:51747/
[rosmaster.master][INFO] 2012-12-15 18:02:01,598: -PUB [/camera/depth_registered/image_raw/theora/parameter_updates] /camera_nodelet_manager http://pc:51747/
[rosmaster.master][INFO] 2012-12-15 18:02:01,599: -PUB [/camera/depth_registered/camera_info] /camera_nodelet_manager http://pc:51747/
[rosmaster.master][INFO] 2012-12-15 18:02:01,600: -SERVICE [/camera_nodelet_manager/get_loggers] /camera_nodelet_manager rosrpc://pc:56493
[rosmaster.master][INFO] 2012-12-15 18:02:01,601: -SERVICE [/camera_nodelet_manager/set_logger_level] /camera_nodelet_manager rosrpc://pc:56493
[rosmaster.master][INFO] 2012-12-15 18:02:01,602: -SERVICE [/camera_nodelet_manager/load_nodelet] /camera_nodelet_manager rosrpc://pc:56493
[rosmaster.master][INFO] 2012-12-15 18:02:01,603: -SERVICE [/camera_nodelet_manager/unload_nodelet] /camera_nodelet_manager rosrpc://pc:56493
[rosmaster.master][INFO] 2012-12-15 18:02:01,604: -SERVICE [/camera_nodelet_manager/list] /camera_nodelet_manager rosrpc://pc:56493
[rosmaster.master][INFO] 2012-12-15 18:02:01,605: -SERVICE [/camera/depth/image/compressed/set_parameters] /camera_nodelet_manager rosrpc://pc:56493
[rosmaster.master][INFO] 2012-12-15 18:02:01,606: -SERVICE [/camera/depth/image/theora/set_parameters] /camera_nodelet_manager rosrpc://pc:56493
[rosmaster.master][INFO] 2012-12-15 18:02:01,607: -SERVICE [/camera/rgb/image_rect_color/compressed/set_parameters] /camera_nodelet_manager rosrpc://pc:56493
[rosmaster.master][INFO] 2012-12-15 18:02:01,608: -SERVICE [/camera/rgb/image_rect_color/theora/set_parameters] /camera_nodelet_manager rosrpc://pc:56493
[rosmaster.master][INFO] 2012-12-15 18:02:01,608: -SERVICE [/camera/ir/image_rect/compressed/set_parameters] /camera_nodelet_manager rosrpc://pc:56493
[rosmaster.master][INFO] 2012-12-15 18:02:01,609: -SERVICE [/camera/ir/image_rect/theora/set_parameters] /camera_nodelet_manager rosrpc://pc:56493
[rosmaster.master][INFO] 2012-12-15 18:02:01,610: -SERVICE [/camera/depth_registered/image_rect/compressed/set_parameters] /camera_nodelet_manager rosrpc://pc:56493
[rosmaster.master][INFO] 2012-12-15 18:02:01,611: -SERVICE [/camera/depth_registered/image_rect/theora/set_parameters] /camera_nodelet_manager rosrpc://pc:56493
[rosmaster.master][INFO] 2012-12-15 18:02:01,612: -SERVICE [/camera/rgb/image_mono/compressed/set_parameters] /camera_nodelet_manager rosrpc://pc:56493
[rosmaster.master][INFO] 2012-12-15 18:02:01,613: -SERVICE [/camera/rgb/image_mono/theora/set_parameters] /camera_nodelet_manager rosrpc://pc:56493
[rosmaster.master][INFO] 2012-12-15 18:02:01,614: -SERVICE [/camera/rgb/image_color/compressed/set_parameters] /camera_nodelet_manager rosrpc://pc:56493
[rosmaster.master][INFO] 2012-12-15 18:02:01,615: -SERVICE [/camera/rgb/image_color/theora/set_parameters] /camera_nodelet_manager rosrpc://pc:56493
[rosmaster.master][INFO] 2012-12-15 18:02:01,616: -SERVICE [/camera/depth/image_rect_raw/compressed/set_parameters] /camera_nodelet_manager rosrpc://pc:56493
[rosmaster.master][INFO] 2012-12-15 18:02:01,616: -SERVICE [/camera/depth/image_rect_raw/theora/set_parameters] /camera_nodelet_manager rosrpc://pc:56493
[rosmaster.master][INFO] 2012-12-15 18:02:01,617: -SERVICE [/camera/rgb/image_rect/compressed/set_parameters] /camera_nodelet_manager rosrpc://pc:56493
[rosmaster.master][INFO] 2012-12-15 18:02:01,618: -SERVICE [/camera/rgb/image_rect/theora/set_parameters] /camera_nodelet_manager rosrpc://pc:56493
[rosmaster.master][INFO] 2012-12-15 18:02:01,619: -SERVICE [/camera/depth/image_rect/compressed/set_parameters] /camera_nodelet_manager rosrpc://pc:56493
[rosmaster.master][INFO] 2012-12-15 18:02:01,620: -SERVICE [/camera/depth/image_rect/theora/set_parameters] /camera_nodelet_manager rosrpc://pc:56493
[rosmaster.master][INFO] 2012-12-15 18:02:01,621: -SERVICE [/camera/depth_registered/image/compressed/set_parameters] /camera_nodelet_manager rosrpc://pc:56493
[rosmaster.master][INFO] 2012-12-15 18:02:01,623: -SERVICE [/camera/depth_registered/image/theora/set_parameters] /camera_nodelet_manager rosrpc://pc:56493
[rosmaster.master][INFO] 2012-12-15 18:02:01,624: -SERVICE [/camera/rgb/image_raw/compressed/set_parameters] /camera_nodelet_manager rosrpc://pc:56493
[rosmaster.master][INFO] 2012-12-15 18:02:01,626: -SERVICE [/camera/depth_registered/image_rect_raw/compressed/set_parameters] /camera_nodelet_manager rosrpc://pc:56493
[rosmaster.master][INFO] 2012-12-15 18:02:01,627: -SERVICE [/camera/rgb/image_raw/theora/set_parameters] /camera_nodelet_manager rosrpc://pc:56493
[rosmaster.master][INFO] 2012-12-15 18:02:01,629: -SERVICE [/camera/depth_registered/image_rect_raw/theora/set_parameters] /camera_nodelet_manager rosrpc://pc:56493
[rosmaster.master][INFO] 2012-12-15 18:02:01,630: -SERVICE [/camera/ir/image_raw/compressed/set_parameters] /camera_nodelet_manager rosrpc://pc:56493
[rosmaster.master][INFO] 2012-12-15 18:02:01,631: -SERVICE [/camera/ir/image_raw/theora/set_parameters] /camera_nodelet_manager rosrpc://pc:56493
[rosmaster.master][INFO] 2012-12-15 18:02:01,632: -SERVICE [/camera/depth/image_raw/compressed/set_parameters] /camera_nodelet_manager rosrpc://pc:56493
[rosmaster.master][INFO] 2012-12-15 18:02:01,633: -SERVICE [/camera/depth/image_raw/theora/set_parameters] /camera_nodelet_manager rosrpc://pc:56493
[rosmaster.master][INFO] 2012-12-15 18:02:01,634: -SERVICE [/camera/depth_registered/image_raw/compressed/set_parameters] /camera_nodelet_manager rosrpc://pc:56493
[rosmaster.master][INFO] 2012-12-15 18:02:01,635: -SERVICE [/camera/depth_registered/image_raw/theora/set_parameters] /camera_nodelet_manager rosrpc://pc:56493
[rosmaster.master][INFO] 2012-12-15 18:02:01,884: -PUB [/rosout_agg] /rosout http://pc:37349/
[rosmaster.master][INFO] 2012-12-15 18:02:01,885: -SUB [/rosout] /rosout http://pc:37349/
[rosmaster.master][INFO] 2012-12-15 18:02:01,886: -SERVICE [/rosout/get_loggers] /rosout rosrpc://pc:53070
[rosmaster.master][INFO] 2012-12-15 18:02:01,887: -SERVICE [/rosout/set_logger_level] /rosout rosrpc://pc:53070
[rosmaster.main][INFO] 2012-12-15 18:02:01,939: keyboard interrupt, will exit
[rosmaster.main][INFO] 2012-12-15 18:02:01,940: stopping master...
