[rosmaster.main][INFO] 2012-12-16 00:47:56,113: initialization complete, waiting for shutdown
[rosmaster.main][INFO] 2012-12-16 00:47:56,114: Starting ROS Master Node
[xmlrpc][INFO] 2012-12-16 00:47:56,114: XML-RPC server binding to 0.0.0.0
[xmlrpc][INFO] 2012-12-16 00:47:56,115: Started XML-RPC server [http://pc:11311/]
[rosmaster.master][INFO] 2012-12-16 00:47:56,116: Master initialized: port[11311], uri[http://pc:11311/]
[xmlrpc][INFO] 2012-12-16 00:47:56,116: xml rpc node: starting XML-RPC server
[rosmaster.master][INFO] 2012-12-16 00:47:56,226: +PARAM [/run_id] by /roslaunch
[rosmaster.master][INFO] 2012-12-16 00:47:56,231: +PARAM [/roslaunch/uris/host_pc__48744] by /roslaunch
[rosmaster.master][INFO] 2012-12-16 00:47:56,258: +PARAM [/rosdistro] by /roslaunch
[rosmaster.master][INFO] 2012-12-16 00:47:56,258: +PARAM [/camera/driver/rgb_frame_id] by /roslaunch
[rosmaster.master][INFO] 2012-12-16 00:47:56,258: +PARAM [/camera/disparity_depth_registered/min_range] by /roslaunch
[rosmaster.master][INFO] 2012-12-16 00:47:56,259: +PARAM [/camera/driver/rgb_camera_info_url] by /roslaunch
[rosmaster.master][INFO] 2012-12-16 00:47:56,259: +PARAM [/camera/depth_registered/rectify_depth/interpolation] by /roslaunch
[rosmaster.master][INFO] 2012-12-16 00:47:56,259: +PARAM [/camera/driver/depth_frame_id] by /roslaunch
[rosmaster.master][INFO] 2012-12-16 00:47:56,259: +PARAM [/camera/depth/rectify_depth/interpolation] by /roslaunch
[rosmaster.master][INFO] 2012-12-16 00:47:56,259: +PARAM [/camera/disparity_depth/max_range] by /roslaunch
[rosmaster.master][INFO] 2012-12-16 00:47:56,260: +PARAM [/rosversion] by /roslaunch
[rosmaster.master][INFO] 2012-12-16 00:47:56,260: +PARAM [/camera/driver/device_id] by /roslaunch
[rosmaster.master][INFO] 2012-12-16 00:47:56,260: +PARAM [/camera/driver/depth_camera_info_url] by /roslaunch
[rosmaster.master][INFO] 2012-12-16 00:47:56,260: +PARAM [/camera/disparity_depth/min_range] by /roslaunch
[rosmaster.master][INFO] 2012-12-16 00:47:56,261: +PARAM [/camera/disparity_depth_registered/max_range] by /roslaunch
[rosmaster.master][INFO] 2012-12-16 00:47:56,264: +SERVICE [/rosout/get_loggers] /rosout http://pc:60520/
[rosmaster.master][INFO] 2012-12-16 00:47:56,267: +SERVICE [/rosout/set_logger_level] /rosout http://pc:60520/
[rosmaster.master][INFO] 2012-12-16 00:47:56,271: +PUB [/rosout_agg] /rosout http://pc:60520/
[rosmaster.master][INFO] 2012-12-16 00:47:56,272: +SUB [/rosout] /rosout http://pc:60520/
[rosmaster.master][INFO] 2012-12-16 00:47:56,300: +PUB [/rosout] /camera/driver http://pc:45896/
[rosmaster.master][INFO] 2012-12-16 00:47:56,307: +PUB [/rosout] /camera/rgb/debayer http://pc:55061/
[rosmaster.master][INFO] 2012-12-16 00:47:56,309: +SERVICE [/camera/rgb/debayer/get_loggers] /camera/rgb/debayer http://pc:55061/
[rosmaster.master][INFO] 2012-12-16 00:47:56,319: publisherUpdate[/rosout] -> http://pc:60520/
[rosmaster.master][INFO] 2012-12-16 00:47:56,331: publisherUpdate[/rosout] -> http://pc:60520/
[rosmaster.master][INFO] 2012-12-16 00:47:56,319: +SERVICE [/camera/driver/get_loggers] /camera/driver http://pc:45896/
[rosmaster.master][INFO] 2012-12-16 00:47:56,333: +SERVICE [/camera/rgb/debayer/set_logger_level] /camera/rgb/debayer http://pc:55061/
[rosmaster.master][INFO] 2012-12-16 00:47:56,333: +PUB [/rosout] /camera/rgb/rectify_mono http://pc:55324/
[rosmaster.master][INFO] 2012-12-16 00:47:56,338: +SERVICE [/camera/rgb/rectify_mono/get_loggers] /camera/rgb/rectify_mono http://pc:55324/
[rosmaster.master][INFO] 2012-12-16 00:47:56,339: +SERVICE [/camera/driver/set_logger_level] /camera/driver http://pc:45896/
[rosmaster.master][INFO] 2012-12-16 00:47:56,344: +PUB [/rosout] /camera/rgb/rectify_color http://pc:51297/
[rosmaster.master][INFO] 2012-12-16 00:47:56,347: +SERVICE [/camera/rgb/rectify_mono/set_logger_level] /camera/rgb/rectify_mono http://pc:55324/
[rosmaster.master][INFO] 2012-12-16 00:47:56,352: +SERVICE [/camera/rgb/rectify_color/get_loggers] /camera/rgb/rectify_color http://pc:51297/
[rosmaster.master][INFO] 2012-12-16 00:47:56,365: +SERVICE [/camera/rgb/rectify_color/set_logger_level] /camera/rgb/rectify_color http://pc:51297/
[rosmaster.master][INFO] 2012-12-16 00:47:56,367: +PUB [/rosout] /camera/ir/rectify_ir http://pc:48269/
[rosmaster.master][INFO] 2012-12-16 00:47:56,369: +PARAM [/camera/driver] by /camera/driver
[rosmaster.master][INFO] 2012-12-16 00:47:56,375: +PUB [/rosout] /camera/depth/rectify_depth http://pc:39910/
[rosmaster.master][INFO] 2012-12-16 00:47:56,387: +SERVICE [/camera/ir/rectify_ir/get_loggers] /camera/ir/rectify_ir http://pc:48269/
[rosmaster.master][INFO] 2012-12-16 00:47:56,389: +SERVICE [/camera/depth/rectify_depth/get_loggers] /camera/depth/rectify_depth http://pc:39910/
[rosmaster.master][INFO] 2012-12-16 00:47:56,394: +SERVICE [/camera/ir/rectify_ir/set_logger_level] /camera/ir/rectify_ir http://pc:48269/
[rosmaster.master][INFO] 2012-12-16 00:47:56,397: +SERVICE [/camera/depth/rectify_depth/set_logger_level] /camera/depth/rectify_depth http://pc:39910/
[rosmaster.master][INFO] 2012-12-16 00:47:56,399: +PUB [/rosout] /camera/depth/metric http://pc:51232/
[rosmaster.master][INFO] 2012-12-16 00:47:56,406: +SERVICE [/camera/depth/metric/get_loggers] /camera/depth/metric http://pc:51232/
[rosmaster.master][INFO] 2012-12-16 00:47:56,411: +SERVICE [/camera/depth/metric/set_logger_level] /camera/depth/metric http://pc:51232/
[rosmaster.master][INFO] 2012-12-16 00:47:56,415: +PARAM [/camera/depth/rectify_depth] by /camera/depth/rectify_depth
[rosmaster.master][INFO] 2012-12-16 00:47:56,426: publisherUpdate[/rosout] -> http://pc:60520/
[rosmaster.master][INFO] 2012-12-16 00:47:56,429: publisherUpdate[/rosout] -> http://pc:60520/
[rosmaster.master][INFO] 2012-12-16 00:47:56,431: publisherUpdate[/rosout] -> http://pc:60520/
[rosmaster.master][INFO] 2012-12-16 00:47:56,433: publisherUpdate[/rosout] -> http://pc:60520/
[rosmaster.master][INFO] 2012-12-16 00:47:56,434: publisherUpdate[/rosout] -> http://pc:60520/
[rosmaster.master][INFO] 2012-12-16 00:47:56,436: +PUB [/rosout] /camera/register_depth_rgb http://pc:43786/
[rosmaster.master][INFO] 2012-12-16 00:47:56,445: +PUB [/rosout] /camera/depth_registered/rectify_depth http://pc:51777/
[rosmaster.master][INFO] 2012-12-16 00:47:56,449: +SERVICE [/camera/register_depth_rgb/get_loggers] /camera/register_depth_rgb http://pc:43786/
[rosmaster.master][INFO] 2012-12-16 00:47:56,452: +SERVICE [/camera/depth_registered/rectify_depth/get_loggers] /camera/depth_registered/rectify_depth http://pc:51777/
[rosmaster.master][INFO] 2012-12-16 00:47:56,455: +SERVICE [/camera/register_depth_rgb/set_logger_level] /camera/register_depth_rgb http://pc:43786/
[rosmaster.master][INFO] 2012-12-16 00:47:56,458: +SERVICE [/camera/depth_registered/rectify_depth/set_logger_level] /camera/depth_registered/rectify_depth http://pc:51777/
[rosmaster.master][INFO] 2012-12-16 00:47:56,460: +PUB [/rosout] /camera/depth_registered/metric http://pc:50324/
[rosmaster.master][INFO] 2012-12-16 00:47:56,481: +SERVICE [/camera/depth_registered/metric/get_loggers] /camera/depth_registered/metric http://pc:50324/
[rosmaster.master][INFO] 2012-12-16 00:47:56,497: +PARAM [/camera/depth_registered/rectify_depth] by /camera/depth_registered/rectify_depth
[rosmaster.master][INFO] 2012-12-16 00:47:56,498: +PUB [/rosout] /camera/points_xyzrgb_depth_rgb http://pc:43190/
[rosmaster.master][INFO] 2012-12-16 00:47:56,503: +PUB [/rosout] /camera/disparity_depth http://pc:48706/
[rosmaster.master][INFO] 2012-12-16 00:47:56,510: +SERVICE [/camera/points_xyzrgb_depth_rgb/get_loggers] /camera/points_xyzrgb_depth_rgb http://pc:43190/
[rosmaster.master][INFO] 2012-12-16 00:47:56,522: +SERVICE [/camera/points_xyzrgb_depth_rgb/set_logger_level] /camera/points_xyzrgb_depth_rgb http://pc:43190/
[rosmaster.master][INFO] 2012-12-16 00:47:56,524: +SERVICE [/camera/disparity_depth/get_loggers] /camera/disparity_depth http://pc:48706/
[rosmaster.master][INFO] 2012-12-16 00:47:56,526: +PUB [/rosout] /camera_base_link http://pc:46394/
[rosmaster.master][INFO] 2012-12-16 00:47:56,530: publisherUpdate[/rosout] -> http://pc:60520/
[rosmaster.master][INFO] 2012-12-16 00:47:56,534: publisherUpdate[/rosout] -> http://pc:60520/
[rosmaster.master][INFO] 2012-12-16 00:47:56,535: publisherUpdate[/rosout] -> http://pc:60520/
[rosmaster.master][INFO] 2012-12-16 00:47:56,542: publisherUpdate[/rosout] -> http://pc:60520/
[rosmaster.master][INFO] 2012-12-16 00:47:56,543: +SERVICE [/camera_base_link/get_loggers] /camera_base_link http://pc:46394/
[rosmaster.master][INFO] 2012-12-16 00:47:56,545: publisherUpdate[/rosout] -> http://pc:60520/
[rosmaster.master][INFO] 2012-12-16 00:47:56,547: publisherUpdate[/rosout] -> http://pc:60520/
[rosmaster.master][INFO] 2012-12-16 00:47:56,551: +SERVICE [/camera/disparity_depth/set_logger_level] /camera/disparity_depth http://pc:48706/
[rosmaster.master][INFO] 2012-12-16 00:47:56,563: +PUB [/rosout] /camera_base_link2 http://pc:33135/
[rosmaster.master][INFO] 2012-12-16 00:47:56,564: +PUB [/rosout] /camera_base_link3 http://pc:50782/
[rosmaster.master][INFO] 2012-12-16 00:47:56,568: +SERVICE [/camera_base_link2/get_loggers] /camera_base_link2 http://pc:33135/
[rosmaster.master][INFO] 2012-12-16 00:47:56,569: +SERVICE [/camera_base_link3/get_loggers] /camera_base_link3 http://pc:50782/
[rosmaster.master][INFO] 2012-12-16 00:47:56,570: +PARAM [/camera/disparity_depth] by /camera/disparity_depth
[rosmaster.master][INFO] 2012-12-16 00:47:56,571: +SERVICE [/camera_base_link2/set_logger_level] /camera_base_link2 http://pc:33135/
[rosmaster.master][INFO] 2012-12-16 00:47:56,572: +SERVICE [/camera_base_link3/set_logger_level] /camera_base_link3 http://pc:50782/
[rosmaster.master][INFO] 2012-12-16 00:47:56,579: +PUB [/tf] /camera_base_link2 http://pc:33135/
[rosmaster.master][INFO] 2012-12-16 00:47:56,583: +PUB [/tf] /camera_base_link3 http://pc:50782/
[rosmaster.master][INFO] 2012-12-16 00:47:56,591: +PUB [/rosout] /camera/depth/metric_rect http://pc:58603/
[rosmaster.master][INFO] 2012-12-16 00:47:56,599: +SERVICE [/camera/depth/metric_rect/get_loggers] /camera/depth/metric_rect http://pc:58603/
[rosmaster.master][INFO] 2012-12-16 00:47:56,600: +PUB [/rosout] /camera/depth/points http://pc:40159/
[rosmaster.master][INFO] 2012-12-16 00:47:56,602: +SERVICE [/camera/depth/metric_rect/set_logger_level] /camera/depth/metric_rect http://pc:58603/
[rosmaster.master][INFO] 2012-12-16 00:47:56,609: +SERVICE [/camera/depth/points/get_loggers] /camera/depth/points http://pc:40159/
[rosmaster.master][INFO] 2012-12-16 00:47:56,613: +SERVICE [/camera/depth/points/set_logger_level] /camera/depth/points http://pc:40159/
[rosmaster.master][INFO] 2012-12-16 00:47:56,634: publisherUpdate[/rosout] -> http://pc:60520/
[rosmaster.master][INFO] 2012-12-16 00:47:56,639: publisherUpdate[/rosout] -> http://pc:60520/
[rosmaster.master][INFO] 2012-12-16 00:47:56,641: publisherUpdate[/rosout] -> http://pc:60520/
[rosmaster.master][INFO] 2012-12-16 00:47:56,654: publisherUpdate[/rosout] -> http://pc:60520/
[rosmaster.master][INFO] 2012-12-16 00:47:56,700: +PUB [/rosout] /camera_nodelet_manager http://pc:52070/
[rosmaster.master][INFO] 2012-12-16 00:47:56,703: +SERVICE [/camera_nodelet_manager/get_loggers] /camera_nodelet_manager http://pc:52070/
[rosmaster.master][INFO] 2012-12-16 00:47:56,704: +SERVICE [/camera_nodelet_manager/set_logger_level] /camera_nodelet_manager http://pc:52070/
[rosmaster.master][INFO] 2012-12-16 00:47:56,706: +SERVICE [/camera_nodelet_manager/load_nodelet] /camera_nodelet_manager http://pc:52070/
[rosmaster.master][INFO] 2012-12-16 00:47:56,707: +SERVICE [/camera_nodelet_manager/unload_nodelet] /camera_nodelet_manager http://pc:52070/
[rosmaster.master][INFO] 2012-12-16 00:47:56,708: +SERVICE [/camera_nodelet_manager/list] /camera_nodelet_manager http://pc:52070/
[rosmaster.master][INFO] 2012-12-16 00:47:56,739: publisherUpdate[/rosout] -> http://pc:60520/
[rosmaster.master][INFO] 2012-12-16 00:47:56,992: +PUB [/rosout] /set_dr http://pc:39662/
[rosmaster.master][INFO] 2012-12-16 00:47:57,043: publisherUpdate[/rosout] -> http://pc:60520/
[rosmaster.master][INFO] 2012-12-16 00:47:57,058: +PUB [/camera/depth/image_rect/compressed] /camera_nodelet_manager http://pc:52070/
[rosmaster.master][INFO] 2012-12-16 00:47:57,059: +SERVICE [/camera/depth/image_rect/compressed/set_parameters] /camera_nodelet_manager http://pc:52070/
[rosmaster.master][INFO] 2012-12-16 00:47:57,060: +PUB [/camera/depth/image_rect/compressed/parameter_descriptions] /camera_nodelet_manager http://pc:52070/
[rosmaster.master][INFO] 2012-12-16 00:47:57,061: +PUB [/camera/depth/image_rect/compressed/parameter_updates] /camera_nodelet_manager http://pc:52070/
[rosmaster.master][INFO] 2012-12-16 00:47:57,065: +PARAM [/camera/depth/image_rect/compressed/format] by /camera_nodelet_manager
[rosmaster.master][INFO] 2012-12-16 00:47:57,066: +PARAM [/camera/depth/image_rect/compressed/jpeg_quality] by /camera_nodelet_manager
[rosmaster.master][INFO] 2012-12-16 00:47:57,069: +PARAM [/camera/depth/image_rect/compressed/png_level] by /camera_nodelet_manager
[rosmaster.master][INFO] 2012-12-16 00:47:57,070: +PUB [/camera/depth/image_rect] /camera_nodelet_manager http://pc:52070/
[rosmaster.master][INFO] 2012-12-16 00:47:57,073: +PUB [/camera/depth/image_rect/theora] /camera_nodelet_manager http://pc:52070/
[rosmaster.master][INFO] 2012-12-16 00:47:57,075: +SERVICE [/camera/depth/image_rect/theora/set_parameters] /camera_nodelet_manager http://pc:52070/
[rosmaster.master][INFO] 2012-12-16 00:47:57,076: +PUB [/camera/depth/image_rect/theora/parameter_descriptions] /camera_nodelet_manager http://pc:52070/
[rosmaster.master][INFO] 2012-12-16 00:47:57,077: +PUB [/camera/depth/image_rect/theora/parameter_updates] /camera_nodelet_manager http://pc:52070/
[rosmaster.master][INFO] 2012-12-16 00:47:57,081: +PARAM [/camera/depth/image_rect/theora/optimize_for] by /camera_nodelet_manager
[rosmaster.master][INFO] 2012-12-16 00:47:57,082: +PARAM [/camera/depth/image_rect/theora/target_bitrate] by /camera_nodelet_manager
[rosmaster.master][INFO] 2012-12-16 00:47:57,083: +PARAM [/camera/depth/image_rect/theora/quality] by /camera_nodelet_manager
[rosmaster.master][INFO] 2012-12-16 00:47:57,084: +PARAM [/camera/depth/image_rect/theora/keyframe_frequency] by /camera_nodelet_manager
[rosmaster.master][INFO] 2012-12-16 00:47:57,469: +PUB [/rosout] /depth_detection http://pc:60930/
[rosmaster.master][INFO] 2012-12-16 00:47:57,546: publisherUpdate[/rosout] -> http://pc:60520/
[rosmaster.master][INFO] 2012-12-16 00:47:57,566: +SUB [/camera/depth_registered/image_rect] /depth_detection http://pc:60930/
[rosmaster.master][INFO] 2012-12-16 00:47:57,570: +SUB [/camera/rgb/image_rect_color] /depth_detection http://pc:60930/
[rosmaster.master][INFO] 2012-12-16 00:47:57,802: +PUB [/camera/depth/points] /camera_nodelet_manager http://pc:52070/
[rosmaster.master][INFO] 2012-12-16 00:47:58,361: +SERVICE [/camera/rgb/rectify_mono/set_parameters] /camera_nodelet_manager http://pc:52070/
[rosmaster.master][INFO] 2012-12-16 00:47:58,362: +PUB [/camera/rgb/rectify_mono/parameter_descriptions] /camera_nodelet_manager http://pc:52070/
[rosmaster.master][INFO] 2012-12-16 00:47:58,364: +PUB [/camera/rgb/rectify_mono/parameter_updates] /camera_nodelet_manager http://pc:52070/
[rosmaster.master][INFO] 2012-12-16 00:47:58,367: +PARAM [/camera/rgb/rectify_mono/interpolation] by /camera_nodelet_manager
[rosmaster.master][INFO] 2012-12-16 00:47:58,369: +PUB [/camera/rgb/image_rect/compressed] /camera_nodelet_manager http://pc:52070/
[rosmaster.master][INFO] 2012-12-16 00:47:58,370: +SERVICE [/camera/rgb/image_rect/compressed/set_parameters] /camera_nodelet_manager http://pc:52070/
[rosmaster.master][INFO] 2012-12-16 00:47:58,371: +PUB [/camera/rgb/image_rect/compressed/parameter_descriptions] /camera_nodelet_manager http://pc:52070/
[rosmaster.master][INFO] 2012-12-16 00:47:58,372: +PUB [/camera/rgb/image_rect/compressed/parameter_updates] /camera_nodelet_manager http://pc:52070/
[rosmaster.master][INFO] 2012-12-16 00:47:58,377: +PARAM [/camera/rgb/image_rect/compressed/format] by /camera_nodelet_manager
[rosmaster.master][INFO] 2012-12-16 00:47:58,378: +PARAM [/camera/rgb/image_rect/compressed/jpeg_quality] by /camera_nodelet_manager
[rosmaster.master][INFO] 2012-12-16 00:47:58,379: +PARAM [/camera/rgb/image_rect/compressed/png_level] by /camera_nodelet_manager
[rosmaster.master][INFO] 2012-12-16 00:47:58,380: +PUB [/camera/rgb/image_rect] /camera_nodelet_manager http://pc:52070/
[rosmaster.master][INFO] 2012-12-16 00:47:58,381: +PUB [/camera/rgb/image_rect/theora] /camera_nodelet_manager http://pc:52070/
[rosmaster.master][INFO] 2012-12-16 00:47:58,383: +SERVICE [/camera/rgb/image_rect/theora/set_parameters] /camera_nodelet_manager http://pc:52070/
[rosmaster.master][INFO] 2012-12-16 00:47:58,385: +PUB [/camera/rgb/image_rect/theora/parameter_descriptions] /camera_nodelet_manager http://pc:52070/
[rosmaster.master][INFO] 2012-12-16 00:47:58,386: +PUB [/camera/rgb/image_rect/theora/parameter_updates] /camera_nodelet_manager http://pc:52070/
[rosmaster.master][INFO] 2012-12-16 00:47:58,391: +PARAM [/camera/rgb/image_rect/theora/optimize_for] by /camera_nodelet_manager
[rosmaster.master][INFO] 2012-12-16 00:47:58,392: +PARAM [/camera/rgb/image_rect/theora/target_bitrate] by /camera_nodelet_manager
[rosmaster.master][INFO] 2012-12-16 00:47:58,392: +PARAM [/camera/rgb/image_rect/theora/quality] by /camera_nodelet_manager
[rosmaster.master][INFO] 2012-12-16 00:47:58,393: +PARAM [/camera/rgb/image_rect/theora/keyframe_frequency] by /camera_nodelet_manager
[rosmaster.master][INFO] 2012-12-16 00:47:59,132: +PUB [/camera/depth/image/compressed] /camera_nodelet_manager http://pc:52070/
[rosmaster.master][INFO] 2012-12-16 00:47:59,134: +SERVICE [/camera/depth/image/compressed/set_parameters] /camera_nodelet_manager http://pc:52070/
[rosmaster.master][INFO] 2012-12-16 00:47:59,135: +PUB [/camera/depth/image/compressed/parameter_descriptions] /camera_nodelet_manager http://pc:52070/
[rosmaster.master][INFO] 2012-12-16 00:47:59,136: +PUB [/camera/depth/image/compressed/parameter_updates] /camera_nodelet_manager http://pc:52070/
[rosmaster.master][INFO] 2012-12-16 00:47:59,141: +PARAM [/camera/depth/image/compressed/format] by /camera_nodelet_manager
[rosmaster.master][INFO] 2012-12-16 00:47:59,142: +PARAM [/camera/depth/image/compressed/jpeg_quality] by /camera_nodelet_manager
[rosmaster.master][INFO] 2012-12-16 00:47:59,142: +PARAM [/camera/depth/image/compressed/png_level] by /camera_nodelet_manager
[rosmaster.master][INFO] 2012-12-16 00:47:59,143: +PUB [/camera/depth/image] /camera_nodelet_manager http://pc:52070/
[rosmaster.master][INFO] 2012-12-16 00:47:59,145: +PUB [/camera/depth/image/theora] /camera_nodelet_manager http://pc:52070/
[rosmaster.master][INFO] 2012-12-16 00:47:59,146: +SERVICE [/camera/depth/image/theora/set_parameters] /camera_nodelet_manager http://pc:52070/
[rosmaster.master][INFO] 2012-12-16 00:47:59,148: +PUB [/camera/depth/image/theora/parameter_descriptions] /camera_nodelet_manager http://pc:52070/
[rosmaster.master][INFO] 2012-12-16 00:47:59,150: +PUB [/camera/depth/image/theora/parameter_updates] /camera_nodelet_manager http://pc:52070/
[rosmaster.master][INFO] 2012-12-16 00:47:59,155: +PARAM [/camera/depth/image/theora/optimize_for] by /camera_nodelet_manager
[rosmaster.master][INFO] 2012-12-16 00:47:59,157: +PARAM [/camera/depth/image/theora/target_bitrate] by /camera_nodelet_manager
[rosmaster.master][INFO] 2012-12-16 00:47:59,159: +PARAM [/camera/depth/image/theora/quality] by /camera_nodelet_manager
[rosmaster.master][INFO] 2012-12-16 00:47:59,161: +PARAM [/camera/depth/image/theora/keyframe_frequency] by /camera_nodelet_manager
[rosmaster.master][INFO] 2012-12-16 00:47:59,433: +PUB [/rosout] /camera/depth_registered/metric_rect http://pc:49142/
[rosmaster.master][INFO] 2012-12-16 00:47:59,435: +SERVICE [/camera/depth_registered/metric_rect/get_loggers] /camera/depth_registered/metric_rect http://pc:49142/
[rosmaster.master][INFO] 2012-12-16 00:47:59,438: +SERVICE [/camera/depth_registered/metric_rect/set_logger_level] /camera/depth_registered/metric_rect http://pc:49142/
[rosmaster.master][INFO] 2012-12-16 00:47:59,455: publisherUpdate[/rosout] -> http://pc:60520/
[rosmaster.master][INFO] 2012-12-16 00:47:59,487: +SERVICE [/camera/depth_registered/metric/set_logger_level] /camera/depth_registered/metric http://pc:50324/
[rosmaster.master][INFO] 2012-12-16 00:47:59,512: +PUB [/rosout] /camera/disparity_depth_registered http://pc:52823/
[rosmaster.master][INFO] 2012-12-16 00:47:59,514: +SERVICE [/camera/disparity_depth_registered/get_loggers] /camera/disparity_depth_registered http://pc:52823/
[rosmaster.master][INFO] 2012-12-16 00:47:59,515: +SERVICE [/camera/disparity_depth_registered/set_logger_level] /camera/disparity_depth_registered http://pc:52823/
[rosmaster.master][INFO] 2012-12-16 00:47:59,526: +PARAM [/camera/disparity_depth_registered] by /camera/disparity_depth_registered
[rosmaster.master][INFO] 2012-12-16 00:47:59,535: +PUB [/rosout] /camera_base_link1 http://pc:54985/
[rosmaster.master][INFO] 2012-12-16 00:47:59,537: +SERVICE [/camera_base_link1/get_loggers] /camera_base_link1 http://pc:54985/
[rosmaster.master][INFO] 2012-12-16 00:47:59,540: +SERVICE [/camera_base_link1/set_logger_level] /camera_base_link1 http://pc:54985/
[rosmaster.master][INFO] 2012-12-16 00:47:59,544: +PUB [/tf] /camera_base_link1 http://pc:54985/
[rosmaster.master][INFO] 2012-12-16 00:47:59,551: +SERVICE [/camera_base_link/set_logger_level] /camera_base_link http://pc:46394/
[rosmaster.master][INFO] 2012-12-16 00:47:59,553: +PUB [/tf] /camera_base_link http://pc:46394/
[rosmaster.master][INFO] 2012-12-16 00:47:59,557: publisherUpdate[/rosout] -> http://pc:60520/
[rosmaster.master][INFO] 2012-12-16 00:47:59,560: publisherUpdate[/rosout] -> http://pc:60520/
[rosmaster.master][INFO] 2012-12-16 00:47:59,752: +SERVICE [/camera/depth/rectify_depth/set_parameters] /camera_nodelet_manager http://pc:52070/
[rosmaster.master][INFO] 2012-12-16 00:47:59,754: +PUB [/camera/depth/rectify_depth/parameter_descriptions] /camera_nodelet_manager http://pc:52070/
[rosmaster.master][INFO] 2012-12-16 00:47:59,755: +PUB [/camera/depth/rectify_depth/parameter_updates] /camera_nodelet_manager http://pc:52070/
[rosmaster.master][INFO] 2012-12-16 00:47:59,758: +PARAM [/camera/depth/rectify_depth/interpolation] by /camera_nodelet_manager
[rosmaster.master][INFO] 2012-12-16 00:47:59,759: +PUB [/camera/depth/image_rect_raw/compressed] /camera_nodelet_manager http://pc:52070/
[rosmaster.master][INFO] 2012-12-16 00:47:59,761: +SERVICE [/camera/depth/image_rect_raw/compressed/set_parameters] /camera_nodelet_manager http://pc:52070/
[rosmaster.master][INFO] 2012-12-16 00:47:59,762: +PUB [/camera/depth/image_rect_raw/compressed/parameter_descriptions] /camera_nodelet_manager http://pc:52070/
[rosmaster.master][INFO] 2012-12-16 00:47:59,764: +PUB [/camera/depth/image_rect_raw/compressed/parameter_updates] /camera_nodelet_manager http://pc:52070/
[rosmaster.master][INFO] 2012-12-16 00:47:59,771: +PARAM [/camera/depth/image_rect_raw/compressed/format] by /camera_nodelet_manager
[rosmaster.master][INFO] 2012-12-16 00:47:59,773: +PARAM [/camera/depth/image_rect_raw/compressed/jpeg_quality] by /camera_nodelet_manager
[rosmaster.master][INFO] 2012-12-16 00:47:59,773: +PARAM [/camera/depth/image_rect_raw/compressed/png_level] by /camera_nodelet_manager
[rosmaster.master][INFO] 2012-12-16 00:47:59,775: +PUB [/camera/depth/image_rect_raw] /camera_nodelet_manager http://pc:52070/
[rosmaster.master][INFO] 2012-12-16 00:47:59,776: +PUB [/camera/depth/image_rect_raw/theora] /camera_nodelet_manager http://pc:52070/
[rosmaster.master][INFO] 2012-12-16 00:47:59,777: +SERVICE [/camera/depth/image_rect_raw/theora/set_parameters] /camera_nodelet_manager http://pc:52070/
[rosmaster.master][INFO] 2012-12-16 00:47:59,778: +PUB [/camera/depth/image_rect_raw/theora/parameter_descriptions] /camera_nodelet_manager http://pc:52070/
[rosmaster.master][INFO] 2012-12-16 00:47:59,780: +PUB [/camera/depth/image_rect_raw/theora/parameter_updates] /camera_nodelet_manager http://pc:52070/
[rosmaster.master][INFO] 2012-12-16 00:47:59,785: +PARAM [/camera/depth/image_rect_raw/theora/optimize_for] by /camera_nodelet_manager
[rosmaster.master][INFO] 2012-12-16 00:47:59,785: +PARAM [/camera/depth/image_rect_raw/theora/target_bitrate] by /camera_nodelet_manager
[rosmaster.master][INFO] 2012-12-16 00:47:59,790: +PARAM [/camera/depth/image_rect_raw/theora/quality] by /camera_nodelet_manager
[rosmaster.master][INFO] 2012-12-16 00:47:59,792: +PARAM [/camera/depth/image_rect_raw/theora/keyframe_frequency] by /camera_nodelet_manager
[rosmaster.master][INFO] 2012-12-16 00:48:00,073: +SERVICE [/camera/ir/rectify_ir/set_parameters] /camera_nodelet_manager http://pc:52070/
[rosmaster.master][INFO] 2012-12-16 00:48:00,075: +PUB [/camera/ir/rectify_ir/parameter_descriptions] /camera_nodelet_manager http://pc:52070/
[rosmaster.master][INFO] 2012-12-16 00:48:00,077: +PUB [/camera/ir/rectify_ir/parameter_updates] /camera_nodelet_manager http://pc:52070/
[rosmaster.master][INFO] 2012-12-16 00:48:00,081: +PARAM [/camera/ir/rectify_ir/interpolation] by /camera_nodelet_manager
[rosmaster.master][INFO] 2012-12-16 00:48:00,084: +PUB [/camera/ir/image_rect/compressed] /camera_nodelet_manager http://pc:52070/
[rosmaster.master][INFO] 2012-12-16 00:48:00,086: +SERVICE [/camera/ir/image_rect/compressed/set_parameters] /camera_nodelet_manager http://pc:52070/
[rosmaster.master][INFO] 2012-12-16 00:48:00,087: +PUB [/camera/ir/image_rect/compressed/parameter_descriptions] /camera_nodelet_manager http://pc:52070/
[rosmaster.master][INFO] 2012-12-16 00:48:00,089: +PUB [/camera/ir/image_rect/compressed/parameter_updates] /camera_nodelet_manager http://pc:52070/
[rosmaster.master][INFO] 2012-12-16 00:48:00,094: +PARAM [/camera/ir/image_rect/compressed/format] by /camera_nodelet_manager
[rosmaster.master][INFO] 2012-12-16 00:48:00,095: +PARAM [/camera/ir/image_rect/compressed/jpeg_quality] by /camera_nodelet_manager
[rosmaster.master][INFO] 2012-12-16 00:48:00,097: +PARAM [/camera/ir/image_rect/compressed/png_level] by /camera_nodelet_manager
[rosmaster.master][INFO] 2012-12-16 00:48:00,099: +PUB [/camera/ir/image_rect] /camera_nodelet_manager http://pc:52070/
[rosmaster.master][INFO] 2012-12-16 00:48:00,104: +PUB [/camera/ir/image_rect/theora] /camera_nodelet_manager http://pc:52070/
[rosmaster.master][INFO] 2012-12-16 00:48:00,107: +SERVICE [/camera/ir/image_rect/theora/set_parameters] /camera_nodelet_manager http://pc:52070/
[rosmaster.master][INFO] 2012-12-16 00:48:00,110: +PUB [/camera/ir/image_rect/theora/parameter_descriptions] /camera_nodelet_manager http://pc:52070/
[rosmaster.master][INFO] 2012-12-16 00:48:00,112: +PUB [/camera/ir/image_rect/theora/parameter_updates] /camera_nodelet_manager http://pc:52070/
[rosmaster.master][INFO] 2012-12-16 00:48:00,124: +PARAM [/camera/ir/image_rect/theora/optimize_for] by /camera_nodelet_manager
[rosmaster.master][INFO] 2012-12-16 00:48:00,127: +PARAM [/camera/ir/image_rect/theora/target_bitrate] by /camera_nodelet_manager
[rosmaster.master][INFO] 2012-12-16 00:48:00,129: +PARAM [/camera/ir/image_rect/theora/quality] by /camera_nodelet_manager
[rosmaster.master][INFO] 2012-12-16 00:48:00,132: +PARAM [/camera/ir/image_rect/theora/keyframe_frequency] by /camera_nodelet_manager
[rosmaster.master][INFO] 2012-12-16 00:48:00,409: +PUB [/camera/depth/disparity] /camera_nodelet_manager http://pc:52070/
[rosmaster.master][INFO] 2012-12-16 00:48:00,672: +SERVICE [/camera/depth_registered/rectify_depth/set_parameters] /camera_nodelet_manager http://pc:52070/
[rosmaster.master][INFO] 2012-12-16 00:48:00,674: +PUB [/camera/depth_registered/rectify_depth/parameter_descriptions] /camera_nodelet_manager http://pc:52070/
[rosmaster.master][INFO] 2012-12-16 00:48:00,676: +PUB [/camera/depth_registered/rectify_depth/parameter_updates] /camera_nodelet_manager http://pc:52070/
[rosmaster.master][INFO] 2012-12-16 00:48:00,680: +PARAM [/camera/depth_registered/rectify_depth/interpolation] by /camera_nodelet_manager
[rosmaster.master][INFO] 2012-12-16 00:48:00,682: +PUB [/camera/depth_registered/image_rect_raw/compressed] /camera_nodelet_manager http://pc:52070/
[rosmaster.master][INFO] 2012-12-16 00:48:00,685: +SERVICE [/camera/depth_registered/image_rect_raw/compressed/set_parameters] /camera_nodelet_manager http://pc:52070/
[rosmaster.master][INFO] 2012-12-16 00:48:00,689: +PUB [/camera/depth_registered/image_rect_raw/compressed/parameter_descriptions] /camera_nodelet_manager http://pc:52070/
[rosmaster.master][INFO] 2012-12-16 00:48:00,694: +PUB [/camera/depth_registered/image_rect_raw/compressed/parameter_updates] /camera_nodelet_manager http://pc:52070/
[rosmaster.master][INFO] 2012-12-16 00:48:00,703: +PARAM [/camera/depth_registered/image_rect_raw/compressed/format] by /camera_nodelet_manager
[rosmaster.master][INFO] 2012-12-16 00:48:00,705: +PARAM [/camera/depth_registered/image_rect_raw/compressed/jpeg_quality] by /camera_nodelet_manager
[rosmaster.master][INFO] 2012-12-16 00:48:00,707: +PARAM [/camera/depth_registered/image_rect_raw/compressed/png_level] by /camera_nodelet_manager
[rosmaster.master][INFO] 2012-12-16 00:48:00,709: +PUB [/camera/depth_registered/image_rect_raw] /camera_nodelet_manager http://pc:52070/
[rosmaster.master][INFO] 2012-12-16 00:48:00,710: +PUB [/camera/depth_registered/image_rect_raw/theora] /camera_nodelet_manager http://pc:52070/
[rosmaster.master][INFO] 2012-12-16 00:48:00,712: +SERVICE [/camera/depth_registered/image_rect_raw/theora/set_parameters] /camera_nodelet_manager http://pc:52070/
[rosmaster.master][INFO] 2012-12-16 00:48:00,714: +PUB [/camera/depth_registered/image_rect_raw/theora/parameter_descriptions] /camera_nodelet_manager http://pc:52070/
[rosmaster.master][INFO] 2012-12-16 00:48:00,716: +PUB [/camera/depth_registered/image_rect_raw/theora/parameter_updates] /camera_nodelet_manager http://pc:52070/
[rosmaster.master][INFO] 2012-12-16 00:48:00,723: +PARAM [/camera/depth_registered/image_rect_raw/theora/optimize_for] by /camera_nodelet_manager
[rosmaster.master][INFO] 2012-12-16 00:48:00,726: +PARAM [/camera/depth_registered/image_rect_raw/theora/target_bitrate] by /camera_nodelet_manager
[rosmaster.master][INFO] 2012-12-16 00:48:00,731: +PARAM [/camera/depth_registered/image_rect_raw/theora/quality] by /camera_nodelet_manager
[rosmaster.master][INFO] 2012-12-16 00:48:00,736: +PARAM [/camera/depth_registered/image_rect_raw/theora/keyframe_frequency] by /camera_nodelet_manager
[rosmaster.master][INFO] 2012-12-16 00:48:01,015: +SERVICE [/camera/rgb/debayer/set_parameters] /camera_nodelet_manager http://pc:52070/
[rosmaster.master][INFO] 2012-12-16 00:48:01,017: +PUB [/camera/rgb/debayer/parameter_descriptions] /camera_nodelet_manager http://pc:52070/
[rosmaster.master][INFO] 2012-12-16 00:48:01,020: +PUB [/camera/rgb/debayer/parameter_updates] /camera_nodelet_manager http://pc:52070/
[rosmaster.master][INFO] 2012-12-16 00:48:01,025: +PARAM [/camera/rgb/debayer/debayer] by /camera_nodelet_manager
[rosmaster.master][INFO] 2012-12-16 00:48:01,027: +PUB [/camera/rgb/image_mono/compressed] /camera_nodelet_manager http://pc:52070/
[rosmaster.master][INFO] 2012-12-16 00:48:01,029: +SERVICE [/camera/rgb/image_mono/compressed/set_parameters] /camera_nodelet_manager http://pc:52070/
[rosmaster.master][INFO] 2012-12-16 00:48:01,031: +PUB [/camera/rgb/image_mono/compressed/parameter_descriptions] /camera_nodelet_manager http://pc:52070/
[rosmaster.master][INFO] 2012-12-16 00:48:01,034: +PUB [/camera/rgb/image_mono/compressed/parameter_updates] /camera_nodelet_manager http://pc:52070/
[rosmaster.master][INFO] 2012-12-16 00:48:01,044: +PARAM [/camera/rgb/image_mono/compressed/format] by /camera_nodelet_manager
[rosmaster.master][INFO] 2012-12-16 00:48:01,046: +PARAM [/camera/rgb/image_mono/compressed/jpeg_quality] by /camera_nodelet_manager
[rosmaster.master][INFO] 2012-12-16 00:48:01,049: +PARAM [/camera/rgb/image_mono/compressed/png_level] by /camera_nodelet_manager
[rosmaster.master][INFO] 2012-12-16 00:48:01,052: +PUB [/camera/rgb/image_mono] /camera_nodelet_manager http://pc:52070/
[rosmaster.master][INFO] 2012-12-16 00:48:01,055: +PUB [/camera/rgb/image_mono/theora] /camera_nodelet_manager http://pc:52070/
[rosmaster.master][INFO] 2012-12-16 00:48:01,057: +SERVICE [/camera/rgb/image_mono/theora/set_parameters] /camera_nodelet_manager http://pc:52070/
[rosmaster.master][INFO] 2012-12-16 00:48:01,060: +PUB [/camera/rgb/image_mono/theora/parameter_descriptions] /camera_nodelet_manager http://pc:52070/
[rosmaster.master][INFO] 2012-12-16 00:48:01,063: +PUB [/camera/rgb/image_mono/theora/parameter_updates] /camera_nodelet_manager http://pc:52070/
[rosmaster.master][INFO] 2012-12-16 00:48:01,076: +PARAM [/camera/rgb/image_mono/theora/optimize_for] by /camera_nodelet_manager
[rosmaster.master][INFO] 2012-12-16 00:48:01,079: +PARAM [/camera/rgb/image_mono/theora/target_bitrate] by /camera_nodelet_manager
[rosmaster.master][INFO] 2012-12-16 00:48:01,081: +PARAM [/camera/rgb/image_mono/theora/quality] by /camera_nodelet_manager
[rosmaster.master][INFO] 2012-12-16 00:48:01,084: +PARAM [/camera/rgb/image_mono/theora/keyframe_frequency] by /camera_nodelet_manager
[rosmaster.master][INFO] 2012-12-16 00:48:01,088: +PUB [/camera/rgb/image_color/compressed] /camera_nodelet_manager http://pc:52070/
[rosmaster.master][INFO] 2012-12-16 00:48:01,090: +SERVICE [/camera/rgb/image_color/compressed/set_parameters] /camera_nodelet_manager http://pc:52070/
[rosmaster.master][INFO] 2012-12-16 00:48:01,093: +PUB [/camera/rgb/image_color/compressed/parameter_descriptions] /camera_nodelet_manager http://pc:52070/
[rosmaster.master][INFO] 2012-12-16 00:48:01,096: +PUB [/camera/rgb/image_color/compressed/parameter_updates] /camera_nodelet_manager http://pc:52070/
[rosmaster.master][INFO] 2012-12-16 00:48:01,106: +PARAM [/camera/rgb/image_color/compressed/format] by /camera_nodelet_manager
[rosmaster.master][INFO] 2012-12-16 00:48:01,110: +PARAM [/camera/rgb/image_color/compressed/jpeg_quality] by /camera_nodelet_manager
[rosmaster.master][INFO] 2012-12-16 00:48:01,113: +PARAM [/camera/rgb/image_color/compressed/png_level] by /camera_nodelet_manager
[rosmaster.master][INFO] 2012-12-16 00:48:01,116: +PUB [/camera/rgb/image_color] /camera_nodelet_manager http://pc:52070/
[rosmaster.master][INFO] 2012-12-16 00:48:01,119: +PUB [/camera/rgb/image_color/theora] /camera_nodelet_manager http://pc:52070/
[rosmaster.master][INFO] 2012-12-16 00:48:01,122: +SERVICE [/camera/rgb/image_color/theora/set_parameters] /camera_nodelet_manager http://pc:52070/
[rosmaster.master][INFO] 2012-12-16 00:48:01,125: +PUB [/camera/rgb/image_color/theora/parameter_descriptions] /camera_nodelet_manager http://pc:52070/
[rosmaster.master][INFO] 2012-12-16 00:48:01,128: +PUB [/camera/rgb/image_color/theora/parameter_updates] /camera_nodelet_manager http://pc:52070/
[rosmaster.master][INFO] 2012-12-16 00:48:01,139: +PARAM [/camera/rgb/image_color/theora/optimize_for] by /camera_nodelet_manager
[rosmaster.master][INFO] 2012-12-16 00:48:01,142: +PARAM [/camera/rgb/image_color/theora/target_bitrate] by /camera_nodelet_manager
[rosmaster.master][INFO] 2012-12-16 00:48:01,145: +PARAM [/camera/rgb/image_color/theora/quality] by /camera_nodelet_manager
[rosmaster.master][INFO] 2012-12-16 00:48:01,148: +PARAM [/camera/rgb/image_color/theora/keyframe_frequency] by /camera_nodelet_manager
[rosmaster.master][INFO] 2012-12-16 00:48:01,487: +PUB [/camera/depth_registered/image_rect/compressed] /camera_nodelet_manager http://pc:52070/
[rosmaster.master][INFO] 2012-12-16 00:48:01,488: +SERVICE [/camera/depth_registered/image_rect/compressed/set_parameters] /camera_nodelet_manager http://pc:52070/
[rosmaster.master][INFO] 2012-12-16 00:48:01,489: +PUB [/camera/depth_registered/image_rect/compressed/parameter_descriptions] /camera_nodelet_manager http://pc:52070/
[rosmaster.master][INFO] 2012-12-16 00:48:01,491: +PUB [/camera/depth_registered/image_rect/compressed/parameter_updates] /camera_nodelet_manager http://pc:52070/
[rosmaster.master][INFO] 2012-12-16 00:48:01,496: +PARAM [/camera/depth_registered/image_rect/compressed/format] by /camera_nodelet_manager
[rosmaster.master][INFO] 2012-12-16 00:48:01,499: +PARAM [/camera/depth_registered/image_rect/compressed/jpeg_quality] by /camera_nodelet_manager
[rosmaster.master][INFO] 2012-12-16 00:48:01,500: +PARAM [/camera/depth_registered/image_rect/compressed/png_level] by /camera_nodelet_manager
[rosmaster.master][INFO] 2012-12-16 00:48:01,501: +PUB [/camera/depth_registered/image_rect] /camera_nodelet_manager http://pc:52070/
[rosmaster.master][INFO] 2012-12-16 00:48:01,503: +PUB [/camera/depth_registered/image_rect/theora] /camera_nodelet_manager http://pc:52070/
[rosmaster.master][INFO] 2012-12-16 00:48:01,504: +SERVICE [/camera/depth_registered/image_rect/theora/set_parameters] /camera_nodelet_manager http://pc:52070/
[rosmaster.master][INFO] 2012-12-16 00:48:01,505: +PUB [/camera/depth_registered/image_rect/theora/parameter_descriptions] /camera_nodelet_manager http://pc:52070/
[rosmaster.master][INFO] 2012-12-16 00:48:01,506: +PUB [/camera/depth_registered/image_rect/theora/parameter_updates] /camera_nodelet_manager http://pc:52070/
[rosmaster.master][INFO] 2012-12-16 00:48:01,511: +PARAM [/camera/depth_registered/image_rect/theora/optimize_for] by /camera_nodelet_manager
[rosmaster.master][INFO] 2012-12-16 00:48:01,512: +PARAM [/camera/depth_registered/image_rect/theora/target_bitrate] by /camera_nodelet_manager
[rosmaster.master][INFO] 2012-12-16 00:48:01,513: +PARAM [/camera/depth_registered/image_rect/theora/quality] by /camera_nodelet_manager
[rosmaster.master][INFO] 2012-12-16 00:48:01,515: +PARAM [/camera/depth_registered/image_rect/theora/keyframe_frequency] by /camera_nodelet_manager
[rosmaster.master][INFO] 2012-12-16 00:48:01,541: +SERVICE [/camera/driver/set_parameters] /camera_nodelet_manager http://pc:52070/
[rosmaster.master][INFO] 2012-12-16 00:48:01,542: +PUB [/camera/driver/parameter_descriptions] /camera_nodelet_manager http://pc:52070/
[rosmaster.master][INFO] 2012-12-16 00:48:01,543: +PUB [/camera/driver/parameter_updates] /camera_nodelet_manager http://pc:52070/
[rosmaster.master][INFO] 2012-12-16 00:48:01,551: +PARAM [/camera/driver/image_mode] by /camera_nodelet_manager
[rosmaster.master][INFO] 2012-12-16 00:48:01,553: +PARAM [/camera/driver/depth_mode] by /camera_nodelet_manager
[rosmaster.master][INFO] 2012-12-16 00:48:01,555: +PARAM [/camera/driver/depth_registration] by /camera_nodelet_manager
[rosmaster.master][INFO] 2012-12-16 00:48:01,559: +PARAM [/camera/driver/data_skip] by /camera_nodelet_manager
[rosmaster.master][INFO] 2012-12-16 00:48:01,561: publisherUpdate[/camera/depth_registered/image_rect] -> http://pc:60930/
[rosmaster.master][INFO] 2012-12-16 00:48:01,563: +PARAM [/camera/driver/depth_time_offset] by /camera_nodelet_manager
[rosmaster.master][INFO] 2012-12-16 00:48:01,565: +PARAM [/camera/driver/image_time_offset] by /camera_nodelet_manager
[rosmaster.master][INFO] 2012-12-16 00:48:01,568: +PARAM [/camera/driver/depth_ir_offset_x] by /camera_nodelet_manager
[rosmaster.master][INFO] 2012-12-16 00:48:01,569: +PARAM [/camera/driver/depth_ir_offset_y] by /camera_nodelet_manager
[rosmaster.master][INFO] 2012-12-16 00:48:01,571: +PARAM [/camera/driver/z_offset_mm] by /camera_nodelet_manager
[rosmaster.master][INFO] 2012-12-16 00:48:01,583: +SERVICE [/camera/rgb/set_camera_info] /camera_nodelet_manager http://pc:52070/
[rosmaster.master][INFO] 2012-12-16 00:48:01,586: +SERVICE [/camera/ir/set_camera_info] /camera_nodelet_manager http://pc:52070/
[rosmaster.master][INFO] 2012-12-16 00:48:01,589: +PUB [/camera/rgb/image_raw/compressed] /camera_nodelet_manager http://pc:52070/
[rosmaster.master][INFO] 2012-12-16 00:48:01,592: +SUB [/camera/depth_registered/image_rect_raw] /camera_nodelet_manager http://pc:52070/
[rosmaster.master][INFO] 2012-12-16 00:48:01,595: +SERVICE [/camera/rgb/image_raw/compressed/set_parameters] /camera_nodelet_manager http://pc:52070/
[rosmaster.master][INFO] 2012-12-16 00:48:01,596: +SUB [/camera/depth_registered/image_raw] /camera_nodelet_manager http://pc:52070/
[rosmaster.master][INFO] 2012-12-16 00:48:01,598: +SUB [/camera/depth_registered/camera_info] /camera_nodelet_manager http://pc:52070/
[rosmaster.master][INFO] 2012-12-16 00:48:01,600: +PUB [/camera/rgb/image_raw/compressed/parameter_descriptions] /camera_nodelet_manager http://pc:52070/
[rosmaster.master][INFO] 2012-12-16 00:48:01,602: +PUB [/camera/rgb/image_raw/compressed/parameter_updates] /camera_nodelet_manager http://pc:52070/
[rosmaster.master][INFO] 2012-12-16 00:48:01,607: +PARAM [/camera/rgb/image_raw/compressed/format] by /camera_nodelet_manager
[rosmaster.master][INFO] 2012-12-16 00:48:01,609: +PARAM [/camera/rgb/image_raw/compressed/jpeg_quality] by /camera_nodelet_manager
[rosmaster.master][INFO] 2012-12-16 00:48:01,611: +PARAM [/camera/rgb/image_raw/compressed/png_level] by /camera_nodelet_manager
[rosmaster.master][INFO] 2012-12-16 00:48:01,613: +PUB [/camera/rgb/image_raw] /camera_nodelet_manager http://pc:52070/
[rosmaster.master][INFO] 2012-12-16 00:48:01,615: +PUB [/camera/rgb/image_raw/theora] /camera_nodelet_manager http://pc:52070/
[rosmaster.master][INFO] 2012-12-16 00:48:01,616: +SERVICE [/camera/rgb/image_raw/theora/set_parameters] /camera_nodelet_manager http://pc:52070/
[rosmaster.master][INFO] 2012-12-16 00:48:01,618: +PUB [/camera/rgb/image_raw/theora/parameter_descriptions] /camera_nodelet_manager http://pc:52070/
[rosmaster.master][INFO] 2012-12-16 00:48:01,625: +PUB [/camera/rgb/image_raw/theora/parameter_updates] /camera_nodelet_manager http://pc:52070/
[rosmaster.master][INFO] 2012-12-16 00:48:01,633: +PARAM [/camera/rgb/image_raw/theora/optimize_for] by /camera_nodelet_manager
[rosmaster.master][INFO] 2012-12-16 00:48:01,635: +PARAM [/camera/rgb/image_raw/theora/target_bitrate] by /camera_nodelet_manager
[rosmaster.master][INFO] 2012-12-16 00:48:01,636: +PARAM [/camera/rgb/image_raw/theora/quality] by /camera_nodelet_manager
[rosmaster.master][INFO] 2012-12-16 00:48:01,638: +PARAM [/camera/rgb/image_raw/theora/keyframe_frequency] by /camera_nodelet_manager
[rosmaster.master][INFO] 2012-12-16 00:48:01,640: +PUB [/camera/rgb/camera_info] /camera_nodelet_manager http://pc:52070/
[rosmaster.master][INFO] 2012-12-16 00:48:01,642: +PUB [/camera/ir/image_raw/compressed] /camera_nodelet_manager http://pc:52070/
[rosmaster.master][INFO] 2012-12-16 00:48:01,644: +SERVICE [/camera/ir/image_raw/compressed/set_parameters] /camera_nodelet_manager http://pc:52070/
[rosmaster.master][INFO] 2012-12-16 00:48:01,646: +PUB [/camera/ir/image_raw/compressed/parameter_descriptions] /camera_nodelet_manager http://pc:52070/
[rosmaster.master][INFO] 2012-12-16 00:48:01,650: +PUB [/camera/ir/image_raw/compressed/parameter_updates] /camera_nodelet_manager http://pc:52070/
[rosmaster.master][INFO] 2012-12-16 00:48:01,657: +PARAM [/camera/ir/image_raw/compressed/format] by /camera_nodelet_manager
[rosmaster.master][INFO] 2012-12-16 00:48:01,659: +PARAM [/camera/ir/image_raw/compressed/jpeg_quality] by /camera_nodelet_manager
[rosmaster.master][INFO] 2012-12-16 00:48:01,661: +PARAM [/camera/ir/image_raw/compressed/png_level] by /camera_nodelet_manager
[rosmaster.master][INFO] 2012-12-16 00:48:01,663: +PUB [/camera/ir/image_raw] /camera_nodelet_manager http://pc:52070/
[rosmaster.master][INFO] 2012-12-16 00:48:01,665: +PUB [/camera/ir/image_raw/theora] /camera_nodelet_manager http://pc:52070/
[rosmaster.master][INFO] 2012-12-16 00:48:01,666: +SERVICE [/camera/ir/image_raw/theora/set_parameters] /camera_nodelet_manager http://pc:52070/
[rosmaster.master][INFO] 2012-12-16 00:48:01,668: +PUB [/camera/ir/image_raw/theora/parameter_descriptions] /camera_nodelet_manager http://pc:52070/
[rosmaster.master][INFO] 2012-12-16 00:48:01,670: +PUB [/camera/ir/image_raw/theora/parameter_updates] /camera_nodelet_manager http://pc:52070/
[rosmaster.master][INFO] 2012-12-16 00:48:01,677: +PARAM [/camera/ir/image_raw/theora/optimize_for] by /camera_nodelet_manager
[rosmaster.master][INFO] 2012-12-16 00:48:01,679: +PARAM [/camera/ir/image_raw/theora/target_bitrate] by /camera_nodelet_manager
[rosmaster.master][INFO] 2012-12-16 00:48:01,681: +PARAM [/camera/ir/image_raw/theora/quality] by /camera_nodelet_manager
[rosmaster.master][INFO] 2012-12-16 00:48:01,682: +PARAM [/camera/ir/image_raw/theora/keyframe_frequency] by /camera_nodelet_manager
[rosmaster.master][INFO] 2012-12-16 00:48:01,684: +PUB [/camera/ir/camera_info] /camera_nodelet_manager http://pc:52070/
[rosmaster.master][INFO] 2012-12-16 00:48:01,691: +PUB [/camera/depth/image_raw/compressed] /camera_nodelet_manager http://pc:52070/
[rosmaster.master][INFO] 2012-12-16 00:48:01,693: +SERVICE [/camera/depth/image_raw/compressed/set_parameters] /camera_nodelet_manager http://pc:52070/
[rosmaster.master][INFO] 2012-12-16 00:48:01,695: +PUB [/camera/depth/image_raw/compressed/parameter_descriptions] /camera_nodelet_manager http://pc:52070/
[rosmaster.master][INFO] 2012-12-16 00:48:01,696: +PUB [/camera/depth/image_raw/compressed/parameter_updates] /camera_nodelet_manager http://pc:52070/
[rosmaster.master][INFO] 2012-12-16 00:48:01,701: +PARAM [/camera/depth/image_raw/compressed/format] by /camera_nodelet_manager
[rosmaster.master][INFO] 2012-12-16 00:48:01,702: +PARAM [/camera/depth/image_raw/compressed/jpeg_quality] by /camera_nodelet_manager
[rosmaster.master][INFO] 2012-12-16 00:48:01,704: +PARAM [/camera/depth/image_raw/compressed/png_level] by /camera_nodelet_manager
[rosmaster.master][INFO] 2012-12-16 00:48:01,708: +PUB [/camera/depth/image_raw] /camera_nodelet_manager http://pc:52070/
[rosmaster.master][INFO] 2012-12-16 00:48:01,710: +PUB [/camera/depth/image_raw/theora] /camera_nodelet_manager http://pc:52070/
[rosmaster.master][INFO] 2012-12-16 00:48:01,712: +SERVICE [/camera/depth/image_raw/theora/set_parameters] /camera_nodelet_manager http://pc:52070/
[rosmaster.master][INFO] 2012-12-16 00:48:01,713: +PUB [/camera/depth/image_raw/theora/parameter_descriptions] /camera_nodelet_manager http://pc:52070/
[rosmaster.master][INFO] 2012-12-16 00:48:01,715: +PUB [/camera/depth/image_raw/theora/parameter_updates] /camera_nodelet_manager http://pc:52070/
[rosmaster.master][INFO] 2012-12-16 00:48:01,721: +PARAM [/camera/depth/image_raw/theora/optimize_for] by /camera_nodelet_manager
[rosmaster.master][INFO] 2012-12-16 00:48:01,722: +PARAM [/camera/depth/image_raw/theora/target_bitrate] by /camera_nodelet_manager
[rosmaster.master][INFO] 2012-12-16 00:48:01,724: +PARAM [/camera/depth/image_raw/theora/quality] by /camera_nodelet_manager
[rosmaster.master][INFO] 2012-12-16 00:48:01,725: +PARAM [/camera/depth/image_raw/theora/keyframe_frequency] by /camera_nodelet_manager
[rosmaster.master][INFO] 2012-12-16 00:48:01,727: +PUB [/camera/depth/camera_info] /camera_nodelet_manager http://pc:52070/
[rosmaster.master][INFO] 2012-12-16 00:48:01,729: +PUB [/camera/projector/camera_info] /camera_nodelet_manager http://pc:52070/
[rosmaster.master][INFO] 2012-12-16 00:48:01,730: +PUB [/camera/depth_registered/image_raw/compressed] /camera_nodelet_manager http://pc:52070/
[rosmaster.master][INFO] 2012-12-16 00:48:01,732: +SERVICE [/camera/depth_registered/image_raw/compressed/set_parameters] /camera_nodelet_manager http://pc:52070/
[rosmaster.master][INFO] 2012-12-16 00:48:01,734: +PUB [/camera/depth_registered/image_raw/compressed/parameter_descriptions] /camera_nodelet_manager http://pc:52070/
[rosmaster.master][INFO] 2012-12-16 00:48:01,735: +PUB [/camera/depth_registered/image_raw/compressed/parameter_updates] /camera_nodelet_manager http://pc:52070/
[rosmaster.master][INFO] 2012-12-16 00:48:01,740: +PARAM [/camera/depth_registered/image_raw/compressed/format] by /camera_nodelet_manager
[rosmaster.master][INFO] 2012-12-16 00:48:01,742: +PARAM [/camera/depth_registered/image_raw/compressed/jpeg_quality] by /camera_nodelet_manager
[rosmaster.master][INFO] 2012-12-16 00:48:01,744: +PARAM [/camera/depth_registered/image_raw/compressed/png_level] by /camera_nodelet_manager
[rosmaster.master][INFO] 2012-12-16 00:48:01,745: +PUB [/camera/depth_registered/image_raw] /camera_nodelet_manager http://pc:52070/
[rosmaster.master][INFO] 2012-12-16 00:48:01,747: +PUB [/camera/depth_registered/image_raw/theora] /camera_nodelet_manager http://pc:52070/
[rosmaster.master][INFO] 2012-12-16 00:48:01,749: +SERVICE [/camera/depth_registered/image_raw/theora/set_parameters] /camera_nodelet_manager http://pc:52070/
[rosmaster.master][INFO] 2012-12-16 00:48:01,750: +PUB [/camera/depth_registered/image_raw/theora/parameter_descriptions] /camera_nodelet_manager http://pc:52070/
[rosmaster.master][INFO] 2012-12-16 00:48:01,752: +PUB [/camera/depth_registered/image_raw/theora/parameter_updates] /camera_nodelet_manager http://pc:52070/
[rosmaster.master][INFO] 2012-12-16 00:48:01,761: +PARAM [/camera/depth_registered/image_raw/theora/optimize_for] by /camera_nodelet_manager
[rosmaster.master][INFO] 2012-12-16 00:48:01,763: +PARAM [/camera/depth_registered/image_raw/theora/target_bitrate] by /camera_nodelet_manager
[rosmaster.master][INFO] 2012-12-16 00:48:01,764: publisherUpdate[/camera/depth_registered/image_raw] -> http://pc:52070/
[rosmaster.master][INFO] 2012-12-16 00:48:01,765: +PARAM [/camera/depth_registered/image_raw/theora/quality] by /camera_nodelet_manager
[rosmaster.master][INFO] 2012-12-16 00:48:01,768: +PARAM [/camera/depth_registered/image_raw/theora/keyframe_frequency] by /camera_nodelet_manager
[rosmaster.master][INFO] 2012-12-16 00:48:01,770: +PUB [/camera/depth_registered/camera_info] /camera_nodelet_manager http://pc:52070/
[rosmaster.master][INFO] 2012-12-16 00:48:01,831: +PUB [/camera/depth_registered/image/compressed] /camera_nodelet_manager http://pc:52070/
[rosmaster.master][INFO] 2012-12-16 00:48:01,833: +SERVICE [/camera/depth_registered/image/compressed/set_parameters] /camera_nodelet_manager http://pc:52070/
[rosmaster.master][INFO] 2012-12-16 00:48:01,835: +PUB [/camera/depth_registered/image/compressed/parameter_descriptions] /camera_nodelet_manager http://pc:52070/
[rosmaster.master][INFO] 2012-12-16 00:48:01,837: +PUB [/camera/depth_registered/image/compressed/parameter_updates] /camera_nodelet_manager http://pc:52070/
[rosmaster.master][INFO] 2012-12-16 00:48:01,844: +SUB [/camera/driver/parameter_updates] /set_dr http://pc:39662/
[rosmaster.master][INFO] 2012-12-16 00:48:01,852: +SUB [/camera/driver/parameter_descriptions] /set_dr http://pc:39662/
[rosmaster.master][INFO] 2012-12-16 00:48:01,855: +PARAM [/camera/depth_registered/image/compressed/format] by /camera_nodelet_manager
[rosmaster.master][INFO] 2012-12-16 00:48:01,858: +PARAM [/camera/depth_registered/image/compressed/jpeg_quality] by /camera_nodelet_manager
[rosmaster.master][INFO] 2012-12-16 00:48:01,861: +PARAM [/camera/depth_registered/image/compressed/png_level] by /camera_nodelet_manager
[rosmaster.master][INFO] 2012-12-16 00:48:01,864: +PUB [/camera/depth_registered/image] /camera_nodelet_manager http://pc:52070/
[rosmaster.master][INFO] 2012-12-16 00:48:01,866: +PUB [/camera/depth_registered/image/theora] /camera_nodelet_manager http://pc:52070/
[rosmaster.master][INFO] 2012-12-16 00:48:01,867: publisherUpdate[/camera/depth_registered/camera_info] -> http://pc:52070/
[rosmaster.master][INFO] 2012-12-16 00:48:01,869: +SERVICE [/camera/depth_registered/image/theora/set_parameters] /camera_nodelet_manager http://pc:52070/
[rosmaster.master][INFO] 2012-12-16 00:48:01,872: +PUB [/camera/depth_registered/image/theora/parameter_descriptions] /camera_nodelet_manager http://pc:52070/
[rosmaster.master][INFO] 2012-12-16 00:48:01,876: +PUB [/camera/depth_registered/image/theora/parameter_updates] /camera_nodelet_manager http://pc:52070/
[rosmaster.master][INFO] 2012-12-16 00:48:01,884: +PARAM [/camera/depth_registered/image/theora/optimize_for] by /camera_nodelet_manager
[rosmaster.master][INFO] 2012-12-16 00:48:01,886: +PARAM [/camera/depth_registered/image/theora/target_bitrate] by /camera_nodelet_manager
[rosmaster.master][INFO] 2012-12-16 00:48:01,889: +PARAM [/camera/depth_registered/image/theora/quality] by /camera_nodelet_manager
[rosmaster.master][INFO] 2012-12-16 00:48:01,892: +PARAM [/camera/depth_registered/image/theora/keyframe_frequency] by /camera_nodelet_manager
[rosmaster.master][INFO] 2012-12-16 00:48:01,917: +PARAM [/camera/driver/image_mode] by /camera_nodelet_manager
[rosmaster.master][INFO] 2012-12-16 00:48:01,918: +PARAM [/camera/driver/depth_mode] by /camera_nodelet_manager
[rosmaster.master][INFO] 2012-12-16 00:48:01,919: +PARAM [/camera/driver/depth_registration] by /camera_nodelet_manager
[rosmaster.master][INFO] 2012-12-16 00:48:01,920: +PARAM [/camera/driver/data_skip] by /camera_nodelet_manager
[rosmaster.master][INFO] 2012-12-16 00:48:01,920: +PARAM [/camera/driver/depth_time_offset] by /camera_nodelet_manager
[rosmaster.master][INFO] 2012-12-16 00:48:01,921: +PARAM [/camera/driver/image_time_offset] by /camera_nodelet_manager
[rosmaster.master][INFO] 2012-12-16 00:48:01,922: +PARAM [/camera/driver/depth_ir_offset_x] by /camera_nodelet_manager
[rosmaster.master][INFO] 2012-12-16 00:48:01,923: +PARAM [/camera/driver/depth_ir_offset_y] by /camera_nodelet_manager
[rosmaster.master][INFO] 2012-12-16 00:48:01,924: +PARAM [/camera/driver/z_offset_mm] by /camera_nodelet_manager
[rosmaster.master][INFO] 2012-12-16 00:48:01,927: -SUB [/camera/driver/parameter_updates] /set_dr http://pc:39662/
[rosmaster.master][INFO] 2012-12-16 00:48:01,927: -SUB [/camera/driver/parameter_descriptions] /set_dr http://pc:39662/
[rosmaster.master][INFO] 2012-12-16 00:48:01,927: -PUB [/rosout] /set_dr http://pc:39662/
[rosmaster.master][INFO] 2012-12-16 00:48:01,968: publisherUpdate[/rosout] -> http://pc:60520/
[rosmaster.master][INFO] 2012-12-16 00:48:02,197: +SERVICE [/camera/rgb/rectify_color/set_parameters] /camera_nodelet_manager http://pc:52070/
[rosmaster.master][INFO] 2012-12-16 00:48:02,199: +PUB [/camera/rgb/rectify_color/parameter_descriptions] /camera_nodelet_manager http://pc:52070/
[rosmaster.master][INFO] 2012-12-16 00:48:02,200: +PUB [/camera/rgb/rectify_color/parameter_updates] /camera_nodelet_manager http://pc:52070/
[rosmaster.master][INFO] 2012-12-16 00:48:02,202: +PARAM [/camera/rgb/rectify_color/interpolation] by /camera_nodelet_manager
[rosmaster.master][INFO] 2012-12-16 00:48:02,205: +PUB [/camera/rgb/image_rect_color/compressed] /camera_nodelet_manager http://pc:52070/
[rosmaster.master][INFO] 2012-12-16 00:48:02,206: +SERVICE [/camera/rgb/image_rect_color/compressed/set_parameters] /camera_nodelet_manager http://pc:52070/
[rosmaster.master][INFO] 2012-12-16 00:48:02,208: +PUB [/camera/rgb/image_rect_color/compressed/parameter_descriptions] /camera_nodelet_manager http://pc:52070/
[rosmaster.master][INFO] 2012-12-16 00:48:02,210: +PUB [/camera/rgb/image_rect_color/compressed/parameter_updates] /camera_nodelet_manager http://pc:52070/
[rosmaster.master][INFO] 2012-12-16 00:48:02,217: +PARAM [/camera/rgb/image_rect_color/compressed/format] by /camera_nodelet_manager
[rosmaster.master][INFO] 2012-12-16 00:48:02,219: +PARAM [/camera/rgb/image_rect_color/compressed/jpeg_quality] by /camera_nodelet_manager
[rosmaster.master][INFO] 2012-12-16 00:48:02,222: +PARAM [/camera/rgb/image_rect_color/compressed/png_level] by /camera_nodelet_manager
[rosmaster.master][INFO] 2012-12-16 00:48:02,224: +PUB [/camera/rgb/image_rect_color] /camera_nodelet_manager http://pc:52070/
[rosmaster.master][INFO] 2012-12-16 00:48:02,228: +PUB [/camera/rgb/image_rect_color/theora] /camera_nodelet_manager http://pc:52070/
[rosmaster.master][INFO] 2012-12-16 00:48:02,231: +SERVICE [/camera/rgb/image_rect_color/theora/set_parameters] /camera_nodelet_manager http://pc:52070/
[rosmaster.master][INFO] 2012-12-16 00:48:02,235: +PUB [/camera/rgb/image_rect_color/theora/parameter_descriptions] /camera_nodelet_manager http://pc:52070/
[rosmaster.master][INFO] 2012-12-16 00:48:02,238: +PUB [/camera/rgb/image_rect_color/theora/parameter_updates] /camera_nodelet_manager http://pc:52070/
[rosmaster.master][INFO] 2012-12-16 00:48:02,251: +PARAM [/camera/rgb/image_rect_color/theora/optimize_for] by /camera_nodelet_manager
[rosmaster.master][INFO] 2012-12-16 00:48:02,254: +PARAM [/camera/rgb/image_rect_color/theora/target_bitrate] by /camera_nodelet_manager
[rosmaster.master][INFO] 2012-12-16 00:48:02,256: +PARAM [/camera/rgb/image_rect_color/theora/quality] by /camera_nodelet_manager
[rosmaster.master][INFO] 2012-12-16 00:48:02,259: +PARAM [/camera/rgb/image_rect_color/theora/keyframe_frequency] by /camera_nodelet_manager
[rosmaster.master][INFO] 2012-12-16 00:48:02,269: publisherUpdate[/camera/rgb/image_rect_color] -> http://pc:60930/
[rosmaster.master][INFO] 2012-12-16 00:48:02,300: +SUB [/camera/rgb/image_color] /camera_nodelet_manager http://pc:52070/
[rosmaster.master][INFO] 2012-12-16 00:48:02,301: +SUB [/camera/rgb/camera_info] /camera_nodelet_manager http://pc:52070/
[rosmaster.master][INFO] 2012-12-16 00:48:02,303: +SUB [/camera/rgb/image_raw] /camera_nodelet_manager http://pc:52070/
[rosmaster.master][INFO] 2012-12-16 00:48:02,537: +PUB [/camera/depth_registered/disparity] /camera_nodelet_manager http://pc:52070/
[rosmaster.master][INFO] 2012-12-16 00:48:02,805: +SUB [/tf] /camera_nodelet_manager http://pc:52070/
[rosmaster.master][INFO] 2012-12-16 00:48:02,808: +SERVICE [/camera_nodelet_manager/tf_frames] /camera_nodelet_manager http://pc:52070/
[rosmaster.master][INFO] 2012-12-16 00:48:03,096: +PARAM [/camera/depth_registered/image_rect_raw/compressed/format] by /camera_nodelet_manager
[rosmaster.master][INFO] 2012-12-16 00:48:03,099: +PARAM [/camera/depth_registered/image_rect_raw/compressed/jpeg_quality] by /camera_nodelet_manager
[rosmaster.master][INFO] 2012-12-16 00:48:03,103: +PARAM [/camera/depth_registered/image_rect_raw/compressed/png_level] by /camera_nodelet_manager
[rosmaster.master][INFO] 2012-12-16 00:48:03,119: +PARAM [/camera/depth_registered/image_rect_raw/theora/optimize_for] by /camera_nodelet_manager
[rosmaster.master][INFO] 2012-12-16 00:48:03,122: +PARAM [/camera/depth_registered/image_rect_raw/theora/target_bitrate] by /camera_nodelet_manager
[rosmaster.master][INFO] 2012-12-16 00:48:03,125: +PARAM [/camera/depth_registered/image_rect_raw/theora/quality] by /camera_nodelet_manager
[rosmaster.master][INFO] 2012-12-16 00:48:03,128: +PARAM [/camera/depth_registered/image_rect_raw/theora/keyframe_frequency] by /camera_nodelet_manager
[rosmaster.master][INFO] 2012-12-16 00:48:03,137: +SUB [/camera/depth/image_rect_raw] /camera_nodelet_manager http://pc:52070/
[rosmaster.master][INFO] 2012-12-16 00:48:03,142: +SUB [/camera/depth/camera_info] /camera_nodelet_manager http://pc:52070/
[rosmaster.master][INFO] 2012-12-16 00:48:03,146: +SUB [/camera/depth/image_raw] /camera_nodelet_manager http://pc:52070/
[rosmaster.master][INFO] 2012-12-16 00:48:03,686: +PUB [/camera/depth_registered/points] /camera_nodelet_manager http://pc:52070/
[rosmaster.master][INFO] 2012-12-16 00:48:38,834: -SUB [/camera/depth_registered/image_rect] /depth_detection http://pc:60930/
[rosmaster.master][INFO] 2012-12-16 00:48:38,835: -SUB [/camera/rgb/image_rect_color] /depth_detection http://pc:60930/
[rosmaster.master][INFO] 2012-12-16 00:48:38,835: -PUB [/rosout] /depth_detection http://pc:60930/
[rosmaster.master][INFO] 2012-12-16 00:48:38,846: -SUB [/camera/depth_registered/image_rect_raw] /camera_nodelet_manager http://pc:52070/
[rosmaster.master][INFO] 2012-12-16 00:48:38,849: -PUB [/camera/depth_registered/points] /camera_nodelet_manager http://pc:52070/
[rosmaster.master][INFO] 2012-12-16 00:48:38,855: -SUB [/camera/depth_registered/image_raw] /camera_nodelet_manager http://pc:52070/
[rosmaster.master][INFO] 2012-12-16 00:48:38,856: -PUB [/camera/depth_registered/disparity] /camera_nodelet_manager http://pc:52070/
[rosmaster.master][INFO] 2012-12-16 00:48:38,858: -SUB [/camera/depth_registered/camera_info] /camera_nodelet_manager http://pc:52070/
[rosmaster.master][INFO] 2012-12-16 00:48:38,860: -PUB [/camera/depth/disparity] /camera_nodelet_manager http://pc:52070/
[rosmaster.master][INFO] 2012-12-16 00:48:38,863: -SUB [/camera/depth/image_rect_raw] /camera_nodelet_manager http://pc:52070/
[rosmaster.master][INFO] 2012-12-16 00:48:38,870: -SUB [/camera/depth/image_raw] /camera_nodelet_manager http://pc:52070/
[rosmaster.master][INFO] 2012-12-16 00:48:38,873: -SUB [/camera/depth/camera_info] /camera_nodelet_manager http://pc:52070/
[rosmaster.master][INFO] 2012-12-16 00:48:38,911: -PUB [/rosout] /camera/points_xyzrgb_depth_rgb http://pc:43190/
[rosmaster.master][INFO] 2012-12-16 00:48:38,912: -SERVICE [/camera/points_xyzrgb_depth_rgb/get_loggers] /camera/points_xyzrgb_depth_rgb rosrpc://pc:55754
[rosmaster.master][INFO] 2012-12-16 00:48:38,914: -SERVICE [/camera/points_xyzrgb_depth_rgb/set_logger_level] /camera/points_xyzrgb_depth_rgb rosrpc://pc:55754
[rosmaster.master][INFO] 2012-12-16 00:48:38,923: -PUB [/rosout] /camera/depth_registered/metric_rect http://pc:49142/
[rosmaster.master][INFO] 2012-12-16 00:48:38,924: publisherUpdate[/rosout] -> http://pc:60520/
[rosmaster.master][INFO] 2012-12-16 00:48:38,925: -SERVICE [/camera/depth_registered/metric_rect/get_loggers] /camera/depth_registered/metric_rect rosrpc://pc:46589
[rosmaster.master][INFO] 2012-12-16 00:48:38,927: publisherUpdate[/rosout] -> http://pc:60520/
[rosmaster.master][INFO] 2012-12-16 00:48:38,927: -SERVICE [/camera/depth_registered/metric_rect/set_logger_level] /camera/depth_registered/metric_rect rosrpc://pc:46589
[rosmaster.master][INFO] 2012-12-16 00:48:38,929: publisherUpdate[/rosout] -> http://pc:60520/
[rosmaster.master][INFO] 2012-12-16 00:48:38,930: -SUB [/camera/rgb/image_color] /camera_nodelet_manager http://pc:52070/
[rosmaster.master][INFO] 2012-12-16 00:48:38,932: -SUB [/camera/rgb/camera_info] /camera_nodelet_manager http://pc:52070/
[rosmaster.master][INFO] 2012-12-16 00:48:38,934: -SUB [/camera/rgb/image_raw] /camera_nodelet_manager http://pc:52070/
[rosmaster.master][INFO] 2012-12-16 00:48:38,947: -PUB [/rosout] /camera_base_link3 http://pc:50782/
[rosmaster.master][INFO] 2012-12-16 00:48:38,949: -PUB [/rosout] /camera_base_link2 http://pc:33135/
[rosmaster.master][INFO] 2012-12-16 00:48:38,950: -PUB [/tf] /camera_base_link3 http://pc:50782/
[rosmaster.master][INFO] 2012-12-16 00:48:38,952: -PUB [/tf] /camera_base_link2 http://pc:33135/
[rosmaster.master][INFO] 2012-12-16 00:48:38,953: -SERVICE [/camera_base_link3/get_loggers] /camera_base_link3 rosrpc://pc:49815
[rosmaster.master][INFO] 2012-12-16 00:48:38,955: -SERVICE [/camera_base_link2/get_loggers] /camera_base_link2 rosrpc://pc:38767
[rosmaster.master][INFO] 2012-12-16 00:48:38,957: -SERVICE [/camera_base_link3/set_logger_level] /camera_base_link3 rosrpc://pc:49815
[rosmaster.master][INFO] 2012-12-16 00:48:38,958: -SERVICE [/camera_base_link2/set_logger_level] /camera_base_link2 rosrpc://pc:38767
[rosmaster.master][INFO] 2012-12-16 00:48:39,006: -PUB [/rosout] /camera/disparity_depth http://pc:48706/
[rosmaster.master][INFO] 2012-12-16 00:48:39,008: -PUB [/rosout] /camera/depth_registered/metric http://pc:50324/
[rosmaster.master][INFO] 2012-12-16 00:48:39,009: -SERVICE [/camera/disparity_depth/get_loggers] /camera/disparity_depth rosrpc://pc:37513
[rosmaster.master][INFO] 2012-12-16 00:48:39,010: -SERVICE [/camera/depth_registered/metric/get_loggers] /camera/depth_registered/metric rosrpc://pc:52636
[rosmaster.master][INFO] 2012-12-16 00:48:39,012: -SERVICE [/camera/disparity_depth/set_logger_level] /camera/disparity_depth rosrpc://pc:37513
[rosmaster.master][INFO] 2012-12-16 00:48:39,013: -SERVICE [/camera/depth_registered/metric/set_logger_level] /camera/depth_registered/metric rosrpc://pc:52636
[rosmaster.master][INFO] 2012-12-16 00:48:39,016: -PUB [/rosout] /camera/disparity_depth_registered http://pc:52823/
[rosmaster.master][INFO] 2012-12-16 00:48:39,017: -SERVICE [/camera/disparity_depth_registered/get_loggers] /camera/disparity_depth_registered rosrpc://pc:35328
[rosmaster.master][INFO] 2012-12-16 00:48:39,018: -SERVICE [/camera/disparity_depth_registered/set_logger_level] /camera/disparity_depth_registered rosrpc://pc:35328
[rosmaster.master][INFO] 2012-12-16 00:48:39,025: publisherUpdate[/rosout] -> http://pc:60520/
[rosmaster.master][INFO] 2012-12-16 00:48:39,025: publisherUpdate[/tf] -> http://pc:52070/
[rosmaster.master][INFO] 2012-12-16 00:48:39,026: publisherUpdate[/tf] -> http://pc:52070/
[rosmaster.master][INFO] 2012-12-16 00:48:39,027: publisherUpdate[/rosout] -> http://pc:60520/
[rosmaster.master][INFO] 2012-12-16 00:48:39,028: publisherUpdate[/rosout] -> http://pc:60520/
[rosmaster.master][INFO] 2012-12-16 00:48:39,030: publisherUpdate[/rosout] -> http://pc:60520/
[rosmaster.master][INFO] 2012-12-16 00:48:39,031: publisherUpdate[/rosout] -> http://pc:60520/
[rosmaster.master][INFO] 2012-12-16 00:48:39,037: -PUB [/camera/depth_registered/rectify_depth/parameter_descriptions] /camera_nodelet_manager http://pc:52070/
[rosmaster.master][INFO] 2012-12-16 00:48:39,038: -PUB [/camera/depth_registered/rectify_depth/parameter_updates] /camera_nodelet_manager http://pc:52070/
[rosmaster.master][INFO] 2012-12-16 00:48:39,040: -SERVICE [/camera/depth_registered/rectify_depth/set_parameters] /camera_nodelet_manager rosrpc://pc:50539
[rosmaster.master][INFO] 2012-12-16 00:48:39,047: -PUB [/rosout] /camera_base_link1 http://pc:54985/
[rosmaster.master][INFO] 2012-12-16 00:48:39,049: -PUB [/rosout] /camera_base_link http://pc:46394/
[rosmaster.master][INFO] 2012-12-16 00:48:39,051: -PUB [/tf] /camera_base_link1 http://pc:54985/
[rosmaster.master][INFO] 2012-12-16 00:48:39,053: -PUB [/tf] /camera_base_link http://pc:46394/
[rosmaster.master][INFO] 2012-12-16 00:48:39,054: -SERVICE [/camera_base_link1/get_loggers] /camera_base_link1 rosrpc://pc:46564
[rosmaster.master][INFO] 2012-12-16 00:48:39,056: -SUB [/tf] /camera_nodelet_manager http://pc:52070/
[rosmaster.master][INFO] 2012-12-16 00:48:39,057: -SERVICE [/camera_base_link1/set_logger_level] /camera_base_link1 rosrpc://pc:46564
[rosmaster.master][INFO] 2012-12-16 00:48:39,058: -SERVICE [/camera_base_link/get_loggers] /camera_base_link rosrpc://pc:40880
[rosmaster.master][INFO] 2012-12-16 00:48:39,059: -SERVICE [/camera_nodelet_manager/tf_frames] /camera_nodelet_manager rosrpc://pc:50539
[rosmaster.master][INFO] 2012-12-16 00:48:39,060: -SERVICE [/camera_base_link/set_logger_level] /camera_base_link rosrpc://pc:40880
[rosmaster.master][INFO] 2012-12-16 00:48:39,062: -PUB [/camera/depth/points] /camera_nodelet_manager http://pc:52070/
[rosmaster.master][INFO] 2012-12-16 00:48:39,111: -PUB [/rosout] /camera/depth/points http://pc:40159/
[rosmaster.master][INFO] 2012-12-16 00:48:39,112: -SERVICE [/camera/depth/points/get_loggers] /camera/depth/points rosrpc://pc:46017
[rosmaster.master][INFO] 2012-12-16 00:48:39,113: -SERVICE [/camera/depth/points/set_logger_level] /camera/depth/points rosrpc://pc:46017
[rosmaster.master][INFO] 2012-12-16 00:48:39,128: publisherUpdate[/rosout] -> http://pc:60520/
[rosmaster.master][INFO] 2012-12-16 00:48:39,129: publisherUpdate[/rosout] -> http://pc:60520/
[rosmaster.master][INFO] 2012-12-16 00:48:39,130: publisherUpdate[/tf] -> http://pc:52070/
[rosmaster.master][INFO] 2012-12-16 00:48:39,131: publisherUpdate[/tf] -> http://pc:52070/
[rosmaster.master][INFO] 2012-12-16 00:48:39,131: publisherUpdate[/rosout] -> http://pc:60520/
[rosmaster.master][INFO] 2012-12-16 00:48:39,151: -PUB [/camera/depth/rectify_depth/parameter_descriptions] /camera_nodelet_manager http://pc:52070/
[rosmaster.master][INFO] 2012-12-16 00:48:39,152: -PUB [/camera/depth/rectify_depth/parameter_updates] /camera_nodelet_manager http://pc:52070/
[rosmaster.master][INFO] 2012-12-16 00:48:39,154: -SERVICE [/camera/depth/rectify_depth/set_parameters] /camera_nodelet_manager rosrpc://pc:50539
[rosmaster.master][INFO] 2012-12-16 00:48:39,191: -PUB [/rosout] /camera/depth/metric http://pc:51232/
[rosmaster.master][INFO] 2012-12-16 00:48:39,192: -SERVICE [/camera/depth/metric/get_loggers] /camera/depth/metric rosrpc://pc:53482
[rosmaster.master][INFO] 2012-12-16 00:48:39,193: -SERVICE [/camera/depth/metric/set_logger_level] /camera/depth/metric rosrpc://pc:53482
[rosmaster.master][INFO] 2012-12-16 00:48:39,198: -PUB [/rosout] /camera/register_depth_rgb http://pc:43786/
[rosmaster.master][INFO] 2012-12-16 00:48:39,200: -SERVICE [/camera/register_depth_rgb/get_loggers] /camera/register_depth_rgb rosrpc://pc:35331
[rosmaster.master][INFO] 2012-12-16 00:48:39,201: -SERVICE [/camera/register_depth_rgb/set_logger_level] /camera/register_depth_rgb rosrpc://pc:35331
[rosmaster.master][INFO] 2012-12-16 00:48:39,211: -PUB [/rosout] /camera/depth_registered/rectify_depth http://pc:51777/
[rosmaster.master][INFO] 2012-12-16 00:48:39,212: -SERVICE [/camera/depth_registered/rectify_depth/get_loggers] /camera/depth_registered/rectify_depth rosrpc://pc:39040
[rosmaster.master][INFO] 2012-12-16 00:48:39,214: -SERVICE [/camera/depth_registered/rectify_depth/set_logger_level] /camera/depth_registered/rectify_depth rosrpc://pc:39040
[rosmaster.master][INFO] 2012-12-16 00:48:39,232: publisherUpdate[/rosout] -> http://pc:60520/
[rosmaster.master][INFO] 2012-12-16 00:48:39,235: publisherUpdate[/rosout] -> http://pc:60520/
[rosmaster.master][INFO] 2012-12-16 00:48:39,237: publisherUpdate[/rosout] -> http://pc:60520/
[rosmaster.master][INFO] 2012-12-16 00:48:39,244: -PUB [/camera/ir/rectify_ir/parameter_descriptions] /camera_nodelet_manager http://pc:52070/
[rosmaster.master][INFO] 2012-12-16 00:48:39,247: -PUB [/camera/ir/rectify_ir/parameter_updates] /camera_nodelet_manager http://pc:52070/
[rosmaster.master][INFO] 2012-12-16 00:48:39,252: -SERVICE [/camera/ir/rectify_ir/set_parameters] /camera_nodelet_manager rosrpc://pc:50539
[rosmaster.master][INFO] 2012-12-16 00:48:39,255: -PUB [/camera/rgb/rectify_color/parameter_descriptions] /camera_nodelet_manager http://pc:52070/
[rosmaster.master][INFO] 2012-12-16 00:48:39,257: -PUB [/camera/rgb/rectify_color/parameter_updates] /camera_nodelet_manager http://pc:52070/
[rosmaster.master][INFO] 2012-12-16 00:48:39,258: -SERVICE [/camera/rgb/rectify_color/set_parameters] /camera_nodelet_manager rosrpc://pc:50539
[rosmaster.master][INFO] 2012-12-16 00:48:39,261: -PUB [/camera/rgb/rectify_mono/parameter_descriptions] /camera_nodelet_manager http://pc:52070/
[rosmaster.master][INFO] 2012-12-16 00:48:39,262: -PUB [/camera/rgb/rectify_mono/parameter_updates] /camera_nodelet_manager http://pc:52070/
[rosmaster.master][INFO] 2012-12-16 00:48:39,263: -SERVICE [/camera/rgb/rectify_mono/set_parameters] /camera_nodelet_manager rosrpc://pc:50539
[rosmaster.master][INFO] 2012-12-16 00:48:39,265: -PUB [/camera/rgb/debayer/parameter_descriptions] /camera_nodelet_manager http://pc:52070/
[rosmaster.master][INFO] 2012-12-16 00:48:39,266: -PUB [/camera/rgb/debayer/parameter_updates] /camera_nodelet_manager http://pc:52070/
[rosmaster.master][INFO] 2012-12-16 00:48:39,268: -SERVICE [/camera/rgb/debayer/set_parameters] /camera_nodelet_manager rosrpc://pc:50539
[rosmaster.master][INFO] 2012-12-16 00:48:39,291: -PUB [/rosout] /camera/rgb/debayer http://pc:55061/
[rosmaster.master][INFO] 2012-12-16 00:48:39,293: -SERVICE [/camera/rgb/debayer/get_loggers] /camera/rgb/debayer rosrpc://pc:46952
[rosmaster.master][INFO] 2012-12-16 00:48:39,295: -SERVICE [/camera/rgb/debayer/set_logger_level] /camera/rgb/debayer rosrpc://pc:46952
[rosmaster.master][INFO] 2012-12-16 00:48:39,299: -PUB [/rosout] /camera/depth/rectify_depth http://pc:39910/
[rosmaster.master][INFO] 2012-12-16 00:48:39,302: -SERVICE [/camera/depth/rectify_depth/get_loggers] /camera/depth/rectify_depth rosrpc://pc:54465
[rosmaster.master][INFO] 2012-12-16 00:48:39,303: -SERVICE [/camera/depth/rectify_depth/set_logger_level] /camera/depth/rectify_depth rosrpc://pc:54465
[rosmaster.master][INFO] 2012-12-16 00:48:39,310: -PUB [/rosout] /camera/depth/metric_rect http://pc:58603/
[rosmaster.master][INFO] 2012-12-16 00:48:39,312: -SERVICE [/camera/depth/metric_rect/get_loggers] /camera/depth/metric_rect rosrpc://pc:55458
[rosmaster.master][INFO] 2012-12-16 00:48:39,313: -SERVICE [/camera/depth/metric_rect/set_logger_level] /camera/depth/metric_rect rosrpc://pc:55458
[rosmaster.master][INFO] 2012-12-16 00:48:39,333: publisherUpdate[/rosout] -> http://pc:60520/
[rosmaster.master][INFO] 2012-12-16 00:48:39,335: publisherUpdate[/rosout] -> http://pc:60520/
[rosmaster.master][INFO] 2012-12-16 00:48:39,337: publisherUpdate[/rosout] -> http://pc:60520/
[rosmaster.master][INFO] 2012-12-16 00:48:39,389: -PUB [/rosout] /camera/driver http://pc:45896/
[rosmaster.master][INFO] 2012-12-16 00:48:39,391: -SERVICE [/camera/driver/get_loggers] /camera/driver rosrpc://pc:40190
[rosmaster.master][INFO] 2012-12-16 00:48:39,392: -SERVICE [/camera/driver/set_logger_level] /camera/driver rosrpc://pc:40190
[rosmaster.master][INFO] 2012-12-16 00:48:39,393: -PUB [/rosout] /camera/rgb/rectify_mono http://pc:55324/
[rosmaster.master][INFO] 2012-12-16 00:48:39,395: -SERVICE [/camera/rgb/rectify_mono/get_loggers] /camera/rgb/rectify_mono rosrpc://pc:33957
[rosmaster.master][INFO] 2012-12-16 00:48:39,396: -SERVICE [/camera/rgb/rectify_mono/set_logger_level] /camera/rgb/rectify_mono rosrpc://pc:33957
[rosmaster.master][INFO] 2012-12-16 00:48:39,399: -PUB [/rosout] /camera/rgb/rectify_color http://pc:51297/
[rosmaster.master][INFO] 2012-12-16 00:48:39,401: -SERVICE [/camera/rgb/rectify_color/get_loggers] /camera/rgb/rectify_color rosrpc://pc:44704
[rosmaster.master][INFO] 2012-12-16 00:48:39,405: -SERVICE [/camera/rgb/rectify_color/set_logger_level] /camera/rgb/rectify_color rosrpc://pc:44704
[rosmaster.master][INFO] 2012-12-16 00:48:39,406: -PUB [/rosout] /camera/ir/rectify_ir http://pc:48269/
[rosmaster.master][INFO] 2012-12-16 00:48:39,407: -SERVICE [/camera/ir/rectify_ir/get_loggers] /camera/ir/rectify_ir rosrpc://pc:51353
[rosmaster.master][INFO] 2012-12-16 00:48:39,409: -SERVICE [/camera/ir/rectify_ir/set_logger_level] /camera/ir/rectify_ir rosrpc://pc:51353
[rosmaster.master][INFO] 2012-12-16 00:48:39,433: publisherUpdate[/rosout] -> http://pc:60520/
[rosmaster.master][INFO] 2012-12-16 00:48:39,435: publisherUpdate[/rosout] -> http://pc:60520/
[rosmaster.master][INFO] 2012-12-16 00:48:39,435: publisherUpdate[/rosout] -> http://pc:60520/
[rosmaster.master][INFO] 2012-12-16 00:48:39,436: publisherUpdate[/rosout] -> http://pc:60520/
[rosmaster.master][INFO] 2012-12-16 00:48:39,441: -SERVICE [/camera/ir/set_camera_info] /camera_nodelet_manager rosrpc://pc:50539
[rosmaster.master][INFO] 2012-12-16 00:48:39,443: -SERVICE [/camera/rgb/set_camera_info] /camera_nodelet_manager rosrpc://pc:50539
[rosmaster.master][INFO] 2012-12-16 00:48:39,444: -PUB [/camera/driver/parameter_descriptions] /camera_nodelet_manager http://pc:52070/
[rosmaster.master][INFO] 2012-12-16 00:48:39,445: -PUB [/camera/driver/parameter_updates] /camera_nodelet_manager http://pc:52070/
[rosmaster.master][INFO] 2012-12-16 00:48:39,450: -SERVICE [/camera/driver/set_parameters] /camera_nodelet_manager rosrpc://pc:50539
[rosmaster.master][INFO] 2012-12-16 00:48:39,533: -PUB [/rosout] /camera_nodelet_manager http://pc:52070/
[rosmaster.master][INFO] 2012-12-16 00:48:39,535: -PUB [/camera/depth/image_rect/compressed] /camera_nodelet_manager http://pc:52070/
[rosmaster.master][INFO] 2012-12-16 00:48:39,536: -PUB [/camera/depth/image_rect/compressed/parameter_descriptions] /camera_nodelet_manager http://pc:52070/
[rosmaster.master][INFO] 2012-12-16 00:48:39,537: -PUB [/camera/depth/image_rect/compressed/parameter_updates] /camera_nodelet_manager http://pc:52070/
[rosmaster.master][INFO] 2012-12-16 00:48:39,537: publisherUpdate[/rosout] -> http://pc:60520/
[rosmaster.master][INFO] 2012-12-16 00:48:39,538: -PUB [/camera/depth/image_rect] /camera_nodelet_manager http://pc:52070/
[rosmaster.master][INFO] 2012-12-16 00:48:39,539: -PUB [/camera/depth/image_rect/theora] /camera_nodelet_manager http://pc:52070/
[rosmaster.master][INFO] 2012-12-16 00:48:39,540: -PUB [/camera/depth/image_rect/theora/parameter_descriptions] /camera_nodelet_manager http://pc:52070/
[rosmaster.master][INFO] 2012-12-16 00:48:39,541: -PUB [/camera/depth/image_rect/theora/parameter_updates] /camera_nodelet_manager http://pc:52070/
[rosmaster.master][INFO] 2012-12-16 00:48:39,542: -PUB [/camera/rgb/image_rect/compressed] /camera_nodelet_manager http://pc:52070/
[rosmaster.master][INFO] 2012-12-16 00:48:39,543: -PUB [/camera/rgb/image_rect/compressed/parameter_descriptions] /camera_nodelet_manager http://pc:52070/
[rosmaster.master][INFO] 2012-12-16 00:48:39,544: -PUB [/camera/rgb/image_rect/compressed/parameter_updates] /camera_nodelet_manager http://pc:52070/
[rosmaster.master][INFO] 2012-12-16 00:48:39,546: -PUB [/camera/rgb/image_rect] /camera_nodelet_manager http://pc:52070/
[rosmaster.master][INFO] 2012-12-16 00:48:39,547: -PUB [/camera/rgb/image_rect/theora] /camera_nodelet_manager http://pc:52070/
[rosmaster.master][INFO] 2012-12-16 00:48:39,548: -PUB [/camera/rgb/image_rect/theora/parameter_descriptions] /camera_nodelet_manager http://pc:52070/
[rosmaster.master][INFO] 2012-12-16 00:48:39,549: -PUB [/camera/rgb/image_rect/theora/parameter_updates] /camera_nodelet_manager http://pc:52070/
[rosmaster.master][INFO] 2012-12-16 00:48:39,551: -PUB [/camera/depth/image/compressed] /camera_nodelet_manager http://pc:52070/
[rosmaster.master][INFO] 2012-12-16 00:48:39,552: -PUB [/camera/depth/image/compressed/parameter_descriptions] /camera_nodelet_manager http://pc:52070/
[rosmaster.master][INFO] 2012-12-16 00:48:39,553: -PUB [/camera/depth/image/compressed/parameter_updates] /camera_nodelet_manager http://pc:52070/
[rosmaster.master][INFO] 2012-12-16 00:48:39,553: -PUB [/camera/depth/image] /camera_nodelet_manager http://pc:52070/
[rosmaster.master][INFO] 2012-12-16 00:48:39,554: -PUB [/camera/depth/image/theora] /camera_nodelet_manager http://pc:52070/
[rosmaster.master][INFO] 2012-12-16 00:48:39,555: -PUB [/camera/depth/image/theora/parameter_descriptions] /camera_nodelet_manager http://pc:52070/
[rosmaster.master][INFO] 2012-12-16 00:48:39,556: -PUB [/camera/depth/image/theora/parameter_updates] /camera_nodelet_manager http://pc:52070/
[rosmaster.master][INFO] 2012-12-16 00:48:39,557: -PUB [/camera/depth/image_rect_raw/compressed] /camera_nodelet_manager http://pc:52070/
[rosmaster.master][INFO] 2012-12-16 00:48:39,558: -PUB [/camera/depth/image_rect_raw/compressed/parameter_descriptions] /camera_nodelet_manager http://pc:52070/
[rosmaster.master][INFO] 2012-12-16 00:48:39,559: -PUB [/camera/depth/image_rect_raw/compressed/parameter_updates] /camera_nodelet_manager http://pc:52070/
[rosmaster.master][INFO] 2012-12-16 00:48:39,560: -PUB [/camera/depth/image_rect_raw] /camera_nodelet_manager http://pc:52070/
[rosmaster.master][INFO] 2012-12-16 00:48:39,561: -PUB [/camera/depth/image_rect_raw/theora] /camera_nodelet_manager http://pc:52070/
[rosmaster.master][INFO] 2012-12-16 00:48:39,562: -PUB [/camera/depth/image_rect_raw/theora/parameter_descriptions] /camera_nodelet_manager http://pc:52070/
[rosmaster.master][INFO] 2012-12-16 00:48:39,562: -PUB [/camera/depth/image_rect_raw/theora/parameter_updates] /camera_nodelet_manager http://pc:52070/
[rosmaster.master][INFO] 2012-12-16 00:48:39,563: -PUB [/camera/ir/image_rect/compressed] /camera_nodelet_manager http://pc:52070/
[rosmaster.master][INFO] 2012-12-16 00:48:39,565: -PUB [/camera/ir/image_rect/compressed/parameter_descriptions] /camera_nodelet_manager http://pc:52070/
[rosmaster.master][INFO] 2012-12-16 00:48:39,566: -PUB [/camera/ir/image_rect/compressed/parameter_updates] /camera_nodelet_manager http://pc:52070/
[rosmaster.master][INFO] 2012-12-16 00:48:39,567: -PUB [/camera/ir/image_rect] /camera_nodelet_manager http://pc:52070/
[rosmaster.master][INFO] 2012-12-16 00:48:39,568: -PUB [/camera/ir/image_rect/theora] /camera_nodelet_manager http://pc:52070/
[rosmaster.master][INFO] 2012-12-16 00:48:39,569: -PUB [/camera/ir/image_rect/theora/parameter_descriptions] /camera_nodelet_manager http://pc:52070/
[rosmaster.master][INFO] 2012-12-16 00:48:39,570: -PUB [/camera/ir/image_rect/theora/parameter_updates] /camera_nodelet_manager http://pc:52070/
[rosmaster.master][INFO] 2012-12-16 00:48:39,571: -PUB [/camera/depth_registered/image_rect_raw/compressed] /camera_nodelet_manager http://pc:52070/
[rosmaster.master][INFO] 2012-12-16 00:48:39,572: -PUB [/camera/depth_registered/image_rect_raw/compressed/parameter_descriptions] /camera_nodelet_manager http://pc:52070/
[rosmaster.master][INFO] 2012-12-16 00:48:39,573: -PUB [/camera/depth_registered/image_rect_raw/compressed/parameter_updates] /camera_nodelet_manager http://pc:52070/
[rosmaster.master][INFO] 2012-12-16 00:48:39,574: -PUB [/camera/depth_registered/image_rect_raw] /camera_nodelet_manager http://pc:52070/
[rosmaster.master][INFO] 2012-12-16 00:48:39,575: -PUB [/camera/depth_registered/image_rect_raw/theora] /camera_nodelet_manager http://pc:52070/
[rosmaster.master][INFO] 2012-12-16 00:48:39,576: -PUB [/camera/depth_registered/image_rect_raw/theora/parameter_descriptions] /camera_nodelet_manager http://pc:52070/
[rosmaster.master][INFO] 2012-12-16 00:48:39,578: -PUB [/camera/depth_registered/image_rect_raw/theora/parameter_updates] /camera_nodelet_manager http://pc:52070/
[rosmaster.master][INFO] 2012-12-16 00:48:39,579: -PUB [/camera/rgb/image_mono/compressed] /camera_nodelet_manager http://pc:52070/
[rosmaster.master][INFO] 2012-12-16 00:48:39,579: -PUB [/camera/rgb/image_mono/compressed/parameter_descriptions] /camera_nodelet_manager http://pc:52070/
[rosmaster.master][INFO] 2012-12-16 00:48:39,581: -PUB [/camera/rgb/image_mono/compressed/parameter_updates] /camera_nodelet_manager http://pc:52070/
[rosmaster.master][INFO] 2012-12-16 00:48:39,582: -PUB [/camera/rgb/image_mono] /camera_nodelet_manager http://pc:52070/
[rosmaster.master][INFO] 2012-12-16 00:48:39,583: -PUB [/camera/rgb/image_mono/theora] /camera_nodelet_manager http://pc:52070/
[rosmaster.master][INFO] 2012-12-16 00:48:39,584: -PUB [/camera/rgb/image_mono/theora/parameter_descriptions] /camera_nodelet_manager http://pc:52070/
[rosmaster.master][INFO] 2012-12-16 00:48:39,585: -PUB [/camera/rgb/image_mono/theora/parameter_updates] /camera_nodelet_manager http://pc:52070/
[rosmaster.master][INFO] 2012-12-16 00:48:39,586: -PUB [/camera/rgb/image_color/compressed] /camera_nodelet_manager http://pc:52070/
[rosmaster.master][INFO] 2012-12-16 00:48:39,587: -PUB [/camera/rgb/image_color/compressed/parameter_descriptions] /camera_nodelet_manager http://pc:52070/
[rosmaster.master][INFO] 2012-12-16 00:48:39,589: -PUB [/camera/rgb/image_color/compressed/parameter_updates] /camera_nodelet_manager http://pc:52070/
[rosmaster.master][INFO] 2012-12-16 00:48:39,590: -PUB [/camera/rgb/image_color] /camera_nodelet_manager http://pc:52070/
[rosmaster.master][INFO] 2012-12-16 00:48:39,591: -PUB [/camera/rgb/image_color/theora] /camera_nodelet_manager http://pc:52070/
[rosmaster.master][INFO] 2012-12-16 00:48:39,593: -PUB [/camera/rgb/image_color/theora/parameter_descriptions] /camera_nodelet_manager http://pc:52070/
[rosmaster.master][INFO] 2012-12-16 00:48:39,594: -PUB [/camera/rgb/image_color/theora/parameter_updates] /camera_nodelet_manager http://pc:52070/
[rosmaster.master][INFO] 2012-12-16 00:48:39,595: -PUB [/camera/depth_registered/image_rect/compressed] /camera_nodelet_manager http://pc:52070/
[rosmaster.master][INFO] 2012-12-16 00:48:39,596: -PUB [/camera/depth_registered/image_rect/compressed/parameter_descriptions] /camera_nodelet_manager http://pc:52070/
[rosmaster.master][INFO] 2012-12-16 00:48:39,597: -PUB [/camera/depth_registered/image_rect/compressed/parameter_updates] /camera_nodelet_manager http://pc:52070/
[rosmaster.master][INFO] 2012-12-16 00:48:39,598: -PUB [/camera/depth_registered/image_rect] /camera_nodelet_manager http://pc:52070/
[rosmaster.master][INFO] 2012-12-16 00:48:39,599: -PUB [/camera/depth_registered/image_rect/theora] /camera_nodelet_manager http://pc:52070/
[rosmaster.master][INFO] 2012-12-16 00:48:39,600: -PUB [/camera/depth_registered/image_rect/theora/parameter_descriptions] /camera_nodelet_manager http://pc:52070/
[rosmaster.master][INFO] 2012-12-16 00:48:39,600: -PUB [/camera/depth_registered/image_rect/theora/parameter_updates] /camera_nodelet_manager http://pc:52070/
[rosmaster.master][INFO] 2012-12-16 00:48:39,601: -PUB [/camera/rgb/image_raw/compressed] /camera_nodelet_manager http://pc:52070/
[rosmaster.master][INFO] 2012-12-16 00:48:39,602: -PUB [/camera/rgb/image_raw/compressed/parameter_descriptions] /camera_nodelet_manager http://pc:52070/
[rosmaster.master][INFO] 2012-12-16 00:48:39,603: -PUB [/camera/rgb/image_raw/compressed/parameter_updates] /camera_nodelet_manager http://pc:52070/
[rosmaster.master][INFO] 2012-12-16 00:48:39,604: -PUB [/camera/rgb/image_raw] /camera_nodelet_manager http://pc:52070/
[rosmaster.master][INFO] 2012-12-16 00:48:39,605: -PUB [/camera/rgb/image_raw/theora] /camera_nodelet_manager http://pc:52070/
[rosmaster.master][INFO] 2012-12-16 00:48:39,608: -PUB [/camera/rgb/image_raw/theora/parameter_descriptions] /camera_nodelet_manager http://pc:52070/
[rosmaster.master][INFO] 2012-12-16 00:48:39,610: -PUB [/camera/rgb/image_raw/theora/parameter_updates] /camera_nodelet_manager http://pc:52070/
[rosmaster.master][INFO] 2012-12-16 00:48:39,611: -PUB [/camera/rgb/camera_info] /camera_nodelet_manager http://pc:52070/
[rosmaster.master][INFO] 2012-12-16 00:48:39,612: -PUB [/camera/ir/image_raw/compressed] /camera_nodelet_manager http://pc:52070/
[rosmaster.master][INFO] 2012-12-16 00:48:39,613: -PUB [/camera/ir/image_raw/compressed/parameter_descriptions] /camera_nodelet_manager http://pc:52070/
[rosmaster.master][INFO] 2012-12-16 00:48:39,614: -PUB [/camera/ir/image_raw/compressed/parameter_updates] /camera_nodelet_manager http://pc:52070/
[rosmaster.master][INFO] 2012-12-16 00:48:39,615: -PUB [/camera/ir/image_raw] /camera_nodelet_manager http://pc:52070/
[rosmaster.master][INFO] 2012-12-16 00:48:39,616: -PUB [/camera/ir/image_raw/theora] /camera_nodelet_manager http://pc:52070/
[rosmaster.master][INFO] 2012-12-16 00:48:39,617: -PUB [/camera/ir/image_raw/theora/parameter_descriptions] /camera_nodelet_manager http://pc:52070/
[rosmaster.master][INFO] 2012-12-16 00:48:39,617: -PUB [/camera/ir/image_raw/theora/parameter_updates] /camera_nodelet_manager http://pc:52070/
[rosmaster.master][INFO] 2012-12-16 00:48:39,618: -PUB [/camera/ir/camera_info] /camera_nodelet_manager http://pc:52070/
[rosmaster.master][INFO] 2012-12-16 00:48:39,619: -PUB [/camera/depth/image_raw/compressed] /camera_nodelet_manager http://pc:52070/
[rosmaster.master][INFO] 2012-12-16 00:48:39,620: -PUB [/camera/depth/image_raw/compressed/parameter_descriptions] /camera_nodelet_manager http://pc:52070/
[rosmaster.master][INFO] 2012-12-16 00:48:39,621: -PUB [/camera/depth/image_raw/compressed/parameter_updates] /camera_nodelet_manager http://pc:52070/
[rosmaster.master][INFO] 2012-12-16 00:48:39,622: -PUB [/camera/depth/image_raw] /camera_nodelet_manager http://pc:52070/
[rosmaster.master][INFO] 2012-12-16 00:48:39,623: -PUB [/camera/depth/image_raw/theora] /camera_nodelet_manager http://pc:52070/
[rosmaster.master][INFO] 2012-12-16 00:48:39,625: -PUB [/camera/depth/image_raw/theora/parameter_descriptions] /camera_nodelet_manager http://pc:52070/
[rosmaster.master][INFO] 2012-12-16 00:48:39,626: -PUB [/camera/depth/image_raw/theora/parameter_updates] /camera_nodelet_manager http://pc:52070/
[rosmaster.master][INFO] 2012-12-16 00:48:39,627: -PUB [/camera/depth/camera_info] /camera_nodelet_manager http://pc:52070/
[rosmaster.master][INFO] 2012-12-16 00:48:39,628: -PUB [/camera/projector/camera_info] /camera_nodelet_manager http://pc:52070/
[rosmaster.master][INFO] 2012-12-16 00:48:39,630: -PUB [/camera/depth_registered/image_raw/compressed] /camera_nodelet_manager http://pc:52070/
[rosmaster.master][INFO] 2012-12-16 00:48:39,632: -PUB [/camera/depth_registered/image_raw/compressed/parameter_descriptions] /camera_nodelet_manager http://pc:52070/
[rosmaster.master][INFO] 2012-12-16 00:48:39,633: -PUB [/camera/depth_registered/image_raw/compressed/parameter_updates] /camera_nodelet_manager http://pc:52070/
[rosmaster.master][INFO] 2012-12-16 00:48:39,634: -PUB [/camera/depth_registered/image_raw] /camera_nodelet_manager http://pc:52070/
[rosmaster.master][INFO] 2012-12-16 00:48:39,635: -PUB [/camera/depth_registered/image_raw/theora] /camera_nodelet_manager http://pc:52070/
[rosmaster.master][INFO] 2012-12-16 00:48:39,636: -PUB [/camera/depth_registered/image_raw/theora/parameter_descriptions] /camera_nodelet_manager http://pc:52070/
[rosmaster.master][INFO] 2012-12-16 00:48:39,636: -PUB [/camera/depth_registered/image_raw/theora/parameter_updates] /camera_nodelet_manager http://pc:52070/
[rosmaster.master][INFO] 2012-12-16 00:48:39,637: -PUB [/camera/depth_registered/camera_info] /camera_nodelet_manager http://pc:52070/
[rosmaster.master][INFO] 2012-12-16 00:48:39,639: -PUB [/camera/depth_registered/image/compressed] /camera_nodelet_manager http://pc:52070/
[rosmaster.master][INFO] 2012-12-16 00:48:39,640: -PUB [/camera/depth_registered/image/compressed/parameter_descriptions] /camera_nodelet_manager http://pc:52070/
[rosmaster.master][INFO] 2012-12-16 00:48:39,641: -PUB [/camera/depth_registered/image/compressed/parameter_updates] /camera_nodelet_manager http://pc:52070/
[rosmaster.master][INFO] 2012-12-16 00:48:39,643: -PUB [/camera/depth_registered/image] /camera_nodelet_manager http://pc:52070/
[rosmaster.master][INFO] 2012-12-16 00:48:39,644: -PUB [/camera/depth_registered/image/theora] /camera_nodelet_manager http://pc:52070/
[rosmaster.master][INFO] 2012-12-16 00:48:39,645: -PUB [/camera/depth_registered/image/theora/parameter_descriptions] /camera_nodelet_manager http://pc:52070/
[rosmaster.master][INFO] 2012-12-16 00:48:39,646: -PUB [/camera/depth_registered/image/theora/parameter_updates] /camera_nodelet_manager http://pc:52070/
[rosmaster.master][INFO] 2012-12-16 00:48:39,651: -PUB [/camera/rgb/image_rect_color/compressed] /camera_nodelet_manager http://pc:52070/
[rosmaster.master][INFO] 2012-12-16 00:48:39,653: -PUB [/camera/rgb/image_rect_color/compressed/parameter_descriptions] /camera_nodelet_manager http://pc:52070/
[rosmaster.master][INFO] 2012-12-16 00:48:39,654: -PUB [/camera/rgb/image_rect_color/compressed/parameter_updates] /camera_nodelet_manager http://pc:52070/
[rosmaster.master][INFO] 2012-12-16 00:48:39,656: -PUB [/camera/rgb/image_rect_color] /camera_nodelet_manager http://pc:52070/
[rosmaster.master][INFO] 2012-12-16 00:48:39,657: -PUB [/camera/rgb/image_rect_color/theora] /camera_nodelet_manager http://pc:52070/
[rosmaster.master][INFO] 2012-12-16 00:48:39,658: -PUB [/camera/rgb/image_rect_color/theora/parameter_descriptions] /camera_nodelet_manager http://pc:52070/
[rosmaster.master][INFO] 2012-12-16 00:48:39,659: -PUB [/camera/rgb/image_rect_color/theora/parameter_updates] /camera_nodelet_manager http://pc:52070/
[rosmaster.master][INFO] 2012-12-16 00:48:39,660: -SERVICE [/camera_nodelet_manager/get_loggers] /camera_nodelet_manager rosrpc://pc:50539
[rosmaster.master][INFO] 2012-12-16 00:48:39,661: -SERVICE [/camera_nodelet_manager/set_logger_level] /camera_nodelet_manager rosrpc://pc:50539
[rosmaster.master][INFO] 2012-12-16 00:48:39,662: -SERVICE [/camera_nodelet_manager/load_nodelet] /camera_nodelet_manager rosrpc://pc:50539
[rosmaster.master][INFO] 2012-12-16 00:48:39,663: -SERVICE [/camera_nodelet_manager/unload_nodelet] /camera_nodelet_manager rosrpc://pc:50539
[rosmaster.master][INFO] 2012-12-16 00:48:39,664: -SERVICE [/camera_nodelet_manager/list] /camera_nodelet_manager rosrpc://pc:50539
[rosmaster.master][INFO] 2012-12-16 00:48:39,664: -SERVICE [/camera/depth/image_rect/compressed/set_parameters] /camera_nodelet_manager rosrpc://pc:50539
[rosmaster.master][INFO] 2012-12-16 00:48:39,666: -SERVICE [/camera/depth/image_rect/theora/set_parameters] /camera_nodelet_manager rosrpc://pc:50539
[rosmaster.master][INFO] 2012-12-16 00:48:39,667: -SERVICE [/camera/rgb/image_rect/compressed/set_parameters] /camera_nodelet_manager rosrpc://pc:50539
[rosmaster.master][INFO] 2012-12-16 00:48:39,669: -SERVICE [/camera/rgb/image_rect/theora/set_parameters] /camera_nodelet_manager rosrpc://pc:50539
[rosmaster.master][INFO] 2012-12-16 00:48:39,671: -SERVICE [/camera/depth/image/compressed/set_parameters] /camera_nodelet_manager rosrpc://pc:50539
[rosmaster.master][INFO] 2012-12-16 00:48:39,672: -SERVICE [/camera/depth/image/theora/set_parameters] /camera_nodelet_manager rosrpc://pc:50539
[rosmaster.master][INFO] 2012-12-16 00:48:39,674: -SERVICE [/camera/depth/image_rect_raw/compressed/set_parameters] /camera_nodelet_manager rosrpc://pc:50539
[rosmaster.master][INFO] 2012-12-16 00:48:39,675: -SERVICE [/camera/depth/image_rect_raw/theora/set_parameters] /camera_nodelet_manager rosrpc://pc:50539
[rosmaster.master][INFO] 2012-12-16 00:48:39,675: -SERVICE [/camera/ir/image_rect/compressed/set_parameters] /camera_nodelet_manager rosrpc://pc:50539
[rosmaster.master][INFO] 2012-12-16 00:48:39,676: -SERVICE [/camera/ir/image_rect/theora/set_parameters] /camera_nodelet_manager rosrpc://pc:50539
[rosmaster.master][INFO] 2012-12-16 00:48:39,677: -SERVICE [/camera/depth_registered/image_rect_raw/compressed/set_parameters] /camera_nodelet_manager rosrpc://pc:50539
[rosmaster.master][INFO] 2012-12-16 00:48:39,678: -SERVICE [/camera/depth_registered/image_rect_raw/theora/set_parameters] /camera_nodelet_manager rosrpc://pc:50539
[rosmaster.master][INFO] 2012-12-16 00:48:39,679: -SERVICE [/camera/rgb/image_mono/compressed/set_parameters] /camera_nodelet_manager rosrpc://pc:50539
[rosmaster.master][INFO] 2012-12-16 00:48:39,680: -SERVICE [/camera/rgb/image_mono/theora/set_parameters] /camera_nodelet_manager rosrpc://pc:50539
[rosmaster.master][INFO] 2012-12-16 00:48:39,680: -SERVICE [/camera/rgb/image_color/compressed/set_parameters] /camera_nodelet_manager rosrpc://pc:50539
[rosmaster.master][INFO] 2012-12-16 00:48:39,681: -SERVICE [/camera/rgb/image_color/theora/set_parameters] /camera_nodelet_manager rosrpc://pc:50539
[rosmaster.master][INFO] 2012-12-16 00:48:39,682: -SERVICE [/camera/depth_registered/image_rect/compressed/set_parameters] /camera_nodelet_manager rosrpc://pc:50539
[rosmaster.master][INFO] 2012-12-16 00:48:39,683: -SERVICE [/camera/depth_registered/image_rect/theora/set_parameters] /camera_nodelet_manager rosrpc://pc:50539
[rosmaster.master][INFO] 2012-12-16 00:48:39,684: -SERVICE [/camera/rgb/image_raw/compressed/set_parameters] /camera_nodelet_manager rosrpc://pc:50539
[rosmaster.master][INFO] 2012-12-16 00:48:39,686: -SERVICE [/camera/rgb/image_raw/theora/set_parameters] /camera_nodelet_manager rosrpc://pc:50539
[rosmaster.master][INFO] 2012-12-16 00:48:39,687: -SERVICE [/camera/ir/image_raw/compressed/set_parameters] /camera_nodelet_manager rosrpc://pc:50539
[rosmaster.master][INFO] 2012-12-16 00:48:39,689: -SERVICE [/camera/ir/image_raw/theora/set_parameters] /camera_nodelet_manager rosrpc://pc:50539
[rosmaster.master][INFO] 2012-12-16 00:48:39,693: -SERVICE [/camera/depth/image_raw/compressed/set_parameters] /camera_nodelet_manager rosrpc://pc:50539
[rosmaster.master][INFO] 2012-12-16 00:48:39,694: -SERVICE [/camera/depth/image_raw/theora/set_parameters] /camera_nodelet_manager rosrpc://pc:50539
[rosmaster.master][INFO] 2012-12-16 00:48:39,695: -SERVICE [/camera/depth_registered/image_raw/compressed/set_parameters] /camera_nodelet_manager rosrpc://pc:50539
[rosmaster.master][INFO] 2012-12-16 00:48:39,696: -SERVICE [/camera/depth_registered/image_raw/theora/set_parameters] /camera_nodelet_manager rosrpc://pc:50539
[rosmaster.master][INFO] 2012-12-16 00:48:39,697: -SERVICE [/camera/depth_registered/image/compressed/set_parameters] /camera_nodelet_manager rosrpc://pc:50539
[rosmaster.master][INFO] 2012-12-16 00:48:39,698: -SERVICE [/camera/depth_registered/image/theora/set_parameters] /camera_nodelet_manager rosrpc://pc:50539
[rosmaster.master][INFO] 2012-12-16 00:48:39,699: -SERVICE [/camera/rgb/image_rect_color/compressed/set_parameters] /camera_nodelet_manager rosrpc://pc:50539
[rosmaster.master][INFO] 2012-12-16 00:48:39,700: -SERVICE [/camera/rgb/image_rect_color/theora/set_parameters] /camera_nodelet_manager rosrpc://pc:50539
[rosmaster.master][INFO] 2012-12-16 00:48:40,039: -PUB [/rosout_agg] /rosout http://pc:60520/
[rosmaster.master][INFO] 2012-12-16 00:48:40,040: -SUB [/rosout] /rosout http://pc:60520/
[rosmaster.master][INFO] 2012-12-16 00:48:40,041: -SERVICE [/rosout/get_loggers] /rosout rosrpc://pc:39023
[rosmaster.master][INFO] 2012-12-16 00:48:40,042: -SERVICE [/rosout/set_logger_level] /rosout rosrpc://pc:39023
[rosmaster.main][INFO] 2012-12-16 00:48:40,141: keyboard interrupt, will exit
[rosmaster.main][INFO] 2012-12-16 00:48:40,142: stopping master...
