[rosmaster.main][INFO] 2012-12-15 17:16:05,826: initialization complete, waiting for shutdown
[rosmaster.main][INFO] 2012-12-15 17:16:05,826: Starting ROS Master Node
[xmlrpc][INFO] 2012-12-15 17:16:05,828: XML-RPC server binding to 0.0.0.0
[xmlrpc][INFO] 2012-12-15 17:16:05,829: Started XML-RPC server [http://pc:11311/]
[rosmaster.master][INFO] 2012-12-15 17:16:05,829: Master initialized: port[11311], uri[http://pc:11311/]
[xmlrpc][INFO] 2012-12-15 17:16:05,829: xml rpc node: starting XML-RPC server
[rosmaster.master][INFO] 2012-12-15 17:16:05,943: +PARAM [/run_id] by /roslaunch
[rosmaster.master][INFO] 2012-12-15 17:16:05,947: +PARAM [/roslaunch/uris/host_pc__36006] by /roslaunch
[rosmaster.master][INFO] 2012-12-15 17:16:05,973: +PARAM [/rosdistro] by /roslaunch
[rosmaster.master][INFO] 2012-12-15 17:16:05,974: +PARAM [/camera/driver/rgb_frame_id] by /roslaunch
[rosmaster.master][INFO] 2012-12-15 17:16:05,974: +PARAM [/camera/disparity_depth_registered/min_range] by /roslaunch
[rosmaster.master][INFO] 2012-12-15 17:16:05,974: +PARAM [/camera/driver/rgb_camera_info_url] by /roslaunch
[rosmaster.master][INFO] 2012-12-15 17:16:05,974: +PARAM [/camera/depth_registered/rectify_depth/interpolation] by /roslaunch
[rosmaster.master][INFO] 2012-12-15 17:16:05,974: +PARAM [/camera/driver/depth_frame_id] by /roslaunch
[rosmaster.master][INFO] 2012-12-15 17:16:05,975: +PARAM [/camera/depth/rectify_depth/interpolation] by /roslaunch
[rosmaster.master][INFO] 2012-12-15 17:16:05,975: +PARAM [/camera/disparity_depth/max_range] by /roslaunch
[rosmaster.master][INFO] 2012-12-15 17:16:05,975: +PARAM [/rosversion] by /roslaunch
[rosmaster.master][INFO] 2012-12-15 17:16:05,975: +PARAM [/camera/driver/device_id] by /roslaunch
[rosmaster.master][INFO] 2012-12-15 17:16:05,976: +PARAM [/camera/driver/depth_camera_info_url] by /roslaunch
[rosmaster.master][INFO] 2012-12-15 17:16:05,976: +PARAM [/camera/disparity_depth/min_range] by /roslaunch
[rosmaster.master][INFO] 2012-12-15 17:16:05,976: +PARAM [/camera/disparity_depth_registered/max_range] by /roslaunch
[rosmaster.master][INFO] 2012-12-15 17:16:05,982: +SERVICE [/rosout/get_loggers] /rosout http://pc:36201/
[rosmaster.master][INFO] 2012-12-15 17:16:05,983: +SERVICE [/rosout/set_logger_level] /rosout http://pc:36201/
[rosmaster.master][INFO] 2012-12-15 17:16:05,986: +PUB [/rosout_agg] /rosout http://pc:36201/
[rosmaster.master][INFO] 2012-12-15 17:16:05,988: +SUB [/rosout] /rosout http://pc:36201/
[rosmaster.master][INFO] 2012-12-15 17:16:06,012: +PUB [/rosout] /camera/driver http://pc:54308/
[rosmaster.master][INFO] 2012-12-15 17:16:06,013: +SERVICE [/camera/driver/get_loggers] /camera/driver http://pc:54308/
[rosmaster.master][INFO] 2012-12-15 17:16:06,015: +SERVICE [/camera/driver/set_logger_level] /camera/driver http://pc:54308/
[rosmaster.master][INFO] 2012-12-15 17:16:06,019: +PARAM [/camera/driver] by /camera/driver
[rosmaster.master][INFO] 2012-12-15 17:16:06,020: +PUB [/rosout] /camera/rgb/debayer http://pc:46930/
[rosmaster.master][INFO] 2012-12-15 17:16:06,025: +SERVICE [/camera/rgb/debayer/get_loggers] /camera/rgb/debayer http://pc:46930/
[rosmaster.master][INFO] 2012-12-15 17:16:06,028: publisherUpdate[/rosout] -> http://pc:36201/
[rosmaster.master][INFO] 2012-12-15 17:16:06,031: publisherUpdate[/rosout] -> http://pc:36201/
[rosmaster.master][INFO] 2012-12-15 17:16:06,034: +PUB [/rosout] /camera/rgb/rectify_mono http://pc:57845/
[rosmaster.master][INFO] 2012-12-15 17:16:06,035: publisherUpdate[/rosout] -> http://pc:36201/
[rosmaster.master][INFO] 2012-12-15 17:16:06,042: +SERVICE [/camera/rgb/debayer/set_logger_level] /camera/rgb/debayer http://pc:46930/
[rosmaster.master][INFO] 2012-12-15 17:16:06,045: +PUB [/rosout] /camera/rgb/rectify_color http://pc:59218/
[rosmaster.master][INFO] 2012-12-15 17:16:06,049: +SERVICE [/camera/rgb/rectify_mono/get_loggers] /camera/rgb/rectify_mono http://pc:57845/
[rosmaster.master][INFO] 2012-12-15 17:16:06,050: +SERVICE [/camera/rgb/rectify_color/get_loggers] /camera/rgb/rectify_color http://pc:59218/
[rosmaster.master][INFO] 2012-12-15 17:16:06,052: +SERVICE [/camera/rgb/rectify_mono/set_logger_level] /camera/rgb/rectify_mono http://pc:57845/
[rosmaster.master][INFO] 2012-12-15 17:16:06,056: +SERVICE [/camera/rgb/rectify_color/set_logger_level] /camera/rgb/rectify_color http://pc:59218/
[rosmaster.master][INFO] 2012-12-15 17:16:06,078: +PUB [/rosout] /camera/ir/rectify_ir http://pc:44131/
[rosmaster.master][INFO] 2012-12-15 17:16:06,085: +PUB [/rosout] /camera/depth/rectify_depth http://pc:58402/
[rosmaster.master][INFO] 2012-12-15 17:16:06,086: +SERVICE [/camera/ir/rectify_ir/get_loggers] /camera/ir/rectify_ir http://pc:44131/
[rosmaster.master][INFO] 2012-12-15 17:16:06,088: +PUB [/rosout] /camera/depth/metric_rect http://pc:54035/
[rosmaster.master][INFO] 2012-12-15 17:16:06,094: +SERVICE [/camera/depth/rectify_depth/get_loggers] /camera/depth/rectify_depth http://pc:58402/
[rosmaster.master][INFO] 2012-12-15 17:16:06,096: +SERVICE [/camera/ir/rectify_ir/set_logger_level] /camera/ir/rectify_ir http://pc:44131/
[rosmaster.master][INFO] 2012-12-15 17:16:06,100: +SERVICE [/camera/depth/metric_rect/get_loggers] /camera/depth/metric_rect http://pc:54035/
[rosmaster.master][INFO] 2012-12-15 17:16:06,104: +PUB [/rosout] /camera/depth/metric http://pc:37319/
[rosmaster.master][INFO] 2012-12-15 17:16:06,107: +SERVICE [/camera/depth/rectify_depth/set_logger_level] /camera/depth/rectify_depth http://pc:58402/
[rosmaster.master][INFO] 2012-12-15 17:16:06,110: +SERVICE [/camera/depth/metric_rect/set_logger_level] /camera/depth/metric_rect http://pc:54035/
[rosmaster.master][INFO] 2012-12-15 17:16:06,113: +PUB [/rosout] /camera/depth/points http://pc:59450/
[rosmaster.master][INFO] 2012-12-15 17:16:06,121: +SERVICE [/camera/depth/metric/get_loggers] /camera/depth/metric http://pc:37319/
[rosmaster.master][INFO] 2012-12-15 17:16:06,128: +SERVICE [/camera/depth/points/get_loggers] /camera/depth/points http://pc:59450/
[rosmaster.master][INFO] 2012-12-15 17:16:06,133: publisherUpdate[/rosout] -> http://pc:36201/
[rosmaster.master][INFO] 2012-12-15 17:16:06,134: publisherUpdate[/rosout] -> http://pc:36201/
[rosmaster.master][INFO] 2012-12-15 17:16:06,136: publisherUpdate[/rosout] -> http://pc:36201/
[rosmaster.master][INFO] 2012-12-15 17:16:06,137: publisherUpdate[/rosout] -> http://pc:36201/
[rosmaster.master][INFO] 2012-12-15 17:16:06,138: publisherUpdate[/rosout] -> http://pc:36201/
[rosmaster.master][INFO] 2012-12-15 17:16:06,139: publisherUpdate[/rosout] -> http://pc:36201/
[rosmaster.master][INFO] 2012-12-15 17:16:06,144: +SERVICE [/camera/depth/points/set_logger_level] /camera/depth/points http://pc:59450/
[rosmaster.master][INFO] 2012-12-15 17:16:06,145: +PUB [/rosout] /camera/register_depth_rgb http://pc:41284/
[rosmaster.master][INFO] 2012-12-15 17:16:06,154: +PUB [/rosout] /camera/depth_registered/rectify_depth http://pc:33656/
[rosmaster.master][INFO] 2012-12-15 17:16:06,162: +PARAM [/camera/depth/rectify_depth] by /camera/depth/rectify_depth
[rosmaster.master][INFO] 2012-12-15 17:16:06,173: +SERVICE [/camera/register_depth_rgb/get_loggers] /camera/register_depth_rgb http://pc:41284/
[rosmaster.master][INFO] 2012-12-15 17:16:06,180: +PUB [/rosout] /camera/depth_registered/metric http://pc:42380/
[rosmaster.master][INFO] 2012-12-15 17:16:06,184: +SERVICE [/camera/register_depth_rgb/set_logger_level] /camera/register_depth_rgb http://pc:41284/
[rosmaster.master][INFO] 2012-12-15 17:16:06,186: +PUB [/rosout] /camera/disparity_depth http://pc:34602/
[rosmaster.master][INFO] 2012-12-15 17:16:06,188: +PUB [/rosout] /camera/points_xyzrgb_depth_rgb http://pc:45639/
[rosmaster.master][INFO] 2012-12-15 17:16:06,194: +SERVICE [/camera/depth_registered/metric/get_loggers] /camera/depth_registered/metric http://pc:42380/
[rosmaster.master][INFO] 2012-12-15 17:16:06,203: +SERVICE [/camera/disparity_depth/get_loggers] /camera/disparity_depth http://pc:34602/
[rosmaster.master][INFO] 2012-12-15 17:16:06,209: +PUB [/rosout] /camera/disparity_depth_registered http://pc:46558/
[rosmaster.master][INFO] 2012-12-15 17:16:06,210: +SERVICE [/camera/points_xyzrgb_depth_rgb/get_loggers] /camera/points_xyzrgb_depth_rgb http://pc:45639/
[rosmaster.master][INFO] 2012-12-15 17:16:06,223: +SERVICE [/camera/disparity_depth_registered/get_loggers] /camera/disparity_depth_registered http://pc:46558/
[rosmaster.master][INFO] 2012-12-15 17:16:06,227: +SERVICE [/camera/points_xyzrgb_depth_rgb/set_logger_level] /camera/points_xyzrgb_depth_rgb http://pc:45639/
[rosmaster.master][INFO] 2012-12-15 17:16:06,228: +PUB [/rosout] /camera_base_link http://pc:41602/
[rosmaster.master][INFO] 2012-12-15 17:16:06,234: publisherUpdate[/rosout] -> http://pc:36201/
[rosmaster.master][INFO] 2012-12-15 17:16:06,235: publisherUpdate[/rosout] -> http://pc:36201/
[rosmaster.master][INFO] 2012-12-15 17:16:06,237: +PUB [/rosout] /camera_base_link1 http://pc:37809/
[rosmaster.master][INFO] 2012-12-15 17:16:06,242: +SERVICE [/camera_base_link/get_loggers] /camera_base_link http://pc:41602/
[rosmaster.master][INFO] 2012-12-15 17:16:06,246: +PUB [/rosout] /camera_base_link2 http://pc:54261/
[rosmaster.master][INFO] 2012-12-15 17:16:06,249: +SERVICE [/camera_base_link1/get_loggers] /camera_base_link1 http://pc:37809/
[rosmaster.master][INFO] 2012-12-15 17:16:06,252: publisherUpdate[/rosout] -> http://pc:36201/
[rosmaster.master][INFO] 2012-12-15 17:16:06,254: publisherUpdate[/rosout] -> http://pc:36201/
[rosmaster.master][INFO] 2012-12-15 17:16:06,255: publisherUpdate[/rosout] -> http://pc:36201/
[rosmaster.master][INFO] 2012-12-15 17:16:06,257: publisherUpdate[/rosout] -> http://pc:36201/
[rosmaster.master][INFO] 2012-12-15 17:16:06,258: publisherUpdate[/rosout] -> http://pc:36201/
[rosmaster.master][INFO] 2012-12-15 17:16:06,260: publisherUpdate[/rosout] -> http://pc:36201/
[rosmaster.master][INFO] 2012-12-15 17:16:06,262: publisherUpdate[/rosout] -> http://pc:36201/
[rosmaster.master][INFO] 2012-12-15 17:16:06,263: +SERVICE [/camera_base_link/set_logger_level] /camera_base_link http://pc:41602/
[rosmaster.master][INFO] 2012-12-15 17:16:06,267: +SERVICE [/camera_base_link2/get_loggers] /camera_base_link2 http://pc:54261/
[rosmaster.master][INFO] 2012-12-15 17:16:06,269: +SERVICE [/camera_base_link1/set_logger_level] /camera_base_link1 http://pc:37809/
[rosmaster.master][INFO] 2012-12-15 17:16:06,279: +SERVICE [/camera_base_link2/set_logger_level] /camera_base_link2 http://pc:54261/
[rosmaster.master][INFO] 2012-12-15 17:16:06,289: +PUB [/tf] /camera_base_link http://pc:41602/
[rosmaster.master][INFO] 2012-12-15 17:16:06,292: +PUB [/tf] /camera_base_link1 http://pc:37809/
[rosmaster.master][INFO] 2012-12-15 17:16:06,295: +PUB [/tf] /camera_base_link2 http://pc:54261/
[rosmaster.master][INFO] 2012-12-15 17:16:06,339: +PUB [/rosout] /camera_nodelet_manager http://pc:51642/
[rosmaster.master][INFO] 2012-12-15 17:16:06,340: +SERVICE [/camera_nodelet_manager/get_loggers] /camera_nodelet_manager http://pc:51642/
[rosmaster.master][INFO] 2012-12-15 17:16:06,341: +SERVICE [/camera_nodelet_manager/set_logger_level] /camera_nodelet_manager http://pc:51642/
[rosmaster.master][INFO] 2012-12-15 17:16:06,344: +SERVICE [/camera_nodelet_manager/load_nodelet] /camera_nodelet_manager http://pc:51642/
[rosmaster.master][INFO] 2012-12-15 17:16:06,346: publisherUpdate[/rosout] -> http://pc:36201/
[rosmaster.master][INFO] 2012-12-15 17:16:06,349: +SERVICE [/camera_nodelet_manager/unload_nodelet] /camera_nodelet_manager http://pc:51642/
[rosmaster.master][INFO] 2012-12-15 17:16:06,354: +SERVICE [/camera_nodelet_manager/list] /camera_nodelet_manager http://pc:51642/
[rosmaster.master][INFO] 2012-12-15 17:16:06,623: +PUB [/rosout] /set_dr http://pc:44066/
[rosmaster.master][INFO] 2012-12-15 17:16:06,647: publisherUpdate[/rosout] -> http://pc:36201/
[rosmaster.master][INFO] 2012-12-15 17:16:06,681: +SERVICE [/camera/rgb/rectify_mono/set_parameters] /camera_nodelet_manager http://pc:51642/
[rosmaster.master][INFO] 2012-12-15 17:16:06,682: +PUB [/camera/rgb/rectify_mono/parameter_descriptions] /camera_nodelet_manager http://pc:51642/
[rosmaster.master][INFO] 2012-12-15 17:16:06,683: +PUB [/camera/rgb/rectify_mono/parameter_updates] /camera_nodelet_manager http://pc:51642/
[rosmaster.master][INFO] 2012-12-15 17:16:06,685: +PARAM [/camera/rgb/rectify_mono/interpolation] by /camera_nodelet_manager
[rosmaster.master][INFO] 2012-12-15 17:16:06,689: +PUB [/camera/rgb/image_rect/compressed] /camera_nodelet_manager http://pc:51642/
[rosmaster.master][INFO] 2012-12-15 17:16:06,690: +SERVICE [/camera/rgb/image_rect/compressed/set_parameters] /camera_nodelet_manager http://pc:51642/
[rosmaster.master][INFO] 2012-12-15 17:16:06,691: +PUB [/camera/rgb/image_rect/compressed/parameter_descriptions] /camera_nodelet_manager http://pc:51642/
[rosmaster.master][INFO] 2012-12-15 17:16:06,692: +PUB [/camera/rgb/image_rect/compressed/parameter_updates] /camera_nodelet_manager http://pc:51642/
[rosmaster.master][INFO] 2012-12-15 17:16:06,696: +PARAM [/camera/rgb/image_rect/compressed/format] by /camera_nodelet_manager
[rosmaster.master][INFO] 2012-12-15 17:16:06,697: +PARAM [/camera/rgb/image_rect/compressed/jpeg_quality] by /camera_nodelet_manager
[rosmaster.master][INFO] 2012-12-15 17:16:06,698: +PARAM [/camera/rgb/image_rect/compressed/png_level] by /camera_nodelet_manager
[rosmaster.master][INFO] 2012-12-15 17:16:06,699: +PUB [/camera/rgb/image_rect] /camera_nodelet_manager http://pc:51642/
[rosmaster.master][INFO] 2012-12-15 17:16:06,702: +PUB [/camera/rgb/image_rect/theora] /camera_nodelet_manager http://pc:51642/
[rosmaster.master][INFO] 2012-12-15 17:16:06,703: +SERVICE [/camera/rgb/image_rect/theora/set_parameters] /camera_nodelet_manager http://pc:51642/
[rosmaster.master][INFO] 2012-12-15 17:16:06,704: +PUB [/camera/rgb/image_rect/theora/parameter_descriptions] /camera_nodelet_manager http://pc:51642/
[rosmaster.master][INFO] 2012-12-15 17:16:06,705: +PUB [/camera/rgb/image_rect/theora/parameter_updates] /camera_nodelet_manager http://pc:51642/
[rosmaster.master][INFO] 2012-12-15 17:16:06,709: +PARAM [/camera/rgb/image_rect/theora/optimize_for] by /camera_nodelet_manager
[rosmaster.master][INFO] 2012-12-15 17:16:06,710: +PARAM [/camera/rgb/image_rect/theora/target_bitrate] by /camera_nodelet_manager
[rosmaster.master][INFO] 2012-12-15 17:16:06,711: +PARAM [/camera/rgb/image_rect/theora/quality] by /camera_nodelet_manager
[rosmaster.master][INFO] 2012-12-15 17:16:06,712: +PARAM [/camera/rgb/image_rect/theora/keyframe_frequency] by /camera_nodelet_manager
[rosmaster.master][INFO] 2012-12-15 17:16:06,946: +SERVICE [/camera/ir/rectify_ir/set_parameters] /camera_nodelet_manager http://pc:51642/
[rosmaster.master][INFO] 2012-12-15 17:16:06,949: +PUB [/camera/ir/rectify_ir/parameter_descriptions] /camera_nodelet_manager http://pc:51642/
[rosmaster.master][INFO] 2012-12-15 17:16:06,951: +PUB [/camera/ir/rectify_ir/parameter_updates] /camera_nodelet_manager http://pc:51642/
[rosmaster.master][INFO] 2012-12-15 17:16:06,955: +PARAM [/camera/ir/rectify_ir/interpolation] by /camera_nodelet_manager
[rosmaster.master][INFO] 2012-12-15 17:16:06,958: +PUB [/camera/ir/image_rect/compressed] /camera_nodelet_manager http://pc:51642/
[rosmaster.master][INFO] 2012-12-15 17:16:06,960: +SERVICE [/camera/ir/image_rect/compressed/set_parameters] /camera_nodelet_manager http://pc:51642/
[rosmaster.master][INFO] 2012-12-15 17:16:06,963: +PUB [/camera/ir/image_rect/compressed/parameter_descriptions] /camera_nodelet_manager http://pc:51642/
[rosmaster.master][INFO] 2012-12-15 17:16:06,965: +PUB [/camera/ir/image_rect/compressed/parameter_updates] /camera_nodelet_manager http://pc:51642/
[rosmaster.master][INFO] 2012-12-15 17:16:06,973: +PARAM [/camera/ir/image_rect/compressed/format] by /camera_nodelet_manager
[rosmaster.master][INFO] 2012-12-15 17:16:06,976: +PARAM [/camera/ir/image_rect/compressed/jpeg_quality] by /camera_nodelet_manager
[rosmaster.master][INFO] 2012-12-15 17:16:06,978: +PARAM [/camera/ir/image_rect/compressed/png_level] by /camera_nodelet_manager
[rosmaster.master][INFO] 2012-12-15 17:16:06,981: +PUB [/camera/ir/image_rect] /camera_nodelet_manager http://pc:51642/
[rosmaster.master][INFO] 2012-12-15 17:16:06,983: +PUB [/camera/ir/image_rect/theora] /camera_nodelet_manager http://pc:51642/
[rosmaster.master][INFO] 2012-12-15 17:16:06,986: +SERVICE [/camera/ir/image_rect/theora/set_parameters] /camera_nodelet_manager http://pc:51642/
[rosmaster.master][INFO] 2012-12-15 17:16:06,988: +PUB [/camera/ir/image_rect/theora/parameter_descriptions] /camera_nodelet_manager http://pc:51642/
[rosmaster.master][INFO] 2012-12-15 17:16:06,992: +PUB [/camera/ir/image_rect/theora/parameter_updates] /camera_nodelet_manager http://pc:51642/
[rosmaster.master][INFO] 2012-12-15 17:16:07,003: +PARAM [/camera/ir/image_rect/theora/optimize_for] by /camera_nodelet_manager
[rosmaster.master][INFO] 2012-12-15 17:16:07,005: +PARAM [/camera/ir/image_rect/theora/target_bitrate] by /camera_nodelet_manager
[rosmaster.master][INFO] 2012-12-15 17:16:07,007: +PARAM [/camera/ir/image_rect/theora/quality] by /camera_nodelet_manager
[rosmaster.master][INFO] 2012-12-15 17:16:07,008: +PARAM [/camera/ir/image_rect/theora/keyframe_frequency] by /camera_nodelet_manager
[rosmaster.master][INFO] 2012-12-15 17:16:07,031: +PUB [/rosout] /depth_detection http://pc:50692/
[rosmaster.master][INFO] 2012-12-15 17:16:07,050: publisherUpdate[/rosout] -> http://pc:36201/
[rosmaster.master][INFO] 2012-12-15 17:16:07,086: +SUB [/camera/depth_registered/image_rect] /depth_detection http://pc:50692/
[rosmaster.master][INFO] 2012-12-15 17:16:07,089: +SUB [/camera/rgb/image_rect_color] /depth_detection http://pc:50692/
[rosmaster.master][INFO] 2012-12-15 17:16:07,282: +PUB [/camera/depth/points] /camera_nodelet_manager http://pc:51642/
[rosmaster.master][INFO] 2012-12-15 17:16:07,565: +SUB [/tf] /camera_nodelet_manager http://pc:51642/
[rosmaster.master][INFO] 2012-12-15 17:16:07,569: +SERVICE [/camera_nodelet_manager/tf_frames] /camera_nodelet_manager http://pc:51642/
[rosmaster.master][INFO] 2012-12-15 17:16:07,852: +PUB [/camera/depth_registered/image_rect_raw/compressed] /camera_nodelet_manager http://pc:51642/
[rosmaster.master][INFO] 2012-12-15 17:16:07,854: +SERVICE [/camera/depth_registered/image_rect_raw/compressed/set_parameters] /camera_nodelet_manager http://pc:51642/
[rosmaster.master][INFO] 2012-12-15 17:16:07,856: +PUB [/camera/depth_registered/image_rect_raw/compressed/parameter_descriptions] /camera_nodelet_manager http://pc:51642/
[rosmaster.master][INFO] 2012-12-15 17:16:07,858: +PUB [/camera/depth_registered/image_rect_raw/compressed/parameter_updates] /camera_nodelet_manager http://pc:51642/
[rosmaster.master][INFO] 2012-12-15 17:16:07,863: +PARAM [/camera/depth_registered/image_rect_raw/compressed/format] by /camera_nodelet_manager
[rosmaster.master][INFO] 2012-12-15 17:16:07,864: +PARAM [/camera/depth_registered/image_rect_raw/compressed/jpeg_quality] by /camera_nodelet_manager
[rosmaster.master][INFO] 2012-12-15 17:16:07,865: +PARAM [/camera/depth_registered/image_rect_raw/compressed/png_level] by /camera_nodelet_manager
[rosmaster.master][INFO] 2012-12-15 17:16:07,867: +PUB [/camera/depth_registered/image_rect_raw] /camera_nodelet_manager http://pc:51642/
[rosmaster.master][INFO] 2012-12-15 17:16:07,869: +PUB [/camera/depth_registered/image_rect_raw/theora] /camera_nodelet_manager http://pc:51642/
[rosmaster.master][INFO] 2012-12-15 17:16:07,870: +SERVICE [/camera/depth_registered/image_rect_raw/theora/set_parameters] /camera_nodelet_manager http://pc:51642/
[rosmaster.master][INFO] 2012-12-15 17:16:07,872: +PUB [/camera/depth_registered/image_rect_raw/theora/parameter_descriptions] /camera_nodelet_manager http://pc:51642/
[rosmaster.master][INFO] 2012-12-15 17:16:07,875: +PUB [/camera/depth_registered/image_rect_raw/theora/parameter_updates] /camera_nodelet_manager http://pc:51642/
[rosmaster.master][INFO] 2012-12-15 17:16:07,886: +PARAM [/camera/depth_registered/image_rect_raw/theora/optimize_for] by /camera_nodelet_manager
[rosmaster.master][INFO] 2012-12-15 17:16:07,888: +PARAM [/camera/depth_registered/image_rect_raw/theora/target_bitrate] by /camera_nodelet_manager
[rosmaster.master][INFO] 2012-12-15 17:16:07,891: +PARAM [/camera/depth_registered/image_rect_raw/theora/quality] by /camera_nodelet_manager
[rosmaster.master][INFO] 2012-12-15 17:16:07,893: +PARAM [/camera/depth_registered/image_rect_raw/theora/keyframe_frequency] by /camera_nodelet_manager
[rosmaster.master][INFO] 2012-12-15 17:16:07,896: +PUB [/camera/depth_registered/camera_info] /camera_nodelet_manager http://pc:51642/
[rosmaster.master][INFO] 2012-12-15 17:16:08,419: +PUB [/camera/depth_registered/points] /camera_nodelet_manager http://pc:51642/
[rosmaster.master][INFO] 2012-12-15 17:16:08,678: +SERVICE [/camera/depth/rectify_depth/set_parameters] /camera_nodelet_manager http://pc:51642/
[rosmaster.master][INFO] 2012-12-15 17:16:08,680: +PUB [/camera/depth/rectify_depth/parameter_descriptions] /camera_nodelet_manager http://pc:51642/
[rosmaster.master][INFO] 2012-12-15 17:16:08,682: +PUB [/camera/depth/rectify_depth/parameter_updates] /camera_nodelet_manager http://pc:51642/
[rosmaster.master][INFO] 2012-12-15 17:16:08,685: +PARAM [/camera/depth/rectify_depth/interpolation] by /camera_nodelet_manager
[rosmaster.master][INFO] 2012-12-15 17:16:08,688: +PUB [/camera/depth/image_rect_raw/compressed] /camera_nodelet_manager http://pc:51642/
[rosmaster.master][INFO] 2012-12-15 17:16:08,691: +SERVICE [/camera/depth/image_rect_raw/compressed/set_parameters] /camera_nodelet_manager http://pc:51642/
[rosmaster.master][INFO] 2012-12-15 17:16:08,694: +PUB [/camera/depth/image_rect_raw/compressed/parameter_descriptions] /camera_nodelet_manager http://pc:51642/
[rosmaster.master][INFO] 2012-12-15 17:16:08,696: +PUB [/camera/depth/image_rect_raw/compressed/parameter_updates] /camera_nodelet_manager http://pc:51642/
[rosmaster.master][INFO] 2012-12-15 17:16:08,704: +PARAM [/camera/depth/image_rect_raw/compressed/format] by /camera_nodelet_manager
[rosmaster.master][INFO] 2012-12-15 17:16:08,706: +PARAM [/camera/depth/image_rect_raw/compressed/jpeg_quality] by /camera_nodelet_manager
[rosmaster.master][INFO] 2012-12-15 17:16:08,708: +PARAM [/camera/depth/image_rect_raw/compressed/png_level] by /camera_nodelet_manager
[rosmaster.master][INFO] 2012-12-15 17:16:08,711: +PUB [/camera/depth/image_rect_raw] /camera_nodelet_manager http://pc:51642/
[rosmaster.master][INFO] 2012-12-15 17:16:08,714: +PUB [/camera/depth/image_rect_raw/theora] /camera_nodelet_manager http://pc:51642/
[rosmaster.master][INFO] 2012-12-15 17:16:08,716: +SERVICE [/camera/depth/image_rect_raw/theora/set_parameters] /camera_nodelet_manager http://pc:51642/
[rosmaster.master][INFO] 2012-12-15 17:16:08,719: +PUB [/camera/depth/image_rect_raw/theora/parameter_descriptions] /camera_nodelet_manager http://pc:51642/
[rosmaster.master][INFO] 2012-12-15 17:16:08,721: +PUB [/camera/depth/image_rect_raw/theora/parameter_updates] /camera_nodelet_manager http://pc:51642/
[rosmaster.master][INFO] 2012-12-15 17:16:08,730: +PARAM [/camera/depth/image_rect_raw/theora/optimize_for] by /camera_nodelet_manager
[rosmaster.master][INFO] 2012-12-15 17:16:08,732: +PARAM [/camera/depth/image_rect_raw/theora/target_bitrate] by /camera_nodelet_manager
[rosmaster.master][INFO] 2012-12-15 17:16:08,734: +PARAM [/camera/depth/image_rect_raw/theora/quality] by /camera_nodelet_manager
[rosmaster.master][INFO] 2012-12-15 17:16:08,736: +PARAM [/camera/depth/image_rect_raw/theora/keyframe_frequency] by /camera_nodelet_manager
[rosmaster.master][INFO] 2012-12-15 17:16:09,004: +SERVICE [/camera/rgb/debayer/set_parameters] /camera_nodelet_manager http://pc:51642/
[rosmaster.master][INFO] 2012-12-15 17:16:09,007: +PUB [/camera/rgb/debayer/parameter_descriptions] /camera_nodelet_manager http://pc:51642/
[rosmaster.master][INFO] 2012-12-15 17:16:09,009: +PUB [/camera/rgb/debayer/parameter_updates] /camera_nodelet_manager http://pc:51642/
[rosmaster.master][INFO] 2012-12-15 17:16:09,013: +PARAM [/camera/rgb/debayer/debayer] by /camera_nodelet_manager
[rosmaster.master][INFO] 2012-12-15 17:16:09,016: +PUB [/camera/rgb/image_mono/compressed] /camera_nodelet_manager http://pc:51642/
[rosmaster.master][INFO] 2012-12-15 17:16:09,018: +SERVICE [/camera/rgb/image_mono/compressed/set_parameters] /camera_nodelet_manager http://pc:51642/
[rosmaster.master][INFO] 2012-12-15 17:16:09,021: +PUB [/camera/rgb/image_mono/compressed/parameter_descriptions] /camera_nodelet_manager http://pc:51642/
[rosmaster.master][INFO] 2012-12-15 17:16:09,023: +PUB [/camera/rgb/image_mono/compressed/parameter_updates] /camera_nodelet_manager http://pc:51642/
[rosmaster.master][INFO] 2012-12-15 17:16:09,032: +PARAM [/camera/rgb/image_mono/compressed/format] by /camera_nodelet_manager
[rosmaster.master][INFO] 2012-12-15 17:16:09,034: +PARAM [/camera/rgb/image_mono/compressed/jpeg_quality] by /camera_nodelet_manager
[rosmaster.master][INFO] 2012-12-15 17:16:09,037: +PARAM [/camera/rgb/image_mono/compressed/png_level] by /camera_nodelet_manager
[rosmaster.master][INFO] 2012-12-15 17:16:09,039: +PUB [/camera/rgb/image_mono] /camera_nodelet_manager http://pc:51642/
[rosmaster.master][INFO] 2012-12-15 17:16:09,042: +PUB [/camera/rgb/image_mono/theora] /camera_nodelet_manager http://pc:51642/
[rosmaster.master][INFO] 2012-12-15 17:16:09,044: +SERVICE [/camera/rgb/image_mono/theora/set_parameters] /camera_nodelet_manager http://pc:51642/
[rosmaster.master][INFO] 2012-12-15 17:16:09,046: +PUB [/camera/rgb/image_mono/theora/parameter_descriptions] /camera_nodelet_manager http://pc:51642/
[rosmaster.master][INFO] 2012-12-15 17:16:09,049: +PUB [/camera/rgb/image_mono/theora/parameter_updates] /camera_nodelet_manager http://pc:51642/
[rosmaster.master][INFO] 2012-12-15 17:16:09,061: +PARAM [/camera/rgb/image_mono/theora/optimize_for] by /camera_nodelet_manager
[rosmaster.master][INFO] 2012-12-15 17:16:09,064: +PARAM [/camera/rgb/image_mono/theora/target_bitrate] by /camera_nodelet_manager
[rosmaster.master][INFO] 2012-12-15 17:16:09,067: +PARAM [/camera/rgb/image_mono/theora/quality] by /camera_nodelet_manager
[rosmaster.master][INFO] 2012-12-15 17:16:09,069: +PARAM [/camera/rgb/image_mono/theora/keyframe_frequency] by /camera_nodelet_manager
[rosmaster.master][INFO] 2012-12-15 17:16:09,071: +PUB [/camera/rgb/image_color/compressed] /camera_nodelet_manager http://pc:51642/
[rosmaster.master][INFO] 2012-12-15 17:16:09,074: +SERVICE [/camera/rgb/image_color/compressed/set_parameters] /camera_nodelet_manager http://pc:51642/
[rosmaster.master][INFO] 2012-12-15 17:16:09,076: +PUB [/camera/rgb/image_color/compressed/parameter_descriptions] /camera_nodelet_manager http://pc:51642/
[rosmaster.master][INFO] 2012-12-15 17:16:09,078: +PUB [/camera/rgb/image_color/compressed/parameter_updates] /camera_nodelet_manager http://pc:51642/
[rosmaster.master][INFO] 2012-12-15 17:16:09,086: +PARAM [/camera/rgb/image_color/compressed/format] by /camera_nodelet_manager
[rosmaster.master][INFO] 2012-12-15 17:16:09,089: +PARAM [/camera/rgb/image_color/compressed/jpeg_quality] by /camera_nodelet_manager
[rosmaster.master][INFO] 2012-12-15 17:16:09,092: +PARAM [/camera/rgb/image_color/compressed/png_level] by /camera_nodelet_manager
[rosmaster.master][INFO] 2012-12-15 17:16:09,094: +PUB [/camera/rgb/image_color] /camera_nodelet_manager http://pc:51642/
[rosmaster.master][INFO] 2012-12-15 17:16:09,097: +PUB [/camera/rgb/image_color/theora] /camera_nodelet_manager http://pc:51642/
[rosmaster.master][INFO] 2012-12-15 17:16:09,099: +SERVICE [/camera/rgb/image_color/theora/set_parameters] /camera_nodelet_manager http://pc:51642/
[rosmaster.master][INFO] 2012-12-15 17:16:09,102: +PUB [/camera/rgb/image_color/theora/parameter_descriptions] /camera_nodelet_manager http://pc:51642/
[rosmaster.master][INFO] 2012-12-15 17:16:09,105: +PUB [/camera/rgb/image_color/theora/parameter_updates] /camera_nodelet_manager http://pc:51642/
[rosmaster.master][INFO] 2012-12-15 17:16:09,115: +PARAM [/camera/rgb/image_color/theora/optimize_for] by /camera_nodelet_manager
[rosmaster.master][INFO] 2012-12-15 17:16:09,117: +PARAM [/camera/rgb/image_color/theora/target_bitrate] by /camera_nodelet_manager
[rosmaster.master][INFO] 2012-12-15 17:16:09,120: +PARAM [/camera/rgb/image_color/theora/quality] by /camera_nodelet_manager
[rosmaster.master][INFO] 2012-12-15 17:16:09,122: +PARAM [/camera/rgb/image_color/theora/keyframe_frequency] by /camera_nodelet_manager
[rosmaster.master][INFO] 2012-12-15 17:16:09,127: +SERVICE [/camera/depth/metric/set_logger_level] /camera/depth/metric http://pc:37319/
[rosmaster.master][INFO] 2012-12-15 17:16:09,168: +SERVICE [/camera/depth_registered/rectify_depth/get_loggers] /camera/depth_registered/rectify_depth http://pc:33656/
[rosmaster.master][INFO] 2012-12-15 17:16:09,169: +PUB [/rosout] /camera/depth_registered/metric_rect http://pc:54613/
[rosmaster.master][INFO] 2012-12-15 17:16:09,171: +SERVICE [/camera/depth_registered/rectify_depth/set_logger_level] /camera/depth_registered/rectify_depth http://pc:33656/
[rosmaster.master][INFO] 2012-12-15 17:16:09,172: +SERVICE [/camera/depth_registered/metric_rect/get_loggers] /camera/depth_registered/metric_rect http://pc:54613/
[rosmaster.master][INFO] 2012-12-15 17:16:09,174: +SERVICE [/camera/depth_registered/metric_rect/set_logger_level] /camera/depth_registered/metric_rect http://pc:54613/
[rosmaster.master][INFO] 2012-12-15 17:16:09,175: publisherUpdate[/rosout] -> http://pc:36201/
[rosmaster.master][INFO] 2012-12-15 17:16:09,177: +PARAM [/camera/depth_registered/rectify_depth] by /camera/depth_registered/rectify_depth
[rosmaster.master][INFO] 2012-12-15 17:16:09,199: +SERVICE [/camera/depth_registered/metric/set_logger_level] /camera/depth_registered/metric http://pc:42380/
[rosmaster.master][INFO] 2012-12-15 17:16:09,214: +SERVICE [/camera/disparity_depth/set_logger_level] /camera/disparity_depth http://pc:34602/
[rosmaster.master][INFO] 2012-12-15 17:16:09,218: +PARAM [/camera/disparity_depth] by /camera/disparity_depth
[rosmaster.master][INFO] 2012-12-15 17:16:09,231: +SERVICE [/camera/disparity_depth_registered/set_logger_level] /camera/disparity_depth_registered http://pc:46558/
[rosmaster.master][INFO] 2012-12-15 17:16:09,234: +PARAM [/camera/disparity_depth_registered] by /camera/disparity_depth_registered
[rosmaster.master][INFO] 2012-12-15 17:16:09,247: +PUB [/rosout] /camera_base_link3 http://pc:37289/
[rosmaster.master][INFO] 2012-12-15 17:16:09,248: +SERVICE [/camera_base_link3/get_loggers] /camera_base_link3 http://pc:37289/
[rosmaster.master][INFO] 2012-12-15 17:16:09,249: +SERVICE [/camera_base_link3/set_logger_level] /camera_base_link3 http://pc:37289/
[rosmaster.master][INFO] 2012-12-15 17:16:09,251: +PUB [/tf] /camera_base_link3 http://pc:37289/
[rosmaster.master][INFO] 2012-12-15 17:16:09,255: publisherUpdate[/rosout] -> http://pc:36201/
[rosmaster.master][INFO] 2012-12-15 17:16:09,256: publisherUpdate[/tf] -> http://pc:51642/
[rosmaster.master][INFO] 2012-12-15 17:16:09,399: +PUB [/camera/depth/image_rect/compressed] /camera_nodelet_manager http://pc:51642/
[rosmaster.master][INFO] 2012-12-15 17:16:09,401: +SERVICE [/camera/depth/image_rect/compressed/set_parameters] /camera_nodelet_manager http://pc:51642/
[rosmaster.master][INFO] 2012-12-15 17:16:09,404: +PUB [/camera/depth/image_rect/compressed/parameter_descriptions] /camera_nodelet_manager http://pc:51642/
[rosmaster.master][INFO] 2012-12-15 17:16:09,406: +PUB [/camera/depth/image_rect/compressed/parameter_updates] /camera_nodelet_manager http://pc:51642/
[rosmaster.master][INFO] 2012-12-15 17:16:09,415: +PARAM [/camera/depth/image_rect/compressed/format] by /camera_nodelet_manager
[rosmaster.master][INFO] 2012-12-15 17:16:09,417: +PARAM [/camera/depth/image_rect/compressed/jpeg_quality] by /camera_nodelet_manager
[rosmaster.master][INFO] 2012-12-15 17:16:09,420: +PARAM [/camera/depth/image_rect/compressed/png_level] by /camera_nodelet_manager
[rosmaster.master][INFO] 2012-12-15 17:16:09,422: +PUB [/camera/depth/image_rect] /camera_nodelet_manager http://pc:51642/
[rosmaster.master][INFO] 2012-12-15 17:16:09,425: +PUB [/camera/depth/image_rect/theora] /camera_nodelet_manager http://pc:51642/
[rosmaster.master][INFO] 2012-12-15 17:16:09,428: +SERVICE [/camera/depth/image_rect/theora/set_parameters] /camera_nodelet_manager http://pc:51642/
[rosmaster.master][INFO] 2012-12-15 17:16:09,430: +PUB [/camera/depth/image_rect/theora/parameter_descriptions] /camera_nodelet_manager http://pc:51642/
[rosmaster.master][INFO] 2012-12-15 17:16:09,433: +PUB [/camera/depth/image_rect/theora/parameter_updates] /camera_nodelet_manager http://pc:51642/
[rosmaster.master][INFO] 2012-12-15 17:16:09,444: +PARAM [/camera/depth/image_rect/theora/optimize_for] by /camera_nodelet_manager
[rosmaster.master][INFO] 2012-12-15 17:16:09,446: +PARAM [/camera/depth/image_rect/theora/target_bitrate] by /camera_nodelet_manager
[rosmaster.master][INFO] 2012-12-15 17:16:09,449: +PARAM [/camera/depth/image_rect/theora/quality] by /camera_nodelet_manager
[rosmaster.master][INFO] 2012-12-15 17:16:09,451: +PARAM [/camera/depth/image_rect/theora/keyframe_frequency] by /camera_nodelet_manager
[rosmaster.master][INFO] 2012-12-15 17:16:09,726: +PUB [/camera/depth/image/compressed] /camera_nodelet_manager http://pc:51642/
[rosmaster.master][INFO] 2012-12-15 17:16:09,728: +SERVICE [/camera/depth/image/compressed/set_parameters] /camera_nodelet_manager http://pc:51642/
[rosmaster.master][INFO] 2012-12-15 17:16:09,731: +PUB [/camera/depth/image/compressed/parameter_descriptions] /camera_nodelet_manager http://pc:51642/
[rosmaster.master][INFO] 2012-12-15 17:16:09,733: +PUB [/camera/depth/image/compressed/parameter_updates] /camera_nodelet_manager http://pc:51642/
[rosmaster.master][INFO] 2012-12-15 17:16:09,741: +PARAM [/camera/depth/image/compressed/format] by /camera_nodelet_manager
[rosmaster.master][INFO] 2012-12-15 17:16:09,744: +PARAM [/camera/depth/image/compressed/jpeg_quality] by /camera_nodelet_manager
[rosmaster.master][INFO] 2012-12-15 17:16:09,746: +PARAM [/camera/depth/image/compressed/png_level] by /camera_nodelet_manager
[rosmaster.master][INFO] 2012-12-15 17:16:09,749: +PUB [/camera/depth/image] /camera_nodelet_manager http://pc:51642/
[rosmaster.master][INFO] 2012-12-15 17:16:09,752: +PUB [/camera/depth/image/theora] /camera_nodelet_manager http://pc:51642/
[rosmaster.master][INFO] 2012-12-15 17:16:09,755: +SERVICE [/camera/depth/image/theora/set_parameters] /camera_nodelet_manager http://pc:51642/
[rosmaster.master][INFO] 2012-12-15 17:16:09,758: +PUB [/camera/depth/image/theora/parameter_descriptions] /camera_nodelet_manager http://pc:51642/
[rosmaster.master][INFO] 2012-12-15 17:16:09,760: +PUB [/camera/depth/image/theora/parameter_updates] /camera_nodelet_manager http://pc:51642/
[rosmaster.master][INFO] 2012-12-15 17:16:09,771: +PARAM [/camera/depth/image/theora/optimize_for] by /camera_nodelet_manager
[rosmaster.master][INFO] 2012-12-15 17:16:09,773: +PARAM [/camera/depth/image/theora/target_bitrate] by /camera_nodelet_manager
[rosmaster.master][INFO] 2012-12-15 17:16:09,775: +PARAM [/camera/depth/image/theora/quality] by /camera_nodelet_manager
[rosmaster.master][INFO] 2012-12-15 17:16:09,778: +PARAM [/camera/depth/image/theora/keyframe_frequency] by /camera_nodelet_manager
[rosmaster.master][INFO] 2012-12-15 17:16:10,053: +SERVICE [/camera/rgb/rectify_color/set_parameters] /camera_nodelet_manager http://pc:51642/
[rosmaster.master][INFO] 2012-12-15 17:16:10,056: +PUB [/camera/rgb/rectify_color/parameter_descriptions] /camera_nodelet_manager http://pc:51642/
[rosmaster.master][INFO] 2012-12-15 17:16:10,058: +PUB [/camera/rgb/rectify_color/parameter_updates] /camera_nodelet_manager http://pc:51642/
[rosmaster.master][INFO] 2012-12-15 17:16:10,062: +PARAM [/camera/rgb/rectify_color/interpolation] by /camera_nodelet_manager
[rosmaster.master][INFO] 2012-12-15 17:16:10,064: +PUB [/camera/rgb/image_rect_color/compressed] /camera_nodelet_manager http://pc:51642/
[rosmaster.master][INFO] 2012-12-15 17:16:10,066: +SERVICE [/camera/rgb/image_rect_color/compressed/set_parameters] /camera_nodelet_manager http://pc:51642/
[rosmaster.master][INFO] 2012-12-15 17:16:10,069: +PUB [/camera/rgb/image_rect_color/compressed/parameter_descriptions] /camera_nodelet_manager http://pc:51642/
[rosmaster.master][INFO] 2012-12-15 17:16:10,071: +PUB [/camera/rgb/image_rect_color/compressed/parameter_updates] /camera_nodelet_manager http://pc:51642/
[rosmaster.master][INFO] 2012-12-15 17:16:10,080: +PARAM [/camera/rgb/image_rect_color/compressed/format] by /camera_nodelet_manager
[rosmaster.master][INFO] 2012-12-15 17:16:10,082: +PARAM [/camera/rgb/image_rect_color/compressed/jpeg_quality] by /camera_nodelet_manager
[rosmaster.master][INFO] 2012-12-15 17:16:10,085: +PARAM [/camera/rgb/image_rect_color/compressed/png_level] by /camera_nodelet_manager
[rosmaster.master][INFO] 2012-12-15 17:16:10,087: +PUB [/camera/rgb/image_rect_color] /camera_nodelet_manager http://pc:51642/
[rosmaster.master][INFO] 2012-12-15 17:16:10,090: +PUB [/camera/rgb/image_rect_color/theora] /camera_nodelet_manager http://pc:51642/
[rosmaster.master][INFO] 2012-12-15 17:16:10,092: +SERVICE [/camera/rgb/image_rect_color/theora/set_parameters] /camera_nodelet_manager http://pc:51642/
[rosmaster.master][INFO] 2012-12-15 17:16:10,095: +PUB [/camera/rgb/image_rect_color/theora/parameter_descriptions] /camera_nodelet_manager http://pc:51642/
[rosmaster.master][INFO] 2012-12-15 17:16:10,098: +PUB [/camera/rgb/image_rect_color/theora/parameter_updates] /camera_nodelet_manager http://pc:51642/
[rosmaster.master][INFO] 2012-12-15 17:16:10,108: +PARAM [/camera/rgb/image_rect_color/theora/optimize_for] by /camera_nodelet_manager
[rosmaster.master][INFO] 2012-12-15 17:16:10,111: +PARAM [/camera/rgb/image_rect_color/theora/target_bitrate] by /camera_nodelet_manager
[rosmaster.master][INFO] 2012-12-15 17:16:10,113: +PARAM [/camera/rgb/image_rect_color/theora/quality] by /camera_nodelet_manager
[rosmaster.master][INFO] 2012-12-15 17:16:10,115: +PARAM [/camera/rgb/image_rect_color/theora/keyframe_frequency] by /camera_nodelet_manager
[rosmaster.master][INFO] 2012-12-15 17:16:10,159: publisherUpdate[/camera/rgb/image_rect_color] -> http://pc:50692/
[rosmaster.master][INFO] 2012-12-15 17:16:10,176: +SUB [/camera/rgb/image_color] /camera_nodelet_manager http://pc:51642/
[rosmaster.master][INFO] 2012-12-15 17:16:10,178: +SUB [/camera/rgb/camera_info] /camera_nodelet_manager http://pc:51642/
[rosmaster.master][INFO] 2012-12-15 17:16:10,180: +SUB [/camera/rgb/image_raw] /camera_nodelet_manager http://pc:51642/
[rosmaster.master][INFO] 2012-12-15 17:16:10,399: +SERVICE [/camera/depth_registered/rectify_depth/set_parameters] /camera_nodelet_manager http://pc:51642/
[rosmaster.master][INFO] 2012-12-15 17:16:10,402: +PUB [/camera/depth_registered/rectify_depth/parameter_descriptions] /camera_nodelet_manager http://pc:51642/
[rosmaster.master][INFO] 2012-12-15 17:16:10,405: +PUB [/camera/depth_registered/rectify_depth/parameter_updates] /camera_nodelet_manager http://pc:51642/
[rosmaster.master][INFO] 2012-12-15 17:16:10,409: +PARAM [/camera/depth_registered/rectify_depth/interpolation] by /camera_nodelet_manager
[rosmaster.master][INFO] 2012-12-15 17:16:10,423: +PARAM [/camera/depth_registered/image_rect_raw/compressed/format] by /camera_nodelet_manager
[rosmaster.master][INFO] 2012-12-15 17:16:10,426: +PARAM [/camera/depth_registered/image_rect_raw/compressed/jpeg_quality] by /camera_nodelet_manager
[rosmaster.master][INFO] 2012-12-15 17:16:10,429: +PARAM [/camera/depth_registered/image_rect_raw/compressed/png_level] by /camera_nodelet_manager
[rosmaster.master][INFO] 2012-12-15 17:16:10,441: +PARAM [/camera/depth_registered/image_rect_raw/theora/optimize_for] by /camera_nodelet_manager
[rosmaster.master][INFO] 2012-12-15 17:16:10,445: +PARAM [/camera/depth_registered/image_rect_raw/theora/target_bitrate] by /camera_nodelet_manager
[rosmaster.master][INFO] 2012-12-15 17:16:10,448: +PARAM [/camera/depth_registered/image_rect_raw/theora/quality] by /camera_nodelet_manager
[rosmaster.master][INFO] 2012-12-15 17:16:10,451: +PARAM [/camera/depth_registered/image_rect_raw/theora/keyframe_frequency] by /camera_nodelet_manager
[rosmaster.master][INFO] 2012-12-15 17:16:10,729: +PUB [/camera/depth_registered/image_rect/compressed] /camera_nodelet_manager http://pc:51642/
[rosmaster.master][INFO] 2012-12-15 17:16:10,731: +SERVICE [/camera/depth_registered/image_rect/compressed/set_parameters] /camera_nodelet_manager http://pc:51642/
[rosmaster.master][INFO] 2012-12-15 17:16:10,733: +PUB [/camera/depth_registered/image_rect/compressed/parameter_descriptions] /camera_nodelet_manager http://pc:51642/
[rosmaster.master][INFO] 2012-12-15 17:16:10,735: +PUB [/camera/depth_registered/image_rect/compressed/parameter_updates] /camera_nodelet_manager http://pc:51642/
[rosmaster.master][INFO] 2012-12-15 17:16:10,744: +PARAM [/camera/depth_registered/image_rect/compressed/format] by /camera_nodelet_manager
[rosmaster.master][INFO] 2012-12-15 17:16:10,746: +PARAM [/camera/depth_registered/image_rect/compressed/jpeg_quality] by /camera_nodelet_manager
[rosmaster.master][INFO] 2012-12-15 17:16:10,748: +PARAM [/camera/depth_registered/image_rect/compressed/png_level] by /camera_nodelet_manager
[rosmaster.master][INFO] 2012-12-15 17:16:10,751: +PUB [/camera/depth_registered/image_rect] /camera_nodelet_manager http://pc:51642/
[rosmaster.master][INFO] 2012-12-15 17:16:10,754: +PUB [/camera/depth_registered/image_rect/theora] /camera_nodelet_manager http://pc:51642/
[rosmaster.master][INFO] 2012-12-15 17:16:10,756: +SERVICE [/camera/depth_registered/image_rect/theora/set_parameters] /camera_nodelet_manager http://pc:51642/
[rosmaster.master][INFO] 2012-12-15 17:16:10,759: +PUB [/camera/depth_registered/image_rect/theora/parameter_descriptions] /camera_nodelet_manager http://pc:51642/
[rosmaster.master][INFO] 2012-12-15 17:16:10,761: +PUB [/camera/depth_registered/image_rect/theora/parameter_updates] /camera_nodelet_manager http://pc:51642/
[rosmaster.master][INFO] 2012-12-15 17:16:10,762: publisherUpdate[/camera/depth_registered/image_rect] -> http://pc:50692/
[rosmaster.master][INFO] 2012-12-15 17:16:10,773: +PARAM [/camera/depth_registered/image_rect/theora/optimize_for] by /camera_nodelet_manager
[rosmaster.master][INFO] 2012-12-15 17:16:10,775: +PARAM [/camera/depth_registered/image_rect/theora/target_bitrate] by /camera_nodelet_manager
[rosmaster.master][INFO] 2012-12-15 17:16:10,778: +PARAM [/camera/depth_registered/image_rect/theora/quality] by /camera_nodelet_manager
[rosmaster.master][INFO] 2012-12-15 17:16:10,780: +PARAM [/camera/depth_registered/image_rect/theora/keyframe_frequency] by /camera_nodelet_manager
[rosmaster.master][INFO] 2012-12-15 17:16:10,799: +SUB [/camera/depth_registered/image_rect_raw] /camera_nodelet_manager http://pc:51642/
[rosmaster.master][INFO] 2012-12-15 17:16:10,807: +SUB [/camera/depth/image_rect_raw] /camera_nodelet_manager http://pc:51642/
[rosmaster.master][INFO] 2012-12-15 17:16:10,810: +SUB [/camera/depth_registered/image_raw] /camera_nodelet_manager http://pc:51642/
[rosmaster.master][INFO] 2012-12-15 17:16:10,813: +SUB [/camera/depth/camera_info] /camera_nodelet_manager http://pc:51642/
[rosmaster.master][INFO] 2012-12-15 17:16:10,816: +SUB [/camera/depth_registered/camera_info] /camera_nodelet_manager http://pc:51642/
[rosmaster.master][INFO] 2012-12-15 17:16:10,818: +SUB [/camera/depth/image_raw] /camera_nodelet_manager http://pc:51642/
[rosmaster.master][INFO] 2012-12-15 17:16:11,561: +PUB [/camera/depth_registered/image/compressed] /camera_nodelet_manager http://pc:51642/
[rosmaster.master][INFO] 2012-12-15 17:16:11,563: +SERVICE [/camera/depth_registered/image/compressed/set_parameters] /camera_nodelet_manager http://pc:51642/
[rosmaster.master][INFO] 2012-12-15 17:16:11,565: +PUB [/camera/depth_registered/image/compressed/parameter_descriptions] /camera_nodelet_manager http://pc:51642/
[rosmaster.master][INFO] 2012-12-15 17:16:11,568: +PUB [/camera/depth_registered/image/compressed/parameter_updates] /camera_nodelet_manager http://pc:51642/
[rosmaster.master][INFO] 2012-12-15 17:16:11,575: +PARAM [/camera/depth_registered/image/compressed/format] by /camera_nodelet_manager
[rosmaster.master][INFO] 2012-12-15 17:16:11,576: +PARAM [/camera/depth_registered/image/compressed/jpeg_quality] by /camera_nodelet_manager
[rosmaster.master][INFO] 2012-12-15 17:16:11,578: +PARAM [/camera/depth_registered/image/compressed/png_level] by /camera_nodelet_manager
[rosmaster.master][INFO] 2012-12-15 17:16:11,579: +PUB [/camera/depth_registered/image] /camera_nodelet_manager http://pc:51642/
[rosmaster.master][INFO] 2012-12-15 17:16:11,580: +PUB [/camera/depth_registered/image/theora] /camera_nodelet_manager http://pc:51642/
[rosmaster.master][INFO] 2012-12-15 17:16:11,581: +SERVICE [/camera/depth_registered/image/theora/set_parameters] /camera_nodelet_manager http://pc:51642/
[rosmaster.master][INFO] 2012-12-15 17:16:11,582: +PUB [/camera/depth_registered/image/theora/parameter_descriptions] /camera_nodelet_manager http://pc:51642/
[rosmaster.master][INFO] 2012-12-15 17:16:11,583: +PUB [/camera/depth_registered/image/theora/parameter_updates] /camera_nodelet_manager http://pc:51642/
[rosmaster.master][INFO] 2012-12-15 17:16:11,587: +PARAM [/camera/depth_registered/image/theora/optimize_for] by /camera_nodelet_manager
[rosmaster.master][INFO] 2012-12-15 17:16:11,588: +PARAM [/camera/depth_registered/image/theora/target_bitrate] by /camera_nodelet_manager
[rosmaster.master][INFO] 2012-12-15 17:16:11,589: +PARAM [/camera/depth_registered/image/theora/quality] by /camera_nodelet_manager
[rosmaster.master][INFO] 2012-12-15 17:16:11,591: +PARAM [/camera/depth_registered/image/theora/keyframe_frequency] by /camera_nodelet_manager
[rosmaster.master][INFO] 2012-12-15 17:16:12,239: +PUB [/camera/depth/disparity] /camera_nodelet_manager http://pc:51642/
[rosmaster.master][INFO] 2012-12-15 17:16:12,875: +PUB [/camera/depth_registered/disparity] /camera_nodelet_manager http://pc:51642/
[rosmaster.master][INFO] 2012-12-15 17:16:15,054: +SERVICE [/camera/driver/set_parameters] /camera_nodelet_manager http://pc:51642/
[rosmaster.master][INFO] 2012-12-15 17:16:15,056: +PUB [/camera/driver/parameter_descriptions] /camera_nodelet_manager http://pc:51642/
[rosmaster.master][INFO] 2012-12-15 17:16:15,059: +PUB [/camera/driver/parameter_updates] /camera_nodelet_manager http://pc:51642/
[rosmaster.master][INFO] 2012-12-15 17:16:15,079: +PARAM [/camera/driver/image_mode] by /camera_nodelet_manager
[rosmaster.master][INFO] 2012-12-15 17:16:15,082: +PARAM [/camera/driver/depth_mode] by /camera_nodelet_manager
[rosmaster.master][INFO] 2012-12-15 17:16:15,084: +PARAM [/camera/driver/depth_registration] by /camera_nodelet_manager
[rosmaster.master][INFO] 2012-12-15 17:16:15,086: +PARAM [/camera/driver/data_skip] by /camera_nodelet_manager
[rosmaster.master][INFO] 2012-12-15 17:16:15,089: +PARAM [/camera/driver/depth_time_offset] by /camera_nodelet_manager
[rosmaster.master][INFO] 2012-12-15 17:16:15,092: +PARAM [/camera/driver/image_time_offset] by /camera_nodelet_manager
[rosmaster.master][INFO] 2012-12-15 17:16:15,094: +PARAM [/camera/driver/depth_ir_offset_x] by /camera_nodelet_manager
[rosmaster.master][INFO] 2012-12-15 17:16:15,096: +PARAM [/camera/driver/depth_ir_offset_y] by /camera_nodelet_manager
[rosmaster.master][INFO] 2012-12-15 17:16:15,099: +PARAM [/camera/driver/z_offset_mm] by /camera_nodelet_manager
[rosmaster.master][INFO] 2012-12-15 17:16:15,115: +SUB [/camera/driver/parameter_updates] /set_dr http://pc:44066/
[rosmaster.master][INFO] 2012-12-15 17:16:15,119: +SUB [/camera/driver/parameter_descriptions] /set_dr http://pc:44066/
[rosmaster.master][INFO] 2012-12-15 17:16:15,125: +SERVICE [/camera/rgb/set_camera_info] /camera_nodelet_manager http://pc:51642/
[rosmaster.master][INFO] 2012-12-15 17:16:15,128: +SERVICE [/camera/ir/set_camera_info] /camera_nodelet_manager http://pc:51642/
[rosmaster.master][INFO] 2012-12-15 17:16:15,131: +PUB [/camera/rgb/image_raw/compressed] /camera_nodelet_manager http://pc:51642/
[rosmaster.master][INFO] 2012-12-15 17:16:15,133: +SERVICE [/camera/rgb/image_raw/compressed/set_parameters] /camera_nodelet_manager http://pc:51642/
[rosmaster.master][INFO] 2012-12-15 17:16:15,136: +PUB [/camera/rgb/image_raw/compressed/parameter_descriptions] /camera_nodelet_manager http://pc:51642/
[rosmaster.master][INFO] 2012-12-15 17:16:15,138: +PUB [/camera/rgb/image_raw/compressed/parameter_updates] /camera_nodelet_manager http://pc:51642/
[rosmaster.master][INFO] 2012-12-15 17:16:15,153: +PARAM [/camera/rgb/image_raw/compressed/format] by /camera_nodelet_manager
[rosmaster.master][INFO] 2012-12-15 17:16:15,157: +PARAM [/camera/rgb/image_raw/compressed/jpeg_quality] by /camera_nodelet_manager
[rosmaster.master][INFO] 2012-12-15 17:16:15,161: +PARAM [/camera/rgb/image_raw/compressed/png_level] by /camera_nodelet_manager
[rosmaster.master][INFO] 2012-12-15 17:16:15,164: +PUB [/camera/rgb/image_raw] /camera_nodelet_manager http://pc:51642/
[rosmaster.master][INFO] 2012-12-15 17:16:15,167: +PUB [/camera/rgb/image_raw/theora] /camera_nodelet_manager http://pc:51642/
[rosmaster.master][INFO] 2012-12-15 17:16:15,169: +SERVICE [/camera/rgb/image_raw/theora/set_parameters] /camera_nodelet_manager http://pc:51642/
[rosmaster.master][INFO] 2012-12-15 17:16:15,170: publisherUpdate[/camera/rgb/image_raw] -> http://pc:51642/
[rosmaster.master][INFO] 2012-12-15 17:16:15,172: +PUB [/camera/rgb/image_raw/theora/parameter_descriptions] /camera_nodelet_manager http://pc:51642/
[rosmaster.master][INFO] 2012-12-15 17:16:15,175: +PUB [/camera/rgb/image_raw/theora/parameter_updates] /camera_nodelet_manager http://pc:51642/
[rosmaster.master][INFO] 2012-12-15 17:16:15,184: +PARAM [/camera/rgb/image_raw/theora/optimize_for] by /camera_nodelet_manager
[rosmaster.master][INFO] 2012-12-15 17:16:15,187: +PARAM [/camera/rgb/image_raw/theora/target_bitrate] by /camera_nodelet_manager
[rosmaster.master][INFO] 2012-12-15 17:16:15,190: +PARAM [/camera/rgb/image_raw/theora/quality] by /camera_nodelet_manager
[rosmaster.master][INFO] 2012-12-15 17:16:15,192: +PARAM [/camera/rgb/image_raw/theora/keyframe_frequency] by /camera_nodelet_manager
[rosmaster.master][INFO] 2012-12-15 17:16:15,195: +PUB [/camera/rgb/camera_info] /camera_nodelet_manager http://pc:51642/
[rosmaster.master][INFO] 2012-12-15 17:16:15,198: +PUB [/camera/ir/image_raw/compressed] /camera_nodelet_manager http://pc:51642/
[rosmaster.master][INFO] 2012-12-15 17:16:15,201: +SERVICE [/camera/ir/image_raw/compressed/set_parameters] /camera_nodelet_manager http://pc:51642/
[rosmaster.master][INFO] 2012-12-15 17:16:15,203: +PUB [/camera/ir/image_raw/compressed/parameter_descriptions] /camera_nodelet_manager http://pc:51642/
[rosmaster.master][INFO] 2012-12-15 17:16:15,204: +PUB [/camera/ir/image_raw/compressed/parameter_updates] /camera_nodelet_manager http://pc:51642/
[rosmaster.master][INFO] 2012-12-15 17:16:15,205: +PARAM [/camera/driver/image_mode] by /camera_nodelet_manager
[rosmaster.master][INFO] 2012-12-15 17:16:15,211: +PARAM [/camera/driver/depth_mode] by /camera_nodelet_manager
[rosmaster.master][INFO] 2012-12-15 17:16:15,214: +PARAM [/camera/driver/depth_registration] by /camera_nodelet_manager
[rosmaster.master][INFO] 2012-12-15 17:16:15,216: +PARAM [/camera/ir/image_raw/compressed/format] by /camera_nodelet_manager
[rosmaster.master][INFO] 2012-12-15 17:16:15,218: +PARAM [/camera/driver/data_skip] by /camera_nodelet_manager
[rosmaster.master][INFO] 2012-12-15 17:16:15,220: +PARAM [/camera/ir/image_raw/compressed/jpeg_quality] by /camera_nodelet_manager
[rosmaster.master][INFO] 2012-12-15 17:16:15,223: +PARAM [/camera/driver/depth_time_offset] by /camera_nodelet_manager
[rosmaster.master][INFO] 2012-12-15 17:16:15,225: +PARAM [/camera/ir/image_raw/compressed/png_level] by /camera_nodelet_manager
[rosmaster.master][INFO] 2012-12-15 17:16:15,227: +PARAM [/camera/driver/image_time_offset] by /camera_nodelet_manager
[rosmaster.master][INFO] 2012-12-15 17:16:15,229: +PUB [/camera/ir/image_raw] /camera_nodelet_manager http://pc:51642/
[rosmaster.master][INFO] 2012-12-15 17:16:15,232: +PARAM [/camera/driver/depth_ir_offset_x] by /camera_nodelet_manager
[rosmaster.master][INFO] 2012-12-15 17:16:15,234: +PUB [/camera/ir/image_raw/theora] /camera_nodelet_manager http://pc:51642/
[rosmaster.master][INFO] 2012-12-15 17:16:15,236: +PARAM [/camera/driver/depth_ir_offset_y] by /camera_nodelet_manager
[rosmaster.master][INFO] 2012-12-15 17:16:15,238: +SERVICE [/camera/ir/image_raw/theora/set_parameters] /camera_nodelet_manager http://pc:51642/
[rosmaster.master][INFO] 2012-12-15 17:16:15,241: +PARAM [/camera/driver/z_offset_mm] by /camera_nodelet_manager
[rosmaster.master][INFO] 2012-12-15 17:16:15,243: +PUB [/camera/ir/image_raw/theora/parameter_descriptions] /camera_nodelet_manager http://pc:51642/
[rosmaster.master][INFO] 2012-12-15 17:16:15,246: +PUB [/camera/ir/image_raw/theora/parameter_updates] /camera_nodelet_manager http://pc:51642/
[rosmaster.master][INFO] 2012-12-15 17:16:15,250: -SUB [/camera/driver/parameter_updates] /set_dr http://pc:44066/
[rosmaster.master][INFO] 2012-12-15 17:16:15,251: -SUB [/camera/driver/parameter_descriptions] /set_dr http://pc:44066/
[rosmaster.master][INFO] 2012-12-15 17:16:15,252: -PUB [/rosout] /set_dr http://pc:44066/
[rosmaster.master][INFO] 2012-12-15 17:16:15,261: +PARAM [/camera/ir/image_raw/theora/optimize_for] by /camera_nodelet_manager
[rosmaster.master][INFO] 2012-12-15 17:16:15,263: +PARAM [/camera/ir/image_raw/theora/target_bitrate] by /camera_nodelet_manager
[rosmaster.master][INFO] 2012-12-15 17:16:15,265: +PARAM [/camera/ir/image_raw/theora/quality] by /camera_nodelet_manager
[rosmaster.master][INFO] 2012-12-15 17:16:15,267: +PARAM [/camera/ir/image_raw/theora/keyframe_frequency] by /camera_nodelet_manager
[rosmaster.master][INFO] 2012-12-15 17:16:15,270: +PUB [/camera/ir/camera_info] /camera_nodelet_manager http://pc:51642/
[rosmaster.master][INFO] 2012-12-15 17:16:15,272: +PUB [/camera/depth/image_raw/compressed] /camera_nodelet_manager http://pc:51642/
[rosmaster.master][INFO] 2012-12-15 17:16:15,273: publisherUpdate[/camera/rgb/camera_info] -> http://pc:51642/
[rosmaster.master][INFO] 2012-12-15 17:16:15,277: +SERVICE [/camera/depth/image_raw/compressed/set_parameters] /camera_nodelet_manager http://pc:51642/
[rosmaster.master][INFO] 2012-12-15 17:16:15,277: publisherUpdate[/rosout] -> http://pc:36201/
[rosmaster.master][INFO] 2012-12-15 17:16:15,281: +PUB [/camera/depth/image_raw/compressed/parameter_descriptions] /camera_nodelet_manager http://pc:51642/
[rosmaster.master][INFO] 2012-12-15 17:16:15,284: +PUB [/camera/depth/image_raw/compressed/parameter_updates] /camera_nodelet_manager http://pc:51642/
[rosmaster.master][INFO] 2012-12-15 17:16:15,292: +PARAM [/camera/depth/image_raw/compressed/format] by /camera_nodelet_manager
[rosmaster.master][INFO] 2012-12-15 17:16:15,294: +PARAM [/camera/depth/image_raw/compressed/jpeg_quality] by /camera_nodelet_manager
[rosmaster.master][INFO] 2012-12-15 17:16:15,297: +PARAM [/camera/depth/image_raw/compressed/png_level] by /camera_nodelet_manager
[rosmaster.master][INFO] 2012-12-15 17:16:15,299: +PUB [/camera/depth/image_raw] /camera_nodelet_manager http://pc:51642/
[rosmaster.master][INFO] 2012-12-15 17:16:15,302: +PUB [/camera/depth/image_raw/theora] /camera_nodelet_manager http://pc:51642/
[rosmaster.master][INFO] 2012-12-15 17:16:15,304: +SERVICE [/camera/depth/image_raw/theora/set_parameters] /camera_nodelet_manager http://pc:51642/
[rosmaster.master][INFO] 2012-12-15 17:16:15,306: +PUB [/camera/depth/image_raw/theora/parameter_descriptions] /camera_nodelet_manager http://pc:51642/
[rosmaster.master][INFO] 2012-12-15 17:16:15,308: +PUB [/camera/depth/image_raw/theora/parameter_updates] /camera_nodelet_manager http://pc:51642/
[rosmaster.master][INFO] 2012-12-15 17:16:15,318: +PARAM [/camera/depth/image_raw/theora/optimize_for] by /camera_nodelet_manager
[rosmaster.master][INFO] 2012-12-15 17:16:15,320: +PARAM [/camera/depth/image_raw/theora/target_bitrate] by /camera_nodelet_manager
[rosmaster.master][INFO] 2012-12-15 17:16:15,323: +PARAM [/camera/depth/image_raw/theora/quality] by /camera_nodelet_manager
[rosmaster.master][INFO] 2012-12-15 17:16:15,325: +PARAM [/camera/depth/image_raw/theora/keyframe_frequency] by /camera_nodelet_manager
[rosmaster.master][INFO] 2012-12-15 17:16:15,327: +PUB [/camera/depth/camera_info] /camera_nodelet_manager http://pc:51642/
[rosmaster.master][INFO] 2012-12-15 17:16:15,330: +PUB [/camera/projector/camera_info] /camera_nodelet_manager http://pc:51642/
[rosmaster.master][INFO] 2012-12-15 17:16:15,333: +PUB [/camera/depth_registered/image_raw/compressed] /camera_nodelet_manager http://pc:51642/
[rosmaster.master][INFO] 2012-12-15 17:16:15,335: +SERVICE [/camera/depth_registered/image_raw/compressed/set_parameters] /camera_nodelet_manager http://pc:51642/
[rosmaster.master][INFO] 2012-12-15 17:16:15,338: +PUB [/camera/depth_registered/image_raw/compressed/parameter_descriptions] /camera_nodelet_manager http://pc:51642/
[rosmaster.master][INFO] 2012-12-15 17:16:15,341: +PUB [/camera/depth_registered/image_raw/compressed/parameter_updates] /camera_nodelet_manager http://pc:51642/
[rosmaster.master][INFO] 2012-12-15 17:16:15,349: +PARAM [/camera/depth_registered/image_raw/compressed/format] by /camera_nodelet_manager
[rosmaster.master][INFO] 2012-12-15 17:16:15,351: +PARAM [/camera/depth_registered/image_raw/compressed/jpeg_quality] by /camera_nodelet_manager
[rosmaster.master][INFO] 2012-12-15 17:16:15,353: +PARAM [/camera/depth_registered/image_raw/compressed/png_level] by /camera_nodelet_manager
[rosmaster.master][INFO] 2012-12-15 17:16:15,356: +PUB [/camera/depth_registered/image_raw] /camera_nodelet_manager http://pc:51642/
[rosmaster.master][INFO] 2012-12-15 17:16:15,359: +PUB [/camera/depth_registered/image_raw/theora] /camera_nodelet_manager http://pc:51642/
[rosmaster.master][INFO] 2012-12-15 17:16:15,361: +SERVICE [/camera/depth_registered/image_raw/theora/set_parameters] /camera_nodelet_manager http://pc:51642/
[rosmaster.master][INFO] 2012-12-15 17:16:15,364: +PUB [/camera/depth_registered/image_raw/theora/parameter_descriptions] /camera_nodelet_manager http://pc:51642/
[rosmaster.master][INFO] 2012-12-15 17:16:15,366: +PUB [/camera/depth_registered/image_raw/theora/parameter_updates] /camera_nodelet_manager http://pc:51642/
[rosmaster.master][INFO] 2012-12-15 17:16:15,376: +PARAM [/camera/depth_registered/image_raw/theora/optimize_for] by /camera_nodelet_manager
[rosmaster.master][INFO] 2012-12-15 17:16:15,377: publisherUpdate[/camera/depth/image_raw] -> http://pc:51642/
[rosmaster.master][INFO] 2012-12-15 17:16:15,379: +PARAM [/camera/depth_registered/image_raw/theora/target_bitrate] by /camera_nodelet_manager
[rosmaster.master][INFO] 2012-12-15 17:16:15,380: publisherUpdate[/camera/depth/camera_info] -> http://pc:51642/
[rosmaster.master][INFO] 2012-12-15 17:16:15,383: +PARAM [/camera/depth_registered/image_raw/theora/quality] by /camera_nodelet_manager
[rosmaster.master][INFO] 2012-12-15 17:16:15,384: publisherUpdate[/camera/depth_registered/image_raw] -> http://pc:51642/
[rosmaster.master][INFO] 2012-12-15 17:16:15,387: +PARAM [/camera/depth_registered/image_raw/theora/keyframe_frequency] by /camera_nodelet_manager
[rosmaster.master][INFO] 2012-12-15 17:16:22,771: -SUB [/camera/depth_registered/image_rect] /depth_detection http://pc:50692/
[rosmaster.master][INFO] 2012-12-15 17:16:22,771: -SUB [/camera/rgb/image_rect_color] /depth_detection http://pc:50692/
[rosmaster.master][INFO] 2012-12-15 17:16:22,771: -PUB [/rosout] /depth_detection http://pc:50692/
[rosmaster.master][INFO] 2012-12-15 17:16:22,776: -SUB [/camera/depth_registered/image_rect_raw] /camera_nodelet_manager http://pc:51642/
[rosmaster.master][INFO] 2012-12-15 17:16:22,783: -SUB [/camera/depth_registered/image_raw] /camera_nodelet_manager http://pc:51642/
[rosmaster.master][INFO] 2012-12-15 17:16:22,794: -SUB [/camera/depth_registered/camera_info] /camera_nodelet_manager http://pc:51642/
[rosmaster.master][INFO] 2012-12-15 17:16:22,794: publisherUpdate[/rosout] -> http://pc:36201/
[rosmaster.master][INFO] 2012-12-15 17:16:22,798: -PUB [/camera/depth/disparity] /camera_nodelet_manager http://pc:51642/
[rosmaster.master][INFO] 2012-12-15 17:16:22,799: -SUB [/camera/rgb/image_color] /camera_nodelet_manager http://pc:51642/
[rosmaster.master][INFO] 2012-12-15 17:16:22,801: -PUB [/camera/depth_registered/points] /camera_nodelet_manager http://pc:51642/
[rosmaster.master][INFO] 2012-12-15 17:16:22,801: -SUB [/camera/rgb/image_raw] /camera_nodelet_manager http://pc:51642/
[rosmaster.master][INFO] 2012-12-15 17:16:22,803: -SUB [/camera/depth/image_rect_raw] /camera_nodelet_manager http://pc:51642/
[rosmaster.master][INFO] 2012-12-15 17:16:22,804: -PUB [/camera/depth_registered/disparity] /camera_nodelet_manager http://pc:51642/
[rosmaster.master][INFO] 2012-12-15 17:16:22,805: -SUB [/camera/rgb/camera_info] /camera_nodelet_manager http://pc:51642/
[rosmaster.master][INFO] 2012-12-15 17:16:22,806: -SUB [/camera/depth/image_raw] /camera_nodelet_manager http://pc:51642/
[rosmaster.master][INFO] 2012-12-15 17:16:22,807: -SUB [/camera/depth/camera_info] /camera_nodelet_manager http://pc:51642/
[rosmaster.master][INFO] 2012-12-15 17:16:22,876: -PUB [/rosout] /camera/disparity_depth http://pc:34602/
[rosmaster.master][INFO] 2012-12-15 17:16:22,880: -PUB [/rosout] /camera/depth_registered/metric http://pc:42380/
[rosmaster.master][INFO] 2012-12-15 17:16:22,883: -PUB [/rosout] /camera/points_xyzrgb_depth_rgb http://pc:45639/
[rosmaster.master][INFO] 2012-12-15 17:16:22,884: -PUB [/rosout] /camera/disparity_depth_registered http://pc:46558/
[rosmaster.master][INFO] 2012-12-15 17:16:22,885: -PUB [/rosout] /camera_base_link3 http://pc:37289/
[rosmaster.master][INFO] 2012-12-15 17:16:22,887: -SERVICE [/camera/depth_registered/metric/get_loggers] /camera/depth_registered/metric rosrpc://pc:36937
[rosmaster.master][INFO] 2012-12-15 17:16:22,889: -SERVICE [/camera/disparity_depth/get_loggers] /camera/disparity_depth rosrpc://pc:56056
[rosmaster.master][INFO] 2012-12-15 17:16:22,892: -SERVICE [/camera/points_xyzrgb_depth_rgb/get_loggers] /camera/points_xyzrgb_depth_rgb rosrpc://pc:59973
[rosmaster.master][INFO] 2012-12-15 17:16:22,893: -SERVICE [/camera/disparity_depth_registered/get_loggers] /camera/disparity_depth_registered rosrpc://pc:52452
[rosmaster.master][INFO] 2012-12-15 17:16:22,894: -PUB [/tf] /camera_base_link3 http://pc:37289/
[rosmaster.master][INFO] 2012-12-15 17:16:22,895: -SERVICE [/camera/disparity_depth/set_logger_level] /camera/disparity_depth rosrpc://pc:56056
[rosmaster.master][INFO] 2012-12-15 17:16:22,896: -SERVICE [/camera/depth_registered/metric/set_logger_level] /camera/depth_registered/metric rosrpc://pc:36937
[rosmaster.master][INFO] 2012-12-15 17:16:22,897: -SERVICE [/camera/points_xyzrgb_depth_rgb/set_logger_level] /camera/points_xyzrgb_depth_rgb rosrpc://pc:59973
[rosmaster.master][INFO] 2012-12-15 17:16:22,897: publisherUpdate[/rosout] -> http://pc:36201/
[rosmaster.master][INFO] 2012-12-15 17:16:22,899: -SERVICE [/camera/disparity_depth_registered/set_logger_level] /camera/disparity_depth_registered rosrpc://pc:52452
[rosmaster.master][INFO] 2012-12-15 17:16:22,900: publisherUpdate[/rosout] -> http://pc:36201/
[rosmaster.master][INFO] 2012-12-15 17:16:22,900: publisherUpdate[/tf] -> http://pc:51642/
[rosmaster.master][INFO] 2012-12-15 17:16:22,900: -SERVICE [/camera_base_link3/get_loggers] /camera_base_link3 rosrpc://pc:55971
[rosmaster.master][INFO] 2012-12-15 17:16:22,902: publisherUpdate[/rosout] -> http://pc:36201/
[rosmaster.master][INFO] 2012-12-15 17:16:22,903: -SERVICE [/camera_base_link3/set_logger_level] /camera_base_link3 rosrpc://pc:55971
[rosmaster.master][INFO] 2012-12-15 17:16:22,903: publisherUpdate[/rosout] -> http://pc:36201/
[rosmaster.master][INFO] 2012-12-15 17:16:22,904: publisherUpdate[/rosout] -> http://pc:36201/
[rosmaster.master][INFO] 2012-12-15 17:16:22,980: -PUB [/rosout] /camera/depth_registered/metric_rect http://pc:54613/
[rosmaster.master][INFO] 2012-12-15 17:16:22,983: -PUB [/rosout] /camera_base_link http://pc:41602/
[rosmaster.master][INFO] 2012-12-15 17:16:22,988: -PUB [/rosout] /camera_base_link2 http://pc:54261/
[rosmaster.master][INFO] 2012-12-15 17:16:22,991: -SERVICE [/camera/depth_registered/metric_rect/get_loggers] /camera/depth_registered/metric_rect rosrpc://pc:44072
[rosmaster.master][INFO] 2012-12-15 17:16:22,993: -PUB [/rosout] /camera_base_link1 http://pc:37809/
[rosmaster.master][INFO] 2012-12-15 17:16:22,997: -PUB [/tf] /camera_base_link http://pc:41602/
[rosmaster.master][INFO] 2012-12-15 17:16:23,000: -PUB [/tf] /camera_base_link2 http://pc:54261/
[rosmaster.master][INFO] 2012-12-15 17:16:23,001: -SERVICE [/camera/depth_registered/metric_rect/set_logger_level] /camera/depth_registered/metric_rect rosrpc://pc:44072
[rosmaster.master][INFO] 2012-12-15 17:16:23,003: publisherUpdate[/rosout] -> http://pc:36201/
[rosmaster.master][INFO] 2012-12-15 17:16:23,003: publisherUpdate[/tf] -> http://pc:51642/
[rosmaster.master][INFO] 2012-12-15 17:16:23,006: -PUB [/tf] /camera_base_link1 http://pc:37809/
[rosmaster.master][INFO] 2012-12-15 17:16:23,009: publisherUpdate[/tf] -> http://pc:51642/
[rosmaster.master][INFO] 2012-12-15 17:16:23,010: publisherUpdate[/rosout] -> http://pc:36201/
[rosmaster.master][INFO] 2012-12-15 17:16:23,011: publisherUpdate[/tf] -> http://pc:51642/
[rosmaster.master][INFO] 2012-12-15 17:16:23,012: -SERVICE [/camera_base_link/get_loggers] /camera_base_link rosrpc://pc:39377
[rosmaster.master][INFO] 2012-12-15 17:16:23,015: publisherUpdate[/rosout] -> http://pc:36201/
[rosmaster.master][INFO] 2012-12-15 17:16:23,018: -SERVICE [/camera_base_link2/get_loggers] /camera_base_link2 rosrpc://pc:56118
[rosmaster.master][INFO] 2012-12-15 17:16:23,020: publisherUpdate[/rosout] -> http://pc:36201/
[rosmaster.master][INFO] 2012-12-15 17:16:23,021: -SERVICE [/camera_base_link1/get_loggers] /camera_base_link1 rosrpc://pc:37053
[rosmaster.master][INFO] 2012-12-15 17:16:23,027: -SERVICE [/camera_base_link/set_logger_level] /camera_base_link rosrpc://pc:39377
[rosmaster.master][INFO] 2012-12-15 17:16:23,028: -SERVICE [/camera_base_link2/set_logger_level] /camera_base_link2 rosrpc://pc:56118
[rosmaster.master][INFO] 2012-12-15 17:16:23,029: -SERVICE [/camera_base_link1/set_logger_level] /camera_base_link1 rosrpc://pc:37053
[rosmaster.master][INFO] 2012-12-15 17:16:23,095: -PUB [/camera/depth_registered/rectify_depth/parameter_descriptions] /camera_nodelet_manager http://pc:51642/
[rosmaster.master][INFO] 2012-12-15 17:16:23,105: -PUB [/camera/depth_registered/rectify_depth/parameter_updates] /camera_nodelet_manager http://pc:51642/
[rosmaster.master][INFO] 2012-12-15 17:16:23,112: -SERVICE [/camera/depth_registered/rectify_depth/set_parameters] /camera_nodelet_manager rosrpc://pc:50970
[rosmaster.master][INFO] 2012-12-15 17:16:23,115: -PUB [/camera/depth/points] /camera_nodelet_manager http://pc:51642/
[rosmaster.master][INFO] 2012-12-15 17:16:23,119: -SERVICE [/camera/depth_registered/image_rect_raw/compressed/set_parameters] /camera_nodelet_manager rosrpc://pc:50970
[rosmaster.master][INFO] 2012-12-15 17:16:23,122: -SERVICE [/camera/depth_registered/image_rect_raw/theora/set_parameters] /camera_nodelet_manager rosrpc://pc:50970
[rosmaster.master][INFO] 2012-12-15 17:16:23,136: -SUB [/tf] /camera_nodelet_manager http://pc:51642/
[rosmaster.master][INFO] 2012-12-15 17:16:23,138: -SERVICE [/camera_nodelet_manager/tf_frames] /camera_nodelet_manager rosrpc://pc:50970
[rosmaster.master][INFO] 2012-12-15 17:16:23,174: -PUB [/rosout] /camera/depth/metric http://pc:37319/
[rosmaster.master][INFO] 2012-12-15 17:16:23,177: -SERVICE [/camera/depth/metric/get_loggers] /camera/depth/metric rosrpc://pc:47688
[rosmaster.master][INFO] 2012-12-15 17:16:23,181: -SERVICE [/camera/depth/metric/set_logger_level] /camera/depth/metric rosrpc://pc:47688
[rosmaster.master][INFO] 2012-12-15 17:16:23,184: -PUB [/rosout] /camera/depth/metric_rect http://pc:54035/
[rosmaster.master][INFO] 2012-12-15 17:16:23,193: -SERVICE [/camera/depth/metric_rect/get_loggers] /camera/depth/metric_rect rosrpc://pc:60204
[rosmaster.master][INFO] 2012-12-15 17:16:23,204: -SERVICE [/camera/depth/metric_rect/set_logger_level] /camera/depth/metric_rect rosrpc://pc:60204
[rosmaster.master][INFO] 2012-12-15 17:16:23,209: -PUB [/camera/depth/rectify_depth/parameter_descriptions] /camera_nodelet_manager http://pc:51642/
[rosmaster.master][INFO] 2012-12-15 17:16:23,210: publisherUpdate[/rosout] -> http://pc:36201/
[rosmaster.master][INFO] 2012-12-15 17:16:23,213: -PUB [/camera/depth/rectify_depth/parameter_updates] /camera_nodelet_manager http://pc:51642/
[rosmaster.master][INFO] 2012-12-15 17:16:23,214: publisherUpdate[/rosout] -> http://pc:36201/
[rosmaster.master][INFO] 2012-12-15 17:16:23,217: -SERVICE [/camera/depth/rectify_depth/set_parameters] /camera_nodelet_manager rosrpc://pc:50970
[rosmaster.master][INFO] 2012-12-15 17:16:23,221: -PUB [/camera/ir/rectify_ir/parameter_descriptions] /camera_nodelet_manager http://pc:51642/
[rosmaster.master][INFO] 2012-12-15 17:16:23,223: -PUB [/camera/ir/rectify_ir/parameter_updates] /camera_nodelet_manager http://pc:51642/
[rosmaster.master][INFO] 2012-12-15 17:16:23,226: -SERVICE [/camera/ir/rectify_ir/set_parameters] /camera_nodelet_manager rosrpc://pc:50970
[rosmaster.master][INFO] 2012-12-15 17:16:23,229: -PUB [/camera/rgb/rectify_mono/parameter_descriptions] /camera_nodelet_manager http://pc:51642/
[rosmaster.master][INFO] 2012-12-15 17:16:23,231: -PUB [/camera/rgb/rectify_mono/parameter_updates] /camera_nodelet_manager http://pc:51642/
[rosmaster.master][INFO] 2012-12-15 17:16:23,234: -SERVICE [/camera/rgb/rectify_mono/set_parameters] /camera_nodelet_manager rosrpc://pc:50970
[rosmaster.master][INFO] 2012-12-15 17:16:23,236: -PUB [/camera/rgb/rectify_color/parameter_descriptions] /camera_nodelet_manager http://pc:51642/
[rosmaster.master][INFO] 2012-12-15 17:16:23,239: -PUB [/camera/rgb/rectify_color/parameter_updates] /camera_nodelet_manager http://pc:51642/
[rosmaster.master][INFO] 2012-12-15 17:16:23,242: -SERVICE [/camera/rgb/rectify_color/set_parameters] /camera_nodelet_manager rosrpc://pc:50970
[rosmaster.master][INFO] 2012-12-15 17:16:23,274: -PUB [/rosout] /camera/depth/rectify_depth http://pc:58402/
[rosmaster.master][INFO] 2012-12-15 17:16:23,278: -PUB [/rosout] /camera/register_depth_rgb http://pc:41284/
[rosmaster.master][INFO] 2012-12-15 17:16:23,281: -PUB [/rosout] /camera/depth/points http://pc:59450/
[rosmaster.master][INFO] 2012-12-15 17:16:23,284: -PUB [/rosout] /camera/depth_registered/rectify_depth http://pc:33656/
[rosmaster.master][INFO] 2012-12-15 17:16:23,286: -PUB [/rosout] /camera/ir/rectify_ir http://pc:44131/
[rosmaster.master][INFO] 2012-12-15 17:16:23,288: -SERVICE [/camera/depth/rectify_depth/get_loggers] /camera/depth/rectify_depth rosrpc://pc:60303
[rosmaster.master][INFO] 2012-12-15 17:16:23,293: -SERVICE [/camera/register_depth_rgb/get_loggers] /camera/register_depth_rgb rosrpc://pc:33934
[rosmaster.master][INFO] 2012-12-15 17:16:23,295: -SERVICE [/camera/depth/points/get_loggers] /camera/depth/points rosrpc://pc:54780
[rosmaster.master][INFO] 2012-12-15 17:16:23,297: -SERVICE [/camera/depth_registered/rectify_depth/get_loggers] /camera/depth_registered/rectify_depth rosrpc://pc:47119
[rosmaster.master][INFO] 2012-12-15 17:16:23,300: -SERVICE [/camera/ir/rectify_ir/get_loggers] /camera/ir/rectify_ir rosrpc://pc:38188
[rosmaster.master][INFO] 2012-12-15 17:16:23,302: -SERVICE [/camera/depth/rectify_depth/set_logger_level] /camera/depth/rectify_depth rosrpc://pc:60303
[rosmaster.master][INFO] 2012-12-15 17:16:23,306: -SERVICE [/camera/register_depth_rgb/set_logger_level] /camera/register_depth_rgb rosrpc://pc:33934
[rosmaster.master][INFO] 2012-12-15 17:16:23,309: -SERVICE [/camera/depth_registered/rectify_depth/set_logger_level] /camera/depth_registered/rectify_depth rosrpc://pc:47119
[rosmaster.master][INFO] 2012-12-15 17:16:23,311: -SERVICE [/camera/depth/points/set_logger_level] /camera/depth/points rosrpc://pc:54780
[rosmaster.master][INFO] 2012-12-15 17:16:23,313: -SERVICE [/camera/ir/rectify_ir/set_logger_level] /camera/ir/rectify_ir rosrpc://pc:38188
[rosmaster.master][INFO] 2012-12-15 17:16:23,318: -PUB [/camera/rgb/debayer/parameter_descriptions] /camera_nodelet_manager http://pc:51642/
[rosmaster.master][INFO] 2012-12-15 17:16:23,319: publisherUpdate[/rosout] -> http://pc:36201/
[rosmaster.master][INFO] 2012-12-15 17:16:23,321: -PUB [/camera/rgb/debayer/parameter_updates] /camera_nodelet_manager http://pc:51642/
[rosmaster.master][INFO] 2012-12-15 17:16:23,322: publisherUpdate[/rosout] -> http://pc:36201/
[rosmaster.master][INFO] 2012-12-15 17:16:23,325: publisherUpdate[/rosout] -> http://pc:36201/
[rosmaster.master][INFO] 2012-12-15 17:16:23,327: publisherUpdate[/rosout] -> http://pc:36201/
[rosmaster.master][INFO] 2012-12-15 17:16:23,329: -SERVICE [/camera/rgb/debayer/set_parameters] /camera_nodelet_manager rosrpc://pc:50970
[rosmaster.master][INFO] 2012-12-15 17:16:23,331: publisherUpdate[/rosout] -> http://pc:36201/
[rosmaster.master][INFO] 2012-12-15 17:16:23,376: -PUB [/rosout] /camera/rgb/rectify_mono http://pc:57845/
[rosmaster.master][INFO] 2012-12-15 17:16:23,378: -PUB [/rosout] /camera/rgb/rectify_color http://pc:59218/
[rosmaster.master][INFO] 2012-12-15 17:16:23,381: -PUB [/rosout] /camera/rgb/debayer http://pc:46930/
[rosmaster.master][INFO] 2012-12-15 17:16:23,383: -SERVICE [/camera/rgb/rectify_mono/get_loggers] /camera/rgb/rectify_mono rosrpc://pc:59866
[rosmaster.master][INFO] 2012-12-15 17:16:23,386: -SERVICE [/camera/rgb/rectify_color/get_loggers] /camera/rgb/rectify_color rosrpc://pc:59026
[rosmaster.master][INFO] 2012-12-15 17:16:23,392: -SERVICE [/camera/rgb/rectify_mono/set_logger_level] /camera/rgb/rectify_mono rosrpc://pc:59866
[rosmaster.master][INFO] 2012-12-15 17:16:23,394: -SERVICE [/camera/rgb/debayer/get_loggers] /camera/rgb/debayer rosrpc://pc:60651
[rosmaster.master][INFO] 2012-12-15 17:16:23,396: -SERVICE [/camera/rgb/rectify_color/set_logger_level] /camera/rgb/rectify_color rosrpc://pc:59026
[rosmaster.master][INFO] 2012-12-15 17:16:23,400: -SERVICE [/camera/rgb/debayer/set_logger_level] /camera/rgb/debayer rosrpc://pc:60651
[rosmaster.master][INFO] 2012-12-15 17:16:23,420: publisherUpdate[/rosout] -> http://pc:36201/
[rosmaster.master][INFO] 2012-12-15 17:16:23,422: publisherUpdate[/rosout] -> http://pc:36201/
[rosmaster.master][INFO] 2012-12-15 17:16:23,423: publisherUpdate[/rosout] -> http://pc:36201/
[rosmaster.master][INFO] 2012-12-15 17:16:23,516: -PUB [/rosout] /camera_nodelet_manager http://pc:51642/
[rosmaster.master][INFO] 2012-12-15 17:16:23,518: -PUB [/camera/rgb/image_rect/compressed] /camera_nodelet_manager http://pc:51642/
[rosmaster.master][INFO] 2012-12-15 17:16:23,518: -PUB [/camera/rgb/image_rect/compressed/parameter_descriptions] /camera_nodelet_manager http://pc:51642/
[rosmaster.master][INFO] 2012-12-15 17:16:23,519: -PUB [/camera/rgb/image_rect/compressed/parameter_updates] /camera_nodelet_manager http://pc:51642/
[rosmaster.master][INFO] 2012-12-15 17:16:23,520: -PUB [/camera/rgb/image_rect] /camera_nodelet_manager http://pc:51642/
[rosmaster.master][INFO] 2012-12-15 17:16:23,521: -PUB [/camera/rgb/image_rect/theora] /camera_nodelet_manager http://pc:51642/
[rosmaster.master][INFO] 2012-12-15 17:16:23,522: -PUB [/camera/rgb/image_rect/theora/parameter_descriptions] /camera_nodelet_manager http://pc:51642/
[rosmaster.master][INFO] 2012-12-15 17:16:23,523: -PUB [/camera/rgb/image_rect/theora/parameter_updates] /camera_nodelet_manager http://pc:51642/
[rosmaster.master][INFO] 2012-12-15 17:16:23,524: -PUB [/camera/ir/image_rect/compressed] /camera_nodelet_manager http://pc:51642/
[rosmaster.master][INFO] 2012-12-15 17:16:23,524: publisherUpdate[/rosout] -> http://pc:36201/
[rosmaster.master][INFO] 2012-12-15 17:16:23,525: -PUB [/camera/ir/image_rect/compressed/parameter_descriptions] /camera_nodelet_manager http://pc:51642/
[rosmaster.master][INFO] 2012-12-15 17:16:23,526: -PUB [/camera/ir/image_rect/compressed/parameter_updates] /camera_nodelet_manager http://pc:51642/
[rosmaster.master][INFO] 2012-12-15 17:16:23,527: -PUB [/camera/ir/image_rect] /camera_nodelet_manager http://pc:51642/
[rosmaster.master][INFO] 2012-12-15 17:16:23,528: -PUB [/camera/ir/image_rect/theora] /camera_nodelet_manager http://pc:51642/
[rosmaster.master][INFO] 2012-12-15 17:16:23,529: -PUB [/camera/ir/image_rect/theora/parameter_descriptions] /camera_nodelet_manager http://pc:51642/
[rosmaster.master][INFO] 2012-12-15 17:16:23,530: -PUB [/camera/ir/image_rect/theora/parameter_updates] /camera_nodelet_manager http://pc:51642/
[rosmaster.master][INFO] 2012-12-15 17:16:23,531: -PUB [/camera/depth_registered/image_rect_raw/compressed] /camera_nodelet_manager http://pc:51642/
[rosmaster.master][INFO] 2012-12-15 17:16:23,531: -PUB [/camera/depth_registered/image_rect_raw/compressed/parameter_descriptions] /camera_nodelet_manager http://pc:51642/
[rosmaster.master][INFO] 2012-12-15 17:16:23,532: -PUB [/camera/depth_registered/image_rect_raw/compressed/parameter_updates] /camera_nodelet_manager http://pc:51642/
[rosmaster.master][INFO] 2012-12-15 17:16:23,533: -PUB [/camera/depth_registered/image_rect_raw] /camera_nodelet_manager http://pc:51642/
[rosmaster.master][INFO] 2012-12-15 17:16:23,534: -PUB [/camera/depth_registered/image_rect_raw/theora] /camera_nodelet_manager http://pc:51642/
[rosmaster.master][INFO] 2012-12-15 17:16:23,535: -PUB [/camera/depth_registered/image_rect_raw/theora/parameter_descriptions] /camera_nodelet_manager http://pc:51642/
[rosmaster.master][INFO] 2012-12-15 17:16:23,536: -PUB [/camera/depth_registered/image_rect_raw/theora/parameter_updates] /camera_nodelet_manager http://pc:51642/
[rosmaster.master][INFO] 2012-12-15 17:16:23,537: -PUB [/camera/depth_registered/camera_info] /camera_nodelet_manager http://pc:51642/
[rosmaster.master][INFO] 2012-12-15 17:16:23,538: -PUB [/camera/depth/image_rect_raw/compressed] /camera_nodelet_manager http://pc:51642/
[rosmaster.master][INFO] 2012-12-15 17:16:23,539: -PUB [/camera/depth/image_rect_raw/compressed/parameter_descriptions] /camera_nodelet_manager http://pc:51642/
[rosmaster.master][INFO] 2012-12-15 17:16:23,540: -PUB [/camera/depth/image_rect_raw/compressed/parameter_updates] /camera_nodelet_manager http://pc:51642/
[rosmaster.master][INFO] 2012-12-15 17:16:23,542: -PUB [/camera/depth/image_rect_raw] /camera_nodelet_manager http://pc:51642/
[rosmaster.master][INFO] 2012-12-15 17:16:23,543: -PUB [/camera/depth/image_rect_raw/theora] /camera_nodelet_manager http://pc:51642/
[rosmaster.master][INFO] 2012-12-15 17:16:23,544: -PUB [/camera/depth/image_rect_raw/theora/parameter_descriptions] /camera_nodelet_manager http://pc:51642/
[rosmaster.master][INFO] 2012-12-15 17:16:23,545: -PUB [/camera/depth/image_rect_raw/theora/parameter_updates] /camera_nodelet_manager http://pc:51642/
[rosmaster.master][INFO] 2012-12-15 17:16:23,545: -PUB [/camera/rgb/image_mono/compressed] /camera_nodelet_manager http://pc:51642/
[rosmaster.master][INFO] 2012-12-15 17:16:23,546: -PUB [/camera/rgb/image_mono/compressed/parameter_descriptions] /camera_nodelet_manager http://pc:51642/
[rosmaster.master][INFO] 2012-12-15 17:16:23,547: -PUB [/camera/rgb/image_mono/compressed/parameter_updates] /camera_nodelet_manager http://pc:51642/
[rosmaster.master][INFO] 2012-12-15 17:16:23,548: -PUB [/camera/rgb/image_mono] /camera_nodelet_manager http://pc:51642/
[rosmaster.master][INFO] 2012-12-15 17:16:23,549: -PUB [/camera/rgb/image_mono/theora] /camera_nodelet_manager http://pc:51642/
[rosmaster.master][INFO] 2012-12-15 17:16:23,550: -PUB [/camera/rgb/image_mono/theora/parameter_descriptions] /camera_nodelet_manager http://pc:51642/
[rosmaster.master][INFO] 2012-12-15 17:16:23,551: -PUB [/camera/rgb/image_mono/theora/parameter_updates] /camera_nodelet_manager http://pc:51642/
[rosmaster.master][INFO] 2012-12-15 17:16:23,552: -PUB [/camera/rgb/image_color/compressed] /camera_nodelet_manager http://pc:51642/
[rosmaster.master][INFO] 2012-12-15 17:16:23,553: -PUB [/camera/rgb/image_color/compressed/parameter_descriptions] /camera_nodelet_manager http://pc:51642/
[rosmaster.master][INFO] 2012-12-15 17:16:23,554: -PUB [/camera/rgb/image_color/compressed/parameter_updates] /camera_nodelet_manager http://pc:51642/
[rosmaster.master][INFO] 2012-12-15 17:16:23,555: -PUB [/camera/rgb/image_color] /camera_nodelet_manager http://pc:51642/
[rosmaster.master][INFO] 2012-12-15 17:16:23,556: -PUB [/camera/rgb/image_color/theora] /camera_nodelet_manager http://pc:51642/
[rosmaster.master][INFO] 2012-12-15 17:16:23,557: -PUB [/camera/rgb/image_color/theora/parameter_descriptions] /camera_nodelet_manager http://pc:51642/
[rosmaster.master][INFO] 2012-12-15 17:16:23,558: -PUB [/camera/rgb/image_color/theora/parameter_updates] /camera_nodelet_manager http://pc:51642/
[rosmaster.master][INFO] 2012-12-15 17:16:23,559: -PUB [/camera/depth/image_rect/compressed] /camera_nodelet_manager http://pc:51642/
[rosmaster.master][INFO] 2012-12-15 17:16:23,560: -PUB [/camera/depth/image_rect/compressed/parameter_descriptions] /camera_nodelet_manager http://pc:51642/
[rosmaster.master][INFO] 2012-12-15 17:16:23,561: -PUB [/camera/depth/image_rect/compressed/parameter_updates] /camera_nodelet_manager http://pc:51642/
[rosmaster.master][INFO] 2012-12-15 17:16:23,562: -PUB [/camera/depth/image_rect] /camera_nodelet_manager http://pc:51642/
[rosmaster.master][INFO] 2012-12-15 17:16:23,562: -PUB [/camera/depth/image_rect/theora] /camera_nodelet_manager http://pc:51642/
[rosmaster.master][INFO] 2012-12-15 17:16:23,563: -PUB [/camera/depth/image_rect/theora/parameter_descriptions] /camera_nodelet_manager http://pc:51642/
[rosmaster.master][INFO] 2012-12-15 17:16:23,564: -PUB [/camera/depth/image_rect/theora/parameter_updates] /camera_nodelet_manager http://pc:51642/
[rosmaster.master][INFO] 2012-12-15 17:16:23,565: -PUB [/camera/depth/image/compressed] /camera_nodelet_manager http://pc:51642/
[rosmaster.master][INFO] 2012-12-15 17:16:23,566: -PUB [/camera/depth/image/compressed/parameter_descriptions] /camera_nodelet_manager http://pc:51642/
[rosmaster.master][INFO] 2012-12-15 17:16:23,567: -PUB [/camera/depth/image/compressed/parameter_updates] /camera_nodelet_manager http://pc:51642/
[rosmaster.master][INFO] 2012-12-15 17:16:23,568: -PUB [/camera/depth/image] /camera_nodelet_manager http://pc:51642/
[rosmaster.master][INFO] 2012-12-15 17:16:23,569: -PUB [/camera/depth/image/theora] /camera_nodelet_manager http://pc:51642/
[rosmaster.master][INFO] 2012-12-15 17:16:23,570: -PUB [/camera/depth/image/theora/parameter_descriptions] /camera_nodelet_manager http://pc:51642/
[rosmaster.master][INFO] 2012-12-15 17:16:23,571: -PUB [/camera/depth/image/theora/parameter_updates] /camera_nodelet_manager http://pc:51642/
[rosmaster.master][INFO] 2012-12-15 17:16:23,572: -PUB [/camera/rgb/image_rect_color/compressed] /camera_nodelet_manager http://pc:51642/
[rosmaster.master][INFO] 2012-12-15 17:16:23,573: -PUB [/camera/rgb/image_rect_color/compressed/parameter_descriptions] /camera_nodelet_manager http://pc:51642/
[rosmaster.master][INFO] 2012-12-15 17:16:23,574: -PUB [/camera/rgb/image_rect_color/compressed/parameter_updates] /camera_nodelet_manager http://pc:51642/
[rosmaster.master][INFO] 2012-12-15 17:16:23,575: -PUB [/camera/rgb/image_rect_color] /camera_nodelet_manager http://pc:51642/
[rosmaster.master][INFO] 2012-12-15 17:16:23,576: -PUB [/camera/rgb/image_rect_color/theora] /camera_nodelet_manager http://pc:51642/
[rosmaster.master][INFO] 2012-12-15 17:16:23,577: -PUB [/camera/rgb/image_rect_color/theora/parameter_descriptions] /camera_nodelet_manager http://pc:51642/
[rosmaster.master][INFO] 2012-12-15 17:16:23,578: -PUB [/camera/rgb/image_rect_color/theora/parameter_updates] /camera_nodelet_manager http://pc:51642/
[rosmaster.master][INFO] 2012-12-15 17:16:23,578: -PUB [/camera/depth_registered/image_rect/compressed] /camera_nodelet_manager http://pc:51642/
[rosmaster.master][INFO] 2012-12-15 17:16:23,579: -PUB [/camera/depth_registered/image_rect/compressed/parameter_descriptions] /camera_nodelet_manager http://pc:51642/
[rosmaster.master][INFO] 2012-12-15 17:16:23,582: -PUB [/camera/depth_registered/image_rect/compressed/parameter_updates] /camera_nodelet_manager http://pc:51642/
[rosmaster.master][INFO] 2012-12-15 17:16:23,584: -PUB [/camera/depth_registered/image_rect] /camera_nodelet_manager http://pc:51642/
[rosmaster.master][INFO] 2012-12-15 17:16:23,584: -PUB [/camera/depth_registered/image_rect/theora] /camera_nodelet_manager http://pc:51642/
[rosmaster.master][INFO] 2012-12-15 17:16:23,585: -PUB [/camera/depth_registered/image_rect/theora/parameter_descriptions] /camera_nodelet_manager http://pc:51642/
[rosmaster.master][INFO] 2012-12-15 17:16:23,586: -PUB [/camera/depth_registered/image_rect/theora/parameter_updates] /camera_nodelet_manager http://pc:51642/
[rosmaster.master][INFO] 2012-12-15 17:16:23,587: -PUB [/camera/depth_registered/image/compressed] /camera_nodelet_manager http://pc:51642/
[rosmaster.master][INFO] 2012-12-15 17:16:23,588: -PUB [/camera/depth_registered/image/compressed/parameter_descriptions] /camera_nodelet_manager http://pc:51642/
[rosmaster.master][INFO] 2012-12-15 17:16:23,589: -PUB [/camera/depth_registered/image/compressed/parameter_updates] /camera_nodelet_manager http://pc:51642/
[rosmaster.master][INFO] 2012-12-15 17:16:23,590: -PUB [/camera/depth_registered/image] /camera_nodelet_manager http://pc:51642/
[rosmaster.master][INFO] 2012-12-15 17:16:23,591: -PUB [/camera/depth_registered/image/theora] /camera_nodelet_manager http://pc:51642/
[rosmaster.master][INFO] 2012-12-15 17:16:23,592: -PUB [/camera/depth_registered/image/theora/parameter_descriptions] /camera_nodelet_manager http://pc:51642/
[rosmaster.master][INFO] 2012-12-15 17:16:23,593: -PUB [/camera/depth_registered/image/theora/parameter_updates] /camera_nodelet_manager http://pc:51642/
[rosmaster.master][INFO] 2012-12-15 17:16:23,594: -PUB [/camera/driver/parameter_descriptions] /camera_nodelet_manager http://pc:51642/
[rosmaster.master][INFO] 2012-12-15 17:16:23,595: -PUB [/camera/driver/parameter_updates] /camera_nodelet_manager http://pc:51642/
[rosmaster.master][INFO] 2012-12-15 17:16:23,596: -PUB [/camera/rgb/image_raw/compressed] /camera_nodelet_manager http://pc:51642/
[rosmaster.master][INFO] 2012-12-15 17:16:23,597: -PUB [/camera/rgb/image_raw/compressed/parameter_descriptions] /camera_nodelet_manager http://pc:51642/
[rosmaster.master][INFO] 2012-12-15 17:16:23,598: -PUB [/camera/rgb/image_raw/compressed/parameter_updates] /camera_nodelet_manager http://pc:51642/
[rosmaster.master][INFO] 2012-12-15 17:16:23,598: -PUB [/camera/rgb/image_raw] /camera_nodelet_manager http://pc:51642/
[rosmaster.master][INFO] 2012-12-15 17:16:23,599: -PUB [/camera/rgb/image_raw/theora] /camera_nodelet_manager http://pc:51642/
[rosmaster.master][INFO] 2012-12-15 17:16:23,600: -PUB [/camera/rgb/image_raw/theora/parameter_descriptions] /camera_nodelet_manager http://pc:51642/
[rosmaster.master][INFO] 2012-12-15 17:16:23,601: -PUB [/camera/rgb/image_raw/theora/parameter_updates] /camera_nodelet_manager http://pc:51642/
[rosmaster.master][INFO] 2012-12-15 17:16:23,602: -PUB [/camera/rgb/camera_info] /camera_nodelet_manager http://pc:51642/
[rosmaster.master][INFO] 2012-12-15 17:16:23,603: -PUB [/camera/ir/image_raw/compressed] /camera_nodelet_manager http://pc:51642/
[rosmaster.master][INFO] 2012-12-15 17:16:23,604: -PUB [/camera/ir/image_raw/compressed/parameter_descriptions] /camera_nodelet_manager http://pc:51642/
[rosmaster.master][INFO] 2012-12-15 17:16:23,605: -PUB [/camera/ir/image_raw/compressed/parameter_updates] /camera_nodelet_manager http://pc:51642/
[rosmaster.master][INFO] 2012-12-15 17:16:23,606: -PUB [/camera/ir/image_raw] /camera_nodelet_manager http://pc:51642/
[rosmaster.master][INFO] 2012-12-15 17:16:23,607: -PUB [/camera/ir/image_raw/theora] /camera_nodelet_manager http://pc:51642/
[rosmaster.master][INFO] 2012-12-15 17:16:23,608: -PUB [/camera/ir/image_raw/theora/parameter_descriptions] /camera_nodelet_manager http://pc:51642/
[rosmaster.master][INFO] 2012-12-15 17:16:23,609: -PUB [/camera/ir/image_raw/theora/parameter_updates] /camera_nodelet_manager http://pc:51642/
[rosmaster.master][INFO] 2012-12-15 17:16:23,610: -PUB [/camera/ir/camera_info] /camera_nodelet_manager http://pc:51642/
[rosmaster.master][INFO] 2012-12-15 17:16:23,610: -PUB [/camera/depth/image_raw/compressed] /camera_nodelet_manager http://pc:51642/
[rosmaster.master][INFO] 2012-12-15 17:16:23,611: -PUB [/camera/depth/image_raw/compressed/parameter_descriptions] /camera_nodelet_manager http://pc:51642/
[rosmaster.master][INFO] 2012-12-15 17:16:23,612: -PUB [/camera/depth/image_raw/compressed/parameter_updates] /camera_nodelet_manager http://pc:51642/
[rosmaster.master][INFO] 2012-12-15 17:16:23,613: -PUB [/camera/depth/image_raw] /camera_nodelet_manager http://pc:51642/
[rosmaster.master][INFO] 2012-12-15 17:16:23,614: -PUB [/camera/depth/image_raw/theora] /camera_nodelet_manager http://pc:51642/
[rosmaster.master][INFO] 2012-12-15 17:16:23,615: -PUB [/camera/depth/image_raw/theora/parameter_descriptions] /camera_nodelet_manager http://pc:51642/
[rosmaster.master][INFO] 2012-12-15 17:16:23,616: -PUB [/camera/depth/image_raw/theora/parameter_updates] /camera_nodelet_manager http://pc:51642/
[rosmaster.master][INFO] 2012-12-15 17:16:23,617: -PUB [/camera/depth/camera_info] /camera_nodelet_manager http://pc:51642/
[rosmaster.master][INFO] 2012-12-15 17:16:23,618: -PUB [/camera/projector/camera_info] /camera_nodelet_manager http://pc:51642/
[rosmaster.master][INFO] 2012-12-15 17:16:23,618: -PUB [/camera/depth_registered/image_raw/compressed] /camera_nodelet_manager http://pc:51642/
[rosmaster.master][INFO] 2012-12-15 17:16:23,619: -PUB [/camera/depth_registered/image_raw/compressed/parameter_descriptions] /camera_nodelet_manager http://pc:51642/
[rosmaster.master][INFO] 2012-12-15 17:16:23,620: -PUB [/camera/depth_registered/image_raw/compressed/parameter_updates] /camera_nodelet_manager http://pc:51642/
[rosmaster.master][INFO] 2012-12-15 17:16:23,621: -PUB [/camera/depth_registered/image_raw] /camera_nodelet_manager http://pc:51642/
[rosmaster.master][INFO] 2012-12-15 17:16:23,622: -PUB [/camera/depth_registered/image_raw/theora] /camera_nodelet_manager http://pc:51642/
[rosmaster.master][INFO] 2012-12-15 17:16:23,623: -PUB [/camera/depth_registered/image_raw/theora/parameter_descriptions] /camera_nodelet_manager http://pc:51642/
[rosmaster.master][INFO] 2012-12-15 17:16:23,624: -PUB [/camera/depth_registered/image_raw/theora/parameter_updates] /camera_nodelet_manager http://pc:51642/
[rosmaster.master][INFO] 2012-12-15 17:16:23,625: -SERVICE [/camera_nodelet_manager/get_loggers] /camera_nodelet_manager rosrpc://pc:50970
[rosmaster.master][INFO] 2012-12-15 17:16:23,626: -SERVICE [/camera_nodelet_manager/set_logger_level] /camera_nodelet_manager rosrpc://pc:50970
[rosmaster.master][INFO] 2012-12-15 17:16:23,626: -SERVICE [/camera_nodelet_manager/load_nodelet] /camera_nodelet_manager rosrpc://pc:50970
[rosmaster.master][INFO] 2012-12-15 17:16:23,627: -SERVICE [/camera_nodelet_manager/unload_nodelet] /camera_nodelet_manager rosrpc://pc:50970
[rosmaster.master][INFO] 2012-12-15 17:16:23,628: -SERVICE [/camera_nodelet_manager/list] /camera_nodelet_manager rosrpc://pc:50970
[rosmaster.master][INFO] 2012-12-15 17:16:23,629: -SERVICE [/camera/rgb/image_rect/compressed/set_parameters] /camera_nodelet_manager rosrpc://pc:50970
[rosmaster.master][INFO] 2012-12-15 17:16:23,630: -SERVICE [/camera/rgb/image_rect/theora/set_parameters] /camera_nodelet_manager rosrpc://pc:50970
[rosmaster.master][INFO] 2012-12-15 17:16:23,631: -SERVICE [/camera/ir/image_rect/compressed/set_parameters] /camera_nodelet_manager rosrpc://pc:50970
[rosmaster.master][INFO] 2012-12-15 17:16:23,631: -SERVICE [/camera/ir/image_rect/theora/set_parameters] /camera_nodelet_manager rosrpc://pc:50970
[rosmaster.master][INFO] 2012-12-15 17:16:23,632: -SERVICE [/camera/depth/image_rect_raw/compressed/set_parameters] /camera_nodelet_manager rosrpc://pc:50970
[rosmaster.master][INFO] 2012-12-15 17:16:23,633: -SERVICE [/camera/depth/image_rect_raw/theora/set_parameters] /camera_nodelet_manager rosrpc://pc:50970
[rosmaster.master][INFO] 2012-12-15 17:16:23,634: -SERVICE [/camera/rgb/image_mono/compressed/set_parameters] /camera_nodelet_manager rosrpc://pc:50970
[rosmaster.master][INFO] 2012-12-15 17:16:23,635: -SERVICE [/camera/rgb/image_mono/theora/set_parameters] /camera_nodelet_manager rosrpc://pc:50970
[rosmaster.master][INFO] 2012-12-15 17:16:23,636: -SERVICE [/camera/rgb/image_color/compressed/set_parameters] /camera_nodelet_manager rosrpc://pc:50970
[rosmaster.master][INFO] 2012-12-15 17:16:23,636: -SERVICE [/camera/rgb/image_color/theora/set_parameters] /camera_nodelet_manager rosrpc://pc:50970
[rosmaster.master][INFO] 2012-12-15 17:16:23,637: -SERVICE [/camera/depth/image_rect/compressed/set_parameters] /camera_nodelet_manager rosrpc://pc:50970
[rosmaster.master][INFO] 2012-12-15 17:16:23,638: -SERVICE [/camera/depth/image_rect/theora/set_parameters] /camera_nodelet_manager rosrpc://pc:50970
[rosmaster.master][INFO] 2012-12-15 17:16:23,639: -SERVICE [/camera/depth/image/compressed/set_parameters] /camera_nodelet_manager rosrpc://pc:50970
[rosmaster.master][INFO] 2012-12-15 17:16:23,640: -SERVICE [/camera/depth/image/theora/set_parameters] /camera_nodelet_manager rosrpc://pc:50970
[rosmaster.master][INFO] 2012-12-15 17:16:23,641: -SERVICE [/camera/rgb/image_rect_color/compressed/set_parameters] /camera_nodelet_manager rosrpc://pc:50970
[rosmaster.master][INFO] 2012-12-15 17:16:23,642: -SERVICE [/camera/rgb/image_rect_color/theora/set_parameters] /camera_nodelet_manager rosrpc://pc:50970
[rosmaster.master][INFO] 2012-12-15 17:16:23,643: -SERVICE [/camera/depth_registered/image_rect/compressed/set_parameters] /camera_nodelet_manager rosrpc://pc:50970
[rosmaster.master][INFO] 2012-12-15 17:16:23,644: -SERVICE [/camera/depth_registered/image_rect/theora/set_parameters] /camera_nodelet_manager rosrpc://pc:50970
[rosmaster.master][INFO] 2012-12-15 17:16:23,644: -SERVICE [/camera/depth_registered/image/compressed/set_parameters] /camera_nodelet_manager rosrpc://pc:50970
[rosmaster.master][INFO] 2012-12-15 17:16:23,645: -SERVICE [/camera/depth_registered/image/theora/set_parameters] /camera_nodelet_manager rosrpc://pc:50970
[rosmaster.master][INFO] 2012-12-15 17:16:23,646: -SERVICE [/camera/driver/set_parameters] /camera_nodelet_manager rosrpc://pc:50970
[rosmaster.master][INFO] 2012-12-15 17:16:23,647: -SERVICE [/camera/rgb/set_camera_info] /camera_nodelet_manager rosrpc://pc:50970
[rosmaster.master][INFO] 2012-12-15 17:16:23,648: -SERVICE [/camera/ir/set_camera_info] /camera_nodelet_manager rosrpc://pc:50970
[rosmaster.master][INFO] 2012-12-15 17:16:23,649: -SERVICE [/camera/rgb/image_raw/compressed/set_parameters] /camera_nodelet_manager rosrpc://pc:50970
[rosmaster.master][INFO] 2012-12-15 17:16:23,650: -SERVICE [/camera/rgb/image_raw/theora/set_parameters] /camera_nodelet_manager rosrpc://pc:50970
[rosmaster.master][INFO] 2012-12-15 17:16:23,651: -SERVICE [/camera/ir/image_raw/compressed/set_parameters] /camera_nodelet_manager rosrpc://pc:50970
[rosmaster.master][INFO] 2012-12-15 17:16:23,651: -SERVICE [/camera/ir/image_raw/theora/set_parameters] /camera_nodelet_manager rosrpc://pc:50970
[rosmaster.master][INFO] 2012-12-15 17:16:23,652: -SERVICE [/camera/depth/image_raw/compressed/set_parameters] /camera_nodelet_manager rosrpc://pc:50970
[rosmaster.master][INFO] 2012-12-15 17:16:23,653: -SERVICE [/camera/depth/image_raw/theora/set_parameters] /camera_nodelet_manager rosrpc://pc:50970
[rosmaster.master][INFO] 2012-12-15 17:16:23,654: -SERVICE [/camera/depth_registered/image_raw/compressed/set_parameters] /camera_nodelet_manager rosrpc://pc:50970
[rosmaster.master][INFO] 2012-12-15 17:16:23,655: -SERVICE [/camera/depth_registered/image_raw/theora/set_parameters] /camera_nodelet_manager rosrpc://pc:50970
[rosmaster.master][INFO] 2012-12-15 17:16:23,778: -PUB [/rosout] /camera/driver http://pc:54308/
[rosmaster.master][INFO] 2012-12-15 17:16:23,781: -SERVICE [/camera/driver/get_loggers] /camera/driver rosrpc://pc:54337
[rosmaster.master][INFO] 2012-12-15 17:16:23,783: -SERVICE [/camera/driver/set_logger_level] /camera/driver rosrpc://pc:54337
[rosmaster.master][INFO] 2012-12-15 17:16:23,825: publisherUpdate[/rosout] -> http://pc:36201/
[rosmaster.master][INFO] 2012-12-15 17:16:24,228: -PUB [/rosout_agg] /rosout http://pc:36201/
[rosmaster.master][INFO] 2012-12-15 17:16:24,229: -SUB [/rosout] /rosout http://pc:36201/
[rosmaster.master][INFO] 2012-12-15 17:16:24,230: -SERVICE [/rosout/get_loggers] /rosout rosrpc://pc:38257
[rosmaster.master][INFO] 2012-12-15 17:16:24,231: -SERVICE [/rosout/set_logger_level] /rosout rosrpc://pc:38257
[rosmaster.main][INFO] 2012-12-15 17:16:24,299: keyboard interrupt, will exit
[rosmaster.main][INFO] 2012-12-15 17:16:24,299: stopping master...
