[rosmaster.main][INFO] 2012-12-14 17:39:50,666: initialization complete, waiting for shutdown
[rosmaster.main][INFO] 2012-12-14 17:39:50,666: Starting ROS Master Node
[xmlrpc][INFO] 2012-12-14 17:39:50,668: XML-RPC server binding to 0.0.0.0
[xmlrpc][INFO] 2012-12-14 17:39:50,669: Started XML-RPC server [http://pc:11311/]
[rosmaster.master][INFO] 2012-12-14 17:39:50,669: Master initialized: port[11311], uri[http://pc:11311/]
[xmlrpc][INFO] 2012-12-14 17:39:50,669: xml rpc node: starting XML-RPC server
[rosmaster.master][INFO] 2012-12-14 17:39:50,784: +PARAM [/run_id] by /roslaunch
[rosmaster.master][INFO] 2012-12-14 17:39:50,788: +PARAM [/roslaunch/uris/host_pc__50849] by /roslaunch
[rosmaster.master][INFO] 2012-12-14 17:39:50,815: +PARAM [/rosdistro] by /roslaunch
[rosmaster.master][INFO] 2012-12-14 17:39:50,815: +PARAM [/camera/driver/rgb_frame_id] by /roslaunch
[rosmaster.master][INFO] 2012-12-14 17:39:50,815: +PARAM [/camera/disparity_depth_registered/min_range] by /roslaunch
[rosmaster.master][INFO] 2012-12-14 17:39:50,815: +PARAM [/camera/driver/rgb_camera_info_url] by /roslaunch
[rosmaster.master][INFO] 2012-12-14 17:39:50,816: +PARAM [/camera/depth_registered/rectify_depth/interpolation] by /roslaunch
[rosmaster.master][INFO] 2012-12-14 17:39:50,816: +PARAM [/camera/driver/depth_frame_id] by /roslaunch
[rosmaster.master][INFO] 2012-12-14 17:39:50,816: +PARAM [/camera/depth/rectify_depth/interpolation] by /roslaunch
[rosmaster.master][INFO] 2012-12-14 17:39:50,817: +PARAM [/camera/disparity_depth/max_range] by /roslaunch
[rosmaster.master][INFO] 2012-12-14 17:39:50,817: +PARAM [/rosversion] by /roslaunch
[rosmaster.master][INFO] 2012-12-14 17:39:50,817: +PARAM [/camera/driver/device_id] by /roslaunch
[rosmaster.master][INFO] 2012-12-14 17:39:50,817: +PARAM [/camera/driver/depth_camera_info_url] by /roslaunch
[rosmaster.master][INFO] 2012-12-14 17:39:50,817: +PARAM [/camera/disparity_depth/min_range] by /roslaunch
[rosmaster.master][INFO] 2012-12-14 17:39:50,817: +PARAM [/camera/disparity_depth_registered/max_range] by /roslaunch
[rosmaster.master][INFO] 2012-12-14 17:39:50,822: +SERVICE [/rosout/get_loggers] /rosout http://pc:56112/
[rosmaster.master][INFO] 2012-12-14 17:39:50,823: +SERVICE [/rosout/set_logger_level] /rosout http://pc:56112/
[rosmaster.master][INFO] 2012-12-14 17:39:50,827: +PUB [/rosout_agg] /rosout http://pc:56112/
[rosmaster.master][INFO] 2012-12-14 17:39:50,828: +SUB [/rosout] /rosout http://pc:56112/
[rosmaster.master][INFO] 2012-12-14 17:39:50,850: +PUB [/rosout] /camera/driver http://pc:46962/
[rosmaster.master][INFO] 2012-12-14 17:39:50,853: +SERVICE [/camera/driver/get_loggers] /camera/driver http://pc:46962/
[rosmaster.master][INFO] 2012-12-14 17:39:50,855: +SERVICE [/camera/driver/set_logger_level] /camera/driver http://pc:46962/
[rosmaster.master][INFO] 2012-12-14 17:39:50,860: +PARAM [/camera/driver] by /camera/driver
[rosmaster.master][INFO] 2012-12-14 17:39:50,867: publisherUpdate[/rosout] -> http://pc:56112/
[rosmaster.master][INFO] 2012-12-14 17:39:50,883: +PUB [/rosout] /camera/rgb/debayer http://pc:57399/
[rosmaster.master][INFO] 2012-12-14 17:39:50,892: +SERVICE [/camera/rgb/debayer/get_loggers] /camera/rgb/debayer http://pc:57399/
[rosmaster.master][INFO] 2012-12-14 17:39:50,893: +PUB [/rosout] /camera/rgb/rectify_mono http://pc:47309/
[rosmaster.master][INFO] 2012-12-14 17:39:50,895: +SERVICE [/camera/rgb/debayer/set_logger_level] /camera/rgb/debayer http://pc:57399/
[rosmaster.master][INFO] 2012-12-14 17:39:50,898: +SERVICE [/camera/rgb/rectify_mono/get_loggers] /camera/rgb/rectify_mono http://pc:47309/
[rosmaster.master][INFO] 2012-12-14 17:39:50,905: +PUB [/rosout] /camera/rgb/rectify_color http://pc:34259/
[rosmaster.master][INFO] 2012-12-14 17:39:50,906: +SERVICE [/camera/rgb/rectify_mono/set_logger_level] /camera/rgb/rectify_mono http://pc:47309/
[rosmaster.master][INFO] 2012-12-14 17:39:50,909: +SERVICE [/camera/rgb/rectify_color/get_loggers] /camera/rgb/rectify_color http://pc:34259/
[rosmaster.master][INFO] 2012-12-14 17:39:50,910: +PUB [/rosout] /camera/ir/rectify_ir http://pc:43471/
[rosmaster.master][INFO] 2012-12-14 17:39:50,917: +SERVICE [/camera/rgb/rectify_color/set_logger_level] /camera/rgb/rectify_color http://pc:34259/
[rosmaster.master][INFO] 2012-12-14 17:39:50,918: +SERVICE [/camera/ir/rectify_ir/get_loggers] /camera/ir/rectify_ir http://pc:43471/
[rosmaster.master][INFO] 2012-12-14 17:39:50,928: +SERVICE [/camera/ir/rectify_ir/set_logger_level] /camera/ir/rectify_ir http://pc:43471/
[rosmaster.master][INFO] 2012-12-14 17:39:50,942: +PUB [/rosout] /camera/depth/rectify_depth http://pc:40823/
[rosmaster.master][INFO] 2012-12-14 17:39:50,951: +PUB [/rosout] /camera/depth/metric_rect http://pc:60483/
[rosmaster.master][INFO] 2012-12-14 17:39:50,961: +SERVICE [/camera/depth/rectify_depth/get_loggers] /camera/depth/rectify_depth http://pc:40823/
[rosmaster.master][INFO] 2012-12-14 17:39:50,969: publisherUpdate[/rosout] -> http://pc:56112/
[rosmaster.master][INFO] 2012-12-14 17:39:50,971: publisherUpdate[/rosout] -> http://pc:56112/
[rosmaster.master][INFO] 2012-12-14 17:39:50,974: +SERVICE [/camera/depth/metric_rect/get_loggers] /camera/depth/metric_rect http://pc:60483/
[rosmaster.master][INFO] 2012-12-14 17:39:50,977: +SERVICE [/camera/depth/rectify_depth/set_logger_level] /camera/depth/rectify_depth http://pc:40823/
[rosmaster.master][INFO] 2012-12-14 17:39:50,978: publisherUpdate[/rosout] -> http://pc:56112/
[rosmaster.master][INFO] 2012-12-14 17:39:50,979: publisherUpdate[/rosout] -> http://pc:56112/
[rosmaster.master][INFO] 2012-12-14 17:39:50,982: publisherUpdate[/rosout] -> http://pc:56112/
[rosmaster.master][INFO] 2012-12-14 17:39:50,984: publisherUpdate[/rosout] -> http://pc:56112/
[rosmaster.master][INFO] 2012-12-14 17:39:50,987: +PUB [/rosout] /camera/depth/points http://pc:43756/
[rosmaster.master][INFO] 2012-12-14 17:39:50,992: +SERVICE [/camera/depth/metric_rect/set_logger_level] /camera/depth/metric_rect http://pc:60483/
[rosmaster.master][INFO] 2012-12-14 17:39:50,997: +SERVICE [/camera/depth/points/get_loggers] /camera/depth/points http://pc:43756/
[rosmaster.master][INFO] 2012-12-14 17:39:50,998: +PUB [/rosout] /camera/depth_registered/metric_rect http://pc:51221/
[rosmaster.master][INFO] 2012-12-14 17:39:51,008: +SERVICE [/camera/depth/points/set_logger_level] /camera/depth/points http://pc:43756/
[rosmaster.master][INFO] 2012-12-14 17:39:51,015: +SERVICE [/camera/depth_registered/metric_rect/get_loggers] /camera/depth_registered/metric_rect http://pc:51221/
[rosmaster.master][INFO] 2012-12-14 17:39:51,018: +PUB [/rosout] /camera/depth_registered/metric http://pc:35385/
[rosmaster.master][INFO] 2012-12-14 17:39:51,019: +PARAM [/camera/depth/rectify_depth] by /camera/depth/rectify_depth
[rosmaster.master][INFO] 2012-12-14 17:39:51,026: +SERVICE [/camera/depth_registered/metric_rect/set_logger_level] /camera/depth_registered/metric_rect http://pc:51221/
[rosmaster.master][INFO] 2012-12-14 17:39:51,028: +SERVICE [/camera/depth_registered/metric/get_loggers] /camera/depth_registered/metric http://pc:35385/
[rosmaster.master][INFO] 2012-12-14 17:39:51,031: +PUB [/rosout] /camera/disparity_depth http://pc:48594/
[rosmaster.master][INFO] 2012-12-14 17:39:51,050: +SERVICE [/camera/disparity_depth/get_loggers] /camera/disparity_depth http://pc:48594/
[rosmaster.master][INFO] 2012-12-14 17:39:51,055: +PUB [/rosout] /camera/disparity_depth_registered http://pc:43710/
[rosmaster.master][INFO] 2012-12-14 17:39:51,059: +SERVICE [/camera/disparity_depth/set_logger_level] /camera/disparity_depth http://pc:48594/
[rosmaster.master][INFO] 2012-12-14 17:39:51,060: +PUB [/rosout] /camera_base_link http://pc:33397/
[rosmaster.master][INFO] 2012-12-14 17:39:51,061: +SERVICE [/camera/disparity_depth_registered/get_loggers] /camera/disparity_depth_registered http://pc:43710/
[rosmaster.master][INFO] 2012-12-14 17:39:51,065: +SERVICE [/camera_base_link/get_loggers] /camera_base_link http://pc:33397/
[rosmaster.master][INFO] 2012-12-14 17:39:51,069: +SERVICE [/camera/disparity_depth_registered/set_logger_level] /camera/disparity_depth_registered http://pc:43710/
[rosmaster.master][INFO] 2012-12-14 17:39:51,073: +SERVICE [/camera_base_link/set_logger_level] /camera_base_link http://pc:33397/
[rosmaster.master][INFO] 2012-12-14 17:39:51,073: publisherUpdate[/rosout] -> http://pc:56112/
[rosmaster.master][INFO] 2012-12-14 17:39:51,075: publisherUpdate[/rosout] -> http://pc:56112/
[rosmaster.master][INFO] 2012-12-14 17:39:51,078: publisherUpdate[/rosout] -> http://pc:56112/
[rosmaster.master][INFO] 2012-12-14 17:39:51,080: publisherUpdate[/rosout] -> http://pc:56112/
[rosmaster.master][INFO] 2012-12-14 17:39:51,081: publisherUpdate[/rosout] -> http://pc:56112/
[rosmaster.master][INFO] 2012-12-14 17:39:51,083: publisherUpdate[/rosout] -> http://pc:56112/
[rosmaster.master][INFO] 2012-12-14 17:39:51,085: +PARAM [/camera/disparity_depth] by /camera/disparity_depth
[rosmaster.master][INFO] 2012-12-14 17:39:51,097: +PUB [/tf] /camera_base_link http://pc:33397/
[rosmaster.master][INFO] 2012-12-14 17:39:51,100: +PUB [/rosout] /camera_base_link2 http://pc:39700/
[rosmaster.master][INFO] 2012-12-14 17:39:51,102: +PARAM [/camera/disparity_depth_registered] by /camera/disparity_depth_registered
[rosmaster.master][INFO] 2012-12-14 17:39:51,104: +PUB [/rosout] /camera_base_link3 http://pc:54351/
[rosmaster.master][INFO] 2012-12-14 17:39:51,111: +SERVICE [/camera_base_link2/get_loggers] /camera_base_link2 http://pc:39700/
[rosmaster.master][INFO] 2012-12-14 17:39:51,116: +SERVICE [/camera_base_link3/get_loggers] /camera_base_link3 http://pc:54351/
[rosmaster.master][INFO] 2012-12-14 17:39:51,121: +SERVICE [/camera_base_link2/set_logger_level] /camera_base_link2 http://pc:39700/
[rosmaster.master][INFO] 2012-12-14 17:39:51,122: +SERVICE [/camera_base_link3/set_logger_level] /camera_base_link3 http://pc:54351/
[rosmaster.master][INFO] 2012-12-14 17:39:51,130: +PUB [/tf] /camera_base_link2 http://pc:39700/
[rosmaster.master][INFO] 2012-12-14 17:39:51,133: +PUB [/tf] /camera_base_link3 http://pc:54351/
[rosmaster.master][INFO] 2012-12-14 17:39:51,159: +PUB [/rosout] /camera/depth/metric http://pc:56357/
[rosmaster.master][INFO] 2012-12-14 17:39:51,160: +SERVICE [/camera/depth/metric/get_loggers] /camera/depth/metric http://pc:56357/
[rosmaster.master][INFO] 2012-12-14 17:39:51,162: +SERVICE [/camera/depth/metric/set_logger_level] /camera/depth/metric http://pc:56357/
[rosmaster.master][INFO] 2012-12-14 17:39:51,178: +PUB [/rosout] /camera/register_depth_rgb http://pc:45407/
[rosmaster.master][INFO] 2012-12-14 17:39:51,180: +SERVICE [/camera/register_depth_rgb/get_loggers] /camera/register_depth_rgb http://pc:45407/
[rosmaster.master][INFO] 2012-12-14 17:39:51,182: publisherUpdate[/rosout] -> http://pc:56112/
[rosmaster.master][INFO] 2012-12-14 17:39:51,185: +SERVICE [/camera/register_depth_rgb/set_logger_level] /camera/register_depth_rgb http://pc:45407/
[rosmaster.master][INFO] 2012-12-14 17:39:51,187: publisherUpdate[/rosout] -> http://pc:56112/
[rosmaster.master][INFO] 2012-12-14 17:39:51,190: publisherUpdate[/rosout] -> http://pc:56112/
[rosmaster.master][INFO] 2012-12-14 17:39:51,192: publisherUpdate[/rosout] -> http://pc:56112/
[rosmaster.master][INFO] 2012-12-14 17:39:51,200: +PUB [/rosout] /camera_nodelet_manager http://pc:53452/
[rosmaster.master][INFO] 2012-12-14 17:39:51,201: +SERVICE [/camera_nodelet_manager/get_loggers] /camera_nodelet_manager http://pc:53452/
[rosmaster.master][INFO] 2012-12-14 17:39:51,202: +SERVICE [/camera_nodelet_manager/set_logger_level] /camera_nodelet_manager http://pc:53452/
[rosmaster.master][INFO] 2012-12-14 17:39:51,204: +SERVICE [/camera_nodelet_manager/load_nodelet] /camera_nodelet_manager http://pc:53452/
[rosmaster.master][INFO] 2012-12-14 17:39:51,205: +SERVICE [/camera_nodelet_manager/unload_nodelet] /camera_nodelet_manager http://pc:53452/
[rosmaster.master][INFO] 2012-12-14 17:39:51,206: +SERVICE [/camera_nodelet_manager/list] /camera_nodelet_manager http://pc:53452/
[rosmaster.master][INFO] 2012-12-14 17:39:51,236: +PUB [/rosout] /camera/points_xyzrgb_depth_rgb http://pc:41442/
[rosmaster.master][INFO] 2012-12-14 17:39:51,271: +SERVICE [/camera/points_xyzrgb_depth_rgb/get_loggers] /camera/points_xyzrgb_depth_rgb http://pc:41442/
[rosmaster.master][INFO] 2012-12-14 17:39:51,273: +SERVICE [/camera/points_xyzrgb_depth_rgb/set_logger_level] /camera/points_xyzrgb_depth_rgb http://pc:41442/
[rosmaster.master][INFO] 2012-12-14 17:39:51,285: publisherUpdate[/rosout] -> http://pc:56112/
[rosmaster.master][INFO] 2012-12-14 17:39:51,289: publisherUpdate[/rosout] -> http://pc:56112/
[rosmaster.master][INFO] 2012-12-14 17:39:51,501: +PUB [/rosout] /set_dr http://pc:48237/
[rosmaster.master][INFO] 2012-12-14 17:39:51,518: +PUB [/camera/depth_registered/disparity] /camera_nodelet_manager http://pc:53452/
[rosmaster.master][INFO] 2012-12-14 17:39:51,589: publisherUpdate[/rosout] -> http://pc:56112/
[rosmaster.master][INFO] 2012-12-14 17:39:51,751: +SERVICE [/camera/rgb/rectify_color/set_parameters] /camera_nodelet_manager http://pc:53452/
[rosmaster.master][INFO] 2012-12-14 17:39:51,752: +PUB [/camera/rgb/rectify_color/parameter_descriptions] /camera_nodelet_manager http://pc:53452/
[rosmaster.master][INFO] 2012-12-14 17:39:51,753: +PUB [/camera/rgb/rectify_color/parameter_updates] /camera_nodelet_manager http://pc:53452/
[rosmaster.master][INFO] 2012-12-14 17:39:51,755: +PARAM [/camera/rgb/rectify_color/interpolation] by /camera_nodelet_manager
[rosmaster.master][INFO] 2012-12-14 17:39:51,758: +PUB [/camera/rgb/image_rect_color/compressed] /camera_nodelet_manager http://pc:53452/
[rosmaster.master][INFO] 2012-12-14 17:39:51,760: +SERVICE [/camera/rgb/image_rect_color/compressed/set_parameters] /camera_nodelet_manager http://pc:53452/
[rosmaster.master][INFO] 2012-12-14 17:39:51,761: +PUB [/camera/rgb/image_rect_color/compressed/parameter_descriptions] /camera_nodelet_manager http://pc:53452/
[rosmaster.master][INFO] 2012-12-14 17:39:51,762: +PUB [/camera/rgb/image_rect_color/compressed/parameter_updates] /camera_nodelet_manager http://pc:53452/
[rosmaster.master][INFO] 2012-12-14 17:39:51,765: +PARAM [/camera/rgb/image_rect_color/compressed/format] by /camera_nodelet_manager
[rosmaster.master][INFO] 2012-12-14 17:39:51,766: +PARAM [/camera/rgb/image_rect_color/compressed/jpeg_quality] by /camera_nodelet_manager
[rosmaster.master][INFO] 2012-12-14 17:39:51,767: +PARAM [/camera/rgb/image_rect_color/compressed/png_level] by /camera_nodelet_manager
[rosmaster.master][INFO] 2012-12-14 17:39:51,768: +PUB [/camera/rgb/image_rect_color] /camera_nodelet_manager http://pc:53452/
[rosmaster.master][INFO] 2012-12-14 17:39:51,771: +PUB [/camera/rgb/image_rect_color/theora] /camera_nodelet_manager http://pc:53452/
[rosmaster.master][INFO] 2012-12-14 17:39:51,772: +SERVICE [/camera/rgb/image_rect_color/theora/set_parameters] /camera_nodelet_manager http://pc:53452/
[rosmaster.master][INFO] 2012-12-14 17:39:51,773: +PUB [/camera/rgb/image_rect_color/theora/parameter_descriptions] /camera_nodelet_manager http://pc:53452/
[rosmaster.master][INFO] 2012-12-14 17:39:51,774: +PUB [/camera/rgb/image_rect_color/theora/parameter_updates] /camera_nodelet_manager http://pc:53452/
[rosmaster.master][INFO] 2012-12-14 17:39:51,778: +PARAM [/camera/rgb/image_rect_color/theora/optimize_for] by /camera_nodelet_manager
[rosmaster.master][INFO] 2012-12-14 17:39:51,778: +PARAM [/camera/rgb/image_rect_color/theora/target_bitrate] by /camera_nodelet_manager
[rosmaster.master][INFO] 2012-12-14 17:39:51,779: +PARAM [/camera/rgb/image_rect_color/theora/quality] by /camera_nodelet_manager
[rosmaster.master][INFO] 2012-12-14 17:39:51,780: +PARAM [/camera/rgb/image_rect_color/theora/keyframe_frequency] by /camera_nodelet_manager
[rosmaster.master][INFO] 2012-12-14 17:39:51,930: +PUB [/rosout] /depth_detection http://pc:60882/
[rosmaster.master][INFO] 2012-12-14 17:39:51,958: +SUB [/camera/depth_registered/image_rect] /depth_detection http://pc:60882/
[rosmaster.master][INFO] 2012-12-14 17:39:51,961: +SUB [/camera/rgb/image_rect_color] /depth_detection http://pc:60882/
[rosmaster.master][INFO] 2012-12-14 17:39:51,973: +SUB [/camera/rgb/image_color] /camera_nodelet_manager http://pc:53452/
[rosmaster.master][INFO] 2012-12-14 17:39:51,974: +SUB [/camera/rgb/camera_info] /camera_nodelet_manager http://pc:53452/
[rosmaster.master][INFO] 2012-12-14 17:39:51,992: publisherUpdate[/rosout] -> http://pc:56112/
[rosmaster.master][INFO] 2012-12-14 17:39:52,031: +SERVICE [/camera/rgb/rectify_mono/set_parameters] /camera_nodelet_manager http://pc:53452/
[rosmaster.master][INFO] 2012-12-14 17:39:52,032: +PUB [/camera/rgb/rectify_mono/parameter_descriptions] /camera_nodelet_manager http://pc:53452/
[rosmaster.master][INFO] 2012-12-14 17:39:52,033: +PUB [/camera/rgb/rectify_mono/parameter_updates] /camera_nodelet_manager http://pc:53452/
[rosmaster.master][INFO] 2012-12-14 17:39:52,034: +PARAM [/camera/rgb/rectify_mono/interpolation] by /camera_nodelet_manager
[rosmaster.master][INFO] 2012-12-14 17:39:52,036: +PUB [/camera/rgb/image_rect/compressed] /camera_nodelet_manager http://pc:53452/
[rosmaster.master][INFO] 2012-12-14 17:39:52,037: +SERVICE [/camera/rgb/image_rect/compressed/set_parameters] /camera_nodelet_manager http://pc:53452/
[rosmaster.master][INFO] 2012-12-14 17:39:52,038: +PUB [/camera/rgb/image_rect/compressed/parameter_descriptions] /camera_nodelet_manager http://pc:53452/
[rosmaster.master][INFO] 2012-12-14 17:39:52,039: +PUB [/camera/rgb/image_rect/compressed/parameter_updates] /camera_nodelet_manager http://pc:53452/
[rosmaster.master][INFO] 2012-12-14 17:39:52,042: +PARAM [/camera/rgb/image_rect/compressed/format] by /camera_nodelet_manager
[rosmaster.master][INFO] 2012-12-14 17:39:52,043: +PARAM [/camera/rgb/image_rect/compressed/jpeg_quality] by /camera_nodelet_manager
[rosmaster.master][INFO] 2012-12-14 17:39:52,044: +PARAM [/camera/rgb/image_rect/compressed/png_level] by /camera_nodelet_manager
[rosmaster.master][INFO] 2012-12-14 17:39:52,045: +PUB [/camera/rgb/image_rect] /camera_nodelet_manager http://pc:53452/
[rosmaster.master][INFO] 2012-12-14 17:39:52,046: +PUB [/camera/rgb/image_rect/theora] /camera_nodelet_manager http://pc:53452/
[rosmaster.master][INFO] 2012-12-14 17:39:52,047: +SERVICE [/camera/rgb/image_rect/theora/set_parameters] /camera_nodelet_manager http://pc:53452/
[rosmaster.master][INFO] 2012-12-14 17:39:52,048: +PUB [/camera/rgb/image_rect/theora/parameter_descriptions] /camera_nodelet_manager http://pc:53452/
[rosmaster.master][INFO] 2012-12-14 17:39:52,049: +PUB [/camera/rgb/image_rect/theora/parameter_updates] /camera_nodelet_manager http://pc:53452/
[rosmaster.master][INFO] 2012-12-14 17:39:52,053: +PARAM [/camera/rgb/image_rect/theora/optimize_for] by /camera_nodelet_manager
[rosmaster.master][INFO] 2012-12-14 17:39:52,055: +PARAM [/camera/rgb/image_rect/theora/target_bitrate] by /camera_nodelet_manager
[rosmaster.master][INFO] 2012-12-14 17:39:52,056: +PARAM [/camera/rgb/image_rect/theora/quality] by /camera_nodelet_manager
[rosmaster.master][INFO] 2012-12-14 17:39:52,057: +PARAM [/camera/rgb/image_rect/theora/keyframe_frequency] by /camera_nodelet_manager
[rosmaster.master][INFO] 2012-12-14 17:39:52,325: +PUB [/camera/depth/points] /camera_nodelet_manager http://pc:53452/
[rosmaster.master][INFO] 2012-12-14 17:39:52,594: +PUB [/camera/depth_registered/image_rect/compressed] /camera_nodelet_manager http://pc:53452/
[rosmaster.master][INFO] 2012-12-14 17:39:52,596: +SERVICE [/camera/depth_registered/image_rect/compressed/set_parameters] /camera_nodelet_manager http://pc:53452/
[rosmaster.master][INFO] 2012-12-14 17:39:52,599: +PUB [/camera/depth_registered/image_rect/compressed/parameter_descriptions] /camera_nodelet_manager http://pc:53452/
[rosmaster.master][INFO] 2012-12-14 17:39:52,602: +PUB [/camera/depth_registered/image_rect/compressed/parameter_updates] /camera_nodelet_manager http://pc:53452/
[rosmaster.master][INFO] 2012-12-14 17:39:52,610: +PARAM [/camera/depth_registered/image_rect/compressed/format] by /camera_nodelet_manager
[rosmaster.master][INFO] 2012-12-14 17:39:52,612: +PARAM [/camera/depth_registered/image_rect/compressed/jpeg_quality] by /camera_nodelet_manager
[rosmaster.master][INFO] 2012-12-14 17:39:52,615: +PARAM [/camera/depth_registered/image_rect/compressed/png_level] by /camera_nodelet_manager
[rosmaster.master][INFO] 2012-12-14 17:39:52,617: +PUB [/camera/depth_registered/image_rect] /camera_nodelet_manager http://pc:53452/
[rosmaster.master][INFO] 2012-12-14 17:39:52,620: +PUB [/camera/depth_registered/image_rect/theora] /camera_nodelet_manager http://pc:53452/
[rosmaster.master][INFO] 2012-12-14 17:39:52,623: +SERVICE [/camera/depth_registered/image_rect/theora/set_parameters] /camera_nodelet_manager http://pc:53452/
[rosmaster.master][INFO] 2012-12-14 17:39:52,626: +PUB [/camera/depth_registered/image_rect/theora/parameter_descriptions] /camera_nodelet_manager http://pc:53452/
[rosmaster.master][INFO] 2012-12-14 17:39:52,628: +PUB [/camera/depth_registered/image_rect/theora/parameter_updates] /camera_nodelet_manager http://pc:53452/
[rosmaster.master][INFO] 2012-12-14 17:39:52,639: +PARAM [/camera/depth_registered/image_rect/theora/optimize_for] by /camera_nodelet_manager
[rosmaster.master][INFO] 2012-12-14 17:39:52,643: +PARAM [/camera/depth_registered/image_rect/theora/target_bitrate] by /camera_nodelet_manager
[rosmaster.master][INFO] 2012-12-14 17:39:52,646: +PARAM [/camera/depth_registered/image_rect/theora/quality] by /camera_nodelet_manager
[rosmaster.master][INFO] 2012-12-14 17:39:52,648: +PARAM [/camera/depth_registered/image_rect/theora/keyframe_frequency] by /camera_nodelet_manager
[rosmaster.master][INFO] 2012-12-14 17:39:52,694: publisherUpdate[/camera/depth_registered/image_rect] -> http://pc:60882/
[rosmaster.master][INFO] 2012-12-14 17:39:52,737: +SUB [/camera/depth_registered/image_rect_raw] /camera_nodelet_manager http://pc:53452/
[rosmaster.master][INFO] 2012-12-14 17:39:52,919: +PUB [/camera/depth/image_rect/compressed] /camera_nodelet_manager http://pc:53452/
[rosmaster.master][INFO] 2012-12-14 17:39:52,922: +SERVICE [/camera/depth/image_rect/compressed/set_parameters] /camera_nodelet_manager http://pc:53452/
[rosmaster.master][INFO] 2012-12-14 17:39:52,924: +PUB [/camera/depth/image_rect/compressed/parameter_descriptions] /camera_nodelet_manager http://pc:53452/
[rosmaster.master][INFO] 2012-12-14 17:39:52,926: +PUB [/camera/depth/image_rect/compressed/parameter_updates] /camera_nodelet_manager http://pc:53452/
[rosmaster.master][INFO] 2012-12-14 17:39:52,933: +PARAM [/camera/depth/image_rect/compressed/format] by /camera_nodelet_manager
[rosmaster.master][INFO] 2012-12-14 17:39:52,935: +PARAM [/camera/depth/image_rect/compressed/jpeg_quality] by /camera_nodelet_manager
[rosmaster.master][INFO] 2012-12-14 17:39:52,937: +PARAM [/camera/depth/image_rect/compressed/png_level] by /camera_nodelet_manager
[rosmaster.master][INFO] 2012-12-14 17:39:52,940: +PUB [/camera/depth/image_rect] /camera_nodelet_manager http://pc:53452/
[rosmaster.master][INFO] 2012-12-14 17:39:52,943: +PUB [/camera/depth/image_rect/theora] /camera_nodelet_manager http://pc:53452/
[rosmaster.master][INFO] 2012-12-14 17:39:52,945: +SERVICE [/camera/depth/image_rect/theora/set_parameters] /camera_nodelet_manager http://pc:53452/
[rosmaster.master][INFO] 2012-12-14 17:39:52,947: +PUB [/camera/depth/image_rect/theora/parameter_descriptions] /camera_nodelet_manager http://pc:53452/
[rosmaster.master][INFO] 2012-12-14 17:39:52,949: +PUB [/camera/depth/image_rect/theora/parameter_updates] /camera_nodelet_manager http://pc:53452/
[rosmaster.master][INFO] 2012-12-14 17:39:52,958: +PARAM [/camera/depth/image_rect/theora/optimize_for] by /camera_nodelet_manager
[rosmaster.master][INFO] 2012-12-14 17:39:52,960: +PARAM [/camera/depth/image_rect/theora/target_bitrate] by /camera_nodelet_manager
[rosmaster.master][INFO] 2012-12-14 17:39:52,963: +PARAM [/camera/depth/image_rect/theora/quality] by /camera_nodelet_manager
[rosmaster.master][INFO] 2012-12-14 17:39:52,965: +PARAM [/camera/depth/image_rect/theora/keyframe_frequency] by /camera_nodelet_manager
[rosmaster.master][INFO] 2012-12-14 17:39:53,220: +SUB [/tf] /camera_nodelet_manager http://pc:53452/
[rosmaster.master][INFO] 2012-12-14 17:39:53,225: +SERVICE [/camera_nodelet_manager/tf_frames] /camera_nodelet_manager http://pc:53452/
[rosmaster.master][INFO] 2012-12-14 17:39:53,491: +PUB [/camera/depth_registered/image_rect_raw/compressed] /camera_nodelet_manager http://pc:53452/
[rosmaster.master][INFO] 2012-12-14 17:39:53,493: +SERVICE [/camera/depth_registered/image_rect_raw/compressed/set_parameters] /camera_nodelet_manager http://pc:53452/
[rosmaster.master][INFO] 2012-12-14 17:39:53,495: +PUB [/camera/depth_registered/image_rect_raw/compressed/parameter_descriptions] /camera_nodelet_manager http://pc:53452/
[rosmaster.master][INFO] 2012-12-14 17:39:53,498: +PUB [/camera/depth_registered/image_rect_raw/compressed/parameter_updates] /camera_nodelet_manager http://pc:53452/
[rosmaster.master][INFO] 2012-12-14 17:39:53,505: +PARAM [/camera/depth_registered/image_rect_raw/compressed/format] by /camera_nodelet_manager
[rosmaster.master][INFO] 2012-12-14 17:39:53,507: +PARAM [/camera/depth_registered/image_rect_raw/compressed/jpeg_quality] by /camera_nodelet_manager
[rosmaster.master][INFO] 2012-12-14 17:39:53,509: +PARAM [/camera/depth_registered/image_rect_raw/compressed/png_level] by /camera_nodelet_manager
[rosmaster.master][INFO] 2012-12-14 17:39:53,512: +PUB [/camera/depth_registered/image_rect_raw] /camera_nodelet_manager http://pc:53452/
[rosmaster.master][INFO] 2012-12-14 17:39:53,515: +PUB [/camera/depth_registered/image_rect_raw/theora] /camera_nodelet_manager http://pc:53452/
[rosmaster.master][INFO] 2012-12-14 17:39:53,517: +SERVICE [/camera/depth_registered/image_rect_raw/theora/set_parameters] /camera_nodelet_manager http://pc:53452/
[rosmaster.master][INFO] 2012-12-14 17:39:53,520: +PUB [/camera/depth_registered/image_rect_raw/theora/parameter_descriptions] /camera_nodelet_manager http://pc:53452/
[rosmaster.master][INFO] 2012-12-14 17:39:53,522: +PUB [/camera/depth_registered/image_rect_raw/theora/parameter_updates] /camera_nodelet_manager http://pc:53452/
[rosmaster.master][INFO] 2012-12-14 17:39:53,532: +PARAM [/camera/depth_registered/image_rect_raw/theora/optimize_for] by /camera_nodelet_manager
[rosmaster.master][INFO] 2012-12-14 17:39:53,534: +PARAM [/camera/depth_registered/image_rect_raw/theora/target_bitrate] by /camera_nodelet_manager
[rosmaster.master][INFO] 2012-12-14 17:39:53,536: +PARAM [/camera/depth_registered/image_rect_raw/theora/quality] by /camera_nodelet_manager
[rosmaster.master][INFO] 2012-12-14 17:39:53,538: +PARAM [/camera/depth_registered/image_rect_raw/theora/keyframe_frequency] by /camera_nodelet_manager
[rosmaster.master][INFO] 2012-12-14 17:39:53,541: +PUB [/camera/depth_registered/camera_info] /camera_nodelet_manager http://pc:53452/
[rosmaster.master][INFO] 2012-12-14 17:39:53,546: +SUB [/camera/depth/image_rect_raw] /camera_nodelet_manager http://pc:53452/
[rosmaster.master][INFO] 2012-12-14 17:39:53,549: +SUB [/camera/depth/camera_info] /camera_nodelet_manager http://pc:53452/
[rosmaster.master][INFO] 2012-12-14 17:39:53,596: publisherUpdate[/camera/depth_registered/image_rect_raw] -> http://pc:53452/
[rosmaster.master][INFO] 2012-12-14 17:39:53,822: +PUB [/camera/depth/image/compressed] /camera_nodelet_manager http://pc:53452/
[rosmaster.master][INFO] 2012-12-14 17:39:53,825: +SERVICE [/camera/depth/image/compressed/set_parameters] /camera_nodelet_manager http://pc:53452/
[rosmaster.master][INFO] 2012-12-14 17:39:53,827: +PUB [/camera/depth/image/compressed/parameter_descriptions] /camera_nodelet_manager http://pc:53452/
[rosmaster.master][INFO] 2012-12-14 17:39:53,829: +PUB [/camera/depth/image/compressed/parameter_updates] /camera_nodelet_manager http://pc:53452/
[rosmaster.master][INFO] 2012-12-14 17:39:53,838: +PARAM [/camera/depth/image/compressed/format] by /camera_nodelet_manager
[rosmaster.master][INFO] 2012-12-14 17:39:53,840: +PARAM [/camera/depth/image/compressed/jpeg_quality] by /camera_nodelet_manager
[rosmaster.master][INFO] 2012-12-14 17:39:53,843: +PARAM [/camera/depth/image/compressed/png_level] by /camera_nodelet_manager
[rosmaster.master][INFO] 2012-12-14 17:39:53,847: +PUB [/camera/depth/image] /camera_nodelet_manager http://pc:53452/
[rosmaster.master][INFO] 2012-12-14 17:39:53,850: +PUB [/camera/depth/image/theora] /camera_nodelet_manager http://pc:53452/
[rosmaster.master][INFO] 2012-12-14 17:39:53,852: +SERVICE [/camera/depth/image/theora/set_parameters] /camera_nodelet_manager http://pc:53452/
[rosmaster.master][INFO] 2012-12-14 17:39:53,855: +PUB [/camera/depth/image/theora/parameter_descriptions] /camera_nodelet_manager http://pc:53452/
[rosmaster.master][INFO] 2012-12-14 17:39:53,857: +PUB [/camera/depth/image/theora/parameter_updates] /camera_nodelet_manager http://pc:53452/
[rosmaster.master][INFO] 2012-12-14 17:39:53,867: +PARAM [/camera/depth/image/theora/optimize_for] by /camera_nodelet_manager
[rosmaster.master][INFO] 2012-12-14 17:39:53,869: +PARAM [/camera/depth/image/theora/target_bitrate] by /camera_nodelet_manager
[rosmaster.master][INFO] 2012-12-14 17:39:53,872: +PARAM [/camera/depth/image/theora/quality] by /camera_nodelet_manager
[rosmaster.master][INFO] 2012-12-14 17:39:53,874: +PARAM [/camera/depth/image/theora/keyframe_frequency] by /camera_nodelet_manager
[rosmaster.master][INFO] 2012-12-14 17:39:53,991: +PUB [/rosout] /camera/depth_registered/rectify_depth http://pc:35987/
[rosmaster.master][INFO] 2012-12-14 17:39:53,994: +SERVICE [/camera/depth_registered/rectify_depth/get_loggers] /camera/depth_registered/rectify_depth http://pc:35987/
[rosmaster.master][INFO] 2012-12-14 17:39:53,996: +SERVICE [/camera/depth_registered/rectify_depth/set_logger_level] /camera/depth_registered/rectify_depth http://pc:35987/
[rosmaster.master][INFO] 2012-12-14 17:39:53,997: publisherUpdate[/rosout] -> http://pc:56112/
[rosmaster.master][INFO] 2012-12-14 17:39:54,002: +PARAM [/camera/depth_registered/rectify_depth] by /camera/depth_registered/rectify_depth
[rosmaster.master][INFO] 2012-12-14 17:39:54,031: +SERVICE [/camera/depth_registered/metric/set_logger_level] /camera/depth_registered/metric http://pc:35385/
[rosmaster.master][INFO] 2012-12-14 17:39:54,056: +PUB [/rosout] /camera_base_link1 http://pc:46172/
[rosmaster.master][INFO] 2012-12-14 17:39:54,058: +SERVICE [/camera_base_link1/get_loggers] /camera_base_link1 http://pc:46172/
[rosmaster.master][INFO] 2012-12-14 17:39:54,059: +SERVICE [/camera_base_link1/set_logger_level] /camera_base_link1 http://pc:46172/
[rosmaster.master][INFO] 2012-12-14 17:39:54,061: +PUB [/tf] /camera_base_link1 http://pc:46172/
[rosmaster.master][INFO] 2012-12-14 17:39:54,098: publisherUpdate[/rosout] -> http://pc:56112/
[rosmaster.master][INFO] 2012-12-14 17:39:54,100: publisherUpdate[/tf] -> http://pc:53452/
[rosmaster.master][INFO] 2012-12-14 17:39:54,411: +PUB [/camera/depth_registered/points] /camera_nodelet_manager http://pc:53452/
[rosmaster.master][INFO] 2012-12-14 17:39:54,677: +SERVICE [/camera/depth/rectify_depth/set_parameters] /camera_nodelet_manager http://pc:53452/
[rosmaster.master][INFO] 2012-12-14 17:39:54,680: +PUB [/camera/depth/rectify_depth/parameter_descriptions] /camera_nodelet_manager http://pc:53452/
[rosmaster.master][INFO] 2012-12-14 17:39:54,682: +PUB [/camera/depth/rectify_depth/parameter_updates] /camera_nodelet_manager http://pc:53452/
[rosmaster.master][INFO] 2012-12-14 17:39:54,686: +PARAM [/camera/depth/rectify_depth/interpolation] by /camera_nodelet_manager
[rosmaster.master][INFO] 2012-12-14 17:39:54,689: +PUB [/camera/depth/image_rect_raw/compressed] /camera_nodelet_manager http://pc:53452/
[rosmaster.master][INFO] 2012-12-14 17:39:54,691: +SERVICE [/camera/depth/image_rect_raw/compressed/set_parameters] /camera_nodelet_manager http://pc:53452/
[rosmaster.master][INFO] 2012-12-14 17:39:54,694: +PUB [/camera/depth/image_rect_raw/compressed/parameter_descriptions] /camera_nodelet_manager http://pc:53452/
[rosmaster.master][INFO] 2012-12-14 17:39:54,696: +PUB [/camera/depth/image_rect_raw/compressed/parameter_updates] /camera_nodelet_manager http://pc:53452/
[rosmaster.master][INFO] 2012-12-14 17:39:54,704: +PARAM [/camera/depth/image_rect_raw/compressed/format] by /camera_nodelet_manager
[rosmaster.master][INFO] 2012-12-14 17:39:54,707: +PARAM [/camera/depth/image_rect_raw/compressed/jpeg_quality] by /camera_nodelet_manager
[rosmaster.master][INFO] 2012-12-14 17:39:54,709: +PARAM [/camera/depth/image_rect_raw/compressed/png_level] by /camera_nodelet_manager
[rosmaster.master][INFO] 2012-12-14 17:39:54,712: +PUB [/camera/depth/image_rect_raw] /camera_nodelet_manager http://pc:53452/
[rosmaster.master][INFO] 2012-12-14 17:39:54,715: +PUB [/camera/depth/image_rect_raw/theora] /camera_nodelet_manager http://pc:53452/
[rosmaster.master][INFO] 2012-12-14 17:39:54,717: +SERVICE [/camera/depth/image_rect_raw/theora/set_parameters] /camera_nodelet_manager http://pc:53452/
[rosmaster.master][INFO] 2012-12-14 17:39:54,719: +PUB [/camera/depth/image_rect_raw/theora/parameter_descriptions] /camera_nodelet_manager http://pc:53452/
[rosmaster.master][INFO] 2012-12-14 17:39:54,722: +PUB [/camera/depth/image_rect_raw/theora/parameter_updates] /camera_nodelet_manager http://pc:53452/
[rosmaster.master][INFO] 2012-12-14 17:39:54,731: +PARAM [/camera/depth/image_rect_raw/theora/optimize_for] by /camera_nodelet_manager
[rosmaster.master][INFO] 2012-12-14 17:39:54,733: +PARAM [/camera/depth/image_rect_raw/theora/target_bitrate] by /camera_nodelet_manager
[rosmaster.master][INFO] 2012-12-14 17:39:54,735: +PARAM [/camera/depth/image_rect_raw/theora/quality] by /camera_nodelet_manager
[rosmaster.master][INFO] 2012-12-14 17:39:54,737: +PARAM [/camera/depth/image_rect_raw/theora/keyframe_frequency] by /camera_nodelet_manager
[rosmaster.master][INFO] 2012-12-14 17:39:54,742: +SUB [/camera/depth/image_raw] /camera_nodelet_manager http://pc:53452/
[rosmaster.master][INFO] 2012-12-14 17:39:54,802: publisherUpdate[/camera/depth/image_rect_raw] -> http://pc:53452/
[rosmaster.master][INFO] 2012-12-14 17:39:55,009: +SERVICE [/camera/rgb/debayer/set_parameters] /camera_nodelet_manager http://pc:53452/
[rosmaster.master][INFO] 2012-12-14 17:39:55,012: +PUB [/camera/rgb/debayer/parameter_descriptions] /camera_nodelet_manager http://pc:53452/
[rosmaster.master][INFO] 2012-12-14 17:39:55,014: +PUB [/camera/rgb/debayer/parameter_updates] /camera_nodelet_manager http://pc:53452/
[rosmaster.master][INFO] 2012-12-14 17:39:55,019: +PARAM [/camera/rgb/debayer/debayer] by /camera_nodelet_manager
[rosmaster.master][INFO] 2012-12-14 17:39:55,021: +PUB [/camera/rgb/image_mono/compressed] /camera_nodelet_manager http://pc:53452/
[rosmaster.master][INFO] 2012-12-14 17:39:55,023: +SERVICE [/camera/rgb/image_mono/compressed/set_parameters] /camera_nodelet_manager http://pc:53452/
[rosmaster.master][INFO] 2012-12-14 17:39:55,026: +PUB [/camera/rgb/image_mono/compressed/parameter_descriptions] /camera_nodelet_manager http://pc:53452/
[rosmaster.master][INFO] 2012-12-14 17:39:55,028: +PUB [/camera/rgb/image_mono/compressed/parameter_updates] /camera_nodelet_manager http://pc:53452/
[rosmaster.master][INFO] 2012-12-14 17:39:55,035: +PARAM [/camera/rgb/image_mono/compressed/format] by /camera_nodelet_manager
[rosmaster.master][INFO] 2012-12-14 17:39:55,038: +PARAM [/camera/rgb/image_mono/compressed/jpeg_quality] by /camera_nodelet_manager
[rosmaster.master][INFO] 2012-12-14 17:39:55,040: +PARAM [/camera/rgb/image_mono/compressed/png_level] by /camera_nodelet_manager
[rosmaster.master][INFO] 2012-12-14 17:39:55,043: +PUB [/camera/rgb/image_mono] /camera_nodelet_manager http://pc:53452/
[rosmaster.master][INFO] 2012-12-14 17:39:55,045: +PUB [/camera/rgb/image_mono/theora] /camera_nodelet_manager http://pc:53452/
[rosmaster.master][INFO] 2012-12-14 17:39:55,048: +SERVICE [/camera/rgb/image_mono/theora/set_parameters] /camera_nodelet_manager http://pc:53452/
[rosmaster.master][INFO] 2012-12-14 17:39:55,050: +PUB [/camera/rgb/image_mono/theora/parameter_descriptions] /camera_nodelet_manager http://pc:53452/
[rosmaster.master][INFO] 2012-12-14 17:39:55,053: +PUB [/camera/rgb/image_mono/theora/parameter_updates] /camera_nodelet_manager http://pc:53452/
[rosmaster.master][INFO] 2012-12-14 17:39:55,062: +PARAM [/camera/rgb/image_mono/theora/optimize_for] by /camera_nodelet_manager
[rosmaster.master][INFO] 2012-12-14 17:39:55,064: +PARAM [/camera/rgb/image_mono/theora/target_bitrate] by /camera_nodelet_manager
[rosmaster.master][INFO] 2012-12-14 17:39:55,067: +PARAM [/camera/rgb/image_mono/theora/quality] by /camera_nodelet_manager
[rosmaster.master][INFO] 2012-12-14 17:39:55,069: +PARAM [/camera/rgb/image_mono/theora/keyframe_frequency] by /camera_nodelet_manager
[rosmaster.master][INFO] 2012-12-14 17:39:55,071: +PUB [/camera/rgb/image_color/compressed] /camera_nodelet_manager http://pc:53452/
[rosmaster.master][INFO] 2012-12-14 17:39:55,073: +SERVICE [/camera/rgb/image_color/compressed/set_parameters] /camera_nodelet_manager http://pc:53452/
[rosmaster.master][INFO] 2012-12-14 17:39:55,076: +PUB [/camera/rgb/image_color/compressed/parameter_descriptions] /camera_nodelet_manager http://pc:53452/
[rosmaster.master][INFO] 2012-12-14 17:39:55,078: +PUB [/camera/rgb/image_color/compressed/parameter_updates] /camera_nodelet_manager http://pc:53452/
[rosmaster.master][INFO] 2012-12-14 17:39:55,085: +PARAM [/camera/rgb/image_color/compressed/format] by /camera_nodelet_manager
[rosmaster.master][INFO] 2012-12-14 17:39:55,087: +PARAM [/camera/rgb/image_color/compressed/jpeg_quality] by /camera_nodelet_manager
[rosmaster.master][INFO] 2012-12-14 17:39:55,089: +PARAM [/camera/rgb/image_color/compressed/png_level] by /camera_nodelet_manager
[rosmaster.master][INFO] 2012-12-14 17:39:55,092: +PUB [/camera/rgb/image_color] /camera_nodelet_manager http://pc:53452/
[rosmaster.master][INFO] 2012-12-14 17:39:55,095: +PUB [/camera/rgb/image_color/theora] /camera_nodelet_manager http://pc:53452/
[rosmaster.master][INFO] 2012-12-14 17:39:55,097: +SERVICE [/camera/rgb/image_color/theora/set_parameters] /camera_nodelet_manager http://pc:53452/
[rosmaster.master][INFO] 2012-12-14 17:39:55,099: +PUB [/camera/rgb/image_color/theora/parameter_descriptions] /camera_nodelet_manager http://pc:53452/
[rosmaster.master][INFO] 2012-12-14 17:39:55,101: +PUB [/camera/rgb/image_color/theora/parameter_updates] /camera_nodelet_manager http://pc:53452/
[rosmaster.master][INFO] 2012-12-14 17:39:55,104: publisherUpdate[/camera/rgb/image_color] -> http://pc:53452/
[rosmaster.master][INFO] 2012-12-14 17:39:55,112: +PARAM [/camera/rgb/image_color/theora/optimize_for] by /camera_nodelet_manager
[rosmaster.master][INFO] 2012-12-14 17:39:55,114: +PARAM [/camera/rgb/image_color/theora/target_bitrate] by /camera_nodelet_manager
[rosmaster.master][INFO] 2012-12-14 17:39:55,116: +PARAM [/camera/rgb/image_color/theora/quality] by /camera_nodelet_manager
[rosmaster.master][INFO] 2012-12-14 17:39:55,118: +PARAM [/camera/rgb/image_color/theora/keyframe_frequency] by /camera_nodelet_manager
[rosmaster.master][INFO] 2012-12-14 17:39:55,138: +SUB [/camera/rgb/image_raw] /camera_nodelet_manager http://pc:53452/
[rosmaster.master][INFO] 2012-12-14 17:39:55,911: +SERVICE [/camera/depth_registered/rectify_depth/set_parameters] /camera_nodelet_manager http://pc:53452/
[rosmaster.master][INFO] 2012-12-14 17:39:55,914: +PUB [/camera/depth_registered/rectify_depth/parameter_descriptions] /camera_nodelet_manager http://pc:53452/
[rosmaster.master][INFO] 2012-12-14 17:39:55,917: +PUB [/camera/depth_registered/rectify_depth/parameter_updates] /camera_nodelet_manager http://pc:53452/
[rosmaster.master][INFO] 2012-12-14 17:39:55,920: +PARAM [/camera/depth_registered/rectify_depth/interpolation] by /camera_nodelet_manager
[rosmaster.master][INFO] 2012-12-14 17:39:55,924: +PARAM [/camera/depth_registered/image_rect_raw/compressed/format] by /camera_nodelet_manager
[rosmaster.master][INFO] 2012-12-14 17:39:55,925: +PARAM [/camera/depth_registered/image_rect_raw/compressed/jpeg_quality] by /camera_nodelet_manager
[rosmaster.master][INFO] 2012-12-14 17:39:55,926: +PARAM [/camera/depth_registered/image_rect_raw/compressed/png_level] by /camera_nodelet_manager
[rosmaster.master][INFO] 2012-12-14 17:39:55,931: +PARAM [/camera/depth_registered/image_rect_raw/theora/optimize_for] by /camera_nodelet_manager
[rosmaster.master][INFO] 2012-12-14 17:39:55,932: +PARAM [/camera/depth_registered/image_rect_raw/theora/target_bitrate] by /camera_nodelet_manager
[rosmaster.master][INFO] 2012-12-14 17:39:55,933: +PARAM [/camera/depth_registered/image_rect_raw/theora/quality] by /camera_nodelet_manager
[rosmaster.master][INFO] 2012-12-14 17:39:55,934: +PARAM [/camera/depth_registered/image_rect_raw/theora/keyframe_frequency] by /camera_nodelet_manager
[rosmaster.master][INFO] 2012-12-14 17:39:55,937: +SUB [/camera/depth_registered/image_raw] /camera_nodelet_manager http://pc:53452/
[rosmaster.master][INFO] 2012-12-14 17:39:55,938: +SUB [/camera/depth_registered/camera_info] /camera_nodelet_manager http://pc:53452/
[rosmaster.master][INFO] 2012-12-14 17:39:56,556: +PUB [/camera/depth_registered/image/compressed] /camera_nodelet_manager http://pc:53452/
[rosmaster.master][INFO] 2012-12-14 17:39:56,558: +SERVICE [/camera/depth_registered/image/compressed/set_parameters] /camera_nodelet_manager http://pc:53452/
[rosmaster.master][INFO] 2012-12-14 17:39:56,560: +PUB [/camera/depth_registered/image/compressed/parameter_descriptions] /camera_nodelet_manager http://pc:53452/
[rosmaster.master][INFO] 2012-12-14 17:39:56,562: +PUB [/camera/depth_registered/image/compressed/parameter_updates] /camera_nodelet_manager http://pc:53452/
[rosmaster.master][INFO] 2012-12-14 17:39:56,567: +PARAM [/camera/depth_registered/image/compressed/format] by /camera_nodelet_manager
[rosmaster.master][INFO] 2012-12-14 17:39:56,568: +PARAM [/camera/depth_registered/image/compressed/jpeg_quality] by /camera_nodelet_manager
[rosmaster.master][INFO] 2012-12-14 17:39:56,569: +PARAM [/camera/depth_registered/image/compressed/png_level] by /camera_nodelet_manager
[rosmaster.master][INFO] 2012-12-14 17:39:56,571: +PUB [/camera/depth_registered/image] /camera_nodelet_manager http://pc:53452/
[rosmaster.master][INFO] 2012-12-14 17:39:56,572: +PUB [/camera/depth_registered/image/theora] /camera_nodelet_manager http://pc:53452/
[rosmaster.master][INFO] 2012-12-14 17:39:56,573: +SERVICE [/camera/depth_registered/image/theora/set_parameters] /camera_nodelet_manager http://pc:53452/
[rosmaster.master][INFO] 2012-12-14 17:39:56,574: +PUB [/camera/depth_registered/image/theora/parameter_descriptions] /camera_nodelet_manager http://pc:53452/
[rosmaster.master][INFO] 2012-12-14 17:39:56,575: +PUB [/camera/depth_registered/image/theora/parameter_updates] /camera_nodelet_manager http://pc:53452/
[rosmaster.master][INFO] 2012-12-14 17:39:56,580: +PARAM [/camera/depth_registered/image/theora/optimize_for] by /camera_nodelet_manager
[rosmaster.master][INFO] 2012-12-14 17:39:56,581: +PARAM [/camera/depth_registered/image/theora/target_bitrate] by /camera_nodelet_manager
[rosmaster.master][INFO] 2012-12-14 17:39:56,582: +PARAM [/camera/depth_registered/image/theora/quality] by /camera_nodelet_manager
[rosmaster.master][INFO] 2012-12-14 17:39:56,583: +PARAM [/camera/depth_registered/image/theora/keyframe_frequency] by /camera_nodelet_manager
[rosmaster.master][INFO] 2012-12-14 17:39:57,177: +SERVICE [/camera/ir/rectify_ir/set_parameters] /camera_nodelet_manager http://pc:53452/
[rosmaster.master][INFO] 2012-12-14 17:39:57,180: +PUB [/camera/ir/rectify_ir/parameter_descriptions] /camera_nodelet_manager http://pc:53452/
[rosmaster.master][INFO] 2012-12-14 17:39:57,182: +PUB [/camera/ir/rectify_ir/parameter_updates] /camera_nodelet_manager http://pc:53452/
[rosmaster.master][INFO] 2012-12-14 17:39:57,186: +PARAM [/camera/ir/rectify_ir/interpolation] by /camera_nodelet_manager
[rosmaster.master][INFO] 2012-12-14 17:39:57,189: +PUB [/camera/ir/image_rect/compressed] /camera_nodelet_manager http://pc:53452/
[rosmaster.master][INFO] 2012-12-14 17:39:57,191: +SERVICE [/camera/ir/image_rect/compressed/set_parameters] /camera_nodelet_manager http://pc:53452/
[rosmaster.master][INFO] 2012-12-14 17:39:57,192: +PUB [/camera/ir/image_rect/compressed/parameter_descriptions] /camera_nodelet_manager http://pc:53452/
[rosmaster.master][INFO] 2012-12-14 17:39:57,193: +PUB [/camera/ir/image_rect/compressed/parameter_updates] /camera_nodelet_manager http://pc:53452/
[rosmaster.master][INFO] 2012-12-14 17:39:57,196: +PARAM [/camera/ir/image_rect/compressed/format] by /camera_nodelet_manager
[rosmaster.master][INFO] 2012-12-14 17:39:57,197: +PARAM [/camera/ir/image_rect/compressed/jpeg_quality] by /camera_nodelet_manager
[rosmaster.master][INFO] 2012-12-14 17:39:57,198: +PARAM [/camera/ir/image_rect/compressed/png_level] by /camera_nodelet_manager
[rosmaster.master][INFO] 2012-12-14 17:39:57,199: +PUB [/camera/ir/image_rect] /camera_nodelet_manager http://pc:53452/
[rosmaster.master][INFO] 2012-12-14 17:39:57,200: +PUB [/camera/ir/image_rect/theora] /camera_nodelet_manager http://pc:53452/
[rosmaster.master][INFO] 2012-12-14 17:39:57,201: +SERVICE [/camera/ir/image_rect/theora/set_parameters] /camera_nodelet_manager http://pc:53452/
[rosmaster.master][INFO] 2012-12-14 17:39:57,202: +PUB [/camera/ir/image_rect/theora/parameter_descriptions] /camera_nodelet_manager http://pc:53452/
[rosmaster.master][INFO] 2012-12-14 17:39:57,203: +PUB [/camera/ir/image_rect/theora/parameter_updates] /camera_nodelet_manager http://pc:53452/
[rosmaster.master][INFO] 2012-12-14 17:39:57,207: +PARAM [/camera/ir/image_rect/theora/optimize_for] by /camera_nodelet_manager
[rosmaster.master][INFO] 2012-12-14 17:39:57,208: +PARAM [/camera/ir/image_rect/theora/target_bitrate] by /camera_nodelet_manager
[rosmaster.master][INFO] 2012-12-14 17:39:57,209: +PARAM [/camera/ir/image_rect/theora/quality] by /camera_nodelet_manager
[rosmaster.master][INFO] 2012-12-14 17:39:57,210: +PARAM [/camera/ir/image_rect/theora/keyframe_frequency] by /camera_nodelet_manager
[rosmaster.master][INFO] 2012-12-14 17:39:57,836: +PUB [/camera/depth/disparity] /camera_nodelet_manager http://pc:53452/
[rosmaster.master][INFO] 2012-12-14 17:39:59,736: +SERVICE [/camera/driver/set_parameters] /camera_nodelet_manager http://pc:53452/
[rosmaster.master][INFO] 2012-12-14 17:39:59,739: +PUB [/camera/driver/parameter_descriptions] /camera_nodelet_manager http://pc:53452/
[rosmaster.master][INFO] 2012-12-14 17:39:59,742: +PUB [/camera/driver/parameter_updates] /camera_nodelet_manager http://pc:53452/
[rosmaster.master][INFO] 2012-12-14 17:39:59,763: +PARAM [/camera/driver/image_mode] by /camera_nodelet_manager
[rosmaster.master][INFO] 2012-12-14 17:39:59,766: +PARAM [/camera/driver/depth_mode] by /camera_nodelet_manager
[rosmaster.master][INFO] 2012-12-14 17:39:59,769: +PARAM [/camera/driver/depth_registration] by /camera_nodelet_manager
[rosmaster.master][INFO] 2012-12-14 17:39:59,771: +PARAM [/camera/driver/data_skip] by /camera_nodelet_manager
[rosmaster.master][INFO] 2012-12-14 17:39:59,774: +PARAM [/camera/driver/depth_time_offset] by /camera_nodelet_manager
[rosmaster.master][INFO] 2012-12-14 17:39:59,776: +PARAM [/camera/driver/image_time_offset] by /camera_nodelet_manager
[rosmaster.master][INFO] 2012-12-14 17:39:59,778: +PARAM [/camera/driver/depth_ir_offset_x] by /camera_nodelet_manager
[rosmaster.master][INFO] 2012-12-14 17:39:59,781: +PARAM [/camera/driver/depth_ir_offset_y] by /camera_nodelet_manager
[rosmaster.master][INFO] 2012-12-14 17:39:59,783: +PARAM [/camera/driver/z_offset_mm] by /camera_nodelet_manager
[rosmaster.master][INFO] 2012-12-14 17:39:59,804: +SERVICE [/camera/rgb/set_camera_info] /camera_nodelet_manager http://pc:53452/
[rosmaster.master][INFO] 2012-12-14 17:39:59,807: +SERVICE [/camera/ir/set_camera_info] /camera_nodelet_manager http://pc:53452/
[rosmaster.master][INFO] 2012-12-14 17:39:59,811: +PUB [/camera/rgb/image_raw/compressed] /camera_nodelet_manager http://pc:53452/
[rosmaster.master][INFO] 2012-12-14 17:39:59,813: +SERVICE [/camera/rgb/image_raw/compressed/set_parameters] /camera_nodelet_manager http://pc:53452/
[rosmaster.master][INFO] 2012-12-14 17:39:59,816: +PUB [/camera/rgb/image_raw/compressed/parameter_descriptions] /camera_nodelet_manager http://pc:53452/
[rosmaster.master][INFO] 2012-12-14 17:39:59,818: +PUB [/camera/rgb/image_raw/compressed/parameter_updates] /camera_nodelet_manager http://pc:53452/
[rosmaster.master][INFO] 2012-12-14 17:39:59,827: +PARAM [/camera/rgb/image_raw/compressed/format] by /camera_nodelet_manager
[rosmaster.master][INFO] 2012-12-14 17:39:59,830: +PARAM [/camera/rgb/image_raw/compressed/jpeg_quality] by /camera_nodelet_manager
[rosmaster.master][INFO] 2012-12-14 17:39:59,833: +PARAM [/camera/rgb/image_raw/compressed/png_level] by /camera_nodelet_manager
[rosmaster.master][INFO] 2012-12-14 17:39:59,836: +PUB [/camera/rgb/image_raw] /camera_nodelet_manager http://pc:53452/
[rosmaster.master][INFO] 2012-12-14 17:39:59,839: +PUB [/camera/rgb/image_raw/theora] /camera_nodelet_manager http://pc:53452/
[rosmaster.master][INFO] 2012-12-14 17:39:59,842: +SERVICE [/camera/rgb/image_raw/theora/set_parameters] /camera_nodelet_manager http://pc:53452/
[rosmaster.master][INFO] 2012-12-14 17:39:59,845: +PUB [/camera/rgb/image_raw/theora/parameter_descriptions] /camera_nodelet_manager http://pc:53452/
[rosmaster.master][INFO] 2012-12-14 17:39:59,847: +PUB [/camera/rgb/image_raw/theora/parameter_updates] /camera_nodelet_manager http://pc:53452/
[rosmaster.master][INFO] 2012-12-14 17:39:59,857: +PARAM [/camera/rgb/image_raw/theora/optimize_for] by /camera_nodelet_manager
[rosmaster.master][INFO] 2012-12-14 17:39:59,859: +PARAM [/camera/rgb/image_raw/theora/target_bitrate] by /camera_nodelet_manager
[rosmaster.master][INFO] 2012-12-14 17:39:59,861: +PARAM [/camera/rgb/image_raw/theora/quality] by /camera_nodelet_manager
[rosmaster.master][INFO] 2012-12-14 17:39:59,864: +PARAM [/camera/rgb/image_raw/theora/keyframe_frequency] by /camera_nodelet_manager
[rosmaster.master][INFO] 2012-12-14 17:39:59,866: +PUB [/camera/rgb/camera_info] /camera_nodelet_manager http://pc:53452/
[rosmaster.master][INFO] 2012-12-14 17:39:59,869: +PUB [/camera/ir/image_raw/compressed] /camera_nodelet_manager http://pc:53452/
[rosmaster.master][INFO] 2012-12-14 17:39:59,871: +SERVICE [/camera/ir/image_raw/compressed/set_parameters] /camera_nodelet_manager http://pc:53452/
[rosmaster.master][INFO] 2012-12-14 17:39:59,873: +PUB [/camera/ir/image_raw/compressed/parameter_descriptions] /camera_nodelet_manager http://pc:53452/
[rosmaster.master][INFO] 2012-12-14 17:39:59,876: +PUB [/camera/ir/image_raw/compressed/parameter_updates] /camera_nodelet_manager http://pc:53452/
[rosmaster.master][INFO] 2012-12-14 17:39:59,883: +PARAM [/camera/ir/image_raw/compressed/format] by /camera_nodelet_manager
[rosmaster.master][INFO] 2012-12-14 17:39:59,885: +PARAM [/camera/ir/image_raw/compressed/jpeg_quality] by /camera_nodelet_manager
[rosmaster.master][INFO] 2012-12-14 17:39:59,887: +PARAM [/camera/ir/image_raw/compressed/png_level] by /camera_nodelet_manager
[rosmaster.master][INFO] 2012-12-14 17:39:59,890: +PUB [/camera/ir/image_raw] /camera_nodelet_manager http://pc:53452/
[rosmaster.master][INFO] 2012-12-14 17:39:59,892: +PUB [/camera/ir/image_raw/theora] /camera_nodelet_manager http://pc:53452/
[rosmaster.master][INFO] 2012-12-14 17:39:59,895: +SERVICE [/camera/ir/image_raw/theora/set_parameters] /camera_nodelet_manager http://pc:53452/
[rosmaster.master][INFO] 2012-12-14 17:39:59,897: +PUB [/camera/ir/image_raw/theora/parameter_descriptions] /camera_nodelet_manager http://pc:53452/
[rosmaster.master][INFO] 2012-12-14 17:39:59,899: +PUB [/camera/ir/image_raw/theora/parameter_updates] /camera_nodelet_manager http://pc:53452/
[rosmaster.master][INFO] 2012-12-14 17:39:59,908: +PARAM [/camera/ir/image_raw/theora/optimize_for] by /camera_nodelet_manager
[rosmaster.master][INFO] 2012-12-14 17:39:59,910: +PARAM [/camera/ir/image_raw/theora/target_bitrate] by /camera_nodelet_manager
[rosmaster.master][INFO] 2012-12-14 17:39:59,913: +PARAM [/camera/ir/image_raw/theora/quality] by /camera_nodelet_manager
[rosmaster.master][INFO] 2012-12-14 17:39:59,913: publisherUpdate[/camera/rgb/image_raw] -> http://pc:53452/
[rosmaster.master][INFO] 2012-12-14 17:39:59,916: publisherUpdate[/camera/rgb/camera_info] -> http://pc:53452/
[rosmaster.master][INFO] 2012-12-14 17:39:59,917: +PARAM [/camera/ir/image_raw/theora/keyframe_frequency] by /camera_nodelet_manager
[rosmaster.master][INFO] 2012-12-14 17:39:59,921: +PUB [/camera/ir/camera_info] /camera_nodelet_manager http://pc:53452/
[rosmaster.master][INFO] 2012-12-14 17:39:59,923: +PUB [/camera/depth/image_raw/compressed] /camera_nodelet_manager http://pc:53452/
[rosmaster.master][INFO] 2012-12-14 17:39:59,926: +SERVICE [/camera/depth/image_raw/compressed/set_parameters] /camera_nodelet_manager http://pc:53452/
[rosmaster.master][INFO] 2012-12-14 17:39:59,928: +PUB [/camera/depth/image_raw/compressed/parameter_descriptions] /camera_nodelet_manager http://pc:53452/
[rosmaster.master][INFO] 2012-12-14 17:39:59,931: +PUB [/camera/depth/image_raw/compressed/parameter_updates] /camera_nodelet_manager http://pc:53452/
[rosmaster.master][INFO] 2012-12-14 17:39:59,939: +PARAM [/camera/depth/image_raw/compressed/format] by /camera_nodelet_manager
[rosmaster.master][INFO] 2012-12-14 17:39:59,941: +PARAM [/camera/depth/image_raw/compressed/jpeg_quality] by /camera_nodelet_manager
[rosmaster.master][INFO] 2012-12-14 17:39:59,944: +PARAM [/camera/depth/image_raw/compressed/png_level] by /camera_nodelet_manager
[rosmaster.master][INFO] 2012-12-14 17:39:59,946: +PUB [/camera/depth/image_raw] /camera_nodelet_manager http://pc:53452/
[rosmaster.master][INFO] 2012-12-14 17:39:59,949: +PUB [/camera/depth/image_raw/theora] /camera_nodelet_manager http://pc:53452/
[rosmaster.master][INFO] 2012-12-14 17:39:59,952: +SERVICE [/camera/depth/image_raw/theora/set_parameters] /camera_nodelet_manager http://pc:53452/
[rosmaster.master][INFO] 2012-12-14 17:39:59,954: +PUB [/camera/depth/image_raw/theora/parameter_descriptions] /camera_nodelet_manager http://pc:53452/
[rosmaster.master][INFO] 2012-12-14 17:39:59,957: +PUB [/camera/depth/image_raw/theora/parameter_updates] /camera_nodelet_manager http://pc:53452/
[rosmaster.master][INFO] 2012-12-14 17:39:59,966: +PARAM [/camera/depth/image_raw/theora/optimize_for] by /camera_nodelet_manager
[rosmaster.master][INFO] 2012-12-14 17:39:59,969: +PARAM [/camera/depth/image_raw/theora/target_bitrate] by /camera_nodelet_manager
[rosmaster.master][INFO] 2012-12-14 17:39:59,971: +PARAM [/camera/depth/image_raw/theora/quality] by /camera_nodelet_manager
[rosmaster.master][INFO] 2012-12-14 17:39:59,973: +PARAM [/camera/depth/image_raw/theora/keyframe_frequency] by /camera_nodelet_manager
[rosmaster.master][INFO] 2012-12-14 17:39:59,976: +PUB [/camera/depth/camera_info] /camera_nodelet_manager http://pc:53452/
[rosmaster.master][INFO] 2012-12-14 17:39:59,979: +PUB [/camera/projector/camera_info] /camera_nodelet_manager http://pc:53452/
[rosmaster.master][INFO] 2012-12-14 17:39:59,982: +PUB [/camera/depth_registered/image_raw/compressed] /camera_nodelet_manager http://pc:53452/
[rosmaster.master][INFO] 2012-12-14 17:39:59,984: +SERVICE [/camera/depth_registered/image_raw/compressed/set_parameters] /camera_nodelet_manager http://pc:53452/
[rosmaster.master][INFO] 2012-12-14 17:39:59,986: +PUB [/camera/depth_registered/image_raw/compressed/parameter_descriptions] /camera_nodelet_manager http://pc:53452/
[rosmaster.master][INFO] 2012-12-14 17:39:59,991: +PUB [/camera/depth_registered/image_raw/compressed/parameter_updates] /camera_nodelet_manager http://pc:53452/
[rosmaster.master][INFO] 2012-12-14 17:39:59,993: +SUB [/camera/driver/parameter_updates] /set_dr http://pc:48237/
[rosmaster.master][INFO] 2012-12-14 17:39:59,999: +SUB [/camera/driver/parameter_descriptions] /set_dr http://pc:48237/
[rosmaster.master][INFO] 2012-12-14 17:40:00,004: +PARAM [/camera/depth_registered/image_raw/compressed/format] by /camera_nodelet_manager
[rosmaster.master][INFO] 2012-12-14 17:40:00,006: +PARAM [/camera/depth_registered/image_raw/compressed/jpeg_quality] by /camera_nodelet_manager
[rosmaster.master][INFO] 2012-12-14 17:40:00,008: +PARAM [/camera/depth_registered/image_raw/compressed/png_level] by /camera_nodelet_manager
[rosmaster.master][INFO] 2012-12-14 17:40:00,011: +PUB [/camera/depth_registered/image_raw] /camera_nodelet_manager http://pc:53452/
[rosmaster.master][INFO] 2012-12-14 17:40:00,013: +PUB [/camera/depth_registered/image_raw/theora] /camera_nodelet_manager http://pc:53452/
[rosmaster.master][INFO] 2012-12-14 17:40:00,014: publisherUpdate[/camera/depth/image_raw] -> http://pc:53452/
[rosmaster.master][INFO] 2012-12-14 17:40:00,016: publisherUpdate[/camera/depth/camera_info] -> http://pc:53452/
[rosmaster.master][INFO] 2012-12-14 17:40:00,019: +SERVICE [/camera/depth_registered/image_raw/theora/set_parameters] /camera_nodelet_manager http://pc:53452/
[rosmaster.master][INFO] 2012-12-14 17:40:00,020: publisherUpdate[/camera/depth_registered/image_raw] -> http://pc:53452/
[rosmaster.master][INFO] 2012-12-14 17:40:00,026: +PUB [/camera/depth_registered/image_raw/theora/parameter_descriptions] /camera_nodelet_manager http://pc:53452/
[rosmaster.master][INFO] 2012-12-14 17:40:00,029: +PUB [/camera/depth_registered/image_raw/theora/parameter_updates] /camera_nodelet_manager http://pc:53452/
[rosmaster.master][INFO] 2012-12-14 17:40:00,041: +PARAM [/camera/depth_registered/image_raw/theora/optimize_for] by /camera_nodelet_manager
[rosmaster.master][INFO] 2012-12-14 17:40:00,043: +PARAM [/camera/depth_registered/image_raw/theora/target_bitrate] by /camera_nodelet_manager
[rosmaster.master][INFO] 2012-12-14 17:40:00,045: +PARAM [/camera/depth_registered/image_raw/theora/quality] by /camera_nodelet_manager
[rosmaster.master][INFO] 2012-12-14 17:40:00,047: +PARAM [/camera/depth_registered/image_raw/theora/keyframe_frequency] by /camera_nodelet_manager
[rosmaster.master][INFO] 2012-12-14 17:40:03,894: +PARAM [/camera/driver/image_mode] by /camera_nodelet_manager
[rosmaster.master][INFO] 2012-12-14 17:40:03,897: +PARAM [/camera/driver/depth_mode] by /camera_nodelet_manager
[rosmaster.master][INFO] 2012-12-14 17:40:03,900: +PARAM [/camera/driver/depth_registration] by /camera_nodelet_manager
[rosmaster.master][INFO] 2012-12-14 17:40:03,902: +PARAM [/camera/driver/data_skip] by /camera_nodelet_manager
[rosmaster.master][INFO] 2012-12-14 17:40:03,906: +PARAM [/camera/driver/depth_time_offset] by /camera_nodelet_manager
[rosmaster.master][INFO] 2012-12-14 17:40:03,909: +PARAM [/camera/driver/image_time_offset] by /camera_nodelet_manager
[rosmaster.master][INFO] 2012-12-14 17:40:03,913: +PARAM [/camera/driver/depth_ir_offset_x] by /camera_nodelet_manager
[rosmaster.master][INFO] 2012-12-14 17:40:03,919: +PARAM [/camera/driver/depth_ir_offset_y] by /camera_nodelet_manager
[rosmaster.master][INFO] 2012-12-14 17:40:03,921: +PARAM [/camera/driver/z_offset_mm] by /camera_nodelet_manager
[rosmaster.master][INFO] 2012-12-14 17:40:03,924: -SUB [/camera/driver/parameter_updates] /set_dr http://pc:48237/
[rosmaster.master][INFO] 2012-12-14 17:40:03,925: -SUB [/camera/driver/parameter_descriptions] /set_dr http://pc:48237/
[rosmaster.master][INFO] 2012-12-14 17:40:03,925: -PUB [/rosout] /set_dr http://pc:48237/
[rosmaster.master][INFO] 2012-12-14 17:40:03,927: publisherUpdate[/rosout] -> http://pc:56112/
[rosmaster.master][INFO] 2012-12-14 17:40:09,937: -SUB [/camera/depth_registered/image_rect] /depth_detection http://pc:60882/
[rosmaster.master][INFO] 2012-12-14 17:40:09,937: -SUB [/camera/rgb/image_rect_color] /depth_detection http://pc:60882/
[rosmaster.master][INFO] 2012-12-14 17:40:09,937: -PUB [/rosout] /depth_detection http://pc:60882/
[rosmaster.master][INFO] 2012-12-14 17:40:09,939: publisherUpdate[/rosout] -> http://pc:56112/
[rosmaster.master][INFO] 2012-12-14 17:40:09,952: -PUB [/camera/depth/disparity] /camera_nodelet_manager http://pc:53452/
[rosmaster.master][INFO] 2012-12-14 17:40:09,954: -PUB [/camera/depth_registered/disparity] /camera_nodelet_manager http://pc:53452/
[rosmaster.master][INFO] 2012-12-14 17:40:09,956: -SUB [/camera/rgb/image_color] /camera_nodelet_manager http://pc:53452/
[rosmaster.master][INFO] 2012-12-14 17:40:09,957: -PUB [/camera/depth_registered/points] /camera_nodelet_manager http://pc:53452/
[rosmaster.master][INFO] 2012-12-14 17:40:09,958: -SUB [/camera/rgb/image_raw] /camera_nodelet_manager http://pc:53452/
[rosmaster.master][INFO] 2012-12-14 17:40:09,959: -SUB [/camera/depth_registered/image_rect_raw] /camera_nodelet_manager http://pc:53452/
[rosmaster.master][INFO] 2012-12-14 17:40:09,961: -SUB [/camera/depth_registered/image_raw] /camera_nodelet_manager http://pc:53452/
[rosmaster.master][INFO] 2012-12-14 17:40:09,962: -SUB [/camera/depth_registered/camera_info] /camera_nodelet_manager http://pc:53452/
[rosmaster.master][INFO] 2012-12-14 17:40:09,963: -SUB [/camera/depth/image_rect_raw] /camera_nodelet_manager http://pc:53452/
[rosmaster.master][INFO] 2012-12-14 17:40:09,964: -SUB [/camera/rgb/camera_info] /camera_nodelet_manager http://pc:53452/
[rosmaster.master][INFO] 2012-12-14 17:40:09,965: -SUB [/camera/depth/image_raw] /camera_nodelet_manager http://pc:53452/
[rosmaster.master][INFO] 2012-12-14 17:40:09,967: -SUB [/camera/depth/camera_info] /camera_nodelet_manager http://pc:53452/
[rosmaster.master][INFO] 2012-12-14 17:40:10,016: -PUB [/rosout] /camera/disparity_depth_registered http://pc:43710/
[rosmaster.master][INFO] 2012-12-14 17:40:10,019: -PUB [/rosout] /camera/depth_registered/metric_rect http://pc:51221/
[rosmaster.master][INFO] 2012-12-14 17:40:10,022: -SERVICE [/camera/disparity_depth_registered/get_loggers] /camera/disparity_depth_registered rosrpc://pc:46229
[rosmaster.master][INFO] 2012-12-14 17:40:10,023: -PUB [/rosout] /camera/disparity_depth http://pc:48594/
[rosmaster.master][INFO] 2012-12-14 17:40:10,028: -PUB [/rosout] /camera/points_xyzrgb_depth_rgb http://pc:41442/
[rosmaster.master][INFO] 2012-12-14 17:40:10,029: -SERVICE [/camera/disparity_depth_registered/set_logger_level] /camera/disparity_depth_registered rosrpc://pc:46229
[rosmaster.master][INFO] 2012-12-14 17:40:10,032: -SERVICE [/camera/depth_registered/metric_rect/get_loggers] /camera/depth_registered/metric_rect rosrpc://pc:58726
[rosmaster.master][INFO] 2012-12-14 17:40:10,034: -SERVICE [/camera/disparity_depth/get_loggers] /camera/disparity_depth rosrpc://pc:60856
[rosmaster.master][INFO] 2012-12-14 17:40:10,036: -SERVICE [/camera/points_xyzrgb_depth_rgb/get_loggers] /camera/points_xyzrgb_depth_rgb rosrpc://pc:49428
[rosmaster.master][INFO] 2012-12-14 17:40:10,036: publisherUpdate[/rosout] -> http://pc:56112/
[rosmaster.master][INFO] 2012-12-14 17:40:10,038: -SERVICE [/camera/depth_registered/metric_rect/set_logger_level] /camera/depth_registered/metric_rect rosrpc://pc:58726
[rosmaster.master][INFO] 2012-12-14 17:40:10,043: publisherUpdate[/rosout] -> http://pc:56112/
[rosmaster.master][INFO] 2012-12-14 17:40:10,045: -SERVICE [/camera/points_xyzrgb_depth_rgb/set_logger_level] /camera/points_xyzrgb_depth_rgb rosrpc://pc:49428
[rosmaster.master][INFO] 2012-12-14 17:40:10,047: publisherUpdate[/rosout] -> http://pc:56112/
[rosmaster.master][INFO] 2012-12-14 17:40:10,048: -SERVICE [/camera/disparity_depth/set_logger_level] /camera/disparity_depth rosrpc://pc:60856
[rosmaster.master][INFO] 2012-12-14 17:40:10,050: publisherUpdate[/rosout] -> http://pc:56112/
[rosmaster.master][INFO] 2012-12-14 17:40:10,063: -PUB [/rosout] /camera_base_link http://pc:33397/
[rosmaster.master][INFO] 2012-12-14 17:40:10,066: -PUB [/rosout] /camera_base_link2 http://pc:39700/
[rosmaster.master][INFO] 2012-12-14 17:40:10,067: -PUB [/rosout] /camera_base_link3 http://pc:54351/
[rosmaster.master][INFO] 2012-12-14 17:40:10,069: -PUB [/tf] /camera_base_link http://pc:33397/
[rosmaster.master][INFO] 2012-12-14 17:40:10,071: -PUB [/tf] /camera_base_link2 http://pc:39700/
[rosmaster.master][INFO] 2012-12-14 17:40:10,073: -PUB [/tf] /camera_base_link3 http://pc:54351/
[rosmaster.master][INFO] 2012-12-14 17:40:10,075: -SERVICE [/camera_base_link/get_loggers] /camera_base_link rosrpc://pc:53267
[rosmaster.master][INFO] 2012-12-14 17:40:10,077: -SERVICE [/camera_base_link2/get_loggers] /camera_base_link2 rosrpc://pc:58179
[rosmaster.master][INFO] 2012-12-14 17:40:10,081: -SERVICE [/camera_base_link3/get_loggers] /camera_base_link3 rosrpc://pc:41503
[rosmaster.master][INFO] 2012-12-14 17:40:10,085: -SERVICE [/camera_base_link2/set_logger_level] /camera_base_link2 rosrpc://pc:58179
[rosmaster.master][INFO] 2012-12-14 17:40:10,087: -SERVICE [/camera_base_link/set_logger_level] /camera_base_link rosrpc://pc:53267
[rosmaster.master][INFO] 2012-12-14 17:40:10,089: -SERVICE [/camera_base_link3/set_logger_level] /camera_base_link3 rosrpc://pc:41503
[rosmaster.master][INFO] 2012-12-14 17:40:10,114: -PUB [/rosout] /camera/depth_registered/metric http://pc:35385/
[rosmaster.master][INFO] 2012-12-14 17:40:10,116: -SERVICE [/camera/depth_registered/metric/get_loggers] /camera/depth_registered/metric rosrpc://pc:41659
[rosmaster.master][INFO] 2012-12-14 17:40:10,117: -SERVICE [/camera/depth_registered/metric/set_logger_level] /camera/depth_registered/metric rosrpc://pc:41659
[rosmaster.master][INFO] 2012-12-14 17:40:10,126: -PUB [/rosout] /camera_base_link1 http://pc:46172/
[rosmaster.master][INFO] 2012-12-14 17:40:10,127: -PUB [/tf] /camera_base_link1 http://pc:46172/
[rosmaster.master][INFO] 2012-12-14 17:40:10,128: -SERVICE [/camera_base_link1/get_loggers] /camera_base_link1 rosrpc://pc:48209
[rosmaster.master][INFO] 2012-12-14 17:40:10,129: -SERVICE [/camera_base_link1/set_logger_level] /camera_base_link1 rosrpc://pc:48209
[rosmaster.master][INFO] 2012-12-14 17:40:10,142: publisherUpdate[/rosout] -> http://pc:56112/
[rosmaster.master][INFO] 2012-12-14 17:40:10,145: publisherUpdate[/rosout] -> http://pc:56112/
[rosmaster.master][INFO] 2012-12-14 17:40:10,146: -PUB [/camera/depth_registered/rectify_depth/parameter_descriptions] /camera_nodelet_manager http://pc:53452/
[rosmaster.master][INFO] 2012-12-14 17:40:10,148: publisherUpdate[/tf] -> http://pc:53452/
[rosmaster.master][INFO] 2012-12-14 17:40:10,149: publisherUpdate[/rosout] -> http://pc:56112/
[rosmaster.master][INFO] 2012-12-14 17:40:10,150: publisherUpdate[/tf] -> http://pc:53452/
[rosmaster.master][INFO] 2012-12-14 17:40:10,152: publisherUpdate[/rosout] -> http://pc:56112/
[rosmaster.master][INFO] 2012-12-14 17:40:10,153: publisherUpdate[/tf] -> http://pc:53452/
[rosmaster.master][INFO] 2012-12-14 17:40:10,154: publisherUpdate[/rosout] -> http://pc:56112/
[rosmaster.master][INFO] 2012-12-14 17:40:10,154: publisherUpdate[/tf] -> http://pc:53452/
[rosmaster.master][INFO] 2012-12-14 17:40:10,155: -PUB [/camera/depth_registered/rectify_depth/parameter_updates] /camera_nodelet_manager http://pc:53452/
[rosmaster.master][INFO] 2012-12-14 17:40:10,157: -SERVICE [/camera/depth_registered/rectify_depth/set_parameters] /camera_nodelet_manager rosrpc://pc:49281
[rosmaster.master][INFO] 2012-12-14 17:40:10,159: -SERVICE [/camera/depth_registered/image_rect_raw/compressed/set_parameters] /camera_nodelet_manager rosrpc://pc:49281
[rosmaster.master][INFO] 2012-12-14 17:40:10,160: -SERVICE [/camera/depth_registered/image_rect_raw/theora/set_parameters] /camera_nodelet_manager rosrpc://pc:49281
[rosmaster.master][INFO] 2012-12-14 17:40:10,170: -SUB [/tf] /camera_nodelet_manager http://pc:53452/
[rosmaster.master][INFO] 2012-12-14 17:40:10,171: -SERVICE [/camera_nodelet_manager/tf_frames] /camera_nodelet_manager rosrpc://pc:49281
[rosmaster.master][INFO] 2012-12-14 17:40:10,220: -PUB [/rosout] /camera/register_depth_rgb http://pc:45407/
[rosmaster.master][INFO] 2012-12-14 17:40:10,222: -SERVICE [/camera/register_depth_rgb/get_loggers] /camera/register_depth_rgb rosrpc://pc:50343
[rosmaster.master][INFO] 2012-12-14 17:40:10,224: -SERVICE [/camera/register_depth_rgb/set_logger_level] /camera/register_depth_rgb rosrpc://pc:50343
[rosmaster.master][INFO] 2012-12-14 17:40:10,232: -PUB [/rosout] /camera/depth_registered/rectify_depth http://pc:35987/
[rosmaster.master][INFO] 2012-12-14 17:40:10,236: -SERVICE [/camera/depth_registered/rectify_depth/get_loggers] /camera/depth_registered/rectify_depth rosrpc://pc:34154
[rosmaster.master][INFO] 2012-12-14 17:40:10,243: -PUB [/camera/depth/points] /camera_nodelet_manager http://pc:53452/
[rosmaster.master][INFO] 2012-12-14 17:40:10,244: -SERVICE [/camera/depth_registered/rectify_depth/set_logger_level] /camera/depth_registered/rectify_depth rosrpc://pc:34154
[rosmaster.master][INFO] 2012-12-14 17:40:10,253: -PUB [/camera/depth/rectify_depth/parameter_descriptions] /camera_nodelet_manager http://pc:53452/
[rosmaster.master][INFO] 2012-12-14 17:40:10,254: publisherUpdate[/rosout] -> http://pc:56112/
[rosmaster.master][INFO] 2012-12-14 17:40:10,255: publisherUpdate[/rosout] -> http://pc:56112/
[rosmaster.master][INFO] 2012-12-14 17:40:10,257: -PUB [/camera/depth/rectify_depth/parameter_updates] /camera_nodelet_manager http://pc:53452/
[rosmaster.master][INFO] 2012-12-14 17:40:10,259: -SERVICE [/camera/depth/rectify_depth/set_parameters] /camera_nodelet_manager rosrpc://pc:49281
[rosmaster.master][INFO] 2012-12-14 17:40:10,261: -PUB [/camera/rgb/rectify_color/parameter_descriptions] /camera_nodelet_manager http://pc:53452/
[rosmaster.master][INFO] 2012-12-14 17:40:10,262: -PUB [/camera/rgb/rectify_color/parameter_updates] /camera_nodelet_manager http://pc:53452/
[rosmaster.master][INFO] 2012-12-14 17:40:10,263: -SERVICE [/camera/rgb/rectify_color/set_parameters] /camera_nodelet_manager rosrpc://pc:49281
[rosmaster.master][INFO] 2012-12-14 17:40:10,264: -PUB [/camera/ir/rectify_ir/parameter_descriptions] /camera_nodelet_manager http://pc:53452/
[rosmaster.master][INFO] 2012-12-14 17:40:10,265: -PUB [/camera/ir/rectify_ir/parameter_updates] /camera_nodelet_manager http://pc:53452/
[rosmaster.master][INFO] 2012-12-14 17:40:10,266: -SERVICE [/camera/ir/rectify_ir/set_parameters] /camera_nodelet_manager rosrpc://pc:49281
[rosmaster.master][INFO] 2012-12-14 17:40:10,267: -PUB [/camera/rgb/rectify_mono/parameter_descriptions] /camera_nodelet_manager http://pc:53452/
[rosmaster.master][INFO] 2012-12-14 17:40:10,268: -PUB [/camera/rgb/rectify_mono/parameter_updates] /camera_nodelet_manager http://pc:53452/
[rosmaster.master][INFO] 2012-12-14 17:40:10,269: -SERVICE [/camera/rgb/rectify_mono/set_parameters] /camera_nodelet_manager rosrpc://pc:49281
[rosmaster.master][INFO] 2012-12-14 17:40:10,315: -PUB [/rosout] /camera/ir/rectify_ir http://pc:43471/
[rosmaster.master][INFO] 2012-12-14 17:40:10,319: -SERVICE [/camera/ir/rectify_ir/get_loggers] /camera/ir/rectify_ir rosrpc://pc:44219
[rosmaster.master][INFO] 2012-12-14 17:40:10,321: -PUB [/rosout] /camera/depth/metric http://pc:56357/
[rosmaster.master][INFO] 2012-12-14 17:40:10,324: -SERVICE [/camera/ir/rectify_ir/set_logger_level] /camera/ir/rectify_ir rosrpc://pc:44219
[rosmaster.master][INFO] 2012-12-14 17:40:10,326: -SERVICE [/camera/depth/metric/get_loggers] /camera/depth/metric rosrpc://pc:36442
[rosmaster.master][INFO] 2012-12-14 17:40:10,329: -SERVICE [/camera/depth/metric/set_logger_level] /camera/depth/metric rosrpc://pc:36442
[rosmaster.master][INFO] 2012-12-14 17:40:10,341: -PUB [/camera/rgb/debayer/parameter_descriptions] /camera_nodelet_manager http://pc:53452/
[rosmaster.master][INFO] 2012-12-14 17:40:10,344: -PUB [/camera/rgb/debayer/parameter_updates] /camera_nodelet_manager http://pc:53452/
[rosmaster.master][INFO] 2012-12-14 17:40:10,348: -SERVICE [/camera/rgb/debayer/set_parameters] /camera_nodelet_manager rosrpc://pc:49281
[rosmaster.master][INFO] 2012-12-14 17:40:10,356: publisherUpdate[/rosout] -> http://pc:56112/
[rosmaster.master][INFO] 2012-12-14 17:40:10,359: publisherUpdate[/rosout] -> http://pc:56112/
[rosmaster.master][INFO] 2012-12-14 17:40:10,412: -PUB [/rosout] /camera/rgb/rectify_mono http://pc:47309/
[rosmaster.master][INFO] 2012-12-14 17:40:10,414: -PUB [/rosout] /camera/depth/rectify_depth http://pc:40823/
[rosmaster.master][INFO] 2012-12-14 17:40:10,414: -PUB [/rosout] /camera/rgb/rectify_color http://pc:34259/
[rosmaster.master][INFO] 2012-12-14 17:40:10,416: -PUB [/rosout] /camera/depth/metric_rect http://pc:60483/
[rosmaster.master][INFO] 2012-12-14 17:40:10,417: -PUB [/rosout] /camera/depth/points http://pc:43756/
[rosmaster.master][INFO] 2012-12-14 17:40:10,418: -SERVICE [/camera/rgb/rectify_mono/get_loggers] /camera/rgb/rectify_mono rosrpc://pc:38719
[rosmaster.master][INFO] 2012-12-14 17:40:10,418: -SERVICE [/camera/depth/rectify_depth/get_loggers] /camera/depth/rectify_depth rosrpc://pc:58827
[rosmaster.master][INFO] 2012-12-14 17:40:10,420: -SERVICE [/camera/rgb/rectify_color/get_loggers] /camera/rgb/rectify_color rosrpc://pc:43320
[rosmaster.master][INFO] 2012-12-14 17:40:10,421: -SERVICE [/camera/depth/metric_rect/get_loggers] /camera/depth/metric_rect rosrpc://pc:58667
[rosmaster.master][INFO] 2012-12-14 17:40:10,422: -SERVICE [/camera/depth/points/get_loggers] /camera/depth/points rosrpc://pc:54166
[rosmaster.master][INFO] 2012-12-14 17:40:10,423: -SERVICE [/camera/rgb/rectify_mono/set_logger_level] /camera/rgb/rectify_mono rosrpc://pc:38719
[rosmaster.master][INFO] 2012-12-14 17:40:10,423: -SERVICE [/camera/depth/rectify_depth/set_logger_level] /camera/depth/rectify_depth rosrpc://pc:58827
[rosmaster.master][INFO] 2012-12-14 17:40:10,425: -SERVICE [/camera/rgb/rectify_color/set_logger_level] /camera/rgb/rectify_color rosrpc://pc:43320
[rosmaster.master][INFO] 2012-12-14 17:40:10,426: -SERVICE [/camera/depth/metric_rect/set_logger_level] /camera/depth/metric_rect rosrpc://pc:58667
[rosmaster.master][INFO] 2012-12-14 17:40:10,426: -SERVICE [/camera/depth/points/set_logger_level] /camera/depth/points rosrpc://pc:54166
[rosmaster.master][INFO] 2012-12-14 17:40:10,457: -PUB [/rosout] /camera_nodelet_manager http://pc:53452/
[rosmaster.master][INFO] 2012-12-14 17:40:10,457: publisherUpdate[/rosout] -> http://pc:56112/
[rosmaster.master][INFO] 2012-12-14 17:40:10,458: -PUB [/camera/rgb/image_rect_color/compressed] /camera_nodelet_manager http://pc:53452/
[rosmaster.master][INFO] 2012-12-14 17:40:10,459: publisherUpdate[/rosout] -> http://pc:56112/
[rosmaster.master][INFO] 2012-12-14 17:40:10,460: publisherUpdate[/rosout] -> http://pc:56112/
[rosmaster.master][INFO] 2012-12-14 17:40:10,461: -PUB [/camera/rgb/image_rect_color/compressed/parameter_descriptions] /camera_nodelet_manager http://pc:53452/
[rosmaster.master][INFO] 2012-12-14 17:40:10,462: publisherUpdate[/rosout] -> http://pc:56112/
[rosmaster.master][INFO] 2012-12-14 17:40:10,462: publisherUpdate[/rosout] -> http://pc:56112/
[rosmaster.master][INFO] 2012-12-14 17:40:10,463: -PUB [/camera/rgb/image_rect_color/compressed/parameter_updates] /camera_nodelet_manager http://pc:53452/
[rosmaster.master][INFO] 2012-12-14 17:40:10,463: publisherUpdate[/rosout] -> http://pc:56112/
[rosmaster.master][INFO] 2012-12-14 17:40:10,465: -PUB [/camera/rgb/image_rect_color] /camera_nodelet_manager http://pc:53452/
[rosmaster.master][INFO] 2012-12-14 17:40:10,466: -PUB [/camera/rgb/image_rect_color/theora] /camera_nodelet_manager http://pc:53452/
[rosmaster.master][INFO] 2012-12-14 17:40:10,467: -PUB [/camera/rgb/image_rect_color/theora/parameter_descriptions] /camera_nodelet_manager http://pc:53452/
[rosmaster.master][INFO] 2012-12-14 17:40:10,468: -PUB [/camera/rgb/image_rect_color/theora/parameter_updates] /camera_nodelet_manager http://pc:53452/
[rosmaster.master][INFO] 2012-12-14 17:40:10,468: -PUB [/camera/rgb/image_rect/compressed] /camera_nodelet_manager http://pc:53452/
[rosmaster.master][INFO] 2012-12-14 17:40:10,469: -PUB [/camera/rgb/image_rect/compressed/parameter_descriptions] /camera_nodelet_manager http://pc:53452/
[rosmaster.master][INFO] 2012-12-14 17:40:10,470: -PUB [/camera/rgb/image_rect/compressed/parameter_updates] /camera_nodelet_manager http://pc:53452/
[rosmaster.master][INFO] 2012-12-14 17:40:10,471: -PUB [/camera/rgb/image_rect] /camera_nodelet_manager http://pc:53452/
[rosmaster.master][INFO] 2012-12-14 17:40:10,472: -PUB [/camera/rgb/image_rect/theora] /camera_nodelet_manager http://pc:53452/
[rosmaster.master][INFO] 2012-12-14 17:40:10,473: -PUB [/camera/rgb/image_rect/theora/parameter_descriptions] /camera_nodelet_manager http://pc:53452/
[rosmaster.master][INFO] 2012-12-14 17:40:10,474: -PUB [/camera/rgb/image_rect/theora/parameter_updates] /camera_nodelet_manager http://pc:53452/
[rosmaster.master][INFO] 2012-12-14 17:40:10,474: -PUB [/camera/depth_registered/image_rect/compressed] /camera_nodelet_manager http://pc:53452/
[rosmaster.master][INFO] 2012-12-14 17:40:10,475: -PUB [/camera/depth_registered/image_rect/compressed/parameter_descriptions] /camera_nodelet_manager http://pc:53452/
[rosmaster.master][INFO] 2012-12-14 17:40:10,476: -PUB [/camera/depth_registered/image_rect/compressed/parameter_updates] /camera_nodelet_manager http://pc:53452/
[rosmaster.master][INFO] 2012-12-14 17:40:10,477: -PUB [/camera/depth_registered/image_rect] /camera_nodelet_manager http://pc:53452/
[rosmaster.master][INFO] 2012-12-14 17:40:10,478: -PUB [/camera/depth_registered/image_rect/theora] /camera_nodelet_manager http://pc:53452/
[rosmaster.master][INFO] 2012-12-14 17:40:10,479: -PUB [/camera/depth_registered/image_rect/theora/parameter_descriptions] /camera_nodelet_manager http://pc:53452/
[rosmaster.master][INFO] 2012-12-14 17:40:10,480: -PUB [/camera/depth_registered/image_rect/theora/parameter_updates] /camera_nodelet_manager http://pc:53452/
[rosmaster.master][INFO] 2012-12-14 17:40:10,481: -PUB [/camera/depth/image_rect/compressed] /camera_nodelet_manager http://pc:53452/
[rosmaster.master][INFO] 2012-12-14 17:40:10,482: -PUB [/camera/depth/image_rect/compressed/parameter_descriptions] /camera_nodelet_manager http://pc:53452/
[rosmaster.master][INFO] 2012-12-14 17:40:10,482: -PUB [/camera/depth/image_rect/compressed/parameter_updates] /camera_nodelet_manager http://pc:53452/
[rosmaster.master][INFO] 2012-12-14 17:40:10,483: -PUB [/camera/depth/image_rect] /camera_nodelet_manager http://pc:53452/
[rosmaster.master][INFO] 2012-12-14 17:40:10,484: -PUB [/camera/depth/image_rect/theora] /camera_nodelet_manager http://pc:53452/
[rosmaster.master][INFO] 2012-12-14 17:40:10,485: -PUB [/camera/depth/image_rect/theora/parameter_descriptions] /camera_nodelet_manager http://pc:53452/
[rosmaster.master][INFO] 2012-12-14 17:40:10,486: -PUB [/camera/depth/image_rect/theora/parameter_updates] /camera_nodelet_manager http://pc:53452/
[rosmaster.master][INFO] 2012-12-14 17:40:10,487: -PUB [/camera/depth_registered/image_rect_raw/compressed] /camera_nodelet_manager http://pc:53452/
[rosmaster.master][INFO] 2012-12-14 17:40:10,487: -PUB [/camera/depth_registered/image_rect_raw/compressed/parameter_descriptions] /camera_nodelet_manager http://pc:53452/
[rosmaster.master][INFO] 2012-12-14 17:40:10,488: -PUB [/camera/depth_registered/image_rect_raw/compressed/parameter_updates] /camera_nodelet_manager http://pc:53452/
[rosmaster.master][INFO] 2012-12-14 17:40:10,489: -PUB [/camera/depth_registered/image_rect_raw] /camera_nodelet_manager http://pc:53452/
[rosmaster.master][INFO] 2012-12-14 17:40:10,490: -PUB [/camera/depth_registered/image_rect_raw/theora] /camera_nodelet_manager http://pc:53452/
[rosmaster.master][INFO] 2012-12-14 17:40:10,491: -PUB [/camera/depth_registered/image_rect_raw/theora/parameter_descriptions] /camera_nodelet_manager http://pc:53452/
[rosmaster.master][INFO] 2012-12-14 17:40:10,492: -PUB [/camera/depth_registered/image_rect_raw/theora/parameter_updates] /camera_nodelet_manager http://pc:53452/
[rosmaster.master][INFO] 2012-12-14 17:40:10,493: -PUB [/camera/depth_registered/camera_info] /camera_nodelet_manager http://pc:53452/
[rosmaster.master][INFO] 2012-12-14 17:40:10,493: -PUB [/camera/depth/image/compressed] /camera_nodelet_manager http://pc:53452/
[rosmaster.master][INFO] 2012-12-14 17:40:10,494: -PUB [/camera/depth/image/compressed/parameter_descriptions] /camera_nodelet_manager http://pc:53452/
[rosmaster.master][INFO] 2012-12-14 17:40:10,495: -PUB [/camera/depth/image/compressed/parameter_updates] /camera_nodelet_manager http://pc:53452/
[rosmaster.master][INFO] 2012-12-14 17:40:10,496: -PUB [/camera/depth/image] /camera_nodelet_manager http://pc:53452/
[rosmaster.master][INFO] 2012-12-14 17:40:10,497: -PUB [/camera/depth/image/theora] /camera_nodelet_manager http://pc:53452/
[rosmaster.master][INFO] 2012-12-14 17:40:10,498: -PUB [/camera/depth/image/theora/parameter_descriptions] /camera_nodelet_manager http://pc:53452/
[rosmaster.master][INFO] 2012-12-14 17:40:10,499: -PUB [/camera/depth/image/theora/parameter_updates] /camera_nodelet_manager http://pc:53452/
[rosmaster.master][INFO] 2012-12-14 17:40:10,499: -PUB [/camera/depth/image_rect_raw/compressed] /camera_nodelet_manager http://pc:53452/
[rosmaster.master][INFO] 2012-12-14 17:40:10,500: -PUB [/camera/depth/image_rect_raw/compressed/parameter_descriptions] /camera_nodelet_manager http://pc:53452/
[rosmaster.master][INFO] 2012-12-14 17:40:10,501: -PUB [/camera/depth/image_rect_raw/compressed/parameter_updates] /camera_nodelet_manager http://pc:53452/
[rosmaster.master][INFO] 2012-12-14 17:40:10,502: -PUB [/camera/depth/image_rect_raw] /camera_nodelet_manager http://pc:53452/
[rosmaster.master][INFO] 2012-12-14 17:40:10,503: -PUB [/camera/depth/image_rect_raw/theora] /camera_nodelet_manager http://pc:53452/
[rosmaster.master][INFO] 2012-12-14 17:40:10,503: -PUB [/camera/depth/image_rect_raw/theora/parameter_descriptions] /camera_nodelet_manager http://pc:53452/
[rosmaster.master][INFO] 2012-12-14 17:40:10,504: -PUB [/camera/depth/image_rect_raw/theora/parameter_updates] /camera_nodelet_manager http://pc:53452/
[rosmaster.master][INFO] 2012-12-14 17:40:10,505: -PUB [/camera/rgb/image_mono/compressed] /camera_nodelet_manager http://pc:53452/
[rosmaster.master][INFO] 2012-12-14 17:40:10,506: -PUB [/camera/rgb/image_mono/compressed/parameter_descriptions] /camera_nodelet_manager http://pc:53452/
[rosmaster.master][INFO] 2012-12-14 17:40:10,507: -PUB [/camera/rgb/image_mono/compressed/parameter_updates] /camera_nodelet_manager http://pc:53452/
[rosmaster.master][INFO] 2012-12-14 17:40:10,508: -PUB [/camera/rgb/image_mono] /camera_nodelet_manager http://pc:53452/
[rosmaster.master][INFO] 2012-12-14 17:40:10,509: -PUB [/camera/rgb/image_mono/theora] /camera_nodelet_manager http://pc:53452/
[rosmaster.master][INFO] 2012-12-14 17:40:10,510: -PUB [/camera/rgb/image_mono/theora/parameter_descriptions] /camera_nodelet_manager http://pc:53452/
[rosmaster.master][INFO] 2012-12-14 17:40:10,510: -PUB [/camera/rgb/image_mono/theora/parameter_updates] /camera_nodelet_manager http://pc:53452/
[rosmaster.master][INFO] 2012-12-14 17:40:10,511: -PUB [/camera/rgb/image_color/compressed] /camera_nodelet_manager http://pc:53452/
[rosmaster.master][INFO] 2012-12-14 17:40:10,512: -PUB [/camera/rgb/image_color/compressed/parameter_descriptions] /camera_nodelet_manager http://pc:53452/
[rosmaster.master][INFO] 2012-12-14 17:40:10,513: -PUB [/camera/rgb/image_color/compressed/parameter_updates] /camera_nodelet_manager http://pc:53452/
[rosmaster.master][INFO] 2012-12-14 17:40:10,515: -PUB [/rosout] /camera/rgb/debayer http://pc:57399/
[rosmaster.master][INFO] 2012-12-14 17:40:10,515: -PUB [/camera/rgb/image_color] /camera_nodelet_manager http://pc:53452/
[rosmaster.master][INFO] 2012-12-14 17:40:10,517: -SERVICE [/camera/rgb/debayer/get_loggers] /camera/rgb/debayer rosrpc://pc:60349
[rosmaster.master][INFO] 2012-12-14 17:40:10,518: -PUB [/camera/rgb/image_color/theora] /camera_nodelet_manager http://pc:53452/
[rosmaster.master][INFO] 2012-12-14 17:40:10,518: -SERVICE [/camera/rgb/debayer/set_logger_level] /camera/rgb/debayer rosrpc://pc:60349
[rosmaster.master][INFO] 2012-12-14 17:40:10,519: -PUB [/camera/rgb/image_color/theora/parameter_descriptions] /camera_nodelet_manager http://pc:53452/
[rosmaster.master][INFO] 2012-12-14 17:40:10,520: -PUB [/camera/rgb/image_color/theora/parameter_updates] /camera_nodelet_manager http://pc:53452/
[rosmaster.master][INFO] 2012-12-14 17:40:10,521: -PUB [/camera/depth_registered/image/compressed] /camera_nodelet_manager http://pc:53452/
[rosmaster.master][INFO] 2012-12-14 17:40:10,524: -PUB [/camera/depth_registered/image/compressed/parameter_descriptions] /camera_nodelet_manager http://pc:53452/
[rosmaster.master][INFO] 2012-12-14 17:40:10,525: -PUB [/camera/depth_registered/image/compressed/parameter_updates] /camera_nodelet_manager http://pc:53452/
[rosmaster.master][INFO] 2012-12-14 17:40:10,526: -PUB [/camera/depth_registered/image] /camera_nodelet_manager http://pc:53452/
[rosmaster.master][INFO] 2012-12-14 17:40:10,527: -PUB [/camera/depth_registered/image/theora] /camera_nodelet_manager http://pc:53452/
[rosmaster.master][INFO] 2012-12-14 17:40:10,527: -PUB [/camera/depth_registered/image/theora/parameter_descriptions] /camera_nodelet_manager http://pc:53452/
[rosmaster.master][INFO] 2012-12-14 17:40:10,528: -PUB [/camera/depth_registered/image/theora/parameter_updates] /camera_nodelet_manager http://pc:53452/
[rosmaster.master][INFO] 2012-12-14 17:40:10,529: -PUB [/camera/ir/image_rect/compressed] /camera_nodelet_manager http://pc:53452/
[rosmaster.master][INFO] 2012-12-14 17:40:10,530: -PUB [/camera/ir/image_rect/compressed/parameter_descriptions] /camera_nodelet_manager http://pc:53452/
[rosmaster.master][INFO] 2012-12-14 17:40:10,531: -PUB [/camera/ir/image_rect/compressed/parameter_updates] /camera_nodelet_manager http://pc:53452/
[rosmaster.master][INFO] 2012-12-14 17:40:10,532: -PUB [/camera/ir/image_rect] /camera_nodelet_manager http://pc:53452/
[rosmaster.master][INFO] 2012-12-14 17:40:10,533: -PUB [/camera/ir/image_rect/theora] /camera_nodelet_manager http://pc:53452/
[rosmaster.master][INFO] 2012-12-14 17:40:10,533: -PUB [/camera/ir/image_rect/theora/parameter_descriptions] /camera_nodelet_manager http://pc:53452/
[rosmaster.master][INFO] 2012-12-14 17:40:10,534: -PUB [/camera/ir/image_rect/theora/parameter_updates] /camera_nodelet_manager http://pc:53452/
[rosmaster.master][INFO] 2012-12-14 17:40:10,535: -PUB [/camera/driver/parameter_descriptions] /camera_nodelet_manager http://pc:53452/
[rosmaster.master][INFO] 2012-12-14 17:40:10,536: -PUB [/camera/driver/parameter_updates] /camera_nodelet_manager http://pc:53452/
[rosmaster.master][INFO] 2012-12-14 17:40:10,537: -PUB [/camera/rgb/image_raw/compressed] /camera_nodelet_manager http://pc:53452/
[rosmaster.master][INFO] 2012-12-14 17:40:10,538: -PUB [/camera/rgb/image_raw/compressed/parameter_descriptions] /camera_nodelet_manager http://pc:53452/
[rosmaster.master][INFO] 2012-12-14 17:40:10,539: -PUB [/camera/rgb/image_raw/compressed/parameter_updates] /camera_nodelet_manager http://pc:53452/
[rosmaster.master][INFO] 2012-12-14 17:40:10,540: -PUB [/camera/rgb/image_raw] /camera_nodelet_manager http://pc:53452/
[rosmaster.master][INFO] 2012-12-14 17:40:10,541: -PUB [/camera/rgb/image_raw/theora] /camera_nodelet_manager http://pc:53452/
[rosmaster.master][INFO] 2012-12-14 17:40:10,542: -PUB [/camera/rgb/image_raw/theora/parameter_descriptions] /camera_nodelet_manager http://pc:53452/
[rosmaster.master][INFO] 2012-12-14 17:40:10,543: -PUB [/camera/rgb/image_raw/theora/parameter_updates] /camera_nodelet_manager http://pc:53452/
[rosmaster.master][INFO] 2012-12-14 17:40:10,544: -PUB [/camera/rgb/camera_info] /camera_nodelet_manager http://pc:53452/
[rosmaster.master][INFO] 2012-12-14 17:40:10,545: -PUB [/camera/ir/image_raw/compressed] /camera_nodelet_manager http://pc:53452/
[rosmaster.master][INFO] 2012-12-14 17:40:10,545: -PUB [/camera/ir/image_raw/compressed/parameter_descriptions] /camera_nodelet_manager http://pc:53452/
[rosmaster.master][INFO] 2012-12-14 17:40:10,546: -PUB [/camera/ir/image_raw/compressed/parameter_updates] /camera_nodelet_manager http://pc:53452/
[rosmaster.master][INFO] 2012-12-14 17:40:10,547: -PUB [/camera/ir/image_raw] /camera_nodelet_manager http://pc:53452/
[rosmaster.master][INFO] 2012-12-14 17:40:10,548: -PUB [/camera/ir/image_raw/theora] /camera_nodelet_manager http://pc:53452/
[rosmaster.master][INFO] 2012-12-14 17:40:10,549: -PUB [/camera/ir/image_raw/theora/parameter_descriptions] /camera_nodelet_manager http://pc:53452/
[rosmaster.master][INFO] 2012-12-14 17:40:10,550: -PUB [/camera/ir/image_raw/theora/parameter_updates] /camera_nodelet_manager http://pc:53452/
[rosmaster.master][INFO] 2012-12-14 17:40:10,551: -PUB [/camera/ir/camera_info] /camera_nodelet_manager http://pc:53452/
[rosmaster.master][INFO] 2012-12-14 17:40:10,551: -PUB [/camera/depth/image_raw/compressed] /camera_nodelet_manager http://pc:53452/
[rosmaster.master][INFO] 2012-12-14 17:40:10,552: -PUB [/camera/depth/image_raw/compressed/parameter_descriptions] /camera_nodelet_manager http://pc:53452/
[rosmaster.master][INFO] 2012-12-14 17:40:10,553: -PUB [/camera/depth/image_raw/compressed/parameter_updates] /camera_nodelet_manager http://pc:53452/
[rosmaster.master][INFO] 2012-12-14 17:40:10,554: -PUB [/camera/depth/image_raw] /camera_nodelet_manager http://pc:53452/
[rosmaster.master][INFO] 2012-12-14 17:40:10,555: -PUB [/camera/depth/image_raw/theora] /camera_nodelet_manager http://pc:53452/
[rosmaster.master][INFO] 2012-12-14 17:40:10,556: -PUB [/camera/depth/image_raw/theora/parameter_descriptions] /camera_nodelet_manager http://pc:53452/
[rosmaster.master][INFO] 2012-12-14 17:40:10,557: -PUB [/camera/depth/image_raw/theora/parameter_updates] /camera_nodelet_manager http://pc:53452/
[rosmaster.master][INFO] 2012-12-14 17:40:10,557: -PUB [/camera/depth/camera_info] /camera_nodelet_manager http://pc:53452/
[rosmaster.master][INFO] 2012-12-14 17:40:10,558: -PUB [/camera/projector/camera_info] /camera_nodelet_manager http://pc:53452/
[rosmaster.master][INFO] 2012-12-14 17:40:10,559: publisherUpdate[/rosout] -> http://pc:56112/
[rosmaster.master][INFO] 2012-12-14 17:40:10,560: -PUB [/camera/depth_registered/image_raw/compressed] /camera_nodelet_manager http://pc:53452/
[rosmaster.master][INFO] 2012-12-14 17:40:10,561: -PUB [/camera/depth_registered/image_raw/compressed/parameter_descriptions] /camera_nodelet_manager http://pc:53452/
[rosmaster.master][INFO] 2012-12-14 17:40:10,562: -PUB [/camera/depth_registered/image_raw/compressed/parameter_updates] /camera_nodelet_manager http://pc:53452/
[rosmaster.master][INFO] 2012-12-14 17:40:10,562: -PUB [/camera/depth_registered/image_raw] /camera_nodelet_manager http://pc:53452/
[rosmaster.master][INFO] 2012-12-14 17:40:10,563: -PUB [/camera/depth_registered/image_raw/theora] /camera_nodelet_manager http://pc:53452/
[rosmaster.master][INFO] 2012-12-14 17:40:10,564: -PUB [/camera/depth_registered/image_raw/theora/parameter_descriptions] /camera_nodelet_manager http://pc:53452/
[rosmaster.master][INFO] 2012-12-14 17:40:10,565: -PUB [/camera/depth_registered/image_raw/theora/parameter_updates] /camera_nodelet_manager http://pc:53452/
[rosmaster.master][INFO] 2012-12-14 17:40:10,566: -SERVICE [/camera_nodelet_manager/get_loggers] /camera_nodelet_manager rosrpc://pc:49281
[rosmaster.master][INFO] 2012-12-14 17:40:10,567: -SERVICE [/camera_nodelet_manager/set_logger_level] /camera_nodelet_manager rosrpc://pc:49281
[rosmaster.master][INFO] 2012-12-14 17:40:10,568: -SERVICE [/camera_nodelet_manager/load_nodelet] /camera_nodelet_manager rosrpc://pc:49281
[rosmaster.master][INFO] 2012-12-14 17:40:10,569: -SERVICE [/camera_nodelet_manager/unload_nodelet] /camera_nodelet_manager rosrpc://pc:49281
[rosmaster.master][INFO] 2012-12-14 17:40:10,569: -SERVICE [/camera_nodelet_manager/list] /camera_nodelet_manager rosrpc://pc:49281
[rosmaster.master][INFO] 2012-12-14 17:40:10,570: -SERVICE [/camera/rgb/image_rect_color/compressed/set_parameters] /camera_nodelet_manager rosrpc://pc:49281
[rosmaster.master][INFO] 2012-12-14 17:40:10,571: -SERVICE [/camera/rgb/image_rect_color/theora/set_parameters] /camera_nodelet_manager rosrpc://pc:49281
[rosmaster.master][INFO] 2012-12-14 17:40:10,572: -SERVICE [/camera/rgb/image_rect/compressed/set_parameters] /camera_nodelet_manager rosrpc://pc:49281
[rosmaster.master][INFO] 2012-12-14 17:40:10,573: -SERVICE [/camera/rgb/image_rect/theora/set_parameters] /camera_nodelet_manager rosrpc://pc:49281
[rosmaster.master][INFO] 2012-12-14 17:40:10,574: -SERVICE [/camera/depth_registered/image_rect/compressed/set_parameters] /camera_nodelet_manager rosrpc://pc:49281
[rosmaster.master][INFO] 2012-12-14 17:40:10,575: -SERVICE [/camera/depth_registered/image_rect/theora/set_parameters] /camera_nodelet_manager rosrpc://pc:49281
[rosmaster.master][INFO] 2012-12-14 17:40:10,576: -SERVICE [/camera/depth/image_rect/compressed/set_parameters] /camera_nodelet_manager rosrpc://pc:49281
[rosmaster.master][INFO] 2012-12-14 17:40:10,577: -SERVICE [/camera/depth/image_rect/theora/set_parameters] /camera_nodelet_manager rosrpc://pc:49281
[rosmaster.master][INFO] 2012-12-14 17:40:10,577: -SERVICE [/camera/depth/image/compressed/set_parameters] /camera_nodelet_manager rosrpc://pc:49281
[rosmaster.master][INFO] 2012-12-14 17:40:10,578: -SERVICE [/camera/depth/image/theora/set_parameters] /camera_nodelet_manager rosrpc://pc:49281
[rosmaster.master][INFO] 2012-12-14 17:40:10,579: -SERVICE [/camera/depth/image_rect_raw/compressed/set_parameters] /camera_nodelet_manager rosrpc://pc:49281
[rosmaster.master][INFO] 2012-12-14 17:40:10,580: -SERVICE [/camera/depth/image_rect_raw/theora/set_parameters] /camera_nodelet_manager rosrpc://pc:49281
[rosmaster.master][INFO] 2012-12-14 17:40:10,580: -SERVICE [/camera/rgb/image_mono/compressed/set_parameters] /camera_nodelet_manager rosrpc://pc:49281
[rosmaster.master][INFO] 2012-12-14 17:40:10,581: -SERVICE [/camera/rgb/image_mono/theora/set_parameters] /camera_nodelet_manager rosrpc://pc:49281
[rosmaster.master][INFO] 2012-12-14 17:40:10,582: -SERVICE [/camera/rgb/image_color/compressed/set_parameters] /camera_nodelet_manager rosrpc://pc:49281
[rosmaster.master][INFO] 2012-12-14 17:40:10,583: -SERVICE [/camera/rgb/image_color/theora/set_parameters] /camera_nodelet_manager rosrpc://pc:49281
[rosmaster.master][INFO] 2012-12-14 17:40:10,584: -SERVICE [/camera/depth_registered/image/compressed/set_parameters] /camera_nodelet_manager rosrpc://pc:49281
[rosmaster.master][INFO] 2012-12-14 17:40:10,585: -SERVICE [/camera/depth_registered/image/theora/set_parameters] /camera_nodelet_manager rosrpc://pc:49281
[rosmaster.master][INFO] 2012-12-14 17:40:10,586: -SERVICE [/camera/ir/image_rect/compressed/set_parameters] /camera_nodelet_manager rosrpc://pc:49281
[rosmaster.master][INFO] 2012-12-14 17:40:10,586: -SERVICE [/camera/ir/image_rect/theora/set_parameters] /camera_nodelet_manager rosrpc://pc:49281
[rosmaster.master][INFO] 2012-12-14 17:40:10,587: -SERVICE [/camera/driver/set_parameters] /camera_nodelet_manager rosrpc://pc:49281
[rosmaster.master][INFO] 2012-12-14 17:40:10,588: -SERVICE [/camera/rgb/set_camera_info] /camera_nodelet_manager rosrpc://pc:49281
[rosmaster.master][INFO] 2012-12-14 17:40:10,589: -SERVICE [/camera/ir/set_camera_info] /camera_nodelet_manager rosrpc://pc:49281
[rosmaster.master][INFO] 2012-12-14 17:40:10,590: -SERVICE [/camera/rgb/image_raw/compressed/set_parameters] /camera_nodelet_manager rosrpc://pc:49281
[rosmaster.master][INFO] 2012-12-14 17:40:10,591: -SERVICE [/camera/rgb/image_raw/theora/set_parameters] /camera_nodelet_manager rosrpc://pc:49281
[rosmaster.master][INFO] 2012-12-14 17:40:10,592: -SERVICE [/camera/ir/image_raw/compressed/set_parameters] /camera_nodelet_manager rosrpc://pc:49281
[rosmaster.master][INFO] 2012-12-14 17:40:10,593: -SERVICE [/camera/ir/image_raw/theora/set_parameters] /camera_nodelet_manager rosrpc://pc:49281
[rosmaster.master][INFO] 2012-12-14 17:40:10,594: -SERVICE [/camera/depth/image_raw/compressed/set_parameters] /camera_nodelet_manager rosrpc://pc:49281
[rosmaster.master][INFO] 2012-12-14 17:40:10,594: -SERVICE [/camera/depth/image_raw/theora/set_parameters] /camera_nodelet_manager rosrpc://pc:49281
[rosmaster.master][INFO] 2012-12-14 17:40:10,595: -SERVICE [/camera/depth_registered/image_raw/compressed/set_parameters] /camera_nodelet_manager rosrpc://pc:49281
[rosmaster.master][INFO] 2012-12-14 17:40:10,596: -SERVICE [/camera/depth_registered/image_raw/theora/set_parameters] /camera_nodelet_manager rosrpc://pc:49281
[rosmaster.master][INFO] 2012-12-14 17:40:10,700: -PUB [/rosout] /camera/driver http://pc:46962/
[rosmaster.master][INFO] 2012-12-14 17:40:10,703: -SERVICE [/camera/driver/get_loggers] /camera/driver rosrpc://pc:48680
[rosmaster.master][INFO] 2012-12-14 17:40:10,705: -SERVICE [/camera/driver/set_logger_level] /camera/driver rosrpc://pc:48680
[rosmaster.master][INFO] 2012-12-14 17:40:10,760: publisherUpdate[/rosout] -> http://pc:56112/
[rosmaster.master][INFO] 2012-12-14 17:40:11,163: -PUB [/rosout_agg] /rosout http://pc:56112/
[rosmaster.master][INFO] 2012-12-14 17:40:11,164: -SUB [/rosout] /rosout http://pc:56112/
[rosmaster.master][INFO] 2012-12-14 17:40:11,165: -SERVICE [/rosout/get_loggers] /rosout rosrpc://pc:52911
[rosmaster.master][INFO] 2012-12-14 17:40:11,166: -SERVICE [/rosout/set_logger_level] /rosout rosrpc://pc:52911
[rosmaster.main][INFO] 2012-12-14 17:40:11,256: keyboard interrupt, will exit
[rosmaster.main][INFO] 2012-12-14 17:40:11,257: stopping master...
