[rosmaster.main][INFO] 2012-12-15 18:16:15,636: initialization complete, waiting for shutdown
[rosmaster.main][INFO] 2012-12-15 18:16:15,637: Starting ROS Master Node
[xmlrpc][INFO] 2012-12-15 18:16:15,638: XML-RPC server binding to 0.0.0.0
[xmlrpc][INFO] 2012-12-15 18:16:15,639: Started XML-RPC server [http://pc:11311/]
[rosmaster.master][INFO] 2012-12-15 18:16:15,639: Master initialized: port[11311], uri[http://pc:11311/]
[xmlrpc][INFO] 2012-12-15 18:16:15,639: xml rpc node: starting XML-RPC server
[rosmaster.master][INFO] 2012-12-15 18:16:15,747: +PARAM [/run_id] by /roslaunch
[rosmaster.master][INFO] 2012-12-15 18:16:15,751: +PARAM [/roslaunch/uris/host_pc__46910] by /roslaunch
[rosmaster.master][INFO] 2012-12-15 18:16:15,776: +PARAM [/rosdistro] by /roslaunch
[rosmaster.master][INFO] 2012-12-15 18:16:15,776: +PARAM [/camera/driver/rgb_frame_id] by /roslaunch
[rosmaster.master][INFO] 2012-12-15 18:16:15,776: +PARAM [/camera/disparity_depth_registered/min_range] by /roslaunch
[rosmaster.master][INFO] 2012-12-15 18:16:15,776: +PARAM [/camera/driver/rgb_camera_info_url] by /roslaunch
[rosmaster.master][INFO] 2012-12-15 18:16:15,776: +PARAM [/camera/depth_registered/rectify_depth/interpolation] by /roslaunch
[rosmaster.master][INFO] 2012-12-15 18:16:15,777: +PARAM [/camera/driver/depth_frame_id] by /roslaunch
[rosmaster.master][INFO] 2012-12-15 18:16:15,777: +PARAM [/camera/depth/rectify_depth/interpolation] by /roslaunch
[rosmaster.master][INFO] 2012-12-15 18:16:15,777: +PARAM [/camera/disparity_depth/max_range] by /roslaunch
[rosmaster.master][INFO] 2012-12-15 18:16:15,778: +PARAM [/rosversion] by /roslaunch
[rosmaster.master][INFO] 2012-12-15 18:16:15,778: +PARAM [/camera/driver/device_id] by /roslaunch
[rosmaster.master][INFO] 2012-12-15 18:16:15,778: +PARAM [/camera/driver/depth_camera_info_url] by /roslaunch
[rosmaster.master][INFO] 2012-12-15 18:16:15,778: +PARAM [/camera/disparity_depth/min_range] by /roslaunch
[rosmaster.master][INFO] 2012-12-15 18:16:15,779: +PARAM [/camera/disparity_depth_registered/max_range] by /roslaunch
[rosmaster.master][INFO] 2012-12-15 18:16:15,783: +SERVICE [/rosout/get_loggers] /rosout http://pc:36976/
[rosmaster.master][INFO] 2012-12-15 18:16:15,784: +SERVICE [/rosout/set_logger_level] /rosout http://pc:36976/
[rosmaster.master][INFO] 2012-12-15 18:16:15,787: +PUB [/rosout_agg] /rosout http://pc:36976/
[rosmaster.master][INFO] 2012-12-15 18:16:15,789: +SUB [/rosout] /rosout http://pc:36976/
[rosmaster.master][INFO] 2012-12-15 18:16:15,812: +PUB [/rosout] /camera/driver http://pc:41244/
[rosmaster.master][INFO] 2012-12-15 18:16:15,817: +SERVICE [/camera/driver/get_loggers] /camera/driver http://pc:41244/
[rosmaster.master][INFO] 2012-12-15 18:16:15,819: +SERVICE [/camera/driver/set_logger_level] /camera/driver http://pc:41244/
[rosmaster.master][INFO] 2012-12-15 18:16:15,827: +PUB [/rosout] /camera/rgb/debayer http://pc:37639/
[rosmaster.master][INFO] 2012-12-15 18:16:15,829: +SERVICE [/camera/rgb/debayer/get_loggers] /camera/rgb/debayer http://pc:37639/
[rosmaster.master][INFO] 2012-12-15 18:16:15,830: +PARAM [/camera/driver] by /camera/driver
[rosmaster.master][INFO] 2012-12-15 18:16:15,832: +SERVICE [/camera/rgb/debayer/set_logger_level] /camera/rgb/debayer http://pc:37639/
[rosmaster.master][INFO] 2012-12-15 18:16:15,837: publisherUpdate[/rosout] -> http://pc:36976/
[rosmaster.master][INFO] 2012-12-15 18:16:15,841: publisherUpdate[/rosout] -> http://pc:36976/
[rosmaster.master][INFO] 2012-12-15 18:16:15,849: +PUB [/rosout] /camera/rgb/rectify_mono http://pc:59935/
[rosmaster.master][INFO] 2012-12-15 18:16:15,851: +SERVICE [/camera/rgb/rectify_mono/get_loggers] /camera/rgb/rectify_mono http://pc:59935/
[rosmaster.master][INFO] 2012-12-15 18:16:15,853: +PUB [/rosout] /camera/rgb/rectify_color http://pc:54071/
[rosmaster.master][INFO] 2012-12-15 18:16:15,856: +SERVICE [/camera/rgb/rectify_color/get_loggers] /camera/rgb/rectify_color http://pc:54071/
[rosmaster.master][INFO] 2012-12-15 18:16:15,858: +SERVICE [/camera/rgb/rectify_color/set_logger_level] /camera/rgb/rectify_color http://pc:54071/
[rosmaster.master][INFO] 2012-12-15 18:16:15,867: +SERVICE [/camera/rgb/rectify_mono/set_logger_level] /camera/rgb/rectify_mono http://pc:59935/
[rosmaster.master][INFO] 2012-12-15 18:16:15,897: +PUB [/rosout] /camera/depth/rectify_depth http://pc:33016/
[rosmaster.master][INFO] 2012-12-15 18:16:15,899: +PUB [/rosout] /camera/ir/rectify_ir http://pc:52541/
[rosmaster.master][INFO] 2012-12-15 18:16:15,901: +SERVICE [/camera/depth/rectify_depth/get_loggers] /camera/depth/rectify_depth http://pc:33016/
[rosmaster.master][INFO] 2012-12-15 18:16:15,902: +PUB [/rosout] /camera/depth/metric_rect http://pc:38387/
[rosmaster.master][INFO] 2012-12-15 18:16:15,905: +SERVICE [/camera/depth/rectify_depth/set_logger_level] /camera/depth/rectify_depth http://pc:33016/
[rosmaster.master][INFO] 2012-12-15 18:16:15,906: +SERVICE [/camera/ir/rectify_ir/get_loggers] /camera/ir/rectify_ir http://pc:52541/
[rosmaster.master][INFO] 2012-12-15 18:16:15,907: +SERVICE [/camera/depth/metric_rect/get_loggers] /camera/depth/metric_rect http://pc:38387/
[rosmaster.master][INFO] 2012-12-15 18:16:15,908: +SERVICE [/camera/ir/rectify_ir/set_logger_level] /camera/ir/rectify_ir http://pc:52541/
[rosmaster.master][INFO] 2012-12-15 18:16:15,911: +SERVICE [/camera/depth/metric_rect/set_logger_level] /camera/depth/metric_rect http://pc:38387/
[rosmaster.master][INFO] 2012-12-15 18:16:15,921: +PARAM [/camera/depth/rectify_depth] by /camera/depth/rectify_depth
[rosmaster.master][INFO] 2012-12-15 18:16:15,939: publisherUpdate[/rosout] -> http://pc:36976/
[rosmaster.master][INFO] 2012-12-15 18:16:15,941: publisherUpdate[/rosout] -> http://pc:36976/
[rosmaster.master][INFO] 2012-12-15 18:16:15,943: publisherUpdate[/rosout] -> http://pc:36976/
[rosmaster.master][INFO] 2012-12-15 18:16:15,945: publisherUpdate[/rosout] -> http://pc:36976/
[rosmaster.master][INFO] 2012-12-15 18:16:15,947: publisherUpdate[/rosout] -> http://pc:36976/
[rosmaster.master][INFO] 2012-12-15 18:16:15,953: +PUB [/rosout] /camera/depth/points http://pc:33425/
[rosmaster.master][INFO] 2012-12-15 18:16:15,959: +PUB [/rosout] /camera/depth/metric http://pc:56808/
[rosmaster.master][INFO] 2012-12-15 18:16:15,961: +SERVICE [/camera/depth/points/get_loggers] /camera/depth/points http://pc:33425/
[rosmaster.master][INFO] 2012-12-15 18:16:15,963: +SERVICE [/camera/depth/metric/get_loggers] /camera/depth/metric http://pc:56808/
[rosmaster.master][INFO] 2012-12-15 18:16:15,965: +SERVICE [/camera/depth/points/set_logger_level] /camera/depth/points http://pc:33425/
[rosmaster.master][INFO] 2012-12-15 18:16:15,975: +PUB [/rosout] /camera/register_depth_rgb http://pc:46728/
[rosmaster.master][INFO] 2012-12-15 18:16:15,977: +SERVICE [/camera/depth/metric/set_logger_level] /camera/depth/metric http://pc:56808/
[rosmaster.master][INFO] 2012-12-15 18:16:15,983: +PUB [/rosout] /camera/depth_registered/rectify_depth http://pc:58476/
[rosmaster.master][INFO] 2012-12-15 18:16:15,988: +SERVICE [/camera/register_depth_rgb/get_loggers] /camera/register_depth_rgb http://pc:46728/
[rosmaster.master][INFO] 2012-12-15 18:16:15,993: +SERVICE [/camera/depth_registered/rectify_depth/get_loggers] /camera/depth_registered/rectify_depth http://pc:58476/
[rosmaster.master][INFO] 2012-12-15 18:16:15,998: +SERVICE [/camera/register_depth_rgb/set_logger_level] /camera/register_depth_rgb http://pc:46728/
[rosmaster.master][INFO] 2012-12-15 18:16:16,002: +SERVICE [/camera/depth_registered/rectify_depth/set_logger_level] /camera/depth_registered/rectify_depth http://pc:58476/
[rosmaster.master][INFO] 2012-12-15 18:16:16,009: +PUB [/rosout] /camera/depth_registered/metric http://pc:37552/
[rosmaster.master][INFO] 2012-12-15 18:16:16,011: +PUB [/rosout] /camera/points_xyzrgb_depth_rgb http://pc:43130/
[rosmaster.master][INFO] 2012-12-15 18:16:16,024: +SERVICE [/camera/depth_registered/metric/get_loggers] /camera/depth_registered/metric http://pc:37552/
[rosmaster.master][INFO] 2012-12-15 18:16:16,030: +SERVICE [/camera/points_xyzrgb_depth_rgb/get_loggers] /camera/points_xyzrgb_depth_rgb http://pc:43130/
[rosmaster.master][INFO] 2012-12-15 18:16:16,034: +SERVICE [/camera/depth_registered/metric/set_logger_level] /camera/depth_registered/metric http://pc:37552/
[rosmaster.master][INFO] 2012-12-15 18:16:16,039: publisherUpdate[/rosout] -> http://pc:36976/
[rosmaster.master][INFO] 2012-12-15 18:16:16,043: +SERVICE [/camera/points_xyzrgb_depth_rgb/set_logger_level] /camera/points_xyzrgb_depth_rgb http://pc:43130/
[rosmaster.master][INFO] 2012-12-15 18:16:16,045: publisherUpdate[/rosout] -> http://pc:36976/
[rosmaster.master][INFO] 2012-12-15 18:16:16,047: publisherUpdate[/rosout] -> http://pc:36976/
[rosmaster.master][INFO] 2012-12-15 18:16:16,049: publisherUpdate[/rosout] -> http://pc:36976/
[rosmaster.master][INFO] 2012-12-15 18:16:16,051: publisherUpdate[/rosout] -> http://pc:36976/
[rosmaster.master][INFO] 2012-12-15 18:16:16,054: +PARAM [/camera/depth_registered/rectify_depth] by /camera/depth_registered/rectify_depth
[rosmaster.master][INFO] 2012-12-15 18:16:16,055: publisherUpdate[/rosout] -> http://pc:36976/
[rosmaster.master][INFO] 2012-12-15 18:16:16,071: +PUB [/rosout] /camera_base_link http://pc:60296/
[rosmaster.master][INFO] 2012-12-15 18:16:16,079: +PUB [/rosout] /camera/disparity_depth_registered http://pc:54633/
[rosmaster.master][INFO] 2012-12-15 18:16:16,085: +SERVICE [/camera_base_link/get_loggers] /camera_base_link http://pc:60296/
[rosmaster.master][INFO] 2012-12-15 18:16:16,097: +SERVICE [/camera/disparity_depth_registered/get_loggers] /camera/disparity_depth_registered http://pc:54633/
[rosmaster.master][INFO] 2012-12-15 18:16:16,100: +SERVICE [/camera_base_link/set_logger_level] /camera_base_link http://pc:60296/
[rosmaster.master][INFO] 2012-12-15 18:16:16,107: +SERVICE [/camera/disparity_depth_registered/set_logger_level] /camera/disparity_depth_registered http://pc:54633/
[rosmaster.master][INFO] 2012-12-15 18:16:16,109: +PUB [/rosout] /camera_base_link3 http://pc:48773/
[rosmaster.master][INFO] 2012-12-15 18:16:16,110: +PUB [/rosout] /camera_base_link2 http://pc:53877/
[rosmaster.master][INFO] 2012-12-15 18:16:16,115: +PUB [/tf] /camera_base_link http://pc:60296/
[rosmaster.master][INFO] 2012-12-15 18:16:16,117: +SERVICE [/camera_base_link3/get_loggers] /camera_base_link3 http://pc:48773/
[rosmaster.master][INFO] 2012-12-15 18:16:16,122: +SERVICE [/camera_base_link2/get_loggers] /camera_base_link2 http://pc:53877/
[rosmaster.master][INFO] 2012-12-15 18:16:16,124: +SERVICE [/camera_base_link3/set_logger_level] /camera_base_link3 http://pc:48773/
[rosmaster.master][INFO] 2012-12-15 18:16:16,125: +PARAM [/camera/disparity_depth_registered] by /camera/disparity_depth_registered
[rosmaster.master][INFO] 2012-12-15 18:16:16,127: +SERVICE [/camera_base_link2/set_logger_level] /camera_base_link2 http://pc:53877/
[rosmaster.master][INFO] 2012-12-15 18:16:16,132: +PUB [/tf] /camera_base_link3 http://pc:48773/
[rosmaster.master][INFO] 2012-12-15 18:16:16,134: +PUB [/tf] /camera_base_link2 http://pc:53877/
[rosmaster.master][INFO] 2012-12-15 18:16:16,146: publisherUpdate[/rosout] -> http://pc:36976/
[rosmaster.master][INFO] 2012-12-15 18:16:16,155: publisherUpdate[/rosout] -> http://pc:36976/
[rosmaster.master][INFO] 2012-12-15 18:16:16,161: publisherUpdate[/rosout] -> http://pc:36976/
[rosmaster.master][INFO] 2012-12-15 18:16:16,163: publisherUpdate[/rosout] -> http://pc:36976/
[rosmaster.master][INFO] 2012-12-15 18:16:16,180: +PUB [/rosout] /camera_nodelet_manager http://pc:41703/
[rosmaster.master][INFO] 2012-12-15 18:16:16,181: +SERVICE [/camera_nodelet_manager/get_loggers] /camera_nodelet_manager http://pc:41703/
[rosmaster.master][INFO] 2012-12-15 18:16:16,183: +SERVICE [/camera_nodelet_manager/set_logger_level] /camera_nodelet_manager http://pc:41703/
[rosmaster.master][INFO] 2012-12-15 18:16:16,186: +SERVICE [/camera_nodelet_manager/load_nodelet] /camera_nodelet_manager http://pc:41703/
[rosmaster.master][INFO] 2012-12-15 18:16:16,188: +SERVICE [/camera_nodelet_manager/unload_nodelet] /camera_nodelet_manager http://pc:41703/
[rosmaster.master][INFO] 2012-12-15 18:16:16,206: +SERVICE [/camera_nodelet_manager/list] /camera_nodelet_manager http://pc:41703/
[rosmaster.master][INFO] 2012-12-15 18:16:16,250: publisherUpdate[/rosout] -> http://pc:36976/
[rosmaster.master][INFO] 2012-12-15 18:16:16,512: +PUB [/rosout] /set_dr http://pc:54396/
[rosmaster.master][INFO] 2012-12-15 18:16:16,548: +PUB [/camera/depth_registered/disparity] /camera_nodelet_manager http://pc:41703/
[rosmaster.master][INFO] 2012-12-15 18:16:16,558: publisherUpdate[/rosout] -> http://pc:36976/
[rosmaster.master][INFO] 2012-12-15 18:16:16,787: +SERVICE [/camera/rgb/rectify_mono/set_parameters] /camera_nodelet_manager http://pc:41703/
[rosmaster.master][INFO] 2012-12-15 18:16:16,788: +PUB [/camera/rgb/rectify_mono/parameter_descriptions] /camera_nodelet_manager http://pc:41703/
[rosmaster.master][INFO] 2012-12-15 18:16:16,790: +PUB [/camera/rgb/rectify_mono/parameter_updates] /camera_nodelet_manager http://pc:41703/
[rosmaster.master][INFO] 2012-12-15 18:16:16,792: +PARAM [/camera/rgb/rectify_mono/interpolation] by /camera_nodelet_manager
[rosmaster.master][INFO] 2012-12-15 18:16:16,795: +PUB [/camera/rgb/image_rect/compressed] /camera_nodelet_manager http://pc:41703/
[rosmaster.master][INFO] 2012-12-15 18:16:16,796: +SERVICE [/camera/rgb/image_rect/compressed/set_parameters] /camera_nodelet_manager http://pc:41703/
[rosmaster.master][INFO] 2012-12-15 18:16:16,797: +PUB [/camera/rgb/image_rect/compressed/parameter_descriptions] /camera_nodelet_manager http://pc:41703/
[rosmaster.master][INFO] 2012-12-15 18:16:16,798: +PUB [/camera/rgb/image_rect/compressed/parameter_updates] /camera_nodelet_manager http://pc:41703/
[rosmaster.master][INFO] 2012-12-15 18:16:16,801: +PARAM [/camera/rgb/image_rect/compressed/format] by /camera_nodelet_manager
[rosmaster.master][INFO] 2012-12-15 18:16:16,803: +PARAM [/camera/rgb/image_rect/compressed/jpeg_quality] by /camera_nodelet_manager
[rosmaster.master][INFO] 2012-12-15 18:16:16,804: +PARAM [/camera/rgb/image_rect/compressed/png_level] by /camera_nodelet_manager
[rosmaster.master][INFO] 2012-12-15 18:16:16,805: +PUB [/camera/rgb/image_rect] /camera_nodelet_manager http://pc:41703/
[rosmaster.master][INFO] 2012-12-15 18:16:16,809: +PUB [/camera/rgb/image_rect/theora] /camera_nodelet_manager http://pc:41703/
[rosmaster.master][INFO] 2012-12-15 18:16:16,810: +SERVICE [/camera/rgb/image_rect/theora/set_parameters] /camera_nodelet_manager http://pc:41703/
[rosmaster.master][INFO] 2012-12-15 18:16:16,811: +PUB [/camera/rgb/image_rect/theora/parameter_descriptions] /camera_nodelet_manager http://pc:41703/
[rosmaster.master][INFO] 2012-12-15 18:16:16,813: +PUB [/camera/rgb/image_rect/theora/parameter_updates] /camera_nodelet_manager http://pc:41703/
[rosmaster.master][INFO] 2012-12-15 18:16:16,821: +PARAM [/camera/rgb/image_rect/theora/optimize_for] by /camera_nodelet_manager
[rosmaster.master][INFO] 2012-12-15 18:16:16,823: +PARAM [/camera/rgb/image_rect/theora/target_bitrate] by /camera_nodelet_manager
[rosmaster.master][INFO] 2012-12-15 18:16:16,824: +PARAM [/camera/rgb/image_rect/theora/quality] by /camera_nodelet_manager
[rosmaster.master][INFO] 2012-12-15 18:16:16,825: +PARAM [/camera/rgb/image_rect/theora/keyframe_frequency] by /camera_nodelet_manager
[rosmaster.master][INFO] 2012-12-15 18:16:16,963: +PUB [/rosout] /depth_detection http://pc:52778/
[rosmaster.master][INFO] 2012-12-15 18:16:16,963: publisherUpdate[/rosout] -> http://pc:36976/
[rosmaster.master][INFO] 2012-12-15 18:16:16,988: +SUB [/camera/depth_registered/image_rect] /depth_detection http://pc:52778/
[rosmaster.master][INFO] 2012-12-15 18:16:16,991: +SUB [/camera/rgb/image_rect_color] /depth_detection http://pc:52778/
[rosmaster.master][INFO] 2012-12-15 18:16:17,100: +SERVICE [/camera/ir/rectify_ir/set_parameters] /camera_nodelet_manager http://pc:41703/
[rosmaster.master][INFO] 2012-12-15 18:16:17,102: +PUB [/camera/ir/rectify_ir/parameter_descriptions] /camera_nodelet_manager http://pc:41703/
[rosmaster.master][INFO] 2012-12-15 18:16:17,104: +PUB [/camera/ir/rectify_ir/parameter_updates] /camera_nodelet_manager http://pc:41703/
[rosmaster.master][INFO] 2012-12-15 18:16:17,106: +PARAM [/camera/ir/rectify_ir/interpolation] by /camera_nodelet_manager
[rosmaster.master][INFO] 2012-12-15 18:16:17,109: +PUB [/camera/ir/image_rect/compressed] /camera_nodelet_manager http://pc:41703/
[rosmaster.master][INFO] 2012-12-15 18:16:17,110: +SERVICE [/camera/ir/image_rect/compressed/set_parameters] /camera_nodelet_manager http://pc:41703/
[rosmaster.master][INFO] 2012-12-15 18:16:17,112: +PUB [/camera/ir/image_rect/compressed/parameter_descriptions] /camera_nodelet_manager http://pc:41703/
[rosmaster.master][INFO] 2012-12-15 18:16:17,113: +PUB [/camera/ir/image_rect/compressed/parameter_updates] /camera_nodelet_manager http://pc:41703/
[rosmaster.master][INFO] 2012-12-15 18:16:17,118: +PARAM [/camera/ir/image_rect/compressed/format] by /camera_nodelet_manager
[rosmaster.master][INFO] 2012-12-15 18:16:17,120: +PARAM [/camera/ir/image_rect/compressed/jpeg_quality] by /camera_nodelet_manager
[rosmaster.master][INFO] 2012-12-15 18:16:17,121: +PARAM [/camera/ir/image_rect/compressed/png_level] by /camera_nodelet_manager
[rosmaster.master][INFO] 2012-12-15 18:16:17,124: +PUB [/camera/ir/image_rect] /camera_nodelet_manager http://pc:41703/
[rosmaster.master][INFO] 2012-12-15 18:16:17,126: +PUB [/camera/ir/image_rect/theora] /camera_nodelet_manager http://pc:41703/
[rosmaster.master][INFO] 2012-12-15 18:16:17,127: +SERVICE [/camera/ir/image_rect/theora/set_parameters] /camera_nodelet_manager http://pc:41703/
[rosmaster.master][INFO] 2012-12-15 18:16:17,128: +PUB [/camera/ir/image_rect/theora/parameter_descriptions] /camera_nodelet_manager http://pc:41703/
[rosmaster.master][INFO] 2012-12-15 18:16:17,128: +PUB [/camera/ir/image_rect/theora/parameter_updates] /camera_nodelet_manager http://pc:41703/
[rosmaster.master][INFO] 2012-12-15 18:16:17,132: +PARAM [/camera/ir/image_rect/theora/optimize_for] by /camera_nodelet_manager
[rosmaster.master][INFO] 2012-12-15 18:16:17,133: +PARAM [/camera/ir/image_rect/theora/target_bitrate] by /camera_nodelet_manager
[rosmaster.master][INFO] 2012-12-15 18:16:17,134: +PARAM [/camera/ir/image_rect/theora/quality] by /camera_nodelet_manager
[rosmaster.master][INFO] 2012-12-15 18:16:17,136: +PARAM [/camera/ir/image_rect/theora/keyframe_frequency] by /camera_nodelet_manager
[rosmaster.master][INFO] 2012-12-15 18:16:17,780: +SERVICE [/camera/rgb/debayer/set_parameters] /camera_nodelet_manager http://pc:41703/
[rosmaster.master][INFO] 2012-12-15 18:16:17,782: +PUB [/camera/rgb/debayer/parameter_descriptions] /camera_nodelet_manager http://pc:41703/
[rosmaster.master][INFO] 2012-12-15 18:16:17,783: +PUB [/camera/rgb/debayer/parameter_updates] /camera_nodelet_manager http://pc:41703/
[rosmaster.master][INFO] 2012-12-15 18:16:17,785: +PARAM [/camera/rgb/debayer/debayer] by /camera_nodelet_manager
[rosmaster.master][INFO] 2012-12-15 18:16:17,786: +PUB [/camera/rgb/image_mono/compressed] /camera_nodelet_manager http://pc:41703/
[rosmaster.master][INFO] 2012-12-15 18:16:17,788: +SERVICE [/camera/rgb/image_mono/compressed/set_parameters] /camera_nodelet_manager http://pc:41703/
[rosmaster.master][INFO] 2012-12-15 18:16:17,789: +PUB [/camera/rgb/image_mono/compressed/parameter_descriptions] /camera_nodelet_manager http://pc:41703/
[rosmaster.master][INFO] 2012-12-15 18:16:17,790: +PUB [/camera/rgb/image_mono/compressed/parameter_updates] /camera_nodelet_manager http://pc:41703/
[rosmaster.master][INFO] 2012-12-15 18:16:17,793: +PARAM [/camera/rgb/image_mono/compressed/format] by /camera_nodelet_manager
[rosmaster.master][INFO] 2012-12-15 18:16:17,794: +PARAM [/camera/rgb/image_mono/compressed/jpeg_quality] by /camera_nodelet_manager
[rosmaster.master][INFO] 2012-12-15 18:16:17,795: +PARAM [/camera/rgb/image_mono/compressed/png_level] by /camera_nodelet_manager
[rosmaster.master][INFO] 2012-12-15 18:16:17,797: +PUB [/camera/rgb/image_mono] /camera_nodelet_manager http://pc:41703/
[rosmaster.master][INFO] 2012-12-15 18:16:17,798: +PUB [/camera/rgb/image_mono/theora] /camera_nodelet_manager http://pc:41703/
[rosmaster.master][INFO] 2012-12-15 18:16:17,799: +SERVICE [/camera/rgb/image_mono/theora/set_parameters] /camera_nodelet_manager http://pc:41703/
[rosmaster.master][INFO] 2012-12-15 18:16:17,800: +PUB [/camera/rgb/image_mono/theora/parameter_descriptions] /camera_nodelet_manager http://pc:41703/
[rosmaster.master][INFO] 2012-12-15 18:16:17,801: +PUB [/camera/rgb/image_mono/theora/parameter_updates] /camera_nodelet_manager http://pc:41703/
[rosmaster.master][INFO] 2012-12-15 18:16:17,806: +PARAM [/camera/rgb/image_mono/theora/optimize_for] by /camera_nodelet_manager
[rosmaster.master][INFO] 2012-12-15 18:16:17,807: +PARAM [/camera/rgb/image_mono/theora/target_bitrate] by /camera_nodelet_manager
[rosmaster.master][INFO] 2012-12-15 18:16:17,808: +PARAM [/camera/rgb/image_mono/theora/quality] by /camera_nodelet_manager
[rosmaster.master][INFO] 2012-12-15 18:16:17,809: +PARAM [/camera/rgb/image_mono/theora/keyframe_frequency] by /camera_nodelet_manager
[rosmaster.master][INFO] 2012-12-15 18:16:17,810: +PUB [/camera/rgb/image_color/compressed] /camera_nodelet_manager http://pc:41703/
[rosmaster.master][INFO] 2012-12-15 18:16:17,811: +SERVICE [/camera/rgb/image_color/compressed/set_parameters] /camera_nodelet_manager http://pc:41703/
[rosmaster.master][INFO] 2012-12-15 18:16:17,812: +PUB [/camera/rgb/image_color/compressed/parameter_descriptions] /camera_nodelet_manager http://pc:41703/
[rosmaster.master][INFO] 2012-12-15 18:16:17,812: +PUB [/camera/rgb/image_color/compressed/parameter_updates] /camera_nodelet_manager http://pc:41703/
[rosmaster.master][INFO] 2012-12-15 18:16:17,816: +PARAM [/camera/rgb/image_color/compressed/format] by /camera_nodelet_manager
[rosmaster.master][INFO] 2012-12-15 18:16:17,817: +PARAM [/camera/rgb/image_color/compressed/jpeg_quality] by /camera_nodelet_manager
[rosmaster.master][INFO] 2012-12-15 18:16:17,819: +PARAM [/camera/rgb/image_color/compressed/png_level] by /camera_nodelet_manager
[rosmaster.master][INFO] 2012-12-15 18:16:17,820: +PUB [/camera/rgb/image_color] /camera_nodelet_manager http://pc:41703/
[rosmaster.master][INFO] 2012-12-15 18:16:17,821: +PUB [/camera/rgb/image_color/theora] /camera_nodelet_manager http://pc:41703/
[rosmaster.master][INFO] 2012-12-15 18:16:17,822: +SERVICE [/camera/rgb/image_color/theora/set_parameters] /camera_nodelet_manager http://pc:41703/
[rosmaster.master][INFO] 2012-12-15 18:16:17,823: +PUB [/camera/rgb/image_color/theora/parameter_descriptions] /camera_nodelet_manager http://pc:41703/
[rosmaster.master][INFO] 2012-12-15 18:16:17,824: +PUB [/camera/rgb/image_color/theora/parameter_updates] /camera_nodelet_manager http://pc:41703/
[rosmaster.master][INFO] 2012-12-15 18:16:17,828: +PARAM [/camera/rgb/image_color/theora/optimize_for] by /camera_nodelet_manager
[rosmaster.master][INFO] 2012-12-15 18:16:17,829: +PARAM [/camera/rgb/image_color/theora/target_bitrate] by /camera_nodelet_manager
[rosmaster.master][INFO] 2012-12-15 18:16:17,830: +PARAM [/camera/rgb/image_color/theora/quality] by /camera_nodelet_manager
[rosmaster.master][INFO] 2012-12-15 18:16:17,831: +PARAM [/camera/rgb/image_color/theora/keyframe_frequency] by /camera_nodelet_manager
[rosmaster.master][INFO] 2012-12-15 18:16:18,423: +PUB [/camera/depth/points] /camera_nodelet_manager http://pc:41703/
[rosmaster.master][INFO] 2012-12-15 18:16:18,990: +PUB [/rosout] /camera/depth_registered/metric_rect http://pc:34997/
[rosmaster.master][INFO] 2012-12-15 18:16:18,993: +SERVICE [/camera/depth_registered/metric_rect/get_loggers] /camera/depth_registered/metric_rect http://pc:34997/
[rosmaster.master][INFO] 2012-12-15 18:16:18,994: +SERVICE [/camera/depth_registered/metric_rect/set_logger_level] /camera/depth_registered/metric_rect http://pc:34997/
[rosmaster.master][INFO] 2012-12-15 18:16:19,039: +PUB [/rosout] /camera/disparity_depth http://pc:37403/
[rosmaster.master][INFO] 2012-12-15 18:16:19,043: +SERVICE [/camera/disparity_depth/get_loggers] /camera/disparity_depth http://pc:37403/
[rosmaster.master][INFO] 2012-12-15 18:16:19,044: +SERVICE [/camera/disparity_depth/set_logger_level] /camera/disparity_depth http://pc:37403/
[rosmaster.master][INFO] 2012-12-15 18:16:19,052: +PARAM [/camera/disparity_depth] by /camera/disparity_depth
[rosmaster.master][INFO] 2012-12-15 18:16:19,064: publisherUpdate[/rosout] -> http://pc:36976/
[rosmaster.master][INFO] 2012-12-15 18:16:19,067: publisherUpdate[/rosout] -> http://pc:36976/
[rosmaster.master][INFO] 2012-12-15 18:16:19,068: +PUB [/camera/depth/image/compressed] /camera_nodelet_manager http://pc:41703/
[rosmaster.master][INFO] 2012-12-15 18:16:19,069: +SERVICE [/camera/depth/image/compressed/set_parameters] /camera_nodelet_manager http://pc:41703/
[rosmaster.master][INFO] 2012-12-15 18:16:19,070: +PUB [/camera/depth/image/compressed/parameter_descriptions] /camera_nodelet_manager http://pc:41703/
[rosmaster.master][INFO] 2012-12-15 18:16:19,071: +PUB [/camera/depth/image/compressed/parameter_updates] /camera_nodelet_manager http://pc:41703/
[rosmaster.master][INFO] 2012-12-15 18:16:19,074: +PARAM [/camera/depth/image/compressed/format] by /camera_nodelet_manager
[rosmaster.master][INFO] 2012-12-15 18:16:19,075: +PARAM [/camera/depth/image/compressed/jpeg_quality] by /camera_nodelet_manager
[rosmaster.master][INFO] 2012-12-15 18:16:19,076: +PARAM [/camera/depth/image/compressed/png_level] by /camera_nodelet_manager
[rosmaster.master][INFO] 2012-12-15 18:16:19,077: +PUB [/camera/depth/image] /camera_nodelet_manager http://pc:41703/
[rosmaster.master][INFO] 2012-12-15 18:16:19,078: +PUB [/camera/depth/image/theora] /camera_nodelet_manager http://pc:41703/
[rosmaster.master][INFO] 2012-12-15 18:16:19,079: +SERVICE [/camera/depth/image/theora/set_parameters] /camera_nodelet_manager http://pc:41703/
[rosmaster.master][INFO] 2012-12-15 18:16:19,080: +PUB [/camera/depth/image/theora/parameter_descriptions] /camera_nodelet_manager http://pc:41703/
[rosmaster.master][INFO] 2012-12-15 18:16:19,081: +PUB [/camera/depth/image/theora/parameter_updates] /camera_nodelet_manager http://pc:41703/
[rosmaster.master][INFO] 2012-12-15 18:16:19,085: +PARAM [/camera/depth/image/theora/optimize_for] by /camera_nodelet_manager
[rosmaster.master][INFO] 2012-12-15 18:16:19,086: +PARAM [/camera/depth/image/theora/target_bitrate] by /camera_nodelet_manager
[rosmaster.master][INFO] 2012-12-15 18:16:19,087: +PUB [/rosout] /camera_base_link1 http://pc:60259/
[rosmaster.master][INFO] 2012-12-15 18:16:19,088: +PARAM [/camera/depth/image/theora/quality] by /camera_nodelet_manager
[rosmaster.master][INFO] 2012-12-15 18:16:19,089: +SERVICE [/camera_base_link1/get_loggers] /camera_base_link1 http://pc:60259/
[rosmaster.master][INFO] 2012-12-15 18:16:19,090: +PARAM [/camera/depth/image/theora/keyframe_frequency] by /camera_nodelet_manager
[rosmaster.master][INFO] 2012-12-15 18:16:19,091: +SERVICE [/camera_base_link1/set_logger_level] /camera_base_link1 http://pc:60259/
[rosmaster.master][INFO] 2012-12-15 18:16:19,093: +PUB [/tf] /camera_base_link1 http://pc:60259/
[rosmaster.master][INFO] 2012-12-15 18:16:19,168: publisherUpdate[/rosout] -> http://pc:36976/
[rosmaster.master][INFO] 2012-12-15 18:16:19,713: +SERVICE [/camera/depth_registered/rectify_depth/set_parameters] /camera_nodelet_manager http://pc:41703/
[rosmaster.master][INFO] 2012-12-15 18:16:19,715: +PUB [/camera/depth_registered/rectify_depth/parameter_descriptions] /camera_nodelet_manager http://pc:41703/
[rosmaster.master][INFO] 2012-12-15 18:16:19,716: +PUB [/camera/depth_registered/rectify_depth/parameter_updates] /camera_nodelet_manager http://pc:41703/
[rosmaster.master][INFO] 2012-12-15 18:16:19,720: +PARAM [/camera/depth_registered/rectify_depth/interpolation] by /camera_nodelet_manager
[rosmaster.master][INFO] 2012-12-15 18:16:19,722: +PUB [/camera/depth_registered/image_rect_raw/compressed] /camera_nodelet_manager http://pc:41703/
[rosmaster.master][INFO] 2012-12-15 18:16:19,723: +SERVICE [/camera/depth_registered/image_rect_raw/compressed/set_parameters] /camera_nodelet_manager http://pc:41703/
[rosmaster.master][INFO] 2012-12-15 18:16:19,725: +PUB [/camera/depth_registered/image_rect_raw/compressed/parameter_descriptions] /camera_nodelet_manager http://pc:41703/
[rosmaster.master][INFO] 2012-12-15 18:16:19,727: +PUB [/camera/depth_registered/image_rect_raw/compressed/parameter_updates] /camera_nodelet_manager http://pc:41703/
[rosmaster.master][INFO] 2012-12-15 18:16:19,730: +PARAM [/camera/depth_registered/image_rect_raw/compressed/format] by /camera_nodelet_manager
[rosmaster.master][INFO] 2012-12-15 18:16:19,730: +PARAM [/camera/depth_registered/image_rect_raw/compressed/jpeg_quality] by /camera_nodelet_manager
[rosmaster.master][INFO] 2012-12-15 18:16:19,731: +PARAM [/camera/depth_registered/image_rect_raw/compressed/png_level] by /camera_nodelet_manager
[rosmaster.master][INFO] 2012-12-15 18:16:19,733: +PUB [/camera/depth_registered/image_rect_raw] /camera_nodelet_manager http://pc:41703/
[rosmaster.master][INFO] 2012-12-15 18:16:19,735: +PUB [/camera/depth_registered/image_rect_raw/theora] /camera_nodelet_manager http://pc:41703/
[rosmaster.master][INFO] 2012-12-15 18:16:19,737: +SERVICE [/camera/depth_registered/image_rect_raw/theora/set_parameters] /camera_nodelet_manager http://pc:41703/
[rosmaster.master][INFO] 2012-12-15 18:16:19,738: +PUB [/camera/depth_registered/image_rect_raw/theora/parameter_descriptions] /camera_nodelet_manager http://pc:41703/
[rosmaster.master][INFO] 2012-12-15 18:16:19,739: +PUB [/camera/depth_registered/image_rect_raw/theora/parameter_updates] /camera_nodelet_manager http://pc:41703/
[rosmaster.master][INFO] 2012-12-15 18:16:19,744: +PARAM [/camera/depth_registered/image_rect_raw/theora/optimize_for] by /camera_nodelet_manager
[rosmaster.master][INFO] 2012-12-15 18:16:19,745: +PARAM [/camera/depth_registered/image_rect_raw/theora/target_bitrate] by /camera_nodelet_manager
[rosmaster.master][INFO] 2012-12-15 18:16:19,746: +PARAM [/camera/depth_registered/image_rect_raw/theora/quality] by /camera_nodelet_manager
[rosmaster.master][INFO] 2012-12-15 18:16:19,747: +PARAM [/camera/depth_registered/image_rect_raw/theora/keyframe_frequency] by /camera_nodelet_manager
[rosmaster.master][INFO] 2012-12-15 18:16:20,587: +PUB [/camera/depth_registered/points] /camera_nodelet_manager http://pc:41703/
[rosmaster.master][INFO] 2012-12-15 18:16:20,864: +SERVICE [/camera/depth/rectify_depth/set_parameters] /camera_nodelet_manager http://pc:41703/
[rosmaster.master][INFO] 2012-12-15 18:16:20,867: +PUB [/camera/depth/rectify_depth/parameter_descriptions] /camera_nodelet_manager http://pc:41703/
[rosmaster.master][INFO] 2012-12-15 18:16:20,869: +PUB [/camera/depth/rectify_depth/parameter_updates] /camera_nodelet_manager http://pc:41703/
[rosmaster.master][INFO] 2012-12-15 18:16:20,873: +PARAM [/camera/depth/rectify_depth/interpolation] by /camera_nodelet_manager
[rosmaster.master][INFO] 2012-12-15 18:16:20,875: +PUB [/camera/depth/image_rect_raw/compressed] /camera_nodelet_manager http://pc:41703/
[rosmaster.master][INFO] 2012-12-15 18:16:20,878: +SERVICE [/camera/depth/image_rect_raw/compressed/set_parameters] /camera_nodelet_manager http://pc:41703/
[rosmaster.master][INFO] 2012-12-15 18:16:20,881: +PUB [/camera/depth/image_rect_raw/compressed/parameter_descriptions] /camera_nodelet_manager http://pc:41703/
[rosmaster.master][INFO] 2012-12-15 18:16:20,883: +PUB [/camera/depth/image_rect_raw/compressed/parameter_updates] /camera_nodelet_manager http://pc:41703/
[rosmaster.master][INFO] 2012-12-15 18:16:20,891: +PARAM [/camera/depth/image_rect_raw/compressed/format] by /camera_nodelet_manager
[rosmaster.master][INFO] 2012-12-15 18:16:20,893: +PARAM [/camera/depth/image_rect_raw/compressed/jpeg_quality] by /camera_nodelet_manager
[rosmaster.master][INFO] 2012-12-15 18:16:20,897: +PARAM [/camera/depth/image_rect_raw/compressed/png_level] by /camera_nodelet_manager
[rosmaster.master][INFO] 2012-12-15 18:16:20,901: +PUB [/camera/depth/image_rect_raw] /camera_nodelet_manager http://pc:41703/
[rosmaster.master][INFO] 2012-12-15 18:16:20,903: +PUB [/camera/depth/image_rect_raw/theora] /camera_nodelet_manager http://pc:41703/
[rosmaster.master][INFO] 2012-12-15 18:16:20,906: +SERVICE [/camera/depth/image_rect_raw/theora/set_parameters] /camera_nodelet_manager http://pc:41703/
[rosmaster.master][INFO] 2012-12-15 18:16:20,908: +PUB [/camera/depth/image_rect_raw/theora/parameter_descriptions] /camera_nodelet_manager http://pc:41703/
[rosmaster.master][INFO] 2012-12-15 18:16:20,910: +PUB [/camera/depth/image_rect_raw/theora/parameter_updates] /camera_nodelet_manager http://pc:41703/
[rosmaster.master][INFO] 2012-12-15 18:16:20,920: +PARAM [/camera/depth/image_rect_raw/theora/optimize_for] by /camera_nodelet_manager
[rosmaster.master][INFO] 2012-12-15 18:16:20,922: +PARAM [/camera/depth/image_rect_raw/theora/target_bitrate] by /camera_nodelet_manager
[rosmaster.master][INFO] 2012-12-15 18:16:20,924: +PARAM [/camera/depth/image_rect_raw/theora/quality] by /camera_nodelet_manager
[rosmaster.master][INFO] 2012-12-15 18:16:20,926: +PARAM [/camera/depth/image_rect_raw/theora/keyframe_frequency] by /camera_nodelet_manager
[rosmaster.master][INFO] 2012-12-15 18:16:21,205: +PUB [/camera/depth_registered/image_rect/compressed] /camera_nodelet_manager http://pc:41703/
[rosmaster.master][INFO] 2012-12-15 18:16:21,207: +SERVICE [/camera/depth_registered/image_rect/compressed/set_parameters] /camera_nodelet_manager http://pc:41703/
[rosmaster.master][INFO] 2012-12-15 18:16:21,209: +PUB [/camera/depth_registered/image_rect/compressed/parameter_descriptions] /camera_nodelet_manager http://pc:41703/
[rosmaster.master][INFO] 2012-12-15 18:16:21,212: +PUB [/camera/depth_registered/image_rect/compressed/parameter_updates] /camera_nodelet_manager http://pc:41703/
[rosmaster.master][INFO] 2012-12-15 18:16:21,223: +PARAM [/camera/depth_registered/image_rect/compressed/format] by /camera_nodelet_manager
[rosmaster.master][INFO] 2012-12-15 18:16:21,225: +PARAM [/camera/depth_registered/image_rect/compressed/jpeg_quality] by /camera_nodelet_manager
[rosmaster.master][INFO] 2012-12-15 18:16:21,228: +PARAM [/camera/depth_registered/image_rect/compressed/png_level] by /camera_nodelet_manager
[rosmaster.master][INFO] 2012-12-15 18:16:21,231: +PUB [/camera/depth_registered/image_rect] /camera_nodelet_manager http://pc:41703/
[rosmaster.master][INFO] 2012-12-15 18:16:21,233: +PUB [/camera/depth_registered/image_rect/theora] /camera_nodelet_manager http://pc:41703/
[rosmaster.master][INFO] 2012-12-15 18:16:21,236: +SERVICE [/camera/depth_registered/image_rect/theora/set_parameters] /camera_nodelet_manager http://pc:41703/
[rosmaster.master][INFO] 2012-12-15 18:16:21,239: +PUB [/camera/depth_registered/image_rect/theora/parameter_descriptions] /camera_nodelet_manager http://pc:41703/
[rosmaster.master][INFO] 2012-12-15 18:16:21,242: +PUB [/camera/depth_registered/image_rect/theora/parameter_updates] /camera_nodelet_manager http://pc:41703/
[rosmaster.master][INFO] 2012-12-15 18:16:21,252: +PARAM [/camera/depth_registered/image_rect/theora/optimize_for] by /camera_nodelet_manager
[rosmaster.master][INFO] 2012-12-15 18:16:21,254: +PARAM [/camera/depth_registered/image_rect/theora/target_bitrate] by /camera_nodelet_manager
[rosmaster.master][INFO] 2012-12-15 18:16:21,257: +PARAM [/camera/depth_registered/image_rect/theora/quality] by /camera_nodelet_manager
[rosmaster.master][INFO] 2012-12-15 18:16:21,260: +PARAM [/camera/depth_registered/image_rect/theora/keyframe_frequency] by /camera_nodelet_manager
[rosmaster.master][INFO] 2012-12-15 18:16:21,274: publisherUpdate[/camera/depth_registered/image_rect] -> http://pc:52778/
[rosmaster.master][INFO] 2012-12-15 18:16:21,309: +SUB [/camera/depth_registered/image_rect_raw] /camera_nodelet_manager http://pc:41703/
[rosmaster.master][INFO] 2012-12-15 18:16:21,311: +SUB [/camera/depth_registered/image_raw] /camera_nodelet_manager http://pc:41703/
[rosmaster.master][INFO] 2012-12-15 18:16:21,312: +SUB [/camera/depth_registered/camera_info] /camera_nodelet_manager http://pc:41703/
[rosmaster.master][INFO] 2012-12-15 18:16:21,547: +SUB [/tf] /camera_nodelet_manager http://pc:41703/
[rosmaster.master][INFO] 2012-12-15 18:16:21,551: +SERVICE [/camera_nodelet_manager/tf_frames] /camera_nodelet_manager http://pc:41703/
[rosmaster.master][INFO] 2012-12-15 18:16:21,864: +PARAM [/camera/depth_registered/image_rect_raw/compressed/format] by /camera_nodelet_manager
[rosmaster.master][INFO] 2012-12-15 18:16:21,865: +PARAM [/camera/depth_registered/image_rect_raw/compressed/jpeg_quality] by /camera_nodelet_manager
[rosmaster.master][INFO] 2012-12-15 18:16:21,866: +PARAM [/camera/depth_registered/image_rect_raw/compressed/png_level] by /camera_nodelet_manager
[rosmaster.master][INFO] 2012-12-15 18:16:21,873: +PARAM [/camera/depth_registered/image_rect_raw/theora/optimize_for] by /camera_nodelet_manager
[rosmaster.master][INFO] 2012-12-15 18:16:21,874: +PARAM [/camera/depth_registered/image_rect_raw/theora/target_bitrate] by /camera_nodelet_manager
[rosmaster.master][INFO] 2012-12-15 18:16:21,875: +PARAM [/camera/depth_registered/image_rect_raw/theora/quality] by /camera_nodelet_manager
[rosmaster.master][INFO] 2012-12-15 18:16:21,876: +PARAM [/camera/depth_registered/image_rect_raw/theora/keyframe_frequency] by /camera_nodelet_manager
[rosmaster.master][INFO] 2012-12-15 18:16:21,877: +PUB [/camera/depth_registered/camera_info] /camera_nodelet_manager http://pc:41703/
[rosmaster.master][INFO] 2012-12-15 18:16:21,877: publisherUpdate[/camera/depth_registered/camera_info] -> http://pc:41703/
[rosmaster.master][INFO] 2012-12-15 18:16:21,881: +SUB [/camera/depth/image_rect_raw] /camera_nodelet_manager http://pc:41703/
[rosmaster.master][INFO] 2012-12-15 18:16:21,883: +SUB [/camera/depth/camera_info] /camera_nodelet_manager http://pc:41703/
[rosmaster.master][INFO] 2012-12-15 18:16:21,885: +SUB [/camera/rgb/camera_info] /camera_nodelet_manager http://pc:41703/
[rosmaster.master][INFO] 2012-12-15 18:16:21,887: +SUB [/camera/depth/image_raw] /camera_nodelet_manager http://pc:41703/
[rosmaster.master][INFO] 2012-12-15 18:16:22,058: +SERVICE [/camera/driver/set_parameters] /camera_nodelet_manager http://pc:41703/
[rosmaster.master][INFO] 2012-12-15 18:16:22,059: +PUB [/camera/driver/parameter_descriptions] /camera_nodelet_manager http://pc:41703/
[rosmaster.master][INFO] 2012-12-15 18:16:22,061: +PUB [/camera/driver/parameter_updates] /camera_nodelet_manager http://pc:41703/
[rosmaster.master][INFO] 2012-12-15 18:16:22,074: +PARAM [/camera/driver/image_mode] by /camera_nodelet_manager
[rosmaster.master][INFO] 2012-12-15 18:16:22,075: +PARAM [/camera/driver/depth_mode] by /camera_nodelet_manager
[rosmaster.master][INFO] 2012-12-15 18:16:22,077: +PARAM [/camera/driver/depth_registration] by /camera_nodelet_manager
[rosmaster.master][INFO] 2012-12-15 18:16:22,078: +PARAM [/camera/driver/data_skip] by /camera_nodelet_manager
[rosmaster.master][INFO] 2012-12-15 18:16:22,079: +PARAM [/camera/driver/depth_time_offset] by /camera_nodelet_manager
[rosmaster.master][INFO] 2012-12-15 18:16:22,080: +PARAM [/camera/driver/image_time_offset] by /camera_nodelet_manager
[rosmaster.master][INFO] 2012-12-15 18:16:22,081: +PARAM [/camera/driver/depth_ir_offset_x] by /camera_nodelet_manager
[rosmaster.master][INFO] 2012-12-15 18:16:22,082: +PARAM [/camera/driver/depth_ir_offset_y] by /camera_nodelet_manager
[rosmaster.master][INFO] 2012-12-15 18:16:22,083: +PARAM [/camera/driver/z_offset_mm] by /camera_nodelet_manager
[rosmaster.master][INFO] 2012-12-15 18:16:22,092: +SERVICE [/camera/rgb/set_camera_info] /camera_nodelet_manager http://pc:41703/
[rosmaster.master][INFO] 2012-12-15 18:16:22,094: +SERVICE [/camera/ir/set_camera_info] /camera_nodelet_manager http://pc:41703/
[rosmaster.master][INFO] 2012-12-15 18:16:22,096: +PUB [/camera/rgb/image_raw/compressed] /camera_nodelet_manager http://pc:41703/
[rosmaster.master][INFO] 2012-12-15 18:16:22,097: +SERVICE [/camera/rgb/image_raw/compressed/set_parameters] /camera_nodelet_manager http://pc:41703/
[rosmaster.master][INFO] 2012-12-15 18:16:22,098: +PUB [/camera/rgb/image_raw/compressed/parameter_descriptions] /camera_nodelet_manager http://pc:41703/
[rosmaster.master][INFO] 2012-12-15 18:16:22,099: +PUB [/camera/rgb/image_raw/compressed/parameter_updates] /camera_nodelet_manager http://pc:41703/
[rosmaster.master][INFO] 2012-12-15 18:16:22,103: +PARAM [/camera/rgb/image_raw/compressed/format] by /camera_nodelet_manager
[rosmaster.master][INFO] 2012-12-15 18:16:22,105: +PARAM [/camera/rgb/image_raw/compressed/jpeg_quality] by /camera_nodelet_manager
[rosmaster.master][INFO] 2012-12-15 18:16:22,106: +PARAM [/camera/rgb/image_raw/compressed/png_level] by /camera_nodelet_manager
[rosmaster.master][INFO] 2012-12-15 18:16:22,108: +PUB [/camera/rgb/image_raw] /camera_nodelet_manager http://pc:41703/
[rosmaster.master][INFO] 2012-12-15 18:16:22,109: +PUB [/camera/rgb/image_raw/theora] /camera_nodelet_manager http://pc:41703/
[rosmaster.master][INFO] 2012-12-15 18:16:22,111: +SERVICE [/camera/rgb/image_raw/theora/set_parameters] /camera_nodelet_manager http://pc:41703/
[rosmaster.master][INFO] 2012-12-15 18:16:22,112: +PUB [/camera/rgb/image_raw/theora/parameter_descriptions] /camera_nodelet_manager http://pc:41703/
[rosmaster.master][INFO] 2012-12-15 18:16:22,113: +PUB [/camera/rgb/image_raw/theora/parameter_updates] /camera_nodelet_manager http://pc:41703/
[rosmaster.master][INFO] 2012-12-15 18:16:22,120: +PARAM [/camera/rgb/image_raw/theora/optimize_for] by /camera_nodelet_manager
[rosmaster.master][INFO] 2012-12-15 18:16:22,122: +PARAM [/camera/rgb/image_raw/theora/target_bitrate] by /camera_nodelet_manager
[rosmaster.master][INFO] 2012-12-15 18:16:22,123: +PARAM [/camera/rgb/image_raw/theora/quality] by /camera_nodelet_manager
[rosmaster.master][INFO] 2012-12-15 18:16:22,124: +PARAM [/camera/rgb/image_raw/theora/keyframe_frequency] by /camera_nodelet_manager
[rosmaster.master][INFO] 2012-12-15 18:16:22,127: +PUB [/camera/rgb/camera_info] /camera_nodelet_manager http://pc:41703/
[rosmaster.master][INFO] 2012-12-15 18:16:22,129: +PUB [/camera/ir/image_raw/compressed] /camera_nodelet_manager http://pc:41703/
[rosmaster.master][INFO] 2012-12-15 18:16:22,130: +SERVICE [/camera/ir/image_raw/compressed/set_parameters] /camera_nodelet_manager http://pc:41703/
[rosmaster.master][INFO] 2012-12-15 18:16:22,132: +PUB [/camera/ir/image_raw/compressed/parameter_descriptions] /camera_nodelet_manager http://pc:41703/
[rosmaster.master][INFO] 2012-12-15 18:16:22,134: +PUB [/camera/ir/image_raw/compressed/parameter_updates] /camera_nodelet_manager http://pc:41703/
[rosmaster.master][INFO] 2012-12-15 18:16:22,138: +PARAM [/camera/ir/image_raw/compressed/format] by /camera_nodelet_manager
[rosmaster.master][INFO] 2012-12-15 18:16:22,139: +PARAM [/camera/ir/image_raw/compressed/jpeg_quality] by /camera_nodelet_manager
[rosmaster.master][INFO] 2012-12-15 18:16:22,141: +PARAM [/camera/ir/image_raw/compressed/png_level] by /camera_nodelet_manager
[rosmaster.master][INFO] 2012-12-15 18:16:22,142: +PUB [/camera/ir/image_raw] /camera_nodelet_manager http://pc:41703/
[rosmaster.master][INFO] 2012-12-15 18:16:22,143: +PUB [/camera/ir/image_raw/theora] /camera_nodelet_manager http://pc:41703/
[rosmaster.master][INFO] 2012-12-15 18:16:22,144: +SERVICE [/camera/ir/image_raw/theora/set_parameters] /camera_nodelet_manager http://pc:41703/
[rosmaster.master][INFO] 2012-12-15 18:16:22,145: +PUB [/camera/ir/image_raw/theora/parameter_descriptions] /camera_nodelet_manager http://pc:41703/
[rosmaster.master][INFO] 2012-12-15 18:16:22,147: +PUB [/camera/ir/image_raw/theora/parameter_updates] /camera_nodelet_manager http://pc:41703/
[rosmaster.master][INFO] 2012-12-15 18:16:22,151: +PARAM [/camera/ir/image_raw/theora/optimize_for] by /camera_nodelet_manager
[rosmaster.master][INFO] 2012-12-15 18:16:22,152: +PARAM [/camera/ir/image_raw/theora/target_bitrate] by /camera_nodelet_manager
[rosmaster.master][INFO] 2012-12-15 18:16:22,153: +PARAM [/camera/ir/image_raw/theora/quality] by /camera_nodelet_manager
[rosmaster.master][INFO] 2012-12-15 18:16:22,154: +PARAM [/camera/ir/image_raw/theora/keyframe_frequency] by /camera_nodelet_manager
[rosmaster.master][INFO] 2012-12-15 18:16:22,155: +PUB [/camera/ir/camera_info] /camera_nodelet_manager http://pc:41703/
[rosmaster.master][INFO] 2012-12-15 18:16:22,156: +PUB [/camera/depth/image_raw/compressed] /camera_nodelet_manager http://pc:41703/
[rosmaster.master][INFO] 2012-12-15 18:16:22,158: +SERVICE [/camera/depth/image_raw/compressed/set_parameters] /camera_nodelet_manager http://pc:41703/
[rosmaster.master][INFO] 2012-12-15 18:16:22,160: +SERVICE [/camera/rgb/rectify_color/set_parameters] /camera_nodelet_manager http://pc:41703/
[rosmaster.master][INFO] 2012-12-15 18:16:22,161: +PUB [/camera/depth/image_raw/compressed/parameter_descriptions] /camera_nodelet_manager http://pc:41703/
[rosmaster.master][INFO] 2012-12-15 18:16:22,163: +PUB [/camera/rgb/rectify_color/parameter_descriptions] /camera_nodelet_manager http://pc:41703/
[rosmaster.master][INFO] 2012-12-15 18:16:22,164: +PUB [/camera/depth/image_raw/compressed/parameter_updates] /camera_nodelet_manager http://pc:41703/
[rosmaster.master][INFO] 2012-12-15 18:16:22,166: +PUB [/camera/rgb/rectify_color/parameter_updates] /camera_nodelet_manager http://pc:41703/
[rosmaster.master][INFO] 2012-12-15 18:16:22,170: +PARAM [/camera/rgb/rectify_color/interpolation] by /camera_nodelet_manager
[rosmaster.master][INFO] 2012-12-15 18:16:22,173: +PUB [/camera/rgb/image_rect_color/compressed] /camera_nodelet_manager http://pc:41703/
[rosmaster.master][INFO] 2012-12-15 18:16:22,175: +PARAM [/camera/depth/image_raw/compressed/format] by /camera_nodelet_manager
[rosmaster.master][INFO] 2012-12-15 18:16:22,175: publisherUpdate[/camera/rgb/camera_info] -> http://pc:41703/
[rosmaster.master][INFO] 2012-12-15 18:16:22,179: +SERVICE [/camera/rgb/image_rect_color/compressed/set_parameters] /camera_nodelet_manager http://pc:41703/
[rosmaster.master][INFO] 2012-12-15 18:16:22,180: +PARAM [/camera/depth/image_raw/compressed/jpeg_quality] by /camera_nodelet_manager
[rosmaster.master][INFO] 2012-12-15 18:16:22,183: +PUB [/camera/rgb/image_rect_color/compressed/parameter_descriptions] /camera_nodelet_manager http://pc:41703/
[rosmaster.master][INFO] 2012-12-15 18:16:22,185: +PARAM [/camera/depth/image_raw/compressed/png_level] by /camera_nodelet_manager
[rosmaster.master][INFO] 2012-12-15 18:16:22,187: +PUB [/camera/rgb/image_rect_color/compressed/parameter_updates] /camera_nodelet_manager http://pc:41703/
[rosmaster.master][INFO] 2012-12-15 18:16:22,190: +PUB [/camera/depth/image_raw] /camera_nodelet_manager http://pc:41703/
[rosmaster.master][INFO] 2012-12-15 18:16:22,194: +PUB [/camera/depth/image_raw/theora] /camera_nodelet_manager http://pc:41703/
[rosmaster.master][INFO] 2012-12-15 18:16:22,198: +SERVICE [/camera/depth/image_raw/theora/set_parameters] /camera_nodelet_manager http://pc:41703/
[rosmaster.master][INFO] 2012-12-15 18:16:22,203: +PUB [/camera/depth/image_raw/theora/parameter_descriptions] /camera_nodelet_manager http://pc:41703/
[rosmaster.master][INFO] 2012-12-15 18:16:22,204: +PARAM [/camera/rgb/image_rect_color/compressed/format] by /camera_nodelet_manager
[rosmaster.master][INFO] 2012-12-15 18:16:22,207: +PUB [/camera/depth/image_raw/theora/parameter_updates] /camera_nodelet_manager http://pc:41703/
[rosmaster.master][INFO] 2012-12-15 18:16:22,209: +PARAM [/camera/rgb/image_rect_color/compressed/jpeg_quality] by /camera_nodelet_manager
[rosmaster.master][INFO] 2012-12-15 18:16:22,213: +PARAM [/camera/rgb/image_rect_color/compressed/png_level] by /camera_nodelet_manager
[rosmaster.master][INFO] 2012-12-15 18:16:22,218: +PUB [/camera/rgb/image_rect_color] /camera_nodelet_manager http://pc:41703/
[rosmaster.master][INFO] 2012-12-15 18:16:22,222: +PUB [/camera/rgb/image_rect_color/theora] /camera_nodelet_manager http://pc:41703/
[rosmaster.master][INFO] 2012-12-15 18:16:22,227: +SERVICE [/camera/rgb/image_rect_color/theora/set_parameters] /camera_nodelet_manager http://pc:41703/
[rosmaster.master][INFO] 2012-12-15 18:16:22,230: +PARAM [/camera/depth/image_raw/theora/optimize_for] by /camera_nodelet_manager
[rosmaster.master][INFO] 2012-12-15 18:16:22,232: +PUB [/camera/rgb/image_rect_color/theora/parameter_descriptions] /camera_nodelet_manager http://pc:41703/
[rosmaster.master][INFO] 2012-12-15 18:16:22,234: +PARAM [/camera/depth/image_raw/theora/target_bitrate] by /camera_nodelet_manager
[rosmaster.master][INFO] 2012-12-15 18:16:22,236: +PUB [/camera/rgb/image_rect_color/theora/parameter_updates] /camera_nodelet_manager http://pc:41703/
[rosmaster.master][INFO] 2012-12-15 18:16:22,239: +PARAM [/camera/depth/image_raw/theora/quality] by /camera_nodelet_manager
[rosmaster.master][INFO] 2012-12-15 18:16:22,243: +PARAM [/camera/depth/image_raw/theora/keyframe_frequency] by /camera_nodelet_manager
[rosmaster.master][INFO] 2012-12-15 18:16:22,247: +PUB [/camera/depth/camera_info] /camera_nodelet_manager http://pc:41703/
[rosmaster.master][INFO] 2012-12-15 18:16:22,253: +PUB [/camera/projector/camera_info] /camera_nodelet_manager http://pc:41703/
[rosmaster.master][INFO] 2012-12-15 18:16:22,255: +PARAM [/camera/rgb/image_rect_color/theora/optimize_for] by /camera_nodelet_manager
[rosmaster.master][INFO] 2012-12-15 18:16:22,259: +PUB [/camera/depth_registered/image_raw/compressed] /camera_nodelet_manager http://pc:41703/
[rosmaster.master][INFO] 2012-12-15 18:16:22,262: +PARAM [/camera/rgb/image_rect_color/theora/target_bitrate] by /camera_nodelet_manager
[rosmaster.master][INFO] 2012-12-15 18:16:22,264: +SERVICE [/camera/depth_registered/image_raw/compressed/set_parameters] /camera_nodelet_manager http://pc:41703/
[rosmaster.master][INFO] 2012-12-15 18:16:22,267: +PARAM [/camera/rgb/image_rect_color/theora/quality] by /camera_nodelet_manager
[rosmaster.master][INFO] 2012-12-15 18:16:22,269: +PUB [/camera/depth_registered/image_raw/compressed/parameter_descriptions] /camera_nodelet_manager http://pc:41703/
[rosmaster.master][INFO] 2012-12-15 18:16:22,274: +PARAM [/camera/rgb/image_rect_color/theora/keyframe_frequency] by /camera_nodelet_manager
[rosmaster.master][INFO] 2012-12-15 18:16:22,277: +PUB [/camera/depth_registered/image_raw/compressed/parameter_updates] /camera_nodelet_manager http://pc:41703/
[rosmaster.master][INFO] 2012-12-15 18:16:22,277: publisherUpdate[/camera/depth/image_raw] -> http://pc:41703/
[rosmaster.master][INFO] 2012-12-15 18:16:22,278: publisherUpdate[/camera/rgb/image_rect_color] -> http://pc:52778/
[rosmaster.master][INFO] 2012-12-15 18:16:22,281: publisherUpdate[/camera/depth/camera_info] -> http://pc:41703/
[rosmaster.master][INFO] 2012-12-15 18:16:22,287: +SUB [/camera/driver/parameter_updates] /set_dr http://pc:54396/
[rosmaster.master][INFO] 2012-12-15 18:16:22,292: +SUB [/camera/driver/parameter_descriptions] /set_dr http://pc:54396/
[rosmaster.master][INFO] 2012-12-15 18:16:22,295: +PARAM [/camera/depth_registered/image_raw/compressed/format] by /camera_nodelet_manager
[rosmaster.master][INFO] 2012-12-15 18:16:22,296: +PARAM [/camera/depth_registered/image_raw/compressed/jpeg_quality] by /camera_nodelet_manager
[rosmaster.master][INFO] 2012-12-15 18:16:22,298: +PARAM [/camera/depth_registered/image_raw/compressed/png_level] by /camera_nodelet_manager
[rosmaster.master][INFO] 2012-12-15 18:16:22,300: +PUB [/camera/depth_registered/image_raw] /camera_nodelet_manager http://pc:41703/
[rosmaster.master][INFO] 2012-12-15 18:16:22,302: +PUB [/camera/depth_registered/image_raw/theora] /camera_nodelet_manager http://pc:41703/
[rosmaster.master][INFO] 2012-12-15 18:16:22,304: +SERVICE [/camera/depth_registered/image_raw/theora/set_parameters] /camera_nodelet_manager http://pc:41703/
[rosmaster.master][INFO] 2012-12-15 18:16:22,305: +PUB [/camera/depth_registered/image_raw/theora/parameter_descriptions] /camera_nodelet_manager http://pc:41703/
[rosmaster.master][INFO] 2012-12-15 18:16:22,307: +SUB [/camera/rgb/image_color] /camera_nodelet_manager http://pc:41703/
[rosmaster.master][INFO] 2012-12-15 18:16:22,308: +PUB [/camera/depth_registered/image_raw/theora/parameter_updates] /camera_nodelet_manager http://pc:41703/
[rosmaster.master][INFO] 2012-12-15 18:16:22,311: +SUB [/camera/rgb/image_raw] /camera_nodelet_manager http://pc:41703/
[rosmaster.master][INFO] 2012-12-15 18:16:22,314: +PARAM [/camera/depth_registered/image_raw/theora/optimize_for] by /camera_nodelet_manager
[rosmaster.master][INFO] 2012-12-15 18:16:22,316: +PARAM [/camera/depth_registered/image_raw/theora/target_bitrate] by /camera_nodelet_manager
[rosmaster.master][INFO] 2012-12-15 18:16:22,316: +PARAM [/camera/depth_registered/image_raw/theora/quality] by /camera_nodelet_manager
[rosmaster.master][INFO] 2012-12-15 18:16:22,317: +PARAM [/camera/depth_registered/image_raw/theora/keyframe_frequency] by /camera_nodelet_manager
[rosmaster.master][INFO] 2012-12-15 18:16:22,382: publisherUpdate[/camera/depth_registered/image_raw] -> http://pc:41703/
[rosmaster.master][INFO] 2012-12-15 18:16:22,584: +PUB [/camera/depth/disparity] /camera_nodelet_manager http://pc:41703/
[rosmaster.master][INFO] 2012-12-15 18:16:22,845: +PUB [/camera/depth/image_rect/compressed] /camera_nodelet_manager http://pc:41703/
[rosmaster.master][INFO] 2012-12-15 18:16:22,848: +SERVICE [/camera/depth/image_rect/compressed/set_parameters] /camera_nodelet_manager http://pc:41703/
[rosmaster.master][INFO] 2012-12-15 18:16:22,850: +PUB [/camera/depth/image_rect/compressed/parameter_descriptions] /camera_nodelet_manager http://pc:41703/
[rosmaster.master][INFO] 2012-12-15 18:16:22,852: +PUB [/camera/depth/image_rect/compressed/parameter_updates] /camera_nodelet_manager http://pc:41703/
[rosmaster.master][INFO] 2012-12-15 18:16:22,858: +PARAM [/camera/depth/image_rect/compressed/format] by /camera_nodelet_manager
[rosmaster.master][INFO] 2012-12-15 18:16:22,859: +PARAM [/camera/depth/image_rect/compressed/jpeg_quality] by /camera_nodelet_manager
[rosmaster.master][INFO] 2012-12-15 18:16:22,862: +PARAM [/camera/depth/image_rect/compressed/png_level] by /camera_nodelet_manager
[rosmaster.master][INFO] 2012-12-15 18:16:22,865: +PUB [/camera/depth/image_rect] /camera_nodelet_manager http://pc:41703/
[rosmaster.master][INFO] 2012-12-15 18:16:22,867: +PUB [/camera/depth/image_rect/theora] /camera_nodelet_manager http://pc:41703/
[rosmaster.master][INFO] 2012-12-15 18:16:22,870: +SERVICE [/camera/depth/image_rect/theora/set_parameters] /camera_nodelet_manager http://pc:41703/
[rosmaster.master][INFO] 2012-12-15 18:16:22,872: +PUB [/camera/depth/image_rect/theora/parameter_descriptions] /camera_nodelet_manager http://pc:41703/
[rosmaster.master][INFO] 2012-12-15 18:16:22,875: +PUB [/camera/depth/image_rect/theora/parameter_updates] /camera_nodelet_manager http://pc:41703/
[rosmaster.master][INFO] 2012-12-15 18:16:22,885: +PARAM [/camera/depth/image_rect/theora/optimize_for] by /camera_nodelet_manager
[rosmaster.master][INFO] 2012-12-15 18:16:22,888: +PARAM [/camera/depth/image_rect/theora/target_bitrate] by /camera_nodelet_manager
[rosmaster.master][INFO] 2012-12-15 18:16:22,891: +PARAM [/camera/depth/image_rect/theora/quality] by /camera_nodelet_manager
[rosmaster.master][INFO] 2012-12-15 18:16:22,893: +PARAM [/camera/depth/image_rect/theora/keyframe_frequency] by /camera_nodelet_manager
[rosmaster.master][INFO] 2012-12-15 18:16:23,187: +PUB [/camera/depth_registered/image/compressed] /camera_nodelet_manager http://pc:41703/
[rosmaster.master][INFO] 2012-12-15 18:16:23,190: +SERVICE [/camera/depth_registered/image/compressed/set_parameters] /camera_nodelet_manager http://pc:41703/
[rosmaster.master][INFO] 2012-12-15 18:16:23,192: +PUB [/camera/depth_registered/image/compressed/parameter_descriptions] /camera_nodelet_manager http://pc:41703/
[rosmaster.master][INFO] 2012-12-15 18:16:23,194: +PUB [/camera/depth_registered/image/compressed/parameter_updates] /camera_nodelet_manager http://pc:41703/
[rosmaster.master][INFO] 2012-12-15 18:16:23,202: +PARAM [/camera/depth_registered/image/compressed/format] by /camera_nodelet_manager
[rosmaster.master][INFO] 2012-12-15 18:16:23,204: +PARAM [/camera/depth_registered/image/compressed/jpeg_quality] by /camera_nodelet_manager
[rosmaster.master][INFO] 2012-12-15 18:16:23,206: +PARAM [/camera/depth_registered/image/compressed/png_level] by /camera_nodelet_manager
[rosmaster.master][INFO] 2012-12-15 18:16:23,209: +PUB [/camera/depth_registered/image] /camera_nodelet_manager http://pc:41703/
[rosmaster.master][INFO] 2012-12-15 18:16:23,212: +PUB [/camera/depth_registered/image/theora] /camera_nodelet_manager http://pc:41703/
[rosmaster.master][INFO] 2012-12-15 18:16:23,215: +SERVICE [/camera/depth_registered/image/theora/set_parameters] /camera_nodelet_manager http://pc:41703/
[rosmaster.master][INFO] 2012-12-15 18:16:23,218: +PUB [/camera/depth_registered/image/theora/parameter_descriptions] /camera_nodelet_manager http://pc:41703/
[rosmaster.master][INFO] 2012-12-15 18:16:23,221: +PUB [/camera/depth_registered/image/theora/parameter_updates] /camera_nodelet_manager http://pc:41703/
[rosmaster.master][INFO] 2012-12-15 18:16:23,232: +PARAM [/camera/depth_registered/image/theora/optimize_for] by /camera_nodelet_manager
[rosmaster.master][INFO] 2012-12-15 18:16:23,234: +PARAM [/camera/depth_registered/image/theora/target_bitrate] by /camera_nodelet_manager
[rosmaster.master][INFO] 2012-12-15 18:16:23,236: +PARAM [/camera/depth_registered/image/theora/quality] by /camera_nodelet_manager
[rosmaster.master][INFO] 2012-12-15 18:16:23,239: +PARAM [/camera/depth_registered/image/theora/keyframe_frequency] by /camera_nodelet_manager
[rosmaster.master][INFO] 2012-12-15 18:16:26,166: +PARAM [/camera/driver/image_mode] by /camera_nodelet_manager
[rosmaster.master][INFO] 2012-12-15 18:16:26,168: +PARAM [/camera/driver/depth_mode] by /camera_nodelet_manager
[rosmaster.master][INFO] 2012-12-15 18:16:26,170: +PARAM [/camera/driver/depth_registration] by /camera_nodelet_manager
[rosmaster.master][INFO] 2012-12-15 18:16:26,172: +PARAM [/camera/driver/data_skip] by /camera_nodelet_manager
[rosmaster.master][INFO] 2012-12-15 18:16:26,175: +PARAM [/camera/driver/depth_time_offset] by /camera_nodelet_manager
[rosmaster.master][INFO] 2012-12-15 18:16:26,178: +PARAM [/camera/driver/image_time_offset] by /camera_nodelet_manager
[rosmaster.master][INFO] 2012-12-15 18:16:26,183: +PARAM [/camera/driver/depth_ir_offset_x] by /camera_nodelet_manager
[rosmaster.master][INFO] 2012-12-15 18:16:26,184: +PARAM [/camera/driver/depth_ir_offset_y] by /camera_nodelet_manager
[rosmaster.master][INFO] 2012-12-15 18:16:26,186: +PARAM [/camera/driver/z_offset_mm] by /camera_nodelet_manager
[rosmaster.master][INFO] 2012-12-15 18:16:26,188: -SUB [/camera/driver/parameter_updates] /set_dr http://pc:54396/
[rosmaster.master][INFO] 2012-12-15 18:16:26,189: -SUB [/camera/driver/parameter_descriptions] /set_dr http://pc:54396/
[rosmaster.master][INFO] 2012-12-15 18:16:26,189: -PUB [/rosout] /set_dr http://pc:54396/
[rosmaster.master][INFO] 2012-12-15 18:16:26,193: publisherUpdate[/rosout] -> http://pc:36976/
[rosmaster.master][INFO] 2012-12-15 18:16:29,459: -SUB [/camera/depth_registered/image_rect] /depth_detection http://pc:52778/
[rosmaster.master][INFO] 2012-12-15 18:16:29,460: -SUB [/camera/rgb/image_rect_color] /depth_detection http://pc:52778/
[rosmaster.master][INFO] 2012-12-15 18:16:29,460: -PUB [/rosout] /depth_detection http://pc:52778/
[rosmaster.master][INFO] 2012-12-15 18:16:29,465: -SUB [/camera/depth_registered/image_rect_raw] /camera_nodelet_manager http://pc:41703/
[rosmaster.master][INFO] 2012-12-15 18:16:29,466: -PUB [/camera/depth_registered/disparity] /camera_nodelet_manager http://pc:41703/
[rosmaster.master][INFO] 2012-12-15 18:16:29,471: -SUB [/camera/depth_registered/image_raw] /camera_nodelet_manager http://pc:41703/
[rosmaster.master][INFO] 2012-12-15 18:16:29,477: -SUB [/camera/depth_registered/camera_info] /camera_nodelet_manager http://pc:41703/
[rosmaster.master][INFO] 2012-12-15 18:16:29,480: -PUB [/camera/depth/disparity] /camera_nodelet_manager http://pc:41703/
[rosmaster.master][INFO] 2012-12-15 18:16:29,483: -SUB [/camera/depth/image_rect_raw] /camera_nodelet_manager http://pc:41703/
[rosmaster.master][INFO] 2012-12-15 18:16:29,485: -PUB [/camera/depth_registered/points] /camera_nodelet_manager http://pc:41703/
[rosmaster.master][INFO] 2012-12-15 18:16:29,487: -SUB [/camera/depth/image_raw] /camera_nodelet_manager http://pc:41703/
[rosmaster.master][INFO] 2012-12-15 18:16:29,489: -SUB [/camera/depth/camera_info] /camera_nodelet_manager http://pc:41703/
[rosmaster.master][INFO] 2012-12-15 18:16:29,490: -SUB [/camera/rgb/image_color] /camera_nodelet_manager http://pc:41703/
[rosmaster.master][INFO] 2012-12-15 18:16:29,491: -SUB [/camera/rgb/camera_info] /camera_nodelet_manager http://pc:41703/
[rosmaster.master][INFO] 2012-12-15 18:16:29,492: -SUB [/camera/rgb/image_raw] /camera_nodelet_manager http://pc:41703/
[rosmaster.master][INFO] 2012-12-15 18:16:29,496: publisherUpdate[/rosout] -> http://pc:36976/
[rosmaster.master][INFO] 2012-12-15 18:16:29,572: -PUB [/rosout] /camera/depth_registered/metric http://pc:37552/
[rosmaster.master][INFO] 2012-12-15 18:16:29,574: -SERVICE [/camera/depth_registered/metric/get_loggers] /camera/depth_registered/metric rosrpc://pc:59026
[rosmaster.master][INFO] 2012-12-15 18:16:29,575: -SERVICE [/camera/depth_registered/metric/set_logger_level] /camera/depth_registered/metric rosrpc://pc:59026
[rosmaster.master][INFO] 2012-12-15 18:16:29,585: -PUB [/rosout] /camera/disparity_depth_registered http://pc:54633/
[rosmaster.master][INFO] 2012-12-15 18:16:29,587: -PUB [/rosout] /camera/depth_registered/metric_rect http://pc:34997/
[rosmaster.master][INFO] 2012-12-15 18:16:29,588: -PUB [/rosout] /camera/disparity_depth http://pc:37403/
[rosmaster.master][INFO] 2012-12-15 18:16:29,589: -SERVICE [/camera/disparity_depth_registered/get_loggers] /camera/disparity_depth_registered rosrpc://pc:46467
[rosmaster.master][INFO] 2012-12-15 18:16:29,590: -SERVICE [/camera/depth_registered/metric_rect/get_loggers] /camera/depth_registered/metric_rect rosrpc://pc:38398
[rosmaster.master][INFO] 2012-12-15 18:16:29,591: -SERVICE [/camera/disparity_depth/get_loggers] /camera/disparity_depth rosrpc://pc:56959
[rosmaster.master][INFO] 2012-12-15 18:16:29,592: -SERVICE [/camera/disparity_depth_registered/set_logger_level] /camera/disparity_depth_registered rosrpc://pc:46467
[rosmaster.master][INFO] 2012-12-15 18:16:29,592: -SERVICE [/camera/depth_registered/metric_rect/set_logger_level] /camera/depth_registered/metric_rect rosrpc://pc:38398
[rosmaster.master][INFO] 2012-12-15 18:16:29,593: -SERVICE [/camera/disparity_depth/set_logger_level] /camera/disparity_depth rosrpc://pc:56959
[rosmaster.master][INFO] 2012-12-15 18:16:29,598: publisherUpdate[/rosout] -> http://pc:36976/
[rosmaster.master][INFO] 2012-12-15 18:16:29,600: publisherUpdate[/rosout] -> http://pc:36976/
[rosmaster.master][INFO] 2012-12-15 18:16:29,601: publisherUpdate[/rosout] -> http://pc:36976/
[rosmaster.master][INFO] 2012-12-15 18:16:29,603: publisherUpdate[/rosout] -> http://pc:36976/
[rosmaster.master][INFO] 2012-12-15 18:16:29,618: -PUB [/rosout] /camera_base_link1 http://pc:60259/
[rosmaster.master][INFO] 2012-12-15 18:16:29,619: -PUB [/tf] /camera_base_link1 http://pc:60259/
[rosmaster.master][INFO] 2012-12-15 18:16:29,621: -SERVICE [/camera_base_link1/get_loggers] /camera_base_link1 rosrpc://pc:47755
[rosmaster.master][INFO] 2012-12-15 18:16:29,622: -SERVICE [/camera_base_link1/set_logger_level] /camera_base_link1 rosrpc://pc:47755
[rosmaster.master][INFO] 2012-12-15 18:16:29,665: -PUB [/camera/depth_registered/rectify_depth/parameter_descriptions] /camera_nodelet_manager http://pc:41703/
[rosmaster.master][INFO] 2012-12-15 18:16:29,669: -PUB [/camera/depth_registered/rectify_depth/parameter_updates] /camera_nodelet_manager http://pc:41703/
[rosmaster.master][INFO] 2012-12-15 18:16:29,672: -PUB [/rosout] /camera/points_xyzrgb_depth_rgb http://pc:43130/
[rosmaster.master][INFO] 2012-12-15 18:16:29,674: -SERVICE [/camera/depth_registered/rectify_depth/set_parameters] /camera_nodelet_manager rosrpc://pc:36894
[rosmaster.master][INFO] 2012-12-15 18:16:29,675: -SERVICE [/camera/points_xyzrgb_depth_rgb/get_loggers] /camera/points_xyzrgb_depth_rgb rosrpc://pc:56111
[rosmaster.master][INFO] 2012-12-15 18:16:29,676: -SERVICE [/camera/points_xyzrgb_depth_rgb/set_logger_level] /camera/points_xyzrgb_depth_rgb rosrpc://pc:56111
[rosmaster.master][INFO] 2012-12-15 18:16:29,699: publisherUpdate[/rosout] -> http://pc:36976/
[rosmaster.master][INFO] 2012-12-15 18:16:29,699: publisherUpdate[/tf] -> http://pc:41703/
[rosmaster.master][INFO] 2012-12-15 18:16:29,701: publisherUpdate[/rosout] -> http://pc:36976/
[rosmaster.master][INFO] 2012-12-15 18:16:29,719: -PUB [/rosout] /camera_base_link3 http://pc:48773/
[rosmaster.master][INFO] 2012-12-15 18:16:29,720: -PUB [/rosout] /camera_base_link http://pc:60296/
[rosmaster.master][INFO] 2012-12-15 18:16:29,721: -PUB [/tf] /camera_base_link3 http://pc:48773/
[rosmaster.master][INFO] 2012-12-15 18:16:29,723: -PUB [/rosout] /camera_base_link2 http://pc:53877/
[rosmaster.master][INFO] 2012-12-15 18:16:29,725: -PUB [/tf] /camera_base_link2 http://pc:53877/
[rosmaster.master][INFO] 2012-12-15 18:16:29,726: -PUB [/tf] /camera_base_link http://pc:60296/
[rosmaster.master][INFO] 2012-12-15 18:16:29,726: -SERVICE [/camera_base_link3/get_loggers] /camera_base_link3 rosrpc://pc:58097
[rosmaster.master][INFO] 2012-12-15 18:16:29,728: -SERVICE [/camera_base_link/get_loggers] /camera_base_link rosrpc://pc:56739
[rosmaster.master][INFO] 2012-12-15 18:16:29,729: -SERVICE [/camera_base_link2/get_loggers] /camera_base_link2 rosrpc://pc:54634
[rosmaster.master][INFO] 2012-12-15 18:16:29,731: -SERVICE [/camera_base_link3/set_logger_level] /camera_base_link3 rosrpc://pc:58097
[rosmaster.master][INFO] 2012-12-15 18:16:29,732: -SERVICE [/camera_base_link/set_logger_level] /camera_base_link rosrpc://pc:56739
[rosmaster.master][INFO] 2012-12-15 18:16:29,734: -SERVICE [/camera_base_link2/set_logger_level] /camera_base_link2 rosrpc://pc:54634
[rosmaster.master][INFO] 2012-12-15 18:16:29,767: -SUB [/tf] /camera_nodelet_manager http://pc:41703/
[rosmaster.master][INFO] 2012-12-15 18:16:29,770: -SERVICE [/camera_nodelet_manager/tf_frames] /camera_nodelet_manager rosrpc://pc:36894
[rosmaster.master][INFO] 2012-12-15 18:16:29,773: -PUB [/camera/depth/points] /camera_nodelet_manager http://pc:41703/
[rosmaster.master][INFO] 2012-12-15 18:16:29,776: -PUB [/rosout] /camera/depth_registered/rectify_depth http://pc:58476/
[rosmaster.master][INFO] 2012-12-15 18:16:29,780: -SERVICE [/camera/depth_registered/rectify_depth/get_loggers] /camera/depth_registered/rectify_depth rosrpc://pc:42873
[rosmaster.master][INFO] 2012-12-15 18:16:29,782: -PUB [/camera/depth/rectify_depth/parameter_descriptions] /camera_nodelet_manager http://pc:41703/
[rosmaster.master][INFO] 2012-12-15 18:16:29,783: -SERVICE [/camera/depth_registered/rectify_depth/set_logger_level] /camera/depth_registered/rectify_depth rosrpc://pc:42873
[rosmaster.master][INFO] 2012-12-15 18:16:29,784: -PUB [/camera/depth/rectify_depth/parameter_updates] /camera_nodelet_manager http://pc:41703/
[rosmaster.master][INFO] 2012-12-15 18:16:29,786: -SERVICE [/camera/depth/rectify_depth/set_parameters] /camera_nodelet_manager rosrpc://pc:36894
[rosmaster.master][INFO] 2012-12-15 18:16:29,801: publisherUpdate[/rosout] -> http://pc:36976/
[rosmaster.master][INFO] 2012-12-15 18:16:29,803: publisherUpdate[/tf] -> http://pc:41703/
[rosmaster.master][INFO] 2012-12-15 18:16:29,804: publisherUpdate[/rosout] -> http://pc:36976/
[rosmaster.master][INFO] 2012-12-15 18:16:29,806: publisherUpdate[/tf] -> http://pc:41703/
[rosmaster.master][INFO] 2012-12-15 18:16:29,809: publisherUpdate[/tf] -> http://pc:41703/
[rosmaster.master][INFO] 2012-12-15 18:16:29,810: publisherUpdate[/rosout] -> http://pc:36976/
[rosmaster.master][INFO] 2012-12-15 18:16:29,813: publisherUpdate[/rosout] -> http://pc:36976/
[rosmaster.master][INFO] 2012-12-15 18:16:29,875: -PUB [/rosout] /camera/depth/metric_rect http://pc:38387/
[rosmaster.master][INFO] 2012-12-15 18:16:29,880: -PUB [/rosout] /camera/depth/points http://pc:33425/
[rosmaster.master][INFO] 2012-12-15 18:16:29,884: -PUB [/rosout] /camera/depth/rectify_depth http://pc:33016/
[rosmaster.master][INFO] 2012-12-15 18:16:29,893: -PUB [/rosout] /camera/register_depth_rgb http://pc:46728/
[rosmaster.master][INFO] 2012-12-15 18:16:29,898: -SERVICE [/camera/depth/metric_rect/get_loggers] /camera/depth/metric_rect rosrpc://pc:48940
[rosmaster.master][INFO] 2012-12-15 18:16:29,903: -PUB [/rosout] /camera/depth/metric http://pc:56808/
[rosmaster.master][INFO] 2012-12-15 18:16:29,903: -SERVICE [/camera/depth/points/get_loggers] /camera/depth/points rosrpc://pc:35228
[rosmaster.master][INFO] 2012-12-15 18:16:29,904: -SERVICE [/camera/depth/rectify_depth/get_loggers] /camera/depth/rectify_depth rosrpc://pc:60703
[rosmaster.master][INFO] 2012-12-15 18:16:29,906: publisherUpdate[/rosout] -> http://pc:36976/
[rosmaster.master][INFO] 2012-12-15 18:16:29,907: -PUB [/camera/rgb/rectify_mono/parameter_descriptions] /camera_nodelet_manager http://pc:41703/
[rosmaster.master][INFO] 2012-12-15 18:16:29,910: publisherUpdate[/rosout] -> http://pc:36976/
[rosmaster.master][INFO] 2012-12-15 18:16:29,911: -SERVICE [/camera/register_depth_rgb/get_loggers] /camera/register_depth_rgb rosrpc://pc:46511
[rosmaster.master][INFO] 2012-12-15 18:16:29,912: publisherUpdate[/rosout] -> http://pc:36976/
[rosmaster.master][INFO] 2012-12-15 18:16:29,912: -SERVICE [/camera/depth/metric_rect/set_logger_level] /camera/depth/metric_rect rosrpc://pc:48940
[rosmaster.master][INFO] 2012-12-15 18:16:29,915: -SERVICE [/camera/depth/metric/get_loggers] /camera/depth/metric rosrpc://pc:54747
[rosmaster.master][INFO] 2012-12-15 18:16:29,916: publisherUpdate[/rosout] -> http://pc:36976/
[rosmaster.master][INFO] 2012-12-15 18:16:29,916: -SERVICE [/camera/depth/points/set_logger_level] /camera/depth/points rosrpc://pc:35228
[rosmaster.master][INFO] 2012-12-15 18:16:29,918: publisherUpdate[/rosout] -> http://pc:36976/
[rosmaster.master][INFO] 2012-12-15 18:16:29,920: -SERVICE [/camera/depth/rectify_depth/set_logger_level] /camera/depth/rectify_depth rosrpc://pc:60703
[rosmaster.master][INFO] 2012-12-15 18:16:29,921: -PUB [/camera/rgb/rectify_mono/parameter_updates] /camera_nodelet_manager http://pc:41703/
[rosmaster.master][INFO] 2012-12-15 18:16:29,922: -SERVICE [/camera/register_depth_rgb/set_logger_level] /camera/register_depth_rgb rosrpc://pc:46511
[rosmaster.master][INFO] 2012-12-15 18:16:29,924: -SERVICE [/camera/depth/metric/set_logger_level] /camera/depth/metric rosrpc://pc:54747
[rosmaster.master][INFO] 2012-12-15 18:16:29,925: -SERVICE [/camera/rgb/rectify_mono/set_parameters] /camera_nodelet_manager rosrpc://pc:36894
[rosmaster.master][INFO] 2012-12-15 18:16:29,926: -PUB [/camera/rgb/rectify_color/parameter_descriptions] /camera_nodelet_manager http://pc:41703/
[rosmaster.master][INFO] 2012-12-15 18:16:29,928: -PUB [/camera/rgb/rectify_color/parameter_updates] /camera_nodelet_manager http://pc:41703/
[rosmaster.master][INFO] 2012-12-15 18:16:29,930: -SERVICE [/camera/rgb/rectify_color/set_parameters] /camera_nodelet_manager rosrpc://pc:36894
[rosmaster.master][INFO] 2012-12-15 18:16:29,933: -PUB [/camera/ir/rectify_ir/parameter_descriptions] /camera_nodelet_manager http://pc:41703/
[rosmaster.master][INFO] 2012-12-15 18:16:29,935: -PUB [/camera/ir/rectify_ir/parameter_updates] /camera_nodelet_manager http://pc:41703/
[rosmaster.master][INFO] 2012-12-15 18:16:29,937: -SERVICE [/camera/ir/rectify_ir/set_parameters] /camera_nodelet_manager rosrpc://pc:36894
[rosmaster.master][INFO] 2012-12-15 18:16:29,939: -PUB [/camera/rgb/debayer/parameter_descriptions] /camera_nodelet_manager http://pc:41703/
[rosmaster.master][INFO] 2012-12-15 18:16:29,942: -PUB [/camera/rgb/debayer/parameter_updates] /camera_nodelet_manager http://pc:41703/
[rosmaster.master][INFO] 2012-12-15 18:16:29,944: -SERVICE [/camera/rgb/debayer/set_parameters] /camera_nodelet_manager rosrpc://pc:36894
[rosmaster.master][INFO] 2012-12-15 18:16:29,963: -PUB [/rosout] /camera/rgb/debayer http://pc:37639/
[rosmaster.master][INFO] 2012-12-15 18:16:29,970: -SERVICE [/camera/rgb/debayer/get_loggers] /camera/rgb/debayer rosrpc://pc:37672
[rosmaster.master][INFO] 2012-12-15 18:16:29,974: -SERVICE [/camera/rgb/debayer/set_logger_level] /camera/rgb/debayer rosrpc://pc:37672
[rosmaster.master][INFO] 2012-12-15 18:16:30,013: publisherUpdate[/rosout] -> http://pc:36976/
[rosmaster.master][INFO] 2012-12-15 18:16:30,060: -PUB [/rosout] /camera/rgb/rectify_mono http://pc:59935/
[rosmaster.master][INFO] 2012-12-15 18:16:30,066: -PUB [/rosout] /camera/driver http://pc:41244/
[rosmaster.master][INFO] 2012-12-15 18:16:30,068: -SERVICE [/camera/rgb/rectify_mono/get_loggers] /camera/rgb/rectify_mono rosrpc://pc:43266
[rosmaster.master][INFO] 2012-12-15 18:16:30,072: -PUB [/rosout] /camera/rgb/rectify_color http://pc:54071/
[rosmaster.master][INFO] 2012-12-15 18:16:30,076: -SERVICE [/camera/ir/set_camera_info] /camera_nodelet_manager rosrpc://pc:36894
[rosmaster.master][INFO] 2012-12-15 18:16:30,082: -SERVICE [/camera/rgb/rectify_mono/set_logger_level] /camera/rgb/rectify_mono rosrpc://pc:43266
[rosmaster.master][INFO] 2012-12-15 18:16:30,083: -PUB [/rosout] /camera/ir/rectify_ir http://pc:52541/
[rosmaster.master][INFO] 2012-12-15 18:16:30,084: -SERVICE [/camera/rgb/rectify_color/get_loggers] /camera/rgb/rectify_color rosrpc://pc:52751
[rosmaster.master][INFO] 2012-12-15 18:16:30,085: -SERVICE [/camera/driver/get_loggers] /camera/driver rosrpc://pc:36377
[rosmaster.master][INFO] 2012-12-15 18:16:30,086: -SERVICE [/camera/ir/rectify_ir/get_loggers] /camera/ir/rectify_ir rosrpc://pc:54662
[rosmaster.master][INFO] 2012-12-15 18:16:30,087: -SERVICE [/camera/rgb/set_camera_info] /camera_nodelet_manager rosrpc://pc:36894
[rosmaster.master][INFO] 2012-12-15 18:16:30,088: -SERVICE [/camera/rgb/rectify_color/set_logger_level] /camera/rgb/rectify_color rosrpc://pc:52751
[rosmaster.master][INFO] 2012-12-15 18:16:30,089: -SERVICE [/camera/driver/set_logger_level] /camera/driver rosrpc://pc:36377
[rosmaster.master][INFO] 2012-12-15 18:16:30,090: -SERVICE [/camera/ir/rectify_ir/set_logger_level] /camera/ir/rectify_ir rosrpc://pc:54662
[rosmaster.master][INFO] 2012-12-15 18:16:30,092: -PUB [/camera/driver/parameter_descriptions] /camera_nodelet_manager http://pc:41703/
[rosmaster.master][INFO] 2012-12-15 18:16:30,093: -PUB [/camera/driver/parameter_updates] /camera_nodelet_manager http://pc:41703/
[rosmaster.master][INFO] 2012-12-15 18:16:30,096: -SERVICE [/camera/driver/set_parameters] /camera_nodelet_manager rosrpc://pc:36894
[rosmaster.master][INFO] 2012-12-15 18:16:30,112: -PUB [/rosout] /camera_nodelet_manager http://pc:41703/
[rosmaster.master][INFO] 2012-12-15 18:16:30,113: -PUB [/camera/rgb/image_rect/compressed] /camera_nodelet_manager http://pc:41703/
[rosmaster.master][INFO] 2012-12-15 18:16:30,114: -PUB [/camera/rgb/image_rect/compressed/parameter_descriptions] /camera_nodelet_manager http://pc:41703/
[rosmaster.master][INFO] 2012-12-15 18:16:30,115: publisherUpdate[/rosout] -> http://pc:36976/
[rosmaster.master][INFO] 2012-12-15 18:16:30,116: -PUB [/camera/rgb/image_rect/compressed/parameter_updates] /camera_nodelet_manager http://pc:41703/
[rosmaster.master][INFO] 2012-12-15 18:16:30,116: publisherUpdate[/rosout] -> http://pc:36976/
[rosmaster.master][INFO] 2012-12-15 18:16:30,117: -PUB [/camera/rgb/image_rect] /camera_nodelet_manager http://pc:41703/
[rosmaster.master][INFO] 2012-12-15 18:16:30,118: publisherUpdate[/rosout] -> http://pc:36976/
[rosmaster.master][INFO] 2012-12-15 18:16:30,119: publisherUpdate[/rosout] -> http://pc:36976/
[rosmaster.master][INFO] 2012-12-15 18:16:30,119: -PUB [/camera/rgb/image_rect/theora] /camera_nodelet_manager http://pc:41703/
[rosmaster.master][INFO] 2012-12-15 18:16:30,120: publisherUpdate[/rosout] -> http://pc:36976/
[rosmaster.master][INFO] 2012-12-15 18:16:30,121: -PUB [/camera/rgb/image_rect/theora/parameter_descriptions] /camera_nodelet_manager http://pc:41703/
[rosmaster.master][INFO] 2012-12-15 18:16:30,122: -PUB [/camera/rgb/image_rect/theora/parameter_updates] /camera_nodelet_manager http://pc:41703/
[rosmaster.master][INFO] 2012-12-15 18:16:30,123: -PUB [/camera/ir/image_rect/compressed] /camera_nodelet_manager http://pc:41703/
[rosmaster.master][INFO] 2012-12-15 18:16:30,124: -PUB [/camera/ir/image_rect/compressed/parameter_descriptions] /camera_nodelet_manager http://pc:41703/
[rosmaster.master][INFO] 2012-12-15 18:16:30,125: -PUB [/camera/ir/image_rect/compressed/parameter_updates] /camera_nodelet_manager http://pc:41703/
[rosmaster.master][INFO] 2012-12-15 18:16:30,126: -PUB [/camera/ir/image_rect] /camera_nodelet_manager http://pc:41703/
[rosmaster.master][INFO] 2012-12-15 18:16:30,127: -PUB [/camera/ir/image_rect/theora] /camera_nodelet_manager http://pc:41703/
[rosmaster.master][INFO] 2012-12-15 18:16:30,128: -PUB [/camera/ir/image_rect/theora/parameter_descriptions] /camera_nodelet_manager http://pc:41703/
[rosmaster.master][INFO] 2012-12-15 18:16:30,130: -PUB [/camera/ir/image_rect/theora/parameter_updates] /camera_nodelet_manager http://pc:41703/
[rosmaster.master][INFO] 2012-12-15 18:16:30,131: -PUB [/camera/rgb/image_mono/compressed] /camera_nodelet_manager http://pc:41703/
[rosmaster.master][INFO] 2012-12-15 18:16:30,133: -PUB [/camera/rgb/image_mono/compressed/parameter_descriptions] /camera_nodelet_manager http://pc:41703/
[rosmaster.master][INFO] 2012-12-15 18:16:30,135: -PUB [/camera/rgb/image_mono/compressed/parameter_updates] /camera_nodelet_manager http://pc:41703/
[rosmaster.master][INFO] 2012-12-15 18:16:30,136: -PUB [/camera/rgb/image_mono] /camera_nodelet_manager http://pc:41703/
[rosmaster.master][INFO] 2012-12-15 18:16:30,137: -PUB [/camera/rgb/image_mono/theora] /camera_nodelet_manager http://pc:41703/
[rosmaster.master][INFO] 2012-12-15 18:16:30,138: -PUB [/camera/rgb/image_mono/theora/parameter_descriptions] /camera_nodelet_manager http://pc:41703/
[rosmaster.master][INFO] 2012-12-15 18:16:30,139: -PUB [/camera/rgb/image_mono/theora/parameter_updates] /camera_nodelet_manager http://pc:41703/
[rosmaster.master][INFO] 2012-12-15 18:16:30,140: -PUB [/camera/rgb/image_color/compressed] /camera_nodelet_manager http://pc:41703/
[rosmaster.master][INFO] 2012-12-15 18:16:30,141: -PUB [/camera/rgb/image_color/compressed/parameter_descriptions] /camera_nodelet_manager http://pc:41703/
[rosmaster.master][INFO] 2012-12-15 18:16:30,142: -PUB [/camera/rgb/image_color/compressed/parameter_updates] /camera_nodelet_manager http://pc:41703/
[rosmaster.master][INFO] 2012-12-15 18:16:30,143: -PUB [/camera/rgb/image_color] /camera_nodelet_manager http://pc:41703/
[rosmaster.master][INFO] 2012-12-15 18:16:30,145: -PUB [/camera/rgb/image_color/theora] /camera_nodelet_manager http://pc:41703/
[rosmaster.master][INFO] 2012-12-15 18:16:30,146: -PUB [/camera/rgb/image_color/theora/parameter_descriptions] /camera_nodelet_manager http://pc:41703/
[rosmaster.master][INFO] 2012-12-15 18:16:30,147: -PUB [/camera/rgb/image_color/theora/parameter_updates] /camera_nodelet_manager http://pc:41703/
[rosmaster.master][INFO] 2012-12-15 18:16:30,147: -PUB [/camera/depth/image/compressed] /camera_nodelet_manager http://pc:41703/
[rosmaster.master][INFO] 2012-12-15 18:16:30,148: -PUB [/camera/depth/image/compressed/parameter_descriptions] /camera_nodelet_manager http://pc:41703/
[rosmaster.master][INFO] 2012-12-15 18:16:30,149: -PUB [/camera/depth/image/compressed/parameter_updates] /camera_nodelet_manager http://pc:41703/
[rosmaster.master][INFO] 2012-12-15 18:16:30,150: -PUB [/camera/depth/image] /camera_nodelet_manager http://pc:41703/
[rosmaster.master][INFO] 2012-12-15 18:16:30,151: -PUB [/camera/depth/image/theora] /camera_nodelet_manager http://pc:41703/
[rosmaster.master][INFO] 2012-12-15 18:16:30,151: -PUB [/camera/depth/image/theora/parameter_descriptions] /camera_nodelet_manager http://pc:41703/
[rosmaster.master][INFO] 2012-12-15 18:16:30,152: -PUB [/camera/depth/image/theora/parameter_updates] /camera_nodelet_manager http://pc:41703/
[rosmaster.master][INFO] 2012-12-15 18:16:30,153: -PUB [/camera/depth_registered/image_rect_raw/compressed] /camera_nodelet_manager http://pc:41703/
[rosmaster.master][INFO] 2012-12-15 18:16:30,155: -PUB [/camera/depth_registered/image_rect_raw/compressed/parameter_descriptions] /camera_nodelet_manager http://pc:41703/
[rosmaster.master][INFO] 2012-12-15 18:16:30,156: -PUB [/camera/depth_registered/image_rect_raw/compressed/parameter_updates] /camera_nodelet_manager http://pc:41703/
[rosmaster.master][INFO] 2012-12-15 18:16:30,158: -PUB [/camera/depth_registered/image_rect_raw] /camera_nodelet_manager http://pc:41703/
[rosmaster.master][INFO] 2012-12-15 18:16:30,159: -PUB [/camera/depth_registered/image_rect_raw/theora] /camera_nodelet_manager http://pc:41703/
[rosmaster.master][INFO] 2012-12-15 18:16:30,160: -PUB [/camera/depth_registered/image_rect_raw/theora/parameter_descriptions] /camera_nodelet_manager http://pc:41703/
[rosmaster.master][INFO] 2012-12-15 18:16:30,161: -PUB [/camera/depth_registered/image_rect_raw/theora/parameter_updates] /camera_nodelet_manager http://pc:41703/
[rosmaster.master][INFO] 2012-12-15 18:16:30,162: -PUB [/camera/depth/image_rect_raw/compressed] /camera_nodelet_manager http://pc:41703/
[rosmaster.master][INFO] 2012-12-15 18:16:30,163: -PUB [/camera/depth/image_rect_raw/compressed/parameter_descriptions] /camera_nodelet_manager http://pc:41703/
[rosmaster.master][INFO] 2012-12-15 18:16:30,165: -PUB [/camera/depth/image_rect_raw/compressed/parameter_updates] /camera_nodelet_manager http://pc:41703/
[rosmaster.master][INFO] 2012-12-15 18:16:30,166: -PUB [/camera/depth/image_rect_raw] /camera_nodelet_manager http://pc:41703/
[rosmaster.master][INFO] 2012-12-15 18:16:30,166: -PUB [/camera/depth/image_rect_raw/theora] /camera_nodelet_manager http://pc:41703/
[rosmaster.master][INFO] 2012-12-15 18:16:30,167: -PUB [/camera/depth/image_rect_raw/theora/parameter_descriptions] /camera_nodelet_manager http://pc:41703/
[rosmaster.master][INFO] 2012-12-15 18:16:30,169: -PUB [/camera/depth/image_rect_raw/theora/parameter_updates] /camera_nodelet_manager http://pc:41703/
[rosmaster.master][INFO] 2012-12-15 18:16:30,170: -PUB [/camera/depth_registered/image_rect/compressed] /camera_nodelet_manager http://pc:41703/
[rosmaster.master][INFO] 2012-12-15 18:16:30,172: -PUB [/camera/depth_registered/image_rect/compressed/parameter_descriptions] /camera_nodelet_manager http://pc:41703/
[rosmaster.master][INFO] 2012-12-15 18:16:30,173: -PUB [/camera/depth_registered/image_rect/compressed/parameter_updates] /camera_nodelet_manager http://pc:41703/
[rosmaster.master][INFO] 2012-12-15 18:16:30,174: -PUB [/camera/depth_registered/image_rect] /camera_nodelet_manager http://pc:41703/
[rosmaster.master][INFO] 2012-12-15 18:16:30,176: -PUB [/camera/depth_registered/image_rect/theora] /camera_nodelet_manager http://pc:41703/
[rosmaster.master][INFO] 2012-12-15 18:16:30,178: -PUB [/camera/depth_registered/image_rect/theora/parameter_descriptions] /camera_nodelet_manager http://pc:41703/
[rosmaster.master][INFO] 2012-12-15 18:16:30,179: -PUB [/camera/depth_registered/image_rect/theora/parameter_updates] /camera_nodelet_manager http://pc:41703/
[rosmaster.master][INFO] 2012-12-15 18:16:30,180: -PUB [/camera/depth_registered/camera_info] /camera_nodelet_manager http://pc:41703/
[rosmaster.master][INFO] 2012-12-15 18:16:30,181: -PUB [/camera/rgb/image_raw/compressed] /camera_nodelet_manager http://pc:41703/
[rosmaster.master][INFO] 2012-12-15 18:16:30,181: -PUB [/camera/rgb/image_raw/compressed/parameter_descriptions] /camera_nodelet_manager http://pc:41703/
[rosmaster.master][INFO] 2012-12-15 18:16:30,182: -PUB [/camera/rgb/image_raw/compressed/parameter_updates] /camera_nodelet_manager http://pc:41703/
[rosmaster.master][INFO] 2012-12-15 18:16:30,183: -PUB [/camera/rgb/image_raw] /camera_nodelet_manager http://pc:41703/
[rosmaster.master][INFO] 2012-12-15 18:16:30,184: -PUB [/camera/rgb/image_raw/theora] /camera_nodelet_manager http://pc:41703/
[rosmaster.master][INFO] 2012-12-15 18:16:30,185: -PUB [/camera/rgb/image_raw/theora/parameter_descriptions] /camera_nodelet_manager http://pc:41703/
[rosmaster.master][INFO] 2012-12-15 18:16:30,186: -PUB [/camera/rgb/image_raw/theora/parameter_updates] /camera_nodelet_manager http://pc:41703/
[rosmaster.master][INFO] 2012-12-15 18:16:30,186: -PUB [/camera/rgb/camera_info] /camera_nodelet_manager http://pc:41703/
[rosmaster.master][INFO] 2012-12-15 18:16:30,187: -PUB [/camera/ir/image_raw/compressed] /camera_nodelet_manager http://pc:41703/
[rosmaster.master][INFO] 2012-12-15 18:16:30,188: -PUB [/camera/ir/image_raw/compressed/parameter_descriptions] /camera_nodelet_manager http://pc:41703/
[rosmaster.master][INFO] 2012-12-15 18:16:30,189: -PUB [/camera/ir/image_raw/compressed/parameter_updates] /camera_nodelet_manager http://pc:41703/
[rosmaster.master][INFO] 2012-12-15 18:16:30,190: -PUB [/camera/ir/image_raw] /camera_nodelet_manager http://pc:41703/
[rosmaster.master][INFO] 2012-12-15 18:16:30,191: -PUB [/camera/ir/image_raw/theora] /camera_nodelet_manager http://pc:41703/
[rosmaster.master][INFO] 2012-12-15 18:16:30,192: -PUB [/camera/ir/image_raw/theora/parameter_descriptions] /camera_nodelet_manager http://pc:41703/
[rosmaster.master][INFO] 2012-12-15 18:16:30,193: -PUB [/camera/ir/image_raw/theora/parameter_updates] /camera_nodelet_manager http://pc:41703/
[rosmaster.master][INFO] 2012-12-15 18:16:30,194: -PUB [/camera/ir/camera_info] /camera_nodelet_manager http://pc:41703/
[rosmaster.master][INFO] 2012-12-15 18:16:30,195: -PUB [/camera/depth/image_raw/compressed] /camera_nodelet_manager http://pc:41703/
[rosmaster.master][INFO] 2012-12-15 18:16:30,196: -PUB [/camera/depth/image_raw/compressed/parameter_descriptions] /camera_nodelet_manager http://pc:41703/
[rosmaster.master][INFO] 2012-12-15 18:16:30,197: -PUB [/camera/depth/image_raw/compressed/parameter_updates] /camera_nodelet_manager http://pc:41703/
[rosmaster.master][INFO] 2012-12-15 18:16:30,198: -PUB [/camera/rgb/image_rect_color/compressed] /camera_nodelet_manager http://pc:41703/
[rosmaster.master][INFO] 2012-12-15 18:16:30,198: -PUB [/camera/rgb/image_rect_color/compressed/parameter_descriptions] /camera_nodelet_manager http://pc:41703/
[rosmaster.master][INFO] 2012-12-15 18:16:30,199: -PUB [/camera/rgb/image_rect_color/compressed/parameter_updates] /camera_nodelet_manager http://pc:41703/
[rosmaster.master][INFO] 2012-12-15 18:16:30,200: -PUB [/camera/depth/image_raw] /camera_nodelet_manager http://pc:41703/
[rosmaster.master][INFO] 2012-12-15 18:16:30,201: -PUB [/camera/depth/image_raw/theora] /camera_nodelet_manager http://pc:41703/
[rosmaster.master][INFO] 2012-12-15 18:16:30,202: -PUB [/camera/depth/image_raw/theora/parameter_descriptions] /camera_nodelet_manager http://pc:41703/
[rosmaster.master][INFO] 2012-12-15 18:16:30,202: -PUB [/camera/depth/image_raw/theora/parameter_updates] /camera_nodelet_manager http://pc:41703/
[rosmaster.master][INFO] 2012-12-15 18:16:30,203: -PUB [/camera/rgb/image_rect_color] /camera_nodelet_manager http://pc:41703/
[rosmaster.master][INFO] 2012-12-15 18:16:30,204: -PUB [/camera/rgb/image_rect_color/theora] /camera_nodelet_manager http://pc:41703/
[rosmaster.master][INFO] 2012-12-15 18:16:30,205: -PUB [/camera/rgb/image_rect_color/theora/parameter_descriptions] /camera_nodelet_manager http://pc:41703/
[rosmaster.master][INFO] 2012-12-15 18:16:30,206: -PUB [/camera/rgb/image_rect_color/theora/parameter_updates] /camera_nodelet_manager http://pc:41703/
[rosmaster.master][INFO] 2012-12-15 18:16:30,207: -PUB [/camera/depth/camera_info] /camera_nodelet_manager http://pc:41703/
[rosmaster.master][INFO] 2012-12-15 18:16:30,208: -PUB [/camera/projector/camera_info] /camera_nodelet_manager http://pc:41703/
[rosmaster.master][INFO] 2012-12-15 18:16:30,209: -PUB [/camera/depth_registered/image_raw/compressed] /camera_nodelet_manager http://pc:41703/
[rosmaster.master][INFO] 2012-12-15 18:16:30,210: -PUB [/camera/depth_registered/image_raw/compressed/parameter_descriptions] /camera_nodelet_manager http://pc:41703/
[rosmaster.master][INFO] 2012-12-15 18:16:30,211: -PUB [/camera/depth_registered/image_raw/compressed/parameter_updates] /camera_nodelet_manager http://pc:41703/
[rosmaster.master][INFO] 2012-12-15 18:16:30,212: -PUB [/camera/depth_registered/image_raw] /camera_nodelet_manager http://pc:41703/
[rosmaster.master][INFO] 2012-12-15 18:16:30,213: -PUB [/camera/depth_registered/image_raw/theora] /camera_nodelet_manager http://pc:41703/
[rosmaster.master][INFO] 2012-12-15 18:16:30,214: -PUB [/camera/depth_registered/image_raw/theora/parameter_descriptions] /camera_nodelet_manager http://pc:41703/
[rosmaster.master][INFO] 2012-12-15 18:16:30,215: -PUB [/camera/depth_registered/image_raw/theora/parameter_updates] /camera_nodelet_manager http://pc:41703/
[rosmaster.master][INFO] 2012-12-15 18:16:30,216: -PUB [/camera/depth/image_rect/compressed] /camera_nodelet_manager http://pc:41703/
[rosmaster.master][INFO] 2012-12-15 18:16:30,218: -PUB [/camera/depth/image_rect/compressed/parameter_descriptions] /camera_nodelet_manager http://pc:41703/
[rosmaster.master][INFO] 2012-12-15 18:16:30,219: -PUB [/camera/depth/image_rect/compressed/parameter_updates] /camera_nodelet_manager http://pc:41703/
[rosmaster.master][INFO] 2012-12-15 18:16:30,220: -PUB [/camera/depth/image_rect] /camera_nodelet_manager http://pc:41703/
[rosmaster.master][INFO] 2012-12-15 18:16:30,220: -PUB [/camera/depth/image_rect/theora] /camera_nodelet_manager http://pc:41703/
[rosmaster.master][INFO] 2012-12-15 18:16:30,222: -PUB [/camera/depth/image_rect/theora/parameter_descriptions] /camera_nodelet_manager http://pc:41703/
[rosmaster.master][INFO] 2012-12-15 18:16:30,223: -PUB [/camera/depth/image_rect/theora/parameter_updates] /camera_nodelet_manager http://pc:41703/
[rosmaster.master][INFO] 2012-12-15 18:16:30,224: -PUB [/camera/depth_registered/image/compressed] /camera_nodelet_manager http://pc:41703/
[rosmaster.master][INFO] 2012-12-15 18:16:30,225: -PUB [/camera/depth_registered/image/compressed/parameter_descriptions] /camera_nodelet_manager http://pc:41703/
[rosmaster.master][INFO] 2012-12-15 18:16:30,226: -PUB [/camera/depth_registered/image/compressed/parameter_updates] /camera_nodelet_manager http://pc:41703/
[rosmaster.master][INFO] 2012-12-15 18:16:30,227: -PUB [/camera/depth_registered/image] /camera_nodelet_manager http://pc:41703/
[rosmaster.master][INFO] 2012-12-15 18:16:30,228: -PUB [/camera/depth_registered/image/theora] /camera_nodelet_manager http://pc:41703/
[rosmaster.master][INFO] 2012-12-15 18:16:30,229: -PUB [/camera/depth_registered/image/theora/parameter_descriptions] /camera_nodelet_manager http://pc:41703/
[rosmaster.master][INFO] 2012-12-15 18:16:30,230: -PUB [/camera/depth_registered/image/theora/parameter_updates] /camera_nodelet_manager http://pc:41703/
[rosmaster.master][INFO] 2012-12-15 18:16:30,231: -SERVICE [/camera_nodelet_manager/get_loggers] /camera_nodelet_manager rosrpc://pc:36894
[rosmaster.master][INFO] 2012-12-15 18:16:30,232: -SERVICE [/camera_nodelet_manager/set_logger_level] /camera_nodelet_manager rosrpc://pc:36894
[rosmaster.master][INFO] 2012-12-15 18:16:30,233: -SERVICE [/camera_nodelet_manager/load_nodelet] /camera_nodelet_manager rosrpc://pc:36894
[rosmaster.master][INFO] 2012-12-15 18:16:30,234: -SERVICE [/camera_nodelet_manager/unload_nodelet] /camera_nodelet_manager rosrpc://pc:36894
[rosmaster.master][INFO] 2012-12-15 18:16:30,235: -SERVICE [/camera_nodelet_manager/list] /camera_nodelet_manager rosrpc://pc:36894
[rosmaster.master][INFO] 2012-12-15 18:16:30,236: -SERVICE [/camera/rgb/image_rect/compressed/set_parameters] /camera_nodelet_manager rosrpc://pc:36894
[rosmaster.master][INFO] 2012-12-15 18:16:30,237: -SERVICE [/camera/rgb/image_rect/theora/set_parameters] /camera_nodelet_manager rosrpc://pc:36894
[rosmaster.master][INFO] 2012-12-15 18:16:30,238: -SERVICE [/camera/ir/image_rect/compressed/set_parameters] /camera_nodelet_manager rosrpc://pc:36894
[rosmaster.master][INFO] 2012-12-15 18:16:30,240: -SERVICE [/camera/ir/image_rect/theora/set_parameters] /camera_nodelet_manager rosrpc://pc:36894
[rosmaster.master][INFO] 2012-12-15 18:16:30,241: -SERVICE [/camera/rgb/image_mono/compressed/set_parameters] /camera_nodelet_manager rosrpc://pc:36894
[rosmaster.master][INFO] 2012-12-15 18:16:30,242: -SERVICE [/camera/rgb/image_mono/theora/set_parameters] /camera_nodelet_manager rosrpc://pc:36894
[rosmaster.master][INFO] 2012-12-15 18:16:30,243: -SERVICE [/camera/rgb/image_color/compressed/set_parameters] /camera_nodelet_manager rosrpc://pc:36894
[rosmaster.master][INFO] 2012-12-15 18:16:30,244: -SERVICE [/camera/rgb/image_color/theora/set_parameters] /camera_nodelet_manager rosrpc://pc:36894
[rosmaster.master][INFO] 2012-12-15 18:16:30,245: -SERVICE [/camera/depth/image/compressed/set_parameters] /camera_nodelet_manager rosrpc://pc:36894
[rosmaster.master][INFO] 2012-12-15 18:16:30,246: -SERVICE [/camera/depth/image/theora/set_parameters] /camera_nodelet_manager rosrpc://pc:36894
[rosmaster.master][INFO] 2012-12-15 18:16:30,247: -SERVICE [/camera/depth_registered/image_rect_raw/compressed/set_parameters] /camera_nodelet_manager rosrpc://pc:36894
[rosmaster.master][INFO] 2012-12-15 18:16:30,248: -SERVICE [/camera/depth_registered/image_rect_raw/theora/set_parameters] /camera_nodelet_manager rosrpc://pc:36894
[rosmaster.master][INFO] 2012-12-15 18:16:30,249: -SERVICE [/camera/depth/image_rect_raw/compressed/set_parameters] /camera_nodelet_manager rosrpc://pc:36894
[rosmaster.master][INFO] 2012-12-15 18:16:30,250: -SERVICE [/camera/depth/image_rect_raw/theora/set_parameters] /camera_nodelet_manager rosrpc://pc:36894
[rosmaster.master][INFO] 2012-12-15 18:16:30,251: -SERVICE [/camera/depth_registered/image_rect/compressed/set_parameters] /camera_nodelet_manager rosrpc://pc:36894
[rosmaster.master][INFO] 2012-12-15 18:16:30,253: -SERVICE [/camera/depth_registered/image_rect/theora/set_parameters] /camera_nodelet_manager rosrpc://pc:36894
[rosmaster.master][INFO] 2012-12-15 18:16:30,254: -SERVICE [/camera/rgb/image_raw/compressed/set_parameters] /camera_nodelet_manager rosrpc://pc:36894
[rosmaster.master][INFO] 2012-12-15 18:16:30,255: -SERVICE [/camera/rgb/image_raw/theora/set_parameters] /camera_nodelet_manager rosrpc://pc:36894
[rosmaster.master][INFO] 2012-12-15 18:16:30,257: -SERVICE [/camera/ir/image_raw/compressed/set_parameters] /camera_nodelet_manager rosrpc://pc:36894
[rosmaster.master][INFO] 2012-12-15 18:16:30,258: -SERVICE [/camera/ir/image_raw/theora/set_parameters] /camera_nodelet_manager rosrpc://pc:36894
[rosmaster.master][INFO] 2012-12-15 18:16:30,260: -SERVICE [/camera/depth/image_raw/compressed/set_parameters] /camera_nodelet_manager rosrpc://pc:36894
[rosmaster.master][INFO] 2012-12-15 18:16:30,261: -SERVICE [/camera/rgb/image_rect_color/compressed/set_parameters] /camera_nodelet_manager rosrpc://pc:36894
[rosmaster.master][INFO] 2012-12-15 18:16:30,262: -SERVICE [/camera/depth/image_raw/theora/set_parameters] /camera_nodelet_manager rosrpc://pc:36894
[rosmaster.master][INFO] 2012-12-15 18:16:30,264: -SERVICE [/camera/rgb/image_rect_color/theora/set_parameters] /camera_nodelet_manager rosrpc://pc:36894
[rosmaster.master][INFO] 2012-12-15 18:16:30,265: -SERVICE [/camera/depth_registered/image_raw/compressed/set_parameters] /camera_nodelet_manager rosrpc://pc:36894
[rosmaster.master][INFO] 2012-12-15 18:16:30,266: -SERVICE [/camera/depth_registered/image_raw/theora/set_parameters] /camera_nodelet_manager rosrpc://pc:36894
[rosmaster.master][INFO] 2012-12-15 18:16:30,267: -SERVICE [/camera/depth/image_rect/compressed/set_parameters] /camera_nodelet_manager rosrpc://pc:36894
[rosmaster.master][INFO] 2012-12-15 18:16:30,268: -SERVICE [/camera/depth/image_rect/theora/set_parameters] /camera_nodelet_manager rosrpc://pc:36894
[rosmaster.master][INFO] 2012-12-15 18:16:30,269: -SERVICE [/camera/depth_registered/image/compressed/set_parameters] /camera_nodelet_manager rosrpc://pc:36894
[rosmaster.master][INFO] 2012-12-15 18:16:30,270: -SERVICE [/camera/depth_registered/image/theora/set_parameters] /camera_nodelet_manager rosrpc://pc:36894
[rosmaster.master][INFO] 2012-12-15 18:16:30,522: -PUB [/rosout_agg] /rosout http://pc:36976/
[rosmaster.master][INFO] 2012-12-15 18:16:30,523: -SUB [/rosout] /rosout http://pc:36976/
[rosmaster.master][INFO] 2012-12-15 18:16:30,524: -SERVICE [/rosout/get_loggers] /rosout rosrpc://pc:58680
[rosmaster.master][INFO] 2012-12-15 18:16:30,525: -SERVICE [/rosout/set_logger_level] /rosout rosrpc://pc:58680
[rosmaster.main][INFO] 2012-12-15 18:16:30,591: keyboard interrupt, will exit
[rosmaster.main][INFO] 2012-12-15 18:16:30,591: stopping master...
