[rosmaster.main][INFO] 2012-12-14 17:17:25,613: initialization complete, waiting for shutdown
[rosmaster.main][INFO] 2012-12-14 17:17:25,613: Starting ROS Master Node
[xmlrpc][INFO] 2012-12-14 17:17:25,615: XML-RPC server binding to 0.0.0.0
[xmlrpc][INFO] 2012-12-14 17:17:25,616: Started XML-RPC server [http://pc:11311/]
[rosmaster.master][INFO] 2012-12-14 17:17:25,616: Master initialized: port[11311], uri[http://pc:11311/]
[xmlrpc][INFO] 2012-12-14 17:17:25,616: xml rpc node: starting XML-RPC server
[rosmaster.master][INFO] 2012-12-14 17:17:25,631: +PARAM [/run_id] by /roslaunch
[rosmaster.master][INFO] 2012-12-14 17:17:25,634: +PARAM [/roslaunch/uris/host_pc__37270] by /roslaunch
[rosmaster.master][INFO] 2012-12-14 17:17:25,664: +PARAM [/rosdistro] by /roslaunch
[rosmaster.master][INFO] 2012-12-14 17:17:25,665: +PARAM [/camera/driver/rgb_frame_id] by /roslaunch
[rosmaster.master][INFO] 2012-12-14 17:17:25,665: +PARAM [/camera/disparity_depth_registered/min_range] by /roslaunch
[rosmaster.master][INFO] 2012-12-14 17:17:25,665: +PARAM [/camera/driver/rgb_camera_info_url] by /roslaunch
[rosmaster.master][INFO] 2012-12-14 17:17:25,665: +PARAM [/camera/depth_registered/rectify_depth/interpolation] by /roslaunch
[rosmaster.master][INFO] 2012-12-14 17:17:25,666: +PARAM [/camera/driver/depth_frame_id] by /roslaunch
[rosmaster.master][INFO] 2012-12-14 17:17:25,666: +PARAM [/camera/depth/rectify_depth/interpolation] by /roslaunch
[rosmaster.master][INFO] 2012-12-14 17:17:25,666: +PARAM [/camera/disparity_depth/max_range] by /roslaunch
[rosmaster.master][INFO] 2012-12-14 17:17:25,666: +PARAM [/rosversion] by /roslaunch
[rosmaster.master][INFO] 2012-12-14 17:17:25,667: +PARAM [/camera/driver/device_id] by /roslaunch
[rosmaster.master][INFO] 2012-12-14 17:17:25,667: +PARAM [/camera/driver/depth_camera_info_url] by /roslaunch
[rosmaster.master][INFO] 2012-12-14 17:17:25,667: +PARAM [/camera/disparity_depth/min_range] by /roslaunch
[rosmaster.master][INFO] 2012-12-14 17:17:25,667: +PARAM [/camera/disparity_depth_registered/max_range] by /roslaunch
[rosmaster.master][INFO] 2012-12-14 17:17:25,670: +SERVICE [/rosout/get_loggers] /rosout http://pc:37579/
[rosmaster.master][INFO] 2012-12-14 17:17:25,671: +SERVICE [/rosout/set_logger_level] /rosout http://pc:37579/
[rosmaster.master][INFO] 2012-12-14 17:17:25,674: +PUB [/rosout_agg] /rosout http://pc:37579/
[rosmaster.master][INFO] 2012-12-14 17:17:25,675: +SUB [/rosout] /rosout http://pc:37579/
[rosmaster.master][INFO] 2012-12-14 17:17:25,699: +PUB [/rosout] /camera/driver http://pc:35045/
[rosmaster.master][INFO] 2012-12-14 17:17:25,701: +SERVICE [/camera/driver/get_loggers] /camera/driver http://pc:35045/
[rosmaster.master][INFO] 2012-12-14 17:17:25,703: +SERVICE [/camera/driver/set_logger_level] /camera/driver http://pc:35045/
[rosmaster.master][INFO] 2012-12-14 17:17:25,710: +PARAM [/camera/driver] by /camera/driver
[rosmaster.master][INFO] 2012-12-14 17:17:25,714: publisherUpdate[/rosout] -> http://pc:37579/
[rosmaster.master][INFO] 2012-12-14 17:17:25,730: publisherUpdate[/rosout] -> http://pc:37579/
[rosmaster.master][INFO] 2012-12-14 17:17:25,715: +PUB [/rosout] /camera/rgb/debayer http://pc:37765/
[rosmaster.master][INFO] 2012-12-14 17:17:25,735: +PUB [/rosout] /camera/rgb/rectify_mono http://pc:34093/
[rosmaster.master][INFO] 2012-12-14 17:17:25,736: +SERVICE [/camera/rgb/debayer/get_loggers] /camera/rgb/debayer http://pc:37765/
[rosmaster.master][INFO] 2012-12-14 17:17:25,741: +PUB [/rosout] /camera/rgb/rectify_color http://pc:48209/
[rosmaster.master][INFO] 2012-12-14 17:17:25,742: +SERVICE [/camera/rgb/debayer/set_logger_level] /camera/rgb/debayer http://pc:37765/
[rosmaster.master][INFO] 2012-12-14 17:17:25,743: +SERVICE [/camera/rgb/rectify_mono/get_loggers] /camera/rgb/rectify_mono http://pc:34093/
[rosmaster.master][INFO] 2012-12-14 17:17:25,747: +SERVICE [/camera/rgb/rectify_color/get_loggers] /camera/rgb/rectify_color http://pc:48209/
[rosmaster.master][INFO] 2012-12-14 17:17:25,749: +PUB [/rosout] /camera/ir/rectify_ir http://pc:49783/
[rosmaster.master][INFO] 2012-12-14 17:17:25,756: +SERVICE [/camera/rgb/rectify_mono/set_logger_level] /camera/rgb/rectify_mono http://pc:34093/
[rosmaster.master][INFO] 2012-12-14 17:17:25,757: +SERVICE [/camera/rgb/rectify_color/set_logger_level] /camera/rgb/rectify_color http://pc:48209/
[rosmaster.master][INFO] 2012-12-14 17:17:25,758: +SERVICE [/camera/ir/rectify_ir/get_loggers] /camera/ir/rectify_ir http://pc:49783/
[rosmaster.master][INFO] 2012-12-14 17:17:25,772: +SERVICE [/camera/ir/rectify_ir/set_logger_level] /camera/ir/rectify_ir http://pc:49783/
[rosmaster.master][INFO] 2012-12-14 17:17:25,774: +PUB [/rosout] /camera/depth/rectify_depth http://pc:49495/
[rosmaster.master][INFO] 2012-12-14 17:17:25,789: +SERVICE [/camera/depth/rectify_depth/get_loggers] /camera/depth/rectify_depth http://pc:49495/
[rosmaster.master][INFO] 2012-12-14 17:17:25,794: +PUB [/rosout] /camera/depth/metric_rect http://pc:55908/
[rosmaster.master][INFO] 2012-12-14 17:17:25,802: +SERVICE [/camera/depth/rectify_depth/set_logger_level] /camera/depth/rectify_depth http://pc:49495/
[rosmaster.master][INFO] 2012-12-14 17:17:25,803: +PUB [/rosout] /camera/depth/metric http://pc:49327/
[rosmaster.master][INFO] 2012-12-14 17:17:25,816: publisherUpdate[/rosout] -> http://pc:37579/
[rosmaster.master][INFO] 2012-12-14 17:17:25,817: publisherUpdate[/rosout] -> http://pc:37579/
[rosmaster.master][INFO] 2012-12-14 17:17:25,818: publisherUpdate[/rosout] -> http://pc:37579/
[rosmaster.master][INFO] 2012-12-14 17:17:25,820: publisherUpdate[/rosout] -> http://pc:37579/
[rosmaster.master][INFO] 2012-12-14 17:17:25,822: +SERVICE [/camera/depth/metric/get_loggers] /camera/depth/metric http://pc:49327/
[rosmaster.master][INFO] 2012-12-14 17:17:25,822: publisherUpdate[/rosout] -> http://pc:37579/
[rosmaster.master][INFO] 2012-12-14 17:17:25,827: publisherUpdate[/rosout] -> http://pc:37579/
[rosmaster.master][INFO] 2012-12-14 17:17:25,829: +PUB [/rosout] /camera/depth/points http://pc:57593/
[rosmaster.master][INFO] 2012-12-14 17:17:25,831: +PUB [/rosout] /camera/register_depth_rgb http://pc:33352/
[rosmaster.master][INFO] 2012-12-14 17:17:25,835: +PUB [/rosout] /camera/depth_registered/rectify_depth http://pc:58011/
[rosmaster.master][INFO] 2012-12-14 17:17:25,836: +SERVICE [/camera/depth/metric/set_logger_level] /camera/depth/metric http://pc:49327/
[rosmaster.master][INFO] 2012-12-14 17:17:25,842: publisherUpdate[/rosout] -> http://pc:37579/
[rosmaster.master][INFO] 2012-12-14 17:17:25,843: publisherUpdate[/rosout] -> http://pc:37579/
[rosmaster.master][INFO] 2012-12-14 17:17:25,844: publisherUpdate[/rosout] -> http://pc:37579/
[rosmaster.master][INFO] 2012-12-14 17:17:25,852: +SERVICE [/camera/depth/points/get_loggers] /camera/depth/points http://pc:57593/
[rosmaster.master][INFO] 2012-12-14 17:17:25,854: +PARAM [/camera/depth/rectify_depth] by /camera/depth/rectify_depth
[rosmaster.master][INFO] 2012-12-14 17:17:25,856: +SERVICE [/camera/depth_registered/rectify_depth/get_loggers] /camera/depth_registered/rectify_depth http://pc:58011/
[rosmaster.master][INFO] 2012-12-14 17:17:25,860: +PUB [/rosout] /camera/depth_registered/metric http://pc:34848/
[rosmaster.master][INFO] 2012-12-14 17:17:25,865: +SERVICE [/camera/depth/points/set_logger_level] /camera/depth/points http://pc:57593/
[rosmaster.master][INFO] 2012-12-14 17:17:25,869: +SERVICE [/camera/depth_registered/rectify_depth/set_logger_level] /camera/depth_registered/rectify_depth http://pc:58011/
[rosmaster.master][INFO] 2012-12-14 17:17:25,871: +SERVICE [/camera/depth_registered/metric/get_loggers] /camera/depth_registered/metric http://pc:34848/
[rosmaster.master][INFO] 2012-12-14 17:17:25,890: +SERVICE [/camera/depth_registered/metric/set_logger_level] /camera/depth_registered/metric http://pc:34848/
[rosmaster.master][INFO] 2012-12-14 17:17:25,896: +PUB [/rosout] /camera/disparity_depth http://pc:41354/
[rosmaster.master][INFO] 2012-12-14 17:17:25,905: +PUB [/rosout] /camera_base_link http://pc:60584/
[rosmaster.master][INFO] 2012-12-14 17:17:25,906: +SERVICE [/camera/disparity_depth/get_loggers] /camera/disparity_depth http://pc:41354/
[rosmaster.master][INFO] 2012-12-14 17:17:25,912: +PUB [/rosout] /camera_base_link1 http://pc:33488/
[rosmaster.master][INFO] 2012-12-14 17:17:25,915: +SERVICE [/camera/disparity_depth/set_logger_level] /camera/disparity_depth http://pc:41354/
[rosmaster.master][INFO] 2012-12-14 17:17:25,918: +PUB [/rosout] /camera_base_link2 http://pc:59932/
[rosmaster.master][INFO] 2012-12-14 17:17:25,919: +SERVICE [/camera_base_link/get_loggers] /camera_base_link http://pc:60584/
[rosmaster.master][INFO] 2012-12-14 17:17:25,924: publisherUpdate[/rosout] -> http://pc:37579/
[rosmaster.master][INFO] 2012-12-14 17:17:25,927: +SERVICE [/camera_base_link1/get_loggers] /camera_base_link1 http://pc:33488/
[rosmaster.master][INFO] 2012-12-14 17:17:25,929: publisherUpdate[/rosout] -> http://pc:37579/
[rosmaster.master][INFO] 2012-12-14 17:17:25,930: publisherUpdate[/rosout] -> http://pc:37579/
[rosmaster.master][INFO] 2012-12-14 17:17:25,932: publisherUpdate[/rosout] -> http://pc:37579/
[rosmaster.master][INFO] 2012-12-14 17:17:25,933: publisherUpdate[/rosout] -> http://pc:37579/
[rosmaster.master][INFO] 2012-12-14 17:17:25,946: +SERVICE [/camera_base_link2/get_loggers] /camera_base_link2 http://pc:59932/
[rosmaster.master][INFO] 2012-12-14 17:17:25,947: +SERVICE [/camera_base_link1/set_logger_level] /camera_base_link1 http://pc:33488/
[rosmaster.master][INFO] 2012-12-14 17:17:25,951: +PUB [/rosout] /camera_base_link3 http://pc:44521/
[rosmaster.master][INFO] 2012-12-14 17:17:25,954: +SERVICE [/camera_base_link2/set_logger_level] /camera_base_link2 http://pc:59932/
[rosmaster.master][INFO] 2012-12-14 17:17:25,956: +PARAM [/camera/disparity_depth] by /camera/disparity_depth
[rosmaster.master][INFO] 2012-12-14 17:17:25,958: +SERVICE [/camera_base_link3/get_loggers] /camera_base_link3 http://pc:44521/
[rosmaster.master][INFO] 2012-12-14 17:17:25,960: +PUB [/tf] /camera_base_link1 http://pc:33488/
[rosmaster.master][INFO] 2012-12-14 17:17:25,964: +SERVICE [/camera_base_link3/set_logger_level] /camera_base_link3 http://pc:44521/
[rosmaster.master][INFO] 2012-12-14 17:17:25,965: +PUB [/tf] /camera_base_link2 http://pc:59932/
[rosmaster.master][INFO] 2012-12-14 17:17:25,972: +PUB [/tf] /camera_base_link3 http://pc:44521/
[rosmaster.master][INFO] 2012-12-14 17:17:26,011: +SERVICE [/camera/depth/metric_rect/get_loggers] /camera/depth/metric_rect http://pc:55908/
[rosmaster.master][INFO] 2012-12-14 17:17:26,013: +SERVICE [/camera/depth/metric_rect/set_logger_level] /camera/depth/metric_rect http://pc:55908/
[rosmaster.master][INFO] 2012-12-14 17:17:26,021: +PUB [/rosout] /camera_nodelet_manager http://pc:35361/
[rosmaster.master][INFO] 2012-12-14 17:17:26,023: +SERVICE [/camera_nodelet_manager/get_loggers] /camera_nodelet_manager http://pc:35361/
[rosmaster.master][INFO] 2012-12-14 17:17:26,024: +SERVICE [/camera_nodelet_manager/set_logger_level] /camera_nodelet_manager http://pc:35361/
[rosmaster.master][INFO] 2012-12-14 17:17:26,027: +SERVICE [/camera_nodelet_manager/load_nodelet] /camera_nodelet_manager http://pc:35361/
[rosmaster.master][INFO] 2012-12-14 17:17:26,028: publisherUpdate[/rosout] -> http://pc:37579/
[rosmaster.master][INFO] 2012-12-14 17:17:26,030: +SERVICE [/camera_nodelet_manager/unload_nodelet] /camera_nodelet_manager http://pc:35361/
[rosmaster.master][INFO] 2012-12-14 17:17:26,030: publisherUpdate[/rosout] -> http://pc:37579/
[rosmaster.master][INFO] 2012-12-14 17:17:26,033: +SERVICE [/camera_nodelet_manager/list] /camera_nodelet_manager http://pc:35361/
[rosmaster.master][INFO] 2012-12-14 17:17:26,315: +PUB [/camera/depth/disparity] /camera_nodelet_manager http://pc:35361/
[rosmaster.master][INFO] 2012-12-14 17:17:26,335: +PUB [/rosout] /set_dr http://pc:51722/
[rosmaster.master][INFO] 2012-12-14 17:17:26,336: publisherUpdate[/rosout] -> http://pc:37579/
[rosmaster.master][INFO] 2012-12-14 17:17:26,545: +PUB [/camera/depth_registered/image/compressed] /camera_nodelet_manager http://pc:35361/
[rosmaster.master][INFO] 2012-12-14 17:17:26,546: +SERVICE [/camera/depth_registered/image/compressed/set_parameters] /camera_nodelet_manager http://pc:35361/
[rosmaster.master][INFO] 2012-12-14 17:17:26,547: +PUB [/camera/depth_registered/image/compressed/parameter_descriptions] /camera_nodelet_manager http://pc:35361/
[rosmaster.master][INFO] 2012-12-14 17:17:26,548: +PUB [/camera/depth_registered/image/compressed/parameter_updates] /camera_nodelet_manager http://pc:35361/
[rosmaster.master][INFO] 2012-12-14 17:17:26,552: +PARAM [/camera/depth_registered/image/compressed/format] by /camera_nodelet_manager
[rosmaster.master][INFO] 2012-12-14 17:17:26,552: +PARAM [/camera/depth_registered/image/compressed/jpeg_quality] by /camera_nodelet_manager
[rosmaster.master][INFO] 2012-12-14 17:17:26,553: +PARAM [/camera/depth_registered/image/compressed/png_level] by /camera_nodelet_manager
[rosmaster.master][INFO] 2012-12-14 17:17:26,555: +PUB [/camera/depth_registered/image] /camera_nodelet_manager http://pc:35361/
[rosmaster.master][INFO] 2012-12-14 17:17:26,558: +PUB [/camera/depth_registered/image/theora] /camera_nodelet_manager http://pc:35361/
[rosmaster.master][INFO] 2012-12-14 17:17:26,559: +SERVICE [/camera/depth_registered/image/theora/set_parameters] /camera_nodelet_manager http://pc:35361/
[rosmaster.master][INFO] 2012-12-14 17:17:26,560: +PUB [/camera/depth_registered/image/theora/parameter_descriptions] /camera_nodelet_manager http://pc:35361/
[rosmaster.master][INFO] 2012-12-14 17:17:26,561: +PUB [/camera/depth_registered/image/theora/parameter_updates] /camera_nodelet_manager http://pc:35361/
[rosmaster.master][INFO] 2012-12-14 17:17:26,565: +PARAM [/camera/depth_registered/image/theora/optimize_for] by /camera_nodelet_manager
[rosmaster.master][INFO] 2012-12-14 17:17:26,566: +PARAM [/camera/depth_registered/image/theora/target_bitrate] by /camera_nodelet_manager
[rosmaster.master][INFO] 2012-12-14 17:17:26,567: +PARAM [/camera/depth_registered/image/theora/quality] by /camera_nodelet_manager
[rosmaster.master][INFO] 2012-12-14 17:17:26,568: +PARAM [/camera/depth_registered/image/theora/keyframe_frequency] by /camera_nodelet_manager
[rosmaster.master][INFO] 2012-12-14 17:17:26,722: +PUB [/rosout] /depth_detection http://pc:33689/
[rosmaster.master][INFO] 2012-12-14 17:17:26,739: publisherUpdate[/rosout] -> http://pc:37579/
[rosmaster.master][INFO] 2012-12-14 17:17:26,775: +SUB [/camera/depth_registered/image_rect] /depth_detection http://pc:33689/
[rosmaster.master][INFO] 2012-12-14 17:17:26,777: +SUB [/camera/rgb/image_rect_color] /depth_detection http://pc:33689/
[rosmaster.master][INFO] 2012-12-14 17:17:26,861: +SERVICE [/camera/depth/rectify_depth/set_parameters] /camera_nodelet_manager http://pc:35361/
[rosmaster.master][INFO] 2012-12-14 17:17:26,863: +PUB [/camera/depth/rectify_depth/parameter_descriptions] /camera_nodelet_manager http://pc:35361/
[rosmaster.master][INFO] 2012-12-14 17:17:26,865: +PUB [/camera/depth/rectify_depth/parameter_updates] /camera_nodelet_manager http://pc:35361/
[rosmaster.master][INFO] 2012-12-14 17:17:26,867: +PARAM [/camera/depth/rectify_depth/interpolation] by /camera_nodelet_manager
[rosmaster.master][INFO] 2012-12-14 17:17:26,868: +PUB [/camera/depth/image_rect_raw/compressed] /camera_nodelet_manager http://pc:35361/
[rosmaster.master][INFO] 2012-12-14 17:17:26,869: +SERVICE [/camera/depth/image_rect_raw/compressed/set_parameters] /camera_nodelet_manager http://pc:35361/
[rosmaster.master][INFO] 2012-12-14 17:17:26,870: +PUB [/camera/depth/image_rect_raw/compressed/parameter_descriptions] /camera_nodelet_manager http://pc:35361/
[rosmaster.master][INFO] 2012-12-14 17:17:26,871: +PUB [/camera/depth/image_rect_raw/compressed/parameter_updates] /camera_nodelet_manager http://pc:35361/
[rosmaster.master][INFO] 2012-12-14 17:17:26,874: +PARAM [/camera/depth/image_rect_raw/compressed/format] by /camera_nodelet_manager
[rosmaster.master][INFO] 2012-12-14 17:17:26,875: +PARAM [/camera/depth/image_rect_raw/compressed/jpeg_quality] by /camera_nodelet_manager
[rosmaster.master][INFO] 2012-12-14 17:17:26,876: +PARAM [/camera/depth/image_rect_raw/compressed/png_level] by /camera_nodelet_manager
[rosmaster.master][INFO] 2012-12-14 17:17:26,877: +PUB [/camera/depth/image_rect_raw] /camera_nodelet_manager http://pc:35361/
[rosmaster.master][INFO] 2012-12-14 17:17:26,878: +PUB [/camera/depth/image_rect_raw/theora] /camera_nodelet_manager http://pc:35361/
[rosmaster.master][INFO] 2012-12-14 17:17:26,879: +SERVICE [/camera/depth/image_rect_raw/theora/set_parameters] /camera_nodelet_manager http://pc:35361/
[rosmaster.master][INFO] 2012-12-14 17:17:26,880: +PUB [/camera/depth/image_rect_raw/theora/parameter_descriptions] /camera_nodelet_manager http://pc:35361/
[rosmaster.master][INFO] 2012-12-14 17:17:26,881: +PUB [/camera/depth/image_rect_raw/theora/parameter_updates] /camera_nodelet_manager http://pc:35361/
[rosmaster.master][INFO] 2012-12-14 17:17:26,885: +PARAM [/camera/depth/image_rect_raw/theora/optimize_for] by /camera_nodelet_manager
[rosmaster.master][INFO] 2012-12-14 17:17:26,886: +PARAM [/camera/depth/image_rect_raw/theora/target_bitrate] by /camera_nodelet_manager
[rosmaster.master][INFO] 2012-12-14 17:17:26,887: +PARAM [/camera/depth/image_rect_raw/theora/quality] by /camera_nodelet_manager
[rosmaster.master][INFO] 2012-12-14 17:17:26,887: +PARAM [/camera/depth/image_rect_raw/theora/keyframe_frequency] by /camera_nodelet_manager
[rosmaster.master][INFO] 2012-12-14 17:17:27,159: +SERVICE [/camera/rgb/rectify_color/set_parameters] /camera_nodelet_manager http://pc:35361/
[rosmaster.master][INFO] 2012-12-14 17:17:27,162: +PUB [/camera/rgb/rectify_color/parameter_descriptions] /camera_nodelet_manager http://pc:35361/
[rosmaster.master][INFO] 2012-12-14 17:17:27,164: +PUB [/camera/rgb/rectify_color/parameter_updates] /camera_nodelet_manager http://pc:35361/
[rosmaster.master][INFO] 2012-12-14 17:17:27,168: +PARAM [/camera/rgb/rectify_color/interpolation] by /camera_nodelet_manager
[rosmaster.master][INFO] 2012-12-14 17:17:27,171: +PUB [/camera/rgb/image_rect_color/compressed] /camera_nodelet_manager http://pc:35361/
[rosmaster.master][INFO] 2012-12-14 17:17:27,173: +SERVICE [/camera/rgb/image_rect_color/compressed/set_parameters] /camera_nodelet_manager http://pc:35361/
[rosmaster.master][INFO] 2012-12-14 17:17:27,176: +PUB [/camera/rgb/image_rect_color/compressed/parameter_descriptions] /camera_nodelet_manager http://pc:35361/
[rosmaster.master][INFO] 2012-12-14 17:17:27,179: +PUB [/camera/rgb/image_rect_color/compressed/parameter_updates] /camera_nodelet_manager http://pc:35361/
[rosmaster.master][INFO] 2012-12-14 17:17:27,187: +PARAM [/camera/rgb/image_rect_color/compressed/format] by /camera_nodelet_manager
[rosmaster.master][INFO] 2012-12-14 17:17:27,190: +PARAM [/camera/rgb/image_rect_color/compressed/jpeg_quality] by /camera_nodelet_manager
[rosmaster.master][INFO] 2012-12-14 17:17:27,192: +PARAM [/camera/rgb/image_rect_color/compressed/png_level] by /camera_nodelet_manager
[rosmaster.master][INFO] 2012-12-14 17:17:27,195: +PUB [/camera/rgb/image_rect_color] /camera_nodelet_manager http://pc:35361/
[rosmaster.master][INFO] 2012-12-14 17:17:27,198: +PUB [/camera/rgb/image_rect_color/theora] /camera_nodelet_manager http://pc:35361/
[rosmaster.master][INFO] 2012-12-14 17:17:27,201: +SERVICE [/camera/rgb/image_rect_color/theora/set_parameters] /camera_nodelet_manager http://pc:35361/
[rosmaster.master][INFO] 2012-12-14 17:17:27,203: +PUB [/camera/rgb/image_rect_color/theora/parameter_descriptions] /camera_nodelet_manager http://pc:35361/
[rosmaster.master][INFO] 2012-12-14 17:17:27,205: +PUB [/camera/rgb/image_rect_color/theora/parameter_updates] /camera_nodelet_manager http://pc:35361/
[rosmaster.master][INFO] 2012-12-14 17:17:27,217: +PARAM [/camera/rgb/image_rect_color/theora/optimize_for] by /camera_nodelet_manager
[rosmaster.master][INFO] 2012-12-14 17:17:27,219: +PARAM [/camera/rgb/image_rect_color/theora/target_bitrate] by /camera_nodelet_manager
[rosmaster.master][INFO] 2012-12-14 17:17:27,221: +PARAM [/camera/rgb/image_rect_color/theora/quality] by /camera_nodelet_manager
[rosmaster.master][INFO] 2012-12-14 17:17:27,223: +PARAM [/camera/rgb/image_rect_color/theora/keyframe_frequency] by /camera_nodelet_manager
[rosmaster.master][INFO] 2012-12-14 17:17:27,242: publisherUpdate[/camera/rgb/image_rect_color] -> http://pc:33689/
[rosmaster.master][INFO] 2012-12-14 17:17:27,295: +SUB [/camera/rgb/image_color] /camera_nodelet_manager http://pc:35361/
[rosmaster.master][INFO] 2012-12-14 17:17:27,296: +SUB [/camera/rgb/camera_info] /camera_nodelet_manager http://pc:35361/
[rosmaster.master][INFO] 2012-12-14 17:17:27,490: +PUB [/camera/depth/image_rect/compressed] /camera_nodelet_manager http://pc:35361/
[rosmaster.master][INFO] 2012-12-14 17:17:27,492: +SERVICE [/camera/depth/image_rect/compressed/set_parameters] /camera_nodelet_manager http://pc:35361/
[rosmaster.master][INFO] 2012-12-14 17:17:27,494: +PUB [/camera/depth/image_rect/compressed/parameter_descriptions] /camera_nodelet_manager http://pc:35361/
[rosmaster.master][INFO] 2012-12-14 17:17:27,498: +PUB [/camera/depth/image_rect/compressed/parameter_updates] /camera_nodelet_manager http://pc:35361/
[rosmaster.master][INFO] 2012-12-14 17:17:27,505: +PARAM [/camera/depth/image_rect/compressed/format] by /camera_nodelet_manager
[rosmaster.master][INFO] 2012-12-14 17:17:27,507: +PARAM [/camera/depth/image_rect/compressed/jpeg_quality] by /camera_nodelet_manager
[rosmaster.master][INFO] 2012-12-14 17:17:27,510: +PARAM [/camera/depth/image_rect/compressed/png_level] by /camera_nodelet_manager
[rosmaster.master][INFO] 2012-12-14 17:17:27,513: +PUB [/camera/depth/image_rect] /camera_nodelet_manager http://pc:35361/
[rosmaster.master][INFO] 2012-12-14 17:17:27,516: +PUB [/camera/depth/image_rect/theora] /camera_nodelet_manager http://pc:35361/
[rosmaster.master][INFO] 2012-12-14 17:17:27,519: +SERVICE [/camera/depth/image_rect/theora/set_parameters] /camera_nodelet_manager http://pc:35361/
[rosmaster.master][INFO] 2012-12-14 17:17:27,521: +PUB [/camera/depth/image_rect/theora/parameter_descriptions] /camera_nodelet_manager http://pc:35361/
[rosmaster.master][INFO] 2012-12-14 17:17:27,524: +PUB [/camera/depth/image_rect/theora/parameter_updates] /camera_nodelet_manager http://pc:35361/
[rosmaster.master][INFO] 2012-12-14 17:17:27,535: +PARAM [/camera/depth/image_rect/theora/optimize_for] by /camera_nodelet_manager
[rosmaster.master][INFO] 2012-12-14 17:17:27,537: +PARAM [/camera/depth/image_rect/theora/target_bitrate] by /camera_nodelet_manager
[rosmaster.master][INFO] 2012-12-14 17:17:27,539: +PARAM [/camera/depth/image_rect/theora/quality] by /camera_nodelet_manager
[rosmaster.master][INFO] 2012-12-14 17:17:27,542: +PARAM [/camera/depth/image_rect/theora/keyframe_frequency] by /camera_nodelet_manager
[rosmaster.master][INFO] 2012-12-14 17:17:27,804: +SERVICE [/camera/rgb/debayer/set_parameters] /camera_nodelet_manager http://pc:35361/
[rosmaster.master][INFO] 2012-12-14 17:17:27,806: +PUB [/camera/rgb/debayer/parameter_descriptions] /camera_nodelet_manager http://pc:35361/
[rosmaster.master][INFO] 2012-12-14 17:17:27,809: +PUB [/camera/rgb/debayer/parameter_updates] /camera_nodelet_manager http://pc:35361/
[rosmaster.master][INFO] 2012-12-14 17:17:27,812: +PARAM [/camera/rgb/debayer/debayer] by /camera_nodelet_manager
[rosmaster.master][INFO] 2012-12-14 17:17:27,814: +PUB [/camera/rgb/image_mono/compressed] /camera_nodelet_manager http://pc:35361/
[rosmaster.master][INFO] 2012-12-14 17:17:27,817: +SERVICE [/camera/rgb/image_mono/compressed/set_parameters] /camera_nodelet_manager http://pc:35361/
[rosmaster.master][INFO] 2012-12-14 17:17:27,819: +PUB [/camera/rgb/image_mono/compressed/parameter_descriptions] /camera_nodelet_manager http://pc:35361/
[rosmaster.master][INFO] 2012-12-14 17:17:27,822: +PUB [/camera/rgb/image_mono/compressed/parameter_updates] /camera_nodelet_manager http://pc:35361/
[rosmaster.master][INFO] 2012-12-14 17:17:27,829: +PARAM [/camera/rgb/image_mono/compressed/format] by /camera_nodelet_manager
[rosmaster.master][INFO] 2012-12-14 17:17:27,831: +PARAM [/camera/rgb/image_mono/compressed/jpeg_quality] by /camera_nodelet_manager
[rosmaster.master][INFO] 2012-12-14 17:17:27,833: +PARAM [/camera/rgb/image_mono/compressed/png_level] by /camera_nodelet_manager
[rosmaster.master][INFO] 2012-12-14 17:17:27,835: +PUB [/camera/rgb/image_mono] /camera_nodelet_manager http://pc:35361/
[rosmaster.master][INFO] 2012-12-14 17:17:27,838: +PUB [/camera/rgb/image_mono/theora] /camera_nodelet_manager http://pc:35361/
[rosmaster.master][INFO] 2012-12-14 17:17:27,840: +SERVICE [/camera/rgb/image_mono/theora/set_parameters] /camera_nodelet_manager http://pc:35361/
[rosmaster.master][INFO] 2012-12-14 17:17:27,842: +PUB [/camera/rgb/image_mono/theora/parameter_descriptions] /camera_nodelet_manager http://pc:35361/
[rosmaster.master][INFO] 2012-12-14 17:17:27,844: +PUB [/camera/rgb/image_mono/theora/parameter_updates] /camera_nodelet_manager http://pc:35361/
[rosmaster.master][INFO] 2012-12-14 17:17:27,853: +PARAM [/camera/rgb/image_mono/theora/optimize_for] by /camera_nodelet_manager
[rosmaster.master][INFO] 2012-12-14 17:17:27,857: +PARAM [/camera/rgb/image_mono/theora/target_bitrate] by /camera_nodelet_manager
[rosmaster.master][INFO] 2012-12-14 17:17:27,859: +PARAM [/camera/rgb/image_mono/theora/quality] by /camera_nodelet_manager
[rosmaster.master][INFO] 2012-12-14 17:17:27,862: +PARAM [/camera/rgb/image_mono/theora/keyframe_frequency] by /camera_nodelet_manager
[rosmaster.master][INFO] 2012-12-14 17:17:27,864: +PUB [/camera/rgb/image_color/compressed] /camera_nodelet_manager http://pc:35361/
[rosmaster.master][INFO] 2012-12-14 17:17:27,866: +SERVICE [/camera/rgb/image_color/compressed/set_parameters] /camera_nodelet_manager http://pc:35361/
[rosmaster.master][INFO] 2012-12-14 17:17:27,868: +PUB [/camera/rgb/image_color/compressed/parameter_descriptions] /camera_nodelet_manager http://pc:35361/
[rosmaster.master][INFO] 2012-12-14 17:17:27,870: +PUB [/camera/rgb/image_color/compressed/parameter_updates] /camera_nodelet_manager http://pc:35361/
[rosmaster.master][INFO] 2012-12-14 17:17:27,877: +PARAM [/camera/rgb/image_color/compressed/format] by /camera_nodelet_manager
[rosmaster.master][INFO] 2012-12-14 17:17:27,879: +PARAM [/camera/rgb/image_color/compressed/jpeg_quality] by /camera_nodelet_manager
[rosmaster.master][INFO] 2012-12-14 17:17:27,881: +PARAM [/camera/rgb/image_color/compressed/png_level] by /camera_nodelet_manager
[rosmaster.master][INFO] 2012-12-14 17:17:27,883: +PUB [/camera/rgb/image_color] /camera_nodelet_manager http://pc:35361/
[rosmaster.master][INFO] 2012-12-14 17:17:27,886: +PUB [/camera/rgb/image_color/theora] /camera_nodelet_manager http://pc:35361/
[rosmaster.master][INFO] 2012-12-14 17:17:27,888: +SERVICE [/camera/rgb/image_color/theora/set_parameters] /camera_nodelet_manager http://pc:35361/
[rosmaster.master][INFO] 2012-12-14 17:17:27,890: +PUB [/camera/rgb/image_color/theora/parameter_descriptions] /camera_nodelet_manager http://pc:35361/
[rosmaster.master][INFO] 2012-12-14 17:17:27,893: +PUB [/camera/rgb/image_color/theora/parameter_updates] /camera_nodelet_manager http://pc:35361/
[rosmaster.master][INFO] 2012-12-14 17:17:27,901: +PARAM [/camera/rgb/image_color/theora/optimize_for] by /camera_nodelet_manager
[rosmaster.master][INFO] 2012-12-14 17:17:27,904: +PARAM [/camera/rgb/image_color/theora/target_bitrate] by /camera_nodelet_manager
[rosmaster.master][INFO] 2012-12-14 17:17:27,906: +PARAM [/camera/rgb/image_color/theora/quality] by /camera_nodelet_manager
[rosmaster.master][INFO] 2012-12-14 17:17:27,908: +PARAM [/camera/rgb/image_color/theora/keyframe_frequency] by /camera_nodelet_manager
[rosmaster.master][INFO] 2012-12-14 17:17:27,913: +SUB [/camera/rgb/image_raw] /camera_nodelet_manager http://pc:35361/
[rosmaster.master][INFO] 2012-12-14 17:17:27,947: publisherUpdate[/camera/rgb/image_color] -> http://pc:35361/
[rosmaster.master][INFO] 2012-12-14 17:17:28,176: +SERVICE [/camera/ir/rectify_ir/set_parameters] /camera_nodelet_manager http://pc:35361/
[rosmaster.master][INFO] 2012-12-14 17:17:28,179: +PUB [/camera/ir/rectify_ir/parameter_descriptions] /camera_nodelet_manager http://pc:35361/
[rosmaster.master][INFO] 2012-12-14 17:17:28,181: +PUB [/camera/ir/rectify_ir/parameter_updates] /camera_nodelet_manager http://pc:35361/
[rosmaster.master][INFO] 2012-12-14 17:17:28,185: +PARAM [/camera/ir/rectify_ir/interpolation] by /camera_nodelet_manager
[rosmaster.master][INFO] 2012-12-14 17:17:28,187: +PUB [/camera/ir/image_rect/compressed] /camera_nodelet_manager http://pc:35361/
[rosmaster.master][INFO] 2012-12-14 17:17:28,189: +SERVICE [/camera/ir/image_rect/compressed/set_parameters] /camera_nodelet_manager http://pc:35361/
[rosmaster.master][INFO] 2012-12-14 17:17:28,192: +PUB [/camera/ir/image_rect/compressed/parameter_descriptions] /camera_nodelet_manager http://pc:35361/
[rosmaster.master][INFO] 2012-12-14 17:17:28,194: +PUB [/camera/ir/image_rect/compressed/parameter_updates] /camera_nodelet_manager http://pc:35361/
[rosmaster.master][INFO] 2012-12-14 17:17:28,202: +PARAM [/camera/ir/image_rect/compressed/format] by /camera_nodelet_manager
[rosmaster.master][INFO] 2012-12-14 17:17:28,204: +PARAM [/camera/ir/image_rect/compressed/jpeg_quality] by /camera_nodelet_manager
[rosmaster.master][INFO] 2012-12-14 17:17:28,206: +PARAM [/camera/ir/image_rect/compressed/png_level] by /camera_nodelet_manager
[rosmaster.master][INFO] 2012-12-14 17:17:28,209: +PUB [/camera/ir/image_rect] /camera_nodelet_manager http://pc:35361/
[rosmaster.master][INFO] 2012-12-14 17:17:28,211: +PUB [/camera/ir/image_rect/theora] /camera_nodelet_manager http://pc:35361/
[rosmaster.master][INFO] 2012-12-14 17:17:28,214: +SERVICE [/camera/ir/image_rect/theora/set_parameters] /camera_nodelet_manager http://pc:35361/
[rosmaster.master][INFO] 2012-12-14 17:17:28,216: +PUB [/camera/ir/image_rect/theora/parameter_descriptions] /camera_nodelet_manager http://pc:35361/
[rosmaster.master][INFO] 2012-12-14 17:17:28,218: +PUB [/camera/ir/image_rect/theora/parameter_updates] /camera_nodelet_manager http://pc:35361/
[rosmaster.master][INFO] 2012-12-14 17:17:28,227: +PARAM [/camera/ir/image_rect/theora/optimize_for] by /camera_nodelet_manager
[rosmaster.master][INFO] 2012-12-14 17:17:28,229: +PARAM [/camera/ir/image_rect/theora/target_bitrate] by /camera_nodelet_manager
[rosmaster.master][INFO] 2012-12-14 17:17:28,232: +PARAM [/camera/ir/image_rect/theora/quality] by /camera_nodelet_manager
[rosmaster.master][INFO] 2012-12-14 17:17:28,234: +PARAM [/camera/ir/image_rect/theora/keyframe_frequency] by /camera_nodelet_manager
[rosmaster.master][INFO] 2012-12-14 17:17:28,839: +SERVICE [/camera/register_depth_rgb/get_loggers] /camera/register_depth_rgb http://pc:33352/
[rosmaster.master][INFO] 2012-12-14 17:17:28,842: +SERVICE [/camera/register_depth_rgb/set_logger_level] /camera/register_depth_rgb http://pc:33352/
[rosmaster.master][INFO] 2012-12-14 17:17:28,848: +PUB [/rosout] /camera/depth_registered/metric_rect http://pc:37358/
[rosmaster.master][INFO] 2012-12-14 17:17:28,849: publisherUpdate[/rosout] -> http://pc:37579/
[rosmaster.master][INFO] 2012-12-14 17:17:28,853: +SERVICE [/camera/depth_registered/metric_rect/get_loggers] /camera/depth_registered/metric_rect http://pc:37358/
[rosmaster.master][INFO] 2012-12-14 17:17:28,861: +SERVICE [/camera/depth_registered/metric_rect/set_logger_level] /camera/depth_registered/metric_rect http://pc:37358/
[rosmaster.master][INFO] 2012-12-14 17:17:28,866: +PUB [/rosout] /camera/points_xyzrgb_depth_rgb http://pc:60846/
[rosmaster.master][INFO] 2012-12-14 17:17:28,874: +SERVICE [/camera/points_xyzrgb_depth_rgb/get_loggers] /camera/points_xyzrgb_depth_rgb http://pc:60846/
[rosmaster.master][INFO] 2012-12-14 17:17:28,879: +SERVICE [/camera/points_xyzrgb_depth_rgb/set_logger_level] /camera/points_xyzrgb_depth_rgb http://pc:60846/
[rosmaster.master][INFO] 2012-12-14 17:17:28,893: +PUB [/rosout] /camera/disparity_depth_registered http://pc:52012/
[rosmaster.master][INFO] 2012-12-14 17:17:28,906: +SERVICE [/camera/disparity_depth_registered/get_loggers] /camera/disparity_depth_registered http://pc:52012/
[rosmaster.master][INFO] 2012-12-14 17:17:28,908: +PARAM [/camera/depth_registered/rectify_depth] by /camera/depth_registered/rectify_depth
[rosmaster.master][INFO] 2012-12-14 17:17:28,910: +SERVICE [/camera/disparity_depth_registered/set_logger_level] /camera/disparity_depth_registered http://pc:52012/
[rosmaster.master][INFO] 2012-12-14 17:17:28,919: +PARAM [/camera/disparity_depth_registered] by /camera/disparity_depth_registered
[rosmaster.master][INFO] 2012-12-14 17:17:28,926: +SERVICE [/camera_base_link/set_logger_level] /camera_base_link http://pc:60584/
[rosmaster.master][INFO] 2012-12-14 17:17:28,928: +PUB [/tf] /camera_base_link http://pc:60584/
[rosmaster.master][INFO] 2012-12-14 17:17:28,950: publisherUpdate[/rosout] -> http://pc:37579/
[rosmaster.master][INFO] 2012-12-14 17:17:28,951: publisherUpdate[/rosout] -> http://pc:37579/
[rosmaster.master][INFO] 2012-12-14 17:17:29,149: +SUB [/tf] /camera_nodelet_manager http://pc:35361/
[rosmaster.master][INFO] 2012-12-14 17:17:29,155: +SERVICE [/camera_nodelet_manager/tf_frames] /camera_nodelet_manager http://pc:35361/
[rosmaster.master][INFO] 2012-12-14 17:17:29,424: +PUB [/camera/depth_registered/image_rect_raw/compressed] /camera_nodelet_manager http://pc:35361/
[rosmaster.master][INFO] 2012-12-14 17:17:29,427: +SERVICE [/camera/depth_registered/image_rect_raw/compressed/set_parameters] /camera_nodelet_manager http://pc:35361/
[rosmaster.master][INFO] 2012-12-14 17:17:29,429: +PUB [/camera/depth_registered/image_rect_raw/compressed/parameter_descriptions] /camera_nodelet_manager http://pc:35361/
[rosmaster.master][INFO] 2012-12-14 17:17:29,432: +PUB [/camera/depth_registered/image_rect_raw/compressed/parameter_updates] /camera_nodelet_manager http://pc:35361/
[rosmaster.master][INFO] 2012-12-14 17:17:29,441: +PARAM [/camera/depth_registered/image_rect_raw/compressed/format] by /camera_nodelet_manager
[rosmaster.master][INFO] 2012-12-14 17:17:29,443: +PARAM [/camera/depth_registered/image_rect_raw/compressed/jpeg_quality] by /camera_nodelet_manager
[rosmaster.master][INFO] 2012-12-14 17:17:29,445: +PARAM [/camera/depth_registered/image_rect_raw/compressed/png_level] by /camera_nodelet_manager
[rosmaster.master][INFO] 2012-12-14 17:17:29,448: +PUB [/camera/depth_registered/image_rect_raw] /camera_nodelet_manager http://pc:35361/
[rosmaster.master][INFO] 2012-12-14 17:17:29,451: +PUB [/camera/depth_registered/image_rect_raw/theora] /camera_nodelet_manager http://pc:35361/
[rosmaster.master][INFO] 2012-12-14 17:17:29,453: +SERVICE [/camera/depth_registered/image_rect_raw/theora/set_parameters] /camera_nodelet_manager http://pc:35361/
[rosmaster.master][INFO] 2012-12-14 17:17:29,456: +PUB [/camera/depth_registered/image_rect_raw/theora/parameter_descriptions] /camera_nodelet_manager http://pc:35361/
[rosmaster.master][INFO] 2012-12-14 17:17:29,458: +PUB [/camera/depth_registered/image_rect_raw/theora/parameter_updates] /camera_nodelet_manager http://pc:35361/
[rosmaster.master][INFO] 2012-12-14 17:17:29,467: +PARAM [/camera/depth_registered/image_rect_raw/theora/optimize_for] by /camera_nodelet_manager
[rosmaster.master][INFO] 2012-12-14 17:17:29,469: +PARAM [/camera/depth_registered/image_rect_raw/theora/target_bitrate] by /camera_nodelet_manager
[rosmaster.master][INFO] 2012-12-14 17:17:29,471: +PARAM [/camera/depth_registered/image_rect_raw/theora/quality] by /camera_nodelet_manager
[rosmaster.master][INFO] 2012-12-14 17:17:29,474: +PARAM [/camera/depth_registered/image_rect_raw/theora/keyframe_frequency] by /camera_nodelet_manager
[rosmaster.master][INFO] 2012-12-14 17:17:29,476: +PUB [/camera/depth_registered/camera_info] /camera_nodelet_manager http://pc:35361/
[rosmaster.master][INFO] 2012-12-14 17:17:29,743: +PUB [/camera/depth/image/compressed] /camera_nodelet_manager http://pc:35361/
[rosmaster.master][INFO] 2012-12-14 17:17:29,746: +SERVICE [/camera/depth/image/compressed/set_parameters] /camera_nodelet_manager http://pc:35361/
[rosmaster.master][INFO] 2012-12-14 17:17:29,748: +PUB [/camera/depth/image/compressed/parameter_descriptions] /camera_nodelet_manager http://pc:35361/
[rosmaster.master][INFO] 2012-12-14 17:17:29,750: +PUB [/camera/depth/image/compressed/parameter_updates] /camera_nodelet_manager http://pc:35361/
[rosmaster.master][INFO] 2012-12-14 17:17:29,758: +PARAM [/camera/depth/image/compressed/format] by /camera_nodelet_manager
[rosmaster.master][INFO] 2012-12-14 17:17:29,760: +PARAM [/camera/depth/image/compressed/jpeg_quality] by /camera_nodelet_manager
[rosmaster.master][INFO] 2012-12-14 17:17:29,762: +PARAM [/camera/depth/image/compressed/png_level] by /camera_nodelet_manager
[rosmaster.master][INFO] 2012-12-14 17:17:29,765: +PUB [/camera/depth/image] /camera_nodelet_manager http://pc:35361/
[rosmaster.master][INFO] 2012-12-14 17:17:29,767: +PUB [/camera/depth/image/theora] /camera_nodelet_manager http://pc:35361/
[rosmaster.master][INFO] 2012-12-14 17:17:29,770: +SERVICE [/camera/depth/image/theora/set_parameters] /camera_nodelet_manager http://pc:35361/
[rosmaster.master][INFO] 2012-12-14 17:17:29,772: +PUB [/camera/depth/image/theora/parameter_descriptions] /camera_nodelet_manager http://pc:35361/
[rosmaster.master][INFO] 2012-12-14 17:17:29,775: +PUB [/camera/depth/image/theora/parameter_updates] /camera_nodelet_manager http://pc:35361/
[rosmaster.master][INFO] 2012-12-14 17:17:29,785: +PARAM [/camera/depth/image/theora/optimize_for] by /camera_nodelet_manager
[rosmaster.master][INFO] 2012-12-14 17:17:29,787: +PARAM [/camera/depth/image/theora/target_bitrate] by /camera_nodelet_manager
[rosmaster.master][INFO] 2012-12-14 17:17:29,789: +PARAM [/camera/depth/image/theora/quality] by /camera_nodelet_manager
[rosmaster.master][INFO] 2012-12-14 17:17:29,792: +PARAM [/camera/depth/image/theora/keyframe_frequency] by /camera_nodelet_manager
[rosmaster.master][INFO] 2012-12-14 17:17:30,062: +PUB [/camera/depth_registered/image_rect/compressed] /camera_nodelet_manager http://pc:35361/
[rosmaster.master][INFO] 2012-12-14 17:17:30,064: +SERVICE [/camera/depth_registered/image_rect/compressed/set_parameters] /camera_nodelet_manager http://pc:35361/
[rosmaster.master][INFO] 2012-12-14 17:17:30,066: +PUB [/camera/depth_registered/image_rect/compressed/parameter_descriptions] /camera_nodelet_manager http://pc:35361/
[rosmaster.master][INFO] 2012-12-14 17:17:30,069: +PUB [/camera/depth_registered/image_rect/compressed/parameter_updates] /camera_nodelet_manager http://pc:35361/
[rosmaster.master][INFO] 2012-12-14 17:17:30,076: +PARAM [/camera/depth_registered/image_rect/compressed/format] by /camera_nodelet_manager
[rosmaster.master][INFO] 2012-12-14 17:17:30,078: +PARAM [/camera/depth_registered/image_rect/compressed/jpeg_quality] by /camera_nodelet_manager
[rosmaster.master][INFO] 2012-12-14 17:17:30,081: +PARAM [/camera/depth_registered/image_rect/compressed/png_level] by /camera_nodelet_manager
[rosmaster.master][INFO] 2012-12-14 17:17:30,083: +PUB [/camera/depth_registered/image_rect] /camera_nodelet_manager http://pc:35361/
[rosmaster.master][INFO] 2012-12-14 17:17:30,086: +PUB [/camera/depth_registered/image_rect/theora] /camera_nodelet_manager http://pc:35361/
[rosmaster.master][INFO] 2012-12-14 17:17:30,088: +SERVICE [/camera/depth_registered/image_rect/theora/set_parameters] /camera_nodelet_manager http://pc:35361/
[rosmaster.master][INFO] 2012-12-14 17:17:30,091: +PUB [/camera/depth_registered/image_rect/theora/parameter_descriptions] /camera_nodelet_manager http://pc:35361/
[rosmaster.master][INFO] 2012-12-14 17:17:30,094: +PUB [/camera/depth_registered/image_rect/theora/parameter_updates] /camera_nodelet_manager http://pc:35361/
[rosmaster.master][INFO] 2012-12-14 17:17:30,104: +PARAM [/camera/depth_registered/image_rect/theora/optimize_for] by /camera_nodelet_manager
[rosmaster.master][INFO] 2012-12-14 17:17:30,106: +PARAM [/camera/depth_registered/image_rect/theora/target_bitrate] by /camera_nodelet_manager
[rosmaster.master][INFO] 2012-12-14 17:17:30,108: +PARAM [/camera/depth_registered/image_rect/theora/quality] by /camera_nodelet_manager
[rosmaster.master][INFO] 2012-12-14 17:17:30,110: +PARAM [/camera/depth_registered/image_rect/theora/keyframe_frequency] by /camera_nodelet_manager
[rosmaster.master][INFO] 2012-12-14 17:17:30,155: publisherUpdate[/camera/depth_registered/image_rect] -> http://pc:33689/
[rosmaster.master][INFO] 2012-12-14 17:17:30,208: +SUB [/camera/depth_registered/image_rect_raw] /camera_nodelet_manager http://pc:35361/
[rosmaster.master][INFO] 2012-12-14 17:17:30,210: +SUB [/camera/depth/image_rect_raw] /camera_nodelet_manager http://pc:35361/
[rosmaster.master][INFO] 2012-12-14 17:17:30,212: +SUB [/camera/depth/camera_info] /camera_nodelet_manager http://pc:35361/
[rosmaster.master][INFO] 2012-12-14 17:17:30,213: +SUB [/camera/depth/image_raw] /camera_nodelet_manager http://pc:35361/
[rosmaster.master][INFO] 2012-12-14 17:17:30,780: +SERVICE [/camera/rgb/rectify_mono/set_parameters] /camera_nodelet_manager http://pc:35361/
[rosmaster.master][INFO] 2012-12-14 17:17:30,783: +PUB [/camera/rgb/rectify_mono/parameter_descriptions] /camera_nodelet_manager http://pc:35361/
[rosmaster.master][INFO] 2012-12-14 17:17:30,786: +PUB [/camera/rgb/rectify_mono/parameter_updates] /camera_nodelet_manager http://pc:35361/
[rosmaster.master][INFO] 2012-12-14 17:17:30,791: +PARAM [/camera/rgb/rectify_mono/interpolation] by /camera_nodelet_manager
[rosmaster.master][INFO] 2012-12-14 17:17:30,794: +PUB [/camera/rgb/image_rect/compressed] /camera_nodelet_manager http://pc:35361/
[rosmaster.master][INFO] 2012-12-14 17:17:30,795: +SERVICE [/camera/rgb/image_rect/compressed/set_parameters] /camera_nodelet_manager http://pc:35361/
[rosmaster.master][INFO] 2012-12-14 17:17:30,796: +PUB [/camera/rgb/image_rect/compressed/parameter_descriptions] /camera_nodelet_manager http://pc:35361/
[rosmaster.master][INFO] 2012-12-14 17:17:30,797: +PUB [/camera/rgb/image_rect/compressed/parameter_updates] /camera_nodelet_manager http://pc:35361/
[rosmaster.master][INFO] 2012-12-14 17:17:30,800: +PARAM [/camera/rgb/image_rect/compressed/format] by /camera_nodelet_manager
[rosmaster.master][INFO] 2012-12-14 17:17:30,801: +PARAM [/camera/rgb/image_rect/compressed/jpeg_quality] by /camera_nodelet_manager
[rosmaster.master][INFO] 2012-12-14 17:17:30,802: +PARAM [/camera/rgb/image_rect/compressed/png_level] by /camera_nodelet_manager
[rosmaster.master][INFO] 2012-12-14 17:17:30,803: +PUB [/camera/rgb/image_rect] /camera_nodelet_manager http://pc:35361/
[rosmaster.master][INFO] 2012-12-14 17:17:30,804: +PUB [/camera/rgb/image_rect/theora] /camera_nodelet_manager http://pc:35361/
[rosmaster.master][INFO] 2012-12-14 17:17:30,805: +SERVICE [/camera/rgb/image_rect/theora/set_parameters] /camera_nodelet_manager http://pc:35361/
[rosmaster.master][INFO] 2012-12-14 17:17:30,806: +PUB [/camera/rgb/image_rect/theora/parameter_descriptions] /camera_nodelet_manager http://pc:35361/
[rosmaster.master][INFO] 2012-12-14 17:17:30,807: +PUB [/camera/rgb/image_rect/theora/parameter_updates] /camera_nodelet_manager http://pc:35361/
[rosmaster.master][INFO] 2012-12-14 17:17:30,811: +PARAM [/camera/rgb/image_rect/theora/optimize_for] by /camera_nodelet_manager
[rosmaster.master][INFO] 2012-12-14 17:17:30,812: +PARAM [/camera/rgb/image_rect/theora/target_bitrate] by /camera_nodelet_manager
[rosmaster.master][INFO] 2012-12-14 17:17:30,813: +PARAM [/camera/rgb/image_rect/theora/quality] by /camera_nodelet_manager
[rosmaster.master][INFO] 2012-12-14 17:17:30,814: +PARAM [/camera/rgb/image_rect/theora/keyframe_frequency] by /camera_nodelet_manager
[rosmaster.master][INFO] 2012-12-14 17:17:32,053: +PUB [/camera/depth_registered/points] /camera_nodelet_manager http://pc:35361/
[rosmaster.master][INFO] 2012-12-14 17:17:32,552: +PUB [/camera/depth_registered/disparity] /camera_nodelet_manager http://pc:35361/
[rosmaster.master][INFO] 2012-12-14 17:17:33,190: +SERVICE [/camera/depth_registered/rectify_depth/set_parameters] /camera_nodelet_manager http://pc:35361/
[rosmaster.master][INFO] 2012-12-14 17:17:33,194: +PUB [/camera/depth_registered/rectify_depth/parameter_descriptions] /camera_nodelet_manager http://pc:35361/
[rosmaster.master][INFO] 2012-12-14 17:17:33,198: +PUB [/camera/depth_registered/rectify_depth/parameter_updates] /camera_nodelet_manager http://pc:35361/
[rosmaster.master][INFO] 2012-12-14 17:17:33,202: +PARAM [/camera/depth_registered/rectify_depth/interpolation] by /camera_nodelet_manager
[rosmaster.master][INFO] 2012-12-14 17:17:33,207: +PARAM [/camera/depth_registered/image_rect_raw/compressed/format] by /camera_nodelet_manager
[rosmaster.master][INFO] 2012-12-14 17:17:33,208: +PARAM [/camera/depth_registered/image_rect_raw/compressed/jpeg_quality] by /camera_nodelet_manager
[rosmaster.master][INFO] 2012-12-14 17:17:33,209: +PARAM [/camera/depth_registered/image_rect_raw/compressed/png_level] by /camera_nodelet_manager
[rosmaster.master][INFO] 2012-12-14 17:17:33,214: +PARAM [/camera/depth_registered/image_rect_raw/theora/optimize_for] by /camera_nodelet_manager
[rosmaster.master][INFO] 2012-12-14 17:17:33,216: +PARAM [/camera/depth_registered/image_rect_raw/theora/target_bitrate] by /camera_nodelet_manager
[rosmaster.master][INFO] 2012-12-14 17:17:33,217: +PARAM [/camera/depth_registered/image_rect_raw/theora/quality] by /camera_nodelet_manager
[rosmaster.master][INFO] 2012-12-14 17:17:33,218: +PARAM [/camera/depth_registered/image_rect_raw/theora/keyframe_frequency] by /camera_nodelet_manager
[rosmaster.master][INFO] 2012-12-14 17:17:33,221: +SUB [/camera/depth_registered/image_raw] /camera_nodelet_manager http://pc:35361/
[rosmaster.master][INFO] 2012-12-14 17:17:33,222: +SUB [/camera/depth_registered/camera_info] /camera_nodelet_manager http://pc:35361/
[rosmaster.master][INFO] 2012-12-14 17:17:33,676: +PUB [/camera/depth/points] /camera_nodelet_manager http://pc:35361/
[rosmaster.master][INFO] 2012-12-14 17:17:35,295: +SERVICE [/camera/driver/set_parameters] /camera_nodelet_manager http://pc:35361/
[rosmaster.master][INFO] 2012-12-14 17:17:35,297: +PUB [/camera/driver/parameter_descriptions] /camera_nodelet_manager http://pc:35361/
[rosmaster.master][INFO] 2012-12-14 17:17:35,301: +PUB [/camera/driver/parameter_updates] /camera_nodelet_manager http://pc:35361/
[rosmaster.master][INFO] 2012-12-14 17:17:35,321: +PARAM [/camera/driver/image_mode] by /camera_nodelet_manager
[rosmaster.master][INFO] 2012-12-14 17:17:35,324: +PARAM [/camera/driver/depth_mode] by /camera_nodelet_manager
[rosmaster.master][INFO] 2012-12-14 17:17:35,326: +PARAM [/camera/driver/depth_registration] by /camera_nodelet_manager
[rosmaster.master][INFO] 2012-12-14 17:17:35,329: +PARAM [/camera/driver/data_skip] by /camera_nodelet_manager
[rosmaster.master][INFO] 2012-12-14 17:17:35,332: +PARAM [/camera/driver/depth_time_offset] by /camera_nodelet_manager
[rosmaster.master][INFO] 2012-12-14 17:17:35,334: +PARAM [/camera/driver/image_time_offset] by /camera_nodelet_manager
[rosmaster.master][INFO] 2012-12-14 17:17:35,336: +PARAM [/camera/driver/depth_ir_offset_x] by /camera_nodelet_manager
[rosmaster.master][INFO] 2012-12-14 17:17:35,339: +PARAM [/camera/driver/depth_ir_offset_y] by /camera_nodelet_manager
[rosmaster.master][INFO] 2012-12-14 17:17:35,341: +PARAM [/camera/driver/z_offset_mm] by /camera_nodelet_manager
[rosmaster.master][INFO] 2012-12-14 17:17:35,362: +SERVICE [/camera/rgb/set_camera_info] /camera_nodelet_manager http://pc:35361/
[rosmaster.master][INFO] 2012-12-14 17:17:35,366: +SERVICE [/camera/ir/set_camera_info] /camera_nodelet_manager http://pc:35361/
[rosmaster.master][INFO] 2012-12-14 17:17:35,370: +PUB [/camera/rgb/image_raw/compressed] /camera_nodelet_manager http://pc:35361/
[rosmaster.master][INFO] 2012-12-14 17:17:35,373: +SERVICE [/camera/rgb/image_raw/compressed/set_parameters] /camera_nodelet_manager http://pc:35361/
[rosmaster.master][INFO] 2012-12-14 17:17:35,375: +PUB [/camera/rgb/image_raw/compressed/parameter_descriptions] /camera_nodelet_manager http://pc:35361/
[rosmaster.master][INFO] 2012-12-14 17:17:35,378: +PUB [/camera/rgb/image_raw/compressed/parameter_updates] /camera_nodelet_manager http://pc:35361/
[rosmaster.master][INFO] 2012-12-14 17:17:35,387: +PARAM [/camera/rgb/image_raw/compressed/format] by /camera_nodelet_manager
[rosmaster.master][INFO] 2012-12-14 17:17:35,389: +PARAM [/camera/rgb/image_raw/compressed/jpeg_quality] by /camera_nodelet_manager
[rosmaster.master][INFO] 2012-12-14 17:17:35,392: +PARAM [/camera/rgb/image_raw/compressed/png_level] by /camera_nodelet_manager
[rosmaster.master][INFO] 2012-12-14 17:17:35,395: +PUB [/camera/rgb/image_raw] /camera_nodelet_manager http://pc:35361/
[rosmaster.master][INFO] 2012-12-14 17:17:35,397: +PUB [/camera/rgb/image_raw/theora] /camera_nodelet_manager http://pc:35361/
[rosmaster.master][INFO] 2012-12-14 17:17:35,400: +SERVICE [/camera/rgb/image_raw/theora/set_parameters] /camera_nodelet_manager http://pc:35361/
[rosmaster.master][INFO] 2012-12-14 17:17:35,402: +PUB [/camera/rgb/image_raw/theora/parameter_descriptions] /camera_nodelet_manager http://pc:35361/
[rosmaster.master][INFO] 2012-12-14 17:17:35,405: +PUB [/camera/rgb/image_raw/theora/parameter_updates] /camera_nodelet_manager http://pc:35361/
[rosmaster.master][INFO] 2012-12-14 17:17:35,415: +PARAM [/camera/rgb/image_raw/theora/optimize_for] by /camera_nodelet_manager
[rosmaster.master][INFO] 2012-12-14 17:17:35,417: +PARAM [/camera/rgb/image_raw/theora/target_bitrate] by /camera_nodelet_manager
[rosmaster.master][INFO] 2012-12-14 17:17:35,420: +PARAM [/camera/rgb/image_raw/theora/quality] by /camera_nodelet_manager
[rosmaster.master][INFO] 2012-12-14 17:17:35,422: +PARAM [/camera/rgb/image_raw/theora/keyframe_frequency] by /camera_nodelet_manager
[rosmaster.master][INFO] 2012-12-14 17:17:35,427: +PUB [/camera/rgb/camera_info] /camera_nodelet_manager http://pc:35361/
[rosmaster.master][INFO] 2012-12-14 17:17:35,429: +SUB [/camera/driver/parameter_updates] /set_dr http://pc:51722/
[rosmaster.master][INFO] 2012-12-14 17:17:35,432: +PUB [/camera/ir/image_raw/compressed] /camera_nodelet_manager http://pc:35361/
[rosmaster.master][INFO] 2012-12-14 17:17:35,435: +SUB [/camera/driver/parameter_descriptions] /set_dr http://pc:51722/
[rosmaster.master][INFO] 2012-12-14 17:17:35,437: +SERVICE [/camera/ir/image_raw/compressed/set_parameters] /camera_nodelet_manager http://pc:35361/
[rosmaster.master][INFO] 2012-12-14 17:17:35,439: +PUB [/camera/ir/image_raw/compressed/parameter_descriptions] /camera_nodelet_manager http://pc:35361/
[rosmaster.master][INFO] 2012-12-14 17:17:35,442: +PUB [/camera/ir/image_raw/compressed/parameter_updates] /camera_nodelet_manager http://pc:35361/
[rosmaster.master][INFO] 2012-12-14 17:17:35,450: +PARAM [/camera/ir/image_raw/compressed/format] by /camera_nodelet_manager
[rosmaster.master][INFO] 2012-12-14 17:17:35,454: +PARAM [/camera/ir/image_raw/compressed/jpeg_quality] by /camera_nodelet_manager
[rosmaster.master][INFO] 2012-12-14 17:17:35,458: +PARAM [/camera/ir/image_raw/compressed/png_level] by /camera_nodelet_manager
[rosmaster.master][INFO] 2012-12-14 17:17:35,461: +PUB [/camera/ir/image_raw] /camera_nodelet_manager http://pc:35361/
[rosmaster.master][INFO] 2012-12-14 17:17:35,465: +PUB [/camera/ir/image_raw/theora] /camera_nodelet_manager http://pc:35361/
[rosmaster.master][INFO] 2012-12-14 17:17:35,466: publisherUpdate[/camera/rgb/image_raw] -> http://pc:35361/
[rosmaster.master][INFO] 2012-12-14 17:17:35,468: +SERVICE [/camera/ir/image_raw/theora/set_parameters] /camera_nodelet_manager http://pc:35361/
[rosmaster.master][INFO] 2012-12-14 17:17:35,470: publisherUpdate[/camera/rgb/camera_info] -> http://pc:35361/
[rosmaster.master][INFO] 2012-12-14 17:17:35,473: +PUB [/camera/ir/image_raw/theora/parameter_descriptions] /camera_nodelet_manager http://pc:35361/
[rosmaster.master][INFO] 2012-12-14 17:17:35,475: +PUB [/camera/ir/image_raw/theora/parameter_updates] /camera_nodelet_manager http://pc:35361/
[rosmaster.master][INFO] 2012-12-14 17:17:35,485: +PARAM [/camera/ir/image_raw/theora/optimize_for] by /camera_nodelet_manager
[rosmaster.master][INFO] 2012-12-14 17:17:35,488: +PARAM [/camera/ir/image_raw/theora/target_bitrate] by /camera_nodelet_manager
[rosmaster.master][INFO] 2012-12-14 17:17:35,490: +PARAM [/camera/ir/image_raw/theora/quality] by /camera_nodelet_manager
[rosmaster.master][INFO] 2012-12-14 17:17:35,492: +PARAM [/camera/ir/image_raw/theora/keyframe_frequency] by /camera_nodelet_manager
[rosmaster.master][INFO] 2012-12-14 17:17:35,494: +PUB [/camera/ir/camera_info] /camera_nodelet_manager http://pc:35361/
[rosmaster.master][INFO] 2012-12-14 17:17:35,497: +PUB [/camera/depth/image_raw/compressed] /camera_nodelet_manager http://pc:35361/
[rosmaster.master][INFO] 2012-12-14 17:17:35,499: +SERVICE [/camera/depth/image_raw/compressed/set_parameters] /camera_nodelet_manager http://pc:35361/
[rosmaster.master][INFO] 2012-12-14 17:17:35,501: +PUB [/camera/depth/image_raw/compressed/parameter_descriptions] /camera_nodelet_manager http://pc:35361/
[rosmaster.master][INFO] 2012-12-14 17:17:35,504: +PUB [/camera/depth/image_raw/compressed/parameter_updates] /camera_nodelet_manager http://pc:35361/
[rosmaster.master][INFO] 2012-12-14 17:17:35,511: +PARAM [/camera/depth/image_raw/compressed/format] by /camera_nodelet_manager
[rosmaster.master][INFO] 2012-12-14 17:17:35,513: +PARAM [/camera/depth/image_raw/compressed/jpeg_quality] by /camera_nodelet_manager
[rosmaster.master][INFO] 2012-12-14 17:17:35,516: +PARAM [/camera/depth/image_raw/compressed/png_level] by /camera_nodelet_manager
[rosmaster.master][INFO] 2012-12-14 17:17:35,518: +PUB [/camera/depth/image_raw] /camera_nodelet_manager http://pc:35361/
[rosmaster.master][INFO] 2012-12-14 17:17:35,521: +PUB [/camera/depth/image_raw/theora] /camera_nodelet_manager http://pc:35361/
[rosmaster.master][INFO] 2012-12-14 17:17:35,523: +SERVICE [/camera/depth/image_raw/theora/set_parameters] /camera_nodelet_manager http://pc:35361/
[rosmaster.master][INFO] 2012-12-14 17:17:35,526: +PUB [/camera/depth/image_raw/theora/parameter_descriptions] /camera_nodelet_manager http://pc:35361/
[rosmaster.master][INFO] 2012-12-14 17:17:35,528: +PUB [/camera/depth/image_raw/theora/parameter_updates] /camera_nodelet_manager http://pc:35361/
[rosmaster.master][INFO] 2012-12-14 17:17:35,538: +PARAM [/camera/depth/image_raw/theora/optimize_for] by /camera_nodelet_manager
[rosmaster.master][INFO] 2012-12-14 17:17:35,542: +PARAM [/camera/depth/image_raw/theora/target_bitrate] by /camera_nodelet_manager
[rosmaster.master][INFO] 2012-12-14 17:17:35,544: +PARAM [/camera/depth/image_raw/theora/quality] by /camera_nodelet_manager
[rosmaster.master][INFO] 2012-12-14 17:17:35,546: +PARAM [/camera/depth/image_raw/theora/keyframe_frequency] by /camera_nodelet_manager
[rosmaster.master][INFO] 2012-12-14 17:17:35,549: +PUB [/camera/depth/camera_info] /camera_nodelet_manager http://pc:35361/
[rosmaster.master][INFO] 2012-12-14 17:17:35,551: +PUB [/camera/projector/camera_info] /camera_nodelet_manager http://pc:35361/
[rosmaster.master][INFO] 2012-12-14 17:17:35,554: +PUB [/camera/depth_registered/image_raw/compressed] /camera_nodelet_manager http://pc:35361/
[rosmaster.master][INFO] 2012-12-14 17:17:35,557: +SERVICE [/camera/depth_registered/image_raw/compressed/set_parameters] /camera_nodelet_manager http://pc:35361/
[rosmaster.master][INFO] 2012-12-14 17:17:35,560: +PUB [/camera/depth_registered/image_raw/compressed/parameter_descriptions] /camera_nodelet_manager http://pc:35361/
[rosmaster.master][INFO] 2012-12-14 17:17:35,562: +PUB [/camera/depth_registered/image_raw/compressed/parameter_updates] /camera_nodelet_manager http://pc:35361/
[rosmaster.master][INFO] 2012-12-14 17:17:35,567: publisherUpdate[/camera/depth/image_raw] -> http://pc:35361/
[rosmaster.master][INFO] 2012-12-14 17:17:35,569: publisherUpdate[/camera/depth/camera_info] -> http://pc:35361/
[rosmaster.master][INFO] 2012-12-14 17:17:35,573: +PARAM [/camera/depth_registered/image_raw/compressed/format] by /camera_nodelet_manager
[rosmaster.master][INFO] 2012-12-14 17:17:35,575: +PARAM [/camera/depth_registered/image_raw/compressed/jpeg_quality] by /camera_nodelet_manager
[rosmaster.master][INFO] 2012-12-14 17:17:35,577: +PARAM [/camera/depth_registered/image_raw/compressed/png_level] by /camera_nodelet_manager
[rosmaster.master][INFO] 2012-12-14 17:17:35,580: +PUB [/camera/depth_registered/image_raw] /camera_nodelet_manager http://pc:35361/
[rosmaster.master][INFO] 2012-12-14 17:17:35,582: +PUB [/camera/depth_registered/image_raw/theora] /camera_nodelet_manager http://pc:35361/
[rosmaster.master][INFO] 2012-12-14 17:17:35,585: +SERVICE [/camera/depth_registered/image_raw/theora/set_parameters] /camera_nodelet_manager http://pc:35361/
[rosmaster.master][INFO] 2012-12-14 17:17:35,587: +PUB [/camera/depth_registered/image_raw/theora/parameter_descriptions] /camera_nodelet_manager http://pc:35361/
[rosmaster.master][INFO] 2012-12-14 17:17:35,590: +PUB [/camera/depth_registered/image_raw/theora/parameter_updates] /camera_nodelet_manager http://pc:35361/
[rosmaster.master][INFO] 2012-12-14 17:17:35,599: +PARAM [/camera/depth_registered/image_raw/theora/optimize_for] by /camera_nodelet_manager
[rosmaster.master][INFO] 2012-12-14 17:17:35,601: +PARAM [/camera/depth_registered/image_raw/theora/target_bitrate] by /camera_nodelet_manager
[rosmaster.master][INFO] 2012-12-14 17:17:35,603: +PARAM [/camera/depth_registered/image_raw/theora/quality] by /camera_nodelet_manager
[rosmaster.master][INFO] 2012-12-14 17:17:35,605: +PARAM [/camera/depth_registered/image_raw/theora/keyframe_frequency] by /camera_nodelet_manager
[rosmaster.master][INFO] 2012-12-14 17:17:35,668: publisherUpdate[/camera/depth_registered/image_raw] -> http://pc:35361/
[rosmaster.master][INFO] 2012-12-14 17:17:38,764: +PARAM [/camera/driver/image_mode] by /camera_nodelet_manager
[rosmaster.master][INFO] 2012-12-14 17:17:38,766: +PARAM [/camera/driver/depth_mode] by /camera_nodelet_manager
[rosmaster.master][INFO] 2012-12-14 17:17:38,768: +PARAM [/camera/driver/depth_registration] by /camera_nodelet_manager
[rosmaster.master][INFO] 2012-12-14 17:17:38,771: +PARAM [/camera/driver/data_skip] by /camera_nodelet_manager
[rosmaster.master][INFO] 2012-12-14 17:17:38,773: +PARAM [/camera/driver/depth_time_offset] by /camera_nodelet_manager
[rosmaster.master][INFO] 2012-12-14 17:17:38,776: +PARAM [/camera/driver/image_time_offset] by /camera_nodelet_manager
[rosmaster.master][INFO] 2012-12-14 17:17:38,778: +PARAM [/camera/driver/depth_ir_offset_x] by /camera_nodelet_manager
[rosmaster.master][INFO] 2012-12-14 17:17:38,780: +PARAM [/camera/driver/depth_ir_offset_y] by /camera_nodelet_manager
[rosmaster.master][INFO] 2012-12-14 17:17:38,782: +PARAM [/camera/driver/z_offset_mm] by /camera_nodelet_manager
[rosmaster.master][INFO] 2012-12-14 17:17:38,789: -SUB [/camera/driver/parameter_updates] /set_dr http://pc:51722/
[rosmaster.master][INFO] 2012-12-14 17:17:38,791: -SUB [/camera/driver/parameter_descriptions] /set_dr http://pc:51722/
[rosmaster.master][INFO] 2012-12-14 17:17:38,791: -PUB [/rosout] /set_dr http://pc:51722/
[rosmaster.master][INFO] 2012-12-14 17:17:38,877: publisherUpdate[/rosout] -> http://pc:37579/
[rosmaster.master][INFO] 2012-12-14 17:17:46,382: -SUB [/camera/depth_registered/image_rect] /depth_detection http://pc:33689/
[rosmaster.master][INFO] 2012-12-14 17:17:46,382: -SUB [/camera/rgb/image_rect_color] /depth_detection http://pc:33689/
[rosmaster.master][INFO] 2012-12-14 17:17:46,383: -PUB [/rosout] /depth_detection http://pc:33689/
[rosmaster.master][INFO] 2012-12-14 17:17:46,385: -SUB [/camera/depth_registered/image_rect_raw] /camera_nodelet_manager http://pc:35361/
[rosmaster.master][INFO] 2012-12-14 17:17:46,387: -SUB [/camera/depth_registered/image_raw] /camera_nodelet_manager http://pc:35361/
[rosmaster.master][INFO] 2012-12-14 17:17:46,389: publisherUpdate[/rosout] -> http://pc:37579/
[rosmaster.master][INFO] 2012-12-14 17:17:46,391: -SUB [/camera/depth_registered/camera_info] /camera_nodelet_manager http://pc:35361/
[rosmaster.master][INFO] 2012-12-14 17:17:46,397: -SUB [/camera/depth/image_rect_raw] /camera_nodelet_manager http://pc:35361/
[rosmaster.master][INFO] 2012-12-14 17:17:46,401: -PUB [/camera/depth_registered/disparity] /camera_nodelet_manager http://pc:35361/
[rosmaster.master][INFO] 2012-12-14 17:17:46,406: -SUB [/camera/depth/image_raw] /camera_nodelet_manager http://pc:35361/
[rosmaster.master][INFO] 2012-12-14 17:17:46,407: -PUB [/camera/depth_registered/points] /camera_nodelet_manager http://pc:35361/
[rosmaster.master][INFO] 2012-12-14 17:17:46,409: -SUB [/camera/depth/camera_info] /camera_nodelet_manager http://pc:35361/
[rosmaster.master][INFO] 2012-12-14 17:17:46,411: -PUB [/camera/depth/disparity] /camera_nodelet_manager http://pc:35361/
[rosmaster.master][INFO] 2012-12-14 17:17:46,471: -PUB [/rosout] /camera/depth_registered/metric http://pc:34848/
[rosmaster.master][INFO] 2012-12-14 17:17:46,473: -SERVICE [/camera/depth_registered/metric/get_loggers] /camera/depth_registered/metric rosrpc://pc:58672
[rosmaster.master][INFO] 2012-12-14 17:17:46,474: -SERVICE [/camera/depth_registered/metric/set_logger_level] /camera/depth_registered/metric rosrpc://pc:58672
[rosmaster.master][INFO] 2012-12-14 17:17:46,478: -PUB [/rosout] /camera/disparity_depth http://pc:41354/
[rosmaster.master][INFO] 2012-12-14 17:17:46,480: -SERVICE [/camera/disparity_depth/get_loggers] /camera/disparity_depth rosrpc://pc:38774
[rosmaster.master][INFO] 2012-12-14 17:17:46,482: -PUB [/rosout] /camera/points_xyzrgb_depth_rgb http://pc:60846/
[rosmaster.master][INFO] 2012-12-14 17:17:46,483: -SERVICE [/camera/points_xyzrgb_depth_rgb/get_loggers] /camera/points_xyzrgb_depth_rgb rosrpc://pc:52886
[rosmaster.master][INFO] 2012-12-14 17:17:46,486: -SERVICE [/camera/disparity_depth/set_logger_level] /camera/disparity_depth rosrpc://pc:38774
[rosmaster.master][INFO] 2012-12-14 17:17:46,487: -PUB [/rosout] /camera/disparity_depth_registered http://pc:52012/
[rosmaster.master][INFO] 2012-12-14 17:17:46,489: -SERVICE [/camera/points_xyzrgb_depth_rgb/set_logger_level] /camera/points_xyzrgb_depth_rgb rosrpc://pc:52886
[rosmaster.master][INFO] 2012-12-14 17:17:46,490: publisherUpdate[/rosout] -> http://pc:37579/
[rosmaster.master][INFO] 2012-12-14 17:17:46,491: -SERVICE [/camera/disparity_depth_registered/get_loggers] /camera/disparity_depth_registered rosrpc://pc:48166
[rosmaster.master][INFO] 2012-12-14 17:17:46,492: publisherUpdate[/rosout] -> http://pc:37579/
[rosmaster.master][INFO] 2012-12-14 17:17:46,493: -SERVICE [/camera/disparity_depth_registered/set_logger_level] /camera/disparity_depth_registered rosrpc://pc:48166
[rosmaster.master][INFO] 2012-12-14 17:17:46,493: publisherUpdate[/rosout] -> http://pc:37579/
[rosmaster.master][INFO] 2012-12-14 17:17:46,495: publisherUpdate[/rosout] -> http://pc:37579/
[rosmaster.master][INFO] 2012-12-14 17:17:46,577: -PUB [/rosout] /camera_base_link3 http://pc:44521/
[rosmaster.master][INFO] 2012-12-14 17:17:46,578: -PUB [/tf] /camera_base_link3 http://pc:44521/
[rosmaster.master][INFO] 2012-12-14 17:17:46,580: -PUB [/rosout] /camera_base_link1 http://pc:33488/
[rosmaster.master][INFO] 2012-12-14 17:17:46,582: -PUB [/rosout] /camera_base_link2 http://pc:59932/
[rosmaster.master][INFO] 2012-12-14 17:17:46,583: -PUB [/rosout] /camera/depth_registered/metric_rect http://pc:37358/
[rosmaster.master][INFO] 2012-12-14 17:17:46,586: -PUB [/rosout] /camera_base_link http://pc:60584/
[rosmaster.master][INFO] 2012-12-14 17:17:46,588: -SERVICE [/camera_base_link3/get_loggers] /camera_base_link3 rosrpc://pc:48330
[rosmaster.master][INFO] 2012-12-14 17:17:46,589: -PUB [/tf] /camera_base_link1 http://pc:33488/
[rosmaster.master][INFO] 2012-12-14 17:17:46,592: -PUB [/tf] /camera_base_link2 http://pc:59932/
[rosmaster.master][INFO] 2012-12-14 17:17:46,594: -SERVICE [/camera/depth_registered/metric_rect/get_loggers] /camera/depth_registered/metric_rect rosrpc://pc:55854
[rosmaster.master][INFO] 2012-12-14 17:17:46,594: publisherUpdate[/rosout] -> http://pc:37579/
[rosmaster.master][INFO] 2012-12-14 17:17:46,596: publisherUpdate[/tf] -> http://pc:35361/
[rosmaster.master][INFO] 2012-12-14 17:17:46,597: publisherUpdate[/rosout] -> http://pc:37579/
[rosmaster.master][INFO] 2012-12-14 17:17:46,597: publisherUpdate[/tf] -> http://pc:35361/
[rosmaster.master][INFO] 2012-12-14 17:17:46,599: publisherUpdate[/tf] -> http://pc:35361/
[rosmaster.master][INFO] 2012-12-14 17:17:46,599: publisherUpdate[/rosout] -> http://pc:37579/
[rosmaster.master][INFO] 2012-12-14 17:17:46,602: publisherUpdate[/rosout] -> http://pc:37579/
[rosmaster.master][INFO] 2012-12-14 17:17:46,604: publisherUpdate[/rosout] -> http://pc:37579/
[rosmaster.master][INFO] 2012-12-14 17:17:46,614: -SERVICE [/camera_base_link3/set_logger_level] /camera_base_link3 rosrpc://pc:48330
[rosmaster.master][INFO] 2012-12-14 17:17:46,615: -SERVICE [/camera_base_link1/get_loggers] /camera_base_link1 rosrpc://pc:34365
[rosmaster.master][INFO] 2012-12-14 17:17:46,616: -PUB [/tf] /camera_base_link http://pc:60584/
[rosmaster.master][INFO] 2012-12-14 17:17:46,617: -SERVICE [/camera_base_link2/get_loggers] /camera_base_link2 rosrpc://pc:60977
[rosmaster.master][INFO] 2012-12-14 17:17:46,620: -SERVICE [/camera/depth_registered/metric_rect/set_logger_level] /camera/depth_registered/metric_rect rosrpc://pc:55854
[rosmaster.master][INFO] 2012-12-14 17:17:46,621: -SERVICE [/camera_base_link1/set_logger_level] /camera_base_link1 rosrpc://pc:34365
[rosmaster.master][INFO] 2012-12-14 17:17:46,622: -SERVICE [/camera_base_link/get_loggers] /camera_base_link rosrpc://pc:39627
[rosmaster.master][INFO] 2012-12-14 17:17:46,623: -SERVICE [/camera_base_link2/set_logger_level] /camera_base_link2 rosrpc://pc:60977
[rosmaster.master][INFO] 2012-12-14 17:17:46,626: -SERVICE [/camera_base_link/set_logger_level] /camera_base_link rosrpc://pc:39627
[rosmaster.master][INFO] 2012-12-14 17:17:46,627: -SERVICE [/camera/depth_registered/image_rect_raw/compressed/set_parameters] /camera_nodelet_manager rosrpc://pc:43215
[rosmaster.master][INFO] 2012-12-14 17:17:46,628: -SERVICE [/camera/depth_registered/image_rect_raw/theora/set_parameters] /camera_nodelet_manager rosrpc://pc:43215
[rosmaster.master][INFO] 2012-12-14 17:17:46,630: -SUB [/tf] /camera_nodelet_manager http://pc:35361/
[rosmaster.master][INFO] 2012-12-14 17:17:46,631: -SERVICE [/camera_nodelet_manager/tf_frames] /camera_nodelet_manager rosrpc://pc:43215
[rosmaster.master][INFO] 2012-12-14 17:17:46,632: -PUB [/camera/depth_registered/rectify_depth/parameter_descriptions] /camera_nodelet_manager http://pc:35361/
[rosmaster.master][INFO] 2012-12-14 17:17:46,633: -PUB [/camera/depth_registered/rectify_depth/parameter_updates] /camera_nodelet_manager http://pc:35361/
[rosmaster.master][INFO] 2012-12-14 17:17:46,634: -SERVICE [/camera/depth_registered/rectify_depth/set_parameters] /camera_nodelet_manager rosrpc://pc:43215
[rosmaster.master][INFO] 2012-12-14 17:17:46,672: -PUB [/rosout] /camera/register_depth_rgb http://pc:33352/
[rosmaster.master][INFO] 2012-12-14 17:17:46,673: -SERVICE [/camera/register_depth_rgb/get_loggers] /camera/register_depth_rgb rosrpc://pc:56401
[rosmaster.master][INFO] 2012-12-14 17:17:46,675: -SERVICE [/camera/register_depth_rgb/set_logger_level] /camera/register_depth_rgb rosrpc://pc:56401
[rosmaster.master][INFO] 2012-12-14 17:17:46,695: -PUB [/camera/depth/rectify_depth/parameter_descriptions] /camera_nodelet_manager http://pc:35361/
[rosmaster.master][INFO] 2012-12-14 17:17:46,696: publisherUpdate[/tf] -> http://pc:35361/
[rosmaster.master][INFO] 2012-12-14 17:17:46,697: -PUB [/camera/depth/rectify_depth/parameter_updates] /camera_nodelet_manager http://pc:35361/
[rosmaster.master][INFO] 2012-12-14 17:17:46,698: publisherUpdate[/rosout] -> http://pc:37579/
[rosmaster.master][INFO] 2012-12-14 17:17:46,699: -SERVICE [/camera/depth/rectify_depth/set_parameters] /camera_nodelet_manager rosrpc://pc:43215
[rosmaster.master][INFO] 2012-12-14 17:17:46,773: -PUB [/rosout] /camera/depth/rectify_depth http://pc:49495/
[rosmaster.master][INFO] 2012-12-14 17:17:46,776: -PUB [/rosout] /camera/depth/metric_rect http://pc:55908/
[rosmaster.master][INFO] 2012-12-14 17:17:46,776: -PUB [/rosout] /camera/depth_registered/rectify_depth http://pc:58011/
[rosmaster.master][INFO] 2012-12-14 17:17:46,777: -SERVICE [/camera/depth/rectify_depth/get_loggers] /camera/depth/rectify_depth rosrpc://pc:57556
[rosmaster.master][INFO] 2012-12-14 17:17:46,780: -SERVICE [/camera/depth_registered/rectify_depth/get_loggers] /camera/depth_registered/rectify_depth rosrpc://pc:46414
[rosmaster.master][INFO] 2012-12-14 17:17:46,782: -SERVICE [/camera/depth/rectify_depth/set_logger_level] /camera/depth/rectify_depth rosrpc://pc:57556
[rosmaster.master][INFO] 2012-12-14 17:17:46,784: -SERVICE [/camera/depth/metric_rect/get_loggers] /camera/depth/metric_rect rosrpc://pc:38234
[rosmaster.master][INFO] 2012-12-14 17:17:46,785: -SERVICE [/camera/depth_registered/rectify_depth/set_logger_level] /camera/depth_registered/rectify_depth rosrpc://pc:46414
[rosmaster.master][INFO] 2012-12-14 17:17:46,786: -SUB [/camera/rgb/image_color] /camera_nodelet_manager http://pc:35361/
[rosmaster.master][INFO] 2012-12-14 17:17:46,787: -SERVICE [/camera/depth/metric_rect/set_logger_level] /camera/depth/metric_rect rosrpc://pc:38234
[rosmaster.master][INFO] 2012-12-14 17:17:46,788: -SUB [/camera/rgb/camera_info] /camera_nodelet_manager http://pc:35361/
[rosmaster.master][INFO] 2012-12-14 17:17:46,789: -SUB [/camera/rgb/image_raw] /camera_nodelet_manager http://pc:35361/
[rosmaster.master][INFO] 2012-12-14 17:17:46,794: -PUB [/camera/ir/rectify_ir/parameter_descriptions] /camera_nodelet_manager http://pc:35361/
[rosmaster.master][INFO] 2012-12-14 17:17:46,799: -PUB [/camera/ir/rectify_ir/parameter_updates] /camera_nodelet_manager http://pc:35361/
[rosmaster.master][INFO] 2012-12-14 17:17:46,803: publisherUpdate[/rosout] -> http://pc:37579/
[rosmaster.master][INFO] 2012-12-14 17:17:46,805: publisherUpdate[/rosout] -> http://pc:37579/
[rosmaster.master][INFO] 2012-12-14 17:17:46,807: publisherUpdate[/rosout] -> http://pc:37579/
[rosmaster.master][INFO] 2012-12-14 17:17:46,810: -SERVICE [/camera/ir/rectify_ir/set_parameters] /camera_nodelet_manager rosrpc://pc:43215
[rosmaster.master][INFO] 2012-12-14 17:17:46,811: -PUB [/camera/rgb/rectify_mono/parameter_descriptions] /camera_nodelet_manager http://pc:35361/
[rosmaster.master][INFO] 2012-12-14 17:17:46,812: -PUB [/camera/rgb/rectify_mono/parameter_updates] /camera_nodelet_manager http://pc:35361/
[rosmaster.master][INFO] 2012-12-14 17:17:46,813: -SERVICE [/camera/rgb/rectify_mono/set_parameters] /camera_nodelet_manager rosrpc://pc:43215
[rosmaster.master][INFO] 2012-12-14 17:17:46,814: -PUB [/camera/rgb/rectify_color/parameter_descriptions] /camera_nodelet_manager http://pc:35361/
[rosmaster.master][INFO] 2012-12-14 17:17:46,815: -PUB [/camera/rgb/rectify_color/parameter_updates] /camera_nodelet_manager http://pc:35361/
[rosmaster.master][INFO] 2012-12-14 17:17:46,816: -SERVICE [/camera/rgb/rectify_color/set_parameters] /camera_nodelet_manager rosrpc://pc:43215
[rosmaster.master][INFO] 2012-12-14 17:17:46,817: -PUB [/camera/rgb/debayer/parameter_descriptions] /camera_nodelet_manager http://pc:35361/
[rosmaster.master][INFO] 2012-12-14 17:17:46,818: -PUB [/camera/rgb/debayer/parameter_updates] /camera_nodelet_manager http://pc:35361/
[rosmaster.master][INFO] 2012-12-14 17:17:46,819: -SERVICE [/camera/rgb/debayer/set_parameters] /camera_nodelet_manager rosrpc://pc:43215
[rosmaster.master][INFO] 2012-12-14 17:17:46,833: -PUB [/camera/depth/points] /camera_nodelet_manager http://pc:35361/
[rosmaster.master][INFO] 2012-12-14 17:17:46,857: -PUB [/rosout] /camera/driver http://pc:35045/
[rosmaster.master][INFO] 2012-12-14 17:17:46,858: -SERVICE [/camera/driver/get_loggers] /camera/driver rosrpc://pc:41337
[rosmaster.master][INFO] 2012-12-14 17:17:46,859: -SERVICE [/camera/driver/set_logger_level] /camera/driver rosrpc://pc:41337
[rosmaster.master][INFO] 2012-12-14 17:17:46,872: -PUB [/rosout] /camera/depth/metric http://pc:49327/
[rosmaster.master][INFO] 2012-12-14 17:17:46,873: -SERVICE [/camera/depth/metric/get_loggers] /camera/depth/metric rosrpc://pc:53650
[rosmaster.master][INFO] 2012-12-14 17:17:46,874: -SERVICE [/camera/depth/metric/set_logger_level] /camera/depth/metric rosrpc://pc:53650
[rosmaster.master][INFO] 2012-12-14 17:17:46,904: publisherUpdate[/rosout] -> http://pc:37579/
[rosmaster.master][INFO] 2012-12-14 17:17:46,905: publisherUpdate[/rosout] -> http://pc:37579/
[rosmaster.master][INFO] 2012-12-14 17:17:46,958: -PUB [/rosout] /camera/rgb/debayer http://pc:37765/
[rosmaster.master][INFO] 2012-12-14 17:17:46,959: -PUB [/rosout] /camera/rgb/rectify_mono http://pc:34093/
[rosmaster.master][INFO] 2012-12-14 17:17:46,961: -SERVICE [/camera/rgb/rectify_mono/get_loggers] /camera/rgb/rectify_mono rosrpc://pc:37867
[rosmaster.master][INFO] 2012-12-14 17:17:46,961: -SERVICE [/camera/rgb/debayer/get_loggers] /camera/rgb/debayer rosrpc://pc:44895
[rosmaster.master][INFO] 2012-12-14 17:17:46,962: -SERVICE [/camera/rgb/rectify_mono/set_logger_level] /camera/rgb/rectify_mono rosrpc://pc:37867
[rosmaster.master][INFO] 2012-12-14 17:17:46,964: -SERVICE [/camera/rgb/debayer/set_logger_level] /camera/rgb/debayer rosrpc://pc:44895
[rosmaster.master][INFO] 2012-12-14 17:17:46,972: -PUB [/rosout] /camera/rgb/rectify_color http://pc:48209/
[rosmaster.master][INFO] 2012-12-14 17:17:46,973: -PUB [/rosout] /camera/ir/rectify_ir http://pc:49783/
[rosmaster.master][INFO] 2012-12-14 17:17:46,974: -PUB [/rosout] /camera/depth/points http://pc:57593/
[rosmaster.master][INFO] 2012-12-14 17:17:46,976: -SERVICE [/camera/depth/points/get_loggers] /camera/depth/points rosrpc://pc:49264
[rosmaster.master][INFO] 2012-12-14 17:17:46,978: -SERVICE [/camera/ir/rectify_ir/get_loggers] /camera/ir/rectify_ir rosrpc://pc:49197
[rosmaster.master][INFO] 2012-12-14 17:17:46,979: -SERVICE [/camera/rgb/rectify_color/get_loggers] /camera/rgb/rectify_color rosrpc://pc:54862
[rosmaster.master][INFO] 2012-12-14 17:17:46,980: -SERVICE [/camera/depth/points/set_logger_level] /camera/depth/points rosrpc://pc:49264
[rosmaster.master][INFO] 2012-12-14 17:17:46,981: -SERVICE [/camera/ir/set_camera_info] /camera_nodelet_manager rosrpc://pc:43215
[rosmaster.master][INFO] 2012-12-14 17:17:46,982: -SERVICE [/camera/ir/rectify_ir/set_logger_level] /camera/ir/rectify_ir rosrpc://pc:49197
[rosmaster.master][INFO] 2012-12-14 17:17:46,983: -SERVICE [/camera/rgb/rectify_color/set_logger_level] /camera/rgb/rectify_color rosrpc://pc:54862
[rosmaster.master][INFO] 2012-12-14 17:17:46,984: -SERVICE [/camera/rgb/set_camera_info] /camera_nodelet_manager rosrpc://pc:43215
[rosmaster.master][INFO] 2012-12-14 17:17:46,985: -SERVICE [/camera/driver/set_parameters] /camera_nodelet_manager rosrpc://pc:43215
[rosmaster.master][INFO] 2012-12-14 17:17:46,999: -PUB [/rosout] /camera_nodelet_manager http://pc:35361/
[rosmaster.master][INFO] 2012-12-14 17:17:47,001: -PUB [/camera/depth_registered/image/compressed] /camera_nodelet_manager http://pc:35361/
[rosmaster.master][INFO] 2012-12-14 17:17:47,003: -PUB [/camera/depth_registered/image/compressed/parameter_descriptions] /camera_nodelet_manager http://pc:35361/
[rosmaster.master][INFO] 2012-12-14 17:17:47,004: -PUB [/camera/depth_registered/image/compressed/parameter_updates] /camera_nodelet_manager http://pc:35361/
[rosmaster.master][INFO] 2012-12-14 17:17:47,005: -PUB [/camera/depth_registered/image] /camera_nodelet_manager http://pc:35361/
[rosmaster.master][INFO] 2012-12-14 17:17:47,006: publisherUpdate[/rosout] -> http://pc:37579/
[rosmaster.master][INFO] 2012-12-14 17:17:47,007: publisherUpdate[/rosout] -> http://pc:37579/
[rosmaster.master][INFO] 2012-12-14 17:17:47,008: -PUB [/camera/depth_registered/image/theora] /camera_nodelet_manager http://pc:35361/
[rosmaster.master][INFO] 2012-12-14 17:17:47,009: publisherUpdate[/rosout] -> http://pc:37579/
[rosmaster.master][INFO] 2012-12-14 17:17:47,010: publisherUpdate[/rosout] -> http://pc:37579/
[rosmaster.master][INFO] 2012-12-14 17:17:47,010: publisherUpdate[/rosout] -> http://pc:37579/
[rosmaster.master][INFO] 2012-12-14 17:17:47,011: publisherUpdate[/rosout] -> http://pc:37579/
[rosmaster.master][INFO] 2012-12-14 17:17:47,012: -PUB [/camera/depth_registered/image/theora/parameter_descriptions] /camera_nodelet_manager http://pc:35361/
[rosmaster.master][INFO] 2012-12-14 17:17:47,014: -PUB [/camera/depth_registered/image/theora/parameter_updates] /camera_nodelet_manager http://pc:35361/
[rosmaster.master][INFO] 2012-12-14 17:17:47,015: -PUB [/camera/depth/image_rect_raw/compressed] /camera_nodelet_manager http://pc:35361/
[rosmaster.master][INFO] 2012-12-14 17:17:47,016: -PUB [/camera/depth/image_rect_raw/compressed/parameter_descriptions] /camera_nodelet_manager http://pc:35361/
[rosmaster.master][INFO] 2012-12-14 17:17:47,018: -PUB [/camera/depth/image_rect_raw/compressed/parameter_updates] /camera_nodelet_manager http://pc:35361/
[rosmaster.master][INFO] 2012-12-14 17:17:47,019: -PUB [/camera/depth/image_rect_raw] /camera_nodelet_manager http://pc:35361/
[rosmaster.master][INFO] 2012-12-14 17:17:47,020: -PUB [/camera/depth/image_rect_raw/theora] /camera_nodelet_manager http://pc:35361/
[rosmaster.master][INFO] 2012-12-14 17:17:47,021: -PUB [/camera/depth/image_rect_raw/theora/parameter_descriptions] /camera_nodelet_manager http://pc:35361/
[rosmaster.master][INFO] 2012-12-14 17:17:47,022: -PUB [/camera/depth/image_rect_raw/theora/parameter_updates] /camera_nodelet_manager http://pc:35361/
[rosmaster.master][INFO] 2012-12-14 17:17:47,024: -PUB [/camera/rgb/image_rect_color/compressed] /camera_nodelet_manager http://pc:35361/
[rosmaster.master][INFO] 2012-12-14 17:17:47,025: -PUB [/camera/rgb/image_rect_color/compressed/parameter_descriptions] /camera_nodelet_manager http://pc:35361/
[rosmaster.master][INFO] 2012-12-14 17:17:47,026: -PUB [/camera/rgb/image_rect_color/compressed/parameter_updates] /camera_nodelet_manager http://pc:35361/
[rosmaster.master][INFO] 2012-12-14 17:17:47,027: -PUB [/camera/rgb/image_rect_color] /camera_nodelet_manager http://pc:35361/
[rosmaster.master][INFO] 2012-12-14 17:17:47,029: -PUB [/camera/rgb/image_rect_color/theora] /camera_nodelet_manager http://pc:35361/
[rosmaster.master][INFO] 2012-12-14 17:17:47,030: -PUB [/camera/rgb/image_rect_color/theora/parameter_descriptions] /camera_nodelet_manager http://pc:35361/
[rosmaster.master][INFO] 2012-12-14 17:17:47,032: -PUB [/camera/rgb/image_rect_color/theora/parameter_updates] /camera_nodelet_manager http://pc:35361/
[rosmaster.master][INFO] 2012-12-14 17:17:47,034: -PUB [/camera/depth/image_rect/compressed] /camera_nodelet_manager http://pc:35361/
[rosmaster.master][INFO] 2012-12-14 17:17:47,035: -PUB [/camera/depth/image_rect/compressed/parameter_descriptions] /camera_nodelet_manager http://pc:35361/
[rosmaster.master][INFO] 2012-12-14 17:17:47,036: -PUB [/camera/depth/image_rect/compressed/parameter_updates] /camera_nodelet_manager http://pc:35361/
[rosmaster.master][INFO] 2012-12-14 17:17:47,037: -PUB [/camera/depth/image_rect] /camera_nodelet_manager http://pc:35361/
[rosmaster.master][INFO] 2012-12-14 17:17:47,038: -PUB [/camera/depth/image_rect/theora] /camera_nodelet_manager http://pc:35361/
[rosmaster.master][INFO] 2012-12-14 17:17:47,040: -PUB [/camera/depth/image_rect/theora/parameter_descriptions] /camera_nodelet_manager http://pc:35361/
[rosmaster.master][INFO] 2012-12-14 17:17:47,041: -PUB [/camera/depth/image_rect/theora/parameter_updates] /camera_nodelet_manager http://pc:35361/
[rosmaster.master][INFO] 2012-12-14 17:17:47,043: -PUB [/camera/rgb/image_mono/compressed] /camera_nodelet_manager http://pc:35361/
[rosmaster.master][INFO] 2012-12-14 17:17:47,044: -PUB [/camera/rgb/image_mono/compressed/parameter_descriptions] /camera_nodelet_manager http://pc:35361/
[rosmaster.master][INFO] 2012-12-14 17:17:47,045: -PUB [/camera/rgb/image_mono/compressed/parameter_updates] /camera_nodelet_manager http://pc:35361/
[rosmaster.master][INFO] 2012-12-14 17:17:47,049: -PUB [/camera/rgb/image_mono] /camera_nodelet_manager http://pc:35361/
[rosmaster.master][INFO] 2012-12-14 17:17:47,050: -PUB [/camera/rgb/image_mono/theora] /camera_nodelet_manager http://pc:35361/
[rosmaster.master][INFO] 2012-12-14 17:17:47,052: -PUB [/camera/rgb/image_mono/theora/parameter_descriptions] /camera_nodelet_manager http://pc:35361/
[rosmaster.master][INFO] 2012-12-14 17:17:47,053: -PUB [/camera/rgb/image_mono/theora/parameter_updates] /camera_nodelet_manager http://pc:35361/
[rosmaster.master][INFO] 2012-12-14 17:17:47,054: -PUB [/camera/rgb/image_color/compressed] /camera_nodelet_manager http://pc:35361/
[rosmaster.master][INFO] 2012-12-14 17:17:47,055: -PUB [/camera/rgb/image_color/compressed/parameter_descriptions] /camera_nodelet_manager http://pc:35361/
[rosmaster.master][INFO] 2012-12-14 17:17:47,057: -PUB [/camera/rgb/image_color/compressed/parameter_updates] /camera_nodelet_manager http://pc:35361/
[rosmaster.master][INFO] 2012-12-14 17:17:47,058: -PUB [/camera/rgb/image_color] /camera_nodelet_manager http://pc:35361/
[rosmaster.master][INFO] 2012-12-14 17:17:47,059: -PUB [/camera/rgb/image_color/theora] /camera_nodelet_manager http://pc:35361/
[rosmaster.master][INFO] 2012-12-14 17:17:47,060: -PUB [/camera/rgb/image_color/theora/parameter_descriptions] /camera_nodelet_manager http://pc:35361/
[rosmaster.master][INFO] 2012-12-14 17:17:47,062: -PUB [/camera/rgb/image_color/theora/parameter_updates] /camera_nodelet_manager http://pc:35361/
[rosmaster.master][INFO] 2012-12-14 17:17:47,063: -PUB [/camera/ir/image_rect/compressed] /camera_nodelet_manager http://pc:35361/
[rosmaster.master][INFO] 2012-12-14 17:17:47,064: -PUB [/camera/ir/image_rect/compressed/parameter_descriptions] /camera_nodelet_manager http://pc:35361/
[rosmaster.master][INFO] 2012-12-14 17:17:47,065: -PUB [/camera/ir/image_rect/compressed/parameter_updates] /camera_nodelet_manager http://pc:35361/
[rosmaster.master][INFO] 2012-12-14 17:17:47,067: -PUB [/camera/ir/image_rect] /camera_nodelet_manager http://pc:35361/
[rosmaster.master][INFO] 2012-12-14 17:17:47,069: -PUB [/camera/ir/image_rect/theora] /camera_nodelet_manager http://pc:35361/
[rosmaster.master][INFO] 2012-12-14 17:17:47,071: -PUB [/camera/ir/image_rect/theora/parameter_descriptions] /camera_nodelet_manager http://pc:35361/
[rosmaster.master][INFO] 2012-12-14 17:17:47,072: -PUB [/camera/ir/image_rect/theora/parameter_updates] /camera_nodelet_manager http://pc:35361/
[rosmaster.master][INFO] 2012-12-14 17:17:47,073: -PUB [/camera/depth_registered/image_rect_raw/compressed] /camera_nodelet_manager http://pc:35361/
[rosmaster.master][INFO] 2012-12-14 17:17:47,074: -PUB [/camera/depth_registered/image_rect_raw/compressed/parameter_descriptions] /camera_nodelet_manager http://pc:35361/
[rosmaster.master][INFO] 2012-12-14 17:17:47,076: -PUB [/camera/depth_registered/image_rect_raw/compressed/parameter_updates] /camera_nodelet_manager http://pc:35361/
[rosmaster.master][INFO] 2012-12-14 17:17:47,077: -PUB [/camera/depth_registered/image_rect_raw] /camera_nodelet_manager http://pc:35361/
[rosmaster.master][INFO] 2012-12-14 17:17:47,078: -PUB [/camera/depth_registered/image_rect_raw/theora] /camera_nodelet_manager http://pc:35361/
[rosmaster.master][INFO] 2012-12-14 17:17:47,079: -PUB [/camera/depth_registered/image_rect_raw/theora/parameter_descriptions] /camera_nodelet_manager http://pc:35361/
[rosmaster.master][INFO] 2012-12-14 17:17:47,080: -PUB [/camera/depth_registered/image_rect_raw/theora/parameter_updates] /camera_nodelet_manager http://pc:35361/
[rosmaster.master][INFO] 2012-12-14 17:17:47,082: -PUB [/camera/depth_registered/camera_info] /camera_nodelet_manager http://pc:35361/
[rosmaster.master][INFO] 2012-12-14 17:17:47,083: -PUB [/camera/depth/image/compressed] /camera_nodelet_manager http://pc:35361/
[rosmaster.master][INFO] 2012-12-14 17:17:47,084: -PUB [/camera/depth/image/compressed/parameter_descriptions] /camera_nodelet_manager http://pc:35361/
[rosmaster.master][INFO] 2012-12-14 17:17:47,086: -PUB [/camera/depth/image/compressed/parameter_updates] /camera_nodelet_manager http://pc:35361/
[rosmaster.master][INFO] 2012-12-14 17:17:47,087: -PUB [/camera/depth/image] /camera_nodelet_manager http://pc:35361/
[rosmaster.master][INFO] 2012-12-14 17:17:47,088: -PUB [/camera/depth/image/theora] /camera_nodelet_manager http://pc:35361/
[rosmaster.master][INFO] 2012-12-14 17:17:47,089: -PUB [/camera/depth/image/theora/parameter_descriptions] /camera_nodelet_manager http://pc:35361/
[rosmaster.master][INFO] 2012-12-14 17:17:47,091: -PUB [/camera/depth/image/theora/parameter_updates] /camera_nodelet_manager http://pc:35361/
[rosmaster.master][INFO] 2012-12-14 17:17:47,092: -PUB [/camera/depth_registered/image_rect/compressed] /camera_nodelet_manager http://pc:35361/
[rosmaster.master][INFO] 2012-12-14 17:17:47,095: -PUB [/camera/depth_registered/image_rect/compressed/parameter_descriptions] /camera_nodelet_manager http://pc:35361/
[rosmaster.master][INFO] 2012-12-14 17:17:47,097: -PUB [/camera/depth_registered/image_rect/compressed/parameter_updates] /camera_nodelet_manager http://pc:35361/
[rosmaster.master][INFO] 2012-12-14 17:17:47,099: -PUB [/camera/depth_registered/image_rect] /camera_nodelet_manager http://pc:35361/
[rosmaster.master][INFO] 2012-12-14 17:17:47,100: -PUB [/camera/depth_registered/image_rect/theora] /camera_nodelet_manager http://pc:35361/
[rosmaster.master][INFO] 2012-12-14 17:17:47,101: -PUB [/camera/depth_registered/image_rect/theora/parameter_descriptions] /camera_nodelet_manager http://pc:35361/
[rosmaster.master][INFO] 2012-12-14 17:17:47,102: -PUB [/camera/depth_registered/image_rect/theora/parameter_updates] /camera_nodelet_manager http://pc:35361/
[rosmaster.master][INFO] 2012-12-14 17:17:47,103: -PUB [/camera/rgb/image_rect/compressed] /camera_nodelet_manager http://pc:35361/
[rosmaster.master][INFO] 2012-12-14 17:17:47,104: -PUB [/camera/rgb/image_rect/compressed/parameter_descriptions] /camera_nodelet_manager http://pc:35361/
[rosmaster.master][INFO] 2012-12-14 17:17:47,105: -PUB [/camera/rgb/image_rect/compressed/parameter_updates] /camera_nodelet_manager http://pc:35361/
[rosmaster.master][INFO] 2012-12-14 17:17:47,106: -PUB [/camera/rgb/image_rect] /camera_nodelet_manager http://pc:35361/
[rosmaster.master][INFO] 2012-12-14 17:17:47,106: -PUB [/camera/rgb/image_rect/theora] /camera_nodelet_manager http://pc:35361/
[rosmaster.master][INFO] 2012-12-14 17:17:47,107: -PUB [/camera/rgb/image_rect/theora/parameter_descriptions] /camera_nodelet_manager http://pc:35361/
[rosmaster.master][INFO] 2012-12-14 17:17:47,109: -PUB [/camera/rgb/image_rect/theora/parameter_updates] /camera_nodelet_manager http://pc:35361/
[rosmaster.master][INFO] 2012-12-14 17:17:47,111: -PUB [/camera/driver/parameter_descriptions] /camera_nodelet_manager http://pc:35361/
[rosmaster.master][INFO] 2012-12-14 17:17:47,113: -PUB [/camera/driver/parameter_updates] /camera_nodelet_manager http://pc:35361/
[rosmaster.master][INFO] 2012-12-14 17:17:47,114: -PUB [/camera/rgb/image_raw/compressed] /camera_nodelet_manager http://pc:35361/
[rosmaster.master][INFO] 2012-12-14 17:17:47,115: -PUB [/camera/rgb/image_raw/compressed/parameter_descriptions] /camera_nodelet_manager http://pc:35361/
[rosmaster.master][INFO] 2012-12-14 17:17:47,115: -PUB [/camera/rgb/image_raw/compressed/parameter_updates] /camera_nodelet_manager http://pc:35361/
[rosmaster.master][INFO] 2012-12-14 17:17:47,116: -PUB [/camera/rgb/image_raw] /camera_nodelet_manager http://pc:35361/
[rosmaster.master][INFO] 2012-12-14 17:17:47,117: -PUB [/camera/rgb/image_raw/theora] /camera_nodelet_manager http://pc:35361/
[rosmaster.master][INFO] 2012-12-14 17:17:47,118: -PUB [/camera/rgb/image_raw/theora/parameter_descriptions] /camera_nodelet_manager http://pc:35361/
[rosmaster.master][INFO] 2012-12-14 17:17:47,119: -PUB [/camera/rgb/image_raw/theora/parameter_updates] /camera_nodelet_manager http://pc:35361/
[rosmaster.master][INFO] 2012-12-14 17:17:47,120: -PUB [/camera/rgb/camera_info] /camera_nodelet_manager http://pc:35361/
[rosmaster.master][INFO] 2012-12-14 17:17:47,121: -PUB [/camera/ir/image_raw/compressed] /camera_nodelet_manager http://pc:35361/
[rosmaster.master][INFO] 2012-12-14 17:17:47,122: -PUB [/camera/ir/image_raw/compressed/parameter_descriptions] /camera_nodelet_manager http://pc:35361/
[rosmaster.master][INFO] 2012-12-14 17:17:47,123: -PUB [/camera/ir/image_raw/compressed/parameter_updates] /camera_nodelet_manager http://pc:35361/
[rosmaster.master][INFO] 2012-12-14 17:17:47,124: -PUB [/camera/ir/image_raw] /camera_nodelet_manager http://pc:35361/
[rosmaster.master][INFO] 2012-12-14 17:17:47,126: -PUB [/camera/ir/image_raw/theora] /camera_nodelet_manager http://pc:35361/
[rosmaster.master][INFO] 2012-12-14 17:17:47,127: -PUB [/camera/ir/image_raw/theora/parameter_descriptions] /camera_nodelet_manager http://pc:35361/
[rosmaster.master][INFO] 2012-12-14 17:17:47,128: -PUB [/camera/ir/image_raw/theora/parameter_updates] /camera_nodelet_manager http://pc:35361/
[rosmaster.master][INFO] 2012-12-14 17:17:47,129: -PUB [/camera/ir/camera_info] /camera_nodelet_manager http://pc:35361/
[rosmaster.master][INFO] 2012-12-14 17:17:47,130: -PUB [/camera/depth/image_raw/compressed] /camera_nodelet_manager http://pc:35361/
[rosmaster.master][INFO] 2012-12-14 17:17:47,131: -PUB [/camera/depth/image_raw/compressed/parameter_descriptions] /camera_nodelet_manager http://pc:35361/
[rosmaster.master][INFO] 2012-12-14 17:17:47,132: -PUB [/camera/depth/image_raw/compressed/parameter_updates] /camera_nodelet_manager http://pc:35361/
[rosmaster.master][INFO] 2012-12-14 17:17:47,132: -PUB [/camera/depth/image_raw] /camera_nodelet_manager http://pc:35361/
[rosmaster.master][INFO] 2012-12-14 17:17:47,133: -PUB [/camera/depth/image_raw/theora] /camera_nodelet_manager http://pc:35361/
[rosmaster.master][INFO] 2012-12-14 17:17:47,134: -PUB [/camera/depth/image_raw/theora/parameter_descriptions] /camera_nodelet_manager http://pc:35361/
[rosmaster.master][INFO] 2012-12-14 17:17:47,135: -PUB [/camera/depth/image_raw/theora/parameter_updates] /camera_nodelet_manager http://pc:35361/
[rosmaster.master][INFO] 2012-12-14 17:17:47,136: -PUB [/camera/depth/camera_info] /camera_nodelet_manager http://pc:35361/
[rosmaster.master][INFO] 2012-12-14 17:17:47,137: -PUB [/camera/projector/camera_info] /camera_nodelet_manager http://pc:35361/
[rosmaster.master][INFO] 2012-12-14 17:17:47,137: -PUB [/camera/depth_registered/image_raw/compressed] /camera_nodelet_manager http://pc:35361/
[rosmaster.master][INFO] 2012-12-14 17:17:47,138: -PUB [/camera/depth_registered/image_raw/compressed/parameter_descriptions] /camera_nodelet_manager http://pc:35361/
[rosmaster.master][INFO] 2012-12-14 17:17:47,139: -PUB [/camera/depth_registered/image_raw/compressed/parameter_updates] /camera_nodelet_manager http://pc:35361/
[rosmaster.master][INFO] 2012-12-14 17:17:47,140: -PUB [/camera/depth_registered/image_raw] /camera_nodelet_manager http://pc:35361/
[rosmaster.master][INFO] 2012-12-14 17:17:47,141: -PUB [/camera/depth_registered/image_raw/theora] /camera_nodelet_manager http://pc:35361/
[rosmaster.master][INFO] 2012-12-14 17:17:47,142: -PUB [/camera/depth_registered/image_raw/theora/parameter_descriptions] /camera_nodelet_manager http://pc:35361/
[rosmaster.master][INFO] 2012-12-14 17:17:47,143: -PUB [/camera/depth_registered/image_raw/theora/parameter_updates] /camera_nodelet_manager http://pc:35361/
[rosmaster.master][INFO] 2012-12-14 17:17:47,144: -SERVICE [/camera_nodelet_manager/get_loggers] /camera_nodelet_manager rosrpc://pc:43215
[rosmaster.master][INFO] 2012-12-14 17:17:47,145: -SERVICE [/camera_nodelet_manager/set_logger_level] /camera_nodelet_manager rosrpc://pc:43215
[rosmaster.master][INFO] 2012-12-14 17:17:47,146: -SERVICE [/camera_nodelet_manager/load_nodelet] /camera_nodelet_manager rosrpc://pc:43215
[rosmaster.master][INFO] 2012-12-14 17:17:47,147: -SERVICE [/camera_nodelet_manager/unload_nodelet] /camera_nodelet_manager rosrpc://pc:43215
[rosmaster.master][INFO] 2012-12-14 17:17:47,148: -SERVICE [/camera_nodelet_manager/list] /camera_nodelet_manager rosrpc://pc:43215
[rosmaster.master][INFO] 2012-12-14 17:17:47,149: -SERVICE [/camera/depth_registered/image/compressed/set_parameters] /camera_nodelet_manager rosrpc://pc:43215
[rosmaster.master][INFO] 2012-12-14 17:17:47,150: -SERVICE [/camera/depth_registered/image/theora/set_parameters] /camera_nodelet_manager rosrpc://pc:43215
[rosmaster.master][INFO] 2012-12-14 17:17:47,150: -SERVICE [/camera/depth/image_rect_raw/compressed/set_parameters] /camera_nodelet_manager rosrpc://pc:43215
[rosmaster.master][INFO] 2012-12-14 17:17:47,151: -SERVICE [/camera/depth/image_rect_raw/theora/set_parameters] /camera_nodelet_manager rosrpc://pc:43215
[rosmaster.master][INFO] 2012-12-14 17:17:47,152: -SERVICE [/camera/rgb/image_rect_color/compressed/set_parameters] /camera_nodelet_manager rosrpc://pc:43215
[rosmaster.master][INFO] 2012-12-14 17:17:47,153: -SERVICE [/camera/rgb/image_rect_color/theora/set_parameters] /camera_nodelet_manager rosrpc://pc:43215
[rosmaster.master][INFO] 2012-12-14 17:17:47,153: -SERVICE [/camera/depth/image_rect/compressed/set_parameters] /camera_nodelet_manager rosrpc://pc:43215
[rosmaster.master][INFO] 2012-12-14 17:17:47,154: -SERVICE [/camera/depth/image_rect/theora/set_parameters] /camera_nodelet_manager rosrpc://pc:43215
[rosmaster.master][INFO] 2012-12-14 17:17:47,155: -SERVICE [/camera/rgb/image_mono/compressed/set_parameters] /camera_nodelet_manager rosrpc://pc:43215
[rosmaster.master][INFO] 2012-12-14 17:17:47,156: -SERVICE [/camera/rgb/image_mono/theora/set_parameters] /camera_nodelet_manager rosrpc://pc:43215
[rosmaster.master][INFO] 2012-12-14 17:17:47,157: -SERVICE [/camera/rgb/image_color/compressed/set_parameters] /camera_nodelet_manager rosrpc://pc:43215
[rosmaster.master][INFO] 2012-12-14 17:17:47,157: -SERVICE [/camera/rgb/image_color/theora/set_parameters] /camera_nodelet_manager rosrpc://pc:43215
[rosmaster.master][INFO] 2012-12-14 17:17:47,159: -SERVICE [/camera/ir/image_rect/compressed/set_parameters] /camera_nodelet_manager rosrpc://pc:43215
[rosmaster.master][INFO] 2012-12-14 17:17:47,160: -SERVICE [/camera/ir/image_rect/theora/set_parameters] /camera_nodelet_manager rosrpc://pc:43215
[rosmaster.master][INFO] 2012-12-14 17:17:47,161: -SERVICE [/camera/depth/image/compressed/set_parameters] /camera_nodelet_manager rosrpc://pc:43215
[rosmaster.master][INFO] 2012-12-14 17:17:47,162: -SERVICE [/camera/depth/image/theora/set_parameters] /camera_nodelet_manager rosrpc://pc:43215
[rosmaster.master][INFO] 2012-12-14 17:17:47,163: -SERVICE [/camera/depth_registered/image_rect/compressed/set_parameters] /camera_nodelet_manager rosrpc://pc:43215
[rosmaster.master][INFO] 2012-12-14 17:17:47,164: -SERVICE [/camera/depth_registered/image_rect/theora/set_parameters] /camera_nodelet_manager rosrpc://pc:43215
[rosmaster.master][INFO] 2012-12-14 17:17:47,164: -SERVICE [/camera/rgb/image_rect/compressed/set_parameters] /camera_nodelet_manager rosrpc://pc:43215
[rosmaster.master][INFO] 2012-12-14 17:17:47,165: -SERVICE [/camera/rgb/image_rect/theora/set_parameters] /camera_nodelet_manager rosrpc://pc:43215
[rosmaster.master][INFO] 2012-12-14 17:17:47,166: -SERVICE [/camera/rgb/image_raw/compressed/set_parameters] /camera_nodelet_manager rosrpc://pc:43215
[rosmaster.master][INFO] 2012-12-14 17:17:47,167: -SERVICE [/camera/rgb/image_raw/theora/set_parameters] /camera_nodelet_manager rosrpc://pc:43215
[rosmaster.master][INFO] 2012-12-14 17:17:47,168: -SERVICE [/camera/ir/image_raw/compressed/set_parameters] /camera_nodelet_manager rosrpc://pc:43215
[rosmaster.master][INFO] 2012-12-14 17:17:47,169: -SERVICE [/camera/ir/image_raw/theora/set_parameters] /camera_nodelet_manager rosrpc://pc:43215
[rosmaster.master][INFO] 2012-12-14 17:17:47,170: -SERVICE [/camera/depth/image_raw/compressed/set_parameters] /camera_nodelet_manager rosrpc://pc:43215
[rosmaster.master][INFO] 2012-12-14 17:17:47,171: -SERVICE [/camera/depth/image_raw/theora/set_parameters] /camera_nodelet_manager rosrpc://pc:43215
[rosmaster.master][INFO] 2012-12-14 17:17:47,172: -SERVICE [/camera/depth_registered/image_raw/compressed/set_parameters] /camera_nodelet_manager rosrpc://pc:43215
[rosmaster.master][INFO] 2012-12-14 17:17:47,173: -SERVICE [/camera/depth_registered/image_raw/theora/set_parameters] /camera_nodelet_manager rosrpc://pc:43215
[rosmaster.master][INFO] 2012-12-14 17:17:47,413: -PUB [/rosout_agg] /rosout http://pc:37579/
[rosmaster.master][INFO] 2012-12-14 17:17:47,414: -SUB [/rosout] /rosout http://pc:37579/
[rosmaster.master][INFO] 2012-12-14 17:17:47,416: -SERVICE [/rosout/get_loggers] /rosout rosrpc://pc:43302
[rosmaster.master][INFO] 2012-12-14 17:17:47,417: -SERVICE [/rosout/set_logger_level] /rosout rosrpc://pc:43302
[rosmaster.main][INFO] 2012-12-14 17:17:47,496: keyboard interrupt, will exit
[rosmaster.main][INFO] 2012-12-14 17:17:47,496: stopping master...
